Start running find_critical_temp.py with options:{'filename': 'data/AKLT3D_X10_scan_grid_critical_a3/a1_1.8475209_a2_2.1908902/Tc.json', 'log_filename': 'data/AKLT3D_X10_scan_grid_critical_a3/a1_1.8475209_a2_2.1908902/Tc.log', 'nLayers': 60, 'max_dim': 10, 'model': 'AKLT3D', 'params_min': "{'a1': 1.8475208614068024, 'a2': 2.1908902300206647, 'a3': 5.366563145999496}", 'params_max': "{'a1': 1.8475208614068024, 'a2': 2.1908902300206647, 'a3': 6.260990336999412}", 'params_ref': None, 'observable_name': 'magnetizationZ', 'tol': 0.0, 'gilt_enabled': False, 'gilt_eps': 8e-07, 'gilt_nIter': 1, 'mcf_enabled': True, 'mcf_eps': 1e-16, 'mcf_max_iter': 200, 'hotrg_sanity_check': False, 'version': 1, 'device': 'cuda:1'}
loading library...
evaluating model at params_min={'a1': 1.8475208614068024, 'a2': 2.1908902300206647, 'a3': 5.366563145999496}
params_min= {'a1': 1.8475208614068024, 'a2': 2.1908902300206647, 'a3': 5.366563145999496} logZ_min= nan obs_min= 4.399007066697474e-34
evaluating model at params_max={'a1': 1.8475208614068024, 'a2': 2.1908902300206647, 'a3': 6.260990336999412}
params_max= {'a1': 1.8475208614068024, 'a2': 2.1908902300206647, 'a3': 6.260990336999412} logZ_max= 3.736196883402144 obs_max= 6.846354534279066
searching for critical temperature using bisection method
evaluating model at params_new={'a1': 1.8475208614068024, 'a2': 2.1908902300206647, 'a3': 5.813776741499455}
params_min= {'a1': 1.8475208614068024, 'a2': 2.1908902300206647, 'a3': 5.366563145999496} logZ_min= nan obs_min= 4.399007066697474e-34
params_new= {'a1': 1.8475208614068024, 'a2': 2.1908902300206647, 'a3': 5.813776741499455} logZ_new= 3.7016616524354595 obs_new= 3.3327435183570385e-30
params_max= {'a1': 1.8475208614068024, 'a2': 2.1908902300206647, 'a3': 6.260990336999412} logZ_max= 3.736196883402144 obs_max= 6.846354534279066
dist_min= tensor(301.7460) dist_max= tensor(300.7336)
params_min,params_max=params_min,params_new
evaluating model at params_new={'a1': 1.8475208614068024, 'a2': 2.1908902300206647, 'a3': 5.590169943749475}
params_min= {'a1': 1.8475208614068024, 'a2': 2.1908902300206647, 'a3': 5.366563145999496} logZ_min= nan obs_min= 4.399007066697474e-34
params_new= {'a1': 1.8475208614068024, 'a2': 2.1908902300206647, 'a3': 5.590169943749475} logZ_new= 3.696971929446411 obs_new= 2.6766112128092473e-32
params_max= {'a1': 1.8475208614068024, 'a2': 2.1908902300206647, 'a3': 5.813776741499455} logZ_max= 3.7016616524354595 obs_max= 3.3327435183570385e-30
dist_min= tensor(31.8108) dist_max= tensor(303.1391)
params_min,params_max=params_new,params_max
evaluating model at params_new={'a1': 1.8475208614068024, 'a2': 2.1908902300206647, 'a3': 5.7019733426244645}
params_min= {'a1': 1.8475208614068024, 'a2': 2.1908902300206647, 'a3': 5.590169943749475} logZ_min= 3.696971929446411 obs_min= 2.6766112128092473e-32
params_new= {'a1': 1.8475208614068024, 'a2': 2.1908902300206647, 'a3': 5.7019733426244645} logZ_new= 3.6991209175103634 obs_new= 3.201490105396012e-30
params_max= {'a1': 1.8475208614068024, 'a2': 2.1908902300206647, 'a3': 5.813776741499455} logZ_max= 3.7016616524354595 obs_max= 3.3327435183570385e-30
dist_min= tensor(29.8174) dist_max= tensor(300.9737)
params_min,params_max=params_new,params_max
evaluating model at params_new={'a1': 1.8475208614068024, 'a2': 2.1908902300206647, 'a3': 5.7578750420619595}
params_min= {'a1': 1.8475208614068024, 'a2': 2.1908902300206647, 'a3': 5.7019733426244645} logZ_min= 3.6991209175103634 obs_min= 3.201490105396012e-30
params_new= {'a1': 1.8475208614068024, 'a2': 2.1908902300206647, 'a3': 5.7578750420619595} logZ_new= 3.700513937989167 obs_new= 3.4048344538864565e-30
params_max= {'a1': 1.8475208614068024, 'a2': 2.1908902300206647, 'a3': 5.813776741499455} logZ_max= 3.7016616524354595 obs_max= 3.3327435183570385e-30
dist_min= tensor(1.6251) dist_max= tensor(300.9611)
params_min,params_max=params_new,params_max
evaluating model at params_new={'a1': 1.8475208614068024, 'a2': 2.1908902300206647, 'a3': 5.785825891780707}
params_min= {'a1': 1.8475208614068024, 'a2': 2.1908902300206647, 'a3': 5.7578750420619595} logZ_min= 3.700513937989167 obs_min= 3.4048344538864565e-30
params_new= {'a1': 1.8475208614068024, 'a2': 2.1908902300206647, 'a3': 5.785825891780707} logZ_new= 3.701124546507965 obs_new= 2.8909450380251236e-34
params_max= {'a1': 1.8475208614068024, 'a2': 2.1908902300206647, 'a3': 5.813776741499455} logZ_max= 3.7016616524354595 obs_max= 3.3327435183570385e-30
dist_min= tensor(1.6707) dist_max= tensor(301.6025)
params_min,params_max=params_new,params_max
evaluating model at params_new={'a1': 1.8475208614068024, 'a2': 2.1908902300206647, 'a3': 5.799801316640081}
params_min= {'a1': 1.8475208614068024, 'a2': 2.1908902300206647, 'a3': 5.785825891780707} logZ_min= 3.701124546507965 obs_min= 2.8909450380251236e-34
params_new= {'a1': 1.8475208614068024, 'a2': 2.1908902300206647, 'a3': 5.799801316640081} logZ_new= nan obs_new= 1.6717103701851975e-29
params_max= {'a1': 1.8475208614068024, 'a2': 2.1908902300206647, 'a3': 5.813776741499455} logZ_max= 3.7016616524354595 obs_max= 3.3327435183570385e-30
dist_min= tensor(20.3032) dist_max= tensor(300.6157)
params_min,params_max=params_new,params_max
evaluating model at params_new={'a1': 1.8475208614068024, 'a2': 2.1908902300206647, 'a3': 5.806789029069767}
params_min= {'a1': 1.8475208614068024, 'a2': 2.1908902300206647, 'a3': 5.799801316640081} logZ_min= nan obs_min= 1.6717103701851975e-29
params_new= {'a1': 1.8475208614068024, 'a2': 2.1908902300206647, 'a3': 5.806789029069767} logZ_new= 3.701579668803877 obs_new= 1.3678479083680083e-34
params_max= {'a1': 1.8475208614068024, 'a2': 2.1908902300206647, 'a3': 5.813776741499455} logZ_max= 3.7016616524354595 obs_max= 3.3327435183570385e-30
dist_min= tensor(20.3104) dist_max= tensor(301.6022)
params_min,params_max=params_new,params_max
evaluating model at params_new={'a1': 1.8475208614068024, 'a2': 2.1908902300206647, 'a3': 5.810282885284611}
params_min= {'a1': 1.8475208614068024, 'a2': 2.1908902300206647, 'a3': 5.806789029069767} logZ_min= 3.701579668803877 obs_min= 1.3678479083680083e-34
params_new= {'a1': 1.8475208614068024, 'a2': 2.1908902300206647, 'a3': 5.810282885284611} logZ_new= 3.7016543056946785 obs_new= 1.3583300055333485e-31
params_max= {'a1': 1.8475208614068024, 'a2': 2.1908902300206647, 'a3': 5.813776741499455} logZ_max= 3.7016616524354595 obs_max= 3.3327435183570385e-30
dist_min= tensor(1.6650) dist_max= tensor(300.9588)
params_min,params_max=params_new,params_max
evaluating model at params_new={'a1': 1.8475208614068024, 'a2': 2.1908902300206647, 'a3': 5.812029813392033}
params_min= {'a1': 1.8475208614068024, 'a2': 2.1908902300206647, 'a3': 5.810282885284611} logZ_min= 3.7016543056946785 obs_min= 1.3583300055333485e-31
params_new= {'a1': 1.8475208614068024, 'a2': 2.1908902300206647, 'a3': 5.812029813392033} logZ_new= 3.7016919120826257 obs_new= 9.210578914149164e-31
params_max= {'a1': 1.8475208614068024, 'a2': 2.1908902300206647, 'a3': 5.813776741499455} logZ_max= 3.7016616524354595 obs_max= 3.3327435183570385e-30
dist_min= tensor(1.7355) dist_max= tensor(301.5555)
params_min,params_max=params_new,params_max
evaluating model at params_new={'a1': 1.8475208614068024, 'a2': 2.1908902300206647, 'a3': 5.812903277445743}
params_min= {'a1': 1.8475208614068024, 'a2': 2.1908902300206647, 'a3': 5.812029813392033} logZ_min= 3.7016919120826257 obs_min= 9.210578914149164e-31
params_new= {'a1': 1.8475208614068024, 'a2': 2.1908902300206647, 'a3': 5.812903277445743} logZ_new= 3.7016570338012276 obs_new= 3.934330506890441e-29
params_max= {'a1': 1.8475208614068024, 'a2': 2.1908902300206647, 'a3': 5.813776741499455} logZ_max= 3.7016616524354595 obs_max= 3.3327435183570385e-30
dist_min= tensor(1.2784) dist_max= tensor(301.5252)
params_min,params_max=params_new,params_max
evaluating model at params_new={'a1': 1.8475208614068024, 'a2': 2.1908902300206647, 'a3': 5.813340009472599}
params_min= {'a1': 1.8475208614068024, 'a2': 2.1908902300206647, 'a3': 5.812903277445743} logZ_min= 3.7016570338012276 obs_min= 3.934330506890441e-29
params_new= {'a1': 1.8475208614068024, 'a2': 2.1908902300206647, 'a3': 5.813340009472599} logZ_new= 3.7017208181756587 obs_new= 4.505274872894742e-34
params_max= {'a1': 1.8475208614068024, 'a2': 2.1908902300206647, 'a3': 5.813776741499455} logZ_max= 3.7016616524354595 obs_max= 3.3327435183570385e-30
dist_min= tensor(62.7782) dist_max= tensor(307.8126)
params_min,params_max=params_new,params_max
evaluating model at params_new={'a1': 1.8475208614068024, 'a2': 2.1908902300206647, 'a3': 5.813558375486027}
params_min= {'a1': 1.8475208614068024, 'a2': 2.1908902300206647, 'a3': 5.813340009472599} logZ_min= 3.7017208181756587 obs_min= 4.505274872894742e-34
params_new= {'a1': 1.8475208614068024, 'a2': 2.1908902300206647, 'a3': 5.813558375486027} logZ_new= 3.7017199155034084 obs_new= 5.116130621245791e-32
params_max= {'a1': 1.8475208614068024, 'a2': 2.1908902300206647, 'a3': 5.813776741499455} logZ_max= 3.7016616524354595 obs_max= 3.3327435183570385e-30
dist_min= tensor(59.3956) dist_max= tensor(300.9692)
params_min,params_max=params_new,params_max
evaluating model at params_new={'a1': 1.8475208614068024, 'a2': 2.1908902300206647, 'a3': 5.813667558492741}
params_min= {'a1': 1.8475208614068024, 'a2': 2.1908902300206647, 'a3': 5.813558375486027} logZ_min= 3.7017199155034084 obs_min= 5.116130621245791e-32
params_new= {'a1': 1.8475208614068024, 'a2': 2.1908902300206647, 'a3': 5.813667558492741} logZ_new= 3.7017282704668224 obs_new= 3.0896435666692142e-30
params_max= {'a1': 1.8475208614068024, 'a2': 2.1908902300206647, 'a3': 5.813776741499455} logZ_max= 3.7016616524354595 obs_max= 3.3327435183570385e-30
dist_min= tensor(3.7033) dist_max= tensor(301.7214)
params_min,params_max=params_new,params_max
evaluating model at params_new={'a1': 1.8475208614068024, 'a2': 2.1908902300206647, 'a3': 5.813722149996098}
params_min= {'a1': 1.8475208614068024, 'a2': 2.1908902300206647, 'a3': 5.813667558492741} logZ_min= 3.7017282704668224 obs_min= 3.0896435666692142e-30
params_new= {'a1': 1.8475208614068024, 'a2': 2.1908902300206647, 'a3': 5.813722149996098} logZ_new= 3.701729446280042 obs_new= 6.933484451586236e-31
params_max= {'a1': 1.8475208614068024, 'a2': 2.1908902300206647, 'a3': 5.813776741499455} logZ_max= 3.7016616524354595 obs_max= 3.3327435183570385e-30
dist_min= tensor(0.5846) dist_max= tensor(301.6006)
params_min,params_max=params_new,params_max
evaluating model at params_new={'a1': 1.8475208614068024, 'a2': 2.1908902300206647, 'a3': 5.813749445747776}
params_min= {'a1': 1.8475208614068024, 'a2': 2.1908902300206647, 'a3': 5.813722149996098} logZ_min= 3.701729446280042 obs_min= 6.933484451586236e-31
params_new= {'a1': 1.8475208614068024, 'a2': 2.1908902300206647, 'a3': 5.813749445747776} logZ_new= 3.7016967829646608 obs_new= 9.32173871685059e-31
params_max= {'a1': 1.8475208614068024, 'a2': 2.1908902300206647, 'a3': 5.813776741499455} logZ_max= 3.7016616524354595 obs_max= 3.3327435183570385e-30
dist_min= tensor(2.7777) dist_max= tensor(300.8926)
params_min,params_max=params_new,params_max
evaluating model at params_new={'a1': 1.8475208614068024, 'a2': 2.1908902300206647, 'a3': 5.813763093623615}
params_min= {'a1': 1.8475208614068024, 'a2': 2.1908902300206647, 'a3': 5.813749445747776} logZ_min= 3.7016967829646608 obs_min= 9.32173871685059e-31
params_new= {'a1': 1.8475208614068024, 'a2': 2.1908902300206647, 'a3': 5.813763093623615} logZ_new= 3.7017296836055937 obs_new= 5.155467184599859e-32
params_max= {'a1': 1.8475208614068024, 'a2': 2.1908902300206647, 'a3': 5.813776741499455} logZ_max= 3.7016616524354595 obs_max= 3.3327435183570385e-30
dist_min= tensor(2.7575) dist_max= tensor(301.5988)
params_min,params_max=params_new,params_max
evaluating model at params_new={'a1': 1.8475208614068024, 'a2': 2.1908902300206647, 'a3': 5.813769917561535}
params_min= {'a1': 1.8475208614068024, 'a2': 2.1908902300206647, 'a3': 5.813763093623615} logZ_min= 3.7017296836055937 obs_min= 5.155467184599859e-32
params_new= {'a1': 1.8475208614068024, 'a2': 2.1908902300206647, 'a3': 5.813769917561535} logZ_new= 3.701730499703526 obs_new= 1.1742718142766956e-29
params_max= {'a1': 1.8475208614068024, 'a2': 2.1908902300206647, 'a3': 5.813776741499455} logZ_max= 3.7016616524354595 obs_max= 3.3327435183570385e-30
dist_min= tensor(1.4120) dist_max= tensor(300.9578)
params_min,params_max=params_new,params_max
evaluating model at params_new={'a1': 1.8475208614068024, 'a2': 2.1908902300206647, 'a3': 5.813773329530495}
params_min= {'a1': 1.8475208614068024, 'a2': 2.1908902300206647, 'a3': 5.813769917561535} logZ_min= 3.701730499703526 obs_min= 1.1742718142766956e-29
params_new= {'a1': 1.8475208614068024, 'a2': 2.1908902300206647, 'a3': 5.813773329530495} logZ_new= 3.7017305462910746 obs_new= 3.297582634822709e-30
params_max= {'a1': 1.8475208614068024, 'a2': 2.1908902300206647, 'a3': 5.813776741499455} logZ_max= 3.7016616524354595 obs_max= 3.3327435183570385e-30
dist_min= tensor(0.2875) dist_max= tensor(300.9583)
params_min,params_max=params_new,params_max
evaluating model at params_new={'a1': 1.8475208614068024, 'a2': 2.1908902300206647, 'a3': 5.813775035514975}
params_min= {'a1': 1.8475208614068024, 'a2': 2.1908902300206647, 'a3': 5.813773329530495} logZ_min= 3.7017305462910746 obs_min= 3.297582634822709e-30
params_new= {'a1': 1.8475208614068024, 'a2': 2.1908902300206647, 'a3': 5.813775035514975} logZ_new= 3.701730024791532 obs_new= 1.3787391878324932e-30
params_max= {'a1': 1.8475208614068024, 'a2': 2.1908902300206647, 'a3': 5.813776741499455} logZ_max= 3.7016616524354595 obs_max= 3.3327435183570385e-30
dist_min= tensor(49.3039) dist_max= tensor(305.4126)
params_min,params_max=params_new,params_max
evaluating model at params_new={'a1': 1.8475208614068024, 'a2': 2.1908902300206647, 'a3': 5.813775888507214}
params_min= {'a1': 1.8475208614068024, 'a2': 2.1908902300206647, 'a3': 5.813775035514975} logZ_min= 3.701730024791532 obs_min= 1.3787391878324932e-30
params_new= {'a1': 1.8475208614068024, 'a2': 2.1908902300206647, 'a3': 5.813775888507214} logZ_new= nan obs_new= 1.5245074292709213e-29
params_max= {'a1': 1.8475208614068024, 'a2': 2.1908902300206647, 'a3': 5.813776741499455} logZ_max= 3.7016616524354595 obs_max= 3.3327435183570385e-30
dist_min= tensor(49.8602) dist_max= tensor(301.6613)
params_min,params_max=params_new,params_max
evaluating model at params_new={'a1': 1.8475208614068024, 'a2': 2.1908902300206647, 'a3': 5.813776315003334}
params_min= {'a1': 1.8475208614068024, 'a2': 2.1908902300206647, 'a3': 5.813775888507214} logZ_min= nan obs_min= 1.5245074292709213e-29
params_new= {'a1': 1.8475208614068024, 'a2': 2.1908902300206647, 'a3': 5.813776315003334} logZ_new= 3.701730011812789 obs_new= 3.841969796804336e-33
params_max= {'a1': 1.8475208614068024, 'a2': 2.1908902300206647, 'a3': 5.813776741499455} logZ_max= 3.7016616524354595 obs_max= 3.3327435183570385e-30
dist_min= tensor(0.7183) dist_max= tensor(301.5938)
params_min,params_max=params_new,params_max
evaluating model at params_new={'a1': 1.8475208614068024, 'a2': 2.1908902300206647, 'a3': 5.8137765282513945}
params_min= {'a1': 1.8475208614068024, 'a2': 2.1908902300206647, 'a3': 5.813776315003334} logZ_min= 3.701730011812789 obs_min= 3.841969796804336e-33
params_new= {'a1': 1.8475208614068024, 'a2': 2.1908902300206647, 'a3': 5.8137765282513945} logZ_new= nan obs_new= 3.3204392811427997e-31
params_max= {'a1': 1.8475208614068024, 'a2': 2.1908902300206647, 'a3': 5.813776741499455} logZ_max= 3.7016616524354595 obs_max= 3.3327435183570385e-30
dist_min= tensor(1.8304) dist_max= tensor(301.5765)
params_min,params_max=params_new,params_max
evaluating model at params_new={'a1': 1.8475208614068024, 'a2': 2.1908902300206647, 'a3': 5.813776634875424}
params_min= {'a1': 1.8475208614068024, 'a2': 2.1908902300206647, 'a3': 5.8137765282513945} logZ_min= nan obs_min= 3.3204392811427997e-31
params_new= {'a1': 1.8475208614068024, 'a2': 2.1908902300206647, 'a3': 5.813776634875424} logZ_new= 3.701650393737685 obs_new= 3.168903664395431e-30
params_max= {'a1': 1.8475208614068024, 'a2': 2.1908902300206647, 'a3': 5.813776741499455} logZ_max= 3.7016616524354595 obs_max= 3.3327435183570385e-30
dist_min= tensor(1.7271) dist_max= tensor(300.9572)
params_min,params_max=params_new,params_max
evaluating model at params_new={'a1': 1.8475208614068024, 'a2': 2.1908902300206647, 'a3': 5.813776688187439}
params_min= {'a1': 1.8475208614068024, 'a2': 2.1908902300206647, 'a3': 5.813776634875424} logZ_min= 3.701650393737685 obs_min= 3.168903664395431e-30
params_new= {'a1': 1.8475208614068024, 'a2': 2.1908902300206647, 'a3': 5.813776688187439} logZ_new= nan obs_new= 5.92330466141161e-30
params_max= {'a1': 1.8475208614068024, 'a2': 2.1908902300206647, 'a3': 5.813776741499455} logZ_max= 3.7016616524354595 obs_max= 3.3327435183570385e-30
dist_min= tensor(1.3750) dist_max= tensor(301.6766)
params_min,params_max=params_new,params_max
evaluating model at params_new={'a1': 1.8475208614068024, 'a2': 2.1908902300206647, 'a3': 5.813776714843447}
params_min= {'a1': 1.8475208614068024, 'a2': 2.1908902300206647, 'a3': 5.813776688187439} logZ_min= nan obs_min= 5.92330466141161e-30
params_new= {'a1': 1.8475208614068024, 'a2': 2.1908902300206647, 'a3': 5.813776714843447} logZ_new= nan obs_new= 4.813841408483267e-32
params_max= {'a1': 1.8475208614068024, 'a2': 2.1908902300206647, 'a3': 5.813776741499455} logZ_max= 3.7016616524354595 obs_max= 3.3327435183570385e-30
dist_min= tensor(0.1662) dist_max= tensor(301.5972)
params_min,params_max=params_new,params_max
evaluating model at params_new={'a1': 1.8475208614068024, 'a2': 2.1908902300206647, 'a3': 5.813776728171451}
params_min= {'a1': 1.8475208614068024, 'a2': 2.1908902300206647, 'a3': 5.813776714843447} logZ_min= nan obs_min= 4.813841408483267e-32
params_new= {'a1': 1.8475208614068024, 'a2': 2.1908902300206647, 'a3': 5.813776728171451} logZ_new= 3.701649949552483 obs_new= 1.9538150482364123e-31
params_max= {'a1': 1.8475208614068024, 'a2': 2.1908902300206647, 'a3': 5.813776741499455} logZ_max= 3.7016616524354595 obs_max= 3.3327435183570385e-30
dist_min= tensor(0.5871) dist_max= tensor(301.6019)
params_min,params_max=params_new,params_max
evaluating model at params_new={'a1': 1.8475208614068024, 'a2': 2.1908902300206647, 'a3': 5.813776734835453}
params_min= {'a1': 1.8475208614068024, 'a2': 2.1908902300206647, 'a3': 5.813776728171451} logZ_min= 3.701649949552483 obs_min= 1.9538150482364123e-31
params_new= {'a1': 1.8475208614068024, 'a2': 2.1908902300206647, 'a3': 5.813776734835453} logZ_new= 3.7017303708983316 obs_new= 9.963134030956267e-34
params_max= {'a1': 1.8475208614068024, 'a2': 2.1908902300206647, 'a3': 5.813776741499455} logZ_max= 3.7016616524354595 obs_max= 3.3327435183570385e-30
dist_min= tensor(0.1507) dist_max= tensor(301.5995)
params_min,params_max=params_new,params_max
evaluating model at params_new={'a1': 1.8475208614068024, 'a2': 2.1908902300206647, 'a3': 5.813776738167453}
params_min= {'a1': 1.8475208614068024, 'a2': 2.1908902300206647, 'a3': 5.813776734835453} logZ_min= 3.7017303708983316 obs_min= 9.963134030956267e-34
params_new= {'a1': 1.8475208614068024, 'a2': 2.1908902300206647, 'a3': 5.813776738167453} logZ_new= 3.70172272654922 obs_new= 3.2218147467411326e-30
params_max= {'a1': 1.8475208614068024, 'a2': 2.1908902300206647, 'a3': 5.813776741499455} logZ_max= 3.7016616524354595 obs_max= 3.3327435183570385e-30
dist_min= tensor(2139.0754) dist_max= tensor(2160.1988)
params_min,params_max=params_new,params_max
evaluating model at params_new={'a1': 1.8475208614068024, 'a2': 2.1908902300206647, 'a3': 5.813776739833454}
params_min= {'a1': 1.8475208614068024, 'a2': 2.1908902300206647, 'a3': 5.813776738167453} logZ_min= 3.70172272654922 obs_min= 3.2218147467411326e-30
params_new= {'a1': 1.8475208614068024, 'a2': 2.1908902300206647, 'a3': 5.813776739833454} logZ_new= 3.7017272009290756 obs_new= 1.0082266781379587e-30
params_max= {'a1': 1.8475208614068024, 'a2': 2.1908902300206647, 'a3': 5.813776741499455} logZ_max= 3.7016616524354595 obs_max= 3.3327435183570385e-30
dist_min= tensor(2135.3781) dist_max= tensor(301.4325)
params_min,params_max=params_min,params_new
evaluating model at params_new={'a1': 1.8475208614068024, 'a2': 2.1908902300206647, 'a3': 5.8137767390004536}
params_min= {'a1': 1.8475208614068024, 'a2': 2.1908902300206647, 'a3': 5.813776738167453} logZ_min= 3.70172272654922 obs_min= 3.2218147467411326e-30
params_new= {'a1': 1.8475208614068024, 'a2': 2.1908902300206647, 'a3': 5.8137767390004536} logZ_new= nan obs_new= 4.33964054677061e-34
params_max= {'a1': 1.8475208614068024, 'a2': 2.1908902300206647, 'a3': 5.813776739833454} logZ_max= 3.7017272009290756 obs_max= 1.0082266781379587e-30
dist_min= tensor(17736.8692) dist_max= tensor(17607.2872)
params_min,params_max=params_min,params_new
evaluating model at params_new={'a1': 1.8475208614068024, 'a2': 2.1908902300206647, 'a3': 5.813776738583954}
params_min= {'a1': 1.8475208614068024, 'a2': 2.1908902300206647, 'a3': 5.813776738167453} logZ_min= 3.70172272654922 obs_min= 3.2218147467411326e-30
params_new= {'a1': 1.8475208614068024, 'a2': 2.1908902300206647, 'a3': 5.813776738583954} logZ_new= nan obs_new= 3.01858012060411e-29
params_max= {'a1': 1.8475208614068024, 'a2': 2.1908902300206647, 'a3': 5.8137767390004536} logZ_max= nan obs_max= 4.33964054677061e-34
dist_min= tensor(2137.0109) dist_max= tensor(17607.0960)
params_min,params_max=params_new,params_max
evaluating model at params_new={'a1': 1.8475208614068024, 'a2': 2.1908902300206647, 'a3': 5.813776738792203}
params_min= {'a1': 1.8475208614068024, 'a2': 2.1908902300206647, 'a3': 5.813776738583954} logZ_min= nan obs_min= 3.01858012060411e-29
params_new= {'a1': 1.8475208614068024, 'a2': 2.1908902300206647, 'a3': 5.813776738792203} logZ_new= 3.7017301999957377 obs_new= 4.1374766117806164e-34
params_max= {'a1': 1.8475208614068024, 'a2': 2.1908902300206647, 'a3': 5.8137767390004536} logZ_max= nan obs_max= 4.33964054677061e-34
dist_min= tensor(92.2463) dist_max= tensor(17607.6001)
params_min,params_max=params_new,params_max
evaluating model at params_new={'a1': 1.8475208614068024, 'a2': 2.1908902300206647, 'a3': 5.813776738896328}
params_min= {'a1': 1.8475208614068024, 'a2': 2.1908902300206647, 'a3': 5.813776738792203} logZ_min= 3.7017301999957377 obs_min= 4.1374766117806164e-34
params_new= {'a1': 1.8475208614068024, 'a2': 2.1908902300206647, 'a3': 5.813776738896328} logZ_new= nan obs_new= 3.266103262563656e-30
params_max= {'a1': 1.8475208614068024, 'a2': 2.1908902300206647, 'a3': 5.8137767390004536} logZ_max= nan obs_max= 4.33964054677061e-34
dist_min= tensor(93.7362) dist_max= tensor(17606.6203)
params_min,params_max=params_new,params_max
evaluating model at params_new={'a1': 1.8475208614068024, 'a2': 2.1908902300206647, 'a3': 5.813776738948391}
params_min= {'a1': 1.8475208614068024, 'a2': 2.1908902300206647, 'a3': 5.813776738896328} logZ_min= nan obs_min= 3.266103262563656e-30
params_new= {'a1': 1.8475208614068024, 'a2': 2.1908902300206647, 'a3': 5.813776738948391} logZ_new= 3.701730231064582 obs_new= 8.711153755918787e-34
params_max= {'a1': 1.8475208614068024, 'a2': 2.1908902300206647, 'a3': 5.8137767390004536} logZ_max= nan obs_max= 4.33964054677061e-34
dist_min= tensor(1.4302) dist_max= tensor(17607.3912)
params_min,params_max=params_new,params_max
evaluating model at params_new={'a1': 1.8475208614068024, 'a2': 2.1908902300206647, 'a3': 5.813776738974422}
params_min= {'a1': 1.8475208614068024, 'a2': 2.1908902300206647, 'a3': 5.813776738948391} logZ_min= 3.701730231064582 obs_min= 8.711153755918787e-34
params_new= {'a1': 1.8475208614068024, 'a2': 2.1908902300206647, 'a3': 5.813776738974422} logZ_new= nan obs_new= 1.6852422350433527e-30
params_max= {'a1': 1.8475208614068024, 'a2': 2.1908902300206647, 'a3': 5.8137767390004536} logZ_max= nan obs_max= 4.33964054677061e-34
dist_min= tensor(6.5684) dist_max= tensor(17600.8388)
params_min,params_max=params_new,params_max
evaluating model at params_new={'a1': 1.8475208614068024, 'a2': 2.1908902300206647, 'a3': 5.813776738987437}
params_min= {'a1': 1.8475208614068024, 'a2': 2.1908902300206647, 'a3': 5.813776738974422} logZ_min= nan obs_min= 1.6852422350433527e-30
params_new= {'a1': 1.8475208614068024, 'a2': 2.1908902300206647, 'a3': 5.813776738987437} logZ_new= 3.7017301644172744 obs_new= 1.5228877968291725e-31
params_max= {'a1': 1.8475208614068024, 'a2': 2.1908902300206647, 'a3': 5.8137767390004536} logZ_max= nan obs_max= 4.33964054677061e-34
dist_min= tensor(6.0699) dist_max= tensor(17606.8053)
params_min,params_max=params_new,params_max
evaluating model at params_new={'a1': 1.8475208614068024, 'a2': 2.1908902300206647, 'a3': 5.813776738993946}
params_min= {'a1': 1.8475208614068024, 'a2': 2.1908902300206647, 'a3': 5.813776738987437} logZ_min= 3.7017301644172744 obs_min= 1.5228877968291725e-31
params_new= {'a1': 1.8475208614068024, 'a2': 2.1908902300206647, 'a3': 5.813776738993946} logZ_new= 3.7017301860936307 obs_new= 1.4996599197044604e-33
params_max= {'a1': 1.8475208614068024, 'a2': 2.1908902300206647, 'a3': 5.8137767390004536} logZ_max= nan obs_max= 4.33964054677061e-34
dist_min= tensor(1.2644) dist_max= tensor(17607.4340)
params_min,params_max=params_new,params_max
evaluating model at params_new={'a1': 1.8475208614068024, 'a2': 2.1908902300206647, 'a3': 5.8137767389972}
params_min= {'a1': 1.8475208614068024, 'a2': 2.1908902300206647, 'a3': 5.813776738993946} logZ_min= 3.7017301860936307 obs_min= 1.4996599197044604e-33
params_new= {'a1': 1.8475208614068024, 'a2': 2.1908902300206647, 'a3': 5.8137767389972} logZ_new= 3.701730193151505 obs_new= 2.72692375736354e-30
params_max= {'a1': 1.8475208614068024, 'a2': 2.1908902300206647, 'a3': 5.8137767390004536} logZ_max= nan obs_max= 4.33964054677061e-34
dist_min= tensor(16.1343) dist_max= tensor(17607.3019)
params_min,params_max=params_new,params_max
evaluating model at params_new={'a1': 1.8475208614068024, 'a2': 2.1908902300206647, 'a3': 5.813776738998827}
params_min= {'a1': 1.8475208614068024, 'a2': 2.1908902300206647, 'a3': 5.8137767389972} logZ_min= 3.701730193151505 obs_min= 2.72692375736354e-30
params_new= {'a1': 1.8475208614068024, 'a2': 2.1908902300206647, 'a3': 5.813776738998827} logZ_new= 3.7017302848101714 obs_new= 2.1298631055060244e-31
params_max= {'a1': 1.8475208614068024, 'a2': 2.1908902300206647, 'a3': 5.8137767390004536} logZ_max= nan obs_max= 4.33964054677061e-34
dist_min= tensor(16.2307) dist_max= tensor(17607.2106)
params_min,params_max=params_new,params_max
evaluating model at params_new={'a1': 1.8475208614068024, 'a2': 2.1908902300206647, 'a3': 5.813776738999641}
params_min= {'a1': 1.8475208614068024, 'a2': 2.1908902300206647, 'a3': 5.813776738998827} logZ_min= 3.7017302848101714 obs_min= 2.1298631055060244e-31
params_new= {'a1': 1.8475208614068024, 'a2': 2.1908902300206647, 'a3': 5.813776738999641} logZ_new= 3.7017304827272715 obs_new= 1.3385911340183677e-31
params_max= {'a1': 1.8475208614068024, 'a2': 2.1908902300206647, 'a3': 5.8137767390004536} logZ_max= nan obs_max= 4.33964054677061e-34
dist_min= tensor(2.5745) dist_max= tensor(17606.8053)
params_min,params_max=params_new,params_max
evaluating model at params_new={'a1': 1.8475208614068024, 'a2': 2.1908902300206647, 'a3': 5.813776739000048}
params_min= {'a1': 1.8475208614068024, 'a2': 2.1908902300206647, 'a3': 5.813776738999641} logZ_min= 3.7017304827272715 obs_min= 1.3385911340183677e-31
params_new= {'a1': 1.8475208614068024, 'a2': 2.1908902300206647, 'a3': 5.813776739000048} logZ_new= 3.701730404780971 obs_new= 2.019610037759955e-31
params_max= {'a1': 1.8475208614068024, 'a2': 2.1908902300206647, 'a3': 5.8137767390004536} logZ_max= nan obs_max= 4.33964054677061e-34
dist_min= tensor(0.5865) dist_max= tensor(17606.8053)
params_min,params_max=params_new,params_max
evaluating model at params_new={'a1': 1.8475208614068024, 'a2': 2.1908902300206647, 'a3': 5.81377673900025}
params_min= {'a1': 1.8475208614068024, 'a2': 2.1908902300206647, 'a3': 5.813776739000048} logZ_min= 3.701730404780971 obs_min= 2.019610037759955e-31
params_new= {'a1': 1.8475208614068024, 'a2': 2.1908902300206647, 'a3': 5.81377673900025} logZ_new= 3.701691523302944 obs_new= 1.3574788653486834e-29
params_max= {'a1': 1.8475208614068024, 'a2': 2.1908902300206647, 'a3': 5.8137767390004536} logZ_max= nan obs_max= 4.33964054677061e-34
dist_min= tensor(0.1251) dist_max= tensor(17606.8053)
params_min,params_max=params_new,params_max
evaluating model at params_new={'a1': 1.8475208614068024, 'a2': 2.1908902300206647, 'a3': 5.813776739000351}
params_min= {'a1': 1.8475208614068024, 'a2': 2.1908902300206647, 'a3': 5.81377673900025} logZ_min= 3.701691523302944 obs_min= 1.3574788653486834e-29
params_new= {'a1': 1.8475208614068024, 'a2': 2.1908902300206647, 'a3': 5.813776739000351} logZ_new= 3.70173025208085 obs_new= 1.1643083814255034e-29
params_max= {'a1': 1.8475208614068024, 'a2': 2.1908902300206647, 'a3': 5.8137767390004536} logZ_max= nan obs_max= 4.33964054677061e-34
dist_min= tensor(4.9610) dist_max= tensor(17607.3490)
params_min,params_max=params_new,params_max
evaluating model at params_new={'a1': 1.8475208614068024, 'a2': 2.1908902300206647, 'a3': 5.813776739000403}
params_min= {'a1': 1.8475208614068024, 'a2': 2.1908902300206647, 'a3': 5.813776739000351} logZ_min= 3.70173025208085 obs_min= 1.1643083814255034e-29
params_new= {'a1': 1.8475208614068024, 'a2': 2.1908902300206647, 'a3': 5.813776739000403} logZ_new= nan obs_new= 3.337788616777486e-29
params_max= {'a1': 1.8475208614068024, 'a2': 2.1908902300206647, 'a3': 5.8137767390004536} logZ_max= nan obs_max= 4.33964054677061e-34
dist_min= tensor(18.7748) dist_max= tensor(17589.2742)
params_min,params_max=params_new,params_max
evaluating model at params_new={'a1': 1.8475208614068024, 'a2': 2.1908902300206647, 'a3': 5.813776739000428}
params_min= {'a1': 1.8475208614068024, 'a2': 2.1908902300206647, 'a3': 5.813776739000403} logZ_min= nan obs_min= 3.337788616777486e-29
params_new= {'a1': 1.8475208614068024, 'a2': 2.1908902300206647, 'a3': 5.813776739000428} logZ_new= 3.70173062622748 obs_new= 3.4520206405415556e-31
params_max= {'a1': 1.8475208614068024, 'a2': 2.1908902300206647, 'a3': 5.8137767390004536} logZ_max= nan obs_max= 4.33964054677061e-34
dist_min= tensor(17.5769) dist_max= tensor(17606.8053)
params_min,params_max=params_new,params_max
evaluating model at params_new={'a1': 1.8475208614068024, 'a2': 2.1908902300206647, 'a3': 5.81377673900044}
params_min= {'a1': 1.8475208614068024, 'a2': 2.1908902300206647, 'a3': 5.813776739000428} logZ_min= 3.70173062622748 obs_min= 3.4520206405415556e-31
params_new= {'a1': 1.8475208614068024, 'a2': 2.1908902300206647, 'a3': 5.81377673900044} logZ_new= nan obs_new= 5.152225316734713e-29
params_max= {'a1': 1.8475208614068024, 'a2': 2.1908902300206647, 'a3': 5.8137767390004536} logZ_max= nan obs_max= 4.33964054677061e-34
dist_min= tensor(6.9834) dist_max= tensor(17606.9898)
params_min,params_max=params_new,params_max
evaluating model at params_new={'a1': 1.8475208614068024, 'a2': 2.1908902300206647, 'a3': 5.813776739000447}
params_min= {'a1': 1.8475208614068024, 'a2': 2.1908902300206647, 'a3': 5.81377673900044} logZ_min= nan obs_min= 5.152225316734713e-29
params_new= {'a1': 1.8475208614068024, 'a2': 2.1908902300206647, 'a3': 5.813776739000447} logZ_new= nan obs_new= 1.0799465391437349e-29
params_max= {'a1': 1.8475208614068024, 'a2': 2.1908902300206647, 'a3': 5.8137767390004536} logZ_max= nan obs_max= 4.33964054677061e-34
dist_min= tensor(375.0537) dist_max= tensor(17231.9799)
params_min,params_max=params_new,params_max
evaluating model at params_new={'a1': 1.8475208614068024, 'a2': 2.1908902300206647, 'a3': 5.813776739000451}
params_min= {'a1': 1.8475208614068024, 'a2': 2.1908902300206647, 'a3': 5.813776739000447} logZ_min= nan obs_min= 1.0799465391437349e-29
params_new= {'a1': 1.8475208614068024, 'a2': 2.1908902300206647, 'a3': 5.813776739000451} logZ_new= 3.7017303131261965 obs_new= 4.060766997533327e-30
params_max= {'a1': 1.8475208614068024, 'a2': 2.1908902300206647, 'a3': 5.8137767390004536} logZ_max= nan obs_max= 4.33964054677061e-34
dist_min= tensor(375.1643) dist_max= tensor(17607.1400)
params_min,params_max=params_new,params_max
evaluating model at params_new={'a1': 1.8475208614068024, 'a2': 2.1908902300206647, 'a3': 5.813776739000453}
params_min= {'a1': 1.8475208614068024, 'a2': 2.1908902300206647, 'a3': 5.813776739000451} logZ_min= 3.7017303131261965 obs_min= 4.060766997533327e-30
params_new= {'a1': 1.8475208614068024, 'a2': 2.1908902300206647, 'a3': 5.813776739000453} logZ_new= 3.701730756813028 obs_new= 7.366325850825333e-32
params_max= {'a1': 1.8475208614068024, 'a2': 2.1908902300206647, 'a3': 5.8137767390004536} logZ_max= nan obs_max= 4.33964054677061e-34
dist_min= tensor(1.4570) dist_max= tensor(17606.8053)
params_min,params_max=params_new,params_max
critical params found:  {'a1': 1.8475208614068024, 'a2': 2.1908902300206647, 'a3': 5.813776739000453}
reference params:  {'a1': 1.1547005383792515, 'a2': 1.8257418583505538, 'a3': 4.47213595499958}
file saved to  data/AKLT3D_X10_scan_grid_critical_a3/a1_1.8475209_a2_2.1908902/Tc.json
