Start running find_critical_temp.py with options:{'filename': 'data/AKLT3D_X10_scan_grid_critical_a3/a1_1.3856406_a2_1.0954451/Tc.json', 'log_filename': 'data/AKLT3D_X10_scan_grid_critical_a3/a1_1.3856406_a2_1.0954451/Tc.log', 'nLayers': 60, 'max_dim': 10, 'model': 'AKLT3D', 'params_min': "{'a1': 1.3856406460551018, 'a2': 1.0954451150103324, 'a3': 4.47213595499958}", 'params_max': "{'a1': 1.3856406460551018, 'a2': 1.0954451150103324, 'a3': 5.366563145999496}", 'params_ref': None, 'observable_name': 'magnetizationZ', 'tol': 0.0, 'gilt_enabled': False, 'gilt_eps': 8e-07, 'gilt_nIter': 1, 'mcf_enabled': True, 'mcf_eps': 1e-16, 'mcf_max_iter': 200, 'hotrg_sanity_check': False, 'version': 1, 'device': 'cuda:1'}
loading library...
evaluating model at params_min={'a1': 1.3856406460551018, 'a2': 1.0954451150103324, 'a3': 4.47213595499958}
params_min= {'a1': 1.3856406460551018, 'a2': 1.0954451150103324, 'a3': 4.47213595499958} logZ_min= 3.1325773767280625 obs_min= 8.109156095859727e-35
evaluating model at params_max={'a1': 1.3856406460551018, 'a2': 1.0954451150103324, 'a3': 5.366563145999496}
params_max= {'a1': 1.3856406460551018, 'a2': 1.0954451150103324, 'a3': 5.366563145999496} logZ_max= 3.3667453250109167 obs_max= 8.804351718294281
searching for critical temperature using bisection method
evaluating model at params_new={'a1': 1.3856406460551018, 'a2': 1.0954451150103324, 'a3': 4.919349550499538}
params_min= {'a1': 1.3856406460551018, 'a2': 1.0954451150103324, 'a3': 4.47213595499958} logZ_min= 3.1325773767280625 obs_min= 8.109156095859727e-35
params_new= {'a1': 1.3856406460551018, 'a2': 1.0954451150103324, 'a3': 4.919349550499538} logZ_new= 3.1945578431494894 obs_new= 8.544982635176352
params_max= {'a1': 1.3856406460551018, 'a2': 1.0954451150103324, 'a3': 5.366563145999496} logZ_max= 3.3667453250109167 obs_max= 8.804351718294281
dist_min= tensor(55400.2455) dist_max= tensor(14.1518)
params_min,params_max=params_min,params_new
evaluating model at params_new={'a1': 1.3856406460551018, 'a2': 1.0954451150103324, 'a3': 4.695742752749559}
params_min= {'a1': 1.3856406460551018, 'a2': 1.0954451150103324, 'a3': 4.47213595499958} logZ_min= 3.1325773767280625 obs_min= 8.109156095859727e-35
params_new= {'a1': 1.3856406460551018, 'a2': 1.0954451150103324, 'a3': 4.695742752749559} logZ_new= nan obs_new= 5.916377301940738e-36
params_max= {'a1': 1.3856406460551018, 'a2': 1.0954451150103324, 'a3': 4.919349550499538} logZ_max= 3.1945578431494894 obs_max= 8.544982635176352
dist_min= tensor(55399.2560) dist_max= tensor(9.0129)
params_min,params_max=params_min,params_new
evaluating model at params_new={'a1': 1.3856406460551018, 'a2': 1.0954451150103324, 'a3': 4.58393935387457}
params_min= {'a1': 1.3856406460551018, 'a2': 1.0954451150103324, 'a3': 4.47213595499958} logZ_min= 3.1325773767280625 obs_min= 8.109156095859727e-35
params_new= {'a1': 1.3856406460551018, 'a2': 1.0954451150103324, 'a3': 4.58393935387457} logZ_new= 3.1352725228823504 obs_new= 2.3195257806728632e-32
params_max= {'a1': 1.3856406460551018, 'a2': 1.0954451150103324, 'a3': 4.695742752749559} logZ_max= nan obs_max= 5.916377301940738e-36
dist_min= tensor(47093.8978) dist_max= tensor(102493.1499)
params_min,params_max=params_new,params_max
evaluating model at params_new={'a1': 1.3856406460551018, 'a2': 1.0954451150103324, 'a3': 4.639841053312065}
params_min= {'a1': 1.3856406460551018, 'a2': 1.0954451150103324, 'a3': 4.58393935387457} logZ_min= 3.1352725228823504 obs_min= 2.3195257806728632e-32
params_new= {'a1': 1.3856406460551018, 'a2': 1.0954451150103324, 'a3': 4.639841053312065} logZ_new= 3.1365572120193486 obs_new= 3.8545334455296375e-31
params_max= {'a1': 1.3856406460551018, 'a2': 1.0954451150103324, 'a3': 4.695742752749559} logZ_max= nan obs_max= 5.916377301940738e-36
dist_min= tensor(82597.3664) dist_max= tensor(19895.7854)
params_min,params_max=params_min,params_new
evaluating model at params_new={'a1': 1.3856406460551018, 'a2': 1.0954451150103324, 'a3': 4.611890203593317}
params_min= {'a1': 1.3856406460551018, 'a2': 1.0954451150103324, 'a3': 4.58393935387457} logZ_min= 3.1352725228823504 obs_min= 2.3195257806728632e-32
params_new= {'a1': 1.3856406460551018, 'a2': 1.0954451150103324, 'a3': 4.611890203593317} logZ_new= nan obs_new= 3.627847090404121e-34
params_max= {'a1': 1.3856406460551018, 'a2': 1.0954451150103324, 'a3': 4.639841053312065} logZ_max= 3.1365572120193486 obs_max= 3.8545334455296375e-31
dist_min= tensor(63808.7989) dist_max= tensor(18788.5686)
params_min,params_max=params_min,params_new
evaluating model at params_new={'a1': 1.3856406460551018, 'a2': 1.0954451150103324, 'a3': 4.597914778733943}
params_min= {'a1': 1.3856406460551018, 'a2': 1.0954451150103324, 'a3': 4.58393935387457} logZ_min= 3.1352725228823504 obs_min= 2.3195257806728632e-32
params_new= {'a1': 1.3856406460551018, 'a2': 1.0954451150103324, 'a3': 4.597914778733943} logZ_new= 3.135523617272685 obs_new= 5.091916191870788e-33
params_max= {'a1': 1.3856406460551018, 'a2': 1.0954451150103324, 'a3': 4.611890203593317} logZ_max= nan obs_max= 3.627847090404121e-34
dist_min= tensor(42952.2399) dist_max= tensor(20856.5606)
params_min,params_max=params_min,params_new
evaluating model at params_new={'a1': 1.3856406460551018, 'a2': 1.0954451150103324, 'a3': 4.590927066304257}
params_min= {'a1': 1.3856406460551018, 'a2': 1.0954451150103324, 'a3': 4.58393935387457} logZ_min= 3.1352725228823504 obs_min= 2.3195257806728632e-32
params_new= {'a1': 1.3856406460551018, 'a2': 1.0954451150103324, 'a3': 4.590927066304257} logZ_new= nan obs_new= 3.7438287016662664e-32
params_max= {'a1': 1.3856406460551018, 'a2': 1.0954451150103324, 'a3': 4.597914778733943} logZ_max= 3.135523617272685 obs_max= 5.091916191870788e-33
dist_min= tensor(25735.2376) dist_max= tensor(17217.0070)
params_min,params_max=params_min,params_new
evaluating model at params_new={'a1': 1.3856406460551018, 'a2': 1.0954451150103324, 'a3': 4.587433210089413}
params_min= {'a1': 1.3856406460551018, 'a2': 1.0954451150103324, 'a3': 4.58393935387457} logZ_min= 3.1352725228823504 obs_min= 2.3195257806728632e-32
params_new= {'a1': 1.3856406460551018, 'a2': 1.0954451150103324, 'a3': 4.587433210089413} logZ_new= nan obs_new= 6.222325066897605e-33
params_max= {'a1': 1.3856406460551018, 'a2': 1.0954451150103324, 'a3': 4.590927066304257} logZ_max= nan obs_max= 3.7438287016662664e-32
dist_min= tensor(14245.8022) dist_max= tensor(11505.0136)
params_min,params_max=params_min,params_new
evaluating model at params_new={'a1': 1.3856406460551018, 'a2': 1.0954451150103324, 'a3': 4.5856862819819915}
params_min= {'a1': 1.3856406460551018, 'a2': 1.0954451150103324, 'a3': 4.58393935387457} logZ_min= 3.1352725228823504 obs_min= 2.3195257806728632e-32
params_new= {'a1': 1.3856406460551018, 'a2': 1.0954451150103324, 'a3': 4.5856862819819915} logZ_new= nan obs_new= 2.622427946660899e-32
params_max= {'a1': 1.3856406460551018, 'a2': 1.0954451150103324, 'a3': 4.587433210089413} logZ_max= nan obs_max= 6.222325066897605e-33
dist_min= tensor(7512.9927) dist_max= tensor(6740.6204)
params_min,params_max=params_min,params_new
evaluating model at params_new={'a1': 1.3856406460551018, 'a2': 1.0954451150103324, 'a3': 4.584812817928281}
params_min= {'a1': 1.3856406460551018, 'a2': 1.0954451150103324, 'a3': 4.58393935387457} logZ_min= 3.1352725228823504 obs_min= 2.3195257806728632e-32
params_new= {'a1': 1.3856406460551018, 'a2': 1.0954451150103324, 'a3': 4.584812817928281} logZ_new= nan obs_new= 3.184164061904623e-33
params_max= {'a1': 1.3856406460551018, 'a2': 1.0954451150103324, 'a3': 4.5856862819819915} logZ_max= nan obs_max= 2.622427946660899e-32
dist_min= tensor(3862.3328) dist_max= tensor(3650.6904)
params_min,params_max=params_min,params_new
evaluating model at params_new={'a1': 1.3856406460551018, 'a2': 1.0954451150103324, 'a3': 4.584376085901425}
params_min= {'a1': 1.3856406460551018, 'a2': 1.0954451150103324, 'a3': 4.58393935387457} logZ_min= 3.1352725228823504 obs_min= 2.3195257806728632e-32
params_new= {'a1': 1.3856406460551018, 'a2': 1.0954451150103324, 'a3': 4.584376085901425} logZ_new= nan obs_new= 1.4400432566463154e-32
params_max= {'a1': 1.3856406460551018, 'a2': 1.0954451150103324, 'a3': 4.584812817928281} logZ_max= nan obs_max= 3.184164061904623e-33
dist_min= tensor(1958.7017) dist_max= tensor(1903.6872)
params_min,params_max=params_min,params_new
evaluating model at params_new={'a1': 1.3856406460551018, 'a2': 1.0954451150103324, 'a3': 4.5841577198879975}
params_min= {'a1': 1.3856406460551018, 'a2': 1.0954451150103324, 'a3': 4.58393935387457} logZ_min= 3.1352725228823504 obs_min= 2.3195257806728632e-32
params_new= {'a1': 1.3856406460551018, 'a2': 1.0954451150103324, 'a3': 4.5841577198879975} logZ_new= 3.135263792143947 obs_new= 1.8348258767076642e-34
params_max= {'a1': 1.3856406460551018, 'a2': 1.0954451150103324, 'a3': 4.584376085901425} logZ_max= nan obs_max= 1.4400432566463154e-32
dist_min= tensor(986.5454) dist_max= tensor(972.3003)
params_min,params_max=params_min,params_new
evaluating model at params_new={'a1': 1.3856406460551018, 'a2': 1.0954451150103324, 'a3': 4.5840485368812836}
params_min= {'a1': 1.3856406460551018, 'a2': 1.0954451150103324, 'a3': 4.58393935387457} logZ_min= 3.1352725228823504 obs_min= 2.3195257806728632e-32
params_new= {'a1': 1.3856406460551018, 'a2': 1.0954451150103324, 'a3': 4.5840485368812836} logZ_new= 3.1352761870091914 obs_new= 3.0279460641662265e-32
params_max= {'a1': 1.3856406460551018, 'a2': 1.0954451150103324, 'a3': 4.5841577198879975} logZ_max= 3.135263792143947 obs_max= 1.8348258767076642e-34
dist_min= tensor(495.4282) dist_max= tensor(491.3776)
params_min,params_max=params_min,params_new
evaluating model at params_new={'a1': 1.3856406460551018, 'a2': 1.0954451150103324, 'a3': 4.583993945377927}
params_min= {'a1': 1.3856406460551018, 'a2': 1.0954451150103324, 'a3': 4.58393935387457} logZ_min= 3.1352725228823504 obs_min= 2.3195257806728632e-32
params_new= {'a1': 1.3856406460551018, 'a2': 1.0954451150103324, 'a3': 4.583993945377927} logZ_new= nan obs_new= 4.165072547673005e-33
params_max= {'a1': 1.3856406460551018, 'a2': 1.0954451150103324, 'a3': 4.5840485368812836} logZ_max= 3.1352761870091914 obs_max= 3.0279460641662265e-32
dist_min= tensor(248.9277) dist_max= tensor(247.0111)
params_min,params_max=params_min,params_new
evaluating model at params_new={'a1': 1.3856406460551018, 'a2': 1.0954451150103324, 'a3': 4.583966649626248}
params_min= {'a1': 1.3856406460551018, 'a2': 1.0954451150103324, 'a3': 4.58393935387457} logZ_min= 3.1352725228823504 obs_min= 2.3195257806728632e-32
params_new= {'a1': 1.3856406460551018, 'a2': 1.0954451150103324, 'a3': 4.583966649626248} logZ_new= nan obs_new= 9.532982717828543e-32
params_max= {'a1': 1.3856406460551018, 'a2': 1.0954451150103324, 'a3': 4.583993945377927} logZ_max= nan obs_max= 4.165072547673005e-33
dist_min= tensor(126.2277) dist_max= tensor(124.0211)
params_min,params_max=params_min,params_new
evaluating model at params_new={'a1': 1.3856406460551018, 'a2': 1.0954451150103324, 'a3': 4.583953001750409}
params_min= {'a1': 1.3856406460551018, 'a2': 1.0954451150103324, 'a3': 4.58393935387457} logZ_min= 3.1352725228823504 obs_min= 2.3195257806728632e-32
params_new= {'a1': 1.3856406460551018, 'a2': 1.0954451150103324, 'a3': 4.583953001750409} logZ_new= 3.135226969757386 obs_new= 2.21962592387238e-33
params_max= {'a1': 1.3856406460551018, 'a2': 1.0954451150103324, 'a3': 4.583966649626248} logZ_max= nan obs_max= 9.532982717828543e-32
dist_min= tensor(66.0814) dist_max= tensor(62.4289)
params_min,params_max=params_min,params_new
evaluating model at params_new={'a1': 1.3856406460551018, 'a2': 1.0954451150103324, 'a3': 4.583946177812489}
params_min= {'a1': 1.3856406460551018, 'a2': 1.0954451150103324, 'a3': 4.58393935387457} logZ_min= 3.1352725228823504 obs_min= 2.3195257806728632e-32
params_new= {'a1': 1.3856406460551018, 'a2': 1.0954451150103324, 'a3': 4.583946177812489} logZ_new= nan obs_new= 1.597873829707401e-32
params_max= {'a1': 1.3856406460551018, 'a2': 1.0954451150103324, 'a3': 4.583953001750409} logZ_max= 3.135226969757386 obs_max= 2.21962592387238e-33
dist_min= tensor(38.0278) dist_max= tensor(31.0865)
params_min,params_max=params_min,params_new
evaluating model at params_new={'a1': 1.3856406460551018, 'a2': 1.0954451150103324, 'a3': 4.583942765843529}
params_min= {'a1': 1.3856406460551018, 'a2': 1.0954451150103324, 'a3': 4.58393935387457} logZ_min= 3.1352725228823504 obs_min= 2.3195257806728632e-32
params_new= {'a1': 1.3856406460551018, 'a2': 1.0954451150103324, 'a3': 4.583942765843529} logZ_new= nan obs_new= 3.554547585409537e-34
params_max= {'a1': 1.3856406460551018, 'a2': 1.0954451150103324, 'a3': 4.583946177812489} logZ_max= nan obs_max= 1.597873829707401e-32
dist_min= tensor(126.9165) dist_max= tensor(123.1534)
params_min,params_max=params_min,params_new
evaluating model at params_new={'a1': 1.3856406460551018, 'a2': 1.0954451150103324, 'a3': 4.5839410598590495}
params_min= {'a1': 1.3856406460551018, 'a2': 1.0954451150103324, 'a3': 4.58393935387457} logZ_min= 3.1352725228823504 obs_min= 2.3195257806728632e-32
params_new= {'a1': 1.3856406460551018, 'a2': 1.0954451150103324, 'a3': 4.5839410598590495} logZ_new= 3.1352745809049485 obs_new= 9.298852265969815e-33
params_max= {'a1': 1.3856406460551018, 'a2': 1.0954451150103324, 'a3': 4.583942765843529} logZ_max= nan obs_max= 3.554547585409537e-34
dist_min= tensor(23.9736) dist_max= tensor(124.1051)
params_min,params_max=params_new,params_max
evaluating model at params_new={'a1': 1.3856406460551018, 'a2': 1.0954451150103324, 'a3': 4.583941912851289}
params_min= {'a1': 1.3856406460551018, 'a2': 1.0954451150103324, 'a3': 4.5839410598590495} logZ_min= 3.1352745809049485 obs_min= 9.298852265969815e-33
params_new= {'a1': 1.3856406460551018, 'a2': 1.0954451150103324, 'a3': 4.583941912851289} logZ_new= 3.135274382034685 obs_new= 2.4074216820766214e-31
params_max= {'a1': 1.3856406460551018, 'a2': 1.0954451150103324, 'a3': 4.583942765843529} logZ_max= nan obs_max= 3.554547585409537e-34
dist_min= tensor(4.1871) dist_max= tensor(123.4136)
params_min,params_max=params_new,params_max
evaluating model at params_new={'a1': 1.3856406460551018, 'a2': 1.0954451150103324, 'a3': 4.583942339347409}
params_min= {'a1': 1.3856406460551018, 'a2': 1.0954451150103324, 'a3': 4.583941912851289} logZ_min= 3.135274382034685 obs_min= 2.4074216820766214e-31
params_new= {'a1': 1.3856406460551018, 'a2': 1.0954451150103324, 'a3': 4.583942339347409} logZ_new= nan obs_new= 2.1805856990128743e-31
params_max= {'a1': 1.3856406460551018, 'a2': 1.0954451150103324, 'a3': 4.583942765843529} logZ_max= nan obs_max= 3.554547585409537e-34
dist_min= tensor(3.7360) dist_max= tensor(120.4945)
params_min,params_max=params_new,params_max
evaluating model at params_new={'a1': 1.3856406460551018, 'a2': 1.0954451150103324, 'a3': 4.583942552595469}
params_min= {'a1': 1.3856406460551018, 'a2': 1.0954451150103324, 'a3': 4.583942339347409} logZ_min= nan obs_min= 2.1805856990128743e-31
params_new= {'a1': 1.3856406460551018, 'a2': 1.0954451150103324, 'a3': 4.583942552595469} logZ_new= 3.135273591087723 obs_new= 2.596470180242522e-32
params_max= {'a1': 1.3856406460551018, 'a2': 1.0954451150103324, 'a3': 4.583942765843529} logZ_max= nan obs_max= 3.554547585409537e-34
dist_min= tensor(3.6919) dist_max= tensor(123.9868)
params_min,params_max=params_new,params_max
evaluating model at params_new={'a1': 1.3856406460551018, 'a2': 1.0954451150103324, 'a3': 4.583942659219499}
params_min= {'a1': 1.3856406460551018, 'a2': 1.0954451150103324, 'a3': 4.583942552595469} logZ_min= 3.135273591087723 obs_min= 2.596470180242522e-32
params_new= {'a1': 1.3856406460551018, 'a2': 1.0954451150103324, 'a3': 4.583942659219499} logZ_new= 3.1352498249625596 obs_new= 6.139297800633231e-32
params_max= {'a1': 1.3856406460551018, 'a2': 1.0954451150103324, 'a3': 4.583942765843529} logZ_max= nan obs_max= 3.554547585409537e-34
dist_min= tensor(0.5294) dist_max= tensor(123.8392)
params_min,params_max=params_new,params_max
evaluating model at params_new={'a1': 1.3856406460551018, 'a2': 1.0954451150103324, 'a3': 4.583942712531514}
params_min= {'a1': 1.3856406460551018, 'a2': 1.0954451150103324, 'a3': 4.583942659219499} logZ_min= 3.1352498249625596 obs_min= 6.139297800633231e-32
params_new= {'a1': 1.3856406460551018, 'a2': 1.0954451150103324, 'a3': 4.583942712531514} logZ_new= 3.135264853163133 obs_new= 1.822948230065614e-32
params_max= {'a1': 1.3856406460551018, 'a2': 1.0954451150103324, 'a3': 4.583942765843529} logZ_max= nan obs_max= 3.554547585409537e-34
dist_min= tensor(0.2819) dist_max= tensor(123.9757)
params_min,params_max=params_new,params_max
evaluating model at params_new={'a1': 1.3856406460551018, 'a2': 1.0954451150103324, 'a3': 4.583942739187522}
params_min= {'a1': 1.3856406460551018, 'a2': 1.0954451150103324, 'a3': 4.583942712531514} logZ_min= 3.135264853163133 obs_min= 1.822948230065614e-32
params_new= {'a1': 1.3856406460551018, 'a2': 1.0954451150103324, 'a3': 4.583942739187522} logZ_new= nan obs_new= 2.4807586214768514e-32
params_max= {'a1': 1.3856406460551018, 'a2': 1.0954451150103324, 'a3': 4.583942765843529} logZ_max= nan obs_max= 3.554547585409537e-34
dist_min= tensor(1.5104) dist_max= tensor(123.3218)
params_min,params_max=params_new,params_max
evaluating model at params_new={'a1': 1.3856406460551018, 'a2': 1.0954451150103324, 'a3': 4.583942752515526}
params_min= {'a1': 1.3856406460551018, 'a2': 1.0954451150103324, 'a3': 4.583942739187522} logZ_min= nan obs_min= 2.4807586214768514e-32
params_new= {'a1': 1.3856406460551018, 'a2': 1.0954451150103324, 'a3': 4.583942752515526} logZ_new= nan obs_new= 1.2789331423025784e-31
params_max= {'a1': 1.3856406460551018, 'a2': 1.0954451150103324, 'a3': 4.583942765843529} logZ_max= nan obs_max= 3.554547585409537e-34
dist_min= tensor(1.2954) dist_max= tensor(123.3703)
params_min,params_max=params_new,params_max
evaluating model at params_new={'a1': 1.3856406460551018, 'a2': 1.0954451150103324, 'a3': 4.583942759179528}
params_min= {'a1': 1.3856406460551018, 'a2': 1.0954451150103324, 'a3': 4.583942752515526} logZ_min= nan obs_min= 1.2789331423025784e-31
params_new= {'a1': 1.3856406460551018, 'a2': 1.0954451150103324, 'a3': 4.583942759179528} logZ_new= 3.1352740570234103 obs_new= 6.115890327559728e-35
params_max= {'a1': 1.3856406460551018, 'a2': 1.0954451150103324, 'a3': 4.583942765843529} logZ_max= nan obs_max= 3.554547585409537e-34
dist_min= tensor(29.2506) dist_max= tensor(127.3095)
params_min,params_max=params_new,params_max
evaluating model at params_new={'a1': 1.3856406460551018, 'a2': 1.0954451150103324, 'a3': 4.583942762511528}
params_min= {'a1': 1.3856406460551018, 'a2': 1.0954451150103324, 'a3': 4.583942759179528} logZ_min= 3.1352740570234103 obs_min= 6.115890327559728e-35
params_new= {'a1': 1.3856406460551018, 'a2': 1.0954451150103324, 'a3': 4.583942762511528} logZ_new= nan obs_new= 7.541512405932008e-33
params_max= {'a1': 1.3856406460551018, 'a2': 1.0954451150103324, 'a3': 4.583942765843529} logZ_max= nan obs_max= 3.554547585409537e-34
dist_min= tensor(29.3024) dist_max= tensor(123.4659)
params_min,params_max=params_new,params_max
evaluating model at params_new={'a1': 1.3856406460551018, 'a2': 1.0954451150103324, 'a3': 4.583942764177529}
params_min= {'a1': 1.3856406460551018, 'a2': 1.0954451150103324, 'a3': 4.583942762511528} logZ_min= nan obs_min= 7.541512405932008e-33
params_new= {'a1': 1.3856406460551018, 'a2': 1.0954451150103324, 'a3': 4.583942764177529} logZ_new= 3.1352307141390976 obs_new= 4.5382567060810286e-32
params_max= {'a1': 1.3856406460551018, 'a2': 1.0954451150103324, 'a3': 4.583942765843529} logZ_max= nan obs_max= 3.554547585409537e-34
dist_min= tensor(0.9968) dist_max= tensor(123.3499)
params_min,params_max=params_new,params_max
evaluating model at params_new={'a1': 1.3856406460551018, 'a2': 1.0954451150103324, 'a3': 4.583942765010529}
params_min= {'a1': 1.3856406460551018, 'a2': 1.0954451150103324, 'a3': 4.583942764177529} logZ_min= 3.1352307141390976 obs_min= 4.5382567060810286e-32
params_new= {'a1': 1.3856406460551018, 'a2': 1.0954451150103324, 'a3': 4.583942765010529} logZ_new= nan obs_new= 4.583833089470149e-32
params_max= {'a1': 1.3856406460551018, 'a2': 1.0954451150103324, 'a3': 4.583942765843529} logZ_max= nan obs_max= 3.554547585409537e-34
dist_min= tensor(168.4916) dist_max= tensor(45.1435)
params_min,params_max=params_min,params_new
evaluating model at params_new={'a1': 1.3856406460551018, 'a2': 1.0954451150103324, 'a3': 4.583942764594029}
params_min= {'a1': 1.3856406460551018, 'a2': 1.0954451150103324, 'a3': 4.583942764177529} logZ_min= 3.1352307141390976 obs_min= 4.5382567060810286e-32
params_new= {'a1': 1.3856406460551018, 'a2': 1.0954451150103324, 'a3': 4.583942764594029} logZ_new= nan obs_new= 7.050135924020967e-35
params_max= {'a1': 1.3856406460551018, 'a2': 1.0954451150103324, 'a3': 4.583942765010529} logZ_max= nan obs_max= 4.583833089470149e-32
dist_min= tensor(1.2377) dist_max= tensor(168.7030)
params_min,params_max=params_new,params_max
evaluating model at params_new={'a1': 1.3856406460551018, 'a2': 1.0954451150103324, 'a3': 4.583942764802279}
params_min= {'a1': 1.3856406460551018, 'a2': 1.0954451150103324, 'a3': 4.583942764594029} logZ_min= nan obs_min= 7.050135924020967e-35
params_new= {'a1': 1.3856406460551018, 'a2': 1.0954451150103324, 'a3': 4.583942764802279} logZ_new= 3.1352290841470634 obs_new= 4.4973435458292086e-35
params_max= {'a1': 1.3856406460551018, 'a2': 1.0954451150103324, 'a3': 4.583942765010529} logZ_max= nan obs_max= 4.583833089470149e-32
dist_min= tensor(1.7988) dist_max= tensor(169.0104)
params_min,params_max=params_new,params_max
evaluating model at params_new={'a1': 1.3856406460551018, 'a2': 1.0954451150103324, 'a3': 4.5839427649064035}
params_min= {'a1': 1.3856406460551018, 'a2': 1.0954451150103324, 'a3': 4.583942764802279} logZ_min= 3.1352290841470634 obs_min= 4.4973435458292086e-35
params_new= {'a1': 1.3856406460551018, 'a2': 1.0954451150103324, 'a3': 4.5839427649064035} logZ_new= 3.1352717440400197 obs_new= 1.8385367031595556e-35
params_max= {'a1': 1.3856406460551018, 'a2': 1.0954451150103324, 'a3': 4.583942765010529} logZ_max= nan obs_max= 4.583833089470149e-32
dist_min= tensor(0.2990) dist_max= tensor(169.1015)
params_min,params_max=params_new,params_max
evaluating model at params_new={'a1': 1.3856406460551018, 'a2': 1.0954451150103324, 'a3': 4.583942764958467}
params_min= {'a1': 1.3856406460551018, 'a2': 1.0954451150103324, 'a3': 4.5839427649064035} logZ_min= 3.1352717440400197 obs_min= 1.8385367031595556e-35
params_new= {'a1': 1.3856406460551018, 'a2': 1.0954451150103324, 'a3': 4.583942764958467} logZ_new= nan obs_new= 1.4190095869381034e-31
params_max= {'a1': 1.3856406460551018, 'a2': 1.0954451150103324, 'a3': 4.583942765010529} logZ_max= nan obs_max= 4.583833089470149e-32
dist_min= tensor(17.5575) dist_max= tensor(151.5505)
params_min,params_max=params_new,params_max
evaluating model at params_new={'a1': 1.3856406460551018, 'a2': 1.0954451150103324, 'a3': 4.5839427649844975}
params_min= {'a1': 1.3856406460551018, 'a2': 1.0954451150103324, 'a3': 4.583942764958467} logZ_min= nan obs_min= 1.4190095869381034e-31
params_new= {'a1': 1.3856406460551018, 'a2': 1.0954451150103324, 'a3': 4.5839427649844975} logZ_new= nan obs_new= 7.805357610478696e-32
params_max= {'a1': 1.3856406460551018, 'a2': 1.0954451150103324, 'a3': 4.583942765010529} logZ_max= nan obs_max= 4.583833089470149e-32
dist_min= tensor(43.3727) dist_max= tensor(108.1783)
params_min,params_max=params_new,params_max
evaluating model at params_new={'a1': 1.3856406460551018, 'a2': 1.0954451150103324, 'a3': 4.583942764997513}
params_min= {'a1': 1.3856406460551018, 'a2': 1.0954451150103324, 'a3': 4.5839427649844975} logZ_min= nan obs_min= 7.805357610478696e-32
params_new= {'a1': 1.3856406460551018, 'a2': 1.0954451150103324, 'a3': 4.583942764997513} logZ_new= 3.135271610733494 obs_new= 1.7970429733277503e-32
params_max= {'a1': 1.3856406460551018, 'a2': 1.0954451150103324, 'a3': 4.583942765010529} logZ_max= nan obs_max= 4.583833089470149e-32
dist_min= tensor(60.8897) dist_max= tensor(169.0666)
params_min,params_max=params_new,params_max
evaluating model at params_new={'a1': 1.3856406460551018, 'a2': 1.0954451150103324, 'a3': 4.583942765004021}
params_min= {'a1': 1.3856406460551018, 'a2': 1.0954451150103324, 'a3': 4.583942764997513} logZ_min= 3.135271610733494 obs_min= 1.7970429733277503e-32
params_new= {'a1': 1.3856406460551018, 'a2': 1.0954451150103324, 'a3': 4.583942765004021} logZ_new= 3.1352712241047445 obs_new= 8.722711011122301e-32
params_max= {'a1': 1.3856406460551018, 'a2': 1.0954451150103324, 'a3': 4.583942765010529} logZ_max= nan obs_max= 4.583833089470149e-32
dist_min= tensor(1.4117) dist_max= tensor(168.4945)
params_min,params_max=params_new,params_max
evaluating model at params_new={'a1': 1.3856406460551018, 'a2': 1.0954451150103324, 'a3': 4.583942765007276}
params_min= {'a1': 1.3856406460551018, 'a2': 1.0954451150103324, 'a3': 4.583942765004021} logZ_min= 3.1352712241047445 obs_min= 8.722711011122301e-32
params_new= {'a1': 1.3856406460551018, 'a2': 1.0954451150103324, 'a3': 4.583942765007276} logZ_new= nan obs_new= 3.963556490831766e-34
params_max= {'a1': 1.3856406460551018, 'a2': 1.0954451150103324, 'a3': 4.583942765010529} logZ_max= nan obs_max= 4.583833089470149e-32
dist_min= tensor(3.7028) dist_max= tensor(165.0342)
params_min,params_max=params_new,params_max
evaluating model at params_new={'a1': 1.3856406460551018, 'a2': 1.0954451150103324, 'a3': 4.583942765008903}
params_min= {'a1': 1.3856406460551018, 'a2': 1.0954451150103324, 'a3': 4.583942765007276} logZ_min= nan obs_min= 3.963556490831766e-34
params_new= {'a1': 1.3856406460551018, 'a2': 1.0954451150103324, 'a3': 4.583942765008903} logZ_new= nan obs_new= 1.2872016701573353e-32
params_max= {'a1': 1.3856406460551018, 'a2': 1.0954451150103324, 'a3': 4.583942765010529} logZ_max= nan obs_max= 4.583833089470149e-32
dist_min= tensor(3.7747) dist_max= tensor(168.6204)
params_min,params_max=params_new,params_max
evaluating model at params_new={'a1': 1.3856406460551018, 'a2': 1.0954451150103324, 'a3': 4.583942765009716}
params_min= {'a1': 1.3856406460551018, 'a2': 1.0954451150103324, 'a3': 4.583942765008903} logZ_min= nan obs_min= 1.2872016701573353e-32
params_new= {'a1': 1.3856406460551018, 'a2': 1.0954451150103324, 'a3': 4.583942765009716} logZ_new= nan obs_new= 4.5041618839321573e-35
params_max= {'a1': 1.3856406460551018, 'a2': 1.0954451150103324, 'a3': 4.583942765010529} logZ_max= nan obs_max= 4.583833089470149e-32
dist_min= tensor(0.3142) dist_max= tensor(168.5058)
params_min,params_max=params_new,params_max
evaluating model at params_new={'a1': 1.3856406460551018, 'a2': 1.0954451150103324, 'a3': 4.583942765010123}
params_min= {'a1': 1.3856406460551018, 'a2': 1.0954451150103324, 'a3': 4.583942765009716} logZ_min= nan obs_min= 4.5041618839321573e-35
params_new= {'a1': 1.3856406460551018, 'a2': 1.0954451150103324, 'a3': 4.583942765010123} logZ_new= 3.1352637571359985 obs_new= 4.360451558002998e-31
params_max= {'a1': 1.3856406460551018, 'a2': 1.0954451150103324, 'a3': 4.583942765010529} logZ_max= nan obs_max= 4.583833089470149e-32
dist_min= tensor(40.7544) dist_max= tensor(173.8946)
params_min,params_max=params_new,params_max
evaluating model at params_new={'a1': 1.3856406460551018, 'a2': 1.0954451150103324, 'a3': 4.583942765010326}
params_min= {'a1': 1.3856406460551018, 'a2': 1.0954451150103324, 'a3': 4.583942765010123} logZ_min= 3.1352637571359985 obs_min= 4.360451558002998e-31
params_new= {'a1': 1.3856406460551018, 'a2': 1.0954451150103324, 'a3': 4.583942765010326} logZ_new= nan obs_new= 1.3240317588531189e-35
params_max= {'a1': 1.3856406460551018, 'a2': 1.0954451150103324, 'a3': 4.583942765010529} logZ_max= nan obs_max= 4.583833089470149e-32
dist_min= tensor(39.4769) dist_max= tensor(168.4799)
params_min,params_max=params_new,params_max
evaluating model at params_new={'a1': 1.3856406460551018, 'a2': 1.0954451150103324, 'a3': 4.583942765010427}
params_min= {'a1': 1.3856406460551018, 'a2': 1.0954451150103324, 'a3': 4.583942765010326} logZ_min= nan obs_min= 1.3240317588531189e-35
params_new= {'a1': 1.3856406460551018, 'a2': 1.0954451150103324, 'a3': 4.583942765010427} logZ_new= 3.1352622837237356 obs_new= 3.6340291835446707e-34
params_max= {'a1': 1.3856406460551018, 'a2': 1.0954451150103324, 'a3': 4.583942765010529} logZ_max= nan obs_max= 4.583833089470149e-32
dist_min= tensor(1.7571) dist_max= tensor(169.0683)
params_min,params_max=params_new,params_max
evaluating model at params_new={'a1': 1.3856406460551018, 'a2': 1.0954451150103324, 'a3': 4.5839427650104785}
params_min= {'a1': 1.3856406460551018, 'a2': 1.0954451150103324, 'a3': 4.583942765010427} logZ_min= 3.1352622837237356 obs_min= 3.6340291835446707e-34
params_new= {'a1': 1.3856406460551018, 'a2': 1.0954451150103324, 'a3': 4.5839427650104785} logZ_new= nan obs_new= 5.679714724735294e-33
params_max= {'a1': 1.3856406460551018, 'a2': 1.0954451150103324, 'a3': 4.583942765010529} logZ_max= nan obs_max= 4.583833089470149e-32
dist_min= tensor(7.9945) dist_max= tensor(161.0788)
params_min,params_max=params_new,params_max
evaluating model at params_new={'a1': 1.3856406460551018, 'a2': 1.0954451150103324, 'a3': 4.583942765010503}
params_min= {'a1': 1.3856406460551018, 'a2': 1.0954451150103324, 'a3': 4.5839427650104785} logZ_min= nan obs_min= 5.679714724735294e-33
params_new= {'a1': 1.3856406460551018, 'a2': 1.0954451150103324, 'a3': 4.583942765010503} logZ_new= 3.135268232528867 obs_new= 2.350620994923741e-31
params_max= {'a1': 1.3856406460551018, 'a2': 1.0954451150103324, 'a3': 4.583942765010529} logZ_max= nan obs_max= 4.583833089470149e-32
dist_min= tensor(7.9537) dist_max= tensor(169.0269)
params_min,params_max=params_new,params_max
evaluating model at params_new={'a1': 1.3856406460551018, 'a2': 1.0954451150103324, 'a3': 4.583942765010516}
params_min= {'a1': 1.3856406460551018, 'a2': 1.0954451150103324, 'a3': 4.583942765010503} logZ_min= 3.135268232528867 obs_min= 2.350620994923741e-31
params_new= {'a1': 1.3856406460551018, 'a2': 1.0954451150103324, 'a3': 4.583942765010516} logZ_new= nan obs_new= 6.667314047643339e-34
params_max= {'a1': 1.3856406460551018, 'a2': 1.0954451150103324, 'a3': 4.583942765010529} logZ_max= nan obs_max= 4.583833089470149e-32
dist_min= tensor(24.1082) dist_max= tensor(144.9202)
params_min,params_max=params_new,params_max
evaluating model at params_new={'a1': 1.3856406460551018, 'a2': 1.0954451150103324, 'a3': 4.583942765010523}
params_min= {'a1': 1.3856406460551018, 'a2': 1.0954451150103324, 'a3': 4.583942765010516} logZ_min= nan obs_min= 6.667314047643339e-34
params_new= {'a1': 1.3856406460551018, 'a2': 1.0954451150103324, 'a3': 4.583942765010523} logZ_new= 3.1352720293386263 obs_new= 1.7965345168817126e-31
params_max= {'a1': 1.3856406460551018, 'a2': 1.0954451150103324, 'a3': 4.583942765010529} logZ_max= nan obs_max= 4.583833089470149e-32
dist_min= tensor(7201.5123) dist_max= tensor(7203.3480)
params_min,params_max=params_new,params_max
evaluating model at params_new={'a1': 1.3856406460551018, 'a2': 1.0954451150103324, 'a3': 4.583942765010526}
params_min= {'a1': 1.3856406460551018, 'a2': 1.0954451150103324, 'a3': 4.583942765010523} logZ_min= 3.1352720293386263 obs_min= 1.7965345168817126e-31
params_new= {'a1': 1.3856406460551018, 'a2': 1.0954451150103324, 'a3': 4.583942765010526} logZ_new= 3.135182485415977 obs_new= 2.3114112201631854e-34
params_max= {'a1': 1.3856406460551018, 'a2': 1.0954451150103324, 'a3': 4.583942765010529} logZ_max= nan obs_max= 4.583833089470149e-32
dist_min= tensor(7201.2227) dist_max= tensor(168.4996)
params_min,params_max=params_min,params_new
evaluating model at params_new={'a1': 1.3856406460551018, 'a2': 1.0954451150103324, 'a3': 4.583942765010525}
params_min= {'a1': 1.3856406460551018, 'a2': 1.0954451150103324, 'a3': 4.583942765010523} logZ_min= 3.1352720293386263 obs_min= 1.7965345168817126e-31
params_new= {'a1': 1.3856406460551018, 'a2': 1.0954451150103324, 'a3': 4.583942765010525} logZ_new= nan obs_new= 2.6835072552442722e-33
params_max= {'a1': 1.3856406460551018, 'a2': 1.0954451150103324, 'a3': 4.583942765010526} logZ_max= 3.135182485415977 obs_max= 2.3114112201631854e-34
dist_min= tensor(7201.9179) dist_max= tensor(1.1042)
params_min,params_max=params_min,params_new
evaluating model at params_new={'a1': 1.3856406460551018, 'a2': 1.0954451150103324, 'a3': 4.583942765010524}
params_min= {'a1': 1.3856406460551018, 'a2': 1.0954451150103324, 'a3': 4.583942765010523} logZ_min= 3.1352720293386263 obs_min= 1.7965345168817126e-31
params_new= {'a1': 1.3856406460551018, 'a2': 1.0954451150103324, 'a3': 4.583942765010524} logZ_new= 3.1352693460594736 obs_new= 6.523149762622687e-33
params_max= {'a1': 1.3856406460551018, 'a2': 1.0954451150103324, 'a3': 4.583942765010525} logZ_max= nan obs_max= 2.6835072552442722e-33
dist_min= tensor(7161.3711) dist_max= tensor(40.5562)
params_min,params_max=params_min,params_new
critical params found:  {'a1': 1.3856406460551018, 'a2': 1.0954451150103324, 'a3': 4.583942765010523}
reference params:  {'a1': 1.1547005383792515, 'a2': 1.8257418583505538, 'a3': 4.47213595499958}
file saved to  data/AKLT3D_X10_scan_grid_critical_a3/a1_1.3856406_a2_1.0954451/Tc.json
