Start running find_critical_temp.py with options:{'filename': 'data/AKLT3D_X10_scan_grid_critical_a3/a1_2.0784610_a2_1.8257419/Tc.json', 'log_filename': 'data/AKLT3D_X10_scan_grid_critical_a3/a1_2.0784610_a2_1.8257419/Tc.log', 'nLayers': 60, 'max_dim': 10, 'model': 'AKLT3D', 'params_min': "{'a1': 2.0784609690826525, 'a2': 1.8257418583505536, 'a3': 6.260990336999412}", 'params_max': "{'a1': 2.0784609690826525, 'a2': 1.8257418583505536, 'a3': 7.155417527999328}", 'params_ref': None, 'observable_name': 'magnetizationZ', 'tol': 0.0, 'gilt_enabled': False, 'gilt_eps': 8e-07, 'gilt_nIter': 1, 'mcf_enabled': True, 'mcf_eps': 1e-16, 'mcf_max_iter': 200, 'hotrg_sanity_check': False, 'version': 1, 'device': 'cuda:1'}
loading library...
evaluating model at params_min={'a1': 2.0784609690826525, 'a2': 1.8257418583505536, 'a3': 6.260990336999412}
params_min= {'a1': 2.0784609690826525, 'a2': 1.8257418583505536, 'a3': 6.260990336999412} logZ_min= 3.8053620811886715 obs_min= 8.956030088010426e-35
evaluating model at params_max={'a1': 2.0784609690826525, 'a2': 1.8257418583505536, 'a3': 7.155417527999328}
params_max= {'a1': 2.0784609690826525, 'a2': 1.8257418583505536, 'a3': 7.155417527999328} logZ_max= 3.9546098689664735 obs_max= 8.434012822377973
searching for critical temperature using bisection method
evaluating model at params_new={'a1': 2.0784609690826525, 'a2': 1.8257418583505536, 'a3': 6.708203932499369}
params_min= {'a1': 2.0784609690826525, 'a2': 1.8257418583505536, 'a3': 6.260990336999412} logZ_min= 3.8053620811886715 obs_min= 8.956030088010426e-35
params_new= {'a1': 2.0784609690826525, 'a2': 1.8257418583505536, 'a3': 6.708203932499369} logZ_new= 3.832005171252687 obs_new= 7.963007868200592
params_max= {'a1': 2.0784609690826525, 'a2': 1.8257418583505536, 'a3': 7.155417527999328} logZ_max= 3.9546098689664735 obs_max= 8.434012822377973
dist_min= tensor(106.4373) dist_max= tensor(5.7418)
params_min,params_max=params_min,params_new
evaluating model at params_new={'a1': 2.0784609690826525, 'a2': 1.8257418583505536, 'a3': 6.484597134749391}
params_min= {'a1': 2.0784609690826525, 'a2': 1.8257418583505536, 'a3': 6.260990336999412} logZ_min= 3.8053620811886715 obs_min= 8.956030088010426e-35
params_new= {'a1': 2.0784609690826525, 'a2': 1.8257418583505536, 'a3': 6.484597134749391} logZ_new= 3.7819078558336425 obs_new= 2.9520856297533213e-32
params_max= {'a1': 2.0784609690826525, 'a2': 1.8257418583505536, 'a3': 6.708203932499369} logZ_max= 3.832005171252687 obs_max= 7.963007868200592
dist_min= tensor(104.6468) dist_max= tensor(3.6746)
params_min,params_max=params_min,params_new
evaluating model at params_new={'a1': 2.0784609690826525, 'a2': 1.8257418583505536, 'a3': 6.372793735874401}
params_min= {'a1': 2.0784609690826525, 'a2': 1.8257418583505536, 'a3': 6.260990336999412} logZ_min= 3.8053620811886715 obs_min= 8.956030088010426e-35
params_new= {'a1': 2.0784609690826525, 'a2': 1.8257418583505536, 'a3': 6.372793735874401} logZ_new= 3.7795424753751927 obs_new= 1.0093595420896218e-33
params_max= {'a1': 2.0784609690826525, 'a2': 1.8257418583505536, 'a3': 6.484597134749391} logZ_max= 3.7819078558336425 obs_max= 2.9520856297533213e-32
dist_min= tensor(104.5871) dist_max= tensor(1.7606)
params_min,params_max=params_min,params_new
evaluating model at params_new={'a1': 2.0784609690826525, 'a2': 1.8257418583505536, 'a3': 6.316892036436906}
params_min= {'a1': 2.0784609690826525, 'a2': 1.8257418583505536, 'a3': 6.260990336999412} logZ_min= 3.8053620811886715 obs_min= 8.956030088010426e-35
params_new= {'a1': 2.0784609690826525, 'a2': 1.8257418583505536, 'a3': 6.316892036436906} logZ_new= 3.778084526482582 obs_new= 5.222604276296252e-30
params_max= {'a1': 2.0784609690826525, 'a2': 1.8257418583505536, 'a3': 6.372793735874401} logZ_max= 3.7795424753751927 obs_max= 1.0093595420896218e-33
dist_min= tensor(104.6789) dist_max= tensor(1.4661)
params_min,params_max=params_min,params_new
evaluating model at params_new={'a1': 2.0784609690826525, 'a2': 1.8257418583505536, 'a3': 6.288941186718159}
params_min= {'a1': 2.0784609690826525, 'a2': 1.8257418583505536, 'a3': 6.260990336999412} logZ_min= 3.8053620811886715 obs_min= 8.956030088010426e-35
params_new= {'a1': 2.0784609690826525, 'a2': 1.8257418583505536, 'a3': 6.288941186718159} logZ_new= 3.805927774620282 obs_new= 7.090811029747013e-36
params_max= {'a1': 2.0784609690826525, 'a2': 1.8257418583505536, 'a3': 6.316892036436906} logZ_max= 3.778084526482582 obs_max= 5.222604276296252e-30
dist_min= tensor(3.6362) dist_max= tensor(101.0598)
params_min,params_max=params_new,params_max
evaluating model at params_new={'a1': 2.0784609690826525, 'a2': 1.8257418583505536, 'a3': 6.302916611577532}
params_min= {'a1': 2.0784609690826525, 'a2': 1.8257418583505536, 'a3': 6.288941186718159} logZ_min= 3.805927774620282 obs_min= 7.090811029747013e-36
params_new= {'a1': 2.0784609690826525, 'a2': 1.8257418583505536, 'a3': 6.302916611577532} logZ_new= 3.805913674469353 obs_new= 1.3964033638085514e-29
params_max= {'a1': 2.0784609690826525, 'a2': 1.8257418583505536, 'a3': 6.316892036436906} logZ_max= 3.778084526482582 obs_max= 5.222604276296252e-30
dist_min= tensor(97.8166) dist_max= tensor(7.1628)
params_min,params_max=params_min,params_new
evaluating model at params_new={'a1': 2.0784609690826525, 'a2': 1.8257418583505536, 'a3': 6.295928899147846}
params_min= {'a1': 2.0784609690826525, 'a2': 1.8257418583505536, 'a3': 6.288941186718159} logZ_min= 3.805927774620282 obs_min= 7.090811029747013e-36
params_new= {'a1': 2.0784609690826525, 'a2': 1.8257418583505536, 'a3': 6.295928899147846} logZ_new= nan obs_new= 2.739495623315917e-34
params_max= {'a1': 2.0784609690826525, 'a2': 1.8257418583505536, 'a3': 6.302916611577532} logZ_max= 3.805913674469353 obs_max= 1.3964033638085514e-29
dist_min= tensor(97.5814) dist_max= tensor(6.5260)
params_min,params_max=params_min,params_new
evaluating model at params_new={'a1': 2.0784609690826525, 'a2': 1.8257418583505536, 'a3': 6.292435042933002}
params_min= {'a1': 2.0784609690826525, 'a2': 1.8257418583505536, 'a3': 6.288941186718159} logZ_min= 3.805927774620282 obs_min= 7.090811029747013e-36
params_new= {'a1': 2.0784609690826525, 'a2': 1.8257418583505536, 'a3': 6.292435042933002} logZ_new= 3.805704588689253 obs_new= 5.769412400761508e-31
params_max= {'a1': 2.0784609690826525, 'a2': 1.8257418583505536, 'a3': 6.295928899147846} logZ_max= nan obs_max= 2.739495623315917e-34
dist_min= tensor(97.5697) dist_max= tensor(0.9582)
params_min,params_max=params_min,params_new
evaluating model at params_new={'a1': 2.0784609690826525, 'a2': 1.8257418583505536, 'a3': 6.29068811482558}
params_min= {'a1': 2.0784609690826525, 'a2': 1.8257418583505536, 'a3': 6.288941186718159} logZ_min= 3.805927774620282 obs_min= 7.090811029747013e-36
params_new= {'a1': 2.0784609690826525, 'a2': 1.8257418583505536, 'a3': 6.29068811482558} logZ_new= nan obs_new= 1.6011181655331497e-32
params_max= {'a1': 2.0784609690826525, 'a2': 1.8257418583505536, 'a3': 6.292435042933002} logZ_max= 3.805704588689253 obs_max= 5.769412400761508e-31
dist_min= tensor(821.7366) dist_max= tensor(816.1753)
params_min,params_max=params_min,params_new
evaluating model at params_new={'a1': 2.0784609690826525, 'a2': 1.8257418583505536, 'a3': 6.28981465077187}
params_min= {'a1': 2.0784609690826525, 'a2': 1.8257418583505536, 'a3': 6.288941186718159} logZ_min= 3.805927774620282 obs_min= 7.090811029747013e-36
params_new= {'a1': 2.0784609690826525, 'a2': 1.8257418583505536, 'a3': 6.28981465077187} logZ_new= nan obs_new= 1.5207358805879803e-32
params_max= {'a1': 2.0784609690826525, 'a2': 1.8257418583505536, 'a3': 6.29068811482558} logZ_max= nan obs_max= 1.6011181655331497e-32
dist_min= tensor(97.7164) dist_max= tensor(810.4412)
params_min,params_max=params_new,params_max
evaluating model at params_new={'a1': 2.0784609690826525, 'a2': 1.8257418583505536, 'a3': 6.290251382798726}
params_min= {'a1': 2.0784609690826525, 'a2': 1.8257418583505536, 'a3': 6.28981465077187} logZ_min= nan obs_min= 1.5207358805879803e-32
params_new= {'a1': 2.0784609690826525, 'a2': 1.8257418583505536, 'a3': 6.290251382798726} logZ_new= nan obs_new= 1.1911741167006123e-30
params_max= {'a1': 2.0784609690826525, 'a2': 1.8257418583505536, 'a3': 6.29068811482558} logZ_max= nan obs_max= 1.6011181655331497e-32
dist_min= tensor(381.1459) dist_max= tensor(429.2955)
params_min,params_max=params_new,params_max
evaluating model at params_new={'a1': 2.0784609690826525, 'a2': 1.8257418583505536, 'a3': 6.2904697488121535}
params_min= {'a1': 2.0784609690826525, 'a2': 1.8257418583505536, 'a3': 6.290251382798726} logZ_min= nan obs_min= 1.1911741167006123e-30
params_new= {'a1': 2.0784609690826525, 'a2': 1.8257418583505536, 'a3': 6.2904697488121535} logZ_new= nan obs_new= 1.0026745137571007e-30
params_max= {'a1': 2.0784609690826525, 'a2': 1.8257418583505536, 'a3': 6.29068811482558} logZ_max= nan obs_max= 1.6011181655331497e-32
dist_min= tensor(386.4156) dist_max= tensor(815.7106)
params_min,params_max=params_new,params_max
evaluating model at params_new={'a1': 2.0784609690826525, 'a2': 1.8257418583505536, 'a3': 6.290578931818867}
params_min= {'a1': 2.0784609690826525, 'a2': 1.8257418583505536, 'a3': 6.2904697488121535} logZ_min= nan obs_min= 1.0026745137571007e-30
params_new= {'a1': 2.0784609690826525, 'a2': 1.8257418583505536, 'a3': 6.290578931818867} logZ_new= 3.8056490597541184 obs_new= 1.086907885292567e-31
params_max= {'a1': 2.0784609690826525, 'a2': 1.8257418583505536, 'a3': 6.29068811482558} logZ_max= nan obs_max= 1.6011181655331497e-32
dist_min= tensor(0.7695) dist_max= tensor(815.5666)
params_min,params_max=params_new,params_max
evaluating model at params_new={'a1': 2.0784609690826525, 'a2': 1.8257418583505536, 'a3': 6.290633523322224}
params_min= {'a1': 2.0784609690826525, 'a2': 1.8257418583505536, 'a3': 6.290578931818867} logZ_min= 3.8056490597541184 obs_min= 1.086907885292567e-31
params_new= {'a1': 2.0784609690826525, 'a2': 1.8257418583505536, 'a3': 6.290633523322224} logZ_new= 3.80578282101903 obs_new= 3.8071330272528814e-31
params_max= {'a1': 2.0784609690826525, 'a2': 1.8257418583505536, 'a3': 6.29068811482558} logZ_max= nan obs_max= 1.6011181655331497e-32
dist_min= tensor(1.0312) dist_max= tensor(815.5673)
params_min,params_max=params_new,params_max
evaluating model at params_new={'a1': 2.0784609690826525, 'a2': 1.8257418583505536, 'a3': 6.290660819073903}
params_min= {'a1': 2.0784609690826525, 'a2': 1.8257418583505536, 'a3': 6.290633523322224} logZ_min= 3.80578282101903 obs_min= 3.8071330272528814e-31
params_new= {'a1': 2.0784609690826525, 'a2': 1.8257418583505536, 'a3': 6.290660819073903} logZ_new= 3.8057713758444387 obs_new= 2.2660517738458516e-33
params_max= {'a1': 2.0784609690826525, 'a2': 1.8257418583505536, 'a3': 6.29068811482558} logZ_max= nan obs_max= 1.6011181655331497e-32
dist_min= tensor(1.8395) dist_max= tensor(816.2103)
params_min,params_max=params_new,params_max
evaluating model at params_new={'a1': 2.0784609690826525, 'a2': 1.8257418583505536, 'a3': 6.290674466949742}
params_min= {'a1': 2.0784609690826525, 'a2': 1.8257418583505536, 'a3': 6.290660819073903} logZ_min= 3.8057713758444387 obs_min= 2.2660517738458516e-33
params_new= {'a1': 2.0784609690826525, 'a2': 1.8257418583505536, 'a3': 6.290674466949742} logZ_new= nan obs_new= 6.933925576356923e-35
params_max= {'a1': 2.0784609690826525, 'a2': 1.8257418583505536, 'a3': 6.29068811482558} logZ_max= nan obs_max= 1.6011181655331497e-32
dist_min= tensor(13.9515) dist_max= tensor(802.2681)
params_min,params_max=params_new,params_max
evaluating model at params_new={'a1': 2.0784609690826525, 'a2': 1.8257418583505536, 'a3': 6.290681290887662}
params_min= {'a1': 2.0784609690826525, 'a2': 1.8257418583505536, 'a3': 6.290674466949742} logZ_min= nan obs_min= 6.933925576356923e-35
params_new= {'a1': 2.0784609690826525, 'a2': 1.8257418583505536, 'a3': 6.290681290887662} logZ_new= 3.8057241121996914 obs_new= 7.236712627307065e-31
params_max= {'a1': 2.0784609690826525, 'a2': 1.8257418583505536, 'a3': 6.29068811482558} logZ_max= nan obs_max= 1.6011181655331497e-32
dist_min= tensor(13.3241) dist_max= tensor(815.5669)
params_min,params_max=params_new,params_max
evaluating model at params_new={'a1': 2.0784609690826525, 'a2': 1.8257418583505536, 'a3': 6.2906847028566215}
params_min= {'a1': 2.0784609690826525, 'a2': 1.8257418583505536, 'a3': 6.290681290887662} logZ_min= 3.8057241121996914 obs_min= 7.236712627307065e-31
params_new= {'a1': 2.0784609690826525, 'a2': 1.8257418583505536, 'a3': 6.2906847028566215} logZ_new= 3.805784259570986 obs_new= 4.655125480294038e-31
params_max= {'a1': 2.0784609690826525, 'a2': 1.8257418583505536, 'a3': 6.29068811482558} logZ_max= nan obs_max= 1.6011181655331497e-32
dist_min= tensor(0.5820) dist_max= tensor(815.5672)
params_min,params_max=params_new,params_max
evaluating model at params_new={'a1': 2.0784609690826525, 'a2': 1.8257418583505536, 'a3': 6.2906864088411005}
params_min= {'a1': 2.0784609690826525, 'a2': 1.8257418583505536, 'a3': 6.2906847028566215} logZ_min= 3.805784259570986 obs_min= 4.655125480294038e-31
params_new= {'a1': 2.0784609690826525, 'a2': 1.8257418583505536, 'a3': 6.2906864088411005} logZ_new= 3.805663844009751 obs_new= 3.539707050501005e-37
params_max= {'a1': 2.0784609690826525, 'a2': 1.8257418583505536, 'a3': 6.29068811482558} logZ_max= nan obs_max= 1.6011181655331497e-32
dist_min= tensor(1.4646) dist_max= tensor(816.1708)
params_min,params_max=params_new,params_max
evaluating model at params_new={'a1': 2.0784609690826525, 'a2': 1.8257418583505536, 'a3': 6.290687261833341}
params_min= {'a1': 2.0784609690826525, 'a2': 1.8257418583505536, 'a3': 6.2906864088411005} logZ_min= 3.805663844009751 obs_min= 3.539707050501005e-37
params_new= {'a1': 2.0784609690826525, 'a2': 1.8257418583505536, 'a3': 6.290687261833341} logZ_new= 3.8056302194799074 obs_new= 2.1444881644524274e-30
params_max= {'a1': 2.0784609690826525, 'a2': 1.8257418583505536, 'a3': 6.29068811482558} logZ_max= nan obs_max= 1.6011181655331497e-32
dist_min= tensor(1.7566) dist_max= tensor(815.5676)
params_min,params_max=params_new,params_max
evaluating model at params_new={'a1': 2.0784609690826525, 'a2': 1.8257418583505536, 'a3': 6.290687688329461}
params_min= {'a1': 2.0784609690826525, 'a2': 1.8257418583505536, 'a3': 6.290687261833341} logZ_min= 3.8056302194799074 obs_min= 2.1444881644524274e-30
params_new= {'a1': 2.0784609690826525, 'a2': 1.8257418583505536, 'a3': 6.290687688329461} logZ_new= 3.8056706944730347 obs_new= 1.4134544425192595e-32
params_max= {'a1': 2.0784609690826525, 'a2': 1.8257418583505536, 'a3': 6.29068811482558} logZ_max= nan obs_max= 1.6011181655331497e-32
dist_min= tensor(1.6898) dist_max= tensor(815.9074)
params_min,params_max=params_new,params_max
evaluating model at params_new={'a1': 2.0784609690826525, 'a2': 1.8257418583505536, 'a3': 6.29068790157752}
params_min= {'a1': 2.0784609690826525, 'a2': 1.8257418583505536, 'a3': 6.290687688329461} logZ_min= 3.8056706944730347 obs_min= 1.4134544425192595e-32
params_new= {'a1': 2.0784609690826525, 'a2': 1.8257418583505536, 'a3': 6.29068790157752} logZ_new= nan obs_new= 2.337273208918857e-35
params_max= {'a1': 2.0784609690826525, 'a2': 1.8257418583505536, 'a3': 6.29068811482558} logZ_max= nan obs_max= 1.6011181655331497e-32
dist_min= tensor(2.8311) dist_max= tensor(813.0796)
params_min,params_max=params_new,params_max
evaluating model at params_new={'a1': 2.0784609690826525, 'a2': 1.8257418583505536, 'a3': 6.290688008201551}
params_min= {'a1': 2.0784609690826525, 'a2': 1.8257418583505536, 'a3': 6.29068790157752} logZ_min= nan obs_min= 2.337273208918857e-35
params_new= {'a1': 2.0784609690826525, 'a2': 1.8257418583505536, 'a3': 6.290688008201551} logZ_new= 3.805663571949432 obs_new= 1.4613878955570313e-31
params_max= {'a1': 2.0784609690826525, 'a2': 1.8257418583505536, 'a3': 6.29068811482558} logZ_max= nan obs_max= 1.6011181655331497e-32
dist_min= tensor(2.8074) dist_max= tensor(815.5673)
params_min,params_max=params_new,params_max
evaluating model at params_new={'a1': 2.0784609690826525, 'a2': 1.8257418583505536, 'a3': 6.290688061513565}
params_min= {'a1': 2.0784609690826525, 'a2': 1.8257418583505536, 'a3': 6.290688008201551} logZ_min= 3.805663571949432 obs_min= 1.4613878955570313e-31
params_new= {'a1': 2.0784609690826525, 'a2': 1.8257418583505536, 'a3': 6.290688061513565} logZ_new= 3.805695648263105 obs_new= 5.586212602571236e-32
params_max= {'a1': 2.0784609690826525, 'a2': 1.8257418583505536, 'a3': 6.29068811482558} logZ_max= nan obs_max= 1.6011181655331497e-32
dist_min= tensor(1.5595) dist_max= tensor(816.2072)
params_min,params_max=params_new,params_max
evaluating model at params_new={'a1': 2.0784609690826525, 'a2': 1.8257418583505536, 'a3': 6.290688088169572}
params_min= {'a1': 2.0784609690826525, 'a2': 1.8257418583505536, 'a3': 6.290688061513565} logZ_min= 3.805695648263105 obs_min= 5.586212602571236e-32
params_new= {'a1': 2.0784609690826525, 'a2': 1.8257418583505536, 'a3': 6.290688088169572} logZ_new= nan obs_new= 6.705448867698148e-38
params_max= {'a1': 2.0784609690826525, 'a2': 1.8257418583505536, 'a3': 6.29068811482558} logZ_max= nan obs_max= 1.6011181655331497e-32
dist_min= tensor(0.5703) dist_max= tensor(815.7313)
params_min,params_max=params_new,params_max
evaluating model at params_new={'a1': 2.0784609690826525, 'a2': 1.8257418583505536, 'a3': 6.290688101497576}
params_min= {'a1': 2.0784609690826525, 'a2': 1.8257418583505536, 'a3': 6.290688088169572} logZ_min= nan obs_min= 6.705448867698148e-38
params_new= {'a1': 2.0784609690826525, 'a2': 1.8257418583505536, 'a3': 6.290688101497576} logZ_new= 3.805782954197116 obs_new= 2.184000121547236e-31
params_max= {'a1': 2.0784609690826525, 'a2': 1.8257418583505536, 'a3': 6.29068811482558} logZ_max= nan obs_max= 1.6011181655331497e-32
dist_min= tensor(1.2121) dist_max= tensor(815.5672)
params_min,params_max=params_new,params_max
evaluating model at params_new={'a1': 2.0784609690826525, 'a2': 1.8257418583505536, 'a3': 6.290688108161579}
params_min= {'a1': 2.0784609690826525, 'a2': 1.8257418583505536, 'a3': 6.290688101497576} logZ_min= 3.805782954197116 obs_min= 2.184000121547236e-31
params_new= {'a1': 2.0784609690826525, 'a2': 1.8257418583505536, 'a3': 6.290688108161579} logZ_new= 3.8056606300706486 obs_new= 1.5537996396985272e-30
params_max= {'a1': 2.0784609690826525, 'a2': 1.8257418583505536, 'a3': 6.29068811482558} logZ_max= nan obs_max= 1.6011181655331497e-32
dist_min= tensor(1.3922) dist_max= tensor(816.0546)
params_min,params_max=params_new,params_max
evaluating model at params_new={'a1': 2.0784609690826525, 'a2': 1.8257418583505536, 'a3': 6.29068811149358}
params_min= {'a1': 2.0784609690826525, 'a2': 1.8257418583505536, 'a3': 6.290688108161579} logZ_min= 3.8056606300706486 obs_min= 1.5537996396985272e-30
params_new= {'a1': 2.0784609690826525, 'a2': 1.8257418583505536, 'a3': 6.29068811149358} logZ_new= nan obs_new= 4.0814778642106e-31
params_max= {'a1': 2.0784609690826525, 'a2': 1.8257418583505536, 'a3': 6.29068811482558} logZ_max= nan obs_max= 1.6011181655331497e-32
dist_min= tensor(1.3328) dist_max= tensor(814.7268)
params_min,params_max=params_new,params_max
evaluating model at params_new={'a1': 2.0784609690826525, 'a2': 1.8257418583505536, 'a3': 6.290688113159581}
params_min= {'a1': 2.0784609690826525, 'a2': 1.8257418583505536, 'a3': 6.29068811149358} logZ_min= nan obs_min= 4.0814778642106e-31
params_new= {'a1': 2.0784609690826525, 'a2': 1.8257418583505536, 'a3': 6.290688113159581} logZ_new= 3.805725282930076 obs_new= 1.9062373688807582e-33
params_max= {'a1': 2.0784609690826525, 'a2': 1.8257418583505536, 'a3': 6.29068811482558} logZ_max= nan obs_max= 1.6011181655331497e-32
dist_min= tensor(1.3288) dist_max= tensor(816.0191)
params_min,params_max=params_new,params_max
evaluating model at params_new={'a1': 2.0784609690826525, 'a2': 1.8257418583505536, 'a3': 6.29068811399258}
params_min= {'a1': 2.0784609690826525, 'a2': 1.8257418583505536, 'a3': 6.290688113159581} logZ_min= 3.805725282930076 obs_min= 1.9062373688807582e-33
params_new= {'a1': 2.0784609690826525, 'a2': 1.8257418583505536, 'a3': 6.29068811399258} logZ_new= nan obs_new= 8.993985631317393e-34
params_max= {'a1': 2.0784609690826525, 'a2': 1.8257418583505536, 'a3': 6.29068811482558} logZ_max= nan obs_max= 1.6011181655331497e-32
dist_min= tensor(1.0797) dist_max= tensor(815.0852)
params_min,params_max=params_new,params_max
evaluating model at params_new={'a1': 2.0784609690826525, 'a2': 1.8257418583505536, 'a3': 6.290688114409081}
params_min= {'a1': 2.0784609690826525, 'a2': 1.8257418583505536, 'a3': 6.29068811399258} logZ_min= nan obs_min= 8.993985631317393e-34
params_new= {'a1': 2.0784609690826525, 'a2': 1.8257418583505536, 'a3': 6.290688114409081} logZ_new= 3.8056801674115275 obs_new= 1.0954466791467937e-30
params_max= {'a1': 2.0784609690826525, 'a2': 1.8257418583505536, 'a3': 6.29068811482558} logZ_max= nan obs_max= 1.6011181655331497e-32
dist_min= tensor(0.8912) dist_max= tensor(815.8853)
params_min,params_max=params_new,params_max
evaluating model at params_new={'a1': 2.0784609690826525, 'a2': 1.8257418583505536, 'a3': 6.29068811461733}
params_min= {'a1': 2.0784609690826525, 'a2': 1.8257418583505536, 'a3': 6.290688114409081} logZ_min= 3.8056801674115275 obs_min= 1.0954466791467937e-30
params_new= {'a1': 2.0784609690826525, 'a2': 1.8257418583505536, 'a3': 6.29068811461733} logZ_new= 3.805778777230539 obs_new= 4.111689364271715e-30
params_max= {'a1': 2.0784609690826525, 'a2': 1.8257418583505536, 'a3': 6.29068811482558} logZ_max= nan obs_max= 1.6011181655331497e-32
dist_min= tensor(1.5441) dist_max= tensor(815.5675)
params_min,params_max=params_new,params_max
evaluating model at params_new={'a1': 2.0784609690826525, 'a2': 1.8257418583505536, 'a3': 6.290688114721455}
params_min= {'a1': 2.0784609690826525, 'a2': 1.8257418583505536, 'a3': 6.29068811461733} logZ_min= 3.805778777230539 obs_min= 4.111689364271715e-30
params_new= {'a1': 2.0784609690826525, 'a2': 1.8257418583505536, 'a3': 6.290688114721455} logZ_new= nan obs_new= 1.8691045455127283e-33
params_max= {'a1': 2.0784609690826525, 'a2': 1.8257418583505536, 'a3': 6.29068811482558} logZ_max= nan obs_max= 1.6011181655331497e-32
dist_min= tensor(1.3686) dist_max= tensor(815.4407)
params_min,params_max=params_new,params_max
evaluating model at params_new={'a1': 2.0784609690826525, 'a2': 1.8257418583505536, 'a3': 6.290688114773518}
params_min= {'a1': 2.0784609690826525, 'a2': 1.8257418583505536, 'a3': 6.290688114721455} logZ_min= nan obs_min= 1.8691045455127283e-33
params_new= {'a1': 2.0784609690826525, 'a2': 1.8257418583505536, 'a3': 6.290688114773518} logZ_new= 3.8056705068175902 obs_new= 2.0537953016097538e-32
params_max= {'a1': 2.0784609690826525, 'a2': 1.8257418583505536, 'a3': 6.29068811482558} logZ_max= nan obs_max= 1.6011181655331497e-32
dist_min= tensor(1.1324) dist_max= tensor(815.5671)
params_min,params_max=params_new,params_max
evaluating model at params_new={'a1': 2.0784609690826525, 'a2': 1.8257418583505536, 'a3': 6.290688114799549}
params_min= {'a1': 2.0784609690826525, 'a2': 1.8257418583505536, 'a3': 6.290688114773518} logZ_min= 3.8056705068175902 obs_min= 2.0537953016097538e-32
params_new= {'a1': 2.0784609690826525, 'a2': 1.8257418583505536, 'a3': 6.290688114799549} logZ_new= nan obs_new= 3.550700316439668e-33
params_max= {'a1': 2.0784609690826525, 'a2': 1.8257418583505536, 'a3': 6.29068811482558} logZ_max= nan obs_max= 1.6011181655331497e-32
dist_min= tensor(1.5171) dist_max= tensor(814.7835)
params_min,params_max=params_new,params_max
evaluating model at params_new={'a1': 2.0784609690826525, 'a2': 1.8257418583505536, 'a3': 6.290688114812564}
params_min= {'a1': 2.0784609690826525, 'a2': 1.8257418583505536, 'a3': 6.290688114799549} logZ_min= nan obs_min= 3.550700316439668e-33
params_new= {'a1': 2.0784609690826525, 'a2': 1.8257418583505536, 'a3': 6.290688114812564} logZ_new= 3.805669477582389 obs_new= 4.296774469863641e-30
params_max= {'a1': 2.0784609690826525, 'a2': 1.8257418583505536, 'a3': 6.29068811482558} logZ_max= nan obs_max= 1.6011181655331497e-32
dist_min= tensor(77.2962) dist_max= tensor(819.8343)
params_min,params_max=params_new,params_max
evaluating model at params_new={'a1': 2.0784609690826525, 'a2': 1.8257418583505536, 'a3': 6.290688114819073}
params_min= {'a1': 2.0784609690826525, 'a2': 1.8257418583505536, 'a3': 6.290688114812564} logZ_min= 3.805669477582389 obs_min= 4.296774469863641e-30
params_new= {'a1': 2.0784609690826525, 'a2': 1.8257418583505536, 'a3': 6.290688114819073} logZ_new= 3.8056733582602704 obs_new= -4.10548491883717e-34
params_max= {'a1': 2.0784609690826525, 'a2': 1.8257418583505536, 'a3': 6.29068811482558} logZ_max= nan obs_max= 1.6011181655331497e-32
dist_min= tensor(77.3938) dist_max= tensor(816.1484)
params_min,params_max=params_new,params_max
evaluating model at params_new={'a1': 2.0784609690826525, 'a2': 1.8257418583505536, 'a3': 6.290688114822327}
params_min= {'a1': 2.0784609690826525, 'a2': 1.8257418583505536, 'a3': 6.290688114819073} logZ_min= 3.8056733582602704 obs_min= -4.10548491883717e-34
params_new= {'a1': 2.0784609690826525, 'a2': 1.8257418583505536, 'a3': 6.290688114822327} logZ_new= nan obs_new= 6.073226549732836e-32
params_max= {'a1': 2.0784609690826525, 'a2': 1.8257418583505536, 'a3': 6.29068811482558} logZ_max= nan obs_max= 1.6011181655331497e-32
dist_min= tensor(25.0583) dist_max= tensor(791.0916)
params_min,params_max=params_new,params_max
evaluating model at params_new={'a1': 2.0784609690826525, 'a2': 1.8257418583505536, 'a3': 6.290688114823954}
params_min= {'a1': 2.0784609690826525, 'a2': 1.8257418583505536, 'a3': 6.290688114822327} logZ_min= nan obs_min= 6.073226549732836e-32
params_new= {'a1': 2.0784609690826525, 'a2': 1.8257418583505536, 'a3': 6.290688114823954} logZ_new= nan obs_new= 1.2835976458979433e-31
params_max= {'a1': 2.0784609690826525, 'a2': 1.8257418583505536, 'a3': 6.29068811482558} logZ_max= nan obs_max= 1.6011181655331497e-32
dist_min= tensor(4.1672) dist_max= tensor(795.2578)
params_min,params_max=params_new,params_max
evaluating model at params_new={'a1': 2.0784609690826525, 'a2': 1.8257418583505536, 'a3': 6.290688114824768}
params_min= {'a1': 2.0784609690826525, 'a2': 1.8257418583505536, 'a3': 6.290688114823954} logZ_min= nan obs_min= 1.2835976458979433e-31
params_new= {'a1': 2.0784609690826525, 'a2': 1.8257418583505536, 'a3': 6.290688114824768} logZ_new= nan obs_new= 6.315348616347341e-32
params_max= {'a1': 2.0784609690826525, 'a2': 1.8257418583505536, 'a3': 6.29068811482558} logZ_max= nan obs_max= 1.6011181655331497e-32
dist_min= tensor(8.4183) dist_max= tensor(803.6731)
params_min,params_max=params_new,params_max
evaluating model at params_new={'a1': 2.0784609690826525, 'a2': 1.8257418583505536, 'a3': 6.2906881148251745}
params_min= {'a1': 2.0784609690826525, 'a2': 1.8257418583505536, 'a3': 6.290688114824768} logZ_min= nan obs_min= 6.315348616347341e-32
params_new= {'a1': 2.0784609690826525, 'a2': 1.8257418583505536, 'a3': 6.2906881148251745} logZ_new= nan obs_new= 9.142789986575426e-30
params_max= {'a1': 2.0784609690826525, 'a2': 1.8257418583505536, 'a3': 6.29068811482558} logZ_max= nan obs_max= 1.6011181655331497e-32
dist_min= tensor(51.9173) dist_max= tensor(751.8071)
params_min,params_max=params_new,params_max
evaluating model at params_new={'a1': 2.0784609690826525, 'a2': 1.8257418583505536, 'a3': 6.290688114825377}
params_min= {'a1': 2.0784609690826525, 'a2': 1.8257418583505536, 'a3': 6.2906881148251745} logZ_min= nan obs_min= 9.142789986575426e-30
params_new= {'a1': 2.0784609690826525, 'a2': 1.8257418583505536, 'a3': 6.290688114825377} logZ_new= 3.805677808402751 obs_new= 1.0208886573633245e-35
params_max= {'a1': 2.0784609690826525, 'a2': 1.8257418583505536, 'a3': 6.29068811482558} logZ_max= nan obs_max= 1.6011181655331497e-32
dist_min= tensor(64.4381) dist_max= tensor(816.2001)
params_min,params_max=params_new,params_max
evaluating model at params_new={'a1': 2.0784609690826525, 'a2': 1.8257418583505536, 'a3': 6.290688114825478}
params_min= {'a1': 2.0784609690826525, 'a2': 1.8257418583505536, 'a3': 6.290688114825377} logZ_min= 3.805677808402751 obs_min= 1.0208886573633245e-35
params_new= {'a1': 2.0784609690826525, 'a2': 1.8257418583505536, 'a3': 6.290688114825478} logZ_new= 3.8056657674121412 obs_new= 8.032199484383135e-31
params_max= {'a1': 2.0784609690826525, 'a2': 1.8257418583505536, 'a3': 6.29068811482558} logZ_max= nan obs_max= 1.6011181655331497e-32
dist_min= tensor(0.1369) dist_max= tensor(816.1364)
params_min,params_max=params_new,params_max
evaluating model at params_new={'a1': 2.0784609690826525, 'a2': 1.8257418583505536, 'a3': 6.29068811482553}
params_min= {'a1': 2.0784609690826525, 'a2': 1.8257418583505536, 'a3': 6.290688114825478} logZ_min= 3.8056657674121412 obs_min= 8.032199484383135e-31
params_new= {'a1': 2.0784609690826525, 'a2': 1.8257418583505536, 'a3': 6.29068811482553} logZ_new= 3.8057781914321436 obs_new= 4.929124646703557e-30
params_max= {'a1': 2.0784609690826525, 'a2': 1.8257418583505536, 'a3': 6.29068811482558} logZ_max= nan obs_max= 1.6011181655331497e-32
dist_min= tensor(1.1508) dist_max= tensor(815.5669)
params_min,params_max=params_new,params_max
evaluating model at params_new={'a1': 2.0784609690826525, 'a2': 1.8257418583505536, 'a3': 6.290688114825555}
params_min= {'a1': 2.0784609690826525, 'a2': 1.8257418583505536, 'a3': 6.29068811482553} logZ_min= 3.8057781914321436 obs_min= 4.929124646703557e-30
params_new= {'a1': 2.0784609690826525, 'a2': 1.8257418583505536, 'a3': 6.290688114825555} logZ_new= 3.8056749924034317 obs_new= 5.952148970507887e-31
params_max= {'a1': 2.0784609690826525, 'a2': 1.8257418583505536, 'a3': 6.29068811482558} logZ_max= nan obs_max= 1.6011181655331497e-32
dist_min= tensor(0.5818) dist_max= tensor(815.5672)
params_min,params_max=params_new,params_max
evaluating model at params_new={'a1': 2.0784609690826525, 'a2': 1.8257418583505536, 'a3': 6.290688114825567}
params_min= {'a1': 2.0784609690826525, 'a2': 1.8257418583505536, 'a3': 6.290688114825555} logZ_min= 3.8056749924034317 obs_min= 5.952148970507887e-31
params_new= {'a1': 2.0784609690826525, 'a2': 1.8257418583505536, 'a3': 6.290688114825567} logZ_new= nan obs_new= 2.478011109175321e-29
params_max= {'a1': 2.0784609690826525, 'a2': 1.8257418583505536, 'a3': 6.29068811482558} logZ_max= nan obs_max= 1.6011181655331497e-32
dist_min= tensor(1.2827) dist_max= tensor(815.7314)
params_min,params_max=params_new,params_max
evaluating model at params_new={'a1': 2.0784609690826525, 'a2': 1.8257418583505536, 'a3': 6.290688114825574}
params_min= {'a1': 2.0784609690826525, 'a2': 1.8257418583505536, 'a3': 6.290688114825567} logZ_min= nan obs_min= 2.478011109175321e-29
params_new= {'a1': 2.0784609690826525, 'a2': 1.8257418583505536, 'a3': 6.290688114825574} logZ_new= 3.80567083098478 obs_new= 1.6995541891786334e-34
params_max= {'a1': 2.0784609690826525, 'a2': 1.8257418583505536, 'a3': 6.29068811482558} logZ_max= nan obs_max= 1.6011181655331497e-32
dist_min= tensor(0.5819) dist_max= tensor(816.1608)
params_min,params_max=params_new,params_max
evaluating model at params_new={'a1': 2.0784609690826525, 'a2': 1.8257418583505536, 'a3': 6.290688114825578}
params_min= {'a1': 2.0784609690826525, 'a2': 1.8257418583505536, 'a3': 6.290688114825574} logZ_min= 3.80567083098478 obs_min= 1.6995541891786334e-34
params_new= {'a1': 2.0784609690826525, 'a2': 1.8257418583505536, 'a3': 6.290688114825578} logZ_new= nan obs_new= 5.9750487162920615e-34
params_max= {'a1': 2.0784609690826525, 'a2': 1.8257418583505536, 'a3': 6.29068811482558} logZ_max= nan obs_max= 1.6011181655331497e-32
dist_min= tensor(0.6343) dist_max= tensor(815.5363)
params_min,params_max=params_new,params_max
evaluating model at params_new={'a1': 2.0784609690826525, 'a2': 1.8257418583505536, 'a3': 6.2906881148255795}
params_min= {'a1': 2.0784609690826525, 'a2': 1.8257418583505536, 'a3': 6.290688114825578} logZ_min= nan obs_min= 5.9750487162920615e-34
params_new= {'a1': 2.0784609690826525, 'a2': 1.8257418583505536, 'a3': 6.2906881148255795} logZ_new= 3.8057833196694224 obs_new= 1.1562088439816173e-30
params_max= {'a1': 2.0784609690826525, 'a2': 1.8257418583505536, 'a3': 6.29068811482558} logZ_max= nan obs_max= 1.6011181655331497e-32
dist_min= tensor(0.7301) dist_max= tensor(816.2122)
params_min,params_max=params_new,params_max
critical params found:  {'a1': 2.0784609690826525, 'a2': 1.8257418583505536, 'a3': 6.2906881148255795}
reference params:  {'a1': 1.1547005383792515, 'a2': 1.8257418583505538, 'a3': 4.47213595499958}
file saved to  data/AKLT3D_X10_scan_grid_critical_a3/a1_2.0784610_a2_1.8257419/Tc.json
