Start running find_critical_temp.py with options:{'filename': 'data/AKLT3D_X10_scan_grid_critical_a3/a1_1.1547005_a2_0.7302967/Tc.json', 'log_filename': 'data/AKLT3D_X10_scan_grid_critical_a3/a1_1.1547005_a2_0.7302967/Tc.log', 'nLayers': 60, 'max_dim': 10, 'model': 'AKLT3D', 'params_min': "{'a1': 1.1547005383792517, 'a2': 0.7302967433402215, 'a3': 3.577708763999664}", 'params_max': "{'a1': 1.1547005383792517, 'a2': 0.7302967433402215, 'a3': 4.47213595499958}", 'params_ref': None, 'observable_name': 'magnetizationZ', 'tol': 0.0, 'gilt_enabled': False, 'gilt_eps': 8e-07, 'gilt_nIter': 1, 'mcf_enabled': True, 'mcf_eps': 1e-16, 'mcf_max_iter': 200, 'hotrg_sanity_check': False, 'version': 1, 'device': 'cuda:1'}
loading library...
evaluating model at params_min={'a1': 1.1547005383792517, 'a2': 0.7302967433402215, 'a3': 3.577708763999664}
params_min= {'a1': 1.1547005383792517, 'a2': 0.7302967433402215, 'a3': 3.577708763999664} logZ_min= 2.842578223143338 obs_min= 1.869815008093657e-32
evaluating model at params_max={'a1': 1.1547005383792517, 'a2': 0.7302967433402215, 'a3': 4.47213595499958}
params_max= {'a1': 1.1547005383792517, 'a2': 0.7302967433402215, 'a3': 4.47213595499958} logZ_max= 2.99671162204179 obs_max= 8.881730356972444
searching for critical temperature using bisection method
evaluating model at params_new={'a1': 1.1547005383792517, 'a2': 0.7302967433402215, 'a3': 4.024922359499621}
params_min= {'a1': 1.1547005383792517, 'a2': 0.7302967433402215, 'a3': 3.577708763999664} logZ_min= 2.842578223143338 obs_min= 1.869815008093657e-32
params_new= {'a1': 1.1547005383792517, 'a2': 0.7302967433402215, 'a3': 4.024922359499621} logZ_new= nan obs_new= 2.583288246504714e-35
params_max= {'a1': 1.1547005383792517, 'a2': 0.7302967433402215, 'a3': 4.47213595499958} logZ_max= 2.99671162204179 obs_max= 8.881730356972444
dist_min= tensor(174.6667) dist_max= tensor(214.2370)
params_min,params_max=params_new,params_max
evaluating model at params_new={'a1': 1.1547005383792517, 'a2': 0.7302967433402215, 'a3': 4.2485291572496005}
params_min= {'a1': 1.1547005383792517, 'a2': 0.7302967433402215, 'a3': 4.024922359499621} logZ_min= nan obs_min= 2.583288246504714e-35
params_new= {'a1': 1.1547005383792517, 'a2': 0.7302967433402215, 'a3': 4.2485291572496005} logZ_new= 2.8923517627360984 obs_new= 8.780822991779004
params_max= {'a1': 1.1547005383792517, 'a2': 0.7302967433402215, 'a3': 4.47213595499958} logZ_max= 2.99671162204179 obs_max= 8.881730356972444
dist_min= tensor(214.9635) dist_max= tensor(2.1984)
params_min,params_max=params_min,params_new
evaluating model at params_new={'a1': 1.1547005383792517, 'a2': 0.7302967433402215, 'a3': 4.136725758374611}
params_min= {'a1': 1.1547005383792517, 'a2': 0.7302967433402215, 'a3': 4.024922359499621} logZ_min= nan obs_min= 2.583288246504714e-35
params_new= {'a1': 1.1547005383792517, 'a2': 0.7302967433402215, 'a3': 4.136725758374611} logZ_new= nan obs_new= 1.7221039493933945e-33
params_max= {'a1': 1.1547005383792517, 'a2': 0.7302967433402215, 'a3': 4.2485291572496005} logZ_max= 2.8923517627360984 obs_max= 8.780822991779004
dist_min= tensor(69.1005) dist_max= tensor(283.9733)
params_min,params_max=params_new,params_max
evaluating model at params_new={'a1': 1.1547005383792517, 'a2': 0.7302967433402215, 'a3': 4.192627457812106}
params_min= {'a1': 1.1547005383792517, 'a2': 0.7302967433402215, 'a3': 4.136725758374611} logZ_min= nan obs_min= 1.7221039493933945e-33
params_new= {'a1': 1.1547005383792517, 'a2': 0.7302967433402215, 'a3': 4.192627457812106} logZ_new= 2.8648637128508496 obs_new= 8.734534968009104
params_max= {'a1': 1.1547005383792517, 'a2': 0.7302967433402215, 'a3': 4.2485291572496005} logZ_max= 2.8923517627360984 obs_max= 8.780822991779004
dist_min= tensor(283.0679) dist_max= tensor(1.2265)
params_min,params_max=params_min,params_new
evaluating model at params_new={'a1': 1.1547005383792517, 'a2': 0.7302967433402215, 'a3': 4.164676608093359}
params_min= {'a1': 1.1547005383792517, 'a2': 0.7302967433402215, 'a3': 4.136725758374611} logZ_min= nan obs_min= 1.7221039493933945e-33
params_new= {'a1': 1.1547005383792517, 'a2': 0.7302967433402215, 'a3': 4.164676608093359} logZ_new= nan obs_new= 1.4296734396619444e-34
params_max= {'a1': 1.1547005383792517, 'a2': 0.7302967433402215, 'a3': 4.192627457812106} logZ_max= 2.8648637128508496 obs_max= 8.734534968009104
dist_min= tensor(282.6700) dist_max= tensor(10.5554)
params_min,params_max=params_min,params_new
evaluating model at params_new={'a1': 1.1547005383792517, 'a2': 0.7302967433402215, 'a3': 4.150701183233985}
params_min= {'a1': 1.1547005383792517, 'a2': 0.7302967433402215, 'a3': 4.136725758374611} logZ_min= nan obs_min= 1.7221039493933945e-33
params_new= {'a1': 1.1547005383792517, 'a2': 0.7302967433402215, 'a3': 4.150701183233985} logZ_new= nan obs_new= 4.624207883410536e-33
params_max= {'a1': 1.1547005383792517, 'a2': 0.7302967433402215, 'a3': 4.164676608093359} logZ_max= nan obs_max= 1.4296734396619444e-34
dist_min= tensor(365.0746) dist_max= tensor(231.8067)
params_min,params_max=params_min,params_new
evaluating model at params_new={'a1': 1.1547005383792517, 'a2': 0.7302967433402215, 'a3': 4.143713470804299}
params_min= {'a1': 1.1547005383792517, 'a2': 0.7302967433402215, 'a3': 4.136725758374611} logZ_min= nan obs_min= 1.7221039493933945e-33
params_new= {'a1': 1.1547005383792517, 'a2': 0.7302967433402215, 'a3': 4.143713470804299} logZ_new= nan obs_new= 6.721005625414275e-34
params_max= {'a1': 1.1547005383792517, 'a2': 0.7302967433402215, 'a3': 4.150701183233985} logZ_max= nan obs_max= 4.624207883410536e-33
dist_min= tensor(281.9236) dist_max= tensor(231.3493)
params_min,params_max=params_min,params_new
evaluating model at params_new={'a1': 1.1547005383792517, 'a2': 0.7302967433402215, 'a3': 4.140219614589455}
params_min= {'a1': 1.1547005383792517, 'a2': 0.7302967433402215, 'a3': 4.136725758374611} logZ_min= nan obs_min= 1.7221039493933945e-33
params_new= {'a1': 1.1547005383792517, 'a2': 0.7302967433402215, 'a3': 4.140219614589455} logZ_new= nan obs_new= 1.9493952442095383e-34
params_max= {'a1': 1.1547005383792517, 'a2': 0.7302967433402215, 'a3': 4.143713470804299} logZ_max= nan obs_max= 6.721005625414275e-34
dist_min= tensor(288.7839) dist_max= tensor(62.4345)
params_min,params_max=params_min,params_new
evaluating model at params_new={'a1': 1.1547005383792517, 'a2': 0.7302967433402215, 'a3': 4.138472686482033}
params_min= {'a1': 1.1547005383792517, 'a2': 0.7302967433402215, 'a3': 4.136725758374611} logZ_min= nan obs_min= 1.7221039493933945e-33
params_new= {'a1': 1.1547005383792517, 'a2': 0.7302967433402215, 'a3': 4.138472686482033} logZ_new= 2.857512267263539 obs_new= 8.499200579935728e-33
params_max= {'a1': 1.1547005383792517, 'a2': 0.7302967433402215, 'a3': 4.140219614589455} logZ_max= nan obs_max= 1.9493952442095383e-34
dist_min= tensor(281.7760) dist_max= tensor(63.2866)
params_min,params_max=params_min,params_new
evaluating model at params_new={'a1': 1.1547005383792517, 'a2': 0.7302967433402215, 'a3': 4.137599222428323}
params_min= {'a1': 1.1547005383792517, 'a2': 0.7302967433402215, 'a3': 4.136725758374611} logZ_min= nan obs_min= 1.7221039493933945e-33
params_new= {'a1': 1.1547005383792517, 'a2': 0.7302967433402215, 'a3': 4.137599222428323} logZ_new= 2.8573861213804874 obs_new= 9.46946767514964e-33
params_max= {'a1': 1.1547005383792517, 'a2': 0.7302967433402215, 'a3': 4.138472686482033} logZ_max= 2.857512267263539 obs_max= 8.499200579935728e-33
dist_min= tensor(281.7530) dist_max= tensor(1.3417)
params_min,params_max=params_min,params_new
evaluating model at params_new={'a1': 1.1547005383792517, 'a2': 0.7302967433402215, 'a3': 4.137162490401467}
params_min= {'a1': 1.1547005383792517, 'a2': 0.7302967433402215, 'a3': 4.136725758374611} logZ_min= nan obs_min= 1.7221039493933945e-33
params_new= {'a1': 1.1547005383792517, 'a2': 0.7302967433402215, 'a3': 4.137162490401467} logZ_new= 2.8574786571213084 obs_new= 5.264434702880425e-34
params_max= {'a1': 1.1547005383792517, 'a2': 0.7302967433402215, 'a3': 4.137599222428323} logZ_max= 2.8573861213804874 obs_max= 9.46946767514964e-33
dist_min= tensor(281.7392) dist_max= tensor(1.1873)
params_min,params_max=params_min,params_new
evaluating model at params_new={'a1': 1.1547005383792517, 'a2': 0.7302967433402215, 'a3': 4.136944124388039}
params_min= {'a1': 1.1547005383792517, 'a2': 0.7302967433402215, 'a3': 4.136725758374611} logZ_min= nan obs_min= 1.7221039493933945e-33
params_new= {'a1': 1.1547005383792517, 'a2': 0.7302967433402215, 'a3': 4.136944124388039} logZ_new= 2.857478101221405 obs_new= 4.305134168928653e-32
params_max= {'a1': 1.1547005383792517, 'a2': 0.7302967433402215, 'a3': 4.137162490401467} logZ_max= 2.8574786571213084 obs_max= 5.264434702880425e-34
dist_min= tensor(281.7368) dist_max= tensor(1.1490)
params_min,params_max=params_min,params_new
evaluating model at params_new={'a1': 1.1547005383792517, 'a2': 0.7302967433402215, 'a3': 4.136834941381325}
params_min= {'a1': 1.1547005383792517, 'a2': 0.7302967433402215, 'a3': 4.136725758374611} logZ_min= nan obs_min= 1.7221039493933945e-33
params_new= {'a1': 1.1547005383792517, 'a2': 0.7302967433402215, 'a3': 4.136834941381325} logZ_new= 2.8573615675013397 obs_new= 9.660376766717659e-33
params_max= {'a1': 1.1547005383792517, 'a2': 0.7302967433402215, 'a3': 4.136944124388039} logZ_max= 2.857478101221405 obs_max= 4.305134168928653e-32
dist_min= tensor(281.9008) dist_max= tensor(10.4474)
params_min,params_max=params_min,params_new
evaluating model at params_new={'a1': 1.1547005383792517, 'a2': 0.7302967433402215, 'a3': 4.136780349877968}
params_min= {'a1': 1.1547005383792517, 'a2': 0.7302967433402215, 'a3': 4.136725758374611} logZ_min= nan obs_min= 1.7221039493933945e-33
params_new= {'a1': 1.1547005383792517, 'a2': 0.7302967433402215, 'a3': 4.136780349877968} logZ_new= nan obs_new= 1.682969058374729e-34
params_max= {'a1': 1.1547005383792517, 'a2': 0.7302967433402215, 'a3': 4.136834941381325} logZ_max= 2.8573615675013397 obs_max= 9.660376766717659e-33
dist_min= tensor(281.7294) dist_max= tensor(10.9141)
params_min,params_max=params_min,params_new
evaluating model at params_new={'a1': 1.1547005383792517, 'a2': 0.7302967433402215, 'a3': 4.13675305412629}
params_min= {'a1': 1.1547005383792517, 'a2': 0.7302967433402215, 'a3': 4.136725758374611} logZ_min= nan obs_min= 1.7221039493933945e-33
params_new= {'a1': 1.1547005383792517, 'a2': 0.7302967433402215, 'a3': 4.13675305412629} logZ_new= 2.8576073849853265 obs_new= 1.445920525919581e-34
params_max= {'a1': 1.1547005383792517, 'a2': 0.7302967433402215, 'a3': 4.136780349877968} logZ_max= nan obs_max= 1.682969058374729e-34
dist_min= tensor(5.3589) dist_max= tensor(281.8216)
params_min,params_max=params_new,params_max
evaluating model at params_new={'a1': 1.1547005383792517, 'a2': 0.7302967433402215, 'a3': 4.136766702002129}
params_min= {'a1': 1.1547005383792517, 'a2': 0.7302967433402215, 'a3': 4.13675305412629} logZ_min= 2.8576073849853265 obs_min= 1.445920525919581e-34
params_new= {'a1': 1.1547005383792517, 'a2': 0.7302967433402215, 'a3': 4.136766702002129} logZ_new= nan obs_new= 9.767070483208696e-36
params_max= {'a1': 1.1547005383792517, 'a2': 0.7302967433402215, 'a3': 4.136780349877968} logZ_max= nan obs_max= 1.682969058374729e-34
dist_min= tensor(283.7278) dist_max= tensor(32.5401)
params_min,params_max=params_min,params_new
evaluating model at params_new={'a1': 1.1547005383792517, 'a2': 0.7302967433402215, 'a3': 4.136759878064209}
params_min= {'a1': 1.1547005383792517, 'a2': 0.7302967433402215, 'a3': 4.13675305412629} logZ_min= 2.8576073849853265 obs_min= 1.445920525919581e-34
params_new= {'a1': 1.1547005383792517, 'a2': 0.7302967433402215, 'a3': 4.136759878064209} logZ_new= nan obs_new= 4.446756833063966e-32
params_max= {'a1': 1.1547005383792517, 'a2': 0.7302967433402215, 'a3': 4.136766702002129} logZ_max= nan obs_max= 9.767070483208696e-36
dist_min= tensor(281.8217) dist_max= tensor(31.8105)
params_min,params_max=params_min,params_new
evaluating model at params_new={'a1': 1.1547005383792517, 'a2': 0.7302967433402215, 'a3': 4.13675646609525}
params_min= {'a1': 1.1547005383792517, 'a2': 0.7302967433402215, 'a3': 4.13675305412629} logZ_min= 2.8576073849853265 obs_min= 1.445920525919581e-34
params_new= {'a1': 1.1547005383792517, 'a2': 0.7302967433402215, 'a3': 4.13675646609525} logZ_new= 2.8576903226909764 obs_new= 2.3675121858539738e-32
params_max= {'a1': 1.1547005383792517, 'a2': 0.7302967433402215, 'a3': 4.136759878064209} logZ_max= nan obs_max= 4.446756833063966e-32
dist_min= tensor(0.3386) dist_max= tensor(281.8223)
params_min,params_max=params_new,params_max
evaluating model at params_new={'a1': 1.1547005383792517, 'a2': 0.7302967433402215, 'a3': 4.1367581720797295}
params_min= {'a1': 1.1547005383792517, 'a2': 0.7302967433402215, 'a3': 4.13675646609525} logZ_min= 2.8576903226909764 obs_min= 2.3675121858539738e-32
params_new= {'a1': 1.1547005383792517, 'a2': 0.7302967433402215, 'a3': 4.1367581720797295} logZ_new= nan obs_new= 9.131408912090308e-33
params_max= {'a1': 1.1547005383792517, 'a2': 0.7302967433402215, 'a3': 4.136759878064209} logZ_max= nan obs_max= 4.446756833063966e-32
dist_min= tensor(18.8275) dist_max= tensor(282.2503)
params_min,params_max=params_new,params_max
evaluating model at params_new={'a1': 1.1547005383792517, 'a2': 0.7302967433402215, 'a3': 4.136759025071969}
params_min= {'a1': 1.1547005383792517, 'a2': 0.7302967433402215, 'a3': 4.1367581720797295} logZ_min= nan obs_min= 9.131408912090308e-33
params_new= {'a1': 1.1547005383792517, 'a2': 0.7302967433402215, 'a3': 4.136759025071969} logZ_new= nan obs_new= 5.979795546849358e-35
params_max= {'a1': 1.1547005383792517, 'a2': 0.7302967433402215, 'a3': 4.136759878064209} logZ_max= nan obs_max= 4.446756833063966e-32
dist_min= tensor(16.0553) dist_max= tensor(281.7544)
params_min,params_max=params_new,params_max
evaluating model at params_new={'a1': 1.1547005383792517, 'a2': 0.7302967433402215, 'a3': 4.136759451568089}
params_min= {'a1': 1.1547005383792517, 'a2': 0.7302967433402215, 'a3': 4.136759025071969} logZ_min= nan obs_min= 5.979795546849358e-35
params_new= {'a1': 1.1547005383792517, 'a2': 0.7302967433402215, 'a3': 4.136759451568089} logZ_new= 2.8576695940980077 obs_new= 3.01346638337655e-32
params_max= {'a1': 1.1547005383792517, 'a2': 0.7302967433402215, 'a3': 4.136759878064209} logZ_max= nan obs_max= 4.446756833063966e-32
dist_min= tensor(1.9221) dist_max= tensor(281.7565)
params_min,params_max=params_new,params_max
evaluating model at params_new={'a1': 1.1547005383792517, 'a2': 0.7302967433402215, 'a3': 4.136759664816149}
params_min= {'a1': 1.1547005383792517, 'a2': 0.7302967433402215, 'a3': 4.136759451568089} logZ_min= 2.8576695940980077 obs_min= 3.01346638337655e-32
