Start running find_critical_temp.py with options:{'filename': 'data/AKLT3D_X10_scan_grid_critical_a3/a1_2.3094011_a2_3.2863353/Tc.json', 'log_filename': 'data/AKLT3D_X10_scan_grid_critical_a3/a1_2.3094011_a2_3.2863353/Tc.log', 'nLayers': 60, 'max_dim': 10, 'model': 'AKLT3D', 'params_min': "{'a1': 2.309401076758503, 'a2': 3.286335345030997, 'a3': 6.260990336999412}", 'params_max': "{'a1': 2.309401076758503, 'a2': 3.286335345030997, 'a3': 7.155417527999328}", 'params_ref': None, 'observable_name': 'magnetizationZ', 'tol': 0.0, 'gilt_enabled': False, 'gilt_eps': 8e-07, 'gilt_nIter': 1, 'mcf_enabled': True, 'mcf_eps': 1e-16, 'mcf_max_iter': 200, 'hotrg_sanity_check': False, 'version': 1, 'device': 'cuda:1'}
loading library...
evaluating model at params_min={'a1': 2.309401076758503, 'a2': 3.286335345030997, 'a3': 6.260990336999412}
params_min= {'a1': 2.309401076758503, 'a2': 3.286335345030997, 'a3': 6.260990336999412} logZ_min= 4.16629860478418 obs_min= 2.6072701689198206e-32
evaluating model at params_max={'a1': 2.309401076758503, 'a2': 3.286335345030997, 'a3': 7.155417527999328}
params_max= {'a1': 2.309401076758503, 'a2': 3.286335345030997, 'a3': 7.155417527999328} logZ_max= 4.1859501628414995 obs_max= 1.8666285418462119
searching for critical temperature using bisection method
evaluating model at params_new={'a1': 2.309401076758503, 'a2': 3.286335345030997, 'a3': 6.708203932499369}
params_min= {'a1': 2.309401076758503, 'a2': 3.286335345030997, 'a3': 6.260990336999412} logZ_min= 4.16629860478418 obs_min= 2.6072701689198206e-32
params_new= {'a1': 2.309401076758503, 'a2': 3.286335345030997, 'a3': 6.708203932499369} logZ_new= 4.17548230798827 obs_new= 0.37526144192121974
params_max= {'a1': 2.309401076758503, 'a2': 3.286335345030997, 'a3': 7.155417527999328} logZ_max= 4.1859501628414995 obs_max= 1.8666285418462119
dist_min= tensor(110.2744) dist_max= tensor(43.2550)
params_min,params_max=params_min,params_new
evaluating model at params_new={'a1': 2.309401076758503, 'a2': 3.286335345030997, 'a3': 6.484597134749391}
params_min= {'a1': 2.309401076758503, 'a2': 3.286335345030997, 'a3': 6.260990336999412} logZ_min= 4.16629860478418 obs_min= 2.6072701689198206e-32
params_new= {'a1': 2.309401076758503, 'a2': 3.286335345030997, 'a3': 6.484597134749391} logZ_new= 4.171436689140191 obs_new= 1.4604653163460245e-29
params_max= {'a1': 2.309401076758503, 'a2': 3.286335345030997, 'a3': 6.708203932499369} logZ_max= 4.17548230798827 obs_max= 0.37526144192121974
dist_min= tensor(42.1763) dist_max= tensor(101.4972)
params_min,params_max=params_new,params_max
evaluating model at params_new={'a1': 2.309401076758503, 'a2': 3.286335345030997, 'a3': 6.59640053362438}
params_min= {'a1': 2.309401076758503, 'a2': 3.286335345030997, 'a3': 6.484597134749391} logZ_min= 4.171436689140191 obs_min= 1.4604653163460245e-29
params_new= {'a1': 2.309401076758503, 'a2': 3.286335345030997, 'a3': 6.59640053362438} logZ_new= nan obs_new= 1.913733810897804e-28
params_max= {'a1': 2.309401076758503, 'a2': 3.286335345030997, 'a3': 6.708203932499369} logZ_max= 4.17548230798827 obs_max= 0.37526144192121974
dist_min= tensor(2.8507) dist_max= tensor(101.8584)
params_min,params_max=params_new,params_max
evaluating model at params_new={'a1': 2.309401076758503, 'a2': 3.286335345030997, 'a3': 6.652302233061874}
params_min= {'a1': 2.309401076758503, 'a2': 3.286335345030997, 'a3': 6.59640053362438} logZ_min= nan obs_min= 1.913733810897804e-28
params_new= {'a1': 2.309401076758503, 'a2': 3.286335345030997, 'a3': 6.652302233061874} logZ_new= 4.177460020717556 obs_new= 0.47547019115132527
params_max= {'a1': 2.309401076758503, 'a2': 3.286335345030997, 'a3': 6.708203932499369} logZ_max= 4.17548230798827 obs_max= 0.37526144192121974
dist_min= tensor(3.9003) dist_max= tensor(101.3672)
params_min,params_max=params_new,params_max
evaluating model at params_new={'a1': 2.309401076758503, 'a2': 3.286335345030997, 'a3': 6.680253082780622}
params_min= {'a1': 2.309401076758503, 'a2': 3.286335345030997, 'a3': 6.652302233061874} logZ_min= 4.177460020717556 obs_min= 0.47547019115132527
params_new= {'a1': 2.309401076758503, 'a2': 3.286335345030997, 'a3': 6.680253082780622} logZ_new= 4.174806998150434 obs_new= 0.30247113711534773
params_max= {'a1': 2.309401076758503, 'a2': 3.286335345030997, 'a3': 6.708203932499369} logZ_max= 4.17548230798827 obs_max= 0.37526144192121974
dist_min= tensor(681.3596) dist_max= tensor(674.2290)
params_min,params_max=params_min,params_new
evaluating model at params_new={'a1': 2.309401076758503, 'a2': 3.286335345030997, 'a3': 6.666277657921248}
params_min= {'a1': 2.309401076758503, 'a2': 3.286335345030997, 'a3': 6.652302233061874} logZ_min= 4.177460020717556 obs_min= 0.47547019115132527
params_new= {'a1': 2.309401076758503, 'a2': 3.286335345030997, 'a3': 6.666277657921248} logZ_new= 4.174495571454306 obs_new= 0.2676249363813672
params_max= {'a1': 2.309401076758503, 'a2': 3.286335345030997, 'a3': 6.680253082780622} logZ_max= 4.174806998150434 obs_max= 0.30247113711534773
dist_min= tensor(107.9528) dist_max= tensor(674.0911)
params_min,params_max=params_new,params_max
evaluating model at params_new={'a1': 2.309401076758503, 'a2': 3.286335345030997, 'a3': 6.673265370350935}
params_min= {'a1': 2.309401076758503, 'a2': 3.286335345030997, 'a3': 6.666277657921248} logZ_min= 4.174495571454306 obs_min= 0.2676249363813672
params_new= {'a1': 2.309401076758503, 'a2': 3.286335345030997, 'a3': 6.673265370350935} logZ_new= 4.174654844253882 obs_new= 0.28435525668149747
params_max= {'a1': 2.309401076758503, 'a2': 3.286335345030997, 'a3': 6.680253082780622} logZ_max= 4.174806998150434 obs_max= 0.30247113711534773
dist_min= tensor(30.0943) dist_max= tensor(673.3298)
params_min,params_max=params_new,params_max
evaluating model at params_new={'a1': 2.309401076758503, 'a2': 3.286335345030997, 'a3': 6.676759226565778}
params_min= {'a1': 2.309401076758503, 'a2': 3.286335345030997, 'a3': 6.673265370350935} logZ_min= 4.174654844253882 obs_min= 0.28435525668149747
params_new= {'a1': 2.309401076758503, 'a2': 3.286335345030997, 'a3': 6.676759226565778} logZ_new= 4.174721595702948 obs_new= 0.29607598006305696
params_max= {'a1': 2.309401076758503, 'a2': 3.286335345030997, 'a3': 6.680253082780622} logZ_max= 4.174806998150434 obs_max= 0.30247113711534773
dist_min= tensor(37.0549) dist_max= tensor(674.2344)
params_min,params_max=params_new,params_max
evaluating model at params_new={'a1': 2.309401076758503, 'a2': 3.286335345030997, 'a3': 6.6785061546732}
params_min= {'a1': 2.309401076758503, 'a2': 3.286335345030997, 'a3': 6.676759226565778} logZ_min= 4.174721595702948 obs_min= 0.29607598006305696
params_new= {'a1': 2.309401076758503, 'a2': 3.286335345030997, 'a3': 6.6785061546732} logZ_new= 4.164870194394308 obs_new= 0.5478754377648046
params_max= {'a1': 2.309401076758503, 'a2': 3.286335345030997, 'a3': 6.680253082780622} logZ_max= 4.174806998150434 obs_max= 0.30247113711534773
dist_min= tensor(20.9930) dist_max= tensor(673.6454)
params_min,params_max=params_new,params_max
evaluating model at params_new={'a1': 2.309401076758503, 'a2': 3.286335345030997, 'a3': 6.6793796187269106}
params_min= {'a1': 2.309401076758503, 'a2': 3.286335345030997, 'a3': 6.6785061546732} logZ_min= 4.164870194394308 obs_min= 0.5478754377648046
params_new= {'a1': 2.309401076758503, 'a2': 3.286335345030997, 'a3': 6.6793796187269106} logZ_new= nan obs_new= 0.30105961378708684
params_max= {'a1': 2.309401076758503, 'a2': 3.286335345030997, 'a3': 6.680253082780622} logZ_max= 4.174806998150434 obs_max= 0.30247113711534773
dist_min= tensor(34.2532) dist_max= tensor(673.9943)
params_min,params_max=params_new,params_max
evaluating model at params_new={'a1': 2.309401076758503, 'a2': 3.286335345030997, 'a3': 6.679816350753766}
params_min= {'a1': 2.309401076758503, 'a2': 3.286335345030997, 'a3': 6.6793796187269106} logZ_min= nan obs_min= 0.30105961378708684
params_new= {'a1': 2.309401076758503, 'a2': 3.286335345030997, 'a3': 6.679816350753766} logZ_new= 4.16440098247478 obs_new= 0.5413673476902984
params_max= {'a1': 2.309401076758503, 'a2': 3.286335345030997, 'a3': 6.680253082780622} logZ_max= 4.174806998150434 obs_max= 0.30247113711534773
dist_min= tensor(35.5820) dist_max= tensor(674.3527)
params_min,params_max=params_new,params_max
evaluating model at params_new={'a1': 2.309401076758503, 'a2': 3.286335345030997, 'a3': 6.680034716767194}
params_min= {'a1': 2.309401076758503, 'a2': 3.286335345030997, 'a3': 6.679816350753766} logZ_min= 4.16440098247478 obs_min= 0.5413673476902984
params_new= {'a1': 2.309401076758503, 'a2': 3.286335345030997, 'a3': 6.680034716767194} logZ_new= 4.174803224791965 obs_new= 0.30651208198330626
params_max= {'a1': 2.309401076758503, 'a2': 3.286335345030997, 'a3': 6.680253082780622} logZ_max= 4.174806998150434 obs_max= 0.30247113711534773
dist_min= tensor(21.8222) dist_max= tensor(673.8328)
params_min,params_max=params_new,params_max
evaluating model at params_new={'a1': 2.309401076758503, 'a2': 3.286335345030997, 'a3': 6.680143899773908}
params_min= {'a1': 2.309401076758503, 'a2': 3.286335345030997, 'a3': 6.680034716767194} logZ_min= 4.174803224791965 obs_min= 0.30651208198330626
params_new= {'a1': 2.309401076758503, 'a2': 3.286335345030997, 'a3': 6.680143899773908} logZ_new= 4.174802504950937 obs_new= 0.30421566034792585
params_max= {'a1': 2.309401076758503, 'a2': 3.286335345030997, 'a3': 6.680253082780622} logZ_max= 4.174806998150434 obs_max= 0.30247113711534773
dist_min= tensor(1.5784) dist_max= tensor(673.3502)
params_min,params_max=params_new,params_max
evaluating model at params_new={'a1': 2.309401076758503, 'a2': 3.286335345030997, 'a3': 6.680198491277265}
params_min= {'a1': 2.309401076758503, 'a2': 3.286335345030997, 'a3': 6.680143899773908} logZ_min= 4.174802504950937 obs_min= 0.30421566034792585
params_new= {'a1': 2.309401076758503, 'a2': 3.286335345030997, 'a3': 6.680198491277265} logZ_new= 4.174805631531979 obs_new= 0.3067875369043539
params_max= {'a1': 2.309401076758503, 'a2': 3.286335345030997, 'a3': 6.680253082780622} logZ_max= 4.174806998150434 obs_max= 0.30247113711534773
dist_min= tensor(1.1303) dist_max= tensor(673.4103)
params_min,params_max=params_new,params_max
evaluating model at params_new={'a1': 2.309401076758503, 'a2': 3.286335345030997, 'a3': 6.680225787028943}
params_min= {'a1': 2.309401076758503, 'a2': 3.286335345030997, 'a3': 6.680198491277265} logZ_min= 4.174805631531979 obs_min= 0.3067875369043539
params_new= {'a1': 2.309401076758503, 'a2': 3.286335345030997, 'a3': 6.680225787028943} logZ_new= nan obs_new= 0.3024624064459356
params_max= {'a1': 2.309401076758503, 'a2': 3.286335345030997, 'a3': 6.680253082780622} logZ_max= 4.174806998150434 obs_max= 0.30247113711534773
dist_min= tensor(90.5313) dist_max= tensor(676.8940)
params_min,params_max=params_new,params_max
evaluating model at params_new={'a1': 2.309401076758503, 'a2': 3.286335345030997, 'a3': 6.680239434904783}
params_min= {'a1': 2.309401076758503, 'a2': 3.286335345030997, 'a3': 6.680225787028943} logZ_min= nan obs_min= 0.3024624064459356
params_new= {'a1': 2.309401076758503, 'a2': 3.286335345030997, 'a3': 6.680239434904783} logZ_new= nan obs_new= 0.5354553103217101
params_max= {'a1': 2.309401076758503, 'a2': 3.286335345030997, 'a3': 6.680253082780622} logZ_max= 4.174806998150434 obs_max= 0.30247113711534773
dist_min= tensor(121.1445) dist_max= tensor(678.8785)
params_min,params_max=params_new,params_max
evaluating model at params_new={'a1': 2.309401076758503, 'a2': 3.286335345030997, 'a3': 6.680246258842702}
params_min= {'a1': 2.309401076758503, 'a2': 3.286335345030997, 'a3': 6.680239434904783} logZ_min= nan obs_min= 0.5354553103217101
params_new= {'a1': 2.309401076758503, 'a2': 3.286335345030997, 'a3': 6.680246258842702} logZ_new= 4.164416887280579 obs_new= 0.5429099421515283
params_max= {'a1': 2.309401076758503, 'a2': 3.286335345030997, 'a3': 6.680253082780622} logZ_max= 4.174806998150434 obs_max= 0.30247113711534773
dist_min= tensor(78.4598) dist_max= tensor(673.6934)
params_min,params_max=params_new,params_max
evaluating model at params_new={'a1': 2.309401076758503, 'a2': 3.286335345030997, 'a3': 6.680249670811662}
params_min= {'a1': 2.309401076758503, 'a2': 3.286335345030997, 'a3': 6.680246258842702} logZ_min= 4.164416887280579 obs_min= 0.5429099421515283
params_new= {'a1': 2.309401076758503, 'a2': 3.286335345030997, 'a3': 6.680249670811662} logZ_new= nan obs_new= 0.3074232179419125
params_max= {'a1': 2.309401076758503, 'a2': 3.286335345030997, 'a3': 6.680253082780622} logZ_max= 4.174806998150434 obs_max= 0.30247113711534773
dist_min= tensor(22.0877) dist_max= tensor(674.1027)
params_min,params_max=params_new,params_max
evaluating model at params_new={'a1': 2.309401076758503, 'a2': 3.286335345030997, 'a3': 6.680251376796142}
params_min= {'a1': 2.309401076758503, 'a2': 3.286335345030997, 'a3': 6.680249670811662} logZ_min= nan obs_min= 0.3074232179419125
params_new= {'a1': 2.309401076758503, 'a2': 3.286335345030997, 'a3': 6.680251376796142} logZ_new= 4.174679690818078 obs_new= 0.3085527673257349
params_max= {'a1': 2.309401076758503, 'a2': 3.286335345030997, 'a3': 6.680253082780622} logZ_max= 4.174806998150434 obs_max= 0.30247113711534773
dist_min= tensor(2.9721) dist_max= tensor(674.2345)
params_min,params_max=params_new,params_max
evaluating model at params_new={'a1': 2.309401076758503, 'a2': 3.286335345030997, 'a3': 6.6802522297883815}
params_min= {'a1': 2.309401076758503, 'a2': 3.286335345030997, 'a3': 6.680251376796142} logZ_min= 4.174679690818078 obs_min= 0.3085527673257349
params_new= {'a1': 2.309401076758503, 'a2': 3.286335345030997, 'a3': 6.6802522297883815} logZ_new= 4.174806238576144 obs_new= 0.3043810085604249
params_max= {'a1': 2.309401076758503, 'a2': 3.286335345030997, 'a3': 6.680253082780622} logZ_max= 4.174806998150434 obs_max= 0.30247113711534773
dist_min= tensor(3.0829) dist_max= tensor(673.3543)
params_min,params_max=params_new,params_max
evaluating model at params_new={'a1': 2.309401076758503, 'a2': 3.286335345030997, 'a3': 6.680252656284502}
params_min= {'a1': 2.309401076758503, 'a2': 3.286335345030997, 'a3': 6.6802522297883815} logZ_min= 4.174806238576144 obs_min= 0.3043810085604249
params_new= {'a1': 2.309401076758503, 'a2': 3.286335345030997, 'a3': 6.680252656284502} logZ_new= 4.174808969738627 obs_new= 0.30738080279917657
params_max= {'a1': 2.309401076758503, 'a2': 3.286335345030997, 'a3': 6.680253082780622} logZ_max= 4.174806998150434 obs_max= 0.30247113711534773
dist_min= tensor(2.1344) dist_max= tensor(674.2230)
params_min,params_max=params_new,params_max
evaluating model at params_new={'a1': 2.309401076758503, 'a2': 3.286335345030997, 'a3': 6.680252869532562}
params_min= {'a1': 2.309401076758503, 'a2': 3.286335345030997, 'a3': 6.680252656284502} logZ_min= 4.174808969738627 obs_min= 0.30738080279917657
params_new= {'a1': 2.309401076758503, 'a2': 3.286335345030997, 'a3': 6.680252869532562} logZ_new= nan obs_new= 0.5411679880641646
params_max= {'a1': 2.309401076758503, 'a2': 3.286335345030997, 'a3': 6.680253082780622} logZ_max= 4.174806998150434 obs_max= 0.30247113711534773
dist_min= tensor(20.6695) dist_max= tensor(674.3037)
params_min,params_max=params_new,params_max
evaluating model at params_new={'a1': 2.309401076758503, 'a2': 3.286335345030997, 'a3': 6.680252976156591}
params_min= {'a1': 2.309401076758503, 'a2': 3.286335345030997, 'a3': 6.680252869532562} logZ_min= nan obs_min= 0.5411679880641646
params_new= {'a1': 2.309401076758503, 'a2': 3.286335345030997, 'a3': 6.680252976156591} logZ_new= 4.164868472546697 obs_new= 0.5453649874302611
params_max= {'a1': 2.309401076758503, 'a2': 3.286335345030997, 'a3': 6.680253082780622} logZ_max= 4.174806998150434 obs_max= 0.30247113711534773
dist_min= tensor(3.1764) dist_max= tensor(673.6616)
params_min,params_max=params_new,params_max
evaluating model at params_new={'a1': 2.309401076758503, 'a2': 3.286335345030997, 'a3': 6.680253029468607}
params_min= {'a1': 2.309401076758503, 'a2': 3.286335345030997, 'a3': 6.680252976156591} logZ_min= 4.164868472546697 obs_min= 0.5453649874302611
params_new= {'a1': 2.309401076758503, 'a2': 3.286335345030997, 'a3': 6.680253029468607} logZ_new= 4.162856182893512 obs_new= 1.9286789528899018e-22
params_max= {'a1': 2.309401076758503, 'a2': 3.286335345030997, 'a3': 6.680253082780622} logZ_max= 4.174806998150434 obs_max= 0.30247113711534773
dist_min= tensor(2.8806) dist_max= tensor(672.7012)
params_min,params_max=params_new,params_max
evaluating model at params_new={'a1': 2.309401076758503, 'a2': 3.286335345030997, 'a3': 6.680253056124615}
params_min= {'a1': 2.309401076758503, 'a2': 3.286335345030997, 'a3': 6.680253029468607} logZ_min= 4.162856182893512 obs_min= 1.9286789528899018e-22
params_new= {'a1': 2.309401076758503, 'a2': 3.286335345030997, 'a3': 6.680253056124615} logZ_new= nan obs_new= 0.551001879895764
params_max= {'a1': 2.309401076758503, 'a2': 3.286335345030997, 'a3': 6.680253082780622} logZ_max= 4.174806998150434 obs_max= 0.30247113711534773
dist_min= tensor(3.7512) dist_max= tensor(674.2885)
params_min,params_max=params_new,params_max
evaluating model at params_new={'a1': 2.309401076758503, 'a2': 3.286335345030997, 'a3': 6.680253069452618}
params_min= {'a1': 2.309401076758503, 'a2': 3.286335345030997, 'a3': 6.680253056124615} logZ_min= nan obs_min= 0.551001879895764
params_new= {'a1': 2.309401076758503, 'a2': 3.286335345030997, 'a3': 6.680253069452618} logZ_new= nan obs_new= 0.540501153100972
params_max= {'a1': 2.309401076758503, 'a2': 3.286335345030997, 'a3': 6.680253082780622} logZ_max= 4.174806998150434 obs_max= 0.30247113711534773
dist_min= tensor(11.2493) dist_max= tensor(674.3958)
params_min,params_max=params_new,params_max
evaluating model at params_new={'a1': 2.309401076758503, 'a2': 3.286335345030997, 'a3': 6.68025307611662}
params_min= {'a1': 2.309401076758503, 'a2': 3.286335345030997, 'a3': 6.680253069452618} logZ_min= nan obs_min= 0.540501153100972
params_new= {'a1': 2.309401076758503, 'a2': 3.286335345030997, 'a3': 6.68025307611662} logZ_new= 4.164956748122896 obs_new= 0.5513099266672926
params_max= {'a1': 2.309401076758503, 'a2': 3.286335345030997, 'a3': 6.680253082780622} logZ_max= 4.174806998150434 obs_max= 0.30247113711534773
dist_min= tensor(11.8556) dist_max= tensor(674.2884)
params_min,params_max=params_new,params_max
evaluating model at params_new={'a1': 2.309401076758503, 'a2': 3.286335345030997, 'a3': 6.680253079448621}
params_min= {'a1': 2.309401076758503, 'a2': 3.286335345030997, 'a3': 6.68025307611662} logZ_min= 4.164956748122896 obs_min= 0.5513099266672926
params_new= {'a1': 2.309401076758503, 'a2': 3.286335345030997, 'a3': 6.680253079448621} logZ_new= 4.164437966302552 obs_new= 0.5434159975645552
params_max= {'a1': 2.309401076758503, 'a2': 3.286335345030997, 'a3': 6.680253082780622} logZ_max= 4.174806998150434 obs_max= 0.30247113711534773
dist_min= tensor(2.4560) dist_max= tensor(673.6384)
params_min,params_max=params_new,params_max
evaluating model at params_new={'a1': 2.309401076758503, 'a2': 3.286335345030997, 'a3': 6.680253081114621}
params_min= {'a1': 2.309401076758503, 'a2': 3.286335345030997, 'a3': 6.680253079448621} logZ_min= 4.164437966302552 obs_min= 0.5434159975645552
params_new= {'a1': 2.309401076758503, 'a2': 3.286335345030997, 'a3': 6.680253081114621} logZ_new= 4.1748009161179915 obs_new= 0.3026886553389181
params_max= {'a1': 2.309401076758503, 'a2': 3.286335345030997, 'a3': 6.680253082780622} logZ_max= 4.174806998150434 obs_max= 0.30247113711534773
dist_min= tensor(117.3531) dist_max= tensor(557.8618)
params_min,params_max=params_new,params_max
evaluating model at params_new={'a1': 2.309401076758503, 'a2': 3.286335345030997, 'a3': 6.680253081947622}
params_min= {'a1': 2.309401076758503, 'a2': 3.286335345030997, 'a3': 6.680253081114621} logZ_min= 4.1748009161179915 obs_min= 0.3026886553389181
params_new= {'a1': 2.309401076758503, 'a2': 3.286335345030997, 'a3': 6.680253081947622} logZ_new= 4.174804234362706 obs_new= 0.30255241856907156
params_max= {'a1': 2.309401076758503, 'a2': 3.286335345030997, 'a3': 6.680253082780622} logZ_max= 4.174806998150434 obs_max= 0.30247113711534773
dist_min= tensor(736.8576) dist_max= tensor(991.8928)
params_min,params_max=params_new,params_max
evaluating model at params_new={'a1': 2.309401076758503, 'a2': 3.286335345030997, 'a3': 6.680253082364121}
params_min= {'a1': 2.309401076758503, 'a2': 3.286335345030997, 'a3': 6.680253081947622} logZ_min= 4.174804234362706 obs_min= 0.30255241856907156
params_new= {'a1': 2.309401076758503, 'a2': 3.286335345030997, 'a3': 6.680253082364121} logZ_new= 4.174808835504284 obs_new= 0.3091579537667091
params_max= {'a1': 2.309401076758503, 'a2': 3.286335345030997, 'a3': 6.680253082780622} logZ_max= 4.174806998150434 obs_max= 0.30247113711534773
dist_min= tensor(727.0228) dist_max= tensor(673.3601)
params_min,params_max=params_min,params_new
evaluating model at params_new={'a1': 2.309401076758503, 'a2': 3.286335345030997, 'a3': 6.680253082155872}
params_min= {'a1': 2.309401076758503, 'a2': 3.286335345030997, 'a3': 6.680253081947622} logZ_min= 4.174804234362706 obs_min= 0.30255241856907156
params_new= {'a1': 2.309401076758503, 'a2': 3.286335345030997, 'a3': 6.680253082155872} logZ_new= 4.164034623134144 obs_new= 9.394525367555467e-27
params_max= {'a1': 2.309401076758503, 'a2': 3.286335345030997, 'a3': 6.680253082364121} logZ_max= 4.174808835504284 obs_max= 0.3091579537667091
dist_min= tensor(769.0561) dist_max= tensor(253.3803)
params_min,params_max=params_min,params_new
evaluating model at params_new={'a1': 2.309401076758503, 'a2': 3.286335345030997, 'a3': 6.680253082051747}
params_min= {'a1': 2.309401076758503, 'a2': 3.286335345030997, 'a3': 6.680253081947622} logZ_min= 4.174804234362706 obs_min= 0.30255241856907156
params_new= {'a1': 2.309401076758503, 'a2': 3.286335345030997, 'a3': 6.680253082051747} logZ_new= nan obs_new= 0.3026978561741698
params_max= {'a1': 2.309401076758503, 'a2': 3.286335345030997, 'a3': 6.680253082155872} logZ_max= 4.164034623134144 obs_max= 9.394525367555467e-27
dist_min= tensor(368.0832) dist_max= tensor(466.3011)
params_min,params_max=params_new,params_max
evaluating model at params_new={'a1': 2.309401076758503, 'a2': 3.286335345030997, 'a3': 6.6802530821038095}
params_min= {'a1': 2.309401076758503, 'a2': 3.286335345030997, 'a3': 6.680253082051747} logZ_min= nan obs_min= 0.3026978561741698
params_new= {'a1': 2.309401076758503, 'a2': 3.286335345030997, 'a3': 6.6802530821038095} logZ_new= 4.174798031073519 obs_new= 0.30277097008582043
params_max= {'a1': 2.309401076758503, 'a2': 3.286335345030997, 'a3': 6.680253082155872} logZ_max= 4.164034623134144 obs_max= 9.394525367555467e-27
dist_min= tensor(396.6604) dist_max= tensor(260.3277)
params_min,params_max=params_min,params_new
evaluating model at params_new={'a1': 2.309401076758503, 'a2': 3.286335345030997, 'a3': 6.680253082077778}
params_min= {'a1': 2.309401076758503, 'a2': 3.286335345030997, 'a3': 6.680253082051747} logZ_min= nan obs_min= 0.3026978561741698
params_new= {'a1': 2.309401076758503, 'a2': 3.286335345030997, 'a3': 6.680253082077778} logZ_new= 4.174807042030685 obs_new= 0.3024743546888955
params_max= {'a1': 2.309401076758503, 'a2': 3.286335345030997, 'a3': 6.6802530821038095} logZ_max= 4.174798031073519 obs_max= 0.30277097008582043
dist_min= tensor(469.3585) dist_max= tensor(266.5478)
params_min,params_max=params_min,params_new
evaluating model at params_new={'a1': 2.309401076758503, 'a2': 3.286335345030997, 'a3': 6.6802530820647625}
params_min= {'a1': 2.309401076758503, 'a2': 3.286335345030997, 'a3': 6.680253082051747} logZ_min= nan obs_min= 0.3026978561741698
params_new= {'a1': 2.309401076758503, 'a2': 3.286335345030997, 'a3': 6.6802530820647625} logZ_new= 4.164435311388919 obs_new= 0.5429122235230281
params_max= {'a1': 2.309401076758503, 'a2': 3.286335345030997, 'a3': 6.680253082077778} logZ_max= 4.174807042030685 obs_max= 0.3024743546888955
dist_min= tensor(391.5943) dist_max= tensor(261.5762)
params_min,params_max=params_min,params_new
evaluating model at params_new={'a1': 2.309401076758503, 'a2': 3.286335345030997, 'a3': 6.680253082058255}
params_min= {'a1': 2.309401076758503, 'a2': 3.286335345030997, 'a3': 6.680253082051747} logZ_min= nan obs_min= 0.3026978561741698
params_new= {'a1': 2.309401076758503, 'a2': 3.286335345030997, 'a3': 6.680253082058255} logZ_new= nan obs_new= 0.3024758937538408
params_max= {'a1': 2.309401076758503, 'a2': 3.286335345030997, 'a3': 6.6802530820647625} logZ_max= 4.164435311388919 obs_max= 0.5429122235230281
dist_min= tensor(397.2414) dist_max= tensor(67.3731)
params_min,params_max=params_min,params_new
evaluating model at params_new={'a1': 2.309401076758503, 'a2': 3.286335345030997, 'a3': 6.6802530820550015}
params_min= {'a1': 2.309401076758503, 'a2': 3.286335345030997, 'a3': 6.680253082051747} logZ_min= nan obs_min= 0.3026978561741698
params_new= {'a1': 2.309401076758503, 'a2': 3.286335345030997, 'a3': 6.6802530820550015} logZ_new= 4.164867921256412 obs_new= 0.545318798904748
params_max= {'a1': 2.309401076758503, 'a2': 3.286335345030997, 'a3': 6.680253082058255} logZ_max= nan obs_max= 0.3024758937538408
dist_min= tensor(391.6195) dist_max= tensor(68.0351)
params_min,params_max=params_min,params_new
evaluating model at params_new={'a1': 2.309401076758503, 'a2': 3.286335345030997, 'a3': 6.680253082053374}
params_min= {'a1': 2.309401076758503, 'a2': 3.286335345030997, 'a3': 6.680253082051747} logZ_min= nan obs_min= 0.3026978561741698
params_new= {'a1': 2.309401076758503, 'a2': 3.286335345030997, 'a3': 6.680253082053374} logZ_new= 4.174782041158184 obs_new= 0.30330717236398724
params_max= {'a1': 2.309401076758503, 'a2': 3.286335345030997, 'a3': 6.6802530820550015} logZ_max= 4.164867921256412 obs_max= 0.545318798904748
dist_min= tensor(349.5168) dist_max= tensor(50.2352)
params_min,params_max=params_min,params_new
evaluating model at params_new={'a1': 2.309401076758503, 'a2': 3.286335345030997, 'a3': 6.680253082052561}
params_min= {'a1': 2.309401076758503, 'a2': 3.286335345030997, 'a3': 6.680253082051747} logZ_min= nan obs_min= 0.3026978561741698
params_new= {'a1': 2.309401076758503, 'a2': 3.286335345030997, 'a3': 6.680253082052561} logZ_new= 4.174804962260133 obs_new= 0.30254161335526597
params_max= {'a1': 2.309401076758503, 'a2': 3.286335345030997, 'a3': 6.680253082053374} logZ_max= 4.174782041158184 obs_max= 0.30330717236398724
dist_min= tensor(463.8376) dist_max= tensor(252.6984)
params_min,params_max=params_min,params_new
evaluating model at params_new={'a1': 2.309401076758503, 'a2': 3.286335345030997, 'a3': 6.680253082052154}
params_min= {'a1': 2.309401076758503, 'a2': 3.286335345030997, 'a3': 6.680253082051747} logZ_min= nan obs_min= 0.3026978561741698
params_new= {'a1': 2.309401076758503, 'a2': 3.286335345030997, 'a3': 6.680253082052154} logZ_new= 4.164435511574675 obs_new= 0.5429589639129979
params_max= {'a1': 2.309401076758503, 'a2': 3.286335345030997, 'a3': 6.680253082052561} logZ_max= 4.174804962260133 obs_max= 0.30254161335526597
dist_min= tensor(391.6065) dist_max= tensor(248.5633)
params_min,params_max=params_min,params_new
evaluating model at params_new={'a1': 2.309401076758503, 'a2': 3.286335345030997, 'a3': 6.680253082051951}
params_min= {'a1': 2.309401076758503, 'a2': 3.286335345030997, 'a3': 6.680253082051747} logZ_min= nan obs_min= 0.3026978561741698
params_new= {'a1': 2.309401076758503, 'a2': 3.286335345030997, 'a3': 6.680253082051951} logZ_new= 4.174808454215896 obs_new= 0.3067839814699928
params_max= {'a1': 2.309401076758503, 'a2': 3.286335345030997, 'a3': 6.680253082052154} logZ_max= 4.164435511574675 obs_max= 0.5429589639129979
dist_min= tensor(391.1162) dist_max= tensor(20.0329)
params_min,params_max=params_min,params_new
evaluating model at params_new={'a1': 2.309401076758503, 'a2': 3.286335345030997, 'a3': 6.680253082051848}
params_min= {'a1': 2.309401076758503, 'a2': 3.286335345030997, 'a3': 6.680253082051747} logZ_min= nan obs_min= 0.3026978561741698
params_new= {'a1': 2.309401076758503, 'a2': 3.286335345030997, 'a3': 6.680253082051848} logZ_new= 4.164377944297436 obs_new= 0.5378927088424712
params_max= {'a1': 2.309401076758503, 'a2': 3.286335345030997, 'a3': 6.680253082051951} logZ_max= 4.174808454215896 obs_max= 0.3067839814699928
dist_min= tensor(391.7248) dist_max= tensor(22.2834)
params_min,params_max=params_min,params_new
evaluating model at params_new={'a1': 2.309401076758503, 'a2': 3.286335345030997, 'a3': 6.680253082051798}
params_min= {'a1': 2.309401076758503, 'a2': 3.286335345030997, 'a3': 6.680253082051747} logZ_min= nan obs_min= 0.3026978561741698
params_new= {'a1': 2.309401076758503, 'a2': 3.286335345030997, 'a3': 6.680253082051798} logZ_new= nan obs_new= 0.5430246982912165
params_max= {'a1': 2.309401076758503, 'a2': 3.286335345030997, 'a3': 6.680253082051848} logZ_max= 4.164377944297436 obs_max= 0.5378927088424712
dist_min= tensor(392.2392) dist_max= tensor(3.3326)
params_min,params_max=params_min,params_new
evaluating model at params_new={'a1': 2.309401076758503, 'a2': 3.286335345030997, 'a3': 6.680253082051772}
params_min= {'a1': 2.309401076758503, 'a2': 3.286335345030997, 'a3': 6.680253082051747} logZ_min= nan obs_min= 0.3026978561741698
params_new= {'a1': 2.309401076758503, 'a2': 3.286335345030997, 'a3': 6.680253082051772} logZ_new= nan obs_new= 0.5142723339324269
params_max= {'a1': 2.309401076758503, 'a2': 3.286335345030997, 'a3': 6.680253082051798} logZ_max= nan obs_max= 0.5430246982912165
dist_min= tensor(435.2669) dist_max= tensor(187.9765)
params_min,params_max=params_min,params_new
evaluating model at params_new={'a1': 2.309401076758503, 'a2': 3.286335345030997, 'a3': 6.68025308205176}
params_min= {'a1': 2.309401076758503, 'a2': 3.286335345030997, 'a3': 6.680253082051747} logZ_min= nan obs_min= 0.3026978561741698
params_new= {'a1': 2.309401076758503, 'a2': 3.286335345030997, 'a3': 6.68025308205176} logZ_new= nan obs_new= 0.3154412102449899
params_max= {'a1': 2.309401076758503, 'a2': 3.286335345030997, 'a3': 6.680253082051772} logZ_max= nan obs_max= 0.5142723339324269
dist_min= tensor(391.9787) dist_max= tensor(182.2470)
params_min,params_max=params_min,params_new
evaluating model at params_new={'a1': 2.309401076758503, 'a2': 3.286335345030997, 'a3': 6.680253082051753}
params_min= {'a1': 2.309401076758503, 'a2': 3.286335345030997, 'a3': 6.680253082051747} logZ_min= nan obs_min= 0.3026978561741698
params_new= {'a1': 2.309401076758503, 'a2': 3.286335345030997, 'a3': 6.680253082051753} logZ_new= 4.16370349983357 obs_new= 0.43056677790789877
params_max= {'a1': 2.309401076758503, 'a2': 3.286335345030997, 'a3': 6.68025308205176} logZ_max= nan obs_max= 0.3154412102449899
dist_min= tensor(392.3454) dist_max= tensor(14.3673)
params_min,params_max=params_min,params_new
evaluating model at params_new={'a1': 2.309401076758503, 'a2': 3.286335345030997, 'a3': 6.680253082051751}
params_min= {'a1': 2.309401076758503, 'a2': 3.286335345030997, 'a3': 6.680253082051747} logZ_min= nan obs_min= 0.3026978561741698
params_new= {'a1': 2.309401076758503, 'a2': 3.286335345030997, 'a3': 6.680253082051751} logZ_new= 4.1649287036728735 obs_new= 0.5476177964632237
params_max= {'a1': 2.309401076758503, 'a2': 3.286335345030997, 'a3': 6.680253082051753} logZ_max= 4.16370349983357 obs_max= 0.43056677790789877
dist_min= tensor(391.8787) dist_max= tensor(6.7551)
params_min,params_max=params_min,params_new
evaluating model at params_new={'a1': 2.309401076758503, 'a2': 3.286335345030997, 'a3': 6.680253082051749}
params_min= {'a1': 2.309401076758503, 'a2': 3.286335345030997, 'a3': 6.680253082051747} logZ_min= nan obs_min= 0.3026978561741698
params_new= {'a1': 2.309401076758503, 'a2': 3.286335345030997, 'a3': 6.680253082051749} logZ_new= 4.164962670978661 obs_new= 0.5520378953310635
params_max= {'a1': 2.309401076758503, 'a2': 3.286335345030997, 'a3': 6.680253082051751} logZ_max= 4.1649287036728735 obs_max= 0.5476177964632237
dist_min= tensor(392.2438) dist_max= tensor(1.4872)
params_min,params_max=params_min,params_new
evaluating model at params_new={'a1': 2.309401076758503, 'a2': 3.286335345030997, 'a3': 6.680253082051748}
params_min= {'a1': 2.309401076758503, 'a2': 3.286335345030997, 'a3': 6.680253082051747} logZ_min= nan obs_min= 0.3026978561741698
params_new= {'a1': 2.309401076758503, 'a2': 3.286335345030997, 'a3': 6.680253082051748} logZ_new= nan obs_new= 0.5426146421292674
params_max= {'a1': 2.309401076758503, 'a2': 3.286335345030997, 'a3': 6.680253082051749} logZ_max= 4.164962670978661 obs_max= 0.5520378953310635
dist_min= tensor(393.4068) dist_max= tensor(30.0536)
params_min,params_max=params_min,params_new
critical params found:  {'a1': 2.309401076758503, 'a2': 3.286335345030997, 'a3': 6.680253082051747}
reference params:  {'a1': 1.1547005383792515, 'a2': 1.8257418583505538, 'a3': 4.47213595499958}
file saved to  data/AKLT3D_X10_scan_grid_critical_a3/a1_2.3094011_a2_3.2863353/Tc.json
