Start running find_critical_temp.py with options:{'filename': 'data/AKLT3D_X10_scan_grid_critical_a3/a1_2.0784610_a2_0.3651484/Tc.json', 'log_filename': 'data/AKLT3D_X10_scan_grid_critical_a3/a1_2.0784610_a2_0.3651484/Tc.log', 'nLayers': 60, 'max_dim': 10, 'model': 'AKLT3D', 'params_min': "{'a1': 2.0784609690826525, 'a2': 0.3651483716701107, 'a3': 5.366563145999496}", 'params_max': "{'a1': 2.0784609690826525, 'a2': 0.3651483716701107, 'a3': 6.260990336999412}", 'params_ref': None, 'observable_name': 'magnetizationZ', 'tol': 0.0, 'gilt_enabled': False, 'gilt_eps': 8e-07, 'gilt_nIter': 1, 'mcf_enabled': True, 'mcf_eps': 1e-16, 'mcf_max_iter': 200, 'hotrg_sanity_check': False, 'version': 1, 'device': 'cuda:1'}
loading library...
evaluating model at params_min={'a1': 2.0784609690826525, 'a2': 0.3651483716701107, 'a3': 5.366563145999496}
params_min= {'a1': 2.0784609690826525, 'a2': 0.3651483716701107, 'a3': 5.366563145999496} logZ_min= nan obs_min= 6.948955793029995e-32
evaluating model at params_max={'a1': 2.0784609690826525, 'a2': 0.3651483716701107, 'a3': 6.260990336999412}
params_max= {'a1': 2.0784609690826525, 'a2': 0.3651483716701107, 'a3': 6.260990336999412} logZ_max= 3.6479161237247526 obs_max= 8.917770202662282
searching for critical temperature using bisection method
evaluating model at params_new={'a1': 2.0784609690826525, 'a2': 0.3651483716701107, 'a3': 5.813776741499455}
params_min= {'a1': 2.0784609690826525, 'a2': 0.3651483716701107, 'a3': 5.366563145999496} logZ_min= nan obs_min= 6.948955793029995e-32
params_new= {'a1': 2.0784609690826525, 'a2': 0.3651483716701107, 'a3': 5.813776741499455} logZ_new= nan obs_new= 4.6974317252581955e-32
params_max= {'a1': 2.0784609690826525, 'a2': 0.3651483716701107, 'a3': 6.260990336999412} logZ_max= 3.6479161237247526 obs_max= 8.917770202662282
dist_min= tensor(107295.3504) dist_max= tensor(723.4193)
params_min,params_max=params_min,params_new
evaluating model at params_new={'a1': 2.0784609690826525, 'a2': 0.3651483716701107, 'a3': 5.590169943749475}
params_min= {'a1': 2.0784609690826525, 'a2': 0.3651483716701107, 'a3': 5.366563145999496} logZ_min= nan obs_min= 6.948955793029995e-32
params_new= {'a1': 2.0784609690826525, 'a2': 0.3651483716701107, 'a3': 5.590169943749475} logZ_new= 3.630743543112552 obs_new= 4.26660352066088e-34
params_max= {'a1': 2.0784609690826525, 'a2': 0.3651483716701107, 'a3': 5.813776741499455} logZ_max= nan obs_max= 4.6974317252581955e-32
dist_min= tensor(105257.0998) dist_max= tensor(2038.3244)
params_min,params_max=params_min,params_new
evaluating model at params_new={'a1': 2.0784609690826525, 'a2': 0.3651483716701107, 'a3': 5.478366544874486}
params_min= {'a1': 2.0784609690826525, 'a2': 0.3651483716701107, 'a3': 5.366563145999496} logZ_min= nan obs_min= 6.948955793029995e-32
params_new= {'a1': 2.0784609690826525, 'a2': 0.3651483716701107, 'a3': 5.478366544874486} logZ_new= 3.6288903445187946 obs_new= 7.53010618033767e-32
params_max= {'a1': 2.0784609690826525, 'a2': 0.3651483716701107, 'a3': 5.590169943749475} logZ_max= 3.630743543112552 obs_max= 4.26660352066088e-34
dist_min= tensor(94447.9270) dist_max= tensor(10809.1897)
params_min,params_max=params_min,params_new
evaluating model at params_new={'a1': 2.0784609690826525, 'a2': 0.3651483716701107, 'a3': 5.422464845436991}
params_min= {'a1': 2.0784609690826525, 'a2': 0.3651483716701107, 'a3': 5.366563145999496} logZ_min= nan obs_min= 6.948955793029995e-32
params_new= {'a1': 2.0784609690826525, 'a2': 0.3651483716701107, 'a3': 5.422464845436991} logZ_new= 3.6280764927952998 obs_new= 1.9281632478018707e-33
params_max= {'a1': 2.0784609690826525, 'a2': 0.3651483716701107, 'a3': 5.478366544874486} logZ_max= 3.6288903445187946 obs_max= 7.53010618033767e-32
dist_min= tensor(8531.5792) dist_max= tensor(102978.4991)
params_min,params_max=params_new,params_max
evaluating model at params_new={'a1': 2.0784609690826525, 'a2': 0.3651483716701107, 'a3': 5.450415695155739}
params_min= {'a1': 2.0784609690826525, 'a2': 0.3651483716701107, 'a3': 5.422464845436991} logZ_min= 3.6280764927952998 obs_min= 1.9281632478018707e-33
params_new= {'a1': 2.0784609690826525, 'a2': 0.3651483716701107, 'a3': 5.450415695155739} logZ_new= 3.628411752127069 obs_new= 1.0324651306179817e-31
params_max= {'a1': 2.0784609690826525, 'a2': 0.3651483716701107, 'a3': 5.478366544874486} logZ_max= 3.6288903445187946 obs_max= 7.53010618033767e-32
dist_min= tensor(87139.3917) dist_max= tensor(18026.8472)
params_min,params_max=params_min,params_new
evaluating model at params_new={'a1': 2.0784609690826525, 'a2': 0.3651483716701107, 'a3': 5.436440270296365}
params_min= {'a1': 2.0784609690826525, 'a2': 0.3651483716701107, 'a3': 5.422464845436991} logZ_min= 3.6280764927952998 obs_min= 1.9281632478018707e-33
params_new= {'a1': 2.0784609690826525, 'a2': 0.3651483716701107, 'a3': 5.436440270296365} logZ_new= 3.62831054832219 obs_new= 2.3951013945748225e-33
params_max= {'a1': 2.0784609690826525, 'a2': 0.3651483716701107, 'a3': 5.450415695155739} logZ_max= 3.628411752127069 obs_max= 1.0324651306179817e-31
dist_min= tensor(64257.2298) dist_max= tensor(23871.1443)
params_min,params_max=params_min,params_new
evaluating model at params_new={'a1': 2.0784609690826525, 'a2': 0.3651483716701107, 'a3': 5.429452557866679}
params_min= {'a1': 2.0784609690826525, 'a2': 0.3651483716701107, 'a3': 5.422464845436991} logZ_min= 3.6280764927952998 obs_min= 1.9281632478018707e-33
params_new= {'a1': 2.0784609690826525, 'a2': 0.3651483716701107, 'a3': 5.429452557866679} logZ_new= 3.6281908367440816 obs_new= 6.799913853435182e-33
params_max= {'a1': 2.0784609690826525, 'a2': 0.3651483716701107, 'a3': 5.436440270296365} logZ_max= 3.62831054832219 obs_max= 2.3951013945748225e-33
dist_min= tensor(41639.2805) dist_max= tensor(22618.0446)
params_min,params_max=params_min,params_new
evaluating model at params_new={'a1': 2.0784609690826525, 'a2': 0.3651483716701107, 'a3': 5.425958701651835}
params_min= {'a1': 2.0784609690826525, 'a2': 0.3651483716701107, 'a3': 5.422464845436991} logZ_min= 3.6280764927952998 obs_min= 1.9281632478018707e-33
params_new= {'a1': 2.0784609690826525, 'a2': 0.3651483716701107, 'a3': 5.425958701651835} logZ_new= 3.628128532946454 obs_new= 1.521987059291911e-33
params_max= {'a1': 2.0784609690826525, 'a2': 0.3651483716701107, 'a3': 5.429452557866679} logZ_max= 3.6281908367440816 obs_max= 6.799913853435182e-33
dist_min= tensor(24262.2746) dist_max= tensor(17377.0303)
params_min,params_max=params_min,params_new
evaluating model at params_new={'a1': 2.0784609690826525, 'a2': 0.3651483716701107, 'a3': 5.424211773544413}
params_min= {'a1': 2.0784609690826525, 'a2': 0.3651483716701107, 'a3': 5.422464845436991} logZ_min= 3.6280764927952998 obs_min= 1.9281632478018707e-33
params_new= {'a1': 2.0784609690826525, 'a2': 0.3651483716701107, 'a3': 5.424211773544413} logZ_new= 3.6281037488190044 obs_new= 1.030482401223177e-33
params_max= {'a1': 2.0784609690826525, 'a2': 0.3651483716701107, 'a3': 5.425958701651835} logZ_max= 3.628128532946454 obs_max= 1.521987059291911e-33
dist_min= tensor(13239.7736) dist_max= tensor(11022.5347)
params_min,params_max=params_min,params_new
evaluating model at params_new={'a1': 2.0784609690826525, 'a2': 0.3651483716701107, 'a3': 5.423338309490703}
params_min= {'a1': 2.0784609690826525, 'a2': 0.3651483716701107, 'a3': 5.422464845436991} logZ_min= 3.6280764927952998 obs_min= 1.9281632478018707e-33
params_new= {'a1': 2.0784609690826525, 'a2': 0.3651483716701107, 'a3': 5.423338309490703} logZ_new= 3.6280826978509393 obs_new= 1.546368018037124e-35
params_max= {'a1': 2.0784609690826525, 'a2': 0.3651483716701107, 'a3': 5.424211773544413} logZ_max= 3.6281037488190044 obs_max= 1.030482401223177e-33
dist_min= tensor(6905.1792) dist_max= tensor(6334.6120)
params_min,params_max=params_min,params_new
evaluating model at params_new={'a1': 2.0784609690826525, 'a2': 0.3651483716701107, 'a3': 5.422901577463847}
params_min= {'a1': 2.0784609690826525, 'a2': 0.3651483716701107, 'a3': 5.422464845436991} logZ_min= 3.6280764927952998 obs_min= 1.9281632478018707e-33
params_new= {'a1': 2.0784609690826525, 'a2': 0.3651483716701107, 'a3': 5.422901577463847} logZ_new= 3.627975915504287 obs_new= 5.64800603185122e-35
params_max= {'a1': 2.0784609690826525, 'a2': 0.3651483716701107, 'a3': 5.423338309490703} logZ_max= 3.6280826978509393 obs_max= 1.546368018037124e-35
dist_min= tensor(3531.1668) dist_max= tensor(3374.0126)
params_min,params_max=params_min,params_new
evaluating model at params_new={'a1': 2.0784609690826525, 'a2': 0.3651483716701107, 'a3': 5.422683211450419}
params_min= {'a1': 2.0784609690826525, 'a2': 0.3651483716701107, 'a3': 5.422464845436991} logZ_min= 3.6280764927952998 obs_min= 1.9281632478018707e-33
params_new= {'a1': 2.0784609690826525, 'a2': 0.3651483716701107, 'a3': 5.422683211450419} logZ_new= 3.628081496979122 obs_new= 4.80515588236409e-36
params_max= {'a1': 2.0784609690826525, 'a2': 0.3651483716701107, 'a3': 5.422901577463847} logZ_max= 3.627975915504287 obs_max= 5.64800603185122e-35
dist_min= tensor(1830.4470) dist_max= tensor(1701.7701)
params_min,params_max=params_min,params_new
evaluating model at params_new={'a1': 2.0784609690826525, 'a2': 0.3651483716701107, 'a3': 5.422574028443705}
params_min= {'a1': 2.0784609690826525, 'a2': 0.3651483716701107, 'a3': 5.422464845436991} logZ_min= 3.6280764927952998 obs_min= 1.9281632478018707e-33
params_new= {'a1': 2.0784609690826525, 'a2': 0.3651483716701107, 'a3': 5.422574028443705} logZ_new= 3.6280700311458123 obs_new= 2.1682681579353097e-32
params_max= {'a1': 2.0784609690826525, 'a2': 0.3651483716701107, 'a3': 5.422683211450419} logZ_max= 3.628081496979122 obs_max= 4.80515588236409e-36
dist_min= tensor(993.0440) dist_max= tensor(909.0698)
params_min,params_max=params_min,params_new
evaluating model at params_new={'a1': 2.0784609690826525, 'a2': 0.3651483716701107, 'a3': 5.422519436940348}
params_min= {'a1': 2.0784609690826525, 'a2': 0.3651483716701107, 'a3': 5.422464845436991} logZ_min= 3.6280764927952998 obs_min= 1.9281632478018707e-33
params_new= {'a1': 2.0784609690826525, 'a2': 0.3651483716701107, 'a3': 5.422519436940348} logZ_new= nan obs_new= 1.2231641683000516e-34
params_max= {'a1': 2.0784609690826525, 'a2': 0.3651483716701107, 'a3': 5.422574028443705} logZ_max= 3.6280700311458123 obs_max= 2.1682681579353097e-32
dist_min= tensor(455.0326) dist_max= tensor(571.1204)
params_min,params_max=params_new,params_max
evaluating model at params_new={'a1': 2.0784609690826525, 'a2': 0.3651483716701107, 'a3': 5.422546732692027}
params_min= {'a1': 2.0784609690826525, 'a2': 0.3651483716701107, 'a3': 5.422519436940348} logZ_min= nan obs_min= 1.2231641683000516e-34
params_new= {'a1': 2.0784609690826525, 'a2': 0.3651483716701107, 'a3': 5.422546732692027} logZ_new= 3.628075992620509 obs_new= 2.7367364504792276e-37
params_max= {'a1': 2.0784609690826525, 'a2': 0.3651483716701107, 'a3': 5.422574028443705} logZ_max= 3.6280700311458123 obs_max= 2.1682681579353097e-32
dist_min= tensor(294.8609) dist_max= tensor(345.6365)
params_min,params_max=params_new,params_max
evaluating model at params_new={'a1': 2.0784609690826525, 'a2': 0.3651483716701107, 'a3': 5.422560380567866}
params_min= {'a1': 2.0784609690826525, 'a2': 0.3651483716701107, 'a3': 5.422546732692027} logZ_min= 3.628075992620509 obs_min= 2.7367364504792276e-37
params_new= {'a1': 2.0784609690826525, 'a2': 0.3651483716701107, 'a3': 5.422560380567866} logZ_new= 3.627960124239516 obs_new= 6.287393381164101e-33
params_max= {'a1': 2.0784609690826525, 'a2': 0.3651483716701107, 'a3': 5.422574028443705} logZ_max= 3.6280700311458123 obs_max= 2.1682681579353097e-32
dist_min= tensor(410.9791) dist_max= tensor(498.8746)
params_min,params_max=params_new,params_max
evaluating model at params_new={'a1': 2.0784609690826525, 'a2': 0.3651483716701107, 'a3': 5.4225672045057856}
params_min= {'a1': 2.0784609690826525, 'a2': 0.3651483716701107, 'a3': 5.422560380567866} logZ_min= 3.627960124239516 obs_min= 6.287393381164101e-33
params_new= {'a1': 2.0784609690826525, 'a2': 0.3651483716701107, 'a3': 5.4225672045057856} logZ_new= nan obs_new= 1.734646303732642e-35
params_max= {'a1': 2.0784609690826525, 'a2': 0.3651483716701107, 'a3': 5.422574028443705} logZ_max= 3.6280700311458123 obs_max= 2.1682681579353097e-32
dist_min= tensor(409.3796) dist_max= tensor(280.0665)
params_min,params_max=params_min,params_new
evaluating model at params_new={'a1': 2.0784609690826525, 'a2': 0.3651483716701107, 'a3': 5.422563792536826}
params_min= {'a1': 2.0784609690826525, 'a2': 0.3651483716701107, 'a3': 5.422560380567866} logZ_min= 3.627960124239516 obs_min= 6.287393381164101e-33
params_new= {'a1': 2.0784609690826525, 'a2': 0.3651483716701107, 'a3': 5.422563792536826} logZ_new= 3.628076580890787 obs_new= 2.3368713244511262e-35
params_max= {'a1': 2.0784609690826525, 'a2': 0.3651483716701107, 'a3': 5.4225672045057856} logZ_max= nan obs_max= 1.734646303732642e-35
dist_min= tensor(399.8448) dist_max= tensor(111.7492)
params_min,params_max=params_min,params_new
evaluating model at params_new={'a1': 2.0784609690826525, 'a2': 0.3651483716701107, 'a3': 5.422562086552346}
params_min= {'a1': 2.0784609690826525, 'a2': 0.3651483716701107, 'a3': 5.422560380567866} logZ_min= 3.627960124239516 obs_min= 6.287393381164101e-33
params_new= {'a1': 2.0784609690826525, 'a2': 0.3651483716701107, 'a3': 5.422562086552346} logZ_new= 3.6279737867130186 obs_new= 3.3705081334254783e-33
params_max= {'a1': 2.0784609690826525, 'a2': 0.3651483716701107, 'a3': 5.422563792536826} logZ_max= 3.628076580890787 obs_max= 2.3368713244511262e-35
dist_min= tensor(475.8039) dist_max= tensor(262.5550)
params_min,params_max=params_min,params_new
evaluating model at params_new={'a1': 2.0784609690826525, 'a2': 0.3651483716701107, 'a3': 5.422561233560106}
params_min= {'a1': 2.0784609690826525, 'a2': 0.3651483716701107, 'a3': 5.422560380567866} logZ_min= 3.627960124239516 obs_min= 6.287393381164101e-33
params_new= {'a1': 2.0784609690826525, 'a2': 0.3651483716701107, 'a3': 5.422561233560106} logZ_new= nan obs_new= 2.5498130001158866e-33
params_max= {'a1': 2.0784609690826525, 'a2': 0.3651483716701107, 'a3': 5.422562086552346} logZ_max= 3.6279737867130186 obs_max= 3.3705081334254783e-33
dist_min= tensor(406.4668) dist_max= tensor(268.4070)
params_min,params_max=params_min,params_new
evaluating model at params_new={'a1': 2.0784609690826525, 'a2': 0.3651483716701107, 'a3': 5.422560807063986}
params_min= {'a1': 2.0784609690826525, 'a2': 0.3651483716701107, 'a3': 5.422560380567866} logZ_min= 3.627960124239516 obs_min= 6.287393381164101e-33
params_new= {'a1': 2.0784609690826525, 'a2': 0.3651483716701107, 'a3': 5.422560807063986} logZ_new= 3.627958582028981 obs_new= 1.4179359802437815e-31
params_max= {'a1': 2.0784609690826525, 'a2': 0.3651483716701107, 'a3': 5.422561233560106} logZ_max= nan obs_max= 2.5498130001158866e-33
dist_min= tensor(401.4793) dist_max= tensor(91.1056)
params_min,params_max=params_min,params_new
evaluating model at params_new={'a1': 2.0784609690826525, 'a2': 0.3651483716701107, 'a3': 5.422560593815926}
params_min= {'a1': 2.0784609690826525, 'a2': 0.3651483716701107, 'a3': 5.422560380567866} logZ_min= 3.627960124239516 obs_min= 6.287393381164101e-33
params_new= {'a1': 2.0784609690826525, 'a2': 0.3651483716701107, 'a3': 5.422560593815926} logZ_new= nan obs_new= 2.3478906244986278e-34
params_max= {'a1': 2.0784609690826525, 'a2': 0.3651483716701107, 'a3': 5.422560807063986} logZ_max= 3.627958582028981 obs_max= 1.4179359802437815e-31
dist_min= tensor(399.3888) dist_max= tensor(35.4795)
params_min,params_max=params_min,params_new
evaluating model at params_new={'a1': 2.0784609690826525, 'a2': 0.3651483716701107, 'a3': 5.422560487191896}
params_min= {'a1': 2.0784609690826525, 'a2': 0.3651483716701107, 'a3': 5.422560380567866} logZ_min= 3.627960124239516 obs_min= 6.287393381164101e-33
params_new= {'a1': 2.0784609690826525, 'a2': 0.3651483716701107, 'a3': 5.422560487191896} logZ_new= 3.6280790540687975 obs_new= 1.071118401659564e-34
params_max= {'a1': 2.0784609690826525, 'a2': 0.3651483716701107, 'a3': 5.422560593815926} logZ_max= nan obs_max= 2.3478906244986278e-34
dist_min= tensor(404.3094) dist_max= tensor(51.1359)
params_min,params_max=params_min,params_new
evaluating model at params_new={'a1': 2.0784609690826525, 'a2': 0.3651483716701107, 'a3': 5.422560433879881}
params_min= {'a1': 2.0784609690826525, 'a2': 0.3651483716701107, 'a3': 5.422560380567866} logZ_min= 3.627960124239516 obs_min= 6.287393381164101e-33
params_new= {'a1': 2.0784609690826525, 'a2': 0.3651483716701107, 'a3': 5.422560433879881} logZ_new= 3.628084817301333 obs_new= 3.349026205222131e-35
params_max= {'a1': 2.0784609690826525, 'a2': 0.3651483716701107, 'a3': 5.422560487191896} logZ_max= 3.6280790540687975 obs_max= 1.071118401659564e-34
dist_min= tensor(5147.7952) dist_max= tensor(5177.1475)
params_min,params_max=params_new,params_max
evaluating model at params_new={'a1': 2.0784609690826525, 'a2': 0.3651483716701107, 'a3': 5.422560460535889}
params_min= {'a1': 2.0784609690826525, 'a2': 0.3651483716701107, 'a3': 5.422560433879881} logZ_min= 3.628084817301333 obs_min= 3.349026205222131e-35
params_new= {'a1': 2.0784609690826525, 'a2': 0.3651483716701107, 'a3': 5.422560460535889} logZ_new= nan obs_new= 2.670147767186897e-32
params_max= {'a1': 2.0784609690826525, 'a2': 0.3651483716701107, 'a3': 5.422560487191896} logZ_max= 3.6280790540687975 obs_max= 1.071118401659564e-34
dist_min= tensor(5180.2813) dist_max= tensor(119.0043)
params_min,params_max=params_min,params_new
evaluating model at params_new={'a1': 2.0784609690826525, 'a2': 0.3651483716701107, 'a3': 5.422560447207886}
params_min= {'a1': 2.0784609690826525, 'a2': 0.3651483716701107, 'a3': 5.422560433879881} logZ_min= 3.628084817301333 obs_min= 3.349026205222131e-35
params_new= {'a1': 2.0784609690826525, 'a2': 0.3651483716701107, 'a3': 5.422560447207886} logZ_new= 3.628076108810596 obs_new= 2.8098671031343946e-34
params_max= {'a1': 2.0784609690826525, 'a2': 0.3651483716701107, 'a3': 5.422560460535889} logZ_max= nan obs_max= 2.670147767186897e-32
dist_min= tensor(5179.6412) dist_max= tensor(119.2755)
params_min,params_max=params_min,params_new
evaluating model at params_new={'a1': 2.0784609690826525, 'a2': 0.3651483716701107, 'a3': 5.422560440543883}
params_min= {'a1': 2.0784609690826525, 'a2': 0.3651483716701107, 'a3': 5.422560433879881} logZ_min= 3.628084817301333 obs_min= 3.349026205222131e-35
params_new= {'a1': 2.0784609690826525, 'a2': 0.3651483716701107, 'a3': 5.422560440543883} logZ_new= 3.628081029023455 obs_new= 7.217278313516091e-34
params_max= {'a1': 2.0784609690826525, 'a2': 0.3651483716701107, 'a3': 5.422560447207886} logZ_max= 3.628076108810596 obs_max= 2.8098671031343946e-34
dist_min= tensor(5179.5675) dist_max= tensor(55.2051)
params_min,params_max=params_min,params_new
evaluating model at params_new={'a1': 2.0784609690826525, 'a2': 0.3651483716701107, 'a3': 5.422560437211882}
params_min= {'a1': 2.0784609690826525, 'a2': 0.3651483716701107, 'a3': 5.422560433879881} logZ_min= 3.628084817301333 obs_min= 3.349026205222131e-35
params_new= {'a1': 2.0784609690826525, 'a2': 0.3651483716701107, 'a3': 5.422560437211882} logZ_new= 3.6280856510699055 obs_new= 4.2867114167836335e-33
params_max= {'a1': 2.0784609690826525, 'a2': 0.3651483716701107, 'a3': 5.422560440543883} logZ_max= 3.628081029023455 obs_max= 7.217278313516091e-34
dist_min= tensor(5180.2276) dist_max= tensor(97.9789)
params_min,params_max=params_min,params_new
evaluating model at params_new={'a1': 2.0784609690826525, 'a2': 0.3651483716701107, 'a3': 5.422560435545881}
params_min= {'a1': 2.0784609690826525, 'a2': 0.3651483716701107, 'a3': 5.422560433879881} logZ_min= 3.628084817301333 obs_min= 3.349026205222131e-35
params_new= {'a1': 2.0784609690826525, 'a2': 0.3651483716701107, 'a3': 5.422560435545881} logZ_new= 3.628081990992343 obs_new= 1.1195287189867672e-32
params_max= {'a1': 2.0784609690826525, 'a2': 0.3651483716701107, 'a3': 5.422560437211882} logZ_max= 3.6280856510699055 obs_max= 4.2867114167836335e-33
dist_min= tensor(5178.9680) dist_max= tensor(94.7178)
params_min,params_max=params_min,params_new
evaluating model at params_new={'a1': 2.0784609690826525, 'a2': 0.3651483716701107, 'a3': 5.4225604347128815}
params_min= {'a1': 2.0784609690826525, 'a2': 0.3651483716701107, 'a3': 5.422560433879881} logZ_min= 3.628084817301333 obs_min= 3.349026205222131e-35
params_new= {'a1': 2.0784609690826525, 'a2': 0.3651483716701107, 'a3': 5.4225604347128815} logZ_new= 3.6280802305200983 obs_new= 7.99817949801999e-33
params_max= {'a1': 2.0784609690826525, 'a2': 0.3651483716701107, 'a3': 5.422560435545881} logZ_max= 3.628081990992343 obs_max= 1.1195287189867672e-32
dist_min= tensor(5133.5501) dist_max= tensor(84.8495)
params_min,params_max=params_min,params_new
evaluating model at params_new={'a1': 2.0784609690826525, 'a2': 0.3651483716701107, 'a3': 5.422560434296381}
params_min= {'a1': 2.0784609690826525, 'a2': 0.3651483716701107, 'a3': 5.422560433879881} logZ_min= 3.628084817301333 obs_min= 3.349026205222131e-35
params_new= {'a1': 2.0784609690826525, 'a2': 0.3651483716701107, 'a3': 5.422560434296381} logZ_new= nan obs_new= 3.891039188873177e-36
params_max= {'a1': 2.0784609690826525, 'a2': 0.3651483716701107, 'a3': 5.4225604347128815} logZ_max= 3.6280802305200983 obs_max= 7.99817949801999e-33
dist_min= tensor(5190.0680) dist_max= tensor(341.3202)
params_min,params_max=params_min,params_new
evaluating model at params_new={'a1': 2.0784609690826525, 'a2': 0.3651483716701107, 'a3': 5.4225604340881315}
params_min= {'a1': 2.0784609690826525, 'a2': 0.3651483716701107, 'a3': 5.422560433879881} logZ_min= 3.628084817301333 obs_min= 3.349026205222131e-35
params_new= {'a1': 2.0784609690826525, 'a2': 0.3651483716701107, 'a3': 5.4225604340881315} logZ_new= 3.628078414073976 obs_new= 3.976871614905747e-35
params_max= {'a1': 2.0784609690826525, 'a2': 0.3651483716701107, 'a3': 5.422560434296381} logZ_max= nan obs_max= 3.891039188873177e-36
dist_min= tensor(5179.7319) dist_max= tensor(344.5425)
params_min,params_max=params_min,params_new
evaluating model at params_new={'a1': 2.0784609690826525, 'a2': 0.3651483716701107, 'a3': 5.422560433984007}
params_min= {'a1': 2.0784609690826525, 'a2': 0.3651483716701107, 'a3': 5.422560433879881} logZ_min= 3.628084817301333 obs_min= 3.349026205222131e-35
params_new= {'a1': 2.0784609690826525, 'a2': 0.3651483716701107, 'a3': 5.422560433984007} logZ_new= 3.6280308119750853 obs_new= 3.551040889417431e-33
params_max= {'a1': 2.0784609690826525, 'a2': 0.3651483716701107, 'a3': 5.4225604340881315} logZ_max= 3.628078414073976 obs_max= 3.976871614905747e-35
dist_min= tensor(5178.7672) dist_max= tensor(50.8202)
params_min,params_max=params_min,params_new
evaluating model at params_new={'a1': 2.0784609690826525, 'a2': 0.3651483716701107, 'a3': 5.4225604339319435}
params_min= {'a1': 2.0784609690826525, 'a2': 0.3651483716701107, 'a3': 5.422560433879881} logZ_min= 3.628084817301333 obs_min= 3.349026205222131e-35
params_new= {'a1': 2.0784609690826525, 'a2': 0.3651483716701107, 'a3': 5.4225604339319435} logZ_new= nan obs_new= 2.2898653022438396e-33
params_max= {'a1': 2.0784609690826525, 'a2': 0.3651483716701107, 'a3': 5.422560433984007} logZ_max= 3.6280308119750853 obs_max= 3.551040889417431e-33
dist_min= tensor(5180.1828) dist_max= tensor(107.4747)
params_min,params_max=params_min,params_new
evaluating model at params_new={'a1': 2.0784609690826525, 'a2': 0.3651483716701107, 'a3': 5.422560433905913}
params_min= {'a1': 2.0784609690826525, 'a2': 0.3651483716701107, 'a3': 5.422560433879881} logZ_min= 3.628084817301333 obs_min= 3.349026205222131e-35
params_new= {'a1': 2.0784609690826525, 'a2': 0.3651483716701107, 'a3': 5.422560433905913} logZ_new= 3.6280712128724084 obs_new= 2.674302415282344e-32
params_max= {'a1': 2.0784609690826525, 'a2': 0.3651483716701107, 'a3': 5.4225604339319435} logZ_max= nan obs_max= 2.2898653022438396e-33
dist_min= tensor(5179.0308) dist_max= tensor(136.5904)
params_min,params_max=params_min,params_new
evaluating model at params_new={'a1': 2.0784609690826525, 'a2': 0.3651483716701107, 'a3': 5.422560433892897}
params_min= {'a1': 2.0784609690826525, 'a2': 0.3651483716701107, 'a3': 5.422560433879881} logZ_min= 3.628084817301333 obs_min= 3.349026205222131e-35
params_new= {'a1': 2.0784609690826525, 'a2': 0.3651483716701107, 'a3': 5.422560433892897} logZ_new= nan obs_new= 1.31382118675573e-34
params_max= {'a1': 2.0784609690826525, 'a2': 0.3651483716701107, 'a3': 5.422560433905913} logZ_max= 3.6280712128724084 obs_max= 2.674302415282344e-32
dist_min= tensor(5182.7796) dist_max= tensor(199.0809)
params_min,params_max=params_min,params_new
evaluating model at params_new={'a1': 2.0784609690826525, 'a2': 0.3651483716701107, 'a3': 5.422560433886389}
params_min= {'a1': 2.0784609690826525, 'a2': 0.3651483716701107, 'a3': 5.422560433879881} logZ_min= 3.628084817301333 obs_min= 3.349026205222131e-35
params_new= {'a1': 2.0784609690826525, 'a2': 0.3651483716701107, 'a3': 5.422560433886389} logZ_new= 3.6280741853314225 obs_new= 1.5554973692888913e-32
params_max= {'a1': 2.0784609690826525, 'a2': 0.3651483716701107, 'a3': 5.422560433892897} logZ_max= nan obs_max= 1.31382118675573e-34
dist_min= tensor(5178.8779) dist_max= tensor(195.8690)
params_min,params_max=params_min,params_new
evaluating model at params_new={'a1': 2.0784609690826525, 'a2': 0.3651483716701107, 'a3': 5.422560433883135}
params_min= {'a1': 2.0784609690826525, 'a2': 0.3651483716701107, 'a3': 5.422560433879881} logZ_min= 3.628084817301333 obs_min= 3.349026205222131e-35
params_new= {'a1': 2.0784609690826525, 'a2': 0.3651483716701107, 'a3': 5.422560433883135} logZ_new= 3.6280783177897904 obs_new= 4.57432621666902e-32
params_max= {'a1': 2.0784609690826525, 'a2': 0.3651483716701107, 'a3': 5.422560433886389} logZ_max= 3.6280741853314225 obs_max= 1.5554973692888913e-32
dist_min= tensor(5300.9691) dist_max= tensor(1128.7699)
params_min,params_max=params_min,params_new
evaluating model at params_new={'a1': 2.0784609690826525, 'a2': 0.3651483716701107, 'a3': 5.422560433881507}
params_min= {'a1': 2.0784609690826525, 'a2': 0.3651483716701107, 'a3': 5.422560433879881} logZ_min= 3.628084817301333 obs_min= 3.349026205222131e-35
params_new= {'a1': 2.0784609690826525, 'a2': 0.3651483716701107, 'a3': 5.422560433881507} logZ_new= 3.6280807215813997 obs_new= 4.2818414909044745e-32
params_max= {'a1': 2.0784609690826525, 'a2': 0.3651483716701107, 'a3': 5.422560433883135} logZ_max= 3.6280783177897904 obs_max= 4.57432621666902e-32
dist_min= tensor(5178.9659) dist_max= tensor(1131.1299)
params_min,params_max=params_min,params_new
evaluating model at params_new={'a1': 2.0784609690826525, 'a2': 0.3651483716701107, 'a3': 5.422560433880694}
params_min= {'a1': 2.0784609690826525, 'a2': 0.3651483716701107, 'a3': 5.422560433879881} logZ_min= 3.628084817301333 obs_min= 3.349026205222131e-35
params_new= {'a1': 2.0784609690826525, 'a2': 0.3651483716701107, 'a3': 5.422560433880694} logZ_new= nan obs_new= 3.1098141310510634e-36
params_max= {'a1': 2.0784609690826525, 'a2': 0.3651483716701107, 'a3': 5.422560433881507} logZ_max= 3.6280807215813997 obs_max= 4.2818414909044745e-32
dist_min= tensor(5179.1721) dist_max= tensor(43.9496)
params_min,params_max=params_min,params_new
evaluating model at params_new={'a1': 2.0784609690826525, 'a2': 0.3651483716701107, 'a3': 5.422560433880287}
params_min= {'a1': 2.0784609690826525, 'a2': 0.3651483716701107, 'a3': 5.422560433879881} logZ_min= 3.628084817301333 obs_min= 3.349026205222131e-35
params_new= {'a1': 2.0784609690826525, 'a2': 0.3651483716701107, 'a3': 5.422560433880287} logZ_new= 3.6280813328724055 obs_new= 3.5852342948931883e-32
params_max= {'a1': 2.0784609690826525, 'a2': 0.3651483716701107, 'a3': 5.422560433880694} logZ_max= nan obs_max= 3.1098141310510634e-36
dist_min= tensor(25167.1448) dist_max= tensor(24642.6276)
params_min,params_max=params_min,params_new
evaluating model at params_new={'a1': 2.0784609690826525, 'a2': 0.3651483716701107, 'a3': 5.422560433880085}
params_min= {'a1': 2.0784609690826525, 'a2': 0.3651483716701107, 'a3': 5.422560433879881} logZ_min= 3.628084817301333 obs_min= 3.349026205222131e-35
params_new= {'a1': 2.0784609690826525, 'a2': 0.3651483716701107, 'a3': 5.422560433880085} logZ_new= 3.628070473785748 obs_new= 2.6398907430207237e-33
params_max= {'a1': 2.0784609690826525, 'a2': 0.3651483716701107, 'a3': 5.422560433880287} logZ_max= 3.6280813328724055 obs_max= 3.5852342948931883e-32
dist_min= tensor(5178.7676) dist_max= tensor(24642.6320)
params_min,params_max=params_new,params_max
evaluating model at params_new={'a1': 2.0784609690826525, 'a2': 0.3651483716701107, 'a3': 5.422560433880186}
params_min= {'a1': 2.0784609690826525, 'a2': 0.3651483716701107, 'a3': 5.422560433880085} logZ_min= 3.628070473785748 obs_min= 2.6398907430207237e-33
params_new= {'a1': 2.0784609690826525, 'a2': 0.3651483716701107, 'a3': 5.422560433880186} logZ_new= 3.6280776901511906 obs_new= 1.5603888707501978e-32
params_max= {'a1': 2.0784609690826525, 'a2': 0.3651483716701107, 'a3': 5.422560433880287} logZ_max= 3.6280813328724055 obs_max= 3.5852342948931883e-32
dist_min= tensor(16.8076) dist_max= tensor(24642.6550)
params_min,params_max=params_new,params_max
evaluating model at params_new={'a1': 2.0784609690826525, 'a2': 0.3651483716701107, 'a3': 5.4225604338802365}
params_min= {'a1': 2.0784609690826525, 'a2': 0.3651483716701107, 'a3': 5.422560433880186} logZ_min= 3.6280776901511906 obs_min= 1.5603888707501978e-32
params_new= {'a1': 2.0784609690826525, 'a2': 0.3651483716701107, 'a3': 5.4225604338802365} logZ_new= nan obs_new= 3.148893632860734e-34
params_max= {'a1': 2.0784609690826525, 'a2': 0.3651483716701107, 'a3': 5.422560433880287} logZ_max= 3.6280813328724055 obs_max= 3.5852342948931883e-32
dist_min= tensor(102.8060) dist_max= tensor(24643.0033)
params_min,params_max=params_new,params_max
evaluating model at params_new={'a1': 2.0784609690826525, 'a2': 0.3651483716701107, 'a3': 5.422560433880262}
params_min= {'a1': 2.0784609690826525, 'a2': 0.3651483716701107, 'a3': 5.4225604338802365} logZ_min= nan obs_min= 3.148893632860734e-34
params_new= {'a1': 2.0784609690826525, 'a2': 0.3651483716701107, 'a3': 5.422560433880262} logZ_new= 3.6280765059065807 obs_new= 1.528570591788918e-31
params_max= {'a1': 2.0784609690826525, 'a2': 0.3651483716701107, 'a3': 5.422560433880287} logZ_max= 3.6280813328724055 obs_max= 3.5852342948931883e-32
dist_min= tensor(112.5124) dist_max= tensor(24642.6187)
params_min,params_max=params_new,params_max
evaluating model at params_new={'a1': 2.0784609690826525, 'a2': 0.3651483716701107, 'a3': 5.422560433880275}
params_min= {'a1': 2.0784609690826525, 'a2': 0.3651483716701107, 'a3': 5.422560433880262} logZ_min= 3.6280765059065807 obs_min= 1.528570591788918e-31
params_new= {'a1': 2.0784609690826525, 'a2': 0.3651483716701107, 'a3': 5.422560433880275} logZ_new= 3.628061960010408 obs_new= 1.186738755761523e-32
params_max= {'a1': 2.0784609690826525, 'a2': 0.3651483716701107, 'a3': 5.422560433880287} logZ_max= 3.6280813328724055 obs_max= 3.5852342948931883e-32
dist_min= tensor(48.6513) dist_max= tensor(24642.6637)
params_min,params_max=params_new,params_max
evaluating model at params_new={'a1': 2.0784609690826525, 'a2': 0.3651483716701107, 'a3': 5.422560433880281}
params_min= {'a1': 2.0784609690826525, 'a2': 0.3651483716701107, 'a3': 5.422560433880275} logZ_min= 3.628061960010408 obs_min= 1.186738755761523e-32
params_new= {'a1': 2.0784609690826525, 'a2': 0.3651483716701107, 'a3': 5.422560433880281} logZ_new= 3.627967331910606 obs_new= 4.60946573832127e-32
params_max= {'a1': 2.0784609690826525, 'a2': 0.3651483716701107, 'a3': 5.422560433880287} logZ_max= 3.6280813328724055 obs_max= 3.5852342948931883e-32
dist_min= tensor(600.5083) dist_max= tensor(24650.0718)
params_min,params_max=params_new,params_max
evaluating model at params_new={'a1': 2.0784609690826525, 'a2': 0.3651483716701107, 'a3': 5.4225604338802835}
params_min= {'a1': 2.0784609690826525, 'a2': 0.3651483716701107, 'a3': 5.422560433880281} logZ_min= 3.627967331910606 obs_min= 4.60946573832127e-32
params_new= {'a1': 2.0784609690826525, 'a2': 0.3651483716701107, 'a3': 5.4225604338802835} logZ_new= 3.6280901633085767 obs_new= 3.949674589282884e-33
params_max= {'a1': 2.0784609690826525, 'a2': 0.3651483716701107, 'a3': 5.422560433880287} logZ_max= 3.6280813328724055 obs_max= 3.5852342948931883e-32
dist_min= tensor(602.6183) dist_max= tensor(24642.9328)
params_min,params_max=params_new,params_max
evaluating model at params_new={'a1': 2.0784609690826525, 'a2': 0.3651483716701107, 'a3': 5.422560433880285}
params_min= {'a1': 2.0784609690826525, 'a2': 0.3651483716701107, 'a3': 5.4225604338802835} logZ_min= 3.6280901633085767 obs_min= 3.949674589282884e-33
params_new= {'a1': 2.0784609690826525, 'a2': 0.3651483716701107, 'a3': 5.422560433880285} logZ_new= 3.6280905338267457 obs_new= 4.706772413414624e-34
params_max= {'a1': 2.0784609690826525, 'a2': 0.3651483716701107, 'a3': 5.422560433880287} logZ_max= 3.6280813328724055 obs_max= 3.5852342948931883e-32
dist_min= tensor(65.4868) dist_max= tensor(24642.8412)
params_min,params_max=params_new,params_max
evaluating model at params_new={'a1': 2.0784609690826525, 'a2': 0.3651483716701107, 'a3': 5.422560433880286}
params_min= {'a1': 2.0784609690826525, 'a2': 0.3651483716701107, 'a3': 5.422560433880285} logZ_min= 3.6280905338267457 obs_min= 4.706772413414624e-34
params_new= {'a1': 2.0784609690826525, 'a2': 0.3651483716701107, 'a3': 5.422560433880286} logZ_new= 3.6280748523134743 obs_new= 5.4483359546686235e-34
params_max= {'a1': 2.0784609690826525, 'a2': 0.3651483716701107, 'a3': 5.422560433880287} logZ_max= 3.6280813328724055 obs_max= 3.5852342948931883e-32
dist_min= tensor(20.1781) dist_max= tensor(24642.7865)
params_min,params_max=params_new,params_max
critical params found:  {'a1': 2.0784609690826525, 'a2': 0.3651483716701107, 'a3': 5.422560433880287}
reference params:  {'a1': 1.1547005383792515, 'a2': 1.8257418583505538, 'a3': 4.47213595499958}
file saved to  data/AKLT3D_X10_scan_grid_critical_a3/a1_2.0784610_a2_0.3651484/Tc.json
