Start running find_critical_temp.py with options:{'filename': 'data/AKLT3D_X10_scan_grid_critical_a3/a1_0.6928203_a2_3.6514837/Tc.json', 'log_filename': 'data/AKLT3D_X10_scan_grid_critical_a3/a1_0.6928203_a2_3.6514837/Tc.log', 'nLayers': 60, 'max_dim': 10, 'model': 'AKLT3D', 'params_min': "{'a1': 0.6928203230275509, 'a2': 3.651483716701108, 'a3': 0.894427190999916}", 'params_max': "{'a1': 0.6928203230275509, 'a2': 3.651483716701108, 'a3': 1.788854381999832}", 'params_ref': None, 'observable_name': 'magnetizationZ', 'tol': 0.0, 'gilt_enabled': False, 'gilt_eps': 8e-07, 'gilt_nIter': 1, 'mcf_enabled': True, 'mcf_eps': 1e-16, 'mcf_max_iter': 200, 'hotrg_sanity_check': False, 'version': 1, 'device': 'cuda:1'}
loading library...
evaluating model at params_min={'a1': 0.6928203230275509, 'a2': 3.651483716701108, 'a3': 0.894427190999916}
params_min= {'a1': 0.6928203230275509, 'a2': 3.651483716701108, 'a3': 0.894427190999916} logZ_min= 3.4330523000948183 obs_min= 7.613743311105721e-30
evaluating model at params_max={'a1': 0.6928203230275509, 'a2': 3.651483716701108, 'a3': 1.788854381999832}
params_max= {'a1': 0.6928203230275509, 'a2': 3.651483716701108, 'a3': 1.788854381999832} logZ_max= 3.459466274110856 obs_max= 1.882891153955299
searching for critical temperature using bisection method
evaluating model at params_new={'a1': 0.6928203230275509, 'a2': 3.651483716701108, 'a3': 1.341640786499874}
params_min= {'a1': 0.6928203230275509, 'a2': 3.651483716701108, 'a3': 0.894427190999916} logZ_min= 3.4330523000948183 obs_min= 7.613743311105721e-30
params_new= {'a1': 0.6928203230275509, 'a2': 3.651483716701108, 'a3': 1.341640786499874} logZ_new= nan obs_new= 1.4439659201566053
params_max= {'a1': 0.6928203230275509, 'a2': 3.651483716701108, 'a3': 1.788854381999832} logZ_max= 3.459466274110856 obs_max= 1.882891153955299
dist_min= tensor(1.6669) dist_max= tensor(2.6893)
params_min,params_max=params_new,params_max
evaluating model at params_new={'a1': 0.6928203230275509, 'a2': 3.651483716701108, 'a3': 1.565247584249853}
params_min= {'a1': 0.6928203230275509, 'a2': 3.651483716701108, 'a3': 1.341640786499874} logZ_min= nan obs_min= 1.4439659201566053
params_new= {'a1': 0.6928203230275509, 'a2': 3.651483716701108, 'a3': 1.565247584249853} logZ_new= 3.4524682134163522 obs_new= 1.7112010348704985
params_max= {'a1': 0.6928203230275509, 'a2': 3.651483716701108, 'a3': 1.788854381999832} logZ_max= 3.459466274110856 obs_max= 1.882891153955299
dist_min= tensor(2.3322) dist_max= tensor(3.2337)
params_min,params_max=params_new,params_max
evaluating model at params_new={'a1': 0.6928203230275509, 'a2': 3.651483716701108, 'a3': 1.6770509831248424}
params_min= {'a1': 0.6928203230275509, 'a2': 3.651483716701108, 'a3': 1.565247584249853} logZ_min= 3.4524682134163522 obs_min= 1.7112010348704985
params_new= {'a1': 0.6928203230275509, 'a2': 3.651483716701108, 'a3': 1.6770509831248424} logZ_new= 3.4575408121852167 obs_new= 1.8448982200460484
params_max= {'a1': 0.6928203230275509, 'a2': 3.651483716701108, 'a3': 1.788854381999832} logZ_max= 3.459466274110856 obs_max= 1.882891153955299
dist_min= tensor(3.8924) dist_max= tensor(5.1226)
params_min,params_max=params_new,params_max
evaluating model at params_new={'a1': 0.6928203230275509, 'a2': 3.651483716701108, 'a3': 1.7329526825623371}
params_min= {'a1': 0.6928203230275509, 'a2': 3.651483716701108, 'a3': 1.6770509831248424} logZ_min= 3.4575408121852167 obs_min= 1.8448982200460484
params_new= {'a1': 0.6928203230275509, 'a2': 3.651483716701108, 'a3': 1.7329526825623371} logZ_new= 3.4583961919704116 obs_new= 1.8449834652869619
params_max= {'a1': 0.6928203230275509, 'a2': 3.651483716701108, 'a3': 1.788854381999832} logZ_max= 3.459466274110856 obs_max= 1.882891153955299
dist_min= tensor(0.9179) dist_max= tensor(5.6152)
params_min,params_max=params_new,params_max
evaluating model at params_new={'a1': 0.6928203230275509, 'a2': 3.651483716701108, 'a3': 1.7609035322810844}
params_min= {'a1': 0.6928203230275509, 'a2': 3.651483716701108, 'a3': 1.7329526825623371} logZ_min= 3.4583961919704116 obs_min= 1.8449834652869619
params_new= {'a1': 0.6928203230275509, 'a2': 3.651483716701108, 'a3': 1.7609035322810844} logZ_new= 3.4585329480401494 obs_new= 1.8636583716386537
params_max= {'a1': 0.6928203230275509, 'a2': 3.651483716701108, 'a3': 1.788854381999832} logZ_max= 3.459466274110856 obs_max= 1.882891153955299
dist_min= tensor(5.5567) dist_max= tensor(0.1853)
params_min,params_max=params_min,params_new
evaluating model at params_new={'a1': 0.6928203230275509, 'a2': 3.651483716701108, 'a3': 1.7469281074217107}
params_min= {'a1': 0.6928203230275509, 'a2': 3.651483716701108, 'a3': 1.7329526825623371} logZ_min= 3.4583961919704116 obs_min= 1.8449834652869619
params_new= {'a1': 0.6928203230275509, 'a2': 3.651483716701108, 'a3': 1.7469281074217107} logZ_new= 3.458086409132422 obs_new= 1.8544358517192485
params_max= {'a1': 0.6928203230275509, 'a2': 3.651483716701108, 'a3': 1.7609035322810844} logZ_max= 3.4585329480401494 obs_max= 1.8636583716386537
dist_min= tensor(4.6509) dist_max= tensor(1.1008)
params_min,params_max=params_min,params_new
evaluating model at params_new={'a1': 0.6928203230275509, 'a2': 3.651483716701108, 'a3': 1.7399403949920238}
params_min= {'a1': 0.6928203230275509, 'a2': 3.651483716701108, 'a3': 1.7329526825623371} logZ_min= 3.4583961919704116 obs_min= 1.8449834652869619
params_new= {'a1': 0.6928203230275509, 'a2': 3.651483716701108, 'a3': 1.7399403949920238} logZ_new= nan obs_new= 1.8416211337044386
params_max= {'a1': 0.6928203230275509, 'a2': 3.651483716701108, 'a3': 1.7469281074217107} logZ_max= 3.458086409132422 obs_max= 1.8544358517192485
dist_min= tensor(4.0729) dist_max= tensor(1.6624)
params_min,params_max=params_min,params_new
evaluating model at params_new={'a1': 0.6928203230275509, 'a2': 3.651483716701108, 'a3': 1.7364465387771806}
params_min= {'a1': 0.6928203230275509, 'a2': 3.651483716701108, 'a3': 1.7329526825623371} logZ_min= 3.4583961919704116 obs_min= 1.8449834652869619
params_new= {'a1': 0.6928203230275509, 'a2': 3.651483716701108, 'a3': 1.7364465387771806} logZ_new= 3.4607251125618004 obs_new= 1.930082892619546
params_max= {'a1': 0.6928203230275509, 'a2': 3.651483716701108, 'a3': 1.7399403949920238} logZ_max= nan obs_max= 1.8416211337044386
dist_min= tensor(2.4141) dist_max= tensor(3.2262)
params_min,params_max=params_new,params_max
evaluating model at params_new={'a1': 0.6928203230275509, 'a2': 3.651483716701108, 'a3': 1.7381934668846022}
params_min= {'a1': 0.6928203230275509, 'a2': 3.651483716701108, 'a3': 1.7364465387771806} logZ_min= 3.4607251125618004 obs_min= 1.930082892619546
params_new= {'a1': 0.6928203230275509, 'a2': 3.651483716701108, 'a3': 1.7381934668846022} logZ_new= 3.4594225208155263 obs_new= 1.8814625670635345
params_max= {'a1': 0.6928203230275509, 'a2': 3.651483716701108, 'a3': 1.7399403949920238} logZ_max= nan obs_max= 1.8416211337044386
dist_min= tensor(3.3203) dist_max= tensor(0.6295)
params_min,params_max=params_min,params_new
evaluating model at params_new={'a1': 0.6928203230275509, 'a2': 3.651483716701108, 'a3': 1.7373200028308915}
params_min= {'a1': 0.6928203230275509, 'a2': 3.651483716701108, 'a3': 1.7364465387771806} logZ_min= 3.4607251125618004 obs_min= 1.930082892619546
params_new= {'a1': 0.6928203230275509, 'a2': 3.651483716701108, 'a3': 1.7373200028308915} logZ_new= nan obs_new= 1.932150467240533
params_max= {'a1': 0.6928203230275509, 'a2': 3.651483716701108, 'a3': 1.7381934668846022} logZ_max= 3.4594225208155263 obs_max= 1.8814625670635345
dist_min= tensor(33.8288) dist_max= tensor(34.4134)
params_min,params_max=params_new,params_max
evaluating model at params_new={'a1': 0.6928203230275509, 'a2': 3.651483716701108, 'a3': 1.7377567348577467}
params_min= {'a1': 0.6928203230275509, 'a2': 3.651483716701108, 'a3': 1.7373200028308915} logZ_min= nan obs_min= 1.932150467240533
params_new= {'a1': 0.6928203230275509, 'a2': 3.651483716701108, 'a3': 1.7377567348577467} logZ_new= 3.457261053356871 obs_new= 1.7956069184354408
params_max= {'a1': 0.6928203230275509, 'a2': 3.651483716701108, 'a3': 1.7381934668846022} logZ_max= 3.4594225208155263 obs_max= 1.8814625670635345
dist_min= tensor(34.3342) dist_max= tensor(0.2716)
params_min,params_max=params_min,params_new
evaluating model at params_new={'a1': 0.6928203230275509, 'a2': 3.651483716701108, 'a3': 1.7375383688443191}
params_min= {'a1': 0.6928203230275509, 'a2': 3.651483716701108, 'a3': 1.7373200028308915} logZ_min= nan obs_min= 1.932150467240533
params_new= {'a1': 0.6928203230275509, 'a2': 3.651483716701108, 'a3': 1.7375383688443191} logZ_new= 3.4590603080453928 obs_new= 1.8680685618530113
params_max= {'a1': 0.6928203230275509, 'a2': 3.651483716701108, 'a3': 1.7377567348577467} logZ_max= 3.457261053356871 obs_max= 1.7956069184354408
dist_min= tensor(34.3414) dist_max= tensor(0.2426)
params_min,params_max=params_min,params_new
evaluating model at params_new={'a1': 0.6928203230275509, 'a2': 3.651483716701108, 'a3': 1.7374291858376054}
params_min= {'a1': 0.6928203230275509, 'a2': 3.651483716701108, 'a3': 1.7373200028308915} logZ_min= nan obs_min= 1.932150467240533
params_new= {'a1': 0.6928203230275509, 'a2': 3.651483716701108, 'a3': 1.7374291858376054} logZ_new= nan obs_new= 1.3761229592324644
params_max= {'a1': 0.6928203230275509, 'a2': 3.651483716701108, 'a3': 1.7375383688443191} logZ_max= 3.4590603080453928 obs_max= 1.8680685618530113
dist_min= tensor(34.2710) dist_max= tensor(2.4144)
params_min,params_max=params_min,params_new
evaluating model at params_new={'a1': 0.6928203230275509, 'a2': 3.651483716701108, 'a3': 1.7373745943342485}
params_min= {'a1': 0.6928203230275509, 'a2': 3.651483716701108, 'a3': 1.7373200028308915} logZ_min= nan obs_min= 1.932150467240533
params_new= {'a1': 0.6928203230275509, 'a2': 3.651483716701108, 'a3': 1.7373745943342485} logZ_new= 3.4608272515976477 obs_new= 1.933214879820222
params_max= {'a1': 0.6928203230275509, 'a2': 3.651483716701108, 'a3': 1.7374291858376054} logZ_max= nan obs_max= 1.3761229592324644
dist_min= tensor(33.8256) dist_max= tensor(4.4487)
params_min,params_max=params_min,params_new
evaluating model at params_new={'a1': 0.6928203230275509, 'a2': 3.651483716701108, 'a3': 1.73734729858257}
params_min= {'a1': 0.6928203230275509, 'a2': 3.651483716701108, 'a3': 1.7373200028308915} logZ_min= nan obs_min= 1.932150467240533
params_new= {'a1': 0.6928203230275509, 'a2': 3.651483716701108, 'a3': 1.73734729858257} logZ_new= nan obs_new= 1.8736503750343982
params_max= {'a1': 0.6928203230275509, 'a2': 3.651483716701108, 'a3': 1.7373745943342485} logZ_max= 3.4608272515976477 obs_max= 1.933214879820222
dist_min= tensor(6807.5523) dist_max= tensor(6841.2385)
params_min,params_max=params_new,params_max
evaluating model at params_new={'a1': 0.6928203230275509, 'a2': 3.651483716701108, 'a3': 1.7373609464584092}
params_min= {'a1': 0.6928203230275509, 'a2': 3.651483716701108, 'a3': 1.73734729858257} logZ_min= nan obs_min= 1.8736503750343982
params_new= {'a1': 0.6928203230275509, 'a2': 3.651483716701108, 'a3': 1.7373609464584092} logZ_new= 3.4598841081581044 obs_new= 1.899149079825592
params_max= {'a1': 0.6928203230275509, 'a2': 3.651483716701108, 'a3': 1.7373745943342485} logZ_max= 3.4608272515976477 obs_max= 1.933214879820222
dist_min= tensor(6841.3126) dist_max= tensor(2.4070)
params_min,params_max=params_min,params_new
evaluating model at params_new={'a1': 0.6928203230275509, 'a2': 3.651483716701108, 'a3': 1.7373541225204896}
params_min= {'a1': 0.6928203230275509, 'a2': 3.651483716701108, 'a3': 1.73734729858257} logZ_min= nan obs_min= 1.8736503750343982
params_new= {'a1': 0.6928203230275509, 'a2': 3.651483716701108, 'a3': 1.7373541225204896} logZ_new= 3.459530995551787 obs_new= 1.8860213350274808
params_max= {'a1': 0.6928203230275509, 'a2': 3.651483716701108, 'a3': 1.7373609464584092} logZ_max= 3.4598841081581044 obs_max= 1.899149079825592
dist_min= tensor(6841.9628) dist_max= tensor(3.9782)
params_min,params_max=params_min,params_new
evaluating model at params_new={'a1': 0.6928203230275509, 'a2': 3.651483716701108, 'a3': 1.7373507105515298}
params_min= {'a1': 0.6928203230275509, 'a2': 3.651483716701108, 'a3': 1.73734729858257} logZ_min= nan obs_min= 1.8736503750343982
params_new= {'a1': 0.6928203230275509, 'a2': 3.651483716701108, 'a3': 1.7373507105515298} logZ_new= 3.4605954447318044 obs_new= 1.9249838641198733
params_max= {'a1': 0.6928203230275509, 'a2': 3.651483716701108, 'a3': 1.7373541225204896} logZ_max= 3.459530995551787 obs_max= 1.8860213350274808
dist_min= tensor(6841.9428) dist_max= tensor(0.0650)
params_min,params_max=params_min,params_new
evaluating model at params_new={'a1': 0.6928203230275509, 'a2': 3.651483716701108, 'a3': 1.7373490045670499}
params_min= {'a1': 0.6928203230275509, 'a2': 3.651483716701108, 'a3': 1.73734729858257} logZ_min= nan obs_min= 1.8736503750343982
params_new= {'a1': 0.6928203230275509, 'a2': 3.651483716701108, 'a3': 1.7373490045670499} logZ_new= 3.4586690316311994 obs_new= 1.853031692761097
params_max= {'a1': 0.6928203230275509, 'a2': 3.651483716701108, 'a3': 1.7373507105515298} logZ_max= 3.4605954447318044 obs_max= 1.9249838641198733
dist_min= tensor(6841.3174) dist_max= tensor(3.9459)
params_min,params_max=params_min,params_new
evaluating model at params_new={'a1': 0.6928203230275509, 'a2': 3.651483716701108, 'a3': 1.73734815157481}
params_min= {'a1': 0.6928203230275509, 'a2': 3.651483716701108, 'a3': 1.73734729858257} logZ_min= nan obs_min= 1.8736503750343982
params_new= {'a1': 0.6928203230275509, 'a2': 3.651483716701108, 'a3': 1.73734815157481} logZ_new= nan obs_new= 1.929944291733249
params_max= {'a1': 0.6928203230275509, 'a2': 3.651483716701108, 'a3': 1.7373490045670499} logZ_max= 3.4586690316311994 obs_max= 1.853031692761097
dist_min= tensor(6830.9312) dist_max= tensor(11.0613)
params_min,params_max=params_min,params_new
evaluating model at params_new={'a1': 0.6928203230275509, 'a2': 3.651483716701108, 'a3': 1.73734772507869}
params_min= {'a1': 0.6928203230275509, 'a2': 3.651483716701108, 'a3': 1.73734729858257} logZ_min= nan obs_min= 1.8736503750343982
params_new= {'a1': 0.6928203230275509, 'a2': 3.651483716701108, 'a3': 1.73734772507869} logZ_new= 3.460634623413332 obs_new= 1.926384730792445
params_max= {'a1': 0.6928203230275509, 'a2': 3.651483716701108, 'a3': 1.73734815157481} logZ_max= nan obs_max= 1.929944291733249
dist_min= tensor(6841.9274) dist_max= tensor(11.0084)
params_min,params_max=params_min,params_new
evaluating model at params_new={'a1': 0.6928203230275509, 'a2': 3.651483716701108, 'a3': 1.73734751183063}
params_min= {'a1': 0.6928203230275509, 'a2': 3.651483716701108, 'a3': 1.73734729858257} logZ_min= nan obs_min= 1.8736503750343982
params_new= {'a1': 0.6928203230275509, 'a2': 3.651483716701108, 'a3': 1.73734751183063} logZ_new= 3.4536082562858343 obs_new= 1.587400774257201
params_max= {'a1': 0.6928203230275509, 'a2': 3.651483716701108, 'a3': 1.73734772507869} logZ_max= 3.460634623413332 obs_max= 1.926384730792445
dist_min= tensor(6841.7397) dist_max= tensor(3.2563)
params_min,params_max=params_min,params_new
evaluating model at params_new={'a1': 0.6928203230275509, 'a2': 3.651483716701108, 'a3': 1.7373474052066}
params_min= {'a1': 0.6928203230275509, 'a2': 3.651483716701108, 'a3': 1.73734729858257} logZ_min= nan obs_min= 1.8736503750343982
params_new= {'a1': 0.6928203230275509, 'a2': 3.651483716701108, 'a3': 1.7373474052066} logZ_new= 3.458097211506194 obs_new= 1.8303484640231558
params_max= {'a1': 0.6928203230275509, 'a2': 3.651483716701108, 'a3': 1.73734751183063} logZ_max= 3.4536082562858343 obs_max= 1.587400774257201
dist_min= tensor(6841.2118) dist_max= tensor(5.5299)
params_min,params_max=params_min,params_new
evaluating model at params_new={'a1': 0.6928203230275509, 'a2': 3.651483716701108, 'a3': 1.737347351894585}
params_min= {'a1': 0.6928203230275509, 'a2': 3.651483716701108, 'a3': 1.73734729858257} logZ_min= nan obs_min= 1.8736503750343982
params_new= {'a1': 0.6928203230275509, 'a2': 3.651483716701108, 'a3': 1.737347351894585} logZ_new= nan obs_new= 1.926895917550869
params_max= {'a1': 0.6928203230275509, 'a2': 3.651483716701108, 'a3': 1.7373474052066} logZ_max= 3.458097211506194 obs_max= 1.8303484640231558
dist_min= tensor(6840.8477) dist_max= tensor(4.0161)
params_min,params_max=params_min,params_new
evaluating model at params_new={'a1': 0.6928203230275509, 'a2': 3.651483716701108, 'a3': 1.7373473252385776}
params_min= {'a1': 0.6928203230275509, 'a2': 3.651483716701108, 'a3': 1.73734729858257} logZ_min= nan obs_min= 1.8736503750343982
params_new= {'a1': 0.6928203230275509, 'a2': 3.651483716701108, 'a3': 1.7373473252385776} logZ_new= 3.458366183742271 obs_new= 1.84110320483588
params_max= {'a1': 0.6928203230275509, 'a2': 3.651483716701108, 'a3': 1.737347351894585} logZ_max= nan obs_max= 1.926895917550869
dist_min= tensor(6841.3174) dist_max= tensor(3.9659)
params_min,params_max=params_min,params_new
evaluating model at params_new={'a1': 0.6928203230275509, 'a2': 3.651483716701108, 'a3': 1.7373473119105738}
params_min= {'a1': 0.6928203230275509, 'a2': 3.651483716701108, 'a3': 1.73734729858257} logZ_min= nan obs_min= 1.8736503750343982
params_new= {'a1': 0.6928203230275509, 'a2': 3.651483716701108, 'a3': 1.7373473119105738} logZ_new= nan obs_new= 1.9290784097900466
params_max= {'a1': 0.6928203230275509, 'a2': 3.651483716701108, 'a3': 1.7373473252385776} logZ_max= 3.458366183742271 obs_max= 1.84110320483588
dist_min= tensor(6840.0929) dist_max= tensor(4.0976)
params_min,params_max=params_min,params_new
evaluating model at params_new={'a1': 0.6928203230275509, 'a2': 3.651483716701108, 'a3': 1.7373473052465718}
params_min= {'a1': 0.6928203230275509, 'a2': 3.651483716701108, 'a3': 1.73734729858257} logZ_min= nan obs_min= 1.8736503750343982
params_new= {'a1': 0.6928203230275509, 'a2': 3.651483716701108, 'a3': 1.7373473052465718} logZ_new= 3.458932286206446 obs_new= 1.8632561446088787
params_max= {'a1': 0.6928203230275509, 'a2': 3.651483716701108, 'a3': 1.7373473119105738} logZ_max= nan obs_max= 1.9290784097900466
dist_min= tensor(6841.2577) dist_max= tensor(3.9842)
params_min,params_max=params_min,params_new
evaluating model at params_new={'a1': 0.6928203230275509, 'a2': 3.651483716701108, 'a3': 1.7373473019145709}
params_min= {'a1': 0.6928203230275509, 'a2': 3.651483716701108, 'a3': 1.73734729858257} logZ_min= nan obs_min= 1.8736503750343982
params_new= {'a1': 0.6928203230275509, 'a2': 3.651483716701108, 'a3': 1.7373473019145709} logZ_new= nan obs_new= 1.9292782799677206
params_max= {'a1': 0.6928203230275509, 'a2': 3.651483716701108, 'a3': 1.7373473052465718} logZ_max= 3.458932286206446 obs_max= 1.8632561446088787
dist_min= tensor(6650.1510) dist_max= tensor(191.1431)
params_min,params_max=params_min,params_new
evaluating model at params_new={'a1': 0.6928203230275509, 'a2': 3.651483716701108, 'a3': 1.7373473002485704}
params_min= {'a1': 0.6928203230275509, 'a2': 3.651483716701108, 'a3': 1.73734729858257} logZ_min= nan obs_min= 1.8736503750343982
params_new= {'a1': 0.6928203230275509, 'a2': 3.651483716701108, 'a3': 1.7373473002485704} logZ_new= 3.4608150793701813 obs_new= 1.9327983871541892
params_max= {'a1': 0.6928203230275509, 'a2': 3.651483716701108, 'a3': 1.7373473019145709} logZ_max= nan obs_max= 1.9292782799677206
dist_min= tensor(6841.2465) dist_max= tensor(191.1296)
params_min,params_max=params_min,params_new
evaluating model at params_new={'a1': 0.6928203230275509, 'a2': 3.651483716701108, 'a3': 1.7373472994155703}
params_min= {'a1': 0.6928203230275509, 'a2': 3.651483716701108, 'a3': 1.73734729858257} logZ_min= nan obs_min= 1.8736503750343982
params_new= {'a1': 0.6928203230275509, 'a2': 3.651483716701108, 'a3': 1.7373472994155703} logZ_new= 3.4607713666586997 obs_new= 1.931248891346496
params_max= {'a1': 0.6928203230275509, 'a2': 3.651483716701108, 'a3': 1.7373473002485704} logZ_max= 3.4608150793701813 obs_max= 1.9327983871541892
dist_min= tensor(6841.2481) dist_max= tensor(1.6563)
params_min,params_max=params_min,params_new
evaluating model at params_new={'a1': 0.6928203230275509, 'a2': 3.651483716701108, 'a3': 1.7373472989990701}
params_min= {'a1': 0.6928203230275509, 'a2': 3.651483716701108, 'a3': 1.73734729858257} logZ_min= nan obs_min= 1.8736503750343982
params_new= {'a1': 0.6928203230275509, 'a2': 3.651483716701108, 'a3': 1.7373472989990701} logZ_new= nan obs_new= 1.8835607063413253
params_max= {'a1': 0.6928203230275509, 'a2': 3.651483716701108, 'a3': 1.7373472994155703} logZ_max= 3.4607713666586997 obs_max= 1.931248891346496
dist_min= tensor(6841.3322) dist_max= tensor(3.2606)
params_min,params_max=params_min,params_new
evaluating model at params_new={'a1': 0.6928203230275509, 'a2': 3.651483716701108, 'a3': 1.73734729879082}
params_min= {'a1': 0.6928203230275509, 'a2': 3.651483716701108, 'a3': 1.73734729858257} logZ_min= nan obs_min= 1.8736503750343982
params_new= {'a1': 0.6928203230275509, 'a2': 3.651483716701108, 'a3': 1.73734729879082} logZ_new= 3.4597407347436135 obs_new= 1.893850345547738
params_max= {'a1': 0.6928203230275509, 'a2': 3.651483716701108, 'a3': 1.7373472989990701} logZ_max= nan obs_max= 1.8835607063413253
dist_min= tensor(6841.7572) dist_max= tensor(0.4277)
params_min,params_max=params_min,params_new
evaluating model at params_new={'a1': 0.6928203230275509, 'a2': 3.651483716701108, 'a3': 1.7373472986866951}
params_min= {'a1': 0.6928203230275509, 'a2': 3.651483716701108, 'a3': 1.73734729858257} logZ_min= nan obs_min= 1.8736503750343982
params_new= {'a1': 0.6928203230275509, 'a2': 3.651483716701108, 'a3': 1.7373472986866951} logZ_new= 3.459794835294774 obs_new= 1.8958570754406165
params_max= {'a1': 0.6928203230275509, 'a2': 3.651483716701108, 'a3': 1.73734729879082} logZ_max= 3.4597407347436135 obs_max= 1.893850345547738
dist_min= tensor(6841.6888) dist_max= tensor(2.4508)
params_min,params_max=params_min,params_new
evaluating model at params_new={'a1': 0.6928203230275509, 'a2': 3.651483716701108, 'a3': 1.7373472986346326}
params_min= {'a1': 0.6928203230275509, 'a2': 3.651483716701108, 'a3': 1.73734729858257} logZ_min= nan obs_min= 1.8736503750343982
params_new= {'a1': 0.6928203230275509, 'a2': 3.651483716701108, 'a3': 1.7373472986346326} logZ_new= nan obs_new= 1.9331975135902406
params_max= {'a1': 0.6928203230275509, 'a2': 3.651483716701108, 'a3': 1.7373472986866951} logZ_max= 3.459794835294774 obs_max= 1.8958570754406165
dist_min= tensor(6820.8474) dist_max= tensor(20.9585)
params_min,params_max=params_min,params_new
evaluating model at params_new={'a1': 0.6928203230275509, 'a2': 3.651483716701108, 'a3': 1.7373472986086012}
params_min= {'a1': 0.6928203230275509, 'a2': 3.651483716701108, 'a3': 1.73734729858257} logZ_min= nan obs_min= 1.8736503750343982
params_new= {'a1': 0.6928203230275509, 'a2': 3.651483716701108, 'a3': 1.7373472986086012} logZ_new= 3.4602224949453757 obs_new= 1.9115451064986926
params_max= {'a1': 0.6928203230275509, 'a2': 3.651483716701108, 'a3': 1.7373472986346326} logZ_max= nan obs_max= 1.9331975135902406
dist_min= tensor(6841.7542) dist_max= tensor(20.9083)
params_min,params_max=params_min,params_new
evaluating model at params_new={'a1': 0.6928203230275509, 'a2': 3.651483716701108, 'a3': 1.7373472985955856}
params_min= {'a1': 0.6928203230275509, 'a2': 3.651483716701108, 'a3': 1.73734729858257} logZ_min= nan obs_min= 1.8736503750343982
params_new= {'a1': 0.6928203230275509, 'a2': 3.651483716701108, 'a3': 1.7373472985955856} logZ_new= 3.4537769240610148 obs_new= 1.621011483683636
params_max= {'a1': 0.6928203230275509, 'a2': 3.651483716701108, 'a3': 1.7373472986086012} logZ_max= 3.4602224949453757 obs_max= 1.9115451064986926
dist_min= tensor(6841.9642) dist_max= tensor(1.4039)
params_min,params_max=params_min,params_new
evaluating model at params_new={'a1': 0.6928203230275509, 'a2': 3.651483716701108, 'a3': 1.7373472985890777}
params_min= {'a1': 0.6928203230275509, 'a2': 3.651483716701108, 'a3': 1.73734729858257} logZ_min= nan obs_min= 1.8736503750343982
params_new= {'a1': 0.6928203230275509, 'a2': 3.651483716701108, 'a3': 1.7373472985890777} logZ_new= 3.4606706752514453 obs_new= 1.9276705268809455
params_max= {'a1': 0.6928203230275509, 'a2': 3.651483716701108, 'a3': 1.7373472985955856} logZ_max= 3.4537769240610148 obs_max= 1.621011483683636
dist_min= tensor(6841.2767) dist_max= tensor(4.5298)
params_min,params_max=params_min,params_new
evaluating model at params_new={'a1': 0.6928203230275509, 'a2': 3.651483716701108, 'a3': 1.7373472985858238}
params_min= {'a1': 0.6928203230275509, 'a2': 3.651483716701108, 'a3': 1.73734729858257} logZ_min= nan obs_min= 1.8736503750343982
params_new= {'a1': 0.6928203230275509, 'a2': 3.651483716701108, 'a3': 1.7373472985858238} logZ_new= nan obs_new= 1.9329751956226064
params_max= {'a1': 0.6928203230275509, 'a2': 3.651483716701108, 'a3': 1.7373472985890777} logZ_max= 3.4606706752514453 obs_max= 1.9276705268809455
dist_min= tensor(6840.9156) dist_max= tensor(3.3010)
params_min,params_max=params_min,params_new
evaluating model at params_new={'a1': 0.6928203230275509, 'a2': 3.651483716701108, 'a3': 1.737347298584197}
params_min= {'a1': 0.6928203230275509, 'a2': 3.651483716701108, 'a3': 1.73734729858257} logZ_min= nan obs_min= 1.8736503750343982
params_new= {'a1': 0.6928203230275509, 'a2': 3.651483716701108, 'a3': 1.737347298584197} logZ_new= 3.4606231899256157 obs_new= 1.925976840419103
params_max= {'a1': 0.6928203230275509, 'a2': 3.651483716701108, 'a3': 1.7373472985858238} logZ_max= nan obs_max= 1.9329751956226064
dist_min= tensor(6841.9560) dist_max= tensor(1.0481)
params_min,params_max=params_min,params_new
evaluating model at params_new={'a1': 0.6928203230275509, 'a2': 3.651483716701108, 'a3': 1.7373472985833835}
params_min= {'a1': 0.6928203230275509, 'a2': 3.651483716701108, 'a3': 1.73734729858257} logZ_min= nan obs_min= 1.8736503750343982
params_new= {'a1': 0.6928203230275509, 'a2': 3.651483716701108, 'a3': 1.7373472985833835} logZ_new= 3.4608183699250183 obs_new= 1.9329148441509463
params_max= {'a1': 0.6928203230275509, 'a2': 3.651483716701108, 'a3': 1.737347298584197} logZ_max= 3.4606231899256157 obs_max= 1.925976840419103
dist_min= tensor(6841.9317) dist_max= tensor(0.0365)
params_min,params_max=params_min,params_new
evaluating model at params_new={'a1': 0.6928203230275509, 'a2': 3.651483716701108, 'a3': 1.7373472985829768}
params_min= {'a1': 0.6928203230275509, 'a2': 3.651483716701108, 'a3': 1.73734729858257} logZ_min= nan obs_min= 1.8736503750343982
params_new= {'a1': 0.6928203230275509, 'a2': 3.651483716701108, 'a3': 1.7373472985829768} logZ_new= 3.4594752702120286 obs_new= 1.8839325433850351
params_max= {'a1': 0.6928203230275509, 'a2': 3.651483716701108, 'a3': 1.7373472985833835} logZ_max= 3.4608183699250183 obs_max= 1.9329148441509463
dist_min= tensor(6841.2673) dist_max= tensor(3.8327)
params_min,params_max=params_min,params_new
evaluating model at params_new={'a1': 0.6928203230275509, 'a2': 3.651483716701108, 'a3': 1.7373472985827734}
params_min= {'a1': 0.6928203230275509, 'a2': 3.651483716701108, 'a3': 1.73734729858257} logZ_min= nan obs_min= 1.8736503750343982
params_new= {'a1': 0.6928203230275509, 'a2': 3.651483716701108, 'a3': 1.7373472985827734} logZ_new= 3.4607648936297757 obs_new= 1.9310192019423273
params_max= {'a1': 0.6928203230275509, 'a2': 3.651483716701108, 'a3': 1.7373472985829768} logZ_max= 3.4594752702120286 obs_max= 1.8839325433850351
dist_min= tensor(6841.2480) dist_max= tensor(1.6691)
params_min,params_max=params_min,params_new
evaluating model at params_new={'a1': 0.6928203230275509, 'a2': 3.651483716701108, 'a3': 1.7373472985826717}
params_min= {'a1': 0.6928203230275509, 'a2': 3.651483716701108, 'a3': 1.73734729858257} logZ_min= nan obs_min= 1.8736503750343982
params_new= {'a1': 0.6928203230275509, 'a2': 3.651483716701108, 'a3': 1.7373472985826717} logZ_new= nan obs_new= 1.8785451682454921
params_max= {'a1': 0.6928203230275509, 'a2': 3.651483716701108, 'a3': 1.7373472985827734} logZ_max= 3.4607648936297757 obs_max= 1.9310192019423273
dist_min= tensor(6837.7270) dist_max= tensor(4.7318)
params_min,params_max=params_min,params_new
evaluating model at params_new={'a1': 0.6928203230275509, 'a2': 3.651483716701108, 'a3': 1.7373472985826208}
params_min= {'a1': 0.6928203230275509, 'a2': 3.651483716701108, 'a3': 1.73734729858257} logZ_min= nan obs_min= 1.8736503750343982
params_new= {'a1': 0.6928203230275509, 'a2': 3.651483716701108, 'a3': 1.7373472985826208} logZ_new= 3.45463360853166 obs_new= 1.6749105329378011
params_max= {'a1': 0.6928203230275509, 'a2': 3.651483716701108, 'a3': 1.7373472985826717} logZ_max= nan obs_max= 1.8785451682454921
dist_min= tensor(6841.8852) dist_max= tensor(4.4664)
params_min,params_max=params_min,params_new
evaluating model at params_new={'a1': 0.6928203230275509, 'a2': 3.651483716701108, 'a3': 1.7373472985825953}
params_min= {'a1': 0.6928203230275509, 'a2': 3.651483716701108, 'a3': 1.73734729858257} logZ_min= nan obs_min= 1.8736503750343982
params_new= {'a1': 0.6928203230275509, 'a2': 3.651483716701108, 'a3': 1.7373472985825953} logZ_new= 3.4526996132938463 obs_new= 1.5324682522149105
params_max= {'a1': 0.6928203230275509, 'a2': 3.651483716701108, 'a3': 1.7373472985826208} logZ_max= 3.45463360853166 obs_max= 1.6749105329378011
dist_min= tensor(6841.9512) dist_max= tensor(15.2654)
params_min,params_max=params_min,params_new
evaluating model at params_new={'a1': 0.6928203230275509, 'a2': 3.651483716701108, 'a3': 1.7373472985825826}
params_min= {'a1': 0.6928203230275509, 'a2': 3.651483716701108, 'a3': 1.73734729858257} logZ_min= nan obs_min= 1.8736503750343982
params_new= {'a1': 0.6928203230275509, 'a2': 3.651483716701108, 'a3': 1.7373472985825826} logZ_new= 3.4596981106435174 obs_new= 1.8922661070871658
params_max= {'a1': 0.6928203230275509, 'a2': 3.651483716701108, 'a3': 1.7373472985825953} logZ_max= 3.4526996132938463 obs_max= 1.5324682522149105
dist_min= tensor(6841.2224) dist_max= tensor(15.3634)
params_min,params_max=params_min,params_new
evaluating model at params_new={'a1': 0.6928203230275509, 'a2': 3.651483716701108, 'a3': 1.7373472985825762}
params_min= {'a1': 0.6928203230275509, 'a2': 3.651483716701108, 'a3': 1.73734729858257} logZ_min= nan obs_min= 1.8736503750343982
params_new= {'a1': 0.6928203230275509, 'a2': 3.651483716701108, 'a3': 1.7373472985825762} logZ_new= nan obs_new= 1.8313326717646083
params_max= {'a1': 0.6928203230275509, 'a2': 3.651483716701108, 'a3': 1.7373472985825826} logZ_max= 3.4596981106435174 obs_max= 1.8922661070871658
dist_min= tensor(6841.1951) dist_max= tensor(3.8901)
params_min,params_max=params_min,params_new
evaluating model at params_new={'a1': 0.6928203230275509, 'a2': 3.651483716701108, 'a3': 1.737347298582573}
params_min= {'a1': 0.6928203230275509, 'a2': 3.651483716701108, 'a3': 1.73734729858257} logZ_min= nan obs_min= 1.8736503750343982
params_new= {'a1': 0.6928203230275509, 'a2': 3.651483716701108, 'a3': 1.737347298582573} logZ_new= 3.460806343099706 obs_new= 1.9324888900161366
params_max= {'a1': 0.6928203230275509, 'a2': 3.651483716701108, 'a3': 1.7373472985825762} logZ_max= nan obs_max= 1.8313326717646083
dist_min= tensor(6841.9271) dist_max= tensor(0.7570)
params_min,params_max=params_min,params_new
evaluating model at params_new={'a1': 0.6928203230275509, 'a2': 3.651483716701108, 'a3': 1.7373472985825715}
params_min= {'a1': 0.6928203230275509, 'a2': 3.651483716701108, 'a3': 1.73734729858257} logZ_min= nan obs_min= 1.8736503750343982
params_new= {'a1': 0.6928203230275509, 'a2': 3.651483716701108, 'a3': 1.7373472985825715} logZ_new= 3.4607536464034023 obs_new= 1.9306200123977535
params_max= {'a1': 0.6928203230275509, 'a2': 3.651483716701108, 'a3': 1.737347298582573} logZ_max= 3.460806343099706 obs_max= 1.9324888900161366
dist_min= tensor(6841.9488) dist_max= tensor(0.0225)
params_min,params_max=params_min,params_new
evaluating model at params_new={'a1': 0.6928203230275509, 'a2': 3.651483716701108, 'a3': 1.7373472985825709}
params_min= {'a1': 0.6928203230275509, 'a2': 3.651483716701108, 'a3': 1.73734729858257} logZ_min= nan obs_min= 1.8736503750343982
params_new= {'a1': 0.6928203230275509, 'a2': 3.651483716701108, 'a3': 1.7373472985825709} logZ_new= 3.460318174649241 obs_new= 1.9150141976417001
params_max= {'a1': 0.6928203230275509, 'a2': 3.651483716701108, 'a3': 1.7373472985825715} logZ_max= 3.4607536464034023 obs_max= 1.9306200123977535
dist_min= tensor(6841.9529) dist_max= tensor(0.0250)
params_min,params_max=params_min,params_new
evaluating model at params_new={'a1': 0.6928203230275509, 'a2': 3.651483716701108, 'a3': 1.7373472985825704}
params_min= {'a1': 0.6928203230275509, 'a2': 3.651483716701108, 'a3': 1.73734729858257} logZ_min= nan obs_min= 1.8736503750343982
params_new= {'a1': 0.6928203230275509, 'a2': 3.651483716701108, 'a3': 1.7373472985825704} logZ_new= 3.460709702368651 obs_new= 1.9290582377532148
params_max= {'a1': 0.6928203230275509, 'a2': 3.651483716701108, 'a3': 1.7373472985825709} logZ_max= 3.460318174649241 obs_max= 1.9150141976417001
dist_min= tensor(6841.2474) dist_max= tensor(3.3476)
params_min,params_max=params_min,params_new
evaluating model at params_new={'a1': 0.6928203230275509, 'a2': 3.651483716701108, 'a3': 1.7373472985825702}
params_min= {'a1': 0.6928203230275509, 'a2': 3.651483716701108, 'a3': 1.73734729858257} logZ_min= nan obs_min= 1.8736503750343982
params_new= {'a1': 0.6928203230275509, 'a2': 3.651483716701108, 'a3': 1.7373472985825702} logZ_new= nan obs_new= 1.909082913008229
params_max= {'a1': 0.6928203230275509, 'a2': 3.651483716701108, 'a3': 1.7373472985825704} logZ_max= 3.460709702368651 obs_max= 1.9290582377532148
dist_min= tensor(6841.3235) dist_max= tensor(3.2485)
params_min,params_max=params_min,params_new
critical params found:  {'a1': 0.6928203230275509, 'a2': 3.651483716701108, 'a3': 1.73734729858257}
reference params:  {'a1': 1.1547005383792515, 'a2': 1.8257418583505538, 'a3': 4.47213595499958}
file saved to  data/AKLT3D_X10_scan_grid_critical_a3/a1_0.6928203_a2_3.6514837/Tc.json
