Start running find_critical_temp.py with options:{'filename': 'data/AKLT3D_X10_scan_grid_critical_a3/a1_1.8475209_a2_1.4605935/Tc.json', 'log_filename': 'data/AKLT3D_X10_scan_grid_critical_a3/a1_1.8475209_a2_1.4605935/Tc.log', 'nLayers': 60, 'max_dim': 10, 'model': 'AKLT3D', 'params_min': "{'a1': 1.8475208614068024, 'a2': 1.460593486680443, 'a3': 5.366563145999496}", 'params_max': "{'a1': 1.8475208614068024, 'a2': 1.460593486680443, 'a3': 6.260990336999412}", 'params_ref': None, 'observable_name': 'magnetizationZ', 'tol': 0.0, 'gilt_enabled': False, 'gilt_eps': 8e-07, 'gilt_nIter': 1, 'mcf_enabled': True, 'mcf_eps': 1e-16, 'mcf_max_iter': 200, 'hotrg_sanity_check': False, 'version': 1, 'device': 'cuda:1'}
loading library...
evaluating model at params_min={'a1': 1.8475208614068024, 'a2': 1.460593486680443, 'a3': 5.366563145999496}
params_min= {'a1': 1.8475208614068024, 'a2': 1.460593486680443, 'a3': 5.366563145999496} logZ_min= nan obs_min= 1.4861449053623166e-33
evaluating model at params_max={'a1': 1.8475208614068024, 'a2': 1.460593486680443, 'a3': 6.260990336999412}
params_max= {'a1': 1.8475208614068024, 'a2': 1.460593486680443, 'a3': 6.260990336999412} logZ_max= 3.681014108576618 obs_max= 8.523951886554016
searching for critical temperature using bisection method
evaluating model at params_new={'a1': 1.8475208614068024, 'a2': 1.460593486680443, 'a3': 5.813776741499455}
params_min= {'a1': 1.8475208614068024, 'a2': 1.460593486680443, 'a3': 5.366563145999496} logZ_min= nan obs_min= 1.4861449053623166e-33
params_new= {'a1': 1.8475208614068024, 'a2': 1.460593486680443, 'a3': 5.813776741499455} logZ_new= 3.55559329727942 obs_new= 2.0422974669575256e-32
params_max= {'a1': 1.8475208614068024, 'a2': 1.460593486680443, 'a3': 6.260990336999412} logZ_max= 3.681014108576618 obs_max= 8.523951886554016
dist_min= tensor(553.7410) dist_max= tensor(5.6628)
params_min,params_max=params_min,params_new
evaluating model at params_new={'a1': 1.8475208614068024, 'a2': 1.460593486680443, 'a3': 5.590169943749475}
params_min= {'a1': 1.8475208614068024, 'a2': 1.460593486680443, 'a3': 5.366563145999496} logZ_min= nan obs_min= 1.4861449053623166e-33
params_new= {'a1': 1.8475208614068024, 'a2': 1.460593486680443, 'a3': 5.590169943749475} logZ_new= 3.5811117498577847 obs_new= 1.1624137726319323e-32
params_max= {'a1': 1.8475208614068024, 'a2': 1.460593486680443, 'a3': 5.813776741499455} logZ_max= 3.55559329727942 obs_max= 2.0422974669575256e-32
dist_min= tensor(110.0295) dist_max= tensor(459.1495)
params_min,params_max=params_new,params_max
evaluating model at params_new={'a1': 1.8475208614068024, 'a2': 1.460593486680443, 'a3': 5.7019733426244645}
params_min= {'a1': 1.8475208614068024, 'a2': 1.460593486680443, 'a3': 5.590169943749475} logZ_min= 3.5811117498577847 obs_min= 1.1624137726319323e-32
params_new= {'a1': 1.8475208614068024, 'a2': 1.460593486680443, 'a3': 5.7019733426244645} logZ_new= nan obs_new= 6.95365189274967e-31
params_max= {'a1': 1.8475208614068024, 'a2': 1.460593486680443, 'a3': 5.813776741499455} logZ_max= 3.55559329727942 obs_max= 2.0422974669575256e-32
dist_min= tensor(102.0134) dist_max= tensor(357.1392)
params_min,params_max=params_new,params_max
evaluating model at params_new={'a1': 1.8475208614068024, 'a2': 1.460593486680443, 'a3': 5.7578750420619595}
params_min= {'a1': 1.8475208614068024, 'a2': 1.460593486680443, 'a3': 5.7019733426244645} logZ_min= nan obs_min= 6.95365189274967e-31
params_new= {'a1': 1.8475208614068024, 'a2': 1.460593486680443, 'a3': 5.7578750420619595} logZ_new= 3.584472132947136 obs_new= 1.1045734355495619e-33
params_max= {'a1': 1.8475208614068024, 'a2': 1.460593486680443, 'a3': 5.813776741499455} logZ_max= 3.55559329727942 obs_max= 2.0422974669575256e-32
dist_min= tensor(352.4332) dist_max= tensor(4.7870)
params_min,params_max=params_min,params_new
evaluating model at params_new={'a1': 1.8475208614068024, 'a2': 1.460593486680443, 'a3': 5.729924192343212}
params_min= {'a1': 1.8475208614068024, 'a2': 1.460593486680443, 'a3': 5.7019733426244645} logZ_min= nan obs_min= 6.95365189274967e-31
params_new= {'a1': 1.8475208614068024, 'a2': 1.460593486680443, 'a3': 5.729924192343212} logZ_new= nan obs_new= 1.099319510933174e-31
params_max= {'a1': 1.8475208614068024, 'a2': 1.460593486680443, 'a3': 5.7578750420619595} logZ_max= 3.584472132947136 obs_max= 1.1045734355495619e-33
dist_min= tensor(23.1212) dist_max= tensor(331.6637)
params_min,params_max=params_new,params_max
evaluating model at params_new={'a1': 1.8475208614068024, 'a2': 1.460593486680443, 'a3': 5.743899617202586}
params_min= {'a1': 1.8475208614068024, 'a2': 1.460593486680443, 'a3': 5.729924192343212} logZ_min= nan obs_min= 1.099319510933174e-31
params_new= {'a1': 1.8475208614068024, 'a2': 1.460593486680443, 'a3': 5.743899617202586} logZ_new= nan obs_new= 8.241367704419837e-36
params_max= {'a1': 1.8475208614068024, 'a2': 1.460593486680443, 'a3': 5.7578750420619595} logZ_max= 3.584472132947136 obs_max= 1.1045734355495619e-33
dist_min= tensor(331.5584) dist_max= tensor(2.1590)
params_min,params_max=params_min,params_new
evaluating model at params_new={'a1': 1.8475208614068024, 'a2': 1.460593486680443, 'a3': 5.736911904772899}
params_min= {'a1': 1.8475208614068024, 'a2': 1.460593486680443, 'a3': 5.729924192343212} logZ_min= nan obs_min= 1.099319510933174e-31
params_new= {'a1': 1.8475208614068024, 'a2': 1.460593486680443, 'a3': 5.736911904772899} logZ_new= 3.584025823449715 obs_new= 1.3363539767851318e-32
params_max= {'a1': 1.8475208614068024, 'a2': 1.460593486680443, 'a3': 5.743899617202586} logZ_max= nan obs_max= 8.241367704419837e-36
dist_min= tensor(331.5924) dist_max= tensor(3.1717)
params_min,params_max=params_min,params_new
evaluating model at params_new={'a1': 1.8475208614068024, 'a2': 1.460593486680443, 'a3': 5.733418048558056}
params_min= {'a1': 1.8475208614068024, 'a2': 1.460593486680443, 'a3': 5.729924192343212} logZ_min= nan obs_min= 1.099319510933174e-31
params_new= {'a1': 1.8475208614068024, 'a2': 1.460593486680443, 'a3': 5.733418048558056} logZ_new= 3.5840451486906595 obs_new= 6.473056561140937e-34
params_max= {'a1': 1.8475208614068024, 'a2': 1.460593486680443, 'a3': 5.736911904772899} logZ_max= 3.584025823449715 obs_max= 1.3363539767851318e-32
dist_min= tensor(10.0277) dist_max= tensor(328.9409)
params_min,params_max=params_new,params_max
evaluating model at params_new={'a1': 1.8475208614068024, 'a2': 1.460593486680443, 'a3': 5.7351649766654775}
params_min= {'a1': 1.8475208614068024, 'a2': 1.460593486680443, 'a3': 5.733418048558056} logZ_min= 3.5840451486906595 obs_min= 6.473056561140937e-34
params_new= {'a1': 1.8475208614068024, 'a2': 1.460593486680443, 'a3': 5.7351649766654775} logZ_new= nan obs_new= 8.953595116416612e-31
params_max= {'a1': 1.8475208614068024, 'a2': 1.460593486680443, 'a3': 5.736911904772899} logZ_max= 3.584025823449715 obs_max= 1.3363539767851318e-32
dist_min= tensor(1.9564) dist_max= tensor(327.7015)
params_min,params_max=params_new,params_max
evaluating model at params_new={'a1': 1.8475208614068024, 'a2': 1.460593486680443, 'a3': 5.736038440719188}
params_min= {'a1': 1.8475208614068024, 'a2': 1.460593486680443, 'a3': 5.7351649766654775} logZ_min= nan obs_min= 8.953595116416612e-31
params_new= {'a1': 1.8475208614068024, 'a2': 1.460593486680443, 'a3': 5.736038440719188} logZ_new= nan obs_new= 8.427716466806095e-32
params_max= {'a1': 1.8475208614068024, 'a2': 1.460593486680443, 'a3': 5.736911904772899} logZ_max= 3.584025823449715 obs_max= 1.3363539767851318e-32
dist_min= tensor(328.6699) dist_max= tensor(25.5286)
params_min,params_max=params_min,params_new
evaluating model at params_new={'a1': 1.8475208614068024, 'a2': 1.460593486680443, 'a3': 5.735601708692332}
params_min= {'a1': 1.8475208614068024, 'a2': 1.460593486680443, 'a3': 5.7351649766654775} logZ_min= nan obs_min= 8.953595116416612e-31
params_new= {'a1': 1.8475208614068024, 'a2': 1.460593486680443, 'a3': 5.735601708692332} logZ_new= 3.583890894979381 obs_new= 3.9705323437346837e-35
params_max= {'a1': 1.8475208614068024, 'a2': 1.460593486680443, 'a3': 5.736038440719188} logZ_max= nan obs_max= 8.427716466806095e-32
dist_min= tensor(327.6871) dist_max= tensor(25.6190)
params_min,params_max=params_min,params_new
evaluating model at params_new={'a1': 1.8475208614068024, 'a2': 1.460593486680443, 'a3': 5.7353833426789045}
params_min= {'a1': 1.8475208614068024, 'a2': 1.460593486680443, 'a3': 5.7351649766654775} logZ_min= nan obs_min= 8.953595116416612e-31
params_new= {'a1': 1.8475208614068024, 'a2': 1.460593486680443, 'a3': 5.7353833426789045} logZ_new= 3.584087964081463 obs_new= 1.0831982974309159e-30
params_max= {'a1': 1.8475208614068024, 'a2': 1.460593486680443, 'a3': 5.735601708692332} logZ_max= 3.583890894979381 obs_max= 3.9705323437346837e-35
dist_min= tensor(0.4467) dist_max= tensor(327.5320)
params_min,params_max=params_new,params_max
evaluating model at params_new={'a1': 1.8475208614068024, 'a2': 1.460593486680443, 'a3': 5.735492525685618}
params_min= {'a1': 1.8475208614068024, 'a2': 1.460593486680443, 'a3': 5.7353833426789045} logZ_min= 3.584087964081463 obs_min= 1.0831982974309159e-30
params_new= {'a1': 1.8475208614068024, 'a2': 1.460593486680443, 'a3': 5.735492525685618} logZ_new= 3.5838900488123278 obs_new= 6.557471692128188e-31
params_max= {'a1': 1.8475208614068024, 'a2': 1.460593486680443, 'a3': 5.735601708692332} logZ_max= 3.583890894979381 obs_max= 3.9705323437346837e-35
dist_min= tensor(327.5365) dist_max= tensor(1.7013)
params_min,params_max=params_min,params_new
evaluating model at params_new={'a1': 1.8475208614068024, 'a2': 1.460593486680443, 'a3': 5.735437934182261}
params_min= {'a1': 1.8475208614068024, 'a2': 1.460593486680443, 'a3': 5.7353833426789045} logZ_min= 3.584087964081463 obs_min= 1.0831982974309159e-30
params_new= {'a1': 1.8475208614068024, 'a2': 1.460593486680443, 'a3': 5.735437934182261} logZ_new= 3.584190954918068 obs_new= 5.798082695414154e-33
params_max= {'a1': 1.8475208614068024, 'a2': 1.460593486680443, 'a3': 5.735492525685618} logZ_max= 3.5838900488123278 obs_max= 6.557471692128188e-31
dist_min= tensor(25.4302) dist_max= tensor(328.4338)
params_min,params_max=params_new,params_max
evaluating model at params_new={'a1': 1.8475208614068024, 'a2': 1.460593486680443, 'a3': 5.73546522993394}
params_min= {'a1': 1.8475208614068024, 'a2': 1.460593486680443, 'a3': 5.735437934182261} logZ_min= 3.584190954918068 obs_min= 5.798082695414154e-33
params_new= {'a1': 1.8475208614068024, 'a2': 1.460593486680443, 'a3': 5.73546522993394} logZ_new= nan obs_new= 9.958572208141764e-32
params_max= {'a1': 1.8475208614068024, 'a2': 1.460593486680443, 'a3': 5.735492525685618} logZ_max= 3.5838900488123278 obs_max= 6.557471692128188e-31
dist_min= tensor(23.6002) dist_max= tensor(327.4791)
params_min,params_max=params_new,params_max
evaluating model at params_new={'a1': 1.8475208614068024, 'a2': 1.460593486680443, 'a3': 5.735478877809779}
params_min= {'a1': 1.8475208614068024, 'a2': 1.460593486680443, 'a3': 5.73546522993394} logZ_min= nan obs_min= 9.958572208141764e-32
params_new= {'a1': 1.8475208614068024, 'a2': 1.460593486680443, 'a3': 5.735478877809779} logZ_new= nan obs_new= 2.4088409807052977e-33
params_max= {'a1': 1.8475208614068024, 'a2': 1.460593486680443, 'a3': 5.735492525685618} logZ_max= 3.5838900488123278 obs_max= 6.557471692128188e-31
dist_min= tensor(4.1694) dist_max= tensor(327.4864)
params_min,params_max=params_new,params_max
evaluating model at params_new={'a1': 1.8475208614068024, 'a2': 1.460593486680443, 'a3': 5.735485701747699}
params_min= {'a1': 1.8475208614068024, 'a2': 1.460593486680443, 'a3': 5.735478877809779} logZ_min= nan obs_min= 2.4088409807052977e-33
params_new= {'a1': 1.8475208614068024, 'a2': 1.460593486680443, 'a3': 5.735485701747699} logZ_new= 3.584195273532326 obs_new= 1.1167731969787157e-30
params_max= {'a1': 1.8475208614068024, 'a2': 1.460593486680443, 'a3': 5.735492525685618} logZ_max= 3.5838900488123278 obs_max= 6.557471692128188e-31
dist_min= tensor(3.7224) dist_max= tensor(327.4597)
params_min,params_max=params_new,params_max
evaluating model at params_new={'a1': 1.8475208614068024, 'a2': 1.460593486680443, 'a3': 5.735489113716659}
params_min= {'a1': 1.8475208614068024, 'a2': 1.460593486680443, 'a3': 5.735485701747699} logZ_min= 3.584195273532326 obs_min= 1.1167731969787157e-30
params_new= {'a1': 1.8475208614068024, 'a2': 1.460593486680443, 'a3': 5.735489113716659} logZ_new= 3.5839886866412067 obs_new= 3.7461371090403437e-34
params_max= {'a1': 1.8475208614068024, 'a2': 1.460593486680443, 'a3': 5.735492525685618} logZ_max= 3.5838900488123278 obs_max= 6.557471692128188e-31
dist_min= tensor(327.4619) dist_max= tensor(1.5981)
params_min,params_max=params_min,params_new
evaluating model at params_new={'a1': 1.8475208614068024, 'a2': 1.460593486680443, 'a3': 5.735487407732179}
params_min= {'a1': 1.8475208614068024, 'a2': 1.460593486680443, 'a3': 5.735485701747699} logZ_min= 3.584195273532326 obs_min= 1.1167731969787157e-30
params_new= {'a1': 1.8475208614068024, 'a2': 1.460593486680443, 'a3': 5.735487407732179} logZ_new= nan obs_new= 3.009853063203027e-34
params_max= {'a1': 1.8475208614068024, 'a2': 1.460593486680443, 'a3': 5.735489113716659} logZ_max= 3.5839886866412067 obs_max= 3.7461371090403437e-34
dist_min= tensor(327.4621) dist_max= tensor(1.5793)
params_min,params_max=params_min,params_new
evaluating model at params_new={'a1': 1.8475208614068024, 'a2': 1.460593486680443, 'a3': 5.735486554739939}
params_min= {'a1': 1.8475208614068024, 'a2': 1.460593486680443, 'a3': 5.735485701747699} logZ_min= 3.584195273532326 obs_min= 1.1167731969787157e-30
params_new= {'a1': 1.8475208614068024, 'a2': 1.460593486680443, 'a3': 5.735486554739939} logZ_new= nan obs_new= 4.6357447210208095e-30
params_max= {'a1': 1.8475208614068024, 'a2': 1.460593486680443, 'a3': 5.735487407732179} logZ_max= nan obs_max= 3.009853063203027e-34
dist_min= tensor(13.6874) dist_max= tensor(327.7199)
params_min,params_max=params_new,params_max
evaluating model at params_new={'a1': 1.8475208614068024, 'a2': 1.460593486680443, 'a3': 5.735486981236059}
params_min= {'a1': 1.8475208614068024, 'a2': 1.460593486680443, 'a3': 5.735486554739939} logZ_min= nan obs_min= 4.6357447210208095e-30
params_new= {'a1': 1.8475208614068024, 'a2': 1.460593486680443, 'a3': 5.735486981236059} logZ_new= 3.583774179298582 obs_new= 1.0223932338304383e-30
params_max= {'a1': 1.8475208614068024, 'a2': 1.460593486680443, 'a3': 5.735487407732179} logZ_max= nan obs_max= 3.009853063203027e-34
dist_min= tensor(327.7698) dist_max= tensor(2.4057)
params_min,params_max=params_min,params_new
evaluating model at params_new={'a1': 1.8475208614068024, 'a2': 1.460593486680443, 'a3': 5.735486767987999}
params_min= {'a1': 1.8475208614068024, 'a2': 1.460593486680443, 'a3': 5.735486554739939} logZ_min= nan obs_min= 4.6357447210208095e-30
params_new= {'a1': 1.8475208614068024, 'a2': 1.460593486680443, 'a3': 5.735486767987999} logZ_new= nan obs_new= 7.437891488310527e-31
params_max= {'a1': 1.8475208614068024, 'a2': 1.460593486680443, 'a3': 5.735486981236059} logZ_max= 3.583774179298582 obs_max= 1.0223932338304383e-30
dist_min= tensor(327.7206) dist_max= tensor(1.9565)
params_min,params_max=params_min,params_new
evaluating model at params_new={'a1': 1.8475208614068024, 'a2': 1.460593486680443, 'a3': 5.73548666136397}
params_min= {'a1': 1.8475208614068024, 'a2': 1.460593486680443, 'a3': 5.735486554739939} logZ_min= nan obs_min= 4.6357447210208095e-30
params_new= {'a1': 1.8475208614068024, 'a2': 1.460593486680443, 'a3': 5.73548666136397} logZ_new= 3.5838344238770268 obs_new= 5.825291965219888e-28
params_max= {'a1': 1.8475208614068024, 'a2': 1.460593486680443, 'a3': 5.735486767987999} logZ_max= nan obs_max= 7.437891488310527e-31
dist_min= tensor(328.9354) dist_max= tensor(26.6947)
params_min,params_max=params_min,params_new
evaluating model at params_new={'a1': 1.8475208614068024, 'a2': 1.460593486680443, 'a3': 5.735486608051954}
params_min= {'a1': 1.8475208614068024, 'a2': 1.460593486680443, 'a3': 5.735486554739939} logZ_min= nan obs_min= 4.6357447210208095e-30
params_new= {'a1': 1.8475208614068024, 'a2': 1.460593486680443, 'a3': 5.735486608051954} logZ_new= nan obs_new= 1.7720749387747275e-27
params_max= {'a1': 1.8475208614068024, 'a2': 1.460593486680443, 'a3': 5.73548666136397} logZ_max= 3.5838344238770268 obs_max= 5.825291965219888e-28
dist_min= tensor(327.7425) dist_max= tensor(27.7453)
params_min,params_max=params_min,params_new
evaluating model at params_new={'a1': 1.8475208614068024, 'a2': 1.460593486680443, 'a3': 5.735486581395946}
params_min= {'a1': 1.8475208614068024, 'a2': 1.460593486680443, 'a3': 5.735486554739939} logZ_min= nan obs_min= 4.6357447210208095e-30
params_new= {'a1': 1.8475208614068024, 'a2': 1.460593486680443, 'a3': 5.735486581395946} logZ_new= 3.584140185340321 obs_new= 1.5810643954290713e-28
params_max= {'a1': 1.8475208614068024, 'a2': 1.460593486680443, 'a3': 5.735486608051954} logZ_max= nan obs_max= 1.7720749387747275e-27
dist_min= tensor(13.6896) dist_max= tensor(327.4611)
params_min,params_max=params_new,params_max
evaluating model at params_new={'a1': 1.8475208614068024, 'a2': 1.460593486680443, 'a3': 5.73548659472395}
params_min= {'a1': 1.8475208614068024, 'a2': 1.460593486680443, 'a3': 5.735486581395946} logZ_min= 3.584140185340321 obs_min= 1.5810643954290713e-28
params_new= {'a1': 1.8475208614068024, 'a2': 1.460593486680443, 'a3': 5.73548659472395} logZ_new= 3.5840692029970254 obs_new= 5.715420589970457e-26
params_max= {'a1': 1.8475208614068024, 'a2': 1.460593486680443, 'a3': 5.735486608051954} logZ_max= nan obs_max= 1.7720749387747275e-27
dist_min= tensor(1.0761) dist_max= tensor(327.4585)
params_min,params_max=params_new,params_max
evaluating model at params_new={'a1': 1.8475208614068024, 'a2': 1.460593486680443, 'a3': 5.735486601387953}
params_min= {'a1': 1.8475208614068024, 'a2': 1.460593486680443, 'a3': 5.73548659472395} logZ_min= 3.5840692029970254 obs_min= 5.715420589970457e-26
params_new= {'a1': 1.8475208614068024, 'a2': 1.460593486680443, 'a3': 5.735486601387953} logZ_new= 3.5839225310051592 obs_new= 1.9348873666519158e-27
params_max= {'a1': 1.8475208614068024, 'a2': 1.460593486680443, 'a3': 5.735486608051954} logZ_max= nan obs_max= 1.7720749387747275e-27
dist_min= tensor(327.4603) dist_max= tensor(1.4677)
params_min,params_max=params_min,params_new
evaluating model at params_new={'a1': 1.8475208614068024, 'a2': 1.460593486680443, 'a3': 5.735486598055951}
params_min= {'a1': 1.8475208614068024, 'a2': 1.460593486680443, 'a3': 5.73548659472395} logZ_min= 3.5840692029970254 obs_min= 5.715420589970457e-26
params_new= {'a1': 1.8475208614068024, 'a2': 1.460593486680443, 'a3': 5.735486598055951} logZ_new= nan obs_new= 4.357575890970968e-30
params_max= {'a1': 1.8475208614068024, 'a2': 1.460593486680443, 'a3': 5.735486601387953} logZ_max= 3.5839225310051592 obs_max= 1.9348873666519158e-27
dist_min= tensor(327.5680) dist_max= tensor(8.5495)
params_min,params_max=params_min,params_new
evaluating model at params_new={'a1': 1.8475208614068024, 'a2': 1.460593486680443, 'a3': 5.735486596389951}
params_min= {'a1': 1.8475208614068024, 'a2': 1.460593486680443, 'a3': 5.73548659472395} logZ_min= 3.5840692029970254 obs_min= 5.715420589970457e-26
params_new= {'a1': 1.8475208614068024, 'a2': 1.460593486680443, 'a3': 5.735486596389951} logZ_new= 3.583889535120269 obs_new= 1.73946898210464e-27
params_max= {'a1': 1.8475208614068024, 'a2': 1.460593486680443, 'a3': 5.735486598055951} logZ_max= nan obs_max= 4.357575890970968e-30
dist_min= tensor(327.4605) dist_max= tensor(8.5628)
params_min,params_max=params_min,params_new
evaluating model at params_new={'a1': 1.8475208614068024, 'a2': 1.460593486680443, 'a3': 5.73548659555695}
params_min= {'a1': 1.8475208614068024, 'a2': 1.460593486680443, 'a3': 5.73548659472395} logZ_min= 3.5840692029970254 obs_min= 5.715420589970457e-26
params_new= {'a1': 1.8475208614068024, 'a2': 1.460593486680443, 'a3': 5.73548659555695} logZ_new= 3.584124195417744 obs_new= 1.832345628978002e-24
params_max= {'a1': 1.8475208614068024, 'a2': 1.460593486680443, 'a3': 5.735486596389951} logZ_max= 3.583889535120269 obs_max= 1.73946898210464e-27
dist_min= tensor(1.0484) dist_max= tensor(327.4650)
params_min,params_max=params_new,params_max
evaluating model at params_new={'a1': 1.8475208614068024, 'a2': 1.460593486680443, 'a3': 5.73548659597345}
params_min= {'a1': 1.8475208614068024, 'a2': 1.460593486680443, 'a3': 5.73548659555695} logZ_min= 3.584124195417744 obs_min= 1.832345628978002e-24
params_new= {'a1': 1.8475208614068024, 'a2': 1.460593486680443, 'a3': 5.73548659597345} logZ_new= nan obs_new= 2.667995317009432e-25
params_max= {'a1': 1.8475208614068024, 'a2': 1.460593486680443, 'a3': 5.735486596389951} logZ_max= 3.583889535120269 obs_max= 1.73946898210464e-27
dist_min= tensor(327.4597) dist_max= tensor(1.3726)
params_min,params_max=params_min,params_new
evaluating model at params_new={'a1': 1.8475208614068024, 'a2': 1.460593486680443, 'a3': 5.735486595765201}
params_min= {'a1': 1.8475208614068024, 'a2': 1.460593486680443, 'a3': 5.73548659555695} logZ_min= 3.584124195417744 obs_min= 1.832345628978002e-24
params_new= {'a1': 1.8475208614068024, 'a2': 1.460593486680443, 'a3': 5.735486595765201} logZ_new= 3.5839176055617377 obs_new= 1.3827684308602658e-24
params_max= {'a1': 1.8475208614068024, 'a2': 1.460593486680443, 'a3': 5.73548659597345} logZ_max= nan obs_max= 2.667995317009432e-25
dist_min= tensor(8.9531e+09) dist_max= tensor(8.9531e+09)
params_min,params_max=params_min,params_new
evaluating model at params_new={'a1': 1.8475208614068024, 'a2': 1.460593486680443, 'a3': 5.735486595661076}
params_min= {'a1': 1.8475208614068024, 'a2': 1.460593486680443, 'a3': 5.73548659555695} logZ_min= 3.584124195417744 obs_min= 1.832345628978002e-24
params_new= {'a1': 1.8475208614068024, 'a2': 1.460593486680443, 'a3': 5.735486595661076} logZ_new= nan obs_new= 2.4366522598552604e-24
params_max= {'a1': 1.8475208614068024, 'a2': 1.460593486680443, 'a3': 5.735486595765201} logZ_max= 3.5839176055617377 obs_max= 1.3827684308602658e-24
dist_min= tensor(1.8840) dist_max= tensor(8.9531e+09)
params_min,params_max=params_new,params_max
evaluating model at params_new={'a1': 1.8475208614068024, 'a2': 1.460593486680443, 'a3': 5.735486595713138}
params_min= {'a1': 1.8475208614068024, 'a2': 1.460593486680443, 'a3': 5.735486595661076} logZ_min= nan obs_min= 2.4366522598552604e-24
params_new= {'a1': 1.8475208614068024, 'a2': 1.460593486680443, 'a3': 5.735486595713138} logZ_new= 3.5838892265269644 obs_new= 1.0543120187971275e-24
params_max= {'a1': 1.8475208614068024, 'a2': 1.460593486680443, 'a3': 5.735486595765201} logZ_max= 3.5839176055617377 obs_max= 1.3827684308602658e-24
dist_min= tensor(609.2083) dist_max= tensor(8.9531e+09)
params_min,params_max=params_new,params_max
evaluating model at params_new={'a1': 1.8475208614068024, 'a2': 1.460593486680443, 'a3': 5.73548659573917}
params_min= {'a1': 1.8475208614068024, 'a2': 1.460593486680443, 'a3': 5.735486595713138} logZ_min= 3.5838892265269644 obs_min= 1.0543120187971275e-24
params_new= {'a1': 1.8475208614068024, 'a2': 1.460593486680443, 'a3': 5.73548659573917} logZ_new= nan obs_new= 2.3661893686970252e-26
params_max= {'a1': 1.8475208614068024, 'a2': 1.460593486680443, 'a3': 5.735486595765201} logZ_max= 3.5839176055617377 obs_max= 1.3827684308602658e-24
dist_min= tensor(514.6003) dist_max= tensor(8.9531e+09)
params_min,params_max=params_new,params_max
evaluating model at params_new={'a1': 1.8475208614068024, 'a2': 1.460593486680443, 'a3': 5.735486595752185}
params_min= {'a1': 1.8475208614068024, 'a2': 1.460593486680443, 'a3': 5.73548659573917} logZ_min= nan obs_min= 2.3661893686970252e-26
params_new= {'a1': 1.8475208614068024, 'a2': 1.460593486680443, 'a3': 5.735486595752185} logZ_new= 3.5838826740756997 obs_new= 3.998843366055522e-25
params_max= {'a1': 1.8475208614068024, 'a2': 1.460593486680443, 'a3': 5.735486595765201} logZ_max= 3.5839176055617377 obs_max= 1.3827684308602658e-24
dist_min= tensor(30.1565) dist_max= tensor(8.9531e+09)
params_min,params_max=params_new,params_max
evaluating model at params_new={'a1': 1.8475208614068024, 'a2': 1.460593486680443, 'a3': 5.735486595758693}
params_min= {'a1': 1.8475208614068024, 'a2': 1.460593486680443, 'a3': 5.735486595752185} logZ_min= 3.5838826740756997 obs_min= 3.998843366055522e-25
params_new= {'a1': 1.8475208614068024, 'a2': 1.460593486680443, 'a3': 5.735486595758693} logZ_new= 3.5838676793754853 obs_new= 2.6992764815504814e-26
params_max= {'a1': 1.8475208614068024, 'a2': 1.460593486680443, 'a3': 5.735486595765201} logZ_max= 3.5839176055617377 obs_max= 1.3827684308602658e-24
dist_min= tensor(10.1244) dist_max= tensor(8.9531e+09)
params_min,params_max=params_new,params_max
evaluating model at params_new={'a1': 1.8475208614068024, 'a2': 1.460593486680443, 'a3': 5.735486595761946}
params_min= {'a1': 1.8475208614068024, 'a2': 1.460593486680443, 'a3': 5.735486595758693} logZ_min= 3.5838676793754853 obs_min= 2.6992764815504814e-26
params_new= {'a1': 1.8475208614068024, 'a2': 1.460593486680443, 'a3': 5.735486595761946} logZ_new= 3.583869890295891 obs_new= 7.104477740704616e-27
params_max= {'a1': 1.8475208614068024, 'a2': 1.460593486680443, 'a3': 5.735486595765201} logZ_max= 3.5839176055617377 obs_max= 1.3827684308602658e-24
dist_min= tensor(45.3255) dist_max= tensor(8.9531e+09)
params_min,params_max=params_new,params_max
evaluating model at params_new={'a1': 1.8475208614068024, 'a2': 1.460593486680443, 'a3': 5.7354865957635734}
params_min= {'a1': 1.8475208614068024, 'a2': 1.460593486680443, 'a3': 5.735486595761946} logZ_min= 3.583869890295891 obs_min= 7.104477740704616e-27
params_new= {'a1': 1.8475208614068024, 'a2': 1.460593486680443, 'a3': 5.7354865957635734} logZ_new= nan obs_new= 1.3440195372767334e-24
params_max= {'a1': 1.8475208614068024, 'a2': 1.460593486680443, 'a3': 5.735486595765201} logZ_max= 3.5839176055617377 obs_max= 1.3827684308602658e-24
dist_min= tensor(41.6444) dist_max= tensor(8.9531e+09)
params_min,params_max=params_new,params_max
evaluating model at params_new={'a1': 1.8475208614068024, 'a2': 1.460593486680443, 'a3': 5.735486595764387}
params_min= {'a1': 1.8475208614068024, 'a2': 1.460593486680443, 'a3': 5.7354865957635734} logZ_min= nan obs_min= 1.3440195372767334e-24
params_new= {'a1': 1.8475208614068024, 'a2': 1.460593486680443, 'a3': 5.735486595764387} logZ_new= 3.5838897381261776 obs_new= 6.998084447549203e-24
params_max= {'a1': 1.8475208614068024, 'a2': 1.460593486680443, 'a3': 5.735486595765201} logZ_max= 3.5839176055617377 obs_max= 1.3827684308602658e-24
dist_min= tensor(3.6870) dist_max= tensor(8.9531e+09)
params_min,params_max=params_new,params_max
evaluating model at params_new={'a1': 1.8475208614068024, 'a2': 1.460593486680443, 'a3': 5.735486595764794}
params_min= {'a1': 1.8475208614068024, 'a2': 1.460593486680443, 'a3': 5.735486595764387} logZ_min= 3.5838897381261776 obs_min= 6.998084447549203e-24
params_new= {'a1': 1.8475208614068024, 'a2': 1.460593486680443, 'a3': 5.735486595764794} logZ_new= 3.5838753719649064 obs_new= 2.977438162403885e-24
params_max= {'a1': 1.8475208614068024, 'a2': 1.460593486680443, 'a3': 5.735486595765201} logZ_max= 3.5839176055617377 obs_max= 1.3827684308602658e-24
dist_min= tensor(0.3318) dist_max= tensor(8.9531e+09)
params_min,params_max=params_new,params_max
evaluating model at params_new={'a1': 1.8475208614068024, 'a2': 1.460593486680443, 'a3': 5.735486595764997}
params_min= {'a1': 1.8475208614068024, 'a2': 1.460593486680443, 'a3': 5.735486595764794} logZ_min= 3.5838753719649064 obs_min= 2.977438162403885e-24
params_new= {'a1': 1.8475208614068024, 'a2': 1.460593486680443, 'a3': 5.735486595764997} logZ_new= 3.583888690200615 obs_new= 1.2903708519091274e-25
params_max= {'a1': 1.8475208614068024, 'a2': 1.460593486680443, 'a3': 5.735486595765201} logZ_max= 3.5839176055617377 obs_max= 1.3827684308602658e-24
dist_min= tensor(0.3559) dist_max= tensor(8.9531e+09)
params_min,params_max=params_new,params_max
evaluating model at params_new={'a1': 1.8475208614068024, 'a2': 1.460593486680443, 'a3': 5.735486595765099}
params_min= {'a1': 1.8475208614068024, 'a2': 1.460593486680443, 'a3': 5.735486595764997} logZ_min= 3.583888690200615 obs_min= 1.2903708519091274e-25
params_new= {'a1': 1.8475208614068024, 'a2': 1.460593486680443, 'a3': 5.735486595765099} logZ_new= 3.5839341767709274 obs_new= 2.0226553342513744e-25
params_max= {'a1': 1.8475208614068024, 'a2': 1.460593486680443, 'a3': 5.735486595765201} logZ_max= 3.5839176055617377 obs_max= 1.3827684308602658e-24
dist_min= tensor(12.6503) dist_max= tensor(8.9531e+09)
params_min,params_max=params_new,params_max
evaluating model at params_new={'a1': 1.8475208614068024, 'a2': 1.460593486680443, 'a3': 5.73548659576515}
params_min= {'a1': 1.8475208614068024, 'a2': 1.460593486680443, 'a3': 5.735486595765099} logZ_min= 3.5839341767709274 obs_min= 2.0226553342513744e-25
params_new= {'a1': 1.8475208614068024, 'a2': 1.460593486680443, 'a3': 5.73548659576515} logZ_new= nan obs_new= 4.640254158890714e-24
params_max= {'a1': 1.8475208614068024, 'a2': 1.460593486680443, 'a3': 5.735486595765201} logZ_max= 3.5839176055617377 obs_max= 1.3827684308602658e-24
dist_min= tensor(12.6393) dist_max= tensor(8.9531e+09)
params_min,params_max=params_new,params_max
evaluating model at params_new={'a1': 1.8475208614068024, 'a2': 1.460593486680443, 'a3': 5.735486595765176}
params_min= {'a1': 1.8475208614068024, 'a2': 1.460593486680443, 'a3': 5.73548659576515} logZ_min= nan obs_min= 4.640254158890714e-24
params_new= {'a1': 1.8475208614068024, 'a2': 1.460593486680443, 'a3': 5.735486595765176} logZ_new= nan obs_new= 2.8829369195799663e-25
params_max= {'a1': 1.8475208614068024, 'a2': 1.460593486680443, 'a3': 5.735486595765201} logZ_max= 3.5839176055617377 obs_max= 1.3827684308602658e-24
dist_min= tensor(0.7145) dist_max= tensor(8.9531e+09)
params_min,params_max=params_new,params_max
evaluating model at params_new={'a1': 1.8475208614068024, 'a2': 1.460593486680443, 'a3': 5.735486595765188}
params_min= {'a1': 1.8475208614068024, 'a2': 1.460593486680443, 'a3': 5.735486595765176} logZ_min= nan obs_min= 2.8829369195799663e-25
params_new= {'a1': 1.8475208614068024, 'a2': 1.460593486680443, 'a3': 5.735486595765188} logZ_new= 3.5838892702271314 obs_new= 3.8049178655269795e-25
params_max= {'a1': 1.8475208614068024, 'a2': 1.460593486680443, 'a3': 5.735486595765201} logZ_max= 3.5839176055617377 obs_max= 1.3827684308602658e-24
dist_min= tensor(0.3981) dist_max= tensor(8.9531e+09)
params_min,params_max=params_new,params_max
evaluating model at params_new={'a1': 1.8475208614068024, 'a2': 1.460593486680443, 'a3': 5.735486595765194}
params_min= {'a1': 1.8475208614068024, 'a2': 1.460593486680443, 'a3': 5.735486595765188} logZ_min= 3.5838892702271314 obs_min= 3.8049178655269795e-25
params_new= {'a1': 1.8475208614068024, 'a2': 1.460593486680443, 'a3': 5.735486595765194} logZ_new= nan obs_new= 3.796310282737118e-24
params_max= {'a1': 1.8475208614068024, 'a2': 1.460593486680443, 'a3': 5.735486595765201} logZ_max= 3.5839176055617377 obs_max= 1.3827684308602658e-24
dist_min= tensor(1.9046) dist_max= tensor(8.9531e+09)
params_min,params_max=params_new,params_max
evaluating model at params_new={'a1': 1.8475208614068024, 'a2': 1.460593486680443, 'a3': 5.735486595765197}
params_min= {'a1': 1.8475208614068024, 'a2': 1.460593486680443, 'a3': 5.735486595765194} logZ_min= nan obs_min= 3.796310282737118e-24
params_new= {'a1': 1.8475208614068024, 'a2': 1.460593486680443, 'a3': 5.735486595765197} logZ_new= 3.5839952699176956 obs_new= 6.18162019293817e-26
params_max= {'a1': 1.8475208614068024, 'a2': 1.460593486680443, 'a3': 5.735486595765201} logZ_max= 3.5839176055617377 obs_max= 1.3827684308602658e-24
dist_min= tensor(2.1752) dist_max= tensor(8.9531e+09)
params_min,params_max=params_new,params_max
evaluating model at params_new={'a1': 1.8475208614068024, 'a2': 1.460593486680443, 'a3': 5.735486595765199}
params_min= {'a1': 1.8475208614068024, 'a2': 1.460593486680443, 'a3': 5.735486595765197} logZ_min= 3.5839952699176956 obs_min= 6.18162019293817e-26
params_new= {'a1': 1.8475208614068024, 'a2': 1.460593486680443, 'a3': 5.735486595765199} logZ_new= nan obs_new= 1.6018204310573653e-24
params_max= {'a1': 1.8475208614068024, 'a2': 1.460593486680443, 'a3': 5.735486595765201} logZ_max= 3.5839176055617377 obs_max= 1.3827684308602658e-24
dist_min= tensor(1.1131) dist_max= tensor(8.9531e+09)
params_min,params_max=params_new,params_max
evaluating model at params_new={'a1': 1.8475208614068024, 'a2': 1.460593486680443, 'a3': 5.7354865957652}
params_min= {'a1': 1.8475208614068024, 'a2': 1.460593486680443, 'a3': 5.735486595765199} logZ_min= nan obs_min= 1.6018204310573653e-24
params_new= {'a1': 1.8475208614068024, 'a2': 1.460593486680443, 'a3': 5.7354865957652} logZ_new= 3.583889024551696 obs_new= 1.2701755782155845e-26
params_max= {'a1': 1.8475208614068024, 'a2': 1.460593486680443, 'a3': 5.735486595765201} logZ_max= 3.5839176055617377 obs_max= 1.3827684308602658e-24
dist_min= tensor(0.7055) dist_max= tensor(8.9531e+09)
params_min,params_max=params_new,params_max
critical params found:  {'a1': 1.8475208614068024, 'a2': 1.460593486680443, 'a3': 5.735486595765201}
reference params:  {'a1': 1.1547005383792515, 'a2': 1.8257418583505538, 'a3': 4.47213595499958}
file saved to  data/AKLT3D_X10_scan_grid_critical_a3/a1_1.8475209_a2_1.4605935/Tc.json
