Start running find_critical_temp.py with options:{'filename': 'data/AKLT3D_X10_scan_grid_critical_a3/a1_2.0784610_a2_3.6514837/Tc.json', 'log_filename': 'data/AKLT3D_X10_scan_grid_critical_a3/a1_2.0784610_a2_3.6514837/Tc.log', 'nLayers': 60, 'max_dim': 10, 'model': 'AKLT3D', 'params_min': "{'a1': 2.0784609690826525, 'a2': 3.651483716701108, 'a3': 4.47213595499958}", 'params_max': "{'a1': 2.0784609690826525, 'a2': 3.651483716701108, 'a3': 5.366563145999496}", 'params_ref': None, 'observable_name': 'magnetizationZ', 'tol': 0.0, 'gilt_enabled': False, 'gilt_eps': 8e-07, 'gilt_nIter': 1, 'mcf_enabled': True, 'mcf_eps': 1e-16, 'mcf_max_iter': 200, 'hotrg_sanity_check': False, 'version': 1, 'device': 'cuda:1'}
loading library...
evaluating model at params_min={'a1': 2.0784609690826525, 'a2': 3.651483716701108, 'a3': 4.47213595499958}
params_min= {'a1': 2.0784609690826525, 'a2': 3.651483716701108, 'a3': 4.47213595499958} logZ_min= nan obs_min= 2.7174154988173787e-31
evaluating model at params_max={'a1': 2.0784609690826525, 'a2': 3.651483716701108, 'a3': 5.366563145999496}
params_max= {'a1': 2.0784609690826525, 'a2': 3.651483716701108, 'a3': 5.366563145999496} logZ_max= nan obs_max= 0.9231817481891827
searching for critical temperature using bisection method
evaluating model at params_new={'a1': 2.0784609690826525, 'a2': 3.651483716701108, 'a3': 4.919349550499538}
params_min= {'a1': 2.0784609690826525, 'a2': 3.651483716701108, 'a3': 4.47213595499958} logZ_min= nan obs_min= 2.7174154988173787e-31
params_new= {'a1': 2.0784609690826525, 'a2': 3.651483716701108, 'a3': 4.919349550499538} logZ_new= 4.106088175722611 obs_new= 0.579423080670201
params_max= {'a1': 2.0784609690826525, 'a2': 3.651483716701108, 'a3': 5.366563145999496} logZ_max= nan obs_max= 0.9231817481891827
dist_min= tensor(332.5860) dist_max= tensor(1575.6810)
params_min,params_max=params_new,params_max
evaluating model at params_new={'a1': 2.0784609690826525, 'a2': 3.651483716701108, 'a3': 5.142956348249517}
params_min= {'a1': 2.0784609690826525, 'a2': 3.651483716701108, 'a3': 4.919349550499538} logZ_min= 4.106088175722611 obs_min= 0.579423080670201
params_new= {'a1': 2.0784609690826525, 'a2': 3.651483716701108, 'a3': 5.142956348249517} logZ_new= 4.107208021463021 obs_new= 0.5733501063407433
params_max= {'a1': 2.0784609690826525, 'a2': 3.651483716701108, 'a3': 5.366563145999496} logZ_max= nan obs_max= 0.9231817481891827
dist_min= tensor(1912.9771) dist_max= tensor(2475.6805)
params_min,params_max=params_new,params_max
evaluating model at params_new={'a1': 2.0784609690826525, 'a2': 3.651483716701108, 'a3': 5.254759747124506}
params_min= {'a1': 2.0784609690826525, 'a2': 3.651483716701108, 'a3': 5.142956348249517} logZ_min= 4.107208021463021 obs_min= 0.5733501063407433
params_new= {'a1': 2.0784609690826525, 'a2': 3.651483716701108, 'a3': 5.254759747124506} logZ_new= nan obs_new= 0.6989577135102981
params_max= {'a1': 2.0784609690826525, 'a2': 3.651483716701108, 'a3': 5.366563145999496} logZ_max= nan obs_max= 0.9231817481891827
dist_min= tensor(2677.6661) dist_max= tensor(324.6239)
params_min,params_max=params_min,params_new
evaluating model at params_new={'a1': 2.0784609690826525, 'a2': 3.651483716701108, 'a3': 5.198858047687011}
params_min= {'a1': 2.0784609690826525, 'a2': 3.651483716701108, 'a3': 5.142956348249517} logZ_min= 4.107208021463021 obs_min= 0.5733501063407433
params_new= {'a1': 2.0784609690826525, 'a2': 3.651483716701108, 'a3': 5.198858047687011} logZ_new= 4.096263690504646 obs_new= 0.620008966732319
params_max= {'a1': 2.0784609690826525, 'a2': 3.651483716701108, 'a3': 5.254759747124506} logZ_max= nan obs_max= 0.6989577135102981
dist_min= tensor(1938.2738) dist_max= tensor(1901.7757)
params_min,params_max=params_min,params_new
evaluating model at params_new={'a1': 2.0784609690826525, 'a2': 3.651483716701108, 'a3': 5.170907197968264}
params_min= {'a1': 2.0784609690826525, 'a2': 3.651483716701108, 'a3': 5.142956348249517} logZ_min= 4.107208021463021 obs_min= 0.5733501063407433
params_new= {'a1': 2.0784609690826525, 'a2': 3.651483716701108, 'a3': 5.170907197968264} logZ_new= 4.107907701124362 obs_new= 0.6092688127353925
params_max= {'a1': 2.0784609690826525, 'a2': 3.651483716701108, 'a3': 5.198858047687011} logZ_max= 4.096263690504646 obs_max= 0.620008966732319
dist_min= tensor(1912.1854) dist_max= tensor(325.2899)
params_min,params_max=params_min,params_new
evaluating model at params_new={'a1': 2.0784609690826525, 'a2': 3.651483716701108, 'a3': 5.156931773108891}
params_min= {'a1': 2.0784609690826525, 'a2': 3.651483716701108, 'a3': 5.142956348249517} logZ_min= 4.107208021463021 obs_min= 0.5733501063407433
params_new= {'a1': 2.0784609690826525, 'a2': 3.651483716701108, 'a3': 5.156931773108891} logZ_new= 4.107556153038611 obs_new= 0.5909687166481384
params_max= {'a1': 2.0784609690826525, 'a2': 3.651483716701108, 'a3': 5.170907197968264} logZ_max= 4.107907701124362 obs_max= 0.6092688127353925
dist_min= tensor(1912.5529) dist_max= tensor(24.7575)
params_min,params_max=params_min,params_new
evaluating model at params_new={'a1': 2.0784609690826525, 'a2': 3.651483716701108, 'a3': 5.1499440606792035}
params_min= {'a1': 2.0784609690826525, 'a2': 3.651483716701108, 'a3': 5.142956348249517} logZ_min= 4.107208021463021 obs_min= 0.5733501063407433
params_new= {'a1': 2.0784609690826525, 'a2': 3.651483716701108, 'a3': 5.1499440606792035} logZ_new= nan obs_new= 0.582143883881409
params_max= {'a1': 2.0784609690826525, 'a2': 3.651483716701108, 'a3': 5.156931773108891} logZ_max= 4.107556153038611 obs_max= 0.5909687166481384
dist_min= tensor(1911.6238) dist_max= tensor(24.7074)
params_min,params_max=params_min,params_new
evaluating model at params_new={'a1': 2.0784609690826525, 'a2': 3.651483716701108, 'a3': 5.14645020446436}
params_min= {'a1': 2.0784609690826525, 'a2': 3.651483716701108, 'a3': 5.142956348249517} logZ_min= 4.107208021463021 obs_min= 0.5733501063407433
params_new= {'a1': 2.0784609690826525, 'a2': 3.651483716701108, 'a3': 5.14645020446436} logZ_new= 4.107295843631893 obs_new= 0.5777366601117195
params_max= {'a1': 2.0784609690826525, 'a2': 3.651483716701108, 'a3': 5.1499440606792035} logZ_max= nan obs_max= 0.582143883881409
dist_min= tensor(1912.0721) dist_max= tensor(5.9962)
params_min,params_max=params_min,params_new
evaluating model at params_new={'a1': 2.0784609690826525, 'a2': 3.651483716701108, 'a3': 5.144703276356939}
params_min= {'a1': 2.0784609690826525, 'a2': 3.651483716701108, 'a3': 5.142956348249517} logZ_min= 4.107208021463021 obs_min= 0.5733501063407433
params_new= {'a1': 2.0784609690826525, 'a2': 3.651483716701108, 'a3': 5.144703276356939} logZ_new= 4.107253061872633 obs_new= 0.5762851971170694
params_max= {'a1': 2.0784609690826525, 'a2': 3.651483716701108, 'a3': 5.14645020446436} logZ_max= 4.107295843631893 obs_max= 0.5777366601117195
dist_min= tensor(1912.9761) dist_max= tensor(7.8201)
params_min,params_max=params_min,params_new
evaluating model at params_new={'a1': 2.0784609690826525, 'a2': 3.651483716701108, 'a3': 5.1438298123032276}
params_min= {'a1': 2.0784609690826525, 'a2': 3.651483716701108, 'a3': 5.142956348249517} logZ_min= 4.107208021463021 obs_min= 0.5733501063407433
params_new= {'a1': 2.0784609690826525, 'a2': 3.651483716701108, 'a3': 5.1438298123032276} logZ_new= 4.094754883633843 obs_new= 0.5436218467530869
params_max= {'a1': 2.0784609690826525, 'a2': 3.651483716701108, 'a3': 5.144703276356939} logZ_max= 4.107253061872633 obs_max= 0.5762851971170694
dist_min= tensor(1912.4413) dist_max= tensor(3.0518)
params_min,params_max=params_min,params_new
evaluating model at params_new={'a1': 2.0784609690826525, 'a2': 3.651483716701108, 'a3': 5.143393080276372}
params_min= {'a1': 2.0784609690826525, 'a2': 3.651483716701108, 'a3': 5.142956348249517} logZ_min= 4.107208021463021 obs_min= 0.5733501063407433
params_new= {'a1': 2.0784609690826525, 'a2': 3.651483716701108, 'a3': 5.143393080276372} logZ_new= 4.107196813945843 obs_new= 0.5742885275781385
params_max= {'a1': 2.0784609690826525, 'a2': 3.651483716701108, 'a3': 5.1438298123032276} logZ_max= 4.094754883633843 obs_max= 0.5436218467530869
dist_min= tensor(1911.5999) dist_max= tensor(3.3273)
params_min,params_max=params_min,params_new
evaluating model at params_new={'a1': 2.0784609690826525, 'a2': 3.651483716701108, 'a3': 5.143174714262944}
params_min= {'a1': 2.0784609690826525, 'a2': 3.651483716701108, 'a3': 5.142956348249517} logZ_min= 4.107208021463021 obs_min= 0.5733501063407433
params_new= {'a1': 2.0784609690826525, 'a2': 3.651483716701108, 'a3': 5.143174714262944} logZ_new= 4.103703782256534 obs_new= 0.43046026015380556
params_max= {'a1': 2.0784609690826525, 'a2': 3.651483716701108, 'a3': 5.143393080276372} logZ_max= 4.107196813945843 obs_max= 0.5742885275781385
dist_min= tensor(2244.3579) dist_max= tensor(1173.8542)
params_min,params_max=params_min,params_new
evaluating model at params_new={'a1': 2.0784609690826525, 'a2': 3.651483716701108, 'a3': 5.14306553125623}
params_min= {'a1': 2.0784609690826525, 'a2': 3.651483716701108, 'a3': 5.142956348249517} logZ_min= 4.107208021463021 obs_min= 0.5733501063407433
params_new= {'a1': 2.0784609690826525, 'a2': 3.651483716701108, 'a3': 5.14306553125623} logZ_new= 4.107212485239686 obs_new= 0.5742312195681318
params_max= {'a1': 2.0784609690826525, 'a2': 3.651483716701108, 'a3': 5.143174714262944} logZ_max= 4.103703782256534 obs_max= 0.43046026015380556
dist_min= tensor(1912.3054) dist_max= tensor(1173.8515)
params_min,params_max=params_min,params_new
evaluating model at params_new={'a1': 2.0784609690826525, 'a2': 3.651483716701108, 'a3': 5.143010939752873}
params_min= {'a1': 2.0784609690826525, 'a2': 3.651483716701108, 'a3': 5.142956348249517} logZ_min= 4.107208021463021 obs_min= 0.5733501063407433
params_new= {'a1': 2.0784609690826525, 'a2': 3.651483716701108, 'a3': 5.143010939752873} logZ_new= 4.10721061131898 obs_new= 0.5734031394082697
params_max= {'a1': 2.0784609690826525, 'a2': 3.651483716701108, 'a3': 5.14306553125623} logZ_max= 4.107212485239686 obs_max= 0.5742312195681318
dist_min= tensor(1912.9128) dist_max= tensor(4.4463)
params_min,params_max=params_min,params_new
evaluating model at params_new={'a1': 2.0784609690826525, 'a2': 3.651483716701108, 'a3': 5.142983644001195}
params_min= {'a1': 2.0784609690826525, 'a2': 3.651483716701108, 'a3': 5.142956348249517} logZ_min= 4.107208021463021 obs_min= 0.5733501063407433
params_new= {'a1': 2.0784609690826525, 'a2': 3.651483716701108, 'a3': 5.142983644001195} logZ_new= 4.094729073566876 obs_new= 0.5443024727925835
params_max= {'a1': 2.0784609690826525, 'a2': 3.651483716701108, 'a3': 5.143010939752873} logZ_max= 4.10721061131898 obs_max= 0.5734031394082697
dist_min= tensor(687.0625) dist_max= tensor(1236.9231)
params_min,params_max=params_new,params_max
evaluating model at params_new={'a1': 2.0784609690826525, 'a2': 3.651483716701108, 'a3': 5.142997291877034}
params_min= {'a1': 2.0784609690826525, 'a2': 3.651483716701108, 'a3': 5.142983644001195} logZ_min= 4.094729073566876 obs_min= 0.5443024727925835
params_new= {'a1': 2.0784609690826525, 'a2': 3.651483716701108, 'a3': 5.142997291877034} logZ_new= nan obs_new= 0.573429050127617
params_max= {'a1': 2.0784609690826525, 'a2': 3.651483716701108, 'a3': 5.143010939752873} logZ_max= 4.10721061131898 obs_max= 0.5734031394082697
dist_min= tensor(1235.6812) dist_max= tensor(3.5830)
params_min,params_max=params_min,params_new
evaluating model at params_new={'a1': 2.0784609690826525, 'a2': 3.651483716701108, 'a3': 5.142990467939114}
params_min= {'a1': 2.0784609690826525, 'a2': 3.651483716701108, 'a3': 5.142983644001195} logZ_min= 4.094729073566876 obs_min= 0.5443024727925835
params_new= {'a1': 2.0784609690826525, 'a2': 3.651483716701108, 'a3': 5.142990467939114} logZ_new= nan obs_new= 0.5733766843435159
params_max= {'a1': 2.0784609690826525, 'a2': 3.651483716701108, 'a3': 5.142997291877034} logZ_max= nan obs_max= 0.573429050127617
dist_min= tensor(1236.3234) dist_max= tensor(7.0510)
params_min,params_max=params_min,params_new
evaluating model at params_new={'a1': 2.0784609690826525, 'a2': 3.651483716701108, 'a3': 5.1429870559701545}
params_min= {'a1': 2.0784609690826525, 'a2': 3.651483716701108, 'a3': 5.142983644001195} logZ_min= 4.094729073566876 obs_min= 0.5443024727925835
params_new= {'a1': 2.0784609690826525, 'a2': 3.651483716701108, 'a3': 5.1429870559701545} logZ_new= 4.107210026798979 obs_new= 0.5733727586221388
params_max= {'a1': 2.0784609690826525, 'a2': 3.651483716701108, 'a3': 5.142990467939114} logZ_max= nan obs_max= 0.5733766843435159
dist_min= tensor(6222.4894) dist_max= tensor(6090.8145)
params_min,params_max=params_min,params_new
evaluating model at params_new={'a1': 2.0784609690826525, 'a2': 3.651483716701108, 'a3': 5.142985349985675}
params_min= {'a1': 2.0784609690826525, 'a2': 3.651483716701108, 'a3': 5.142983644001195} logZ_min= 4.094729073566876 obs_min= 0.5443024727925835
params_new= {'a1': 2.0784609690826525, 'a2': 3.651483716701108, 'a3': 5.142985349985675} logZ_new= 4.094728540508923 obs_new= 0.5443720883915151
params_max= {'a1': 2.0784609690826525, 'a2': 3.651483716701108, 'a3': 5.1429870559701545} logZ_max= 4.107210026798979 obs_max= 0.5733727586221388
dist_min= tensor(3592.7193) dist_max= tensor(6968.3544)
params_min,params_max=params_new,params_max
evaluating model at params_new={'a1': 2.0784609690826525, 'a2': 3.651483716701108, 'a3': 5.142986202977914}
params_min= {'a1': 2.0784609690826525, 'a2': 3.651483716701108, 'a3': 5.142985349985675} logZ_min= 4.094728540508923 obs_min= 0.5443720883915151
params_new= {'a1': 2.0784609690826525, 'a2': 3.651483716701108, 'a3': 5.142986202977914} logZ_new= 4.094848773064789 obs_new= 0.5376272343070397
params_max= {'a1': 2.0784609690826525, 'a2': 3.651483716701108, 'a3': 5.1429870559701545} logZ_max= 4.107210026798979 obs_max= 0.5733727586221388
dist_min= tensor(3373.0020) dist_max= tensor(6097.7534)
params_min,params_max=params_new,params_max
evaluating model at params_new={'a1': 2.0784609690826525, 'a2': 3.651483716701108, 'a3': 5.142986629474034}
params_min= {'a1': 2.0784609690826525, 'a2': 3.651483716701108, 'a3': 5.142986202977914} logZ_min= 4.094848773064789 obs_min= 0.5376272343070397
params_new= {'a1': 2.0784609690826525, 'a2': 3.651483716701108, 'a3': 5.142986629474034} logZ_new= 4.094728199399149 obs_new= 0.5443944176733878
params_max= {'a1': 2.0784609690826525, 'a2': 3.651483716701108, 'a3': 5.1429870559701545} logZ_max= 4.107210026798979 obs_max= 0.5733727586221388
dist_min= tensor(121.2830) dist_max= tensor(6099.0600)
params_min,params_max=params_new,params_max
evaluating model at params_new={'a1': 2.0784609690826525, 'a2': 3.651483716701108, 'a3': 5.142986842722094}
params_min= {'a1': 2.0784609690826525, 'a2': 3.651483716701108, 'a3': 5.142986629474034} logZ_min= 4.094728199399149 obs_min= 0.5443944176733878
params_new= {'a1': 2.0784609690826525, 'a2': 3.651483716701108, 'a3': 5.142986842722094} logZ_new= 4.09473923199933 obs_new= 0.5428715158348313
params_max= {'a1': 2.0784609690826525, 'a2': 3.651483716701108, 'a3': 5.1429870559701545} logZ_max= 4.107210026798979 obs_max= 0.5733727586221388
dist_min= tensor(125.7750) dist_max= tensor(6097.7785)
params_min,params_max=params_new,params_max
evaluating model at params_new={'a1': 2.0784609690826525, 'a2': 3.651483716701108, 'a3': 5.142986949346124}
params_min= {'a1': 2.0784609690826525, 'a2': 3.651483716701108, 'a3': 5.142986842722094} logZ_min= 4.09473923199933 obs_min= 0.5428715158348313
params_new= {'a1': 2.0784609690826525, 'a2': 3.651483716701108, 'a3': 5.142986949346124} logZ_new= 4.094733944136981 obs_new= 0.5421081386912598
params_max= {'a1': 2.0784609690826525, 'a2': 3.651483716701108, 'a3': 5.1429870559701545} logZ_max= 4.107210026798979 obs_max= 0.5733727586221388
dist_min= tensor(37.6936) dist_max= tensor(6098.3894)
params_min,params_max=params_new,params_max
evaluating model at params_new={'a1': 2.0784609690826525, 'a2': 3.651483716701108, 'a3': 5.142987002658139}
params_min= {'a1': 2.0784609690826525, 'a2': 3.651483716701108, 'a3': 5.142986949346124} logZ_min= 4.094733944136981 obs_min= 0.5421081386912598
params_new= {'a1': 2.0784609690826525, 'a2': 3.651483716701108, 'a3': 5.142987002658139} logZ_new= nan obs_new= 0.5443607885670769
params_max= {'a1': 2.0784609690826525, 'a2': 3.651483716701108, 'a3': 5.1429870559701545} logZ_max= 4.107210026798979 obs_max= 0.5733727586221388
dist_min= tensor(666.5808) dist_max= tensor(6132.7636)
params_min,params_max=params_new,params_max
evaluating model at params_new={'a1': 2.0784609690826525, 'a2': 3.651483716701108, 'a3': 5.142987029314147}
params_min= {'a1': 2.0784609690826525, 'a2': 3.651483716701108, 'a3': 5.142987002658139} logZ_min= nan obs_min= 0.5443607885670769
params_new= {'a1': 2.0784609690826525, 'a2': 3.651483716701108, 'a3': 5.142987029314147} logZ_new= nan obs_new= 0.5733722883074274
params_max= {'a1': 2.0784609690826525, 'a2': 3.651483716701108, 'a3': 5.1429870559701545} logZ_max= 4.107210026798979 obs_max= 0.5733727586221388
dist_min= tensor(636.8925) dist_max= tensor(6096.1589)
params_min,params_max=params_new,params_max
evaluating model at params_new={'a1': 2.0784609690826525, 'a2': 3.651483716701108, 'a3': 5.142987042642151}
params_min= {'a1': 2.0784609690826525, 'a2': 3.651483716701108, 'a3': 5.142987029314147} logZ_min= nan obs_min= 0.5733722883074274
params_new= {'a1': 2.0784609690826525, 'a2': 3.651483716701108, 'a3': 5.142987042642151} logZ_new= nan obs_new= 0.5741337994156613
params_max= {'a1': 2.0784609690826525, 'a2': 3.651483716701108, 'a3': 5.1429870559701545} logZ_max= 4.107210026798979 obs_max= 0.5733727586221388
dist_min= tensor(45.4988) dist_max= tensor(6098.3224)
params_min,params_max=params_new,params_max
evaluating model at params_new={'a1': 2.0784609690826525, 'a2': 3.651483716701108, 'a3': 5.142987049306153}
params_min= {'a1': 2.0784609690826525, 'a2': 3.651483716701108, 'a3': 5.142987042642151} logZ_min= nan obs_min= 0.5741337994156613
params_new= {'a1': 2.0784609690826525, 'a2': 3.651483716701108, 'a3': 5.142987049306153} logZ_new= nan obs_new= 0.5375983226088377
params_max= {'a1': 2.0784609690826525, 'a2': 3.651483716701108, 'a3': 5.1429870559701545} logZ_max= 4.107210026798979 obs_max= 0.5733727586221388
dist_min= tensor(2.7606) dist_max= tensor(6098.2805)
params_min,params_max=params_new,params_max
evaluating model at params_new={'a1': 2.0784609690826525, 'a2': 3.651483716701108, 'a3': 5.142987052638153}
params_min= {'a1': 2.0784609690826525, 'a2': 3.651483716701108, 'a3': 5.142987049306153} logZ_min= nan obs_min= 0.5375983226088377
params_new= {'a1': 2.0784609690826525, 'a2': 3.651483716701108, 'a3': 5.142987052638153} logZ_new= 4.1072098343456185 obs_new= 0.573378699854153
params_max= {'a1': 2.0784609690826525, 'a2': 3.651483716701108, 'a3': 5.1429870559701545} logZ_max= 4.107210026798979 obs_max= 0.5733727586221388
dist_min= tensor(5.4912) dist_max= tensor(6098.1979)
params_min,params_max=params_new,params_max
evaluating model at params_new={'a1': 2.0784609690826525, 'a2': 3.651483716701108, 'a3': 5.142987054304154}
params_min= {'a1': 2.0784609690826525, 'a2': 3.651483716701108, 'a3': 5.142987052638153} logZ_min= 4.1072098343456185 obs_min= 0.573378699854153
params_new= {'a1': 2.0784609690826525, 'a2': 3.651483716701108, 'a3': 5.142987054304154} logZ_new= 4.1072100206007 obs_new= 0.5741433051840172
params_max= {'a1': 2.0784609690826525, 'a2': 3.651483716701108, 'a3': 5.1429870559701545} logZ_max= 4.107210026798979 obs_max= 0.5733727586221388
dist_min= tensor(4.7779) dist_max= tensor(6097.7651)
params_min,params_max=params_new,params_max
evaluating model at params_new={'a1': 2.0784609690826525, 'a2': 3.651483716701108, 'a3': 5.142987055137154}
params_min= {'a1': 2.0784609690826525, 'a2': 3.651483716701108, 'a3': 5.142987054304154} logZ_min= 4.1072100206007 obs_min= 0.5741433051840172
params_new= {'a1': 2.0784609690826525, 'a2': 3.651483716701108, 'a3': 5.142987055137154} logZ_new= 4.094729093373232 obs_new= 0.5443553289092304
params_max= {'a1': 2.0784609690826525, 'a2': 3.651483716701108, 'a3': 5.1429870559701545} logZ_max= 4.107210026798979 obs_max= 0.5733727586221388
dist_min= tensor(163.1534) dist_max= tensor(6100.4154)
params_min,params_max=params_new,params_max
evaluating model at params_new={'a1': 2.0784609690826525, 'a2': 3.651483716701108, 'a3': 5.142987055553654}
params_min= {'a1': 2.0784609690826525, 'a2': 3.651483716701108, 'a3': 5.142987055137154} logZ_min= 4.094729093373232 obs_min= 0.5443553289092304
params_new= {'a1': 2.0784609690826525, 'a2': 3.651483716701108, 'a3': 5.142987055553654} logZ_new= nan obs_new= 0.5733718586433538
params_max= {'a1': 2.0784609690826525, 'a2': 3.651483716701108, 'a3': 5.1429870559701545} logZ_max= 4.107210026798979 obs_max= 0.5733727586221388
dist_min= tensor(173.7511) dist_max= tensor(6098.6643)
params_min,params_max=params_new,params_max
evaluating model at params_new={'a1': 2.0784609690826525, 'a2': 3.651483716701108, 'a3': 5.142987055761904}
params_min= {'a1': 2.0784609690826525, 'a2': 3.651483716701108, 'a3': 5.142987055553654} logZ_min= nan obs_min= 0.5733718586433538
params_new= {'a1': 2.0784609690826525, 'a2': 3.651483716701108, 'a3': 5.142987055761904} logZ_new= 4.107194307897292 obs_new= 0.5736399958317985
params_max= {'a1': 2.0784609690826525, 'a2': 3.651483716701108, 'a3': 5.1429870559701545} logZ_max= 4.107210026798979 obs_max= 0.5733727586221388
dist_min= tensor(238.4056) dist_max= tensor(6105.6007)
params_min,params_max=params_new,params_max
evaluating model at params_new={'a1': 2.0784609690826525, 'a2': 3.651483716701108, 'a3': 5.14298705586603}
params_min= {'a1': 2.0784609690826525, 'a2': 3.651483716701108, 'a3': 5.142987055761904} logZ_min= 4.107194307897292 obs_min= 0.5736399958317985
params_new= {'a1': 2.0784609690826525, 'a2': 3.651483716701108, 'a3': 5.14298705586603} logZ_new= nan obs_new= 0.5733718936324955
params_max= {'a1': 2.0784609690826525, 'a2': 3.651483716701108, 'a3': 5.1429870559701545} logZ_max= 4.107210026798979 obs_max= 0.5733727586221388
dist_min= tensor(297.6051) dist_max= tensor(6097.2580)
params_min,params_max=params_new,params_max
evaluating model at params_new={'a1': 2.0784609690826525, 'a2': 3.651483716701108, 'a3': 5.142987055918092}
params_min= {'a1': 2.0784609690826525, 'a2': 3.651483716701108, 'a3': 5.14298705586603} logZ_min= nan obs_min= 0.5733718936324955
params_new= {'a1': 2.0784609690826525, 'a2': 3.651483716701108, 'a3': 5.142987055918092} logZ_new= nan obs_new= 0.5428477682148316
params_max= {'a1': 2.0784609690826525, 'a2': 3.651483716701108, 'a3': 5.1429870559701545} logZ_max= 4.107210026798979 obs_max= 0.5733727586221388
dist_min= tensor(154.9971) dist_max= tensor(6099.3190)
params_min,params_max=params_new,params_max
evaluating model at params_new={'a1': 2.0784609690826525, 'a2': 3.651483716701108, 'a3': 5.142987055944124}
params_min= {'a1': 2.0784609690826525, 'a2': 3.651483716701108, 'a3': 5.142987055918092} logZ_min= nan obs_min= 0.5428477682148316
params_new= {'a1': 2.0784609690826525, 'a2': 3.651483716701108, 'a3': 5.142987055944124} logZ_new= nan obs_new= 0.5733748110624843
params_max= {'a1': 2.0784609690826525, 'a2': 3.651483716701108, 'a3': 5.1429870559701545} logZ_max= 4.107210026798979 obs_max= 0.5733727586221388
dist_min= tensor(166.6420) dist_max= tensor(6098.6500)
params_min,params_max=params_new,params_max
evaluating model at params_new={'a1': 2.0784609690826525, 'a2': 3.651483716701108, 'a3': 5.142987055957139}
params_min= {'a1': 2.0784609690826525, 'a2': 3.651483716701108, 'a3': 5.142987055944124} logZ_min= nan obs_min= 0.5733748110624843
params_new= {'a1': 2.0784609690826525, 'a2': 3.651483716701108, 'a3': 5.142987055957139} logZ_new= 4.094729938271779 obs_new= 0.5443180337921047
params_max= {'a1': 2.0784609690826525, 'a2': 3.651483716701108, 'a3': 5.1429870559701545} logZ_max= 4.107210026798979 obs_max= 0.5733727586221388
dist_min= tensor(804.2304) dist_max= tensor(5296.5801)
params_min,params_max=params_new,params_max
evaluating model at params_new={'a1': 2.0784609690826525, 'a2': 3.651483716701108, 'a3': 5.142987055963647}
params_min= {'a1': 2.0784609690826525, 'a2': 3.651483716701108, 'a3': 5.142987055957139} logZ_min= 4.094729938271779 obs_min= 0.5443180337921047
params_new= {'a1': 2.0784609690826525, 'a2': 3.651483716701108, 'a3': 5.142987055963647} logZ_new= 4.107209359270959 obs_new= 0.5741488425712576
params_max= {'a1': 2.0784609690826525, 'a2': 3.651483716701108, 'a3': 5.1429870559701545} logZ_max= 4.107210026798979 obs_max= 0.5733727586221388
dist_min= tensor(801.2870) dist_max= tensor(6097.8036)
params_min,params_max=params_new,params_max
evaluating model at params_new={'a1': 2.0784609690826525, 'a2': 3.651483716701108, 'a3': 5.1429870559669}
params_min= {'a1': 2.0784609690826525, 'a2': 3.651483716701108, 'a3': 5.142987055963647} logZ_min= 4.107209359270959 obs_min= 0.5741488425712576
params_new= {'a1': 2.0784609690826525, 'a2': 3.651483716701108, 'a3': 5.1429870559669} logZ_new= 4.094739240155251 obs_new= 0.5428721871742533
params_max= {'a1': 2.0784609690826525, 'a2': 3.651483716701108, 'a3': 5.1429870559701545} logZ_max= 4.107210026798979 obs_max= 0.5733727586221388
dist_min= tensor(668.0337) dist_max= tensor(6134.8716)
params_min,params_max=params_new,params_max
evaluating model at params_new={'a1': 2.0784609690826525, 'a2': 3.651483716701108, 'a3': 5.142987055968527}
params_min= {'a1': 2.0784609690826525, 'a2': 3.651483716701108, 'a3': 5.1429870559669} logZ_min= 4.094739240155251 obs_min= 0.5428721871742533
params_new= {'a1': 2.0784609690826525, 'a2': 3.651483716701108, 'a3': 5.142987055968527} logZ_new= nan obs_new= 0.5733779836131171
params_max= {'a1': 2.0784609690826525, 'a2': 3.651483716701108, 'a3': 5.1429870559701545} logZ_max= 4.107210026798979 obs_max= 0.5733727586221388
dist_min= tensor(667.6154) dist_max= tensor(6098.3208)
params_min,params_max=params_new,params_max
evaluating model at params_new={'a1': 2.0784609690826525, 'a2': 3.651483716701108, 'a3': 5.142987055969341}
params_min= {'a1': 2.0784609690826525, 'a2': 3.651483716701108, 'a3': 5.142987055968527} logZ_min= nan obs_min= 0.5733779836131171
params_new= {'a1': 2.0784609690826525, 'a2': 3.651483716701108, 'a3': 5.142987055969341} logZ_new= 4.107210146010114 obs_new= 0.5733719784513623
params_max= {'a1': 2.0784609690826525, 'a2': 3.651483716701108, 'a3': 5.1429870559701545} logZ_max= 4.107210026798979 obs_max= 0.5733727586221388
dist_min= tensor(453.7607) dist_max= tensor(6115.7306)
params_min,params_max=params_new,params_max
evaluating model at params_new={'a1': 2.0784609690826525, 'a2': 3.651483716701108, 'a3': 5.142987055969748}
params_min= {'a1': 2.0784609690826525, 'a2': 3.651483716701108, 'a3': 5.142987055969341} logZ_min= 4.107210146010114 obs_min= 0.5733719784513623
params_new= {'a1': 2.0784609690826525, 'a2': 3.651483716701108, 'a3': 5.142987055969748} logZ_new= nan obs_new= 0.5443127033907568
params_max= {'a1': 2.0784609690826525, 'a2': 3.651483716701108, 'a3': 5.1429870559701545} logZ_max= 4.107210026798979 obs_max= 0.5733727586221388
dist_min= tensor(460.4271) dist_max= tensor(6097.0146)
params_min,params_max=params_new,params_max
evaluating model at params_new={'a1': 2.0784609690826525, 'a2': 3.651483716701108, 'a3': 5.142987055969951}
params_min= {'a1': 2.0784609690826525, 'a2': 3.651483716701108, 'a3': 5.142987055969748} logZ_min= nan obs_min= 0.5443127033907568
params_new= {'a1': 2.0784609690826525, 'a2': 3.651483716701108, 'a3': 5.142987055969951} logZ_new= nan obs_new= 0.5741306423513108
params_max= {'a1': 2.0784609690826525, 'a2': 3.651483716701108, 'a3': 5.1429870559701545} logZ_max= 4.107210026798979 obs_max= 0.5733727586221388
dist_min= tensor(59.4608) dist_max= tensor(6098.6568)
params_min,params_max=params_new,params_max
evaluating model at params_new={'a1': 2.0784609690826525, 'a2': 3.651483716701108, 'a3': 5.142987055970053}
params_min= {'a1': 2.0784609690826525, 'a2': 3.651483716701108, 'a3': 5.142987055969951} logZ_min= nan obs_min= 0.5741306423513108
params_new= {'a1': 2.0784609690826525, 'a2': 3.651483716701108, 'a3': 5.142987055970053} logZ_new= nan obs_new= 0.5741366763720127
params_max= {'a1': 2.0784609690826525, 'a2': 3.651483716701108, 'a3': 5.1429870559701545} logZ_max= 4.107210026798979 obs_max= 0.5733727586221388
dist_min= tensor(61.2506) dist_max= tensor(6098.4129)
params_min,params_max=params_new,params_max
evaluating model at params_new={'a1': 2.0784609690826525, 'a2': 3.651483716701108, 'a3': 5.142987055970104}
params_min= {'a1': 2.0784609690826525, 'a2': 3.651483716701108, 'a3': 5.142987055970053} logZ_min= nan obs_min= 0.5741366763720127
params_new= {'a1': 2.0784609690826525, 'a2': 3.651483716701108, 'a3': 5.142987055970104} logZ_new= 4.107209884595198 obs_new= 0.5741399690121788
params_max= {'a1': 2.0784609690826525, 'a2': 3.651483716701108, 'a3': 5.1429870559701545} logZ_max= 4.107210026798979 obs_max= 0.5733727586221388
dist_min= tensor(1.7584) dist_max= tensor(6097.7528)
params_min,params_max=params_new,params_max
evaluating model at params_new={'a1': 2.0784609690826525, 'a2': 3.651483716701108, 'a3': 5.14298705597013}
params_min= {'a1': 2.0784609690826525, 'a2': 3.651483716701108, 'a3': 5.142987055970104} logZ_min= 4.107209884595198 obs_min= 0.5741399690121788
params_new= {'a1': 2.0784609690826525, 'a2': 3.651483716701108, 'a3': 5.14298705597013} logZ_new= 4.107210029620242 obs_new= 0.5733728678376884
params_max= {'a1': 2.0784609690826525, 'a2': 3.651483716701108, 'a3': 5.1429870559701545} logZ_max= 4.107210026798979 obs_max= 0.5733727586221388
dist_min= tensor(9.8205) dist_max= tensor(6088.0207)
params_min,params_max=params_new,params_max
evaluating model at params_new={'a1': 2.0784609690826525, 'a2': 3.651483716701108, 'a3': 5.142987055970142}
params_min= {'a1': 2.0784609690826525, 'a2': 3.651483716701108, 'a3': 5.14298705597013} logZ_min= 4.107210029620242 obs_min= 0.5733728678376884
params_new= {'a1': 2.0784609690826525, 'a2': 3.651483716701108, 'a3': 5.142987055970142} logZ_new= 4.107210132519151 obs_new= 0.57337198068704
params_max= {'a1': 2.0784609690826525, 'a2': 3.651483716701108, 'a3': 5.1429870559701545} logZ_max= 4.107210026798979 obs_max= 0.5733727586221388
dist_min= tensor(10.3816) dist_max= tensor(6097.7522)
params_min,params_max=params_new,params_max
evaluating model at params_new={'a1': 2.0784609690826525, 'a2': 3.651483716701108, 'a3': 5.142987055970148}
params_min= {'a1': 2.0784609690826525, 'a2': 3.651483716701108, 'a3': 5.142987055970142} logZ_min= 4.107210132519151 obs_min= 0.57337198068704
params_new= {'a1': 2.0784609690826525, 'a2': 3.651483716701108, 'a3': 5.142987055970148} logZ_new= nan obs_new= 0.5398479059505208
params_max= {'a1': 2.0784609690826525, 'a2': 3.651483716701108, 'a3': 5.1429870559701545} logZ_max= 4.107210026798979 obs_max= 0.5733727586221388
dist_min= tensor(4.7027) dist_max= tensor(6098.4095)
params_min,params_max=params_new,params_max
evaluating model at params_new={'a1': 2.0784609690826525, 'a2': 3.651483716701108, 'a3': 5.142987055970151}
params_min= {'a1': 2.0784609690826525, 'a2': 3.651483716701108, 'a3': 5.142987055970148} logZ_min= nan obs_min= 0.5398479059505208
params_new= {'a1': 2.0784609690826525, 'a2': 3.651483716701108, 'a3': 5.142987055970151} logZ_new= 4.107209989997955 obs_new= 0.5733728803164222
params_max= {'a1': 2.0784609690826525, 'a2': 3.651483716701108, 'a3': 5.1429870559701545} logZ_max= 4.107210026798979 obs_max= 0.5733727586221388
dist_min= tensor(14.9494) dist_max= tensor(6098.2521)
params_min,params_max=params_new,params_max
evaluating model at params_new={'a1': 2.0784609690826525, 'a2': 3.651483716701108, 'a3': 5.142987055970153}
params_min= {'a1': 2.0784609690826525, 'a2': 3.651483716701108, 'a3': 5.142987055970151} logZ_min= 4.107209989997955 obs_min= 0.5733728803164222
params_new= {'a1': 2.0784609690826525, 'a2': 3.651483716701108, 'a3': 5.142987055970153} logZ_new= 4.0947286150728806 obs_new= 0.5443675972775632
params_max= {'a1': 2.0784609690826525, 'a2': 3.651483716701108, 'a3': 5.1429870559701545} logZ_max= 4.107210026798979 obs_max= 0.5733727586221388
dist_min= tensor(47.6397) dist_max= tensor(6098.5522)
params_min,params_max=params_new,params_max
evaluating model at params_new={'a1': 2.0784609690826525, 'a2': 3.651483716701108, 'a3': 5.142987055970154}
params_min= {'a1': 2.0784609690826525, 'a2': 3.651483716701108, 'a3': 5.142987055970153} logZ_min= 4.0947286150728806 obs_min= 0.5443675972775632
params_new= {'a1': 2.0784609690826525, 'a2': 3.651483716701108, 'a3': 5.142987055970154} logZ_new= nan obs_new= 0.5733745827615971
params_max= {'a1': 2.0784609690826525, 'a2': 3.651483716701108, 'a3': 5.1429870559701545} logZ_max= 4.107210026798979 obs_max= 0.5733727586221388
dist_min= tensor(41.0912) dist_max= tensor(6098.3399)
params_min,params_max=params_new,params_max
critical params found:  {'a1': 2.0784609690826525, 'a2': 3.651483716701108, 'a3': 5.1429870559701545}
reference params:  {'a1': 1.1547005383792515, 'a2': 1.8257418583505538, 'a3': 4.47213595499958}
file saved to  data/AKLT3D_X10_scan_grid_critical_a3/a1_2.0784610_a2_3.6514837/Tc.json
