Start running find_critical_temp.py with options:{'filename': 'data/AKLT3D_X10_scan_grid_critical_a3/a1_1.3856406_a2_1.4605935/Tc.json', 'log_filename': 'data/AKLT3D_X10_scan_grid_critical_a3/a1_1.3856406_a2_1.4605935/Tc.log', 'nLayers': 60, 'max_dim': 10, 'model': 'AKLT3D', 'params_min': "{'a1': 1.3856406460551018, 'a2': 1.460593486680443, 'a3': 4.47213595499958}", 'params_max': "{'a1': 1.3856406460551018, 'a2': 1.460593486680443, 'a3': 5.366563145999496}", 'params_ref': None, 'observable_name': 'magnetizationZ', 'tol': 0.0, 'gilt_enabled': False, 'gilt_eps': 8e-07, 'gilt_nIter': 1, 'mcf_enabled': True, 'mcf_eps': 1e-16, 'mcf_max_iter': 200, 'hotrg_sanity_check': False, 'version': 1, 'device': 'cuda:1'}
loading library...
evaluating model at params_min={'a1': 1.3856406460551018, 'a2': 1.460593486680443, 'a3': 4.47213595499958}
params_min= {'a1': 1.3856406460551018, 'a2': 1.460593486680443, 'a3': 4.47213595499958} logZ_min= 3.196716528305748 obs_min= 1.3598867063237554e-34
evaluating model at params_max={'a1': 1.3856406460551018, 'a2': 1.460593486680443, 'a3': 5.366563145999496}
params_max= {'a1': 1.3856406460551018, 'a2': 1.460593486680443, 'a3': 5.366563145999496} logZ_max= 3.382086969311193 obs_max= 8.389069796912416
searching for critical temperature using bisection method
evaluating model at params_new={'a1': 1.3856406460551018, 'a2': 1.460593486680443, 'a3': 4.919349550499538}
params_min= {'a1': 1.3856406460551018, 'a2': 1.460593486680443, 'a3': 4.47213595499958} logZ_min= 3.196716528305748 obs_min= 1.3598867063237554e-34
params_new= {'a1': 1.3856406460551018, 'a2': 1.460593486680443, 'a3': 4.919349550499538} logZ_new= 3.2168091191887833 obs_new= 7.738189048268668
params_max= {'a1': 1.3856406460551018, 'a2': 1.460593486680443, 'a3': 5.366563145999496} logZ_max= 3.382086969311193 obs_max= 8.389069796912416
dist_min= tensor(189.8371) dist_max= tensor(8.8169)
params_min,params_max=params_min,params_new
evaluating model at params_new={'a1': 1.3856406460551018, 'a2': 1.460593486680443, 'a3': 4.695742752749559}
params_min= {'a1': 1.3856406460551018, 'a2': 1.460593486680443, 'a3': 4.47213595499958} logZ_min= 3.196716528305748 obs_min= 1.3598867063237554e-34
params_new= {'a1': 1.3856406460551018, 'a2': 1.460593486680443, 'a3': 4.695742752749559} logZ_new= 3.202822021436776 obs_new= 3.990751134149732e-31
params_max= {'a1': 1.3856406460551018, 'a2': 1.460593486680443, 'a3': 4.919349550499538} logZ_max= 3.2168091191887833 obs_max= 7.738189048268668
dist_min= tensor(188.7318) dist_max= tensor(5.9901)
params_min,params_max=params_min,params_new
evaluating model at params_new={'a1': 1.3856406460551018, 'a2': 1.460593486680443, 'a3': 4.58393935387457}
params_min= {'a1': 1.3856406460551018, 'a2': 1.460593486680443, 'a3': 4.47213595499958} logZ_min= 3.196716528305748 obs_min= 1.3598867063237554e-34
params_new= {'a1': 1.3856406460551018, 'a2': 1.460593486680443, 'a3': 4.58393935387457} logZ_new= 3.1981527796603313 obs_new= 2.0099865652865526e-34
params_max= {'a1': 1.3856406460551018, 'a2': 1.460593486680443, 'a3': 4.695742752749559} logZ_max= 3.202822021436776 obs_max= 3.990751134149732e-31
dist_min= tensor(53.3846) dist_max= tensor(135.4559)
params_min,params_max=params_new,params_max
evaluating model at params_new={'a1': 1.3856406460551018, 'a2': 1.460593486680443, 'a3': 4.639841053312065}
params_min= {'a1': 1.3856406460551018, 'a2': 1.460593486680443, 'a3': 4.58393935387457} logZ_min= 3.1981527796603313 obs_min= 2.0099865652865526e-34
params_new= {'a1': 1.3856406460551018, 'a2': 1.460593486680443, 'a3': 4.639841053312065} logZ_new= 3.2010691160308986 obs_new= 2.334018386088368e-31
params_max= {'a1': 1.3856406460551018, 'a2': 1.460593486680443, 'a3': 4.695742752749559} logZ_max= 3.202822021436776 obs_max= 3.990751134149732e-31
dist_min= tensor(2587.5998) dist_max= tensor(2590.7833)
params_min,params_max=params_new,params_max
evaluating model at params_new={'a1': 1.3856406460551018, 'a2': 1.460593486680443, 'a3': 4.667791903030812}
params_min= {'a1': 1.3856406460551018, 'a2': 1.460593486680443, 'a3': 4.639841053312065} logZ_min= 3.2010691160308986 obs_min= 2.334018386088368e-31
params_new= {'a1': 1.3856406460551018, 'a2': 1.460593486680443, 'a3': 4.667791903030812} logZ_new= 3.2018092810750205 obs_new= 1.2616147592525271e-31
params_max= {'a1': 1.3856406460551018, 'a2': 1.460593486680443, 'a3': 4.695742752749559} logZ_max= 3.202822021436776 obs_max= 3.990751134149732e-31
dist_min= tensor(2587.2570) dist_max= tensor(126.6425)
params_min,params_max=params_min,params_new
evaluating model at params_new={'a1': 1.3856406460551018, 'a2': 1.460593486680443, 'a3': 4.653816478171438}
params_min= {'a1': 1.3856406460551018, 'a2': 1.460593486680443, 'a3': 4.639841053312065} logZ_min= 3.2010691160308986 obs_min= 2.334018386088368e-31
params_new= {'a1': 1.3856406460551018, 'a2': 1.460593486680443, 'a3': 4.653816478171438} logZ_new= nan obs_new= 7.909984609933247e-33
params_max= {'a1': 1.3856406460551018, 'a2': 1.460593486680443, 'a3': 4.667791903030812} logZ_max= 3.2018092810750205 obs_max= 1.2616147592525271e-31
dist_min= tensor(2585.0826) dist_max= tensor(4.9249)
params_min,params_max=params_min,params_new
evaluating model at params_new={'a1': 1.3856406460551018, 'a2': 1.460593486680443, 'a3': 4.646828765741752}
params_min= {'a1': 1.3856406460551018, 'a2': 1.460593486680443, 'a3': 4.639841053312065} logZ_min= 3.2010691160308986 obs_min= 2.334018386088368e-31
params_new= {'a1': 1.3856406460551018, 'a2': 1.460593486680443, 'a3': 4.646828765741752} logZ_new= nan obs_new= 1.0508596820467754e-33
params_max= {'a1': 1.3856406460551018, 'a2': 1.460593486680443, 'a3': 4.653816478171438} logZ_max= nan obs_max= 7.909984609933247e-33
dist_min= tensor(2587.4904) dist_max= tensor(3.3520)
params_min,params_max=params_min,params_new
evaluating model at params_new={'a1': 1.3856406460551018, 'a2': 1.460593486680443, 'a3': 4.643334909526908}
params_min= {'a1': 1.3856406460551018, 'a2': 1.460593486680443, 'a3': 4.639841053312065} logZ_min= 3.2010691160308986 obs_min= 2.334018386088368e-31
params_new= {'a1': 1.3856406460551018, 'a2': 1.460593486680443, 'a3': 4.643334909526908} logZ_new= 3.2015978651902497 obs_new= 1.7021084459316792e-31
params_max= {'a1': 1.3856406460551018, 'a2': 1.460593486680443, 'a3': 4.646828765741752} logZ_max= nan obs_max= 1.0508596820467754e-33
dist_min= tensor(2587.2425) dist_max= tensor(1.7438)
params_min,params_max=params_min,params_new
evaluating model at params_new={'a1': 1.3856406460551018, 'a2': 1.460593486680443, 'a3': 4.6415879814194865}
params_min= {'a1': 1.3856406460551018, 'a2': 1.460593486680443, 'a3': 4.639841053312065} logZ_min= 3.2010691160308986 obs_min= 2.334018386088368e-31
params_new= {'a1': 1.3856406460551018, 'a2': 1.460593486680443, 'a3': 4.6415879814194865} logZ_new= 3.2015491971985495 obs_new= 1.2121155814668596e-34
params_max= {'a1': 1.3856406460551018, 'a2': 1.460593486680443, 'a3': 4.643334909526908} logZ_max= 3.2015978651902497 obs_max= 1.7021084459316792e-31
dist_min= tensor(2587.2423) dist_max= tensor(0.6804)
params_min,params_max=params_min,params_new
evaluating model at params_new={'a1': 1.3856406460551018, 'a2': 1.460593486680443, 'a3': 4.640714517365776}
params_min= {'a1': 1.3856406460551018, 'a2': 1.460593486680443, 'a3': 4.639841053312065} logZ_min= 3.2010691160308986 obs_min= 2.334018386088368e-31
params_new= {'a1': 1.3856406460551018, 'a2': 1.460593486680443, 'a3': 4.640714517365776} logZ_new= 3.2014213386931365 obs_new= 3.7172857004747784e-33
params_max= {'a1': 1.3856406460551018, 'a2': 1.460593486680443, 'a3': 4.6415879814194865} logZ_max= 3.2015491971985495 obs_max= 1.2121155814668596e-34
dist_min= tensor(2587.7732) dist_max= tensor(4.7101)
params_min,params_max=params_min,params_new
evaluating model at params_new={'a1': 1.3856406460551018, 'a2': 1.460593486680443, 'a3': 4.64027778533892}
params_min= {'a1': 1.3856406460551018, 'a2': 1.460593486680443, 'a3': 4.639841053312065} logZ_min= 3.2010691160308986 obs_min= 2.334018386088368e-31
params_new= {'a1': 1.3856406460551018, 'a2': 1.460593486680443, 'a3': 4.64027778533892} logZ_new= nan obs_new= 2.216175627406242e-34
params_max= {'a1': 1.3856406460551018, 'a2': 1.460593486680443, 'a3': 4.640714517365776} logZ_max= 3.2014213386931365 obs_max= 3.7172857004747784e-33
dist_min= tensor(2581.6145) dist_max= tensor(7.9293)
params_min,params_max=params_min,params_new
evaluating model at params_new={'a1': 1.3856406460551018, 'a2': 1.460593486680443, 'a3': 4.6400594193254925}
params_min= {'a1': 1.3856406460551018, 'a2': 1.460593486680443, 'a3': 4.639841053312065} logZ_min= 3.2010691160308986 obs_min= 2.334018386088368e-31
params_new= {'a1': 1.3856406460551018, 'a2': 1.460593486680443, 'a3': 4.6400594193254925} logZ_new= nan obs_new= 2.5305612598980107e-32
params_max= {'a1': 1.3856406460551018, 'a2': 1.460593486680443, 'a3': 4.64027778533892} logZ_max= nan obs_max= 2.216175627406242e-34
dist_min= tensor(2587.5304) dist_max= tensor(5.9403)
params_min,params_max=params_min,params_new
evaluating model at params_new={'a1': 1.3856406460551018, 'a2': 1.460593486680443, 'a3': 4.639950236318779}
params_min= {'a1': 1.3856406460551018, 'a2': 1.460593486680443, 'a3': 4.639841053312065} logZ_min= 3.2010691160308986 obs_min= 2.334018386088368e-31
params_new= {'a1': 1.3856406460551018, 'a2': 1.460593486680443, 'a3': 4.639950236318779} logZ_new= 3.2015064032690463 obs_new= 1.0751625466174048e-32
params_max= {'a1': 1.3856406460551018, 'a2': 1.460593486680443, 'a3': 4.6400594193254925} logZ_max= nan obs_max= 2.5305612598980107e-32
dist_min= tensor(2587.9275) dist_max= tensor(0.5234)
params_min,params_max=params_min,params_new
evaluating model at params_new={'a1': 1.3856406460551018, 'a2': 1.460593486680443, 'a3': 4.639895644815422}
params_min= {'a1': 1.3856406460551018, 'a2': 1.460593486680443, 'a3': 4.639841053312065} logZ_min= 3.2010691160308986 obs_min= 2.334018386088368e-31
params_new= {'a1': 1.3856406460551018, 'a2': 1.460593486680443, 'a3': 4.639895644815422} logZ_new= 3.2011361488338776 obs_new= 1.3652802037003687e-33
params_max= {'a1': 1.3856406460551018, 'a2': 1.460593486680443, 'a3': 4.639950236318779} logZ_max= 3.2015064032690463 obs_max= 1.0751625466174048e-32
dist_min= tensor(2587.7419) dist_max= tensor(0.6494)
params_min,params_max=params_min,params_new
evaluating model at params_new={'a1': 1.3856406460551018, 'a2': 1.460593486680443, 'a3': 4.639868349063743}
params_min= {'a1': 1.3856406460551018, 'a2': 1.460593486680443, 'a3': 4.639841053312065} logZ_min= 3.2010691160308986 obs_min= 2.334018386088368e-31
params_new= {'a1': 1.3856406460551018, 'a2': 1.460593486680443, 'a3': 4.639868349063743} logZ_new= 3.201405658329585 obs_new= 2.7392353213524978e-33
params_max= {'a1': 1.3856406460551018, 'a2': 1.460593486680443, 'a3': 4.639895644815422} logZ_max= 3.2011361488338776 obs_max= 1.3652802037003687e-33
dist_min= tensor(2587.8589) dist_max= tensor(0.4000)
params_min,params_max=params_min,params_new
evaluating model at params_new={'a1': 1.3856406460551018, 'a2': 1.460593486680443, 'a3': 4.639854701187904}
params_min= {'a1': 1.3856406460551018, 'a2': 1.460593486680443, 'a3': 4.639841053312065} logZ_min= 3.2010691160308986 obs_min= 2.334018386088368e-31
params_new= {'a1': 1.3856406460551018, 'a2': 1.460593486680443, 'a3': 4.639854701187904} logZ_new= nan obs_new= 2.549323764835107e-31
params_max= {'a1': 1.3856406460551018, 'a2': 1.460593486680443, 'a3': 4.639868349063743} logZ_max= 3.201405658329585 obs_max= 2.7392353213524978e-33
dist_min= tensor(2580.8449) dist_max= tensor(7.0224)
params_min,params_max=params_min,params_new
evaluating model at params_new={'a1': 1.3856406460551018, 'a2': 1.460593486680443, 'a3': 4.639847877249984}
params_min= {'a1': 1.3856406460551018, 'a2': 1.460593486680443, 'a3': 4.639841053312065} logZ_min= 3.2010691160308986 obs_min= 2.334018386088368e-31
params_new= {'a1': 1.3856406460551018, 'a2': 1.460593486680443, 'a3': 4.639847877249984} logZ_new= 3.201503637042644 obs_new= 1.669272415835523e-31
params_max= {'a1': 1.3856406460551018, 'a2': 1.460593486680443, 'a3': 4.639854701187904} logZ_max= nan obs_max= 2.549323764835107e-31
dist_min= tensor(2587.2421) dist_max= tensor(6.4638)
params_min,params_max=params_min,params_new
evaluating model at params_new={'a1': 1.3856406460551018, 'a2': 1.460593486680443, 'a3': 4.6398444652810245}
params_min= {'a1': 1.3856406460551018, 'a2': 1.460593486680443, 'a3': 4.639841053312065} logZ_min= 3.2010691160308986 obs_min= 2.334018386088368e-31
params_new= {'a1': 1.3856406460551018, 'a2': 1.460593486680443, 'a3': 4.6398444652810245} logZ_new= 3.2014939054040097 obs_new= 2.9376737579904842e-34
params_max= {'a1': 1.3856406460551018, 'a2': 1.460593486680443, 'a3': 4.639847877249984} logZ_max= 3.201503637042644 obs_max= 1.669272415835523e-31
dist_min= tensor(2587.8207) dist_max= tensor(1.2085)
params_min,params_max=params_min,params_new
evaluating model at params_new={'a1': 1.3856406460551018, 'a2': 1.460593486680443, 'a3': 4.6398427592965445}
params_min= {'a1': 1.3856406460551018, 'a2': 1.460593486680443, 'a3': 4.639841053312065} logZ_min= 3.2010691160308986 obs_min= 2.334018386088368e-31
params_new= {'a1': 1.3856406460551018, 'a2': 1.460593486680443, 'a3': 4.6398427592965445} logZ_new= 3.201495459713679 obs_new= 8.229980669946627e-33
params_max= {'a1': 1.3856406460551018, 'a2': 1.460593486680443, 'a3': 4.6398444652810245} logZ_max= 3.2014939054040097 obs_max= 2.9376737579904842e-34
dist_min= tensor(2587.8367) dist_max= tensor(0.1259)
params_min,params_max=params_min,params_new
evaluating model at params_new={'a1': 1.3856406460551018, 'a2': 1.460593486680443, 'a3': 4.639841906304305}
params_min= {'a1': 1.3856406460551018, 'a2': 1.460593486680443, 'a3': 4.639841053312065} logZ_min= 3.2010691160308986 obs_min= 2.334018386088368e-31
params_new= {'a1': 1.3856406460551018, 'a2': 1.460593486680443, 'a3': 4.639841906304305} logZ_new= 3.201452181184249 obs_new= 2.883619033253285e-31
params_max= {'a1': 1.3856406460551018, 'a2': 1.460593486680443, 'a3': 4.6398427592965445} logZ_max= 3.201495459713679 obs_max= 8.229980669946627e-33
dist_min= tensor(2587.2420) dist_max= tensor(1.0705)
params_min,params_max=params_min,params_new
evaluating model at params_new={'a1': 1.3856406460551018, 'a2': 1.460593486680443, 'a3': 4.639841479808185}
params_min= {'a1': 1.3856406460551018, 'a2': 1.460593486680443, 'a3': 4.639841053312065} logZ_min= 3.2010691160308986 obs_min= 2.334018386088368e-31
params_new= {'a1': 1.3856406460551018, 'a2': 1.460593486680443, 'a3': 4.639841479808185} logZ_new= 3.201413147520759 obs_new= 5.358333263218003e-35
params_max= {'a1': 1.3856406460551018, 'a2': 1.460593486680443, 'a3': 4.639841906304305} logZ_max= 3.201452181184249 obs_max= 2.883619033253285e-31
dist_min= tensor(2587.8460) dist_max= tensor(1.1012)
params_min,params_max=params_min,params_new
evaluating model at params_new={'a1': 1.3856406460551018, 'a2': 1.460593486680443, 'a3': 4.639841266560125}
params_min= {'a1': 1.3856406460551018, 'a2': 1.460593486680443, 'a3': 4.639841053312065} logZ_min= 3.2010691160308986 obs_min= 2.334018386088368e-31
params_new= {'a1': 1.3856406460551018, 'a2': 1.460593486680443, 'a3': 4.639841266560125} logZ_new= 3.2013976173513154 obs_new= 8.443925088967924e-32
params_max= {'a1': 1.3856406460551018, 'a2': 1.460593486680443, 'a3': 4.639841479808185} logZ_max= 3.201413147520759 obs_max= 5.358333263218003e-35
dist_min= tensor(2587.6860) dist_max= tensor(0.2153)
params_min,params_max=params_min,params_new
evaluating model at params_new={'a1': 1.3856406460551018, 'a2': 1.460593486680443, 'a3': 4.639841159936095}
params_min= {'a1': 1.3856406460551018, 'a2': 1.460593486680443, 'a3': 4.639841053312065} logZ_min= 3.2010691160308986 obs_min= 2.334018386088368e-31
params_new= {'a1': 1.3856406460551018, 'a2': 1.460593486680443, 'a3': 4.639841159936095} logZ_new= 3.2015036773052374 obs_new= 9.899414941835227e-32
params_max= {'a1': 1.3856406460551018, 'a2': 1.460593486680443, 'a3': 4.639841266560125} logZ_max= 3.2013976173513154 obs_max= 8.443925088967924e-32
dist_min= tensor(2587.7495) dist_max= tensor(4.3598)
params_min,params_max=params_min,params_new
evaluating model at params_new={'a1': 1.3856406460551018, 'a2': 1.460593486680443, 'a3': 4.63984110662408}
params_min= {'a1': 1.3856406460551018, 'a2': 1.460593486680443, 'a3': 4.639841053312065} logZ_min= 3.2010691160308986 obs_min= 2.334018386088368e-31
params_new= {'a1': 1.3856406460551018, 'a2': 1.460593486680443, 'a3': 4.63984110662408} logZ_new= 3.201389836973836 obs_new= 1.8747116601926234e-31
params_max= {'a1': 1.3856406460551018, 'a2': 1.460593486680443, 'a3': 4.639841159936095} logZ_max= 3.2015036773052374 obs_max= 9.899414941835227e-32
dist_min= tensor(2587.7076) dist_max= tensor(4.3617)
params_min,params_max=params_min,params_new
evaluating model at params_new={'a1': 1.3856406460551018, 'a2': 1.460593486680443, 'a3': 4.639841079968072}
params_min= {'a1': 1.3856406460551018, 'a2': 1.460593486680443, 'a3': 4.639841053312065} logZ_min= 3.2010691160308986 obs_min= 2.334018386088368e-31
params_new= {'a1': 1.3856406460551018, 'a2': 1.460593486680443, 'a3': 4.639841079968072} logZ_new= 3.2014954852544633 obs_new= 6.133120747419952e-31
params_max= {'a1': 1.3856406460551018, 'a2': 1.460593486680443, 'a3': 4.63984110662408} logZ_max= 3.201389836973836 obs_max= 1.8747116601926234e-31
dist_min= tensor(2587.5744) dist_max= tensor(2.2116)
params_min,params_max=params_min,params_new
evaluating model at params_new={'a1': 1.3856406460551018, 'a2': 1.460593486680443, 'a3': 4.639841066640068}
params_min= {'a1': 1.3856406460551018, 'a2': 1.460593486680443, 'a3': 4.639841053312065} logZ_min= 3.2010691160308986 obs_min= 2.334018386088368e-31
params_new= {'a1': 1.3856406460551018, 'a2': 1.460593486680443, 'a3': 4.639841066640068} logZ_new= nan obs_new= 6.153149768677135e-31
params_max= {'a1': 1.3856406460551018, 'a2': 1.460593486680443, 'a3': 4.639841079968072} logZ_max= 3.2014954852544633 obs_max= 6.133120747419952e-31
dist_min= tensor(2577.5048) dist_max= tensor(10.2265)
params_min,params_max=params_min,params_new
evaluating model at params_new={'a1': 1.3856406460551018, 'a2': 1.460593486680443, 'a3': 4.639841059976066}
params_min= {'a1': 1.3856406460551018, 'a2': 1.460593486680443, 'a3': 4.639841053312065} logZ_min= 3.2010691160308986 obs_min= 2.334018386088368e-31
params_new= {'a1': 1.3856406460551018, 'a2': 1.460593486680443, 'a3': 4.639841059976066} logZ_new= 3.201359173884376 obs_new= 4.766223553121019e-36
params_max= {'a1': 1.3856406460551018, 'a2': 1.460593486680443, 'a3': 4.639841066640068} logZ_max= nan obs_max= 6.153149768677135e-31
dist_min= tensor(2587.8835) dist_max= tensor(10.3957)
params_min,params_max=params_min,params_new
evaluating model at params_new={'a1': 1.3856406460551018, 'a2': 1.460593486680443, 'a3': 4.639841056644066}
params_min= {'a1': 1.3856406460551018, 'a2': 1.460593486680443, 'a3': 4.639841053312065} logZ_min= 3.2010691160308986 obs_min= 2.334018386088368e-31
params_new= {'a1': 1.3856406460551018, 'a2': 1.460593486680443, 'a3': 4.639841056644066} logZ_new= 3.2015026898982106 obs_new= 5.248177415970252e-35
params_max= {'a1': 1.3856406460551018, 'a2': 1.460593486680443, 'a3': 4.639841059976066} logZ_max= 3.201359173884376 obs_max= 4.766223553121019e-36
dist_min= tensor(2587.7699) dist_max= tensor(0.2298)
params_min,params_max=params_min,params_new
evaluating model at params_new={'a1': 1.3856406460551018, 'a2': 1.460593486680443, 'a3': 4.639841054978065}
params_min= {'a1': 1.3856406460551018, 'a2': 1.460593486680443, 'a3': 4.639841053312065} logZ_min= 3.2010691160308986 obs_min= 2.334018386088368e-31
params_new= {'a1': 1.3856406460551018, 'a2': 1.460593486680443, 'a3': 4.639841054978065} logZ_new= 3.2014464626078856 obs_new= 6.152243092226216e-35
params_max= {'a1': 1.3856406460551018, 'a2': 1.460593486680443, 'a3': 4.639841056644066} logZ_max= 3.2015026898982106 obs_max= 5.248177415970252e-35
dist_min= tensor(2587.7161) dist_max= tensor(0.1529)
params_min,params_max=params_min,params_new
evaluating model at params_new={'a1': 1.3856406460551018, 'a2': 1.460593486680443, 'a3': 4.639841054145065}
params_min= {'a1': 1.3856406460551018, 'a2': 1.460593486680443, 'a3': 4.639841053312065} logZ_min= 3.2010691160308986 obs_min= 2.334018386088368e-31
params_new= {'a1': 1.3856406460551018, 'a2': 1.460593486680443, 'a3': 4.639841054145065} logZ_new= 3.2013955444062447 obs_new= 5.92474635366539e-32
params_max= {'a1': 1.3856406460551018, 'a2': 1.460593486680443, 'a3': 4.639841054978065} logZ_max= 3.2014464626078856 obs_max= 6.152243092226216e-35
dist_min= tensor(2587.8113) dist_max= tensor(0.4240)
params_min,params_max=params_min,params_new
evaluating model at params_new={'a1': 1.3856406460551018, 'a2': 1.460593486680443, 'a3': 4.639841053728565}
params_min= {'a1': 1.3856406460551018, 'a2': 1.460593486680443, 'a3': 4.639841053312065} logZ_min= 3.2010691160308986 obs_min= 2.334018386088368e-31
params_new= {'a1': 1.3856406460551018, 'a2': 1.460593486680443, 'a3': 4.639841053728565} logZ_new= nan obs_new= 1.1031867642014601e-31
params_max= {'a1': 1.3856406460551018, 'a2': 1.460593486680443, 'a3': 4.639841054145065} logZ_max= 3.2013955444062447 obs_max= 5.92474635366539e-32
dist_min= tensor(2587.4932) dist_max= tensor(0.4874)
params_min,params_max=params_min,params_new
evaluating model at params_new={'a1': 1.3856406460551018, 'a2': 1.460593486680443, 'a3': 4.639841053520315}
params_min= {'a1': 1.3856406460551018, 'a2': 1.460593486680443, 'a3': 4.639841053312065} logZ_min= 3.2010691160308986 obs_min= 2.334018386088368e-31
params_new= {'a1': 1.3856406460551018, 'a2': 1.460593486680443, 'a3': 4.639841053520315} logZ_new= 3.201387604600613 obs_new= 1.3385768704103445e-32
params_max= {'a1': 1.3856406460551018, 'a2': 1.460593486680443, 'a3': 4.639841053728565} logZ_max= nan obs_max= 1.1031867642014601e-31
dist_min= tensor(2587.8360) dist_max= tensor(0.4574)
params_min,params_max=params_min,params_new
evaluating model at params_new={'a1': 1.3856406460551018, 'a2': 1.460593486680443, 'a3': 4.639841053416189}
params_min= {'a1': 1.3856406460551018, 'a2': 1.460593486680443, 'a3': 4.639841053312065} logZ_min= 3.2010691160308986 obs_min= 2.334018386088368e-31
params_new= {'a1': 1.3856406460551018, 'a2': 1.460593486680443, 'a3': 4.639841053416189} logZ_new= 3.2014064543918432 obs_new= 3.440561192716715e-33
params_max= {'a1': 1.3856406460551018, 'a2': 1.460593486680443, 'a3': 4.639841053520315} logZ_max= 3.201387604600613 obs_max= 1.3385768704103445e-32
dist_min= tensor(2587.7637) dist_max= tensor(0.0833)
params_min,params_max=params_min,params_new
evaluating model at params_new={'a1': 1.3856406460551018, 'a2': 1.460593486680443, 'a3': 4.639841053364127}
params_min= {'a1': 1.3856406460551018, 'a2': 1.460593486680443, 'a3': 4.639841053312065} logZ_min= 3.2010691160308986 obs_min= 2.334018386088368e-31
params_new= {'a1': 1.3856406460551018, 'a2': 1.460593486680443, 'a3': 4.639841053364127} logZ_new= 3.2013428943244264 obs_new= 1.44319722405073e-31
params_max= {'a1': 1.3856406460551018, 'a2': 1.460593486680443, 'a3': 4.639841053416189} logZ_max= 3.2014064543918432 obs_max= 3.440561192716715e-33
dist_min= tensor(2587.2424) dist_max= tensor(1.8130)
params_min,params_max=params_min,params_new
evaluating model at params_new={'a1': 1.3856406460551018, 'a2': 1.460593486680443, 'a3': 4.639841053338095}
params_min= {'a1': 1.3856406460551018, 'a2': 1.460593486680443, 'a3': 4.639841053312065} logZ_min= 3.2010691160308986 obs_min= 2.334018386088368e-31
params_new= {'a1': 1.3856406460551018, 'a2': 1.460593486680443, 'a3': 4.639841053338095} logZ_new= nan obs_new= 1.4485534397745607e-31
params_max= {'a1': 1.3856406460551018, 'a2': 1.460593486680443, 'a3': 4.639841053364127} logZ_max= 3.2013428943244264 obs_max= 1.44319722405073e-31
dist_min= tensor(2587.4746) dist_max= tensor(1.7452)
params_min,params_max=params_min,params_new
evaluating model at params_new={'a1': 1.3856406460551018, 'a2': 1.460593486680443, 'a3': 4.63984105332508}
params_min= {'a1': 1.3856406460551018, 'a2': 1.460593486680443, 'a3': 4.639841053312065} logZ_min= 3.2010691160308986 obs_min= 2.334018386088368e-31
params_new= {'a1': 1.3856406460551018, 'a2': 1.460593486680443, 'a3': 4.63984105332508} logZ_new= 3.201396550004585 obs_new= 4.1828951565564216e-31
params_max= {'a1': 1.3856406460551018, 'a2': 1.460593486680443, 'a3': 4.639841053338095} logZ_max= nan obs_max= 1.4485534397745607e-31
dist_min= tensor(2587.7569) dist_max= tensor(4.5585)
params_min,params_max=params_min,params_new
evaluating model at params_new={'a1': 1.3856406460551018, 'a2': 1.460593486680443, 'a3': 4.639841053318572}
params_min= {'a1': 1.3856406460551018, 'a2': 1.460593486680443, 'a3': 4.639841053312065} logZ_min= 3.2010691160308986 obs_min= 2.334018386088368e-31
params_new= {'a1': 1.3856406460551018, 'a2': 1.460593486680443, 'a3': 4.639841053318572} logZ_new= 3.201503295207033 obs_new= 1.7712991632706385e-34
params_max= {'a1': 1.3856406460551018, 'a2': 1.460593486680443, 'a3': 4.63984105332508} logZ_max= 3.201396550004585 obs_max= 4.1828951565564216e-31
dist_min= tensor(2587.7484) dist_max= tensor(4.5862)
params_min,params_max=params_min,params_new
evaluating model at params_new={'a1': 1.3856406460551018, 'a2': 1.460593486680443, 'a3': 4.639841053315319}
params_min= {'a1': 1.3856406460551018, 'a2': 1.460593486680443, 'a3': 4.639841053312065} logZ_min= 3.2010691160308986 obs_min= 2.334018386088368e-31
params_new= {'a1': 1.3856406460551018, 'a2': 1.460593486680443, 'a3': 4.639841053315319} logZ_new= nan obs_new= 5.436421111999764e-31
params_max= {'a1': 1.3856406460551018, 'a2': 1.460593486680443, 'a3': 4.639841053318572} logZ_max= 3.201503295207033 obs_max= 1.7712991632706385e-34
dist_min= tensor(2585.6029) dist_max= tensor(2.1615)
params_min,params_max=params_min,params_new
evaluating model at params_new={'a1': 1.3856406460551018, 'a2': 1.460593486680443, 'a3': 4.639841053313692}
params_min= {'a1': 1.3856406460551018, 'a2': 1.460593486680443, 'a3': 4.639841053312065} logZ_min= 3.2010691160308986 obs_min= 2.334018386088368e-31
params_new= {'a1': 1.3856406460551018, 'a2': 1.460593486680443, 'a3': 4.639841053313692} logZ_new= 3.2013785570301256 obs_new= 7.673252447513586e-33
params_max= {'a1': 1.3856406460551018, 'a2': 1.460593486680443, 'a3': 4.639841053315319} logZ_max= nan obs_max= 5.436421111999764e-31
dist_min= tensor(2587.2423) dist_max= tensor(2.1207)
params_min,params_max=params_min,params_new
evaluating model at params_new={'a1': 1.3856406460551018, 'a2': 1.460593486680443, 'a3': 4.639841053312878}
params_min= {'a1': 1.3856406460551018, 'a2': 1.460593486680443, 'a3': 4.639841053312065} logZ_min= 3.2010691160308986 obs_min= 2.334018386088368e-31
params_new= {'a1': 1.3856406460551018, 'a2': 1.460593486680443, 'a3': 4.639841053312878} logZ_new= nan obs_new= 6.171706070051313e-35
params_max= {'a1': 1.3856406460551018, 'a2': 1.460593486680443, 'a3': 4.639841053313692} logZ_max= 3.2013785570301256 obs_max= 7.673252447513586e-33
dist_min= tensor(2587.0263) dist_max= tensor(1.6064)
params_min,params_max=params_min,params_new
evaluating model at params_new={'a1': 1.3856406460551018, 'a2': 1.460593486680443, 'a3': 4.639841053312471}
params_min= {'a1': 1.3856406460551018, 'a2': 1.460593486680443, 'a3': 4.639841053312065} logZ_min= 3.2010691160308986 obs_min= 2.334018386088368e-31
params_new= {'a1': 1.3856406460551018, 'a2': 1.460593486680443, 'a3': 4.639841053312471} logZ_new= 3.201491378221311 obs_new= 4.345080806224422e-31
params_max= {'a1': 1.3856406460551018, 'a2': 1.460593486680443, 'a3': 4.639841053312878} logZ_max= nan obs_max= 6.171706070051313e-35
dist_min= tensor(2587.2516) dist_max= tensor(0.7427)
params_min,params_max=params_min,params_new
evaluating model at params_new={'a1': 1.3856406460551018, 'a2': 1.460593486680443, 'a3': 4.639841053312268}
params_min= {'a1': 1.3856406460551018, 'a2': 1.460593486680443, 'a3': 4.639841053312065} logZ_min= 3.2010691160308986 obs_min= 2.334018386088368e-31
params_new= {'a1': 1.3856406460551018, 'a2': 1.460593486680443, 'a3': 4.639841053312268} logZ_new= nan obs_new= 3.9537693304957494e-32
params_max= {'a1': 1.3856406460551018, 'a2': 1.460593486680443, 'a3': 4.639841053312471} logZ_max= 3.201491378221311 obs_max= 4.345080806224422e-31
dist_min= tensor(2587.5071) dist_max= tensor(0.5479)
params_min,params_max=params_min,params_new
evaluating model at params_new={'a1': 1.3856406460551018, 'a2': 1.460593486680443, 'a3': 4.639841053312166}
params_min= {'a1': 1.3856406460551018, 'a2': 1.460593486680443, 'a3': 4.639841053312065} logZ_min= 3.2010691160308986 obs_min= 2.334018386088368e-31
params_new= {'a1': 1.3856406460551018, 'a2': 1.460593486680443, 'a3': 4.639841053312166} logZ_new= nan obs_new= 5.202478517066671e-33
params_max= {'a1': 1.3856406460551018, 'a2': 1.460593486680443, 'a3': 4.639841053312268} logZ_max= nan obs_max= 3.9537693304957494e-32
dist_min= tensor(2584.3350) dist_max= tensor(3.8554)
params_min,params_max=params_min,params_new
evaluating model at params_new={'a1': 1.3856406460551018, 'a2': 1.460593486680443, 'a3': 4.639841053312115}
params_min= {'a1': 1.3856406460551018, 'a2': 1.460593486680443, 'a3': 4.639841053312065} logZ_min= 3.2010691160308986 obs_min= 2.334018386088368e-31
params_new= {'a1': 1.3856406460551018, 'a2': 1.460593486680443, 'a3': 4.639841053312115} logZ_new= 3.2011653464713508 obs_new= 1.2710856390170928e-34
params_max= {'a1': 1.3856406460551018, 'a2': 1.460593486680443, 'a3': 4.639841053312166} logZ_max= nan obs_max= 5.202478517066671e-33
dist_min= tensor(2587.8879) dist_max= tensor(4.2290)
params_min,params_max=params_min,params_new
evaluating model at params_new={'a1': 1.3856406460551018, 'a2': 1.460593486680443, 'a3': 4.6398410533120895}
params_min= {'a1': 1.3856406460551018, 'a2': 1.460593486680443, 'a3': 4.639841053312065} logZ_min= 3.2010691160308986 obs_min= 2.334018386088368e-31
params_new= {'a1': 1.3856406460551018, 'a2': 1.460593486680443, 'a3': 4.6398410533120895} logZ_new= 3.201444292038528 obs_new= 1.2182069004006598e-32
params_max= {'a1': 1.3856406460551018, 'a2': 1.460593486680443, 'a3': 4.639841053312115} logZ_max= 3.2011653464713508 obs_max= 1.2710856390170928e-34
dist_min= tensor(2587.8305) dist_max= tensor(0.3614)
params_min,params_max=params_min,params_new
evaluating model at params_new={'a1': 1.3856406460551018, 'a2': 1.460593486680443, 'a3': 4.639841053312077}
params_min= {'a1': 1.3856406460551018, 'a2': 1.460593486680443, 'a3': 4.639841053312065} logZ_min= 3.2010691160308986 obs_min= 2.334018386088368e-31
params_new= {'a1': 1.3856406460551018, 'a2': 1.460593486680443, 'a3': 4.639841053312077} logZ_new= nan obs_new= 2.0216685847244647e-32
params_max= {'a1': 1.3856406460551018, 'a2': 1.460593486680443, 'a3': 4.6398410533120895} logZ_max= 3.201444292038528 obs_max= 1.2182069004006598e-32
dist_min= tensor(2445.6715) dist_max= tensor(142.1593)
params_min,params_max=params_min,params_new
evaluating model at params_new={'a1': 1.3856406460551018, 'a2': 1.460593486680443, 'a3': 4.639841053312071}
params_min= {'a1': 1.3856406460551018, 'a2': 1.460593486680443, 'a3': 4.639841053312065} logZ_min= 3.2010691160308986 obs_min= 2.334018386088368e-31
params_new= {'a1': 1.3856406460551018, 'a2': 1.460593486680443, 'a3': 4.639841053312071} logZ_new= 3.2013939252034693 obs_new= 3.860853324307079e-31
params_max= {'a1': 1.3856406460551018, 'a2': 1.460593486680443, 'a3': 4.639841053312077} logZ_max= nan obs_max= 2.0216685847244647e-32
dist_min= tensor(2587.8598) dist_max= tensor(142.1887)
params_min,params_max=params_min,params_new
evaluating model at params_new={'a1': 1.3856406460551018, 'a2': 1.460593486680443, 'a3': 4.639841053312068}
params_min= {'a1': 1.3856406460551018, 'a2': 1.460593486680443, 'a3': 4.639841053312065} logZ_min= 3.2010691160308986 obs_min= 2.334018386088368e-31
params_new= {'a1': 1.3856406460551018, 'a2': 1.460593486680443, 'a3': 4.639841053312068} logZ_new= 3.201397291179801 obs_new= 1.736428495992536e-33
params_max= {'a1': 1.3856406460551018, 'a2': 1.460593486680443, 'a3': 4.639841053312071} logZ_max= 3.2013939252034693 obs_max= 3.860853324307079e-31
dist_min= tensor(2587.6548) dist_max= tensor(0.2319)
params_min,params_max=params_min,params_new
evaluating model at params_new={'a1': 1.3856406460551018, 'a2': 1.460593486680443, 'a3': 4.639841053312066}
params_min= {'a1': 1.3856406460551018, 'a2': 1.460593486680443, 'a3': 4.639841053312065} logZ_min= 3.2010691160308986 obs_min= 2.334018386088368e-31
params_new= {'a1': 1.3856406460551018, 'a2': 1.460593486680443, 'a3': 4.639841053312066} logZ_new= nan obs_new= 5.34284325676356e-32
params_max= {'a1': 1.3856406460551018, 'a2': 1.460593486680443, 'a3': 4.639841053312068} logZ_max= 3.201397291179801 obs_max= 1.736428495992536e-33
dist_min= tensor(2587.5226) dist_max= tensor(0.2146)
params_min,params_max=params_min,params_new
evaluating model at params_new={'a1': 1.3856406460551018, 'a2': 1.460593486680443, 'a3': 4.6398410533120655}
params_min= {'a1': 1.3856406460551018, 'a2': 1.460593486680443, 'a3': 4.639841053312065} logZ_min= 3.2010691160308986 obs_min= 2.334018386088368e-31
params_new= {'a1': 1.3856406460551018, 'a2': 1.460593486680443, 'a3': 4.6398410533120655} logZ_new= nan obs_new= 5.557660066944177e-31
params_max= {'a1': 1.3856406460551018, 'a2': 1.460593486680443, 'a3': 4.639841053312066} logZ_max= nan obs_max= 5.34284325676356e-32
dist_min= tensor(2587.4605) dist_max= tensor(1.7679)
params_min,params_max=params_min,params_new
critical params found:  {'a1': 1.3856406460551018, 'a2': 1.460593486680443, 'a3': 4.639841053312065}
reference params:  {'a1': 1.1547005383792515, 'a2': 1.8257418583505538, 'a3': 4.47213595499958}
file saved to  data/AKLT3D_X10_scan_grid_critical_a3/a1_1.3856406_a2_1.4605935/Tc.json
