Start running find_critical_temp.py with options:{'filename': 'data/AKLT3D_X10_scan_grid_critical_a3/a1_1.1547005_a2_2.1908902/Tc.json', 'log_filename': 'data/AKLT3D_X10_scan_grid_critical_a3/a1_1.1547005_a2_2.1908902/Tc.log', 'nLayers': 60, 'max_dim': 10, 'model': 'AKLT3D', 'params_min': "{'a1': 1.1547005383792517, 'a2': 2.1908902300206647, 'a3': 3.577708763999664}", 'params_max': "{'a1': 1.1547005383792517, 'a2': 2.1908902300206647, 'a3': 4.47213595499958}", 'params_ref': None, 'observable_name': 'magnetizationZ', 'tol': 0.0, 'gilt_enabled': False, 'gilt_eps': 8e-07, 'gilt_nIter': 1, 'mcf_enabled': True, 'mcf_eps': 1e-16, 'mcf_max_iter': 200, 'hotrg_sanity_check': False, 'version': 1, 'device': 'cuda:1'}
loading library...
evaluating model at params_min={'a1': 1.1547005383792517, 'a2': 2.1908902300206647, 'a3': 3.577708763999664}
params_min= {'a1': 1.1547005383792517, 'a2': 2.1908902300206647, 'a3': 3.577708763999664} logZ_min= 3.1770367071203056 obs_min= 6.878505745561314e-31
evaluating model at params_max={'a1': 1.1547005383792517, 'a2': 2.1908902300206647, 'a3': 4.47213595499958}
params_max= {'a1': 1.1547005383792517, 'a2': 2.1908902300206647, 'a3': 4.47213595499958} logZ_max= nan obs_max= 2.8407587369686254
searching for critical temperature using bisection method
evaluating model at params_new={'a1': 1.1547005383792517, 'a2': 2.1908902300206647, 'a3': 4.024922359499621}
params_min= {'a1': 1.1547005383792517, 'a2': 2.1908902300206647, 'a3': 3.577708763999664} logZ_min= 3.1770367071203056 obs_min= 6.878505745561314e-31
params_new= {'a1': 1.1547005383792517, 'a2': 2.1908902300206647, 'a3': 4.024922359499621} logZ_new= 3.1955910503864406 obs_new= 0.8988129144449654
params_max= {'a1': 1.1547005383792517, 'a2': 2.1908902300206647, 'a3': 4.47213595499958} logZ_max= nan obs_max= 2.8407587369686254
dist_min= tensor(73.7704) dist_max= tensor(14.5964)
params_min,params_max=params_min,params_new
evaluating model at params_new={'a1': 1.1547005383792517, 'a2': 2.1908902300206647, 'a3': 3.8013155617496426}
params_min= {'a1': 1.1547005383792517, 'a2': 2.1908902300206647, 'a3': 3.577708763999664} logZ_min= 3.1770367071203056 obs_min= 6.878505745561314e-31
params_new= {'a1': 1.1547005383792517, 'a2': 2.1908902300206647, 'a3': 3.8013155617496426} logZ_new= 3.1831146801383765 obs_new= 6.146030268873268e-31
params_max= {'a1': 1.1547005383792517, 'a2': 2.1908902300206647, 'a3': 4.024922359499621} logZ_max= 3.1955910503864406 obs_max= 0.8988129144449654
dist_min= tensor(1139.2217) dist_max= tensor(1136.5143)
params_min,params_max=params_min,params_new
evaluating model at params_new={'a1': 1.1547005383792517, 'a2': 2.1908902300206647, 'a3': 3.689512162874653}
params_min= {'a1': 1.1547005383792517, 'a2': 2.1908902300206647, 'a3': 3.577708763999664} logZ_min= 3.1770367071203056 obs_min= 6.878505745561314e-31
params_new= {'a1': 1.1547005383792517, 'a2': 2.1908902300206647, 'a3': 3.689512162874653} logZ_new= 3.1801599428698846 obs_new= 5.474329732085372e-31
params_max= {'a1': 1.1547005383792517, 'a2': 2.1908902300206647, 'a3': 3.8013155617496426} logZ_max= 3.1831146801383765 obs_max= 6.146030268873268e-31
dist_min= tensor(68.7263) dist_max= tensor(1137.0692)
params_min,params_max=params_new,params_max
evaluating model at params_new={'a1': 1.1547005383792517, 'a2': 2.1908902300206647, 'a3': 3.745413862312148}
params_min= {'a1': 1.1547005383792517, 'a2': 2.1908902300206647, 'a3': 3.689512162874653} logZ_min= 3.1801599428698846 obs_min= 5.474329732085372e-31
params_new= {'a1': 1.1547005383792517, 'a2': 2.1908902300206647, 'a3': 3.745413862312148} logZ_new= nan obs_new= 2.1333371105238642e-30
params_max= {'a1': 1.1547005383792517, 'a2': 2.1908902300206647, 'a3': 3.8013155617496426} logZ_max= 3.1831146801383765 obs_max= 6.146030268873268e-31
dist_min= tensor(21.4626) dist_max= tensor(1136.7955)
params_min,params_max=params_new,params_max
evaluating model at params_new={'a1': 1.1547005383792517, 'a2': 2.1908902300206647, 'a3': 3.7733647120308955}
params_min= {'a1': 1.1547005383792517, 'a2': 2.1908902300206647, 'a3': 3.745413862312148} logZ_min= nan obs_min= 2.1333371105238642e-30
params_new= {'a1': 1.1547005383792517, 'a2': 2.1908902300206647, 'a3': 3.7733647120308955} logZ_new= nan obs_new= 6.3406964730641435e-31
params_max= {'a1': 1.1547005383792517, 'a2': 2.1908902300206647, 'a3': 3.8013155617496426} logZ_max= 3.1831146801383765 obs_max= 6.146030268873268e-31
dist_min= tensor(19.2318) dist_max= tensor(1136.9089)
params_min,params_max=params_new,params_max
evaluating model at params_new={'a1': 1.1547005383792517, 'a2': 2.1908902300206647, 'a3': 3.7873401368902693}
params_min= {'a1': 1.1547005383792517, 'a2': 2.1908902300206647, 'a3': 3.7733647120308955} logZ_min= nan obs_min= 6.3406964730641435e-31
params_new= {'a1': 1.1547005383792517, 'a2': 2.1908902300206647, 'a3': 3.7873401368902693} logZ_new= nan obs_new= 3.156478315426152e-31
params_max= {'a1': 1.1547005383792517, 'a2': 2.1908902300206647, 'a3': 3.8013155617496426} logZ_max= 3.1831146801383765 obs_max= 6.146030268873268e-31
dist_min= tensor(20.0383) dist_max= tensor(1137.1443)
params_min,params_max=params_new,params_max
evaluating model at params_new={'a1': 1.1547005383792517, 'a2': 2.1908902300206647, 'a3': 3.7943278493199557}
params_min= {'a1': 1.1547005383792517, 'a2': 2.1908902300206647, 'a3': 3.7873401368902693} logZ_min= nan obs_min= 3.156478315426152e-31
params_new= {'a1': 1.1547005383792517, 'a2': 2.1908902300206647, 'a3': 3.7943278493199557} logZ_new= 3.1829140700558236 obs_new= 5.970236796579768e-33
params_max= {'a1': 1.1547005383792517, 'a2': 2.1908902300206647, 'a3': 3.8013155617496426} logZ_max= 3.1831146801383765 obs_max= 6.146030268873268e-31
dist_min= tensor(20.3278) dist_max= tensor(1137.0757)
params_min,params_max=params_new,params_max
evaluating model at params_new={'a1': 1.1547005383792517, 'a2': 2.1908902300206647, 'a3': 3.7978217055347994}
params_min= {'a1': 1.1547005383792517, 'a2': 2.1908902300206647, 'a3': 3.7943278493199557} logZ_min= 3.1829140700558236 obs_min= 5.970236796579768e-33
params_new= {'a1': 1.1547005383792517, 'a2': 2.1908902300206647, 'a3': 3.7978217055347994} logZ_new= nan obs_new= 1.155028795252142e-31
params_max= {'a1': 1.1547005383792517, 'a2': 2.1908902300206647, 'a3': 3.8013155617496426} logZ_max= 3.1831146801383765 obs_max= 6.146030268873268e-31
dist_min= tensor(0.7063) dist_max= tensor(1136.9898)
params_min,params_max=params_new,params_max
evaluating model at params_new={'a1': 1.1547005383792517, 'a2': 2.1908902300206647, 'a3': 3.799568633642221}
params_min= {'a1': 1.1547005383792517, 'a2': 2.1908902300206647, 'a3': 3.7978217055347994} logZ_min= nan obs_min= 1.155028795252142e-31
params_new= {'a1': 1.1547005383792517, 'a2': 2.1908902300206647, 'a3': 3.799568633642221} logZ_new= 3.1830612832459653 obs_new= 7.653957617392663e-31
params_max= {'a1': 1.1547005383792517, 'a2': 2.1908902300206647, 'a3': 3.8013155617496426} logZ_max= 3.1831146801383765 obs_max= 6.146030268873268e-31
dist_min= tensor(101170.9183) dist_max= tensor(101177.2183)
params_min,params_max=params_new,params_max
evaluating model at params_new={'a1': 1.1547005383792517, 'a2': 2.1908902300206647, 'a3': 3.8004420976959317}
params_min= {'a1': 1.1547005383792517, 'a2': 2.1908902300206647, 'a3': 3.799568633642221} logZ_min= 3.1830612832459653 obs_min= 7.653957617392663e-31
params_new= {'a1': 1.1547005383792517, 'a2': 2.1908902300206647, 'a3': 3.8004420976959317} logZ_new= 3.1830898817844133 obs_new= 2.162407006046773e-31
params_max= {'a1': 1.1547005383792517, 'a2': 2.1908902300206647, 'a3': 3.8013155617496426} logZ_max= 3.1831146801383765 obs_max= 6.146030268873268e-31
dist_min= tensor(101170.7309) dist_max= tensor(1133.4066)
params_min,params_max=params_min,params_new
evaluating model at params_new={'a1': 1.1547005383792517, 'a2': 2.1908902300206647, 'a3': 3.8000053656690764}
params_min= {'a1': 1.1547005383792517, 'a2': 2.1908902300206647, 'a3': 3.799568633642221} logZ_min= 3.1830612832459653 obs_min= 7.653957617392663e-31
params_new= {'a1': 1.1547005383792517, 'a2': 2.1908902300206647, 'a3': 3.8000053656690764} logZ_new= 3.1830308643622214 obs_new= 7.590609314476774e-30
params_max= {'a1': 1.1547005383792517, 'a2': 2.1908902300206647, 'a3': 3.8004420976959317} logZ_max= 3.1830898817844133 obs_max= 2.162407006046773e-31
dist_min= tensor(101089.9123) dist_max= tensor(81.1095)
params_min,params_max=params_min,params_new
evaluating model at params_new={'a1': 1.1547005383792517, 'a2': 2.1908902300206647, 'a3': 3.799786999655649}
params_min= {'a1': 1.1547005383792517, 'a2': 2.1908902300206647, 'a3': 3.799568633642221} logZ_min= 3.1830612832459653 obs_min= 7.653957617392663e-31
params_new= {'a1': 1.1547005383792517, 'a2': 2.1908902300206647, 'a3': 3.799786999655649} logZ_new= 3.1830695324445144 obs_new= 1.5402331072450937e-31
params_max= {'a1': 1.1547005383792517, 'a2': 2.1908902300206647, 'a3': 3.8000053656690764} logZ_max= 3.1830308643622214 obs_max= 7.590609314476774e-30
dist_min= tensor(101170.9753) dist_max= tensor(135.1260)
params_min,params_max=params_min,params_new
evaluating model at params_new={'a1': 1.1547005383792517, 'a2': 2.1908902300206647, 'a3': 3.799677816648935}
params_min= {'a1': 1.1547005383792517, 'a2': 2.1908902300206647, 'a3': 3.799568633642221} logZ_min= 3.1830612832459653 obs_min= 7.653957617392663e-31
params_new= {'a1': 1.1547005383792517, 'a2': 2.1908902300206647, 'a3': 3.799677816648935} logZ_new= 3.1830667107876844 obs_new= 4.516680545231686e-31
params_max= {'a1': 1.1547005383792517, 'a2': 2.1908902300206647, 'a3': 3.799786999655649} logZ_max= 3.1830695324445144 obs_max= 1.5402331072450937e-31
dist_min= tensor(101170.9158) dist_max= tensor(108.3811)
params_min,params_max=params_min,params_new
evaluating model at params_new={'a1': 1.1547005383792517, 'a2': 2.1908902300206647, 'a3': 3.799623225145578}
params_min= {'a1': 1.1547005383792517, 'a2': 2.1908902300206647, 'a3': 3.799568633642221} logZ_min= 3.1830612832459653 obs_min= 7.653957617392663e-31
params_new= {'a1': 1.1547005383792517, 'a2': 2.1908902300206647, 'a3': 3.799623225145578} logZ_new= 3.1830665869017523 obs_new= 1.101468982435383e-30
params_max= {'a1': 1.1547005383792517, 'a2': 2.1908902300206647, 'a3': 3.799677816648935} logZ_max= 3.1830667107876844 obs_max= 4.516680545231686e-31
dist_min= tensor(101170.9207) dist_max= tensor(0.2159)
params_min,params_max=params_min,params_new
evaluating model at params_new={'a1': 1.1547005383792517, 'a2': 2.1908902300206647, 'a3': 3.7995959293938997}
params_min= {'a1': 1.1547005383792517, 'a2': 2.1908902300206647, 'a3': 3.799568633642221} logZ_min= 3.1830612832459653 obs_min= 7.653957617392663e-31
params_new= {'a1': 1.1547005383792517, 'a2': 2.1908902300206647, 'a3': 3.7995959293938997} logZ_new= 3.1830648005276205 obs_new= 4.816474482565712e-31
params_max= {'a1': 1.1547005383792517, 'a2': 2.1908902300206647, 'a3': 3.799623225145578} logZ_max= 3.1830665869017523 obs_max= 1.101468982435383e-30
dist_min= tensor(101156.4798) dist_max= tensor(14.4490)
params_min,params_max=params_min,params_new
evaluating model at params_new={'a1': 1.1547005383792517, 'a2': 2.1908902300206647, 'a3': 3.7995822815180604}
params_min= {'a1': 1.1547005383792517, 'a2': 2.1908902300206647, 'a3': 3.799568633642221} logZ_min= 3.1830612832459653 obs_min= 7.653957617392663e-31
params_new= {'a1': 1.1547005383792517, 'a2': 2.1908902300206647, 'a3': 3.7995822815180604} logZ_new= nan obs_new= 2.793283841109963e-31
params_max= {'a1': 1.1547005383792517, 'a2': 2.1908902300206647, 'a3': 3.7995959293938997} logZ_max= 3.1830648005276205 obs_max= 4.816474482565712e-31
dist_min= tensor(101170.8814) dist_max= tensor(15.1941)
params_min,params_max=params_min,params_new
evaluating model at params_new={'a1': 1.1547005383792517, 'a2': 2.1908902300206647, 'a3': 3.799575457580141}
params_min= {'a1': 1.1547005383792517, 'a2': 2.1908902300206647, 'a3': 3.799568633642221} logZ_min= 3.1830612832459653 obs_min= 7.653957617392663e-31
params_new= {'a1': 1.1547005383792517, 'a2': 2.1908902300206647, 'a3': 3.799575457580141} logZ_new= 3.183058782764115 obs_new= 2.6343471945837654e-30
params_max= {'a1': 1.1547005383792517, 'a2': 2.1908902300206647, 'a3': 3.7995822815180604} logZ_max= nan obs_max= 2.793283841109963e-31
dist_min= tensor(101170.6430) dist_max= tensor(28.7479)
params_min,params_max=params_min,params_new
evaluating model at params_new={'a1': 1.1547005383792517, 'a2': 2.1908902300206647, 'a3': 3.799572045611181}
params_min= {'a1': 1.1547005383792517, 'a2': 2.1908902300206647, 'a3': 3.799568633642221} logZ_min= 3.1830612832459653 obs_min= 7.653957617392663e-31
params_new= {'a1': 1.1547005383792517, 'a2': 2.1908902300206647, 'a3': 3.799572045611181} logZ_new= nan obs_new= 8.503085614223438e-35
params_max= {'a1': 1.1547005383792517, 'a2': 2.1908902300206647, 'a3': 3.799575457580141} logZ_max= 3.183058782764115 obs_max= 2.6343471945837654e-30
dist_min= tensor(101170.8571) dist_max= tensor(29.8385)
params_min,params_max=params_min,params_new
evaluating model at params_new={'a1': 1.1547005383792517, 'a2': 2.1908902300206647, 'a3': 3.799570339626701}
params_min= {'a1': 1.1547005383792517, 'a2': 2.1908902300206647, 'a3': 3.799568633642221} logZ_min= 3.1830612832459653 obs_min= 7.653957617392663e-31
params_new= {'a1': 1.1547005383792517, 'a2': 2.1908902300206647, 'a3': 3.799570339626701} logZ_new= 3.1830044362885808 obs_new= 5.507006236001807e-32
params_max= {'a1': 1.1547005383792517, 'a2': 2.1908902300206647, 'a3': 3.799572045611181} logZ_max= nan obs_max= 8.503085614223438e-35
dist_min= tensor(101170.6988) dist_max= tensor(12.3814)
params_min,params_max=params_min,params_new
evaluating model at params_new={'a1': 1.1547005383792517, 'a2': 2.1908902300206647, 'a3': 3.799569486634461}
params_min= {'a1': 1.1547005383792517, 'a2': 2.1908902300206647, 'a3': 3.799568633642221} logZ_min= 3.1830612832459653 obs_min= 7.653957617392663e-31
params_new= {'a1': 1.1547005383792517, 'a2': 2.1908902300206647, 'a3': 3.799569486634461} logZ_new= nan obs_new= 2.3591496363586427e-33
params_max= {'a1': 1.1547005383792517, 'a2': 2.1908902300206647, 'a3': 3.799570339626701} logZ_max= 3.1830044362885808 obs_max= 5.507006236001807e-32
dist_min= tensor(101170.9032) dist_max= tensor(3.5968)
params_min,params_max=params_min,params_new
evaluating model at params_new={'a1': 1.1547005383792517, 'a2': 2.1908902300206647, 'a3': 3.7995690601383414}
params_min= {'a1': 1.1547005383792517, 'a2': 2.1908902300206647, 'a3': 3.799568633642221} logZ_min= 3.1830612832459653 obs_min= 7.653957617392663e-31
params_new= {'a1': 1.1547005383792517, 'a2': 2.1908902300206647, 'a3': 3.7995690601383414} logZ_new= 3.1830648853625374 obs_new= 3.628775827831851e-31
params_max= {'a1': 1.1547005383792517, 'a2': 2.1908902300206647, 'a3': 3.799569486634461} logZ_max= nan obs_max= 2.3591496363586427e-33
dist_min= tensor(101171.0720) dist_max= tensor(0.7254)
params_min,params_max=params_min,params_new
evaluating model at params_new={'a1': 1.1547005383792517, 'a2': 2.1908902300206647, 'a3': 3.7995688468902813}
params_min= {'a1': 1.1547005383792517, 'a2': 2.1908902300206647, 'a3': 3.799568633642221} logZ_min= 3.1830612832459653 obs_min= 7.653957617392663e-31
params_new= {'a1': 1.1547005383792517, 'a2': 2.1908902300206647, 'a3': 3.7995688468902813} logZ_new= nan obs_new= 2.3482355675308893e-30
params_max= {'a1': 1.1547005383792517, 'a2': 2.1908902300206647, 'a3': 3.7995690601383414} logZ_max= 3.1830648853625374 obs_max= 3.628775827831851e-31
dist_min= tensor(101170.2679) dist_max= tensor(1.5442)
params_min,params_max=params_min,params_new
evaluating model at params_new={'a1': 1.1547005383792517, 'a2': 2.1908902300206647, 'a3': 3.7995687402662512}
params_min= {'a1': 1.1547005383792517, 'a2': 2.1908902300206647, 'a3': 3.799568633642221} logZ_min= 3.1830612832459653 obs_min= 7.653957617392663e-31
params_new= {'a1': 1.1547005383792517, 'a2': 2.1908902300206647, 'a3': 3.7995687402662512} logZ_new= nan obs_new= 4.549391127298919e-33
params_max= {'a1': 1.1547005383792517, 'a2': 2.1908902300206647, 'a3': 3.7995688468902813} logZ_max= nan obs_max= 2.3482355675308893e-30
dist_min= tensor(101169.7982) dist_max= tensor(0.6588)
params_min,params_max=params_min,params_new
evaluating model at params_new={'a1': 1.1547005383792517, 'a2': 2.1908902300206647, 'a3': 3.7995686869542364}
params_min= {'a1': 1.1547005383792517, 'a2': 2.1908902300206647, 'a3': 3.799568633642221} logZ_min= 3.1830612832459653 obs_min= 7.653957617392663e-31
params_new= {'a1': 1.1547005383792517, 'a2': 2.1908902300206647, 'a3': 3.7995686869542364} logZ_new= 3.1830627229469886 obs_new= 9.743709816095107e-30
params_max= {'a1': 1.1547005383792517, 'a2': 2.1908902300206647, 'a3': 3.7995687402662512} logZ_max= nan obs_max= 4.549391127298919e-33
dist_min= tensor(101170.9648) dist_max= tensor(1.9859)
params_min,params_max=params_min,params_new
evaluating model at params_new={'a1': 1.1547005383792517, 'a2': 2.1908902300206647, 'a3': 3.799568660298229}
params_min= {'a1': 1.1547005383792517, 'a2': 2.1908902300206647, 'a3': 3.799568633642221} logZ_min= 3.1830612832459653 obs_min= 7.653957617392663e-31
params_new= {'a1': 1.1547005383792517, 'a2': 2.1908902300206647, 'a3': 3.799568660298229} logZ_new= nan obs_new= 7.867434254051303e-33
params_max= {'a1': 1.1547005383792517, 'a2': 2.1908902300206647, 'a3': 3.7995686869542364} logZ_max= 3.1830627229469886 obs_max= 9.743709816095107e-30
dist_min= tensor(101170.2851) dist_max= tensor(21.0132)
params_min,params_max=params_min,params_new
evaluating model at params_new={'a1': 1.1547005383792517, 'a2': 2.1908902300206647, 'a3': 3.799568646970225}
params_min= {'a1': 1.1547005383792517, 'a2': 2.1908902300206647, 'a3': 3.799568633642221} logZ_min= 3.1830612832459653 obs_min= 7.653957617392663e-31
params_new= {'a1': 1.1547005383792517, 'a2': 2.1908902300206647, 'a3': 3.799568646970225} logZ_new= 3.1830643878303415 obs_new= 3.6257681978756144e-31
params_max= {'a1': 1.1547005383792517, 'a2': 2.1908902300206647, 'a3': 3.799568660298229} logZ_max= nan obs_max= 7.867434254051303e-33
dist_min= tensor(101138.2990) dist_max= tensor(38.2768)
params_min,params_max=params_min,params_new
evaluating model at params_new={'a1': 1.1547005383792517, 'a2': 2.1908902300206647, 'a3': 3.799568640306223}
params_min= {'a1': 1.1547005383792517, 'a2': 2.1908902300206647, 'a3': 3.799568633642221} logZ_min= 3.1830612832459653 obs_min= 7.653957617392663e-31
params_new= {'a1': 1.1547005383792517, 'a2': 2.1908902300206647, 'a3': 3.799568640306223} logZ_new= nan obs_new= 2.8574957504431176e-31
params_max= {'a1': 1.1547005383792517, 'a2': 2.1908902300206647, 'a3': 3.799568646970225} logZ_max= 3.1830643878303415 obs_max= 3.6257681978756144e-31
dist_min= tensor(101170.7868) dist_max= tensor(32.5247)
params_min,params_max=params_min,params_new
evaluating model at params_new={'a1': 1.1547005383792517, 'a2': 2.1908902300206647, 'a3': 3.799568636974222}
params_min= {'a1': 1.1547005383792517, 'a2': 2.1908902300206647, 'a3': 3.799568633642221} logZ_min= 3.1830612832459653 obs_min= 7.653957617392663e-31
params_new= {'a1': 1.1547005383792517, 'a2': 2.1908902300206647, 'a3': 3.799568636974222} logZ_new= 3.1830120313275034 obs_new= 1.5756781656186036e-30
params_max= {'a1': 1.1547005383792517, 'a2': 2.1908902300206647, 'a3': 3.799568640306223} logZ_max= nan obs_max= 2.8574957504431176e-31
dist_min= tensor(101156.4003) dist_max= tensor(16.4696)
params_min,params_max=params_min,params_new
evaluating model at params_new={'a1': 1.1547005383792517, 'a2': 2.1908902300206647, 'a3': 3.799568635308222}
params_min= {'a1': 1.1547005383792517, 'a2': 2.1908902300206647, 'a3': 3.799568633642221} logZ_min= 3.1830612832459653 obs_min= 7.653957617392663e-31
params_new= {'a1': 1.1547005383792517, 'a2': 2.1908902300206647, 'a3': 3.799568635308222} logZ_new= 3.183059248763416 obs_new= 1.5526167802920312e-31
params_max= {'a1': 1.1547005383792517, 'a2': 2.1908902300206647, 'a3': 3.799568636974222} logZ_max= 3.1830120313275034 obs_max= 1.5756781656186036e-30
dist_min= tensor(101170.8023) dist_max= tensor(19.0403)
params_min,params_max=params_min,params_new
evaluating model at params_new={'a1': 1.1547005383792517, 'a2': 2.1908902300206647, 'a3': 3.7995686344752215}
params_min= {'a1': 1.1547005383792517, 'a2': 2.1908902300206647, 'a3': 3.799568633642221} logZ_min= 3.1830612832459653 obs_min= 7.653957617392663e-31
params_new= {'a1': 1.1547005383792517, 'a2': 2.1908902300206647, 'a3': 3.7995686344752215} logZ_new= nan obs_new= 6.14777556265747e-30
params_max= {'a1': 1.1547005383792517, 'a2': 2.1908902300206647, 'a3': 3.799568635308222} logZ_max= 3.183059248763416 obs_max= 1.5526167802920312e-31
dist_min= tensor(101171.0669) dist_max= tensor(9.5935)
params_min,params_max=params_min,params_new
evaluating model at params_new={'a1': 1.1547005383792517, 'a2': 2.1908902300206647, 'a3': 3.7995686340587214}
params_min= {'a1': 1.1547005383792517, 'a2': 2.1908902300206647, 'a3': 3.799568633642221} logZ_min= 3.1830612832459653 obs_min= 7.653957617392663e-31
params_new= {'a1': 1.1547005383792517, 'a2': 2.1908902300206647, 'a3': 3.7995686340587214} logZ_new= 3.1830469101001286 obs_new= 2.0799399854453624e-31
params_max= {'a1': 1.1547005383792517, 'a2': 2.1908902300206647, 'a3': 3.7995686344752215} logZ_max= nan obs_max= 6.14777556265747e-30
dist_min= tensor(101171.2158) dist_max= tensor(355.8037)
params_min,params_max=params_min,params_new
evaluating model at params_new={'a1': 1.1547005383792517, 'a2': 2.1908902300206647, 'a3': 3.7995686338504715}
params_min= {'a1': 1.1547005383792517, 'a2': 2.1908902300206647, 'a3': 3.799568633642221} logZ_min= 3.1830612832459653 obs_min= 7.653957617392663e-31
params_new= {'a1': 1.1547005383792517, 'a2': 2.1908902300206647, 'a3': 3.7995686338504715} logZ_new= 3.1830645172829777 obs_new= 2.52533161359886e-31
params_max= {'a1': 1.1547005383792517, 'a2': 2.1908902300206647, 'a3': 3.7995686340587214} logZ_max= 3.1830469101001286 obs_max= 2.0799399854453624e-31
dist_min= tensor(101170.3372) dist_max= tensor(350.3339)
params_min,params_max=params_min,params_new
evaluating model at params_new={'a1': 1.1547005383792517, 'a2': 2.1908902300206647, 'a3': 3.7995686337463463}
params_min= {'a1': 1.1547005383792517, 'a2': 2.1908902300206647, 'a3': 3.799568633642221} logZ_min= 3.1830612832459653 obs_min= 7.653957617392663e-31
params_new= {'a1': 1.1547005383792517, 'a2': 2.1908902300206647, 'a3': 3.7995686337463463} logZ_new= nan obs_new= 1.4696316170862522e-30
params_max= {'a1': 1.1547005383792517, 'a2': 2.1908902300206647, 'a3': 3.7995686338504715} logZ_max= 3.1830645172829777 obs_max= 2.52533161359886e-31
dist_min= tensor(101169.6669) dist_max= tensor(5.1818)
params_min,params_max=params_min,params_new
evaluating model at params_new={'a1': 1.1547005383792517, 'a2': 2.1908902300206647, 'a3': 3.7995686336942835}
params_min= {'a1': 1.1547005383792517, 'a2': 2.1908902300206647, 'a3': 3.799568633642221} logZ_min= 3.1830612832459653 obs_min= 7.653957617392663e-31
params_new= {'a1': 1.1547005383792517, 'a2': 2.1908902300206647, 'a3': 3.7995686336942835} logZ_new= nan obs_new= 2.2498283395509793e-30
params_max= {'a1': 1.1547005383792517, 'a2': 2.1908902300206647, 'a3': 3.7995686337463463} logZ_max= nan obs_max= 1.4696316170862522e-30
dist_min= tensor(101172.7907) dist_max= tensor(617.6156)
params_min,params_max=params_min,params_new
evaluating model at params_new={'a1': 1.1547005383792517, 'a2': 2.1908902300206647, 'a3': 3.7995686336682524}
params_min= {'a1': 1.1547005383792517, 'a2': 2.1908902300206647, 'a3': 3.799568633642221} logZ_min= 3.1830612832459653 obs_min= 7.653957617392663e-31
params_new= {'a1': 1.1547005383792517, 'a2': 2.1908902300206647, 'a3': 3.7995686336682524} logZ_new= 3.1830578458755245 obs_new= 2.1524343292724787e-29
params_max= {'a1': 1.1547005383792517, 'a2': 2.1908902300206647, 'a3': 3.7995686336942835} logZ_max= nan obs_max= 2.2498283395509793e-30
dist_min= tensor(101170.2854) dist_max= tensor(619.6782)
params_min,params_max=params_min,params_new
evaluating model at params_new={'a1': 1.1547005383792517, 'a2': 2.1908902300206647, 'a3': 3.7995686336552366}
params_min= {'a1': 1.1547005383792517, 'a2': 2.1908902300206647, 'a3': 3.799568633642221} logZ_min= 3.1830612832459653 obs_min= 7.653957617392663e-31
params_new= {'a1': 1.1547005383792517, 'a2': 2.1908902300206647, 'a3': 3.7995686336552366} logZ_new= 3.1830650231227886 obs_new= 3.536114785098523e-30
params_max= {'a1': 1.1547005383792517, 'a2': 2.1908902300206647, 'a3': 3.7995686336682524} logZ_max= 3.1830578458755245 obs_max= 2.1524343292724787e-29
dist_min= tensor(101055.3772) dist_max= tensor(114.9769)
params_min,params_max=params_min,params_new
evaluating model at params_new={'a1': 1.1547005383792517, 'a2': 2.1908902300206647, 'a3': 3.799568633648729}
params_min= {'a1': 1.1547005383792517, 'a2': 2.1908902300206647, 'a3': 3.799568633642221} logZ_min= 3.1830612832459653 obs_min= 7.653957617392663e-31
params_new= {'a1': 1.1547005383792517, 'a2': 2.1908902300206647, 'a3': 3.799568633648729} logZ_new= 3.1830466122069634 obs_new= 9.297007304756331e-32
params_max= {'a1': 1.1547005383792517, 'a2': 2.1908902300206647, 'a3': 3.7995686336552366} logZ_max= 3.1830650231227886 obs_max= 3.536114785098523e-30
dist_min= tensor(100794.0885) dist_max= tensor(261.2888)
params_min,params_max=params_min,params_new
evaluating model at params_new={'a1': 1.1547005383792517, 'a2': 2.1908902300206647, 'a3': 3.799568633645475}
params_min= {'a1': 1.1547005383792517, 'a2': 2.1908902300206647, 'a3': 3.799568633642221} logZ_min= 3.1830612832459653 obs_min= 7.653957617392663e-31
params_new= {'a1': 1.1547005383792517, 'a2': 2.1908902300206647, 'a3': 3.799568633645475} logZ_new= 3.1830603766955363 obs_new= 1.579705294382766e-30
params_max= {'a1': 1.1547005383792517, 'a2': 2.1908902300206647, 'a3': 3.799568633648729} logZ_max= 3.1830466122069634 obs_max= 9.297007304756331e-32
dist_min= tensor(101170.6844) dist_max= tensor(376.7477)
params_min,params_max=params_min,params_new
evaluating model at params_new={'a1': 1.1547005383792517, 'a2': 2.1908902300206647, 'a3': 3.7995686336438483}
params_min= {'a1': 1.1547005383792517, 'a2': 2.1908902300206647, 'a3': 3.799568633642221} logZ_min= 3.1830612832459653 obs_min= 7.653957617392663e-31
params_new= {'a1': 1.1547005383792517, 'a2': 2.1908902300206647, 'a3': 3.7995686336438483} logZ_new= nan obs_new= 5.801868350288087e-32
params_max= {'a1': 1.1547005383792517, 'a2': 2.1908902300206647, 'a3': 3.799568633645475} logZ_max= 3.1830603766955363 obs_max= 1.579705294382766e-30
dist_min= tensor(102094.8273) dist_max= tensor(13716.0367)
params_min,params_max=params_min,params_new
evaluating model at params_new={'a1': 1.1547005383792517, 'a2': 2.1908902300206647, 'a3': 3.7995686336430348}
params_min= {'a1': 1.1547005383792517, 'a2': 2.1908902300206647, 'a3': 3.799568633642221} logZ_min= 3.1830612832459653 obs_min= 7.653957617392663e-31
params_new= {'a1': 1.1547005383792517, 'a2': 2.1908902300206647, 'a3': 3.7995686336430348} logZ_new= nan obs_new= 1.5727024155237647e-30
params_max= {'a1': 1.1547005383792517, 'a2': 2.1908902300206647, 'a3': 3.7995686336438483} logZ_max= nan obs_max= 5.801868350288087e-32
dist_min= tensor(101168.3655) dist_max= tensor(13707.9324)
params_min,params_max=params_min,params_new
evaluating model at params_new={'a1': 1.1547005383792517, 'a2': 2.1908902300206647, 'a3': 3.799568633642628}
params_min= {'a1': 1.1547005383792517, 'a2': 2.1908902300206647, 'a3': 3.799568633642221} logZ_min= 3.1830612832459653 obs_min= 7.653957617392663e-31
params_new= {'a1': 1.1547005383792517, 'a2': 2.1908902300206647, 'a3': 3.799568633642628} logZ_new= 3.1830651090327726 obs_new= 1.0976889706433791e-30
params_max= {'a1': 1.1547005383792517, 'a2': 2.1908902300206647, 'a3': 3.7995686336430348} logZ_max= nan obs_max= 1.5727024155237647e-30
dist_min= tensor(101171.0266) dist_max= tensor(8.6834)
params_min,params_max=params_min,params_new
evaluating model at params_new={'a1': 1.1547005383792517, 'a2': 2.1908902300206647, 'a3': 3.7995686336424246}
params_min= {'a1': 1.1547005383792517, 'a2': 2.1908902300206647, 'a3': 3.799568633642221} logZ_min= 3.1830612832459653 obs_min= 7.653957617392663e-31
params_new= {'a1': 1.1547005383792517, 'a2': 2.1908902300206647, 'a3': 3.7995686336424246} logZ_new= nan obs_new= 3.965869697311501e-31
params_max= {'a1': 1.1547005383792517, 'a2': 2.1908902300206647, 'a3': 3.799568633642628} logZ_max= 3.1830651090327726 obs_max= 1.0976889706433791e-30
dist_min= tensor(101170.0047) dist_max= tensor(1.9103)
params_min,params_max=params_min,params_new
evaluating model at params_new={'a1': 1.1547005383792517, 'a2': 2.1908902300206647, 'a3': 3.799568633642323}
params_min= {'a1': 1.1547005383792517, 'a2': 2.1908902300206647, 'a3': 3.799568633642221} logZ_min= 3.1830612832459653 obs_min= 7.653957617392663e-31
params_new= {'a1': 1.1547005383792517, 'a2': 2.1908902300206647, 'a3': 3.799568633642323} logZ_new= nan obs_new= 1.3631800282284457e-29
params_max= {'a1': 1.1547005383792517, 'a2': 2.1908902300206647, 'a3': 3.7995686336424246} logZ_max= nan obs_max= 3.965869697311501e-31
dist_min= tensor(101167.3947) dist_max= tensor(3.6452)
params_min,params_max=params_min,params_new
evaluating model at params_new={'a1': 1.1547005383792517, 'a2': 2.1908902300206647, 'a3': 3.799568633642272}
params_min= {'a1': 1.1547005383792517, 'a2': 2.1908902300206647, 'a3': 3.799568633642221} logZ_min= 3.1830612832459653 obs_min= 7.653957617392663e-31
params_new= {'a1': 1.1547005383792517, 'a2': 2.1908902300206647, 'a3': 3.799568633642272} logZ_new= nan obs_new= 1.13479375631575e-31
params_max= {'a1': 1.1547005383792517, 'a2': 2.1908902300206647, 'a3': 3.799568633642323} logZ_max= nan obs_max= 1.3631800282284457e-29
dist_min= tensor(101169.9918) dist_max= tensor(3.7356)
params_min,params_max=params_min,params_new
evaluating model at params_new={'a1': 1.1547005383792517, 'a2': 2.1908902300206647, 'a3': 3.7995686336422465}
params_min= {'a1': 1.1547005383792517, 'a2': 2.1908902300206647, 'a3': 3.799568633642221} logZ_min= 3.1830612832459653 obs_min= 7.653957617392663e-31
params_new= {'a1': 1.1547005383792517, 'a2': 2.1908902300206647, 'a3': 3.7995686336422465} logZ_new= 3.183033324873531 obs_new= 1.3484623533570452e-30
params_max= {'a1': 1.1547005383792517, 'a2': 2.1908902300206647, 'a3': 3.799568633642272} logZ_max= nan obs_max= 1.13479375631575e-31
dist_min= tensor(101170.5192) dist_max= tensor(51.1077)
params_min,params_max=params_min,params_new
evaluating model at params_new={'a1': 1.1547005383792517, 'a2': 2.1908902300206647, 'a3': 3.7995686336422336}
params_min= {'a1': 1.1547005383792517, 'a2': 2.1908902300206647, 'a3': 3.799568633642221} logZ_min= 3.1830612832459653 obs_min= 7.653957617392663e-31
params_new= {'a1': 1.1547005383792517, 'a2': 2.1908902300206647, 'a3': 3.7995686336422336} logZ_new= 3.183060237902292 obs_new= 1.1187143463461552e-32
params_max= {'a1': 1.1547005383792517, 'a2': 2.1908902300206647, 'a3': 3.7995686336422465} logZ_max= 3.183033324873531 obs_max= 1.3484623533570452e-30
dist_min= tensor(101170.7424) dist_max= tensor(49.5062)
params_min,params_max=params_min,params_new
evaluating model at params_new={'a1': 1.1547005383792517, 'a2': 2.1908902300206647, 'a3': 3.7995686336422274}
params_min= {'a1': 1.1547005383792517, 'a2': 2.1908902300206647, 'a3': 3.799568633642221} logZ_min= 3.1830612832459653 obs_min= 7.653957617392663e-31
params_new= {'a1': 1.1547005383792517, 'a2': 2.1908902300206647, 'a3': 3.7995686336422274} logZ_new= nan obs_new= 2.362140697718578e-31
params_max= {'a1': 1.1547005383792517, 'a2': 2.1908902300206647, 'a3': 3.7995686336422336} logZ_max= 3.183060237902292 obs_max= 1.1187143463461552e-32
dist_min= tensor(101170.8202) dist_max= tensor(6.6485)
params_min,params_max=params_min,params_new
evaluating model at params_new={'a1': 1.1547005383792517, 'a2': 2.1908902300206647, 'a3': 3.7995686336422243}
params_min= {'a1': 1.1547005383792517, 'a2': 2.1908902300206647, 'a3': 3.799568633642221} logZ_min= 3.1830612832459653 obs_min= 7.653957617392663e-31
params_new= {'a1': 1.1547005383792517, 'a2': 2.1908902300206647, 'a3': 3.7995686336422243} logZ_new= 3.183063859313259 obs_new= 3.876625801387489e-31
params_max= {'a1': 1.1547005383792517, 'a2': 2.1908902300206647, 'a3': 3.7995686336422274} logZ_max= nan obs_max= 2.362140697718578e-31
dist_min= tensor(101170.9221) dist_max= tensor(6.4337)
params_min,params_max=params_min,params_new
evaluating model at params_new={'a1': 1.1547005383792517, 'a2': 2.1908902300206647, 'a3': 3.799568633642223}
params_min= {'a1': 1.1547005383792517, 'a2': 2.1908902300206647, 'a3': 3.799568633642221} logZ_min= 3.1830612832459653 obs_min= 7.653957617392663e-31
params_new= {'a1': 1.1547005383792517, 'a2': 2.1908902300206647, 'a3': 3.799568633642223} logZ_new= nan obs_new= 5.805525977421169e-32
params_max= {'a1': 1.1547005383792517, 'a2': 2.1908902300206647, 'a3': 3.7995686336422243} logZ_max= 3.183063859313259 obs_max= 3.876625801387489e-31
dist_min= tensor(101171.3291) dist_max= tensor(306.6687)
params_min,params_max=params_min,params_new
evaluating model at params_new={'a1': 1.1547005383792517, 'a2': 2.1908902300206647, 'a3': 3.799568633642222}
params_min= {'a1': 1.1547005383792517, 'a2': 2.1908902300206647, 'a3': 3.799568633642221} logZ_min= 3.1830612832459653 obs_min= 7.653957617392663e-31
params_new= {'a1': 1.1547005383792517, 'a2': 2.1908902300206647, 'a3': 3.799568633642222} logZ_new= nan obs_new= 1.8390468838373964e-30
params_max= {'a1': 1.1547005383792517, 'a2': 2.1908902300206647, 'a3': 3.799568633642223} logZ_max= nan obs_max= 5.805525977421169e-32
dist_min= tensor(101169.4458) dist_max= tensor(301.2303)
params_min,params_max=params_min,params_new
evaluating model at params_new={'a1': 1.1547005383792517, 'a2': 2.1908902300206647, 'a3': 3.7995686336422216}
params_min= {'a1': 1.1547005383792517, 'a2': 2.1908902300206647, 'a3': 3.799568633642221} logZ_min= 3.1830612832459653 obs_min= 7.653957617392663e-31
params_new= {'a1': 1.1547005383792517, 'a2': 2.1908902300206647, 'a3': 3.7995686336422216} logZ_new= nan obs_new= 5.151587405475106e-31
params_max= {'a1': 1.1547005383792517, 'a2': 2.1908902300206647, 'a3': 3.799568633642222} logZ_max= nan obs_max= 1.8390468838373964e-30
dist_min= tensor(101170.8789) dist_max= tensor(2.0755)
params_min,params_max=params_min,params_new
critical params found:  {'a1': 1.1547005383792517, 'a2': 2.1908902300206647, 'a3': 3.799568633642221}
reference params:  {'a1': 1.1547005383792515, 'a2': 1.8257418583505538, 'a3': 4.47213595499958}
file saved to  data/AKLT3D_X10_scan_grid_critical_a3/a1_1.1547005_a2_2.1908902/Tc.json
