Start running find_critical_temp.py with options:{'filename': 'data/AKLT3D_X10_scan_grid_critical_a3/a1_1.6165808_a2_1.4605935/Tc.json', 'log_filename': 'data/AKLT3D_X10_scan_grid_critical_a3/a1_1.6165808_a2_1.4605935/Tc.log', 'nLayers': 60, 'max_dim': 10, 'model': 'AKLT3D', 'params_min': "{'a1': 1.616580753730952, 'a2': 1.460593486680443, 'a3': 5.366563145999496}", 'params_max': "{'a1': 1.616580753730952, 'a2': 1.460593486680443, 'a3': 6.260990336999412}", 'params_ref': None, 'observable_name': 'magnetizationZ', 'tol': 0.0, 'gilt_enabled': False, 'gilt_eps': 8e-07, 'gilt_nIter': 1, 'mcf_enabled': True, 'mcf_eps': 1e-16, 'mcf_max_iter': 200, 'hotrg_sanity_check': False, 'version': 1, 'device': 'cuda:1'}
loading library...
evaluating model at params_min={'a1': 1.616580753730952, 'a2': 1.460593486680443, 'a3': 5.366563145999496}
params_min= {'a1': 1.616580753730952, 'a2': 1.460593486680443, 'a3': 5.366563145999496} logZ_min= 3.4002848956629386 obs_min= 1.4288148202222533e-31
evaluating model at params_max={'a1': 1.616580753730952, 'a2': 1.460593486680443, 'a3': 6.260990336999412}
params_max= {'a1': 1.616580753730952, 'a2': 1.460593486680443, 'a3': 6.260990336999412} logZ_max= 3.6806047869604983 obs_max= 8.687892907240576
searching for critical temperature using bisection method
evaluating model at params_new={'a1': 1.616580753730952, 'a2': 1.460593486680443, 'a3': 5.813776741499455}
params_min= {'a1': 1.616580753730952, 'a2': 1.460593486680443, 'a3': 5.366563145999496} logZ_min= 3.4002848956629386 obs_min= 1.4288148202222533e-31
params_new= {'a1': 1.616580753730952, 'a2': 1.460593486680443, 'a3': 5.813776741499455} logZ_new= 3.5369242016701112 obs_new= 8.450576653481876
params_max= {'a1': 1.616580753730952, 'a2': 1.460593486680443, 'a3': 6.260990336999412} logZ_max= 3.6806047869604983 obs_max= 8.687892907240576
dist_min= tensor(12.0250) dist_max= tensor(11.6292)
params_min,params_max=params_min,params_new
evaluating model at params_new={'a1': 1.616580753730952, 'a2': 1.460593486680443, 'a3': 5.590169943749475}
params_min= {'a1': 1.616580753730952, 'a2': 1.460593486680443, 'a3': 5.366563145999496} logZ_min= 3.4002848956629386 obs_min= 1.4288148202222533e-31
params_new= {'a1': 1.616580753730952, 'a2': 1.460593486680443, 'a3': 5.590169943749475} logZ_new= 3.461300217027015 obs_new= 8.211744420829787
params_max= {'a1': 1.616580753730952, 'a2': 1.460593486680443, 'a3': 5.813776741499455} logZ_max= 3.5369242016701112 obs_max= 8.450576653481876
dist_min= tensor(9.8781) dist_max= tensor(4.2880)
params_min,params_max=params_min,params_new
evaluating model at params_new={'a1': 1.616580753730952, 'a2': 1.460593486680443, 'a3': 5.478366544874486}
params_min= {'a1': 1.616580753730952, 'a2': 1.460593486680443, 'a3': 5.366563145999496} logZ_min= 3.4002848956629386 obs_min= 1.4288148202222533e-31
params_new= {'a1': 1.616580753730952, 'a2': 1.460593486680443, 'a3': 5.478366544874486} logZ_new= 3.4227297757902115 obs_new= 8.056992959206708
params_max= {'a1': 1.616580753730952, 'a2': 1.460593486680443, 'a3': 5.590169943749475} logZ_max= 3.461300217027015 obs_max= 8.211744420829787
dist_min= tensor(3.4964) dist_max= tensor(9.9105)
params_min,params_max=params_new,params_max
evaluating model at params_new={'a1': 1.616580753730952, 'a2': 1.460593486680443, 'a3': 5.534268244311981}
params_min= {'a1': 1.616580753730952, 'a2': 1.460593486680443, 'a3': 5.478366544874486} logZ_min= 3.4227297757902115 obs_min= 8.056992959206708
params_new= {'a1': 1.616580753730952, 'a2': 1.460593486680443, 'a3': 5.534268244311981} logZ_new= 3.4420965344214722 obs_new= 8.146359095646124
params_max= {'a1': 1.616580753730952, 'a2': 1.460593486680443, 'a3': 5.590169943749475} logZ_max= 3.461300217027015 obs_max= 8.211744420829787
dist_min= tensor(9.3707) dist_max= tensor(2.1351)
params_min,params_max=params_min,params_new
evaluating model at params_new={'a1': 1.616580753730952, 'a2': 1.460593486680443, 'a3': 5.506317394593234}
params_min= {'a1': 1.616580753730952, 'a2': 1.460593486680443, 'a3': 5.478366544874486} logZ_min= 3.4227297757902115 obs_min= 8.056992959206708
params_new= {'a1': 1.616580753730952, 'a2': 1.460593486680443, 'a3': 5.506317394593234} logZ_new= 3.4322895221619505 obs_new= 8.091936198775347
params_max= {'a1': 1.616580753730952, 'a2': 1.460593486680443, 'a3': 5.534268244311981} logZ_max= 3.4420965344214722 obs_max= 8.146359095646124
dist_min= tensor(9.2774) dist_max= tensor(0.4213)
params_min,params_max=params_min,params_new
evaluating model at params_new={'a1': 1.616580753730952, 'a2': 1.460593486680443, 'a3': 5.49234196973386}
params_min= {'a1': 1.616580753730952, 'a2': 1.460593486680443, 'a3': 5.478366544874486} logZ_min= 3.4227297757902115 obs_min= 8.056992959206708
params_new= {'a1': 1.616580753730952, 'a2': 1.460593486680443, 'a3': 5.49234196973386} logZ_new= 3.427706519549087 obs_new= 8.084748940886652
params_max= {'a1': 1.616580753730952, 'a2': 1.460593486680443, 'a3': 5.506317394593234} logZ_max= 3.4322895221619505 obs_max= 8.091936198775347
dist_min= tensor(0.9026) dist_max= tensor(9.3222)
params_min,params_max=params_new,params_max
evaluating model at params_new={'a1': 1.616580753730952, 'a2': 1.460593486680443, 'a3': 5.4993296821635465}
params_min= {'a1': 1.616580753730952, 'a2': 1.460593486680443, 'a3': 5.49234196973386} logZ_min= 3.427706519549087 obs_min= 8.084748940886652
params_new= {'a1': 1.616580753730952, 'a2': 1.460593486680443, 'a3': 5.4993296821635465} logZ_new= 3.429834592963587 obs_new= 8.079259997269721
params_max= {'a1': 1.616580753730952, 'a2': 1.460593486680443, 'a3': 5.506317394593234} logZ_max= 3.4322895221619505 obs_max= 8.091936198775347
dist_min= tensor(9.3006) dist_max= tensor(0.4954)
params_min,params_max=params_min,params_new
evaluating model at params_new={'a1': 1.616580753730952, 'a2': 1.460593486680443, 'a3': 5.495835825948703}
params_min= {'a1': 1.616580753730952, 'a2': 1.460593486680443, 'a3': 5.49234196973386} logZ_min= 3.427706519549087 obs_min= 8.084748940886652
params_new= {'a1': 1.616580753730952, 'a2': 1.460593486680443, 'a3': 5.495835825948703} logZ_new= 3.4286051572219547 obs_new= 8.072766049928667
params_max= {'a1': 1.616580753730952, 'a2': 1.460593486680443, 'a3': 5.4993296821635465} logZ_max= 3.429834592963587 obs_max= 8.079259997269721
dist_min= tensor(9.2584) dist_max= tensor(0.6440)
params_min,params_max=params_min,params_new
evaluating model at params_new={'a1': 1.616580753730952, 'a2': 1.460593486680443, 'a3': 5.494088897841282}
params_min= {'a1': 1.616580753730952, 'a2': 1.460593486680443, 'a3': 5.49234196973386} logZ_min= 3.427706519549087 obs_min= 8.084748940886652
params_new= {'a1': 1.616580753730952, 'a2': 1.460593486680443, 'a3': 5.494088897841282} logZ_new= 3.4283267500624506 obs_new= 8.088125925688857
params_max= {'a1': 1.616580753730952, 'a2': 1.460593486680443, 'a3': 5.495835825948703} logZ_max= 3.4286051572219547 obs_max= 8.072766049928667
dist_min= tensor(0.1609) dist_max= tensor(9.2730)
params_min,params_max=params_new,params_max
evaluating model at params_new={'a1': 1.616580753730952, 'a2': 1.460593486680443, 'a3': 5.494962361894992}
params_min= {'a1': 1.616580753730952, 'a2': 1.460593486680443, 'a3': 5.494088897841282} logZ_min= 3.4283267500624506 obs_min= 8.088125925688857
params_new= {'a1': 1.616580753730952, 'a2': 1.460593486680443, 'a3': 5.494962361894992} logZ_new= 3.428297823732571 obs_new= 8.071128301185317
params_max= {'a1': 1.616580753730952, 'a2': 1.460593486680443, 'a3': 5.495835825948703} logZ_max= 3.4286051572219547 obs_max= 8.072766049928667
dist_min= tensor(9.2893) dist_max= tensor(0.5303)
params_min,params_max=params_min,params_new
evaluating model at params_new={'a1': 1.616580753730952, 'a2': 1.460593486680443, 'a3': 5.4945256298681375}
params_min= {'a1': 1.616580753730952, 'a2': 1.460593486680443, 'a3': 5.494088897841282} logZ_min= 3.4283267500624506 obs_min= 8.088125925688857
params_new= {'a1': 1.616580753730952, 'a2': 1.460593486680443, 'a3': 5.4945256298681375} logZ_new= 3.428481744605768 obs_new= 8.088966593671016
params_max= {'a1': 1.616580753730952, 'a2': 1.460593486680443, 'a3': 5.494962361894992} logZ_max= 3.428297823732571 obs_max= 8.071128301185317
dist_min= tensor(0.2480) dist_max= tensor(9.2798)
params_min,params_max=params_new,params_max
evaluating model at params_new={'a1': 1.616580753730952, 'a2': 1.460593486680443, 'a3': 5.494743995881565}
params_min= {'a1': 1.616580753730952, 'a2': 1.460593486680443, 'a3': 5.4945256298681375} logZ_min= 3.428481744605768 obs_min= 8.088966593671016
params_new= {'a1': 1.616580753730952, 'a2': 1.460593486680443, 'a3': 5.494743995881565} logZ_new= 3.4282209015175837 obs_new= 8.07070488200814
params_max= {'a1': 1.616580753730952, 'a2': 1.460593486680443, 'a3': 5.494962361894992} logZ_max= 3.428297823732571 obs_max= 8.071128301185317
dist_min= tensor(9.2677) dist_max= tensor(0.5146)
params_min,params_max=params_min,params_new
evaluating model at params_new={'a1': 1.616580753730952, 'a2': 1.460593486680443, 'a3': 5.4946348128748514}
params_min= {'a1': 1.616580753730952, 'a2': 1.460593486680443, 'a3': 5.4945256298681375} logZ_min= 3.428481744605768 obs_min= 8.088966593671016
params_new= {'a1': 1.616580753730952, 'a2': 1.460593486680443, 'a3': 5.4946348128748514} logZ_new= 3.4285204893195744 obs_new= 8.089176538122839
params_max= {'a1': 1.616580753730952, 'a2': 1.460593486680443, 'a3': 5.494743995881565} logZ_max= 3.4282209015175837 obs_max= 8.07070488200814
dist_min= tensor(0.6821) dist_max= tensor(9.2937)
params_min,params_max=params_new,params_max
evaluating model at params_new={'a1': 1.616580753730952, 'a2': 1.460593486680443, 'a3': 5.494689404378208}
params_min= {'a1': 1.616580753730952, 'a2': 1.460593486680443, 'a3': 5.4946348128748514} logZ_min= 3.4285204893195744 obs_min= 8.089176538122839
params_new= {'a1': 1.616580753730952, 'a2': 1.460593486680443, 'a3': 5.494689404378208} logZ_new= 3.428201681649117 obs_new= 8.070603307459828
params_max= {'a1': 1.616580753730952, 'a2': 1.460593486680443, 'a3': 5.494743995881565} logZ_max= 3.4282209015175837 obs_max= 8.07070488200814
dist_min= tensor(9.3594) dist_max= tensor(0.9769)
params_min,params_max=params_min,params_new
evaluating model at params_new={'a1': 1.616580753730952, 'a2': 1.460593486680443, 'a3': 5.49466210862653}
params_min= {'a1': 1.616580753730952, 'a2': 1.460593486680443, 'a3': 5.4946348128748514} logZ_min= 3.4285204893195744 obs_min= 8.089176538122839
params_new= {'a1': 1.616580753730952, 'a2': 1.460593486680443, 'a3': 5.49466210862653} logZ_new= 3.4285301752532242 obs_new= 8.089229010323496
params_max= {'a1': 1.616580753730952, 'a2': 1.460593486680443, 'a3': 5.494689404378208} logZ_max= 3.428201681649117 obs_max= 8.070603307459828
dist_min= tensor(0.2466) dist_max= tensor(9.3756)
params_min,params_max=params_new,params_max
evaluating model at params_new={'a1': 1.616580753730952, 'a2': 1.460593486680443, 'a3': 5.494675756502369}
params_min= {'a1': 1.616580753730952, 'a2': 1.460593486680443, 'a3': 5.49466210862653} logZ_min= 3.4285301752532242 obs_min= 8.089229010323496
params_new= {'a1': 1.616580753730952, 'a2': 1.460593486680443, 'a3': 5.494675756502369} logZ_new= 3.42819699088613 obs_new= 8.07062217930037
params_max= {'a1': 1.616580753730952, 'a2': 1.460593486680443, 'a3': 5.494689404378208} logZ_max= 3.428201681649117 obs_max= 8.070603307459828
dist_min= tensor(9.4008) dist_max= tensor(0.4633)
params_min,params_max=params_min,params_new
evaluating model at params_new={'a1': 1.616580753730952, 'a2': 1.460593486680443, 'a3': 5.4946689325644495}
params_min= {'a1': 1.616580753730952, 'a2': 1.460593486680443, 'a3': 5.49466210862653} logZ_min= 3.4285301752532242 obs_min= 8.089229010323496
params_new= {'a1': 1.616580753730952, 'a2': 1.460593486680443, 'a3': 5.4946689325644495} logZ_new= 3.428532596721342 obs_new= 8.089242127554522
params_max= {'a1': 1.616580753730952, 'a2': 1.460593486680443, 'a3': 5.494675756502369} logZ_max= 3.42819699088613 obs_max= 8.07062217930037
dist_min= tensor(0.3892) dist_max= tensor(9.3751)
params_min,params_max=params_new,params_max
evaluating model at params_new={'a1': 1.616580753730952, 'a2': 1.460593486680443, 'a3': 5.494672344533409}
params_min= {'a1': 1.616580753730952, 'a2': 1.460593486680443, 'a3': 5.4946689325644495} logZ_min= 3.428532596721342 obs_min= 8.089242127554522
params_new= {'a1': 1.616580753730952, 'a2': 1.460593486680443, 'a3': 5.494672344533409} logZ_new= 3.4285338074531047 obs_new= 8.089248686044277
params_max= {'a1': 1.616580753730952, 'a2': 1.460593486680443, 'a3': 5.494675756502369} logZ_max= 3.42819699088613 obs_max= 8.07062217930037
dist_min= tensor(1.4303) dist_max= tensor(9.2678)
params_min,params_max=params_new,params_max
evaluating model at params_new={'a1': 1.616580753730952, 'a2': 1.460593486680443, 'a3': 5.494674050517889}
params_min= {'a1': 1.616580753730952, 'a2': 1.460593486680443, 'a3': 5.494672344533409} logZ_min= 3.4285338074531047 obs_min= 8.089248686044277
params_new= {'a1': 1.616580753730952, 'a2': 1.460593486680443, 'a3': 5.494674050517889} logZ_new= 3.4281962741138448 obs_new= 8.070574024679985
params_max= {'a1': 1.616580753730952, 'a2': 1.460593486680443, 'a3': 5.494675756502369} logZ_max= 3.42819699088613 obs_max= 8.07062217930037
dist_min= tensor(9.3198) dist_max= tensor(0.9712)
params_min,params_max=params_min,params_new
evaluating model at params_new={'a1': 1.616580753730952, 'a2': 1.460593486680443, 'a3': 5.49467319752565}
params_min= {'a1': 1.616580753730952, 'a2': 1.460593486680443, 'a3': 5.494672344533409} logZ_min= 3.4285338074531047 obs_min= 8.089248686044277
params_new= {'a1': 1.616580753730952, 'a2': 1.460593486680443, 'a3': 5.49467319752565} logZ_new= 3.4281960743660234 obs_new= 8.070611211134604
params_max= {'a1': 1.616580753730952, 'a2': 1.460593486680443, 'a3': 5.494674050517889} logZ_max= 3.4281962741138448 obs_max= 8.070574024679985
dist_min= tensor(9.3604) dist_max= tensor(0.5660)
params_min,params_max=params_min,params_new
evaluating model at params_new={'a1': 1.616580753730952, 'a2': 1.460593486680443, 'a3': 5.49467277102953}
params_min= {'a1': 1.616580753730952, 'a2': 1.460593486680443, 'a3': 5.494672344533409} logZ_min= 3.4285338074531047 obs_min= 8.089248686044277
params_new= {'a1': 1.616580753730952, 'a2': 1.460593486680443, 'a3': 5.49467277102953} logZ_new= 3.428195925672302 obs_new= 8.070610998059317
params_max= {'a1': 1.616580753730952, 'a2': 1.460593486680443, 'a3': 5.49467319752565} logZ_max= 3.4281960743660234 obs_max= 8.070611211134604
dist_min= tensor(9.3186) dist_max= tensor(0.5797)
params_min,params_max=params_min,params_new
evaluating model at params_new={'a1': 1.616580753730952, 'a2': 1.460593486680443, 'a3': 5.4946725577814695}
params_min= {'a1': 1.616580753730952, 'a2': 1.460593486680443, 'a3': 5.494672344533409} logZ_min= 3.4285338074531047 obs_min= 8.089248686044277
params_new= {'a1': 1.616580753730952, 'a2': 1.460593486680443, 'a3': 5.4946725577814695} logZ_new= 3.42853388312379 obs_new= 8.089249095943355
params_max= {'a1': 1.616580753730952, 'a2': 1.460593486680443, 'a3': 5.49467277102953} logZ_max= 3.428195925672302 obs_max= 8.070610998059317
dist_min= tensor(1.3146) dist_max= tensor(9.2907)
params_min,params_max=params_new,params_max
evaluating model at params_new={'a1': 1.616580753730952, 'a2': 1.460593486680443, 'a3': 5.494672664405499}
params_min= {'a1': 1.616580753730952, 'a2': 1.460593486680443, 'a3': 5.4946725577814695} logZ_min= 3.42853388312379 obs_min= 8.089249095943355
params_new= {'a1': 1.616580753730952, 'a2': 1.460593486680443, 'a3': 5.494672664405499} logZ_new= 3.4285339209591283 obs_new= 8.089249300862758
params_max= {'a1': 1.616580753730952, 'a2': 1.460593486680443, 'a3': 5.49467277102953} logZ_max= 3.428195925672302 obs_max= 8.070610998059317
dist_min= tensor(0.5319) dist_max= tensor(9.2691)
params_min,params_max=params_new,params_max
evaluating model at params_new={'a1': 1.616580753730952, 'a2': 1.460593486680443, 'a3': 5.494672717717514}
params_min= {'a1': 1.616580753730952, 'a2': 1.460593486680443, 'a3': 5.494672664405499} logZ_min= 3.4285339209591283 obs_min= 8.089249300862758
params_new= {'a1': 1.616580753730952, 'a2': 1.460593486680443, 'a3': 5.494672717717514} logZ_new= 3.4285339398767984 obs_new= 8.08924940337344
params_max= {'a1': 1.616580753730952, 'a2': 1.460593486680443, 'a3': 5.49467277102953} logZ_max= 3.428195925672302 obs_max= 8.070610998059317
dist_min= tensor(0.4459) dist_max= tensor(9.2855)
params_min,params_max=params_new,params_max
evaluating model at params_new={'a1': 1.616580753730952, 'a2': 1.460593486680443, 'a3': 5.494672744373522}
params_min= {'a1': 1.616580753730952, 'a2': 1.460593486680443, 'a3': 5.494672717717514} logZ_min= 3.4285339398767984 obs_min= 8.08924940337344
params_new= {'a1': 1.616580753730952, 'a2': 1.460593486680443, 'a3': 5.494672744373522} logZ_new= 3.428195842764673 obs_new= 8.070582367074993
params_max= {'a1': 1.616580753730952, 'a2': 1.460593486680443, 'a3': 5.49467277102953} logZ_max= 3.428195925672302 obs_max= 8.070610998059317
dist_min= tensor(9.2694) dist_max= tensor(0.7307)
params_min,params_max=params_min,params_new
evaluating model at params_new={'a1': 1.616580753730952, 'a2': 1.460593486680443, 'a3': 5.494672731045519}
params_min= {'a1': 1.616580753730952, 'a2': 1.460593486680443, 'a3': 5.494672717717514} logZ_min= 3.4285339398767984 obs_min= 8.08924940337344
params_new= {'a1': 1.616580753730952, 'a2': 1.460593486680443, 'a3': 5.494672731045519} logZ_new= 3.4285339446062175 obs_new= 8.08924942895031
params_max= {'a1': 1.616580753730952, 'a2': 1.460593486680443, 'a3': 5.494672744373522} logZ_max= 3.428195842764673 obs_max= 8.070582367074993
dist_min= tensor(0.4160) dist_max= tensor(9.2732)
params_min,params_max=params_new,params_max
evaluating model at params_new={'a1': 1.616580753730952, 'a2': 1.460593486680443, 'a3': 5.494672737709521}
params_min= {'a1': 1.616580753730952, 'a2': 1.460593486680443, 'a3': 5.494672731045519} logZ_min= 3.4285339446062175 obs_min= 8.08924942895031
params_new= {'a1': 1.616580753730952, 'a2': 1.460593486680443, 'a3': 5.494672737709521} logZ_new= 3.4281958114257725 obs_new= 8.070571399384944
params_max= {'a1': 1.616580753730952, 'a2': 1.460593486680443, 'a3': 5.494672744373522} logZ_max= 3.428195842764673 obs_max= 8.070582367074993
dist_min= tensor(9.2716) dist_max= tensor(0.0529)
params_min,params_max=params_min,params_new
evaluating model at params_new={'a1': 1.616580753730952, 'a2': 1.460593486680443, 'a3': 5.49467273437752}
params_min= {'a1': 1.616580753730952, 'a2': 1.460593486680443, 'a3': 5.494672731045519} logZ_min= 3.4285339446062175 obs_min= 8.08924942895031
params_new= {'a1': 1.616580753730952, 'a2': 1.460593486680443, 'a3': 5.49467273437752} logZ_new= 3.4285339457885717 obs_new= 8.089249435355347
params_max= {'a1': 1.616580753730952, 'a2': 1.460593486680443, 'a3': 5.494672737709521} logZ_max= 3.4281958114257725 obs_max= 8.070571399384944
dist_min= tensor(1.7366) dist_max= tensor(9.4265)
params_min,params_max=params_new,params_max
evaluating model at params_new={'a1': 1.616580753730952, 'a2': 1.460593486680443, 'a3': 5.494672736043521}
params_min= {'a1': 1.616580753730952, 'a2': 1.460593486680443, 'a3': 5.49467273437752} logZ_min= 3.4285339457885717 obs_min= 8.089249435355347
params_new= {'a1': 1.616580753730952, 'a2': 1.460593486680443, 'a3': 5.494672736043521} logZ_new= 3.4281958109862307 obs_new= 8.070571451421632
params_max= {'a1': 1.616580753730952, 'a2': 1.460593486680443, 'a3': 5.494672737709521} logZ_max= 3.4281958114257725 obs_max= 8.070571399384944
dist_min= tensor(9.4278) dist_max= tensor(0.0247)
params_min,params_max=params_min,params_new
evaluating model at params_new={'a1': 1.616580753730952, 'a2': 1.460593486680443, 'a3': 5.4946727352105205}
params_min= {'a1': 1.616580753730952, 'a2': 1.460593486680443, 'a3': 5.49467273437752} logZ_min= 3.4285339457885717 obs_min= 8.089249435355347
params_new= {'a1': 1.616580753730952, 'a2': 1.460593486680443, 'a3': 5.4946727352105205} logZ_new= 3.428533946084159 obs_new= 8.089249436957354
params_max= {'a1': 1.616580753730952, 'a2': 1.460593486680443, 'a3': 5.494672736043521} logZ_max= 3.4281958109862307 obs_max= 8.070571451421632
dist_min= tensor(0.9237) dist_max= tensor(9.3503)
params_min,params_max=params_new,params_max
evaluating model at params_new={'a1': 1.616580753730952, 'a2': 1.460593486680443, 'a3': 5.49467273562702}
params_min= {'a1': 1.616580753730952, 'a2': 1.460593486680443, 'a3': 5.4946727352105205} logZ_min= 3.428533946084159 obs_min= 8.089249436957354
params_new= {'a1': 1.616580753730952, 'a2': 1.460593486680443, 'a3': 5.49467273562702} logZ_new= 3.4281957276503046 obs_new= 8.070678293780368
params_max= {'a1': 1.616580753730952, 'a2': 1.460593486680443, 'a3': 5.494672736043521} logZ_max= 3.4281958109862307 obs_max= 8.070571451421632
dist_min= tensor(9.3276) dist_max= tensor(0.2593)
params_min,params_max=params_min,params_new
evaluating model at params_new={'a1': 1.616580753730952, 'a2': 1.460593486680443, 'a3': 5.494672735418771}
params_min= {'a1': 1.616580753730952, 'a2': 1.460593486680443, 'a3': 5.4946727352105205} logZ_min= 3.428533946084159 obs_min= 8.089249436957354
params_new= {'a1': 1.616580753730952, 'a2': 1.460593486680443, 'a3': 5.494672735418771} logZ_new= 3.4281958108723867 obs_new= 8.070571499657538
params_max= {'a1': 1.616580753730952, 'a2': 1.460593486680443, 'a3': 5.49467273562702} logZ_max= 3.4281957276503046 obs_max= 8.070678293780368
dist_min= tensor(9.2798) dist_max= tensor(0.7799)
params_min,params_max=params_min,params_new
evaluating model at params_new={'a1': 1.616580753730952, 'a2': 1.460593486680443, 'a3': 5.494672735314646}
params_min= {'a1': 1.616580753730952, 'a2': 1.460593486680443, 'a3': 5.4946727352105205} logZ_min= 3.428533946084159 obs_min= 8.089249436957354
params_new= {'a1': 1.616580753730952, 'a2': 1.460593486680443, 'a3': 5.494672735314646} logZ_new= 3.4285339461242614 obs_new= 8.08924943733339
params_max= {'a1': 1.616580753730952, 'a2': 1.460593486680443, 'a3': 5.494672735418771} logZ_max= 3.4281958108723867 obs_max= 8.070571499657538
dist_min= tensor(0.1364) dist_max= tensor(9.2870)
params_min,params_max=params_new,params_max
evaluating model at params_new={'a1': 1.616580753730952, 'a2': 1.460593486680443, 'a3': 5.494672735366708}
params_min= {'a1': 1.616580753730952, 'a2': 1.460593486680443, 'a3': 5.494672735314646} logZ_min= 3.4285339461242614 obs_min= 8.08924943733339
params_new= {'a1': 1.616580753730952, 'a2': 1.460593486680443, 'a3': 5.494672735366708} logZ_new= 3.4281958565324087 obs_new= 8.070588833278903
params_max= {'a1': 1.616580753730952, 'a2': 1.460593486680443, 'a3': 5.494672735418771} logZ_max= 3.4281958108723867 obs_max= 8.070571499657538
dist_min= tensor(9.2949) dist_max= tensor(0.1733)
params_min,params_max=params_min,params_new
evaluating model at params_new={'a1': 1.616580753730952, 'a2': 1.460593486680443, 'a3': 5.494672735340677}
params_min= {'a1': 1.616580753730952, 'a2': 1.460593486680443, 'a3': 5.494672735314646} logZ_min= 3.4285339461242614 obs_min= 8.08924943733339
params_new= {'a1': 1.616580753730952, 'a2': 1.460593486680443, 'a3': 5.494672735340677} logZ_new= 3.428195807018721 obs_new= 8.07057077177247
params_max= {'a1': 1.616580753730952, 'a2': 1.460593486680443, 'a3': 5.494672735366708} logZ_max= 3.4281958565324087 obs_max= 8.070588833278903
dist_min= tensor(9.3124) dist_max= tensor(0.2755)
params_min,params_max=params_min,params_new
evaluating model at params_new={'a1': 1.616580753730952, 'a2': 1.460593486680443, 'a3': 5.494672735327661}
params_min= {'a1': 1.616580753730952, 'a2': 1.460593486680443, 'a3': 5.494672735314646} logZ_min= 3.4285339461242614 obs_min= 8.08924943733339
params_new= {'a1': 1.616580753730952, 'a2': 1.460593486680443, 'a3': 5.494672735327661} logZ_new= 3.4285339461293707 obs_new= 8.089249437423327
params_max= {'a1': 1.616580753730952, 'a2': 1.460593486680443, 'a3': 5.494672735340677} logZ_max= 3.428195807018721 obs_max= 8.07057077177247
dist_min= tensor(0.8756) dist_max= tensor(9.2681)
params_min,params_max=params_new,params_max
evaluating model at params_new={'a1': 1.616580753730952, 'a2': 1.460593486680443, 'a3': 5.494672735334169}
params_min= {'a1': 1.616580753730952, 'a2': 1.460593486680443, 'a3': 5.494672735327661} logZ_min= 3.4285339461293707 obs_min= 8.089249437423327
params_new= {'a1': 1.616580753730952, 'a2': 1.460593486680443, 'a3': 5.494672735334169} logZ_new= 3.4285339463275943 obs_new= 8.089249450608191
params_max= {'a1': 1.616580753730952, 'a2': 1.460593486680443, 'a3': 5.494672735340677} logZ_max= 3.428195807018721 obs_max= 8.07057077177247
dist_min= tensor(0.9502) dist_max= tensor(9.3172)
params_min,params_max=params_new,params_max
evaluating model at params_new={'a1': 1.616580753730952, 'a2': 1.460593486680443, 'a3': 5.4946727353374225}
params_min= {'a1': 1.616580753730952, 'a2': 1.460593486680443, 'a3': 5.494672735334169} logZ_min= 3.4285339463275943 obs_min= 8.089249450608191
params_new= {'a1': 1.616580753730952, 'a2': 1.460593486680443, 'a3': 5.4946727353374225} logZ_new= 3.4285339466891536 obs_new= 8.08924946637382
params_max= {'a1': 1.616580753730952, 'a2': 1.460593486680443, 'a3': 5.494672735340677} logZ_max= 3.428195807018721 obs_max= 8.07057077177247
dist_min= tensor(0.8758) dist_max= tensor(9.2690)
params_min,params_max=params_new,params_max
evaluating model at params_new={'a1': 1.616580753730952, 'a2': 1.460593486680443, 'a3': 5.49467273533905}
params_min= {'a1': 1.616580753730952, 'a2': 1.460593486680443, 'a3': 5.4946727353374225} logZ_min= 3.4285339466891536 obs_min= 8.08924946637382
params_new= {'a1': 1.616580753730952, 'a2': 1.460593486680443, 'a3': 5.49467273533905} logZ_new= 3.4284986752010753 obs_new= 8.090143392418076
params_max= {'a1': 1.616580753730952, 'a2': 1.460593486680443, 'a3': 5.494672735340677} logZ_max= 3.428195807018721 obs_max= 8.07057077177247
dist_min= tensor(9.8621) dist_max= tensor(1.6858)
params_min,params_max=params_min,params_new
evaluating model at params_new={'a1': 1.616580753730952, 'a2': 1.460593486680443, 'a3': 5.494672735338236}
params_min= {'a1': 1.616580753730952, 'a2': 1.460593486680443, 'a3': 5.4946727353374225} logZ_min= 3.4285339466891536 obs_min= 8.08924946637382
params_new= {'a1': 1.616580753730952, 'a2': 1.460593486680443, 'a3': 5.494672735338236} logZ_new= 3.428533944631185 obs_new= 8.089249409563621
params_max= {'a1': 1.616580753730952, 'a2': 1.460593486680443, 'a3': 5.49467273533905} logZ_max= 3.4284986752010753 obs_max= 8.090143392418076
dist_min= tensor(0.9541) dist_max= tensor(9.8495)
params_min,params_max=params_new,params_max
evaluating model at params_new={'a1': 1.616580753730952, 'a2': 1.460593486680443, 'a3': 5.494672735338643}
params_min= {'a1': 1.616580753730952, 'a2': 1.460593486680443, 'a3': 5.494672735338236} logZ_min= 3.428533944631185 obs_min= 8.089249409563621
params_new= {'a1': 1.616580753730952, 'a2': 1.460593486680443, 'a3': 5.494672735338643} logZ_new= 3.4285339640337065 obs_new= 8.089250426208501
params_max= {'a1': 1.616580753730952, 'a2': 1.460593486680443, 'a3': 5.49467273533905} logZ_max= 3.4284986752010753 obs_max= 8.090143392418076
dist_min= tensor(0.3560) dist_max= tensor(9.8402)
params_min,params_max=params_new,params_max
evaluating model at params_new={'a1': 1.616580753730952, 'a2': 1.460593486680443, 'a3': 5.494672735338846}
params_min= {'a1': 1.616580753730952, 'a2': 1.460593486680443, 'a3': 5.494672735338643} logZ_min= 3.4285339640337065 obs_min= 8.089250426208501
params_new= {'a1': 1.616580753730952, 'a2': 1.460593486680443, 'a3': 5.494672735338846} logZ_new= 3.428533936561895 obs_new= 8.089249269843258
params_max= {'a1': 1.616580753730952, 'a2': 1.460593486680443, 'a3': 5.49467273533905} logZ_max= 3.4284986752010753 obs_max= 8.090143392418076
dist_min= tensor(1.0515) dist_max= tensor(9.8924)
params_min,params_max=params_new,params_max
evaluating model at params_new={'a1': 1.616580753730952, 'a2': 1.460593486680443, 'a3': 5.494672735338948}
params_min= {'a1': 1.616580753730952, 'a2': 1.460593486680443, 'a3': 5.494672735338846} logZ_min= 3.428533936561895 obs_min= 8.089249269843258
params_new= {'a1': 1.616580753730952, 'a2': 1.460593486680443, 'a3': 5.494672735338948} logZ_new= 3.4285339535521637 obs_new= 8.08926523160722
params_max= {'a1': 1.616580753730952, 'a2': 1.460593486680443, 'a3': 5.49467273533905} logZ_max= 3.4284986752010753 obs_max= 8.090143392418076
dist_min= tensor(0.0544) dist_max= tensor(9.8683)
params_min,params_max=params_new,params_max
evaluating model at params_new={'a1': 1.616580753730952, 'a2': 1.460593486680443, 'a3': 5.494672735338999}
params_min= {'a1': 1.616580753730952, 'a2': 1.460593486680443, 'a3': 5.494672735338948} logZ_min= 3.4285339535521637 obs_min= 8.08926523160722
params_new= {'a1': 1.616580753730952, 'a2': 1.460593486680443, 'a3': 5.494672735338999} logZ_new= 3.428536780129575 obs_new= 8.089461278915145
params_max= {'a1': 1.616580753730952, 'a2': 1.460593486680443, 'a3': 5.49467273533905} logZ_max= 3.4284986752010753 obs_max= 8.090143392418076
dist_min= tensor(0.2331) dist_max= tensor(9.7080)
params_min,params_max=params_new,params_max
evaluating model at params_new={'a1': 1.616580753730952, 'a2': 1.460593486680443, 'a3': 5.494672735339025}
params_min= {'a1': 1.616580753730952, 'a2': 1.460593486680443, 'a3': 5.494672735338999} logZ_min= 3.428536780129575 obs_min= 8.089461278915145
params_new= {'a1': 1.616580753730952, 'a2': 1.460593486680443, 'a3': 5.494672735339025} logZ_new= 3.428534031576816 obs_new= 8.08941833527398
params_max= {'a1': 1.616580753730952, 'a2': 1.460593486680443, 'a3': 5.49467273533905} logZ_max= 3.4284986752010753 obs_max= 8.090143392418076
dist_min= tensor(0.7217) dist_max= tensor(9.6989)
params_min,params_max=params_new,params_max
evaluating model at params_new={'a1': 1.616580753730952, 'a2': 1.460593486680443, 'a3': 5.494672735339037}
params_min= {'a1': 1.616580753730952, 'a2': 1.460593486680443, 'a3': 5.494672735339025} logZ_min= 3.428534031576816 obs_min= 8.08941833527398
params_new= {'a1': 1.616580753730952, 'a2': 1.460593486680443, 'a3': 5.494672735339037} logZ_new= 3.428546022034159 obs_new= 8.090036608980322
params_max= {'a1': 1.616580753730952, 'a2': 1.460593486680443, 'a3': 5.49467273533905} logZ_max= 3.4284986752010753 obs_max= 8.090143392418076
dist_min= tensor(1.4202) dist_max= tensor(9.0800)
params_min,params_max=params_new,params_max
evaluating model at params_new={'a1': 1.616580753730952, 'a2': 1.460593486680443, 'a3': 5.494672735339043}
params_min= {'a1': 1.616580753730952, 'a2': 1.460593486680443, 'a3': 5.494672735339037} logZ_min= 3.428546022034159 obs_min= 8.090036608980322
params_new= {'a1': 1.616580753730952, 'a2': 1.460593486680443, 'a3': 5.494672735339043} logZ_new= 3.428539695332031 obs_new= 8.089710962722117
params_max= {'a1': 1.616580753730952, 'a2': 1.460593486680443, 'a3': 5.49467273533905} logZ_max= 3.4284986752010753 obs_max= 8.090143392418076
dist_min= tensor(1.5253) dist_max= tensor(9.5337)
params_min,params_max=params_new,params_max
evaluating model at params_new={'a1': 1.616580753730952, 'a2': 1.460593486680443, 'a3': 5.494672735339046}
params_min= {'a1': 1.616580753730952, 'a2': 1.460593486680443, 'a3': 5.494672735339043} logZ_min= 3.428539695332031 obs_min= 8.089710962722117
params_new= {'a1': 1.616580753730952, 'a2': 1.460593486680443, 'a3': 5.494672735339046} logZ_new= 3.428468045073613 obs_new= 8.088692925549628
params_max= {'a1': 1.616580753730952, 'a2': 1.460593486680443, 'a3': 5.49467273533905} logZ_max= 3.4284986752010753 obs_max= 8.090143392418076
dist_min= tensor(3.2763) dist_max= tensor(6.4036)
params_min,params_max=params_new,params_max
evaluating model at params_new={'a1': 1.616580753730952, 'a2': 1.460593486680443, 'a3': 5.494672735339048}
params_min= {'a1': 1.616580753730952, 'a2': 1.460593486680443, 'a3': 5.494672735339046} logZ_min= 3.428468045073613 obs_min= 8.088692925549628
params_new= {'a1': 1.616580753730952, 'a2': 1.460593486680443, 'a3': 5.494672735339048} logZ_new= 3.428541390090713 obs_new= 8.09159176097776
params_max= {'a1': 1.616580753730952, 'a2': 1.460593486680443, 'a3': 5.49467273533905} logZ_max= 3.4284986752010753 obs_max= 8.090143392418076
dist_min= tensor(2.2884) dist_max= tensor(4.7073)
params_min,params_max=params_new,params_max
evaluating model at params_new={'a1': 1.616580753730952, 'a2': 1.460593486680443, 'a3': 5.494672735339049}
params_min= {'a1': 1.616580753730952, 'a2': 1.460593486680443, 'a3': 5.494672735339048} logZ_min= 3.428541390090713 obs_min= 8.09159176097776
params_new= {'a1': 1.616580753730952, 'a2': 1.460593486680443, 'a3': 5.494672735339049} logZ_new= 3.4285863615764245 obs_new= 8.092393258689324
params_max= {'a1': 1.616580753730952, 'a2': 1.460593486680443, 'a3': 5.49467273533905} logZ_max= 3.4284986752010753 obs_max= 8.090143392418076
dist_min= tensor(1.6816) dist_max= tensor(5.4152)
params_min,params_max=params_new,params_max
critical params found:  {'a1': 1.616580753730952, 'a2': 1.460593486680443, 'a3': 5.49467273533905}
reference params:  {'a1': 1.1547005383792515, 'a2': 1.8257418583505538, 'a3': 4.47213595499958}
file saved to  data/AKLT3D_X10_scan_grid_critical_a3/a1_1.6165808_a2_1.4605935/Tc.json
