Start running find_critical_temp.py with options:{'filename': 'data/AKLT3D_X10_scan_grid_critical_a3/a1_1.3856406_a2_2.9211870/Tc.json', 'log_filename': 'data/AKLT3D_X10_scan_grid_critical_a3/a1_1.3856406_a2_2.9211870/Tc.log', 'nLayers': 60, 'max_dim': 10, 'model': 'AKLT3D', 'params_min': "{'a1': 1.3856406460551018, 'a2': 2.921186973360886, 'a3': 2.683281572999748}", 'params_max': "{'a1': 1.3856406460551018, 'a2': 2.921186973360886, 'a3': 3.577708763999664}", 'params_ref': None, 'observable_name': 'magnetizationZ', 'tol': 0.0, 'gilt_enabled': False, 'gilt_eps': 8e-07, 'gilt_nIter': 1, 'mcf_enabled': True, 'mcf_eps': 1e-16, 'mcf_max_iter': 200, 'hotrg_sanity_check': False, 'version': 1, 'device': 'cuda:1'}
loading library...
evaluating model at params_min={'a1': 1.3856406460551018, 'a2': 2.921186973360886, 'a3': 2.683281572999748}
params_min= {'a1': 1.3856406460551018, 'a2': 2.921186973360886, 'a3': 2.683281572999748} logZ_min= 3.521600181511342 obs_min= 1.3332225328638835e-28
evaluating model at params_max={'a1': 1.3856406460551018, 'a2': 2.921186973360886, 'a3': 3.577708763999664}
params_max= {'a1': 1.3856406460551018, 'a2': 2.921186973360886, 'a3': 3.577708763999664} logZ_max= 3.544468396864279 obs_max= 0.9438931838886007
searching for critical temperature using bisection method
evaluating model at params_new={'a1': 1.3856406460551018, 'a2': 2.921186973360886, 'a3': 3.130495168499706}
params_min= {'a1': 1.3856406460551018, 'a2': 2.921186973360886, 'a3': 2.683281572999748} logZ_min= 3.521600181511342 obs_min= 1.3332225328638835e-28
params_new= {'a1': 1.3856406460551018, 'a2': 2.921186973360886, 'a3': 3.130495168499706} logZ_new= 3.530362599590225 obs_new= 3.695857152546152e-27
params_max= {'a1': 1.3856406460551018, 'a2': 2.921186973360886, 'a3': 3.577708763999664} logZ_max= 3.544468396864279 obs_max= 0.9438931838886007
dist_min= tensor(25432.1038) dist_max= tensor(25428.9668)
params_min,params_max=params_min,params_new
evaluating model at params_new={'a1': 1.3856406460551018, 'a2': 2.921186973360886, 'a3': 2.9068883707497273}
params_min= {'a1': 1.3856406460551018, 'a2': 2.921186973360886, 'a3': 2.683281572999748} logZ_min= 3.521600181511342 obs_min= 1.3332225328638835e-28
params_new= {'a1': 1.3856406460551018, 'a2': 2.921186973360886, 'a3': 2.9068883707497273} logZ_new= 3.5128964361538246 obs_new= 2.384417226074817e-28
params_max= {'a1': 1.3856406460551018, 'a2': 2.921186973360886, 'a3': 3.130495168499706} logZ_max= 3.530362599590225 obs_max= 3.695857152546152e-27
dist_min= tensor(65.2448) dist_max= tensor(25435.5625)
params_min,params_max=params_new,params_max
evaluating model at params_new={'a1': 1.3856406460551018, 'a2': 2.921186973360886, 'a3': 3.0186917696247164}
params_min= {'a1': 1.3856406460551018, 'a2': 2.921186973360886, 'a3': 2.9068883707497273} logZ_min= 3.5128964361538246 obs_min= 2.384417226074817e-28
params_new= {'a1': 1.3856406460551018, 'a2': 2.921186973360886, 'a3': 3.0186917696247164} logZ_new= 3.5283613415625994 obs_new= 5.0629536455822215e-28
params_max= {'a1': 1.3856406460551018, 'a2': 2.921186973360886, 'a3': 3.130495168499706} logZ_max= 3.530362599590225 obs_max= 3.695857152546152e-27
dist_min= tensor(4.0965) dist_max= tensor(25434.2792)
params_min,params_max=params_new,params_max
evaluating model at params_new={'a1': 1.3856406460551018, 'a2': 2.921186973360886, 'a3': 3.0745934690622114}
params_min= {'a1': 1.3856406460551018, 'a2': 2.921186973360886, 'a3': 3.0186917696247164} logZ_min= 3.5283613415625994 obs_min= 5.0629536455822215e-28
params_new= {'a1': 1.3856406460551018, 'a2': 2.921186973360886, 'a3': 3.0745934690622114} logZ_new= 3.5167059093195934 obs_new= 0.10138469366402615
params_max= {'a1': 1.3856406460551018, 'a2': 2.921186973360886, 'a3': 3.130495168499706} logZ_max= 3.530362599590225 obs_max= 3.695857152546152e-27
dist_min= tensor(43252.7142) dist_max= tensor(17818.4408)
params_min,params_max=params_min,params_new
evaluating model at params_new={'a1': 1.3856406460551018, 'a2': 2.921186973360886, 'a3': 3.046642619343464}
params_min= {'a1': 1.3856406460551018, 'a2': 2.921186973360886, 'a3': 3.0186917696247164} logZ_min= 3.5283613415625994 obs_min= 5.0629536455822215e-28
params_new= {'a1': 1.3856406460551018, 'a2': 2.921186973360886, 'a3': 3.046642619343464} logZ_new= 3.528017276775891 obs_new= 2.5619945224649105e-28
params_max= {'a1': 1.3856406460551018, 'a2': 2.921186973360886, 'a3': 3.0745934690622114} logZ_max= 3.5167059093195934 obs_max= 0.10138469366402615
dist_min= tensor(2.8913) dist_max= tensor(43253.3722)
params_min,params_max=params_new,params_max
evaluating model at params_new={'a1': 1.3856406460551018, 'a2': 2.921186973360886, 'a3': 3.0606180442028377}
params_min= {'a1': 1.3856406460551018, 'a2': 2.921186973360886, 'a3': 3.046642619343464} logZ_min= 3.528017276775891 obs_min= 2.5619945224649105e-28
params_new= {'a1': 1.3856406460551018, 'a2': 2.921186973360886, 'a3': 3.0606180442028377} logZ_new= 3.5290999469488242 obs_new= 2.0760142529484028e-29
params_max= {'a1': 1.3856406460551018, 'a2': 2.921186973360886, 'a3': 3.0745934690622114} logZ_max= 3.5167059093195934 obs_max= 0.10138469366402615
dist_min= tensor(36.8676) dist_max= tensor(43216.5317)
params_min,params_max=params_new,params_max
evaluating model at params_new={'a1': 1.3856406460551018, 'a2': 2.921186973360886, 'a3': 3.0676057566325245}
params_min= {'a1': 1.3856406460551018, 'a2': 2.921186973360886, 'a3': 3.0606180442028377} logZ_min= 3.5290999469488242 obs_min= 2.0760142529484028e-29
params_new= {'a1': 1.3856406460551018, 'a2': 2.921186973360886, 'a3': 3.0676057566325245} logZ_new= 3.529324749691056 obs_new= 9.096447416343244e-25
params_max= {'a1': 1.3856406460551018, 'a2': 2.921186973360886, 'a3': 3.0745934690622114} logZ_max= 3.5167059093195934 obs_max= 0.10138469366402615
dist_min= tensor(36.3110) dist_max= tensor(43252.7559)
params_min,params_max=params_new,params_max
evaluating model at params_new={'a1': 1.3856406460551018, 'a2': 2.921186973360886, 'a3': 3.0710996128473678}
params_min= {'a1': 1.3856406460551018, 'a2': 2.921186973360886, 'a3': 3.0676057566325245} logZ_min= 3.529324749691056 obs_min= 9.096447416343244e-25
params_new= {'a1': 1.3856406460551018, 'a2': 2.921186973360886, 'a3': 3.0710996128473678} logZ_new= 3.515950948252865 obs_new= 2.1731148428471646e-25
params_max= {'a1': 1.3856406460551018, 'a2': 2.921186973360886, 'a3': 3.0745934690622114} logZ_max= 3.5167059093195934 obs_max= 0.10138469366402615
dist_min= tensor(72.1418) dist_max= tensor(43183.9686)
params_min,params_max=params_new,params_max
evaluating model at params_new={'a1': 1.3856406460551018, 'a2': 2.921186973360886, 'a3': 3.0728465409547896}
params_min= {'a1': 1.3856406460551018, 'a2': 2.921186973360886, 'a3': 3.0710996128473678} logZ_min= 3.515950948252865 obs_min= 2.1731148428471646e-25
params_new= {'a1': 1.3856406460551018, 'a2': 2.921186973360886, 'a3': 3.0728465409547896} logZ_new= 3.515999825240619 obs_new= 0.056412127409118704
params_max= {'a1': 1.3856406460551018, 'a2': 2.921186973360886, 'a3': 3.0745934690622114} logZ_max= 3.5167059093195934 obs_max= 0.10138469366402615
dist_min= tensor(72.8539) dist_max= tensor(43253.4833)
params_min,params_max=params_new,params_max
evaluating model at params_new={'a1': 1.3856406460551018, 'a2': 2.921186973360886, 'a3': 3.0737200050085005}
params_min= {'a1': 1.3856406460551018, 'a2': 2.921186973360886, 'a3': 3.0728465409547896} logZ_min= 3.515999825240619 obs_min= 0.056412127409118704
params_new= {'a1': 1.3856406460551018, 'a2': 2.921186973360886, 'a3': 3.0737200050085005} logZ_new= 3.5160781548667117 obs_new= 0.0659966015859402
params_max= {'a1': 1.3856406460551018, 'a2': 2.921186973360886, 'a3': 3.0745934690622114} logZ_max= 3.5167059093195934 obs_max= 0.10138469366402615
dist_min= tensor(0.1315) dist_max= tensor(43253.4808)
params_min,params_max=params_new,params_max
evaluating model at params_new={'a1': 1.3856406460551018, 'a2': 2.921186973360886, 'a3': 3.0741567370353557}
params_min= {'a1': 1.3856406460551018, 'a2': 2.921186973360886, 'a3': 3.0737200050085005} logZ_min= 3.5160781548667117 obs_min= 0.0659966015859402
params_new= {'a1': 1.3856406460551018, 'a2': 2.921186973360886, 'a3': 3.0741567370353557} logZ_new= nan obs_new= 2.818301944547589e-29
params_max= {'a1': 1.3856406460551018, 'a2': 2.921186973360886, 'a3': 3.0745934690622114} logZ_max= 3.5167059093195934 obs_max= 0.10138469366402615
dist_min= tensor(745.1710) dist_max= tensor(43260.3641)
params_min,params_max=params_new,params_max
evaluating model at params_new={'a1': 1.3856406460551018, 'a2': 2.921186973360886, 'a3': 3.0743751030487836}
params_min= {'a1': 1.3856406460551018, 'a2': 2.921186973360886, 'a3': 3.0741567370353557} logZ_min= nan obs_min= 2.818301944547589e-29
params_new= {'a1': 1.3856406460551018, 'a2': 2.921186973360886, 'a3': 3.0743751030487836} logZ_new= nan obs_new= 1.1618638456613912e-28
params_max= {'a1': 1.3856406460551018, 'a2': 2.921186973360886, 'a3': 3.0745934690622114} logZ_max= 3.5167059093195934 obs_max= 0.10138469366402615
dist_min= tensor(829.1004) dist_max= tensor(43255.0195)
params_min,params_max=params_new,params_max
evaluating model at params_new={'a1': 1.3856406460551018, 'a2': 2.921186973360886, 'a3': 3.0744842860554975}
params_min= {'a1': 1.3856406460551018, 'a2': 2.921186973360886, 'a3': 3.0743751030487836} logZ_min= nan obs_min= 1.1618638456613912e-28
params_new= {'a1': 1.3856406460551018, 'a2': 2.921186973360886, 'a3': 3.0744842860554975} logZ_new= nan obs_new= 4.0861508755252855e-29
params_max= {'a1': 1.3856406460551018, 'a2': 2.921186973360886, 'a3': 3.0745934690622114} logZ_max= 3.5167059093195934 obs_max= 0.10138469366402615
dist_min= tensor(756.7079) dist_max= tensor(43259.1443)
params_min,params_max=params_new,params_max
evaluating model at params_new={'a1': 1.3856406460551018, 'a2': 2.921186973360886, 'a3': 3.0745388775588545}
params_min= {'a1': 1.3856406460551018, 'a2': 2.921186973360886, 'a3': 3.0744842860554975} logZ_min= nan obs_min= 4.0861508755252855e-29
params_new= {'a1': 1.3856406460551018, 'a2': 2.921186973360886, 'a3': 3.0745388775588545} logZ_new= nan obs_new= 2.6011929787117465e-28
params_max= {'a1': 1.3856406460551018, 'a2': 2.921186973360886, 'a3': 3.0745934690622114} logZ_max= 3.5167059093195934 obs_max= 0.10138469366402615
dist_min= tensor(678.4191) dist_max= tensor(43253.9123)
params_min,params_max=params_new,params_max
evaluating model at params_new={'a1': 1.3856406460551018, 'a2': 2.921186973360886, 'a3': 3.074566173310533}
params_min= {'a1': 1.3856406460551018, 'a2': 2.921186973360886, 'a3': 3.0745388775588545} logZ_min= nan obs_min= 2.6011929787117465e-28
params_new= {'a1': 1.3856406460551018, 'a2': 2.921186973360886, 'a3': 3.074566173310533} logZ_new= 3.5294073887405033 obs_new= 1.8531226754017088e-27
params_max= {'a1': 1.3856406460551018, 'a2': 2.921186973360886, 'a3': 3.0745934690622114} logZ_max= 3.5167059093195934 obs_max= 0.10138469366402615
dist_min= tensor(9113.3883) dist_max= tensor(34141.2891)
params_min,params_max=params_new,params_max
evaluating model at params_new={'a1': 1.3856406460551018, 'a2': 2.921186973360886, 'a3': 3.074579821186372}
params_min= {'a1': 1.3856406460551018, 'a2': 2.921186973360886, 'a3': 3.074566173310533} logZ_min= 3.5294073887405033 obs_min= 1.8531226754017088e-27
params_new= {'a1': 1.3856406460551018, 'a2': 2.921186973360886, 'a3': 3.074579821186372} logZ_new= 3.516843459140268 obs_new= 0.10326981050617604
params_max= {'a1': 1.3856406460551018, 'a2': 2.921186973360886, 'a3': 3.0745934690622114} logZ_max= 3.5167059093195934 obs_max= 0.10138469366402615
dist_min= tensor(9112.1950) dist_max= tensor(43253.4833)
params_min,params_max=params_new,params_max
evaluating model at params_new={'a1': 1.3856406460551018, 'a2': 2.921186973360886, 'a3': 3.074586645124292}
params_min= {'a1': 1.3856406460551018, 'a2': 2.921186973360886, 'a3': 3.074579821186372} logZ_min= 3.516843459140268 obs_min= 0.10326981050617604
params_new= {'a1': 1.3856406460551018, 'a2': 2.921186973360886, 'a3': 3.074586645124292} logZ_new= nan obs_new= 1.3168843546223585e-28
params_max= {'a1': 1.3856406460551018, 'a2': 2.921186973360886, 'a3': 3.0745934690622114} logZ_max= 3.5167059093195934 obs_max= 0.10138469366402615
dist_min= tensor(255.6049) dist_max= tensor(43254.0042)
params_min,params_max=params_new,params_max
evaluating model at params_new={'a1': 1.3856406460551018, 'a2': 2.921186973360886, 'a3': 3.0745900570932516}
params_min= {'a1': 1.3856406460551018, 'a2': 2.921186973360886, 'a3': 3.074586645124292} logZ_min= nan obs_min= 1.3168843546223585e-28
params_new= {'a1': 1.3856406460551018, 'a2': 2.921186973360886, 'a3': 3.0745900570932516} logZ_new= nan obs_new= 0.08024461793842193
params_max= {'a1': 1.3856406460551018, 'a2': 2.921186973360886, 'a3': 3.0745934690622114} logZ_max= 3.5167059093195934 obs_max= 0.10138469366402615
dist_min= tensor(255.7073) dist_max= tensor(43253.9973)
params_min,params_max=params_new,params_max
evaluating model at params_new={'a1': 1.3856406460551018, 'a2': 2.921186973360886, 'a3': 3.0745917630777315}
params_min= {'a1': 1.3856406460551018, 'a2': 2.921186973360886, 'a3': 3.0745900570932516} logZ_min= nan obs_min= 0.08024461793842193
params_new= {'a1': 1.3856406460551018, 'a2': 2.921186973360886, 'a3': 3.0745917630777315} logZ_new= 3.515963512154433 obs_new= 4.163638088010326e-27
params_max= {'a1': 1.3856406460551018, 'a2': 2.921186973360886, 'a3': 3.0745934690622114} logZ_max= 3.5167059093195934 obs_max= 0.10138469366402615
dist_min= tensor(2.7958) dist_max= tensor(43253.1074)
params_min,params_max=params_new,params_max
evaluating model at params_new={'a1': 1.3856406460551018, 'a2': 2.921186973360886, 'a3': 3.0745926160699715}
params_min= {'a1': 1.3856406460551018, 'a2': 2.921186973360886, 'a3': 3.0745917630777315} logZ_min= 3.515963512154433 obs_min= 4.163638088010326e-27
params_new= {'a1': 1.3856406460551018, 'a2': 2.921186973360886, 'a3': 3.0745926160699715} logZ_new= 3.5160349907956765 obs_new= 0.058199725632542
params_max= {'a1': 1.3856406460551018, 'a2': 2.921186973360886, 'a3': 3.0745934690622114} logZ_max= 3.5167059093195934 obs_max= 0.10138469366402615
dist_min= tensor(2.2657) dist_max= tensor(43253.4833)
params_min,params_max=params_new,params_max
evaluating model at params_new={'a1': 1.3856406460551018, 'a2': 2.921186973360886, 'a3': 3.0745930425660912}
params_min= {'a1': 1.3856406460551018, 'a2': 2.921186973360886, 'a3': 3.0745926160699715} logZ_min= 3.5160349907956765 obs_min= 0.058199725632542
params_new= {'a1': 1.3856406460551018, 'a2': 2.921186973360886, 'a3': 3.0745930425660912} logZ_new= 3.5160448444282 obs_new= 1.3089411385415863e-27
params_max= {'a1': 1.3856406460551018, 'a2': 2.921186973360886, 'a3': 3.0745934690622114} logZ_max= 3.5167059093195934 obs_max= 0.10138469366402615
dist_min= tensor(7115.1279) dist_max= tensor(43835.4216)
params_min,params_max=params_new,params_max
evaluating model at params_new={'a1': 1.3856406460551018, 'a2': 2.921186973360886, 'a3': 3.0745932558141513}
params_min= {'a1': 1.3856406460551018, 'a2': 2.921186973360886, 'a3': 3.0745930425660912} logZ_min= 3.5160448444282 obs_min= 1.3089411385415863e-27
params_new= {'a1': 1.3856406460551018, 'a2': 2.921186973360886, 'a3': 3.0745932558141513} logZ_new= nan obs_new= 4.323007433969689e-26
params_max= {'a1': 1.3856406460551018, 'a2': 2.921186973360886, 'a3': 3.0745934690622114} logZ_max= 3.5167059093195934 obs_max= 0.10138469366402615
dist_min= tensor(340899.4165) dist_max= tensor(343558.8617)
params_min,params_max=params_new,params_max
evaluating model at params_new={'a1': 1.3856406460551018, 'a2': 2.921186973360886, 'a3': 3.0745933624381814}
params_min= {'a1': 1.3856406460551018, 'a2': 2.921186973360886, 'a3': 3.0745932558141513} logZ_min= nan obs_min= 4.323007433969689e-26
params_new= {'a1': 1.3856406460551018, 'a2': 2.921186973360886, 'a3': 3.0745933624381814} logZ_new= 3.5160644138250046 obs_new= 0.06689612925950789
params_max= {'a1': 1.3856406460551018, 'a2': 2.921186973360886, 'a3': 3.0745934690622114} logZ_max= 3.5167059093195934 obs_max= 0.10138469366402615
dist_min= tensor(340825.1992) dist_max= tensor(43253.4824)
params_min,params_max=params_min,params_new
evaluating model at params_new={'a1': 1.3856406460551018, 'a2': 2.921186973360886, 'a3': 3.0745933091261666}
params_min= {'a1': 1.3856406460551018, 'a2': 2.921186973360886, 'a3': 3.0745932558141513} logZ_min= nan obs_min= 4.323007433969689e-26
params_new= {'a1': 1.3856406460551018, 'a2': 2.921186973360886, 'a3': 3.0745933091261666} logZ_new= 3.528550437113834 obs_new= 3.4360002241080145e-29
params_max= {'a1': 1.3856406460551018, 'a2': 2.921186973360886, 'a3': 3.0745933624381814} logZ_max= 3.5160644138250046 obs_max= 0.06689612925950789
dist_min= tensor(341310.1526) dist_max= tensor(18192.0275)
params_min,params_max=params_min,params_new
evaluating model at params_new={'a1': 1.3856406460551018, 'a2': 2.921186973360886, 'a3': 3.074593282470159}
params_min= {'a1': 1.3856406460551018, 'a2': 2.921186973360886, 'a3': 3.0745932558141513} logZ_min= nan obs_min= 4.323007433969689e-26
params_new= {'a1': 1.3856406460551018, 'a2': 2.921186973360886, 'a3': 3.074593282470159} logZ_new= 3.5166719570598572 obs_new= 0.09178453733540085
params_max= {'a1': 1.3856406460551018, 'a2': 2.921186973360886, 'a3': 3.0745933091261666} logZ_max= 3.528550437113834 obs_max= 3.4360002241080145e-29
dist_min= tensor(340825.1990) dist_max= tensor(18192.6764)
params_min,params_max=params_min,params_new
evaluating model at params_new={'a1': 1.3856406460551018, 'a2': 2.921186973360886, 'a3': 3.074593269142155}
params_min= {'a1': 1.3856406460551018, 'a2': 2.921186973360886, 'a3': 3.0745932558141513} logZ_min= nan obs_min= 4.323007433969689e-26
params_new= {'a1': 1.3856406460551018, 'a2': 2.921186973360886, 'a3': 3.074593269142155} logZ_new= nan obs_new= 0.09021086700645292
params_max= {'a1': 1.3856406460551018, 'a2': 2.921186973360886, 'a3': 3.074593282470159} logZ_max= 3.5166719570598572 obs_max= 0.09178453733540085
dist_min= tensor(340825.1990) dist_max= tensor(0.7986)
params_min,params_max=params_min,params_new
evaluating model at params_new={'a1': 1.3856406460551018, 'a2': 2.921186973360886, 'a3': 3.074593262478153}
params_min= {'a1': 1.3856406460551018, 'a2': 2.921186973360886, 'a3': 3.0745932558141513} logZ_min= nan obs_min= 4.323007433969689e-26
params_new= {'a1': 1.3856406460551018, 'a2': 2.921186973360886, 'a3': 3.074593262478153} logZ_new= 3.5160260113716975 obs_new= 0.05219971727031982
params_max= {'a1': 1.3856406460551018, 'a2': 2.921186973360886, 'a3': 3.074593269142155} logZ_max= nan obs_max= 0.09021086700645292
dist_min= tensor(340825.1995) dist_max= tensor(1.3749)
params_min,params_max=params_min,params_new
evaluating model at params_new={'a1': 1.3856406460551018, 'a2': 2.921186973360886, 'a3': 3.0745932591461522}
params_min= {'a1': 1.3856406460551018, 'a2': 2.921186973360886, 'a3': 3.0745932558141513} logZ_min= nan obs_min= 4.323007433969689e-26
params_new= {'a1': 1.3856406460551018, 'a2': 2.921186973360886, 'a3': 3.0745932591461522} logZ_new= 3.516704848853543 obs_new= 0.09904983620573232
params_max= {'a1': 1.3856406460551018, 'a2': 2.921186973360886, 'a3': 3.074593262478153} logZ_max= 3.5160260113716975 obs_max= 0.05219971727031982
dist_min= tensor(340825.1990) dist_max= tensor(3.7668)
params_min,params_max=params_min,params_new
evaluating model at params_new={'a1': 1.3856406460551018, 'a2': 2.921186973360886, 'a3': 3.074593257480152}
params_min= {'a1': 1.3856406460551018, 'a2': 2.921186973360886, 'a3': 3.0745932558141513} logZ_min= nan obs_min= 4.323007433969689e-26
params_new= {'a1': 1.3856406460551018, 'a2': 2.921186973360886, 'a3': 3.074593257480152} logZ_new= 3.51669734756758 obs_new= 0.10015113035164677
params_max= {'a1': 1.3856406460551018, 'a2': 2.921186973360886, 'a3': 3.0745932591461522} logZ_max= 3.516704848853543 obs_max= 0.09904983620573232
dist_min= tensor(340825.1993) dist_max= tensor(2.7986)
params_min,params_max=params_min,params_new
evaluating model at params_new={'a1': 1.3856406460551018, 'a2': 2.921186973360886, 'a3': 3.0745932566471517}
params_min= {'a1': 1.3856406460551018, 'a2': 2.921186973360886, 'a3': 3.0745932558141513} logZ_min= nan obs_min= 4.323007433969689e-26
params_new= {'a1': 1.3856406460551018, 'a2': 2.921186973360886, 'a3': 3.0745932566471517} logZ_new= 3.5285476791838435 obs_new= 1.4496742283095301e-27
params_max= {'a1': 1.3856406460551018, 'a2': 2.921186973360886, 'a3': 3.074593257480152} logZ_max= 3.51669734756758 obs_max= 0.10015113035164677
dist_min= tensor(340824.9557) dist_max= tensor(24.6015)
params_min,params_max=params_min,params_new
evaluating model at params_new={'a1': 1.3856406460551018, 'a2': 2.921186973360886, 'a3': 3.0745932562306515}
params_min= {'a1': 1.3856406460551018, 'a2': 2.921186973360886, 'a3': 3.0745932558141513} logZ_min= nan obs_min= 4.323007433969689e-26
params_new= {'a1': 1.3856406460551018, 'a2': 2.921186973360886, 'a3': 3.0745932562306515} logZ_new= nan obs_new= 4.1974968154052826e-29
params_max= {'a1': 1.3856406460551018, 'a2': 2.921186973360886, 'a3': 3.0745932566471517} logZ_max= 3.5285476791838435 obs_max= 1.4496742283095301e-27
dist_min= tensor(340824.9700) dist_max= tensor(130.1738)
params_min,params_max=params_min,params_new
evaluating model at params_new={'a1': 1.3856406460551018, 'a2': 2.921186973360886, 'a3': 3.0745932560224016}
params_min= {'a1': 1.3856406460551018, 'a2': 2.921186973360886, 'a3': 3.0745932558141513} logZ_min= nan obs_min= 4.323007433969689e-26
params_new= {'a1': 1.3856406460551018, 'a2': 2.921186973360886, 'a3': 3.0745932560224016} logZ_new= 3.528549592277649 obs_new= 1.4606741575694484e-28
params_max= {'a1': 1.3856406460551018, 'a2': 2.921186973360886, 'a3': 3.0745932562306515} logZ_max= nan obs_max= 4.1974968154052826e-29
dist_min= tensor(340825.2075) dist_max= tensor(425.9080)
params_min,params_max=params_min,params_new
evaluating model at params_new={'a1': 1.3856406460551018, 'a2': 2.921186973360886, 'a3': 3.0745932559182765}
params_min= {'a1': 1.3856406460551018, 'a2': 2.921186973360886, 'a3': 3.0745932558141513} logZ_min= nan obs_min= 4.323007433969689e-26
params_new= {'a1': 1.3856406460551018, 'a2': 2.921186973360886, 'a3': 3.0745932559182765} logZ_new= nan obs_new= 9.537117978626514e-28
params_max= {'a1': 1.3856406460551018, 'a2': 2.921186973360886, 'a3': 3.0745932560224016} logZ_max= 3.528549592277649 obs_max= 1.4606741575694484e-28
dist_min= tensor(340824.7677) dist_max= tensor(418.8976)
params_min,params_max=params_min,params_new
evaluating model at params_new={'a1': 1.3856406460551018, 'a2': 2.921186973360886, 'a3': 3.0745932558662137}
params_min= {'a1': 1.3856406460551018, 'a2': 2.921186973360886, 'a3': 3.0745932558141513} logZ_min= nan obs_min= 4.323007433969689e-26
params_new= {'a1': 1.3856406460551018, 'a2': 2.921186973360886, 'a3': 3.0745932558662137} logZ_new= 3.516011213911134 obs_new= 0.04755430602374538
params_max= {'a1': 1.3856406460551018, 'a2': 2.921186973360886, 'a3': 3.0745932559182765} logZ_max= nan obs_max= 9.537117978626514e-28
dist_min= tensor(340825.2121) dist_max= tensor(90.9459)
params_min,params_max=params_min,params_new
evaluating model at params_new={'a1': 1.3856406460551018, 'a2': 2.921186973360886, 'a3': 3.0745932558401825}
params_min= {'a1': 1.3856406460551018, 'a2': 2.921186973360886, 'a3': 3.0745932558141513} logZ_min= nan obs_min= 4.323007433969689e-26
params_new= {'a1': 1.3856406460551018, 'a2': 2.921186973360886, 'a3': 3.0745932558401825} logZ_new= 3.529485079697215 obs_new= 2.438040665823555e-28
params_max= {'a1': 1.3856406460551018, 'a2': 2.921186973360886, 'a3': 3.0745932558662137} logZ_max= 3.516011213911134 obs_max= 0.04755430602374538
dist_min= tensor(340824.7648) dist_max= tensor(88.6133)
params_min,params_max=params_min,params_new
evaluating model at params_new={'a1': 1.3856406460551018, 'a2': 2.921186973360886, 'a3': 3.0745932558271667}
params_min= {'a1': 1.3856406460551018, 'a2': 2.921186973360886, 'a3': 3.0745932558141513} logZ_min= nan obs_min= 4.323007433969689e-26
params_new= {'a1': 1.3856406460551018, 'a2': 2.921186973360886, 'a3': 3.0745932558271667} logZ_new= nan obs_new= 0.010140380629720766
params_max= {'a1': 1.3856406460551018, 'a2': 2.921186973360886, 'a3': 3.0745932558401825} logZ_max= 3.529485079697215 obs_max= 2.438040665823555e-28
dist_min= tensor(340825.1993) dist_max= tensor(6.1017)
params_min,params_max=params_min,params_new
evaluating model at params_new={'a1': 1.3856406460551018, 'a2': 2.921186973360886, 'a3': 3.074593255820659}
params_min= {'a1': 1.3856406460551018, 'a2': 2.921186973360886, 'a3': 3.0745932558141513} logZ_min= nan obs_min= 4.323007433969689e-26
params_new= {'a1': 1.3856406460551018, 'a2': 2.921186973360886, 'a3': 3.074593255820659} logZ_new= 3.528549936373806 obs_new= 2.1521601581093476e-28
params_max= {'a1': 1.3856406460551018, 'a2': 2.921186973360886, 'a3': 3.0745932558271667} logZ_max= nan obs_max= 0.010140380629720766
dist_min= tensor(340824.9574) dist_max= tensor(19.4337)
params_min,params_max=params_min,params_new
evaluating model at params_new={'a1': 1.3856406460551018, 'a2': 2.921186973360886, 'a3': 3.074593255817405}
params_min= {'a1': 1.3856406460551018, 'a2': 2.921186973360886, 'a3': 3.0745932558141513} logZ_min= nan obs_min= 4.323007433969689e-26
params_new= {'a1': 1.3856406460551018, 'a2': 2.921186973360886, 'a3': 3.074593255817405} logZ_new= 3.5160579736318276 obs_new= 0.06556912011887897
params_max= {'a1': 1.3856406460551018, 'a2': 2.921186973360886, 'a3': 3.074593255820659} logZ_max= 3.528549936373806 obs_max= 2.1521601581093476e-28
dist_min= tensor(340825.1992) dist_max= tensor(17.9534)
params_min,params_max=params_min,params_new
evaluating model at params_new={'a1': 1.3856406460551018, 'a2': 2.921186973360886, 'a3': 3.0745932558157785}
params_min= {'a1': 1.3856406460551018, 'a2': 2.921186973360886, 'a3': 3.0745932558141513} logZ_min= nan obs_min= 4.323007433969689e-26
params_new= {'a1': 1.3856406460551018, 'a2': 2.921186973360886, 'a3': 3.0745932558157785} logZ_new= 3.5285348245317527 obs_new= 2.8041495609124097e-29
params_max= {'a1': 1.3856406460551018, 'a2': 2.921186973360886, 'a3': 3.074593255817405} logZ_max= 3.5160579736318276 obs_max= 0.06556912011887897
dist_min= tensor(340807.6523) dist_max= tensor(562.5824)
params_min,params_max=params_min,params_new
evaluating model at params_new={'a1': 1.3856406460551018, 'a2': 2.921186973360886, 'a3': 3.074593255814965}
params_min= {'a1': 1.3856406460551018, 'a2': 2.921186973360886, 'a3': 3.0745932558141513} logZ_min= nan obs_min= 4.323007433969689e-26
params_new= {'a1': 1.3856406460551018, 'a2': 2.921186973360886, 'a3': 3.074593255814965} logZ_new= 3.5159580517833198 obs_new= 2.1244184010589392e-26
params_max= {'a1': 1.3856406460551018, 'a2': 2.921186973360886, 'a3': 3.0745932558157785} logZ_max= 3.5285348245317527 obs_max= 2.8041495609124097e-29
dist_min= tensor(340825.2040) dist_max= tensor(564.9446)
params_min,params_max=params_min,params_new
evaluating model at params_new={'a1': 1.3856406460551018, 'a2': 2.921186973360886, 'a3': 3.074593255814558}
params_min= {'a1': 1.3856406460551018, 'a2': 2.921186973360886, 'a3': 3.0745932558141513} logZ_min= nan obs_min= 4.323007433969689e-26
params_new= {'a1': 1.3856406460551018, 'a2': 2.921186973360886, 'a3': 3.074593255814558} logZ_new= 3.516029336522981 obs_new= 0.05463356638266538
params_max= {'a1': 1.3856406460551018, 'a2': 2.921186973360886, 'a3': 3.074593255814965} logZ_max= 3.5159580517833198 obs_max= 2.1244184010589392e-26
dist_min= tensor(340825.1993) dist_max= tensor(67.1422)
params_min,params_max=params_min,params_new
evaluating model at params_new={'a1': 1.3856406460551018, 'a2': 2.921186973360886, 'a3': 3.0745932558143547}
params_min= {'a1': 1.3856406460551018, 'a2': 2.921186973360886, 'a3': 3.0745932558141513} logZ_min= nan obs_min= 4.323007433969689e-26
params_new= {'a1': 1.3856406460551018, 'a2': 2.921186973360886, 'a3': 3.0745932558143547} logZ_new= 3.529483544764828 obs_new= 2.1458331023910034e-24
params_max= {'a1': 1.3856406460551018, 'a2': 2.921186973360886, 'a3': 3.074593255814558} logZ_max= 3.516029336522981 obs_max= 0.05463356638266538
dist_min= tensor(340824.7651) dist_max= tensor(4.3114)
params_min,params_max=params_min,params_new
evaluating model at params_new={'a1': 1.3856406460551018, 'a2': 2.921186973360886, 'a3': 3.074593255814253}
params_min= {'a1': 1.3856406460551018, 'a2': 2.921186973360886, 'a3': 3.0745932558141513} logZ_min= nan obs_min= 4.323007433969689e-26
params_new= {'a1': 1.3856406460551018, 'a2': 2.921186973360886, 'a3': 3.074593255814253} logZ_new= 3.52907178728706 obs_new= 3.576887605860724e-28
params_max= {'a1': 1.3856406460551018, 'a2': 2.921186973360886, 'a3': 3.0745932558143547} logZ_max= 3.529483544764828 obs_max= 2.1458331023910034e-24
dist_min= tensor(340824.7677) dist_max= tensor(0.1361)
params_min,params_max=params_min,params_new
evaluating model at params_new={'a1': 1.3856406460551018, 'a2': 2.921186973360886, 'a3': 3.074593255814202}
params_min= {'a1': 1.3856406460551018, 'a2': 2.921186973360886, 'a3': 3.0745932558141513} logZ_min= nan obs_min= 4.323007433969689e-26
params_new= {'a1': 1.3856406460551018, 'a2': 2.921186973360886, 'a3': 3.074593255814202} logZ_new= 3.5159683523440997 obs_new= 1.4093563920638113e-26
params_max= {'a1': 1.3856406460551018, 'a2': 2.921186973360886, 'a3': 3.074593255814253} logZ_max= 3.52907178728706 obs_max= 3.576887605860724e-28
dist_min= tensor(340824.8897) dist_max= tensor(14.8926)
params_min,params_max=params_min,params_new
evaluating model at params_new={'a1': 1.3856406460551018, 'a2': 2.921186973360886, 'a3': 3.0745932558141766}
params_min= {'a1': 1.3856406460551018, 'a2': 2.921186973360886, 'a3': 3.0745932558141513} logZ_min= nan obs_min= 4.323007433969689e-26
params_new= {'a1': 1.3856406460551018, 'a2': 2.921186973360886, 'a3': 3.0745932558141766} logZ_new= 3.5285376198244873 obs_new= 7.500013740833771e-29
params_max= {'a1': 1.3856406460551018, 'a2': 2.921186973360886, 'a3': 3.074593255814202} logZ_max= 3.5159683523440997 obs_max= 1.4093563920638113e-26
dist_min= tensor(340824.9757) dist_max= tensor(116.6906)
params_min,params_max=params_min,params_new
evaluating model at params_new={'a1': 1.3856406460551018, 'a2': 2.921186973360886, 'a3': 3.0745932558141638}
params_min= {'a1': 1.3856406460551018, 'a2': 2.921186973360886, 'a3': 3.0745932558141513} logZ_min= nan obs_min= 4.323007433969689e-26
params_new= {'a1': 1.3856406460551018, 'a2': 2.921186973360886, 'a3': 3.0745932558141638} logZ_new= 3.516032730953391 obs_new= 6.963869626828456e-26
params_max= {'a1': 1.3856406460551018, 'a2': 2.921186973360886, 'a3': 3.0745932558141766} logZ_max= 3.5285376198244873 obs_max= 7.500013740833771e-29
dist_min= tensor(340825.1985) dist_max= tensor(116.8561)
params_min,params_max=params_min,params_new
evaluating model at params_new={'a1': 1.3856406460551018, 'a2': 2.921186973360886, 'a3': 3.0745932558141575}
params_min= {'a1': 1.3856406460551018, 'a2': 2.921186973360886, 'a3': 3.0745932558141513} logZ_min= nan obs_min= 4.323007433969689e-26
params_new= {'a1': 1.3856406460551018, 'a2': 2.921186973360886, 'a3': 3.0745932558141575} logZ_new= nan obs_new= 3.768570588487811e-29
params_max= {'a1': 1.3856406460551018, 'a2': 2.921186973360886, 'a3': 3.0745932558141638} logZ_max= 3.516032730953391 obs_max= 6.963869626828456e-26
dist_min= tensor(340824.9574) dist_max= tensor(43.6932)
params_min,params_max=params_min,params_new
evaluating model at params_new={'a1': 1.3856406460551018, 'a2': 2.921186973360886, 'a3': 3.0745932558141544}
params_min= {'a1': 1.3856406460551018, 'a2': 2.921186973360886, 'a3': 3.0745932558141513} logZ_min= nan obs_min= 4.323007433969689e-26
params_new= {'a1': 1.3856406460551018, 'a2': 2.921186973360886, 'a3': 3.0745932558141544} logZ_new= 3.5285471139905895 obs_new= -9.219893083924711e-29
params_max= {'a1': 1.3856406460551018, 'a2': 2.921186973360886, 'a3': 3.0745932558141575} logZ_max= nan obs_max= 3.768570588487811e-29
dist_min= tensor(340851.3747) dist_max= tensor(4243.1917)
params_min,params_max=params_min,params_new
evaluating model at params_new={'a1': 1.3856406460551018, 'a2': 2.921186973360886, 'a3': 3.074593255814153}
params_min= {'a1': 1.3856406460551018, 'a2': 2.921186973360886, 'a3': 3.0745932558141513} logZ_min= nan obs_min= 4.323007433969689e-26
params_new= {'a1': 1.3856406460551018, 'a2': 2.921186973360886, 'a3': 3.074593255814153} logZ_new= 3.528549968165469 obs_new= 2.9504571064649693e-28
params_max= {'a1': 1.3856406460551018, 'a2': 2.921186973360886, 'a3': 3.0745932558141544} logZ_max= 3.5285471139905895 obs_max= -9.219893083924711e-29
dist_min= tensor(340824.9900) dist_max= tensor(4218.5591)
params_min,params_max=params_min,params_new
evaluating model at params_new={'a1': 1.3856406460551018, 'a2': 2.921186973360886, 'a3': 3.074593255814152}
params_min= {'a1': 1.3856406460551018, 'a2': 2.921186973360886, 'a3': 3.0745932558141513} logZ_min= nan obs_min= 4.323007433969689e-26
params_new= {'a1': 1.3856406460551018, 'a2': 2.921186973360886, 'a3': 3.074593255814152} logZ_new= nan obs_new= 6.426593408893959e-28
params_max= {'a1': 1.3856406460551018, 'a2': 2.921186973360886, 'a3': 3.074593255814153} logZ_max= 3.528549968165469 obs_max= 2.9504571064649693e-28
dist_min= tensor(340824.9557) dist_max= tensor(149.3430)
params_min,params_max=params_min,params_new
evaluating model at params_new={'a1': 1.3856406460551018, 'a2': 2.921186973360886, 'a3': 3.0745932558141518}
params_min= {'a1': 1.3856406460551018, 'a2': 2.921186973360886, 'a3': 3.0745932558141513} logZ_min= nan obs_min= 4.323007433969689e-26
params_new= {'a1': 1.3856406460551018, 'a2': 2.921186973360886, 'a3': 3.0745932558141518} logZ_new= 3.528548677206328 obs_new= 8.9049838951281e-29
params_max= {'a1': 1.3856406460551018, 'a2': 2.921186973360886, 'a3': 3.074593255814152} logZ_max= nan obs_max= 6.426593408893959e-28
dist_min= tensor(340825.1014) dist_max= tensor(312.8692)
params_min,params_max=params_min,params_new
critical params found:  {'a1': 1.3856406460551018, 'a2': 2.921186973360886, 'a3': 3.0745932558141513}
reference params:  {'a1': 1.1547005383792515, 'a2': 1.8257418583505538, 'a3': 4.47213595499958}
file saved to  data/AKLT3D_X10_scan_grid_critical_a3/a1_1.3856406_a2_2.9211870/Tc.json
