Start running find_critical_temp.py with options:{'filename': 'data/AKLT3D_X10_scan_grid_critical_a3/a1_2.3094011_a2_0.3651484/Tc.json', 'log_filename': 'data/AKLT3D_X10_scan_grid_critical_a3/a1_2.3094011_a2_0.3651484/Tc.log', 'nLayers': 60, 'max_dim': 10, 'model': 'AKLT3D', 'params_min': "{'a1': 2.309401076758503, 'a2': 0.3651483716701107, 'a3': 6.260990336999412}", 'params_max': "{'a1': 2.309401076758503, 'a2': 0.3651483716701107, 'a3': 7.155417527999328}", 'params_ref': None, 'observable_name': 'magnetizationZ', 'tol': 0.0, 'gilt_enabled': False, 'gilt_eps': 8e-07, 'gilt_nIter': 1, 'mcf_enabled': True, 'mcf_eps': 1e-16, 'mcf_max_iter': 200, 'hotrg_sanity_check': False, 'version': 1, 'device': 'cuda:1'}
loading library...
evaluating model at params_min={'a1': 2.309401076758503, 'a2': 0.3651483716701107, 'a3': 6.260990336999412}
params_min= {'a1': 2.309401076758503, 'a2': 0.3651483716701107, 'a3': 6.260990336999412} logZ_min= 3.805194516784541 obs_min= 3.6859467968898605e-34
evaluating model at params_max={'a1': 2.309401076758503, 'a2': 0.3651483716701107, 'a3': 7.155417527999328}
params_max= {'a1': 2.309401076758503, 'a2': 0.3651483716701107, 'a3': 7.155417527999328} logZ_max= 3.9212689361139144 obs_max= 8.95267610204838
searching for critical temperature using bisection method
evaluating model at params_new={'a1': 2.309401076758503, 'a2': 0.3651483716701107, 'a3': 6.708203932499369}
params_min= {'a1': 2.309401076758503, 'a2': 0.3651483716701107, 'a3': 6.260990336999412} logZ_min= 3.805194516784541 obs_min= 3.6859467968898605e-34
params_new= {'a1': 2.309401076758503, 'a2': 0.3651483716701107, 'a3': 6.708203932499369} logZ_new= 3.8103785322595054 obs_new= 3.5249250149447464e-34
params_max= {'a1': 2.309401076758503, 'a2': 0.3651483716701107, 'a3': 7.155417527999328} logZ_max= 3.9212689361139144 obs_max= 8.95267610204838
dist_min= tensor(305.1398) dist_max= tensor(870.2548)
params_min,params_max=params_new,params_max
evaluating model at params_new={'a1': 2.309401076758503, 'a2': 0.3651483716701107, 'a3': 6.931810730249349}
params_min= {'a1': 2.309401076758503, 'a2': 0.3651483716701107, 'a3': 6.708203932499369} logZ_min= 3.8103785322595054 obs_min= 3.5249250149447464e-34
params_new= {'a1': 2.309401076758503, 'a2': 0.3651483716701107, 'a3': 6.931810730249349} logZ_new= 3.8507597787192376 obs_new= 8.920655965728471
params_max= {'a1': 2.309401076758503, 'a2': 0.3651483716701107, 'a3': 7.155417527999328} logZ_max= 3.9212689361139144 obs_max= 8.95267610204838
dist_min= tensor(865.5184) dist_max= tensor(5.3349)
params_min,params_max=params_min,params_new
evaluating model at params_new={'a1': 2.309401076758503, 'a2': 0.3651483716701107, 'a3': 6.820007331374359}
params_min= {'a1': 2.309401076758503, 'a2': 0.3651483716701107, 'a3': 6.708203932499369} logZ_min= 3.8103785322595054 obs_min= 3.5249250149447464e-34
params_new= {'a1': 2.309401076758503, 'a2': 0.3651483716701107, 'a3': 6.820007331374359} logZ_new= 3.811337725322077 obs_new= 4.0511686099395977e-32
params_max= {'a1': 2.309401076758503, 'a2': 0.3651483716701107, 'a3': 6.931810730249349} logZ_max= 3.8507597787192376 obs_max= 8.920655965728471
dist_min= tensor(866.0831) dist_max= tensor(46.5803)
params_min,params_max=params_min,params_new
evaluating model at params_new={'a1': 2.309401076758503, 'a2': 0.3651483716701107, 'a3': 6.764105631936864}
params_min= {'a1': 2.309401076758503, 'a2': 0.3651483716701107, 'a3': 6.708203932499369} logZ_min= 3.8103785322595054 obs_min= 3.5249250149447464e-34
params_new= {'a1': 2.309401076758503, 'a2': 0.3651483716701107, 'a3': 6.764105631936864} logZ_new= 3.8106796207492577 obs_new= 6.844110073267472e-31
params_max= {'a1': 2.309401076758503, 'a2': 0.3651483716701107, 'a3': 6.820007331374359} logZ_max= 3.811337725322077 obs_max= 4.0511686099395977e-32
dist_min= tensor(864.6370) dist_max= tensor(46.5386)
params_min,params_max=params_min,params_new
evaluating model at params_new={'a1': 2.309401076758503, 'a2': 0.3651483716701107, 'a3': 6.736154782218117}
params_min= {'a1': 2.309401076758503, 'a2': 0.3651483716701107, 'a3': 6.708203932499369} logZ_min= 3.8103785322595054 obs_min= 3.5249250149447464e-34
params_new= {'a1': 2.309401076758503, 'a2': 0.3651483716701107, 'a3': 6.736154782218117} logZ_new= 3.81062262167555 obs_new= 4.1158370695104e-35
params_max= {'a1': 2.309401076758503, 'a2': 0.3651483716701107, 'a3': 6.764105631936864} logZ_max= 3.8106796207492577 obs_max= 6.844110073267472e-31
dist_min= tensor(864.5211) dist_max= tensor(2.5072)
params_min,params_max=params_min,params_new
evaluating model at params_new={'a1': 2.309401076758503, 'a2': 0.3651483716701107, 'a3': 6.722179357358743}
params_min= {'a1': 2.309401076758503, 'a2': 0.3651483716701107, 'a3': 6.708203932499369} logZ_min= 3.8103785322595054 obs_min= 3.5249250149447464e-34
params_new= {'a1': 2.309401076758503, 'a2': 0.3651483716701107, 'a3': 6.722179357358743} logZ_new= 3.810667316588066 obs_new= 6.214136626234219e-33
params_max= {'a1': 2.309401076758503, 'a2': 0.3651483716701107, 'a3': 6.736154782218117} logZ_max= 3.81062262167555 obs_max= 4.1158370695104e-35
dist_min= tensor(71.2193) dist_max= tensor(793.3169)
params_min,params_max=params_new,params_max
evaluating model at params_new={'a1': 2.309401076758503, 'a2': 0.3651483716701107, 'a3': 6.72916706978843}
params_min= {'a1': 2.309401076758503, 'a2': 0.3651483716701107, 'a3': 6.722179357358743} logZ_min= 3.810667316588066 obs_min= 6.214136626234219e-33
params_new= {'a1': 2.309401076758503, 'a2': 0.3651483716701107, 'a3': 6.72916706978843} logZ_new= nan obs_new= 1.4583174909595794e-33
params_max= {'a1': 2.309401076758503, 'a2': 0.3651483716701107, 'a3': 6.736154782218117} logZ_max= 3.81062262167555 obs_max= 4.1158370695104e-35
dist_min= tensor(31.5079) dist_max= tensor(761.8454)
params_min,params_max=params_new,params_max
evaluating model at params_new={'a1': 2.309401076758503, 'a2': 0.3651483716701107, 'a3': 6.732660926003273}
params_min= {'a1': 2.309401076758503, 'a2': 0.3651483716701107, 'a3': 6.72916706978843} logZ_min= nan obs_min= 1.4583174909595794e-33
params_new= {'a1': 2.309401076758503, 'a2': 0.3651483716701107, 'a3': 6.732660926003273} logZ_new= nan obs_new= 2.0478722735819096e-32
params_max= {'a1': 2.309401076758503, 'a2': 0.3651483716701107, 'a3': 6.736154782218117} logZ_max= 3.81062262167555 obs_max= 4.1158370695104e-35
dist_min= tensor(764.1115) dist_max= tensor(59.6772)
params_min,params_max=params_min,params_new
evaluating model at params_new={'a1': 2.309401076758503, 'a2': 0.3651483716701107, 'a3': 6.730913997895851}
params_min= {'a1': 2.309401076758503, 'a2': 0.3651483716701107, 'a3': 6.72916706978843} logZ_min= nan obs_min= 1.4583174909595794e-33
params_new= {'a1': 2.309401076758503, 'a2': 0.3651483716701107, 'a3': 6.730913997895851} logZ_new= nan obs_new= 2.040747744807412e-33
params_max= {'a1': 2.309401076758503, 'a2': 0.3651483716701107, 'a3': 6.732660926003273} logZ_max= nan obs_max= 2.0478722735819096e-32
dist_min= tensor(761.8214) dist_max= tensor(59.5148)
params_min,params_max=params_min,params_new
evaluating model at params_new={'a1': 2.309401076758503, 'a2': 0.3651483716701107, 'a3': 6.730040533842141}
params_min= {'a1': 2.309401076758503, 'a2': 0.3651483716701107, 'a3': 6.72916706978843} logZ_min= nan obs_min= 1.4583174909595794e-33
params_new= {'a1': 2.309401076758503, 'a2': 0.3651483716701107, 'a3': 6.730040533842141} logZ_new= 3.8107502299638094 obs_new= 1.7009880453328631e-34
params_max= {'a1': 2.309401076758503, 'a2': 0.3651483716701107, 'a3': 6.730913997895851} logZ_max= nan obs_max= 2.040747744807412e-33
dist_min= tensor(4.1402) dist_max= tensor(758.0625)
params_min,params_max=params_new,params_max
evaluating model at params_new={'a1': 2.309401076758503, 'a2': 0.3651483716701107, 'a3': 6.730477265868997}
params_min= {'a1': 2.309401076758503, 'a2': 0.3651483716701107, 'a3': 6.730040533842141} logZ_min= 3.8107502299638094 obs_min= 1.7009880453328631e-34
params_new= {'a1': 2.309401076758503, 'a2': 0.3651483716701107, 'a3': 6.730477265868997} logZ_new= 3.8108039478699665 obs_new= 1.7095610040313313e-33
params_max= {'a1': 2.309401076758503, 'a2': 0.3651483716701107, 'a3': 6.730913997895851} logZ_max= nan obs_max= 2.040747744807412e-33
dist_min= tensor(4.9634) dist_max= tensor(756.2004)
params_min,params_max=params_new,params_max
evaluating model at params_new={'a1': 2.309401076758503, 'a2': 0.3651483716701107, 'a3': 6.7306956318824245}
params_min= {'a1': 2.309401076758503, 'a2': 0.3651483716701107, 'a3': 6.730477265868997} logZ_min= 3.8108039478699665 obs_min= 1.7095610040313313e-33
params_new= {'a1': 2.309401076758503, 'a2': 0.3651483716701107, 'a3': 6.7306956318824245} logZ_new= nan obs_new= 1.2078753208787932e-33
params_max= {'a1': 2.309401076758503, 'a2': 0.3651483716701107, 'a3': 6.730913997895851} logZ_max= nan obs_max= 2.040747744807412e-33
dist_min= tensor(7.0913) dist_max= tensor(755.2801)
params_min,params_max=params_new,params_max
evaluating model at params_new={'a1': 2.309401076758503, 'a2': 0.3651483716701107, 'a3': 6.730804814889138}
params_min= {'a1': 2.309401076758503, 'a2': 0.3651483716701107, 'a3': 6.7306956318824245} logZ_min= nan obs_min= 1.2078753208787932e-33
params_new= {'a1': 2.309401076758503, 'a2': 0.3651483716701107, 'a3': 6.730804814889138} logZ_new= nan obs_new= 1.1569005429365348e-31
params_max= {'a1': 2.309401076758503, 'a2': 0.3651483716701107, 'a3': 6.730913997895851} logZ_max= nan obs_max= 2.040747744807412e-33
dist_min= tensor(755.2797) dist_max= tensor(0.6943)
params_min,params_max=params_min,params_new
evaluating model at params_new={'a1': 2.309401076758503, 'a2': 0.3651483716701107, 'a3': 6.730750223385781}
params_min= {'a1': 2.309401076758503, 'a2': 0.3651483716701107, 'a3': 6.7306956318824245} logZ_min= nan obs_min= 1.2078753208787932e-33
params_new= {'a1': 2.309401076758503, 'a2': 0.3651483716701107, 'a3': 6.730750223385781} logZ_new= 3.810813045232545 obs_new= 4.759260150515376e-33
params_max= {'a1': 2.309401076758503, 'a2': 0.3651483716701107, 'a3': 6.730804814889138} logZ_max= nan obs_max= 1.1569005429365348e-31
dist_min= tensor(11.0473) dist_max= tensor(755.0752)
params_min,params_max=params_new,params_max
evaluating model at params_new={'a1': 2.309401076758503, 'a2': 0.3651483716701107, 'a3': 6.73077751913746}
params_min= {'a1': 2.309401076758503, 'a2': 0.3651483716701107, 'a3': 6.730750223385781} logZ_min= 3.810813045232545 obs_min= 4.759260150515376e-33
params_new= {'a1': 2.309401076758503, 'a2': 0.3651483716701107, 'a3': 6.73077751913746} logZ_new= nan obs_new= 4.9290690730697496e-33
params_max= {'a1': 2.309401076758503, 'a2': 0.3651483716701107, 'a3': 6.730804814889138} logZ_max= nan obs_max= 1.1569005429365348e-31
dist_min= tensor(8.8860) dist_max= tensor(754.9156)
params_min,params_max=params_new,params_max
evaluating model at params_new={'a1': 2.309401076758503, 'a2': 0.3651483716701107, 'a3': 6.730791167013299}
params_min= {'a1': 2.309401076758503, 'a2': 0.3651483716701107, 'a3': 6.73077751913746} logZ_min= nan obs_min= 4.9290690730697496e-33
params_new= {'a1': 2.309401076758503, 'a2': 0.3651483716701107, 'a3': 6.730791167013299} logZ_new= 3.8105286880413938 obs_new= 1.8063848162456607e-30
params_max= {'a1': 2.309401076758503, 'a2': 0.3651483716701107, 'a3': 6.730804814889138} logZ_max= nan obs_max= 1.1569005429365348e-31
dist_min= tensor(755.0804) dist_max= tensor(15.1337)
params_min,params_max=params_min,params_new
evaluating model at params_new={'a1': 2.309401076758503, 'a2': 0.3651483716701107, 'a3': 6.7307843430753795}
params_min= {'a1': 2.309401076758503, 'a2': 0.3651483716701107, 'a3': 6.73077751913746} logZ_min= nan obs_min= 4.9290690730697496e-33
params_new= {'a1': 2.309401076758503, 'a2': 0.3651483716701107, 'a3': 6.7307843430753795} logZ_new= 3.8108091376127975 obs_new= 8.83612622141202e-33
params_max= {'a1': 2.309401076758503, 'a2': 0.3651483716701107, 'a3': 6.730791167013299} logZ_max= 3.8105286880413938 obs_max= 1.8063848162456607e-30
dist_min= tensor(1.7803) dist_max= tensor(755.0628)
params_min,params_max=params_new,params_max
evaluating model at params_new={'a1': 2.309401076758503, 'a2': 0.3651483716701107, 'a3': 6.730787755044339}
params_min= {'a1': 2.309401076758503, 'a2': 0.3651483716701107, 'a3': 6.7307843430753795} logZ_min= 3.8108091376127975 obs_min= 8.83612622141202e-33
params_new= {'a1': 2.309401076758503, 'a2': 0.3651483716701107, 'a3': 6.730787755044339} logZ_new= nan obs_new= 5.607608643276071e-32
params_max= {'a1': 2.309401076758503, 'a2': 0.3651483716701107, 'a3': 6.730791167013299} logZ_max= 3.8105286880413938 obs_max= 1.8063848162456607e-30
dist_min= tensor(17.0879) dist_max= tensor(755.2645)
params_min,params_max=params_new,params_max
evaluating model at params_new={'a1': 2.309401076758503, 'a2': 0.3651483716701107, 'a3': 6.730789461028819}
params_min= {'a1': 2.309401076758503, 'a2': 0.3651483716701107, 'a3': 6.730787755044339} logZ_min= nan obs_min= 5.607608643276071e-32
params_new= {'a1': 2.309401076758503, 'a2': 0.3651483716701107, 'a3': 6.730789461028819} logZ_new= nan obs_new= 6.29547512708681e-31
params_max= {'a1': 2.309401076758503, 'a2': 0.3651483716701107, 'a3': 6.730791167013299} logZ_max= 3.8105286880413938 obs_max= 1.8063848162456607e-30
dist_min= tensor(756.4959) dist_max= tensor(51.0780)
params_min,params_max=params_min,params_new
evaluating model at params_new={'a1': 2.309401076758503, 'a2': 0.3651483716701107, 'a3': 6.73078860803658}
params_min= {'a1': 2.309401076758503, 'a2': 0.3651483716701107, 'a3': 6.730787755044339} logZ_min= nan obs_min= 5.607608643276071e-32
params_new= {'a1': 2.309401076758503, 'a2': 0.3651483716701107, 'a3': 6.73078860803658} logZ_new= 3.810813114339087 obs_new= 5.010775330989101e-33
params_max= {'a1': 2.309401076758503, 'a2': 0.3651483716701107, 'a3': 6.730789461028819} logZ_max= nan obs_max= 6.29547512708681e-31
dist_min= tensor(17.7397) dist_max= tensor(756.4070)
params_min,params_max=params_new,params_max
evaluating model at params_new={'a1': 2.309401076758503, 'a2': 0.3651483716701107, 'a3': 6.7307890345327}
params_min= {'a1': 2.309401076758503, 'a2': 0.3651483716701107, 'a3': 6.73078860803658} logZ_min= 3.810813114339087 obs_min= 5.010775330989101e-33
params_new= {'a1': 2.309401076758503, 'a2': 0.3651483716701107, 'a3': 6.7307890345327} logZ_new= 3.810812922133108 obs_new= 1.1037028233683995e-32
params_max= {'a1': 2.309401076758503, 'a2': 0.3651483716701107, 'a3': 6.730789461028819} logZ_max= nan obs_max= 6.29547512708681e-31
dist_min= tensor(14.9708) dist_max= tensor(756.5198)
params_min,params_max=params_new,params_max
evaluating model at params_new={'a1': 2.309401076758503, 'a2': 0.3651483716701107, 'a3': 6.730789247780759}
params_min= {'a1': 2.309401076758503, 'a2': 0.3651483716701107, 'a3': 6.7307890345327} logZ_min= 3.810812922133108 obs_min= 1.1037028233683995e-32
params_new= {'a1': 2.309401076758503, 'a2': 0.3651483716701107, 'a3': 6.730789247780759} logZ_new= nan obs_new= -3.488523210912784e-32
params_max= {'a1': 2.309401076758503, 'a2': 0.3651483716701107, 'a3': 6.730789461028819} logZ_max= nan obs_max= 6.29547512708681e-31
dist_min= tensor(13.8864) dist_max= tensor(756.2812)
params_min,params_max=params_new,params_max
evaluating model at params_new={'a1': 2.309401076758503, 'a2': 0.3651483716701107, 'a3': 6.73078935440479}
params_min= {'a1': 2.309401076758503, 'a2': 0.3651483716701107, 'a3': 6.730789247780759} logZ_min= nan obs_min= -3.488523210912784e-32
params_new= {'a1': 2.309401076758503, 'a2': 0.3651483716701107, 'a3': 6.73078935440479} logZ_new= 3.8105299722567616 obs_new= 8.688227104579869e-30
params_max= {'a1': 2.309401076758503, 'a2': 0.3651483716701107, 'a3': 6.730789461028819} logZ_max= nan obs_max= 6.29547512708681e-31
dist_min= tensor(754.8696) dist_max= tensor(48.2890)
params_min,params_max=params_min,params_new
evaluating model at params_new={'a1': 2.309401076758503, 'a2': 0.3651483716701107, 'a3': 6.730789301092774}
params_min= {'a1': 2.309401076758503, 'a2': 0.3651483716701107, 'a3': 6.730789247780759} logZ_min= nan obs_min= -3.488523210912784e-32
params_new= {'a1': 2.309401076758503, 'a2': 0.3651483716701107, 'a3': 6.730789301092774} logZ_new= 3.810813357387669 obs_new= 2.443320514834801e-31
params_max= {'a1': 2.309401076758503, 'a2': 0.3651483716701107, 'a3': 6.73078935440479} logZ_max= 3.8105299722567616 obs_max= 8.688227104579869e-30
dist_min= tensor(4.7604) dist_max= tensor(754.8807)
params_min,params_max=params_new,params_max
evaluating model at params_new={'a1': 2.309401076758503, 'a2': 0.3651483716701107, 'a3': 6.7307893277487825}
params_min= {'a1': 2.309401076758503, 'a2': 0.3651483716701107, 'a3': 6.730789301092774} logZ_min= 3.810813357387669 obs_min= 2.443320514834801e-31
params_new= {'a1': 2.309401076758503, 'a2': 0.3651483716701107, 'a3': 6.7307893277487825} logZ_new= nan obs_new= 1.7267065362252717e-30
params_max= {'a1': 2.309401076758503, 'a2': 0.3651483716701107, 'a3': 6.73078935440479} logZ_max= 3.8105299722567616 obs_max= 8.688227104579869e-30
dist_min= tensor(13.3958) dist_max= tensor(754.9707)
params_min,params_max=params_new,params_max
evaluating model at params_new={'a1': 2.309401076758503, 'a2': 0.3651483716701107, 'a3': 6.730789341076786}
params_min= {'a1': 2.309401076758503, 'a2': 0.3651483716701107, 'a3': 6.7307893277487825} logZ_min= nan obs_min= 1.7267065362252717e-30
params_new= {'a1': 2.309401076758503, 'a2': 0.3651483716701107, 'a3': 6.730789341076786} logZ_new= nan obs_new= 1.0425078484307166e-29
params_max= {'a1': 2.309401076758503, 'a2': 0.3651483716701107, 'a3': 6.73078935440479} logZ_max= 3.8105299722567616 obs_max= 8.688227104579869e-30
dist_min= tensor(14.7107) dist_max= tensor(754.9087)
params_min,params_max=params_new,params_max
evaluating model at params_new={'a1': 2.309401076758503, 'a2': 0.3651483716701107, 'a3': 6.730789347740788}
params_min= {'a1': 2.309401076758503, 'a2': 0.3651483716701107, 'a3': 6.730789341076786} logZ_min= nan obs_min= 1.0425078484307166e-29
params_new= {'a1': 2.309401076758503, 'a2': 0.3651483716701107, 'a3': 6.730789347740788} logZ_new= nan obs_new= 1.8469771327432505e-29
params_max= {'a1': 2.309401076758503, 'a2': 0.3651483716701107, 'a3': 6.73078935440479} logZ_max= 3.8105299722567616 obs_max= 8.688227104579869e-30
dist_min= tensor(8.1699) dist_max= tensor(754.8649)
params_min,params_max=params_new,params_max
evaluating model at params_new={'a1': 2.309401076758503, 'a2': 0.3651483716701107, 'a3': 6.730789351072788}
params_min= {'a1': 2.309401076758503, 'a2': 0.3651483716701107, 'a3': 6.730789347740788} logZ_min= nan obs_min= 1.8469771327432505e-29
params_new= {'a1': 2.309401076758503, 'a2': 0.3651483716701107, 'a3': 6.730789351072788} logZ_new= 3.8105327882578166 obs_new= 3.249491989526892e-29
params_max= {'a1': 2.309401076758503, 'a2': 0.3651483716701107, 'a3': 6.73078935440479} logZ_max= 3.8105299722567616 obs_max= 8.688227104579869e-30
dist_min= tensor(754.8648) dist_max= tensor(0.1405)
params_min,params_max=params_min,params_new
evaluating model at params_new={'a1': 2.309401076758503, 'a2': 0.3651483716701107, 'a3': 6.730789349406788}
params_min= {'a1': 2.309401076758503, 'a2': 0.3651483716701107, 'a3': 6.730789347740788} logZ_min= nan obs_min= 1.8469771327432505e-29
params_new= {'a1': 2.309401076758503, 'a2': 0.3651483716701107, 'a3': 6.730789349406788} logZ_new= 3.8105314078254717 obs_new= 5.3881814869146334e-27
params_max= {'a1': 2.309401076758503, 'a2': 0.3651483716701107, 'a3': 6.730789351072788} logZ_max= 3.8105327882578166 obs_max= 3.249491989526892e-29
dist_min= tensor(754.8651) dist_max= tensor(0.5323)
params_min,params_max=params_min,params_new
evaluating model at params_new={'a1': 2.309401076758503, 'a2': 0.3651483716701107, 'a3': 6.730789348573788}
params_min= {'a1': 2.309401076758503, 'a2': 0.3651483716701107, 'a3': 6.730789347740788} logZ_min= nan obs_min= 1.8469771327432505e-29
params_new= {'a1': 2.309401076758503, 'a2': 0.3651483716701107, 'a3': 6.730789348573788} logZ_new= 3.810813301781835 obs_new= 5.658771971178481e-28
params_max= {'a1': 2.309401076758503, 'a2': 0.3651483716701107, 'a3': 6.730789349406788} logZ_max= 3.8105314078254717 obs_max= 5.3881814869146334e-27
dist_min= tensor(17.4572) dist_max= tensor(755.0682)
params_min,params_max=params_new,params_max
evaluating model at params_new={'a1': 2.309401076758503, 'a2': 0.3651483716701107, 'a3': 6.730789348990288}
params_min= {'a1': 2.309401076758503, 'a2': 0.3651483716701107, 'a3': 6.730789348573788} logZ_min= 3.810813301781835 obs_min= 5.658771971178481e-28
params_new= {'a1': 2.309401076758503, 'a2': 0.3651483716701107, 'a3': 6.730789348990288} logZ_new= nan obs_new= 1.0861726734671805e-24
params_max= {'a1': 2.309401076758503, 'a2': 0.3651483716701107, 'a3': 6.730789349406788} logZ_max= 3.8105314078254717 obs_max= 5.3881814869146334e-27
dist_min= tensor(755.2278) dist_max= tensor(16.0869)
params_min,params_max=params_min,params_new
evaluating model at params_new={'a1': 2.309401076758503, 'a2': 0.3651483716701107, 'a3': 6.730789348782038}
params_min= {'a1': 2.309401076758503, 'a2': 0.3651483716701107, 'a3': 6.730789348573788} logZ_min= 3.810813301781835 obs_min= 5.658771971178481e-28
params_new= {'a1': 2.309401076758503, 'a2': 0.3651483716701107, 'a3': 6.730789348782038} logZ_new= 3.810812770511781 obs_new= 4.6823152573935995e-27
params_max= {'a1': 2.309401076758503, 'a2': 0.3651483716701107, 'a3': 6.730789348990288} logZ_max= nan obs_max= 1.0861726734671805e-24
dist_min= tensor(17.5326) dist_max= tensor(755.0345)
params_min,params_max=params_new,params_max
evaluating model at params_new={'a1': 2.309401076758503, 'a2': 0.3651483716701107, 'a3': 6.730789348886162}
params_min= {'a1': 2.309401076758503, 'a2': 0.3651483716701107, 'a3': 6.730789348782038} logZ_min= 3.810812770511781 obs_min= 4.6823152573935995e-27
params_new= {'a1': 2.309401076758503, 'a2': 0.3651483716701107, 'a3': 6.730789348886162} logZ_new= 3.810812855341683 obs_new= 4.934984325770727e-25
params_max= {'a1': 2.309401076758503, 'a2': 0.3651483716701107, 'a3': 6.730789348990288} logZ_max= nan obs_max= 1.0861726734671805e-24
dist_min= tensor(62.0964) dist_max= tensor(757.5794)
params_min,params_max=params_new,params_max
evaluating model at params_new={'a1': 2.309401076758503, 'a2': 0.3651483716701107, 'a3': 6.730789348938226}
params_min= {'a1': 2.309401076758503, 'a2': 0.3651483716701107, 'a3': 6.730789348886162} logZ_min= 3.810812855341683 obs_min= 4.934984325770727e-25
params_new= {'a1': 2.309401076758503, 'a2': 0.3651483716701107, 'a3': 6.730789348938226} logZ_new= nan obs_new= 4.817287357558323e-24
params_max= {'a1': 2.309401076758503, 'a2': 0.3651483716701107, 'a3': 6.730789348990288} logZ_max= nan obs_max= 1.0861726734671805e-24
dist_min= tensor(62.0744) dist_max= tensor(755.0184)
params_min,params_max=params_new,params_max
evaluating model at params_new={'a1': 2.309401076758503, 'a2': 0.3651483716701107, 'a3': 6.730789348964256}
params_min= {'a1': 2.309401076758503, 'a2': 0.3651483716701107, 'a3': 6.730789348938226} logZ_min= nan obs_min= 4.817287357558323e-24
params_new= {'a1': 2.309401076758503, 'a2': 0.3651483716701107, 'a3': 6.730789348964256} logZ_new= 3.8105015128411495 obs_new= 4.2691023616210874e-23
params_max= {'a1': 2.309401076758503, 'a2': 0.3651483716701107, 'a3': 6.730789348990288} logZ_max= nan obs_max= 1.0861726734671805e-24
dist_min= tensor(754.8708) dist_max= tensor(16.1072)
params_min,params_max=params_min,params_new
evaluating model at params_new={'a1': 2.309401076758503, 'a2': 0.3651483716701107, 'a3': 6.730789348951241}
params_min= {'a1': 2.309401076758503, 'a2': 0.3651483716701107, 'a3': 6.730789348938226} logZ_min= nan obs_min= 4.817287357558323e-24
params_new= {'a1': 2.309401076758503, 'a2': 0.3651483716701107, 'a3': 6.730789348951241} logZ_new= 3.8105320171230037 obs_new= 6.486793260622244e-23
params_max= {'a1': 2.309401076758503, 'a2': 0.3651483716701107, 'a3': 6.730789348964256} logZ_max= 3.8105015128411495 obs_max= 4.2691023616210874e-23
dist_min= tensor(755.0559) dist_max= tensor(17.2145)
params_min,params_max=params_min,params_new
evaluating model at params_new={'a1': 2.309401076758503, 'a2': 0.3651483716701107, 'a3': 6.730789348944733}
params_min= {'a1': 2.309401076758503, 'a2': 0.3651483716701107, 'a3': 6.730789348938226} logZ_min= nan obs_min= 4.817287357558323e-24
params_new= {'a1': 2.309401076758503, 'a2': 0.3651483716701107, 'a3': 6.730789348944733} logZ_new= nan obs_new= 1.2738870735425174e-18
params_max= {'a1': 2.309401076758503, 'a2': 0.3651483716701107, 'a3': 6.730789348951241} logZ_max= 3.8105320171230037 obs_max= 6.486793260622244e-23
dist_min= tensor(754.8658) dist_max= tensor(17.0582)
params_min,params_max=params_min,params_new
evaluating model at params_new={'a1': 2.309401076758503, 'a2': 0.3651483716701107, 'a3': 6.73078934894148}
params_min= {'a1': 2.309401076758503, 'a2': 0.3651483716701107, 'a3': 6.730789348938226} logZ_min= nan obs_min= 4.817287357558323e-24
params_new= {'a1': 2.309401076758503, 'a2': 0.3651483716701107, 'a3': 6.73078934894148} logZ_new= nan obs_new= 1.1852709779670286e-20
params_max= {'a1': 2.309401076758503, 'a2': 0.3651483716701107, 'a3': 6.730789348944733} logZ_max= nan obs_max= 1.2738870735425174e-18
dist_min= tensor(1.4929) dist_max= tensor(754.8651)
params_min,params_max=params_new,params_max
evaluating model at params_new={'a1': 2.309401076758503, 'a2': 0.3651483716701107, 'a3': 6.730789348943107}
params_min= {'a1': 2.309401076758503, 'a2': 0.3651483716701107, 'a3': 6.73078934894148} logZ_min= nan obs_min= 1.1852709779670286e-20
params_new= {'a1': 2.309401076758503, 'a2': 0.3651483716701107, 'a3': 6.730789348943107} logZ_new= 3.810810951000674 obs_new= 2.4834101109496547e-19
params_max= {'a1': 2.309401076758503, 'a2': 0.3651483716701107, 'a3': 6.730789348944733} logZ_max= nan obs_max= 1.2738870735425174e-18
dist_min= tensor(2.9867) dist_max= tensor(754.8630)
params_min,params_max=params_new,params_max
evaluating model at params_new={'a1': 2.309401076758503, 'a2': 0.3651483716701107, 'a3': 6.730789348943921}
params_min= {'a1': 2.309401076758503, 'a2': 0.3651483716701107, 'a3': 6.730789348943107} logZ_min= 3.810810951000674 obs_min= 2.4834101109496547e-19
params_new= {'a1': 2.309401076758503, 'a2': 0.3651483716701107, 'a3': 6.730789348943921} logZ_new= 3.810482897979784 obs_new= 2.944708882970284e-17
params_max= {'a1': 2.309401076758503, 'a2': 0.3651483716701107, 'a3': 6.730789348944733} logZ_max= nan obs_max= 1.2738870735425174e-18
dist_min= tensor(754.8612) dist_max= tensor(1.7419)
params_min,params_max=params_min,params_new
evaluating model at params_new={'a1': 2.309401076758503, 'a2': 0.3651483716701107, 'a3': 6.730789348943514}
params_min= {'a1': 2.309401076758503, 'a2': 0.3651483716701107, 'a3': 6.730789348943107} logZ_min= 3.810810951000674 obs_min= 2.4834101109496547e-19
params_new= {'a1': 2.309401076758503, 'a2': 0.3651483716701107, 'a3': 6.730789348943514} logZ_new= nan obs_new= 2.3602731780559684e-22
params_max= {'a1': 2.309401076758503, 'a2': 0.3651483716701107, 'a3': 6.730789348943921} logZ_max= 3.810482897979784 obs_max= 2.944708882970284e-17
dist_min= tensor(69.6371) dist_max= tensor(758.0155)
params_min,params_max=params_new,params_max
evaluating model at params_new={'a1': 2.309401076758503, 'a2': 0.3651483716701107, 'a3': 6.730789348943717}
params_min= {'a1': 2.309401076758503, 'a2': 0.3651483716701107, 'a3': 6.730789348943514} logZ_min= nan obs_min= 2.3602731780559684e-22
params_new= {'a1': 2.309401076758503, 'a2': 0.3651483716701107, 'a3': 6.730789348943717} logZ_new= 3.8105316811892695 obs_new= 6.053934995234369e-20
params_max= {'a1': 2.309401076758503, 'a2': 0.3651483716701107, 'a3': 6.730789348943921} logZ_max= 3.810482897979784 obs_max= 2.944708882970284e-17
dist_min= tensor(758.5598) dist_max= tensor(26.7425)
params_min,params_max=params_min,params_new
evaluating model at params_new={'a1': 2.309401076758503, 'a2': 0.3651483716701107, 'a3': 6.730789348943615}
params_min= {'a1': 2.309401076758503, 'a2': 0.3651483716701107, 'a3': 6.730789348943514} logZ_min= nan obs_min= 2.3602731780559684e-22
params_new= {'a1': 2.309401076758503, 'a2': 0.3651483716701107, 'a3': 6.730789348943615} logZ_new= 3.8105296890168687 obs_new= 1.645719980972855e-21
params_max= {'a1': 2.309401076758503, 'a2': 0.3651483716701107, 'a3': 6.730789348943717} logZ_max= 3.8105316811892695 obs_max= 6.053934995234369e-20
dist_min= tensor(758.0159) dist_max= tensor(26.7270)
params_min,params_max=params_min,params_new
evaluating model at params_new={'a1': 2.309401076758503, 'a2': 0.3651483716701107, 'a3': 6.730789348943564}
params_min= {'a1': 2.309401076758503, 'a2': 0.3651483716701107, 'a3': 6.730789348943514} logZ_min= nan obs_min= 2.3602731780559684e-22
params_new= {'a1': 2.309401076758503, 'a2': 0.3651483716701107, 'a3': 6.730789348943564} logZ_new= 3.810475659686375 obs_new= 2.3589250787333204e-16
params_max= {'a1': 2.309401076758503, 'a2': 0.3651483716701107, 'a3': 6.730789348943615} logZ_max= 3.8105296890168687 obs_max= 1.645719980972855e-21
dist_min= tensor(758.0155) dist_max= tensor(0.6645)
params_min,params_max=params_min,params_new
evaluating model at params_new={'a1': 2.309401076758503, 'a2': 0.3651483716701107, 'a3': 6.730789348943539}
params_min= {'a1': 2.309401076758503, 'a2': 0.3651483716701107, 'a3': 6.730789348943514} logZ_min= nan obs_min= 2.3602731780559684e-22
params_new= {'a1': 2.309401076758503, 'a2': 0.3651483716701107, 'a3': 6.730789348943539} logZ_new= 3.810759455186088 obs_new= 3.42755848135962e-16
params_max= {'a1': 2.309401076758503, 'a2': 0.3651483716701107, 'a3': 6.730789348943564} logZ_max= 3.810475659686375 obs_max= 2.3589250787333204e-16
dist_min= tensor(69.0717) dist_max= tensor(753.3388)
params_min,params_max=params_new,params_max
evaluating model at params_new={'a1': 2.309401076758503, 'a2': 0.3651483716701107, 'a3': 6.730789348943551}
params_min= {'a1': 2.309401076758503, 'a2': 0.3651483716701107, 'a3': 6.730789348943539} logZ_min= 3.810759455186088 obs_min= 3.42755848135962e-16
params_new= {'a1': 2.309401076758503, 'a2': 0.3651483716701107, 'a3': 6.730789348943551} logZ_new= nan obs_new= 4.830718500903587e-18
params_max= {'a1': 2.309401076758503, 'a2': 0.3651483716701107, 'a3': 6.730789348943564} logZ_max= 3.810475659686375 obs_max= 2.3589250787333204e-16
dist_min= tensor(753.4135) dist_max= tensor(10.5951)
params_min,params_max=params_min,params_new
evaluating model at params_new={'a1': 2.309401076758503, 'a2': 0.3651483716701107, 'a3': 6.730789348943545}
params_min= {'a1': 2.309401076758503, 'a2': 0.3651483716701107, 'a3': 6.730789348943539} logZ_min= 3.810759455186088 obs_min= 3.42755848135962e-16
params_new= {'a1': 2.309401076758503, 'a2': 0.3651483716701107, 'a3': 6.730789348943545} logZ_new= 3.810476875024511 obs_new= 2.6421649215054712e-14
params_max= {'a1': 2.309401076758503, 'a2': 0.3651483716701107, 'a3': 6.730789348943551} logZ_max= nan obs_max= 4.830718500903587e-18
dist_min= tensor(753.2249) dist_max= tensor(11.8462)
params_min,params_max=params_min,params_new
evaluating model at params_new={'a1': 2.309401076758503, 'a2': 0.3651483716701107, 'a3': 6.730789348943542}
params_min= {'a1': 2.309401076758503, 'a2': 0.3651483716701107, 'a3': 6.730789348943539} logZ_min= 3.810759455186088 obs_min= 3.42755848135962e-16
params_new= {'a1': 2.309401076758503, 'a2': 0.3651483716701107, 'a3': 6.730789348943542} logZ_new= 3.810682921562441 obs_new= 5.671297985152195e-13
params_max= {'a1': 2.309401076758503, 'a2': 0.3651483716701107, 'a3': 6.730789348943545} logZ_max= 3.810476875024511 obs_max= 2.6421649215054712e-14
dist_min= tensor(687.3023) dist_max= tensor(106.6037)
params_min,params_max=params_min,params_new
evaluating model at params_new={'a1': 2.309401076758503, 'a2': 0.3651483716701107, 'a3': 6.73078934894354}
params_min= {'a1': 2.309401076758503, 'a2': 0.3651483716701107, 'a3': 6.730789348943539} logZ_min= 3.810759455186088 obs_min= 3.42755848135962e-16
params_new= {'a1': 2.309401076758503, 'a2': 0.3651483716701107, 'a3': 6.73078934894354} logZ_new= nan obs_new= 1.0506799897185e-14
params_max= {'a1': 2.309401076758503, 'a2': 0.3651483716701107, 'a3': 6.730789348943542} logZ_max= 3.810682921562441 obs_max= 5.671297985152195e-13
dist_min= tensor(42.4146) dist_max= tensor(645.3317)
params_min,params_max=params_new,params_max
evaluating model at params_new={'a1': 2.309401076758503, 'a2': 0.3651483716701107, 'a3': 6.730789348943541}
params_min= {'a1': 2.309401076758503, 'a2': 0.3651483716701107, 'a3': 6.73078934894354} logZ_min= nan obs_min= 1.0506799897185e-14
params_new= {'a1': 2.309401076758503, 'a2': 0.3651483716701107, 'a3': 6.730789348943541} logZ_new= 3.810682921562441 obs_new= 5.67129798515349e-13
params_max= {'a1': 2.309401076758503, 'a2': 0.3651483716701107, 'a3': 6.730789348943542} logZ_max= 3.810682921562441 obs_max= 5.671297985152195e-13
dist_min= tensor(645.3317) dist_max= tensor(0.)
params_min,params_max=params_min,params_new
critical params found:  {'a1': 2.309401076758503, 'a2': 0.3651483716701107, 'a3': 6.73078934894354}
reference params:  {'a1': 1.1547005383792515, 'a2': 1.8257418583505538, 'a3': 4.47213595499958}
file saved to  data/AKLT3D_X10_scan_grid_critical_a3/a1_2.3094011_a2_0.3651484/Tc.json
