Start running find_critical_temp.py with options:{'filename': 'data/AKLT3D_X10_scan_grid_critical_a3/a1_1.6165808_a2_2.5560386/Tc.json', 'log_filename': 'data/AKLT3D_X10_scan_grid_critical_a3/a1_1.6165808_a2_2.5560386/Tc.log', 'nLayers': 60, 'max_dim': 10, 'model': 'AKLT3D', 'params_min': "{'a1': 1.616580753730952, 'a2': 2.5560386016907755, 'a3': 4.47213595499958}", 'params_max': "{'a1': 1.616580753730952, 'a2': 2.5560386016907755, 'a3': 5.366563145999496}", 'params_ref': None, 'observable_name': 'magnetizationZ', 'tol': 0.0, 'gilt_enabled': False, 'gilt_eps': 8e-07, 'gilt_nIter': 1, 'mcf_enabled': True, 'mcf_eps': 1e-16, 'mcf_max_iter': 200, 'hotrg_sanity_check': False, 'version': 1, 'device': 'cuda:1'}
loading library...
evaluating model at params_min={'a1': 1.616580753730952, 'a2': 2.5560386016907755, 'a3': 4.47213595499958}
params_min= {'a1': 1.616580753730952, 'a2': 2.5560386016907755, 'a3': 4.47213595499958} logZ_min= 3.5977569709519583 obs_min= 7.312403417735304e-32
evaluating model at params_max={'a1': 1.616580753730952, 'a2': 2.5560386016907755, 'a3': 5.366563145999496}
params_max= {'a1': 1.616580753730952, 'a2': 2.5560386016907755, 'a3': 5.366563145999496} logZ_max= nan obs_max= 1.7818422479158245
searching for critical temperature using bisection method
evaluating model at params_new={'a1': 1.616580753730952, 'a2': 2.5560386016907755, 'a3': 4.919349550499538}
params_min= {'a1': 1.616580753730952, 'a2': 2.5560386016907755, 'a3': 4.47213595499958} logZ_min= 3.5977569709519583 obs_min= 7.312403417735304e-32
params_new= {'a1': 1.616580753730952, 'a2': 2.5560386016907755, 'a3': 4.919349550499538} logZ_new= 3.61030940561304 obs_new= 0.254088538468307
params_max= {'a1': 1.616580753730952, 'a2': 2.5560386016907755, 'a3': 5.366563145999496} logZ_max= nan obs_max= 1.7818422479158245
dist_min= tensor(31.2151) dist_max= tensor(75.3291)
params_min,params_max=params_new,params_max
evaluating model at params_new={'a1': 1.616580753730952, 'a2': 2.5560386016907755, 'a3': 5.142956348249517}
params_min= {'a1': 1.616580753730952, 'a2': 2.5560386016907755, 'a3': 4.919349550499538} logZ_min= 3.61030940561304 obs_min= 0.254088538468307
params_new= {'a1': 1.616580753730952, 'a2': 2.5560386016907755, 'a3': 5.142956348249517} logZ_new= 3.619037581612484 obs_new= 0.8650957132530519
params_max= {'a1': 1.616580753730952, 'a2': 2.5560386016907755, 'a3': 5.366563145999496} logZ_max= nan obs_max= 1.7818422479158245
dist_min= tensor(4.4948) dist_max= tensor(74.9797)
params_min,params_max=params_new,params_max
evaluating model at params_new={'a1': 1.616580753730952, 'a2': 2.5560386016907755, 'a3': 5.254759747124506}
params_min= {'a1': 1.616580753730952, 'a2': 2.5560386016907755, 'a3': 5.142956348249517} logZ_min= 3.619037581612484 obs_min= 0.8650957132530519
params_new= {'a1': 1.616580753730952, 'a2': 2.5560386016907755, 'a3': 5.254759747124506} logZ_new= nan obs_new= 1.204022281810576
params_max= {'a1': 1.616580753730952, 'a2': 2.5560386016907755, 'a3': 5.366563145999496} logZ_max= nan obs_max= 1.7818422479158245
dist_min= tensor(66.6287) dist_max= tensor(100.4250)
params_min,params_max=params_new,params_max
evaluating model at params_new={'a1': 1.616580753730952, 'a2': 2.5560386016907755, 'a3': 5.310661446562001}
params_min= {'a1': 1.616580753730952, 'a2': 2.5560386016907755, 'a3': 5.254759747124506} logZ_min= nan obs_min= 1.204022281810576
params_new= {'a1': 1.616580753730952, 'a2': 2.5560386016907755, 'a3': 5.310661446562001} logZ_new= 3.6168833885448097 obs_new= 1.7057815220345318
params_max= {'a1': 1.616580753730952, 'a2': 2.5560386016907755, 'a3': 5.366563145999496} logZ_max= nan obs_max= 1.7818422479158245
dist_min= tensor(56.5483) dist_max= tensor(108.4245)
params_min,params_max=params_new,params_max
evaluating model at params_new={'a1': 1.616580753730952, 'a2': 2.5560386016907755, 'a3': 5.338612296280749}
params_min= {'a1': 1.616580753730952, 'a2': 2.5560386016907755, 'a3': 5.310661446562001} logZ_min= 3.6168833885448097 obs_min= 1.7057815220345318
params_new= {'a1': 1.616580753730952, 'a2': 2.5560386016907755, 'a3': 5.338612296280749} logZ_new= nan obs_new= 1.6872374596502824
params_max= {'a1': 1.616580753730952, 'a2': 2.5560386016907755, 'a3': 5.366563145999496} logZ_max= nan obs_max= 1.7818422479158245
dist_min= tensor(77.4997) dist_max= tensor(75.6793)
params_min,params_max=params_min,params_new
evaluating model at params_new={'a1': 1.616580753730952, 'a2': 2.5560386016907755, 'a3': 5.324636871421375}
params_min= {'a1': 1.616580753730952, 'a2': 2.5560386016907755, 'a3': 5.310661446562001} logZ_min= 3.6168833885448097 obs_min= 1.7057815220345318
params_new= {'a1': 1.616580753730952, 'a2': 2.5560386016907755, 'a3': 5.324636871421375} logZ_new= 3.6179369273816446 obs_new= 1.7542547864808742
params_max= {'a1': 1.616580753730952, 'a2': 2.5560386016907755, 'a3': 5.338612296280749} logZ_max= nan obs_max= 1.6872374596502824
dist_min= tensor(26548.1798) dist_max= tensor(26548.2397)
params_min,params_max=params_new,params_max
evaluating model at params_new={'a1': 1.616580753730952, 'a2': 2.5560386016907755, 'a3': 5.331624583851061}
params_min= {'a1': 1.616580753730952, 'a2': 2.5560386016907755, 'a3': 5.324636871421375} logZ_min= 3.6179369273816446 obs_min= 1.7542547864808742
params_new= {'a1': 1.616580753730952, 'a2': 2.5560386016907755, 'a3': 5.331624583851061} logZ_new= 3.6184721455412343 obs_new= 1.778579159287812
params_max= {'a1': 1.616580753730952, 'a2': 2.5560386016907755, 'a3': 5.338612296280749} logZ_max= nan obs_max= 1.6872374596502824
dist_min= tensor(26547.9978) dist_max= tensor(61.1715)
params_min,params_max=params_min,params_new
evaluating model at params_new={'a1': 1.616580753730952, 'a2': 2.5560386016907755, 'a3': 5.328130727636218}
params_min= {'a1': 1.616580753730952, 'a2': 2.5560386016907755, 'a3': 5.324636871421375} logZ_min= 3.6179369273816446 obs_min= 1.7542547864808742
params_new= {'a1': 1.616580753730952, 'a2': 2.5560386016907755, 'a3': 5.328130727636218} logZ_new= nan obs_new= 1.7662654759224674
params_max= {'a1': 1.616580753730952, 'a2': 2.5560386016907755, 'a3': 5.331624583851061} logZ_max= 3.6184721455412343 obs_max= 1.778579159287812
dist_min= tensor(26548.1432) dist_max= tensor(41.1928)
params_min,params_max=params_min,params_new
evaluating model at params_new={'a1': 1.616580753730952, 'a2': 2.5560386016907755, 'a3': 5.326383799528797}
params_min= {'a1': 1.616580753730952, 'a2': 2.5560386016907755, 'a3': 5.324636871421375} logZ_min= 3.6179369273816446 obs_min= 1.7542547864808742
params_new= {'a1': 1.616580753730952, 'a2': 2.5560386016907755, 'a3': 5.326383799528797} logZ_new= 3.6287263181515663 obs_new= 1.646187232581074
params_max= {'a1': 1.616580753730952, 'a2': 2.5560386016907755, 'a3': 5.328130727636218} logZ_max= nan obs_max= 1.7662654759224674
dist_min= tensor(26565.5582) dist_max= tensor(962.6429)
params_min,params_max=params_min,params_new
evaluating model at params_new={'a1': 1.616580753730952, 'a2': 2.5560386016907755, 'a3': 5.3255103354750855}
params_min= {'a1': 1.616580753730952, 'a2': 2.5560386016907755, 'a3': 5.324636871421375} logZ_min= 3.6179369273816446 obs_min= 1.7542547864808742
params_new= {'a1': 1.616580753730952, 'a2': 2.5560386016907755, 'a3': 5.3255103354750855} logZ_new= 3.628669899468954 obs_new= 1.6431942915079674
params_max= {'a1': 1.616580753730952, 'a2': 2.5560386016907755, 'a3': 5.326383799528797} logZ_max= 3.6287263181515663 obs_max= 1.646187232581074
dist_min= tensor(26548.1827) dist_max= tensor(960.9664)
params_min,params_max=params_min,params_new
evaluating model at params_new={'a1': 1.616580753730952, 'a2': 2.5560386016907755, 'a3': 5.32507360344823}
params_min= {'a1': 1.616580753730952, 'a2': 2.5560386016907755, 'a3': 5.324636871421375} logZ_min= 3.6179369273816446 obs_min= 1.7542547864808742
params_new= {'a1': 1.616580753730952, 'a2': 2.5560386016907755, 'a3': 5.32507360344823} logZ_new= 3.6179710075623444 obs_new= 1.755734864441772
params_max= {'a1': 1.616580753730952, 'a2': 2.5560386016907755, 'a3': 5.3255103354750855} logZ_max= 3.628669899468954 obs_max= 1.6431942915079674
dist_min= tensor(26548.1273) dist_max= tensor(54.5353)
params_min,params_max=params_min,params_new
evaluating model at params_new={'a1': 1.616580753730952, 'a2': 2.5560386016907755, 'a3': 5.324855237434802}
params_min= {'a1': 1.616580753730952, 'a2': 2.5560386016907755, 'a3': 5.324636871421375} logZ_min= 3.6179369273816446 obs_min= 1.7542547864808742
params_new= {'a1': 1.616580753730952, 'a2': 2.5560386016907755, 'a3': 5.324855237434802} logZ_new= 3.61795357044571 obs_new= 1.7550386454770543
params_max= {'a1': 1.616580753730952, 'a2': 2.5560386016907755, 'a3': 5.32507360344823} logZ_max= 3.6179710075623444 obs_max= 1.755734864441772
dist_min= tensor(26553.9592) dist_max= tensor(555.3996)
params_min,params_max=params_min,params_new
evaluating model at params_new={'a1': 1.616580753730952, 'a2': 2.5560386016907755, 'a3': 5.324746054428088}
params_min= {'a1': 1.616580753730952, 'a2': 2.5560386016907755, 'a3': 5.324636871421375} logZ_min= 3.6179369273816446 obs_min= 1.7542547864808742
params_new= {'a1': 1.616580753730952, 'a2': 2.5560386016907755, 'a3': 5.324746054428088} logZ_new= nan obs_new= 1.640618687946369
params_max= {'a1': 1.616580753730952, 'a2': 2.5560386016907755, 'a3': 5.324855237434802} logZ_max= 3.61795357044571 obs_max= 1.7550386454770543
dist_min= tensor(26548.3493) dist_max= tensor(562.8907)
params_min,params_max=params_min,params_new
evaluating model at params_new={'a1': 1.616580753730952, 'a2': 2.5560386016907755, 'a3': 5.324691462924731}
params_min= {'a1': 1.616580753730952, 'a2': 2.5560386016907755, 'a3': 5.324636871421375} logZ_min= 3.6179369273816446 obs_min= 1.7542547864808742
params_new= {'a1': 1.616580753730952, 'a2': 2.5560386016907755, 'a3': 5.324691462924731} logZ_new= 3.617941171042129 obs_new= 1.754439829062513
params_max= {'a1': 1.616580753730952, 'a2': 2.5560386016907755, 'a3': 5.324746054428088} logZ_max= nan obs_max= 1.640618687946369
dist_min= tensor(26548.1242) dist_max= tensor(92.5374)
params_min,params_max=params_min,params_new
evaluating model at params_new={'a1': 1.616580753730952, 'a2': 2.5560386016907755, 'a3': 5.324664167173053}
params_min= {'a1': 1.616580753730952, 'a2': 2.5560386016907755, 'a3': 5.324636871421375} logZ_min= 3.6179369273816446 obs_min= 1.7542547864808742
params_new= {'a1': 1.616580753730952, 'a2': 2.5560386016907755, 'a3': 5.324664167173053} logZ_new= 3.6179390197400862 obs_new= 1.7543746184516733
params_max= {'a1': 1.616580753730952, 'a2': 2.5560386016907755, 'a3': 5.324691462924731} logZ_max= 3.617941171042129 obs_max= 1.754439829062513
dist_min= tensor(26548.1271) dist_max= tensor(1.5083)
params_min,params_max=params_min,params_new
evaluating model at params_new={'a1': 1.616580753730952, 'a2': 2.5560386016907755, 'a3': 5.324650519297213}
params_min= {'a1': 1.616580753730952, 'a2': 2.5560386016907755, 'a3': 5.324636871421375} logZ_min= 3.6179369273816446 obs_min= 1.7542547864808742
params_new= {'a1': 1.616580753730952, 'a2': 2.5560386016907755, 'a3': 5.324650519297213} logZ_new= 3.6179251945965 obs_new= 1.75456212319788
params_max= {'a1': 1.616580753730952, 'a2': 2.5560386016907755, 'a3': 5.324664167173053} logZ_max= 3.6179390197400862 obs_max= 1.7543746184516733
dist_min= tensor(26548.1270) dist_max= tensor(2.2618)
params_min,params_max=params_min,params_new
evaluating model at params_new={'a1': 1.616580753730952, 'a2': 2.5560386016907755, 'a3': 5.324643695359294}
params_min= {'a1': 1.616580753730952, 'a2': 2.5560386016907755, 'a3': 5.324636871421375} logZ_min= 3.6179369273816446 obs_min= 1.7542547864808742
params_new= {'a1': 1.616580753730952, 'a2': 2.5560386016907755, 'a3': 5.324643695359294} logZ_new= 3.6179374661212402 obs_new= 1.7543026411234093
params_max= {'a1': 1.616580753730952, 'a2': 2.5560386016907755, 'a3': 5.324650519297213} logZ_max= 3.6179251945965 obs_max= 1.75456212319788
dist_min= tensor(26548.7759) dist_max= tensor(173.9343)
params_min,params_max=params_min,params_new
evaluating model at params_new={'a1': 1.616580753730952, 'a2': 2.5560386016907755, 'a3': 5.324640283390334}
params_min= {'a1': 1.616580753730952, 'a2': 2.5560386016907755, 'a3': 5.324636871421375} logZ_min= 3.6179369273816446 obs_min= 1.7542547864808742
params_new= {'a1': 1.616580753730952, 'a2': 2.5560386016907755, 'a3': 5.324640283390334} logZ_new= nan obs_new= 1.6402922854611135
params_max= {'a1': 1.616580753730952, 'a2': 2.5560386016907755, 'a3': 5.324643695359294} logZ_max= 3.6179374661212402 obs_max= 1.7543026411234093
dist_min= tensor(26548.2346) dist_max= tensor(183.6501)
params_min,params_max=params_min,params_new
evaluating model at params_new={'a1': 1.616580753730952, 'a2': 2.5560386016907755, 'a3': 5.324638577405855}
params_min= {'a1': 1.616580753730952, 'a2': 2.5560386016907755, 'a3': 5.324636871421375} logZ_min= 3.6179369273816446 obs_min= 1.7542547864808742
params_new= {'a1': 1.616580753730952, 'a2': 2.5560386016907755, 'a3': 5.324638577405855} logZ_new= 3.617937824871195 obs_new= 1.754248484599389
params_max= {'a1': 1.616580753730952, 'a2': 2.5560386016907755, 'a3': 5.324640283390334} logZ_max= nan obs_max= 1.6402922854611135
dist_min= tensor(26548.1267) dist_max= tensor(58.7249)
params_min,params_max=params_min,params_new
evaluating model at params_new={'a1': 1.616580753730952, 'a2': 2.5560386016907755, 'a3': 5.3246377244136145}
params_min= {'a1': 1.616580753730952, 'a2': 2.5560386016907755, 'a3': 5.324636871421375} logZ_min= 3.6179369273816446 obs_min= 1.7542547864808742
params_new= {'a1': 1.616580753730952, 'a2': 2.5560386016907755, 'a3': 5.3246377244136145} logZ_new= 3.6179370902135615 obs_new= 1.7542470439613251
params_max= {'a1': 1.616580753730952, 'a2': 2.5560386016907755, 'a3': 5.324638577405855} logZ_max= 3.617937824871195 obs_max= 1.754248484599389
dist_min= tensor(26548.4125) dist_max= tensor(104.5186)
params_min,params_max=params_min,params_new
evaluating model at params_new={'a1': 1.616580753730952, 'a2': 2.5560386016907755, 'a3': 5.324637297917494}
params_min= {'a1': 1.616580753730952, 'a2': 2.5560386016907755, 'a3': 5.324636871421375} logZ_min= 3.6179369273816446 obs_min= 1.7542547864808742
params_new= {'a1': 1.616580753730952, 'a2': 2.5560386016907755, 'a3': 5.324637297917494} logZ_new= 3.6286114067820465 obs_new= 1.6402571973567908
params_max= {'a1': 1.616580753730952, 'a2': 2.5560386016907755, 'a3': 5.3246377244136145} logZ_max= 3.6179370902135615 obs_max= 1.7542470439613251
dist_min= tensor(26548.1827) dist_max= tensor(118.2214)
params_min,params_max=params_min,params_new
evaluating model at params_new={'a1': 1.616580753730952, 'a2': 2.5560386016907755, 'a3': 5.324637084669435}
params_min= {'a1': 1.616580753730952, 'a2': 2.5560386016907755, 'a3': 5.324636871421375} logZ_min= 3.6179369273816446 obs_min= 1.7542547864808742
params_new= {'a1': 1.616580753730952, 'a2': 2.5560386016907755, 'a3': 5.324637084669435} logZ_new= 3.6286113699341653 obs_new= 1.6402525521253997
params_max= {'a1': 1.616580753730952, 'a2': 2.5560386016907755, 'a3': 5.324637297917494} logZ_max= 3.6286114067820465 obs_max= 1.6402571973567908
dist_min= tensor(26548.2741) dist_max= tensor(28.2362)
params_min,params_max=params_min,params_new
evaluating model at params_new={'a1': 1.616580753730952, 'a2': 2.5560386016907755, 'a3': 5.324636978045405}
params_min= {'a1': 1.616580753730952, 'a2': 2.5560386016907755, 'a3': 5.324636871421375} logZ_min= 3.6179369273816446 obs_min= 1.7542547864808742
params_new= {'a1': 1.616580753730952, 'a2': 2.5560386016907755, 'a3': 5.324636978045405} logZ_new= 3.6286117631712567 obs_new= 1.6402191155358163
params_max= {'a1': 1.616580753730952, 'a2': 2.5560386016907755, 'a3': 5.324637084669435} logZ_max= 3.6286113699341653 obs_max= 1.6402525521253997
dist_min= tensor(26548.1825) dist_max= tensor(27.5689)
params_min,params_max=params_min,params_new
evaluating model at params_new={'a1': 1.616580753730952, 'a2': 2.5560386016907755, 'a3': 5.32463692473339}
params_min= {'a1': 1.616580753730952, 'a2': 2.5560386016907755, 'a3': 5.324636871421375} logZ_min= 3.6179369273816446 obs_min= 1.7542547864808742
params_new= {'a1': 1.616580753730952, 'a2': 2.5560386016907755, 'a3': 5.32463692473339} logZ_new= nan obs_new= 1.6402534457507523
params_max= {'a1': 1.616580753730952, 'a2': 2.5560386016907755, 'a3': 5.324636978045405} logZ_max= 3.6286117631712567 obs_max= 1.6402191155358163
dist_min= tensor(26552.5019) dist_max= tensor(478.8110)
params_min,params_max=params_min,params_new
evaluating model at params_new={'a1': 1.616580753730952, 'a2': 2.5560386016907755, 'a3': 5.324636898077383}
params_min= {'a1': 1.616580753730952, 'a2': 2.5560386016907755, 'a3': 5.324636871421375} logZ_min= 3.6179369273816446 obs_min= 1.7542547864808742
params_new= {'a1': 1.616580753730952, 'a2': 2.5560386016907755, 'a3': 5.324636898077383} logZ_new= nan obs_new= 1.7542799408218437
params_max= {'a1': 1.616580753730952, 'a2': 2.5560386016907755, 'a3': 5.32463692473339} logZ_max= nan obs_max= 1.6402534457507523
dist_min= tensor(26548.2030) dist_max= tensor(481.8839)
params_min,params_max=params_min,params_new
evaluating model at params_new={'a1': 1.616580753730952, 'a2': 2.5560386016907755, 'a3': 5.3246368847493795}
params_min= {'a1': 1.616580753730952, 'a2': 2.5560386016907755, 'a3': 5.324636871421375} logZ_min= 3.6179369273816446 obs_min= 1.7542547864808742
params_new= {'a1': 1.616580753730952, 'a2': 2.5560386016907755, 'a3': 5.3246368847493795} logZ_new= 3.618062026250218 obs_new= 1.7540942144672103
params_max= {'a1': 1.616580753730952, 'a2': 2.5560386016907755, 'a3': 5.324636898077383} logZ_max= nan obs_max= 1.7542799408218437
dist_min= tensor(26547.2518) dist_max= tensor(8.4668)
params_min,params_max=params_min,params_new
evaluating model at params_new={'a1': 1.616580753730952, 'a2': 2.5560386016907755, 'a3': 5.324636878085377}
params_min= {'a1': 1.616580753730952, 'a2': 2.5560386016907755, 'a3': 5.324636871421375} logZ_min= 3.6179369273816446 obs_min= 1.7542547864808742
params_new= {'a1': 1.616580753730952, 'a2': 2.5560386016907755, 'a3': 5.324636878085377} logZ_new= nan obs_new= 1.6402935518260522
params_max= {'a1': 1.616580753730952, 'a2': 2.5560386016907755, 'a3': 5.3246368847493795} logZ_max= 3.618062026250218 obs_max= 1.7540942144672103
dist_min= tensor(26548.2492) dist_max= tensor(58.5576)
params_min,params_max=params_min,params_new
evaluating model at params_new={'a1': 1.616580753730952, 'a2': 2.5560386016907755, 'a3': 5.324636874753375}
params_min= {'a1': 1.616580753730952, 'a2': 2.5560386016907755, 'a3': 5.324636871421375} logZ_min= 3.6179369273816446 obs_min= 1.7542547864808742
params_new= {'a1': 1.616580753730952, 'a2': 2.5560386016907755, 'a3': 5.324636874753375} logZ_new= 3.628610668594874 obs_new= 1.6402952180729287
params_max= {'a1': 1.616580753730952, 'a2': 2.5560386016907755, 'a3': 5.324636878085377} logZ_max= nan obs_max= 1.6402935518260522
dist_min= tensor(26548.1826) dist_max= tensor(22.0231)
params_min,params_max=params_min,params_new
evaluating model at params_new={'a1': 1.616580753730952, 'a2': 2.5560386016907755, 'a3': 5.324636873087375}
params_min= {'a1': 1.616580753730952, 'a2': 2.5560386016907755, 'a3': 5.324636871421375} logZ_min= 3.6179369273816446 obs_min= 1.7542547864808742
params_new= {'a1': 1.616580753730952, 'a2': 2.5560386016907755, 'a3': 5.324636873087375} logZ_new= 3.6286112853312837 obs_new= 1.6402707270521755
params_max= {'a1': 1.616580753730952, 'a2': 2.5560386016907755, 'a3': 5.324636874753375} logZ_max= 3.628610668594874 obs_max= 1.6402952180729287
dist_min= tensor(26548.1820) dist_max= tensor(0.7821)
params_min,params_max=params_min,params_new
evaluating model at params_new={'a1': 1.616580753730952, 'a2': 2.5560386016907755, 'a3': 5.324636872254375}
params_min= {'a1': 1.616580753730952, 'a2': 2.5560386016907755, 'a3': 5.324636871421375} logZ_min= 3.6179369273816446 obs_min= 1.7542547864808742
params_new= {'a1': 1.616580753730952, 'a2': 2.5560386016907755, 'a3': 5.324636872254375} logZ_new= 3.6179344994774034 obs_new= 1.7543252614130134
params_max= {'a1': 1.616580753730952, 'a2': 2.5560386016907755, 'a3': 5.324636873087375} logZ_max= 3.6286112853312837 obs_max= 1.6402707270521755
dist_min= tensor(26548.2979) dist_max= tensor(90.1060)
params_min,params_max=params_min,params_new
evaluating model at params_new={'a1': 1.616580753730952, 'a2': 2.5560386016907755, 'a3': 5.324636871837875}
params_min= {'a1': 1.616580753730952, 'a2': 2.5560386016907755, 'a3': 5.324636871421375} logZ_min= 3.6179369273816446 obs_min= 1.7542547864808742
params_new= {'a1': 1.616580753730952, 'a2': 2.5560386016907755, 'a3': 5.324636871837875} logZ_new= nan obs_new= 1.6402933547390306
params_max= {'a1': 1.616580753730952, 'a2': 2.5560386016907755, 'a3': 5.324636872254375} logZ_max= 3.6179344994774034 obs_max= 1.7543252614130134
dist_min= tensor(26548.2571) dist_max= tensor(89.6801)
params_min,params_max=params_min,params_new
evaluating model at params_new={'a1': 1.616580753730952, 'a2': 2.5560386016907755, 'a3': 5.324636871629625}
params_min= {'a1': 1.616580753730952, 'a2': 2.5560386016907755, 'a3': 5.324636871421375} logZ_min= 3.6179369273816446 obs_min= 1.7542547864808742
params_new= {'a1': 1.616580753730952, 'a2': 2.5560386016907755, 'a3': 5.324636871629625} logZ_new= 3.6179370110411235 obs_new= 1.7542756257602097
params_max= {'a1': 1.616580753730952, 'a2': 2.5560386016907755, 'a3': 5.324636871837875} logZ_max= nan obs_max= 1.6402933547390306
dist_min= tensor(26548.1271) dist_max= tensor(55.8703)
params_min,params_max=params_min,params_new
evaluating model at params_new={'a1': 1.616580753730952, 'a2': 2.5560386016907755, 'a3': 5.324636871525501}
params_min= {'a1': 1.616580753730952, 'a2': 2.5560386016907755, 'a3': 5.324636871421375} logZ_min= 3.6179369273816446 obs_min= 1.7542547864808742
params_new= {'a1': 1.616580753730952, 'a2': 2.5560386016907755, 'a3': 5.324636871525501} logZ_new= 3.6286112908436525 obs_new= 1.6402746913893362
params_max= {'a1': 1.616580753730952, 'a2': 2.5560386016907755, 'a3': 5.324636871629625} logZ_max= 3.6179370110411235 obs_max= 1.7542756257602097
dist_min= tensor(26548.1826) dist_max= tensor(54.3483)
params_min,params_max=params_min,params_new
evaluating model at params_new={'a1': 1.616580753730952, 'a2': 2.5560386016907755, 'a3': 5.324636871473437}
params_min= {'a1': 1.616580753730952, 'a2': 2.5560386016907755, 'a3': 5.324636871421375} logZ_min= 3.6179369273816446 obs_min= 1.7542547864808742
params_new= {'a1': 1.616580753730952, 'a2': 2.5560386016907755, 'a3': 5.324636871473437} logZ_new= 3.6179374223059453 obs_new= 1.7542527600893283
params_max= {'a1': 1.616580753730952, 'a2': 2.5560386016907755, 'a3': 5.324636871525501} logZ_max= 3.6286112908436525 obs_max= 1.6402746913893362
dist_min= tensor(26548.2173) dist_max= tensor(58.8918)
params_min,params_max=params_min,params_new
evaluating model at params_new={'a1': 1.616580753730952, 'a2': 2.5560386016907755, 'a3': 5.324636871447407}
params_min= {'a1': 1.616580753730952, 'a2': 2.5560386016907755, 'a3': 5.324636871421375} logZ_min= 3.6179369273816446 obs_min= 1.7542547864808742
params_new= {'a1': 1.616580753730952, 'a2': 2.5560386016907755, 'a3': 5.324636871447407} logZ_new= nan obs_new= 1.75425564620737
params_max= {'a1': 1.616580753730952, 'a2': 2.5560386016907755, 'a3': 5.324636871473437} logZ_max= 3.6179374223059453 obs_max= 1.7542527600893283
dist_min= tensor(26548.1276) dist_max= tensor(23.1932)
params_min,params_max=params_min,params_new
evaluating model at params_new={'a1': 1.616580753730952, 'a2': 2.5560386016907755, 'a3': 5.324636871434391}
params_min= {'a1': 1.616580753730952, 'a2': 2.5560386016907755, 'a3': 5.324636871421375} logZ_min= 3.6179369273816446 obs_min= 1.7542547864808742
params_new= {'a1': 1.616580753730952, 'a2': 2.5560386016907755, 'a3': 5.324636871434391} logZ_new= 3.617936941832827 obs_new= 1.7542786823192682
params_max= {'a1': 1.616580753730952, 'a2': 2.5560386016907755, 'a3': 5.324636871447407} logZ_max= nan obs_max= 1.75425564620737
dist_min= tensor(26548.1266) dist_max= tensor(5.6613)
params_min,params_max=params_min,params_new
evaluating model at params_new={'a1': 1.616580753730952, 'a2': 2.5560386016907755, 'a3': 5.324636871427883}
params_min= {'a1': 1.616580753730952, 'a2': 2.5560386016907755, 'a3': 5.324636871421375} logZ_min= 3.6179369273816446 obs_min= 1.7542547864808742
params_new= {'a1': 1.616580753730952, 'a2': 2.5560386016907755, 'a3': 5.324636871427883} logZ_new= 3.62861134096928 obs_new= 1.6402726798607696
params_max= {'a1': 1.616580753730952, 'a2': 2.5560386016907755, 'a3': 5.324636871434391} logZ_max= 3.617936941832827 obs_max= 1.7542786823192682
dist_min= tensor(26548.1825) dist_max= tensor(54.3657)
params_min,params_max=params_min,params_new
evaluating model at params_new={'a1': 1.616580753730952, 'a2': 2.5560386016907755, 'a3': 5.324636871424628}
params_min= {'a1': 1.616580753730952, 'a2': 2.5560386016907755, 'a3': 5.324636871421375} logZ_min= 3.6179369273816446 obs_min= 1.7542547864808742
params_new= {'a1': 1.616580753730952, 'a2': 2.5560386016907755, 'a3': 5.324636871424628} logZ_new= 3.6179369490909936 obs_new= 1.7542541752879062
params_max= {'a1': 1.616580753730952, 'a2': 2.5560386016907755, 'a3': 5.324636871427883} logZ_max= 3.62861134096928 obs_max= 1.6402726798607696
dist_min= tensor(26549.6007) dist_max= tensor(279.5275)
params_min,params_max=params_min,params_new
evaluating model at params_new={'a1': 1.616580753730952, 'a2': 2.5560386016907755, 'a3': 5.324636871423001}
params_min= {'a1': 1.616580753730952, 'a2': 2.5560386016907755, 'a3': 5.324636871421375} logZ_min= 3.6179369273816446 obs_min= 1.7542547864808742
params_new= {'a1': 1.616580753730952, 'a2': 2.5560386016907755, 'a3': 5.324636871423001} logZ_new= nan obs_new= 1.6402573216627006
params_max= {'a1': 1.616580753730952, 'a2': 2.5560386016907755, 'a3': 5.324636871424628} logZ_max= 3.6179369490909936 obs_max= 1.7542541752879062
dist_min= tensor(26548.2692) dist_max= tensor(280.5497)
params_min,params_max=params_min,params_new
evaluating model at params_new={'a1': 1.616580753730952, 'a2': 2.5560386016907755, 'a3': 5.324636871422188}
params_min= {'a1': 1.616580753730952, 'a2': 2.5560386016907755, 'a3': 5.324636871421375} logZ_min= 3.6179369273816446 obs_min= 1.7542547864808742
params_new= {'a1': 1.616580753730952, 'a2': 2.5560386016907755, 'a3': 5.324636871422188} logZ_new= nan obs_new= 1.7542796349841885
params_max= {'a1': 1.616580753730952, 'a2': 2.5560386016907755, 'a3': 5.324636871423001} logZ_max= nan obs_max= 1.6402573216627006
dist_min= tensor(26548.5210) dist_max= tensor(141.3508)
params_min,params_max=params_min,params_new
evaluating model at params_new={'a1': 1.616580753730952, 'a2': 2.5560386016907755, 'a3': 5.324636871421781}
params_min= {'a1': 1.616580753730952, 'a2': 2.5560386016907755, 'a3': 5.324636871421375} logZ_min= 3.6179369273816446 obs_min= 1.7542547864808742
params_new= {'a1': 1.616580753730952, 'a2': 2.5560386016907755, 'a3': 5.324636871421781} logZ_new= 3.617936916170273 obs_new= 1.754255747621331
params_max= {'a1': 1.616580753730952, 'a2': 2.5560386016907755, 'a3': 5.324636871422188} logZ_max= nan obs_max= 1.7542796349841885
dist_min= tensor(26548.1286) dist_max= tensor(129.5227)
params_min,params_max=params_min,params_new
evaluating model at params_new={'a1': 1.616580753730952, 'a2': 2.5560386016907755, 'a3': 5.324636871421578}
params_min= {'a1': 1.616580753730952, 'a2': 2.5560386016907755, 'a3': 5.324636871421375} logZ_min= 3.6179369273816446 obs_min= 1.7542547864808742
params_new= {'a1': 1.616580753730952, 'a2': 2.5560386016907755, 'a3': 5.324636871421578} logZ_new= 3.6286108130275516 obs_new= 1.6402902411767752
params_max= {'a1': 1.616580753730952, 'a2': 2.5560386016907755, 'a3': 5.324636871421781} logZ_max= 3.617936916170273 obs_max= 1.754255747621331
dist_min= tensor(26548.1827) dist_max= tensor(55.2547)
params_min,params_max=params_min,params_new
evaluating model at params_new={'a1': 1.616580753730952, 'a2': 2.5560386016907755, 'a3': 5.324636871421477}
params_min= {'a1': 1.616580753730952, 'a2': 2.5560386016907755, 'a3': 5.324636871421375} logZ_min= 3.6179369273816446 obs_min= 1.7542547864808742
params_new= {'a1': 1.616580753730952, 'a2': 2.5560386016907755, 'a3': 5.324636871421477} logZ_new= nan obs_new= 1.6402431724908721
params_max= {'a1': 1.616580753730952, 'a2': 2.5560386016907755, 'a3': 5.324636871421578} logZ_max= 3.6286108130275516 obs_max= 1.6402902411767752
dist_min= tensor(26548.1952) dist_max= tensor(25.9521)
params_min,params_max=params_min,params_new
evaluating model at params_new={'a1': 1.616580753730952, 'a2': 2.5560386016907755, 'a3': 5.324636871421426}
params_min= {'a1': 1.616580753730952, 'a2': 2.5560386016907755, 'a3': 5.324636871421375} logZ_min= 3.6179369273816446 obs_min= 1.7542547864808742
params_new= {'a1': 1.616580753730952, 'a2': 2.5560386016907755, 'a3': 5.324636871421426} logZ_new= nan obs_new= 1.5753712667037958
params_max= {'a1': 1.616580753730952, 'a2': 2.5560386016907755, 'a3': 5.324636871421477} logZ_max= nan obs_max= 1.6402431724908721
dist_min= tensor(35556.4713) dist_max= tensor(23652.6923)
params_min,params_max=params_min,params_new
evaluating model at params_new={'a1': 1.616580753730952, 'a2': 2.5560386016907755, 'a3': 5.324636871421401}
params_min= {'a1': 1.616580753730952, 'a2': 2.5560386016907755, 'a3': 5.324636871421375} logZ_min= 3.6179369273816446 obs_min= 1.7542547864808742
params_new= {'a1': 1.616580753730952, 'a2': 2.5560386016907755, 'a3': 5.324636871421401} logZ_new= nan obs_new= 1.6402538723733506
params_max= {'a1': 1.616580753730952, 'a2': 2.5560386016907755, 'a3': 5.324636871421426} logZ_max= nan obs_max= 1.5753712667037958
dist_min= tensor(26548.5924) dist_max= tensor(23651.7265)
params_min,params_max=params_min,params_new
evaluating model at params_new={'a1': 1.616580753730952, 'a2': 2.5560386016907755, 'a3': 5.324636871421388}
params_min= {'a1': 1.616580753730952, 'a2': 2.5560386016907755, 'a3': 5.324636871421375} logZ_min= 3.6179369273816446 obs_min= 1.7542547864808742
params_new= {'a1': 1.616580753730952, 'a2': 2.5560386016907755, 'a3': 5.324636871421388} logZ_new= 3.6286112887045228 obs_new= 1.6402709125156847
params_max= {'a1': 1.616580753730952, 'a2': 2.5560386016907755, 'a3': 5.324636871421401} logZ_max= nan obs_max= 1.6402538723733506
dist_min= tensor(26548.1819) dist_max= tensor(136.4965)
params_min,params_max=params_min,params_new
evaluating model at params_new={'a1': 1.616580753730952, 'a2': 2.5560386016907755, 'a3': 5.324636871421381}
params_min= {'a1': 1.616580753730952, 'a2': 2.5560386016907755, 'a3': 5.324636871421375} logZ_min= 3.6179369273816446 obs_min= 1.7542547864808742
params_new= {'a1': 1.616580753730952, 'a2': 2.5560386016907755, 'a3': 5.324636871421381} logZ_new= 3.6286113111723726 obs_new= 1.6402535443047763
params_max= {'a1': 1.616580753730952, 'a2': 2.5560386016907755, 'a3': 5.324636871421388} logZ_max= 3.6286112887045228 obs_max= 1.6402709125156847
dist_min= tensor(26572.4606) dist_max= tensor(1133.9418)
params_min,params_max=params_min,params_new
evaluating model at params_new={'a1': 1.616580753730952, 'a2': 2.5560386016907755, 'a3': 5.324636871421378}
params_min= {'a1': 1.616580753730952, 'a2': 2.5560386016907755, 'a3': 5.324636871421375} logZ_min= 3.6179369273816446 obs_min= 1.7542547864808742
params_new= {'a1': 1.616580753730952, 'a2': 2.5560386016907755, 'a3': 5.324636871421378} logZ_new= 3.628611313494621 obs_new= 1.6402543998813768
params_max= {'a1': 1.616580753730952, 'a2': 2.5560386016907755, 'a3': 5.324636871421381} logZ_max= 3.6286113111723726 obs_max= 1.6402535443047763
dist_min= tensor(26548.2349) dist_max= tensor(1133.9515)
params_min,params_max=params_min,params_new
evaluating model at params_new={'a1': 1.616580753730952, 'a2': 2.5560386016907755, 'a3': 5.324636871421376}
params_min= {'a1': 1.616580753730952, 'a2': 2.5560386016907755, 'a3': 5.324636871421375} logZ_min= 3.6179369273816446 obs_min= 1.7542547864808742
params_new= {'a1': 1.616580753730952, 'a2': 2.5560386016907755, 'a3': 5.324636871421376} logZ_new= 3.628611050764364 obs_new= 1.6402810521494684
params_max= {'a1': 1.616580753730952, 'a2': 2.5560386016907755, 'a3': 5.324636871421378} logZ_max= 3.628611313494621 obs_max= 1.6402543998813768
dist_min= tensor(26548.1827) dist_max= tensor(18.0249)
params_min,params_max=params_min,params_new
critical params found:  {'a1': 1.616580753730952, 'a2': 2.5560386016907755, 'a3': 5.324636871421376}
reference params:  {'a1': 1.1547005383792515, 'a2': 1.8257418583505538, 'a3': 4.47213595499958}
file saved to  data/AKLT3D_X10_scan_grid_critical_a3/a1_1.6165808_a2_2.5560386/Tc.json
