Start running find_critical_temp.py with options:{'filename': 'data/AKLT3D_X10_scan_grid_critical_a3/a1_1.3856406_a2_2.1908902/Tc.json', 'log_filename': 'data/AKLT3D_X10_scan_grid_critical_a3/a1_1.3856406_a2_2.1908902/Tc.log', 'nLayers': 60, 'max_dim': 10, 'model': 'AKLT3D', 'params_min': "{'a1': 1.3856406460551018, 'a2': 2.1908902300206647, 'a3': 4.47213595499958}", 'params_max': "{'a1': 1.3856406460551018, 'a2': 2.1908902300206647, 'a3': 5.366563145999496}", 'params_ref': None, 'observable_name': 'magnetizationZ', 'tol': 0.0, 'gilt_enabled': False, 'gilt_eps': 8e-07, 'gilt_nIter': 1, 'mcf_enabled': True, 'mcf_eps': 1e-16, 'mcf_max_iter': 200, 'hotrg_sanity_check': False, 'version': 1, 'device': 'cuda:1'}
loading library...
evaluating model at params_min={'a1': 1.3856406460551018, 'a2': 2.1908902300206647, 'a3': 4.47213595499958}
params_min= {'a1': 1.3856406460551018, 'a2': 2.1908902300206647, 'a3': 4.47213595499958} logZ_min= 3.357550036007723 obs_min= 2.1961576695430095e-32
evaluating model at params_max={'a1': 1.3856406460551018, 'a2': 2.1908902300206647, 'a3': 5.366563145999496}
params_max= {'a1': 1.3856406460551018, 'a2': 2.1908902300206647, 'a3': 5.366563145999496} logZ_max= 3.4684642136475556 obs_max= 6.610456001945812
searching for critical temperature using bisection method
evaluating model at params_new={'a1': 1.3856406460551018, 'a2': 2.1908902300206647, 'a3': 4.919349550499538}
params_min= {'a1': 1.3856406460551018, 'a2': 2.1908902300206647, 'a3': 4.47213595499958} logZ_min= 3.357550036007723 obs_min= 2.1961576695430095e-32
params_new= {'a1': 1.3856406460551018, 'a2': 2.1908902300206647, 'a3': 4.919349550499538} logZ_new= 3.380900596408244 obs_new= 1.937670464519772
params_max= {'a1': 1.3856406460551018, 'a2': 2.1908902300206647, 'a3': 5.366563145999496} logZ_max= 3.4684642136475556 obs_max= 6.610456001945812
dist_min= tensor(404.5451) dist_max= tensor(8.0338)
params_min,params_max=params_min,params_new
evaluating model at params_new={'a1': 1.3856406460551018, 'a2': 2.1908902300206647, 'a3': 4.695742752749559}
params_min= {'a1': 1.3856406460551018, 'a2': 2.1908902300206647, 'a3': 4.47213595499958} logZ_min= 3.357550036007723 obs_min= 2.1961576695430095e-32
params_new= {'a1': 1.3856406460551018, 'a2': 2.1908902300206647, 'a3': 4.695742752749559} logZ_new= 3.360120597090727 obs_new= -4.801959285672138e-31
params_max= {'a1': 1.3856406460551018, 'a2': 2.1908902300206647, 'a3': 4.919349550499538} logZ_max= 3.380900596408244 obs_max= 1.937670464519772
dist_min= tensor(406.5404) dist_max= tensor(37.6755)
params_min,params_max=params_min,params_new
evaluating model at params_new={'a1': 1.3856406460551018, 'a2': 2.1908902300206647, 'a3': 4.58393935387457}
params_min= {'a1': 1.3856406460551018, 'a2': 2.1908902300206647, 'a3': 4.47213595499958} logZ_min= 3.357550036007723 obs_min= 2.1961576695430095e-32
params_new= {'a1': 1.3856406460551018, 'a2': 2.1908902300206647, 'a3': 4.58393935387457} logZ_new= 3.360196410974275 obs_new= 1.9524999527439084e-30
params_max= {'a1': 1.3856406460551018, 'a2': 2.1908902300206647, 'a3': 4.695742752749559} logZ_max= 3.360120597090727 obs_max= -4.801959285672138e-31
dist_min= tensor(404.9368) dist_max= tensor(39.3760)
params_min,params_max=params_min,params_new
evaluating model at params_new={'a1': 1.3856406460551018, 'a2': 2.1908902300206647, 'a3': 4.528037654437075}
params_min= {'a1': 1.3856406460551018, 'a2': 2.1908902300206647, 'a3': 4.47213595499958} logZ_min= 3.357550036007723 obs_min= 2.1961576695430095e-32
params_new= {'a1': 1.3856406460551018, 'a2': 2.1908902300206647, 'a3': 4.528037654437075} logZ_new= nan obs_new= 1.8955405664633448e-30
params_max= {'a1': 1.3856406460551018, 'a2': 2.1908902300206647, 'a3': 4.58393935387457} logZ_max= 3.360196410974275 obs_max= 1.9524999527439084e-30
dist_min= tensor(404.7492) dist_max= tensor(5.5311)
params_min,params_max=params_min,params_new
evaluating model at params_new={'a1': 1.3856406460551018, 'a2': 2.1908902300206647, 'a3': 4.500086804718327}
params_min= {'a1': 1.3856406460551018, 'a2': 2.1908902300206647, 'a3': 4.47213595499958} logZ_min= 3.357550036007723 obs_min= 2.1961576695430095e-32
params_new= {'a1': 1.3856406460551018, 'a2': 2.1908902300206647, 'a3': 4.500086804718327} logZ_new= 3.358040685786828 obs_new= 1.9446284609471217e-31
params_max= {'a1': 1.3856406460551018, 'a2': 2.1908902300206647, 'a3': 4.528037654437075} logZ_max= nan obs_max= 1.8955405664633448e-30
dist_min= tensor(408.0938) dist_max= tensor(53.1621)
params_min,params_max=params_min,params_new
evaluating model at params_new={'a1': 1.3856406460551018, 'a2': 2.1908902300206647, 'a3': 4.486111379858953}
params_min= {'a1': 1.3856406460551018, 'a2': 2.1908902300206647, 'a3': 4.47213595499958} logZ_min= 3.357550036007723 obs_min= 2.1961576695430095e-32
params_new= {'a1': 1.3856406460551018, 'a2': 2.1908902300206647, 'a3': 4.486111379858953} logZ_new= nan obs_new= 1.5200807988931588e-31
params_max= {'a1': 1.3856406460551018, 'a2': 2.1908902300206647, 'a3': 4.500086804718327} logZ_max= 3.358040685786828 obs_max= 1.9446284609471217e-31
dist_min= tensor(962.2902) dist_max= tensor(874.5086)
params_min,params_max=params_min,params_new
evaluating model at params_new={'a1': 1.3856406460551018, 'a2': 2.1908902300206647, 'a3': 4.479123667429267}
params_min= {'a1': 1.3856406460551018, 'a2': 2.1908902300206647, 'a3': 4.47213595499958} logZ_min= 3.357550036007723 obs_min= 2.1961576695430095e-32
params_new= {'a1': 1.3856406460551018, 'a2': 2.1908902300206647, 'a3': 4.479123667429267} logZ_new= 3.3574835111585535 obs_new= 1.813415548732876e-31
params_max= {'a1': 1.3856406460551018, 'a2': 2.1908902300206647, 'a3': 4.486111379858953} logZ_max= nan obs_max= 1.5200807988931588e-31
dist_min= tensor(501.5213) dist_max= tensor(934.7760)
params_min,params_max=params_new,params_max
evaluating model at params_new={'a1': 1.3856406460551018, 'a2': 2.1908902300206647, 'a3': 4.482617523644111}
params_min= {'a1': 1.3856406460551018, 'a2': 2.1908902300206647, 'a3': 4.479123667429267} logZ_min= 3.3574835111585535 obs_min= 1.813415548732876e-31
params_new= {'a1': 1.3856406460551018, 'a2': 2.1908902300206647, 'a3': 4.482617523644111} logZ_new= 3.3576306133178484 obs_new= 4.5195579362025435e-35
params_max= {'a1': 1.3856406460551018, 'a2': 2.1908902300206647, 'a3': 4.486111379858953} logZ_max= nan obs_max= 1.5200807988931588e-31
dist_min= tensor(334.1509) dist_max= tensor(872.8917)
params_min,params_max=params_new,params_max
evaluating model at params_new={'a1': 1.3856406460551018, 'a2': 2.1908902300206647, 'a3': 4.4843644517515315}
params_min= {'a1': 1.3856406460551018, 'a2': 2.1908902300206647, 'a3': 4.482617523644111} logZ_min= 3.3576306133178484 obs_min= 4.5195579362025435e-35
params_new= {'a1': 1.3856406460551018, 'a2': 2.1908902300206647, 'a3': 4.4843644517515315} logZ_new= nan obs_new= 6.606640768240399e-31
params_max= {'a1': 1.3856406460551018, 'a2': 2.1908902300206647, 'a3': 4.486111379858953} logZ_max= nan obs_max= 1.5200807988931588e-31
dist_min= tensor(8.7038) dist_max= tensor(864.2061)
params_min,params_max=params_new,params_max
evaluating model at params_new={'a1': 1.3856406460551018, 'a2': 2.1908902300206647, 'a3': 4.485237915805243}
params_min= {'a1': 1.3856406460551018, 'a2': 2.1908902300206647, 'a3': 4.4843644517515315} logZ_min= nan obs_min= 6.606640768240399e-31
params_new= {'a1': 1.3856406460551018, 'a2': 2.1908902300206647, 'a3': 4.485237915805243} logZ_new= 3.3576977625837525 obs_new= 2.382321716514947e-31
params_max= {'a1': 1.3856406460551018, 'a2': 2.1908902300206647, 'a3': 4.486111379858953} logZ_max= nan obs_max= 1.5200807988931588e-31
dist_min= tensor(35.4315) dist_max= tensor(873.5707)
params_min,params_max=params_new,params_max
evaluating model at params_new={'a1': 1.3856406460551018, 'a2': 2.1908902300206647, 'a3': 4.485674647832099}
params_min= {'a1': 1.3856406460551018, 'a2': 2.1908902300206647, 'a3': 4.485237915805243} logZ_min= 3.3576977625837525 obs_min= 2.382321716514947e-31
params_new= {'a1': 1.3856406460551018, 'a2': 2.1908902300206647, 'a3': 4.485674647832099} logZ_new= nan obs_new= 1.8160889178156526e-31
params_max= {'a1': 1.3856406460551018, 'a2': 2.1908902300206647, 'a3': 4.486111379858953} logZ_max= nan obs_max= 1.5200807988931588e-31
dist_min= tensor(42.2953) dist_max= tensor(848.4581)
params_min,params_max=params_new,params_max
evaluating model at params_new={'a1': 1.3856406460551018, 'a2': 2.1908902300206647, 'a3': 4.485893013845526}
params_min= {'a1': 1.3856406460551018, 'a2': 2.1908902300206647, 'a3': 4.485674647832099} logZ_min= nan obs_min= 1.8160889178156526e-31
params_new= {'a1': 1.3856406460551018, 'a2': 2.1908902300206647, 'a3': 4.485893013845526} logZ_new= nan obs_new= 1.9910863713062754e-31
params_max= {'a1': 1.3856406460551018, 'a2': 2.1908902300206647, 'a3': 4.486111379858953} logZ_max= nan obs_max= 1.5200807988931588e-31
dist_min= tensor(30.3916) dist_max= tensor(872.4976)
params_min,params_max=params_new,params_max
evaluating model at params_new={'a1': 1.3856406460551018, 'a2': 2.1908902300206647, 'a3': 4.48600219685224}
params_min= {'a1': 1.3856406460551018, 'a2': 2.1908902300206647, 'a3': 4.485893013845526} logZ_min= nan obs_min= 1.9910863713062754e-31
params_new= {'a1': 1.3856406460551018, 'a2': 2.1908902300206647, 'a3': 4.48600219685224} logZ_new= 3.3576946049448635 obs_new= 3.619997028207824e-30
params_max= {'a1': 1.3856406460551018, 'a2': 2.1908902300206647, 'a3': 4.486111379858953} logZ_max= nan obs_max= 1.5200807988931588e-31
dist_min= tensor(69.9952) dist_max= tensor(875.4829)
params_min,params_max=params_new,params_max
evaluating model at params_new={'a1': 1.3856406460551018, 'a2': 2.1908902300206647, 'a3': 4.486056788355597}
params_min= {'a1': 1.3856406460551018, 'a2': 2.1908902300206647, 'a3': 4.48600219685224} logZ_min= 3.3576946049448635 obs_min= 3.619997028207824e-30
params_new= {'a1': 1.3856406460551018, 'a2': 2.1908902300206647, 'a3': 4.486056788355597} logZ_new= nan obs_new= 2.4035975240685078e-33
params_max= {'a1': 1.3856406460551018, 'a2': 2.1908902300206647, 'a3': 4.486111379858953} logZ_max= nan obs_max= 1.5200807988931588e-31
dist_min= tensor(67.5935) dist_max= tensor(871.6000)
params_min,params_max=params_new,params_max
evaluating model at params_new={'a1': 1.3856406460551018, 'a2': 2.1908902300206647, 'a3': 4.486084084107276}
params_min= {'a1': 1.3856406460551018, 'a2': 2.1908902300206647, 'a3': 4.486056788355597} logZ_min= nan obs_min= 2.4035975240685078e-33
params_new= {'a1': 1.3856406460551018, 'a2': 2.1908902300206647, 'a3': 4.486084084107276} logZ_new= 3.357719686259219 obs_new= 3.860020675466074e-34
params_max= {'a1': 1.3856406460551018, 'a2': 2.1908902300206647, 'a3': 4.486111379858953} logZ_max= nan obs_max= 1.5200807988931588e-31
dist_min= tensor(1.2286) dist_max= tensor(872.7842)
params_min,params_max=params_new,params_max
evaluating model at params_new={'a1': 1.3856406460551018, 'a2': 2.1908902300206647, 'a3': 4.486097731983115}
params_min= {'a1': 1.3856406460551018, 'a2': 2.1908902300206647, 'a3': 4.486084084107276} logZ_min= 3.357719686259219 obs_min= 3.860020675466074e-34
params_new= {'a1': 1.3856406460551018, 'a2': 2.1908902300206647, 'a3': 4.486097731983115} logZ_new= 3.3577221842579035 obs_new= 1.2770818679937266e-30
params_max= {'a1': 1.3856406460551018, 'a2': 2.1908902300206647, 'a3': 4.486111379858953} logZ_max= nan obs_max= 1.5200807988931588e-31
dist_min= tensor(0.3339) dist_max= tensor(873.0132)
params_min,params_max=params_new,params_max
evaluating model at params_new={'a1': 1.3856406460551018, 'a2': 2.1908902300206647, 'a3': 4.486104555921035}
params_min= {'a1': 1.3856406460551018, 'a2': 2.1908902300206647, 'a3': 4.486097731983115} logZ_min= 3.3577221842579035 obs_min= 1.2770818679937266e-30
params_new= {'a1': 1.3856406460551018, 'a2': 2.1908902300206647, 'a3': 4.486104555921035} logZ_new= nan obs_new= 1.5060021564025748e-32
params_max= {'a1': 1.3856406460551018, 'a2': 2.1908902300206647, 'a3': 4.486111379858953} logZ_max= nan obs_max= 1.5200807988931588e-31
dist_min= tensor(319.0796) dist_max= tensor(924.9383)
params_min,params_max=params_new,params_max
evaluating model at params_new={'a1': 1.3856406460551018, 'a2': 2.1908902300206647, 'a3': 4.486107967889994}
params_min= {'a1': 1.3856406460551018, 'a2': 2.1908902300206647, 'a3': 4.486104555921035} logZ_min= nan obs_min= 1.5060021564025748e-32
params_new= {'a1': 1.3856406460551018, 'a2': 2.1908902300206647, 'a3': 4.486107967889994} logZ_new= nan obs_new= 1.006003255002862e-31
params_max= {'a1': 1.3856406460551018, 'a2': 2.1908902300206647, 'a3': 4.486111379858953} logZ_max= nan obs_max= 1.5200807988931588e-31
dist_min= tensor(319.4355) dist_max= tensor(852.5881)
params_min,params_max=params_new,params_max
evaluating model at params_new={'a1': 1.3856406460551018, 'a2': 2.1908902300206647, 'a3': 4.4861096738744735}
params_min= {'a1': 1.3856406460551018, 'a2': 2.1908902300206647, 'a3': 4.486107967889994} logZ_min= nan obs_min= 1.006003255002862e-31
params_new= {'a1': 1.3856406460551018, 'a2': 2.1908902300206647, 'a3': 4.4861096738744735} logZ_new= 3.357722525381311 obs_new= 7.291454504924556e-31
params_max= {'a1': 1.3856406460551018, 'a2': 2.1908902300206647, 'a3': 4.486111379858953} logZ_max= nan obs_max= 1.5200807988931588e-31
dist_min= tensor(20.6155) dist_max= tensor(872.8723)
params_min,params_max=params_new,params_max
evaluating model at params_new={'a1': 1.3856406460551018, 'a2': 2.1908902300206647, 'a3': 4.486110526866714}
params_min= {'a1': 1.3856406460551018, 'a2': 2.1908902300206647, 'a3': 4.4861096738744735} logZ_min= 3.357722525381311 obs_min= 7.291454504924556e-31
params_new= {'a1': 1.3856406460551018, 'a2': 2.1908902300206647, 'a3': 4.486110526866714} logZ_new= nan obs_new= 1.496721606591576e-31
params_max= {'a1': 1.3856406460551018, 'a2': 2.1908902300206647, 'a3': 4.486111379858953} logZ_max= nan obs_max= 1.5200807988931588e-31
dist_min= tensor(12.5964) dist_max= tensor(860.8150)
params_min,params_max=params_new,params_max
evaluating model at params_new={'a1': 1.3856406460551018, 'a2': 2.1908902300206647, 'a3': 4.486110953362834}
params_min= {'a1': 1.3856406460551018, 'a2': 2.1908902300206647, 'a3': 4.486110526866714} logZ_min= nan obs_min= 1.496721606591576e-31
params_new= {'a1': 1.3856406460551018, 'a2': 2.1908902300206647, 'a3': 4.486110953362834} logZ_new= nan obs_new= 3.7191108243582047e-31
params_max= {'a1': 1.3856406460551018, 'a2': 2.1908902300206647, 'a3': 4.486111379858953} logZ_max= nan obs_max= 1.5200807988931588e-31
dist_min= tensor(11.9164) dist_max= tensor(872.5798)
params_min,params_max=params_new,params_max
evaluating model at params_new={'a1': 1.3856406460551018, 'a2': 2.1908902300206647, 'a3': 4.486111166610893}
params_min= {'a1': 1.3856406460551018, 'a2': 2.1908902300206647, 'a3': 4.486110953362834} logZ_min= nan obs_min= 3.7191108243582047e-31
params_new= {'a1': 1.3856406460551018, 'a2': 2.1908902300206647, 'a3': 4.486111166610893} logZ_new= nan obs_new= 1.0150537715439733e-31
params_max= {'a1': 1.3856406460551018, 'a2': 2.1908902300206647, 'a3': 4.486111379858953} logZ_max= nan obs_max= 1.5200807988931588e-31
dist_min= tensor(4.0681) dist_max= tensor(871.1214)
params_min,params_max=params_new,params_max
evaluating model at params_new={'a1': 1.3856406460551018, 'a2': 2.1908902300206647, 'a3': 4.486111273234924}
params_min= {'a1': 1.3856406460551018, 'a2': 2.1908902300206647, 'a3': 4.486111166610893} logZ_min= nan obs_min= 1.0150537715439733e-31
params_new= {'a1': 1.3856406460551018, 'a2': 2.1908902300206647, 'a3': 4.486111273234924} logZ_new= 3.357712990532168 obs_new= 3.5598196564030827e-32
params_max= {'a1': 1.3856406460551018, 'a2': 2.1908902300206647, 'a3': 4.486111379858953} logZ_max= nan obs_max= 1.5200807988931588e-31
dist_min= tensor(48.2769) dist_max= tensor(874.3215)
params_min,params_max=params_new,params_max
evaluating model at params_new={'a1': 1.3856406460551018, 'a2': 2.1908902300206647, 'a3': 4.486111326546938}
params_min= {'a1': 1.3856406460551018, 'a2': 2.1908902300206647, 'a3': 4.486111273234924} logZ_min= 3.357712990532168 obs_min= 3.5598196564030827e-32
params_new= {'a1': 1.3856406460551018, 'a2': 2.1908902300206647, 'a3': 4.486111326546938} logZ_new= 3.3577170500818414 obs_new= 3.6533030191198945e-32
params_max= {'a1': 1.3856406460551018, 'a2': 2.1908902300206647, 'a3': 4.486111379858953} logZ_max= nan obs_max= 1.5200807988931588e-31
dist_min= tensor(48.4469) dist_max= tensor(873.0736)
params_min,params_max=params_new,params_max
evaluating model at params_new={'a1': 1.3856406460551018, 'a2': 2.1908902300206647, 'a3': 4.486111353202945}
params_min= {'a1': 1.3856406460551018, 'a2': 2.1908902300206647, 'a3': 4.486111326546938} logZ_min= 3.3577170500818414 obs_min= 3.6533030191198945e-32
params_new= {'a1': 1.3856406460551018, 'a2': 2.1908902300206647, 'a3': 4.486111353202945} logZ_new= 3.3577174839975736 obs_new= 6.0121676795873956e-31
params_max= {'a1': 1.3856406460551018, 'a2': 2.1908902300206647, 'a3': 4.486111379858953} logZ_max= nan obs_max= 1.5200807988931588e-31
dist_min= tensor(2.3934) dist_max= tensor(872.6821)
params_min,params_max=params_new,params_max
evaluating model at params_new={'a1': 1.3856406460551018, 'a2': 2.1908902300206647, 'a3': 4.486111366530949}
params_min= {'a1': 1.3856406460551018, 'a2': 2.1908902300206647, 'a3': 4.486111353202945} logZ_min= 3.3577174839975736 obs_min= 6.0121676795873956e-31
params_new= {'a1': 1.3856406460551018, 'a2': 2.1908902300206647, 'a3': 4.486111366530949} logZ_new= 3.3577225558459176 obs_new= 2.703761906570219e-32
params_max= {'a1': 1.3856406460551018, 'a2': 2.1908902300206647, 'a3': 4.486111379858953} logZ_max= nan obs_max= 1.5200807988931588e-31
dist_min= tensor(2.1564) dist_max= tensor(872.9916)
params_min,params_max=params_new,params_max
evaluating model at params_new={'a1': 1.3856406460551018, 'a2': 2.1908902300206647, 'a3': 4.486111373194952}
params_min= {'a1': 1.3856406460551018, 'a2': 2.1908902300206647, 'a3': 4.486111366530949} logZ_min= 3.3577225558459176 obs_min= 2.703761906570219e-32
params_new= {'a1': 1.3856406460551018, 'a2': 2.1908902300206647, 'a3': 4.486111373194952} logZ_new= nan obs_new= 1.0112034088538816e-32
params_max= {'a1': 1.3856406460551018, 'a2': 2.1908902300206647, 'a3': 4.486111379858953} logZ_max= nan obs_max= 1.5200807988931588e-31
dist_min= tensor(73.2609) dist_max= tensor(799.7318)
params_min,params_max=params_new,params_max
evaluating model at params_new={'a1': 1.3856406460551018, 'a2': 2.1908902300206647, 'a3': 4.486111376526953}
params_min= {'a1': 1.3856406460551018, 'a2': 2.1908902300206647, 'a3': 4.486111373194952} logZ_min= nan obs_min= 1.0112034088538816e-32
params_new= {'a1': 1.3856406460551018, 'a2': 2.1908902300206647, 'a3': 4.486111376526953} logZ_new= nan obs_new= 5.758692517431375e-32
params_max= {'a1': 1.3856406460551018, 'a2': 2.1908902300206647, 'a3': 4.486111379858953} logZ_max= nan obs_max= 1.5200807988931588e-31
dist_min= tensor(285.5824) dist_max= tensor(514.1578)
params_min,params_max=params_new,params_max
evaluating model at params_new={'a1': 1.3856406460551018, 'a2': 2.1908902300206647, 'a3': 4.486111378192954}
params_min= {'a1': 1.3856406460551018, 'a2': 2.1908902300206647, 'a3': 4.486111376526953} logZ_min= nan obs_min= 5.758692517431375e-32
params_new= {'a1': 1.3856406460551018, 'a2': 2.1908902300206647, 'a3': 4.486111378192954} logZ_new= 3.357721109726406 obs_new= 9.675074102861509e-32
params_max= {'a1': 1.3856406460551018, 'a2': 2.1908902300206647, 'a3': 4.486111379858953} logZ_max= nan obs_max= 1.5200807988931588e-31
dist_min= tensor(368.9764) dist_max= tensor(877.2705)
params_min,params_max=params_new,params_max
evaluating model at params_new={'a1': 1.3856406460551018, 'a2': 2.1908902300206647, 'a3': 4.486111379025953}
params_min= {'a1': 1.3856406460551018, 'a2': 2.1908902300206647, 'a3': 4.486111378192954} logZ_min= 3.357721109726406 obs_min= 9.675074102861509e-32
params_new= {'a1': 1.3856406460551018, 'a2': 2.1908902300206647, 'a3': 4.486111379025953} logZ_new= nan obs_new= 1.6931381692543598e-30
params_max= {'a1': 1.3856406460551018, 'a2': 2.1908902300206647, 'a3': 4.486111379858953} logZ_max= nan obs_max= 1.5200807988931588e-31
dist_min= tensor(89.0542) dist_max= tensor(861.0608)
params_min,params_max=params_new,params_max
evaluating model at params_new={'a1': 1.3856406460551018, 'a2': 2.1908902300206647, 'a3': 4.486111379442454}
params_min= {'a1': 1.3856406460551018, 'a2': 2.1908902300206647, 'a3': 4.486111379025953} logZ_min= nan obs_min= 1.6931381692543598e-30
params_new= {'a1': 1.3856406460551018, 'a2': 2.1908902300206647, 'a3': 4.486111379442454} logZ_new= 3.357716084293171 obs_new= 5.03773831779427e-30
params_max= {'a1': 1.3856406460551018, 'a2': 2.1908902300206647, 'a3': 4.486111379858953} logZ_max= nan obs_max= 1.5200807988931588e-31
dist_min= tensor(13.8970) dist_max= tensor(872.8483)
params_min,params_max=params_new,params_max
evaluating model at params_new={'a1': 1.3856406460551018, 'a2': 2.1908902300206647, 'a3': 4.486111379650703}
params_min= {'a1': 1.3856406460551018, 'a2': 2.1908902300206647, 'a3': 4.486111379442454} logZ_min= 3.357716084293171 obs_min= 5.03773831779427e-30
params_new= {'a1': 1.3856406460551018, 'a2': 2.1908902300206647, 'a3': 4.486111379650703} logZ_new= nan obs_new= 1.868637949885255e-31
params_max= {'a1': 1.3856406460551018, 'a2': 2.1908902300206647, 'a3': 4.486111379858953} logZ_max= nan obs_max= 1.5200807988931588e-31
dist_min= tensor(5.3780) dist_max= tensor(867.5044)
params_min,params_max=params_new,params_max
evaluating model at params_new={'a1': 1.3856406460551018, 'a2': 2.1908902300206647, 'a3': 4.486111379754828}
params_min= {'a1': 1.3856406460551018, 'a2': 2.1908902300206647, 'a3': 4.486111379650703} logZ_min= nan obs_min= 1.868637949885255e-31
params_new= {'a1': 1.3856406460551018, 'a2': 2.1908902300206647, 'a3': 4.486111379754828} logZ_new= nan obs_new= 3.331306088721019e-30
params_max= {'a1': 1.3856406460551018, 'a2': 2.1908902300206647, 'a3': 4.486111379858953} logZ_max= nan obs_max= 1.5200807988931588e-31
dist_min= tensor(13.3861) dist_max= tensor(871.0153)
params_min,params_max=params_new,params_max
evaluating model at params_new={'a1': 1.3856406460551018, 'a2': 2.1908902300206647, 'a3': 4.486111379806891}
params_min= {'a1': 1.3856406460551018, 'a2': 2.1908902300206647, 'a3': 4.486111379754828} logZ_min= nan obs_min= 3.331306088721019e-30
params_new= {'a1': 1.3856406460551018, 'a2': 2.1908902300206647, 'a3': 4.486111379806891} logZ_new= nan obs_new= -7.652044344291702e-34
params_max= {'a1': 1.3856406460551018, 'a2': 2.1908902300206647, 'a3': 4.486111379858953} logZ_max= nan obs_max= 1.5200807988931588e-31
dist_min= tensor(28.7712) dist_max= tensor(844.5095)
params_min,params_max=params_new,params_max
evaluating model at params_new={'a1': 1.3856406460551018, 'a2': 2.1908902300206647, 'a3': 4.486111379832922}
params_min= {'a1': 1.3856406460551018, 'a2': 2.1908902300206647, 'a3': 4.486111379806891} logZ_min= nan obs_min= -7.652044344291702e-34
params_new= {'a1': 1.3856406460551018, 'a2': 2.1908902300206647, 'a3': 4.486111379832922} logZ_new= nan obs_new= 6.512508438619767e-30
params_max= {'a1': 1.3856406460551018, 'a2': 2.1908902300206647, 'a3': 4.486111379858953} logZ_max= nan obs_max= 1.5200807988931588e-31
dist_min= tensor(27.9045) dist_max= tensor(872.3280)
params_min,params_max=params_new,params_max
evaluating model at params_new={'a1': 1.3856406460551018, 'a2': 2.1908902300206647, 'a3': 4.486111379845937}
params_min= {'a1': 1.3856406460551018, 'a2': 2.1908902300206647, 'a3': 4.486111379832922} logZ_min= nan obs_min= 6.512508438619767e-30
params_new= {'a1': 1.3856406460551018, 'a2': 2.1908902300206647, 'a3': 4.486111379845937} logZ_new= 3.357703808145453 obs_new= 3.6831946203170072e-31
params_max= {'a1': 1.3856406460551018, 'a2': 2.1908902300206647, 'a3': 4.486111379858953} logZ_max= nan obs_max= 1.5200807988931588e-31
dist_min= tensor(1.9253) dist_max= tensor(872.7755)
params_min,params_max=params_new,params_max
evaluating model at params_new={'a1': 1.3856406460551018, 'a2': 2.1908902300206647, 'a3': 4.486111379852446}
params_min= {'a1': 1.3856406460551018, 'a2': 2.1908902300206647, 'a3': 4.486111379845937} logZ_min= 3.357703808145453 obs_min= 3.6831946203170072e-31
params_new= {'a1': 1.3856406460551018, 'a2': 2.1908902300206647, 'a3': 4.486111379852446} logZ_new= 3.3577212785603696 obs_new= 1.47885045918193e-32
params_max= {'a1': 1.3856406460551018, 'a2': 2.1908902300206647, 'a3': 4.486111379858953} logZ_max= nan obs_max= 1.5200807988931588e-31
dist_min= tensor(0.3540) dist_max= tensor(872.7473)
params_min,params_max=params_new,params_max
evaluating model at params_new={'a1': 1.3856406460551018, 'a2': 2.1908902300206647, 'a3': 4.4861113798557}
params_min= {'a1': 1.3856406460551018, 'a2': 2.1908902300206647, 'a3': 4.486111379852446} logZ_min= 3.3577212785603696 obs_min= 1.47885045918193e-32
params_new= {'a1': 1.3856406460551018, 'a2': 2.1908902300206647, 'a3': 4.4861113798557} logZ_new= 3.357722425879882 obs_new= 1.0746474312335772e-31
params_max= {'a1': 1.3856406460551018, 'a2': 2.1908902300206647, 'a3': 4.486111379858953} logZ_max= nan obs_max= 1.5200807988931588e-31
dist_min= tensor(2.4454) dist_max= tensor(872.7474)
params_min,params_max=params_new,params_max
evaluating model at params_new={'a1': 1.3856406460551018, 'a2': 2.1908902300206647, 'a3': 4.486111379857327}
params_min= {'a1': 1.3856406460551018, 'a2': 2.1908902300206647, 'a3': 4.4861113798557} logZ_min= 3.357722425879882 obs_min= 1.0746474312335772e-31
params_new= {'a1': 1.3856406460551018, 'a2': 2.1908902300206647, 'a3': 4.486111379857327} logZ_new= 3.3577082176617794 obs_new= 3.4334674848708634e-32
params_max= {'a1': 1.3856406460551018, 'a2': 2.1908902300206647, 'a3': 4.486111379858953} logZ_max= nan obs_max= 1.5200807988931588e-31
dist_min= tensor(3.3982) dist_max= tensor(872.9300)
params_min,params_max=params_new,params_max
evaluating model at params_new={'a1': 1.3856406460551018, 'a2': 2.1908902300206647, 'a3': 4.486111379858141}
params_min= {'a1': 1.3856406460551018, 'a2': 2.1908902300206647, 'a3': 4.486111379857327} logZ_min= 3.3577082176617794 obs_min= 3.4334674848708634e-32
params_new= {'a1': 1.3856406460551018, 'a2': 2.1908902300206647, 'a3': 4.486111379858141} logZ_new= nan obs_new= 2.178578796032276e-30
params_max= {'a1': 1.3856406460551018, 'a2': 2.1908902300206647, 'a3': 4.486111379858953} logZ_max= nan obs_max= 1.5200807988931588e-31
dist_min= tensor(4.3051) dist_max= tensor(872.4128)
params_min,params_max=params_new,params_max
evaluating model at params_new={'a1': 1.3856406460551018, 'a2': 2.1908902300206647, 'a3': 4.4861113798585475}
params_min= {'a1': 1.3856406460551018, 'a2': 2.1908902300206647, 'a3': 4.486111379858141} logZ_min= nan obs_min= 2.178578796032276e-30
params_new= {'a1': 1.3856406460551018, 'a2': 2.1908902300206647, 'a3': 4.4861113798585475} logZ_new= nan obs_new= 2.351668592355596e-31
params_max= {'a1': 1.3856406460551018, 'a2': 2.1908902300206647, 'a3': 4.486111379858953} logZ_max= nan obs_max= 1.5200807988931588e-31
dist_min= tensor(5.4768) dist_max= tensor(872.3877)
params_min,params_max=params_new,params_max
evaluating model at params_new={'a1': 1.3856406460551018, 'a2': 2.1908902300206647, 'a3': 4.48611137985875}
params_min= {'a1': 1.3856406460551018, 'a2': 2.1908902300206647, 'a3': 4.4861113798585475} logZ_min= nan obs_min= 2.351668592355596e-31
params_new= {'a1': 1.3856406460551018, 'a2': 2.1908902300206647, 'a3': 4.48611137985875} logZ_new= 3.3576826559066273 obs_new= 1.3026004738597896e-31
params_max= {'a1': 1.3856406460551018, 'a2': 2.1908902300206647, 'a3': 4.486111379858953} logZ_max= nan obs_max= 1.5200807988931588e-31
dist_min= tensor(1638.2303) dist_max= tensor(1856.3536)
params_min,params_max=params_new,params_max
evaluating model at params_new={'a1': 1.3856406460551018, 'a2': 2.1908902300206647, 'a3': 4.486111379858851}
params_min= {'a1': 1.3856406460551018, 'a2': 2.1908902300206647, 'a3': 4.48611137985875} logZ_min= 3.3576826559066273 obs_min= 1.3026004738597896e-31
params_new= {'a1': 1.3856406460551018, 'a2': 2.1908902300206647, 'a3': 4.486111379858851} logZ_new= 3.3577101123394666 obs_new= 2.0498288625567294e-32
params_max= {'a1': 1.3856406460551018, 'a2': 2.1908902300206647, 'a3': 4.486111379858953} logZ_max= nan obs_max= 1.5200807988931588e-31
dist_min= tensor(10425.3515) dist_max= tensor(10331.2336)
params_min,params_max=params_min,params_new
evaluating model at params_new={'a1': 1.3856406460551018, 'a2': 2.1908902300206647, 'a3': 4.486111379858801}
params_min= {'a1': 1.3856406460551018, 'a2': 2.1908902300206647, 'a3': 4.48611137985875} logZ_min= 3.3576826559066273 obs_min= 1.3026004738597896e-31
params_new= {'a1': 1.3856406460551018, 'a2': 2.1908902300206647, 'a3': 4.486111379858801} logZ_new= nan obs_new= 2.0161815882591784e-31
params_max= {'a1': 1.3856406460551018, 'a2': 2.1908902300206647, 'a3': 4.486111379858851} logZ_max= 3.3577101123394666 obs_max= 2.0498288625567294e-32
dist_min= tensor(1638.2455) dist_max= tensor(10294.3900)
params_min,params_max=params_new,params_max
evaluating model at params_new={'a1': 1.3856406460551018, 'a2': 2.1908902300206647, 'a3': 4.486111379858826}
params_min= {'a1': 1.3856406460551018, 'a2': 2.1908902300206647, 'a3': 4.486111379858801} logZ_min= nan obs_min= 2.0161815882591784e-31
params_new= {'a1': 1.3856406460551018, 'a2': 2.1908902300206647, 'a3': 4.486111379858826} logZ_new= nan obs_new= 1.8012576862324881e-32
params_max= {'a1': 1.3856406460551018, 'a2': 2.1908902300206647, 'a3': 4.486111379858851} logZ_max= 3.3577101123394666 obs_max= 2.0498288625567294e-32
dist_min= tensor(5.4506) dist_max= tensor(10295.7107)
params_min,params_max=params_new,params_max
evaluating model at params_new={'a1': 1.3856406460551018, 'a2': 2.1908902300206647, 'a3': 4.486111379858839}
params_min= {'a1': 1.3856406460551018, 'a2': 2.1908902300206647, 'a3': 4.486111379858826} logZ_min= nan obs_min= 1.8012576862324881e-32
params_new= {'a1': 1.3856406460551018, 'a2': 2.1908902300206647, 'a3': 4.486111379858839} logZ_new= 3.3576679384478387 obs_new= 4.055564431272573e-31
params_max= {'a1': 1.3856406460551018, 'a2': 2.1908902300206647, 'a3': 4.486111379858851} logZ_max= 3.3577101123394666 obs_max= 2.0498288625567294e-32
dist_min= tensor(1087.1121) dist_max= tensor(10353.0743)
params_min,params_max=params_new,params_max
evaluating model at params_new={'a1': 1.3856406460551018, 'a2': 2.1908902300206647, 'a3': 4.486111379858845}
params_min= {'a1': 1.3856406460551018, 'a2': 2.1908902300206647, 'a3': 4.486111379858839} logZ_min= 3.3576679384478387 obs_min= 4.055564431272573e-31
params_new= {'a1': 1.3856406460551018, 'a2': 2.1908902300206647, 'a3': 4.486111379858845} logZ_new= nan obs_new= 2.4947809047109225e-31
params_max= {'a1': 1.3856406460551018, 'a2': 2.1908902300206647, 'a3': 4.486111379858851} logZ_max= 3.3577101123394666 obs_max= 2.0498288625567294e-32
dist_min= tensor(1087.3180) dist_max= tensor(10295.7883)
params_min,params_max=params_new,params_max
evaluating model at params_new={'a1': 1.3856406460551018, 'a2': 2.1908902300206647, 'a3': 4.486111379858848}
params_min= {'a1': 1.3856406460551018, 'a2': 2.1908902300206647, 'a3': 4.486111379858845} logZ_min= nan obs_min= 2.4947809047109225e-31
params_new= {'a1': 1.3856406460551018, 'a2': 2.1908902300206647, 'a3': 4.486111379858848} logZ_new= 3.3577172406030233 obs_new= 9.326111196485494e-32
params_max= {'a1': 1.3856406460551018, 'a2': 2.1908902300206647, 'a3': 4.486111379858851} logZ_max= 3.3577101123394666 obs_max= 2.0498288625567294e-32
dist_min= tensor(11.3814) dist_max= tensor(10295.8249)
params_min,params_max=params_new,params_max
evaluating model at params_new={'a1': 1.3856406460551018, 'a2': 2.1908902300206647, 'a3': 4.4861113798588494}
params_min= {'a1': 1.3856406460551018, 'a2': 2.1908902300206647, 'a3': 4.486111379858848} logZ_min= 3.3577172406030233 obs_min= 9.326111196485494e-32
params_new= {'a1': 1.3856406460551018, 'a2': 2.1908902300206647, 'a3': 4.4861113798588494} logZ_new= nan obs_new= 2.6817101812085825e-30
params_max= {'a1': 1.3856406460551018, 'a2': 2.1908902300206647, 'a3': 4.486111379858851} logZ_max= 3.3577101123394666 obs_max= 2.0498288625567294e-32
dist_min= tensor(1.1704) dist_max= tensor(10295.8008)
params_min,params_max=params_new,params_max
evaluating model at params_new={'a1': 1.3856406460551018, 'a2': 2.1908902300206647, 'a3': 4.48611137985885}
params_min= {'a1': 1.3856406460551018, 'a2': 2.1908902300206647, 'a3': 4.4861113798588494} logZ_min= nan obs_min= 2.6817101812085825e-30
params_new= {'a1': 1.3856406460551018, 'a2': 2.1908902300206647, 'a3': 4.48611137985885} logZ_new= nan obs_new= 4.376590671871823e-32
params_max= {'a1': 1.3856406460551018, 'a2': 2.1908902300206647, 'a3': 4.486111379858851} logZ_max= 3.3577101123394666 obs_max= 2.0498288625567294e-32
dist_min= tensor(1.4944) dist_max= tensor(10295.7322)
params_min,params_max=params_new,params_max
critical params found:  {'a1': 1.3856406460551018, 'a2': 2.1908902300206647, 'a3': 4.486111379858851}
reference params:  {'a1': 1.1547005383792515, 'a2': 1.8257418583505538, 'a3': 4.47213595499958}
file saved to  data/AKLT3D_X10_scan_grid_critical_a3/a1_1.3856406_a2_2.1908902/Tc.json
