Start running find_critical_temp.py with options:{'filename': 'data/AKLT3D_X10_scan_grid_critical_a3/a1_1.8475209_a2_3.2863353/Tc.json', 'log_filename': 'data/AKLT3D_X10_scan_grid_critical_a3/a1_1.8475209_a2_3.2863353/Tc.log', 'nLayers': 60, 'max_dim': 10, 'model': 'AKLT3D', 'params_min': "{'a1': 1.8475208614068024, 'a2': 3.286335345030997, 'a3': 4.47213595499958}", 'params_max': "{'a1': 1.8475208614068024, 'a2': 3.286335345030997, 'a3': 5.366563145999496}", 'params_ref': None, 'observable_name': 'magnetizationZ', 'tol': 0.0, 'gilt_enabled': False, 'gilt_eps': 8e-07, 'gilt_nIter': 1, 'mcf_enabled': True, 'mcf_eps': 1e-16, 'mcf_max_iter': 200, 'hotrg_sanity_check': False, 'version': 1, 'device': 'cuda:1'}
loading library...
evaluating model at params_min={'a1': 1.8475208614068024, 'a2': 3.286335345030997, 'a3': 4.47213595499958}
params_min= {'a1': 1.8475208614068024, 'a2': 3.286335345030997, 'a3': 4.47213595499958} logZ_min= 3.903501280730835 obs_min= 0.4057047976786947
evaluating model at params_max={'a1': 1.8475208614068024, 'a2': 3.286335345030997, 'a3': 5.366563145999496}
params_max= {'a1': 1.8475208614068024, 'a2': 3.286335345030997, 'a3': 5.366563145999496} logZ_max= 3.9205886934320677 obs_max= 1.6483815665391472
searching for critical temperature using bisection method
evaluating model at params_new={'a1': 1.8475208614068024, 'a2': 3.286335345030997, 'a3': 4.919349550499538}
params_min= {'a1': 1.8475208614068024, 'a2': 3.286335345030997, 'a3': 4.47213595499958} logZ_min= 3.903501280730835 obs_min= 0.4057047976786947
params_new= {'a1': 1.8475208614068024, 'a2': 3.286335345030997, 'a3': 4.919349550499538} logZ_new= nan obs_new= 0.7363146975821069
params_max= {'a1': 1.8475208614068024, 'a2': 3.286335345030997, 'a3': 5.366563145999496} logZ_max= 3.9205886934320677 obs_max= 1.6483815665391472
dist_min= tensor(768246.4647) dist_max= tensor(768246.1706)
params_min,params_max=params_min,params_new
evaluating model at params_new={'a1': 1.8475208614068024, 'a2': 3.286335345030997, 'a3': 4.695742752749559}
params_min= {'a1': 1.8475208614068024, 'a2': 3.286335345030997, 'a3': 4.47213595499958} logZ_min= 3.903501280730835 obs_min= 0.4057047976786947
params_new= {'a1': 1.8475208614068024, 'a2': 3.286335345030997, 'a3': 4.695742752749559} logZ_new= 3.902365375087347 obs_new= 4.0471375597135744e-30
params_max= {'a1': 1.8475208614068024, 'a2': 3.286335345030997, 'a3': 4.919349550499538} logZ_max= nan obs_max= 0.7363146975821069
dist_min= tensor(252.9291) dist_max= tensor(768246.2146)
params_min,params_max=params_new,params_max
evaluating model at params_new={'a1': 1.8475208614068024, 'a2': 3.286335345030997, 'a3': 4.807546151624548}
params_min= {'a1': 1.8475208614068024, 'a2': 3.286335345030997, 'a3': 4.695742752749559} logZ_min= 3.902365375087347 obs_min= 4.0471375597135744e-30
params_new= {'a1': 1.8475208614068024, 'a2': 3.286335345030997, 'a3': 4.807546151624548} logZ_new= 3.895493810381789 obs_new= 0.5559785154080572
params_max= {'a1': 1.8475208614068024, 'a2': 3.286335345030997, 'a3': 4.919349550499538} logZ_max= nan obs_max= 0.7363146975821069
dist_min= tensor(731.3401) dist_max= tensor(768245.5889)
params_min,params_max=params_new,params_max
evaluating model at params_new={'a1': 1.8475208614068024, 'a2': 3.286335345030997, 'a3': 4.863447851062043}
params_min= {'a1': 1.8475208614068024, 'a2': 3.286335345030997, 'a3': 4.807546151624548} logZ_min= 3.895493810381789 obs_min= 0.5559785154080572
params_new= {'a1': 1.8475208614068024, 'a2': 3.286335345030997, 'a3': 4.863447851062043} logZ_new= 3.9094684357322977 obs_new= 0.6573112529215182
params_max= {'a1': 1.8475208614068024, 'a2': 3.286335345030997, 'a3': 4.919349550499538} logZ_max= nan obs_max= 0.7363146975821069
dist_min= tensor(953.8422) dist_max= tensor(768246.1857)
params_min,params_max=params_new,params_max
evaluating model at params_new={'a1': 1.8475208614068024, 'a2': 3.286335345030997, 'a3': 4.89139870078079}
params_min= {'a1': 1.8475208614068024, 'a2': 3.286335345030997, 'a3': 4.863447851062043} logZ_min= 3.9094684357322977 obs_min= 0.6573112529215182
params_new= {'a1': 1.8475208614068024, 'a2': 3.286335345030997, 'a3': 4.89139870078079} logZ_new= nan obs_new= 0.6950975038838931
params_max= {'a1': 1.8475208614068024, 'a2': 3.286335345030997, 'a3': 4.919349550499538} logZ_max= nan obs_max= 0.7363146975821069
dist_min= tensor(810.3666) dist_max= tensor(768225.5099)
params_min,params_max=params_new,params_max
evaluating model at params_new={'a1': 1.8475208614068024, 'a2': 3.286335345030997, 'a3': 4.905374125640164}
params_min= {'a1': 1.8475208614068024, 'a2': 3.286335345030997, 'a3': 4.89139870078079} logZ_min= nan obs_min= 0.6950975038838931
params_new= {'a1': 1.8475208614068024, 'a2': 3.286335345030997, 'a3': 4.905374125640164} logZ_new= 3.910706266264439 obs_new= 0.7225424855162839
params_max= {'a1': 1.8475208614068024, 'a2': 3.286335345030997, 'a3': 4.919349550499538} logZ_max= nan obs_max= 0.7363146975821069
dist_min= tensor(555.6942) dist_max= tensor(768246.4076)
params_min,params_max=params_new,params_max
evaluating model at params_new={'a1': 1.8475208614068024, 'a2': 3.286335345030997, 'a3': 4.912361838069851}
params_min= {'a1': 1.8475208614068024, 'a2': 3.286335345030997, 'a3': 4.905374125640164} logZ_min= 3.910706266264439 obs_min= 0.7225424855162839
params_new= {'a1': 1.8475208614068024, 'a2': 3.286335345030997, 'a3': 4.912361838069851} logZ_new= 3.898797806407156 obs_new= 0.732824702638184
params_max= {'a1': 1.8475208614068024, 'a2': 3.286335345030997, 'a3': 4.919349550499538} logZ_max= nan obs_max= 0.7363146975821069
dist_min= tensor(526.3587) dist_max= tensor(768245.5632)
params_min,params_max=params_new,params_max
evaluating model at params_new={'a1': 1.8475208614068024, 'a2': 3.286335345030997, 'a3': 4.915855694284694}
params_min= {'a1': 1.8475208614068024, 'a2': 3.286335345030997, 'a3': 4.912361838069851} logZ_min= 3.898797806407156 obs_min= 0.732824702638184
params_new= {'a1': 1.8475208614068024, 'a2': 3.286335345030997, 'a3': 4.915855694284694} logZ_new= 3.8989937133567594 obs_new= 0.7368218708225981
params_max= {'a1': 1.8475208614068024, 'a2': 3.286335345030997, 'a3': 4.919349550499538} logZ_max= nan obs_max= 0.7363146975821069
dist_min= tensor(31.2628) dist_max= tensor(768245.5522)
params_min,params_max=params_new,params_max
evaluating model at params_new={'a1': 1.8475208614068024, 'a2': 3.286335345030997, 'a3': 4.917602622392116}
params_min= {'a1': 1.8475208614068024, 'a2': 3.286335345030997, 'a3': 4.915855694284694} logZ_min= 3.8989937133567594 obs_min= 0.7368218708225981
params_new= {'a1': 1.8475208614068024, 'a2': 3.286335345030997, 'a3': 4.917602622392116} logZ_new= nan obs_new= 0.7416624785061442
params_max= {'a1': 1.8475208614068024, 'a2': 3.286335345030997, 'a3': 4.919349550499538} logZ_max= nan obs_max= 0.7363146975821069
dist_min= tensor(508.8069) dist_max= tensor(768193.9218)
params_min,params_max=params_new,params_max
evaluating model at params_new={'a1': 1.8475208614068024, 'a2': 3.286335345030997, 'a3': 4.918476086445827}
params_min= {'a1': 1.8475208614068024, 'a2': 3.286335345030997, 'a3': 4.917602622392116} logZ_min= nan obs_min= 0.7416624785061442
params_new= {'a1': 1.8475208614068024, 'a2': 3.286335345030997, 'a3': 4.918476086445827} logZ_new= nan obs_new= 0.7434680089533775
params_max= {'a1': 1.8475208614068024, 'a2': 3.286335345030997, 'a3': 4.919349550499538} logZ_max= nan obs_max= 0.7363146975821069
dist_min= tensor(89.6593) dist_max= tensor(768245.5040)
params_min,params_max=params_new,params_max
evaluating model at params_new={'a1': 1.8475208614068024, 'a2': 3.286335345030997, 'a3': 4.918912818472682}
params_min= {'a1': 1.8475208614068024, 'a2': 3.286335345030997, 'a3': 4.918476086445827} logZ_min= nan obs_min= 0.7434680089533775
params_new= {'a1': 1.8475208614068024, 'a2': 3.286335345030997, 'a3': 4.918912818472682} logZ_new= nan obs_new= 0.7443404595128731
params_max= {'a1': 1.8475208614068024, 'a2': 3.286335345030997, 'a3': 4.919349550499538} logZ_max= nan obs_max= 0.7363146975821069
dist_min= tensor(74.6134) dist_max= tensor(768245.7524)
params_min,params_max=params_new,params_max
evaluating model at params_new={'a1': 1.8475208614068024, 'a2': 3.286335345030997, 'a3': 4.91913118448611}
params_min= {'a1': 1.8475208614068024, 'a2': 3.286335345030997, 'a3': 4.918912818472682} logZ_min= nan obs_min= 0.7443404595128731
params_new= {'a1': 1.8475208614068024, 'a2': 3.286335345030997, 'a3': 4.91913118448611} logZ_new= nan obs_new= 0.7440683546118588
params_max= {'a1': 1.8475208614068024, 'a2': 3.286335345030997, 'a3': 4.919349550499538} logZ_max= nan obs_max= 0.7363146975821069
dist_min= tensor(11.3587) dist_max= tensor(768243.8345)
params_min,params_max=params_new,params_max
evaluating model at params_new={'a1': 1.8475208614068024, 'a2': 3.286335345030997, 'a3': 4.919240367492824}
params_min= {'a1': 1.8475208614068024, 'a2': 3.286335345030997, 'a3': 4.91913118448611} logZ_min= nan obs_min= 0.7440683546118588
params_new= {'a1': 1.8475208614068024, 'a2': 3.286335345030997, 'a3': 4.919240367492824} logZ_new= nan obs_new= 0.7442317470777335
params_max= {'a1': 1.8475208614068024, 'a2': 3.286335345030997, 'a3': 4.919349550499538} logZ_max= nan obs_max= 0.7363146975821069
dist_min= tensor(20.9478) dist_max= tensor(768245.3084)
params_min,params_max=params_new,params_max
evaluating model at params_new={'a1': 1.8475208614068024, 'a2': 3.286335345030997, 'a3': 4.919294958996181}
params_min= {'a1': 1.8475208614068024, 'a2': 3.286335345030997, 'a3': 4.919240367492824} logZ_min= nan obs_min= 0.7442317470777335
params_new= {'a1': 1.8475208614068024, 'a2': 3.286335345030997, 'a3': 4.919294958996181} logZ_new= 3.9111391786488445 obs_new= 0.7443482956527608
params_max= {'a1': 1.8475208614068024, 'a2': 3.286335345030997, 'a3': 4.919349550499538} logZ_max= nan obs_max= 0.7363146975821069
dist_min= tensor(45.6418) dist_max= tensor(768246.3815)
params_min,params_max=params_new,params_max
evaluating model at params_new={'a1': 1.8475208614068024, 'a2': 3.286335345030997, 'a3': 4.9193222547478594}
params_min= {'a1': 1.8475208614068024, 'a2': 3.286335345030997, 'a3': 4.919294958996181} logZ_min= 3.9111391786488445 obs_min= 0.7443482956527608
params_new= {'a1': 1.8475208614068024, 'a2': 3.286335345030997, 'a3': 4.9193222547478594} logZ_new= 3.9111408304417186 obs_new= 0.7446443316594727
params_max= {'a1': 1.8475208614068024, 'a2': 3.286335345030997, 'a3': 4.919349550499538} logZ_max= nan obs_max= 0.7363146975821069
dist_min= tensor(32.2038) dist_max= tensor(768246.0959)
params_min,params_max=params_new,params_max
evaluating model at params_new={'a1': 1.8475208614068024, 'a2': 3.286335345030997, 'a3': 4.919335902623699}
params_min= {'a1': 1.8475208614068024, 'a2': 3.286335345030997, 'a3': 4.9193222547478594} logZ_min= 3.9111408304417186 obs_min= 0.7446443316594727
params_new= {'a1': 1.8475208614068024, 'a2': 3.286335345030997, 'a3': 4.919335902623699} logZ_new= 3.91114191533565 obs_new= 0.7445313856366329
params_max= {'a1': 1.8475208614068024, 'a2': 3.286335345030997, 'a3': 4.919349550499538} logZ_max= nan obs_max= 0.7363146975821069
dist_min= tensor(29.5352) dist_max= tensor(768246.6073)
params_min,params_max=params_new,params_max
evaluating model at params_new={'a1': 1.8475208614068024, 'a2': 3.286335345030997, 'a3': 4.919342726561618}
params_min= {'a1': 1.8475208614068024, 'a2': 3.286335345030997, 'a3': 4.919335902623699} logZ_min= 3.91114191533565 obs_min= 0.7445313856366329
params_new= {'a1': 1.8475208614068024, 'a2': 3.286335345030997, 'a3': 4.919342726561618} logZ_new= 3.899111412846934 obs_new= 0.7427889823122616
params_max= {'a1': 1.8475208614068024, 'a2': 3.286335345030997, 'a3': 4.919349550499538} logZ_max= nan obs_max= 0.7363146975821069
dist_min= tensor(520.3468) dist_max= tensor(768246.0876)
params_min,params_max=params_new,params_max
evaluating model at params_new={'a1': 1.8475208614068024, 'a2': 3.286335345030997, 'a3': 4.919346138530578}
params_min= {'a1': 1.8475208614068024, 'a2': 3.286335345030997, 'a3': 4.919342726561618} logZ_min= 3.899111412846934 obs_min= 0.7427889823122616
params_new= {'a1': 1.8475208614068024, 'a2': 3.286335345030997, 'a3': 4.919346138530578} logZ_new= 3.91114333646438 obs_new= 0.7449579833976634
params_max= {'a1': 1.8475208614068024, 'a2': 3.286335345030997, 'a3': 4.919349550499538} logZ_max= nan obs_max= 0.7363146975821069
dist_min= tensor(530.2974) dist_max= tensor(768245.8213)
params_min,params_max=params_new,params_max
evaluating model at params_new={'a1': 1.8475208614068024, 'a2': 3.286335345030997, 'a3': 4.919347844515058}
params_min= {'a1': 1.8475208614068024, 'a2': 3.286335345030997, 'a3': 4.919346138530578} logZ_min= 3.91114333646438 obs_min= 0.7449579833976634
params_new= {'a1': 1.8475208614068024, 'a2': 3.286335345030997, 'a3': 4.919347844515058} logZ_new= nan obs_new= 0.7457980967223752
params_max= {'a1': 1.8475208614068024, 'a2': 3.286335345030997, 'a3': 4.919349550499538} logZ_max= nan obs_max= 0.7363146975821069
dist_min= tensor(387.4995) dist_max= tensor(768245.2187)
params_min,params_max=params_new,params_max
evaluating model at params_new={'a1': 1.8475208614068024, 'a2': 3.286335345030997, 'a3': 4.9193486975072975}
params_min= {'a1': 1.8475208614068024, 'a2': 3.286335345030997, 'a3': 4.919347844515058} logZ_min= nan obs_min= 0.7457980967223752
params_new= {'a1': 1.8475208614068024, 'a2': 3.286335345030997, 'a3': 4.9193486975072975} logZ_new= nan obs_new= 0.7444104842347398
params_max= {'a1': 1.8475208614068024, 'a2': 3.286335345030997, 'a3': 4.919349550499538} logZ_max= nan obs_max= 0.7363146975821069
dist_min= tensor(365.0686) dist_max= tensor(768244.1875)
params_min,params_max=params_new,params_max
evaluating model at params_new={'a1': 1.8475208614068024, 'a2': 3.286335345030997, 'a3': 4.919349124003418}
params_min= {'a1': 1.8475208614068024, 'a2': 3.286335345030997, 'a3': 4.9193486975072975} logZ_min= nan obs_min= 0.7444104842347398
params_new= {'a1': 1.8475208614068024, 'a2': 3.286335345030997, 'a3': 4.919349124003418} logZ_new= 3.9111429093085963 obs_new= 0.744402614780881
params_max= {'a1': 1.8475208614068024, 'a2': 3.286335345030997, 'a3': 4.919349550499538} logZ_max= nan obs_max= 0.7363146975821069
dist_min= tensor(16.7476) dist_max= tensor(768246.2098)
params_min,params_max=params_new,params_max
evaluating model at params_new={'a1': 1.8475208614068024, 'a2': 3.286335345030997, 'a3': 4.919349337251478}
params_min= {'a1': 1.8475208614068024, 'a2': 3.286335345030997, 'a3': 4.919349124003418} logZ_min= 3.9111429093085963 obs_min= 0.744402614780881
params_new= {'a1': 1.8475208614068024, 'a2': 3.286335345030997, 'a3': 4.919349337251478} logZ_new= 3.8991149462216015 obs_new= 0.7426333205162335
params_max= {'a1': 1.8475208614068024, 'a2': 3.286335345030997, 'a3': 4.919349550499538} logZ_max= nan obs_max= 0.7363146975821069
dist_min= tensor(519.4204) dist_max= tensor(768245.5484)
params_min,params_max=params_new,params_max
evaluating model at params_new={'a1': 1.8475208614068024, 'a2': 3.286335345030997, 'a3': 4.919349443875507}
params_min= {'a1': 1.8475208614068024, 'a2': 3.286335345030997, 'a3': 4.919349337251478} logZ_min= 3.8991149462216015 obs_min= 0.7426333205162335
params_new= {'a1': 1.8475208614068024, 'a2': 3.286335345030997, 'a3': 4.919349443875507} logZ_new= nan obs_new= 0.7430921348543579
params_max= {'a1': 1.8475208614068024, 'a2': 3.286335345030997, 'a3': 4.919349550499538} logZ_max= nan obs_max= 0.7363146975821069
dist_min= tensor(29.7404) dist_max= tensor(768245.0355)
params_min,params_max=params_new,params_max
evaluating model at params_new={'a1': 1.8475208614068024, 'a2': 3.286335345030997, 'a3': 4.919349497187523}
params_min= {'a1': 1.8475208614068024, 'a2': 3.286335345030997, 'a3': 4.919349443875507} logZ_min= nan obs_min= 0.7430921348543579
params_new= {'a1': 1.8475208614068024, 'a2': 3.286335345030997, 'a3': 4.919349497187523} logZ_new= 3.899103023069899 obs_new= 0.7430986554476656
params_max= {'a1': 1.8475208614068024, 'a2': 3.286335345030997, 'a3': 4.919349550499538} logZ_max= nan obs_max= 0.7363146975821069
dist_min= tensor(72.8259) dist_max= tensor(768246.1413)
params_min,params_max=params_new,params_max
evaluating model at params_new={'a1': 1.8475208614068024, 'a2': 3.286335345030997, 'a3': 4.919349523843531}
params_min= {'a1': 1.8475208614068024, 'a2': 3.286335345030997, 'a3': 4.919349497187523} logZ_min= 3.899103023069899 obs_min= 0.7430986554476656
params_new= {'a1': 1.8475208614068024, 'a2': 3.286335345030997, 'a3': 4.919349523843531} logZ_new= 3.9111420239937917 obs_new= 0.7446719773551518
params_max= {'a1': 1.8475208614068024, 'a2': 3.286335345030997, 'a3': 4.919349550499538} logZ_max= nan obs_max= 0.7363146975821069
dist_min= tensor(486.5901) dist_max= tensor(768245.7998)
params_min,params_max=params_new,params_max
evaluating model at params_new={'a1': 1.8475208614068024, 'a2': 3.286335345030997, 'a3': 4.919349537171534}
params_min= {'a1': 1.8475208614068024, 'a2': 3.286335345030997, 'a3': 4.919349523843531} logZ_min= 3.9111420239937917 obs_min= 0.7446719773551518
params_new= {'a1': 1.8475208614068024, 'a2': 3.286335345030997, 'a3': 4.919349537171534} logZ_new= 3.911115413299919 obs_new= 0.7451916932999098
params_max= {'a1': 1.8475208614068024, 'a2': 3.286335345030997, 'a3': 4.919349550499538} logZ_max= nan obs_max= 0.7363146975821069
dist_min= tensor(123.1970) dist_max= tensor(768245.7080)
params_min,params_max=params_new,params_max
evaluating model at params_new={'a1': 1.8475208614068024, 'a2': 3.286335345030997, 'a3': 4.919349543835536}
params_min= {'a1': 1.8475208614068024, 'a2': 3.286335345030997, 'a3': 4.919349537171534} logZ_min= 3.911115413299919 obs_min= 0.7451916932999098
params_new= {'a1': 1.8475208614068024, 'a2': 3.286335345030997, 'a3': 4.919349543835536} logZ_new= 3.8991060809754683 obs_new= 0.7430896103732846
params_max= {'a1': 1.8475208614068024, 'a2': 3.286335345030997, 'a3': 4.919349550499538} logZ_max= nan obs_max= 0.7363146975821069
dist_min= tensor(360.2055) dist_max= tensor(768246.1695)
params_min,params_max=params_new,params_max
evaluating model at params_new={'a1': 1.8475208614068024, 'a2': 3.286335345030997, 'a3': 4.919349547167537}
params_min= {'a1': 1.8475208614068024, 'a2': 3.286335345030997, 'a3': 4.919349543835536} logZ_min= 3.8991060809754683 obs_min= 0.7430896103732846
params_new= {'a1': 1.8475208614068024, 'a2': 3.286335345030997, 'a3': 4.919349547167537} logZ_new= nan obs_new= 0.7430459654240993
params_max= {'a1': 1.8475208614068024, 'a2': 3.286335345030997, 'a3': 4.919349550499538} logZ_max= nan obs_max= 0.7363146975821069
dist_min= tensor(71.1117) dist_max= tensor(768245.7664)
params_min,params_max=params_new,params_max
evaluating model at params_new={'a1': 1.8475208614068024, 'a2': 3.286335345030997, 'a3': 4.919349548833537}
params_min= {'a1': 1.8475208614068024, 'a2': 3.286335345030997, 'a3': 4.919349547167537} logZ_min= nan obs_min= 0.7430459654240993
params_new= {'a1': 1.8475208614068024, 'a2': 3.286335345030997, 'a3': 4.919349548833537} logZ_new= nan obs_new= 0.7455316694170789
params_max= {'a1': 1.8475208614068024, 'a2': 3.286335345030997, 'a3': 4.919349550499538} logZ_max= nan obs_max= 0.7363146975821069
dist_min= tensor(111.3676) dist_max= tensor(768136.9737)
params_min,params_max=params_new,params_max
evaluating model at params_new={'a1': 1.8475208614068024, 'a2': 3.286335345030997, 'a3': 4.919349549666538}
params_min= {'a1': 1.8475208614068024, 'a2': 3.286335345030997, 'a3': 4.919349548833537} logZ_min= nan obs_min= 0.7455316694170789
params_new= {'a1': 1.8475208614068024, 'a2': 3.286335345030997, 'a3': 4.919349549666538} logZ_new= 3.911128707507072 obs_new= 0.7448662277271468
params_max= {'a1': 1.8475208614068024, 'a2': 3.286335345030997, 'a3': 4.919349550499538} logZ_max= nan obs_max= 0.7363146975821069
dist_min= tensor(432.1055) dist_max= tensor(768245.7370)
params_min,params_max=params_new,params_max
evaluating model at params_new={'a1': 1.8475208614068024, 'a2': 3.286335345030997, 'a3': 4.919349550083037}
params_min= {'a1': 1.8475208614068024, 'a2': 3.286335345030997, 'a3': 4.919349549666538} logZ_min= 3.911128707507072 obs_min= 0.7448662277271468
params_new= {'a1': 1.8475208614068024, 'a2': 3.286335345030997, 'a3': 4.919349550083037} logZ_new= nan obs_new= 0.7447239118920002
params_max= {'a1': 1.8475208614068024, 'a2': 3.286335345030997, 'a3': 4.919349550499538} logZ_max= nan obs_max= 0.7363146975821069
dist_min= tensor(95.9520) dist_max= tensor(768233.0864)
params_min,params_max=params_new,params_max
evaluating model at params_new={'a1': 1.8475208614068024, 'a2': 3.286335345030997, 'a3': 4.919349550291288}
params_min= {'a1': 1.8475208614068024, 'a2': 3.286335345030997, 'a3': 4.919349550083037} logZ_min= nan obs_min= 0.7447239118920002
params_new= {'a1': 1.8475208614068024, 'a2': 3.286335345030997, 'a3': 4.919349550291288} logZ_new= 3.911143196747461 obs_new= 0.744666964875056
params_max= {'a1': 1.8475208614068024, 'a2': 3.286335345030997, 'a3': 4.919349550499538} logZ_max= nan obs_max= 0.7363146975821069
dist_min= tensor(13.5256) dist_max= tensor(768246.3964)
params_min,params_max=params_new,params_max
evaluating model at params_new={'a1': 1.8475208614068024, 'a2': 3.286335345030997, 'a3': 4.919349550395413}
params_min= {'a1': 1.8475208614068024, 'a2': 3.286335345030997, 'a3': 4.919349550291288} logZ_min= 3.911143196747461 obs_min= 0.744666964875056
params_new= {'a1': 1.8475208614068024, 'a2': 3.286335345030997, 'a3': 4.919349550395413} logZ_new= nan obs_new= 0.7444153805810781
params_max= {'a1': 1.8475208614068024, 'a2': 3.286335345030997, 'a3': 4.919349550499538} logZ_max= nan obs_max= 0.7363146975821069
dist_min= tensor(29.4955) dist_max= tensor(768222.6203)
params_min,params_max=params_new,params_max
evaluating model at params_new={'a1': 1.8475208614068024, 'a2': 3.286335345030997, 'a3': 4.919349550447476}
params_min= {'a1': 1.8475208614068024, 'a2': 3.286335345030997, 'a3': 4.919349550395413} logZ_min= nan obs_min= 0.7444153805810781
params_new= {'a1': 1.8475208614068024, 'a2': 3.286335345030997, 'a3': 4.919349550447476} logZ_new= nan obs_new= 0.7445239864913803
params_max= {'a1': 1.8475208614068024, 'a2': 3.286335345030997, 'a3': 4.919349550499538} logZ_max= nan obs_max= 0.7363146975821069
dist_min= tensor(59.3980) dist_max= tensor(768245.2351)
params_min,params_max=params_new,params_max
evaluating model at params_new={'a1': 1.8475208614068024, 'a2': 3.286335345030997, 'a3': 4.919349550473507}
params_min= {'a1': 1.8475208614068024, 'a2': 3.286335345030997, 'a3': 4.919349550447476} logZ_min= nan obs_min= 0.7445239864913803
params_new= {'a1': 1.8475208614068024, 'a2': 3.286335345030997, 'a3': 4.919349550473507} logZ_new= nan obs_new= 0.7428636303469152
params_max= {'a1': 1.8475208614068024, 'a2': 3.286335345030997, 'a3': 4.919349550499538} logZ_max= nan obs_max= 0.7363146975821069
dist_min= tensor(443.2940) dist_max= tensor(768245.8135)
params_min,params_max=params_new,params_max
evaluating model at params_new={'a1': 1.8475208614068024, 'a2': 3.286335345030997, 'a3': 4.919349550486523}
params_min= {'a1': 1.8475208614068024, 'a2': 3.286335345030997, 'a3': 4.919349550473507} logZ_min= nan obs_min= 0.7428636303469152
params_new= {'a1': 1.8475208614068024, 'a2': 3.286335345030997, 'a3': 4.919349550486523} logZ_new= nan obs_new= 0.7404893634254228
params_max= {'a1': 1.8475208614068024, 'a2': 3.286335345030997, 'a3': 4.919349550499538} logZ_max= nan obs_max= 0.7363146975821069
dist_min= tensor(77.7809) dist_max= tensor(768245.7390)
params_min,params_max=params_new,params_max
evaluating model at params_new={'a1': 1.8475208614068024, 'a2': 3.286335345030997, 'a3': 4.91934955049303}
params_min= {'a1': 1.8475208614068024, 'a2': 3.286335345030997, 'a3': 4.919349550486523} logZ_min= nan obs_min= 0.7404893634254228
params_new= {'a1': 1.8475208614068024, 'a2': 3.286335345030997, 'a3': 4.91934955049303} logZ_new= 3.8991069080604346 obs_new= 0.7430860496754376
params_max= {'a1': 1.8475208614068024, 'a2': 3.286335345030997, 'a3': 4.919349550499538} logZ_max= nan obs_max= 0.7363146975821069
dist_min= tensor(94.0951) dist_max= tensor(768245.5538)
params_min,params_max=params_new,params_max
evaluating model at params_new={'a1': 1.8475208614068024, 'a2': 3.286335345030997, 'a3': 4.919349550496284}
params_min= {'a1': 1.8475208614068024, 'a2': 3.286335345030997, 'a3': 4.91934955049303} logZ_min= 3.8991069080604346 obs_min= 0.7430860496754376
params_new= {'a1': 1.8475208614068024, 'a2': 3.286335345030997, 'a3': 4.919349550496284} logZ_new= 3.9110924249482983 obs_new= 0.7453821708277155
params_max= {'a1': 1.8475208614068024, 'a2': 3.286335345030997, 'a3': 4.919349550499538} logZ_max= nan obs_max= 0.7363146975821069
dist_min= tensor(360.9406) dist_max= tensor(768246.3238)
params_min,params_max=params_new,params_max
evaluating model at params_new={'a1': 1.8475208614068024, 'a2': 3.286335345030997, 'a3': 4.919349550497911}
params_min= {'a1': 1.8475208614068024, 'a2': 3.286335345030997, 'a3': 4.919349550496284} logZ_min= 3.9110924249482983 obs_min= 0.7453821708277155
params_new= {'a1': 1.8475208614068024, 'a2': 3.286335345030997, 'a3': 4.919349550497911} logZ_new= nan obs_new= 0.7446694051214026
params_max= {'a1': 1.8475208614068024, 'a2': 3.286335345030997, 'a3': 4.919349550499538} logZ_max= nan obs_max= 0.7363146975821069
dist_min= tensor(142.0694) dist_max= tensor(768241.2533)
params_min,params_max=params_new,params_max
evaluating model at params_new={'a1': 1.8475208614068024, 'a2': 3.286335345030997, 'a3': 4.919349550498724}
params_min= {'a1': 1.8475208614068024, 'a2': 3.286335345030997, 'a3': 4.919349550497911} logZ_min= nan obs_min= 0.7446694051214026
params_new= {'a1': 1.8475208614068024, 'a2': 3.286335345030997, 'a3': 4.919349550498724} logZ_new= nan obs_new= 0.742835292338389
params_max= {'a1': 1.8475208614068024, 'a2': 3.286335345030997, 'a3': 4.919349550499538} logZ_max= nan obs_max= 0.7363146975821069
dist_min= tensor(520.6443) dist_max= tensor(768245.7922)
params_min,params_max=params_new,params_max
evaluating model at params_new={'a1': 1.8475208614068024, 'a2': 3.286335345030997, 'a3': 4.919349550499131}
params_min= {'a1': 1.8475208614068024, 'a2': 3.286335345030997, 'a3': 4.919349550498724} logZ_min= nan obs_min= 0.742835292338389
params_new= {'a1': 1.8475208614068024, 'a2': 3.286335345030997, 'a3': 4.919349550499131} logZ_new= 3.9111398154321835 obs_new= 0.7444653259845095
params_max= {'a1': 1.8475208614068024, 'a2': 3.286335345030997, 'a3': 4.919349550499538} logZ_max= nan obs_max= 0.7363146975821069
dist_min= tensor(561.7754) dist_max= tensor(768246.3089)
params_min,params_max=params_new,params_max
evaluating model at params_new={'a1': 1.8475208614068024, 'a2': 3.286335345030997, 'a3': 4.9193495504993345}
params_min= {'a1': 1.8475208614068024, 'a2': 3.286335345030997, 'a3': 4.919349550499131} logZ_min= 3.9111398154321835 obs_min= 0.7444653259845095
params_new= {'a1': 1.8475208614068024, 'a2': 3.286335345030997, 'a3': 4.9193495504993345} logZ_new= 3.8996602863078778 obs_new= 0.7239455317798301
params_max= {'a1': 1.8475208614068024, 'a2': 3.286335345030997, 'a3': 4.919349550499538} logZ_max= nan obs_max= 0.7363146975821069
dist_min= tensor(771.7392) dist_max= tensor(768246.0813)
params_min,params_max=params_new,params_max
evaluating model at params_new={'a1': 1.8475208614068024, 'a2': 3.286335345030997, 'a3': 4.919349550499437}
params_min= {'a1': 1.8475208614068024, 'a2': 3.286335345030997, 'a3': 4.9193495504993345} logZ_min= 3.8996602863078778 obs_min= 0.7239455317798301
params_new= {'a1': 1.8475208614068024, 'a2': 3.286335345030997, 'a3': 4.919349550499437} logZ_new= nan obs_new= 0.7461051095279485
params_max= {'a1': 1.8475208614068024, 'a2': 3.286335345030997, 'a3': 4.919349550499538} logZ_max= nan obs_max= 0.7363146975821069
dist_min= tensor(29338.4815) dist_max= tensor(738912.0622)
params_min,params_max=params_new,params_max
evaluating model at params_new={'a1': 1.8475208614068024, 'a2': 3.286335345030997, 'a3': 4.919349550499487}
params_min= {'a1': 1.8475208614068024, 'a2': 3.286335345030997, 'a3': 4.919349550499437} logZ_min= nan obs_min= 0.7461051095279485
params_new= {'a1': 1.8475208614068024, 'a2': 3.286335345030997, 'a3': 4.919349550499487} logZ_new= 3.9111417127522365 obs_new= 0.744686476118274
params_max= {'a1': 1.8475208614068024, 'a2': 3.286335345030997, 'a3': 4.919349550499538} logZ_max= nan obs_max= 0.7363146975821069
dist_min= tensor(29334.3048) dist_max= tensor(768245.7885)
params_min,params_max=params_new,params_max
evaluating model at params_new={'a1': 1.8475208614068024, 'a2': 3.286335345030997, 'a3': 4.919349550499513}
params_min= {'a1': 1.8475208614068024, 'a2': 3.286335345030997, 'a3': 4.919349550499487} logZ_min= 3.9111417127522365 obs_min= 0.744686476118274
params_new= {'a1': 1.8475208614068024, 'a2': 3.286335345030997, 'a3': 4.919349550499513} logZ_new= 3.9111429019582804 obs_new= 0.744669446539634
params_max= {'a1': 1.8475208614068024, 'a2': 3.286335345030997, 'a3': 4.919349550499538} logZ_max= nan obs_max= 0.7363146975821069
dist_min= tensor(18.3090) dist_max= tensor(768246.4451)
params_min,params_max=params_new,params_max
evaluating model at params_new={'a1': 1.8475208614068024, 'a2': 3.286335345030997, 'a3': 4.9193495504995255}
params_min= {'a1': 1.8475208614068024, 'a2': 3.286335345030997, 'a3': 4.919349550499513} logZ_min= 3.9111429019582804 obs_min= 0.744669446539634
params_new= {'a1': 1.8475208614068024, 'a2': 3.286335345030997, 'a3': 4.9193495504995255} logZ_new= 3.9111411280071713 obs_new= 0.7444299618945054
params_max= {'a1': 1.8475208614068024, 'a2': 3.286335345030997, 'a3': 4.919349550499538} logZ_max= nan obs_max= 0.7363146975821069
dist_min= tensor(25.5475) dist_max= tensor(768246.3989)
params_min,params_max=params_new,params_max
evaluating model at params_new={'a1': 1.8475208614068024, 'a2': 3.286335345030997, 'a3': 4.919349550499532}
params_min= {'a1': 1.8475208614068024, 'a2': 3.286335345030997, 'a3': 4.9193495504995255} logZ_min= 3.9111411280071713 obs_min= 0.7444299618945054
params_new= {'a1': 1.8475208614068024, 'a2': 3.286335345030997, 'a3': 4.919349550499532} logZ_new= nan obs_new= 0.7418441243709936
params_max= {'a1': 1.8475208614068024, 'a2': 3.286335345030997, 'a3': 4.919349550499538} logZ_max= nan obs_max= 0.7363146975821069
dist_min= tensor(537.6195) dist_max= tensor(768242.1411)
params_min,params_max=params_new,params_max
evaluating model at params_new={'a1': 1.8475208614068024, 'a2': 3.286335345030997, 'a3': 4.919349550499534}
params_min= {'a1': 1.8475208614068024, 'a2': 3.286335345030997, 'a3': 4.919349550499532} logZ_min= nan obs_min= 0.7418441243709936
params_new= {'a1': 1.8475208614068024, 'a2': 3.286335345030997, 'a3': 4.919349550499534} logZ_new= 3.911143187821022 obs_new= 0.7446670372922666
params_max= {'a1': 1.8475208614068024, 'a2': 3.286335345030997, 'a3': 4.919349550499538} logZ_max= nan obs_max= 0.7363146975821069
dist_min= tensor(566.5898) dist_max= tensor(768245.8108)
params_min,params_max=params_new,params_max
evaluating model at params_new={'a1': 1.8475208614068024, 'a2': 3.286335345030997, 'a3': 4.919349550499536}
params_min= {'a1': 1.8475208614068024, 'a2': 3.286335345030997, 'a3': 4.919349550499534} logZ_min= 3.911143187821022 obs_min= 0.7446670372922666
params_new= {'a1': 1.8475208614068024, 'a2': 3.286335345030997, 'a3': 4.919349550499536} logZ_new= 3.8991068414376095 obs_new= 0.7431051026303584
params_max= {'a1': 1.8475208614068024, 'a2': 3.286335345030997, 'a3': 4.919349550499538} logZ_max= nan obs_max= 0.7363146975821069
dist_min= tensor(492.0939) dist_max= tensor(768245.5540)
params_min,params_max=params_new,params_max
evaluating model at params_new={'a1': 1.8475208614068024, 'a2': 3.286335345030997, 'a3': 4.919349550499537}
params_min= {'a1': 1.8475208614068024, 'a2': 3.286335345030997, 'a3': 4.919349550499536} logZ_min= 3.8991068414376095 obs_min= 0.7431051026303584
params_new= {'a1': 1.8475208614068024, 'a2': 3.286335345030997, 'a3': 4.919349550499537} logZ_new= nan obs_new= 0.743000668336673
params_max= {'a1': 1.8475208614068024, 'a2': 3.286335345030997, 'a3': 4.919349550499538} logZ_max= nan obs_max= 0.7363146975821069
dist_min= tensor(9.8895) dist_max= tensor(768243.7689)
params_min,params_max=params_new,params_max
critical params found:  {'a1': 1.8475208614068024, 'a2': 3.286335345030997, 'a3': 4.919349550499538}
reference params:  {'a1': 1.1547005383792515, 'a2': 1.8257418583505538, 'a3': 4.47213595499958}
file saved to  data/AKLT3D_X10_scan_grid_critical_a3/a1_1.8475209_a2_3.2863353/Tc.json
