Start running find_critical_temp.py with options:{'filename': 'data/AKLT3D_X10_scan_grid_critical_a3/a1_0.4618802_a2_3.2863353/Tc.json', 'log_filename': 'data/AKLT3D_X10_scan_grid_critical_a3/a1_0.4618802_a2_3.2863353/Tc.log', 'nLayers': 60, 'max_dim': 10, 'model': 'AKLT3D', 'params_min': "{'a1': 0.4618802153517006, 'a2': 3.286335345030997, 'a3': 1.788854381999832}", 'params_max': "{'a1': 0.4618802153517006, 'a2': 3.286335345030997, 'a3': 2.683281572999748}", 'params_ref': None, 'observable_name': 'magnetizationZ', 'tol': 0.0, 'gilt_enabled': False, 'gilt_eps': 8e-07, 'gilt_nIter': 1, 'mcf_enabled': True, 'mcf_eps': 1e-16, 'mcf_max_iter': 200, 'hotrg_sanity_check': False, 'version': 1, 'device': 'cuda:1'}
loading library...
evaluating model at params_min={'a1': 0.4618802153517006, 'a2': 3.286335345030997, 'a3': 1.788854381999832}
params_min= {'a1': 0.4618802153517006, 'a2': 3.286335345030997, 'a3': 1.788854381999832} logZ_min= 3.2283443853591502 obs_min= 0.6764850211009412
evaluating model at params_max={'a1': 0.4618802153517006, 'a2': 3.286335345030997, 'a3': 2.683281572999748}
params_max= {'a1': 0.4618802153517006, 'a2': 3.286335345030997, 'a3': 2.683281572999748} logZ_max= nan obs_max= 2.856354543631157
searching for critical temperature using bisection method
evaluating model at params_new={'a1': 0.4618802153517006, 'a2': 3.286335345030997, 'a3': 2.23606797749979}
params_min= {'a1': 0.4618802153517006, 'a2': 3.286335345030997, 'a3': 1.788854381999832} logZ_min= 3.2283443853591502 obs_min= 0.6764850211009412
params_new= {'a1': 0.4618802153517006, 'a2': 3.286335345030997, 'a3': 2.23606797749979} logZ_new= nan obs_new= 2.3760046898274165
params_max= {'a1': 0.4618802153517006, 'a2': 3.286335345030997, 'a3': 2.683281572999748} logZ_max= nan obs_max= 2.856354543631157
dist_min= tensor(2.4270) dist_max= tensor(41.1545)
params_min,params_max=params_new,params_max
evaluating model at params_new={'a1': 0.4618802153517006, 'a2': 3.286335345030997, 'a3': 2.459674775249769}
params_min= {'a1': 0.4618802153517006, 'a2': 3.286335345030997, 'a3': 2.23606797749979} logZ_min= nan obs_min= 2.3760046898274165
params_new= {'a1': 0.4618802153517006, 'a2': 3.286335345030997, 'a3': 2.459674775249769} logZ_new= 3.2788798012009037 obs_new= 2.6291681346557247
params_max= {'a1': 0.4618802153517006, 'a2': 3.286335345030997, 'a3': 2.683281572999748} logZ_max= nan obs_max= 2.856354543631157
dist_min= tensor(1.7582) dist_max= tensor(41.9364)
params_min,params_max=params_new,params_max
evaluating model at params_new={'a1': 0.4618802153517006, 'a2': 3.286335345030997, 'a3': 2.5714781741247585}
params_min= {'a1': 0.4618802153517006, 'a2': 3.286335345030997, 'a3': 2.459674775249769} logZ_min= 3.2788798012009037 obs_min= 2.6291681346557247
params_new= {'a1': 0.4618802153517006, 'a2': 3.286335345030997, 'a3': 2.5714781741247585} logZ_new= 3.286280633476588 obs_new= 2.741983177326557
params_max= {'a1': 0.4618802153517006, 'a2': 3.286335345030997, 'a3': 2.683281572999748} logZ_max= nan obs_max= 2.856354543631157
dist_min= tensor(0.5628) dist_max= tensor(41.7257)
params_min,params_max=params_new,params_max
evaluating model at params_new={'a1': 0.4618802153517006, 'a2': 3.286335345030997, 'a3': 2.627379873562253}
params_min= {'a1': 0.4618802153517006, 'a2': 3.286335345030997, 'a3': 2.5714781741247585} logZ_min= 3.286280633476588 obs_min= 2.741983177326557
params_new= {'a1': 0.4618802153517006, 'a2': 3.286335345030997, 'a3': 2.627379873562253} logZ_new= nan obs_new= 2.798973142076572
params_max= {'a1': 0.4618802153517006, 'a2': 3.286335345030997, 'a3': 2.683281572999748} logZ_max= nan obs_max= 2.856354543631157
dist_min= tensor(1.1116) dist_max= tensor(41.4271)
params_min,params_max=params_new,params_max
evaluating model at params_new={'a1': 0.4618802153517006, 'a2': 3.286335345030997, 'a3': 2.6553307232810006}
params_min= {'a1': 0.4618802153517006, 'a2': 3.286335345030997, 'a3': 2.627379873562253} logZ_min= nan obs_min= 2.798973142076572
params_new= {'a1': 0.4618802153517006, 'a2': 3.286335345030997, 'a3': 2.6553307232810006} logZ_new= nan obs_new= 2.8276146162801226
params_max= {'a1': 0.4618802153517006, 'a2': 3.286335345030997, 'a3': 2.683281572999748} logZ_max= nan obs_max= 2.856354543631157
dist_min= tensor(2.8472) dist_max= tensor(38.7584)
params_min,params_max=params_new,params_max
evaluating model at params_new={'a1': 0.4618802153517006, 'a2': 3.286335345030997, 'a3': 2.6693061481403744}
params_min= {'a1': 0.4618802153517006, 'a2': 3.286335345030997, 'a3': 2.6553307232810006} logZ_min= nan obs_min= 2.8276146162801226
params_new= {'a1': 0.4618802153517006, 'a2': 3.286335345030997, 'a3': 2.6693061481403744} logZ_new= 3.293097336598983 obs_new= 2.841972205878396
params_max= {'a1': 0.4618802153517006, 'a2': 3.286335345030997, 'a3': 2.683281572999748} logZ_max= nan obs_max= 2.856354543631157
dist_min= tensor(3.2742) dist_max= tensor(41.9011)
params_min,params_max=params_new,params_max
evaluating model at params_new={'a1': 0.4618802153517006, 'a2': 3.286335345030997, 'a3': 2.6762938605700612}
params_min= {'a1': 0.4618802153517006, 'a2': 3.286335345030997, 'a3': 2.6693061481403744} logZ_min= 3.293097336598983 obs_min= 2.841972205878396
params_new= {'a1': 0.4618802153517006, 'a2': 3.286335345030997, 'a3': 2.6762938605700612} logZ_new= nan obs_new= 2.8491434780396383
params_max= {'a1': 0.4618802153517006, 'a2': 3.286335345030997, 'a3': 2.683281572999748} logZ_max= nan obs_max= 2.856354543631157
dist_min= tensor(0.6287) dist_max= tensor(41.2890)
params_min,params_max=params_new,params_max
evaluating model at params_new={'a1': 0.4618802153517006, 'a2': 3.286335345030997, 'a3': 2.6797877167849045}
params_min= {'a1': 0.4618802153517006, 'a2': 3.286335345030997, 'a3': 2.6762938605700612} logZ_min= nan obs_min= 2.8491434780396383
params_new= {'a1': 0.4618802153517006, 'a2': 3.286335345030997, 'a3': 2.6797877167849045} logZ_new= 3.29384691047823 obs_new= 2.8527567659774697
params_max= {'a1': 0.4618802153517006, 'a2': 3.286335345030997, 'a3': 2.683281572999748} logZ_max= nan obs_max= 2.856354543631157
dist_min= tensor(1.0981) dist_max= tensor(41.9056)
params_min,params_max=params_new,params_max
evaluating model at params_new={'a1': 0.4618802153517006, 'a2': 3.286335345030997, 'a3': 2.6815346448923263}
params_min= {'a1': 0.4618802153517006, 'a2': 3.286335345030997, 'a3': 2.6797877167849045} logZ_min= 3.29384691047823 obs_min= 2.8527567659774697
params_new= {'a1': 0.4618802153517006, 'a2': 3.286335345030997, 'a3': 2.6815346448923263} logZ_new= 3.293972186992534 obs_new= 2.8545554508545057
params_max= {'a1': 0.4618802153517006, 'a2': 3.286335345030997, 'a3': 2.683281572999748} logZ_max= nan obs_max= 2.856354543631157
dist_min= tensor(0.9516) dist_max= tensor(41.7245)
params_min,params_max=params_new,params_max
evaluating model at params_new={'a1': 0.4618802153517006, 'a2': 3.286335345030997, 'a3': 2.682408108946037}
params_min= {'a1': 0.4618802153517006, 'a2': 3.286335345030997, 'a3': 2.6815346448923263} logZ_min= 3.293972186992534 obs_min= 2.8545554508545057
params_new= {'a1': 0.4618802153517006, 'a2': 3.286335345030997, 'a3': 2.682408108946037} logZ_new= 3.2940348753860227 obs_new= 2.8554549899746693
params_max= {'a1': 0.4618802153517006, 'a2': 3.286335345030997, 'a3': 2.683281572999748} logZ_max= nan obs_max= 2.856354543631157
dist_min= tensor(0.1734) dist_max= tensor(41.8544)
params_min,params_max=params_new,params_max
evaluating model at params_new={'a1': 0.4618802153517006, 'a2': 3.286335345030997, 'a3': 2.6828448409728924}
params_min= {'a1': 0.4618802153517006, 'a2': 3.286335345030997, 'a3': 2.682408108946037} logZ_min= 3.2940348753860227 obs_min= 2.8554549899746693
params_new= {'a1': 0.4618802153517006, 'a2': 3.286335345030997, 'a3': 2.6828448409728924} logZ_new= 3.2940661992919855 obs_new= 2.8559047590105955
params_max= {'a1': 0.4618802153517006, 'a2': 3.286335345030997, 'a3': 2.683281572999748} logZ_max= nan obs_max= 2.856354543631157
dist_min= tensor(1.0266) dist_max= tensor(41.9206)
params_min,params_max=params_new,params_max
evaluating model at params_new={'a1': 0.4618802153517006, 'a2': 3.286335345030997, 'a3': 2.6830632069863203}
params_min= {'a1': 0.4618802153517006, 'a2': 3.286335345030997, 'a3': 2.6828448409728924} logZ_min= 3.2940661992919855 obs_min= 2.8559047590105955
params_new= {'a1': 0.4618802153517006, 'a2': 3.286335345030997, 'a3': 2.6830632069863203} logZ_new= 3.2940818593784025 obs_new= 2.856129576201034
params_max= {'a1': 0.4618802153517006, 'a2': 3.286335345030997, 'a3': 2.683281572999748} logZ_max= nan obs_max= 2.856354543631157
dist_min= tensor(0.9886) dist_max= tensor(41.9344)
params_min,params_max=params_new,params_max
evaluating model at params_new={'a1': 0.4618802153517006, 'a2': 3.286335345030997, 'a3': 2.683172389993034}
params_min= {'a1': 0.4618802153517006, 'a2': 3.286335345030997, 'a3': 2.6830632069863203} logZ_min= 3.2940818593784025 obs_min= 2.856129576201034
params_new= {'a1': 0.4618802153517006, 'a2': 3.286335345030997, 'a3': 2.683172389993034} logZ_new= 3.294089745822234 obs_new= 2.856242157386574
params_max= {'a1': 0.4618802153517006, 'a2': 3.286335345030997, 'a3': 2.683281572999748} logZ_max= nan obs_max= 2.856354543631157
dist_min= tensor(0.3162) dist_max= tensor(41.7305)
params_min,params_max=params_new,params_max
evaluating model at params_new={'a1': 0.4618802153517006, 'a2': 3.286335345030997, 'a3': 2.683226981496391}
params_min= {'a1': 0.4618802153517006, 'a2': 3.286335345030997, 'a3': 2.683172389993034} logZ_min= 3.294089745822234 obs_min= 2.856242157386574
params_new= {'a1': 0.4618802153517006, 'a2': 3.286335345030997, 'a3': 2.683226981496391} logZ_new= 3.2940936426009886 obs_new= 2.8562983243858695
params_max= {'a1': 0.4618802153517006, 'a2': 3.286335345030997, 'a3': 2.683281572999748} logZ_max= nan obs_max= 2.856354543631157
dist_min= tensor(0.2109) dist_max= tensor(41.9336)
params_min,params_max=params_new,params_max
evaluating model at params_new={'a1': 0.4618802153517006, 'a2': 3.286335345030997, 'a3': 2.6832542772480696}
params_min= {'a1': 0.4618802153517006, 'a2': 3.286335345030997, 'a3': 2.683226981496391} logZ_min= 3.2940936426009886 obs_min= 2.8562983243858695
params_new= {'a1': 0.4618802153517006, 'a2': 3.286335345030997, 'a3': 2.6832542772480696} logZ_new= 3.2940956308482914 obs_new= 2.856326557435451
params_max= {'a1': 0.4618802153517006, 'a2': 3.286335345030997, 'a3': 2.683281572999748} logZ_max= nan obs_max= 2.856354543631157
dist_min= tensor(0.9229) dist_max= tensor(41.8912)
params_min,params_max=params_new,params_max
evaluating model at params_new={'a1': 0.4618802153517006, 'a2': 3.286335345030997, 'a3': 2.683267925123909}
params_min= {'a1': 0.4618802153517006, 'a2': 3.286335345030997, 'a3': 2.6832542772480696} logZ_min= 3.2940956308482914 obs_min= 2.856326557435451
params_new= {'a1': 0.4618802153517006, 'a2': 3.286335345030997, 'a3': 2.683267925123909} logZ_new= nan obs_new= 2.856340516114752
params_max= {'a1': 0.4618802153517006, 'a2': 3.286335345030997, 'a3': 2.683281572999748} logZ_max= nan obs_max= 2.856354543631157
dist_min= tensor(37.4801) dist_max= tensor(4.5480)
params_min,params_max=params_min,params_new
evaluating model at params_new={'a1': 0.4618802153517006, 'a2': 3.286335345030997, 'a3': 2.6832611011859893}
params_min= {'a1': 0.4618802153517006, 'a2': 3.286335345030997, 'a3': 2.6832542772480696} logZ_min= 3.2940956308482914 obs_min= 2.856326557435451
params_new= {'a1': 0.4618802153517006, 'a2': 3.286335345030997, 'a3': 2.6832611011859893} logZ_new= nan obs_new= 2.8563336016616097
params_max= {'a1': 0.4618802153517006, 'a2': 3.286335345030997, 'a3': 2.683267925123909} logZ_max= nan obs_max= 2.856340516114752
dist_min= tensor(187.2460) dist_max= tensor(149.7824)
params_min,params_max=params_min,params_new
evaluating model at params_new={'a1': 0.4618802153517006, 'a2': 3.286335345030997, 'a3': 2.6832576892170295}
params_min= {'a1': 0.4618802153517006, 'a2': 3.286335345030997, 'a3': 2.6832542772480696} logZ_min= 3.2940956308482914 obs_min= 2.856326557435451
params_new= {'a1': 0.4618802153517006, 'a2': 3.286335345030997, 'a3': 2.6832576892170295} logZ_new= 3.294095871391796 obs_new= 2.8563300301631633
params_max= {'a1': 0.4618802153517006, 'a2': 3.286335345030997, 'a3': 2.6832611011859893} logZ_max= nan obs_max= 2.8563336016616097
dist_min= tensor(0.9041) dist_max= tensor(187.2793)
params_min,params_max=params_new,params_max
evaluating model at params_new={'a1': 0.4618802153517006, 'a2': 3.286335345030997, 'a3': 2.6832593952015094}
params_min= {'a1': 0.4618802153517006, 'a2': 3.286335345030997, 'a3': 2.6832576892170295} logZ_min= 3.294095871391796 obs_min= 2.8563300301631633
params_new= {'a1': 0.4618802153517006, 'a2': 3.286335345030997, 'a3': 2.6832593952015094} logZ_new= 3.2940957755099696 obs_new= 2.856331192568145
params_max= {'a1': 0.4618802153517006, 'a2': 3.286335345030997, 'a3': 2.6832611011859893} logZ_max= nan obs_max= 2.8563336016616097
dist_min= tensor(0.0687) dist_max= tensor(187.2764)
params_min,params_max=params_new,params_max
evaluating model at params_new={'a1': 0.4618802153517006, 'a2': 3.286335345030997, 'a3': 2.6832602481937493}
params_min= {'a1': 0.4618802153517006, 'a2': 3.286335345030997, 'a3': 2.6832593952015094} logZ_min= 3.2940957755099696 obs_min= 2.856331192568145
params_new= {'a1': 0.4618802153517006, 'a2': 3.286335345030997, 'a3': 2.6832602481937493} logZ_new= 3.294096054724009 obs_new= 2.856332651178865
params_max= {'a1': 0.4618802153517006, 'a2': 3.286335345030997, 'a3': 2.6832611011859893} logZ_max= nan obs_max= 2.8563336016616097
dist_min= tensor(0.1358) dist_max= tensor(187.2781)
params_min,params_max=params_new,params_max
evaluating model at params_new={'a1': 0.4618802153517006, 'a2': 3.286335345030997, 'a3': 2.683260674689869}
params_min= {'a1': 0.4618802153517006, 'a2': 3.286335345030997, 'a3': 2.6832602481937493} logZ_min= 3.294096054724009 obs_min= 2.856332651178865
params_new= {'a1': 0.4618802153517006, 'a2': 3.286335345030997, 'a3': 2.683260674689869} logZ_new= 3.2940957087183484 obs_new= 2.8563320891528963
params_max= {'a1': 0.4618802153517006, 'a2': 3.286335345030997, 'a3': 2.6832611011859893} logZ_max= nan obs_max= 2.8563336016616097
dist_min= tensor(0.1280) dist_max= tensor(187.2595)
params_min,params_max=params_new,params_max
evaluating model at params_new={'a1': 0.4618802153517006, 'a2': 3.286335345030997, 'a3': 2.683260887937929}
params_min= {'a1': 0.4618802153517006, 'a2': 3.286335345030997, 'a3': 2.683260674689869} logZ_min= 3.2940957087183484 obs_min= 2.8563320891528963
params_new= {'a1': 0.4618802153517006, 'a2': 3.286335345030997, 'a3': 2.683260887937929} logZ_new= 3.2940512720847295 obs_new= 2.856242699512521
params_max= {'a1': 0.4618802153517006, 'a2': 3.286335345030997, 'a3': 2.6832611011859893} logZ_max= nan obs_max= 2.8563336016616097
dist_min= tensor(0.9697) dist_max= tensor(187.2787)
params_min,params_max=params_new,params_max
evaluating model at params_new={'a1': 0.4618802153517006, 'a2': 3.286335345030997, 'a3': 2.683260994561959}
params_min= {'a1': 0.4618802153517006, 'a2': 3.286335345030997, 'a3': 2.683260887937929} logZ_min= 3.2940512720847295 obs_min= 2.856242699512521
params_new= {'a1': 0.4618802153517006, 'a2': 3.286335345030997, 'a3': 2.683260994561959} logZ_new= 3.294095764875656 obs_new= 2.8563325497978456
params_max= {'a1': 0.4618802153517006, 'a2': 3.286335345030997, 'a3': 2.6832611011859893} logZ_max= nan obs_max= 2.8563336016616097
dist_min= tensor(0.2809) dist_max= tensor(187.2201)
params_min,params_max=params_new,params_max
evaluating model at params_new={'a1': 0.4618802153517006, 'a2': 3.286335345030997, 'a3': 2.683261047873974}
params_min= {'a1': 0.4618802153517006, 'a2': 3.286335345030997, 'a3': 2.683260994561959} logZ_min= 3.294095764875656 obs_min= 2.8563325497978456
params_new= {'a1': 0.4618802153517006, 'a2': 3.286335345030997, 'a3': 2.683261047873974} logZ_new= 3.2940960838176028 obs_new= 2.856333442630485
params_max= {'a1': 0.4618802153517006, 'a2': 3.286335345030997, 'a3': 2.6832611011859893} logZ_max= nan obs_max= 2.8563336016616097
dist_min= tensor(0.2879) dist_max= tensor(187.2770)
params_min,params_max=params_new,params_max
evaluating model at params_new={'a1': 0.4618802153517006, 'a2': 3.286335345030997, 'a3': 2.6832610745299816}
params_min= {'a1': 0.4618802153517006, 'a2': 3.286335345030997, 'a3': 2.683261047873974} logZ_min= 3.2940960838176028 obs_min= 2.856333442630485
params_new= {'a1': 0.4618802153517006, 'a2': 3.286335345030997, 'a3': 2.6832610745299816} logZ_new= 3.294096113949814 obs_new= 2.856333502006638
params_max= {'a1': 0.4618802153517006, 'a2': 3.286335345030997, 'a3': 2.6832611011859893} logZ_max= nan obs_max= 2.8563336016616097
dist_min= tensor(0.9527) dist_max= tensor(187.1361)
params_min,params_max=params_new,params_max
evaluating model at params_new={'a1': 0.4618802153517006, 'a2': 3.286335345030997, 'a3': 2.6832610878579857}
params_min= {'a1': 0.4618802153517006, 'a2': 3.286335345030997, 'a3': 2.6832610745299816} logZ_min= 3.294096113949814 obs_min= 2.856333502006638
params_new= {'a1': 0.4618802153517006, 'a2': 3.286335345030997, 'a3': 2.6832610878579857} logZ_new= 3.294096125727303 obs_new= 2.856333587869841
params_max= {'a1': 0.4618802153517006, 'a2': 3.286335345030997, 'a3': 2.6832611011859893} logZ_max= nan obs_max= 2.8563336016616097
dist_min= tensor(0.9656) dist_max= tensor(187.2787)
params_min,params_max=params_new,params_max
evaluating model at params_new={'a1': 0.4618802153517006, 'a2': 3.286335345030997, 'a3': 2.6832610945219875}
params_min= {'a1': 0.4618802153517006, 'a2': 3.286335345030997, 'a3': 2.6832610878579857} logZ_min= 3.294096125727303 obs_min= 2.856333587869841
params_new= {'a1': 0.4618802153517006, 'a2': 3.286335345030997, 'a3': 2.6832610945219875} logZ_new= 3.2940681842208126 obs_new= 2.8562707048960747
params_max= {'a1': 0.4618802153517006, 'a2': 3.286335345030997, 'a3': 2.6832611011859893} logZ_max= nan obs_max= 2.8563336016616097
dist_min= tensor(0.2417) dist_max= tensor(187.2721)
params_min,params_max=params_new,params_max
evaluating model at params_new={'a1': 0.4618802153517006, 'a2': 3.286335345030997, 'a3': 2.6832610978539884}
params_min= {'a1': 0.4618802153517006, 'a2': 3.286335345030997, 'a3': 2.6832610945219875} logZ_min= 3.2940681842208126 obs_min= 2.8562707048960747
params_new= {'a1': 0.4618802153517006, 'a2': 3.286335345030997, 'a3': 2.6832610978539884} logZ_new= 3.2940961246994958 obs_new= 2.8563335934990786
params_max= {'a1': 0.4618802153517006, 'a2': 3.286335345030997, 'a3': 2.6832611011859893} logZ_max= nan obs_max= 2.8563336016616097
dist_min= tensor(0.3162) dist_max= tensor(187.2022)
params_min,params_max=params_new,params_max
evaluating model at params_new={'a1': 0.4618802153517006, 'a2': 3.286335345030997, 'a3': 2.6832610995199886}
params_min= {'a1': 0.4618802153517006, 'a2': 3.286335345030997, 'a3': 2.6832610978539884} logZ_min= 3.2940961246994958 obs_min= 2.8563335934990786
params_new= {'a1': 0.4618802153517006, 'a2': 3.286335345030997, 'a3': 2.6832610995199886} logZ_new= 3.294096067802597 obs_new= 2.856333443292675
params_max= {'a1': 0.4618802153517006, 'a2': 3.286335345030997, 'a3': 2.6832611011859893} logZ_max= nan obs_max= 2.8563336016616097
dist_min= tensor(0.0695) dist_max= tensor(187.2653)
params_min,params_max=params_new,params_max
evaluating model at params_new={'a1': 0.4618802153517006, 'a2': 3.286335345030997, 'a3': 2.683261100352989}
params_min= {'a1': 0.4618802153517006, 'a2': 3.286335345030997, 'a3': 2.6832610995199886} logZ_min= 3.294096067802597 obs_min= 2.856333443292675
params_new= {'a1': 0.4618802153517006, 'a2': 3.286335345030997, 'a3': 2.683261100352989} logZ_new= 3.2940961158761914 obs_new= 2.856333528797448
params_max= {'a1': 0.4618802153517006, 'a2': 3.286335345030997, 'a3': 2.6832611011859893} logZ_max= nan obs_max= 2.8563336016616097
dist_min= tensor(1.0772) dist_max= tensor(187.0855)
params_min,params_max=params_new,params_max
evaluating model at params_new={'a1': 0.4618802153517006, 'a2': 3.286335345030997, 'a3': 2.683261100769489}
params_min= {'a1': 0.4618802153517006, 'a2': 3.286335345030997, 'a3': 2.683261100352989} logZ_min= 3.2940961158761914 obs_min= 2.856333528797448
params_new= {'a1': 0.4618802153517006, 'a2': 3.286335345030997, 'a3': 2.683261100769489} logZ_new= 3.2940957404545013 obs_new= 2.8563325740910566
params_max= {'a1': 0.4618802153517006, 'a2': 3.286335345030997, 'a3': 2.6832611011859893} logZ_max= nan obs_max= 2.8563336016616097
dist_min= tensor(1.0939) dist_max= tensor(187.2771)
params_min,params_max=params_new,params_max
evaluating model at params_new={'a1': 0.4618802153517006, 'a2': 3.286335345030997, 'a3': 2.683261100977739}
params_min= {'a1': 0.4618802153517006, 'a2': 3.286335345030997, 'a3': 2.683261100769489} logZ_min= 3.2940957404545013 obs_min= 2.8563325740910566
params_new= {'a1': 0.4618802153517006, 'a2': 3.286335345030997, 'a3': 2.683261100977739} logZ_new= nan obs_new= 2.8563330751599065
params_max= {'a1': 0.4618802153517006, 'a2': 3.286335345030997, 'a3': 2.6832611011859893} logZ_max= nan obs_max= 2.8563336016616097
dist_min= tensor(3.1902) dist_max= tensor(184.2477)
params_min,params_max=params_new,params_max
evaluating model at params_new={'a1': 0.4618802153517006, 'a2': 3.286335345030997, 'a3': 2.683261101081864}
params_min= {'a1': 0.4618802153517006, 'a2': 3.286335345030997, 'a3': 2.683261100977739} logZ_min= nan obs_min= 2.8563330751599065
params_new= {'a1': 0.4618802153517006, 'a2': 3.286335345030997, 'a3': 2.683261101081864} logZ_new= 3.294096126637538 obs_new= 2.8563336013683225
params_max= {'a1': 0.4618802153517006, 'a2': 3.286335345030997, 'a3': 2.6832611011859893} logZ_max= nan obs_max= 2.8563336016616097
dist_min= tensor(2.9860) dist_max= tensor(187.0773)
params_min,params_max=params_new,params_max
evaluating model at params_new={'a1': 0.4618802153517006, 'a2': 3.286335345030997, 'a3': 2.683261101133927}
params_min= {'a1': 0.4618802153517006, 'a2': 3.286335345030997, 'a3': 2.683261101081864} logZ_min= 3.294096126637538 obs_min= 2.8563336013683225
params_new= {'a1': 0.4618802153517006, 'a2': 3.286335345030997, 'a3': 2.683261101133927} logZ_new= 3.294096116016611 obs_new= 2.8563335434319534
params_max= {'a1': 0.4618802153517006, 'a2': 3.286335345030997, 'a3': 2.6832611011859893} logZ_max= nan obs_max= 2.8563336016616097
dist_min= tensor(0.9640) dist_max= tensor(187.2622)
params_min,params_max=params_new,params_max
evaluating model at params_new={'a1': 0.4618802153517006, 'a2': 3.286335345030997, 'a3': 2.683261101159958}
params_min= {'a1': 0.4618802153517006, 'a2': 3.286335345030997, 'a3': 2.683261101133927} logZ_min= 3.294096116016611 obs_min= 2.8563335434319534
params_new= {'a1': 0.4618802153517006, 'a2': 3.286335345030997, 'a3': 2.683261101159958} logZ_new= 3.294096126558757 obs_new= 2.856333601239963
params_max= {'a1': 0.4618802153517006, 'a2': 3.286335345030997, 'a3': 2.6832611011859893} logZ_max= nan obs_max= 2.8563336016616097
dist_min= tensor(0.9774) dist_max= tensor(187.2165)
params_min,params_max=params_new,params_max
evaluating model at params_new={'a1': 0.4618802153517006, 'a2': 3.286335345030997, 'a3': 2.683261101172974}
params_min= {'a1': 0.4618802153517006, 'a2': 3.286335345030997, 'a3': 2.683261101159958} logZ_min= 3.294096126558757 obs_min= 2.856333601239963
params_new= {'a1': 0.4618802153517006, 'a2': 3.286335345030997, 'a3': 2.683261101172974} logZ_new= 3.2940961268249045 obs_new= 2.8563336020126213
params_max= {'a1': 0.4618802153517006, 'a2': 3.286335345030997, 'a3': 2.6832611011859893} logZ_max= nan obs_max= 2.8563336016616097
dist_min= tensor(0.1257) dist_max= tensor(187.2585)
params_min,params_max=params_new,params_max
evaluating model at params_new={'a1': 0.4618802153517006, 'a2': 3.286335345030997, 'a3': 2.6832611011794816}
params_min= {'a1': 0.4618802153517006, 'a2': 3.286335345030997, 'a3': 2.683261101172974} logZ_min= 3.2940961268249045 obs_min= 2.8563336020126213
params_new= {'a1': 0.4618802153517006, 'a2': 3.286335345030997, 'a3': 2.6832611011794816} logZ_new= 3.294085522079599 obs_new= 2.856307072352257
params_max= {'a1': 0.4618802153517006, 'a2': 3.286335345030997, 'a3': 2.6832611011859893} logZ_max= nan obs_max= 2.8563336016616097
dist_min= tensor(0.3342) dist_max= tensor(187.2789)
params_min,params_max=params_new,params_max
evaluating model at params_new={'a1': 0.4618802153517006, 'a2': 3.286335345030997, 'a3': 2.6832611011827354}
params_min= {'a1': 0.4618802153517006, 'a2': 3.286335345030997, 'a3': 2.6832611011794816} logZ_min= 3.294085522079599 obs_min= 2.856307072352257
params_new= {'a1': 0.4618802153517006, 'a2': 3.286335345030997, 'a3': 2.6832611011827354} logZ_new= 3.2940961163012896 obs_new= 2.856333544231182
params_max= {'a1': 0.4618802153517006, 'a2': 3.286335345030997, 'a3': 2.6832611011859893} logZ_max= nan obs_max= 2.8563336016616097
dist_min= tensor(0.9752) dist_max= tensor(187.1042)
params_min,params_max=params_new,params_max
evaluating model at params_new={'a1': 0.4618802153517006, 'a2': 3.286335345030997, 'a3': 2.683261101184362}
params_min= {'a1': 0.4618802153517006, 'a2': 3.286335345030997, 'a3': 2.6832611011827354} logZ_min= 3.2940961163012896 obs_min= 2.856333544231182
params_new= {'a1': 0.4618802153517006, 'a2': 3.286335345030997, 'a3': 2.683261101184362} logZ_new= 3.2940961261769255 obs_new= 2.8563336002980395
params_max= {'a1': 0.4618802153517006, 'a2': 3.286335345030997, 'a3': 2.6832611011859893} logZ_max= nan obs_max= 2.8563336016616097
dist_min= tensor(1.0831) dist_max= tensor(187.2741)
params_min,params_max=params_new,params_max
evaluating model at params_new={'a1': 0.4618802153517006, 'a2': 3.286335345030997, 'a3': 2.6832611011851757}
params_min= {'a1': 0.4618802153517006, 'a2': 3.286335345030997, 'a3': 2.683261101184362} logZ_min= 3.2940961261769255 obs_min= 2.8563336002980395
params_new= {'a1': 0.4618802153517006, 'a2': 3.286335345030997, 'a3': 2.6832611011851757} logZ_new= 3.2940961148914805 obs_new= 2.8563335268729233
params_max= {'a1': 0.4618802153517006, 'a2': 3.286335345030997, 'a3': 2.6832611011859893} logZ_max= nan obs_max= 2.8563336016616097
dist_min= tensor(1.1033) dist_max= tensor(187.2660)
params_min,params_max=params_new,params_max
evaluating model at params_new={'a1': 0.4618802153517006, 'a2': 3.286335345030997, 'a3': 2.6832611011855825}
params_min= {'a1': 0.4618802153517006, 'a2': 3.286335345030997, 'a3': 2.6832611011851757} logZ_min= 3.2940961148914805 obs_min= 2.8563335268729233
params_new= {'a1': 0.4618802153517006, 'a2': 3.286335345030997, 'a3': 2.6832611011855825} logZ_new= nan obs_new= 2.856333539574644
params_max= {'a1': 0.4618802153517006, 'a2': 3.286335345030997, 'a3': 2.6832611011859893} logZ_max= nan obs_max= 2.8563336016616097
dist_min= tensor(0.4144) dist_max= tensor(186.9239)
params_min,params_max=params_new,params_max
evaluating model at params_new={'a1': 0.4618802153517006, 'a2': 3.286335345030997, 'a3': 2.683261101185786}
params_min= {'a1': 0.4618802153517006, 'a2': 3.286335345030997, 'a3': 2.6832611011855825} logZ_min= nan obs_min= 2.856333539574644
params_new= {'a1': 0.4618802153517006, 'a2': 3.286335345030997, 'a3': 2.683261101185786} logZ_new= 3.2940961158464566 obs_new= 2.8563335294174057
params_max= {'a1': 0.4618802153517006, 'a2': 3.286335345030997, 'a3': 2.6832611011859893} logZ_max= nan obs_max= 2.8563336016616097
dist_min= tensor(0.3758) dist_max= tensor(187.1922)
params_min,params_max=params_new,params_max
evaluating model at params_new={'a1': 0.4618802153517006, 'a2': 3.286335345030997, 'a3': 2.6832611011858876}
params_min= {'a1': 0.4618802153517006, 'a2': 3.286335345030997, 'a3': 2.683261101185786} logZ_min= 3.2940961158464566 obs_min= 2.8563335294174057
params_new= {'a1': 0.4618802153517006, 'a2': 3.286335345030997, 'a3': 2.6832611011858876} logZ_new= 3.2940961260960497 obs_new= 2.856333600009684
params_max= {'a1': 0.4618802153517006, 'a2': 3.286335345030997, 'a3': 2.6832611011859893} logZ_max= nan obs_max= 2.8563336016616097
dist_min= tensor(1.0036) dist_max= tensor(187.2750)
params_min,params_max=params_new,params_max
evaluating model at params_new={'a1': 0.4618802153517006, 'a2': 3.286335345030997, 'a3': 2.6832611011859386}
params_min= {'a1': 0.4618802153517006, 'a2': 3.286335345030997, 'a3': 2.6832611011858876} logZ_min= 3.2940961260960497 obs_min= 2.856333600009684
params_new= {'a1': 0.4618802153517006, 'a2': 3.286335345030997, 'a3': 2.6832611011859386} logZ_new= nan obs_new= 2.8563335033942012
params_max= {'a1': 0.4618802153517006, 'a2': 3.286335345030997, 'a3': 2.6832611011859893} logZ_max= nan obs_max= 2.8563336016616097
dist_min= tensor(1.0561) dist_max= tensor(186.9096)
params_min,params_max=params_new,params_max
evaluating model at params_new={'a1': 0.4618802153517006, 'a2': 3.286335345030997, 'a3': 2.683261101185964}
params_min= {'a1': 0.4618802153517006, 'a2': 3.286335345030997, 'a3': 2.6832611011859386} logZ_min= nan obs_min= 2.8563335033942012
params_new= {'a1': 0.4618802153517006, 'a2': 3.286335345030997, 'a3': 2.683261101185964} logZ_new= 3.294096126535491 obs_new= 2.8563336011713822
params_max= {'a1': 0.4618802153517006, 'a2': 3.286335345030997, 'a3': 2.6832611011859893} logZ_max= nan obs_max= 2.8563336016616097
dist_min= tensor(0.9977) dist_max= tensor(187.1597)
params_min,params_max=params_new,params_max
evaluating model at params_new={'a1': 0.4618802153517006, 'a2': 3.286335345030997, 'a3': 2.683261101185977}
params_min= {'a1': 0.4618802153517006, 'a2': 3.286335345030997, 'a3': 2.683261101185964} logZ_min= 3.294096126535491 obs_min= 2.8563336011713822
params_new= {'a1': 0.4618802153517006, 'a2': 3.286335345030997, 'a3': 2.683261101185977} logZ_new= nan obs_new= 2.8563336015336622
params_max= {'a1': 0.4618802153517006, 'a2': 3.286335345030997, 'a3': 2.6832611011859893} logZ_max= nan obs_max= 2.8563336016616097
dist_min= tensor(0.4373) dist_max= tensor(186.7911)
params_min,params_max=params_new,params_max
evaluating model at params_new={'a1': 0.4618802153517006, 'a2': 3.286335345030997, 'a3': 2.683261101185983}
params_min= {'a1': 0.4618802153517006, 'a2': 3.286335345030997, 'a3': 2.683261101185977} logZ_min= nan obs_min= 2.8563336015336622
params_new= {'a1': 0.4618802153517006, 'a2': 3.286335345030997, 'a3': 2.683261101185983} logZ_new= 3.294096107790404 obs_new= 2.8563335512577477
params_max= {'a1': 0.4618802153517006, 'a2': 3.286335345030997, 'a3': 2.6832611011859893} logZ_max= nan obs_max= 2.8563336016616097
dist_min= tensor(0.4836) dist_max= tensor(187.2529)
params_min,params_max=params_new,params_max
evaluating model at params_new={'a1': 0.4618802153517006, 'a2': 3.286335345030997, 'a3': 2.683261101185986}
params_min= {'a1': 0.4618802153517006, 'a2': 3.286335345030997, 'a3': 2.683261101185983} logZ_min= 3.294096107790404 obs_min= 2.8563335512577477
params_new= {'a1': 0.4618802153517006, 'a2': 3.286335345030997, 'a3': 2.683261101185986} logZ_new= 3.294096115541808 obs_new= 2.8563335422103697
params_max= {'a1': 0.4618802153517006, 'a2': 3.286335345030997, 'a3': 2.6832611011859893} logZ_max= nan obs_max= 2.8563336016616097
dist_min= tensor(0.9931) dist_max= tensor(187.2816)
params_min,params_max=params_new,params_max
evaluating model at params_new={'a1': 0.4618802153517006, 'a2': 3.286335345030997, 'a3': 2.6832611011859875}
params_min= {'a1': 0.4618802153517006, 'a2': 3.286335345030997, 'a3': 2.683261101185986} logZ_min= 3.294096115541808 obs_min= 2.8563335422103697
params_new= {'a1': 0.4618802153517006, 'a2': 3.286335345030997, 'a3': 2.6832611011859875} logZ_new= 3.294096115871898 obs_new= 2.8563335294857413
params_max= {'a1': 0.4618802153517006, 'a2': 3.286335345030997, 'a3': 2.6832611011859893} logZ_max= nan obs_max= 2.8563336016616097
dist_min= tensor(0.0348) dist_max= tensor(187.2805)
params_min,params_max=params_new,params_max
evaluating model at params_new={'a1': 0.4618802153517006, 'a2': 3.286335345030997, 'a3': 2.6832611011859884}
params_min= {'a1': 0.4618802153517006, 'a2': 3.286335345030997, 'a3': 2.6832611011859875} logZ_min= 3.294096115871898 obs_min= 2.8563335294857413
params_new= {'a1': 0.4618802153517006, 'a2': 3.286335345030997, 'a3': 2.6832611011859884} logZ_new= 3.2940960943531525 obs_new= 2.8563334721544793
params_max= {'a1': 0.4618802153517006, 'a2': 3.286335345030997, 'a3': 2.6832611011859893} logZ_max= nan obs_max= 2.8563336016616097
dist_min= tensor(0.1413) dist_max= tensor(187.1877)
params_min,params_max=params_new,params_max
evaluating model at params_new={'a1': 0.4618802153517006, 'a2': 3.286335345030997, 'a3': 2.683261101185989}
params_min= {'a1': 0.4618802153517006, 'a2': 3.286335345030997, 'a3': 2.6832611011859884} logZ_min= 3.2940960943531525 obs_min= 2.8563334721544793
params_new= {'a1': 0.4618802153517006, 'a2': 3.286335345030997, 'a3': 2.683261101185989} logZ_new= nan obs_new= 2.856333149002577
params_max= {'a1': 0.4618802153517006, 'a2': 3.286335345030997, 'a3': 2.6832611011859893} logZ_max= nan obs_max= 2.8563336016616097
dist_min= tensor(0.4990) dist_max= tensor(186.6954)
params_min,params_max=params_new,params_max
critical params found:  {'a1': 0.4618802153517006, 'a2': 3.286335345030997, 'a3': 2.6832611011859893}
reference params:  {'a1': 1.1547005383792515, 'a2': 1.8257418583505538, 'a3': 4.47213595499958}
file saved to  data/AKLT3D_X10_scan_grid_critical_a3/a1_0.4618802_a2_3.2863353/Tc.json
