Start running find_critical_temp.py with options:{'filename': 'data/AKLT3D_X10_scan_grid_critical_a3/a1_0.9237604_a2_1.0954451/Tc.json', 'log_filename': 'data/AKLT3D_X10_scan_grid_critical_a3/a1_0.9237604_a2_1.0954451/Tc.log', 'nLayers': 60, 'max_dim': 10, 'model': 'AKLT3D', 'params_min': "{'a1': 0.9237604307034012, 'a2': 1.0954451150103324, 'a3': 3.577708763999664}", 'params_max': "{'a1': 0.9237604307034012, 'a2': 1.0954451150103324, 'a3': 4.47213595499958}", 'params_ref': None, 'observable_name': 'magnetizationZ', 'tol': 0.0, 'gilt_enabled': False, 'gilt_eps': 8e-07, 'gilt_nIter': 1, 'mcf_enabled': True, 'mcf_eps': 1e-16, 'mcf_max_iter': 200, 'hotrg_sanity_check': False, 'version': 1, 'device': 'cuda:1'}
loading library...
evaluating model at params_min={'a1': 0.9237604307034012, 'a2': 1.0954451150103324, 'a3': 3.577708763999664}
params_min= {'a1': 0.9237604307034012, 'a2': 1.0954451150103324, 'a3': 3.577708763999664} logZ_min= 2.6910940084322097 obs_min= 1.334022310921185e-32
evaluating model at params_max={'a1': 0.9237604307034012, 'a2': 1.0954451150103324, 'a3': 4.47213595499958}
params_max= {'a1': 0.9237604307034012, 'a2': 1.0954451150103324, 'a3': 4.47213595499958} logZ_max= 3.0083099541528786 obs_max= 8.726690286274494
searching for critical temperature using bisection method
evaluating model at params_new={'a1': 0.9237604307034012, 'a2': 1.0954451150103324, 'a3': 4.024922359499621}
params_min= {'a1': 0.9237604307034012, 'a2': 1.0954451150103324, 'a3': 3.577708763999664} logZ_min= 2.6910940084322097 obs_min= 1.334022310921185e-32
params_new= {'a1': 0.9237604307034012, 'a2': 1.0954451150103324, 'a3': 4.024922359499621} logZ_new= 2.8037415858774577 obs_new= 8.438984064354754
params_max= {'a1': 0.9237604307034012, 'a2': 1.0954451150103324, 'a3': 4.47213595499958} logZ_max= 3.0083099541528786 obs_max= 8.726690286274494
dist_min= tensor(7395.1595) dist_max= tensor(13.1746)
params_min,params_max=params_min,params_new
evaluating model at params_new={'a1': 0.9237604307034012, 'a2': 1.0954451150103324, 'a3': 3.8013155617496426}
params_min= {'a1': 0.9237604307034012, 'a2': 1.0954451150103324, 'a3': 3.577708763999664} logZ_min= 2.6910940084322097 obs_min= 1.334022310921185e-32
params_new= {'a1': 0.9237604307034012, 'a2': 1.0954451150103324, 'a3': 3.8013155617496426} logZ_new= 2.697524873681515 obs_new= 7.1104029506931e-32
params_max= {'a1': 0.9237604307034012, 'a2': 1.0954451150103324, 'a3': 4.024922359499621} logZ_max= 2.8037415858774577 obs_max= 8.438984064354754
dist_min= tensor(7394.5667) dist_max= tensor(2.5483)
params_min,params_max=params_min,params_new
evaluating model at params_new={'a1': 0.9237604307034012, 'a2': 1.0954451150103324, 'a3': 3.689512162874653}
params_min= {'a1': 0.9237604307034012, 'a2': 1.0954451150103324, 'a3': 3.577708763999664} logZ_min= 2.6910940084322097 obs_min= 1.334022310921185e-32
params_new= {'a1': 0.9237604307034012, 'a2': 1.0954451150103324, 'a3': 3.689512162874653} logZ_new= nan obs_new= 5.290458716386653e-32
params_max= {'a1': 0.9237604307034012, 'a2': 1.0954451150103324, 'a3': 3.8013155617496426} logZ_max= 2.697524873681515 obs_max= 7.1104029506931e-32
dist_min= tensor(5241.3657) dist_max= tensor(2153.8108)
params_min,params_max=params_min,params_new
evaluating model at params_new={'a1': 0.9237604307034012, 'a2': 1.0954451150103324, 'a3': 3.6336104634371584}
params_min= {'a1': 0.9237604307034012, 'a2': 1.0954451150103324, 'a3': 3.577708763999664} logZ_min= 2.6910940084322097 obs_min= 1.334022310921185e-32
params_new= {'a1': 0.9237604307034012, 'a2': 1.0954451150103324, 'a3': 3.6336104634371584} logZ_new= nan obs_new= 3.377172787904353e-31
params_max= {'a1': 0.9237604307034012, 'a2': 1.0954451150103324, 'a3': 3.689512162874653} logZ_max= nan obs_max= 5.290458716386653e-32
dist_min= tensor(2632.9161) dist_max= tensor(2610.7135)
params_min,params_max=params_min,params_new
evaluating model at params_new={'a1': 0.9237604307034012, 'a2': 1.0954451150103324, 'a3': 3.6056596137184114}
params_min= {'a1': 0.9237604307034012, 'a2': 1.0954451150103324, 'a3': 3.577708763999664} logZ_min= 2.6910940084322097 obs_min= 1.334022310921185e-32
params_new= {'a1': 0.9237604307034012, 'a2': 1.0954451150103324, 'a3': 3.6056596137184114} logZ_new= nan obs_new= 4.842799918573303e-33
params_max= {'a1': 0.9237604307034012, 'a2': 1.0954451150103324, 'a3': 3.6336104634371584} logZ_max= nan obs_max= 3.377172787904353e-31
dist_min= tensor(737.5879) dist_max= tensor(3351.7695)
params_min,params_max=params_new,params_max
evaluating model at params_new={'a1': 0.9237604307034012, 'a2': 1.0954451150103324, 'a3': 3.619635038577785}
params_min= {'a1': 0.9237604307034012, 'a2': 1.0954451150103324, 'a3': 3.6056596137184114} logZ_min= nan obs_min= 4.842799918573303e-33
params_new= {'a1': 0.9237604307034012, 'a2': 1.0954451150103324, 'a3': 3.619635038577785} logZ_new= 2.693153511439283 obs_new= 5.80169543869685e-32
params_max= {'a1': 0.9237604307034012, 'a2': 1.0954451150103324, 'a3': 3.6336104634371584} logZ_max= nan obs_max= 3.377172787904353e-31
dist_min= tensor(1995.4497) dist_max= tensor(1356.7348)
params_min,params_max=params_min,params_new
evaluating model at params_new={'a1': 0.9237604307034012, 'a2': 1.0954451150103324, 'a3': 3.6126473261480982}
params_min= {'a1': 0.9237604307034012, 'a2': 1.0954451150103324, 'a3': 3.6056596137184114} logZ_min= nan obs_min= 4.842799918573303e-33
params_new= {'a1': 0.9237604307034012, 'a2': 1.0954451150103324, 'a3': 3.6126473261480982} logZ_new= 2.692906315282751 obs_new= 1.864285660243099e-32
params_max= {'a1': 0.9237604307034012, 'a2': 1.0954451150103324, 'a3': 3.619635038577785} logZ_max= 2.693153511439283 obs_max= 5.80169543869685e-32
dist_min= tensor(1099.4649) dist_max= tensor(896.0388)
params_min,params_max=params_min,params_new
evaluating model at params_new={'a1': 0.9237604307034012, 'a2': 1.0954451150103324, 'a3': 3.609153469933255}
params_min= {'a1': 0.9237604307034012, 'a2': 1.0954451150103324, 'a3': 3.6056596137184114} logZ_min= nan obs_min= 4.842799918573303e-33
params_new= {'a1': 0.9237604307034012, 'a2': 1.0954451150103324, 'a3': 3.609153469933255} logZ_new= 2.69284584083146 obs_new= 3.2376214637999773e-31
params_max= {'a1': 0.9237604307034012, 'a2': 1.0954451150103324, 'a3': 3.6126473261480982} logZ_max= 2.692906315282751 obs_max= 1.864285660243099e-32
dist_min= tensor(578.7763) dist_max= tensor(520.6988)
params_min,params_max=params_min,params_new
evaluating model at params_new={'a1': 0.9237604307034012, 'a2': 1.0954451150103324, 'a3': 3.607406541825833}
params_min= {'a1': 0.9237604307034012, 'a2': 1.0954451150103324, 'a3': 3.6056596137184114} logZ_min= nan obs_min= 4.842799918573303e-33
params_new= {'a1': 0.9237604307034012, 'a2': 1.0954451150103324, 'a3': 3.607406541825833} logZ_new= 2.6927075961771076 obs_new= 3.906610916262805e-33
params_max= {'a1': 0.9237604307034012, 'a2': 1.0954451150103324, 'a3': 3.609153469933255} logZ_max= 2.69284584083146 obs_max= 3.2376214637999773e-31
dist_min= tensor(297.1824) dist_max= tensor(281.6115)
params_min,params_max=params_min,params_new
evaluating model at params_new={'a1': 0.9237604307034012, 'a2': 1.0954451150103324, 'a3': 3.6065330777721223}
params_min= {'a1': 0.9237604307034012, 'a2': 1.0954451150103324, 'a3': 3.6056596137184114} logZ_min= nan obs_min= 4.842799918573303e-33
params_new= {'a1': 0.9237604307034012, 'a2': 1.0954451150103324, 'a3': 3.6065330777721223} logZ_new= 2.6927697461867433 obs_new= 6.143880119213624e-32
params_max= {'a1': 0.9237604307034012, 'a2': 1.0954451150103324, 'a3': 3.607406541825833} logZ_max= 2.6927075961771076 obs_max= 3.906610916262805e-33
dist_min= tensor(338360.6800) dist_max= tensor(338360.2542)
params_min,params_max=params_min,params_new
evaluating model at params_new={'a1': 0.9237604307034012, 'a2': 1.0954451150103324, 'a3': 3.606096345745267}
params_min= {'a1': 0.9237604307034012, 'a2': 1.0954451150103324, 'a3': 3.6056596137184114} logZ_min= nan obs_min= 4.842799918573303e-33
params_new= {'a1': 0.9237604307034012, 'a2': 1.0954451150103324, 'a3': 3.606096345745267} logZ_new= 2.692741716738257 obs_new= 8.277994724985827e-33
params_max= {'a1': 0.9237604307034012, 'a2': 1.0954451150103324, 'a3': 3.6065330777721223} logZ_max= 2.6927697461867433 obs_max= 6.143880119213624e-32
dist_min= tensor(75.9409) dist_max= tensor(338360.0788)
params_min,params_max=params_new,params_max
evaluating model at params_new={'a1': 0.9237604307034012, 'a2': 1.0954451150103324, 'a3': 3.606314711758695}
params_min= {'a1': 0.9237604307034012, 'a2': 1.0954451150103324, 'a3': 3.606096345745267} logZ_min= 2.692741716738257 obs_min= 8.277994724985827e-33
params_new= {'a1': 0.9237604307034012, 'a2': 1.0954451150103324, 'a3': 3.606314711758695} logZ_new= 2.6927505754124956 obs_new= 9.980504683101433e-31
params_max= {'a1': 0.9237604307034012, 'a2': 1.0954451150103324, 'a3': 3.6065330777721223} logZ_max= 2.6927697461867433 obs_max= 6.143880119213624e-32
dist_min= tensor(37.5182) dist_max= tensor(338360.0726)
params_min,params_max=params_new,params_max
evaluating model at params_new={'a1': 0.9237604307034012, 'a2': 1.0954451150103324, 'a3': 3.606423894765409}
params_min= {'a1': 0.9237604307034012, 'a2': 1.0954451150103324, 'a3': 3.606314711758695} logZ_min= 2.6927505754124956 obs_min= 9.980504683101433e-31
params_new= {'a1': 0.9237604307034012, 'a2': 1.0954451150103324, 'a3': 3.606423894765409} logZ_new= nan obs_new= 2.041701264327288e-31
params_max= {'a1': 0.9237604307034012, 'a2': 1.0954451150103324, 'a3': 3.6065330777721223} logZ_max= 2.6927697461867433 obs_max= 6.143880119213624e-32
dist_min= tensor(27.9822) dist_max= tensor(338360.6679)
params_min,params_max=params_new,params_max
evaluating model at params_new={'a1': 0.9237604307034012, 'a2': 1.0954451150103324, 'a3': 3.6064784862687658}
params_min= {'a1': 0.9237604307034012, 'a2': 1.0954451150103324, 'a3': 3.606423894765409} logZ_min= nan obs_min= 2.041701264327288e-31
params_new= {'a1': 0.9237604307034012, 'a2': 1.0954451150103324, 'a3': 3.6064784862687658} logZ_new= 2.692784590604714 obs_new= 2.7604384170185e-34
params_max= {'a1': 0.9237604307034012, 'a2': 1.0954451150103324, 'a3': 3.6065330777721223} logZ_max= 2.6927697461867433 obs_max= 6.143880119213624e-32
dist_min= tensor(23.3627) dist_max= tensor(338360.7150)
params_min,params_max=params_new,params_max
evaluating model at params_new={'a1': 0.9237604307034012, 'a2': 1.0954451150103324, 'a3': 3.6065057820204443}
params_min= {'a1': 0.9237604307034012, 'a2': 1.0954451150103324, 'a3': 3.6064784862687658} logZ_min= 2.692784590604714 obs_min= 2.7604384170185e-34
params_new= {'a1': 0.9237604307034012, 'a2': 1.0954451150103324, 'a3': 3.6065057820204443} logZ_new= 2.692738259255297 obs_new= 6.21482282835973e-32
params_max= {'a1': 0.9237604307034012, 'a2': 1.0954451150103324, 'a3': 3.6065330777721223} logZ_max= 2.6927697461867433 obs_max= 6.143880119213624e-32
dist_min= tensor(4.8129) dist_max= tensor(338360.0873)
params_min,params_max=params_new,params_max
evaluating model at params_new={'a1': 0.9237604307034012, 'a2': 1.0954451150103324, 'a3': 3.6065194298962835}
params_min= {'a1': 0.9237604307034012, 'a2': 1.0954451150103324, 'a3': 3.6065057820204443} logZ_min= 2.692738259255297 obs_min= 6.21482282835973e-32
params_new= {'a1': 0.9237604307034012, 'a2': 1.0954451150103324, 'a3': 3.6065194298962835} logZ_new= nan obs_new= 5.1115227951801406e-33
params_max= {'a1': 0.9237604307034012, 'a2': 1.0954451150103324, 'a3': 3.6065330777721223} logZ_max= 2.6927697461867433 obs_max= 6.143880119213624e-32
dist_min= tensor(2.5241) dist_max= tensor(338360.5897)
params_min,params_max=params_new,params_max
evaluating model at params_new={'a1': 0.9237604307034012, 'a2': 1.0954451150103324, 'a3': 3.606526253834203}
params_min= {'a1': 0.9237604307034012, 'a2': 1.0954451150103324, 'a3': 3.6065194298962835} logZ_min= nan obs_min= 5.1115227951801406e-33
params_new= {'a1': 0.9237604307034012, 'a2': 1.0954451150103324, 'a3': 3.606526253834203} logZ_new= 2.6926936098326895 obs_new= 6.947816560367765e-35
params_max= {'a1': 0.9237604307034012, 'a2': 1.0954451150103324, 'a3': 3.6065330777721223} logZ_max= 2.6927697461867433 obs_max= 6.143880119213624e-32
dist_min= tensor(1.8448) dist_max= tensor(338360.7112)
params_min,params_max=params_new,params_max
evaluating model at params_new={'a1': 0.9237604307034012, 'a2': 1.0954451150103324, 'a3': 3.606529665803163}
params_min= {'a1': 0.9237604307034012, 'a2': 1.0954451150103324, 'a3': 3.606526253834203} logZ_min= 2.6926936098326895 obs_min= 6.947816560367765e-35
params_new= {'a1': 0.9237604307034012, 'a2': 1.0954451150103324, 'a3': 3.606529665803163} logZ_new= nan obs_new= 1.116758583019097e-32
params_max= {'a1': 0.9237604307034012, 'a2': 1.0954451150103324, 'a3': 3.6065330777721223} logZ_max= 2.6927697461867433 obs_max= 6.143880119213624e-32
dist_min= tensor(1.7286) dist_max= tensor(338360.6077)
params_min,params_max=params_new,params_max
evaluating model at params_new={'a1': 0.9237604307034012, 'a2': 1.0954451150103324, 'a3': 3.606531371787643}
params_min= {'a1': 0.9237604307034012, 'a2': 1.0954451150103324, 'a3': 3.606529665803163} logZ_min= nan obs_min= 1.116758583019097e-32
params_new= {'a1': 0.9237604307034012, 'a2': 1.0954451150103324, 'a3': 3.606531371787643} logZ_new= 2.6927759365656945 obs_new= 1.7453671107306065e-34
params_max= {'a1': 0.9237604307034012, 'a2': 1.0954451150103324, 'a3': 3.6065330777721223} logZ_max= 2.6927697461867433 obs_max= 6.143880119213624e-32
dist_min= tensor(2.1403) dist_max= tensor(338359.9714)
params_min,params_max=params_new,params_max
evaluating model at params_new={'a1': 0.9237604307034012, 'a2': 1.0954451150103324, 'a3': 3.6065322247798823}
params_min= {'a1': 0.9237604307034012, 'a2': 1.0954451150103324, 'a3': 3.606531371787643} logZ_min= 2.6927759365656945 obs_min= 1.7453671107306065e-34
params_new= {'a1': 0.9237604307034012, 'a2': 1.0954451150103324, 'a3': 3.6065322247798823} logZ_new= nan obs_new= 9.87036005336108e-33
params_max= {'a1': 0.9237604307034012, 'a2': 1.0954451150103324, 'a3': 3.6065330777721223} logZ_max= 2.6927697461867433 obs_max= 6.143880119213624e-32
dist_min= tensor(21.7553) dist_max= tensor(338360.2325)
params_min,params_max=params_new,params_max
evaluating model at params_new={'a1': 0.9237604307034012, 'a2': 1.0954451150103324, 'a3': 3.6065326512760025}
params_min= {'a1': 0.9237604307034012, 'a2': 1.0954451150103324, 'a3': 3.6065322247798823} logZ_min= nan obs_min= 9.87036005336108e-33
params_new= {'a1': 0.9237604307034012, 'a2': 1.0954451150103324, 'a3': 3.6065326512760025} logZ_new= 2.6927782773667936 obs_new= 2.548210407606626e-37
params_max= {'a1': 0.9237604307034012, 'a2': 1.0954451150103324, 'a3': 3.6065330777721223} logZ_max= 2.6927697461867433 obs_max= 6.143880119213624e-32
dist_min= tensor(21.8623) dist_max= tensor(338360.7126)
params_min,params_max=params_new,params_max
evaluating model at params_new={'a1': 0.9237604307034012, 'a2': 1.0954451150103324, 'a3': 3.6065328645240626}
params_min= {'a1': 0.9237604307034012, 'a2': 1.0954451150103324, 'a3': 3.6065326512760025} logZ_min= 2.6927782773667936 obs_min= 2.548210407606626e-37
params_new= {'a1': 0.9237604307034012, 'a2': 1.0954451150103324, 'a3': 3.6065328645240626} logZ_new= 2.6927839968041947 obs_new= 3.853347767487181e-33
params_max= {'a1': 0.9237604307034012, 'a2': 1.0954451150103324, 'a3': 3.6065330777721223} logZ_max= 2.6927697461867433 obs_max= 6.143880119213624e-32
dist_min= tensor(0.1379) dist_max= tensor(338360.7170)
params_min,params_max=params_new,params_max
evaluating model at params_new={'a1': 0.9237604307034012, 'a2': 1.0954451150103324, 'a3': 3.6065329711480922}
params_min= {'a1': 0.9237604307034012, 'a2': 1.0954451150103324, 'a3': 3.6065328645240626} logZ_min= 2.6927839968041947 obs_min= 3.853347767487181e-33
params_new= {'a1': 0.9237604307034012, 'a2': 1.0954451150103324, 'a3': 3.6065329711480922} logZ_new= nan obs_new= 9.509178405640774e-33
params_max= {'a1': 0.9237604307034012, 'a2': 1.0954451150103324, 'a3': 3.6065330777721223} logZ_max= 2.6927697461867433 obs_max= 6.143880119213624e-32
dist_min= tensor(0.5725) dist_max= tensor(338360.6991)
params_min,params_max=params_new,params_max
evaluating model at params_new={'a1': 0.9237604307034012, 'a2': 1.0954451150103324, 'a3': 3.6065330244601075}
params_min= {'a1': 0.9237604307034012, 'a2': 1.0954451150103324, 'a3': 3.6065329711480922} logZ_min= nan obs_min= 9.509178405640774e-33
params_new= {'a1': 0.9237604307034012, 'a2': 1.0954451150103324, 'a3': 3.6065330244601075} logZ_new= 2.692763033989058 obs_new= 1.9132537145130134e-31
params_max= {'a1': 0.9237604307034012, 'a2': 1.0954451150103324, 'a3': 3.6065330777721223} logZ_max= 2.6927697461867433 obs_max= 6.143880119213624e-32
dist_min= tensor(1.0024) dist_max= tensor(338360.0739)
params_min,params_max=params_new,params_max
evaluating model at params_new={'a1': 0.9237604307034012, 'a2': 1.0954451150103324, 'a3': 3.6065330511161147}
params_min= {'a1': 0.9237604307034012, 'a2': 1.0954451150103324, 'a3': 3.6065330244601075} logZ_min= 2.692763033989058 obs_min= 1.9132537145130134e-31
params_new= {'a1': 0.9237604307034012, 'a2': 1.0954451150103324, 'a3': 3.6065330511161147} logZ_new= 2.692764039162149 obs_new= 1.559973096791889e-34
params_max= {'a1': 0.9237604307034012, 'a2': 1.0954451150103324, 'a3': 3.6065330777721223} logZ_max= 2.6927697461867433 obs_max= 6.143880119213624e-32
dist_min= tensor(1.1336) dist_max= tensor(338360.7079)
params_min,params_max=params_new,params_max
evaluating model at params_new={'a1': 0.9237604307034012, 'a2': 1.0954451150103324, 'a3': 3.6065330644441183}
params_min= {'a1': 0.9237604307034012, 'a2': 1.0954451150103324, 'a3': 3.6065330511161147} logZ_min= 2.692764039162149 obs_min= 1.559973096791889e-34
params_new= {'a1': 0.9237604307034012, 'a2': 1.0954451150103324, 'a3': 3.6065330644441183} logZ_new= 2.692747355404711 obs_new= 1.920220479025563e-32
params_max= {'a1': 0.9237604307034012, 'a2': 1.0954451150103324, 'a3': 3.6065330777721223} logZ_max= 2.6927697461867433 obs_max= 6.143880119213624e-32
dist_min= tensor(1.2526) dist_max= tensor(338360.0716)
params_min,params_max=params_new,params_max
evaluating model at params_new={'a1': 0.9237604307034012, 'a2': 1.0954451150103324, 'a3': 3.60653307110812}
params_min= {'a1': 0.9237604307034012, 'a2': 1.0954451150103324, 'a3': 3.6065330644441183} logZ_min= 2.692747355404711 obs_min= 1.920220479025563e-32
params_new= {'a1': 0.9237604307034012, 'a2': 1.0954451150103324, 'a3': 3.60653307110812} logZ_new= nan obs_new= 2.8509247693687874e-32
params_max= {'a1': 0.9237604307034012, 'a2': 1.0954451150103324, 'a3': 3.6065330777721223} logZ_max= 2.6927697461867433 obs_max= 6.143880119213624e-32
dist_min= tensor(15206.7818) dist_max= tensor(338701.5511)
params_min,params_max=params_new,params_max
evaluating model at params_new={'a1': 0.9237604307034012, 'a2': 1.0954451150103324, 'a3': 3.6065330744401214}
params_min= {'a1': 0.9237604307034012, 'a2': 1.0954451150103324, 'a3': 3.60653307110812} logZ_min= nan obs_min= 2.8509247693687874e-32
params_new= {'a1': 0.9237604307034012, 'a2': 1.0954451150103324, 'a3': 3.6065330744401214} logZ_new= 2.6926776149261076 obs_new= 1.1267034187391802e-31
params_max= {'a1': 0.9237604307034012, 'a2': 1.0954451150103324, 'a3': 3.6065330777721223} logZ_max= 2.6927697461867433 obs_max= 6.143880119213624e-32
dist_min= tensor(15206.7818) dist_max= tensor(338360.0715)
params_min,params_max=params_new,params_max
evaluating model at params_new={'a1': 0.9237604307034012, 'a2': 1.0954451150103324, 'a3': 3.606533076106122}
params_min= {'a1': 0.9237604307034012, 'a2': 1.0954451150103324, 'a3': 3.6065330744401214} logZ_min= 2.6926776149261076 obs_min= 1.1267034187391802e-31
params_new= {'a1': 0.9237604307034012, 'a2': 1.0954451150103324, 'a3': 3.606533076106122} logZ_new= 2.6926772630992084 obs_new= 7.235382425575609e-32
params_max= {'a1': 0.9237604307034012, 'a2': 1.0954451150103324, 'a3': 3.6065330777721223} logZ_max= 2.6927697461867433 obs_max= 6.143880119213624e-32
dist_min= tensor(0.7349) dist_max= tensor(338360.0706)
params_min,params_max=params_new,params_max
evaluating model at params_new={'a1': 0.9237604307034012, 'a2': 1.0954451150103324, 'a3': 3.6065330769391224}
params_min= {'a1': 0.9237604307034012, 'a2': 1.0954451150103324, 'a3': 3.606533076106122} logZ_min= 2.6926772630992084 obs_min= 7.235382425575609e-32
params_new= {'a1': 0.9237604307034012, 'a2': 1.0954451150103324, 'a3': 3.6065330769391224} logZ_new= 2.692786774102704 obs_new= 1.5952941565772728e-33
params_max= {'a1': 0.9237604307034012, 'a2': 1.0954451150103324, 'a3': 3.6065330777721223} logZ_max= 2.6927697461867433 obs_max= 6.143880119213624e-32
dist_min= tensor(15.8869) dist_max= tensor(338344.2748)
params_min,params_max=params_new,params_max
evaluating model at params_new={'a1': 0.9237604307034012, 'a2': 1.0954451150103324, 'a3': 3.606533077355622}
params_min= {'a1': 0.9237604307034012, 'a2': 1.0954451150103324, 'a3': 3.6065330769391224} logZ_min= 2.692786774102704 obs_min= 1.5952941565772728e-33
params_new= {'a1': 0.9237604307034012, 'a2': 1.0954451150103324, 'a3': 3.606533077355622} logZ_new= 2.6927841994741892 obs_new= 1.4660416429386856e-31
params_max= {'a1': 0.9237604307034012, 'a2': 1.0954451150103324, 'a3': 3.6065330777721223} logZ_max= 2.6927697461867433 obs_max= 6.143880119213624e-32
dist_min= tensor(15.9066) dist_max= tensor(338360.0706)
params_min,params_max=params_new,params_max
evaluating model at params_new={'a1': 0.9237604307034012, 'a2': 1.0954451150103324, 'a3': 3.6065330775638724}
params_min= {'a1': 0.9237604307034012, 'a2': 1.0954451150103324, 'a3': 3.606533077355622} logZ_min= 2.6927841994741892 obs_min= 1.4660416429386856e-31
params_new= {'a1': 0.9237604307034012, 'a2': 1.0954451150103324, 'a3': 3.6065330775638724} logZ_new= nan obs_new= 1.1919592346336484e-33
params_max= {'a1': 0.9237604307034012, 'a2': 1.0954451150103324, 'a3': 3.6065330777721223} logZ_max= 2.6927697461867433 obs_max= 6.143880119213624e-32
dist_min= tensor(2.1299) dist_max= tensor(338360.1770)
params_min,params_max=params_new,params_max
evaluating model at params_new={'a1': 0.9237604307034012, 'a2': 1.0954451150103324, 'a3': 3.606533077667997}
params_min= {'a1': 0.9237604307034012, 'a2': 1.0954451150103324, 'a3': 3.6065330775638724} logZ_min= nan obs_min= 1.1919592346336484e-33
params_new= {'a1': 0.9237604307034012, 'a2': 1.0954451150103324, 'a3': 3.606533077667997} logZ_new= 2.6927704229718588 obs_new= 8.798863983110522e-34
params_max= {'a1': 0.9237604307034012, 'a2': 1.0954451150103324, 'a3': 3.6065330777721223} logZ_max= 2.6927697461867433 obs_max= 6.143880119213624e-32
dist_min= tensor(1044.0732) dist_max= tensor(338362.3260)
params_min,params_max=params_new,params_max
evaluating model at params_new={'a1': 0.9237604307034012, 'a2': 1.0954451150103324, 'a3': 3.6065330777200595}
params_min= {'a1': 0.9237604307034012, 'a2': 1.0954451150103324, 'a3': 3.606533077667997} logZ_min= 2.6927704229718588 obs_min= 8.798863983110522e-34
params_new= {'a1': 0.9237604307034012, 'a2': 1.0954451150103324, 'a3': 3.6065330777200595} logZ_new= 2.692784216017918 obs_new= 1.6723350126519286e-35
params_max= {'a1': 0.9237604307034012, 'a2': 1.0954451150103324, 'a3': 3.6065330777721223} logZ_max= 2.6927697461867433 obs_max= 6.143880119213624e-32
dist_min= tensor(1043.9751) dist_max= tensor(338360.7157)
params_min,params_max=params_new,params_max
evaluating model at params_new={'a1': 0.9237604307034012, 'a2': 1.0954451150103324, 'a3': 3.606533077746091}
params_min= {'a1': 0.9237604307034012, 'a2': 1.0954451150103324, 'a3': 3.6065330777200595} logZ_min= 2.692784216017918 obs_min= 1.6723350126519286e-35
params_new= {'a1': 0.9237604307034012, 'a2': 1.0954451150103324, 'a3': 3.606533077746091} logZ_new= 2.6927818759384246 obs_new= 2.326595476294598e-32
params_max= {'a1': 0.9237604307034012, 'a2': 1.0954451150103324, 'a3': 3.6065330777721223} logZ_max= 2.6927697461867433 obs_max= 6.143880119213624e-32
dist_min= tensor(0.3051) dist_max= tensor(338360.8656)
params_min,params_max=params_new,params_max
evaluating model at params_new={'a1': 0.9237604307034012, 'a2': 1.0954451150103324, 'a3': 3.6065330777591065}
params_min= {'a1': 0.9237604307034012, 'a2': 1.0954451150103324, 'a3': 3.606533077746091} logZ_min= 2.6927818759384246 obs_min= 2.326595476294598e-32
params_new= {'a1': 0.9237604307034012, 'a2': 1.0954451150103324, 'a3': 3.6065330777591065} logZ_new= 2.692778303347936 obs_new= 2.896041173876076e-33
params_max= {'a1': 0.9237604307034012, 'a2': 1.0954451150103324, 'a3': 3.6065330777721223} logZ_max= 2.6927697461867433 obs_max= 6.143880119213624e-32
dist_min= tensor(169.6243) dist_max= tensor(338360.6154)
params_min,params_max=params_new,params_max
evaluating model at params_new={'a1': 0.9237604307034012, 'a2': 1.0954451150103324, 'a3': 3.606533077765614}
params_min= {'a1': 0.9237604307034012, 'a2': 1.0954451150103324, 'a3': 3.6065330777591065} logZ_min= 2.692778303347936 obs_min= 2.896041173876076e-33
params_new= {'a1': 0.9237604307034012, 'a2': 1.0954451150103324, 'a3': 3.606533077765614} logZ_new= nan obs_new= 2.4229512740192255e-35
params_max= {'a1': 0.9237604307034012, 'a2': 1.0954451150103324, 'a3': 3.6065330777721223} logZ_max= 2.6927697461867433 obs_max= 6.143880119213624e-32
dist_min= tensor(171.3730) dist_max= tensor(338360.6667)
params_min,params_max=params_new,params_max
evaluating model at params_new={'a1': 0.9237604307034012, 'a2': 1.0954451150103324, 'a3': 3.6065330777688684}
params_min= {'a1': 0.9237604307034012, 'a2': 1.0954451150103324, 'a3': 3.606533077765614} logZ_min= nan obs_min= 2.4229512740192255e-35
params_new= {'a1': 0.9237604307034012, 'a2': 1.0954451150103324, 'a3': 3.6065330777688684} logZ_new= 2.6927766147809655 obs_new= 1.9947963123488607e-31
params_max= {'a1': 0.9237604307034012, 'a2': 1.0954451150103324, 'a3': 3.6065330777721223} logZ_max= 2.6927697461867433 obs_max= 6.143880119213624e-32
dist_min= tensor(36.0455) dist_max= tensor(338336.6670)
params_min,params_max=params_new,params_max
evaluating model at params_new={'a1': 0.9237604307034012, 'a2': 1.0954451150103324, 'a3': 3.6065330777704956}
params_min= {'a1': 0.9237604307034012, 'a2': 1.0954451150103324, 'a3': 3.6065330777688684} logZ_min= 2.6927766147809655 obs_min= 1.9947963123488607e-31
params_new= {'a1': 0.9237604307034012, 'a2': 1.0954451150103324, 'a3': 3.6065330777704956} logZ_new= nan obs_new= 7.933191136399499e-32
params_max= {'a1': 0.9237604307034012, 'a2': 1.0954451150103324, 'a3': 3.6065330777721223} logZ_max= 2.6927697461867433 obs_max= 6.143880119213624e-32
dist_min= tensor(19.4903) dist_max= tensor(338356.1210)
params_min,params_max=params_new,params_max
evaluating model at params_new={'a1': 0.9237604307034012, 'a2': 1.0954451150103324, 'a3': 3.606533077771309}
params_min= {'a1': 0.9237604307034012, 'a2': 1.0954451150103324, 'a3': 3.6065330777704956} logZ_min= nan obs_min= 7.933191136399499e-32
params_new= {'a1': 0.9237604307034012, 'a2': 1.0954451150103324, 'a3': 3.606533077771309} logZ_new= 2.6927854084390157 obs_new= 1.7193740839976256e-32
params_max= {'a1': 0.9237604307034012, 'a2': 1.0954451150103324, 'a3': 3.6065330777721223} logZ_max= 2.6927697461867433 obs_max= 6.143880119213624e-32
dist_min= tensor(4.1140) dist_max= tensor(338360.0706)
params_min,params_max=params_new,params_max
evaluating model at params_new={'a1': 0.9237604307034012, 'a2': 1.0954451150103324, 'a3': 3.606533077771716}
params_min= {'a1': 0.9237604307034012, 'a2': 1.0954451150103324, 'a3': 3.606533077771309} logZ_min= 2.6927854084390157 obs_min= 1.7193740839976256e-32
params_new= {'a1': 0.9237604307034012, 'a2': 1.0954451150103324, 'a3': 3.606533077771716} logZ_new= 2.6927356242910756 obs_new= 1.3386110105258815e-32
params_max= {'a1': 0.9237604307034012, 'a2': 1.0954451150103324, 'a3': 3.6065330777721223} logZ_max= 2.6927697461867433 obs_max= 6.143880119213624e-32
dist_min= tensor(1.6051) dist_max= tensor(338360.7164)
params_min,params_max=params_new,params_max
evaluating model at params_new={'a1': 0.9237604307034012, 'a2': 1.0954451150103324, 'a3': 3.6065330777719193}
params_min= {'a1': 0.9237604307034012, 'a2': 1.0954451150103324, 'a3': 3.606533077771716} logZ_min= 2.6927356242910756 obs_min= 1.3386110105258815e-32
params_new= {'a1': 0.9237604307034012, 'a2': 1.0954451150103324, 'a3': 3.6065330777719193} logZ_new= 2.692786954284524 obs_new= 2.7199676965588948e-36
params_max= {'a1': 0.9237604307034012, 'a2': 1.0954451150103324, 'a3': 3.6065330777721223} logZ_max= 2.6927697461867433 obs_max= 6.143880119213624e-32
dist_min= tensor(0.2330) dist_max= tensor(338360.7163)
params_min,params_max=params_new,params_max
evaluating model at params_new={'a1': 0.9237604307034012, 'a2': 1.0954451150103324, 'a3': 3.6065330777720206}
params_min= {'a1': 0.9237604307034012, 'a2': 1.0954451150103324, 'a3': 3.6065330777719193} logZ_min= 2.692786954284524 obs_min= 2.7199676965588948e-36
params_new= {'a1': 0.9237604307034012, 'a2': 1.0954451150103324, 'a3': 3.6065330777720206} logZ_new= nan obs_new= 2.455010582217211e-31
params_max= {'a1': 0.9237604307034012, 'a2': 1.0954451150103324, 'a3': 3.6065330777721223} logZ_max= 2.6927697461867433 obs_max= 6.143880119213624e-32
dist_min= tensor(33.2330) dist_max= tensor(338360.6654)
params_min,params_max=params_new,params_max
evaluating model at params_new={'a1': 0.9237604307034012, 'a2': 1.0954451150103324, 'a3': 3.606533077772071}
params_min= {'a1': 0.9237604307034012, 'a2': 1.0954451150103324, 'a3': 3.6065330777720206} logZ_min= nan obs_min= 2.455010582217211e-31
params_new= {'a1': 0.9237604307034012, 'a2': 1.0954451150103324, 'a3': 3.606533077772071} logZ_new= 2.692679059069374 obs_new= 3.1524705601560825e-32
params_max= {'a1': 0.9237604307034012, 'a2': 1.0954451150103324, 'a3': 3.6065330777721223} logZ_max= 2.6927697461867433 obs_max= 6.143880119213624e-32
dist_min= tensor(32.6249) dist_max= tensor(338360.0706)
params_min,params_max=params_new,params_max
evaluating model at params_new={'a1': 0.9237604307034012, 'a2': 1.0954451150103324, 'a3': 3.606533077772097}
params_min= {'a1': 0.9237604307034012, 'a2': 1.0954451150103324, 'a3': 3.606533077772071} logZ_min= 2.692679059069374 obs_min= 3.1524705601560825e-32
params_new= {'a1': 0.9237604307034012, 'a2': 1.0954451150103324, 'a3': 3.606533077772097} logZ_new= 2.692785643646437 obs_new= 1.4601527786575602e-33
params_max= {'a1': 0.9237604307034012, 'a2': 1.0954451150103324, 'a3': 3.6065330777721223} logZ_max= 2.6927697461867433 obs_max= 6.143880119213624e-32
dist_min= tensor(8.3977) dist_max= tensor(338360.4788)
params_min,params_max=params_new,params_max
evaluating model at params_new={'a1': 0.9237604307034012, 'a2': 1.0954451150103324, 'a3': 3.6065330777721094}
params_min= {'a1': 0.9237604307034012, 'a2': 1.0954451150103324, 'a3': 3.606533077772097} logZ_min= 2.692785643646437 obs_min= 1.4601527786575602e-33
params_new= {'a1': 0.9237604307034012, 'a2': 1.0954451150103324, 'a3': 3.6065330777721094} logZ_new= 2.692784177120855 obs_new= 2.0272446988447546e-32
params_max= {'a1': 0.9237604307034012, 'a2': 1.0954451150103324, 'a3': 3.6065330777721223} logZ_max= 2.6927697461867433 obs_max= 6.143880119213624e-32
dist_min= tensor(9.1673) dist_max= tensor(338360.9290)
params_min,params_max=params_new,params_max
evaluating model at params_new={'a1': 0.9237604307034012, 'a2': 1.0954451150103324, 'a3': 3.6065330777721156}
params_min= {'a1': 0.9237604307034012, 'a2': 1.0954451150103324, 'a3': 3.6065330777721094} logZ_min= 2.692784177120855 obs_min= 2.0272446988447546e-32
params_new= {'a1': 0.9237604307034012, 'a2': 1.0954451150103324, 'a3': 3.6065330777721156} logZ_new= 2.692780194559241 obs_new= 8.227313487708968e-32
params_max= {'a1': 0.9237604307034012, 'a2': 1.0954451150103324, 'a3': 3.6065330777721223} logZ_max= 2.6927697461867433 obs_max= 6.143880119213624e-32
dist_min= tensor(1.9046) dist_max= tensor(338360.0706)
params_min,params_max=params_new,params_max
evaluating model at params_new={'a1': 0.9237604307034012, 'a2': 1.0954451150103324, 'a3': 3.606533077772119}
params_min= {'a1': 0.9237604307034012, 'a2': 1.0954451150103324, 'a3': 3.6065330777721156} logZ_min= 2.692780194559241 obs_min= 8.227313487708968e-32
params_new= {'a1': 0.9237604307034012, 'a2': 1.0954451150103324, 'a3': 3.606533077772119} logZ_new= 2.6927844712512514 obs_new= 3.704420377376849e-33
params_max= {'a1': 0.9237604307034012, 'a2': 1.0954451150103324, 'a3': 3.6065330777721223} logZ_max= 2.6927697461867433 obs_max= 6.143880119213624e-32
dist_min= tensor(1.3910) dist_max= tensor(338360.7108)
params_min,params_max=params_new,params_max
evaluating model at params_new={'a1': 0.9237604307034012, 'a2': 1.0954451150103324, 'a3': 3.606533077772121}
params_min= {'a1': 0.9237604307034012, 'a2': 1.0954451150103324, 'a3': 3.606533077772119} logZ_min= 2.6927844712512514 obs_min= 3.704420377376849e-33
params_new= {'a1': 0.9237604307034012, 'a2': 1.0954451150103324, 'a3': 3.606533077772121} logZ_new= 2.692762573165324 obs_new= 2.870545381407495e-33
params_max= {'a1': 0.9237604307034012, 'a2': 1.0954451150103324, 'a3': 3.6065330777721223} logZ_max= 2.6927697461867433 obs_max= 6.143880119213624e-32
dist_min= tensor(1.4202) dist_max= tensor(338360.0706)
params_min,params_max=params_new,params_max
evaluating model at params_new={'a1': 0.9237604307034012, 'a2': 1.0954451150103324, 'a3': 3.606533077772122}
params_min= {'a1': 0.9237604307034012, 'a2': 1.0954451150103324, 'a3': 3.606533077772121} logZ_min= 2.692762573165324 obs_min= 2.870545381407495e-33
params_new= {'a1': 0.9237604307034012, 'a2': 1.0954451150103324, 'a3': 3.606533077772122} logZ_new= 2.692750329148372 obs_new= 6.635982854949909e-32
params_max= {'a1': 0.9237604307034012, 'a2': 1.0954451150103324, 'a3': 3.6065330777721223} logZ_max= 2.6927697461867433 obs_max= 6.143880119213624e-32
dist_min= tensor(0.1578) dist_max= tensor(338360.0706)
params_min,params_max=params_new,params_max
critical params found:  {'a1': 0.9237604307034012, 'a2': 1.0954451150103324, 'a3': 3.606533077772122}
reference params:  {'a1': 1.1547005383792515, 'a2': 1.8257418583505538, 'a3': 4.47213595499958}
file saved to  data/AKLT3D_X10_scan_grid_critical_a3/a1_0.9237604_a2_1.0954451/Tc.json
