Start running find_critical_temp.py with options:{'filename': 'data/AKLT3D_X10_scan_grid_critical_a3/a1_1.1547005_a2_1.0954451/Tc.json', 'log_filename': 'data/AKLT3D_X10_scan_grid_critical_a3/a1_1.1547005_a2_1.0954451/Tc.log', 'nLayers': 60, 'max_dim': 10, 'model': 'AKLT3D', 'params_min': "{'a1': 1.1547005383792517, 'a2': 1.0954451150103324, 'a3': 3.577708763999664}", 'params_max': "{'a1': 1.1547005383792517, 'a2': 1.0954451150103324, 'a3': 4.47213595499958}", 'params_ref': None, 'observable_name': 'magnetizationZ', 'tol': 0.0, 'gilt_enabled': False, 'gilt_eps': 8e-07, 'gilt_nIter': 1, 'mcf_enabled': True, 'mcf_eps': 1e-16, 'mcf_max_iter': 200, 'hotrg_sanity_check': False, 'version': 1, 'device': 'cuda:1'}
loading library...
evaluating model at params_min={'a1': 1.1547005383792517, 'a2': 1.0954451150103324, 'a3': 3.577708763999664}
params_min= {'a1': 1.1547005383792517, 'a2': 1.0954451150103324, 'a3': 3.577708763999664} logZ_min= 2.899839206192984 obs_min= 6.361077011289513e-34
evaluating model at params_max={'a1': 1.1547005383792517, 'a2': 1.0954451150103324, 'a3': 4.47213595499958}
params_max= {'a1': 1.1547005383792517, 'a2': 1.0954451150103324, 'a3': 4.47213595499958} logZ_max= 3.0076761494002446 obs_max= 8.497712314615669
searching for critical temperature using bisection method
evaluating model at params_new={'a1': 1.1547005383792517, 'a2': 1.0954451150103324, 'a3': 4.024922359499621}
params_min= {'a1': 1.1547005383792517, 'a2': 1.0954451150103324, 'a3': 3.577708763999664} logZ_min= 2.899839206192984 obs_min= 6.361077011289513e-34
params_new= {'a1': 1.1547005383792517, 'a2': 1.0954451150103324, 'a3': 4.024922359499621} logZ_new= 2.9154838930579503 obs_new= 4.19360487711078e-31
params_max= {'a1': 1.1547005383792517, 'a2': 1.0954451150103324, 'a3': 4.47213595499958} logZ_max= 3.0076761494002446 obs_max= 8.497712314615669
dist_min= tensor(106534.5462) dist_max= tensor(106621.5056)
params_min,params_max=params_new,params_max
evaluating model at params_new={'a1': 1.1547005383792517, 'a2': 1.0954451150103324, 'a3': 4.2485291572496005}
params_min= {'a1': 1.1547005383792517, 'a2': 1.0954451150103324, 'a3': 4.024922359499621} logZ_min= 2.9154838930579503 obs_min= 4.19360487711078e-31
params_new= {'a1': 1.1547005383792517, 'a2': 1.0954451150103324, 'a3': 4.2485291572496005} logZ_new= 2.9205693154669357 obs_new= 1.0359106865342192e-31
params_max= {'a1': 1.1547005383792517, 'a2': 1.0954451150103324, 'a3': 4.47213595499958} logZ_max= 3.0076761494002446 obs_max= 8.497712314615669
dist_min= tensor(106620.8118) dist_max= tensor(17.7611)
params_min,params_max=params_min,params_new
evaluating model at params_new={'a1': 1.1547005383792517, 'a2': 1.0954451150103324, 'a3': 4.136725758374611}
params_min= {'a1': 1.1547005383792517, 'a2': 1.0954451150103324, 'a3': 4.024922359499621} logZ_min= 2.9154838930579503 obs_min= 4.19360487711078e-31
params_new= {'a1': 1.1547005383792517, 'a2': 1.0954451150103324, 'a3': 4.136725758374611} logZ_new= 2.918560642545577 obs_new= 3.0390743674455632e-34
params_max= {'a1': 1.1547005383792517, 'a2': 1.0954451150103324, 'a3': 4.2485291572496005} logZ_max= 2.9205693154669357 obs_max= 1.0359106865342192e-31
dist_min= tensor(100722.3574) dist_max= tensor(5898.4814)
params_min,params_max=params_min,params_new
evaluating model at params_new={'a1': 1.1547005383792517, 'a2': 1.0954451150103324, 'a3': 4.080824058937116}
params_min= {'a1': 1.1547005383792517, 'a2': 1.0954451150103324, 'a3': 4.024922359499621} logZ_min= 2.9154838930579503 obs_min= 4.19360487711078e-31
params_new= {'a1': 1.1547005383792517, 'a2': 1.0954451150103324, 'a3': 4.080824058937116} logZ_new= nan obs_new= 2.1028707186139566e-34
params_max= {'a1': 1.1547005383792517, 'a2': 1.0954451150103324, 'a3': 4.136725758374611} logZ_max= 2.918560642545577 obs_max= 3.0390743674455632e-34
dist_min= tensor(90630.2803) dist_max= tensor(10092.7734)
params_min,params_max=params_min,params_new
evaluating model at params_new={'a1': 1.1547005383792517, 'a2': 1.0954451150103324, 'a3': 4.052873209218369}
params_min= {'a1': 1.1547005383792517, 'a2': 1.0954451150103324, 'a3': 4.024922359499621} logZ_min= 2.9154838930579503 obs_min= 4.19360487711078e-31
params_new= {'a1': 1.1547005383792517, 'a2': 1.0954451150103324, 'a3': 4.052873209218369} logZ_new= 2.91630281934262 obs_new= 7.063782479197711e-32
params_max= {'a1': 1.1547005383792517, 'a2': 1.0954451150103324, 'a3': 4.080824058937116} logZ_max= nan obs_max= 2.1028707186139566e-34
dist_min= tensor(72990.2351) dist_max= tensor(17640.3313)
params_min,params_max=params_min,params_new
evaluating model at params_new={'a1': 1.1547005383792517, 'a2': 1.0954451150103324, 'a3': 4.038897784358995}
params_min= {'a1': 1.1547005383792517, 'a2': 1.0954451150103324, 'a3': 4.024922359499621} logZ_min= 2.9154838930579503 obs_min= 4.19360487711078e-31
params_new= {'a1': 1.1547005383792517, 'a2': 1.0954451150103324, 'a3': 4.038897784358995} logZ_new= 2.9159305881472206 obs_new= 2.7601100893270194e-35
params_max= {'a1': 1.1547005383792517, 'a2': 1.0954451150103324, 'a3': 4.052873209218369} logZ_max= 2.91630281934262 obs_max= 7.063782479197711e-32
dist_min= tensor(51256.8391) dist_max= tensor(21733.3962)
params_min,params_max=params_min,params_new
evaluating model at params_new={'a1': 1.1547005383792517, 'a2': 1.0954451150103324, 'a3': 4.031910071929309}
params_min= {'a1': 1.1547005383792517, 'a2': 1.0954451150103324, 'a3': 4.024922359499621} logZ_min= 2.9154838930579503 obs_min= 4.19360487711078e-31
params_new= {'a1': 1.1547005383792517, 'a2': 1.0954451150103324, 'a3': 4.031910071929309} logZ_new= 2.915700249432146 obs_new= 1.9821277883273373e-31
params_max= {'a1': 1.1547005383792517, 'a2': 1.0954451150103324, 'a3': 4.038897784358995} logZ_max= 2.9159305881472206 obs_max= 2.7601100893270194e-35
dist_min= tensor(31738.6028) dist_max= tensor(19518.2364)
params_min,params_max=params_min,params_new
evaluating model at params_new={'a1': 1.1547005383792517, 'a2': 1.0954451150103324, 'a3': 4.028416215714465}
params_min= {'a1': 1.1547005383792517, 'a2': 1.0954451150103324, 'a3': 4.024922359499621} logZ_min= 2.9154838930579503 obs_min= 4.19360487711078e-31
params_new= {'a1': 1.1547005383792517, 'a2': 1.0954451150103324, 'a3': 4.028416215714465} logZ_new= 2.9156698423370004 obs_new= 5.043942730587549e-33
params_max= {'a1': 1.1547005383792517, 'a2': 1.0954451150103324, 'a3': 4.031910071929309} logZ_max= 2.915700249432146 obs_max= 1.9821277883273373e-31
dist_min= tensor(17936.6375) dist_max= tensor(13801.9657)
params_min,params_max=params_min,params_new
evaluating model at params_new={'a1': 1.1547005383792517, 'a2': 1.0954451150103324, 'a3': 4.026669287607043}
params_min= {'a1': 1.1547005383792517, 'a2': 1.0954451150103324, 'a3': 4.024922359499621} logZ_min= 2.9154838930579503 obs_min= 4.19360487711078e-31
params_new= {'a1': 1.1547005383792517, 'a2': 1.0954451150103324, 'a3': 4.026669287607043} logZ_new= 2.9156313839447017 obs_new= 3.471652058338832e-33
params_max= {'a1': 1.1547005383792517, 'a2': 1.0954451150103324, 'a3': 4.028416215714465} logZ_max= 2.9156698423370004 obs_max= 5.043942730587549e-33
dist_min= tensor(9579.9243) dist_max= tensor(8356.7137)
params_min,params_max=params_min,params_new
evaluating model at params_new={'a1': 1.1547005383792517, 'a2': 1.0954451150103324, 'a3': 4.025795823553333}
params_min= {'a1': 1.1547005383792517, 'a2': 1.0954451150103324, 'a3': 4.024922359499621} logZ_min= 2.9154838930579503 obs_min= 4.19360487711078e-31
params_new= {'a1': 1.1547005383792517, 'a2': 1.0954451150103324, 'a3': 4.025795823553333} logZ_new= 2.915607644407197 obs_new= 3.16668485650067e-32
params_max= {'a1': 1.1547005383792517, 'a2': 1.0954451150103324, 'a3': 4.026669287607043} logZ_max= 2.9156313839447017 obs_max= 3.471652058338832e-33
dist_min= tensor(4957.1416) dist_max= tensor(4622.7839)
params_min,params_max=params_min,params_new
evaluating model at params_new={'a1': 1.1547005383792517, 'a2': 1.0954451150103324, 'a3': 4.025359091526477}
params_min= {'a1': 1.1547005383792517, 'a2': 1.0954451150103324, 'a3': 4.024922359499621} logZ_min= 2.9154838930579503 obs_min= 4.19360487711078e-31
params_new= {'a1': 1.1547005383792517, 'a2': 1.0954451150103324, 'a3': 4.025359091526477} logZ_new= 2.915585619006531 obs_new= 2.263389190417139e-33
params_max= {'a1': 1.1547005383792517, 'a2': 1.0954451150103324, 'a3': 4.025795823553333} logZ_max= 2.915607644407197 obs_max= 3.16668485650067e-32
dist_min= tensor(2522.3349) dist_max= tensor(2434.8071)
params_min,params_max=params_min,params_new
evaluating model at params_new={'a1': 1.1547005383792517, 'a2': 1.0954451150103324, 'a3': 4.025140725513049}
params_min= {'a1': 1.1547005383792517, 'a2': 1.0954451150103324, 'a3': 4.024922359499621} logZ_min= 2.9154838930579503 obs_min= 4.19360487711078e-31
params_new= {'a1': 1.1547005383792517, 'a2': 1.0954451150103324, 'a3': 4.025140725513049} logZ_new= nan obs_new= 7.568085599892939e-34
params_max= {'a1': 1.1547005383792517, 'a2': 1.0954451150103324, 'a3': 4.025359091526477} logZ_max= 2.915585619006531 obs_max= 2.263389190417139e-33
dist_min= tensor(1272.3783) dist_max= tensor(1249.9695)
params_min,params_max=params_min,params_new
evaluating model at params_new={'a1': 1.1547005383792517, 'a2': 1.0954451150103324, 'a3': 4.025031542506335}
params_min= {'a1': 1.1547005383792517, 'a2': 1.0954451150103324, 'a3': 4.024922359499621} logZ_min= 2.9154838930579503 obs_min= 4.19360487711078e-31
params_new= {'a1': 1.1547005383792517, 'a2': 1.0954451150103324, 'a3': 4.025031542506335} logZ_new= 2.9155636069681186 obs_new= 1.5315589420911618e-33
params_max= {'a1': 1.1547005383792517, 'a2': 1.0954451150103324, 'a3': 4.025140725513049} logZ_max= nan obs_max= 7.568085599892939e-34
dist_min= tensor(639.0381) dist_max= tensor(633.3502)
params_min,params_max=params_min,params_new
evaluating model at params_new={'a1': 1.1547005383792517, 'a2': 1.0954451150103324, 'a3': 4.024976951002978}
params_min= {'a1': 1.1547005383792517, 'a2': 1.0954451150103324, 'a3': 4.024922359499621} logZ_min= 2.9154838930579503 obs_min= 4.19360487711078e-31
params_new= {'a1': 1.1547005383792517, 'a2': 1.0954451150103324, 'a3': 4.024976951002978} logZ_new= 2.915579783724169 obs_new= 1.2189958942267162e-31
params_max= {'a1': 1.1547005383792517, 'a2': 1.0954451150103324, 'a3': 4.025031542506335} logZ_max= 2.9155636069681186 obs_max= 1.5315589420911618e-33
dist_min= tensor(320.2552) dist_max= tensor(318.7978)
params_min,params_max=params_min,params_new
evaluating model at params_new={'a1': 1.1547005383792517, 'a2': 1.0954451150103324, 'a3': 4.0249496552513}
params_min= {'a1': 1.1547005383792517, 'a2': 1.0954451150103324, 'a3': 4.024922359499621} logZ_min= 2.9154838930579503 obs_min= 4.19360487711078e-31
params_new= {'a1': 1.1547005383792517, 'a2': 1.0954451150103324, 'a3': 4.0249496552513} logZ_new= 2.915571357864171 obs_new= 9.285899914468109e-32
params_max= {'a1': 1.1547005383792517, 'a2': 1.0954451150103324, 'a3': 4.024976951002978} logZ_max= 2.915579783724169 obs_max= 1.2189958942267162e-31
dist_min= tensor(160.3629) dist_max= tensor(159.9333)
params_min,params_max=params_min,params_new
evaluating model at params_new={'a1': 1.1547005383792517, 'a2': 1.0954451150103324, 'a3': 4.0249360073754605}
params_min= {'a1': 1.1547005383792517, 'a2': 1.0954451150103324, 'a3': 4.024922359499621} logZ_min= 2.9154838930579503 obs_min= 4.19360487711078e-31
params_new= {'a1': 1.1547005383792517, 'a2': 1.0954451150103324, 'a3': 4.0249360073754605} logZ_new= 2.9155720466488293 obs_new= 4.175241803601926e-33
params_max= {'a1': 1.1547005383792517, 'a2': 1.0954451150103324, 'a3': 4.0249496552513} logZ_max= 2.915571357864171 obs_max= 9.285899914468109e-32
dist_min= tensor(80.1996) dist_max= tensor(80.3347)
params_min,params_max=params_new,params_max
evaluating model at params_new={'a1': 1.1547005383792517, 'a2': 1.0954451150103324, 'a3': 4.02494283131338}
params_min= {'a1': 1.1547005383792517, 'a2': 1.0954451150103324, 'a3': 4.0249360073754605} logZ_min= 2.9155720466488293 obs_min= 4.175241803601926e-33
params_new= {'a1': 1.1547005383792517, 'a2': 1.0954451150103324, 'a3': 4.02494283131338} logZ_new= 2.9155859734909053 obs_new= 5.608280161651532e-32
params_max= {'a1': 1.1547005383792517, 'a2': 1.0954451150103324, 'a3': 4.0249496552513} logZ_max= 2.915571357864171 obs_max= 9.285899914468109e-32
dist_min= tensor(40.5139) dist_max= tensor(40.0524)
params_min,params_max=params_min,params_new
evaluating model at params_new={'a1': 1.1547005383792517, 'a2': 1.0954451150103324, 'a3': 4.02493941934442}
params_min= {'a1': 1.1547005383792517, 'a2': 1.0954451150103324, 'a3': 4.0249360073754605} logZ_min= 2.9155720466488293 obs_min= 4.175241803601926e-33
params_new= {'a1': 1.1547005383792517, 'a2': 1.0954451150103324, 'a3': 4.02493941934442} logZ_new= 2.9155719032167484 obs_new= 9.325163971430251e-34
params_max= {'a1': 1.1547005383792517, 'a2': 1.0954451150103324, 'a3': 4.02494283131338} logZ_max= 2.9155859734909053 obs_max= 5.608280161651532e-32
dist_min= tensor(21.0851) dist_max= tensor(20.0826)
params_min,params_max=params_min,params_new
evaluating model at params_new={'a1': 1.1547005383792517, 'a2': 1.0954451150103324, 'a3': 4.02493771335994}
params_min= {'a1': 1.1547005383792517, 'a2': 1.0954451150103324, 'a3': 4.0249360073754605} logZ_min= 2.9155720466488293 obs_min= 4.175241803601926e-33
params_new= {'a1': 1.1547005383792517, 'a2': 1.0954451150103324, 'a3': 4.02493771335994} logZ_new= 2.915540320450922 obs_new= 5.12315889854239e-32
params_max= {'a1': 1.1547005383792517, 'a2': 1.0954451150103324, 'a3': 4.02493941934442} logZ_max= 2.9155719032167484 obs_max= 9.325163971430251e-34
dist_min= tensor(11.9905) dist_max= tensor(10.0173)
params_min,params_max=params_min,params_new
evaluating model at params_new={'a1': 1.1547005383792517, 'a2': 1.0954451150103324, 'a3': 4.024936860367701}
params_min= {'a1': 1.1547005383792517, 'a2': 1.0954451150103324, 'a3': 4.0249360073754605} logZ_min= 2.9155720466488293 obs_min= 4.175241803601926e-33
params_new= {'a1': 1.1547005383792517, 'a2': 1.0954451150103324, 'a3': 4.024936860367701} logZ_new= 2.9155728883780214 obs_new= 1.1271225282641752e-33
params_max= {'a1': 1.1547005383792517, 'a2': 1.0954451150103324, 'a3': 4.02493771335994} logZ_max= 2.915540320450922 obs_max= 5.12315889854239e-32
dist_min= tensor(7.8030) dist_max= tensor(5.1799)
params_min,params_max=params_min,params_new
evaluating model at params_new={'a1': 1.1547005383792517, 'a2': 1.0954451150103324, 'a3': 4.024936433871581}
params_min= {'a1': 1.1547005383792517, 'a2': 1.0954451150103324, 'a3': 4.0249360073754605} logZ_min= 2.9155720466488293 obs_min= 4.175241803601926e-33
params_new= {'a1': 1.1547005383792517, 'a2': 1.0954451150103324, 'a3': 4.024936433871581} logZ_new= 2.9155423261274804 obs_new= 7.84201611808362e-36
params_max= {'a1': 1.1547005383792517, 'a2': 1.0954451150103324, 'a3': 4.024936860367701} logZ_max= 2.9155728883780214 obs_max= 1.1271225282641752e-33
dist_min= tensor(7.0419) dist_max= tensor(2.8191)
params_min,params_max=params_min,params_new
evaluating model at params_new={'a1': 1.1547005383792517, 'a2': 1.0954451150103324, 'a3': 4.024936220623521}
params_min= {'a1': 1.1547005383792517, 'a2': 1.0954451150103324, 'a3': 4.0249360073754605} logZ_min= 2.9155720466488293 obs_min= 4.175241803601926e-33
params_new= {'a1': 1.1547005383792517, 'a2': 1.0954451150103324, 'a3': 4.024936220623521} logZ_new= 2.9155568874063857 obs_new= 1.3594842537157633e-33
params_max= {'a1': 1.1547005383792517, 'a2': 1.0954451150103324, 'a3': 4.024936433871581} logZ_max= 2.9155423261274804 obs_max= 7.84201611808362e-36
dist_min= tensor(6.7132) dist_max= tensor(1.2641)
params_min,params_max=params_min,params_new
evaluating model at params_new={'a1': 1.1547005383792517, 'a2': 1.0954451150103324, 'a3': 4.024936113999491}
params_min= {'a1': 1.1547005383792517, 'a2': 1.0954451150103324, 'a3': 4.0249360073754605} logZ_min= 2.9155720466488293 obs_min= 4.175241803601926e-33
params_new= {'a1': 1.1547005383792517, 'a2': 1.0954451150103324, 'a3': 4.024936113999491} logZ_new= 2.9155822466878356 obs_new= 4.701603811251e-32
params_max= {'a1': 1.1547005383792517, 'a2': 1.0954451150103324, 'a3': 4.024936220623521} logZ_max= 2.9155568874063857 obs_max= 1.3594842537157633e-33
dist_min= tensor(6.0652) dist_max= tensor(1.6904)
params_min,params_max=params_min,params_new
evaluating model at params_new={'a1': 1.1547005383792517, 'a2': 1.0954451150103324, 'a3': 4.024936060687476}
params_min= {'a1': 1.1547005383792517, 'a2': 1.0954451150103324, 'a3': 4.0249360073754605} logZ_min= 2.9155720466488293 obs_min= 4.175241803601926e-33
params_new= {'a1': 1.1547005383792517, 'a2': 1.0954451150103324, 'a3': 4.024936060687476} logZ_new= 2.9155634239790653 obs_new= 1.7886605762802288e-31
params_max= {'a1': 1.1547005383792517, 'a2': 1.0954451150103324, 'a3': 4.024936113999491} logZ_max= 2.9155822466878356 obs_max= 4.701603811251e-32
dist_min= tensor(6.0166) dist_max= tensor(0.5078)
params_min,params_max=params_min,params_new
evaluating model at params_new={'a1': 1.1547005383792517, 'a2': 1.0954451150103324, 'a3': 4.024936034031468}
params_min= {'a1': 1.1547005383792517, 'a2': 1.0954451150103324, 'a3': 4.0249360073754605} logZ_min= 2.9155720466488293 obs_min= 4.175241803601926e-33
params_new= {'a1': 1.1547005383792517, 'a2': 1.0954451150103324, 'a3': 4.024936034031468} logZ_new= nan obs_new= 5.076689689705862e-37
params_max= {'a1': 1.1547005383792517, 'a2': 1.0954451150103324, 'a3': 4.024936060687476} logZ_max= 2.9155634239790653 obs_max= 1.7886605762802288e-31
dist_min= tensor(6.5310) dist_max= tensor(1.2160)
params_min,params_max=params_min,params_new
evaluating model at params_new={'a1': 1.1547005383792517, 'a2': 1.0954451150103324, 'a3': 4.024936020703464}
params_min= {'a1': 1.1547005383792517, 'a2': 1.0954451150103324, 'a3': 4.0249360073754605} logZ_min= 2.9155720466488293 obs_min= 4.175241803601926e-33
params_new= {'a1': 1.1547005383792517, 'a2': 1.0954451150103324, 'a3': 4.024936020703464} logZ_new= nan obs_new= 1.2233183414706997e-32
params_max= {'a1': 1.1547005383792517, 'a2': 1.0954451150103324, 'a3': 4.024936034031468} logZ_max= nan obs_max= 5.076689689705862e-37
dist_min= tensor(6.6560) dist_max= tensor(0.4391)
params_min,params_max=params_min,params_new
evaluating model at params_new={'a1': 1.1547005383792517, 'a2': 1.0954451150103324, 'a3': 4.024936014039462}
params_min= {'a1': 1.1547005383792517, 'a2': 1.0954451150103324, 'a3': 4.0249360073754605} logZ_min= 2.9155720466488293 obs_min= 4.175241803601926e-33
params_new= {'a1': 1.1547005383792517, 'a2': 1.0954451150103324, 'a3': 4.024936014039462} logZ_new= 2.915583829817143 obs_new= 7.713296468982013e-37
params_max= {'a1': 1.1547005383792517, 'a2': 1.0954451150103324, 'a3': 4.024936020703464} logZ_max= nan obs_max= 1.2233183414706997e-32
dist_min= tensor(6.0123) dist_max= tensor(1.6079)
params_min,params_max=params_min,params_new
evaluating model at params_new={'a1': 1.1547005383792517, 'a2': 1.0954451150103324, 'a3': 4.024936010707462}
params_min= {'a1': 1.1547005383792517, 'a2': 1.0954451150103324, 'a3': 4.0249360073754605} logZ_min= 2.9155720466488293 obs_min= 4.175241803601926e-33
params_new= {'a1': 1.1547005383792517, 'a2': 1.0954451150103324, 'a3': 4.024936010707462} logZ_new= nan obs_new= 3.942028118536643e-34
params_max= {'a1': 1.1547005383792517, 'a2': 1.0954451150103324, 'a3': 4.024936014039462} logZ_max= 2.915583829817143 obs_max= 7.713296468982013e-37
dist_min= tensor(13.0486) dist_max= tensor(10.7070)
params_min,params_max=params_min,params_new
evaluating model at params_new={'a1': 1.1547005383792517, 'a2': 1.0954451150103324, 'a3': 4.024936009041461}
params_min= {'a1': 1.1547005383792517, 'a2': 1.0954451150103324, 'a3': 4.0249360073754605} logZ_min= 2.9155720466488293 obs_min= 4.175241803601926e-33
params_new= {'a1': 1.1547005383792517, 'a2': 1.0954451150103324, 'a3': 4.024936009041461} logZ_new= nan obs_new= 2.1665759690449546e-34
params_max= {'a1': 1.1547005383792517, 'a2': 1.0954451150103324, 'a3': 4.024936010707462} logZ_max= nan obs_max= 3.942028118536643e-34
dist_min= tensor(6.5392) dist_max= tensor(11.2437)
params_min,params_max=params_new,params_max
evaluating model at params_new={'a1': 1.1547005383792517, 'a2': 1.0954451150103324, 'a3': 4.0249360098744615}
params_min= {'a1': 1.1547005383792517, 'a2': 1.0954451150103324, 'a3': 4.024936009041461} logZ_min= nan obs_min= 2.1665759690449546e-34
params_new= {'a1': 1.1547005383792517, 'a2': 1.0954451150103324, 'a3': 4.0249360098744615} logZ_new= nan obs_new= 1.632381536789218e-34
params_max= {'a1': 1.1547005383792517, 'a2': 1.0954451150103324, 'a3': 4.024936010707462} logZ_max= nan obs_max= 3.942028118536643e-34
dist_min= tensor(16.1761) dist_max= tensor(17.1738)
params_min,params_max=params_new,params_max
evaluating model at params_new={'a1': 1.1547005383792517, 'a2': 1.0954451150103324, 'a3': 4.024936010290961}
params_min= {'a1': 1.1547005383792517, 'a2': 1.0954451150103324, 'a3': 4.0249360098744615} logZ_min= nan obs_min= 1.632381536789218e-34
params_new= {'a1': 1.1547005383792517, 'a2': 1.0954451150103324, 'a3': 4.024936010290961} logZ_new= 2.915576017445171 obs_new= 2.0880153761742118e-31
params_max= {'a1': 1.1547005383792517, 'a2': 1.0954451150103324, 'a3': 4.024936010707462} logZ_max= nan obs_max= 3.942028118536643e-34
dist_min= tensor(52.0722) dist_max= tensor(38.4649)
params_min,params_max=params_min,params_new
evaluating model at params_new={'a1': 1.1547005383792517, 'a2': 1.0954451150103324, 'a3': 4.024936010082712}
params_min= {'a1': 1.1547005383792517, 'a2': 1.0954451150103324, 'a3': 4.0249360098744615} logZ_min= nan obs_min= 1.632381536789218e-34
params_new= {'a1': 1.1547005383792517, 'a2': 1.0954451150103324, 'a3': 4.024936010082712} logZ_new= 2.915581883197149 obs_new= 8.799756054077544e-33
params_max= {'a1': 1.1547005383792517, 'a2': 1.0954451150103324, 'a3': 4.024936010290961} logZ_max= 2.915576017445171 obs_max= 2.0880153761742118e-31
dist_min= tensor(17.0515) dist_max= tensor(49.2185)
params_min,params_max=params_new,params_max
evaluating model at params_new={'a1': 1.1547005383792517, 'a2': 1.0954451150103324, 'a3': 4.0249360101868366}
params_min= {'a1': 1.1547005383792517, 'a2': 1.0954451150103324, 'a3': 4.024936010082712} logZ_min= 2.915581883197149 obs_min= 8.799756054077544e-33
params_new= {'a1': 1.1547005383792517, 'a2': 1.0954451150103324, 'a3': 4.0249360101868366} logZ_new= nan obs_new= 8.240743819387457e-34
params_max= {'a1': 1.1547005383792517, 'a2': 1.0954451150103324, 'a3': 4.024936010290961} logZ_max= 2.915576017445171 obs_max= 2.0880153761742118e-31
dist_min= tensor(5.4983) dist_max= tensor(48.7764)
params_min,params_max=params_new,params_max
evaluating model at params_new={'a1': 1.1547005383792517, 'a2': 1.0954451150103324, 'a3': 4.024936010238899}
params_min= {'a1': 1.1547005383792517, 'a2': 1.0954451150103324, 'a3': 4.0249360101868366} logZ_min= nan obs_min= 8.240743819387457e-34
params_new= {'a1': 1.1547005383792517, 'a2': 1.0954451150103324, 'a3': 4.024936010238899} logZ_new= 2.915585455749938 obs_new= 6.432986355510902e-32
params_max= {'a1': 1.1547005383792517, 'a2': 1.0954451150103324, 'a3': 4.024936010290961} logZ_max= 2.915576017445171 obs_max= 2.0880153761742118e-31
dist_min= tensor(4.0675) dist_max= tensor(49.1656)
params_min,params_max=params_new,params_max
evaluating model at params_new={'a1': 1.1547005383792517, 'a2': 1.0954451150103324, 'a3': 4.0249360102649305}
params_min= {'a1': 1.1547005383792517, 'a2': 1.0954451150103324, 'a3': 4.024936010238899} logZ_min= 2.915585455749938 obs_min= 6.432986355510902e-32
params_new= {'a1': 1.1547005383792517, 'a2': 1.0954451150103324, 'a3': 4.0249360102649305} logZ_new= nan obs_new= 3.168450936740539e-33
params_max= {'a1': 1.1547005383792517, 'a2': 1.0954451150103324, 'a3': 4.024936010290961} logZ_max= 2.915576017445171 obs_max= 2.0880153761742118e-31
dist_min= tensor(1.1702) dist_max= tensor(49.1359)
params_min,params_max=params_new,params_max
evaluating model at params_new={'a1': 1.1547005383792517, 'a2': 1.0954451150103324, 'a3': 4.024936010277946}
params_min= {'a1': 1.1547005383792517, 'a2': 1.0954451150103324, 'a3': 4.0249360102649305} logZ_min= nan obs_min= 3.168450936740539e-33
params_new= {'a1': 1.1547005383792517, 'a2': 1.0954451150103324, 'a3': 4.024936010277946} logZ_new= 2.9155159828001285 obs_new= 2.6392868208623455e-31
params_max= {'a1': 1.1547005383792517, 'a2': 1.0954451150103324, 'a3': 4.024936010290961} logZ_max= 2.915576017445171 obs_max= 2.0880153761742118e-31
dist_min= tensor(4.9151) dist_max= tensor(49.6974)
params_min,params_max=params_new,params_max
evaluating model at params_new={'a1': 1.1547005383792517, 'a2': 1.0954451150103324, 'a3': 4.024936010284454}
params_min= {'a1': 1.1547005383792517, 'a2': 1.0954451150103324, 'a3': 4.024936010277946} logZ_min= 2.9155159828001285 obs_min= 2.6392868208623455e-31
params_new= {'a1': 1.1547005383792517, 'a2': 1.0954451150103324, 'a3': 4.024936010284454} logZ_new= 2.9155850455449537 obs_new= 6.295687994367377e-33
params_max= {'a1': 1.1547005383792517, 'a2': 1.0954451150103324, 'a3': 4.024936010290961} logZ_max= 2.915576017445171 obs_max= 2.0880153761742118e-31
dist_min= tensor(3.7017) dist_max= tensor(49.2829)
params_min,params_max=params_new,params_max
evaluating model at params_new={'a1': 1.1547005383792517, 'a2': 1.0954451150103324, 'a3': 4.024936010287707}
params_min= {'a1': 1.1547005383792517, 'a2': 1.0954451150103324, 'a3': 4.024936010284454} logZ_min= 2.9155850455449537 obs_min= 6.295687994367377e-33
params_new= {'a1': 1.1547005383792517, 'a2': 1.0954451150103324, 'a3': 4.024936010287707} logZ_new= 2.9155858445153457 obs_new= 8.856836057100949e-34
params_max= {'a1': 1.1547005383792517, 'a2': 1.0954451150103324, 'a3': 4.024936010290961} logZ_max= 2.915576017445171 obs_max= 2.0880153761742118e-31
dist_min= tensor(2.8997) dist_max= tensor(49.1374)
params_min,params_max=params_new,params_max
evaluating model at params_new={'a1': 1.1547005383792517, 'a2': 1.0954451150103324, 'a3': 4.024936010289334}
params_min= {'a1': 1.1547005383792517, 'a2': 1.0954451150103324, 'a3': 4.024936010287707} logZ_min= 2.9155858445153457 obs_min= 8.856836057100949e-34
params_new= {'a1': 1.1547005383792517, 'a2': 1.0954451150103324, 'a3': 4.024936010289334} logZ_new= nan obs_new= 1.97668441224262e-32
params_max= {'a1': 1.1547005383792517, 'a2': 1.0954451150103324, 'a3': 4.024936010290961} logZ_max= 2.915576017445171 obs_max= 2.0880153761742118e-31
dist_min= tensor(0.4965) dist_max= tensor(49.1980)
params_min,params_max=params_new,params_max
evaluating model at params_new={'a1': 1.1547005383792517, 'a2': 1.0954451150103324, 'a3': 4.024936010290148}
params_min= {'a1': 1.1547005383792517, 'a2': 1.0954451150103324, 'a3': 4.024936010289334} logZ_min= nan obs_min= 1.97668441224262e-32
params_new= {'a1': 1.1547005383792517, 'a2': 1.0954451150103324, 'a3': 4.024936010290148} logZ_new= 2.9155387198347116 obs_new= 1.1055833626669426e-31
params_max= {'a1': 1.1547005383792517, 'a2': 1.0954451150103324, 'a3': 4.024936010290961} logZ_max= 2.915576017445171 obs_max= 2.0880153761742118e-31
dist_min= tensor(1.2987) dist_max= tensor(48.5061)
params_min,params_max=params_new,params_max
evaluating model at params_new={'a1': 1.1547005383792517, 'a2': 1.0954451150103324, 'a3': 4.0249360102905545}
params_min= {'a1': 1.1547005383792517, 'a2': 1.0954451150103324, 'a3': 4.024936010290148} logZ_min= 2.9155387198347116 obs_min= 1.1055833626669426e-31
params_new= {'a1': 1.1547005383792517, 'a2': 1.0954451150103324, 'a3': 4.0249360102905545} logZ_new= 2.915581446017187 obs_new= 6.61761934569866e-35
params_max= {'a1': 1.1547005383792517, 'a2': 1.0954451150103324, 'a3': 4.024936010290961} logZ_max= 2.915576017445171 obs_max= 2.0880153761742118e-31
dist_min= tensor(1.1611) dist_max= tensor(49.2373)
params_min,params_max=params_new,params_max
evaluating model at params_new={'a1': 1.1547005383792517, 'a2': 1.0954451150103324, 'a3': 4.024936010290758}
params_min= {'a1': 1.1547005383792517, 'a2': 1.0954451150103324, 'a3': 4.0249360102905545} logZ_min= 2.915581446017187 obs_min= 6.61761934569866e-35
params_new= {'a1': 1.1547005383792517, 'a2': 1.0954451150103324, 'a3': 4.024936010290758} logZ_new= 2.91554258188995 obs_new= 5.126500661067378e-33
params_max= {'a1': 1.1547005383792517, 'a2': 1.0954451150103324, 'a3': 4.024936010290961} logZ_max= 2.915576017445171 obs_max= 2.0880153761742118e-31
dist_min= tensor(4.2189) dist_max= tensor(49.3249)
params_min,params_max=params_new,params_max
evaluating model at params_new={'a1': 1.1547005383792517, 'a2': 1.0954451150103324, 'a3': 4.02493601029086}
params_min= {'a1': 1.1547005383792517, 'a2': 1.0954451150103324, 'a3': 4.024936010290758} logZ_min= 2.91554258188995 obs_min= 5.126500661067378e-33
params_new= {'a1': 1.1547005383792517, 'a2': 1.0954451150103324, 'a3': 4.02493601029086} logZ_new= 2.915561123905882 obs_new= 1.4737804292112716e-31
params_max= {'a1': 1.1547005383792517, 'a2': 1.0954451150103324, 'a3': 4.024936010290961} logZ_max= 2.915576017445171 obs_max= 2.0880153761742118e-31
dist_min= tensor(24.8068) dist_max= tensor(57.2599)
params_min,params_max=params_new,params_max
evaluating model at params_new={'a1': 1.1547005383792517, 'a2': 1.0954451150103324, 'a3': 4.024936010290911}
params_min= {'a1': 1.1547005383792517, 'a2': 1.0954451150103324, 'a3': 4.02493601029086} logZ_min= 2.915561123905882 obs_min= 1.4737804292112716e-31
params_new= {'a1': 1.1547005383792517, 'a2': 1.0954451150103324, 'a3': 4.024936010290911} logZ_new= 2.915579251002226 obs_new= 1.416436227424978e-31
params_max= {'a1': 1.1547005383792517, 'a2': 1.0954451150103324, 'a3': 4.024936010290961} logZ_max= 2.915576017445171 obs_max= 2.0880153761742118e-31
dist_min= tensor(28.9343) dist_max= tensor(48.5068)
params_min,params_max=params_new,params_max
evaluating model at params_new={'a1': 1.1547005383792517, 'a2': 1.0954451150103324, 'a3': 4.024936010290936}
params_min= {'a1': 1.1547005383792517, 'a2': 1.0954451150103324, 'a3': 4.024936010290911} logZ_min= 2.915579251002226 obs_min= 1.416436227424978e-31
params_new= {'a1': 1.1547005383792517, 'a2': 1.0954451150103324, 'a3': 4.024936010290936} logZ_new= nan obs_new= 3.3475256480031026e-34
params_max= {'a1': 1.1547005383792517, 'a2': 1.0954451150103324, 'a3': 4.024936010290961} logZ_max= 2.915576017445171 obs_max= 2.0880153761742118e-31
dist_min= tensor(13.7891) dist_max= tensor(51.1241)
params_min,params_max=params_new,params_max
evaluating model at params_new={'a1': 1.1547005383792517, 'a2': 1.0954451150103324, 'a3': 4.024936010290949}
params_min= {'a1': 1.1547005383792517, 'a2': 1.0954451150103324, 'a3': 4.024936010290936} logZ_min= nan obs_min= 3.3475256480031026e-34
params_new= {'a1': 1.1547005383792517, 'a2': 1.0954451150103324, 'a3': 4.024936010290949} logZ_new= nan obs_new= 9.002916791574391e-33
params_max= {'a1': 1.1547005383792517, 'a2': 1.0954451150103324, 'a3': 4.024936010290961} logZ_max= 2.915576017445171 obs_max= 2.0880153761742118e-31
dist_min= tensor(24.7898) dist_max= tensor(62.8273)
params_min,params_max=params_new,params_max
evaluating model at params_new={'a1': 1.1547005383792517, 'a2': 1.0954451150103324, 'a3': 4.024936010290955}
params_min= {'a1': 1.1547005383792517, 'a2': 1.0954451150103324, 'a3': 4.024936010290949} logZ_min= nan obs_min= 9.002916791574391e-33
params_new= {'a1': 1.1547005383792517, 'a2': 1.0954451150103324, 'a3': 4.024936010290955} logZ_new= 2.915571709478255 obs_new= 1.3394733648394695e-36
params_max= {'a1': 1.1547005383792517, 'a2': 1.0954451150103324, 'a3': 4.024936010290961} logZ_max= 2.915576017445171 obs_max= 2.0880153761742118e-31
dist_min= tensor(39.1586) dist_max= tensor(49.1382)
params_min,params_max=params_new,params_max
evaluating model at params_new={'a1': 1.1547005383792517, 'a2': 1.0954451150103324, 'a3': 4.024936010290958}
params_min= {'a1': 1.1547005383792517, 'a2': 1.0954451150103324, 'a3': 4.024936010290955} logZ_min= 2.915571709478255 obs_min= 1.3394733648394695e-36
params_new= {'a1': 1.1547005383792517, 'a2': 1.0954451150103324, 'a3': 4.024936010290958} logZ_new= 2.915562723650503 obs_new= 1.7242189915345697e-34
params_max= {'a1': 1.1547005383792517, 'a2': 1.0954451150103324, 'a3': 4.024936010290961} logZ_max= 2.915576017445171 obs_max= 2.0880153761742118e-31
dist_min= tensor(0.0519) dist_max= tensor(49.1382)
params_min,params_max=params_new,params_max
evaluating model at params_new={'a1': 1.1547005383792517, 'a2': 1.0954451150103324, 'a3': 4.0249360102909595}
params_min= {'a1': 1.1547005383792517, 'a2': 1.0954451150103324, 'a3': 4.024936010290958} logZ_min= 2.915562723650503 obs_min= 1.7242189915345697e-34
params_new= {'a1': 1.1547005383792517, 'a2': 1.0954451150103324, 'a3': 4.0249360102909595} logZ_new= 2.915585335626426 obs_new= 1.7314159495647894e-34
params_max= {'a1': 1.1547005383792517, 'a2': 1.0954451150103324, 'a3': 4.024936010290961} logZ_max= 2.915576017445171 obs_max= 2.0880153761742118e-31
dist_min= tensor(0.4163) dist_max= tensor(49.2179)
params_min,params_max=params_new,params_max
evaluating model at params_new={'a1': 1.1547005383792517, 'a2': 1.0954451150103324, 'a3': 4.02493601029096}
params_min= {'a1': 1.1547005383792517, 'a2': 1.0954451150103324, 'a3': 4.0249360102909595} logZ_min= 2.915585335626426 obs_min= 1.7314159495647894e-34
params_new= {'a1': 1.1547005383792517, 'a2': 1.0954451150103324, 'a3': 4.02493601029096} logZ_new= nan obs_new= 4.193674008675108e-34
params_max= {'a1': 1.1547005383792517, 'a2': 1.0954451150103324, 'a3': 4.024936010290961} logZ_max= 2.915576017445171 obs_max= 2.0880153761742118e-31
dist_min= tensor(9.4965) dist_max= tensor(50.1155)
params_min,params_max=params_new,params_max
critical params found:  {'a1': 1.1547005383792517, 'a2': 1.0954451150103324, 'a3': 4.024936010290961}
reference params:  {'a1': 1.1547005383792515, 'a2': 1.8257418583505538, 'a3': 4.47213595499958}
file saved to  data/AKLT3D_X10_scan_grid_critical_a3/a1_1.1547005_a2_1.0954451/Tc.json
