Start running find_critical_temp.py with options:{'filename': 'data/AKLT3D_X10_scan_grid_critical_a3/a1_1.3856406_a2_0.3651484/Tc.json', 'log_filename': 'data/AKLT3D_X10_scan_grid_critical_a3/a1_1.3856406_a2_0.3651484/Tc.log', 'nLayers': 60, 'max_dim': 10, 'model': 'AKLT3D', 'params_min': "{'a1': 1.3856406460551018, 'a2': 0.3651483716701107, 'a3': 4.47213595499958}", 'params_max': "{'a1': 1.3856406460551018, 'a2': 0.3651483716701107, 'a3': 5.366563145999496}", 'params_ref': None, 'observable_name': 'magnetizationZ', 'tol': 0.0, 'gilt_enabled': False, 'gilt_eps': 8e-07, 'gilt_nIter': 1, 'mcf_enabled': True, 'mcf_eps': 1e-16, 'mcf_max_iter': 200, 'hotrg_sanity_check': False, 'version': 1, 'device': 'cuda:1'}
loading library...
evaluating model at params_min={'a1': 1.3856406460551018, 'a2': 0.3651483716701107, 'a3': 4.47213595499958}
params_min= {'a1': 1.3856406460551018, 'a2': 0.3651483716701107, 'a3': 4.47213595499958} logZ_min= nan obs_min= 2.412477579156987e-34
evaluating model at params_max={'a1': 1.3856406460551018, 'a2': 0.3651483716701107, 'a3': 5.366563145999496}
params_max= {'a1': 1.3856406460551018, 'a2': 0.3651483716701107, 'a3': 5.366563145999496} logZ_max= 3.360243991634764 obs_max= 8.996336119476261
searching for critical temperature using bisection method
evaluating model at params_new={'a1': 1.3856406460551018, 'a2': 0.3651483716701107, 'a3': 4.919349550499538}
params_min= {'a1': 1.3856406460551018, 'a2': 0.3651483716701107, 'a3': 4.47213595499958} logZ_min= nan obs_min= 2.412477579156987e-34
params_new= {'a1': 1.3856406460551018, 'a2': 0.3651483716701107, 'a3': 4.919349550499538} logZ_new= 3.1858729357725974 obs_new= 8.992320703524676
params_max= {'a1': 1.3856406460551018, 'a2': 0.3651483716701107, 'a3': 5.366563145999496} logZ_max= 3.360243991634764 obs_max= 8.996336119476261
dist_min= tensor(123.5254) dist_max= tensor(11.3174)
params_min,params_max=params_min,params_new
evaluating model at params_new={'a1': 1.3856406460551018, 'a2': 0.3651483716701107, 'a3': 4.695742752749559}
params_min= {'a1': 1.3856406460551018, 'a2': 0.3651483716701107, 'a3': 4.47213595499958} logZ_min= nan obs_min= 2.412477579156987e-34
params_new= {'a1': 1.3856406460551018, 'a2': 0.3651483716701107, 'a3': 4.695742752749559} logZ_new= 3.0893926126891715 obs_new= 8.960649669886147
params_max= {'a1': 1.3856406460551018, 'a2': 0.3651483716701107, 'a3': 4.919349550499538} logZ_max= 3.1858729357725974 obs_max= 8.992320703524676
dist_min= tensor(87.5637) dist_max= tensor(36.5457)
params_min,params_max=params_min,params_new
evaluating model at params_new={'a1': 1.3856406460551018, 'a2': 0.3651483716701107, 'a3': 4.58393935387457}
params_min= {'a1': 1.3856406460551018, 'a2': 0.3651483716701107, 'a3': 4.47213595499958} logZ_min= nan obs_min= 2.412477579156987e-34
params_new= {'a1': 1.3856406460551018, 'a2': 0.3651483716701107, 'a3': 4.58393935387457} logZ_new= 3.054699461341043 obs_new= 1.633532865762839e-36
params_max= {'a1': 1.3856406460551018, 'a2': 0.3651483716701107, 'a3': 4.695742752749559} logZ_max= 3.0893926126891715 obs_max= 8.960649669886147
dist_min= tensor(12.4197) dist_max= tensor(99.5087)
params_min,params_max=params_new,params_max
evaluating model at params_new={'a1': 1.3856406460551018, 'a2': 0.3651483716701107, 'a3': 4.639841053312065}
params_min= {'a1': 1.3856406460551018, 'a2': 0.3651483716701107, 'a3': 4.58393935387457} logZ_min= 3.054699461341043 obs_min= 1.633532865762839e-36
params_new= {'a1': 1.3856406460551018, 'a2': 0.3651483716701107, 'a3': 4.639841053312065} logZ_new= 3.064638221463779 obs_new= 8.950746068151473
params_max= {'a1': 1.3856406460551018, 'a2': 0.3651483716701107, 'a3': 4.695742752749559} logZ_max= 3.0893926126891715 obs_max= 8.960649669886147
dist_min= tensor(98.6027) dist_max= tensor(1.2171)
params_min,params_max=params_min,params_new
evaluating model at params_new={'a1': 1.3856406460551018, 'a2': 0.3651483716701107, 'a3': 4.611890203593317}
params_min= {'a1': 1.3856406460551018, 'a2': 0.3651483716701107, 'a3': 4.58393935387457} logZ_min= 3.054699461341043 obs_min= 1.633532865762839e-36
params_new= {'a1': 1.3856406460551018, 'a2': 0.3651483716701107, 'a3': 4.611890203593317} logZ_new= nan obs_new= 3.678631713218707e-30
params_max= {'a1': 1.3856406460551018, 'a2': 0.3651483716701107, 'a3': 4.639841053312065} logZ_max= 3.064638221463779 obs_max= 8.950746068151473
dist_min= tensor(121.9500) dist_max= tensor(72.1768)
params_min,params_max=params_min,params_new
evaluating model at params_new={'a1': 1.3856406460551018, 'a2': 0.3651483716701107, 'a3': 4.597914778733943}
params_min= {'a1': 1.3856406460551018, 'a2': 0.3651483716701107, 'a3': 4.58393935387457} logZ_min= 3.054699461341043 obs_min= 1.633532865762839e-36
params_new= {'a1': 1.3856406460551018, 'a2': 0.3651483716701107, 'a3': 4.597914778733943} logZ_new= 3.054816976674079 obs_new= 4.854391530550283e-33
params_max= {'a1': 1.3856406460551018, 'a2': 0.3651483716701107, 'a3': 4.611890203593317} logZ_max= nan obs_max= 3.678631713218707e-30
dist_min= tensor(192.8648) dist_max= tensor(228.9776)
params_min,params_max=params_new,params_max
evaluating model at params_new={'a1': 1.3856406460551018, 'a2': 0.3651483716701107, 'a3': 4.60490249116363}
params_min= {'a1': 1.3856406460551018, 'a2': 0.3651483716701107, 'a3': 4.597914778733943} logZ_min= 3.054816976674079 obs_min= 4.854391530550283e-33
params_new= {'a1': 1.3856406460551018, 'a2': 0.3651483716701107, 'a3': 4.60490249116363} logZ_new= nan obs_new= 1.154862729531482e-32
params_max= {'a1': 1.3856406460551018, 'a2': 0.3651483716701107, 'a3': 4.611890203593317} logZ_max= nan obs_max= 3.678631713218707e-30
dist_min= tensor(216.5621) dist_max= tensor(66.1701)
params_min,params_max=params_min,params_new
evaluating model at params_new={'a1': 1.3856406460551018, 'a2': 0.3651483716701107, 'a3': 4.601408634948786}
params_min= {'a1': 1.3856406460551018, 'a2': 0.3651483716701107, 'a3': 4.597914778733943} logZ_min= 3.054816976674079 obs_min= 4.854391530550283e-33
params_new= {'a1': 1.3856406460551018, 'a2': 0.3651483716701107, 'a3': 4.601408634948786} logZ_new= 3.0547743619470613 obs_new= 8.697551142391115e-33
params_max= {'a1': 1.3856406460551018, 'a2': 0.3651483716701107, 'a3': 4.60490249116363} logZ_max= nan obs_max= 1.154862729531482e-32
dist_min= tensor(8062.4472) dist_max= tensor(8059.6972)
params_min,params_max=params_min,params_new
evaluating model at params_new={'a1': 1.3856406460551018, 'a2': 0.3651483716701107, 'a3': 4.599661706841365}
params_min= {'a1': 1.3856406460551018, 'a2': 0.3651483716701107, 'a3': 4.597914778733943} logZ_min= 3.054816976674079 obs_min= 4.854391530550283e-33
params_new= {'a1': 1.3856406460551018, 'a2': 0.3651483716701107, 'a3': 4.599661706841365} logZ_new= 3.054939985108839 obs_new= 4.136953589892766e-33
params_max= {'a1': 1.3856406460551018, 'a2': 0.3651483716701107, 'a3': 4.601408634948786} logZ_max= 3.0547743619470613 obs_max= 8.697551142391115e-33
dist_min= tensor(192.3305) dist_max= tensor(8060.2933)
params_min,params_max=params_new,params_max
evaluating model at params_new={'a1': 1.3856406460551018, 'a2': 0.3651483716701107, 'a3': 4.600535170895076}
params_min= {'a1': 1.3856406460551018, 'a2': 0.3651483716701107, 'a3': 4.599661706841365} logZ_min= 3.054939985108839 obs_min= 4.136953589892766e-33
params_new= {'a1': 1.3856406460551018, 'a2': 0.3651483716701107, 'a3': 4.600535170895076} logZ_new= nan obs_new= 3.7202487525628604e-32
params_max= {'a1': 1.3856406460551018, 'a2': 0.3651483716701107, 'a3': 4.601408634948786} logZ_max= 3.0547743619470613 obs_max= 8.697551142391115e-33
dist_min= tensor(64.3939) dist_max= tensor(8059.2809)
params_min,params_max=params_new,params_max
evaluating model at params_new={'a1': 1.3856406460551018, 'a2': 0.3651483716701107, 'a3': 4.6009719029219305}
params_min= {'a1': 1.3856406460551018, 'a2': 0.3651483716701107, 'a3': 4.600535170895076} logZ_min= nan obs_min= 3.7202487525628604e-32
params_new= {'a1': 1.3856406460551018, 'a2': 0.3651483716701107, 'a3': 4.6009719029219305} logZ_new= 3.0546052875150944 obs_new= 1.661522247774174e-31
params_max= {'a1': 1.3856406460551018, 'a2': 0.3651483716701107, 'a3': 4.601408634948786} logZ_max= 3.0547743619470613 obs_max= 8.697551142391115e-33
dist_min= tensor(118.8224) dist_max= tensor(8059.4709)
params_min,params_max=params_new,params_max
evaluating model at params_new={'a1': 1.3856406460551018, 'a2': 0.3651483716701107, 'a3': 4.601190268935358}
params_min= {'a1': 1.3856406460551018, 'a2': 0.3651483716701107, 'a3': 4.6009719029219305} logZ_min= 3.0546052875150944 obs_min= 1.661522247774174e-31
params_new= {'a1': 1.3856406460551018, 'a2': 0.3651483716701107, 'a3': 4.601190268935358} logZ_new= 3.054776963566382 obs_new= 1.1925964195716889e-32
params_max= {'a1': 1.3856406460551018, 'a2': 0.3651483716701107, 'a3': 4.601408634948786} logZ_max= 3.0547743619470613 obs_max= 8.697551142391115e-33
dist_min= tensor(0.3852) dist_max= tensor(8059.6344)
params_min,params_max=params_new,params_max
evaluating model at params_new={'a1': 1.3856406460551018, 'a2': 0.3651483716701107, 'a3': 4.601299451942072}
params_min= {'a1': 1.3856406460551018, 'a2': 0.3651483716701107, 'a3': 4.601190268935358} logZ_min= 3.054776963566382 obs_min= 1.1925964195716889e-32
params_new= {'a1': 1.3856406460551018, 'a2': 0.3651483716701107, 'a3': 4.601299451942072} logZ_new= 3.0544130925332085 obs_new= 1.2789502703389722e-32
params_max= {'a1': 1.3856406460551018, 'a2': 0.3651483716701107, 'a3': 4.601408634948786} logZ_max= 3.0547743619470613 obs_max= 8.697551142391115e-33
dist_min= tensor(53.6147) dist_max= tensor(8060.1057)
params_min,params_max=params_new,params_max
evaluating model at params_new={'a1': 1.3856406460551018, 'a2': 0.3651483716701107, 'a3': 4.601354043445429}
params_min= {'a1': 1.3856406460551018, 'a2': 0.3651483716701107, 'a3': 4.601299451942072} logZ_min= 3.0544130925332085 obs_min= 1.2789502703389722e-32
params_new= {'a1': 1.3856406460551018, 'a2': 0.3651483716701107, 'a3': 4.601354043445429} logZ_new= 3.054791165014216 obs_new= -5.323385640981674e-35
params_max= {'a1': 1.3856406460551018, 'a2': 0.3651483716701107, 'a3': 4.601408634948786} logZ_max= 3.0547743619470613 obs_max= 8.697551142391115e-33
dist_min= tensor(54.6690) dist_max= tensor(8059.7369)
params_min,params_max=params_new,params_max
evaluating model at params_new={'a1': 1.3856406460551018, 'a2': 0.3651483716701107, 'a3': 4.601381339197108}
params_min= {'a1': 1.3856406460551018, 'a2': 0.3651483716701107, 'a3': 4.601354043445429} logZ_min= 3.054791165014216 obs_min= -5.323385640981674e-35
params_new= {'a1': 1.3856406460551018, 'a2': 0.3651483716701107, 'a3': 4.601381339197108} logZ_new= nan obs_new= -2.722122427110925e-35
params_max= {'a1': 1.3856406460551018, 'a2': 0.3651483716701107, 'a3': 4.601408634948786} logZ_max= 3.0547743619470613 obs_max= 8.697551142391115e-33
dist_min= tensor(11.3897) dist_max= tensor(8059.7365)
params_min,params_max=params_new,params_max
evaluating model at params_new={'a1': 1.3856406460551018, 'a2': 0.3651483716701107, 'a3': 4.601394987072947}
params_min= {'a1': 1.3856406460551018, 'a2': 0.3651483716701107, 'a3': 4.601381339197108} logZ_min= nan obs_min= -2.722122427110925e-35
params_new= {'a1': 1.3856406460551018, 'a2': 0.3651483716701107, 'a3': 4.601394987072947} logZ_new= 3.05478672831642 obs_new= 8.49384650963624e-32
params_max= {'a1': 1.3856406460551018, 'a2': 0.3651483716701107, 'a3': 4.601408634948786} logZ_max= 3.0547743619470613 obs_max= 8.697551142391115e-33
dist_min= tensor(7.4096) dist_max= tensor(8059.7257)
params_min,params_max=params_new,params_max
evaluating model at params_new={'a1': 1.3856406460551018, 'a2': 0.3651483716701107, 'a3': 4.6014018110108665}
params_min= {'a1': 1.3856406460551018, 'a2': 0.3651483716701107, 'a3': 4.601394987072947} logZ_min= 3.05478672831642 obs_min= 8.49384650963624e-32
params_new= {'a1': 1.3856406460551018, 'a2': 0.3651483716701107, 'a3': 4.6014018110108665} logZ_new= 3.054794031053416 obs_new= 4.084948650086166e-32
params_max= {'a1': 1.3856406460551018, 'a2': 0.3651483716701107, 'a3': 4.601408634948786} logZ_max= 3.0547743619470613 obs_max= 8.697551142391115e-33
dist_min= tensor(0.4334) dist_max= tensor(8059.6922)
params_min,params_max=params_new,params_max
evaluating model at params_new={'a1': 1.3856406460551018, 'a2': 0.3651483716701107, 'a3': 4.601405222979826}
params_min= {'a1': 1.3856406460551018, 'a2': 0.3651483716701107, 'a3': 4.6014018110108665} logZ_min= 3.054794031053416 obs_min= 4.084948650086166e-32
params_new= {'a1': 1.3856406460551018, 'a2': 0.3651483716701107, 'a3': 4.601405222979826} logZ_new= nan obs_new= 2.626052101966083e-34
params_max= {'a1': 1.3856406460551018, 'a2': 0.3651483716701107, 'a3': 4.601408634948786} logZ_max= 3.0547743619470613 obs_max= 8.697551142391115e-33
dist_min= tensor(1.3053) dist_max= tensor(8059.7326)
params_min,params_max=params_new,params_max
evaluating model at params_new={'a1': 1.3856406460551018, 'a2': 0.3651483716701107, 'a3': 4.601406928964306}
params_min= {'a1': 1.3856406460551018, 'a2': 0.3651483716701107, 'a3': 4.601405222979826} logZ_min= nan obs_min= 2.626052101966083e-34
params_new= {'a1': 1.3856406460551018, 'a2': 0.3651483716701107, 'a3': 4.601406928964306} logZ_new= 3.054708996825125 obs_new= 1.4377119320901612e-33
params_max= {'a1': 1.3856406460551018, 'a2': 0.3651483716701107, 'a3': 4.601408634948786} logZ_max= 3.0547743619470613 obs_max= 8.697551142391115e-33
dist_min= tensor(67.3413) dist_max= tensor(8050.4523)
params_min,params_max=params_new,params_max
evaluating model at params_new={'a1': 1.3856406460551018, 'a2': 0.3651483716701107, 'a3': 4.601407781956546}
params_min= {'a1': 1.3856406460551018, 'a2': 0.3651483716701107, 'a3': 4.601406928964306} logZ_min= 3.054708996825125 obs_min= 1.4377119320901612e-33
params_new= {'a1': 1.3856406460551018, 'a2': 0.3651483716701107, 'a3': 4.601407781956546} logZ_new= nan obs_new= 1.0246799208612868e-33
params_max= {'a1': 1.3856406460551018, 'a2': 0.3651483716701107, 'a3': 4.601408634948786} logZ_max= 3.0547743619470613 obs_max= 8.697551142391115e-33
dist_min= tensor(99.7100) dist_max= tensor(8060.0745)
params_min,params_max=params_new,params_max
evaluating model at params_new={'a1': 1.3856406460551018, 'a2': 0.3651483716701107, 'a3': 4.601408208452666}
params_min= {'a1': 1.3856406460551018, 'a2': 0.3651483716701107, 'a3': 4.601407781956546} logZ_min= nan obs_min= 1.0246799208612868e-33
params_new= {'a1': 1.3856406460551018, 'a2': 0.3651483716701107, 'a3': 4.601408208452666} logZ_new= 3.054789680868541 obs_new= 3.772688321619067e-32
params_max= {'a1': 1.3856406460551018, 'a2': 0.3651483716701107, 'a3': 4.601408634948786} logZ_max= 3.0547743619470613 obs_max= 8.697551142391115e-33
dist_min= tensor(73.5810) dist_max= tensor(8059.5009)
params_min,params_max=params_new,params_max
evaluating model at params_new={'a1': 1.3856406460551018, 'a2': 0.3651483716701107, 'a3': 4.601408421700726}
params_min= {'a1': 1.3856406460551018, 'a2': 0.3651483716701107, 'a3': 4.601408208452666} logZ_min= 3.054789680868541 obs_min= 3.772688321619067e-32
params_new= {'a1': 1.3856406460551018, 'a2': 0.3651483716701107, 'a3': 4.601408421700726} logZ_new= 3.0543868541539356 obs_new= 4.251527720799498e-32
params_max= {'a1': 1.3856406460551018, 'a2': 0.3651483716701107, 'a3': 4.601408634948786} logZ_max= 3.0547743619470613 obs_max= 8.697551142391115e-33
dist_min= tensor(2722.4494) dist_max= tensor(8505.8575)
params_min,params_max=params_new,params_max
evaluating model at params_new={'a1': 1.3856406460551018, 'a2': 0.3651483716701107, 'a3': 4.601408528324756}
params_min= {'a1': 1.3856406460551018, 'a2': 0.3651483716701107, 'a3': 4.601408421700726} logZ_min= 3.0543868541539356 obs_min= 4.251527720799498e-32
params_new= {'a1': 1.3856406460551018, 'a2': 0.3651483716701107, 'a3': 4.601408528324756} logZ_new= 3.0544290236586766 obs_new= 2.840157976103247e-36
params_max= {'a1': 1.3856406460551018, 'a2': 0.3651483716701107, 'a3': 4.601408634948786} logZ_max= 3.0547743619470613 obs_max= 8.697551142391115e-33
dist_min= tensor(2722.4494) dist_max= tensor(8059.6892)
params_min,params_max=params_new,params_max
evaluating model at params_new={'a1': 1.3856406460551018, 'a2': 0.3651483716701107, 'a3': 4.601408581636771}
params_min= {'a1': 1.3856406460551018, 'a2': 0.3651483716701107, 'a3': 4.601408528324756} logZ_min= 3.0544290236586766 obs_min= 2.840157976103247e-36
params_new= {'a1': 1.3856406460551018, 'a2': 0.3651483716701107, 'a3': 4.601408581636771} logZ_new= 3.0543603111734425 obs_new= 1.3986961958930126e-32
params_max= {'a1': 1.3856406460551018, 'a2': 0.3651483716701107, 'a3': 4.601408634948786} logZ_max= 3.0547743619470613 obs_max= 8.697551142391115e-33
dist_min= tensor(12.6536) dist_max= tensor(8058.9067)
params_min,params_max=params_new,params_max
evaluating model at params_new={'a1': 1.3856406460551018, 'a2': 0.3651483716701107, 'a3': 4.601408608292779}
params_min= {'a1': 1.3856406460551018, 'a2': 0.3651483716701107, 'a3': 4.601408581636771} logZ_min= 3.0543603111734425 obs_min= 1.3986961958930126e-32
params_new= {'a1': 1.3856406460551018, 'a2': 0.3651483716701107, 'a3': 4.601408608292779} logZ_new= nan obs_new= 6.98582559591087e-34
params_max= {'a1': 1.3856406460551018, 'a2': 0.3651483716701107, 'a3': 4.601408634948786} logZ_max= 3.0547743619470613 obs_max= 8.697551142391115e-33
dist_min= tensor(13.1439) dist_max= tensor(8059.7327)
params_min,params_max=params_new,params_max
evaluating model at params_new={'a1': 1.3856406460551018, 'a2': 0.3651483716701107, 'a3': 4.601408621620783}
params_min= {'a1': 1.3856406460551018, 'a2': 0.3651483716701107, 'a3': 4.601408608292779} logZ_min= nan obs_min= 6.98582559591087e-34
params_new= {'a1': 1.3856406460551018, 'a2': 0.3651483716701107, 'a3': 4.601408621620783} logZ_new= nan obs_new= 2.730911604212383e-32
params_max= {'a1': 1.3856406460551018, 'a2': 0.3651483716701107, 'a3': 4.601408634948786} logZ_max= 3.0547743619470613 obs_max= 8.697551142391115e-33
dist_min= tensor(14722.4029) dist_max= tensor(16784.2751)
params_min,params_max=params_new,params_max
evaluating model at params_new={'a1': 1.3856406460551018, 'a2': 0.3651483716701107, 'a3': 4.601408628284784}
params_min= {'a1': 1.3856406460551018, 'a2': 0.3651483716701107, 'a3': 4.601408621620783} logZ_min= nan obs_min= 2.730911604212383e-32
params_new= {'a1': 1.3856406460551018, 'a2': 0.3651483716701107, 'a3': 4.601408628284784} logZ_new= nan obs_new= 1.2418598580408057e-33
params_max= {'a1': 1.3856406460551018, 'a2': 0.3651483716701107, 'a3': 4.601408634948786} logZ_max= 3.0547743619470613 obs_max= 8.697551142391115e-33
dist_min= tensor(14723.5677) dist_max= tensor(8067.2252)
params_min,params_max=params_min,params_new
evaluating model at params_new={'a1': 1.3856406460551018, 'a2': 0.3651483716701107, 'a3': 4.601408624952784}
params_min= {'a1': 1.3856406460551018, 'a2': 0.3651483716701107, 'a3': 4.601408621620783} logZ_min= nan obs_min= 2.730911604212383e-32
params_new= {'a1': 1.3856406460551018, 'a2': 0.3651483716701107, 'a3': 4.601408624952784} logZ_new= nan obs_new= 2.3872482107001714e-32
params_max= {'a1': 1.3856406460551018, 'a2': 0.3651483716701107, 'a3': 4.601408628284784} logZ_max= nan obs_max= 1.2418598580408057e-33
dist_min= tensor(14789.8784) dist_max= tensor(1450.3206)
params_min,params_max=params_min,params_new
evaluating model at params_new={'a1': 1.3856406460551018, 'a2': 0.3651483716701107, 'a3': 4.601408623286783}
params_min= {'a1': 1.3856406460551018, 'a2': 0.3651483716701107, 'a3': 4.601408621620783} logZ_min= nan obs_min= 2.730911604212383e-32
params_new= {'a1': 1.3856406460551018, 'a2': 0.3651483716701107, 'a3': 4.601408623286783} logZ_new= 3.0547856961930697 obs_new= 5.400397504857739e-33
params_max= {'a1': 1.3856406460551018, 'a2': 0.3651483716701107, 'a3': 4.601408624952784} logZ_max= nan obs_max= 2.3872482107001714e-32
dist_min= tensor(16090.0597) dist_max= tensor(6641.8825)
params_min,params_max=params_min,params_new
evaluating model at params_new={'a1': 1.3856406460551018, 'a2': 0.3651483716701107, 'a3': 4.601408622453783}
params_min= {'a1': 1.3856406460551018, 'a2': 0.3651483716701107, 'a3': 4.601408621620783} logZ_min= nan obs_min= 2.730911604212383e-32
params_new= {'a1': 1.3856406460551018, 'a2': 0.3651483716701107, 'a3': 4.601408622453783} logZ_new= 3.054787585926243 obs_new= 5.119912048618703e-33
params_max= {'a1': 1.3856406460551018, 'a2': 0.3651483716701107, 'a3': 4.601408623286783} logZ_max= 3.0547856961930697 obs_max= 5.400397504857739e-33
dist_min= tensor(14811.9128) dist_max= tensor(4867.2269)
params_min,params_max=params_min,params_new
evaluating model at params_new={'a1': 1.3856406460551018, 'a2': 0.3651483716701107, 'a3': 4.601408622037283}
params_min= {'a1': 1.3856406460551018, 'a2': 0.3651483716701107, 'a3': 4.601408621620783} logZ_min= nan obs_min= 2.730911604212383e-32
params_new= {'a1': 1.3856406460551018, 'a2': 0.3651483716701107, 'a3': 4.601408622037283} logZ_new= nan obs_new= 4.766124461011524e-33
params_max= {'a1': 1.3856406460551018, 'a2': 0.3651483716701107, 'a3': 4.601408622453783} logZ_max= 3.054787585926243 obs_max= 5.119912048618703e-33
dist_min= tensor(14722.0166) dist_max= tensor(1622.7288)
params_min,params_max=params_min,params_new
evaluating model at params_new={'a1': 1.3856406460551018, 'a2': 0.3651483716701107, 'a3': 4.601408621829033}
params_min= {'a1': 1.3856406460551018, 'a2': 0.3651483716701107, 'a3': 4.601408621620783} logZ_min= nan obs_min= 2.730911604212383e-32
params_new= {'a1': 1.3856406460551018, 'a2': 0.3651483716701107, 'a3': 4.601408621829033} logZ_new= 3.054786202862771 obs_new= 4.016263202571743e-34
params_max= {'a1': 1.3856406460551018, 'a2': 0.3651483716701107, 'a3': 4.601408622037283} logZ_max= nan obs_max= 4.766124461011524e-33
dist_min= tensor(14722.6243) dist_max= tensor(33.4214)
params_min,params_max=params_min,params_new
evaluating model at params_new={'a1': 1.3856406460551018, 'a2': 0.3651483716701107, 'a3': 4.601408621724907}
params_min= {'a1': 1.3856406460551018, 'a2': 0.3651483716701107, 'a3': 4.601408621620783} logZ_min= nan obs_min= 2.730911604212383e-32
params_new= {'a1': 1.3856406460551018, 'a2': 0.3651483716701107, 'a3': 4.601408621724907} logZ_new= 3.0545283128634813 obs_new= 3.174117326073655e-33
params_max= {'a1': 1.3856406460551018, 'a2': 0.3651483716701107, 'a3': 4.601408621829033} logZ_max= 3.054786202862771 obs_max= 4.016263202571743e-34
dist_min= tensor(14722.4029) dist_max= tensor(9.9026)
params_min,params_max=params_min,params_new
evaluating model at params_new={'a1': 1.3856406460551018, 'a2': 0.3651483716701107, 'a3': 4.601408621672845}
params_min= {'a1': 1.3856406460551018, 'a2': 0.3651483716701107, 'a3': 4.601408621620783} logZ_min= nan obs_min= 2.730911604212383e-32
params_new= {'a1': 1.3856406460551018, 'a2': 0.3651483716701107, 'a3': 4.601408621672845} logZ_new= 3.0547863500711903 obs_new= 4.1511031713825414e-33
params_max= {'a1': 1.3856406460551018, 'a2': 0.3651483716701107, 'a3': 4.601408621724907} logZ_max= 3.0545283128634813 obs_max= 3.174117326073655e-33
dist_min= tensor(14733.1412) dist_max= tensor(568.6528)
params_min,params_max=params_min,params_new
evaluating model at params_new={'a1': 1.3856406460551018, 'a2': 0.3651483716701107, 'a3': 4.601408621646813}
params_min= {'a1': 1.3856406460551018, 'a2': 0.3651483716701107, 'a3': 4.601408621620783} logZ_min= nan obs_min= 2.730911604212383e-32
params_new= {'a1': 1.3856406460551018, 'a2': 0.3651483716701107, 'a3': 4.601408621646813} logZ_new= nan obs_new= 9.072323309220578e-34
params_max= {'a1': 1.3856406460551018, 'a2': 0.3651483716701107, 'a3': 4.601408621672845} logZ_max= 3.0547863500711903 obs_max= 4.1511031713825414e-33
dist_min= tensor(14722.4028) dist_max= tensor(568.5427)
params_min,params_max=params_min,params_new
evaluating model at params_new={'a1': 1.3856406460551018, 'a2': 0.3651483716701107, 'a3': 4.601408621633798}
params_min= {'a1': 1.3856406460551018, 'a2': 0.3651483716701107, 'a3': 4.601408621620783} logZ_min= nan obs_min= 2.730911604212383e-32
params_new= {'a1': 1.3856406460551018, 'a2': 0.3651483716701107, 'a3': 4.601408621633798} logZ_new= 3.0546052196370925 obs_new= 4.740051153364525e-34
params_max= {'a1': 1.3856406460551018, 'a2': 0.3651483716701107, 'a3': 4.601408621646813} logZ_max= nan obs_max= 9.072323309220578e-34
dist_min= tensor(14722.4028) dist_max= tensor(1.3917)
params_min,params_max=params_min,params_new
evaluating model at params_new={'a1': 1.3856406460551018, 'a2': 0.3651483716701107, 'a3': 4.60140862162729}
params_min= {'a1': 1.3856406460551018, 'a2': 0.3651483716701107, 'a3': 4.601408621620783} logZ_min= nan obs_min= 2.730911604212383e-32
params_new= {'a1': 1.3856406460551018, 'a2': 0.3651483716701107, 'a3': 4.60140862162729} logZ_new= 3.054772652455277 obs_new= 2.796175920085544e-34
params_max= {'a1': 1.3856406460551018, 'a2': 0.3651483716701107, 'a3': 4.601408621633798} logZ_max= 3.0546052196370925 obs_max= 4.740051153364525e-34
dist_min= tensor(14722.4029) dist_max= tensor(2.1700)
params_min,params_max=params_min,params_new
evaluating model at params_new={'a1': 1.3856406460551018, 'a2': 0.3651483716701107, 'a3': 4.601408621624037}
params_min= {'a1': 1.3856406460551018, 'a2': 0.3651483716701107, 'a3': 4.601408621620783} logZ_min= nan obs_min= 2.730911604212383e-32
params_new= {'a1': 1.3856406460551018, 'a2': 0.3651483716701107, 'a3': 4.601408621624037} logZ_new= nan obs_new= 8.245268442732445e-33
params_max= {'a1': 1.3856406460551018, 'a2': 0.3651483716701107, 'a3': 4.60140862162729} logZ_max= 3.054772652455277 obs_max= 2.796175920085544e-34
dist_min= tensor(14651.1109) dist_max= tensor(89.9183)
params_min,params_max=params_min,params_new
evaluating model at params_new={'a1': 1.3856406460551018, 'a2': 0.3651483716701107, 'a3': 4.60140862162241}
params_min= {'a1': 1.3856406460551018, 'a2': 0.3651483716701107, 'a3': 4.601408621620783} logZ_min= nan obs_min= 2.730911604212383e-32
params_new= {'a1': 1.3856406460551018, 'a2': 0.3651483716701107, 'a3': 4.60140862162241} logZ_new= 3.054774208486476 obs_new= 1.3744475635998015e-30
params_max= {'a1': 1.3856406460551018, 'a2': 0.3651483716701107, 'a3': 4.601408621624037} logZ_max= nan obs_max= 8.245268442732445e-33
dist_min= tensor(14722.4026) dist_max= tensor(89.8781)
params_min,params_max=params_min,params_new
evaluating model at params_new={'a1': 1.3856406460551018, 'a2': 0.3651483716701107, 'a3': 4.601408621621596}
params_min= {'a1': 1.3856406460551018, 'a2': 0.3651483716701107, 'a3': 4.601408621620783} logZ_min= nan obs_min= 2.730911604212383e-32
params_new= {'a1': 1.3856406460551018, 'a2': 0.3651483716701107, 'a3': 4.601408621621596} logZ_new= 3.0547259298583094 obs_new= 4.974728063093328e-34
params_max= {'a1': 1.3856406460551018, 'a2': 0.3651483716701107, 'a3': 4.60140862162241} logZ_max= 3.054774208486476 obs_max= 1.3744475635998015e-30
dist_min= tensor(14722.4029) dist_max= tensor(1.5500)
params_min,params_max=params_min,params_new
evaluating model at params_new={'a1': 1.3856406460551018, 'a2': 0.3651483716701107, 'a3': 4.601408621621189}
params_min= {'a1': 1.3856406460551018, 'a2': 0.3651483716701107, 'a3': 4.601408621620783} logZ_min= nan obs_min= 2.730911604212383e-32
params_new= {'a1': 1.3856406460551018, 'a2': 0.3651483716701107, 'a3': 4.601408621621189} logZ_new= nan obs_new= -2.351599709168477e-32
params_max= {'a1': 1.3856406460551018, 'a2': 0.3651483716701107, 'a3': 4.601408621621596} logZ_max= 3.0547259298583094 obs_max= 4.974728063093328e-34
dist_min= tensor(14722.4030) dist_max= tensor(2.0684)
params_min,params_max=params_min,params_new
evaluating model at params_new={'a1': 1.3856406460551018, 'a2': 0.3651483716701107, 'a3': 4.601408621620986}
params_min= {'a1': 1.3856406460551018, 'a2': 0.3651483716701107, 'a3': 4.601408621620783} logZ_min= nan obs_min= 2.730911604212383e-32
params_new= {'a1': 1.3856406460551018, 'a2': 0.3651483716701107, 'a3': 4.601408621620986} logZ_new= nan obs_new= 4.8771613323092926e-33
params_max= {'a1': 1.3856406460551018, 'a2': 0.3651483716701107, 'a3': 4.601408621621189} logZ_max= nan obs_max= -2.351599709168477e-32
dist_min= tensor(14722.5685) dist_max= tensor(30.8809)
params_min,params_max=params_min,params_new
evaluating model at params_new={'a1': 1.3856406460551018, 'a2': 0.3651483716701107, 'a3': 4.601408621620884}
params_min= {'a1': 1.3856406460551018, 'a2': 0.3651483716701107, 'a3': 4.601408621620783} logZ_min= nan obs_min= 2.730911604212383e-32
params_new= {'a1': 1.3856406460551018, 'a2': 0.3651483716701107, 'a3': 4.601408621620884} logZ_new= nan obs_new= 3.5724738322065814e-32
params_max= {'a1': 1.3856406460551018, 'a2': 0.3651483716701107, 'a3': 4.601408621620986} logZ_max= nan obs_max= 4.8771613323092926e-33
dist_min= tensor(14722.3342) dist_max= tensor(33.2874)
params_min,params_max=params_min,params_new
evaluating model at params_new={'a1': 1.3856406460551018, 'a2': 0.3651483716701107, 'a3': 4.601408621620833}
params_min= {'a1': 1.3856406460551018, 'a2': 0.3651483716701107, 'a3': 4.601408621620783} logZ_min= nan obs_min= 2.730911604212383e-32
params_new= {'a1': 1.3856406460551018, 'a2': 0.3651483716701107, 'a3': 4.601408621620833} logZ_new= 3.0547730848550065 obs_new= 1.6953804316622283e-32
params_max= {'a1': 1.3856406460551018, 'a2': 0.3651483716701107, 'a3': 4.601408621620884} logZ_max= nan obs_max= 3.5724738322065814e-32
dist_min= tensor(14719.0311) dist_max= tensor(142.5607)
params_min,params_max=params_min,params_new
evaluating model at params_new={'a1': 1.3856406460551018, 'a2': 0.3651483716701107, 'a3': 4.601408621620807}
params_min= {'a1': 1.3856406460551018, 'a2': 0.3651483716701107, 'a3': 4.601408621620783} logZ_min= nan obs_min= 2.730911604212383e-32
params_new= {'a1': 1.3856406460551018, 'a2': 0.3651483716701107, 'a3': 4.601408621620807} logZ_new= nan obs_new= 1.3757620113480066e-36
params_max= {'a1': 1.3856406460551018, 'a2': 0.3651483716701107, 'a3': 4.601408621620833} logZ_max= 3.0547730848550065 obs_max= 1.6953804316622283e-32
dist_min= tensor(14722.4175) dist_max= tensor(144.0483)
params_min,params_max=params_min,params_new
evaluating model at params_new={'a1': 1.3856406460551018, 'a2': 0.3651483716701107, 'a3': 4.601408621620795}
params_min= {'a1': 1.3856406460551018, 'a2': 0.3651483716701107, 'a3': 4.601408621620783} logZ_min= nan obs_min= 2.730911604212383e-32
params_new= {'a1': 1.3856406460551018, 'a2': 0.3651483716701107, 'a3': 4.601408621620795} logZ_new= 3.0545924137166347 obs_new= 1.9150294010648172e-31
params_max= {'a1': 1.3856406460551018, 'a2': 0.3651483716701107, 'a3': 4.601408621620807} logZ_max= nan obs_max= 1.3757620113480066e-36
dist_min= tensor(14722.4026) dist_max= tensor(20.7325)
params_min,params_max=params_min,params_new
evaluating model at params_new={'a1': 1.3856406460551018, 'a2': 0.3651483716701107, 'a3': 4.601408621620789}
params_min= {'a1': 1.3856406460551018, 'a2': 0.3651483716701107, 'a3': 4.601408621620783} logZ_min= nan obs_min= 2.730911604212383e-32
params_new= {'a1': 1.3856406460551018, 'a2': 0.3651483716701107, 'a3': 4.601408621620789} logZ_new= nan obs_new= 9.531672356265816e-34
params_max= {'a1': 1.3856406460551018, 'a2': 0.3651483716701107, 'a3': 4.601408621620795} logZ_max= 3.0545924137166347 obs_max= 1.9150294010648172e-31
dist_min= tensor(14725.2515) dist_max= tensor(279.4400)
params_min,params_max=params_min,params_new
evaluating model at params_new={'a1': 1.3856406460551018, 'a2': 0.3651483716701107, 'a3': 4.601408621620786}
params_min= {'a1': 1.3856406460551018, 'a2': 0.3651483716701107, 'a3': 4.601408621620783} logZ_min= nan obs_min= 2.730911604212383e-32
params_new= {'a1': 1.3856406460551018, 'a2': 0.3651483716701107, 'a3': 4.601408621620786} logZ_new= 3.0547934553802256 obs_new= 2.6483575296439436e-32
params_max= {'a1': 1.3856406460551018, 'a2': 0.3651483716701107, 'a3': 4.601408621620789} logZ_max= nan obs_max= 9.531672356265816e-34
dist_min= tensor(14722.4029) dist_max= tensor(279.6903)
params_min,params_max=params_min,params_new
evaluating model at params_new={'a1': 1.3856406460551018, 'a2': 0.3651483716701107, 'a3': 4.601408621620784}
params_min= {'a1': 1.3856406460551018, 'a2': 0.3651483716701107, 'a3': 4.601408621620783} logZ_min= nan obs_min= 2.730911604212383e-32
params_new= {'a1': 1.3856406460551018, 'a2': 0.3651483716701107, 'a3': 4.601408621620784} logZ_new= 3.054737258809894 obs_new= 2.3228106384543965e-30
params_max= {'a1': 1.3856406460551018, 'a2': 0.3651483716701107, 'a3': 4.601408621620786} logZ_max= 3.0547934553802256 obs_max= 2.6483575296439436e-32
dist_min= tensor(14722.4026) dist_max= tensor(1.4174)
params_min,params_max=params_min,params_new
evaluating model at params_new={'a1': 1.3856406460551018, 'a2': 0.3651483716701107, 'a3': 4.6014086216207835}
params_min= {'a1': 1.3856406460551018, 'a2': 0.3651483716701107, 'a3': 4.601408621620783} logZ_min= nan obs_min= 2.730911604212383e-32
params_new= {'a1': 1.3856406460551018, 'a2': 0.3651483716701107, 'a3': 4.6014086216207835} logZ_new= nan obs_new= 8.800160880797839e-33
params_max= {'a1': 1.3856406460551018, 'a2': 0.3651483716701107, 'a3': 4.601408621620784} logZ_max= 3.054737258809894 obs_max= 2.3228106384543965e-30
dist_min= tensor(14752.3596) dist_max= tensor(1017.4440)
params_min,params_max=params_min,params_new
critical params found:  {'a1': 1.3856406460551018, 'a2': 0.3651483716701107, 'a3': 4.601408621620783}
reference params:  {'a1': 1.1547005383792515, 'a2': 1.8257418583505538, 'a3': 4.47213595499958}
file saved to  data/AKLT3D_X10_scan_grid_critical_a3/a1_1.3856406_a2_0.3651484/Tc.json
