Start running find_critical_temp.py with options:{'filename': 'data/AKLT3D_X10_scan_grid_critical_a3/a1_0.2309401_a2_2.1908902/Tc.json', 'log_filename': 'data/AKLT3D_X10_scan_grid_critical_a3/a1_0.2309401_a2_2.1908902/Tc.log', 'nLayers': 60, 'max_dim': 10, 'model': 'AKLT3D', 'params_min': "{'a1': 0.2309401076758503, 'a2': 2.1908902300206647, 'a3': 1.788854381999832}", 'params_max': "{'a1': 0.2309401076758503, 'a2': 2.1908902300206647, 'a3': 2.683281572999748}", 'params_ref': None, 'observable_name': 'magnetizationZ', 'tol': 0.0, 'gilt_enabled': False, 'gilt_eps': 8e-07, 'gilt_nIter': 1, 'mcf_enabled': True, 'mcf_eps': 1e-16, 'mcf_max_iter': 200, 'hotrg_sanity_check': False, 'version': 1, 'device': 'cuda:1'}
loading library...
evaluating model at params_min={'a1': 0.2309401076758503, 'a2': 2.1908902300206647, 'a3': 1.788854381999832}
params_min= {'a1': 0.2309401076758503, 'a2': 2.1908902300206647, 'a3': 1.788854381999832} logZ_min= 2.6164674705605715 obs_min= 2.921912660760207e-31
evaluating model at params_max={'a1': 0.2309401076758503, 'a2': 2.1908902300206647, 'a3': 2.683281572999748}
params_max= {'a1': 0.2309401076758503, 'a2': 2.1908902300206647, 'a3': 2.683281572999748} logZ_max= 2.678676816285144 obs_max= 2.290029239549711
searching for critical temperature using bisection method
evaluating model at params_new={'a1': 0.2309401076758503, 'a2': 2.1908902300206647, 'a3': 2.23606797749979}
params_min= {'a1': 0.2309401076758503, 'a2': 2.1908902300206647, 'a3': 1.788854381999832} logZ_min= 2.6164674705605715 obs_min= 2.921912660760207e-31
params_new= {'a1': 0.2309401076758503, 'a2': 2.1908902300206647, 'a3': 2.23606797749979} logZ_new= nan obs_new= 0.259191728658363
params_max= {'a1': 0.2309401076758503, 'a2': 2.1908902300206647, 'a3': 2.683281572999748} logZ_max= 2.678676816285144 obs_max= 2.290029239549711
dist_min= tensor(3.6274) dist_max= tensor(4.5842)
params_min,params_max=params_new,params_max
evaluating model at params_new={'a1': 0.2309401076758503, 'a2': 2.1908902300206647, 'a3': 2.459674775249769}
params_min= {'a1': 0.2309401076758503, 'a2': 2.1908902300206647, 'a3': 2.23606797749979} logZ_min= nan obs_min= 0.259191728658363
params_new= {'a1': 0.2309401076758503, 'a2': 2.1908902300206647, 'a3': 2.459674775249769} logZ_new= 2.6533679154492322 obs_new= 1.491281219101605
params_max= {'a1': 0.2309401076758503, 'a2': 2.1908902300206647, 'a3': 2.683281572999748} logZ_max= 2.678676816285144 obs_max= 2.290029239549711
dist_min= tensor(21.0242) dist_max= tensor(19.8620)
params_min,params_max=params_min,params_new
evaluating model at params_new={'a1': 0.2309401076758503, 'a2': 2.1908902300206647, 'a3': 2.3478713763747794}
params_min= {'a1': 0.2309401076758503, 'a2': 2.1908902300206647, 'a3': 2.23606797749979} logZ_min= nan obs_min= 0.259191728658363
params_new= {'a1': 0.2309401076758503, 'a2': 2.1908902300206647, 'a3': 2.3478713763747794} logZ_new= 2.6435352395297413 obs_new= 1.1284033767894166
params_max= {'a1': 0.2309401076758503, 'a2': 2.1908902300206647, 'a3': 2.459674775249769} logZ_max= 2.6533679154492322 obs_max= 1.491281219101605
dist_min= tensor(26.7068) dist_max= tensor(5.8097)
params_min,params_max=params_min,params_new
evaluating model at params_new={'a1': 0.2309401076758503, 'a2': 2.1908902300206647, 'a3': 2.291969676937285}
params_min= {'a1': 0.2309401076758503, 'a2': 2.1908902300206647, 'a3': 2.23606797749979} logZ_min= nan obs_min= 0.259191728658363
params_new= {'a1': 0.2309401076758503, 'a2': 2.1908902300206647, 'a3': 2.291969676937285} logZ_new= 2.6392292326488485 obs_new= 0.9607997564739303
params_max= {'a1': 0.2309401076758503, 'a2': 2.1908902300206647, 'a3': 2.3478713763747794} logZ_max= 2.6435352395297413 obs_max= 1.1284033767894166
dist_min= tensor(2.1664) dist_max= tensor(25.2345)
params_min,params_max=params_new,params_max
evaluating model at params_new={'a1': 0.2309401076758503, 'a2': 2.1908902300206647, 'a3': 2.3199205266560323}
params_min= {'a1': 0.2309401076758503, 'a2': 2.1908902300206647, 'a3': 2.291969676937285} logZ_min= 2.6392292326488485 obs_min= 0.9607997564739303
params_new= {'a1': 0.2309401076758503, 'a2': 2.1908902300206647, 'a3': 2.3199205266560323} logZ_new= nan obs_new= 1.0361394747625376
params_max= {'a1': 0.2309401076758503, 'a2': 2.1908902300206647, 'a3': 2.3478713763747794} logZ_max= 2.6435352395297413 obs_max= 1.1284033767894166
dist_min= tensor(27.1176) dist_max= tensor(2.2706)
params_min,params_max=params_min,params_new
evaluating model at params_new={'a1': 0.2309401076758503, 'a2': 2.1908902300206647, 'a3': 2.3059451017966586}
params_min= {'a1': 0.2309401076758503, 'a2': 2.1908902300206647, 'a3': 2.291969676937285} logZ_min= 2.6392292326488485 obs_min= 0.9607997564739303
params_new= {'a1': 0.2309401076758503, 'a2': 2.1908902300206647, 'a3': 2.3059451017966586} logZ_new= 2.6402678379035405 obs_new= 0.9903508366482981
params_max= {'a1': 0.2309401076758503, 'a2': 2.1908902300206647, 'a3': 2.3199205266560323} logZ_max= nan obs_max= 1.0361394747625376
dist_min= tensor(28.2425) dist_max= tensor(3.0138)
params_min,params_max=params_min,params_new
evaluating model at params_new={'a1': 0.2309401076758503, 'a2': 2.1908902300206647, 'a3': 2.2989573893669717}
params_min= {'a1': 0.2309401076758503, 'a2': 2.1908902300206647, 'a3': 2.291969676937285} logZ_min= 2.6392292326488485 obs_min= 0.9607997564739303
params_new= {'a1': 0.2309401076758503, 'a2': 2.1908902300206647, 'a3': 2.2989573893669717} logZ_new= 2.6397426483993525 obs_new= 0.9675481282830126
params_max= {'a1': 0.2309401076758503, 'a2': 2.1908902300206647, 'a3': 2.3059451017966586} logZ_max= 2.6402678379035405 obs_max= 0.9903508366482981
dist_min= tensor(28.6228) dist_max= tensor(2.9222)
params_min,params_max=params_min,params_new
evaluating model at params_new={'a1': 0.2309401076758503, 'a2': 2.1908902300206647, 'a3': 2.2954635331521285}
params_min= {'a1': 0.2309401076758503, 'a2': 2.1908902300206647, 'a3': 2.291969676937285} logZ_min= 2.6392292326488485 obs_min= 0.9607997564739303
params_new= {'a1': 0.2309401076758503, 'a2': 2.1908902300206647, 'a3': 2.2954635331521285} logZ_new= 2.6394821009734826 obs_new= 0.9561704164553377
params_max= {'a1': 0.2309401076758503, 'a2': 2.1908902300206647, 'a3': 2.2989573893669717} logZ_max= 2.6397426483993525 obs_max= 0.9675481282830126
dist_min= tensor(29.0654) dist_max= tensor(3.1887)
params_min,params_max=params_min,params_new
evaluating model at params_new={'a1': 0.2309401076758503, 'a2': 2.1908902300206647, 'a3': 2.2937166050447066}
params_min= {'a1': 0.2309401076758503, 'a2': 2.1908902300206647, 'a3': 2.291969676937285} logZ_min= 2.6392292326488485 obs_min= 0.9607997564739303
params_new= {'a1': 0.2309401076758503, 'a2': 2.1908902300206647, 'a3': 2.2937166050447066} logZ_new= 2.6393523373323826 obs_new= 0.9504875627925865
params_max= {'a1': 0.2309401076758503, 'a2': 2.1908902300206647, 'a3': 2.2954635331521285} logZ_max= 2.6394821009734826 obs_max= 0.9561704164553377
dist_min= tensor(29.0259) dist_max= tensor(3.2151)
params_min,params_max=params_min,params_new
evaluating model at params_new={'a1': 0.2309401076758503, 'a2': 2.1908902300206647, 'a3': 2.2928431409909957}
params_min= {'a1': 0.2309401076758503, 'a2': 2.1908902300206647, 'a3': 2.291969676937285} logZ_min= 2.6392292326488485 obs_min= 0.9607997564739303
params_new= {'a1': 0.2309401076758503, 'a2': 2.1908902300206647, 'a3': 2.2928431409909957} logZ_new= 2.6392875828668854 obs_new= 0.947647647849608
params_max= {'a1': 0.2309401076758503, 'a2': 2.1908902300206647, 'a3': 2.2937166050447066} logZ_max= 2.6393523373323826 obs_max= 0.9504875627925865
dist_min= tensor(29.2431) dist_max= tensor(2.9503)
params_min,params_max=params_min,params_new
evaluating model at params_new={'a1': 0.2309401076758503, 'a2': 2.1908902300206647, 'a3': 2.2924064089641405}
params_min= {'a1': 0.2309401076758503, 'a2': 2.1908902300206647, 'a3': 2.291969676937285} logZ_min= 2.6392292326488485 obs_min= 0.9607997564739303
params_new= {'a1': 0.2309401076758503, 'a2': 2.1908902300206647, 'a3': 2.2924064089641405} logZ_new= 2.639261086672223 obs_new= 0.962176925708361
params_max= {'a1': 0.2309401076758503, 'a2': 2.1908902300206647, 'a3': 2.2928431409909957} logZ_max= 2.6392875828668854 obs_max= 0.947647647849608
dist_min= tensor(0.3162) dist_max= tensor(29.2505)
params_min,params_max=params_new,params_max
evaluating model at params_new={'a1': 0.2309401076758503, 'a2': 2.1908902300206647, 'a3': 2.2926247749775683}
params_min= {'a1': 0.2309401076758503, 'a2': 2.1908902300206647, 'a3': 2.2924064089641405} logZ_min= 2.639261086672223 obs_min= 0.962176925708361
params_new= {'a1': 0.2309401076758503, 'a2': 2.1908902300206647, 'a3': 2.2926247749775683} logZ_new= 2.639277163145936 obs_new= 0.9628646391736999
params_max= {'a1': 0.2309401076758503, 'a2': 2.1908902300206647, 'a3': 2.2928431409909957} logZ_max= 2.6392875828668854 obs_max= 0.947647647849608
dist_min= tensor(0.2540) dist_max= tensor(29.2435)
params_min,params_max=params_new,params_max
evaluating model at params_new={'a1': 0.2309401076758503, 'a2': 2.1908902300206647, 'a3': 2.2927339579842823}
params_min= {'a1': 0.2309401076758503, 'a2': 2.1908902300206647, 'a3': 2.2926247749775683} logZ_min= 2.639277163145936 obs_min= 0.9628646391736999
params_new= {'a1': 0.2309401076758503, 'a2': 2.1908902300206647, 'a3': 2.2927339579842823} logZ_new= 2.639279494432512 obs_new= 0.9472927295865892
params_max= {'a1': 0.2309401076758503, 'a2': 2.1908902300206647, 'a3': 2.2928431409909957} logZ_max= 2.6392875828668854 obs_max= 0.947647647849608
dist_min= tensor(29.2766) dist_max= tensor(1.0225)
params_min,params_max=params_min,params_new
evaluating model at params_new={'a1': 0.2309401076758503, 'a2': 2.1908902300206647, 'a3': 2.2926793664809253}
params_min= {'a1': 0.2309401076758503, 'a2': 2.1908902300206647, 'a3': 2.2926247749775683} logZ_min= 2.639277163145936 obs_min= 0.9628646391736999
params_new= {'a1': 0.2309401076758503, 'a2': 2.1908902300206647, 'a3': 2.2926793664809253} logZ_new= 2.639275450703376 obs_new= 0.9471152763880875
params_max= {'a1': 0.2309401076758503, 'a2': 2.1908902300206647, 'a3': 2.2927339579842823} logZ_max= 2.639279494432512 obs_max= 0.9472927295865892
dist_min= tensor(29.1124) dist_max= tensor(2.6530)
params_min,params_max=params_min,params_new
evaluating model at params_new={'a1': 0.2309401076758503, 'a2': 2.1908902300206647, 'a3': 2.292652070729247}
params_min= {'a1': 0.2309401076758503, 'a2': 2.1908902300206647, 'a3': 2.2926247749775683} logZ_min= 2.639277163145936 obs_min= 0.9628646391736999
params_new= {'a1': 0.2309401076758503, 'a2': 2.1908902300206647, 'a3': 2.292652070729247} logZ_new= 2.639273429477998 obs_new= 0.9470265512723987
params_max= {'a1': 0.2309401076758503, 'a2': 2.1908902300206647, 'a3': 2.2926793664809253} logZ_max= 2.639275450703376 obs_max= 0.9471152763880875
dist_min= tensor(29.1102) dist_max= tensor(0.5123)
params_min,params_max=params_min,params_new
evaluating model at params_new={'a1': 0.2309401076758503, 'a2': 2.1908902300206647, 'a3': 2.2926384228534076}
params_min= {'a1': 0.2309401076758503, 'a2': 2.1908902300206647, 'a3': 2.2926247749775683} logZ_min= 2.639277163145936 obs_min= 0.9628646391736999
params_new= {'a1': 0.2309401076758503, 'a2': 2.1908902300206647, 'a3': 2.2926384228534076} logZ_new= 2.639272418179438 obs_new= 0.946982189085332
params_max= {'a1': 0.2309401076758503, 'a2': 2.1908902300206647, 'a3': 2.292652070729247} logZ_max= 2.639273429477998 obs_max= 0.9470265512723987
dist_min= tensor(29.5850) dist_max= tensor(5.2201)
params_min,params_max=params_min,params_new
evaluating model at params_new={'a1': 0.2309401076758503, 'a2': 2.1908902300206647, 'a3': 2.292631598915488}
params_min= {'a1': 0.2309401076758503, 'a2': 2.1908902300206647, 'a3': 2.2926247749775683} logZ_min= 2.639277163145936 obs_min= 0.9628646391736999
params_new= {'a1': 0.2309401076758503, 'a2': 2.1908902300206647, 'a3': 2.292631598915488} logZ_new= nan obs_new= 0.9629059048259728
params_max= {'a1': 0.2309401076758503, 'a2': 2.1908902300206647, 'a3': 2.2926384228534076} logZ_max= 2.639272418179438 obs_max= 0.946982189085332
dist_min= tensor(9.6353) dist_max= tensor(30.9689)
params_min,params_max=params_new,params_max
evaluating model at params_new={'a1': 0.2309401076758503, 'a2': 2.1908902300206647, 'a3': 2.2926350108844478}
params_min= {'a1': 0.2309401076758503, 'a2': 2.1908902300206647, 'a3': 2.292631598915488} logZ_min= nan obs_min= 0.9629059048259728
params_new= {'a1': 0.2309401076758503, 'a2': 2.1908902300206647, 'a3': 2.2926350108844478} logZ_new= 2.639271632706431 obs_new= 0.962936905532426
params_max= {'a1': 0.2309401076758503, 'a2': 2.1908902300206647, 'a3': 2.2926384228534076} logZ_max= 2.639272418179438 obs_max= 0.946982189085332
dist_min= tensor(9.6846) dist_max= tensor(29.6006)
params_min,params_max=params_new,params_max
evaluating model at params_new={'a1': 0.2309401076758503, 'a2': 2.1908902300206647, 'a3': 2.2926367168689277}
params_min= {'a1': 0.2309401076758503, 'a2': 2.1908902300206647, 'a3': 2.2926350108844478} logZ_min= 2.639271632706431 obs_min= 0.962936905532426
params_new= {'a1': 0.2309401076758503, 'a2': 2.1908902300206647, 'a3': 2.2926367168689277} logZ_new= nan obs_new= 0.9469766438293427
params_max= {'a1': 0.2309401076758503, 'a2': 2.1908902300206647, 'a3': 2.2926384228534076} logZ_max= 2.639272418179438 obs_max= 0.946982189085332
dist_min= tensor(29.1149) dist_max= tensor(5.1769)
params_min,params_max=params_min,params_new
evaluating model at params_new={'a1': 0.2309401076758503, 'a2': 2.1908902300206647, 'a3': 2.2926358638766877}
params_min= {'a1': 0.2309401076758503, 'a2': 2.1908902300206647, 'a3': 2.2926350108844478} logZ_min= 2.639271632706431 obs_min= 0.962936905532426
params_new= {'a1': 0.2309401076758503, 'a2': 2.1908902300206647, 'a3': 2.2926358638766877} logZ_new= 2.639272228853817 obs_new= 0.9469738712029397
params_max= {'a1': 0.2309401076758503, 'a2': 2.1908902300206647, 'a3': 2.2926367168689277} logZ_max= nan obs_max= 0.9469766438293427
dist_min= tensor(29.3024) dist_max= tensor(3.1369)
params_min,params_max=params_min,params_new
evaluating model at params_new={'a1': 0.2309401076758503, 'a2': 2.1908902300206647, 'a3': 2.292635437380568}
params_min= {'a1': 0.2309401076758503, 'a2': 2.1908902300206647, 'a3': 2.2926350108844478} logZ_min= 2.639271632706431 obs_min= 0.962936905532426
params_new= {'a1': 0.2309401076758503, 'a2': 2.1908902300206647, 'a3': 2.292635437380568} logZ_new= nan obs_new= 0.9630500148265716
params_max= {'a1': 0.2309401076758503, 'a2': 2.1908902300206647, 'a3': 2.2926358638766877} logZ_max= 2.639272228853817 obs_max= 0.9469738712029397
dist_min= tensor(3504.5262) dist_max= tensor(3504.0438)
params_min,params_max=params_min,params_new
evaluating model at params_new={'a1': 0.2309401076758503, 'a2': 2.1908902300206647, 'a3': 2.292635224132508}
params_min= {'a1': 0.2309401076758503, 'a2': 2.1908902300206647, 'a3': 2.2926350108844478} logZ_min= 2.639271632706431 obs_min= 0.962936905532426
params_new= {'a1': 0.2309401076758503, 'a2': 2.1908902300206647, 'a3': 2.292635224132508} logZ_new= nan obs_new= 0.9628928647525437
params_max= {'a1': 0.2309401076758503, 'a2': 2.1908902300206647, 'a3': 2.292635437380568} logZ_max= nan obs_max= 0.9630500148265716
dist_min= tensor(1.4540) dist_max= tensor(3503.7454)
params_min,params_max=params_new,params_max
evaluating model at params_new={'a1': 0.2309401076758503, 'a2': 2.1908902300206647, 'a3': 2.292635330756538}
params_min= {'a1': 0.2309401076758503, 'a2': 2.1908902300206647, 'a3': 2.292635224132508} logZ_min= nan obs_min= 0.9628928647525437
params_new= {'a1': 0.2309401076758503, 'a2': 2.1908902300206647, 'a3': 2.292635330756538} logZ_new= 2.6392773342845803 obs_new= 0.9629019046122205
params_max= {'a1': 0.2309401076758503, 'a2': 2.1908902300206647, 'a3': 2.292635437380568} logZ_max= nan obs_max= 0.9630500148265716
dist_min= tensor(1.4712) dist_max= tensor(3504.5668)
params_min,params_max=params_new,params_max
evaluating model at params_new={'a1': 0.2309401076758503, 'a2': 2.1908902300206647, 'a3': 2.2926353840685527}
params_min= {'a1': 0.2309401076758503, 'a2': 2.1908902300206647, 'a3': 2.292635330756538} logZ_min= 2.6392773342845803 obs_min= 0.9629019046122205
params_new= {'a1': 0.2309401076758503, 'a2': 2.1908902300206647, 'a3': 2.2926353840685527} logZ_new= 2.639278659312842 obs_new= 0.9628932707080464
params_max= {'a1': 0.2309401076758503, 'a2': 2.1908902300206647, 'a3': 2.292635437380568} logZ_max= nan obs_max= 0.9630500148265716
dist_min= tensor(0.5880) dist_max= tensor(3504.5531)
params_min,params_max=params_new,params_max
evaluating model at params_new={'a1': 0.2309401076758503, 'a2': 2.1908902300206647, 'a3': 2.2926354107245603}
params_min= {'a1': 0.2309401076758503, 'a2': 2.1908902300206647, 'a3': 2.2926353840685527} logZ_min= 2.639278659312842 obs_min= 0.9628932707080464
params_new= {'a1': 0.2309401076758503, 'a2': 2.1908902300206647, 'a3': 2.2926354107245603} logZ_new= nan obs_new= 0.9628939431619153
params_max= {'a1': 0.2309401076758503, 'a2': 2.1908902300206647, 'a3': 2.292635437380568} logZ_max= nan obs_max= 0.9630500148265716
dist_min= tensor(32.2037) dist_max= tensor(3472.3562)
params_min,params_max=params_new,params_max
evaluating model at params_new={'a1': 0.2309401076758503, 'a2': 2.1908902300206647, 'a3': 2.2926354240525644}
params_min= {'a1': 0.2309401076758503, 'a2': 2.1908902300206647, 'a3': 2.2926354107245603} logZ_min= nan obs_min= 0.9628939431619153
params_new= {'a1': 0.2309401076758503, 'a2': 2.1908902300206647, 'a3': 2.2926354240525644} logZ_new= 2.63927868926096 obs_new= 0.9628932867771572
params_max= {'a1': 0.2309401076758503, 'a2': 2.1908902300206647, 'a3': 2.292635437380568} logZ_max= nan obs_max= 0.9630500148265716
dist_min= tensor(32.1585) dist_max= tensor(3504.5135)
params_min,params_max=params_new,params_max
evaluating model at params_new={'a1': 0.2309401076758503, 'a2': 2.1908902300206647, 'a3': 2.292635430716566}
params_min= {'a1': 0.2309401076758503, 'a2': 2.1908902300206647, 'a3': 2.2926354240525644} logZ_min= 2.63927868926096 obs_min= 0.9628932867771572
params_new= {'a1': 0.2309401076758503, 'a2': 2.1908902300206647, 'a3': 2.292635430716566} logZ_new= nan obs_new= 0.9629013083144587
params_max= {'a1': 0.2309401076758503, 'a2': 2.1908902300206647, 'a3': 2.292635437380568} logZ_max= nan obs_max= 0.9630500148265716
dist_min= tensor(0.8621) dist_max= tensor(3503.6587)
params_min,params_max=params_new,params_max
evaluating model at params_new={'a1': 0.2309401076758503, 'a2': 2.1908902300206647, 'a3': 2.292635434048567}
params_min= {'a1': 0.2309401076758503, 'a2': 2.1908902300206647, 'a3': 2.292635430716566} logZ_min= nan obs_min= 0.9629013083144587
params_new= {'a1': 0.2309401076758503, 'a2': 2.1908902300206647, 'a3': 2.292635434048567} logZ_new= 2.6392785406213 obs_new= 0.9628942494280466
params_max= {'a1': 0.2309401076758503, 'a2': 2.1908902300206647, 'a3': 2.292635437380568} logZ_max= nan obs_max= 0.9630500148265716
dist_min= tensor(1.2824) dist_max= tensor(3504.5613)
params_min,params_max=params_new,params_max
evaluating model at params_new={'a1': 0.2309401076758503, 'a2': 2.1908902300206647, 'a3': 2.2926354357145673}
params_min= {'a1': 0.2309401076758503, 'a2': 2.1908902300206647, 'a3': 2.292635434048567} logZ_min= 2.6392785406213 obs_min= 0.9628942494280466
params_new= {'a1': 0.2309401076758503, 'a2': 2.1908902300206647, 'a3': 2.2926354357145673} logZ_new= nan obs_new= 0.9630516125650508
params_max= {'a1': 0.2309401076758503, 'a2': 2.1908902300206647, 'a3': 2.292635437380568} logZ_max= nan obs_max= 0.9630500148265716
dist_min= tensor(1.3926) dist_max= tensor(3503.6120)
params_min,params_max=params_new,params_max
evaluating model at params_new={'a1': 0.2309401076758503, 'a2': 2.1908902300206647, 'a3': 2.2926354365475676}
params_min= {'a1': 0.2309401076758503, 'a2': 2.1908902300206647, 'a3': 2.2926354357145673} logZ_min= nan obs_min= 0.9630516125650508
params_new= {'a1': 0.2309401076758503, 'a2': 2.1908902300206647, 'a3': 2.2926354365475676} logZ_new= nan obs_new= 0.9628934576992427
params_max= {'a1': 0.2309401076758503, 'a2': 2.1908902300206647, 'a3': 2.292635437380568} logZ_max= nan obs_max= 0.9630500148265716
dist_min= tensor(0.4171) dist_max= tensor(3503.2491)
params_min,params_max=params_new,params_max
evaluating model at params_new={'a1': 0.2309401076758503, 'a2': 2.1908902300206647, 'a3': 2.292635436964068}
params_min= {'a1': 0.2309401076758503, 'a2': 2.1908902300206647, 'a3': 2.2926354365475676} logZ_min= nan obs_min= 0.9628934576992427
params_new= {'a1': 0.2309401076758503, 'a2': 2.1908902300206647, 'a3': 2.292635436964068} logZ_new= 2.6392773811033705 obs_new= 0.9629019814455984
params_max= {'a1': 0.2309401076758503, 'a2': 2.1908902300206647, 'a3': 2.292635437380568} logZ_max= nan obs_max= 0.9630500148265716
dist_min= tensor(1.5628) dist_max= tensor(3504.5410)
params_min,params_max=params_new,params_max
evaluating model at params_new={'a1': 0.2309401076758503, 'a2': 2.1908902300206647, 'a3': 2.2926354371723177}
params_min= {'a1': 0.2309401076758503, 'a2': 2.1908902300206647, 'a3': 2.292635436964068} logZ_min= 2.6392773811033705 obs_min= 0.9629019814455984
params_new= {'a1': 0.2309401076758503, 'a2': 2.1908902300206647, 'a3': 2.2926354371723177} logZ_new= 2.6392786118539115 obs_new= 0.9628938342262827
params_max= {'a1': 0.2309401076758503, 'a2': 2.1908902300206647, 'a3': 2.292635437380568} logZ_max= nan obs_max= 0.9630500148265716
dist_min= tensor(0.8229) dist_max= tensor(3504.4645)
params_min,params_max=params_new,params_max
evaluating model at params_new={'a1': 0.2309401076758503, 'a2': 2.1908902300206647, 'a3': 2.292635437276443}
params_min= {'a1': 0.2309401076758503, 'a2': 2.1908902300206647, 'a3': 2.2926354371723177} logZ_min= 2.6392786118539115 obs_min= 0.9628938342262827
params_new= {'a1': 0.2309401076758503, 'a2': 2.1908902300206647, 'a3': 2.292635437276443} logZ_new= nan obs_new= 0.962894562070542
params_max= {'a1': 0.2309401076758503, 'a2': 2.1908902300206647, 'a3': 2.292635437380568} logZ_max= nan obs_max= 0.9630500148265716
dist_min= tensor(1.3460) dist_max= tensor(3503.1283)
params_min,params_max=params_new,params_max
evaluating model at params_new={'a1': 0.2309401076758503, 'a2': 2.1908902300206647, 'a3': 2.2926354373285056}
params_min= {'a1': 0.2309401076758503, 'a2': 2.1908902300206647, 'a3': 2.292635437276443} logZ_min= nan obs_min= 0.962894562070542
params_new= {'a1': 0.2309401076758503, 'a2': 2.1908902300206647, 'a3': 2.2926354373285056} logZ_new= 2.6392786632096987 obs_new= 0.9628934899369038
params_max= {'a1': 0.2309401076758503, 'a2': 2.1908902300206647, 'a3': 2.292635437380568} logZ_max= nan obs_max= 0.9630500148265716
dist_min= tensor(2.7486) dist_max= tensor(3504.3113)
params_min,params_max=params_new,params_max
evaluating model at params_new={'a1': 0.2309401076758503, 'a2': 2.1908902300206647, 'a3': 2.292635437354537}
params_min= {'a1': 0.2309401076758503, 'a2': 2.1908902300206647, 'a3': 2.2926354373285056} logZ_min= 2.6392786632096987 obs_min= 0.9628934899369038
params_new= {'a1': 0.2309401076758503, 'a2': 2.1908902300206647, 'a3': 2.292635437354537} logZ_new= nan obs_new= 0.9628955950088254
params_max= {'a1': 0.2309401076758503, 'a2': 2.1908902300206647, 'a3': 2.292635437380568} logZ_max= nan obs_max= 0.9630500148265716
dist_min= tensor(62.5378) dist_max= tensor(3441.8116)
params_min,params_max=params_new,params_max
evaluating model at params_new={'a1': 0.2309401076758503, 'a2': 2.1908902300206647, 'a3': 2.2926354373675526}
params_min= {'a1': 0.2309401076758503, 'a2': 2.1908902300206647, 'a3': 2.292635437354537} logZ_min= nan obs_min= 0.9628955950088254
params_new= {'a1': 0.2309401076758503, 'a2': 2.1908902300206647, 'a3': 2.2926354373675526} logZ_new= 2.639278486271733 obs_new= 0.9628946975440109
params_max= {'a1': 0.2309401076758503, 'a2': 2.1908902300206647, 'a3': 2.292635437380568} logZ_max= nan obs_max= 0.9630500148265716
dist_min= tensor(62.7564) dist_max= tensor(3504.5665)
params_min,params_max=params_new,params_max
evaluating model at params_new={'a1': 0.2309401076758503, 'a2': 2.1908902300206647, 'a3': 2.2926354373740603}
params_min= {'a1': 0.2309401076758503, 'a2': 2.1908902300206647, 'a3': 2.2926354373675526} logZ_min= 2.639278486271733 obs_min= 0.9628946975440109
params_new= {'a1': 0.2309401076758503, 'a2': 2.1908902300206647, 'a3': 2.2926354373740603} logZ_new= 2.639278696366235 obs_new= 0.9628932159619022
params_max= {'a1': 0.2309401076758503, 'a2': 2.1908902300206647, 'a3': 2.292635437380568} logZ_max= nan obs_max= 0.9630500148265716
dist_min= tensor(0.8030) dist_max= tensor(3504.5568)
params_min,params_max=params_new,params_max
evaluating model at params_new={'a1': 0.2309401076758503, 'a2': 2.1908902300206647, 'a3': 2.292635437377314}
params_min= {'a1': 0.2309401076758503, 'a2': 2.1908902300206647, 'a3': 2.2926354373740603} logZ_min= 2.639278696366235 obs_min= 0.9628932159619022
params_new= {'a1': 0.2309401076758503, 'a2': 2.1908902300206647, 'a3': 2.292635437377314} logZ_new= 2.639278518126589 obs_new= 0.9628944638047636
params_max= {'a1': 0.2309401076758503, 'a2': 2.1908902300206647, 'a3': 2.292635437380568} logZ_max= nan obs_max= 0.9630500148265716
dist_min= tensor(0.8016) dist_max= tensor(3504.5605)
params_min,params_max=params_new,params_max
evaluating model at params_new={'a1': 0.2309401076758503, 'a2': 2.1908902300206647, 'a3': 2.292635437378941}
params_min= {'a1': 0.2309401076758503, 'a2': 2.1908902300206647, 'a3': 2.292635437377314} logZ_min= 2.639278518126589 obs_min= 0.9628944638047636
params_new= {'a1': 0.2309401076758503, 'a2': 2.1908902300206647, 'a3': 2.292635437378941} logZ_new= nan obs_new= 0.9629317810502805
params_max= {'a1': 0.2309401076758503, 'a2': 2.1908902300206647, 'a3': 2.292635437380568} logZ_max= nan obs_max= 0.9630500148265716
dist_min= tensor(2.6054) dist_max= tensor(3502.1030)
params_min,params_max=params_new,params_max
evaluating model at params_new={'a1': 0.2309401076758503, 'a2': 2.1908902300206647, 'a3': 2.2926354373797544}
params_min= {'a1': 0.2309401076758503, 'a2': 2.1908902300206647, 'a3': 2.292635437378941} logZ_min= nan obs_min= 0.9629317810502805
params_new= {'a1': 0.2309401076758503, 'a2': 2.1908902300206647, 'a3': 2.2926354373797544} logZ_new= nan obs_new= 0.9630760651864154
params_max= {'a1': 0.2309401076758503, 'a2': 2.1908902300206647, 'a3': 2.292635437380568} logZ_max= nan obs_max= 0.9630500148265716
dist_min= tensor(1.5026) dist_max= tensor(3503.5950)
params_min,params_max=params_new,params_max
evaluating model at params_new={'a1': 0.2309401076758503, 'a2': 2.1908902300206647, 'a3': 2.292635437380161}
params_min= {'a1': 0.2309401076758503, 'a2': 2.1908902300206647, 'a3': 2.2926354373797544} logZ_min= nan obs_min= 0.9630760651864154
params_new= {'a1': 0.2309401076758503, 'a2': 2.1908902300206647, 'a3': 2.292635437380161} logZ_new= nan obs_new= 0.9628980461717714
params_max= {'a1': 0.2309401076758503, 'a2': 2.1908902300206647, 'a3': 2.292635437380568} logZ_max= nan obs_max= 0.9630500148265716
dist_min= tensor(0.8181) dist_max= tensor(3503.3445)
params_min,params_max=params_new,params_max
evaluating model at params_new={'a1': 0.2309401076758503, 'a2': 2.1908902300206647, 'a3': 2.2926354373803646}
params_min= {'a1': 0.2309401076758503, 'a2': 2.1908902300206647, 'a3': 2.292635437380161} logZ_min= nan obs_min= 0.9628980461717714
params_new= {'a1': 0.2309401076758503, 'a2': 2.1908902300206647, 'a3': 2.2926354373803646} logZ_new= nan obs_new= 0.9629052693519742
params_max= {'a1': 0.2309401076758503, 'a2': 2.1908902300206647, 'a3': 2.292635437380568} logZ_max= nan obs_max= 0.9630500148265716
dist_min= tensor(0.8537) dist_max= tensor(3504.1841)
params_min,params_max=params_new,params_max
evaluating model at params_new={'a1': 0.2309401076758503, 'a2': 2.1908902300206647, 'a3': 2.2926354373804663}
params_min= {'a1': 0.2309401076758503, 'a2': 2.1908902300206647, 'a3': 2.2926354373803646} logZ_min= nan obs_min= 0.9629052693519742
params_new= {'a1': 0.2309401076758503, 'a2': 2.1908902300206647, 'a3': 2.2926354373804663} logZ_new= 2.639278600827318 obs_new= 0.9628938575947852
params_max= {'a1': 0.2309401076758503, 'a2': 2.1908902300206647, 'a3': 2.292635437380568} logZ_max= nan obs_max= 0.9630500148265716
dist_min= tensor(1.0245) dist_max= tensor(3504.5672)
params_min,params_max=params_new,params_max
evaluating model at params_new={'a1': 0.2309401076758503, 'a2': 2.1908902300206647, 'a3': 2.2926354373805173}
params_min= {'a1': 0.2309401076758503, 'a2': 2.1908902300206647, 'a3': 2.2926354373804663} logZ_min= 2.639278600827318 obs_min= 0.9628938575947852
params_new= {'a1': 0.2309401076758503, 'a2': 2.1908902300206647, 'a3': 2.2926354373805173} logZ_new= 2.639255234516482 obs_new= 0.9630232486460052
params_max= {'a1': 0.2309401076758503, 'a2': 2.1908902300206647, 'a3': 2.292635437380568} logZ_max= nan obs_max= 0.9630500148265716
dist_min= tensor(0.9298) dist_max= tensor(3504.5105)
params_min,params_max=params_new,params_max
evaluating model at params_new={'a1': 0.2309401076758503, 'a2': 2.1908902300206647, 'a3': 2.2926354373805427}
params_min= {'a1': 0.2309401076758503, 'a2': 2.1908902300206647, 'a3': 2.2926354373805173} logZ_min= 2.639255234516482 obs_min= 0.9630232486460052
params_new= {'a1': 0.2309401076758503, 'a2': 2.1908902300206647, 'a3': 2.2926354373805427} logZ_new= 2.639277265268785 obs_new= 0.9629027480448581
params_max= {'a1': 0.2309401076758503, 'a2': 2.1908902300206647, 'a3': 2.292635437380568} logZ_max= nan obs_max= 0.9630500148265716
dist_min= tensor(3.3278) dist_max= tensor(3504.3730)
params_min,params_max=params_new,params_max
evaluating model at params_new={'a1': 0.2309401076758503, 'a2': 2.1908902300206647, 'a3': 2.2926354373805555}
params_min= {'a1': 0.2309401076758503, 'a2': 2.1908902300206647, 'a3': 2.2926354373805427} logZ_min= 2.639277265268785 obs_min= 0.9629027480448581
params_new= {'a1': 0.2309401076758503, 'a2': 2.1908902300206647, 'a3': 2.2926354373805555} logZ_new= nan obs_new= 0.9628958332162783
params_max= {'a1': 0.2309401076758503, 'a2': 2.1908902300206647, 'a3': 2.292635437380568} logZ_max= nan obs_max= 0.9630500148265716
dist_min= tensor(3.2730) dist_max= tensor(3503.9994)
params_min,params_max=params_new,params_max
evaluating model at params_new={'a1': 0.2309401076758503, 'a2': 2.1908902300206647, 'a3': 2.2926354373805617}
params_min= {'a1': 0.2309401076758503, 'a2': 2.1908902300206647, 'a3': 2.2926354373805555} logZ_min= nan obs_min= 0.9628958332162783
params_new= {'a1': 0.2309401076758503, 'a2': 2.1908902300206647, 'a3': 2.2926354373805617} logZ_new= 2.6392740826072045 obs_new= 0.9629232937285452
params_max= {'a1': 0.2309401076758503, 'a2': 2.1908902300206647, 'a3': 2.292635437380568} logZ_max= nan obs_max= 0.9630500148265716
dist_min= tensor(566.9830) dist_max= tensor(3550.0900)
params_min,params_max=params_new,params_max
evaluating model at params_new={'a1': 0.2309401076758503, 'a2': 2.1908902300206647, 'a3': 2.292635437380565}
params_min= {'a1': 0.2309401076758503, 'a2': 2.1908902300206647, 'a3': 2.2926354373805617} logZ_min= 2.6392740826072045 obs_min= 0.9629232937285452
params_new= {'a1': 0.2309401076758503, 'a2': 2.1908902300206647, 'a3': 2.292635437380565} logZ_new= 2.639278011437708 obs_new= 0.9628978708971044
params_max= {'a1': 0.2309401076758503, 'a2': 2.1908902300206647, 'a3': 2.292635437380568} logZ_max= nan obs_max= 0.9630500148265716
dist_min= tensor(567.0592) dist_max= tensor(3504.5394)
params_min,params_max=params_new,params_max
evaluating model at params_new={'a1': 0.2309401076758503, 'a2': 2.1908902300206647, 'a3': 2.292635437380566}
params_min= {'a1': 0.2309401076758503, 'a2': 2.1908902300206647, 'a3': 2.292635437380565} logZ_min= 2.639278011437708 obs_min= 0.9628978708971044
params_new= {'a1': 0.2309401076758503, 'a2': 2.1908902300206647, 'a3': 2.292635437380566} logZ_new= nan obs_new= 0.9628939843908981
params_max= {'a1': 0.2309401076758503, 'a2': 2.1908902300206647, 'a3': 2.292635437380568} logZ_max= nan obs_max= 0.9630500148265716
dist_min= tensor(609.2776) dist_max= tensor(2895.2618)
params_min,params_max=params_new,params_max
evaluating model at params_new={'a1': 0.2309401076758503, 'a2': 2.1908902300206647, 'a3': 2.292635437380567}
params_min= {'a1': 0.2309401076758503, 'a2': 2.1908902300206647, 'a3': 2.292635437380566} logZ_min= nan obs_min= 0.9628939843908981
params_new= {'a1': 0.2309401076758503, 'a2': 2.1908902300206647, 'a3': 2.292635437380567} logZ_new= 2.6392786918801865 obs_new= 0.9628932460928931
params_max= {'a1': 0.2309401076758503, 'a2': 2.1908902300206647, 'a3': 2.292635437380568} logZ_max= nan obs_max= 0.9630500148265716
dist_min= tensor(609.2667) dist_max= tensor(3504.5279)
params_min,params_max=params_new,params_max
evaluating model at params_new={'a1': 0.2309401076758503, 'a2': 2.1908902300206647, 'a3': 2.2926354373805675}
params_min= {'a1': 0.2309401076758503, 'a2': 2.1908902300206647, 'a3': 2.292635437380567} logZ_min= 2.6392786918801865 obs_min= 0.9628932460928931
params_new= {'a1': 0.2309401076758503, 'a2': 2.1908902300206647, 'a3': 2.2926354373805675} logZ_new= 2.6392786905213517 obs_new= 0.9628933066392166
params_max= {'a1': 0.2309401076758503, 'a2': 2.1908902300206647, 'a3': 2.292635437380568} logZ_max= nan obs_max= 0.9630500148265716
dist_min= tensor(0.8919) dist_max= tensor(3504.5626)
params_min,params_max=params_new,params_max
critical params found:  {'a1': 0.2309401076758503, 'a2': 2.1908902300206647, 'a3': 2.292635437380568}
reference params:  {'a1': 1.1547005383792515, 'a2': 1.8257418583505538, 'a3': 4.47213595499958}
file saved to  data/AKLT3D_X10_scan_grid_critical_a3/a1_0.2309401_a2_2.1908902/Tc.json
