Start running find_critical_temp.py with options:{'filename': 'data/AKLT3D_X10_scan_grid_critical_a3/a1_1.8475209_a2_0.7302967/Tc.json', 'log_filename': 'data/AKLT3D_X10_scan_grid_critical_a3/a1_1.8475209_a2_0.7302967/Tc.log', 'nLayers': 60, 'max_dim': 10, 'model': 'AKLT3D', 'params_min': "{'a1': 1.8475208614068024, 'a2': 0.7302967433402215, 'a3': 5.366563145999496}", 'params_max': "{'a1': 1.8475208614068024, 'a2': 0.7302967433402215, 'a3': 6.260990336999412}", 'params_ref': None, 'observable_name': 'magnetizationZ', 'tol': 0.0, 'gilt_enabled': False, 'gilt_eps': 8e-07, 'gilt_nIter': 1, 'mcf_enabled': True, 'mcf_eps': 1e-16, 'mcf_max_iter': 200, 'hotrg_sanity_check': False, 'version': 1, 'device': 'cuda:1'}
loading library...
evaluating model at params_min={'a1': 1.8475208614068024, 'a2': 0.7302967433402215, 'a3': 5.366563145999496}
params_min= {'a1': 1.8475208614068024, 'a2': 0.7302967433402215, 'a3': 5.366563145999496} logZ_min= 3.4642959600361274 obs_min= 5.542913349840093e-35
evaluating model at params_max={'a1': 1.8475208614068024, 'a2': 0.7302967433402215, 'a3': 6.260990336999412}
params_max= {'a1': 1.8475208614068024, 'a2': 0.7302967433402215, 'a3': 6.260990336999412} logZ_max= 3.666676628638106 obs_max= 8.975379866566739
searching for critical temperature using bisection method
evaluating model at params_new={'a1': 1.8475208614068024, 'a2': 0.7302967433402215, 'a3': 5.813776741499455}
params_min= {'a1': 1.8475208614068024, 'a2': 0.7302967433402215, 'a3': 5.366563145999496} logZ_min= 3.4642959600361274 obs_min= 5.542913349840093e-35
params_new= {'a1': 1.8475208614068024, 'a2': 0.7302967433402215, 'a3': 5.813776741499455} logZ_new= 3.5114476804791273 obs_new= 8.878874698504768
params_max= {'a1': 1.8475208614068024, 'a2': 0.7302967433402215, 'a3': 6.260990336999412} logZ_max= 3.666676628638106 obs_max= 8.975379866566739
dist_min= tensor(3498.8570) dist_max= tensor(6.9076)
params_min,params_max=params_min,params_new
evaluating model at params_new={'a1': 1.8475208614068024, 'a2': 0.7302967433402215, 'a3': 5.590169943749475}
params_min= {'a1': 1.8475208614068024, 'a2': 0.7302967433402215, 'a3': 5.366563145999496} logZ_min= 3.4642959600361274 obs_min= 5.542913349840093e-35
params_new= {'a1': 1.8475208614068024, 'a2': 0.7302967433402215, 'a3': 5.590169943749475} logZ_new= nan obs_new= 2.545763513493059e-33
params_max= {'a1': 1.8475208614068024, 'a2': 0.7302967433402215, 'a3': 5.813776741499455} logZ_max= 3.5114476804791273 obs_max= 8.878874698504768
dist_min= tensor(3495.5215) dist_max= tensor(132.4819)
params_min,params_max=params_min,params_new
evaluating model at params_new={'a1': 1.8475208614068024, 'a2': 0.7302967433402215, 'a3': 5.478366544874486}
params_min= {'a1': 1.8475208614068024, 'a2': 0.7302967433402215, 'a3': 5.366563145999496} logZ_min= 3.4642959600361274 obs_min= 5.542913349840093e-35
params_new= {'a1': 1.8475208614068024, 'a2': 0.7302967433402215, 'a3': 5.478366544874486} logZ_new= nan obs_new= 3.584383741644008e-32
params_max= {'a1': 1.8475208614068024, 'a2': 0.7302967433402215, 'a3': 5.590169943749475} logZ_max= nan obs_max= 2.545763513493059e-33
dist_min= tensor(3495.2658) dist_max= tensor(28.2368)
params_min,params_max=params_min,params_new
evaluating model at params_new={'a1': 1.8475208614068024, 'a2': 0.7302967433402215, 'a3': 5.422464845436991}
params_min= {'a1': 1.8475208614068024, 'a2': 0.7302967433402215, 'a3': 5.366563145999496} logZ_min= 3.4642959600361274 obs_min= 5.542913349840093e-35
params_new= {'a1': 1.8475208614068024, 'a2': 0.7302967433402215, 'a3': 5.422464845436991} logZ_new= 3.4654758479294516 obs_new= 1.2295599997580524e-31
params_max= {'a1': 1.8475208614068024, 'a2': 0.7302967433402215, 'a3': 5.478366544874486} logZ_max= nan obs_max= 3.584383741644008e-32
dist_min= tensor(3494.6585) dist_max= tensor(10.1464)
params_min,params_max=params_min,params_new
evaluating model at params_new={'a1': 1.8475208614068024, 'a2': 0.7302967433402215, 'a3': 5.394513995718244}
params_min= {'a1': 1.8475208614068024, 'a2': 0.7302967433402215, 'a3': 5.366563145999496} logZ_min= 3.4642959600361274 obs_min= 5.542913349840093e-35
params_new= {'a1': 1.8475208614068024, 'a2': 0.7302967433402215, 'a3': 5.394513995718244} logZ_new= 3.4648986972113454 obs_new= 4.738442518243979e-32
params_max= {'a1': 1.8475208614068024, 'a2': 0.7302967433402215, 'a3': 5.422464845436991} logZ_max= 3.4654758479294516 obs_max= 1.2295599997580524e-31
dist_min= tensor(3494.6462) dist_max= tensor(5.2260)
params_min,params_max=params_min,params_new
evaluating model at params_new={'a1': 1.8475208614068024, 'a2': 0.7302967433402215, 'a3': 5.38053857085887}
params_min= {'a1': 1.8475208614068024, 'a2': 0.7302967433402215, 'a3': 5.366563145999496} logZ_min= 3.4642959600361274 obs_min= 5.542913349840093e-35
params_new= {'a1': 1.8475208614068024, 'a2': 0.7302967433402215, 'a3': 5.38053857085887} logZ_new= nan obs_new= 1.5805168755683458e-34
params_max= {'a1': 1.8475208614068024, 'a2': 0.7302967433402215, 'a3': 5.394513995718244} logZ_max= 3.4648986972113454 obs_max= 4.738442518243979e-32
dist_min= tensor(3495.2741) dist_max= tensor(3.0207)
params_min,params_max=params_min,params_new
evaluating model at params_new={'a1': 1.8475208614068024, 'a2': 0.7302967433402215, 'a3': 5.373550858429184}
params_min= {'a1': 1.8475208614068024, 'a2': 0.7302967433402215, 'a3': 5.366563145999496} logZ_min= 3.4642959600361274 obs_min= 5.542913349840093e-35
params_new= {'a1': 1.8475208614068024, 'a2': 0.7302967433402215, 'a3': 5.373550858429184} logZ_new= 3.4643975245080054 obs_new= 1.854053327842379e-35
params_max= {'a1': 1.8475208614068024, 'a2': 0.7302967433402215, 'a3': 5.38053857085887} logZ_max= nan obs_max= 1.5805168755683458e-34
dist_min= tensor(3495.2844) dist_max= tensor(1.4611)
params_min,params_max=params_min,params_new
evaluating model at params_new={'a1': 1.8475208614068024, 'a2': 0.7302967433402215, 'a3': 5.37005700221434}
params_min= {'a1': 1.8475208614068024, 'a2': 0.7302967433402215, 'a3': 5.366563145999496} logZ_min= 3.4642959600361274 obs_min= 5.542913349840093e-35
params_new= {'a1': 1.8475208614068024, 'a2': 0.7302967433402215, 'a3': 5.37005700221434} logZ_new= 3.464370734012214 obs_new= 1.3783458494665265e-33
params_max= {'a1': 1.8475208614068024, 'a2': 0.7302967433402215, 'a3': 5.373550858429184} logZ_max= 3.4643975245080054 obs_max= 1.854053327842379e-35
dist_min= tensor(3494.6430) dist_max= tensor(3.8646)
params_min,params_max=params_min,params_new
evaluating model at params_new={'a1': 1.8475208614068024, 'a2': 0.7302967433402215, 'a3': 5.368310074106918}
params_min= {'a1': 1.8475208614068024, 'a2': 0.7302967433402215, 'a3': 5.366563145999496} logZ_min= 3.4642959600361274 obs_min= 5.542913349840093e-35
params_new= {'a1': 1.8475208614068024, 'a2': 0.7302967433402215, 'a3': 5.368310074106918} logZ_new= 3.4642598744851822 obs_new= 1.774815071881173e-33
params_max= {'a1': 1.8475208614068024, 'a2': 0.7302967433402215, 'a3': 5.37005700221434} logZ_max= 3.464370734012214 obs_max= 1.3783458494665265e-33
dist_min= tensor(3495.2855) dist_max= tensor(3.8225)
params_min,params_max=params_min,params_new
evaluating model at params_new={'a1': 1.8475208614068024, 'a2': 0.7302967433402215, 'a3': 5.367436610053208}
params_min= {'a1': 1.8475208614068024, 'a2': 0.7302967433402215, 'a3': 5.366563145999496} logZ_min= 3.4642959600361274 obs_min= 5.542913349840093e-35
params_new= {'a1': 1.8475208614068024, 'a2': 0.7302967433402215, 'a3': 5.367436610053208} logZ_new= nan obs_new= 1.6698569990080788e-31
params_max= {'a1': 1.8475208614068024, 'a2': 0.7302967433402215, 'a3': 5.368310074106918} logZ_max= 3.4642598744851822 obs_max= 1.774815071881173e-33
dist_min= tensor(3492.4899) dist_max= tensor(8.4077)
params_min,params_max=params_min,params_new
evaluating model at params_new={'a1': 1.8475208614068024, 'a2': 0.7302967433402215, 'a3': 5.366999878026352}
params_min= {'a1': 1.8475208614068024, 'a2': 0.7302967433402215, 'a3': 5.366563145999496} logZ_min= 3.4642959600361274 obs_min= 5.542913349840093e-35
params_new= {'a1': 1.8475208614068024, 'a2': 0.7302967433402215, 'a3': 5.366999878026352} logZ_new= 3.4643053172717 obs_new= 6.903287948077371e-35
params_max= {'a1': 1.8475208614068024, 'a2': 0.7302967433402215, 'a3': 5.367436610053208} logZ_max= nan obs_max= 1.6698569990080788e-31
dist_min= tensor(3495.2875) dist_max= tensor(8.4389)
params_min,params_max=params_min,params_new
evaluating model at params_new={'a1': 1.8475208614068024, 'a2': 0.7302967433402215, 'a3': 5.366781512012924}
params_min= {'a1': 1.8475208614068024, 'a2': 0.7302967433402215, 'a3': 5.366563145999496} logZ_min= 3.4642959600361274 obs_min= 5.542913349840093e-35
params_new= {'a1': 1.8475208614068024, 'a2': 0.7302967433402215, 'a3': 5.366781512012924} logZ_new= 3.464298045959992 obs_new= 1.2587913964865054e-33
params_max= {'a1': 1.8475208614068024, 'a2': 0.7302967433402215, 'a3': 5.366999878026352} logZ_max= 3.4643053172717 obs_max= 6.903287948077371e-35
dist_min= tensor(3494.6418) dist_max= tensor(1.5014)
params_min,params_max=params_min,params_new
evaluating model at params_new={'a1': 1.8475208614068024, 'a2': 0.7302967433402215, 'a3': 5.36667232900621}
params_min= {'a1': 1.8475208614068024, 'a2': 0.7302967433402215, 'a3': 5.366563145999496} logZ_min= 3.4642959600361274 obs_min= 5.542913349840093e-35
params_new= {'a1': 1.8475208614068024, 'a2': 0.7302967433402215, 'a3': 5.36667232900621} logZ_new= 3.4642980419832434 obs_new= 2.315335752687385e-31
params_max= {'a1': 1.8475208614068024, 'a2': 0.7302967433402215, 'a3': 5.366781512012924} logZ_max= 3.464298045959992 obs_max= 1.2587913964865054e-33
dist_min= tensor(3494.6994) dist_max= tensor(0.9424)
params_min,params_max=params_min,params_new
evaluating model at params_new={'a1': 1.8475208614068024, 'a2': 0.7302967433402215, 'a3': 5.366617737502853}
params_min= {'a1': 1.8475208614068024, 'a2': 0.7302967433402215, 'a3': 5.366563145999496} logZ_min= 3.4642959600361274 obs_min= 5.542913349840093e-35
params_new= {'a1': 1.8475208614068024, 'a2': 0.7302967433402215, 'a3': 5.366617737502853} logZ_new= 3.4642975927053223 obs_new= 1.3800938563524017e-34
params_max= {'a1': 1.8475208614068024, 'a2': 0.7302967433402215, 'a3': 5.36667232900621} logZ_max= 3.4642980419832434 obs_max= 2.315335752687385e-31
dist_min= tensor(3495.2840) dist_max= tensor(1.0667)
params_min,params_max=params_min,params_new
evaluating model at params_new={'a1': 1.8475208614068024, 'a2': 0.7302967433402215, 'a3': 5.366590441751175}
params_min= {'a1': 1.8475208614068024, 'a2': 0.7302967433402215, 'a3': 5.366563145999496} logZ_min= 3.4642959600361274 obs_min= 5.542913349840093e-35
params_new= {'a1': 1.8475208614068024, 'a2': 0.7302967433402215, 'a3': 5.366590441751175} logZ_new= 3.4642936286471855 obs_new= 4.0742356728305105e-33
params_max= {'a1': 1.8475208614068024, 'a2': 0.7302967433402215, 'a3': 5.366617737502853} logZ_max= 3.4642975927053223 obs_max= 1.3800938563524017e-34
dist_min= tensor(3495.4248) dist_max= tensor(58.0393)
params_min,params_max=params_min,params_new
evaluating model at params_new={'a1': 1.8475208614068024, 'a2': 0.7302967433402215, 'a3': 5.3665767938753355}
params_min= {'a1': 1.8475208614068024, 'a2': 0.7302967433402215, 'a3': 5.366563145999496} logZ_min= 3.4642959600361274 obs_min= 5.542913349840093e-35
params_new= {'a1': 1.8475208614068024, 'a2': 0.7302967433402215, 'a3': 5.3665767938753355} logZ_new= 3.46421652282609 obs_new= 1.5443500315454455e-31
params_max= {'a1': 1.8475208614068024, 'a2': 0.7302967433402215, 'a3': 5.366590441751175} logZ_max= 3.4642936286471855 obs_max= 4.0742356728305105e-33
dist_min= tensor(3494.6587) dist_max= tensor(57.4034)
params_min,params_max=params_min,params_new
evaluating model at params_new={'a1': 1.8475208614068024, 'a2': 0.7302967433402215, 'a3': 5.366569969937416}
params_min= {'a1': 1.8475208614068024, 'a2': 0.7302967433402215, 'a3': 5.366563145999496} logZ_min= 3.4642959600361274 obs_min= 5.542913349840093e-35
params_new= {'a1': 1.8475208614068024, 'a2': 0.7302967433402215, 'a3': 5.366569969937416} logZ_new= 3.464223578300532 obs_new= 1.4592986565820872e-33
params_max= {'a1': 1.8475208614068024, 'a2': 0.7302967433402215, 'a3': 5.3665767938753355} logZ_max= 3.46421652282609 obs_max= 1.5443500315454455e-31
dist_min= tensor(3494.7603) dist_max= tensor(6.4779)
params_min,params_max=params_min,params_new
evaluating model at params_new={'a1': 1.8475208614068024, 'a2': 0.7302967433402215, 'a3': 5.366566557968456}
params_min= {'a1': 1.8475208614068024, 'a2': 0.7302967433402215, 'a3': 5.366563145999496} logZ_min= 3.4642959600361274 obs_min= 5.542913349840093e-35
params_new= {'a1': 1.8475208614068024, 'a2': 0.7302967433402215, 'a3': 5.366566557968456} logZ_new= 3.464295772551732 obs_new= 1.9615198302446974e-32
params_max= {'a1': 1.8475208614068024, 'a2': 0.7302967433402215, 'a3': 5.366569969937416} logZ_max= 3.464223578300532 obs_max= 1.4592986565820872e-33
dist_min= tensor(3495.3622) dist_max= tensor(24.6087)
params_min,params_max=params_min,params_new
evaluating model at params_new={'a1': 1.8475208614068024, 'a2': 0.7302967433402215, 'a3': 5.366564851983976}
params_min= {'a1': 1.8475208614068024, 'a2': 0.7302967433402215, 'a3': 5.366563145999496} logZ_min= 3.4642959600361274 obs_min= 5.542913349840093e-35
params_new= {'a1': 1.8475208614068024, 'a2': 0.7302967433402215, 'a3': 5.366564851983976} logZ_new= 3.4642896343104486 obs_new= 1.0900799690149905e-31
params_max= {'a1': 1.8475208614068024, 'a2': 0.7302967433402215, 'a3': 5.366566557968456} logZ_max= 3.464295772551732 obs_max= 1.9615198302446974e-32
dist_min= tensor(3494.6420) dist_max= tensor(22.9950)
params_min,params_max=params_min,params_new
evaluating model at params_new={'a1': 1.8475208614068024, 'a2': 0.7302967433402215, 'a3': 5.366563998991737}
params_min= {'a1': 1.8475208614068024, 'a2': 0.7302967433402215, 'a3': 5.366563145999496} logZ_min= 3.4642959600361274 obs_min= 5.542913349840093e-35
params_new= {'a1': 1.8475208614068024, 'a2': 0.7302967433402215, 'a3': 5.366563998991737} logZ_new= 3.464214412502531 obs_new= 9.203661216024195e-33
params_max= {'a1': 1.8475208614068024, 'a2': 0.7302967433402215, 'a3': 5.366564851983976} logZ_max= 3.4642896343104486 obs_max= 1.0900799690149905e-31
dist_min= tensor(3494.6420) dist_max= tensor(0.6713)
params_min,params_max=params_min,params_new
evaluating model at params_new={'a1': 1.8475208614068024, 'a2': 0.7302967433402215, 'a3': 5.366563572495616}
params_min= {'a1': 1.8475208614068024, 'a2': 0.7302967433402215, 'a3': 5.366563145999496} logZ_min= 3.4642959600361274 obs_min= 5.542913349840093e-35
params_new= {'a1': 1.8475208614068024, 'a2': 0.7302967433402215, 'a3': 5.366563572495616} logZ_new= 3.464261669648135 obs_new= 8.398744256382153e-32
params_max= {'a1': 1.8475208614068024, 'a2': 0.7302967433402215, 'a3': 5.366563998991737} logZ_max= 3.464214412502531 obs_max= 9.203661216024195e-33
dist_min= tensor(3494.6567) dist_max= tensor(3.0500)
params_min,params_max=params_min,params_new
evaluating model at params_new={'a1': 1.8475208614068024, 'a2': 0.7302967433402215, 'a3': 5.366563359247556}
params_min= {'a1': 1.8475208614068024, 'a2': 0.7302967433402215, 'a3': 5.366563145999496} logZ_min= 3.4642959600361274 obs_min= 5.542913349840093e-35
params_new= {'a1': 1.8475208614068024, 'a2': 0.7302967433402215, 'a3': 5.366563359247556} logZ_new= 3.4642955975717933 obs_new= 2.768931214204522e-32
params_max= {'a1': 1.8475208614068024, 'a2': 0.7302967433402215, 'a3': 5.366563572495616} logZ_max= 3.464261669648135 obs_max= 8.398744256382153e-32
dist_min= tensor(3494.6420) dist_max= tensor(3.0150)
params_min,params_max=params_min,params_new
evaluating model at params_new={'a1': 1.8475208614068024, 'a2': 0.7302967433402215, 'a3': 5.366563252623527}
params_min= {'a1': 1.8475208614068024, 'a2': 0.7302967433402215, 'a3': 5.366563145999496} logZ_min= 3.4642959600361274 obs_min= 5.542913349840093e-35
params_new= {'a1': 1.8475208614068024, 'a2': 0.7302967433402215, 'a3': 5.366563252623527} logZ_new= 3.4642959943265144 obs_new= 5.143804521603523e-32
params_max= {'a1': 1.8475208614068024, 'a2': 0.7302967433402215, 'a3': 5.366563359247556} logZ_max= 3.4642955975717933 obs_max= 2.768931214204522e-32
dist_min= tensor(3494.7642) dist_max= tensor(7.1496)
params_min,params_max=params_min,params_new
evaluating model at params_new={'a1': 1.8475208614068024, 'a2': 0.7302967433402215, 'a3': 5.3665631993115115}
params_min= {'a1': 1.8475208614068024, 'a2': 0.7302967433402215, 'a3': 5.366563145999496} logZ_min= 3.4642959600361274 obs_min= 5.542913349840093e-35
params_new= {'a1': 1.8475208614068024, 'a2': 0.7302967433402215, 'a3': 5.3665631993115115} logZ_new= 3.464272887612168 obs_new= 5.4041869916513414e-33
params_max= {'a1': 1.8475208614068024, 'a2': 0.7302967433402215, 'a3': 5.366563252623527} logZ_max= 3.4642959943265144 obs_max= 5.143804521603523e-32
dist_min= tensor(3494.8491) dist_max= tensor(8.3844)
params_min,params_max=params_min,params_new
evaluating model at params_new={'a1': 1.8475208614068024, 'a2': 0.7302967433402215, 'a3': 5.366563172655503}
params_min= {'a1': 1.8475208614068024, 'a2': 0.7302967433402215, 'a3': 5.366563145999496} logZ_min= 3.4642959600361274 obs_min= 5.542913349840093e-35
params_new= {'a1': 1.8475208614068024, 'a2': 0.7302967433402215, 'a3': 5.366563172655503} logZ_new= nan obs_new= 1.0346771667333058e-33
params_max= {'a1': 1.8475208614068024, 'a2': 0.7302967433402215, 'a3': 5.3665631993115115} logZ_max= 3.464272887612168 obs_max= 5.4041869916513414e-33
dist_min= tensor(3495.4102) dist_max= tensor(15.9520)
params_min,params_max=params_min,params_new
evaluating model at params_new={'a1': 1.8475208614068024, 'a2': 0.7302967433402215, 'a3': 5.3665631593275}
params_min= {'a1': 1.8475208614068024, 'a2': 0.7302967433402215, 'a3': 5.366563145999496} logZ_min= 3.4642959600361274 obs_min= 5.542913349840093e-35
params_new= {'a1': 1.8475208614068024, 'a2': 0.7302967433402215, 'a3': 5.3665631593275} logZ_new= nan obs_new= 9.493522576021587e-33
params_max= {'a1': 1.8475208614068024, 'a2': 0.7302967433402215, 'a3': 5.366563172655503} logZ_max= nan obs_max= 1.0346771667333058e-33
dist_min= tensor(3494.4803) dist_max= tensor(2.6823)
params_min,params_max=params_min,params_new
evaluating model at params_new={'a1': 1.8475208614068024, 'a2': 0.7302967433402215, 'a3': 5.366563152663498}
params_min= {'a1': 1.8475208614068024, 'a2': 0.7302967433402215, 'a3': 5.366563145999496} logZ_min= 3.4642959600361274 obs_min= 5.542913349840093e-35
params_new= {'a1': 1.8475208614068024, 'a2': 0.7302967433402215, 'a3': 5.366563152663498} logZ_new= 3.464222555361138 obs_new= 1.7160130188072163e-31
params_max= {'a1': 1.8475208614068024, 'a2': 0.7302967433402215, 'a3': 5.3665631593275} logZ_max= nan obs_max= 9.493522576021587e-33
dist_min= tensor(3495.2973) dist_max= tensor(2.4950)
params_min,params_max=params_min,params_new
evaluating model at params_new={'a1': 1.8475208614068024, 'a2': 0.7302967433402215, 'a3': 5.366563149331498}
params_min= {'a1': 1.8475208614068024, 'a2': 0.7302967433402215, 'a3': 5.366563145999496} logZ_min= 3.4642959600361274 obs_min= 5.542913349840093e-35
params_new= {'a1': 1.8475208614068024, 'a2': 0.7302967433402215, 'a3': 5.366563149331498} logZ_new= 3.4642956456081295 obs_new= 1.742775332525454e-33
params_max= {'a1': 1.8475208614068024, 'a2': 0.7302967433402215, 'a3': 5.366563152663498} logZ_max= 3.464222555361138 obs_max= 1.7160130188072163e-31
dist_min= tensor(3495.2832) dist_max= tensor(0.2958)
params_min,params_max=params_min,params_new
evaluating model at params_new={'a1': 1.8475208614068024, 'a2': 0.7302967433402215, 'a3': 5.366563147665497}
params_min= {'a1': 1.8475208614068024, 'a2': 0.7302967433402215, 'a3': 5.366563145999496} logZ_min= 3.4642959600361274 obs_min= 5.542913349840093e-35
params_new= {'a1': 1.8475208614068024, 'a2': 0.7302967433402215, 'a3': 5.366563147665497} logZ_new= 3.464295314359188 obs_new= 8.509499149138966e-36
params_max= {'a1': 1.8475208614068024, 'a2': 0.7302967433402215, 'a3': 5.366563149331498} logZ_max= 3.4642956456081295 obs_max= 1.742775332525454e-33
dist_min= tensor(3495.2809) dist_max= tensor(0.1474)
params_min,params_max=params_min,params_new
evaluating model at params_new={'a1': 1.8475208614068024, 'a2': 0.7302967433402215, 'a3': 5.366563146832497}
params_min= {'a1': 1.8475208614068024, 'a2': 0.7302967433402215, 'a3': 5.366563145999496} logZ_min= 3.4642959600361274 obs_min= 5.542913349840093e-35
params_new= {'a1': 1.8475208614068024, 'a2': 0.7302967433402215, 'a3': 5.366563146832497} logZ_new= 3.4642962816471945 obs_new= 8.466313988560756e-34
params_max= {'a1': 1.8475208614068024, 'a2': 0.7302967433402215, 'a3': 5.366563147665497} logZ_max= 3.464295314359188 obs_max= 8.509499149138966e-36
dist_min= tensor(3495.2796) dist_max= tensor(0.1701)
params_min,params_max=params_min,params_new
evaluating model at params_new={'a1': 1.8475208614068024, 'a2': 0.7302967433402215, 'a3': 5.366563146415997}
params_min= {'a1': 1.8475208614068024, 'a2': 0.7302967433402215, 'a3': 5.366563145999496} logZ_min= 3.4642959600361274 obs_min= 5.542913349840093e-35
params_new= {'a1': 1.8475208614068024, 'a2': 0.7302967433402215, 'a3': 5.366563146415997} logZ_new= 3.464228159353358 obs_new= 2.8528786127026635e-33
params_max= {'a1': 1.8475208614068024, 'a2': 0.7302967433402215, 'a3': 5.366563146832497} logZ_max= 3.4642962816471945 obs_max= 8.466313988560756e-34
dist_min= tensor(3478.6419) dist_max= tensor(16.6442)
params_min,params_max=params_min,params_new
evaluating model at params_new={'a1': 1.8475208614068024, 'a2': 0.7302967433402215, 'a3': 5.3665631462077465}
params_min= {'a1': 1.8475208614068024, 'a2': 0.7302967433402215, 'a3': 5.366563145999496} logZ_min= 3.4642959600361274 obs_min= 5.542913349840093e-35
params_new= {'a1': 1.8475208614068024, 'a2': 0.7302967433402215, 'a3': 5.3665631462077465} logZ_new= nan obs_new= 1.012374864146422e-33
params_max= {'a1': 1.8475208614068024, 'a2': 0.7302967433402215, 'a3': 5.366563146415997} logZ_max= 3.464228159353358 obs_max= 2.8528786127026635e-33
dist_min= tensor(3495.5068) dist_max= tensor(16.8773)
params_min,params_max=params_min,params_new
evaluating model at params_new={'a1': 1.8475208614068024, 'a2': 0.7302967433402215, 'a3': 5.366563146103621}
params_min= {'a1': 1.8475208614068024, 'a2': 0.7302967433402215, 'a3': 5.366563145999496} logZ_min= 3.4642959600361274 obs_min= 5.542913349840093e-35
params_new= {'a1': 1.8475208614068024, 'a2': 0.7302967433402215, 'a3': 5.366563146103621} logZ_new= 3.4642957225401774 obs_new= 7.973627524817247e-35
params_max= {'a1': 1.8475208614068024, 'a2': 0.7302967433402215, 'a3': 5.3665631462077465} logZ_max= nan obs_max= 1.012374864146422e-33
dist_min= tensor(3495.2836) dist_max= tensor(0.4989)
params_min,params_max=params_min,params_new
evaluating model at params_new={'a1': 1.8475208614068024, 'a2': 0.7302967433402215, 'a3': 5.366563146051559}
params_min= {'a1': 1.8475208614068024, 'a2': 0.7302967433402215, 'a3': 5.366563145999496} logZ_min= 3.4642959600361274 obs_min= 5.542913349840093e-35
params_new= {'a1': 1.8475208614068024, 'a2': 0.7302967433402215, 'a3': 5.366563146051559} logZ_new= nan obs_new= 4.1594979732420905e-34
params_max= {'a1': 1.8475208614068024, 'a2': 0.7302967433402215, 'a3': 5.366563146103621} logZ_max= 3.4642957225401774 obs_max= 7.973627524817247e-35
dist_min= tensor(3493.6398) dist_max= tensor(16.1503)
params_min,params_max=params_min,params_new
evaluating model at params_new={'a1': 1.8475208614068024, 'a2': 0.7302967433402215, 'a3': 5.366563146025527}
params_min= {'a1': 1.8475208614068024, 'a2': 0.7302967433402215, 'a3': 5.366563145999496} logZ_min= 3.4642959600361274 obs_min= 5.542913349840093e-35
params_new= {'a1': 1.8475208614068024, 'a2': 0.7302967433402215, 'a3': 5.366563146025527} logZ_new= 3.4642963226695227 obs_new= 1.4243235186478631e-33
params_max= {'a1': 1.8475208614068024, 'a2': 0.7302967433402215, 'a3': 5.366563146051559} logZ_max= nan obs_max= 4.1594979732420905e-34
dist_min= tensor(3495.2815) dist_max= tensor(16.1036)
params_min,params_max=params_min,params_new
evaluating model at params_new={'a1': 1.8475208614068024, 'a2': 0.7302967433402215, 'a3': 5.366563146012512}
params_min= {'a1': 1.8475208614068024, 'a2': 0.7302967433402215, 'a3': 5.366563145999496} logZ_min= 3.4642959600361274 obs_min= 5.542913349840093e-35
params_new= {'a1': 1.8475208614068024, 'a2': 0.7302967433402215, 'a3': 5.366563146012512} logZ_new= 3.464215577458339 obs_new= 1.7913905367686082e-33
params_max= {'a1': 1.8475208614068024, 'a2': 0.7302967433402215, 'a3': 5.366563146025527} logZ_max= 3.4642963226695227 obs_max= 1.4243235186478631e-33
dist_min= tensor(3495.3205) dist_max= tensor(0.5294)
params_min,params_max=params_min,params_new
evaluating model at params_new={'a1': 1.8475208614068024, 'a2': 0.7302967433402215, 'a3': 5.366563146006004}
params_min= {'a1': 1.8475208614068024, 'a2': 0.7302967433402215, 'a3': 5.366563145999496} logZ_min= 3.4642959600361274 obs_min= 5.542913349840093e-35
params_new= {'a1': 1.8475208614068024, 'a2': 0.7302967433402215, 'a3': 5.366563146006004} logZ_new= 3.464287433469331 obs_new= 1.1061089442407964e-34
params_max= {'a1': 1.8475208614068024, 'a2': 0.7302967433402215, 'a3': 5.366563146012512} logZ_max= 3.464215577458339 obs_max= 1.7913905367686082e-33
dist_min= tensor(3495.2842) dist_max= tensor(0.3950)
params_min,params_max=params_min,params_new
evaluating model at params_new={'a1': 1.8475208614068024, 'a2': 0.7302967433402215, 'a3': 5.3665631460027505}
params_min= {'a1': 1.8475208614068024, 'a2': 0.7302967433402215, 'a3': 5.366563145999496} logZ_min= 3.4642959600361274 obs_min= 5.542913349840093e-35
params_new= {'a1': 1.8475208614068024, 'a2': 0.7302967433402215, 'a3': 5.3665631460027505} logZ_new= nan obs_new= 2.1206504640051447e-32
params_max= {'a1': 1.8475208614068024, 'a2': 0.7302967433402215, 'a3': 5.366563146006004} logZ_max= 3.464287433469331 obs_max= 1.1061089442407964e-34
dist_min= tensor(3495.1967) dist_max= tensor(2.1586)
params_min,params_max=params_min,params_new
evaluating model at params_new={'a1': 1.8475208614068024, 'a2': 0.7302967433402215, 'a3': 5.366563146001123}
params_min= {'a1': 1.8475208614068024, 'a2': 0.7302967433402215, 'a3': 5.366563145999496} logZ_min= 3.4642959600361274 obs_min= 5.542913349840093e-35
params_new= {'a1': 1.8475208614068024, 'a2': 0.7302967433402215, 'a3': 5.366563146001123} logZ_new= 3.4642164026127378 obs_new= 1.6455179513530995e-33
params_max= {'a1': 1.8475208614068024, 'a2': 0.7302967433402215, 'a3': 5.3665631460027505} logZ_max= nan obs_max= 2.1206504640051447e-32
dist_min= tensor(3495.3727) dist_max= tensor(2.1357)
params_min,params_max=params_min,params_new
evaluating model at params_new={'a1': 1.8475208614068024, 'a2': 0.7302967433402215, 'a3': 5.36656314600031}
params_min= {'a1': 1.8475208614068024, 'a2': 0.7302967433402215, 'a3': 5.366563145999496} logZ_min= 3.4642959600361274 obs_min= 5.542913349840093e-35
params_new= {'a1': 1.8475208614068024, 'a2': 0.7302967433402215, 'a3': 5.36656314600031} logZ_new= 3.4642957055722126 obs_new= 8.23446718803478e-32
params_max= {'a1': 1.8475208614068024, 'a2': 0.7302967433402215, 'a3': 5.366563146001123} logZ_max= 3.4642164026127378 obs_max= 1.6455179513530995e-33
dist_min= tensor(3494.7644) dist_max= tensor(1.1905)
params_min,params_max=params_min,params_new
evaluating model at params_new={'a1': 1.8475208614068024, 'a2': 0.7302967433402215, 'a3': 5.366563145999903}
params_min= {'a1': 1.8475208614068024, 'a2': 0.7302967433402215, 'a3': 5.366563145999496} logZ_min= 3.4642959600361274 obs_min= 5.542913349840093e-35
params_new= {'a1': 1.8475208614068024, 'a2': 0.7302967433402215, 'a3': 5.366563145999903} logZ_new= nan obs_new= 8.407484451825714e-33
params_max= {'a1': 1.8475208614068024, 'a2': 0.7302967433402215, 'a3': 5.36656314600031} logZ_max= 3.4642957055722126 obs_max= 8.23446718803478e-32
dist_min= tensor(3495.1647) dist_max= tensor(0.8086)
params_min,params_max=params_min,params_new
evaluating model at params_new={'a1': 1.8475208614068024, 'a2': 0.7302967433402215, 'a3': 5.3665631459997}
params_min= {'a1': 1.8475208614068024, 'a2': 0.7302967433402215, 'a3': 5.366563145999496} logZ_min= 3.4642959600361274 obs_min= 5.542913349840093e-35
params_new= {'a1': 1.8475208614068024, 'a2': 0.7302967433402215, 'a3': 5.3665631459997} logZ_new= 3.4642952923569323 obs_new= 3.459324341089633e-34
params_max= {'a1': 1.8475208614068024, 'a2': 0.7302967433402215, 'a3': 5.366563145999903} logZ_max= nan obs_max= 8.407484451825714e-33
dist_min= tensor(3494.6419) dist_max= tensor(1.4581)
params_min,params_max=params_min,params_new
evaluating model at params_new={'a1': 1.8475208614068024, 'a2': 0.7302967433402215, 'a3': 5.3665631459995975}
params_min= {'a1': 1.8475208614068024, 'a2': 0.7302967433402215, 'a3': 5.366563145999496} logZ_min= 3.4642959600361274 obs_min= 5.542913349840093e-35
params_new= {'a1': 1.8475208614068024, 'a2': 0.7302967433402215, 'a3': 5.3665631459995975} logZ_new= nan obs_new= 3.495179132958322e-34
params_max= {'a1': 1.8475208614068024, 'a2': 0.7302967433402215, 'a3': 5.3665631459997} logZ_max= 3.4642952923569323 obs_max= 3.459324341089633e-34
dist_min= tensor(3495.7592) dist_max= tensor(59.9800)
params_min,params_max=params_min,params_new
evaluating model at params_new={'a1': 1.8475208614068024, 'a2': 0.7302967433402215, 'a3': 5.366563145999547}
params_min= {'a1': 1.8475208614068024, 'a2': 0.7302967433402215, 'a3': 5.366563145999496} logZ_min= 3.4642959600361274 obs_min= 5.542913349840093e-35
params_new= {'a1': 1.8475208614068024, 'a2': 0.7302967433402215, 'a3': 5.366563145999547} logZ_new= 3.464295871377081 obs_new= 2.6677459724154305e-33
params_max= {'a1': 1.8475208614068024, 'a2': 0.7302967433402215, 'a3': 5.3665631459995975} logZ_max= nan obs_max= 3.495179132958322e-34
dist_min= tensor(3494.6418) dist_max= tensor(59.9788)
params_min,params_max=params_min,params_new
evaluating model at params_new={'a1': 1.8475208614068024, 'a2': 0.7302967433402215, 'a3': 5.366563145999521}
params_min= {'a1': 1.8475208614068024, 'a2': 0.7302967433402215, 'a3': 5.366563145999496} logZ_min= 3.4642959600361274 obs_min= 5.542913349840093e-35
params_new= {'a1': 1.8475208614068024, 'a2': 0.7302967433402215, 'a3': 5.366563145999521} logZ_new= 3.4642308086892273 obs_new= 4.394748314269899e-34
params_max= {'a1': 1.8475208614068024, 'a2': 0.7302967433402215, 'a3': 5.366563145999547} logZ_max= 3.464295871377081 obs_max= 2.6677459724154305e-33
dist_min= tensor(3495.2955) dist_max= tensor(1.5935)
params_min,params_max=params_min,params_new
evaluating model at params_new={'a1': 1.8475208614068024, 'a2': 0.7302967433402215, 'a3': 5.366563145999509}
params_min= {'a1': 1.8475208614068024, 'a2': 0.7302967433402215, 'a3': 5.366563145999496} logZ_min= 3.4642959600361274 obs_min= 5.542913349840093e-35
params_new= {'a1': 1.8475208614068024, 'a2': 0.7302967433402215, 'a3': 5.366563145999509} logZ_new= nan obs_new= 8.873157036466588e-32
params_max= {'a1': 1.8475208614068024, 'a2': 0.7302967433402215, 'a3': 5.366563145999521} logZ_max= 3.4642308086892273 obs_max= 4.394748314269899e-34
dist_min= tensor(3495.0555) dist_max= tensor(18.4467)
params_min,params_max=params_min,params_new
evaluating model at params_new={'a1': 1.8475208614068024, 'a2': 0.7302967433402215, 'a3': 5.3665631459995025}
params_min= {'a1': 1.8475208614068024, 'a2': 0.7302967433402215, 'a3': 5.366563145999496} logZ_min= 3.4642959600361274 obs_min= 5.542913349840093e-35
params_new= {'a1': 1.8475208614068024, 'a2': 0.7302967433402215, 'a3': 5.3665631459995025} logZ_new= nan obs_new= 5.493297396549475e-33
params_max= {'a1': 1.8475208614068024, 'a2': 0.7302967433402215, 'a3': 5.366563145999509} logZ_max= nan obs_max= 8.873157036466588e-32
dist_min= tensor(3495.1736) dist_max= tensor(17.2526)
params_min,params_max=params_min,params_new
evaluating model at params_new={'a1': 1.8475208614068024, 'a2': 0.7302967433402215, 'a3': 5.3665631459995}
params_min= {'a1': 1.8475208614068024, 'a2': 0.7302967433402215, 'a3': 5.366563145999496} logZ_min= 3.4642959600361274 obs_min= 5.542913349840093e-35
params_new= {'a1': 1.8475208614068024, 'a2': 0.7302967433402215, 'a3': 5.3665631459995} logZ_new= 3.4642958065633866 obs_new= 1.8541591811626327e-31
params_max= {'a1': 1.8475208614068024, 'a2': 0.7302967433402215, 'a3': 5.3665631459995025} logZ_max= nan obs_max= 5.493297396549475e-33
dist_min= tensor(3494.6640) dist_max= tensor(0.8959)
params_min,params_max=params_min,params_new
evaluating model at params_new={'a1': 1.8475208614068024, 'a2': 0.7302967433402215, 'a3': 5.366563145999498}
params_min= {'a1': 1.8475208614068024, 'a2': 0.7302967433402215, 'a3': 5.366563145999496} logZ_min= 3.4642959600361274 obs_min= 5.542913349840093e-35
params_new= {'a1': 1.8475208614068024, 'a2': 0.7302967433402215, 'a3': 5.366563145999498} logZ_new= 3.4642956398562594 obs_new= 1.7772373927304455e-33
params_max= {'a1': 1.8475208614068024, 'a2': 0.7302967433402215, 'a3': 5.3665631459995} logZ_max= 3.4642958065633866 obs_max= 1.8541591811626327e-31
dist_min= tensor(3495.6743) dist_max= tensor(66.8891)
params_min,params_max=params_min,params_new
evaluating model at params_new={'a1': 1.8475208614068024, 'a2': 0.7302967433402215, 'a3': 5.366563145999497}
params_min= {'a1': 1.8475208614068024, 'a2': 0.7302967433402215, 'a3': 5.366563145999496} logZ_min= 3.4642959600361274 obs_min= 5.542913349840093e-35
params_new= {'a1': 1.8475208614068024, 'a2': 0.7302967433402215, 'a3': 5.366563145999497} logZ_new= 3.4642956491375605 obs_new= 6.828323708941638e-32
params_max= {'a1': 1.8475208614068024, 'a2': 0.7302967433402215, 'a3': 5.366563145999498} logZ_max= 3.4642956398562594 obs_max= 1.7772373927304455e-33
dist_min= tensor(3494.7623) dist_max= tensor(66.8988)
params_min,params_max=params_min,params_new
critical params found:  {'a1': 1.8475208614068024, 'a2': 0.7302967433402215, 'a3': 5.366563145999496}
reference params:  {'a1': 1.1547005383792515, 'a2': 1.8257418583505538, 'a3': 4.47213595499958}
file saved to  data/AKLT3D_X10_scan_grid_critical_a3/a1_1.8475209_a2_0.7302967/Tc.json
