Start running find_critical_temp.py with options:{'filename': 'data/AKLT3D_X10_scan_grid_critical_a3/a1_2.3094011_a2_2.1908902/Tc.json', 'log_filename': 'data/AKLT3D_X10_scan_grid_critical_a3/a1_2.3094011_a2_2.1908902/Tc.log', 'nLayers': 60, 'max_dim': 10, 'model': 'AKLT3D', 'params_min': "{'a1': 2.309401076758503, 'a2': 2.1908902300206647, 'a3': 7.155417527999328}", 'params_max': "{'a1': 2.309401076758503, 'a2': 2.1908902300206647, 'a3': 8.049844718999244}", 'params_ref': None, 'observable_name': 'magnetizationZ', 'tol': 0.0, 'gilt_enabled': False, 'gilt_eps': 8e-07, 'gilt_nIter': 1, 'mcf_enabled': True, 'mcf_eps': 1e-16, 'mcf_max_iter': 200, 'hotrg_sanity_check': False, 'version': 1, 'device': 'cuda:1'}
loading library...
evaluating model at params_min={'a1': 2.309401076758503, 'a2': 2.1908902300206647, 'a3': 7.155417527999328}
params_min= {'a1': 2.309401076758503, 'a2': 2.1908902300206647, 'a3': 7.155417527999328} logZ_min= 3.990777697082985 obs_min= 6.7734554193712105e-31
evaluating model at params_max={'a1': 2.309401076758503, 'a2': 2.1908902300206647, 'a3': 8.049844718999244}
params_max= {'a1': 2.309401076758503, 'a2': 2.1908902300206647, 'a3': 8.049844718999244} logZ_max= 4.19541243693945 obs_max= 8.286998566074534
searching for critical temperature using bisection method
evaluating model at params_new={'a1': 2.309401076758503, 'a2': 2.1908902300206647, 'a3': 7.602631123499286}
params_min= {'a1': 2.309401076758503, 'a2': 2.1908902300206647, 'a3': 7.155417527999328} logZ_min= 3.990777697082985 obs_min= 6.7734554193712105e-31
params_new= {'a1': 2.309401076758503, 'a2': 2.1908902300206647, 'a3': 7.602631123499286} logZ_new= 4.089664531571316 obs_new= 7.962282847643892
params_max= {'a1': 2.309401076758503, 'a2': 2.1908902300206647, 'a3': 8.049844718999244} logZ_max= 4.19541243693945 obs_max= 8.286998566074534
dist_min= tensor(5.5524) dist_max= tensor(22.7091)
params_min,params_max=params_new,params_max
evaluating model at params_new={'a1': 2.309401076758503, 'a2': 2.1908902300206647, 'a3': 7.826237921249265}
params_min= {'a1': 2.309401076758503, 'a2': 2.1908902300206647, 'a3': 7.602631123499286} logZ_min= 4.089664531571316 obs_min= 7.962282847643892
params_new= {'a1': 2.309401076758503, 'a2': 2.1908902300206647, 'a3': 7.826237921249265} logZ_new= 4.142521121600937 obs_new= 8.119379277200812
params_max= {'a1': 2.309401076758503, 'a2': 2.1908902300206647, 'a3': 8.049844718999244} logZ_max= 4.19541243693945 obs_max= 8.286998566074534
dist_min= tensor(19.3155) dist_max= tensor(4.2624)
params_min,params_max=params_min,params_new
evaluating model at params_new={'a1': 2.309401076758503, 'a2': 2.1908902300206647, 'a3': 7.714434522374276}
params_min= {'a1': 2.309401076758503, 'a2': 2.1908902300206647, 'a3': 7.602631123499286} logZ_min= 4.089664531571316 obs_min= 7.962282847643892
params_new= {'a1': 2.309401076758503, 'a2': 2.1908902300206647, 'a3': 7.714434522374276} logZ_new= 4.115623299930566 obs_new= 8.000241521284103
params_max= {'a1': 2.309401076758503, 'a2': 2.1908902300206647, 'a3': 7.826237921249265} logZ_max= 4.142521121600937 obs_max= 8.119379277200812
dist_min= tensor(17.9690) dist_max= tensor(1.8705)
params_min,params_max=params_min,params_new
evaluating model at params_new={'a1': 2.309401076758503, 'a2': 2.1908902300206647, 'a3': 7.658532822936781}
params_min= {'a1': 2.309401076758503, 'a2': 2.1908902300206647, 'a3': 7.602631123499286} logZ_min= 4.089664531571316 obs_min= 7.962282847643892
params_new= {'a1': 2.309401076758503, 'a2': 2.1908902300206647, 'a3': 7.658532822936781} logZ_new= 4.102064045590116 obs_new= 7.930481095293768
params_max= {'a1': 2.309401076758503, 'a2': 2.1908902300206647, 'a3': 7.714434522374276} logZ_max= 4.115623299930566 obs_max= 8.000241521284103
dist_min= tensor(17.3863) dist_max= tensor(1.5401)
params_min,params_max=params_min,params_new
evaluating model at params_new={'a1': 2.309401076758503, 'a2': 2.1908902300206647, 'a3': 7.6305819732180336}
params_min= {'a1': 2.309401076758503, 'a2': 2.1908902300206647, 'a3': 7.602631123499286} logZ_min= 4.089664531571316 obs_min= 7.962282847643892
params_new= {'a1': 2.309401076758503, 'a2': 2.1908902300206647, 'a3': 7.6305819732180336} logZ_new= 4.096424014566723 obs_new= 7.994811895074408
params_max= {'a1': 2.309401076758503, 'a2': 2.1908902300206647, 'a3': 7.658532822936781} logZ_max= 4.102064045590116 obs_max= 7.930481095293768
dist_min= tensor(0.5125) dist_max= tensor(17.2209)
params_min,params_max=params_new,params_max
evaluating model at params_new={'a1': 2.309401076758503, 'a2': 2.1908902300206647, 'a3': 7.644557398077407}
params_min= {'a1': 2.309401076758503, 'a2': 2.1908902300206647, 'a3': 7.6305819732180336} logZ_min= 4.096424014566723 obs_min= 7.994811895074408
params_new= {'a1': 2.309401076758503, 'a2': 2.1908902300206647, 'a3': 7.644557398077407} logZ_new= 4.098663126658892 obs_new= 7.911659191972362
params_max= {'a1': 2.309401076758503, 'a2': 2.1908902300206647, 'a3': 7.658532822936781} logZ_max= 4.102064045590116 obs_max= 7.930481095293768
dist_min= tensor(17.0804) dist_max= tensor(0.5009)
params_min,params_max=params_min,params_new
evaluating model at params_new={'a1': 2.309401076758503, 'a2': 2.1908902300206647, 'a3': 7.637569685647721}
params_min= {'a1': 2.309401076758503, 'a2': 2.1908902300206647, 'a3': 7.6305819732180336} logZ_min= 4.096424014566723 obs_min= 7.994811895074408
params_new= {'a1': 2.309401076758503, 'a2': 2.1908902300206647, 'a3': 7.637569685647721} logZ_new= 4.096957503661643 obs_new= 7.902620792886055
params_max= {'a1': 2.309401076758503, 'a2': 2.1908902300206647, 'a3': 7.644557398077407} logZ_max= 4.098663126658892 obs_max= 7.911659191972362
dist_min= tensor(17.0494) dist_max= tensor(1.2628)
params_min,params_max=params_min,params_new
evaluating model at params_new={'a1': 2.309401076758503, 'a2': 2.1908902300206647, 'a3': 7.634075829432877}
params_min= {'a1': 2.309401076758503, 'a2': 2.1908902300206647, 'a3': 7.6305819732180336} logZ_min= 4.096424014566723 obs_min= 7.994811895074408
params_new= {'a1': 2.309401076758503, 'a2': 2.1908902300206647, 'a3': 7.634075829432877} logZ_new= 4.09726783535783 obs_new= 7.998763658073394
params_max= {'a1': 2.309401076758503, 'a2': 2.1908902300206647, 'a3': 7.637569685647721} logZ_max= 4.096957503661643 obs_max= 7.902620792886055
dist_min= tensor(0.5910) dist_max= tensor(17.0101)
params_min,params_max=params_new,params_max
evaluating model at params_new={'a1': 2.309401076758503, 'a2': 2.1908902300206647, 'a3': 7.635822757540299}
params_min= {'a1': 2.309401076758503, 'a2': 2.1908902300206647, 'a3': 7.634075829432877} logZ_min= 4.09726783535783 obs_min= 7.998763658073394
params_new= {'a1': 2.309401076758503, 'a2': 2.1908902300206647, 'a3': 7.635822757540299} logZ_new= 4.096534298828497 obs_new= 7.899720719746831
params_max= {'a1': 2.309401076758503, 'a2': 2.1908902300206647, 'a3': 7.637569685647721} logZ_max= 4.096957503661643 obs_max= 7.902620792886055
dist_min= tensor(16.9838) dist_max= tensor(1.0622)
params_min,params_max=params_min,params_new
evaluating model at params_new={'a1': 2.309401076758503, 'a2': 2.1908902300206647, 'a3': 7.634949293486589}
params_min= {'a1': 2.309401076758503, 'a2': 2.1908902300206647, 'a3': 7.634075829432877} logZ_min= 4.09726783535783 obs_min= 7.998763658073394
params_new= {'a1': 2.309401076758503, 'a2': 2.1908902300206647, 'a3': 7.634949293486589} logZ_new= 4.096318727546412 obs_new= 7.898838373614896
params_max= {'a1': 2.309401076758503, 'a2': 2.1908902300206647, 'a3': 7.635822757540299} logZ_max= 4.096534298828497 obs_max= 7.899720719746831
dist_min= tensor(16.9866) dist_max= tensor(1.0779)
params_min,params_max=params_min,params_new
evaluating model at params_new={'a1': 2.309401076758503, 'a2': 2.1908902300206647, 'a3': 7.634512561459733}
params_min= {'a1': 2.309401076758503, 'a2': 2.1908902300206647, 'a3': 7.634075829432877} logZ_min= 4.09726783535783 obs_min= 7.998763658073394
params_new= {'a1': 2.309401076758503, 'a2': 2.1908902300206647, 'a3': 7.634512561459733} logZ_new= 4.096214777026782 obs_new= 7.897914834254013
params_max= {'a1': 2.309401076758503, 'a2': 2.1908902300206647, 'a3': 7.634949293486589} logZ_max= 4.096318727546412 obs_max= 7.898838373614896
dist_min= tensor(16.9740) dist_max= tensor(1.1347)
params_min,params_max=params_min,params_new
evaluating model at params_new={'a1': 2.309401076758503, 'a2': 2.1908902300206647, 'a3': 7.634294195446305}
params_min= {'a1': 2.309401076758503, 'a2': 2.1908902300206647, 'a3': 7.634075829432877} logZ_min= 4.09726783535783 obs_min= 7.998763658073394
params_new= {'a1': 2.309401076758503, 'a2': 2.1908902300206647, 'a3': 7.634294195446305} logZ_new= 4.097320566014305 obs_new= 7.999009824903501
params_max= {'a1': 2.309401076758503, 'a2': 2.1908902300206647, 'a3': 7.634512561459733} logZ_max= 4.096214777026782 obs_max= 7.897914834254013
dist_min= tensor(0.6250) dist_max= tensor(16.9675)
params_min,params_max=params_new,params_max
evaluating model at params_new={'a1': 2.309401076758503, 'a2': 2.1908902300206647, 'a3': 7.634403378453019}
params_min= {'a1': 2.309401076758503, 'a2': 2.1908902300206647, 'a3': 7.634294195446305} logZ_min= 4.097320566014305 obs_min= 7.999009824903501
params_new= {'a1': 2.309401076758503, 'a2': 2.1908902300206647, 'a3': 7.634403378453019} logZ_new= 4.0973469309837 obs_new= 7.9991328723657675
params_max= {'a1': 2.309401076758503, 'a2': 2.1908902300206647, 'a3': 7.634512561459733} logZ_max= 4.096214777026782 obs_max= 7.897914834254013
dist_min= tensor(0.0543) dist_max= tensor(16.9675)
params_min,params_max=params_new,params_max
evaluating model at params_new={'a1': 2.309401076758503, 'a2': 2.1908902300206647, 'a3': 7.634457969956376}
params_min= {'a1': 2.309401076758503, 'a2': 2.1908902300206647, 'a3': 7.634403378453019} logZ_min= 4.0973469309837 obs_min= 7.9991328723657675
params_new= {'a1': 2.309401076758503, 'a2': 2.1908902300206647, 'a3': 7.634457969956376} logZ_new= 4.097360113378674 obs_new= 7.99919438707263
params_max= {'a1': 2.309401076758503, 'a2': 2.1908902300206647, 'a3': 7.634512561459733} logZ_max= 4.096214777026782 obs_max= 7.897914834254013
dist_min= tensor(0.4541) dist_max= tensor(16.9666)
params_min,params_max=params_new,params_max
evaluating model at params_new={'a1': 2.309401076758503, 'a2': 2.1908902300206647, 'a3': 7.634485265708054}
params_min= {'a1': 2.309401076758503, 'a2': 2.1908902300206647, 'a3': 7.634457969956376} logZ_min= 4.097360113378674 obs_min= 7.99919438707263
params_new= {'a1': 2.309401076758503, 'a2': 2.1908902300206647, 'a3': 7.634485265708054} logZ_new= 4.0962081197986455 obs_new= 7.897877166000235
params_max= {'a1': 2.309401076758503, 'a2': 2.1908902300206647, 'a3': 7.634512561459733} logZ_max= 4.096214777026782 obs_max= 7.897914834254013
dist_min= tensor(16.9720) dist_max= tensor(0.6862)
params_min,params_max=params_min,params_new
evaluating model at params_new={'a1': 2.309401076758503, 'a2': 2.1908902300206647, 'a3': 7.634471617832215}
params_min= {'a1': 2.309401076758503, 'a2': 2.1908902300206647, 'a3': 7.634457969956376} logZ_min= 4.097360113378674 obs_min= 7.99919438707263
params_new= {'a1': 2.309401076758503, 'a2': 2.1908902300206647, 'a3': 7.634471617832215} logZ_new= 4.097363408967759 obs_new= 7.999209764791183
params_max= {'a1': 2.309401076758503, 'a2': 2.1908902300206647, 'a3': 7.634485265708054} logZ_max= 4.0962081197986455 obs_max= 7.897877166000235
dist_min= tensor(0.1805) dist_max= tensor(16.9758)
params_min,params_max=params_new,params_max
evaluating model at params_new={'a1': 2.309401076758503, 'a2': 2.1908902300206647, 'a3': 7.634478441770135}
params_min= {'a1': 2.309401076758503, 'a2': 2.1908902300206647, 'a3': 7.634471617832215} logZ_min= 4.097363408967759 obs_min= 7.999209764791183
params_new= {'a1': 2.309401076758503, 'a2': 2.1908902300206647, 'a3': 7.634478441770135} logZ_new= 4.096206455504606 obs_new= 7.89786774571139
params_max= {'a1': 2.309401076758503, 'a2': 2.1908902300206647, 'a3': 7.634485265708054} logZ_max= 4.0962081197986455 obs_max= 7.897877166000235
dist_min= tensor(16.9754) dist_max= tensor(1.1079)
params_min,params_max=params_min,params_new
evaluating model at params_new={'a1': 2.309401076758503, 'a2': 2.1908902300206647, 'a3': 7.634475029801175}
params_min= {'a1': 2.309401076758503, 'a2': 2.1908902300206647, 'a3': 7.634471617832215} logZ_min= 4.097363408967759 obs_min= 7.999209764791183
params_new= {'a1': 2.309401076758503, 'a2': 2.1908902300206647, 'a3': 7.634475029801175} logZ_new= 4.0962056233512225 obs_new= 7.897863035113956
params_max= {'a1': 2.309401076758503, 'a2': 2.1908902300206647, 'a3': 7.634478441770135} logZ_max= 4.096206455504606 obs_max= 7.89786774571139
dist_min= tensor(16.9678) dist_max= tensor(0.3464)
params_min,params_max=params_min,params_new
evaluating model at params_new={'a1': 2.309401076758503, 'a2': 2.1908902300206647, 'a3': 7.634473323816695}
params_min= {'a1': 2.309401076758503, 'a2': 2.1908902300206647, 'a3': 7.634471617832215} logZ_min= 4.097363408967759 obs_min= 7.999209764791183
params_new= {'a1': 2.309401076758503, 'a2': 2.1908902300206647, 'a3': 7.634473323816695} logZ_new= 4.097363820914932 obs_new= 7.999211686880211
params_max= {'a1': 2.309401076758503, 'a2': 2.1908902300206647, 'a3': 7.634475029801175} logZ_max= 4.0962056233512225 obs_max= 7.897863035113956
dist_min= tensor(0.3314) dist_max= tensor(16.9650)
params_min,params_max=params_new,params_max
evaluating model at params_new={'a1': 2.309401076758503, 'a2': 2.1908902300206647, 'a3': 7.634474176808935}
params_min= {'a1': 2.309401076758503, 'a2': 2.1908902300206647, 'a3': 7.634473323816695} logZ_min= 4.097363820914932 obs_min= 7.999211686880211
params_new= {'a1': 2.309401076758503, 'a2': 2.1908902300206647, 'a3': 7.634474176808935} logZ_new= 4.096205415329052 obs_new= 7.897861858903251
params_max= {'a1': 2.309401076758503, 'a2': 2.1908902300206647, 'a3': 7.634475029801175} logZ_max= 4.0962056233512225 obs_max= 7.897863035113956
dist_min= tensor(17.0136) dist_max= tensor(1.3972)
params_min,params_max=params_min,params_new
evaluating model at params_new={'a1': 2.309401076758503, 'a2': 2.1908902300206647, 'a3': 7.634473750312814}
params_min= {'a1': 2.309401076758503, 'a2': 2.1908902300206647, 'a3': 7.634473323816695} logZ_min= 4.097363820914932 obs_min= 7.999211686880211
params_new= {'a1': 2.309401076758503, 'a2': 2.1908902300206647, 'a3': 7.634473750312814} logZ_new= 4.096205311305474 obs_new= 7.897861269978005
params_max= {'a1': 2.309401076758503, 'a2': 2.1908902300206647, 'a3': 7.634474176808935} logZ_max= 4.096205415329052 obs_max= 7.897861858903251
dist_min= tensor(16.9971) dist_max= tensor(0.4719)
params_min,params_max=params_min,params_new
evaluating model at params_new={'a1': 2.309401076758503, 'a2': 2.1908902300206647, 'a3': 7.634473537064755}
params_min= {'a1': 2.309401076758503, 'a2': 2.1908902300206647, 'a3': 7.634473323816695} logZ_min= 4.097363820914932 obs_min= 7.999211686880211
params_new= {'a1': 2.309401076758503, 'a2': 2.1908902300206647, 'a3': 7.634473537064755} logZ_new= 4.096205259027219 obs_new= 7.8978609580213055
params_max= {'a1': 2.309401076758503, 'a2': 2.1908902300206647, 'a3': 7.634473750312814} logZ_max= 4.096205311305474 obs_max= 7.897861269978005
dist_min= tensor(17.0379) dist_max= tensor(1.0010)
params_min,params_max=params_min,params_new
evaluating model at params_new={'a1': 2.309401076758503, 'a2': 2.1908902300206647, 'a3': 7.634473430440725}
params_min= {'a1': 2.309401076758503, 'a2': 2.1908902300206647, 'a3': 7.634473323816695} logZ_min= 4.097363820914932 obs_min= 7.999211686880211
params_new= {'a1': 2.309401076758503, 'a2': 2.1908902300206647, 'a3': 7.634473430440725} logZ_new= 4.0973638466853375 obs_new= 7.9992118090642155
params_max= {'a1': 2.309401076758503, 'a2': 2.1908902300206647, 'a3': 7.634473537064755} logZ_max= 4.096205259027219 obs_max= 7.8978609580213055
dist_min= tensor(0.0055) dist_max= tensor(17.0376)
params_min,params_max=params_new,params_max
evaluating model at params_new={'a1': 2.309401076758503, 'a2': 2.1908902300206647, 'a3': 7.63447348375274}
params_min= {'a1': 2.309401076758503, 'a2': 2.1908902300206647, 'a3': 7.634473430440725} logZ_min= 4.0973638466853375 obs_min= 7.9992118090642155
params_new= {'a1': 2.309401076758503, 'a2': 2.1908902300206647, 'a3': 7.63447348375274} logZ_new= 4.096205246572875 obs_new= 7.897860926925329
params_max= {'a1': 2.309401076758503, 'a2': 2.1908902300206647, 'a3': 7.634473537064755} logZ_max= 4.096205259027219 obs_max= 7.8978609580213055
dist_min= tensor(16.9926) dist_max= tensor(1.1449)
params_min,params_max=params_min,params_new
evaluating model at params_new={'a1': 2.309401076758503, 'a2': 2.1908902300206647, 'a3': 7.634473457096732}
params_min= {'a1': 2.309401076758503, 'a2': 2.1908902300206647, 'a3': 7.634473430440725} logZ_min= 4.0973638466853375 obs_min= 7.9992118090642155
params_new= {'a1': 2.309401076758503, 'a2': 2.1908902300206647, 'a3': 7.634473457096732} logZ_new= 4.0974464018395 obs_new= 8.012227977484846
params_max= {'a1': 2.309401076758503, 'a2': 2.1908902300206647, 'a3': 7.63447348375274} logZ_max= 4.096205246572875 obs_max= 7.897860926925329
dist_min= tensor(0.2501) dist_max= tensor(16.9862)
params_min,params_max=params_new,params_max
evaluating model at params_new={'a1': 2.309401076758503, 'a2': 2.1908902300206647, 'a3': 7.6344734704247355}
params_min= {'a1': 2.309401076758503, 'a2': 2.1908902300206647, 'a3': 7.634473457096732} logZ_min= 4.0974464018395 obs_min= 8.012227977484846
params_new= {'a1': 2.309401076758503, 'a2': 2.1908902300206647, 'a3': 7.6344734704247355} logZ_new= 4.097363703752924 obs_new= 7.999216977621829
params_max= {'a1': 2.309401076758503, 'a2': 2.1908902300206647, 'a3': 7.63447348375274} logZ_max= 4.096205246572875 obs_max= 7.897860926925329
dist_min= tensor(0.1433) dist_max= tensor(16.9839)
params_min,params_max=params_new,params_max
evaluating model at params_new={'a1': 2.309401076758503, 'a2': 2.1908902300206647, 'a3': 7.634473477088738}
params_min= {'a1': 2.309401076758503, 'a2': 2.1908902300206647, 'a3': 7.6344734704247355} logZ_min= 4.097363703752924 obs_min= 7.999216977621829
params_new= {'a1': 2.309401076758503, 'a2': 2.1908902300206647, 'a3': 7.634473477088738} logZ_new= 4.096205245327936 obs_new= 7.89786093682416
params_max= {'a1': 2.309401076758503, 'a2': 2.1908902300206647, 'a3': 7.63447348375274} logZ_max= 4.096205246572875 obs_max= 7.897860926925329
dist_min= tensor(16.9657) dist_max= tensor(0.7968)
params_min,params_max=params_min,params_new
evaluating model at params_new={'a1': 2.309401076758503, 'a2': 2.1908902300206647, 'a3': 7.634473473756737}
params_min= {'a1': 2.309401076758503, 'a2': 2.1908902300206647, 'a3': 7.6344734704247355} logZ_min= 4.097363703752924 obs_min= 7.999216977621829
params_new= {'a1': 2.309401076758503, 'a2': 2.1908902300206647, 'a3': 7.634473473756737} logZ_new= 4.0962052484494444 obs_new= 7.897861290012974
params_max= {'a1': 2.309401076758503, 'a2': 2.1908902300206647, 'a3': 7.634473477088738} logZ_max= 4.096205245327936 obs_max= 7.89786093682416
dist_min= tensor(16.9661) dist_max= tensor(0.3762)
params_min,params_max=params_min,params_new
evaluating model at params_new={'a1': 2.309401076758503, 'a2': 2.1908902300206647, 'a3': 7.634473472090736}
params_min= {'a1': 2.309401076758503, 'a2': 2.1908902300206647, 'a3': 7.6344734704247355} logZ_min= 4.097363703752924 obs_min= 7.999216977621829
params_new= {'a1': 2.309401076758503, 'a2': 2.1908902300206647, 'a3': 7.634473472090736} logZ_new= 4.096205223312883 obs_new= 7.897859669587057
params_max= {'a1': 2.309401076758503, 'a2': 2.1908902300206647, 'a3': 7.634473473756737} logZ_max= 4.0962052484494444 obs_max= 7.897861290012974
dist_min= tensor(16.9852) dist_max= tensor(1.0402)
params_min,params_max=params_min,params_new
evaluating model at params_new={'a1': 2.309401076758503, 'a2': 2.1908902300206647, 'a3': 7.634473471257736}
params_min= {'a1': 2.309401076758503, 'a2': 2.1908902300206647, 'a3': 7.6344734704247355} logZ_min= 4.097363703752924 obs_min= 7.999216977621829
params_new= {'a1': 2.309401076758503, 'a2': 2.1908902300206647, 'a3': 7.634473471257736} logZ_new= 4.097363772805089 obs_new= 7.999205229463341
params_max= {'a1': 2.309401076758503, 'a2': 2.1908902300206647, 'a3': 7.634473472090736} logZ_max= 4.096205223312883 obs_max= 7.897859669587057
dist_min= tensor(0.1402) dist_max= tensor(16.9811)
params_min,params_max=params_new,params_max
evaluating model at params_new={'a1': 2.309401076758503, 'a2': 2.1908902300206647, 'a3': 7.6344734716742355}
params_min= {'a1': 2.309401076758503, 'a2': 2.1908902300206647, 'a3': 7.634473471257736} logZ_min= 4.097363772805089 obs_min= 7.999205229463341
params_new= {'a1': 2.309401076758503, 'a2': 2.1908902300206647, 'a3': 7.6344734716742355} logZ_new= 4.096205197106515 obs_new= 7.8978580004822225
params_max= {'a1': 2.309401076758503, 'a2': 2.1908902300206647, 'a3': 7.634473472090736} logZ_max= 4.096205223312883 obs_max= 7.897859669587057
dist_min= tensor(16.9648) dist_max= tensor(0.8039)
params_min,params_max=params_min,params_new
evaluating model at params_new={'a1': 2.309401076758503, 'a2': 2.1908902300206647, 'a3': 7.634473471465986}
params_min= {'a1': 2.309401076758503, 'a2': 2.1908902300206647, 'a3': 7.634473471257736} logZ_min= 4.097363772805089 obs_min= 7.999205229463341
params_new= {'a1': 2.309401076758503, 'a2': 2.1908902300206647, 'a3': 7.634473471465986} logZ_new= 4.0962047731434765 obs_new= 7.897932992591296
params_max= {'a1': 2.309401076758503, 'a2': 2.1908902300206647, 'a3': 7.6344734716742355} logZ_max= 4.096205197106515 obs_max= 7.8978580004822225
dist_min= tensor(16.9652) dist_max= tensor(0.0928)
params_min,params_max=params_min,params_new
evaluating model at params_new={'a1': 2.309401076758503, 'a2': 2.1908902300206647, 'a3': 7.634473471361861}
params_min= {'a1': 2.309401076758503, 'a2': 2.1908902300206647, 'a3': 7.634473471257736} logZ_min= 4.097363772805089 obs_min= 7.999205229463341
params_new= {'a1': 2.309401076758503, 'a2': 2.1908902300206647, 'a3': 7.634473471361861} logZ_new= 4.097363207452817 obs_new= 7.999263287016309
params_max= {'a1': 2.309401076758503, 'a2': 2.1908902300206647, 'a3': 7.634473471465986} logZ_max= 4.0962047731434765 obs_max= 7.897932992591296
dist_min= tensor(0.0378) dist_max= tensor(16.9652)
params_min,params_max=params_new,params_max
evaluating model at params_new={'a1': 2.309401076758503, 'a2': 2.1908902300206647, 'a3': 7.634473471413924}
params_min= {'a1': 2.309401076758503, 'a2': 2.1908902300206647, 'a3': 7.634473471361861} logZ_min= 4.097363207452817 obs_min= 7.999263287016309
params_new= {'a1': 2.309401076758503, 'a2': 2.1908902300206647, 'a3': 7.634473471413924} logZ_new= 4.096204531960268 obs_new= 7.897845301992766
params_max= {'a1': 2.309401076758503, 'a2': 2.1908902300206647, 'a3': 7.634473471465986} logZ_max= 4.0962047731434765 obs_max= 7.897932992591296
dist_min= tensor(16.9650) dist_max= tensor(0.1341)
params_min,params_max=params_min,params_new
evaluating model at params_new={'a1': 2.309401076758503, 'a2': 2.1908902300206647, 'a3': 7.634473471387892}
params_min= {'a1': 2.309401076758503, 'a2': 2.1908902300206647, 'a3': 7.634473471361861} logZ_min= 4.097363207452817 obs_min= 7.999263287016309
params_new= {'a1': 2.309401076758503, 'a2': 2.1908902300206647, 'a3': 7.634473471387892} logZ_new= 4.09620672005415 obs_new= 7.89808425487346
params_max= {'a1': 2.309401076758503, 'a2': 2.1908902300206647, 'a3': 7.634473471413924} logZ_max= 4.096204531960268 obs_max= 7.897845301992766
dist_min= tensor(17.0005) dist_max= tensor(1.2222)
params_min,params_max=params_min,params_new
evaluating model at params_new={'a1': 2.309401076758503, 'a2': 2.1908902300206647, 'a3': 7.634473471374877}
params_min= {'a1': 2.309401076758503, 'a2': 2.1908902300206647, 'a3': 7.634473471361861} logZ_min= 4.097363207452817 obs_min= 7.999263287016309
params_new= {'a1': 2.309401076758503, 'a2': 2.1908902300206647, 'a3': 7.634473471374877} logZ_new= 4.0973655297034375 obs_new= 7.999350914026875
params_max= {'a1': 2.309401076758503, 'a2': 2.1908902300206647, 'a3': 7.634473471387892} logZ_max= 4.09620672005415 obs_max= 7.89808425487346
dist_min= tensor(0.6227) dist_max= tensor(17.0177)
params_min,params_max=params_new,params_max
evaluating model at params_new={'a1': 2.309401076758503, 'a2': 2.1908902300206647, 'a3': 7.634473471381384}
params_min= {'a1': 2.309401076758503, 'a2': 2.1908902300206647, 'a3': 7.634473471374877} logZ_min= 4.0973655297034375 obs_min= 7.999350914026875
params_new= {'a1': 2.309401076758503, 'a2': 2.1908902300206647, 'a3': 7.634473471381384} logZ_new= 4.0961976041840735 obs_new= 7.8978710819334745
params_max= {'a1': 2.309401076758503, 'a2': 2.1908902300206647, 'a3': 7.634473471387892} logZ_max= 4.09620672005415 obs_max= 7.89808425487346
dist_min= tensor(16.9770) dist_max= tensor(1.1245)
params_min,params_max=params_min,params_new
evaluating model at params_new={'a1': 2.309401076758503, 'a2': 2.1908902300206647, 'a3': 7.634473471378131}
params_min= {'a1': 2.309401076758503, 'a2': 2.1908902300206647, 'a3': 7.634473471374877} logZ_min= 4.0973655297034375 obs_min= 7.999350914026875
params_new= {'a1': 2.309401076758503, 'a2': 2.1908902300206647, 'a3': 7.634473471378131} logZ_new= 4.097291821290785 obs_new= 7.990458506935547
params_max= {'a1': 2.309401076758503, 'a2': 2.1908902300206647, 'a3': 7.634473471381384} logZ_max= 4.0961976041840735 obs_max= 7.8978710819334745
dist_min= tensor(0.8238) dist_max= tensor(16.4792)
params_min,params_max=params_new,params_max
evaluating model at params_new={'a1': 2.309401076758503, 'a2': 2.1908902300206647, 'a3': 7.634473471379758}
params_min= {'a1': 2.309401076758503, 'a2': 2.1908902300206647, 'a3': 7.634473471378131} logZ_min= 4.097291821290785 obs_min= 7.990458506935547
params_new= {'a1': 2.309401076758503, 'a2': 2.1908902300206647, 'a3': 7.634473471379758} logZ_new= 4.096209431857774 obs_new= 7.898313383296039
params_max= {'a1': 2.309401076758503, 'a2': 2.1908902300206647, 'a3': 7.634473471381384} logZ_max= 4.0961976041840735 obs_max= 7.8978710819334745
dist_min= tensor(16.7096) dist_max= tensor(0.3889)
params_min,params_max=params_min,params_new
evaluating model at params_new={'a1': 2.309401076758503, 'a2': 2.1908902300206647, 'a3': 7.634473471378945}
params_min= {'a1': 2.309401076758503, 'a2': 2.1908902300206647, 'a3': 7.634473471378131} logZ_min= 4.097291821290785 obs_min= 7.990458506935547
params_new= {'a1': 2.309401076758503, 'a2': 2.1908902300206647, 'a3': 7.634473471378945} logZ_new= 4.096499010975327 obs_new= 7.917791230578967
params_max= {'a1': 2.309401076758503, 'a2': 2.1908902300206647, 'a3': 7.634473471379758} logZ_max= 4.096209431857774 obs_max= 7.898313383296039
dist_min= tensor(14.6045) dist_max= tensor(2.1443)
params_min,params_max=params_min,params_new
evaluating model at params_new={'a1': 2.309401076758503, 'a2': 2.1908902300206647, 'a3': 7.634473471378538}
params_min= {'a1': 2.309401076758503, 'a2': 2.1908902300206647, 'a3': 7.634473471378131} logZ_min= 4.097291821290785 obs_min= 7.990458506935547
params_new= {'a1': 2.309401076758503, 'a2': 2.1908902300206647, 'a3': 7.634473471378538} logZ_new= 4.097194051452057 obs_new= 7.984789165732685
params_max= {'a1': 2.309401076758503, 'a2': 2.1908902300206647, 'a3': 7.634473471378945} logZ_max= 4.096499010975327 obs_max= 7.917791230578967
dist_min= tensor(5.0853) dist_max= tensor(9.5831)
params_min,params_max=params_new,params_max
evaluating model at params_new={'a1': 2.309401076758503, 'a2': 2.1908902300206647, 'a3': 7.634473471378741}
params_min= {'a1': 2.309401076758503, 'a2': 2.1908902300206647, 'a3': 7.634473471378538} logZ_min= 4.097194051452057 obs_min= 7.984789165732685
params_new= {'a1': 2.309401076758503, 'a2': 2.1908902300206647, 'a3': 7.634473471378741} logZ_new= 4.096573486767356 obs_new= 7.929347576434463
params_max= {'a1': 2.309401076758503, 'a2': 2.1908902300206647, 'a3': 7.634473471378945} logZ_max= 4.096499010975327 obs_max= 7.917791230578967
dist_min= tensor(8.0029) dist_max= tensor(1.6797)
params_min,params_max=params_min,params_new
evaluating model at params_new={'a1': 2.309401076758503, 'a2': 2.1908902300206647, 'a3': 7.634473471378639}
params_min= {'a1': 2.309401076758503, 'a2': 2.1908902300206647, 'a3': 7.634473471378538} logZ_min= 4.097194051452057 obs_min= 7.984789165732685
params_new= {'a1': 2.309401076758503, 'a2': 2.1908902300206647, 'a3': 7.634473471378639} logZ_new= 4.097097327779987 obs_new= 7.978793049589985
params_max= {'a1': 2.309401076758503, 'a2': 2.1908902300206647, 'a3': 7.634473471378741} logZ_max= 4.096573486767356 obs_max= 7.929347576434463
dist_min= tensor(6.0445) dist_max= tensor(2.4987)
params_min,params_max=params_min,params_new
evaluating model at params_new={'a1': 2.309401076758503, 'a2': 2.1908902300206647, 'a3': 7.6344734713785884}
params_min= {'a1': 2.309401076758503, 'a2': 2.1908902300206647, 'a3': 7.634473471378538} logZ_min= 4.097194051452057 obs_min= 7.984789165732685
params_new= {'a1': 2.309401076758503, 'a2': 2.1908902300206647, 'a3': 7.6344734713785884} logZ_new= 4.097257455591121 obs_new= 7.988303876153627
params_max= {'a1': 2.309401076758503, 'a2': 2.1908902300206647, 'a3': 7.634473471378639} logZ_max= 4.097097327779987 obs_max= 7.978793049589985
dist_min= tensor(3.2553) dist_max= tensor(9.2764)
params_min,params_max=params_new,params_max
evaluating model at params_new={'a1': 2.309401076758503, 'a2': 2.1908902300206647, 'a3': 7.634473471378614}
params_min= {'a1': 2.309401076758503, 'a2': 2.1908902300206647, 'a3': 7.6344734713785884} logZ_min= 4.097257455591121 obs_min= 7.988303876153627
params_new= {'a1': 2.309401076758503, 'a2': 2.1908902300206647, 'a3': 7.634473471378614} logZ_new= 4.0972939854203645 obs_new= 7.984097901018247
params_max= {'a1': 2.309401076758503, 'a2': 2.1908902300206647, 'a3': 7.634473471378639} logZ_max= 4.097097327779987 obs_max= 7.978793049589985
dist_min= tensor(3.6864) dist_max= tensor(6.1502)
params_min,params_max=params_new,params_max
evaluating model at params_new={'a1': 2.309401076758503, 'a2': 2.1908902300206647, 'a3': 7.634473471378627}
params_min= {'a1': 2.309401076758503, 'a2': 2.1908902300206647, 'a3': 7.634473471378614} logZ_min= 4.0972939854203645 obs_min= 7.984097901018247
params_new= {'a1': 2.309401076758503, 'a2': 2.1908902300206647, 'a3': 7.634473471378627} logZ_new= 4.097026535141703 obs_new= 7.971360408169361
params_max= {'a1': 2.309401076758503, 'a2': 2.1908902300206647, 'a3': 7.634473471378639} logZ_max= 4.097097327779987 obs_max= 7.978793049589985
dist_min= tensor(4.2299) dist_max= tensor(2.0225)
params_min,params_max=params_min,params_new
evaluating model at params_new={'a1': 2.309401076758503, 'a2': 2.1908902300206647, 'a3': 7.63447347137862}
params_min= {'a1': 2.309401076758503, 'a2': 2.1908902300206647, 'a3': 7.634473471378614} logZ_min= 4.0972939854203645 obs_min= 7.984097901018247
params_new= {'a1': 2.309401076758503, 'a2': 2.1908902300206647, 'a3': 7.63447347137862} logZ_new= 4.0973624260897 obs_new= 7.995042247680786
params_max= {'a1': 2.309401076758503, 'a2': 2.1908902300206647, 'a3': 7.634473471378627} logZ_max= 4.097026535141703 obs_max= 7.971360408169361
dist_min= tensor(2.1945) dist_max= tensor(5.4754)
params_min,params_max=params_new,params_max
evaluating model at params_new={'a1': 2.309401076758503, 'a2': 2.1908902300206647, 'a3': 7.634473471378623}
params_min= {'a1': 2.309401076758503, 'a2': 2.1908902300206647, 'a3': 7.63447347137862} logZ_min= 4.0973624260897 obs_min= 7.995042247680786
params_new= {'a1': 2.309401076758503, 'a2': 2.1908902300206647, 'a3': 7.634473471378623} logZ_new= 4.097112311845517 obs_new= 7.978556588348044
params_max= {'a1': 2.309401076758503, 'a2': 2.1908902300206647, 'a3': 7.634473471378627} logZ_max= 4.097026535141703 obs_max= 7.971360408169361
dist_min= tensor(7.7680) dist_max= tensor(2.3057)
params_min,params_max=params_min,params_new
evaluating model at params_new={'a1': 2.309401076758503, 'a2': 2.1908902300206647, 'a3': 7.634473471378621}
params_min= {'a1': 2.309401076758503, 'a2': 2.1908902300206647, 'a3': 7.63447347137862} logZ_min= 4.0973624260897 obs_min= 7.995042247680786
params_new= {'a1': 2.309401076758503, 'a2': 2.1908902300206647, 'a3': 7.634473471378621} logZ_new= 4.0972212444792255 obs_new= 7.985600650282832
params_max= {'a1': 2.309401076758503, 'a2': 2.1908902300206647, 'a3': 7.634473471378623} logZ_max= 4.097112311845517 obs_max= 7.978556588348044
dist_min= tensor(4.7479) dist_max= tensor(3.1605)
params_min,params_max=params_min,params_new
critical params found:  {'a1': 2.309401076758503, 'a2': 2.1908902300206647, 'a3': 7.634473471378621}
reference params:  {'a1': 1.1547005383792515, 'a2': 1.8257418583505538, 'a3': 4.47213595499958}
file saved to  data/AKLT3D_X10_scan_grid_critical_a3/a1_2.3094011_a2_2.1908902/Tc.json
