Start running find_critical_temp.py with options:{'filename': 'data/AKLT3D_X10_scan_grid_critical_a3/a1_1.1547005_a2_3.6514837/Tc.json', 'log_filename': 'data/AKLT3D_X10_scan_grid_critical_a3/a1_1.1547005_a2_3.6514837/Tc.log', 'nLayers': 60, 'max_dim': 10, 'model': 'AKLT3D', 'params_min': "{'a1': 1.1547005383792517, 'a2': 3.651483716701108, 'a3': 0.894427190999916}", 'params_max': "{'a1': 1.1547005383792517, 'a2': 3.651483716701108, 'a3': 1.788854381999832}", 'params_ref': None, 'observable_name': 'magnetizationZ', 'tol': 0.0, 'gilt_enabled': False, 'gilt_eps': 8e-07, 'gilt_nIter': 1, 'mcf_enabled': True, 'mcf_eps': 1e-16, 'mcf_max_iter': 200, 'hotrg_sanity_check': False, 'version': 1, 'device': 'cuda:1'}
loading library...
evaluating model at params_min={'a1': 1.1547005383792517, 'a2': 3.651483716701108, 'a3': 0.894427190999916}
params_min= {'a1': 1.1547005383792517, 'a2': 3.651483716701108, 'a3': 0.894427190999916} logZ_min= 3.591244200619562 obs_min= 5.128843593300083e-28
evaluating model at params_max={'a1': 1.1547005383792517, 'a2': 3.651483716701108, 'a3': 1.788854381999832}
params_max= {'a1': 1.1547005383792517, 'a2': 3.651483716701108, 'a3': 1.788854381999832} logZ_max= nan obs_max= 0.40384918285846044
searching for critical temperature using bisection method
evaluating model at params_new={'a1': 1.1547005383792517, 'a2': 3.651483716701108, 'a3': 1.341640786499874}
params_min= {'a1': 1.1547005383792517, 'a2': 3.651483716701108, 'a3': 0.894427190999916} logZ_min= 3.591244200619562 obs_min= 5.128843593300083e-28
params_new= {'a1': 1.1547005383792517, 'a2': 3.651483716701108, 'a3': 1.341640786499874} logZ_new= 3.5952071991020076 obs_new= 8.315774965226994e-27
params_max= {'a1': 1.1547005383792517, 'a2': 3.651483716701108, 'a3': 1.788854381999832} logZ_max= nan obs_max= 0.40384918285846044
dist_min= tensor(0.7232) dist_max= tensor(8.9815)
params_min,params_max=params_new,params_max
evaluating model at params_new={'a1': 1.1547005383792517, 'a2': 3.651483716701108, 'a3': 1.565247584249853}
params_min= {'a1': 1.1547005383792517, 'a2': 3.651483716701108, 'a3': 1.341640786499874} logZ_min= 3.5952071991020076 obs_min= 8.315774965226994e-27
params_new= {'a1': 1.1547005383792517, 'a2': 3.651483716701108, 'a3': 1.565247584249853} logZ_new= 3.598493908371316 obs_new= 2.223692515399296e-28
params_max= {'a1': 1.1547005383792517, 'a2': 3.651483716701108, 'a3': 1.788854381999832} logZ_max= nan obs_max= 0.40384918285846044
dist_min= tensor(1.9765) dist_max= tensor(8.8672)
params_min,params_max=params_new,params_max
evaluating model at params_new={'a1': 1.1547005383792517, 'a2': 3.651483716701108, 'a3': 1.6770509831248424}
params_min= {'a1': 1.1547005383792517, 'a2': 3.651483716701108, 'a3': 1.565247584249853} logZ_min= 3.598493908371316 obs_min= 2.223692515399296e-28
params_new= {'a1': 1.1547005383792517, 'a2': 3.651483716701108, 'a3': 1.6770509831248424} logZ_new= nan obs_new= 0.3450326509226468
params_max= {'a1': 1.1547005383792517, 'a2': 3.651483716701108, 'a3': 1.788854381999832} logZ_max= nan obs_max= 0.40384918285846044
dist_min= tensor(161.5029) dist_max= tensor(161.7662)
params_min,params_max=params_new,params_max
evaluating model at params_new={'a1': 1.1547005383792517, 'a2': 3.651483716701108, 'a3': 1.7329526825623371}
params_min= {'a1': 1.1547005383792517, 'a2': 3.651483716701108, 'a3': 1.6770509831248424} logZ_min= nan obs_min= 0.3450326509226468
params_new= {'a1': 1.1547005383792517, 'a2': 3.651483716701108, 'a3': 1.7329526825623371} logZ_new= 3.6074727558338715 obs_new= 0.12469152881105845
params_max= {'a1': 1.1547005383792517, 'a2': 3.651483716701108, 'a3': 1.788854381999832} logZ_max= nan obs_max= 0.40384918285846044
dist_min= tensor(7823.0895) dist_max= tensor(7821.4496)
params_min,params_max=params_min,params_new
evaluating model at params_new={'a1': 1.1547005383792517, 'a2': 3.651483716701108, 'a3': 1.7050018328435899}
params_min= {'a1': 1.1547005383792517, 'a2': 3.651483716701108, 'a3': 1.6770509831248424} logZ_min= nan obs_min= 0.3450326509226468
params_new= {'a1': 1.1547005383792517, 'a2': 3.651483716701108, 'a3': 1.7050018328435899} logZ_new= 3.609835869631845 obs_new= 0.34059367306166655
params_max= {'a1': 1.1547005383792517, 'a2': 3.651483716701108, 'a3': 1.7329526825623371} logZ_max= 3.6074727558338715 obs_max= 0.12469152881105845
dist_min= tensor(259.0742) dist_max= tensor(7823.9326)
params_min,params_max=params_new,params_max
evaluating model at params_new={'a1': 1.1547005383792517, 'a2': 3.651483716701108, 'a3': 1.7189772577029636}
params_min= {'a1': 1.1547005383792517, 'a2': 3.651483716701108, 'a3': 1.7050018328435899} logZ_min= 3.609835869631845 obs_min= 0.34059367306166655
params_new= {'a1': 1.1547005383792517, 'a2': 3.651483716701108, 'a3': 1.7189772577029636} logZ_new= 3.610079281217196 obs_new= 0.34916347817123544
params_max= {'a1': 1.1547005383792517, 'a2': 3.651483716701108, 'a3': 1.7329526825623371} logZ_max= 3.6074727558338715 obs_max= 0.12469152881105845
dist_min= tensor(201.8927) dist_max= tensor(7821.4479)
params_min,params_max=params_new,params_max
evaluating model at params_new={'a1': 1.1547005383792517, 'a2': 3.651483716701108, 'a3': 1.7259649701326505}
params_min= {'a1': 1.1547005383792517, 'a2': 3.651483716701108, 'a3': 1.7189772577029636} logZ_min= 3.610079281217196 obs_min= 0.34916347817123544
params_new= {'a1': 1.1547005383792517, 'a2': 3.651483716701108, 'a3': 1.7259649701326505} logZ_new= nan obs_new= 0.38379343026167967
params_max= {'a1': 1.1547005383792517, 'a2': 3.651483716701108, 'a3': 1.7329526825623371} logZ_max= 3.6074727558338715 obs_max= 0.12469152881105845
dist_min= tensor(229.9652) dist_max= tensor(7824.7675)
params_min,params_max=params_new,params_max
evaluating model at params_new={'a1': 1.1547005383792517, 'a2': 3.651483716701108, 'a3': 1.7294588263474937}
params_min= {'a1': 1.1547005383792517, 'a2': 3.651483716701108, 'a3': 1.7259649701326505} logZ_min= nan obs_min= 0.38379343026167967
params_new= {'a1': 1.1547005383792517, 'a2': 3.651483716701108, 'a3': 1.7294588263474937} logZ_new= nan obs_new= 0.3691362852306032
params_max= {'a1': 1.1547005383792517, 'a2': 3.651483716701108, 'a3': 1.7329526825623371} logZ_max= 3.6074727558338715 obs_max= 0.12469152881105845
dist_min= tensor(678.8060) dist_max= tensor(7847.6479)
params_min,params_max=params_new,params_max
evaluating model at params_new={'a1': 1.1547005383792517, 'a2': 3.651483716701108, 'a3': 1.7312057544549155}
params_min= {'a1': 1.1547005383792517, 'a2': 3.651483716701108, 'a3': 1.7294588263474937} logZ_min= nan obs_min= 0.3691362852306032
params_new= {'a1': 1.1547005383792517, 'a2': 3.651483716701108, 'a3': 1.7312057544549155} logZ_new= 3.609919359325696 obs_new= 0.37339372297306556
params_max= {'a1': 1.1547005383792517, 'a2': 3.651483716701108, 'a3': 1.7329526825623371} logZ_max= 3.6074727558338715 obs_max= 0.12469152881105845
dist_min= tensor(646.9895) dist_max= tensor(7821.8806)
params_min,params_max=params_new,params_max
evaluating model at params_new={'a1': 1.1547005383792517, 'a2': 3.651483716701108, 'a3': 1.7320792185086265}
params_min= {'a1': 1.1547005383792517, 'a2': 3.651483716701108, 'a3': 1.7312057544549155} logZ_min= 3.609919359325696 obs_min= 0.37339372297306556
params_new= {'a1': 1.1547005383792517, 'a2': 3.651483716701108, 'a3': 1.7320792185086265} logZ_new= 3.609641577378126 obs_new= 0.37315497864839847
params_max= {'a1': 1.1547005383792517, 'a2': 3.651483716701108, 'a3': 1.7329526825623371} logZ_max= 3.6074727558338715 obs_max= 0.12469152881105845
dist_min= tensor(90.9972) dist_max= tensor(7821.4480)
params_min,params_max=params_new,params_max
evaluating model at params_new={'a1': 1.1547005383792517, 'a2': 3.651483716701108, 'a3': 1.7325159505354817}
params_min= {'a1': 1.1547005383792517, 'a2': 3.651483716701108, 'a3': 1.7320792185086265} logZ_min= 3.609641577378126 obs_min= 0.37315497864839847
params_new= {'a1': 1.1547005383792517, 'a2': 3.651483716701108, 'a3': 1.7325159505354817} logZ_new= nan obs_new= 0.37164450248234593
params_max= {'a1': 1.1547005383792517, 'a2': 3.651483716701108, 'a3': 1.7329526825623371} logZ_max= 3.6074727558338715 obs_max= 0.12469152881105845
dist_min= tensor(311.0490) dist_max= tensor(7827.6066)
params_min,params_max=params_new,params_max
evaluating model at params_new={'a1': 1.1547005383792517, 'a2': 3.651483716701108, 'a3': 1.7327343165489095}
params_min= {'a1': 1.1547005383792517, 'a2': 3.651483716701108, 'a3': 1.7325159505354817} logZ_min= nan obs_min= 0.37164450248234593
params_new= {'a1': 1.1547005383792517, 'a2': 3.651483716701108, 'a3': 1.7327343165489095} logZ_new= 3.6103845592329584 obs_new= 0.3588782620724975
params_max= {'a1': 1.1547005383792517, 'a2': 3.651483716701108, 'a3': 1.7329526825623371} logZ_max= 3.6074727558338715 obs_max= 0.12469152881105845
dist_min= tensor(310.9559) dist_max= tensor(7821.4479)
params_min,params_max=params_new,params_max
evaluating model at params_new={'a1': 1.1547005383792517, 'a2': 3.651483716701108, 'a3': 1.7328434995556234}
params_min= {'a1': 1.1547005383792517, 'a2': 3.651483716701108, 'a3': 1.7327343165489095} logZ_min= 3.6103845592329584 obs_min= 0.3588782620724975
params_new= {'a1': 1.1547005383792517, 'a2': 3.651483716701108, 'a3': 1.7328434995556234} logZ_new= 3.6077378239809765 obs_new= 0.11797333510398512
params_max= {'a1': 1.1547005383792517, 'a2': 3.651483716701108, 'a3': 1.7329526825623371} logZ_max= 3.6074727558338715 obs_max= 0.12469152881105845
dist_min= tensor(1.1846) dist_max= tensor(7821.4243)
params_min,params_max=params_new,params_max
evaluating model at params_new={'a1': 1.1547005383792517, 'a2': 3.651483716701108, 'a3': 1.7328980910589804}
params_min= {'a1': 1.1547005383792517, 'a2': 3.651483716701108, 'a3': 1.7328434995556234} logZ_min= 3.6077378239809765 obs_min= 0.11797333510398512
params_new= {'a1': 1.1547005383792517, 'a2': 3.651483716701108, 'a3': 1.7328980910589804} logZ_new= nan obs_new= 0.37132130732896884
params_max= {'a1': 1.1547005383792517, 'a2': 3.651483716701108, 'a3': 1.7329526825623371} logZ_max= 3.6074727558338715 obs_max= 0.12469152881105845
dist_min= tensor(65.1323) dist_max= tensor(7817.7163)
params_min,params_max=params_new,params_max
evaluating model at params_new={'a1': 1.1547005383792517, 'a2': 3.651483716701108, 'a3': 1.7329253868106589}
params_min= {'a1': 1.1547005383792517, 'a2': 3.651483716701108, 'a3': 1.7328980910589804} logZ_min= nan obs_min= 0.37132130732896884
params_new= {'a1': 1.1547005383792517, 'a2': 3.651483716701108, 'a3': 1.7329253868106589} logZ_new= 3.6102073647817683 obs_new= 0.37177086486045485
params_max= {'a1': 1.1547005383792517, 'a2': 3.651483716701108, 'a3': 1.7329526825623371} logZ_max= 3.6074727558338715 obs_max= 0.12469152881105845
dist_min= tensor(170.5425) dist_max= tensor(7769.1254)
params_min,params_max=params_new,params_max
evaluating model at params_new={'a1': 1.1547005383792517, 'a2': 3.651483716701108, 'a3': 1.7329390346864981}
params_min= {'a1': 1.1547005383792517, 'a2': 3.651483716701108, 'a3': 1.7329253868106589} logZ_min= 3.6102073647817683 obs_min= 0.37177086486045485
params_new= {'a1': 1.1547005383792517, 'a2': 3.651483716701108, 'a3': 1.7329390346864981} logZ_new= 3.609353425501391 obs_new= 0.37276321687575825
params_max= {'a1': 1.1547005383792517, 'a2': 3.651483716701108, 'a3': 1.7329526825623371} logZ_max= 3.6074727558338715 obs_max= 0.12469152881105845
dist_min= tensor(158.9178) dist_max= tensor(7821.4479)
params_min,params_max=params_new,params_max
evaluating model at params_new={'a1': 1.1547005383792517, 'a2': 3.651483716701108, 'a3': 1.7329458586244177}
params_min= {'a1': 1.1547005383792517, 'a2': 3.651483716701108, 'a3': 1.7329390346864981} logZ_min= 3.609353425501391 obs_min= 0.37276321687575825
params_new= {'a1': 1.1547005383792517, 'a2': 3.651483716701108, 'a3': 1.7329458586244177} logZ_new= nan obs_new= 0.3712591989186983
params_max= {'a1': 1.1547005383792517, 'a2': 3.651483716701108, 'a3': 1.7329526825623371} logZ_max= 3.6074727558338715 obs_max= 0.12469152881105845
dist_min= tensor(94.0349) dist_max= tensor(7821.8324)
params_min,params_max=params_new,params_max
evaluating model at params_new={'a1': 1.1547005383792517, 'a2': 3.651483716701108, 'a3': 1.7329492705933776}
params_min= {'a1': 1.1547005383792517, 'a2': 3.651483716701108, 'a3': 1.7329458586244177} logZ_min= nan obs_min= 0.3712591989186983
params_new= {'a1': 1.1547005383792517, 'a2': 3.651483716701108, 'a3': 1.7329492705933776} logZ_new= 3.61028354831529 obs_new= 0.37130571784216704
params_max= {'a1': 1.1547005383792517, 'a2': 3.651483716701108, 'a3': 1.7329526825623371} logZ_max= 3.6074727558338715 obs_max= 0.12469152881105845
dist_min= tensor(96.2579) dist_max= tensor(7821.4172)
params_min,params_max=params_new,params_max
evaluating model at params_new={'a1': 1.1547005383792517, 'a2': 3.651483716701108, 'a3': 1.7329509765778575}
params_min= {'a1': 1.1547005383792517, 'a2': 3.651483716701108, 'a3': 1.7329492705933776} logZ_min= 3.61028354831529 obs_min= 0.37130571784216704
params_new= {'a1': 1.1547005383792517, 'a2': 3.651483716701108, 'a3': 1.7329509765778575} logZ_new= 3.610391505452379 obs_new= 0.35862402282507083
params_max= {'a1': 1.1547005383792517, 'a2': 3.651483716701108, 'a3': 1.7329526825623371} logZ_max= 3.6074727558338715 obs_max= 0.12469152881105845
dist_min= tensor(21.7917) dist_max= tensor(7821.4479)
params_min,params_max=params_new,params_max
evaluating model at params_new={'a1': 1.1547005383792517, 'a2': 3.651483716701108, 'a3': 1.7329518295700974}
params_min= {'a1': 1.1547005383792517, 'a2': 3.651483716701108, 'a3': 1.7329509765778575} logZ_min= 3.610391505452379 obs_min= 0.35862402282507083
params_new= {'a1': 1.1547005383792517, 'a2': 3.651483716701108, 'a3': 1.7329518295700974} logZ_new= nan obs_new= 0.37897577051527737
params_max= {'a1': 1.1547005383792517, 'a2': 3.651483716701108, 'a3': 1.7329526825623371} logZ_max= 3.6074727558338715 obs_max= 0.12469152881105845
dist_min= tensor(251.8545) dist_max= tensor(7825.3413)
params_min,params_max=params_new,params_max
evaluating model at params_new={'a1': 1.1547005383792517, 'a2': 3.651483716701108, 'a3': 1.7329522560662172}
params_min= {'a1': 1.1547005383792517, 'a2': 3.651483716701108, 'a3': 1.7329518295700974} logZ_min= nan obs_min= 0.37897577051527737
params_new= {'a1': 1.1547005383792517, 'a2': 3.651483716701108, 'a3': 1.7329522560662172} logZ_new= 3.6102752543261265 obs_new= 0.3718614161125796
params_max= {'a1': 1.1547005383792517, 'a2': 3.651483716701108, 'a3': 1.7329526825623371} logZ_max= 3.6074727558338715 obs_max= 0.12469152881105845
dist_min= tensor(1997.7902) dist_max= tensor(8068.6047)
params_min,params_max=params_new,params_max
evaluating model at params_new={'a1': 1.1547005383792517, 'a2': 3.651483716701108, 'a3': 1.7329524693142773}
params_min= {'a1': 1.1547005383792517, 'a2': 3.651483716701108, 'a3': 1.7329522560662172} logZ_min= 3.6102752543261265 obs_min= 0.3718614161125796
params_new= {'a1': 1.1547005383792517, 'a2': 3.651483716701108, 'a3': 1.7329524693142773} logZ_new= 3.6102624539843564 obs_new= 0.3740307754820427
params_max= {'a1': 1.1547005383792517, 'a2': 3.651483716701108, 'a3': 1.7329526825623371} logZ_max= 3.6074727558338715 obs_max= 0.12469152881105845
dist_min= tensor(1982.9045) dist_max= tensor(7785.8426)
params_min,params_max=params_new,params_max
evaluating model at params_new={'a1': 1.1547005383792517, 'a2': 3.651483716701108, 'a3': 1.7329525759383073}
params_min= {'a1': 1.1547005383792517, 'a2': 3.651483716701108, 'a3': 1.7329524693142773} logZ_min= 3.6102624539843564 obs_min= 0.3740307754820427
params_new= {'a1': 1.1547005383792517, 'a2': 3.651483716701108, 'a3': 1.7329525759383073} logZ_new= 3.610144514655191 obs_new= 0.3623713850761684
params_max= {'a1': 1.1547005383792517, 'a2': 3.651483716701108, 'a3': 1.7329526825623371} logZ_max= 3.6074727558338715 obs_max= 0.12469152881105845
dist_min= tensor(39.2101) dist_max= tensor(7821.4479)
params_min,params_max=params_new,params_max
evaluating model at params_new={'a1': 1.1547005383792517, 'a2': 3.651483716701108, 'a3': 1.7329526292503221}
params_min= {'a1': 1.1547005383792517, 'a2': 3.651483716701108, 'a3': 1.7329525759383073} logZ_min= 3.610144514655191 obs_min= 0.3623713850761684
params_new= {'a1': 1.1547005383792517, 'a2': 3.651483716701108, 'a3': 1.7329526292503221} logZ_new= nan obs_new= 6.018088347765435e-26
params_max= {'a1': 1.1547005383792517, 'a2': 3.651483716701108, 'a3': 1.7329526825623371} logZ_max= 3.6074727558338715 obs_max= 0.12469152881105845
dist_min= tensor(4.3090) dist_max= tensor(7821.2083)
params_min,params_max=params_new,params_max
evaluating model at params_new={'a1': 1.1547005383792517, 'a2': 3.651483716701108, 'a3': 1.7329526559063297}
params_min= {'a1': 1.1547005383792517, 'a2': 3.651483716701108, 'a3': 1.7329526292503221} logZ_min= nan obs_min= 6.018088347765435e-26
params_new= {'a1': 1.1547005383792517, 'a2': 3.651483716701108, 'a3': 1.7329526559063297} logZ_new= 3.609409386614567 obs_new= 0.3837334288294582
params_max= {'a1': 1.1547005383792517, 'a2': 3.651483716701108, 'a3': 1.7329526825623371} logZ_max= 3.6074727558338715 obs_max= 0.12469152881105845
dist_min= tensor(128.5112) dist_max= tensor(7822.4904)
params_min,params_max=params_new,params_max
evaluating model at params_new={'a1': 1.1547005383792517, 'a2': 3.651483716701108, 'a3': 1.7329526692343333}
params_min= {'a1': 1.1547005383792517, 'a2': 3.651483716701108, 'a3': 1.7329526559063297} logZ_min= 3.609409386614567 obs_min= 0.3837334288294582
params_new= {'a1': 1.1547005383792517, 'a2': 3.651483716701108, 'a3': 1.7329526692343333} logZ_new= nan obs_new= 0.371362315779395
params_max= {'a1': 1.1547005383792517, 'a2': 3.651483716701108, 'a3': 1.7329526825623371} logZ_max= 3.6074727558338715 obs_max= 0.12469152881105845
dist_min= tensor(128.8087) dist_max= tensor(7821.4487)
params_min,params_max=params_new,params_max
evaluating model at params_new={'a1': 1.1547005383792517, 'a2': 3.651483716701108, 'a3': 1.7329526758983351}
params_min= {'a1': 1.1547005383792517, 'a2': 3.651483716701108, 'a3': 1.7329526692343333} logZ_min= nan obs_min= 0.371362315779395
params_new= {'a1': 1.1547005383792517, 'a2': 3.651483716701108, 'a3': 1.7329526758983351} logZ_new= nan obs_new= 0.3585539056972407
params_max= {'a1': 1.1547005383792517, 'a2': 3.651483716701108, 'a3': 1.7329526825623371} logZ_max= 3.6074727558338715 obs_max= 0.12469152881105845
dist_min= tensor(2.1014) dist_max= tensor(7821.4482)
params_min,params_max=params_new,params_max
evaluating model at params_new={'a1': 1.1547005383792517, 'a2': 3.651483716701108, 'a3': 1.732952679230336}
params_min= {'a1': 1.1547005383792517, 'a2': 3.651483716701108, 'a3': 1.7329526758983351} logZ_min= nan obs_min= 0.3585539056972407
params_new= {'a1': 1.1547005383792517, 'a2': 3.651483716701108, 'a3': 1.732952679230336} logZ_new= 3.6102955595560746 obs_new= 0.3592285159405192
params_max= {'a1': 1.1547005383792517, 'a2': 3.651483716701108, 'a3': 1.7329526825623371} logZ_max= 3.6074727558338715 obs_max= 0.12469152881105845
dist_min= tensor(1.8724) dist_max= tensor(7821.4478)
params_min,params_max=params_new,params_max
evaluating model at params_new={'a1': 1.1547005383792517, 'a2': 3.651483716701108, 'a3': 1.7329526808963367}
params_min= {'a1': 1.1547005383792517, 'a2': 3.651483716701108, 'a3': 1.732952679230336} logZ_min= 3.6102955595560746 obs_min= 0.3592285159405192
params_new= {'a1': 1.1547005383792517, 'a2': 3.651483716701108, 'a3': 1.7329526808963367} logZ_new= nan obs_new= 0.3586898104905461
params_max= {'a1': 1.1547005383792517, 'a2': 3.651483716701108, 'a3': 1.7329526825623371} logZ_max= 3.6074727558338715 obs_max= 0.12469152881105845
dist_min= tensor(1.8898) dist_max= tensor(7821.4482)
params_min,params_max=params_new,params_max
evaluating model at params_new={'a1': 1.1547005383792517, 'a2': 3.651483716701108, 'a3': 1.732952681729337}
params_min= {'a1': 1.1547005383792517, 'a2': 3.651483716701108, 'a3': 1.7329526808963367} logZ_min= nan obs_min= 0.3586898104905461
params_new= {'a1': 1.1547005383792517, 'a2': 3.651483716701108, 'a3': 1.732952681729337} logZ_new= 3.610391294587179 obs_new= 0.3587184353008242
params_max= {'a1': 1.1547005383792517, 'a2': 3.651483716701108, 'a3': 1.7329526825623371} logZ_max= 3.6074727558338715 obs_max= 0.12469152881105845
dist_min= tensor(1.9283) dist_max= tensor(7821.4478)
params_min,params_max=params_new,params_max
evaluating model at params_new={'a1': 1.1547005383792517, 'a2': 3.651483716701108, 'a3': 1.7329526821458372}
params_min= {'a1': 1.1547005383792517, 'a2': 3.651483716701108, 'a3': 1.732952681729337} logZ_min= 3.610391294587179 obs_min= 0.3587184353008242
params_new= {'a1': 1.1547005383792517, 'a2': 3.651483716701108, 'a3': 1.7329526821458372} logZ_new= nan obs_new= 0.3743278353312372
params_max= {'a1': 1.1547005383792517, 'a2': 3.651483716701108, 'a3': 1.7329526825623371} logZ_max= 3.6074727558338715 obs_max= 0.12469152881105845
dist_min= tensor(360.6740) dist_max= tensor(7829.6391)
params_min,params_max=params_new,params_max
evaluating model at params_new={'a1': 1.1547005383792517, 'a2': 3.651483716701108, 'a3': 1.732952682354087}
params_min= {'a1': 1.1547005383792517, 'a2': 3.651483716701108, 'a3': 1.7329526821458372} logZ_min= nan obs_min= 0.3743278353312372
params_new= {'a1': 1.1547005383792517, 'a2': 3.651483716701108, 'a3': 1.732952682354087} logZ_new= nan obs_new= 0.37447853182965324
params_max= {'a1': 1.1547005383792517, 'a2': 3.651483716701108, 'a3': 1.7329526825623371} logZ_max= 3.6074727558338715 obs_max= 0.12469152881105845
dist_min= tensor(461.5626) dist_max= tensor(7826.7651)
params_min,params_max=params_new,params_max
evaluating model at params_new={'a1': 1.1547005383792517, 'a2': 3.651483716701108, 'a3': 1.7329526824582122}
params_min= {'a1': 1.1547005383792517, 'a2': 3.651483716701108, 'a3': 1.732952682354087} logZ_min= nan obs_min= 0.37447853182965324
params_new= {'a1': 1.1547005383792517, 'a2': 3.651483716701108, 'a3': 1.7329526824582122} logZ_new= 3.6102641569422027 obs_new= 0.37156865433182673
params_max= {'a1': 1.1547005383792517, 'a2': 3.651483716701108, 'a3': 1.7329526825623371} logZ_max= 3.6074727558338715 obs_max= 0.12469152881105845
dist_min= tensor(310.3769) dist_max= tensor(7814.0050)
params_min,params_max=params_new,params_max
evaluating model at params_new={'a1': 1.1547005383792517, 'a2': 3.651483716701108, 'a3': 1.7329526825102746}
params_min= {'a1': 1.1547005383792517, 'a2': 3.651483716701108, 'a3': 1.7329526824582122} logZ_min= 3.6102641569422027 obs_min= 0.37156865433182673
params_new= {'a1': 1.1547005383792517, 'a2': 3.651483716701108, 'a3': 1.7329526825102746} logZ_new= nan obs_new= 0.35875579586171796
params_max= {'a1': 1.1547005383792517, 'a2': 3.651483716701108, 'a3': 1.7329526825623371} logZ_max= 3.6074727558338715 obs_max= 0.12469152881105845
dist_min= tensor(115.2398) dist_max= tensor(7821.4482)
params_min,params_max=params_new,params_max
evaluating model at params_new={'a1': 1.1547005383792517, 'a2': 3.651483716701108, 'a3': 1.7329526825363057}
params_min= {'a1': 1.1547005383792517, 'a2': 3.651483716701108, 'a3': 1.7329526825102746} logZ_min= nan obs_min= 0.35875579586171796
params_new= {'a1': 1.1547005383792517, 'a2': 3.651483716701108, 'a3': 1.7329526825363057} logZ_new= 3.6098111492730705 obs_new= 0.3654885041523091
params_max= {'a1': 1.1547005383792517, 'a2': 3.651483716701108, 'a3': 1.7329526825623371} logZ_max= 3.6074727558338715 obs_max= 0.12469152881105845
dist_min= tensor(1.6841) dist_max= tensor(7821.4478)
params_min,params_max=params_new,params_max
evaluating model at params_new={'a1': 1.1547005383792517, 'a2': 3.651483716701108, 'a3': 1.7329526825493216}
params_min= {'a1': 1.1547005383792517, 'a2': 3.651483716701108, 'a3': 1.7329526825363057} logZ_min= 3.6098111492730705 obs_min= 0.3654885041523091
params_new= {'a1': 1.1547005383792517, 'a2': 3.651483716701108, 'a3': 1.7329526825493216} logZ_new= 3.6093056286706764 obs_new= 0.39053226048016915
params_max= {'a1': 1.1547005383792517, 'a2': 3.651483716701108, 'a3': 1.7329526825623371} logZ_max= 3.6074727558338715 obs_max= 0.12469152881105845
dist_min= tensor(1.6762) dist_max= tensor(7821.4480)
params_min,params_max=params_new,params_max
evaluating model at params_new={'a1': 1.1547005383792517, 'a2': 3.651483716701108, 'a3': 1.7329526825558292}
params_min= {'a1': 1.1547005383792517, 'a2': 3.651483716701108, 'a3': 1.7329526825493216} logZ_min= 3.6093056286706764 obs_min= 0.39053226048016915
params_new= {'a1': 1.1547005383792517, 'a2': 3.651483716701108, 'a3': 1.7329526825558292} logZ_new= nan obs_new= 1.501139782800852e-25
params_max= {'a1': 1.1547005383792517, 'a2': 3.651483716701108, 'a3': 1.7329526825623371} logZ_max= 3.6074727558338715 obs_max= 0.12469152881105845
dist_min= tensor(1.6995) dist_max= tensor(7821.2082)
params_min,params_max=params_new,params_max
evaluating model at params_new={'a1': 1.1547005383792517, 'a2': 3.651483716701108, 'a3': 1.732952682559083}
params_min= {'a1': 1.1547005383792517, 'a2': 3.651483716701108, 'a3': 1.7329526825558292} logZ_min= nan obs_min= 1.501139782800852e-25
params_new= {'a1': 1.1547005383792517, 'a2': 3.651483716701108, 'a3': 1.732952682559083} logZ_new= 3.6100312293133743 obs_new= 0.36205367169379515
params_max= {'a1': 1.1547005383792517, 'a2': 3.651483716701108, 'a3': 1.7329526825623371} logZ_max= 3.6074727558338715 obs_max= 0.12469152881105845
dist_min= tensor(1.8179) dist_max= tensor(7821.4479)
params_min,params_max=params_new,params_max
evaluating model at params_new={'a1': 1.1547005383792517, 'a2': 3.651483716701108, 'a3': 1.7329526825607102}
params_min= {'a1': 1.1547005383792517, 'a2': 3.651483716701108, 'a3': 1.732952682559083} logZ_min= 3.6100312293133743 obs_min= 0.36205367169379515
params_new= {'a1': 1.1547005383792517, 'a2': 3.651483716701108, 'a3': 1.7329526825607102} logZ_new= 3.6096424038587727 obs_new= 0.3689384364783221
params_max= {'a1': 1.1547005383792517, 'a2': 3.651483716701108, 'a3': 1.7329526825623371} logZ_max= 3.6074727558338715 obs_max= 0.12469152881105845
dist_min= tensor(1.5187) dist_max= tensor(7821.4482)
params_min,params_max=params_new,params_max
evaluating model at params_new={'a1': 1.1547005383792517, 'a2': 3.651483716701108, 'a3': 1.7329526825615238}
params_min= {'a1': 1.1547005383792517, 'a2': 3.651483716701108, 'a3': 1.7329526825607102} logZ_min= 3.6096424038587727 obs_min= 0.3689384364783221
params_new= {'a1': 1.1547005383792517, 'a2': 3.651483716701108, 'a3': 1.7329526825615238} logZ_new= 3.610381772703586 obs_new= 0.35923164091223236
params_max= {'a1': 1.1547005383792517, 'a2': 3.651483716701108, 'a3': 1.7329526825623371} logZ_max= 3.6074727558338715 obs_max= 0.12469152881105845
dist_min= tensor(1.7550) dist_max= tensor(7821.4478)
params_min,params_max=params_new,params_max
evaluating model at params_new={'a1': 1.1547005383792517, 'a2': 3.651483716701108, 'a3': 1.7329526825619306}
params_min= {'a1': 1.1547005383792517, 'a2': 3.651483716701108, 'a3': 1.7329526825615238} logZ_min= 3.610381772703586 obs_min= 0.35923164091223236
params_new= {'a1': 1.1547005383792517, 'a2': 3.651483716701108, 'a3': 1.7329526825619306} logZ_new= nan obs_new= 0.35905026583552635
params_max= {'a1': 1.1547005383792517, 'a2': 3.651483716701108, 'a3': 1.7329526825623371} logZ_max= 3.6074727558338715 obs_max= 0.12469152881105845
dist_min= tensor(1.6842) dist_max= tensor(7821.4474)
params_min,params_max=params_new,params_max
evaluating model at params_new={'a1': 1.1547005383792517, 'a2': 3.651483716701108, 'a3': 1.732952682562134}
params_min= {'a1': 1.1547005383792517, 'a2': 3.651483716701108, 'a3': 1.7329526825619306} logZ_min= nan obs_min= 0.35905026583552635
params_new= {'a1': 1.1547005383792517, 'a2': 3.651483716701108, 'a3': 1.732952682562134} logZ_new= 3.6083453924429683 obs_new= 0.39240203302347065
params_max= {'a1': 1.1547005383792517, 'a2': 3.651483716701108, 'a3': 1.7329526825623371} logZ_max= 3.6074727558338715 obs_max= 0.12469152881105845
dist_min= tensor(1.6038) dist_max= tensor(7821.4479)
params_min,params_max=params_new,params_max
evaluating model at params_new={'a1': 1.1547005383792517, 'a2': 3.651483716701108, 'a3': 1.7329526825622357}
params_min= {'a1': 1.1547005383792517, 'a2': 3.651483716701108, 'a3': 1.732952682562134} logZ_min= 3.6083453924429683 obs_min= 0.39240203302347065
params_new= {'a1': 1.1547005383792517, 'a2': 3.651483716701108, 'a3': 1.7329526825622357} logZ_new= 3.610373481208881 obs_new= 0.35857411384221055
params_max= {'a1': 1.1547005383792517, 'a2': 3.651483716701108, 'a3': 1.7329526825623371} logZ_max= 3.6074727558338715 obs_max= 0.12469152881105845
dist_min= tensor(0.3342) dist_max= tensor(7821.4478)
params_min,params_max=params_new,params_max
evaluating model at params_new={'a1': 1.1547005383792517, 'a2': 3.651483716701108, 'a3': 1.7329526825622863}
params_min= {'a1': 1.1547005383792517, 'a2': 3.651483716701108, 'a3': 1.7329526825622357} logZ_min= 3.610373481208881 obs_min= 0.35857411384221055
params_new= {'a1': 1.1547005383792517, 'a2': 3.651483716701108, 'a3': 1.7329526825622863} logZ_new= nan obs_new= 0.37266604736497005
params_max= {'a1': 1.1547005383792517, 'a2': 3.651483716701108, 'a3': 1.7329526825623371} logZ_max= 3.6074727558338715 obs_max= 0.12469152881105845
dist_min= tensor(352.6906) dist_max= tensor(7829.0931)
params_min,params_max=params_new,params_max
evaluating model at params_new={'a1': 1.1547005383792517, 'a2': 3.651483716701108, 'a3': 1.7329526825623116}
params_min= {'a1': 1.1547005383792517, 'a2': 3.651483716701108, 'a3': 1.7329526825622863} logZ_min= nan obs_min= 0.37266604736497005
params_new= {'a1': 1.1547005383792517, 'a2': 3.651483716701108, 'a3': 1.7329526825623116} logZ_new= 3.610283922813656 obs_new= 0.37135389223736087
params_max= {'a1': 1.1547005383792517, 'a2': 3.651483716701108, 'a3': 1.7329526825623371} logZ_max= 3.6074727558338715 obs_max= 0.12469152881105845
dist_min= tensor(351.2642) dist_max= tensor(7821.4176)
params_min,params_max=params_new,params_max
evaluating model at params_new={'a1': 1.1547005383792517, 'a2': 3.651483716701108, 'a3': 1.7329526825623245}
params_min= {'a1': 1.1547005383792517, 'a2': 3.651483716701108, 'a3': 1.7329526825623116} logZ_min= 3.610283922813656 obs_min= 0.37135389223736087
params_new= {'a1': 1.1547005383792517, 'a2': 3.651483716701108, 'a3': 1.7329526825623245} logZ_new= 3.6100315138775647 obs_new= 0.36213457192863896
params_max= {'a1': 1.1547005383792517, 'a2': 3.651483716701108, 'a3': 1.7329526825623371} logZ_max= 3.6074727558338715 obs_max= 0.12469152881105845
dist_min= tensor(5.5311) dist_max= tensor(7821.4482)
params_min,params_max=params_new,params_max
evaluating model at params_new={'a1': 1.1547005383792517, 'a2': 3.651483716701108, 'a3': 1.7329526825623307}
params_min= {'a1': 1.1547005383792517, 'a2': 3.651483716701108, 'a3': 1.7329526825623245} logZ_min= 3.6100315138775647 obs_min= 0.36213457192863896
params_new= {'a1': 1.1547005383792517, 'a2': 3.651483716701108, 'a3': 1.7329526825623307} logZ_new= nan obs_new= 0.37149246968854177
params_max= {'a1': 1.1547005383792517, 'a2': 3.651483716701108, 'a3': 1.7329526825623371} logZ_max= 3.6074727558338715 obs_max= 0.12469152881105845
dist_min= tensor(11.1408) dist_max= tensor(7821.4267)
params_min,params_max=params_new,params_max
evaluating model at params_new={'a1': 1.1547005383792517, 'a2': 3.651483716701108, 'a3': 1.7329526825623338}
params_min= {'a1': 1.1547005383792517, 'a2': 3.651483716701108, 'a3': 1.7329526825623307} logZ_min= nan obs_min= 0.37149246968854177
params_new= {'a1': 1.1547005383792517, 'a2': 3.651483716701108, 'a3': 1.7329526825623338} logZ_new= 3.6103927743080084 obs_new= 0.35869092433310534
params_max= {'a1': 1.1547005383792517, 'a2': 3.651483716701108, 'a3': 1.7329526825623371} logZ_max= 3.6074727558338715 obs_max= 0.12469152881105845
dist_min= tensor(10.6884) dist_max= tensor(7821.4478)
params_min,params_max=params_new,params_max
evaluating model at params_new={'a1': 1.1547005383792517, 'a2': 3.651483716701108, 'a3': 1.7329526825623356}
params_min= {'a1': 1.1547005383792517, 'a2': 3.651483716701108, 'a3': 1.7329526825623338} logZ_min= 3.6103927743080084 obs_min= 0.35869092433310534
params_new= {'a1': 1.1547005383792517, 'a2': 3.651483716701108, 'a3': 1.7329526825623356} logZ_new= 3.610392188533309 obs_new= 0.35873913100302857
params_max= {'a1': 1.1547005383792517, 'a2': 3.651483716701108, 'a3': 1.7329526825623371} logZ_max= 3.6074727558338715 obs_max= 0.12469152881105845
dist_min= tensor(0.2881) dist_max= tensor(7821.4478)
params_min,params_max=params_new,params_max
evaluating model at params_new={'a1': 1.1547005383792517, 'a2': 3.651483716701108, 'a3': 1.7329526825623365}
params_min= {'a1': 1.1547005383792517, 'a2': 3.651483716701108, 'a3': 1.7329526825623356} logZ_min= 3.610392188533309 obs_min= 0.35873913100302857
params_new= {'a1': 1.1547005383792517, 'a2': 3.651483716701108, 'a3': 1.7329526825623365} logZ_new= nan obs_new= 0.37197734569166363
params_max= {'a1': 1.1547005383792517, 'a2': 3.651483716701108, 'a3': 1.7329526825623371} logZ_max= 3.6074727558338715 obs_max= 0.12469152881105845
dist_min= tensor(16.3427) dist_max= tensor(7821.1655)
params_min,params_max=params_new,params_max
evaluating model at params_new={'a1': 1.1547005383792517, 'a2': 3.651483716701108, 'a3': 1.732952682562337}
params_min= {'a1': 1.1547005383792517, 'a2': 3.651483716701108, 'a3': 1.7329526825623365} logZ_min= nan obs_min= 0.37197734569166363
params_new= {'a1': 1.1547005383792517, 'a2': 3.651483716701108, 'a3': 1.732952682562337} logZ_new= nan obs_new= 0.3747866587728906
params_max= {'a1': 1.1547005383792517, 'a2': 3.651483716701108, 'a3': 1.7329526825623371} logZ_max= 3.6074727558338715 obs_max= 0.12469152881105845
dist_min= tensor(49.9658) dist_max= tensor(7821.1355)
params_min,params_max=params_new,params_max
critical params found:  {'a1': 1.1547005383792517, 'a2': 3.651483716701108, 'a3': 1.732952682562337}
reference params:  {'a1': 1.1547005383792515, 'a2': 1.8257418583505538, 'a3': 4.47213595499958}
file saved to  data/AKLT3D_X10_scan_grid_critical_a3/a1_1.1547005_a2_3.6514837/Tc.json
