Start running find_critical_temp.py with options:{'filename': 'data/AKLT3D_X10_scan_grid_critical_a3/a1_0.9237604_a2_3.6514837/Tc.json', 'log_filename': 'data/AKLT3D_X10_scan_grid_critical_a3/a1_0.9237604_a2_3.6514837/Tc.log', 'nLayers': 60, 'max_dim': 10, 'model': 'AKLT3D', 'params_min': "{'a1': 0.9237604307034012, 'a2': 3.651483716701108, 'a3': 0.894427190999916}", 'params_max': "{'a1': 0.9237604307034012, 'a2': 3.651483716701108, 'a3': 1.788854381999832}", 'params_ref': None, 'observable_name': 'magnetizationZ', 'tol': 0.0, 'gilt_enabled': False, 'gilt_eps': 8e-07, 'gilt_nIter': 1, 'mcf_enabled': True, 'mcf_eps': 1e-16, 'mcf_max_iter': 200, 'hotrg_sanity_check': False, 'version': 1, 'device': 'cuda:1'}
loading library...
evaluating model at params_min={'a1': 0.9237604307034012, 'a2': 3.651483716701108, 'a3': 0.894427190999916}
params_min= {'a1': 0.9237604307034012, 'a2': 3.651483716701108, 'a3': 0.894427190999916} logZ_min= 3.505283744814616 obs_min= 4.31344421929098e-30
evaluating model at params_max={'a1': 0.9237604307034012, 'a2': 3.651483716701108, 'a3': 1.788854381999832}
params_max= {'a1': 0.9237604307034012, 'a2': 3.651483716701108, 'a3': 1.788854381999832} logZ_max= nan obs_max= 1.0896751313090196
searching for critical temperature using bisection method
evaluating model at params_new={'a1': 0.9237604307034012, 'a2': 3.651483716701108, 'a3': 1.341640786499874}
params_min= {'a1': 0.9237604307034012, 'a2': 3.651483716701108, 'a3': 0.894427190999916} logZ_min= 3.505283744814616 obs_min= 4.31344421929098e-30
params_new= {'a1': 0.9237604307034012, 'a2': 3.651483716701108, 'a3': 1.341640786499874} logZ_new= 3.510433131428602 obs_new= 2.356963090124465e-24
params_max= {'a1': 0.9237604307034012, 'a2': 3.651483716701108, 'a3': 1.788854381999832} logZ_max= nan obs_max= 1.0896751313090196
dist_min= tensor(116.9717) dist_max= tensor(116.9756)
params_min,params_max=params_new,params_max
evaluating model at params_new={'a1': 0.9237604307034012, 'a2': 3.651483716701108, 'a3': 1.565247584249853}
params_min= {'a1': 0.9237604307034012, 'a2': 3.651483716701108, 'a3': 1.341640786499874} logZ_min= 3.510433131428602 obs_min= 2.356963090124465e-24
params_new= {'a1': 0.9237604307034012, 'a2': 3.651483716701108, 'a3': 1.565247584249853} logZ_new= 3.5141834071276374 obs_new= 0.9233755777753005
params_max= {'a1': 0.9237604307034012, 'a2': 3.651483716701108, 'a3': 1.788854381999832} logZ_max= nan obs_max= 1.0896751313090196
dist_min= tensor(117.6501) dist_max= tensor(12.2508)
params_min,params_max=params_min,params_new
evaluating model at params_new={'a1': 0.9237604307034012, 'a2': 3.651483716701108, 'a3': 1.4534441853748636}
params_min= {'a1': 0.9237604307034012, 'a2': 3.651483716701108, 'a3': 1.341640786499874} logZ_min= 3.510433131428602 obs_min= 2.356963090124465e-24
params_new= {'a1': 0.9237604307034012, 'a2': 3.651483716701108, 'a3': 1.4534441853748636} logZ_new= 3.512050344521433 obs_new= 0.8462347148016951
params_max= {'a1': 0.9237604307034012, 'a2': 3.651483716701108, 'a3': 1.565247584249853} logZ_max= 3.5141834071276374 obs_max= 0.9233755777753005
dist_min= tensor(117.0826) dist_max= tensor(12.2540)
params_min,params_max=params_min,params_new
evaluating model at params_new={'a1': 0.9237604307034012, 'a2': 3.651483716701108, 'a3': 1.3975424859373689}
params_min= {'a1': 0.9237604307034012, 'a2': 3.651483716701108, 'a3': 1.341640786499874} logZ_min= 3.510433131428602 obs_min= 2.356963090124465e-24
params_new= {'a1': 0.9237604307034012, 'a2': 3.651483716701108, 'a3': 1.3975424859373689} logZ_new= nan obs_new= 0.6798644445885784
params_max= {'a1': 0.9237604307034012, 'a2': 3.651483716701108, 'a3': 1.4534441853748636} logZ_max= 3.512050344521433 obs_max= 0.8462347148016951
dist_min= tensor(116.9717) dist_max= tensor(1.2526)
params_min,params_max=params_min,params_new
evaluating model at params_new={'a1': 0.9237604307034012, 'a2': 3.651483716701108, 'a3': 1.3695916362186216}
params_min= {'a1': 0.9237604307034012, 'a2': 3.651483716701108, 'a3': 1.341640786499874} logZ_min= 3.510433131428602 obs_min= 2.356963090124465e-24
params_new= {'a1': 0.9237604307034012, 'a2': 3.651483716701108, 'a3': 1.3695916362186216} logZ_new= 3.5108530316840674 obs_new= 3.339838774711653e-26
params_max= {'a1': 0.9237604307034012, 'a2': 3.651483716701108, 'a3': 1.3975424859373689} logZ_max= nan obs_max= 0.6798644445885784
dist_min= tensor(117.4805) dist_max= tensor(10.5597)
params_min,params_max=params_min,params_new
evaluating model at params_new={'a1': 0.9237604307034012, 'a2': 3.651483716701108, 'a3': 1.3556162113592478}
params_min= {'a1': 0.9237604307034012, 'a2': 3.651483716701108, 'a3': 1.341640786499874} logZ_min= 3.510433131428602 obs_min= 2.356963090124465e-24
params_new= {'a1': 0.9237604307034012, 'a2': 3.651483716701108, 'a3': 1.3556162113592478} logZ_new= nan obs_new= 2.2246389134693535e-25
params_max= {'a1': 0.9237604307034012, 'a2': 3.651483716701108, 'a3': 1.3695916362186216} logZ_max= 3.5108530316840674 obs_max= 3.339838774711653e-26
dist_min= tensor(115.8565) dist_max= tensor(10.4815)
params_min,params_max=params_min,params_new
evaluating model at params_new={'a1': 0.9237604307034012, 'a2': 3.651483716701108, 'a3': 1.348628498929561}
params_min= {'a1': 0.9237604307034012, 'a2': 3.651483716701108, 'a3': 1.341640786499874} logZ_min= 3.510433131428602 obs_min= 2.356963090124465e-24
params_new= {'a1': 0.9237604307034012, 'a2': 3.651483716701108, 'a3': 1.348628498929561} logZ_new= nan obs_new= 2.914584134998892e-25
params_max= {'a1': 0.9237604307034012, 'a2': 3.651483716701108, 'a3': 1.3556162113592478} logZ_max= nan obs_max= 2.2246389134693535e-25
dist_min= tensor(117.0182) dist_max= tensor(9.3594)
params_min,params_max=params_min,params_new
evaluating model at params_new={'a1': 0.9237604307034012, 'a2': 3.651483716701108, 'a3': 1.3451346427147175}
params_min= {'a1': 0.9237604307034012, 'a2': 3.651483716701108, 'a3': 1.341640786499874} logZ_min= 3.510433131428602 obs_min= 2.356963090124465e-24
params_new= {'a1': 0.9237604307034012, 'a2': 3.651483716701108, 'a3': 1.3451346427147175} logZ_new= 3.5105027120353602 obs_new= 7.166536094769749e-29
params_max= {'a1': 0.9237604307034012, 'a2': 3.651483716701108, 'a3': 1.348628498929561} logZ_max= nan obs_max= 2.914584134998892e-25
dist_min= tensor(113.6603) dist_max= tensor(10.3608)
params_min,params_max=params_min,params_new
evaluating model at params_new={'a1': 0.9237604307034012, 'a2': 3.651483716701108, 'a3': 1.343387714607296}
params_min= {'a1': 0.9237604307034012, 'a2': 3.651483716701108, 'a3': 1.341640786499874} logZ_min= 3.510433131428602 obs_min= 2.356963090124465e-24
params_new= {'a1': 0.9237604307034012, 'a2': 3.651483716701108, 'a3': 1.343387714607296} logZ_new= nan obs_new= 2.2879066456395993e-25
params_max= {'a1': 0.9237604307034012, 'a2': 3.651483716701108, 'a3': 1.3451346427147175} logZ_max= 3.5105027120353602 obs_max= 7.166536094769749e-29
dist_min= tensor(117.0264) dist_max= tensor(3.3786)
params_min,params_max=params_min,params_new
evaluating model at params_new={'a1': 0.9237604307034012, 'a2': 3.651483716701108, 'a3': 1.342514250553585}
params_min= {'a1': 0.9237604307034012, 'a2': 3.651483716701108, 'a3': 1.341640786499874} logZ_min= 3.510433131428602 obs_min= 2.356963090124465e-24
params_new= {'a1': 0.9237604307034012, 'a2': 3.651483716701108, 'a3': 1.342514250553585} logZ_new= 3.510327119814463 obs_new= 3.1633227605683165e-27
params_max= {'a1': 0.9237604307034012, 'a2': 3.651483716701108, 'a3': 1.343387714607296} logZ_max= nan obs_max= 2.2879066456395993e-25
dist_min= tensor(117.0859) dist_max= tensor(0.8379)
params_min,params_max=params_min,params_new
evaluating model at params_new={'a1': 0.9237604307034012, 'a2': 3.651483716701108, 'a3': 1.3420775185267295}
params_min= {'a1': 0.9237604307034012, 'a2': 3.651483716701108, 'a3': 1.341640786499874} logZ_min= 3.510433131428602 obs_min= 2.356963090124465e-24
params_new= {'a1': 0.9237604307034012, 'a2': 3.651483716701108, 'a3': 1.3420775185267295} logZ_new= nan obs_new= 9.250964404701589e-29
params_max= {'a1': 0.9237604307034012, 'a2': 3.651483716701108, 'a3': 1.342514250553585} logZ_max= 3.510327119814463 obs_max= 3.1633227605683165e-27
dist_min= tensor(116.1963) dist_max= tensor(1.8506)
params_min,params_max=params_min,params_new
evaluating model at params_new={'a1': 0.9237604307034012, 'a2': 3.651483716701108, 'a3': 1.341859152513302}
params_min= {'a1': 0.9237604307034012, 'a2': 3.651483716701108, 'a3': 1.341640786499874} logZ_min= 3.510433131428602 obs_min= 2.356963090124465e-24
params_new= {'a1': 0.9237604307034012, 'a2': 3.651483716701108, 'a3': 1.341859152513302} logZ_new= 3.5103371684050964 obs_new= 2.179793071139547e-23
params_max= {'a1': 0.9237604307034012, 'a2': 3.651483716701108, 'a3': 1.3420775185267295} logZ_max= nan obs_max= 9.250964404701589e-29
dist_min= tensor(116.4590) dist_max= tensor(1.8493)
params_min,params_max=params_min,params_new
evaluating model at params_new={'a1': 0.9237604307034012, 'a2': 3.651483716701108, 'a3': 1.341749969506588}
params_min= {'a1': 0.9237604307034012, 'a2': 3.651483716701108, 'a3': 1.341640786499874} logZ_min= 3.510433131428602 obs_min= 2.356963090124465e-24
params_new= {'a1': 0.9237604307034012, 'a2': 3.651483716701108, 'a3': 1.341749969506588} logZ_new= nan obs_new= 1.0512687908742932e-24
params_max= {'a1': 0.9237604307034012, 'a2': 3.651483716701108, 'a3': 1.341859152513302} logZ_max= 3.5103371684050964 obs_max= 2.179793071139547e-23
dist_min= tensor(117.2709) dist_max= tensor(9.4426)
params_min,params_max=params_min,params_new
evaluating model at params_new={'a1': 0.9237604307034012, 'a2': 3.651483716701108, 'a3': 1.341695378003231}
params_min= {'a1': 0.9237604307034012, 'a2': 3.651483716701108, 'a3': 1.341640786499874} logZ_min= 3.510433131428602 obs_min= 2.356963090124465e-24
params_new= {'a1': 0.9237604307034012, 'a2': 3.651483716701108, 'a3': 1.341695378003231} logZ_new= 3.5103346672321085 obs_new= 2.4366643327290607e-25
params_max= {'a1': 0.9237604307034012, 'a2': 3.651483716701108, 'a3': 1.341749969506588} logZ_max= nan obs_max= 1.0512687908742932e-24
dist_min= tensor(65.0789) dist_max= tensor(52.7249)
params_min,params_max=params_min,params_new
evaluating model at params_new={'a1': 0.9237604307034012, 'a2': 3.651483716701108, 'a3': 1.3416680822515525}
params_min= {'a1': 0.9237604307034012, 'a2': 3.651483716701108, 'a3': 1.341640786499874} logZ_min= 3.510433131428602 obs_min= 2.356963090124465e-24
params_new= {'a1': 0.9237604307034012, 'a2': 3.651483716701108, 'a3': 1.3416680822515525} logZ_new= 3.5103208672671604 obs_new= 1.3062345170611183e-24
params_max= {'a1': 0.9237604307034012, 'a2': 3.651483716701108, 'a3': 1.341695378003231} logZ_max= 3.5103346672321085 obs_max= 2.4366643327290607e-25
dist_min= tensor(116.4560) dist_max= tensor(51.4005)
params_min,params_max=params_min,params_new
evaluating model at params_new={'a1': 0.9237604307034012, 'a2': 3.651483716701108, 'a3': 1.3416544343757133}
params_min= {'a1': 0.9237604307034012, 'a2': 3.651483716701108, 'a3': 1.341640786499874} logZ_min= 3.510433131428602 obs_min= 2.356963090124465e-24
params_new= {'a1': 0.9237604307034012, 'a2': 3.651483716701108, 'a3': 1.3416544343757133} logZ_new= 3.5104410851683117 obs_new= 7.909446659449451e-26
params_max= {'a1': 0.9237604307034012, 'a2': 3.651483716701108, 'a3': 1.3416680822515525} logZ_max= 3.5103208672671604 obs_max= 1.3062345170611183e-24
dist_min= tensor(123.4271) dist_max= tensor(38.8471)
params_min,params_max=params_min,params_new
evaluating model at params_new={'a1': 0.9237604307034012, 'a2': 3.651483716701108, 'a3': 1.3416476104377937}
params_min= {'a1': 0.9237604307034012, 'a2': 3.651483716701108, 'a3': 1.341640786499874} logZ_min= 3.510433131428602 obs_min= 2.356963090124465e-24
params_new= {'a1': 0.9237604307034012, 'a2': 3.651483716701108, 'a3': 1.3416476104377937} logZ_new= nan obs_new= 1.073593627292865e-26
params_max= {'a1': 0.9237604307034012, 'a2': 3.651483716701108, 'a3': 1.3416544343757133} logZ_max= 3.5104410851683117 obs_max= 7.909446659449451e-26
dist_min= tensor(116.9967) dist_max= tensor(39.4509)
params_min,params_max=params_min,params_new
evaluating model at params_new={'a1': 0.9237604307034012, 'a2': 3.651483716701108, 'a3': 1.3416441984688339}
params_min= {'a1': 0.9237604307034012, 'a2': 3.651483716701108, 'a3': 1.341640786499874} logZ_min= 3.510433131428602 obs_min= 2.356963090124465e-24
params_new= {'a1': 0.9237604307034012, 'a2': 3.651483716701108, 'a3': 1.3416441984688339} logZ_new= nan obs_new= 3.9202205690899036e-25
params_max= {'a1': 0.9237604307034012, 'a2': 3.651483716701108, 'a3': 1.3416476104377937} logZ_max= nan obs_max= 1.073593627292865e-26
dist_min= tensor(117.1289) dist_max= tensor(7.3022)
params_min,params_max=params_min,params_new
evaluating model at params_new={'a1': 0.9237604307034012, 'a2': 3.651483716701108, 'a3': 1.341642492484354}
params_min= {'a1': 0.9237604307034012, 'a2': 3.651483716701108, 'a3': 1.341640786499874} logZ_min= 3.510433131428602 obs_min= 2.356963090124465e-24
params_new= {'a1': 0.9237604307034012, 'a2': 3.651483716701108, 'a3': 1.341642492484354} logZ_new= nan obs_new= 4.0545989982944615e-24
params_max= {'a1': 0.9237604307034012, 'a2': 3.651483716701108, 'a3': 1.3416441984688339} logZ_max= nan obs_max= 3.9202205690899036e-25
dist_min= tensor(130.6853) dist_max= tensor(51.4371)
params_min,params_max=params_min,params_new
evaluating model at params_new={'a1': 0.9237604307034012, 'a2': 3.651483716701108, 'a3': 1.341641639492114}
params_min= {'a1': 0.9237604307034012, 'a2': 3.651483716701108, 'a3': 1.341640786499874} logZ_min= 3.510433131428602 obs_min= 2.356963090124465e-24
params_new= {'a1': 0.9237604307034012, 'a2': 3.651483716701108, 'a3': 1.341641639492114} logZ_new= 3.510442654922363 obs_new= 3.706205580514698e-27
params_max= {'a1': 0.9237604307034012, 'a2': 3.651483716701108, 'a3': 1.341642492484354} logZ_max= nan obs_max= 4.0545989982944615e-24
dist_min= tensor(112.4263) dist_max= tensor(58.8928)
params_min,params_max=params_min,params_new
evaluating model at params_new={'a1': 0.9237604307034012, 'a2': 3.651483716701108, 'a3': 1.341641212995994}
params_min= {'a1': 0.9237604307034012, 'a2': 3.651483716701108, 'a3': 1.341640786499874} logZ_min= 3.510433131428602 obs_min= 2.356963090124465e-24
params_new= {'a1': 0.9237604307034012, 'a2': 3.651483716701108, 'a3': 1.341641212995994} logZ_new= 3.510442512595931 obs_new= 1.9208430726956537e-25
params_max= {'a1': 0.9237604307034012, 'a2': 3.651483716701108, 'a3': 1.341641639492114} logZ_max= 3.510442654922363 obs_max= 3.706205580514698e-27
dist_min= tensor(61.9073) dist_max= tensor(50.6116)
params_min,params_max=params_min,params_new
evaluating model at params_new={'a1': 0.9237604307034012, 'a2': 3.651483716701108, 'a3': 1.3416409997479342}
params_min= {'a1': 0.9237604307034012, 'a2': 3.651483716701108, 'a3': 1.341640786499874} logZ_min= 3.510433131428602 obs_min= 2.356963090124465e-24
params_new= {'a1': 0.9237604307034012, 'a2': 3.651483716701108, 'a3': 1.3416409997479342} logZ_new= nan obs_new= 1.0482024978233654e-25
params_max= {'a1': 0.9237604307034012, 'a2': 3.651483716701108, 'a3': 1.341641212995994} logZ_max= 3.510442512595931 obs_max= 1.9208430726956537e-25
dist_min= tensor(117.0197) dist_max= tensor(55.3611)
params_min,params_max=params_min,params_new
evaluating model at params_new={'a1': 0.9237604307034012, 'a2': 3.651483716701108, 'a3': 1.341640893123904}
params_min= {'a1': 0.9237604307034012, 'a2': 3.651483716701108, 'a3': 1.341640786499874} logZ_min= 3.510433131428602 obs_min= 2.356963090124465e-24
params_new= {'a1': 0.9237604307034012, 'a2': 3.651483716701108, 'a3': 1.341640893123904} logZ_new= nan obs_new= 3.2278274549567847e-25
params_max= {'a1': 0.9237604307034012, 'a2': 3.651483716701108, 'a3': 1.3416409997479342} logZ_max= nan obs_max= 1.0482024978233654e-25
dist_min= tensor(116.2346) dist_max= tensor(6.8979)
params_min,params_max=params_min,params_new
evaluating model at params_new={'a1': 0.9237604307034012, 'a2': 3.651483716701108, 'a3': 1.341640839811889}
params_min= {'a1': 0.9237604307034012, 'a2': 3.651483716701108, 'a3': 1.341640786499874} logZ_min= 3.510433131428602 obs_min= 2.356963090124465e-24
params_new= {'a1': 0.9237604307034012, 'a2': 3.651483716701108, 'a3': 1.341640839811889} logZ_new= nan obs_new= 1.2173206741222972e-27
params_max= {'a1': 0.9237604307034012, 'a2': 3.651483716701108, 'a3': 1.341640893123904} logZ_max= nan obs_max= 3.2278274549567847e-25
dist_min= tensor(116.9610) dist_max= tensor(5.2368)
params_min,params_max=params_min,params_new
evaluating model at params_new={'a1': 0.9237604307034012, 'a2': 3.651483716701108, 'a3': 1.3416408131558817}
params_min= {'a1': 0.9237604307034012, 'a2': 3.651483716701108, 'a3': 1.341640786499874} logZ_min= 3.510433131428602 obs_min= 2.356963090124465e-24
params_new= {'a1': 0.9237604307034012, 'a2': 3.651483716701108, 'a3': 1.3416408131558817} logZ_new= 3.510455507699624 obs_new= 1.1476825712815266e-25
params_max= {'a1': 0.9237604307034012, 'a2': 3.651483716701108, 'a3': 1.341640839811889} logZ_max= nan obs_max= 1.2173206741222972e-27
dist_min= tensor(117.0935) dist_max= tensor(1.6666)
params_min,params_max=params_min,params_new
evaluating model at params_new={'a1': 0.9237604307034012, 'a2': 3.651483716701108, 'a3': 1.3416407998278779}
params_min= {'a1': 0.9237604307034012, 'a2': 3.651483716701108, 'a3': 1.341640786499874} logZ_min= 3.510433131428602 obs_min= 2.356963090124465e-24
params_new= {'a1': 0.9237604307034012, 'a2': 3.651483716701108, 'a3': 1.3416407998278779} logZ_new= 3.510450752833888 obs_new= 9.42730491920679e-26
params_max= {'a1': 0.9237604307034012, 'a2': 3.651483716701108, 'a3': 1.3416408131558817} logZ_max= 3.510455507699624 obs_max= 1.1476825712815266e-25
dist_min= tensor(117.0931) dist_max= tensor(0.0131)
params_min,params_max=params_min,params_new
evaluating model at params_new={'a1': 0.9237604307034012, 'a2': 3.651483716701108, 'a3': 1.3416407931638759}
params_min= {'a1': 0.9237604307034012, 'a2': 3.651483716701108, 'a3': 1.341640786499874} logZ_min= 3.510433131428602 obs_min= 2.356963090124465e-24
params_new= {'a1': 0.9237604307034012, 'a2': 3.651483716701108, 'a3': 1.3416407931638759} logZ_new= nan obs_new= 1.4212138853687318e-24
params_max= {'a1': 0.9237604307034012, 'a2': 3.651483716701108, 'a3': 1.3416407998278779} logZ_max= 3.510450752833888 obs_max= 9.42730491920679e-26
dist_min= tensor(116.1170) dist_max= tensor(2.2030)
params_min,params_max=params_min,params_new
evaluating model at params_new={'a1': 0.9237604307034012, 'a2': 3.651483716701108, 'a3': 1.341640789831875}
params_min= {'a1': 0.9237604307034012, 'a2': 3.651483716701108, 'a3': 1.341640786499874} logZ_min= 3.510433131428602 obs_min= 2.356963090124465e-24
params_new= {'a1': 0.9237604307034012, 'a2': 3.651483716701108, 'a3': 1.341640789831875} logZ_new= 3.510330521294045 obs_new= 1.1170809970832186e-29
params_max= {'a1': 0.9237604307034012, 'a2': 3.651483716701108, 'a3': 1.3416407931638759} logZ_max= nan obs_max= 1.4212138853687318e-24
dist_min= tensor(112.3230) dist_max= tensor(4.2623)
params_min,params_max=params_min,params_new
evaluating model at params_new={'a1': 0.9237604307034012, 'a2': 3.651483716701108, 'a3': 1.3416407881658745}
params_min= {'a1': 0.9237604307034012, 'a2': 3.651483716701108, 'a3': 1.341640786499874} logZ_min= 3.510433131428602 obs_min= 2.356963090124465e-24
params_new= {'a1': 0.9237604307034012, 'a2': 3.651483716701108, 'a3': 1.3416407881658745} logZ_new= 3.510448981657166 obs_new= 2.0212739527354515e-26
params_max= {'a1': 0.9237604307034012, 'a2': 3.651483716701108, 'a3': 1.341640789831875} logZ_max= 3.510330521294045 obs_max= 1.1170809970832186e-29
dist_min= tensor(117.0349) dist_max= tensor(4.8347)
params_min,params_max=params_min,params_new
evaluating model at params_new={'a1': 0.9237604307034012, 'a2': 3.651483716701108, 'a3': 1.3416407873328744}
params_min= {'a1': 0.9237604307034012, 'a2': 3.651483716701108, 'a3': 1.341640786499874} logZ_min= 3.510433131428602 obs_min= 2.356963090124465e-24
params_new= {'a1': 0.9237604307034012, 'a2': 3.651483716701108, 'a3': 1.3416407873328744} logZ_new= 3.510455780282893 obs_new= 1.1577270790908404e-25
params_max= {'a1': 0.9237604307034012, 'a2': 3.651483716701108, 'a3': 1.3416407881658745} logZ_max= 3.510448981657166 obs_max= 2.0212739527354515e-26
dist_min= tensor(117.0818) dist_max= tensor(0.4105)
params_min,params_max=params_min,params_new
evaluating model at params_new={'a1': 0.9237604307034012, 'a2': 3.651483716701108, 'a3': 1.3416407869163742}
params_min= {'a1': 0.9237604307034012, 'a2': 3.651483716701108, 'a3': 1.341640786499874} logZ_min= 3.510433131428602 obs_min= 2.356963090124465e-24
params_new= {'a1': 0.9237604307034012, 'a2': 3.651483716701108, 'a3': 1.3416407869163742} logZ_new= 3.5104528969772186 obs_new= 2.401651508650787e-25
params_max= {'a1': 0.9237604307034012, 'a2': 3.651483716701108, 'a3': 1.3416407873328744} logZ_max= 3.510455780282893 obs_max= 1.1577270790908404e-25
dist_min= tensor(117.0785) dist_max= tensor(0.0246)
params_min,params_max=params_min,params_new
evaluating model at params_new={'a1': 0.9237604307034012, 'a2': 3.651483716701108, 'a3': 1.3416407867081241}
params_min= {'a1': 0.9237604307034012, 'a2': 3.651483716701108, 'a3': 1.341640786499874} logZ_min= 3.510433131428602 obs_min= 2.356963090124465e-24
params_new= {'a1': 0.9237604307034012, 'a2': 3.651483716701108, 'a3': 1.3416407867081241} logZ_new= 3.510376476709777 obs_new= 1.0329589678268288e-27
params_max= {'a1': 0.9237604307034012, 'a2': 3.651483716701108, 'a3': 1.3416407869163742} logZ_max= 3.5104528969772186 obs_max= 2.401651508650787e-25
dist_min= tensor(460.0966) dist_max= tensor(445.3391)
params_min,params_max=params_min,params_new
evaluating model at params_new={'a1': 0.9237604307034012, 'a2': 3.651483716701108, 'a3': 1.3416407866039992}
params_min= {'a1': 0.9237604307034012, 'a2': 3.651483716701108, 'a3': 1.341640786499874} logZ_min= 3.510433131428602 obs_min= 2.356963090124465e-24
params_new= {'a1': 0.9237604307034012, 'a2': 3.651483716701108, 'a3': 1.3416407866039992} logZ_new= 3.5104092688574666 obs_new= 1.347020512801194e-23
params_max= {'a1': 0.9237604307034012, 'a2': 3.651483716701108, 'a3': 1.3416407867081241} logZ_max= 3.510376476709777 obs_max= 1.0329589678268288e-27
dist_min= tensor(1917.0118) dist_max= tensor(1964.2735)
params_min,params_max=params_new,params_max
evaluating model at params_new={'a1': 0.9237604307034012, 'a2': 3.651483716701108, 'a3': 1.3416407866560616}
params_min= {'a1': 0.9237604307034012, 'a2': 3.651483716701108, 'a3': 1.3416407866039992} logZ_min= 3.5104092688574666 obs_min= 1.347020512801194e-23
params_new= {'a1': 0.9237604307034012, 'a2': 3.651483716701108, 'a3': 1.3416407866560616} logZ_new= 3.5104558942152186 obs_new= 1.7855270779780793e-24
params_max= {'a1': 0.9237604307034012, 'a2': 3.651483716701108, 'a3': 1.3416407867081241} logZ_max= 3.510376476709777 obs_max= 1.0329589678268288e-27
dist_min= tensor(1922.6057) dist_max= tensor(482.8783)
params_min,params_max=params_min,params_new
evaluating model at params_new={'a1': 0.9237604307034012, 'a2': 3.651483716701108, 'a3': 1.3416407866300304}
params_min= {'a1': 0.9237604307034012, 'a2': 3.651483716701108, 'a3': 1.3416407866039992} logZ_min= 3.5104092688574666 obs_min= 1.347020512801194e-23
params_new= {'a1': 0.9237604307034012, 'a2': 3.651483716701108, 'a3': 1.3416407866300304} logZ_new= nan obs_new= 8.252206971517909e-26
params_max= {'a1': 0.9237604307034012, 'a2': 3.651483716701108, 'a3': 1.3416407866560616} logZ_max= 3.5104558942152186 obs_max= 1.7855270779780793e-24
dist_min= tensor(1913.4785) dist_max= tensor(186.8565)
params_min,params_max=params_min,params_new
evaluating model at params_new={'a1': 0.9237604307034012, 'a2': 3.651483716701108, 'a3': 1.3416407866170148}
params_min= {'a1': 0.9237604307034012, 'a2': 3.651483716701108, 'a3': 1.3416407866039992} logZ_min= 3.5104092688574666 obs_min= 1.347020512801194e-23
params_new= {'a1': 0.9237604307034012, 'a2': 3.651483716701108, 'a3': 1.3416407866170148} logZ_new= nan obs_new= 7.434268493747713e-26
params_max= {'a1': 0.9237604307034012, 'a2': 3.651483716701108, 'a3': 1.3416407866300304} logZ_max= nan obs_max= 8.252206971517909e-26
dist_min= tensor(1913.4925) dist_max= tensor(1.6510)
params_min,params_max=params_min,params_new
evaluating model at params_new={'a1': 0.9237604307034012, 'a2': 3.651483716701108, 'a3': 1.341640786610507}
params_min= {'a1': 0.9237604307034012, 'a2': 3.651483716701108, 'a3': 1.3416407866039992} logZ_min= 3.5104092688574666 obs_min= 1.347020512801194e-23
params_new= {'a1': 0.9237604307034012, 'a2': 3.651483716701108, 'a3': 1.341640786610507} logZ_new= nan obs_new= 5.766626030609142e-26
params_max= {'a1': 0.9237604307034012, 'a2': 3.651483716701108, 'a3': 1.3416407866170148} logZ_max= nan obs_max= 7.434268493747713e-26
dist_min= tensor(1913.5126) dist_max= tensor(10.0872)
params_min,params_max=params_min,params_new
evaluating model at params_new={'a1': 0.9237604307034012, 'a2': 3.651483716701108, 'a3': 1.341640786607253}
params_min= {'a1': 0.9237604307034012, 'a2': 3.651483716701108, 'a3': 1.3416407866039992} logZ_min= 3.5104092688574666 obs_min= 1.347020512801194e-23
params_new= {'a1': 0.9237604307034012, 'a2': 3.651483716701108, 'a3': 1.341640786607253} logZ_new= 3.5104287419479308 obs_new= 1.7134650460407905e-25
params_max= {'a1': 0.9237604307034012, 'a2': 3.651483716701108, 'a3': 1.341640786610507} logZ_max= nan obs_max= 5.766626030609142e-26
dist_min= tensor(1913.2806) dist_max= tensor(14.4093)
params_min,params_max=params_min,params_new
evaluating model at params_new={'a1': 0.9237604307034012, 'a2': 3.651483716701108, 'a3': 1.3416407866056261}
params_min= {'a1': 0.9237604307034012, 'a2': 3.651483716701108, 'a3': 1.3416407866039992} logZ_min= 3.5104092688574666 obs_min= 1.347020512801194e-23
params_new= {'a1': 0.9237604307034012, 'a2': 3.651483716701108, 'a3': 1.3416407866056261} logZ_new= 3.510446404292538 obs_new= 6.183295580052416e-26
params_max= {'a1': 0.9237604307034012, 'a2': 3.651483716701108, 'a3': 1.341640786607253} logZ_max= 3.5104287419479308 obs_max= 1.7134650460407905e-25
dist_min= tensor(1913.4129) dist_max= tensor(91.5158)
params_min,params_max=params_min,params_new
evaluating model at params_new={'a1': 0.9237604307034012, 'a2': 3.651483716701108, 'a3': 1.3416407866048128}
params_min= {'a1': 0.9237604307034012, 'a2': 3.651483716701108, 'a3': 1.3416407866039992} logZ_min= 3.5104092688574666 obs_min= 1.347020512801194e-23
params_new= {'a1': 0.9237604307034012, 'a2': 3.651483716701108, 'a3': 1.3416407866048128} logZ_new= 3.510456344003362 obs_new= 3.267798881283942e-29
params_max= {'a1': 0.9237604307034012, 'a2': 3.651483716701108, 'a3': 1.3416407866056261} logZ_max= 3.510446404292538 obs_max= 6.183295580052416e-26
dist_min= tensor(1913.4966) dist_max= tensor(91.0737)
params_min,params_max=params_min,params_new
evaluating model at params_new={'a1': 0.9237604307034012, 'a2': 3.651483716701108, 'a3': 1.341640786604406}
params_min= {'a1': 0.9237604307034012, 'a2': 3.651483716701108, 'a3': 1.3416407866039992} logZ_min= 3.5104092688574666 obs_min= 1.347020512801194e-23
params_new= {'a1': 0.9237604307034012, 'a2': 3.651483716701108, 'a3': 1.341640786604406} logZ_new= nan obs_new= 1.616443217758527e-25
params_max= {'a1': 0.9237604307034012, 'a2': 3.651483716701108, 'a3': 1.3416407866048128} logZ_max= 3.510456344003362 obs_max= 3.267798881283942e-29
dist_min= tensor(1913.3804) dist_max= tensor(9.6025)
params_min,params_max=params_min,params_new
evaluating model at params_new={'a1': 0.9237604307034012, 'a2': 3.651483716701108, 'a3': 1.3416407866042026}
params_min= {'a1': 0.9237604307034012, 'a2': 3.651483716701108, 'a3': 1.3416407866039992} logZ_min= 3.5104092688574666 obs_min= 1.347020512801194e-23
params_new= {'a1': 0.9237604307034012, 'a2': 3.651483716701108, 'a3': 1.3416407866042026} logZ_new= nan obs_new= 2.0503358166465165e-25
params_max= {'a1': 0.9237604307034012, 'a2': 3.651483716701108, 'a3': 1.341640786604406} logZ_max= nan obs_max= 1.616443217758527e-25
dist_min= tensor(1913.4883) dist_max= tensor(4.0039)
params_min,params_max=params_min,params_new
evaluating model at params_new={'a1': 0.9237604307034012, 'a2': 3.651483716701108, 'a3': 1.341640786604101}
params_min= {'a1': 0.9237604307034012, 'a2': 3.651483716701108, 'a3': 1.3416407866039992} logZ_min= 3.5104092688574666 obs_min= 1.347020512801194e-23
params_new= {'a1': 0.9237604307034012, 'a2': 3.651483716701108, 'a3': 1.341640786604101} logZ_new= 3.510319178235081 obs_new= 4.235178790661884e-27
params_max= {'a1': 0.9237604307034012, 'a2': 3.651483716701108, 'a3': 1.3416407866042026} logZ_max= nan obs_max= 2.0503358166465165e-25
dist_min= tensor(1913.4983) dist_max= tensor(5.9514)
params_min,params_max=params_min,params_new
evaluating model at params_new={'a1': 0.9237604307034012, 'a2': 3.651483716701108, 'a3': 1.34164078660405}
params_min= {'a1': 0.9237604307034012, 'a2': 3.651483716701108, 'a3': 1.3416407866039992} logZ_min= 3.5104092688574666 obs_min= 1.347020512801194e-23
params_new= {'a1': 0.9237604307034012, 'a2': 3.651483716701108, 'a3': 1.34164078660405} logZ_new= nan obs_new= 2.3901779844491115e-25
params_max= {'a1': 0.9237604307034012, 'a2': 3.651483716701108, 'a3': 1.341640786604101} logZ_max= 3.510319178235081 obs_max= 4.235178790661884e-27
dist_min= tensor(2050.5141) dist_max= tensor(760.4718)
params_min,params_max=params_min,params_new
evaluating model at params_new={'a1': 0.9237604307034012, 'a2': 3.651483716701108, 'a3': 1.3416407866040245}
params_min= {'a1': 0.9237604307034012, 'a2': 3.651483716701108, 'a3': 1.3416407866039992} logZ_min= 3.5104092688574666 obs_min= 1.347020512801194e-23
params_new= {'a1': 0.9237604307034012, 'a2': 3.651483716701108, 'a3': 1.3416407866040245} logZ_new= 3.5104386185796845 obs_new= 5.160508421558822e-26
params_max= {'a1': 0.9237604307034012, 'a2': 3.651483716701108, 'a3': 1.34164078660405} logZ_max= nan obs_max= 2.3901779844491115e-25
dist_min= tensor(1923.6242) dist_max= tensor(786.5127)
params_min,params_max=params_min,params_new
evaluating model at params_new={'a1': 0.9237604307034012, 'a2': 3.651483716701108, 'a3': 1.3416407866040119}
params_min= {'a1': 0.9237604307034012, 'a2': 3.651483716701108, 'a3': 1.3416407866039992} logZ_min= 3.5104092688574666 obs_min= 1.347020512801194e-23
params_new= {'a1': 0.9237604307034012, 'a2': 3.651483716701108, 'a3': 1.3416407866040119} logZ_new= 3.5103972734341142 obs_new= 3.5862753731367797e-25
params_max= {'a1': 0.9237604307034012, 'a2': 3.651483716701108, 'a3': 1.3416407866040245} logZ_max= 3.5104386185796845 obs_max= 5.160508421558822e-26
dist_min= tensor(1913.4168) dist_max= tensor(200.2607)
params_min,params_max=params_min,params_new
evaluating model at params_new={'a1': 0.9237604307034012, 'a2': 3.651483716701108, 'a3': 1.3416407866040054}
params_min= {'a1': 0.9237604307034012, 'a2': 3.651483716701108, 'a3': 1.3416407866039992} logZ_min= 3.5104092688574666 obs_min= 1.347020512801194e-23
params_new= {'a1': 0.9237604307034012, 'a2': 3.651483716701108, 'a3': 1.3416407866040054} logZ_new= 3.5104535691293877 obs_new= 2.6560254570500303e-27
params_max= {'a1': 0.9237604307034012, 'a2': 3.651483716701108, 'a3': 1.3416407866040119} logZ_max= 3.5103972734341142 obs_max= 3.5862753731367797e-25
dist_min= tensor(1913.4656) dist_max= tensor(2.3102)
params_min,params_max=params_min,params_new
evaluating model at params_new={'a1': 0.9237604307034012, 'a2': 3.651483716701108, 'a3': 1.3416407866040023}
params_min= {'a1': 0.9237604307034012, 'a2': 3.651483716701108, 'a3': 1.3416407866039992} logZ_min= 3.5104092688574666 obs_min= 1.347020512801194e-23
params_new= {'a1': 0.9237604307034012, 'a2': 3.651483716701108, 'a3': 1.3416407866040023} logZ_new= 3.5104556508484124 obs_new= 2.138168665250945e-24
params_max= {'a1': 0.9237604307034012, 'a2': 3.651483716701108, 'a3': 1.3416407866040054} logZ_max= 3.5104535691293877 obs_max= 2.6560254570500303e-27
dist_min= tensor(1913.4949) dist_max= tensor(2.3015)
params_min,params_max=params_min,params_new
evaluating model at params_new={'a1': 0.9237604307034012, 'a2': 3.651483716701108, 'a3': 1.3416407866040008}
params_min= {'a1': 0.9237604307034012, 'a2': 3.651483716701108, 'a3': 1.3416407866039992} logZ_min= 3.5104092688574666 obs_min= 1.347020512801194e-23
params_new= {'a1': 0.9237604307034012, 'a2': 3.651483716701108, 'a3': 1.3416407866040008} logZ_new= 3.510455390787268 obs_new= 4.988638189415994e-27
params_max= {'a1': 0.9237604307034012, 'a2': 3.651483716701108, 'a3': 1.3416407866040023} logZ_max= 3.5104556508484124 obs_max= 2.138168665250945e-24
dist_min= tensor(1913.4659) dist_max= tensor(2.2647)
params_min,params_max=params_min,params_new
evaluating model at params_new={'a1': 0.9237604307034012, 'a2': 3.651483716701108, 'a3': 1.341640786604}
params_min= {'a1': 0.9237604307034012, 'a2': 3.651483716701108, 'a3': 1.3416407866039992} logZ_min= 3.5104092688574666 obs_min= 1.347020512801194e-23
params_new= {'a1': 0.9237604307034012, 'a2': 3.651483716701108, 'a3': 1.341640786604} logZ_new= 3.5104326900540093 obs_new= 7.546012599054015e-25
params_max= {'a1': 0.9237604307034012, 'a2': 3.651483716701108, 'a3': 1.3416407866040008} logZ_max= 3.510455390787268 obs_max= 4.988638189415994e-27
dist_min= tensor(1913.4650) dist_max= tensor(0.4005)
params_min,params_max=params_min,params_new
evaluating model at params_new={'a1': 0.9237604307034012, 'a2': 3.651483716701108, 'a3': 1.3416407866039997}
params_min= {'a1': 0.9237604307034012, 'a2': 3.651483716701108, 'a3': 1.3416407866039992} logZ_min= 3.5104092688574666 obs_min= 1.347020512801194e-23
params_new= {'a1': 0.9237604307034012, 'a2': 3.651483716701108, 'a3': 1.3416407866039997} logZ_new= nan obs_new= 1.9353034889791021e-25
params_max= {'a1': 0.9237604307034012, 'a2': 3.651483716701108, 'a3': 1.341640786604} logZ_max= 3.5104326900540093 obs_max= 7.546012599054015e-25
dist_min= tensor(1913.6490) dist_max= tensor(24.8104)
params_min,params_max=params_min,params_new
evaluating model at params_new={'a1': 0.9237604307034012, 'a2': 3.651483716701108, 'a3': 1.3416407866039994}
params_min= {'a1': 0.9237604307034012, 'a2': 3.651483716701108, 'a3': 1.3416407866039992} logZ_min= 3.5104092688574666 obs_min= 1.347020512801194e-23
params_new= {'a1': 0.9237604307034012, 'a2': 3.651483716701108, 'a3': 1.3416407866039994} logZ_new= nan obs_new= 7.224197682178789e-26
params_max= {'a1': 0.9237604307034012, 'a2': 3.651483716701108, 'a3': 1.3416407866039997} logZ_max= nan obs_max= 1.9353034889791021e-25
dist_min= tensor(1913.4862) dist_max= tensor(19.7577)
params_min,params_max=params_min,params_new
critical params found:  {'a1': 0.9237604307034012, 'a2': 3.651483716701108, 'a3': 1.3416407866039992}
reference params:  {'a1': 1.1547005383792515, 'a2': 1.8257418583505538, 'a3': 4.47213595499958}
file saved to  data/AKLT3D_X10_scan_grid_critical_a3/a1_0.9237604_a2_3.6514837/Tc.json
