Start running find_critical_temp.py with options:{'filename': 'data/AKLT3D_X10_scan_grid_critical_a3/a1_2.3094011_a2_1.4605935/Tc.json', 'log_filename': 'data/AKLT3D_X10_scan_grid_critical_a3/a1_2.3094011_a2_1.4605935/Tc.log', 'nLayers': 60, 'max_dim': 10, 'model': 'AKLT3D', 'params_min': "{'a1': 2.309401076758503, 'a2': 1.460593486680443, 'a3': 6.260990336999412}", 'params_max': "{'a1': 2.309401076758503, 'a2': 1.460593486680443, 'a3': 7.155417527999328}", 'params_ref': None, 'observable_name': 'magnetizationZ', 'tol': 0.0, 'gilt_enabled': False, 'gilt_eps': 8e-07, 'gilt_nIter': 1, 'mcf_enabled': True, 'mcf_eps': 1e-16, 'mcf_max_iter': 200, 'hotrg_sanity_check': False, 'version': 1, 'device': 'cuda:1'}
loading library...
evaluating model at params_min={'a1': 2.309401076758503, 'a2': 1.460593486680443, 'a3': 6.260990336999412}
params_min= {'a1': 2.309401076758503, 'a2': 1.460593486680443, 'a3': 6.260990336999412} logZ_min= nan obs_min= 2.234233293864009e-32
evaluating model at params_max={'a1': 2.309401076758503, 'a2': 1.460593486680443, 'a3': 7.155417527999328}
params_max= {'a1': 2.309401076758503, 'a2': 1.460593486680443, 'a3': 7.155417527999328} logZ_max= 3.934087884527357 obs_max= 8.462210239679116
searching for critical temperature using bisection method
evaluating model at params_new={'a1': 2.309401076758503, 'a2': 1.460593486680443, 'a3': 6.708203932499369}
params_min= {'a1': 2.309401076758503, 'a2': 1.460593486680443, 'a3': 6.260990336999412} logZ_min= nan obs_min= 2.234233293864009e-32
params_new= {'a1': 2.309401076758503, 'a2': 1.460593486680443, 'a3': 6.708203932499369} logZ_new= nan obs_new= 1.0124547880337542e-33
params_max= {'a1': 2.309401076758503, 'a2': 1.460593486680443, 'a3': 7.155417527999328} logZ_max= 3.934087884527357 obs_max= 8.462210239679116
dist_min= tensor(13.1395) dist_max= tensor(32.5721)
params_min,params_max=params_new,params_max
evaluating model at params_new={'a1': 2.309401076758503, 'a2': 1.460593486680443, 'a3': 6.931810730249349}
params_min= {'a1': 2.309401076758503, 'a2': 1.460593486680443, 'a3': 6.708203932499369} logZ_min= nan obs_min= 1.0124547880337542e-33
params_new= {'a1': 2.309401076758503, 'a2': 1.460593486680443, 'a3': 6.931810730249349} logZ_new= nan obs_new= 1.853427423899774e-32
params_max= {'a1': 2.309401076758503, 'a2': 1.460593486680443, 'a3': 7.155417527999328} logZ_max= 3.934087884527357 obs_max= 8.462210239679116
dist_min= tensor(30.9934) dist_max= tensor(11.8525)
params_min,params_max=params_min,params_new
evaluating model at params_new={'a1': 2.309401076758503, 'a2': 1.460593486680443, 'a3': 6.820007331374359}
params_min= {'a1': 2.309401076758503, 'a2': 1.460593486680443, 'a3': 6.708203932499369} logZ_min= nan obs_min= 1.0124547880337542e-33
params_new= {'a1': 2.309401076758503, 'a2': 1.460593486680443, 'a3': 6.820007331374359} logZ_new= 3.8950849555280405 obs_new= 4.534283639415939e-31
params_max= {'a1': 2.309401076758503, 'a2': 1.460593486680443, 'a3': 6.931810730249349} logZ_max= nan obs_max= 1.853427423899774e-32
dist_min= tensor(8.6310) dist_max= tensor(31.1714)
params_min,params_max=params_new,params_max
evaluating model at params_new={'a1': 2.309401076758503, 'a2': 1.460593486680443, 'a3': 6.8759090308118544}
params_min= {'a1': 2.309401076758503, 'a2': 1.460593486680443, 'a3': 6.820007331374359} logZ_min= 3.8950849555280405 obs_min= 4.534283639415939e-31
params_new= {'a1': 2.309401076758503, 'a2': 1.460593486680443, 'a3': 6.8759090308118544} logZ_new= 3.8941021121710873 obs_new= 6.297409247881684e-32
params_max= {'a1': 2.309401076758503, 'a2': 1.460593486680443, 'a3': 6.931810730249349} logZ_max= nan obs_max= 1.853427423899774e-32
dist_min= tensor(29.0274) dist_max= tensor(11.3866)
params_min,params_max=params_min,params_new
evaluating model at params_new={'a1': 2.309401076758503, 'a2': 1.460593486680443, 'a3': 6.847958181093107}
params_min= {'a1': 2.309401076758503, 'a2': 1.460593486680443, 'a3': 6.820007331374359} logZ_min= 3.8950849555280405 obs_min= 4.534283639415939e-31
params_new= {'a1': 2.309401076758503, 'a2': 1.460593486680443, 'a3': 6.847958181093107} logZ_new= 3.894271589083721 obs_new= 4.351769523926942e-32
params_max= {'a1': 2.309401076758503, 'a2': 1.460593486680443, 'a3': 6.8759090308118544} logZ_max= 3.8941021121710873 obs_max= 6.297409247881684e-32
dist_min= tensor(805.1606) dist_max= tensor(804.3278)
params_min,params_max=params_min,params_new
evaluating model at params_new={'a1': 2.309401076758503, 'a2': 1.460593486680443, 'a3': 6.833982756233733}
params_min= {'a1': 2.309401076758503, 'a2': 1.460593486680443, 'a3': 6.820007331374359} logZ_min= 3.8950849555280405 obs_min= 4.534283639415939e-31
params_new= {'a1': 2.309401076758503, 'a2': 1.460593486680443, 'a3': 6.833982756233733} logZ_new= 3.894317217339236 obs_new= 5.958647477333469e-31
params_max= {'a1': 2.309401076758503, 'a2': 1.460593486680443, 'a3': 6.847958181093107} logZ_max= 3.894271589083721 obs_max= 4.351769523926942e-32
dist_min= tensor(29.0417) dist_max= tensor(804.2976)
params_min,params_max=params_new,params_max
evaluating model at params_new={'a1': 2.309401076758503, 'a2': 1.460593486680443, 'a3': 6.84097046866342}
params_min= {'a1': 2.309401076758503, 'a2': 1.460593486680443, 'a3': 6.833982756233733} logZ_min= 3.894317217339236 obs_min= 5.958647477333469e-31
params_new= {'a1': 2.309401076758503, 'a2': 1.460593486680443, 'a3': 6.84097046866342} logZ_new= nan obs_new= 2.369294625939995e-33
params_max= {'a1': 2.309401076758503, 'a2': 1.460593486680443, 'a3': 6.847958181093107} logZ_max= 3.894271589083721 obs_max= 4.351769523926942e-32
dist_min= tensor(26.6457) dist_max= tensor(805.3562)
params_min,params_max=params_new,params_max
evaluating model at params_new={'a1': 2.309401076758503, 'a2': 1.460593486680443, 'a3': 6.844464324878263}
params_min= {'a1': 2.309401076758503, 'a2': 1.460593486680443, 'a3': 6.84097046866342} logZ_min= nan obs_min= 2.369294625939995e-33
params_new= {'a1': 2.309401076758503, 'a2': 1.460593486680443, 'a3': 6.844464324878263} logZ_new= 3.894159230977966 obs_new= 7.345976037956012e-33
params_max= {'a1': 2.309401076758503, 'a2': 1.460593486680443, 'a3': 6.847958181093107} logZ_max= 3.894271589083721 obs_max= 4.351769523926942e-32
dist_min= tensor(26.6562) dist_max= tensor(804.3007)
params_min,params_max=params_new,params_max
evaluating model at params_new={'a1': 2.309401076758503, 'a2': 1.460593486680443, 'a3': 6.846211252985685}
params_min= {'a1': 2.309401076758503, 'a2': 1.460593486680443, 'a3': 6.844464324878263} logZ_min= 3.894159230977966 obs_min= 7.345976037956012e-33
params_new= {'a1': 2.309401076758503, 'a2': 1.460593486680443, 'a3': 6.846211252985685} logZ_new= nan obs_new= 1.6805984014813763e-31
params_max= {'a1': 2.309401076758503, 'a2': 1.460593486680443, 'a3': 6.847958181093107} logZ_max= 3.894271589083721 obs_max= 4.351769523926942e-32
dist_min= tensor(123.1773) dist_max= tensor(806.7405)
params_min,params_max=params_new,params_max
evaluating model at params_new={'a1': 2.309401076758503, 'a2': 1.460593486680443, 'a3': 6.847084717039396}
params_min= {'a1': 2.309401076758503, 'a2': 1.460593486680443, 'a3': 6.846211252985685} logZ_min= nan obs_min= 1.6805984014813763e-31
params_new= {'a1': 2.309401076758503, 'a2': 1.460593486680443, 'a3': 6.847084717039396} logZ_new= 3.8939214047326445 obs_new= 3.8526530010103565e-32
params_max= {'a1': 2.309401076758503, 'a2': 1.460593486680443, 'a3': 6.847958181093107} logZ_max= 3.894271589083721 obs_max= 4.351769523926942e-32
dist_min= tensor(123.1513) dist_max= tensor(804.2973)
params_min,params_max=params_new,params_max
evaluating model at params_new={'a1': 2.309401076758503, 'a2': 1.460593486680443, 'a3': 6.847521449066251}
params_min= {'a1': 2.309401076758503, 'a2': 1.460593486680443, 'a3': 6.847084717039396} logZ_min= 3.8939214047326445 obs_min= 3.8526530010103565e-32
params_new= {'a1': 2.309401076758503, 'a2': 1.460593486680443, 'a3': 6.847521449066251} logZ_new= nan obs_new= 3.32543310722669e-32
params_max= {'a1': 2.309401076758503, 'a2': 1.460593486680443, 'a3': 6.847958181093107} logZ_max= 3.894271589083721 obs_max= 4.351769523926942e-32
dist_min= tensor(52.6060) dist_max= tensor(806.9065)
params_min,params_max=params_new,params_max
evaluating model at params_new={'a1': 2.309401076758503, 'a2': 1.460593486680443, 'a3': 6.847739815079679}
params_min= {'a1': 2.309401076758503, 'a2': 1.460593486680443, 'a3': 6.847521449066251} logZ_min= nan obs_min= 3.32543310722669e-32
params_new= {'a1': 2.309401076758503, 'a2': 1.460593486680443, 'a3': 6.847739815079679} logZ_new= 3.8941001724734416 obs_new= 1.5587151610083044e-32
params_max= {'a1': 2.309401076758503, 'a2': 1.460593486680443, 'a3': 6.847958181093107} logZ_max= 3.894271589083721 obs_max= 4.351769523926942e-32
dist_min= tensor(53.7367) dist_max= tensor(804.4673)
params_min,params_max=params_new,params_max
evaluating model at params_new={'a1': 2.309401076758503, 'a2': 1.460593486680443, 'a3': 6.847848998086393}
params_min= {'a1': 2.309401076758503, 'a2': 1.460593486680443, 'a3': 6.847739815079679} logZ_min= 3.8941001724734416 obs_min= 1.5587151610083044e-32
params_new= {'a1': 2.309401076758503, 'a2': 1.460593486680443, 'a3': 6.847848998086393} logZ_new= nan obs_new= 8.636385459775754e-33
params_max= {'a1': 2.309401076758503, 'a2': 1.460593486680443, 'a3': 6.847958181093107} logZ_max= 3.894271589083721 obs_max= 4.351769523926942e-32
dist_min= tensor(12.4677) dist_max= tensor(805.1147)
params_min,params_max=params_new,params_max
evaluating model at params_new={'a1': 2.309401076758503, 'a2': 1.460593486680443, 'a3': 6.84790358958975}
params_min= {'a1': 2.309401076758503, 'a2': 1.460593486680443, 'a3': 6.847848998086393} logZ_min= nan obs_min= 8.636385459775754e-33
params_new= {'a1': 2.309401076758503, 'a2': 1.460593486680443, 'a3': 6.84790358958975} logZ_new= 3.8944868623581868 obs_new= 3.505213578148022e-33
params_max= {'a1': 2.309401076758503, 'a2': 1.460593486680443, 'a3': 6.847958181093107} logZ_max= 3.894271589083721 obs_max= 4.351769523926942e-32
dist_min= tensor(3921.8661) dist_max= tensor(3123.8723)
params_min,params_max=params_min,params_new
evaluating model at params_new={'a1': 2.309401076758503, 'a2': 1.460593486680443, 'a3': 6.8478762938380715}
params_min= {'a1': 2.309401076758503, 'a2': 1.460593486680443, 'a3': 6.847848998086393} logZ_min= nan obs_min= 8.636385459775754e-33
params_new= {'a1': 2.309401076758503, 'a2': 1.460593486680443, 'a3': 6.8478762938380715} logZ_new= nan obs_new= 6.134598536530463e-33
params_max= {'a1': 2.309401076758503, 'a2': 1.460593486680443, 'a3': 6.84790358958975} logZ_max= 3.8944868623581868 obs_max= 3.505213578148022e-33
dist_min= tensor(132.7879) dist_max= tensor(3917.3460)
params_min,params_max=params_new,params_max
evaluating model at params_new={'a1': 2.309401076758503, 'a2': 1.460593486680443, 'a3': 6.847889941713911}
params_min= {'a1': 2.309401076758503, 'a2': 1.460593486680443, 'a3': 6.8478762938380715} logZ_min= nan obs_min= 6.134598536530463e-33
params_new= {'a1': 2.309401076758503, 'a2': 1.460593486680443, 'a3': 6.847889941713911} logZ_new= 3.893969009547862 obs_new= 2.206295369519884e-33
params_max= {'a1': 2.309401076758503, 'a2': 1.460593486680443, 'a3': 6.84790358958975} logZ_max= 3.8944868623581868 obs_max= 3.505213578148022e-33
dist_min= tensor(133.4035) dist_max= tensor(3921.6161)
params_min,params_max=params_new,params_max
evaluating model at params_new={'a1': 2.309401076758503, 'a2': 1.460593486680443, 'a3': 6.84789676565183}
params_min= {'a1': 2.309401076758503, 'a2': 1.460593486680443, 'a3': 6.847889941713911} logZ_min= 3.893969009547862 obs_min= 2.206295369519884e-33
params_new= {'a1': 2.309401076758503, 'a2': 1.460593486680443, 'a3': 6.84789676565183} logZ_new= 3.89447652188153 obs_new= 1.7036081646080147e-31
params_max= {'a1': 2.309401076758503, 'a2': 1.460593486680443, 'a3': 6.84790358958975} logZ_max= 3.8944868623581868 obs_max= 3.505213578148022e-33
dist_min= tensor(35.2311) dist_max= tensor(3921.5032)
params_min,params_max=params_new,params_max
evaluating model at params_new={'a1': 2.309401076758503, 'a2': 1.460593486680443, 'a3': 6.84790017762079}
params_min= {'a1': 2.309401076758503, 'a2': 1.460593486680443, 'a3': 6.84789676565183} logZ_min= 3.89447652188153 obs_min= 1.7036081646080147e-31
params_new= {'a1': 2.309401076758503, 'a2': 1.460593486680443, 'a3': 6.84790017762079} logZ_new= 3.8939907116341548 obs_new= 6.568012866937904e-34
params_max= {'a1': 2.309401076758503, 'a2': 1.460593486680443, 'a3': 6.84790358958975} logZ_max= 3.8944868623581868 obs_max= 3.505213578148022e-33
dist_min= tensor(35.2628) dist_max= tensor(3921.6241)
params_min,params_max=params_new,params_max
evaluating model at params_new={'a1': 2.309401076758503, 'a2': 1.460593486680443, 'a3': 6.84790188360527}
params_min= {'a1': 2.309401076758503, 'a2': 1.460593486680443, 'a3': 6.84790017762079} logZ_min= 3.8939907116341548 obs_min= 6.568012866937904e-34
params_new= {'a1': 2.309401076758503, 'a2': 1.460593486680443, 'a3': 6.84790188360527} logZ_new= nan obs_new= 1.2214605407896447e-32
params_max= {'a1': 2.309401076758503, 'a2': 1.460593486680443, 'a3': 6.84790358958975} logZ_max= 3.8944868623581868 obs_max= 3.505213578148022e-33
dist_min= tensor(46.8176) dist_max= tensor(3921.9380)
params_min,params_max=params_new,params_max
evaluating model at params_new={'a1': 2.309401076758503, 'a2': 1.460593486680443, 'a3': 6.84790273659751}
params_min= {'a1': 2.309401076758503, 'a2': 1.460593486680443, 'a3': 6.84790188360527} logZ_min= nan obs_min= 1.2214605407896447e-32
params_new= {'a1': 2.309401076758503, 'a2': 1.460593486680443, 'a3': 6.84790273659751} logZ_new= 3.894106174152002 obs_new= 6.185413140821825e-34
params_max= {'a1': 2.309401076758503, 'a2': 1.460593486680443, 'a3': 6.84790358958975} logZ_max= 3.8944868623581868 obs_max= 3.505213578148022e-33
dist_min= tensor(46.0430) dist_max= tensor(3920.9802)
params_min,params_max=params_new,params_max
evaluating model at params_new={'a1': 2.309401076758503, 'a2': 1.460593486680443, 'a3': 6.84790316309363}
params_min= {'a1': 2.309401076758503, 'a2': 1.460593486680443, 'a3': 6.84790273659751} logZ_min= 3.894106174152002 obs_min= 6.185413140821825e-34
params_new= {'a1': 2.309401076758503, 'a2': 1.460593486680443, 'a3': 6.84790316309363} logZ_new= 3.894490611872732 obs_new= 8.530776246272882e-32
params_max= {'a1': 2.309401076758503, 'a2': 1.460593486680443, 'a3': 6.84790358958975} logZ_max= 3.8944868623581868 obs_max= 3.505213578148022e-33
dist_min= tensor(0.5449) dist_max= tensor(3921.0248)
params_min,params_max=params_new,params_max
evaluating model at params_new={'a1': 2.309401076758503, 'a2': 1.460593486680443, 'a3': 6.84790337634169}
params_min= {'a1': 2.309401076758503, 'a2': 1.460593486680443, 'a3': 6.84790316309363} logZ_min= 3.894490611872732 obs_min= 8.530776246272882e-32
params_new= {'a1': 2.309401076758503, 'a2': 1.460593486680443, 'a3': 6.84790337634169} logZ_new= 3.8944314488006886 obs_new= 3.3078598049497177e-32
params_max= {'a1': 2.309401076758503, 'a2': 1.460593486680443, 'a3': 6.84790358958975} logZ_max= 3.8944868623581868 obs_max= 3.505213578148022e-33
dist_min= tensor(39.3422) dist_max= tensor(3921.5913)
params_min,params_max=params_new,params_max
evaluating model at params_new={'a1': 2.309401076758503, 'a2': 1.460593486680443, 'a3': 6.8479034829657195}
params_min= {'a1': 2.309401076758503, 'a2': 1.460593486680443, 'a3': 6.84790337634169} logZ_min= 3.8944314488006886 obs_min= 3.3078598049497177e-32
params_new= {'a1': 2.309401076758503, 'a2': 1.460593486680443, 'a3': 6.8479034829657195} logZ_new= 3.8940237494271086 obs_new= 2.051530236089149e-32
params_max= {'a1': 2.309401076758503, 'a2': 1.460593486680443, 'a3': 6.84790358958975} logZ_max= 3.8944868623581868 obs_max= 3.505213578148022e-33
dist_min= tensor(1998.1117) dist_max= tensor(4391.2137)
params_min,params_max=params_new,params_max
evaluating model at params_new={'a1': 2.309401076758503, 'a2': 1.460593486680443, 'a3': 6.847903536277735}
params_min= {'a1': 2.309401076758503, 'a2': 1.460593486680443, 'a3': 6.8479034829657195} logZ_min= 3.8940237494271086 obs_min= 2.051530236089149e-32
params_new= {'a1': 2.309401076758503, 'a2': 1.460593486680443, 'a3': 6.847903536277735} logZ_new= 3.894291116967668 obs_new= 3.3218079893158683e-32
params_max= {'a1': 2.309401076758503, 'a2': 1.460593486680443, 'a3': 6.84790358958975} logZ_max= 3.8944868623581868 obs_max= 3.505213578148022e-33
dist_min= tensor(3128.2122) dist_max= tensor(4628.8826)
params_min,params_max=params_new,params_max
evaluating model at params_new={'a1': 2.309401076758503, 'a2': 1.460593486680443, 'a3': 6.847903562933743}
params_min= {'a1': 2.309401076758503, 'a2': 1.460593486680443, 'a3': 6.847903536277735} logZ_min= 3.894291116967668 obs_min= 3.3218079893158683e-32
params_new= {'a1': 2.309401076758503, 'a2': 1.460593486680443, 'a3': 6.847903562933743} logZ_new= 3.8944937773456463 obs_new= 2.4547113672220857e-34
params_max= {'a1': 2.309401076758503, 'a2': 1.460593486680443, 'a3': 6.84790358958975} logZ_max= 3.8944868623581868 obs_max= 3.505213578148022e-33
dist_min= tensor(2459.2652) dist_max= tensor(3921.6176)
params_min,params_max=params_new,params_max
evaluating model at params_new={'a1': 2.309401076758503, 'a2': 1.460593486680443, 'a3': 6.847903576261746}
params_min= {'a1': 2.309401076758503, 'a2': 1.460593486680443, 'a3': 6.847903562933743} logZ_min= 3.8944937773456463 obs_min= 2.4547113672220857e-34
params_new= {'a1': 2.309401076758503, 'a2': 1.460593486680443, 'a3': 6.847903576261746} logZ_new= 3.8944534314995454 obs_new= 2.5934368529391144e-31
params_max= {'a1': 2.309401076758503, 'a2': 1.460593486680443, 'a3': 6.84790358958975} logZ_max= 3.8944868623581868 obs_max= 3.505213578148022e-33
dist_min= tensor(1.5766) dist_max= tensor(3920.9776)
params_min,params_max=params_new,params_max
evaluating model at params_new={'a1': 2.309401076758503, 'a2': 1.460593486680443, 'a3': 6.847903582925748}
params_min= {'a1': 2.309401076758503, 'a2': 1.460593486680443, 'a3': 6.847903576261746} logZ_min= 3.8944534314995454 obs_min= 2.5934368529391144e-31
params_new= {'a1': 2.309401076758503, 'a2': 1.460593486680443, 'a3': 6.847903582925748} logZ_new= 3.893963311151941 obs_new= 1.993882450775697e-33
params_max= {'a1': 2.309401076758503, 'a2': 1.460593486680443, 'a3': 6.84790358958975} logZ_max= 3.8944868623581868 obs_max= 3.505213578148022e-33
dist_min= tensor(2786.1371) dist_max= tensor(4809.9421)
params_min,params_max=params_new,params_max
evaluating model at params_new={'a1': 2.309401076758503, 'a2': 1.460593486680443, 'a3': 6.847903586257749}
params_min= {'a1': 2.309401076758503, 'a2': 1.460593486680443, 'a3': 6.847903582925748} logZ_min= 3.893963311151941 obs_min= 1.993882450775697e-33
params_new= {'a1': 2.309401076758503, 'a2': 1.460593486680443, 'a3': 6.847903586257749} logZ_new= nan obs_new= 8.56077058745449e-33
params_max= {'a1': 2.309401076758503, 'a2': 1.460593486680443, 'a3': 6.84790358958975} logZ_max= 3.8944868623581868 obs_max= 3.505213578148022e-33
dist_min= tensor(2784.9810) dist_max= tensor(3921.5185)
params_min,params_max=params_new,params_max
evaluating model at params_new={'a1': 2.309401076758503, 'a2': 1.460593486680443, 'a3': 6.847903587923749}
params_min= {'a1': 2.309401076758503, 'a2': 1.460593486680443, 'a3': 6.847903586257749} logZ_min= nan obs_min= 8.56077058745449e-33
params_new= {'a1': 2.309401076758503, 'a2': 1.460593486680443, 'a3': 6.847903587923749} logZ_new= 3.894381784660134 obs_new= 1.399395717564129e-35
params_max= {'a1': 2.309401076758503, 'a2': 1.460593486680443, 'a3': 6.84790358958975} logZ_max= 3.8944868623581868 obs_max= 3.505213578148022e-33
dist_min= tensor(29.2046) dist_max= tensor(3921.4985)
params_min,params_max=params_new,params_max
evaluating model at params_new={'a1': 2.309401076758503, 'a2': 1.460593486680443, 'a3': 6.84790358875675}
params_min= {'a1': 2.309401076758503, 'a2': 1.460593486680443, 'a3': 6.847903587923749} logZ_min= 3.894381784660134 obs_min= 1.399395717564129e-35
params_new= {'a1': 2.309401076758503, 'a2': 1.460593486680443, 'a3': 6.84790358875675} logZ_new= nan obs_new= 1.0715341519807488e-33
params_max= {'a1': 2.309401076758503, 'a2': 1.460593486680443, 'a3': 6.84790358958975} logZ_max= 3.8944868623581868 obs_max= 3.505213578148022e-33
dist_min= tensor(22.6023) dist_max= tensor(3921.4876)
params_min,params_max=params_new,params_max
evaluating model at params_new={'a1': 2.309401076758503, 'a2': 1.460593486680443, 'a3': 6.847903589173249}
params_min= {'a1': 2.309401076758503, 'a2': 1.460593486680443, 'a3': 6.84790358875675} logZ_min= nan obs_min= 1.0715341519807488e-33
params_new= {'a1': 2.309401076758503, 'a2': 1.460593486680443, 'a3': 6.847903589173249} logZ_new= 3.894282253735552 obs_new= 1.0240345072147673e-33
params_max= {'a1': 2.309401076758503, 'a2': 1.460593486680443, 'a3': 6.84790358958975} logZ_max= 3.8944868623581868 obs_max= 3.505213578148022e-33
dist_min= tensor(1.6035) dist_max= tensor(3921.6223)
params_min,params_max=params_new,params_max
evaluating model at params_new={'a1': 2.309401076758503, 'a2': 1.460593486680443, 'a3': 6.8479035893815}
params_min= {'a1': 2.309401076758503, 'a2': 1.460593486680443, 'a3': 6.847903589173249} logZ_min= 3.894282253735552 obs_min= 1.0240345072147673e-33
params_new= {'a1': 2.309401076758503, 'a2': 1.460593486680443, 'a3': 6.8479035893815} logZ_new= nan obs_new= 1.2422345124985965e-33
params_max= {'a1': 2.309401076758503, 'a2': 1.460593486680443, 'a3': 6.84790358958975} logZ_max= 3.8944868623581868 obs_max= 3.505213578148022e-33
dist_min= tensor(247.8422) dist_max= tensor(3929.4524)
params_min,params_max=params_new,params_max
evaluating model at params_new={'a1': 2.309401076758503, 'a2': 1.460593486680443, 'a3': 6.847903589485625}
params_min= {'a1': 2.309401076758503, 'a2': 1.460593486680443, 'a3': 6.8479035893815} logZ_min= nan obs_min= 1.2422345124985965e-33
params_new= {'a1': 2.309401076758503, 'a2': 1.460593486680443, 'a3': 6.847903589485625} logZ_new= nan obs_new= 1.2148667314583458e-31
params_max= {'a1': 2.309401076758503, 'a2': 1.460593486680443, 'a3': 6.84790358958975} logZ_max= 3.8944868623581868 obs_max= 3.505213578148022e-33
dist_min= tensor(272.3875) dist_max= tensor(3912.5563)
params_min,params_max=params_new,params_max
evaluating model at params_new={'a1': 2.309401076758503, 'a2': 1.460593486680443, 'a3': 6.847903589537688}
params_min= {'a1': 2.309401076758503, 'a2': 1.460593486680443, 'a3': 6.847903589485625} logZ_min= nan obs_min= 1.2148667314583458e-31
params_new= {'a1': 2.309401076758503, 'a2': 1.460593486680443, 'a3': 6.847903589537688} logZ_new= nan obs_new= 1.1479480763968422e-33
params_max= {'a1': 2.309401076758503, 'a2': 1.460593486680443, 'a3': 6.84790358958975} logZ_max= 3.8944868623581868 obs_max= 3.505213578148022e-33
dist_min= tensor(112.8574) dist_max= tensor(3921.5875)
params_min,params_max=params_new,params_max
evaluating model at params_new={'a1': 2.309401076758503, 'a2': 1.460593486680443, 'a3': 6.847903589563719}
params_min= {'a1': 2.309401076758503, 'a2': 1.460593486680443, 'a3': 6.847903589537688} logZ_min= nan obs_min= 1.1479480763968422e-33
params_new= {'a1': 2.309401076758503, 'a2': 1.460593486680443, 'a3': 6.847903589563719} logZ_new= nan obs_new= 6.841903947804922e-34
params_max= {'a1': 2.309401076758503, 'a2': 1.460593486680443, 'a3': 6.84790358958975} logZ_max= 3.8944868623581868 obs_max= 3.505213578148022e-33
dist_min= tensor(5.2750) dist_max= tensor(3921.5951)
params_min,params_max=params_new,params_max
evaluating model at params_new={'a1': 2.309401076758503, 'a2': 1.460593486680443, 'a3': 6.847903589576735}
params_min= {'a1': 2.309401076758503, 'a2': 1.460593486680443, 'a3': 6.847903589563719} logZ_min= nan obs_min= 6.841903947804922e-34
params_new= {'a1': 2.309401076758503, 'a2': 1.460593486680443, 'a3': 6.847903589576735} logZ_new= nan obs_new= 5.722546581835819e-34
params_max= {'a1': 2.309401076758503, 'a2': 1.460593486680443, 'a3': 6.84790358958975} logZ_max= 3.8944868623581868 obs_max= 3.505213578148022e-33
dist_min= tensor(0.5094) dist_max= tensor(3921.5939)
params_min,params_max=params_new,params_max
evaluating model at params_new={'a1': 2.309401076758503, 'a2': 1.460593486680443, 'a3': 6.847903589583242}
params_min= {'a1': 2.309401076758503, 'a2': 1.460593486680443, 'a3': 6.847903589576735} logZ_min= nan obs_min= 5.722546581835819e-34
params_new= {'a1': 2.309401076758503, 'a2': 1.460593486680443, 'a3': 6.847903589583242} logZ_new= 3.8944627190039514 obs_new= 4.229449863862601e-33
params_max= {'a1': 2.309401076758503, 'a2': 1.460593486680443, 'a3': 6.84790358958975} logZ_max= 3.8944868623581868 obs_max= 3.505213578148022e-33
dist_min= tensor(137.6320) dist_max= tensor(3785.1897)
params_min,params_max=params_new,params_max
evaluating model at params_new={'a1': 2.309401076758503, 'a2': 1.460593486680443, 'a3': 6.847903589586496}
params_min= {'a1': 2.309401076758503, 'a2': 1.460593486680443, 'a3': 6.847903589583242} logZ_min= 3.8944627190039514 obs_min= 4.229449863862601e-33
params_new= {'a1': 2.309401076758503, 'a2': 1.460593486680443, 'a3': 6.847903589586496} logZ_new= nan obs_new= -8.272348630285723e-37
params_max= {'a1': 2.309401076758503, 'a2': 1.460593486680443, 'a3': 6.84790358958975} logZ_max= 3.8944868623581868 obs_max= 3.505213578148022e-33
dist_min= tensor(137.2234) dist_max= tensor(3921.5396)
params_min,params_max=params_new,params_max
evaluating model at params_new={'a1': 2.309401076758503, 'a2': 1.460593486680443, 'a3': 6.847903589588123}
params_min= {'a1': 2.309401076758503, 'a2': 1.460593486680443, 'a3': 6.847903589586496} logZ_min= nan obs_min= -8.272348630285723e-37
params_new= {'a1': 2.309401076758503, 'a2': 1.460593486680443, 'a3': 6.847903589588123} logZ_new= nan obs_new= 2.2828187219736057e-31
params_max= {'a1': 2.309401076758503, 'a2': 1.460593486680443, 'a3': 6.84790358958975} logZ_max= 3.8944868623581868 obs_max= 3.505213578148022e-33
dist_min= tensor(38.8514) dist_max= tensor(3920.7372)
params_min,params_max=params_new,params_max
evaluating model at params_new={'a1': 2.309401076758503, 'a2': 1.460593486680443, 'a3': 6.847903589588936}
params_min= {'a1': 2.309401076758503, 'a2': 1.460593486680443, 'a3': 6.847903589588123} logZ_min= nan obs_min= 2.2828187219736057e-31
params_new= {'a1': 2.309401076758503, 'a2': 1.460593486680443, 'a3': 6.847903589588936} logZ_new= nan obs_new= 3.96446929013417e-33
params_max= {'a1': 2.309401076758503, 'a2': 1.460593486680443, 'a3': 6.84790358958975} logZ_max= 3.8944868623581868 obs_max= 3.505213578148022e-33
dist_min= tensor(38.8511) dist_max= tensor(3921.5881)
params_min,params_max=params_new,params_max
evaluating model at params_new={'a1': 2.309401076758503, 'a2': 1.460593486680443, 'a3': 6.847903589589343}
params_min= {'a1': 2.309401076758503, 'a2': 1.460593486680443, 'a3': 6.847903589588936} logZ_min= nan obs_min= 3.96446929013417e-33
params_new= {'a1': 2.309401076758503, 'a2': 1.460593486680443, 'a3': 6.847903589589343} logZ_new= nan obs_new= 5.867823851723299e-34
params_max= {'a1': 2.309401076758503, 'a2': 1.460593486680443, 'a3': 6.84790358958975} logZ_max= 3.8944868623581868 obs_max= 3.505213578148022e-33
dist_min= tensor(19.5787) dist_max= tensor(3921.6461)
params_min,params_max=params_new,params_max
evaluating model at params_new={'a1': 2.309401076758503, 'a2': 1.460593486680443, 'a3': 6.847903589589547}
params_min= {'a1': 2.309401076758503, 'a2': 1.460593486680443, 'a3': 6.847903589589343} logZ_min= nan obs_min= 5.867823851723299e-34
params_new= {'a1': 2.309401076758503, 'a2': 1.460593486680443, 'a3': 6.847903589589547} logZ_new= 3.8941215879793063 obs_new= 8.663456957624051e-35
params_max= {'a1': 2.309401076758503, 'a2': 1.460593486680443, 'a3': 6.84790358958975} logZ_max= 3.8944868623581868 obs_max= 3.505213578148022e-33
dist_min= tensor(386.4675) dist_max= tensor(3940.5163)
params_min,params_max=params_new,params_max
evaluating model at params_new={'a1': 2.309401076758503, 'a2': 1.460593486680443, 'a3': 6.847903589589649}
params_min= {'a1': 2.309401076758503, 'a2': 1.460593486680443, 'a3': 6.847903589589547} logZ_min= 3.8941215879793063 obs_min= 8.663456957624051e-35
params_new= {'a1': 2.309401076758503, 'a2': 1.460593486680443, 'a3': 6.847903589589649} logZ_new= 3.8944320622651625 obs_new= 8.82515872097344e-34
params_max= {'a1': 2.309401076758503, 'a2': 1.460593486680443, 'a3': 6.84790358958975} logZ_max= 3.8944868623581868 obs_max= 3.505213578148022e-33
dist_min= tensor(385.5499) dist_max= tensor(3911.5510)
params_min,params_max=params_new,params_max
evaluating model at params_new={'a1': 2.309401076758503, 'a2': 1.460593486680443, 'a3': 6.847903589589699}
params_min= {'a1': 2.309401076758503, 'a2': 1.460593486680443, 'a3': 6.847903589589649} logZ_min= 3.8944320622651625 obs_min= 8.82515872097344e-34
params_new= {'a1': 2.309401076758503, 'a2': 1.460593486680443, 'a3': 6.847903589589699} logZ_new= 3.8944794197785617 obs_new= 2.4600054921886924e-32
params_max= {'a1': 2.309401076758503, 'a2': 1.460593486680443, 'a3': 6.84790358958975} logZ_max= 3.8944868623581868 obs_max= 3.505213578148022e-33
dist_min= tensor(10.3737) dist_max= tensor(3920.9798)
params_min,params_max=params_new,params_max
evaluating model at params_new={'a1': 2.309401076758503, 'a2': 1.460593486680443, 'a3': 6.847903589589725}
params_min= {'a1': 2.309401076758503, 'a2': 1.460593486680443, 'a3': 6.847903589589699} logZ_min= 3.8944794197785617 obs_min= 2.4600054921886924e-32
params_new= {'a1': 2.309401076758503, 'a2': 1.460593486680443, 'a3': 6.847903589589725} logZ_new= 3.893974962193148 obs_new= 7.108347535306429e-33
params_max= {'a1': 2.309401076758503, 'a2': 1.460593486680443, 'a3': 6.84790358958975} logZ_max= 3.8944868623581868 obs_max= 3.505213578148022e-33
dist_min= tensor(481.4856) dist_max= tensor(3933.7269)
params_min,params_max=params_new,params_max
evaluating model at params_new={'a1': 2.309401076758503, 'a2': 1.460593486680443, 'a3': 6.8479035895897375}
params_min= {'a1': 2.309401076758503, 'a2': 1.460593486680443, 'a3': 6.847903589589725} logZ_min= 3.893974962193148 obs_min= 7.108347535306429e-33
params_new= {'a1': 2.309401076758503, 'a2': 1.460593486680443, 'a3': 6.8479035895897375} logZ_new= 3.894473639153349 obs_new= 1.4959408406799084e-35
params_max= {'a1': 2.309401076758503, 'a2': 1.460593486680443, 'a3': 6.84790358958975} logZ_max= 3.8944868623581868 obs_max= 3.505213578148022e-33
dist_min= tensor(481.5095) dist_max= tensor(3921.4638)
params_min,params_max=params_new,params_max
evaluating model at params_new={'a1': 2.309401076758503, 'a2': 1.460593486680443, 'a3': 6.847903589589744}
params_min= {'a1': 2.309401076758503, 'a2': 1.460593486680443, 'a3': 6.8479035895897375} logZ_min= 3.894473639153349 obs_min= 1.4959408406799084e-35
params_new= {'a1': 2.309401076758503, 'a2': 1.460593486680443, 'a3': 6.847903589589744} logZ_new= 3.8942705684802963 obs_new= 6.048629245007437e-33
params_max= {'a1': 2.309401076758503, 'a2': 1.460593486680443, 'a3': 6.84790358958975} logZ_max= 3.8944868623581868 obs_max= 3.505213578148022e-33
dist_min= tensor(247.8499) dist_max= tensor(3916.1904)
params_min,params_max=params_new,params_max
evaluating model at params_new={'a1': 2.309401076758503, 'a2': 1.460593486680443, 'a3': 6.847903589589746}
params_min= {'a1': 2.309401076758503, 'a2': 1.460593486680443, 'a3': 6.847903589589744} logZ_min= 3.8942705684802963 obs_min= 6.048629245007437e-33
params_new= {'a1': 2.309401076758503, 'a2': 1.460593486680443, 'a3': 6.847903589589746} logZ_new= 3.894428799347492 obs_new= 7.917023485794223e-32
params_max= {'a1': 2.309401076758503, 'a2': 1.460593486680443, 'a3': 6.84790358958975} logZ_max= 3.8944868623581868 obs_max= 3.505213578148022e-33
dist_min= tensor(247.8491) dist_max= tensor(3921.6250)
params_min,params_max=params_new,params_max
evaluating model at params_new={'a1': 2.309401076758503, 'a2': 1.460593486680443, 'a3': 6.847903589589748}
params_min= {'a1': 2.309401076758503, 'a2': 1.460593486680443, 'a3': 6.847903589589746} logZ_min= 3.894428799347492 obs_min= 7.917023485794223e-32
params_new= {'a1': 2.309401076758503, 'a2': 1.460593486680443, 'a3': 6.847903589589748} logZ_new= 3.894046463742311 obs_new= 3.9173729164355307e-35
params_max= {'a1': 2.309401076758503, 'a2': 1.460593486680443, 'a3': 6.84790358958975} logZ_max= 3.8944868623581868 obs_max= 3.505213578148022e-33
dist_min= tensor(135.4911) dist_max= tensor(3924.1769)
params_min,params_max=params_new,params_max
evaluating model at params_new={'a1': 2.309401076758503, 'a2': 1.460593486680443, 'a3': 6.847903589589749}
params_min= {'a1': 2.309401076758503, 'a2': 1.460593486680443, 'a3': 6.847903589589748} logZ_min= 3.894046463742311 obs_min= 3.9173729164355307e-35
params_new= {'a1': 2.309401076758503, 'a2': 1.460593486680443, 'a3': 6.847903589589749} logZ_new= nan obs_new= 8.437531586400357e-32
params_max= {'a1': 2.309401076758503, 'a2': 1.460593486680443, 'a3': 6.84790358958975} logZ_max= 3.8944868623581868 obs_max= 3.505213578148022e-33
dist_min= tensor(135.8998) dist_max= tensor(3921.7487)
params_min,params_max=params_new,params_max
critical params found:  {'a1': 2.309401076758503, 'a2': 1.460593486680443, 'a3': 6.84790358958975}
reference params:  {'a1': 1.1547005383792515, 'a2': 1.8257418583505538, 'a3': 4.47213595499958}
file saved to  data/AKLT3D_X10_scan_grid_critical_a3/a1_2.3094011_a2_1.4605935/Tc.json
