Start running find_critical_temp.py with options:{'filename': 'data/AKLT3D_X10_scan_grid_critical_a3/a1_0.2309401_a2_0.7302967/Tc.json', 'log_filename': 'data/AKLT3D_X10_scan_grid_critical_a3/a1_0.2309401_a2_0.7302967/Tc.log', 'nLayers': 60, 'max_dim': 10, 'model': 'AKLT3D', 'params_min': "{'a1': 0.2309401076758503, 'a2': 0.7302967433402215, 'a3': 2.683281572999748}", 'params_max': "{'a1': 0.2309401076758503, 'a2': 0.7302967433402215, 'a3': 3.577708763999664}", 'params_ref': None, 'observable_name': 'magnetizationZ', 'tol': 0.0, 'gilt_enabled': False, 'gilt_eps': 8e-07, 'gilt_nIter': 1, 'mcf_enabled': True, 'mcf_eps': 1e-16, 'mcf_max_iter': 200, 'hotrg_sanity_check': False, 'version': 1, 'device': 'cuda:1'}
loading library...
evaluating model at params_min={'a1': 0.2309401076758503, 'a2': 0.7302967433402215, 'a3': 2.683281572999748}
params_min= {'a1': 0.2309401076758503, 'a2': 0.7302967433402215, 'a3': 2.683281572999748} logZ_min= nan obs_min= 6.29370723462805e-33
evaluating model at params_max={'a1': 0.2309401076758503, 'a2': 0.7302967433402215, 'a3': 3.577708763999664}
params_max= {'a1': 0.2309401076758503, 'a2': 0.7302967433402215, 'a3': 3.577708763999664} logZ_max= 2.549082435565068 obs_max= 8.931832018037621
searching for critical temperature using bisection method
evaluating model at params_new={'a1': 0.2309401076758503, 'a2': 0.7302967433402215, 'a3': 3.130495168499706}
params_min= {'a1': 0.2309401076758503, 'a2': 0.7302967433402215, 'a3': 2.683281572999748} logZ_min= nan obs_min= 6.29370723462805e-33
params_new= {'a1': 0.2309401076758503, 'a2': 0.7302967433402215, 'a3': 3.130495168499706} logZ_new= 2.2601553119177624 obs_new= 8.86724708661813
params_max= {'a1': 0.2309401076758503, 'a2': 0.7302967433402215, 'a3': 3.577708763999664} logZ_max= 2.549082435565068 obs_max= 8.931832018037621
dist_min= tensor(166.2314) dist_max= tensor(40.0398)
params_min,params_max=params_min,params_new
evaluating model at params_new={'a1': 0.2309401076758503, 'a2': 0.7302967433402215, 'a3': 2.9068883707497273}
params_min= {'a1': 0.2309401076758503, 'a2': 0.7302967433402215, 'a3': 2.683281572999748} logZ_min= nan obs_min= 6.29370723462805e-33
params_new= {'a1': 0.2309401076758503, 'a2': 0.7302967433402215, 'a3': 2.9068883707497273} logZ_new= 2.0795867613444234 obs_new= 8.768200294030358
params_max= {'a1': 0.2309401076758503, 'a2': 0.7302967433402215, 'a3': 3.130495168499706} logZ_max= 2.2601553119177624 obs_max= 8.86724708661813
dist_min= tensor(169.9056) dist_max= tensor(3.9783)
params_min,params_max=params_min,params_new
evaluating model at params_new={'a1': 0.2309401076758503, 'a2': 0.7302967433402215, 'a3': 2.7950849718747377}
params_min= {'a1': 0.2309401076758503, 'a2': 0.7302967433402215, 'a3': 2.683281572999748} logZ_min= nan obs_min= 6.29370723462805e-33
params_new= {'a1': 0.2309401076758503, 'a2': 0.7302967433402215, 'a3': 2.7950849718747377} logZ_new= 1.9730110717202942 obs_new= 7.693849695857663e-33
params_max= {'a1': 0.2309401076758503, 'a2': 0.7302967433402215, 'a3': 2.9068883707497273} logZ_max= 2.0795867613444234 obs_max= 8.768200294030358
dist_min= tensor(162.0010) dist_max= tensor(21.1551)
params_min,params_max=params_min,params_new
evaluating model at params_new={'a1': 0.2309401076758503, 'a2': 0.7302967433402215, 'a3': 2.739183272437243}
params_min= {'a1': 0.2309401076758503, 'a2': 0.7302967433402215, 'a3': 2.683281572999748} logZ_min= nan obs_min= 6.29370723462805e-33
params_new= {'a1': 0.2309401076758503, 'a2': 0.7302967433402215, 'a3': 2.739183272437243} logZ_new= 2.024638205512601 obs_new= 1.2612319079629666e-32
params_max= {'a1': 0.2309401076758503, 'a2': 0.7302967433402215, 'a3': 2.7950849718747377} logZ_max= 1.9730110717202942 obs_max= 7.693849695857663e-33
dist_min= tensor(4276.0499) dist_max= tensor(4336.6289)
params_min,params_max=params_new,params_max
evaluating model at params_new={'a1': 0.2309401076758503, 'a2': 0.7302967433402215, 'a3': 2.7671341221559906}
params_min= {'a1': 0.2309401076758503, 'a2': 0.7302967433402215, 'a3': 2.739183272437243} logZ_min= 2.024638205512601 obs_min= 1.2612319079629666e-32
params_new= {'a1': 0.2309401076758503, 'a2': 0.7302967433402215, 'a3': 2.7671341221559906} logZ_new= nan obs_new= 4.192023014554371e-33
params_max= {'a1': 0.2309401076758503, 'a2': 0.7302967433402215, 'a3': 2.7950849718747377} logZ_max= 1.9730110717202942 obs_max= 7.693849695857663e-33
dist_min= tensor(4343.1004) dist_max= tensor(7.4335)
params_min,params_max=params_min,params_new
evaluating model at params_new={'a1': 0.2309401076758503, 'a2': 0.7302967433402215, 'a3': 2.753158697296617}
params_min= {'a1': 0.2309401076758503, 'a2': 0.7302967433402215, 'a3': 2.739183272437243} logZ_min= 2.024638205512601 obs_min= 1.2612319079629666e-32
params_new= {'a1': 0.2309401076758503, 'a2': 0.7302967433402215, 'a3': 2.753158697296617} logZ_new= 1.972002518416543 obs_new= 1.2256014048733436e-32
params_max= {'a1': 0.2309401076758503, 'a2': 0.7302967433402215, 'a3': 2.7671341221559906} logZ_max= nan obs_max= 4.192023014554371e-33
dist_min= tensor(4345.4577) dist_max= tensor(2.6352)
params_min,params_max=params_min,params_new
evaluating model at params_new={'a1': 0.2309401076758503, 'a2': 0.7302967433402215, 'a3': 2.74617098486693}
params_min= {'a1': 0.2309401076758503, 'a2': 0.7302967433402215, 'a3': 2.739183272437243} logZ_min= 2.024638205512601 obs_min= 1.2612319079629666e-32
params_new= {'a1': 0.2309401076758503, 'a2': 0.7302967433402215, 'a3': 2.74617098486693} logZ_new= nan obs_new= 1.2322331446659811e-34
params_max= {'a1': 0.2309401076758503, 'a2': 0.7302967433402215, 'a3': 2.753158697296617} logZ_max= 1.972002518416543 obs_max= 1.2256014048733436e-32
dist_min= tensor(609.9500) dist_max= tensor(4955.0569)
params_min,params_max=params_new,params_max
evaluating model at params_new={'a1': 0.2309401076758503, 'a2': 0.7302967433402215, 'a3': 2.7496648410817732}
params_min= {'a1': 0.2309401076758503, 'a2': 0.7302967433402215, 'a3': 2.74617098486693} logZ_min= nan obs_min= 1.2322331446659811e-34
params_new= {'a1': 0.2309401076758503, 'a2': 0.7302967433402215, 'a3': 2.7496648410817732} logZ_new= 2.0249731316444715 obs_new= -5.95624713236263e-38
params_max= {'a1': 0.2309401076758503, 'a2': 0.7302967433402215, 'a3': 2.753158697296617} logZ_max= 1.972002518416543 obs_max= 1.2256014048733436e-32
dist_min= tensor(360.5342) dist_max= tensor(5315.3937)
params_min,params_max=params_new,params_max
evaluating model at params_new={'a1': 0.2309401076758503, 'a2': 0.7302967433402215, 'a3': 2.751411769189195}
params_min= {'a1': 0.2309401076758503, 'a2': 0.7302967433402215, 'a3': 2.7496648410817732} logZ_min= 2.0249731316444715 obs_min= -5.95624713236263e-38
params_new= {'a1': 0.2309401076758503, 'a2': 0.7302967433402215, 'a3': 2.751411769189195} logZ_new= nan obs_new= 5.325249933486824e-31
params_max= {'a1': 0.2309401076758503, 'a2': 0.7302967433402215, 'a3': 2.753158697296617} logZ_max= 1.972002518416543 obs_max= 1.2256014048733436e-32
dist_min= tensor(5315.6913) dist_max= tensor(19.1330)
params_min,params_max=params_min,params_new
evaluating model at params_new={'a1': 0.2309401076758503, 'a2': 0.7302967433402215, 'a3': 2.750538305135484}
params_min= {'a1': 0.2309401076758503, 'a2': 0.7302967433402215, 'a3': 2.7496648410817732} logZ_min= 2.0249731316444715 obs_min= -5.95624713236263e-38
params_new= {'a1': 0.2309401076758503, 'a2': 0.7302967433402215, 'a3': 2.750538305135484} logZ_new= 1.9737486488053841 obs_new= 8.279695253553522e-33
params_max= {'a1': 0.2309401076758503, 'a2': 0.7302967433402215, 'a3': 2.751411769189195} logZ_max= nan obs_max= 5.325249933486824e-31
dist_min= tensor(5315.8279) dist_max= tensor(27.3392)
params_min,params_max=params_min,params_new
evaluating model at params_new={'a1': 0.2309401076758503, 'a2': 0.7302967433402215, 'a3': 2.750101573108629}
params_min= {'a1': 0.2309401076758503, 'a2': 0.7302967433402215, 'a3': 2.7496648410817732} logZ_min= 2.0249731316444715 obs_min= -5.95624713236263e-38
params_new= {'a1': 0.2309401076758503, 'a2': 0.7302967433402215, 'a3': 2.750101573108629} logZ_new= 2.0248386707756922 obs_new= 1.3549267342075978e-31
params_max= {'a1': 0.2309401076758503, 'a2': 0.7302967433402215, 'a3': 2.750538305135484} logZ_max= 1.9737486488053841 obs_max= 8.279695253553522e-33
dist_min= tensor(73.9530) dist_max= tensor(5364.2072)
params_min,params_max=params_new,params_max
evaluating model at params_new={'a1': 0.2309401076758503, 'a2': 0.7302967433402215, 'a3': 2.7503199391220567}
params_min= {'a1': 0.2309401076758503, 'a2': 0.7302967433402215, 'a3': 2.750101573108629} logZ_min= 2.0248386707756922 obs_min= 1.3549267342075978e-31
params_new= {'a1': 0.2309401076758503, 'a2': 0.7302967433402215, 'a3': 2.7503199391220567} logZ_new= 2.024713524240607 obs_new= 3.0312901286358582e-30
params_max= {'a1': 0.2309401076758503, 'a2': 0.7302967433402215, 'a3': 2.750538305135484} logZ_max= 1.9737486488053841 obs_max= 8.279695253553522e-33
dist_min= tensor(60.6149) dist_max= tensor(5388.2258)
params_min,params_max=params_new,params_max
evaluating model at params_new={'a1': 0.2309401076758503, 'a2': 0.7302967433402215, 'a3': 2.7504291221287707}
params_min= {'a1': 0.2309401076758503, 'a2': 0.7302967433402215, 'a3': 2.7503199391220567} logZ_min= 2.024713524240607 obs_min= 3.0312901286358582e-30
params_new= {'a1': 0.2309401076758503, 'a2': 0.7302967433402215, 'a3': 2.7504291221287707} logZ_new= 1.9742980860836397 obs_new= 4.8877272847367134e-33
params_max= {'a1': 0.2309401076758503, 'a2': 0.7302967433402215, 'a3': 2.750538305135484} logZ_max= 1.9737486488053841 obs_max= 8.279695253553522e-33
dist_min= tensor(5389.9906) dist_max= tensor(137.3804)
params_min,params_max=params_min,params_new
evaluating model at params_new={'a1': 0.2309401076758503, 'a2': 0.7302967433402215, 'a3': 2.7503745306254137}
params_min= {'a1': 0.2309401076758503, 'a2': 0.7302967433402215, 'a3': 2.7503199391220567} logZ_min= 2.024713524240607 obs_min= 3.0312901286358582e-30
params_new= {'a1': 0.2309401076758503, 'a2': 0.7302967433402215, 'a3': 2.7503745306254137} logZ_new= nan obs_new= 2.40088561404818e-35
params_max= {'a1': 0.2309401076758503, 'a2': 0.7302967433402215, 'a3': 2.7504291221287707} logZ_max= 1.9742980860836397 obs_max= 4.8877272847367134e-33
dist_min= tensor(5388.2574) dist_max= tensor(133.9989)
params_min,params_max=params_min,params_new
evaluating model at params_new={'a1': 0.2309401076758503, 'a2': 0.7302967433402215, 'a3': 2.7503472348737352}
params_min= {'a1': 0.2309401076758503, 'a2': 0.7302967433402215, 'a3': 2.7503199391220567} logZ_min= 2.024713524240607 obs_min= 3.0312901286358582e-30
params_new= {'a1': 0.2309401076758503, 'a2': 0.7302967433402215, 'a3': 2.7503472348737352} logZ_new= nan obs_new= 3.474844639871177e-31
params_max= {'a1': 0.2309401076758503, 'a2': 0.7302967433402215, 'a3': 2.7503745306254137} logZ_max= nan obs_max= 2.40088561404818e-35
dist_min= tensor(3.7830) dist_max= tensor(5391.3098)
params_min,params_max=params_new,params_max
evaluating model at params_new={'a1': 0.2309401076758503, 'a2': 0.7302967433402215, 'a3': 2.7503608827495745}
params_min= {'a1': 0.2309401076758503, 'a2': 0.7302967433402215, 'a3': 2.7503472348737352} logZ_min= nan obs_min= 3.474844639871177e-31
params_new= {'a1': 0.2309401076758503, 'a2': 0.7302967433402215, 'a3': 2.7503608827495745} logZ_new= 1.9739976733978193 obs_new= 3.0397320579712885e-31
params_max= {'a1': 0.2309401076758503, 'a2': 0.7302967433402215, 'a3': 2.7503745306254137} logZ_max= nan obs_max= 2.40088561404818e-35
dist_min= tensor(5391.2659) dist_max= tensor(22.0874)
params_min,params_max=params_min,params_new
evaluating model at params_new={'a1': 0.2309401076758503, 'a2': 0.7302967433402215, 'a3': 2.750354058811655}
params_min= {'a1': 0.2309401076758503, 'a2': 0.7302967433402215, 'a3': 2.7503472348737352} logZ_min= nan obs_min= 3.474844639871177e-31
params_new= {'a1': 0.2309401076758503, 'a2': 0.7302967433402215, 'a3': 2.750354058811655} logZ_new= 1.9741005844135826 obs_new= 1.0637448204859197e-31
params_max= {'a1': 0.2309401076758503, 'a2': 0.7302967433402215, 'a3': 2.7503608827495745} logZ_max= 1.9739976733978193 obs_max= 3.0397320579712885e-31
dist_min= tensor(5391.2670) dist_max= tensor(0.4063)
params_min,params_max=params_min,params_new
evaluating model at params_new={'a1': 0.2309401076758503, 'a2': 0.7302967433402215, 'a3': 2.750350646842695}
params_min= {'a1': 0.2309401076758503, 'a2': 0.7302967433402215, 'a3': 2.7503472348737352} logZ_min= nan obs_min= 3.474844639871177e-31
params_new= {'a1': 0.2309401076758503, 'a2': 0.7302967433402215, 'a3': 2.750350646842695} logZ_new= nan obs_new= 4.476309009712264e-32
params_max= {'a1': 0.2309401076758503, 'a2': 0.7302967433402215, 'a3': 2.750354058811655} logZ_max= 1.9741005844135826 obs_max= 1.0637448204859197e-31
dist_min= tensor(5501.8938) dist_max= tensor(1096.9768)
params_min,params_max=params_min,params_new
evaluating model at params_new={'a1': 0.2309401076758503, 'a2': 0.7302967433402215, 'a3': 2.750348940858215}
params_min= {'a1': 0.2309401076758503, 'a2': 0.7302967433402215, 'a3': 2.7503472348737352} logZ_min= nan obs_min= 3.474844639871177e-31
params_new= {'a1': 0.2309401076758503, 'a2': 0.7302967433402215, 'a3': 2.750348940858215} logZ_new= 2.0249056223920805 obs_new= 9.637817904816978e-32
params_max= {'a1': 0.2309401076758503, 'a2': 0.7302967433402215, 'a3': 2.750350646842695} logZ_max= nan obs_max= 4.476309009712264e-32
dist_min= tensor(2.3669) dist_max= tensor(5501.9308)
params_min,params_max=params_new,params_max
evaluating model at params_new={'a1': 0.2309401076758503, 'a2': 0.7302967433402215, 'a3': 2.750349793850455}
params_min= {'a1': 0.2309401076758503, 'a2': 0.7302967433402215, 'a3': 2.750348940858215} logZ_min= 2.0249056223920805 obs_min= 9.637817904816978e-32
params_new= {'a1': 0.2309401076758503, 'a2': 0.7302967433402215, 'a3': 2.750349793850455} logZ_new= 1.9742418943636293 obs_new= 3.057829524008587e-32
params_max= {'a1': 0.2309401076758503, 'a2': 0.7302967433402215, 'a3': 2.750350646842695} logZ_max= nan obs_max= 4.476309009712264e-32
dist_min= tensor(5391.4580) dist_max= tensor(1096.9526)
params_min,params_max=params_min,params_new
evaluating model at params_new={'a1': 0.2309401076758503, 'a2': 0.7302967433402215, 'a3': 2.7503493673543353}
params_min= {'a1': 0.2309401076758503, 'a2': 0.7302967433402215, 'a3': 2.750348940858215} logZ_min= 2.0249056223920805 obs_min= 9.637817904816978e-32
params_new= {'a1': 0.2309401076758503, 'a2': 0.7302967433402215, 'a3': 2.7503493673543353} logZ_new= nan obs_new= 3.702733235104413e-34
params_max= {'a1': 0.2309401076758503, 'a2': 0.7302967433402215, 'a3': 2.750349793850455} logZ_max= 1.9742418943636293 obs_max= 3.057829524008587e-32
dist_min= tensor(156.0568) dist_max= tensor(5393.7630)
params_min,params_max=params_new,params_max
evaluating model at params_new={'a1': 0.2309401076758503, 'a2': 0.7302967433402215, 'a3': 2.7503495806023954}
params_min= {'a1': 0.2309401076758503, 'a2': 0.7302967433402215, 'a3': 2.7503493673543353} logZ_min= nan obs_min= 3.702733235104413e-34
params_new= {'a1': 0.2309401076758503, 'a2': 0.7302967433402215, 'a3': 2.7503495806023954} logZ_new= 1.9743372645024735 obs_new= 1.2723583762376156e-31
params_max= {'a1': 0.2309401076758503, 'a2': 0.7302967433402215, 'a3': 2.750349793850455} logZ_max= 1.9742418943636293 obs_max= 3.057829524008587e-32
dist_min= tensor(5393.7631) dist_max= tensor(0.1671)
params_min,params_max=params_min,params_new
evaluating model at params_new={'a1': 0.2309401076758503, 'a2': 0.7302967433402215, 'a3': 2.7503494739783654}
params_min= {'a1': 0.2309401076758503, 'a2': 0.7302967433402215, 'a3': 2.7503493673543353} logZ_min= nan obs_min= 3.702733235104413e-34
params_new= {'a1': 0.2309401076758503, 'a2': 0.7302967433402215, 'a3': 2.7503494739783654} logZ_new= 1.9743156209567827 obs_new= 2.9163084859405733e-32
params_max= {'a1': 0.2309401076758503, 'a2': 0.7302967433402215, 'a3': 2.7503495806023954} logZ_max= 1.9743372645024735 obs_max= 1.2723583762376156e-31
dist_min= tensor(2197037.8770) dist_max= tensor(2197030.9311)
params_min,params_max=params_min,params_new
evaluating model at params_new={'a1': 0.2309401076758503, 'a2': 0.7302967433402215, 'a3': 2.7503494206663506}
params_min= {'a1': 0.2309401076758503, 'a2': 0.7302967433402215, 'a3': 2.7503493673543353} logZ_min= nan obs_min= 3.702733235104413e-34
params_new= {'a1': 0.2309401076758503, 'a2': 0.7302967433402215, 'a3': 2.7503494206663506} logZ_new= nan obs_new= 9.934561960195167e-32
params_max= {'a1': 0.2309401076758503, 'a2': 0.7302967433402215, 'a3': 2.7503494739783654} logZ_max= 1.9743156209567827 obs_max= 2.9163084859405733e-32
dist_min= tensor(153.7113) dist_max= tensor(2197038.0123)
params_min,params_max=params_new,params_max
evaluating model at params_new={'a1': 0.2309401076758503, 'a2': 0.7302967433402215, 'a3': 2.7503494473223578}
params_min= {'a1': 0.2309401076758503, 'a2': 0.7302967433402215, 'a3': 2.7503494206663506} logZ_min= nan obs_min= 9.934561960195167e-32
params_new= {'a1': 0.2309401076758503, 'a2': 0.7302967433402215, 'a3': 2.7503494473223578} logZ_new= 1.9743269876692664 obs_new= 6.707389463773081e-34
params_max= {'a1': 0.2309401076758503, 'a2': 0.7302967433402215, 'a3': 2.7503494739783654} logZ_max= 1.9743156209567827 obs_max= 2.9163084859405733e-32
dist_min= tensor(5392.0037) dist_max= tensor(2197015.6311)
params_min,params_max=params_new,params_max
evaluating model at params_new={'a1': 0.2309401076758503, 'a2': 0.7302967433402215, 'a3': 2.7503494606503613}
params_min= {'a1': 0.2309401076758503, 'a2': 0.7302967433402215, 'a3': 2.7503494473223578} logZ_min= 1.9743269876692664 obs_min= 6.707389463773081e-34
params_new= {'a1': 0.2309401076758503, 'a2': 0.7302967433402215, 'a3': 2.7503494606503613} logZ_new= nan obs_new= 2.6493992584528925e-32
params_max= {'a1': 0.2309401076758503, 'a2': 0.7302967433402215, 'a3': 2.7503494739783654} logZ_max= 1.9743156209567827 obs_max= 2.9163084859405733e-32
dist_min= tensor(5585.0615) dist_max= tensor(2197037.8499)
params_min,params_max=params_new,params_max
evaluating model at params_new={'a1': 0.2309401076758503, 'a2': 0.7302967433402215, 'a3': 2.750349467314363}
params_min= {'a1': 0.2309401076758503, 'a2': 0.7302967433402215, 'a3': 2.7503494606503613} logZ_min= nan obs_min= 2.6493992584528925e-32
params_new= {'a1': 0.2309401076758503, 'a2': 0.7302967433402215, 'a3': 2.750349467314363} logZ_new= 1.9743108581493685 obs_new= 2.2430230834955103e-32
params_max= {'a1': 0.2309401076758503, 'a2': 0.7302967433402215, 'a3': 2.7503494739783654} logZ_max= 1.9743156209567827 obs_max= 2.9163084859405733e-32
dist_min= tensor(5869.9290) dist_max= tensor(2197032.3182)
params_min,params_max=params_new,params_max
evaluating model at params_new={'a1': 0.2309401076758503, 'a2': 0.7302967433402215, 'a3': 2.7503494706463645}
params_min= {'a1': 0.2309401076758503, 'a2': 0.7302967433402215, 'a3': 2.750349467314363} logZ_min= 1.9743108581493685 obs_min= 2.2430230834955103e-32
params_new= {'a1': 0.2309401076758503, 'a2': 0.7302967433402215, 'a3': 2.7503494706463645} logZ_new= 1.974340922531887 obs_new= 2.435480688406431e-33
params_max= {'a1': 0.2309401076758503, 'a2': 0.7302967433402215, 'a3': 2.7503494739783654} logZ_max= 1.9743156209567827 obs_max= 2.9163084859405733e-32
dist_min= tensor(1806.7708) dist_max= tensor(2197030.9311)
params_min,params_max=params_new,params_max
evaluating model at params_new={'a1': 0.2309401076758503, 'a2': 0.7302967433402215, 'a3': 2.750349472312365}
params_min= {'a1': 0.2309401076758503, 'a2': 0.7302967433402215, 'a3': 2.7503494706463645} logZ_min= 1.974340922531887 obs_min= 2.435480688406431e-33
params_new= {'a1': 0.2309401076758503, 'a2': 0.7302967433402215, 'a3': 2.750349472312365} logZ_new= 1.9741334137056987 obs_new= 5.362715330659418e-33
params_max= {'a1': 0.2309401076758503, 'a2': 0.7302967433402215, 'a3': 2.7503494739783654} logZ_max= 1.9743156209567827 obs_max= 2.9163084859405733e-32
dist_min= tensor(0.4441) dist_max= tensor(2197030.9311)
params_min,params_max=params_new,params_max
evaluating model at params_new={'a1': 0.2309401076758503, 'a2': 0.7302967433402215, 'a3': 2.7503494731453655}
params_min= {'a1': 0.2309401076758503, 'a2': 0.7302967433402215, 'a3': 2.750349472312365} logZ_min= 1.9741334137056987 obs_min= 5.362715330659418e-33
params_new= {'a1': 0.2309401076758503, 'a2': 0.7302967433402215, 'a3': 2.7503494731453655} logZ_new= 1.9741594100078583 obs_new= 7.1785364560035e-33
params_max= {'a1': 0.2309401076758503, 'a2': 0.7302967433402215, 'a3': 2.7503494739783654} logZ_max= 1.9743156209567827 obs_max= 2.9163084859405733e-32
dist_min= tensor(0.4212) dist_max= tensor(2197030.9311)
params_min,params_max=params_new,params_max
evaluating model at params_new={'a1': 0.2309401076758503, 'a2': 0.7302967433402215, 'a3': 2.750349473561865}
params_min= {'a1': 0.2309401076758503, 'a2': 0.7302967433402215, 'a3': 2.7503494731453655} logZ_min= 1.9741594100078583 obs_min= 7.1785364560035e-33
params_new= {'a1': 0.2309401076758503, 'a2': 0.7302967433402215, 'a3': 2.750349473561865} logZ_new= 1.9743273452508996 obs_new= 1.6828843222001235e-32
params_max= {'a1': 0.2309401076758503, 'a2': 0.7302967433402215, 'a3': 2.7503494739783654} logZ_max= 1.9743156209567827 obs_max= 2.9163084859405733e-32
dist_min= tensor(8358.8972) dist_max= tensor(2197047.4775)
params_min,params_max=params_new,params_max
evaluating model at params_new={'a1': 0.2309401076758503, 'a2': 0.7302967433402215, 'a3': 2.7503494737701155}
params_min= {'a1': 0.2309401076758503, 'a2': 0.7302967433402215, 'a3': 2.750349473561865} logZ_min= 1.9743273452508996 obs_min= 1.6828843222001235e-32
params_new= {'a1': 0.2309401076758503, 'a2': 0.7302967433402215, 'a3': 2.7503494737701155} logZ_new= 1.9739135539512165 obs_new= 9.314743135923442e-32
params_max= {'a1': 0.2309401076758503, 'a2': 0.7302967433402215, 'a3': 2.7503494739783654} logZ_max= 1.9743156209567827 obs_max= 2.9163084859405733e-32
dist_min= tensor(8373.7527) dist_max= tensor(2197031.6126)
params_min,params_max=params_new,params_max
evaluating model at params_new={'a1': 0.2309401076758503, 'a2': 0.7302967433402215, 'a3': 2.7503494738742402}
params_min= {'a1': 0.2309401076758503, 'a2': 0.7302967433402215, 'a3': 2.7503494737701155} logZ_min= 1.9739135539512165 obs_min= 9.314743135923442e-32
params_new= {'a1': 0.2309401076758503, 'a2': 0.7302967433402215, 'a3': 2.7503494738742402} logZ_new= nan obs_new= 4.6128570224124546e-33
params_max= {'a1': 0.2309401076758503, 'a2': 0.7302967433402215, 'a3': 2.7503494739783654} logZ_max= 1.9743156209567827 obs_max= 2.9163084859405733e-32
dist_min= tensor(490.8434) dist_max= tensor(2197031.1493)
params_min,params_max=params_new,params_max
evaluating model at params_new={'a1': 0.2309401076758503, 'a2': 0.7302967433402215, 'a3': 2.7503494739263026}
params_min= {'a1': 0.2309401076758503, 'a2': 0.7302967433402215, 'a3': 2.7503494738742402} logZ_min= nan obs_min= 4.6128570224124546e-33
params_new= {'a1': 0.2309401076758503, 'a2': 0.7302967433402215, 'a3': 2.7503494739263026} logZ_new= nan obs_new= 5.280524415446232e-32
params_max= {'a1': 0.2309401076758503, 'a2': 0.7302967433402215, 'a3': 2.7503494739783654} logZ_max= 1.9743156209567827 obs_max= 2.9163084859405733e-32
dist_min= tensor(128.7961) dist_max= tensor(2197031.5075)
params_min,params_max=params_new,params_max
evaluating model at params_new={'a1': 0.2309401076758503, 'a2': 0.7302967433402215, 'a3': 2.750349473952334}
params_min= {'a1': 0.2309401076758503, 'a2': 0.7302967433402215, 'a3': 2.7503494739263026} logZ_min= nan obs_min= 5.280524415446232e-32
params_new= {'a1': 0.2309401076758503, 'a2': 0.7302967433402215, 'a3': 2.750349473952334} logZ_new= nan obs_new= 8.344887269834328e-32
params_max= {'a1': 0.2309401076758503, 'a2': 0.7302967433402215, 'a3': 2.7503494739783654} logZ_max= 1.9743156209567827 obs_max= 2.9163084859405733e-32
dist_min= tensor(81.7538) dist_max= tensor(2197031.3133)
params_min,params_max=params_new,params_max
evaluating model at params_new={'a1': 0.2309401076758503, 'a2': 0.7302967433402215, 'a3': 2.7503494739653496}
params_min= {'a1': 0.2309401076758503, 'a2': 0.7302967433402215, 'a3': 2.750349473952334} logZ_min= nan obs_min= 8.344887269834328e-32
params_new= {'a1': 0.2309401076758503, 'a2': 0.7302967433402215, 'a3': 2.7503494739653496} logZ_new= nan obs_new= 3.669428516829592e-34
params_max= {'a1': 0.2309401076758503, 'a2': 0.7302967433402215, 'a3': 2.7503494739783654} logZ_max= 1.9743156209567827 obs_max= 2.9163084859405733e-32
dist_min= tensor(89.6073) dist_max= tensor(2197030.8599)
params_min,params_max=params_new,params_max
evaluating model at params_new={'a1': 0.2309401076758503, 'a2': 0.7302967433402215, 'a3': 2.7503494739718573}
params_min= {'a1': 0.2309401076758503, 'a2': 0.7302967433402215, 'a3': 2.7503494739653496} logZ_min= nan obs_min= 3.669428516829592e-34
params_new= {'a1': 0.2309401076758503, 'a2': 0.7302967433402215, 'a3': 2.7503494739718573} logZ_new= 1.9738195276592339 obs_new= 6.748043968678052e-32
params_max= {'a1': 0.2309401076758503, 'a2': 0.7302967433402215, 'a3': 2.7503494739783654} logZ_max= 1.9743156209567827 obs_max= 2.9163084859405733e-32
dist_min= tensor(123.2248) dist_max= tensor(2196932.6664)
params_min,params_max=params_new,params_max
evaluating model at params_new={'a1': 0.2309401076758503, 'a2': 0.7302967433402215, 'a3': 2.7503494739751115}
params_min= {'a1': 0.2309401076758503, 'a2': 0.7302967433402215, 'a3': 2.7503494739718573} logZ_min= 1.9738195276592339 obs_min= 6.748043968678052e-32
params_new= {'a1': 0.2309401076758503, 'a2': 0.7302967433402215, 'a3': 2.7503494739751115} logZ_new= 1.9743052970819517 obs_new= 8.667472655726326e-32
params_max= {'a1': 0.2309401076758503, 'a2': 0.7302967433402215, 'a3': 2.7503494739783654} logZ_max= 1.9743156209567827 obs_max= 2.9163084859405733e-32
dist_min= tensor(871.6127) dist_max= tensor(2197026.8061)
params_min,params_max=params_new,params_max
evaluating model at params_new={'a1': 0.2309401076758503, 'a2': 0.7302967433402215, 'a3': 2.7503494739767387}
params_min= {'a1': 0.2309401076758503, 'a2': 0.7302967433402215, 'a3': 2.7503494739751115} logZ_min= 1.9743052970819517 obs_min= 8.667472655726326e-32
params_new= {'a1': 0.2309401076758503, 'a2': 0.7302967433402215, 'a3': 2.7503494739767387} logZ_new= nan obs_new= 2.6373456321902814e-32
params_max= {'a1': 0.2309401076758503, 'a2': 0.7302967433402215, 'a3': 2.7503494739783654} logZ_max= 1.9743156209567827 obs_max= 2.9163084859405733e-32
dist_min= tensor(871.8222) dist_max= tensor(2197031.5164)
params_min,params_max=params_new,params_max
evaluating model at params_new={'a1': 0.2309401076758503, 'a2': 0.7302967433402215, 'a3': 2.7503494739775523}
params_min= {'a1': 0.2309401076758503, 'a2': 0.7302967433402215, 'a3': 2.7503494739767387} logZ_min= nan obs_min= 2.6373456321902814e-32
params_new= {'a1': 0.2309401076758503, 'a2': 0.7302967433402215, 'a3': 2.7503494739775523} logZ_new= 1.9742582812879836 obs_new= 2.997705462194544e-32
params_max= {'a1': 0.2309401076758503, 'a2': 0.7302967433402215, 'a3': 2.7503494739783654} logZ_max= 1.9743156209567827 obs_max= 2.9163084859405733e-32
dist_min= tensor(95.4171) dist_max= tensor(2197030.9311)
params_min,params_max=params_new,params_max
evaluating model at params_new={'a1': 0.2309401076758503, 'a2': 0.7302967433402215, 'a3': 2.750349473977959}
params_min= {'a1': 0.2309401076758503, 'a2': 0.7302967433402215, 'a3': 2.7503494739775523} logZ_min= 1.9742582812879836 obs_min= 2.997705462194544e-32
params_new= {'a1': 0.2309401076758503, 'a2': 0.7302967433402215, 'a3': 2.750349473977959} logZ_new= 1.9743402825981928 obs_new= 3.01073052972876e-32
params_max= {'a1': 0.2309401076758503, 'a2': 0.7302967433402215, 'a3': 2.7503494739783654} logZ_max= 1.9743156209567827 obs_max= 2.9163084859405733e-32
dist_min= tensor(0.0918) dist_max= tensor(2197030.9311)
params_min,params_max=params_new,params_max
evaluating model at params_new={'a1': 0.2309401076758503, 'a2': 0.7302967433402215, 'a3': 2.7503494739781624}
params_min= {'a1': 0.2309401076758503, 'a2': 0.7302967433402215, 'a3': 2.750349473977959} logZ_min= 1.9743402825981928 obs_min= 3.01073052972876e-32
params_new= {'a1': 0.2309401076758503, 'a2': 0.7302967433402215, 'a3': 2.7503494739781624} logZ_new= nan obs_new= 3.803736542981066e-33
params_max= {'a1': 0.2309401076758503, 'a2': 0.7302967433402215, 'a3': 2.7503494739783654} logZ_max= 1.9743156209567827 obs_max= 2.9163084859405733e-32
dist_min= tensor(4435.9644) dist_max= tensor(2197034.3597)
params_min,params_max=params_new,params_max
evaluating model at params_new={'a1': 0.2309401076758503, 'a2': 0.7302967433402215, 'a3': 2.7503494739782637}
params_min= {'a1': 0.2309401076758503, 'a2': 0.7302967433402215, 'a3': 2.7503494739781624} logZ_min= nan obs_min= 3.803736542981066e-33
params_new= {'a1': 0.2309401076758503, 'a2': 0.7302967433402215, 'a3': 2.7503494739782637} logZ_new= 1.9743168623050147 obs_new= 6.575712546003627e-34
params_max= {'a1': 0.2309401076758503, 'a2': 0.7302967433402215, 'a3': 2.7503494739783654} logZ_max= 1.9743156209567827 obs_max= 2.9163084859405733e-32
dist_min= tensor(4301.4250) dist_max= tensor(2197031.5680)
params_min,params_max=params_new,params_max
evaluating model at params_new={'a1': 0.2309401076758503, 'a2': 0.7302967433402215, 'a3': 2.7503494739783143}
params_min= {'a1': 0.2309401076758503, 'a2': 0.7302967433402215, 'a3': 2.7503494739782637} logZ_min= 1.9743168623050147 obs_min= 6.575712546003627e-34
params_new= {'a1': 0.2309401076758503, 'a2': 0.7302967433402215, 'a3': 2.7503494739783143} logZ_new= nan obs_new= 1.9423922600018052e-34
params_max= {'a1': 0.2309401076758503, 'a2': 0.7302967433402215, 'a3': 2.7503494739783654} logZ_max= 1.9743156209567827 obs_max= 2.9163084859405733e-32
dist_min= tensor(1534.8014) dist_max= tensor(2197031.7620)
params_min,params_max=params_new,params_max
evaluating model at params_new={'a1': 0.2309401076758503, 'a2': 0.7302967433402215, 'a3': 2.75034947397834}
params_min= {'a1': 0.2309401076758503, 'a2': 0.7302967433402215, 'a3': 2.7503494739783143} logZ_min= nan obs_min= 1.9423922600018052e-34
params_new= {'a1': 0.2309401076758503, 'a2': 0.7302967433402215, 'a3': 2.75034947397834} logZ_new= 1.974339289341068 obs_new= 1.6509924826952662e-32
params_max= {'a1': 0.2309401076758503, 'a2': 0.7302967433402215, 'a3': 2.7503494739783654} logZ_max= 1.9743156209567827 obs_max= 2.9163084859405733e-32
dist_min= tensor(1523.1366) dist_max= tensor(2197030.9311)
params_min,params_max=params_new,params_max
evaluating model at params_new={'a1': 0.2309401076758503, 'a2': 0.7302967433402215, 'a3': 2.7503494739783525}
params_min= {'a1': 0.2309401076758503, 'a2': 0.7302967433402215, 'a3': 2.75034947397834} logZ_min= 1.974339289341068 obs_min= 1.6509924826952662e-32
params_new= {'a1': 0.2309401076758503, 'a2': 0.7302967433402215, 'a3': 2.7503494739783525} logZ_new= nan obs_new= 1.7586317927091125e-33
params_max= {'a1': 0.2309401076758503, 'a2': 0.7302967433402215, 'a3': 2.7503494739783654} logZ_max= 1.9743156209567827 obs_max= 2.9163084859405733e-32
dist_min= tensor(847.5871) dist_max= tensor(2197031.6633)
params_min,params_max=params_new,params_max
evaluating model at params_new={'a1': 0.2309401076758503, 'a2': 0.7302967433402215, 'a3': 2.7503494739783587}
params_min= {'a1': 0.2309401076758503, 'a2': 0.7302967433402215, 'a3': 2.7503494739783525} logZ_min= nan obs_min= 1.7586317927091125e-33
params_new= {'a1': 0.2309401076758503, 'a2': 0.7302967433402215, 'a3': 2.7503494739783587} logZ_new= nan obs_new= -9.321915524552261e-35
params_max= {'a1': 0.2309401076758503, 'a2': 0.7302967433402215, 'a3': 2.7503494739783654} logZ_max= 1.9743156209567827 obs_max= 2.9163084859405733e-32
dist_min= tensor(850.6698) dist_max= tensor(2197031.4292)
params_min,params_max=params_new,params_max
evaluating model at params_new={'a1': 0.2309401076758503, 'a2': 0.7302967433402215, 'a3': 2.7503494739783623}
params_min= {'a1': 0.2309401076758503, 'a2': 0.7302967433402215, 'a3': 2.7503494739783587} logZ_min= nan obs_min= -9.321915524552261e-35
params_new= {'a1': 0.2309401076758503, 'a2': 0.7302967433402215, 'a3': 2.7503494739783623} logZ_new= 1.9743051911395844 obs_new= 3.6864982571328756e-32
params_max= {'a1': 0.2309401076758503, 'a2': 0.7302967433402215, 'a3': 2.7503494739783654} logZ_max= 1.9743156209567827 obs_max= 2.9163084859405733e-32
dist_min= tensor(5247.1843) dist_max= tensor(2197037.7301)
params_min,params_max=params_new,params_max
evaluating model at params_new={'a1': 0.2309401076758503, 'a2': 0.7302967433402215, 'a3': 2.750349473978364}
params_min= {'a1': 0.2309401076758503, 'a2': 0.7302967433402215, 'a3': 2.7503494739783623} logZ_min= 1.9743051911395844 obs_min= 3.6864982571328756e-32
params_new= {'a1': 0.2309401076758503, 'a2': 0.7302967433402215, 'a3': 2.750349473978364} logZ_new= 1.9736586964872722 obs_new= 1.686610794937735e-37
params_max= {'a1': 0.2309401076758503, 'a2': 0.7302967433402215, 'a3': 2.7503494739783654} logZ_max= 1.9743156209567827 obs_max= 2.9163084859405733e-32
dist_min= tensor(3772303.7991) dist_max= tensor(4365461.0965)
params_min,params_max=params_new,params_max
evaluating model at params_new={'a1': 0.2309401076758503, 'a2': 0.7302967433402215, 'a3': 2.750349473978365}
params_min= {'a1': 0.2309401076758503, 'a2': 0.7302967433402215, 'a3': 2.750349473978364} logZ_min= 1.9736586964872722 obs_min= 1.686610794937735e-37
params_new= {'a1': 0.2309401076758503, 'a2': 0.7302967433402215, 'a3': 2.750349473978365} logZ_new= 1.9739516477123848 obs_new= 1.4605044890978114e-32
params_max= {'a1': 0.2309401076758503, 'a2': 0.7302967433402215, 'a3': 2.7503494739783654} logZ_max= 1.9743156209567827 obs_max= 2.9163084859405733e-32
dist_min= tensor(3772306.8164) dist_max= tensor(2197030.9311)
params_min,params_max=params_min,params_new
evaluating model at params_new={'a1': 0.2309401076758503, 'a2': 0.7302967433402215, 'a3': 2.7503494739783645}
params_min= {'a1': 0.2309401076758503, 'a2': 0.7302967433402215, 'a3': 2.750349473978364} logZ_min= 1.9736586964872722 obs_min= 1.686610794937735e-37
params_new= {'a1': 0.2309401076758503, 'a2': 0.7302967433402215, 'a3': 2.7503494739783645} logZ_new= 1.9741713715741978 obs_new= 9.813790846081621e-33
params_max= {'a1': 0.2309401076758503, 'a2': 0.7302967433402215, 'a3': 2.750349473978365} logZ_max= 1.9739516477123848 obs_max= 1.4605044890978114e-32
dist_min= tensor(3772306.8164) dist_max= tensor(0.8941)
params_min,params_max=params_min,params_new
critical params found:  {'a1': 0.2309401076758503, 'a2': 0.7302967433402215, 'a3': 2.750349473978364}
reference params:  {'a1': 1.1547005383792515, 'a2': 1.8257418583505538, 'a3': 4.47213595499958}
file saved to  data/AKLT3D_X10_scan_grid_critical_a3/a1_0.2309401_a2_0.7302967/Tc.json
