Start running find_critical_temp.py with options:{'filename': 'data/AKLT3D_X10_scan_grid_critical_a3/a1_1.3856406_a2_2.5560386/Tc.json', 'log_filename': 'data/AKLT3D_X10_scan_grid_critical_a3/a1_1.3856406_a2_2.5560386/Tc.log', 'nLayers': 60, 'max_dim': 10, 'model': 'AKLT3D', 'params_min': "{'a1': 1.3856406460551018, 'a2': 2.5560386016907755, 'a3': 3.577708763999664}", 'params_max': "{'a1': 1.3856406460551018, 'a2': 2.5560386016907755, 'a3': 4.47213595499958}", 'params_ref': None, 'observable_name': 'magnetizationZ', 'tol': 0.0, 'gilt_enabled': False, 'gilt_eps': 8e-07, 'gilt_nIter': 1, 'mcf_enabled': True, 'mcf_eps': 1e-16, 'mcf_max_iter': 200, 'hotrg_sanity_check': False, 'version': 1, 'device': 'cuda:1'}
loading library...
evaluating model at params_min={'a1': 1.3856406460551018, 'a2': 2.5560386016907755, 'a3': 3.577708763999664}
params_min= {'a1': 1.3856406460551018, 'a2': 2.5560386016907755, 'a3': 3.577708763999664} logZ_min= nan obs_min= 6.349794783345082e-30
evaluating model at params_max={'a1': 1.3856406460551018, 'a2': 2.5560386016907755, 'a3': 4.47213595499958}
params_max= {'a1': 1.3856406460551018, 'a2': 2.5560386016907755, 'a3': 4.47213595499958} logZ_max= nan obs_max= 1.4541020011195205
searching for critical temperature using bisection method
evaluating model at params_new={'a1': 1.3856406460551018, 'a2': 2.5560386016907755, 'a3': 4.024922359499621}
params_min= {'a1': 1.3856406460551018, 'a2': 2.5560386016907755, 'a3': 3.577708763999664} logZ_min= nan obs_min= 6.349794783345082e-30
params_new= {'a1': 1.3856406460551018, 'a2': 2.5560386016907755, 'a3': 4.024922359499621} logZ_new= nan obs_new= 0.2586067925983762
params_max= {'a1': 1.3856406460551018, 'a2': 2.5560386016907755, 'a3': 4.47213595499958} logZ_max= nan obs_max= 1.4541020011195205
dist_min= tensor(117.6471) dist_max= tensor(131.7174)
params_min,params_max=params_new,params_max
evaluating model at params_new={'a1': 1.3856406460551018, 'a2': 2.5560386016907755, 'a3': 4.2485291572496005}
params_min= {'a1': 1.3856406460551018, 'a2': 2.5560386016907755, 'a3': 4.024922359499621} logZ_min= nan obs_min= 0.2586067925983762
params_new= {'a1': 1.3856406460551018, 'a2': 2.5560386016907755, 'a3': 4.2485291572496005} logZ_new= 3.4498015921302985 obs_new= 3.344695577143708e-28
params_max= {'a1': 1.3856406460551018, 'a2': 2.5560386016907755, 'a3': 4.47213595499958} logZ_max= nan obs_max= 1.4541020011195205
dist_min= tensor(113.9922) dist_max= tensor(89.9343)
params_min,params_max=params_min,params_new
evaluating model at params_new={'a1': 1.3856406460551018, 'a2': 2.5560386016907755, 'a3': 4.136725758374611}
params_min= {'a1': 1.3856406460551018, 'a2': 2.5560386016907755, 'a3': 4.024922359499621} logZ_min= nan obs_min= 0.2586067925983762
params_new= {'a1': 1.3856406460551018, 'a2': 2.5560386016907755, 'a3': 4.136725758374611} logZ_new= 3.4504976968793986 obs_new= 0.3456330328185392
params_max= {'a1': 1.3856406460551018, 'a2': 2.5560386016907755, 'a3': 4.2485291572496005} logZ_max= 3.4498015921302985 obs_max= 3.344695577143708e-28
dist_min= tensor(388325.2399) dist_max= tensor(388249.9126)
params_min,params_max=params_min,params_new
evaluating model at params_new={'a1': 1.3856406460551018, 'a2': 2.5560386016907755, 'a3': 4.080824058937116}
params_min= {'a1': 1.3856406460551018, 'a2': 2.5560386016907755, 'a3': 4.024922359499621} logZ_min= nan obs_min= 0.2586067925983762
params_new= {'a1': 1.3856406460551018, 'a2': 2.5560386016907755, 'a3': 4.080824058937116} logZ_new= nan obs_new= 0.4420200590936665
params_max= {'a1': 1.3856406460551018, 'a2': 2.5560386016907755, 'a3': 4.136725758374611} logZ_max= 3.4504976968793986 obs_max= 0.3456330328185392
dist_min= tensor(9.5371) dist_max= tensor(388325.0761)
params_min,params_max=params_new,params_max
evaluating model at params_new={'a1': 1.3856406460551018, 'a2': 2.5560386016907755, 'a3': 4.108774908655864}
params_min= {'a1': 1.3856406460551018, 'a2': 2.5560386016907755, 'a3': 4.080824058937116} logZ_min= nan obs_min= 0.4420200590936665
params_new= {'a1': 1.3856406460551018, 'a2': 2.5560386016907755, 'a3': 4.108774908655864} logZ_new= 3.445447092740018 obs_new= 2.205784579503589e-28
params_max= {'a1': 1.3856406460551018, 'a2': 2.5560386016907755, 'a3': 4.136725758374611} logZ_max= 3.4504976968793986 obs_max= 0.3456330328185392
dist_min= tensor(104.6158) dist_max= tensor(388323.9781)
params_min,params_max=params_new,params_max
evaluating model at params_new={'a1': 1.3856406460551018, 'a2': 2.5560386016907755, 'a3': 4.122750333515238}
params_min= {'a1': 1.3856406460551018, 'a2': 2.5560386016907755, 'a3': 4.108774908655864} logZ_min= 3.445447092740018 obs_min= 2.205784579503589e-28
params_new= {'a1': 1.3856406460551018, 'a2': 2.5560386016907755, 'a3': 4.122750333515238} logZ_new= 3.4469030154306655 obs_new= 3.739760880995982e-27
params_max= {'a1': 1.3856406460551018, 'a2': 2.5560386016907755, 'a3': 4.136725758374611} logZ_max= 3.4504976968793986 obs_max= 0.3456330328185392
dist_min= tensor(7.9212) dist_max= tensor(388323.9744)
params_min,params_max=params_new,params_max
evaluating model at params_new={'a1': 1.3856406460551018, 'a2': 2.5560386016907755, 'a3': 4.129738045944924}
params_min= {'a1': 1.3856406460551018, 'a2': 2.5560386016907755, 'a3': 4.122750333515238} logZ_min= 3.4469030154306655 obs_min= 3.739760880995982e-27
params_new= {'a1': 1.3856406460551018, 'a2': 2.5560386016907755, 'a3': 4.129738045944924} logZ_new= nan obs_new= 0.03722266649295758
params_max= {'a1': 1.3856406460551018, 'a2': 2.5560386016907755, 'a3': 4.136725758374611} logZ_max= 3.4504976968793986 obs_max= 0.3456330328185392
dist_min= tensor(118.5847) dist_max= tensor(388325.0259)
params_min,params_max=params_new,params_max
evaluating model at params_new={'a1': 1.3856406460551018, 'a2': 2.5560386016907755, 'a3': 4.133231902159768}
params_min= {'a1': 1.3856406460551018, 'a2': 2.5560386016907755, 'a3': 4.129738045944924} logZ_min= nan obs_min= 0.03722266649295758
params_new= {'a1': 1.3856406460551018, 'a2': 2.5560386016907755, 'a3': 4.133231902159768} logZ_new= 3.4460812212912315 obs_new= 1.2290501446848781e-26
params_max= {'a1': 1.3856406460551018, 'a2': 2.5560386016907755, 'a3': 4.136725758374611} logZ_max= 3.4504976968793986 obs_max= 0.3456330328185392
dist_min= tensor(117.1271) dist_max= tensor(388324.0393)
params_min,params_max=params_new,params_max
evaluating model at params_new={'a1': 1.3856406460551018, 'a2': 2.5560386016907755, 'a3': 4.1349788302671895}
params_min= {'a1': 1.3856406460551018, 'a2': 2.5560386016907755, 'a3': 4.133231902159768} logZ_min= 3.4460812212912315 obs_min= 1.2290501446848781e-26
params_new= {'a1': 1.3856406460551018, 'a2': 2.5560386016907755, 'a3': 4.1349788302671895} logZ_new= nan obs_new= 6.3041184738744026e-27
params_max= {'a1': 1.3856406460551018, 'a2': 2.5560386016907755, 'a3': 4.136725758374611} logZ_max= 3.4504976968793986 obs_max= 0.3456330328185392
dist_min= tensor(109.4477) dist_max= tensor(388325.0142)
params_min,params_max=params_new,params_max
evaluating model at params_new={'a1': 1.3856406460551018, 'a2': 2.5560386016907755, 'a3': 4.1358522943209}
params_min= {'a1': 1.3856406460551018, 'a2': 2.5560386016907755, 'a3': 4.1349788302671895} logZ_min= nan obs_min= 6.3041184738744026e-27
params_new= {'a1': 1.3856406460551018, 'a2': 2.5560386016907755, 'a3': 4.1358522943209} logZ_new= 3.4459717175735265 obs_new= 4.1755667751424736e-30
params_max= {'a1': 1.3856406460551018, 'a2': 2.5560386016907755, 'a3': 4.136725758374611} logZ_max= 3.4504976968793986 obs_max= 0.3456330328185392
dist_min= tensor(97.9045) dist_max= tensor(388325.1690)
params_min,params_max=params_new,params_max
evaluating model at params_new={'a1': 1.3856406460551018, 'a2': 2.5560386016907755, 'a3': 4.136289026347756}
params_min= {'a1': 1.3856406460551018, 'a2': 2.5560386016907755, 'a3': 4.1358522943209} logZ_min= 3.4459717175735265 obs_min= 4.1755667751424736e-30
params_new= {'a1': 1.3856406460551018, 'a2': 2.5560386016907755, 'a3': 4.136289026347756} logZ_new= 3.4516849061993136 obs_new= 0.5650296655941901
params_max= {'a1': 1.3856406460551018, 'a2': 2.5560386016907755, 'a3': 4.136725758374611} logZ_max= 3.4504976968793986 obs_max= 0.3456330328185392
dist_min= tensor(115.4114) dist_max= tensor(388263.7619)
params_min,params_max=params_new,params_max
evaluating model at params_new={'a1': 1.3856406460551018, 'a2': 2.5560386016907755, 'a3': 4.1365073923611835}
params_min= {'a1': 1.3856406460551018, 'a2': 2.5560386016907755, 'a3': 4.136289026347756} logZ_min= 3.4516849061993136 obs_min= 0.5650296655941901
params_new= {'a1': 1.3856406460551018, 'a2': 2.5560386016907755, 'a3': 4.1365073923611835} logZ_new= 3.449467112996702 obs_new= 0.24238507003902873
params_max= {'a1': 1.3856406460551018, 'a2': 2.5560386016907755, 'a3': 4.136725758374611} logZ_max= 3.4504976968793986 obs_max= 0.3456330328185392
dist_min= tensor(50.4628) dist_max= tensor(388314.2038)
params_min,params_max=params_new,params_max
evaluating model at params_new={'a1': 1.3856406460551018, 'a2': 2.5560386016907755, 'a3': 4.136616575367897}
params_min= {'a1': 1.3856406460551018, 'a2': 2.5560386016907755, 'a3': 4.1365073923611835} logZ_min= 3.449467112996702 obs_min= 0.24238507003902873
params_new= {'a1': 1.3856406460551018, 'a2': 2.5560386016907755, 'a3': 4.136616575367897} logZ_new= 3.4514354014030197 obs_new= 0.5362158788807245
params_max= {'a1': 1.3856406460551018, 'a2': 2.5560386016907755, 'a3': 4.136725758374611} logZ_max= 3.4504976968793986 obs_max= 0.3456330328185392
dist_min= tensor(10.7317) dist_max= tensor(388324.6721)
params_min,params_max=params_new,params_max
evaluating model at params_new={'a1': 1.3856406460551018, 'a2': 2.5560386016907755, 'a3': 4.136671166871254}
params_min= {'a1': 1.3856406460551018, 'a2': 2.5560386016907755, 'a3': 4.136616575367897} logZ_min= 3.4514354014030197 obs_min= 0.5362158788807245
params_new= {'a1': 1.3856406460551018, 'a2': 2.5560386016907755, 'a3': 4.136671166871254} logZ_new= 3.445880992445208 obs_new= 2.478257280754685e-31
params_max= {'a1': 1.3856406460551018, 'a2': 2.5560386016907755, 'a3': 4.136725758374611} logZ_max= 3.4504976968793986 obs_max= 0.3456330328185392
dist_min= tensor(95.1558) dist_max= tensor(388325.2079)
params_min,params_max=params_new,params_max
evaluating model at params_new={'a1': 1.3856406460551018, 'a2': 2.5560386016907755, 'a3': 4.136698462622933}
params_min= {'a1': 1.3856406460551018, 'a2': 2.5560386016907755, 'a3': 4.136671166871254} logZ_min= 3.445880992445208 obs_min= 2.478257280754685e-31
params_new= {'a1': 1.3856406460551018, 'a2': 2.5560386016907755, 'a3': 4.136698462622933} logZ_new= 3.44585671691445 obs_new= 7.646433986249433e-31
params_max= {'a1': 1.3856406460551018, 'a2': 2.5560386016907755, 'a3': 4.136725758374611} logZ_max= 3.4504976968793986 obs_max= 0.3456330328185392
dist_min= tensor(0.3815) dist_max= tensor(388325.2109)
params_min,params_max=params_new,params_max
evaluating model at params_new={'a1': 1.3856406460551018, 'a2': 2.5560386016907755, 'a3': 4.136712110498772}
params_min= {'a1': 1.3856406460551018, 'a2': 2.5560386016907755, 'a3': 4.136698462622933} logZ_min= 3.44585671691445 obs_min= 7.646433986249433e-31
params_new= {'a1': 1.3856406460551018, 'a2': 2.5560386016907755, 'a3': 4.136712110498772} logZ_new= 3.445892163457114 obs_new= -3.4885887636141344e-31
params_max= {'a1': 1.3856406460551018, 'a2': 2.5560386016907755, 'a3': 4.136725758374611} logZ_max= 3.4504976968793986 obs_max= 0.3456330328185392
dist_min= tensor(0.2498) dist_max= tensor(388325.1931)
params_min,params_max=params_new,params_max
evaluating model at params_new={'a1': 1.3856406460551018, 'a2': 2.5560386016907755, 'a3': 4.136718934436692}
params_min= {'a1': 1.3856406460551018, 'a2': 2.5560386016907755, 'a3': 4.136712110498772} logZ_min= 3.445892163457114 obs_min= -3.4885887636141344e-31
params_new= {'a1': 1.3856406460551018, 'a2': 2.5560386016907755, 'a3': 4.136718934436692} logZ_new= 3.4458409600484083 obs_new= 3.6031742034096795e-30
params_max= {'a1': 1.3856406460551018, 'a2': 2.5560386016907755, 'a3': 4.136725758374611} logZ_max= 3.4504976968793986 obs_max= 0.3456330328185392
dist_min= tensor(2.1554) dist_max= tensor(388325.0854)
params_min,params_max=params_new,params_max
evaluating model at params_new={'a1': 1.3856406460551018, 'a2': 2.5560386016907755, 'a3': 4.1367223464056515}
params_min= {'a1': 1.3856406460551018, 'a2': 2.5560386016907755, 'a3': 4.136718934436692} logZ_min= 3.4458409600484083 obs_min= 3.6031742034096795e-30
params_new= {'a1': 1.3856406460551018, 'a2': 2.5560386016907755, 'a3': 4.1367223464056515} logZ_new= 3.4457861747218423 obs_new= 2.0561023378969512e-30
params_max= {'a1': 1.3856406460551018, 'a2': 2.5560386016907755, 'a3': 4.136725758374611} logZ_max= 3.4504976968793986 obs_max= 0.3456330328185392
dist_min= tensor(1.7788) dist_max= tensor(388325.0945)
params_min,params_max=params_new,params_max
evaluating model at params_new={'a1': 1.3856406460551018, 'a2': 2.5560386016907755, 'a3': 4.136724052390131}
params_min= {'a1': 1.3856406460551018, 'a2': 2.5560386016907755, 'a3': 4.1367223464056515} logZ_min= 3.4457861747218423 obs_min= 2.0561023378969512e-30
params_new= {'a1': 1.3856406460551018, 'a2': 2.5560386016907755, 'a3': 4.136724052390131} logZ_new= nan obs_new= 0.5662554512095475
params_max= {'a1': 1.3856406460551018, 'a2': 2.5560386016907755, 'a3': 4.136725758374611} logZ_max= 3.4504976968793986 obs_max= 0.3456330328185392
dist_min= tensor(95.6098) dist_max= tensor(388325.1245)
params_min,params_max=params_new,params_max
evaluating model at params_new={'a1': 1.3856406460551018, 'a2': 2.5560386016907755, 'a3': 4.136724905382371}
params_min= {'a1': 1.3856406460551018, 'a2': 2.5560386016907755, 'a3': 4.136724052390131} logZ_min= nan obs_min= 0.5662554512095475
params_new= {'a1': 1.3856406460551018, 'a2': 2.5560386016907755, 'a3': 4.136724905382371} logZ_new= 3.4458863422459705 obs_new= 2.208492199461315e-29
params_max= {'a1': 1.3856406460551018, 'a2': 2.5560386016907755, 'a3': 4.136725758374611} logZ_max= 3.4504976968793986 obs_max= 0.3456330328185392
dist_min= tensor(95.1078) dist_max= tensor(388324.1867)
params_min,params_max=params_new,params_max
evaluating model at params_new={'a1': 1.3856406460551018, 'a2': 2.5560386016907755, 'a3': 4.136725331878491}
params_min= {'a1': 1.3856406460551018, 'a2': 2.5560386016907755, 'a3': 4.136724905382371} logZ_min= 3.4458863422459705 obs_min= 2.208492199461315e-29
params_new= {'a1': 1.3856406460551018, 'a2': 2.5560386016907755, 'a3': 4.136725331878491} logZ_new= nan obs_new= 0.3941029134795211
params_max= {'a1': 1.3856406460551018, 'a2': 2.5560386016907755, 'a3': 4.136725758374611} logZ_max= 3.4504976968793986 obs_max= 0.3456330328185392
dist_min= tensor(95.1357) dist_max= tensor(388325.2133)
params_min,params_max=params_new,params_max
evaluating model at params_new={'a1': 1.3856406460551018, 'a2': 2.5560386016907755, 'a3': 4.136725545126551}
params_min= {'a1': 1.3856406460551018, 'a2': 2.5560386016907755, 'a3': 4.136725331878491} logZ_min= nan obs_min= 0.3941029134795211
params_new= {'a1': 1.3856406460551018, 'a2': 2.5560386016907755, 'a3': 4.136725545126551} logZ_new= 3.44576413820766 obs_new= 2.060328826237071e-31
params_max= {'a1': 1.3856406460551018, 'a2': 2.5560386016907755, 'a3': 4.136725758374611} logZ_max= 3.4504976968793986 obs_max= 0.3456330328185392
dist_min= tensor(95.3816) dist_max= tensor(388325.1179)
params_min,params_max=params_new,params_max
evaluating model at params_new={'a1': 1.3856406460551018, 'a2': 2.5560386016907755, 'a3': 4.136725651750581}
params_min= {'a1': 1.3856406460551018, 'a2': 2.5560386016907755, 'a3': 4.136725545126551} logZ_min= 3.44576413820766 obs_min= 2.060328826237071e-31
params_new= {'a1': 1.3856406460551018, 'a2': 2.5560386016907755, 'a3': 4.136725651750581} logZ_new= 3.446209744977436 obs_new= 6.042454969865548e-29
params_max= {'a1': 1.3856406460551018, 'a2': 2.5560386016907755, 'a3': 4.136725758374611} logZ_max= 3.4504976968793986 obs_max= 0.3456330328185392
dist_min= tensor(6.8366) dist_max= tensor(388324.0184)
params_min,params_max=params_new,params_max
evaluating model at params_new={'a1': 1.3856406460551018, 'a2': 2.5560386016907755, 'a3': 4.136725705062596}
params_min= {'a1': 1.3856406460551018, 'a2': 2.5560386016907755, 'a3': 4.136725651750581} logZ_min= 3.446209744977436 obs_min= 6.042454969865548e-29
params_new= {'a1': 1.3856406460551018, 'a2': 2.5560386016907755, 'a3': 4.136725705062596} logZ_new= 3.451441222585945 obs_new= 0.48508731808673905
params_max= {'a1': 1.3856406460551018, 'a2': 2.5560386016907755, 'a3': 4.136725758374611} logZ_max= 3.4504976968793986 obs_max= 0.3456330328185392
dist_min= tensor(99.7959) dist_max= tensor(388325.2821)
params_min,params_max=params_new,params_max
evaluating model at params_new={'a1': 1.3856406460551018, 'a2': 2.5560386016907755, 'a3': 4.136725731718604}
params_min= {'a1': 1.3856406460551018, 'a2': 2.5560386016907755, 'a3': 4.136725705062596} logZ_min= 3.451441222585945 obs_min= 0.48508731808673905
params_new= {'a1': 1.3856406460551018, 'a2': 2.5560386016907755, 'a3': 4.136725731718604} logZ_new= nan obs_new= 0.5408174845984649
params_max= {'a1': 1.3856406460551018, 'a2': 2.5560386016907755, 'a3': 4.136725758374611} logZ_max= 3.4504976968793986 obs_max= 0.3456330328185392
dist_min= tensor(0.8190) dist_max= tensor(388325.2165)
params_min,params_max=params_new,params_max
evaluating model at params_new={'a1': 1.3856406460551018, 'a2': 2.5560386016907755, 'a3': 4.136725745046608}
params_min= {'a1': 1.3856406460551018, 'a2': 2.5560386016907755, 'a3': 4.136725731718604} logZ_min= nan obs_min= 0.5408174845984649
params_new= {'a1': 1.3856406460551018, 'a2': 2.5560386016907755, 'a3': 4.136725745046608} logZ_new= nan obs_new= 0.5573029140700542
params_max= {'a1': 1.3856406460551018, 'a2': 2.5560386016907755, 'a3': 4.136725758374611} logZ_max= 3.4504976968793986 obs_max= 0.3456330328185392
dist_min= tensor(30.0980) dist_max= tensor(388324.8820)
params_min,params_max=params_new,params_max
evaluating model at params_new={'a1': 1.3856406460551018, 'a2': 2.5560386016907755, 'a3': 4.1367257517106095}
params_min= {'a1': 1.3856406460551018, 'a2': 2.5560386016907755, 'a3': 4.136725745046608} logZ_min= nan obs_min= 0.5573029140700542
params_new= {'a1': 1.3856406460551018, 'a2': 2.5560386016907755, 'a3': 4.1367257517106095} logZ_new= 3.4508833169695423 obs_new= 0.4569711839771385
params_max= {'a1': 1.3856406460551018, 'a2': 2.5560386016907755, 'a3': 4.136725758374611} logZ_max= 3.4504976968793986 obs_max= 0.3456330328185392
dist_min= tensor(30.3593) dist_max= tensor(388324.6718)
params_min,params_max=params_new,params_max
evaluating model at params_new={'a1': 1.3856406460551018, 'a2': 2.5560386016907755, 'a3': 4.13672575504261}
params_min= {'a1': 1.3856406460551018, 'a2': 2.5560386016907755, 'a3': 4.1367257517106095} logZ_min= 3.4508833169695423 obs_min= 0.4569711839771385
params_new= {'a1': 1.3856406460551018, 'a2': 2.5560386016907755, 'a3': 4.13672575504261} logZ_new= nan obs_new= 0.569036242094517
params_max= {'a1': 1.3856406460551018, 'a2': 2.5560386016907755, 'a3': 4.136725758374611} logZ_max= 3.4504976968793986 obs_max= 0.3456330328185392
dist_min= tensor(3.4649) dist_max= tensor(388324.6278)
params_min,params_max=params_new,params_max
evaluating model at params_new={'a1': 1.3856406460551018, 'a2': 2.5560386016907755, 'a3': 4.136725756708611}
params_min= {'a1': 1.3856406460551018, 'a2': 2.5560386016907755, 'a3': 4.13672575504261} logZ_min= nan obs_min= 0.569036242094517
params_new= {'a1': 1.3856406460551018, 'a2': 2.5560386016907755, 'a3': 4.136725756708611} logZ_new= 3.4463915514435137 obs_new= 1.0807311909512741e-27
params_max= {'a1': 1.3856406460551018, 'a2': 2.5560386016907755, 'a3': 4.136725758374611} logZ_max= 3.4504976968793986 obs_max= 0.3456330328185392
dist_min= tensor(105.3201) dist_max= tensor(388324.0654)
params_min,params_max=params_new,params_max
evaluating model at params_new={'a1': 1.3856406460551018, 'a2': 2.5560386016907755, 'a3': 4.136725757541611}
params_min= {'a1': 1.3856406460551018, 'a2': 2.5560386016907755, 'a3': 4.136725756708611} logZ_min= 3.4463915514435137 obs_min= 1.0807311909512741e-27
params_new= {'a1': 1.3856406460551018, 'a2': 2.5560386016907755, 'a3': 4.136725757541611} logZ_new= 3.4456715099387307 obs_new= 2.415305084199086e-31
params_max= {'a1': 1.3856406460551018, 'a2': 2.5560386016907755, 'a3': 4.136725758374611} logZ_max= 3.4504976968793986 obs_max= 0.3456330328185392
dist_min= tensor(7.0613) dist_max= tensor(388325.1805)
params_min,params_max=params_new,params_max
evaluating model at params_new={'a1': 1.3856406460551018, 'a2': 2.5560386016907755, 'a3': 4.136725757958111}
params_min= {'a1': 1.3856406460551018, 'a2': 2.5560386016907755, 'a3': 4.136725757541611} logZ_min= 3.4456715099387307 obs_min= 2.415305084199086e-31
params_new= {'a1': 1.3856406460551018, 'a2': 2.5560386016907755, 'a3': 4.136725757958111} logZ_new= 3.451717095777192 obs_new= 0.5675060154267019
params_max= {'a1': 1.3856406460551018, 'a2': 2.5560386016907755, 'a3': 4.136725758374611} logZ_max= 3.4504976968793986 obs_max= 0.3456330328185392
dist_min= tensor(101.0937) dist_max= tensor(388312.1780)
params_min,params_max=params_new,params_max
evaluating model at params_new={'a1': 1.3856406460551018, 'a2': 2.5560386016907755, 'a3': 4.136725758166361}
params_min= {'a1': 1.3856406460551018, 'a2': 2.5560386016907755, 'a3': 4.136725757958111} logZ_min= 3.451717095777192 obs_min= 0.5675060154267019
params_new= {'a1': 1.3856406460551018, 'a2': 2.5560386016907755, 'a3': 4.136725758166361} logZ_new= 3.4456783634610866 obs_new= 2.1207309366177528e-31
params_max= {'a1': 1.3856406460551018, 'a2': 2.5560386016907755, 'a3': 4.136725758374611} logZ_max= 3.4504976968793986 obs_max= 0.3456330328185392
dist_min= tensor(97.7936) dist_max= tensor(388325.1889)
params_min,params_max=params_new,params_max
evaluating model at params_new={'a1': 1.3856406460551018, 'a2': 2.5560386016907755, 'a3': 4.136725758270487}
params_min= {'a1': 1.3856406460551018, 'a2': 2.5560386016907755, 'a3': 4.136725758166361} logZ_min= 3.4456783634610866 obs_min= 2.1207309366177528e-31
params_new= {'a1': 1.3856406460551018, 'a2': 2.5560386016907755, 'a3': 4.136725758270487} logZ_new= 3.4495478515155606 obs_new= 0.2540323999715818
params_max= {'a1': 1.3856406460551018, 'a2': 2.5560386016907755, 'a3': 4.136725758374611} logZ_max= 3.4504976968793986 obs_max= 0.3456330328185392
dist_min= tensor(97.0707) dist_max= tensor(388324.6661)
params_min,params_max=params_new,params_max
evaluating model at params_new={'a1': 1.3856406460551018, 'a2': 2.5560386016907755, 'a3': 4.136725758322549}
params_min= {'a1': 1.3856406460551018, 'a2': 2.5560386016907755, 'a3': 4.136725758270487} logZ_min= 3.4495478515155606 obs_min= 0.2540323999715818
params_new= {'a1': 1.3856406460551018, 'a2': 2.5560386016907755, 'a3': 4.136725758322549} logZ_new= 3.4471113258598476 obs_new= 4.958903214998452e-30
params_max= {'a1': 1.3856406460551018, 'a2': 2.5560386016907755, 'a3': 4.136725758374611} logZ_max= 3.4504976968793986 obs_max= 0.3456330328185392
dist_min= tensor(3.3374) dist_max= tensor(388325.1828)
params_min,params_max=params_new,params_max
evaluating model at params_new={'a1': 1.3856406460551018, 'a2': 2.5560386016907755, 'a3': 4.136725758348581}
params_min= {'a1': 1.3856406460551018, 'a2': 2.5560386016907755, 'a3': 4.136725758322549} logZ_min= 3.4471113258598476 obs_min= 4.958903214998452e-30
params_new= {'a1': 1.3856406460551018, 'a2': 2.5560386016907755, 'a3': 4.136725758348581} logZ_new= 3.451543671843596 obs_new= 0.5477334301310317
params_max= {'a1': 1.3856406460551018, 'a2': 2.5560386016907755, 'a3': 4.136725758374611} logZ_max= 3.4504976968793986 obs_max= 0.3456330328185392
dist_min= tensor(3.5114) dist_max= tensor(388325.3161)
params_min,params_max=params_new,params_max
evaluating model at params_new={'a1': 1.3856406460551018, 'a2': 2.5560386016907755, 'a3': 4.136725758361596}
params_min= {'a1': 1.3856406460551018, 'a2': 2.5560386016907755, 'a3': 4.136725758348581} logZ_min= 3.451543671843596 obs_min= 0.5477334301310317
params_new= {'a1': 1.3856406460551018, 'a2': 2.5560386016907755, 'a3': 4.136725758361596} logZ_new= 3.446495869889213 obs_new= 5.535154974561168e-28
params_max= {'a1': 1.3856406460551018, 'a2': 2.5560386016907755, 'a3': 4.136725758374611} logZ_max= 3.4504976968793986 obs_max= 0.3456330328185392
dist_min= tensor(101.9240) dist_max= tensor(388324.3352)
params_min,params_max=params_new,params_max
evaluating model at params_new={'a1': 1.3856406460551018, 'a2': 2.5560386016907755, 'a3': 4.136725758368104}
params_min= {'a1': 1.3856406460551018, 'a2': 2.5560386016907755, 'a3': 4.136725758361596} logZ_min= 3.446495869889213 obs_min= 5.535154974561168e-28
params_new= {'a1': 1.3856406460551018, 'a2': 2.5560386016907755, 'a3': 4.136725758368104} logZ_new= 3.4516384952391697 obs_new= 0.5059668991372976
params_max= {'a1': 1.3856406460551018, 'a2': 2.5560386016907755, 'a3': 4.136725758374611} logZ_max= 3.4504976968793986 obs_max= 0.3456330328185392
dist_min= tensor(101.9392) dist_max= tensor(388325.2645)
params_min,params_max=params_new,params_max
evaluating model at params_new={'a1': 1.3856406460551018, 'a2': 2.5560386016907755, 'a3': 4.136725758371357}
params_min= {'a1': 1.3856406460551018, 'a2': 2.5560386016907755, 'a3': 4.136725758368104} logZ_min= 3.4516384952391697 obs_min= 0.5059668991372976
params_new= {'a1': 1.3856406460551018, 'a2': 2.5560386016907755, 'a3': 4.136725758371357} logZ_new= 3.4458017476923537 obs_new= 3.044883635259308e-31
params_max= {'a1': 1.3856406460551018, 'a2': 2.5560386016907755, 'a3': 4.136725758374611} logZ_max= 3.4504976968793986 obs_max= 0.3456330328185392
dist_min= tensor(95.4378) dist_max= tensor(388325.0939)
params_min,params_max=params_new,params_max
evaluating model at params_new={'a1': 1.3856406460551018, 'a2': 2.5560386016907755, 'a3': 4.136725758372984}
params_min= {'a1': 1.3856406460551018, 'a2': 2.5560386016907755, 'a3': 4.136725758371357} logZ_min= 3.4458017476923537 obs_min= 3.044883635259308e-31
params_new= {'a1': 1.3856406460551018, 'a2': 2.5560386016907755, 'a3': 4.136725758372984} logZ_new= nan obs_new= 0.17760763971217275
params_max= {'a1': 1.3856406460551018, 'a2': 2.5560386016907755, 'a3': 4.136725758374611} logZ_max= 3.4504976968793986 obs_max= 0.3456330328185392
dist_min= tensor(95.5782) dist_max= tensor(388325.1571)
params_min,params_max=params_new,params_max
evaluating model at params_new={'a1': 1.3856406460551018, 'a2': 2.5560386016907755, 'a3': 4.136725758373798}
params_min= {'a1': 1.3856406460551018, 'a2': 2.5560386016907755, 'a3': 4.136725758372984} logZ_min= nan obs_min= 0.17760763971217275
params_new= {'a1': 1.3856406460551018, 'a2': 2.5560386016907755, 'a3': 4.136725758373798} logZ_new= 3.4458734373710858 obs_new= 3.156304993167799e-28
params_max= {'a1': 1.3856406460551018, 'a2': 2.5560386016907755, 'a3': 4.136725758374611} logZ_max= 3.4504976968793986 obs_max= 0.3456330328185392
dist_min= tensor(98.3072) dist_max= tensor(388324.0019)
params_min,params_max=params_new,params_max
evaluating model at params_new={'a1': 1.3856406460551018, 'a2': 2.5560386016907755, 'a3': 4.1367257583742045}
params_min= {'a1': 1.3856406460551018, 'a2': 2.5560386016907755, 'a3': 4.136725758373798} logZ_min= 3.4458734373710858 obs_min= 3.156304993167799e-28
params_new= {'a1': 1.3856406460551018, 'a2': 2.5560386016907755, 'a3': 4.1367257583742045} logZ_new= nan obs_new= 0.5643138360571363
params_max= {'a1': 1.3856406460551018, 'a2': 2.5560386016907755, 'a3': 4.136725758374611} logZ_max= 3.4504976968793986 obs_max= 0.3456330328185392
dist_min= tensor(98.1394) dist_max= tensor(388323.3775)
params_min,params_max=params_new,params_max
evaluating model at params_new={'a1': 1.3856406460551018, 'a2': 2.5560386016907755, 'a3': 4.136725758374408}
params_min= {'a1': 1.3856406460551018, 'a2': 2.5560386016907755, 'a3': 4.1367257583742045} logZ_min= nan obs_min= 0.5643138360571363
params_new= {'a1': 1.3856406460551018, 'a2': 2.5560386016907755, 'a3': 4.136725758374408} logZ_new= 3.4478460366340893 obs_new= 7.701819947914218e-30
params_max= {'a1': 1.3856406460551018, 'a2': 2.5560386016907755, 'a3': 4.136725758374611} logZ_max= 3.4504976968793986 obs_max= 0.3456330328185392
dist_min= tensor(4.1548) dist_max= tensor(388325.1766)
params_min,params_max=params_new,params_max
evaluating model at params_new={'a1': 1.3856406460551018, 'a2': 2.5560386016907755, 'a3': 4.13672575837451}
params_min= {'a1': 1.3856406460551018, 'a2': 2.5560386016907755, 'a3': 4.136725758374408} logZ_min= 3.4478460366340893 obs_min= 7.701819947914218e-30
params_new= {'a1': 1.3856406460551018, 'a2': 2.5560386016907755, 'a3': 4.13672575837451} logZ_new= 3.4510069668879253 obs_new= 0.4284748985121586
params_max= {'a1': 1.3856406460551018, 'a2': 2.5560386016907755, 'a3': 4.136725758374611} logZ_max= 3.4504976968793986 obs_max= 0.3456330328185392
dist_min= tensor(3.7015) dist_max= tensor(388324.6716)
params_min,params_max=params_new,params_max
evaluating model at params_new={'a1': 1.3856406460551018, 'a2': 2.5560386016907755, 'a3': 4.136725758374561}
params_min= {'a1': 1.3856406460551018, 'a2': 2.5560386016907755, 'a3': 4.13672575837451} logZ_min= 3.4510069668879253 obs_min= 0.4284748985121586
params_new= {'a1': 1.3856406460551018, 'a2': 2.5560386016907755, 'a3': 4.136725758374561} logZ_new= 3.4457941151920646 obs_new= 7.521129846226557e-30
params_max= {'a1': 1.3856406460551018, 'a2': 2.5560386016907755, 'a3': 4.136725758374611} logZ_max= 3.4504976968793986 obs_max= 0.3456330328185392
dist_min= tensor(98.3959) dist_max= tensor(388324.1149)
params_min,params_max=params_new,params_max
evaluating model at params_new={'a1': 1.3856406460551018, 'a2': 2.5560386016907755, 'a3': 4.1367257583745864}
params_min= {'a1': 1.3856406460551018, 'a2': 2.5560386016907755, 'a3': 4.136725758374561} logZ_min= 3.4457941151920646 obs_min= 7.521129846226557e-30
params_new= {'a1': 1.3856406460551018, 'a2': 2.5560386016907755, 'a3': 4.1367257583745864} logZ_new= 3.445751477344132 obs_new= -7.672392694562651e-32
params_max= {'a1': 1.3856406460551018, 'a2': 2.5560386016907755, 'a3': 4.136725758374611} logZ_max= 3.4504976968793986 obs_max= 0.3456330328185392
dist_min= tensor(3.8873) dist_max= tensor(388325.1600)
params_min,params_max=params_new,params_max
evaluating model at params_new={'a1': 1.3856406460551018, 'a2': 2.5560386016907755, 'a3': 4.136725758374599}
params_min= {'a1': 1.3856406460551018, 'a2': 2.5560386016907755, 'a3': 4.1367257583745864} logZ_min= 3.445751477344132 obs_min= -7.672392694562651e-32
params_new= {'a1': 1.3856406460551018, 'a2': 2.5560386016907755, 'a3': 4.136725758374599} logZ_new= nan obs_new= 0.5034268696373978
params_max= {'a1': 1.3856406460551018, 'a2': 2.5560386016907755, 'a3': 4.136725758374611} logZ_max= 3.4504976968793986 obs_max= 0.3456330328185392
dist_min= tensor(107.3124) dist_max= tensor(388324.9035)
params_min,params_max=params_new,params_max
evaluating model at params_new={'a1': 1.3856406460551018, 'a2': 2.5560386016907755, 'a3': 4.136725758374605}
params_min= {'a1': 1.3856406460551018, 'a2': 2.5560386016907755, 'a3': 4.136725758374599} logZ_min= nan obs_min= 0.5034268696373978
params_new= {'a1': 1.3856406460551018, 'a2': 2.5560386016907755, 'a3': 4.136725758374605} logZ_new= 3.445755468945777 obs_new= 8.958798362160262e-29
params_max= {'a1': 1.3856406460551018, 'a2': 2.5560386016907755, 'a3': 4.136725758374611} logZ_max= 3.4504976968793986 obs_max= 0.3456330328185392
dist_min= tensor(107.9985) dist_max= tensor(388324.1285)
params_min,params_max=params_new,params_max
evaluating model at params_new={'a1': 1.3856406460551018, 'a2': 2.5560386016907755, 'a3': 4.136725758374608}
params_min= {'a1': 1.3856406460551018, 'a2': 2.5560386016907755, 'a3': 4.136725758374605} logZ_min= 3.445755468945777 obs_min= 8.958798362160262e-29
params_new= {'a1': 1.3856406460551018, 'a2': 2.5560386016907755, 'a3': 4.136725758374608} logZ_new= 3.4505256916523823 obs_new= 0.40479704070571154
params_max= {'a1': 1.3856406460551018, 'a2': 2.5560386016907755, 'a3': 4.136725758374611} logZ_max= 3.4504976968793986 obs_max= 0.3456330328185392
dist_min= tensor(96.3565) dist_max= tensor(388325.3088)
params_min,params_max=params_new,params_max
evaluating model at params_new={'a1': 1.3856406460551018, 'a2': 2.5560386016907755, 'a3': 4.1367257583746095}
params_min= {'a1': 1.3856406460551018, 'a2': 2.5560386016907755, 'a3': 4.136725758374608} logZ_min= 3.4505256916523823 obs_min= 0.40479704070571154
params_new= {'a1': 1.3856406460551018, 'a2': 2.5560386016907755, 'a3': 4.1367257583746095} logZ_new= nan obs_new= 3.089440562575721e-29
params_max= {'a1': 1.3856406460551018, 'a2': 2.5560386016907755, 'a3': 4.136725758374611} logZ_max= 3.4504976968793986 obs_max= 0.3456330328185392
dist_min= tensor(16.1127) dist_max= tensor(388324.4605)
params_min,params_max=params_new,params_max
evaluating model at params_new={'a1': 1.3856406460551018, 'a2': 2.5560386016907755, 'a3': 4.13672575837461}
params_min= {'a1': 1.3856406460551018, 'a2': 2.5560386016907755, 'a3': 4.1367257583746095} logZ_min= nan obs_min= 3.089440562575721e-29
params_new= {'a1': 1.3856406460551018, 'a2': 2.5560386016907755, 'a3': 4.13672575837461} logZ_new= 3.451356713752535 obs_new= 0.5232809021376779
params_max= {'a1': 1.3856406460551018, 'a2': 2.5560386016907755, 'a3': 4.136725758374611} logZ_max= 3.4504976968793986 obs_max= 0.3456330328185392
dist_min= tensor(16.1589) dist_max= tensor(388325.3057)
params_min,params_max=params_new,params_max
critical params found:  {'a1': 1.3856406460551018, 'a2': 2.5560386016907755, 'a3': 4.136725758374611}
reference params:  {'a1': 1.1547005383792515, 'a2': 1.8257418583505538, 'a3': 4.47213595499958}
file saved to  data/AKLT3D_X10_scan_grid_critical_a3/a1_1.3856406_a2_2.5560386/Tc.json
