Start running find_critical_temp.py with options:{'filename': 'data/AKLT3D_X10_scan_grid_critical_a3/a1_0.2309401_a2_0.3651484/Tc.json', 'log_filename': 'data/AKLT3D_X10_scan_grid_critical_a3/a1_0.2309401_a2_0.3651484/Tc.log', 'nLayers': 60, 'max_dim': 10, 'model': 'AKLT3D', 'params_min': "{'a1': 0.2309401076758503, 'a2': 0.3651483716701107, 'a3': 2.683281572999748}", 'params_max': "{'a1': 0.2309401076758503, 'a2': 0.3651483716701107, 'a3': 3.577708763999664}", 'params_ref': None, 'observable_name': 'magnetizationZ', 'tol': 0.0, 'gilt_enabled': False, 'gilt_eps': 8e-07, 'gilt_nIter': 1, 'mcf_enabled': True, 'mcf_eps': 1e-16, 'mcf_max_iter': 200, 'hotrg_sanity_check': False, 'version': 1, 'device': 'cuda:1'}
loading library...
evaluating model at params_min={'a1': 0.2309401076758503, 'a2': 0.3651483716701107, 'a3': 2.683281572999748}
params_min= {'a1': 0.2309401076758503, 'a2': 0.3651483716701107, 'a3': 2.683281572999748} logZ_min= 1.9396647295959255 obs_min= 6.468834128824759e-33
evaluating model at params_max={'a1': 0.2309401076758503, 'a2': 0.3651483716701107, 'a3': 3.577708763999664}
params_max= {'a1': 0.2309401076758503, 'a2': 0.3651483716701107, 'a3': 3.577708763999664} logZ_max= 2.543413086942854 obs_max= 8.996466821306303
searching for critical temperature using bisection method
evaluating model at params_new={'a1': 0.2309401076758503, 'a2': 0.3651483716701107, 'a3': 3.130495168499706}
params_min= {'a1': 0.2309401076758503, 'a2': 0.3651483716701107, 'a3': 2.683281572999748} logZ_min= 1.9396647295959255 obs_min= 6.468834128824759e-33
params_new= {'a1': 0.2309401076758503, 'a2': 0.3651483716701107, 'a3': 3.130495168499706} logZ_new= 2.246264822486041 obs_new= 8.995488502375496
params_max= {'a1': 0.2309401076758503, 'a2': 0.3651483716701107, 'a3': 3.577708763999664} logZ_max= 2.543413086942854 obs_max= 8.996466821306303
dist_min= tensor(114.1944) dist_max= tensor(91.6380)
params_min,params_max=params_min,params_new
evaluating model at params_new={'a1': 0.2309401076758503, 'a2': 0.3651483716701107, 'a3': 2.9068883707497273}
params_min= {'a1': 0.2309401076758503, 'a2': 0.3651483716701107, 'a3': 2.683281572999748} logZ_min= 1.9396647295959255 obs_min= 6.468834128824759e-33
params_new= {'a1': 0.2309401076758503, 'a2': 0.3651483716701107, 'a3': 2.9068883707497273} logZ_new= 2.0544383481673996 obs_new= 8.986993599281345
params_max= {'a1': 0.2309401076758503, 'a2': 0.3651483716701107, 'a3': 3.130495168499706} logZ_max= 2.246264822486041 obs_max= 8.995488502375496
dist_min= tensor(141.9097) dist_max= tensor(76.9537)
params_min,params_max=params_min,params_new
evaluating model at params_new={'a1': 0.2309401076758503, 'a2': 0.3651483716701107, 'a3': 2.7950849718747377}
params_min= {'a1': 0.2309401076758503, 'a2': 0.3651483716701107, 'a3': 2.683281572999748} logZ_min= 1.9396647295959255 obs_min= 6.468834128824759e-33
params_new= {'a1': 0.2309401076758503, 'a2': 0.3651483716701107, 'a3': 2.7950849718747377} logZ_new= nan obs_new= 2.354001080734223e-33
params_max= {'a1': 0.2309401076758503, 'a2': 0.3651483716701107, 'a3': 2.9068883707497273} logZ_max= 2.0544383481673996 obs_max= 8.986993599281345
dist_min= tensor(1412.9226) dist_max= tensor(1497.4263)
params_min,params_max=params_new,params_max
evaluating model at params_new={'a1': 0.2309401076758503, 'a2': 0.3651483716701107, 'a3': 2.8509866713122323}
params_min= {'a1': 0.2309401076758503, 'a2': 0.3651483716701107, 'a3': 2.7950849718747377} logZ_min= nan obs_min= 2.354001080734223e-33
params_new= {'a1': 0.2309401076758503, 'a2': 0.3651483716701107, 'a3': 2.8509866713122323} logZ_new= 1.9998508410897113 obs_new= 8.982984599273157
params_max= {'a1': 0.2309401076758503, 'a2': 0.3651483716701107, 'a3': 2.9068883707497273} logZ_max= 2.0544383481673996 obs_max= 8.986993599281345
dist_min= tensor(1499.2048) dist_max= tensor(2.0270)
params_min,params_max=params_min,params_new
evaluating model at params_new={'a1': 0.2309401076758503, 'a2': 0.3651483716701107, 'a3': 2.8230358215934848}
params_min= {'a1': 0.2309401076758503, 'a2': 0.3651483716701107, 'a3': 2.7950849718747377} logZ_min= nan obs_min= 2.354001080734223e-33
params_new= {'a1': 0.2309401076758503, 'a2': 0.3651483716701107, 'a3': 2.8230358215934848} logZ_new= 1.9714637751652047 obs_new= 8.980254380202902
params_max= {'a1': 0.2309401076758503, 'a2': 0.3651483716701107, 'a3': 2.8509866713122323} logZ_max= 1.9998508410897113 obs_max= 8.982984599273157
dist_min= tensor(1499.7618) dist_max= tensor(0.6214)
params_min,params_max=params_min,params_new
evaluating model at params_new={'a1': 0.2309401076758503, 'a2': 0.3651483716701107, 'a3': 2.809060396734111}
params_min= {'a1': 0.2309401076758503, 'a2': 0.3651483716701107, 'a3': 2.7950849718747377} logZ_min= nan obs_min= 2.354001080734223e-33
params_new= {'a1': 0.2309401076758503, 'a2': 0.3651483716701107, 'a3': 2.809060396734111} logZ_new= 1.956989120584062 obs_new= 8.97865490146936
params_max= {'a1': 0.2309401076758503, 'a2': 0.3651483716701107, 'a3': 2.8230358215934848} logZ_max= 1.9714637751652047 obs_max= 8.980254380202902
dist_min= tensor(1499.9608) dist_max= tensor(1.1389)
params_min,params_max=params_min,params_new
evaluating model at params_new={'a1': 0.2309401076758503, 'a2': 0.3651483716701107, 'a3': 2.8020726843044246}
params_min= {'a1': 0.2309401076758503, 'a2': 0.3651483716701107, 'a3': 2.7950849718747377} logZ_min= nan obs_min= 2.354001080734223e-33
params_new= {'a1': 0.2309401076758503, 'a2': 0.3651483716701107, 'a3': 2.8020726843044246} logZ_new= nan obs_new= 4.358900148708047e-35
params_max= {'a1': 0.2309401076758503, 'a2': 0.3651483716701107, 'a3': 2.809060396734111} logZ_max= 1.956989120584062 obs_max= 8.97865490146936
dist_min= tensor(632.5015) dist_max= tensor(885.8214)
params_min,params_max=params_new,params_max
evaluating model at params_new={'a1': 0.2309401076758503, 'a2': 0.3651483716701107, 'a3': 2.805566540519268}
params_min= {'a1': 0.2309401076758503, 'a2': 0.3651483716701107, 'a3': 2.8020726843044246} logZ_min= nan obs_min= 4.358900148708047e-35
params_new= {'a1': 0.2309401076758503, 'a2': 0.3651483716701107, 'a3': 2.805566540519268} logZ_new= 1.9397470628751086 obs_new= 4.020950829377762e-34
params_max= {'a1': 0.2309401076758503, 'a2': 0.3651483716701107, 'a3': 2.809060396734111} logZ_max= 1.956989120584062 obs_max= 8.97865490146936
dist_min= tensor(166.5260) dist_max= tensor(722.6213)
params_min,params_max=params_new,params_max
evaluating model at params_new={'a1': 0.2309401076758503, 'a2': 0.3651483716701107, 'a3': 2.807313468626689}
params_min= {'a1': 0.2309401076758503, 'a2': 0.3651483716701107, 'a3': 2.805566540519268} logZ_min= 1.9397470628751086 obs_min= 4.020950829377762e-34
params_new= {'a1': 0.2309401076758503, 'a2': 0.3651483716701107, 'a3': 2.807313468626689} logZ_new= nan obs_new= 2.854923314361518e-32
params_max= {'a1': 0.2309401076758503, 'a2': 0.3651483716701107, 'a3': 2.809060396734111} logZ_max= 1.956989120584062 obs_max= 8.97865490146936
dist_min= tensor(64.4867) dist_max= tensor(659.9229)
params_min,params_max=params_new,params_max
evaluating model at params_new={'a1': 0.2309401076758503, 'a2': 0.3651483716701107, 'a3': 2.8081869326804}
params_min= {'a1': 0.2309401076758503, 'a2': 0.3651483716701107, 'a3': 2.807313468626689} logZ_min= nan obs_min= 2.854923314361518e-32
params_new= {'a1': 0.2309401076758503, 'a2': 0.3651483716701107, 'a3': 2.8081869326804} logZ_new= 1.9560782138405648 obs_new= 8.978549243337401
params_max= {'a1': 0.2309401076758503, 'a2': 0.3651483716701107, 'a3': 2.809060396734111} logZ_max= 1.956989120584062 obs_max= 8.97865490146936
dist_min= tensor(659.9375) dist_max= tensor(0.7649)
params_min,params_max=params_min,params_new
evaluating model at params_new={'a1': 0.2309401076758503, 'a2': 0.3651483716701107, 'a3': 2.807750200653545}
params_min= {'a1': 0.2309401076758503, 'a2': 0.3651483716701107, 'a3': 2.807313468626689} logZ_min= nan obs_min= 2.854923314361518e-32
params_new= {'a1': 0.2309401076758503, 'a2': 0.3651483716701107, 'a3': 2.807750200653545} logZ_new= 1.9556224818956818 obs_new= 8.978496145553413
params_max= {'a1': 0.2309401076758503, 'a2': 0.3651483716701107, 'a3': 2.8081869326804} logZ_max= 1.9560782138405648 obs_max= 8.978549243337401
dist_min= tensor(659.9438) dist_max= tensor(0.5414)
params_min,params_max=params_min,params_new
evaluating model at params_new={'a1': 0.2309401076758503, 'a2': 0.3651483716701107, 'a3': 2.807531834640117}
params_min= {'a1': 0.2309401076758503, 'a2': 0.3651483716701107, 'a3': 2.807313468626689} logZ_min= nan obs_min= 2.854923314361518e-32
params_new= {'a1': 0.2309401076758503, 'a2': 0.3651483716701107, 'a3': 2.807531834640117} logZ_new= 1.9553945462351146 obs_new= 8.978469536293046
params_max= {'a1': 0.2309401076758503, 'a2': 0.3651483716701107, 'a3': 2.807750200653545} logZ_max= 1.9556224818956818 obs_max= 8.978496145553413
dist_min= tensor(659.9486) dist_max= tensor(0.9914)
params_min,params_max=params_min,params_new
evaluating model at params_new={'a1': 0.2309401076758503, 'a2': 0.3651483716701107, 'a3': 2.807422651633403}
params_min= {'a1': 0.2309401076758503, 'a2': 0.3651483716701107, 'a3': 2.807313468626689} logZ_min= nan obs_min= 2.854923314361518e-32
params_new= {'a1': 0.2309401076758503, 'a2': 0.3651483716701107, 'a3': 2.807422651633403} logZ_new= 1.955280560977587 obs_new= 8.97845621541045
params_max= {'a1': 0.2309401076758503, 'a2': 0.3651483716701107, 'a3': 2.807531834640117} logZ_max= 1.9553945462351146 obs_max= 8.978469536293046
dist_min= tensor(659.9507) dist_max= tensor(0.2529)
params_min,params_max=params_min,params_new
evaluating model at params_new={'a1': 0.2309401076758503, 'a2': 0.3651483716701107, 'a3': 2.807368060130046}
params_min= {'a1': 0.2309401076758503, 'a2': 0.3651483716701107, 'a3': 2.807313468626689} logZ_min= nan obs_min= 2.854923314361518e-32
params_new= {'a1': 0.2309401076758503, 'a2': 0.3651483716701107, 'a3': 2.807368060130046} logZ_new= 1.9552235639913191 obs_new= 8.978449550878594
params_max= {'a1': 0.2309401076758503, 'a2': 0.3651483716701107, 'a3': 2.807422651633403} logZ_max= 1.955280560977587 obs_max= 8.97845621541045
dist_min= tensor(659.9512) dist_max= tensor(0.2011)
params_min,params_max=params_min,params_new
evaluating model at params_new={'a1': 0.2309401076758503, 'a2': 0.3651483716701107, 'a3': 2.8073407643783677}
params_min= {'a1': 0.2309401076758503, 'a2': 0.3651483716701107, 'a3': 2.807313468626689} logZ_min= nan obs_min= 2.854923314361518e-32
params_new= {'a1': 0.2309401076758503, 'a2': 0.3651483716701107, 'a3': 2.8073407643783677} logZ_new= 1.9399985985756467 obs_new= 8.917096286641357e-33
params_max= {'a1': 0.2309401076758503, 'a2': 0.3651483716701107, 'a3': 2.807368060130046} logZ_max= 1.9552235639913191 obs_max= 8.978449550878594
dist_min= tensor(108.8960) dist_max= tensor(667.8966)
params_min,params_max=params_new,params_max
evaluating model at params_new={'a1': 0.2309401076758503, 'a2': 0.3651483716701107, 'a3': 2.807354412254207}
params_min= {'a1': 0.2309401076758503, 'a2': 0.3651483716701107, 'a3': 2.8073407643783677} logZ_min= 1.9399985985756467 obs_min= 8.917096286641357e-33
params_new= {'a1': 0.2309401076758503, 'a2': 0.3651483716701107, 'a3': 2.807354412254207} logZ_new= 1.955209314290813 obs_new= 8.978447884335706
params_max= {'a1': 0.2309401076758503, 'a2': 0.3651483716701107, 'a3': 2.807368060130046} logZ_max= 1.9552235639913191 obs_max= 8.978449550878594
dist_min= tensor(667.9429) dist_max= tensor(1.4126)
params_min,params_max=params_min,params_new
evaluating model at params_new={'a1': 0.2309401076758503, 'a2': 0.3651483716701107, 'a3': 2.8073475883162873}
params_min= {'a1': 0.2309401076758503, 'a2': 0.3651483716701107, 'a3': 2.8073407643783677} logZ_min= 1.9399985985756467 obs_min= 8.917096286641357e-33
params_new= {'a1': 0.2309401076758503, 'a2': 0.3651483716701107, 'a3': 2.8073475883162873} logZ_new= 1.9552021893724651 obs_new= 8.978447050982547
params_max= {'a1': 0.2309401076758503, 'a2': 0.3651483716701107, 'a3': 2.807354412254207} logZ_max= 1.955209314290813 obs_max= 8.978447884335706
dist_min= tensor(667.9992) dist_max= tensor(0.6765)
params_min,params_max=params_min,params_new
evaluating model at params_new={'a1': 0.2309401076758503, 'a2': 0.3651483716701107, 'a3': 2.8073441763473275}
params_min= {'a1': 0.2309401076758503, 'a2': 0.3651483716701107, 'a3': 2.8073407643783677} logZ_min= 1.9399985985756467 obs_min= 8.917096286641357e-33
params_new= {'a1': 0.2309401076758503, 'a2': 0.3651483716701107, 'a3': 2.8073441763473275} logZ_new= 1.9398976519567137 obs_new= 4.038183581596696e-33
params_max= {'a1': 0.2309401076758503, 'a2': 0.3651483716701107, 'a3': 2.8073475883162873} logZ_max= 1.9552021893724651 obs_max= 8.978447050982547
dist_min= tensor(108.3525) dist_max= tensor(658.9394)
params_min,params_max=params_new,params_max
evaluating model at params_new={'a1': 0.2309401076758503, 'a2': 0.3651483716701107, 'a3': 2.8073458823318074}
params_min= {'a1': 0.2309401076758503, 'a2': 0.3651483716701107, 'a3': 2.8073441763473275} logZ_min= 1.9398976519567137 obs_min= 4.038183581596696e-33
params_new= {'a1': 0.2309401076758503, 'a2': 0.3651483716701107, 'a3': 2.8073458823318074} logZ_new= 1.9552004081357852 obs_new= 8.97844684263926
params_max= {'a1': 0.2309401076758503, 'a2': 0.3651483716701107, 'a3': 2.8073475883162873} logZ_max= 1.9552021893724651 obs_max= 8.978447050982547
dist_min= tensor(658.9372) dist_max= tensor(1.5848)
params_min,params_max=params_min,params_new
evaluating model at params_new={'a1': 0.2309401076758503, 'a2': 0.3651483716701107, 'a3': 2.8073450293395674}
params_min= {'a1': 0.2309401076758503, 'a2': 0.3651483716701107, 'a3': 2.8073441763473275} logZ_min= 1.9398976519567137 obs_min= 4.038183581596696e-33
params_new= {'a1': 0.2309401076758503, 'a2': 0.3651483716701107, 'a3': 2.8073450293395674} logZ_new= 1.9398215285887366 obs_new= 1.925783279246683e-33
params_max= {'a1': 0.2309401076758503, 'a2': 0.3651483716701107, 'a3': 2.8073458823318074} logZ_max= 1.9552004081357852 obs_max= 8.97844684263926
dist_min= tensor(10.5998) dist_max= tensor(658.9902)
params_min,params_max=params_new,params_max
evaluating model at params_new={'a1': 0.2309401076758503, 'a2': 0.3651483716701107, 'a3': 2.807345455835687}
params_min= {'a1': 0.2309401076758503, 'a2': 0.3651483716701107, 'a3': 2.8073450293395674} logZ_min= 1.9398215285887366 obs_min= 1.925783279246683e-33
params_new= {'a1': 0.2309401076758503, 'a2': 0.3651483716701107, 'a3': 2.807345455835687} logZ_new= 1.9551999628261731 obs_new= 8.978446790567551
params_max= {'a1': 0.2309401076758503, 'a2': 0.3651483716701107, 'a3': 2.8073458823318074} logZ_max= 1.9552004081357852 obs_max= 8.97844684263926
dist_min= tensor(658.9948) dist_max= tensor(0.6914)
params_min,params_max=params_min,params_new
evaluating model at params_new={'a1': 0.2309401076758503, 'a2': 0.3651483716701107, 'a3': 2.807345242587627}
params_min= {'a1': 0.2309401076758503, 'a2': 0.3651483716701107, 'a3': 2.8073450293395674} logZ_min= 1.9398215285887366 obs_min= 1.925783279246683e-33
params_new= {'a1': 0.2309401076758503, 'a2': 0.3651483716701107, 'a3': 2.807345242587627} logZ_new= 1.9551997401712993 obs_new= 8.978446764524762
params_max= {'a1': 0.2309401076758503, 'a2': 0.3651483716701107, 'a3': 2.807345455835687} logZ_max= 1.9551999628261731 obs_max= 8.978446790567551
dist_min= tensor(658.9871) dist_max= tensor(1.1775)
params_min,params_max=params_min,params_new
evaluating model at params_new={'a1': 0.2309401076758503, 'a2': 0.3651483716701107, 'a3': 2.8073451359635975}
params_min= {'a1': 0.2309401076758503, 'a2': 0.3651483716701107, 'a3': 2.8073450293395674} logZ_min= 1.9398215285887366 obs_min= 1.925783279246683e-33
params_new= {'a1': 0.2309401076758503, 'a2': 0.3651483716701107, 'a3': 2.8073451359635975} logZ_new= 1.9551996288438451 obs_new= 8.978446751494175
params_max= {'a1': 0.2309401076758503, 'a2': 0.3651483716701107, 'a3': 2.807345242587627} logZ_max= 1.9551997401712993 obs_max= 8.978446764524762
dist_min= tensor(658.9921) dist_max= tensor(0.9695)
params_min,params_max=params_min,params_new
evaluating model at params_new={'a1': 0.2309401076758503, 'a2': 0.3651483716701107, 'a3': 2.8073450826515822}
params_min= {'a1': 0.2309401076758503, 'a2': 0.3651483716701107, 'a3': 2.8073450293395674} logZ_min= 1.9398215285887366 obs_min= 1.925783279246683e-33
params_new= {'a1': 0.2309401076758503, 'a2': 0.3651483716701107, 'a3': 2.8073450826515822} logZ_new= nan obs_new= 1.003631249619778e-32
params_max= {'a1': 0.2309401076758503, 'a2': 0.3651483716701107, 'a3': 2.8073451359635975} logZ_max= 1.9551996288438451 obs_max= 8.978446751494175
dist_min= tensor(22.8440) dist_max= tensor(659.3387)
params_min,params_max=params_new,params_max
evaluating model at params_new={'a1': 0.2309401076758503, 'a2': 0.3651483716701107, 'a3': 2.80734510930759}
params_min= {'a1': 0.2309401076758503, 'a2': 0.3651483716701107, 'a3': 2.8073450826515822} logZ_min= nan obs_min= 1.003631249619778e-32
params_new= {'a1': 0.2309401076758503, 'a2': 0.3651483716701107, 'a3': 2.80734510930759} logZ_new= 1.955199601011982 obs_new= 8.978446748243384
params_max= {'a1': 0.2309401076758503, 'a2': 0.3651483716701107, 'a3': 2.8073451359635975} logZ_max= 1.9551996288438451 obs_max= 8.978446751494175
dist_min= tensor(659.3224) dist_max= tensor(0.9546)
params_min,params_max=params_min,params_new
evaluating model at params_new={'a1': 0.2309401076758503, 'a2': 0.3651483716701107, 'a3': 2.807345095979586}
params_min= {'a1': 0.2309401076758503, 'a2': 0.3651483716701107, 'a3': 2.8073450826515822} logZ_min= nan obs_min= 1.003631249619778e-32
params_new= {'a1': 0.2309401076758503, 'a2': 0.3651483716701107, 'a3': 2.807345095979586} logZ_new= 1.9396286179249331 obs_new= 4.431288370927346e-32
params_max= {'a1': 0.2309401076758503, 'a2': 0.3651483716701107, 'a3': 2.80734510930759} logZ_max= 1.955199601011982 obs_max= 8.978446748243384
dist_min= tensor(23.1227) dist_max= tensor(658.9091)
params_min,params_max=params_new,params_max
evaluating model at params_new={'a1': 0.2309401076758503, 'a2': 0.3651483716701107, 'a3': 2.8073451026435876}
params_min= {'a1': 0.2309401076758503, 'a2': 0.3651483716701107, 'a3': 2.807345095979586} logZ_min= 1.9396286179249331 obs_min= 4.431288370927346e-32
params_new= {'a1': 0.2309401076758503, 'a2': 0.3651483716701107, 'a3': 2.8073451026435876} logZ_new= 1.955199594054016 obs_new= 8.978446747448649
params_max= {'a1': 0.2309401076758503, 'a2': 0.3651483716701107, 'a3': 2.80734510930759} logZ_max= 1.955199601011982 obs_max= 8.978446748243384
dist_min= tensor(658.9109) dist_max= tensor(1.3387)
params_min,params_max=params_min,params_new
evaluating model at params_new={'a1': 0.2309401076758503, 'a2': 0.3651483716701107, 'a3': 2.8073450993115867}
params_min= {'a1': 0.2309401076758503, 'a2': 0.3651483716701107, 'a3': 2.807345095979586} logZ_min= 1.9396286179249331 obs_min= 4.431288370927346e-32
params_new= {'a1': 0.2309401076758503, 'a2': 0.3651483716701107, 'a3': 2.8073450993115867} logZ_new= 1.9551995905750308 obs_new= 8.978446747013402
params_max= {'a1': 0.2309401076758503, 'a2': 0.3651483716701107, 'a3': 2.8073451026435876} logZ_max= 1.955199594054016 obs_max= 8.978446747448649
dist_min= tensor(658.9098) dist_max= tensor(0.9369)
params_min,params_max=params_min,params_new
evaluating model at params_new={'a1': 0.2309401076758503, 'a2': 0.3651483716701107, 'a3': 2.8073450976455865}
params_min= {'a1': 0.2309401076758503, 'a2': 0.3651483716701107, 'a3': 2.807345095979586} logZ_min= 1.9396286179249331 obs_min= 4.431288370927346e-32
params_new= {'a1': 0.2309401076758503, 'a2': 0.3651483716701107, 'a3': 2.8073450976455865} logZ_new= 1.9551995888355402 obs_new= 8.978446746808252
params_max= {'a1': 0.2309401076758503, 'a2': 0.3651483716701107, 'a3': 2.8073450993115867} logZ_max= 1.9551995905750308 obs_max= 8.978446747013402
dist_min= tensor(658.9098) dist_max= tensor(0.0377)
params_min,params_max=params_min,params_new
evaluating model at params_new={'a1': 0.2309401076758503, 'a2': 0.3651483716701107, 'a3': 2.807345096812586}
params_min= {'a1': 0.2309401076758503, 'a2': 0.3651483716701107, 'a3': 2.807345095979586} logZ_min= 1.9396286179249331 obs_min= 4.431288370927346e-32
params_new= {'a1': 0.2309401076758503, 'a2': 0.3651483716701107, 'a3': 2.807345096812586} logZ_new= 1.9551995879657866 obs_new= 8.978446746707176
params_max= {'a1': 0.2309401076758503, 'a2': 0.3651483716701107, 'a3': 2.8073450976455865} logZ_max= 1.9551995888355402 obs_max= 8.978446746808252
dist_min= tensor(658.9096) dist_max= tensor(0.1881)
params_min,params_max=params_min,params_new
evaluating model at params_new={'a1': 0.2309401076758503, 'a2': 0.3651483716701107, 'a3': 2.807345096396086}
params_min= {'a1': 0.2309401076758503, 'a2': 0.3651483716701107, 'a3': 2.807345095979586} logZ_min= 1.9396286179249331 obs_min= 4.431288370927346e-32
params_new= {'a1': 0.2309401076758503, 'a2': 0.3651483716701107, 'a3': 2.807345096396086} logZ_new= 1.9396281840898142 obs_new= -4.5570408728622176e-33
params_max= {'a1': 0.2309401076758503, 'a2': 0.3651483716701107, 'a3': 2.807345096812586} logZ_max= 1.9551995879657866 obs_max= 8.978446746707176
dist_min= tensor(171.4393) dist_max= tensor(680.9509)
params_min,params_max=params_new,params_max
evaluating model at params_new={'a1': 0.2309401076758503, 'a2': 0.3651483716701107, 'a3': 2.807345096604336}
params_min= {'a1': 0.2309401076758503, 'a2': 0.3651483716701107, 'a3': 2.807345096396086} logZ_min= 1.9396281840898142 obs_min= -4.5570408728622176e-33
params_new= {'a1': 0.2309401076758503, 'a2': 0.3651483716701107, 'a3': 2.807345096604336} logZ_new= 1.9551995877479307 obs_new= 8.978446746690443
params_max= {'a1': 0.2309401076758503, 'a2': 0.3651483716701107, 'a3': 2.807345096812586} logZ_max= 1.9551995879657866 obs_max= 8.978446746707176
dist_min= tensor(680.9514) dist_max= tensor(0.2083)
params_min,params_max=params_min,params_new
evaluating model at params_new={'a1': 0.2309401076758503, 'a2': 0.3651483716701107, 'a3': 2.807345096500211}
params_min= {'a1': 0.2309401076758503, 'a2': 0.3651483716701107, 'a3': 2.807345096396086} logZ_min= 1.9396281840898142 obs_min= -4.5570408728622176e-33
params_new= {'a1': 0.2309401076758503, 'a2': 0.3651483716701107, 'a3': 2.807345096500211} logZ_new= 1.9396281907200212 obs_new= 1.1199710618434942e-35
params_max= {'a1': 0.2309401076758503, 'a2': 0.3651483716701107, 'a3': 2.807345096604336} logZ_max= 1.9551995877479307 obs_max= 8.978446746690443
dist_min= tensor(3706.4039) dist_max= tensor(3778.2985)
params_min,params_max=params_new,params_max
evaluating model at params_new={'a1': 0.2309401076758503, 'a2': 0.3651483716701107, 'a3': 2.8073450965522735}
params_min= {'a1': 0.2309401076758503, 'a2': 0.3651483716701107, 'a3': 2.807345096500211} logZ_min= 1.9396281907200212 obs_min= 1.1199710618434942e-35
params_new= {'a1': 0.2309401076758503, 'a2': 0.3651483716701107, 'a3': 2.8073450965522735} logZ_new= 1.9551995876921722 obs_new= 8.978446746695845
params_max= {'a1': 0.2309401076758503, 'a2': 0.3651483716701107, 'a3': 2.807345096604336} logZ_max= 1.9551995877479307 obs_max= 8.978446746690443
dist_min= tensor(3778.2786) dist_max= tensor(0.4024)
params_min,params_max=params_min,params_new
evaluating model at params_new={'a1': 0.2309401076758503, 'a2': 0.3651483716701107, 'a3': 2.8073450965262423}
params_min= {'a1': 0.2309401076758503, 'a2': 0.3651483716701107, 'a3': 2.807345096500211} logZ_min= 1.9396281907200212 obs_min= 1.1199710618434942e-35
params_new= {'a1': 0.2309401076758503, 'a2': 0.3651483716701107, 'a3': 2.8073450965262423} logZ_new= 1.9551995876425674 obs_new= 8.978446746710361
params_max= {'a1': 0.2309401076758503, 'a2': 0.3651483716701107, 'a3': 2.8073450965522735} logZ_max= 1.9551995876921722 obs_max= 8.978446746695845
dist_min= tensor(3778.3054) dist_max= tensor(0.8907)
params_min,params_max=params_min,params_new
evaluating model at params_new={'a1': 0.2309401076758503, 'a2': 0.3651483716701107, 'a3': 2.8073450965132265}
params_min= {'a1': 0.2309401076758503, 'a2': 0.3651483716701107, 'a3': 2.807345096500211} logZ_min= 1.9396281907200212 obs_min= 1.1199710618434942e-35
params_new= {'a1': 0.2309401076758503, 'a2': 0.3651483716701107, 'a3': 2.8073450965132265} logZ_new= 1.955199584412062 obs_new= 8.978446750141375
params_max= {'a1': 0.2309401076758503, 'a2': 0.3651483716701107, 'a3': 2.8073450965262423} logZ_max= 1.9551995876425674 obs_max= 8.978446746710361
dist_min= tensor(3778.3048) dist_max= tensor(0.0301)
params_min,params_max=params_min,params_new
evaluating model at params_new={'a1': 0.2309401076758503, 'a2': 0.3651483716701107, 'a3': 2.807345096506719}
params_min= {'a1': 0.2309401076758503, 'a2': 0.3651483716701107, 'a3': 2.807345096500211} logZ_min= 1.9396281907200212 obs_min= 1.1199710618434942e-35
params_new= {'a1': 0.2309401076758503, 'a2': 0.3651483716701107, 'a3': 2.807345096506719} logZ_new= 1.9396281952445023 obs_new= 4.388000591464947e-35
params_max= {'a1': 0.2309401076758503, 'a2': 0.3651483716701107, 'a3': 2.8073450965132265} logZ_max= 1.955199584412062 obs_max= 8.978446750141375
dist_min= tensor(3721.1959) dist_max= tensor(662.8424)
params_min,params_max=params_min,params_new
evaluating model at params_new={'a1': 0.2309401076758503, 'a2': 0.3651483716701107, 'a3': 2.807345096503465}
params_min= {'a1': 0.2309401076758503, 'a2': 0.3651483716701107, 'a3': 2.807345096500211} logZ_min= 1.9396281907200212 obs_min= 1.1199710618434942e-35
params_new= {'a1': 0.2309401076758503, 'a2': 0.3651483716701107, 'a3': 2.807345096503465} logZ_new= 1.9396281846601957 obs_new= 4.826073789765545e-32
params_max= {'a1': 0.2309401076758503, 'a2': 0.3651483716701107, 'a3': 2.807345096506719} logZ_max= 1.9396281952445023 obs_max= 4.388000591464947e-35
dist_min= tensor(3720.1667) dist_max= tensor(71.3588)
params_min,params_max=params_min,params_new
evaluating model at params_new={'a1': 0.2309401076758503, 'a2': 0.3651483716701107, 'a3': 2.8073450965018383}
params_min= {'a1': 0.2309401076758503, 'a2': 0.3651483716701107, 'a3': 2.807345096500211} logZ_min= 1.9396281907200212 obs_min= 1.1199710618434942e-35
params_new= {'a1': 0.2309401076758503, 'a2': 0.3651483716701107, 'a3': 2.8073450965018383} logZ_new= 1.9396281995216578 obs_new= 3.128447519252115e-32
params_max= {'a1': 0.2309401076758503, 'a2': 0.3651483716701107, 'a3': 2.807345096503465} logZ_max= 1.9396281846601957 obs_max= 4.826073789765545e-32
dist_min= tensor(3720.1668) dist_max= tensor(0.6545)
params_min,params_max=params_min,params_new
evaluating model at params_new={'a1': 0.2309401076758503, 'a2': 0.3651483716701107, 'a3': 2.8073450965010247}
params_min= {'a1': 0.2309401076758503, 'a2': 0.3651483716701107, 'a3': 2.807345096500211} logZ_min= 1.9396281907200212 obs_min= 1.1199710618434942e-35
params_new= {'a1': 0.2309401076758503, 'a2': 0.3651483716701107, 'a3': 2.8073450965010247} logZ_new= 1.9396281940049898 obs_new= 4.312136094649557e-35
params_max= {'a1': 0.2309401076758503, 'a2': 0.3651483716701107, 'a3': 2.8073450965018383} logZ_max= 1.9396281995216578 obs_max= 3.128447519252115e-32
dist_min= tensor(3721.5250) dist_max= tensor(91.0736)
params_min,params_max=params_min,params_new
evaluating model at params_new={'a1': 0.2309401076758503, 'a2': 0.3651483716701107, 'a3': 2.807345096500618}
params_min= {'a1': 0.2309401076758503, 'a2': 0.3651483716701107, 'a3': 2.807345096500211} logZ_min= 1.9396281907200212 obs_min= 1.1199710618434942e-35
params_new= {'a1': 0.2309401076758503, 'a2': 0.3651483716701107, 'a3': 2.807345096500618} logZ_new= 1.9396281920405578 obs_new= 3.814587634461425e-32
params_max= {'a1': 0.2309401076758503, 'a2': 0.3651483716701107, 'a3': 2.8073450965010247} logZ_max= 1.9396281940049898 obs_max= 4.312136094649557e-35
dist_min= tensor(3720.1666) dist_max= tensor(91.4521)
params_min,params_max=params_min,params_new
evaluating model at params_new={'a1': 0.2309401076758503, 'a2': 0.3651483716701107, 'a3': 2.8073450965004145}
params_min= {'a1': 0.2309401076758503, 'a2': 0.3651483716701107, 'a3': 2.807345096500211} logZ_min= 1.9396281907200212 obs_min= 1.1199710618434942e-35
params_new= {'a1': 0.2309401076758503, 'a2': 0.3651483716701107, 'a3': 2.8073450965004145} logZ_new= 1.9396281848086883 obs_new= 1.2866386475198556e-33
params_max= {'a1': 0.2309401076758503, 'a2': 0.3651483716701107, 'a3': 2.807345096500618} logZ_max= 1.9396281920405578 obs_max= 3.814587634461425e-32
dist_min= tensor(3720.1668) dist_max= tensor(0.4877)
params_min,params_max=params_min,params_new
evaluating model at params_new={'a1': 0.2309401076758503, 'a2': 0.3651483716701107, 'a3': 2.807345096500313}
params_min= {'a1': 0.2309401076758503, 'a2': 0.3651483716701107, 'a3': 2.807345096500211} logZ_min= 1.9396281907200212 obs_min= 1.1199710618434942e-35
params_new= {'a1': 0.2309401076758503, 'a2': 0.3651483716701107, 'a3': 2.807345096500313} logZ_new= nan obs_new= 2.2139848580415974e-34
params_max= {'a1': 0.2309401076758503, 'a2': 0.3651483716701107, 'a3': 2.8073450965004145} logZ_max= 1.9396281848086883 obs_max= 1.2866386475198556e-33
dist_min= tensor(3720.7735) dist_max= tensor(24.3709)
params_min,params_max=params_min,params_new
evaluating model at params_new={'a1': 0.2309401076758503, 'a2': 0.3651483716701107, 'a3': 2.8073450965002618}
params_min= {'a1': 0.2309401076758503, 'a2': 0.3651483716701107, 'a3': 2.807345096500211} logZ_min= 1.9396281907200212 obs_min= 1.1199710618434942e-35
params_new= {'a1': 0.2309401076758503, 'a2': 0.3651483716701107, 'a3': 2.8073450965002618} logZ_new= nan obs_new= 8.22997253196455e-37
params_max= {'a1': 0.2309401076758503, 'a2': 0.3651483716701107, 'a3': 2.807345096500313} logZ_max= nan obs_max= 2.2139848580415974e-34
dist_min= tensor(3744.4744) dist_max= tensor(439.4091)
params_min,params_max=params_min,params_new
evaluating model at params_new={'a1': 0.2309401076758503, 'a2': 0.3651483716701107, 'a3': 2.8073450965002364}
params_min= {'a1': 0.2309401076758503, 'a2': 0.3651483716701107, 'a3': 2.807345096500211} logZ_min= 1.9396281907200212 obs_min= 1.1199710618434942e-35
params_new= {'a1': 0.2309401076758503, 'a2': 0.3651483716701107, 'a3': 2.8073450965002364} logZ_new= nan obs_new= 6.19679529743217e-35
params_max= {'a1': 0.2309401076758503, 'a2': 0.3651483716701107, 'a3': 2.8073450965002618} logZ_max= nan obs_max= 8.22997253196455e-37
dist_min= tensor(55714.4528) dist_max= tensor(55592.3015)
params_min,params_max=params_min,params_new
evaluating model at params_new={'a1': 0.2309401076758503, 'a2': 0.3651483716701107, 'a3': 2.8073450965002236}
params_min= {'a1': 0.2309401076758503, 'a2': 0.3651483716701107, 'a3': 2.807345096500211} logZ_min= 1.9396281907200212 obs_min= 1.1199710618434942e-35
params_new= {'a1': 0.2309401076758503, 'a2': 0.3651483716701107, 'a3': 2.8073450965002236} logZ_new= nan obs_new= 9.03874067087179e-33
params_max= {'a1': 0.2309401076758503, 'a2': 0.3651483716701107, 'a3': 2.8073450965002364} logZ_max= nan obs_max= 6.19679529743217e-35
dist_min= tensor(3734.9151) dist_max= tensor(55575.8201)
params_min,params_max=params_new,params_max
evaluating model at params_new={'a1': 0.2309401076758503, 'a2': 0.3651483716701107, 'a3': 2.80734509650023}
params_min= {'a1': 0.2309401076758503, 'a2': 0.3651483716701107, 'a3': 2.8073450965002236} logZ_min= nan obs_min= 9.03874067087179e-33
params_new= {'a1': 0.2309401076758503, 'a2': 0.3651483716701107, 'a3': 2.80734509650023} logZ_new= nan obs_new= 5.602356716852418e-35
params_max= {'a1': 0.2309401076758503, 'a2': 0.3651483716701107, 'a3': 2.8073450965002364} logZ_max= nan obs_max= 6.19679529743217e-35
dist_min= tensor(344.1922) dist_max= tensor(55589.9636)
params_min,params_max=params_new,params_max
evaluating model at params_new={'a1': 0.2309401076758503, 'a2': 0.3651483716701107, 'a3': 2.8073450965002333}
params_min= {'a1': 0.2309401076758503, 'a2': 0.3651483716701107, 'a3': 2.80734509650023} logZ_min= nan obs_min= 5.602356716852418e-35
params_new= {'a1': 0.2309401076758503, 'a2': 0.3651483716701107, 'a3': 2.8073450965002333} logZ_new= nan obs_new= 1.3048178186910332e-34
params_max= {'a1': 0.2309401076758503, 'a2': 0.3651483716701107, 'a3': 2.8073450965002364} logZ_max= nan obs_max= 6.19679529743217e-35
dist_min= tensor(916.9476) dist_max= tensor(55598.0663)
params_min,params_max=params_new,params_max
evaluating model at params_new={'a1': 0.2309401076758503, 'a2': 0.3651483716701107, 'a3': 2.807345096500235}
params_min= {'a1': 0.2309401076758503, 'a2': 0.3651483716701107, 'a3': 2.8073450965002333} logZ_min= nan obs_min= 1.3048178186910332e-34
params_new= {'a1': 0.2309401076758503, 'a2': 0.3651483716701107, 'a3': 2.807345096500235} logZ_new= 1.9396281922899596 obs_new= 5.282244634956008e-32
params_max= {'a1': 0.2309401076758503, 'a2': 0.3651483716701107, 'a3': 2.8073450965002364} logZ_max= nan obs_max= 6.19679529743217e-35
dist_min= tensor(910.6925) dist_max= tensor(55589.9602)
params_min,params_max=params_new,params_max
evaluating model at params_new={'a1': 0.2309401076758503, 'a2': 0.3651483716701107, 'a3': 2.807345096500236}
params_min= {'a1': 0.2309401076758503, 'a2': 0.3651483716701107, 'a3': 2.807345096500235} logZ_min= 1.9396281922899596 obs_min= 5.282244634956008e-32
params_new= {'a1': 0.2309401076758503, 'a2': 0.3651483716701107, 'a3': 2.807345096500236} logZ_new= nan obs_new= 1.7155533703672484e-34
params_max= {'a1': 0.2309401076758503, 'a2': 0.3651483716701107, 'a3': 2.8073450965002364} logZ_max= nan obs_max= 6.19679529743217e-35
dist_min= tensor(61.2587) dist_max= tensor(55590.3409)
params_min,params_max=params_new,params_max
critical params found:  {'a1': 0.2309401076758503, 'a2': 0.3651483716701107, 'a3': 2.807345096500236}
reference params:  {'a1': 1.1547005383792515, 'a2': 1.8257418583505538, 'a3': 4.47213595499958}
file saved to  data/AKLT3D_X10_scan_grid_critical_a3/a1_0.2309401_a2_0.3651484/Tc.json
