Start running find_critical_temp.py with options:{'filename': 'data/AKLT3D_X10_scan_grid_critical_a3/a1_2.3094011_a2_3.6514837/Tc.json', 'log_filename': 'data/AKLT3D_X10_scan_grid_critical_a3/a1_2.3094011_a2_3.6514837/Tc.log', 'nLayers': 60, 'max_dim': 10, 'model': 'AKLT3D', 'params_min': "{'a1': 2.309401076758503, 'a2': 3.651483716701108, 'a3': 5.366563145999496}", 'params_max': "{'a1': 2.309401076758503, 'a2': 3.651483716701108, 'a3': 6.260990336999412}", 'params_ref': None, 'observable_name': 'magnetizationZ', 'tol': 0.0, 'gilt_enabled': False, 'gilt_eps': 8e-07, 'gilt_nIter': 1, 'mcf_enabled': True, 'mcf_eps': 1e-16, 'mcf_max_iter': 200, 'hotrg_sanity_check': False, 'version': 1, 'device': 'cuda:1'}
loading library...
evaluating model at params_min={'a1': 2.309401076758503, 'a2': 3.651483716701108, 'a3': 5.366563145999496}
params_min= {'a1': 2.309401076758503, 'a2': 3.651483716701108, 'a3': 5.366563145999496} logZ_min= 4.2168992194923 obs_min= 6.938514050985064e-32
evaluating model at params_max={'a1': 2.309401076758503, 'a2': 3.651483716701108, 'a3': 6.260990336999412}
params_max= {'a1': 2.309401076758503, 'a2': 3.651483716701108, 'a3': 6.260990336999412} logZ_max= nan obs_max= 0.6745365915095504
searching for critical temperature using bisection method
evaluating model at params_new={'a1': 2.309401076758503, 'a2': 3.651483716701108, 'a3': 5.813776741499455}
params_min= {'a1': 2.309401076758503, 'a2': 3.651483716701108, 'a3': 5.366563145999496} logZ_min= 4.2168992194923 obs_min= 6.938514050985064e-32
params_new= {'a1': 2.309401076758503, 'a2': 3.651483716701108, 'a3': 5.813776741499455} logZ_new= 4.222141908559607 obs_new= 9.190273001445202e-32
params_max= {'a1': 2.309401076758503, 'a2': 3.651483716701108, 'a3': 6.260990336999412} logZ_max= nan obs_max= 0.6745365915095504
dist_min= tensor(96.9356) dist_max= tensor(170.8390)
params_min,params_max=params_new,params_max
evaluating model at params_new={'a1': 2.309401076758503, 'a2': 3.651483716701108, 'a3': 6.037383539249433}
params_min= {'a1': 2.309401076758503, 'a2': 3.651483716701108, 'a3': 5.813776741499455} logZ_min= 4.222141908559607 obs_min= 9.190273001445202e-32
params_new= {'a1': 2.309401076758503, 'a2': 3.651483716701108, 'a3': 6.037383539249433} logZ_new= nan obs_new= 9.369877589210154e-32
params_max= {'a1': 2.309401076758503, 'a2': 3.651483716701108, 'a3': 6.260990336999412} logZ_max= nan obs_max= 0.6745365915095504
dist_min= tensor(34.6235) dist_max= tensor(167.8278)
params_min,params_max=params_new,params_max
evaluating model at params_new={'a1': 2.309401076758503, 'a2': 3.651483716701108, 'a3': 6.149186938124423}
params_min= {'a1': 2.309401076758503, 'a2': 3.651483716701108, 'a3': 6.037383539249433} logZ_min= nan obs_min= 9.369877589210154e-32
params_new= {'a1': 2.309401076758503, 'a2': 3.651483716701108, 'a3': 6.149186938124423} logZ_new= 4.2285884090977515 obs_new= 1.3344851490633001e-30
params_max= {'a1': 2.309401076758503, 'a2': 3.651483716701108, 'a3': 6.260990336999412} logZ_max= nan obs_max= 0.6745365915095504
dist_min= tensor(17.3189) dist_max= tensor(184.8273)
params_min,params_max=params_new,params_max
evaluating model at params_new={'a1': 2.309401076758503, 'a2': 3.651483716701108, 'a3': 6.205088637561918}
params_min= {'a1': 2.309401076758503, 'a2': 3.651483716701108, 'a3': 6.149186938124423} logZ_min= 4.2285884090977515 obs_min= 1.3344851490633001e-30
params_new= {'a1': 2.309401076758503, 'a2': 3.651483716701108, 'a3': 6.205088637561918} logZ_new= nan obs_new= 0.6412056381407348
params_max= {'a1': 2.309401076758503, 'a2': 3.651483716701108, 'a3': 6.260990336999412} logZ_max= nan obs_max= 0.6745365915095504
dist_min= tensor(117.2330) dist_max= tensor(300.2362)
params_min,params_max=params_new,params_max
evaluating model at params_new={'a1': 2.309401076758503, 'a2': 3.651483716701108, 'a3': 6.233039487280665}
params_min= {'a1': 2.309401076758503, 'a2': 3.651483716701108, 'a3': 6.205088637561918} logZ_min= nan obs_min= 0.6412056381407348
params_new= {'a1': 2.309401076758503, 'a2': 3.651483716701108, 'a3': 6.233039487280665} logZ_new= 4.233179662579799 obs_new= 0.41450906374039415
params_max= {'a1': 2.309401076758503, 'a2': 3.651483716701108, 'a3': 6.260990336999412} logZ_max= nan obs_max= 0.6745365915095504
dist_min= tensor(405.7703) dist_max= tensor(106.5856)
params_min,params_max=params_min,params_new
evaluating model at params_new={'a1': 2.309401076758503, 'a2': 3.651483716701108, 'a3': 6.219064062421292}
params_min= {'a1': 2.309401076758503, 'a2': 3.651483716701108, 'a3': 6.205088637561918} logZ_min= nan obs_min= 0.6412056381407348
params_new= {'a1': 2.309401076758503, 'a2': 3.651483716701108, 'a3': 6.219064062421292} logZ_new= nan obs_new= 0.3908634926841399
params_max= {'a1': 2.309401076758503, 'a2': 3.651483716701108, 'a3': 6.233039487280665} logZ_max= 4.233179662579799 obs_max= 0.41450906374039415
dist_min= tensor(411.9838) dist_max= tensor(6.8290)
params_min,params_max=params_min,params_new
evaluating model at params_new={'a1': 2.309401076758503, 'a2': 3.651483716701108, 'a3': 6.212076349991605}
params_min= {'a1': 2.309401076758503, 'a2': 3.651483716701108, 'a3': 6.205088637561918} logZ_min= nan obs_min= 0.6412056381407348
params_new= {'a1': 2.309401076758503, 'a2': 3.651483716701108, 'a3': 6.212076349991605} logZ_new= nan obs_new= 0.3765245402391727
params_max= {'a1': 2.309401076758503, 'a2': 3.651483716701108, 'a3': 6.219064062421292} logZ_max= nan obs_max= 0.3908634926841399
dist_min= tensor(415.3432) dist_max= tensor(6.2868)
params_min,params_max=params_min,params_new
evaluating model at params_new={'a1': 2.309401076758503, 'a2': 3.651483716701108, 'a3': 6.2085824937767615}
params_min= {'a1': 2.309401076758503, 'a2': 3.651483716701108, 'a3': 6.205088637561918} logZ_min= nan obs_min= 0.6412056381407348
params_new= {'a1': 2.309401076758503, 'a2': 3.651483716701108, 'a3': 6.2085824937767615} logZ_new= 4.232602776618111 obs_new= 0.3725370130932024
params_max= {'a1': 2.309401076758503, 'a2': 3.651483716701108, 'a3': 6.212076349991605} logZ_max= nan obs_max= 0.3765245402391727
dist_min= tensor(417.3964) dist_max= tensor(5.6249)
params_min,params_max=params_min,params_new
evaluating model at params_new={'a1': 2.309401076758503, 'a2': 3.651483716701108, 'a3': 6.20683556566934}
params_min= {'a1': 2.309401076758503, 'a2': 3.651483716701108, 'a3': 6.205088637561918} logZ_min= nan obs_min= 0.6412056381407348
params_new= {'a1': 2.309401076758503, 'a2': 3.651483716701108, 'a3': 6.20683556566934} logZ_new= nan obs_new= 0.36757379591038536
params_max= {'a1': 2.309401076758503, 'a2': 3.651483716701108, 'a3': 6.2085824937767615} logZ_max= 4.232602776618111 obs_max= 0.3725370130932024
dist_min= tensor(418.1353) dist_max= tensor(11.9924)
params_min,params_max=params_min,params_new
evaluating model at params_new={'a1': 2.309401076758503, 'a2': 3.651483716701108, 'a3': 6.205962101615629}
params_min= {'a1': 2.309401076758503, 'a2': 3.651483716701108, 'a3': 6.205088637561918} logZ_min= nan obs_min= 0.6412056381407348
params_new= {'a1': 2.309401076758503, 'a2': 3.651483716701108, 'a3': 6.205962101615629} logZ_new= 4.236751576037681 obs_new= 0.6699275117074478
params_max= {'a1': 2.309401076758503, 'a2': 3.651483716701108, 'a3': 6.20683556566934} logZ_max= nan obs_max= 0.36757379591038536
dist_min= tensor(12.8540) dist_max= tensor(418.1914)
params_min,params_max=params_new,params_max
evaluating model at params_new={'a1': 2.309401076758503, 'a2': 3.651483716701108, 'a3': 6.206398833642485}
params_min= {'a1': 2.309401076758503, 'a2': 3.651483716701108, 'a3': 6.205962101615629} logZ_min= 4.236751576037681 obs_min= 0.6699275117074478
params_new= {'a1': 2.309401076758503, 'a2': 3.651483716701108, 'a3': 6.206398833642485} logZ_new= 4.229887360424235 obs_new= 1.0684030407465271e-23
params_max= {'a1': 2.309401076758503, 'a2': 3.651483716701108, 'a3': 6.20683556566934} logZ_max= nan obs_max= 0.36757379591038536
dist_min= tensor(125.2843) dist_max= tensor(293.2616)
params_min,params_max=params_new,params_max
evaluating model at params_new={'a1': 2.309401076758503, 'a2': 3.651483716701108, 'a3': 6.206617199655913}
params_min= {'a1': 2.309401076758503, 'a2': 3.651483716701108, 'a3': 6.206398833642485} logZ_min= 4.229887360424235 obs_min= 1.0684030407465271e-23
params_new= {'a1': 2.309401076758503, 'a2': 3.651483716701108, 'a3': 6.206617199655913} logZ_new= 4.2297396759221835 obs_new= -1.496699145625763e-26
params_max= {'a1': 2.309401076758503, 'a2': 3.651483716701108, 'a3': 6.20683556566934} logZ_max= nan obs_max= 0.36757379591038536
dist_min= tensor(7.4284) dist_max= tensor(286.4604)
params_min,params_max=params_new,params_max
evaluating model at params_new={'a1': 2.309401076758503, 'a2': 3.651483716701108, 'a3': 6.206726382662627}
params_min= {'a1': 2.309401076758503, 'a2': 3.651483716701108, 'a3': 6.206617199655913} logZ_min= 4.2297396759221835 obs_min= -1.496699145625763e-26
params_new= {'a1': 2.309401076758503, 'a2': 3.651483716701108, 'a3': 6.206726382662627} logZ_new= nan obs_new= 0.36918892871139497
params_max= {'a1': 2.309401076758503, 'a2': 3.651483716701108, 'a3': 6.20683556566934} logZ_max= nan obs_max= 0.36757379591038536
dist_min= tensor(3134.5594) dist_max= tensor(3109.8533)
params_min,params_max=params_min,params_new
evaluating model at params_new={'a1': 2.309401076758503, 'a2': 3.651483716701108, 'a3': 6.20667179115927}
params_min= {'a1': 2.309401076758503, 'a2': 3.651483716701108, 'a3': 6.206617199655913} logZ_min= 4.2297396759221835 obs_min= -1.496699145625763e-26
params_new= {'a1': 2.309401076758503, 'a2': 3.651483716701108, 'a3': 6.20667179115927} logZ_new= 4.232558464643784 obs_new= 0.36929779006561697
params_max= {'a1': 2.309401076758503, 'a2': 3.651483716701108, 'a3': 6.206726382662627} logZ_max= nan obs_max= 0.36918892871139497
dist_min= tensor(286.5091) dist_max= tensor(3121.1249)
params_min,params_max=params_new,params_max
evaluating model at params_new={'a1': 2.309401076758503, 'a2': 3.651483716701108, 'a3': 6.206699086910948}
params_min= {'a1': 2.309401076758503, 'a2': 3.651483716701108, 'a3': 6.20667179115927} logZ_min= 4.232558464643784 obs_min= 0.36929779006561697
params_new= {'a1': 2.309401076758503, 'a2': 3.651483716701108, 'a3': 6.206699086910948} logZ_new= 4.232556411664858 obs_new= 0.3673373939891428
params_max= {'a1': 2.309401076758503, 'a2': 3.651483716701108, 'a3': 6.206726382662627} logZ_max= nan obs_max= 0.36918892871139497
dist_min= tensor(5.8865) dist_max= tensor(3121.5959)
params_min,params_max=params_new,params_max
evaluating model at params_new={'a1': 2.309401076758503, 'a2': 3.651483716701108, 'a3': 6.206712734786787}
params_min= {'a1': 2.309401076758503, 'a2': 3.651483716701108, 'a3': 6.206699086910948} logZ_min= 4.232556411664858 obs_min= 0.3673373939891428
params_new= {'a1': 2.309401076758503, 'a2': 3.651483716701108, 'a3': 6.206712734786787} logZ_new= 4.232559432037978 obs_new= 0.3693667760956927
params_max= {'a1': 2.309401076758503, 'a2': 3.651483716701108, 'a3': 6.206726382662627} logZ_max= nan obs_max= 0.36918892871139497
dist_min= tensor(6.2968) dist_max= tensor(3121.6437)
params_min,params_max=params_new,params_max
evaluating model at params_new={'a1': 2.309401076758503, 'a2': 3.651483716701108, 'a3': 6.206719558724707}
params_min= {'a1': 2.309401076758503, 'a2': 3.651483716701108, 'a3': 6.206712734786787} logZ_min= 4.232559432037978 obs_min= 0.3693667760956927
params_new= {'a1': 2.309401076758503, 'a2': 3.651483716701108, 'a3': 6.206719558724707} logZ_new= 4.221555179527672 obs_new= 0.5796392366904617
params_max= {'a1': 2.309401076758503, 'a2': 3.651483716701108, 'a3': 6.206726382662627} logZ_max= nan obs_max= 0.36918892871139497
dist_min= tensor(136.3380) dist_max= tensor(3124.7220)
params_min,params_max=params_new,params_max
evaluating model at params_new={'a1': 2.309401076758503, 'a2': 3.651483716701108, 'a3': 6.206722970693667}
params_min= {'a1': 2.309401076758503, 'a2': 3.651483716701108, 'a3': 6.206719558724707} logZ_min= 4.221555179527672 obs_min= 0.5796392366904617
params_new= {'a1': 2.309401076758503, 'a2': 3.651483716701108, 'a3': 6.206722970693667} logZ_new= nan obs_new= 0.5816945677908818
params_max= {'a1': 2.309401076758503, 'a2': 3.651483716701108, 'a3': 6.206726382662627} logZ_max= nan obs_max= 0.36918892871139497
dist_min= tensor(107.5271) dist_max= tensor(3124.0975)
params_min,params_max=params_new,params_max
evaluating model at params_new={'a1': 2.309401076758503, 'a2': 3.651483716701108, 'a3': 6.206724676678147}
params_min= {'a1': 2.309401076758503, 'a2': 3.651483716701108, 'a3': 6.206722970693667} logZ_min= nan obs_min= 0.5816945677908818
params_new= {'a1': 2.309401076758503, 'a2': 3.651483716701108, 'a3': 6.206724676678147} logZ_new= 4.2325597136973325 obs_new= 0.3693808816566277
params_max= {'a1': 2.309401076758503, 'a2': 3.651483716701108, 'a3': 6.206726382662627} logZ_max= nan obs_max= 0.36918892871139497
dist_min= tensor(131.1486) dist_max= tensor(3121.1253)
params_min,params_max=params_new,params_max
evaluating model at params_new={'a1': 2.309401076758503, 'a2': 3.651483716701108, 'a3': 6.206725529670386}
params_min= {'a1': 2.309401076758503, 'a2': 3.651483716701108, 'a3': 6.206724676678147} logZ_min= 4.2325597136973325 obs_min= 0.3693808816566277
params_new= {'a1': 2.309401076758503, 'a2': 3.651483716701108, 'a3': 6.206725529670386} logZ_new= nan obs_new= 0.367353507409591
params_max= {'a1': 2.309401076758503, 'a2': 3.651483716701108, 'a3': 6.206726382662627} logZ_max= nan obs_max= 0.36918892871139497
dist_min= tensor(130.2839) dist_max= tensor(3095.6633)
params_min,params_max=params_new,params_max
evaluating model at params_new={'a1': 2.309401076758503, 'a2': 3.651483716701108, 'a3': 6.2067259561665065}
params_min= {'a1': 2.309401076758503, 'a2': 3.651483716701108, 'a3': 6.206725529670386} logZ_min= nan obs_min= 0.367353507409591
params_new= {'a1': 2.309401076758503, 'a2': 3.651483716701108, 'a3': 6.2067259561665065} logZ_new= nan obs_new= 0.573445624934765
params_max= {'a1': 2.309401076758503, 'a2': 3.651483716701108, 'a3': 6.206726382662627} logZ_max= nan obs_max= 0.36918892871139497
dist_min= tensor(192.1392) dist_max= tensor(3124.4517)
params_min,params_max=params_new,params_max
evaluating model at params_new={'a1': 2.309401076758503, 'a2': 3.651483716701108, 'a3': 6.206726169414567}
params_min= {'a1': 2.309401076758503, 'a2': 3.651483716701108, 'a3': 6.2067259561665065} logZ_min= nan obs_min= 0.573445624934765
params_new= {'a1': 2.309401076758503, 'a2': 3.651483716701108, 'a3': 6.206726169414567} logZ_new= 4.221514224323272 obs_new= 0.581691194073465
params_max= {'a1': 2.309401076758503, 'a2': 3.651483716701108, 'a3': 6.206726382662627} logZ_max= nan obs_max= 0.36918892871139497
dist_min= tensor(55.3609) dist_max= tensor(3123.6731)
params_min,params_max=params_new,params_max
evaluating model at params_new={'a1': 2.309401076758503, 'a2': 3.651483716701108, 'a3': 6.206726276038596}
params_min= {'a1': 2.309401076758503, 'a2': 3.651483716701108, 'a3': 6.206726169414567} logZ_min= 4.221514224323272 obs_min= 0.581691194073465
params_new= {'a1': 2.309401076758503, 'a2': 3.651483716701108, 'a3': 6.206726276038596} logZ_new= 4.221515121811946 obs_new= 0.5816331421146144
params_max= {'a1': 2.309401076758503, 'a2': 3.651483716701108, 'a3': 6.206726382662627} logZ_max= nan obs_max= 0.36918892871139497
dist_min= tensor(198.1539) dist_max= tensor(3129.5342)
params_min,params_max=params_new,params_max
evaluating model at params_new={'a1': 2.309401076758503, 'a2': 3.651483716701108, 'a3': 6.206726329350611}
params_min= {'a1': 2.309401076758503, 'a2': 3.651483716701108, 'a3': 6.206726276038596} logZ_min= 4.221515121811946 obs_min= 0.5816331421146144
params_new= {'a1': 2.309401076758503, 'a2': 3.651483716701108, 'a3': 6.206726329350611} logZ_new= 4.232559584927236 obs_new= 0.3692134918217108
params_max= {'a1': 2.309401076758503, 'a2': 3.651483716701108, 'a3': 6.206726382662627} logZ_max= nan obs_max= 0.36918892871139497
dist_min= tensor(220.4447) dist_max= tensor(3121.1250)
params_min,params_max=params_new,params_max
evaluating model at params_new={'a1': 2.309401076758503, 'a2': 3.651483716701108, 'a3': 6.2067263560066195}
params_min= {'a1': 2.309401076758503, 'a2': 3.651483716701108, 'a3': 6.206726329350611} logZ_min= 4.232559584927236 obs_min= 0.3692134918217108
params_new= {'a1': 2.309401076758503, 'a2': 3.651483716701108, 'a3': 6.2067263560066195} logZ_new= nan obs_new= 0.3673560553402132
params_max= {'a1': 2.309401076758503, 'a2': 3.651483716701108, 'a3': 6.206726382662627} logZ_max= nan obs_max= 0.36918892871139497
dist_min= tensor(16.3305) dist_max= tensor(3105.2187)
params_min,params_max=params_new,params_max
evaluating model at params_new={'a1': 2.309401076758503, 'a2': 3.651483716701108, 'a3': 6.206726369334623}
params_min= {'a1': 2.309401076758503, 'a2': 3.651483716701108, 'a3': 6.2067263560066195} logZ_min= nan obs_min= 0.3673560553402132
params_new= {'a1': 2.309401076758503, 'a2': 3.651483716701108, 'a3': 6.206726369334623} logZ_new= 4.221532985854895 obs_new= 0.580898914636713
params_max= {'a1': 2.309401076758503, 'a2': 3.651483716701108, 'a3': 6.206726382662627} logZ_max= nan obs_max= 0.36918892871139497
dist_min= tensor(118.3107) dist_max= tensor(3123.9332)
params_min,params_max=params_new,params_max
evaluating model at params_new={'a1': 2.309401076758503, 'a2': 3.651483716701108, 'a3': 6.206726375998625}
params_min= {'a1': 2.309401076758503, 'a2': 3.651483716701108, 'a3': 6.206726369334623} logZ_min= 4.221532985854895 obs_min= 0.580898914636713
params_new= {'a1': 2.309401076758503, 'a2': 3.651483716701108, 'a3': 6.206726375998625} logZ_new= nan obs_new= 0.5817018955101699
params_max= {'a1': 2.309401076758503, 'a2': 3.651483716701108, 'a3': 6.206726382662627} logZ_max= nan obs_max= 0.36918892871139497
dist_min= tensor(33.9724) dist_max= tensor(3114.9139)
params_min,params_max=params_new,params_max
evaluating model at params_new={'a1': 2.309401076758503, 'a2': 3.651483716701108, 'a3': 6.206726379330625}
params_min= {'a1': 2.309401076758503, 'a2': 3.651483716701108, 'a3': 6.206726375998625} logZ_min= nan obs_min= 0.5817018955101699
params_new= {'a1': 2.309401076758503, 'a2': 3.651483716701108, 'a3': 6.206726379330625} logZ_new= 4.232558331902988 obs_new= 0.36735500465236737
params_max= {'a1': 2.309401076758503, 'a2': 3.651483716701108, 'a3': 6.206726382662627} logZ_max= nan obs_max= 0.36918892871139497
dist_min= tensor(102.4444) dist_max= tensor(3121.7202)
params_min,params_max=params_new,params_max
evaluating model at params_new={'a1': 2.309401076758503, 'a2': 3.651483716701108, 'a3': 6.206726380996626}
params_min= {'a1': 2.309401076758503, 'a2': 3.651483716701108, 'a3': 6.206726379330625} logZ_min= 4.232558331902988 obs_min= 0.36735500465236737
params_new= {'a1': 2.309401076758503, 'a2': 3.651483716701108, 'a3': 6.206726380996626} logZ_new= 4.232558096290235 obs_new= 0.36735939870639167
params_max= {'a1': 2.309401076758503, 'a2': 3.651483716701108, 'a3': 6.206726382662627} logZ_max= nan obs_max= 0.36918892871139497
dist_min= tensor(17.7375) dist_max= tensor(3121.8466)
params_min,params_max=params_new,params_max
evaluating model at params_new={'a1': 2.309401076758503, 'a2': 3.651483716701108, 'a3': 6.206726381829626}
params_min= {'a1': 2.309401076758503, 'a2': 3.651483716701108, 'a3': 6.206726380996626} logZ_min= 4.232558096290235 obs_min= 0.36735939870639167
params_new= {'a1': 2.309401076758503, 'a2': 3.651483716701108, 'a3': 6.206726381829626} logZ_new= 4.23255720094161 obs_new= 0.36944977973241394
params_max= {'a1': 2.309401076758503, 'a2': 3.651483716701108, 'a3': 6.206726382662627} logZ_max= nan obs_max= 0.36918892871139497
dist_min= tensor(24.3899) dist_max= tensor(3121.1251)
params_min,params_max=params_new,params_max
evaluating model at params_new={'a1': 2.309401076758503, 'a2': 3.651483716701108, 'a3': 6.206726382246126}
params_min= {'a1': 2.309401076758503, 'a2': 3.651483716701108, 'a3': 6.206726381829626} logZ_min= 4.23255720094161 obs_min= 0.36944977973241394
params_new= {'a1': 2.309401076758503, 'a2': 3.651483716701108, 'a3': 6.206726382246126} logZ_new= 4.232558224614952 obs_new= 0.3673575019101973
params_max= {'a1': 2.309401076758503, 'a2': 3.651483716701108, 'a3': 6.206726382662627} logZ_max= nan obs_max= 0.36918892871139497
dist_min= tensor(3.4370) dist_max= tensor(3121.5941)
params_min,params_max=params_new,params_max
evaluating model at params_new={'a1': 2.309401076758503, 'a2': 3.651483716701108, 'a3': 6.206726382454376}
params_min= {'a1': 2.309401076758503, 'a2': 3.651483716701108, 'a3': 6.206726382246126} logZ_min= 4.232558224614952 obs_min= 0.3673575019101973
params_new= {'a1': 2.309401076758503, 'a2': 3.651483716701108, 'a3': 6.206726382454376} logZ_new= 4.232559449904505 obs_new= 0.36923299064490195
params_max= {'a1': 2.309401076758503, 'a2': 3.651483716701108, 'a3': 6.206726382662627} logZ_max= nan obs_max= 0.36918892871139497
dist_min= tensor(3.7925) dist_max= tensor(3121.6302)
params_min,params_max=params_new,params_max
evaluating model at params_new={'a1': 2.309401076758503, 'a2': 3.651483716701108, 'a3': 6.206726382558502}
params_min= {'a1': 2.309401076758503, 'a2': 3.651483716701108, 'a3': 6.206726382454376} logZ_min= 4.232559449904505 obs_min= 0.36923299064490195
params_new= {'a1': 2.309401076758503, 'a2': 3.651483716701108, 'a3': 6.206726382558502} logZ_new= nan obs_new= 0.3673560090264086
params_max= {'a1': 2.309401076758503, 'a2': 3.651483716701108, 'a3': 6.206726382662627} logZ_max= nan obs_max= 0.36918892871139497
dist_min= tensor(63.2709) dist_max= tensor(3060.4371)
params_min,params_max=params_new,params_max
evaluating model at params_new={'a1': 2.309401076758503, 'a2': 3.651483716701108, 'a3': 6.206726382610564}
params_min= {'a1': 2.309401076758503, 'a2': 3.651483716701108, 'a3': 6.206726382558502} logZ_min= nan obs_min= 0.3673560090264086
params_new= {'a1': 2.309401076758503, 'a2': 3.651483716701108, 'a3': 6.206726382610564} logZ_new= nan obs_new= 0.5817160753442749
params_max= {'a1': 2.309401076758503, 'a2': 3.651483716701108, 'a3': 6.206726382662627} logZ_max= nan obs_max= 0.36918892871139497
dist_min= tensor(120.9921) dist_max= tensor(3123.0648)
params_min,params_max=params_new,params_max
evaluating model at params_new={'a1': 2.309401076758503, 'a2': 3.651483716701108, 'a3': 6.206726382636596}
params_min= {'a1': 2.309401076758503, 'a2': 3.651483716701108, 'a3': 6.206726382610564} logZ_min= nan obs_min= 0.5817160753442749
params_new= {'a1': 2.309401076758503, 'a2': 3.651483716701108, 'a3': 6.206726382636596} logZ_new= 4.221510933215518 obs_new= 0.5818281657648068
params_max= {'a1': 2.309401076758503, 'a2': 3.651483716701108, 'a3': 6.206726382662627} logZ_max= nan obs_max= 0.36918892871139497
dist_min= tensor(1.9211) dist_max= tensor(3122.7988)
params_min,params_max=params_new,params_max
evaluating model at params_new={'a1': 2.309401076758503, 'a2': 3.651483716701108, 'a3': 6.206726382649611}
params_min= {'a1': 2.309401076758503, 'a2': 3.651483716701108, 'a3': 6.206726382636596} logZ_min= 4.221510933215518 obs_min= 0.5818281657648068
params_new= {'a1': 2.309401076758503, 'a2': 3.651483716701108, 'a3': 6.206726382649611} logZ_new= nan obs_new= 0.5817007163311028
params_max= {'a1': 2.309401076758503, 'a2': 3.651483716701108, 'a3': 6.206726382662627} logZ_max= nan obs_max= 0.36918892871139497
dist_min= tensor(24.4364) dist_max= tensor(3123.1488)
params_min,params_max=params_new,params_max
evaluating model at params_new={'a1': 2.309401076758503, 'a2': 3.651483716701108, 'a3': 6.206726382656119}
params_min= {'a1': 2.309401076758503, 'a2': 3.651483716701108, 'a3': 6.206726382649611} logZ_min= nan obs_min= 0.5817007163311028
params_new= {'a1': 2.309401076758503, 'a2': 3.651483716701108, 'a3': 6.206726382656119} logZ_new= 4.2325579956976735 obs_new= 0.3673641888123882
params_max= {'a1': 2.309401076758503, 'a2': 3.651483716701108, 'a3': 6.206726382662627} logZ_max= nan obs_max= 0.36918892871139497
dist_min= tensor(182.0422) dist_max= tensor(3125.6988)
params_min,params_max=params_new,params_max
evaluating model at params_new={'a1': 2.309401076758503, 'a2': 3.651483716701108, 'a3': 6.206726382659372}
params_min= {'a1': 2.309401076758503, 'a2': 3.651483716701108, 'a3': 6.206726382656119} logZ_min= 4.2325579956976735 obs_min= 0.3673641888123882
params_new= {'a1': 2.309401076758503, 'a2': 3.651483716701108, 'a3': 6.206726382659372} logZ_new= 4.221514602984662 obs_new= 0.5821660118844038
params_max= {'a1': 2.309401076758503, 'a2': 3.651483716701108, 'a3': 6.206726382662627} logZ_max= nan obs_max= 0.36918892871139497
dist_min= tensor(187.0723) dist_max= tensor(3123.1069)
params_min,params_max=params_new,params_max
evaluating model at params_new={'a1': 2.309401076758503, 'a2': 3.651483716701108, 'a3': 6.2067263826609995}
params_min= {'a1': 2.309401076758503, 'a2': 3.651483716701108, 'a3': 6.206726382659372} logZ_min= 4.221514602984662 obs_min= 0.5821660118844038
params_new= {'a1': 2.309401076758503, 'a2': 3.651483716701108, 'a3': 6.2067263826609995} logZ_new= nan obs_new= 0.3692471591873782
params_max= {'a1': 2.309401076758503, 'a2': 3.651483716701108, 'a3': 6.206726382662627} logZ_max= nan obs_max= 0.36918892871139497
dist_min= tensor(102.3714) dist_max= tensor(3121.2007)
params_min,params_max=params_new,params_max
evaluating model at params_new={'a1': 2.309401076758503, 'a2': 3.651483716701108, 'a3': 6.206726382661813}
params_min= {'a1': 2.309401076758503, 'a2': 3.651483716701108, 'a3': 6.2067263826609995} logZ_min= nan obs_min= 0.3692471591873782
params_new= {'a1': 2.309401076758503, 'a2': 3.651483716701108, 'a3': 6.206726382661813} logZ_new= 4.232559602891831 obs_new= 0.3693441142551822
params_max= {'a1': 2.309401076758503, 'a2': 3.651483716701108, 'a3': 6.206726382662627} logZ_max= nan obs_max= 0.36918892871139497
dist_min= tensor(1.0840) dist_max= tensor(3121.5959)
params_min,params_max=params_new,params_max
evaluating model at params_new={'a1': 2.309401076758503, 'a2': 3.651483716701108, 'a3': 6.20672638266222}
params_min= {'a1': 2.309401076758503, 'a2': 3.651483716701108, 'a3': 6.206726382661813} logZ_min= 4.232559602891831 obs_min= 0.3693441142551822
params_new= {'a1': 2.309401076758503, 'a2': 3.651483716701108, 'a3': 6.20672638266222} logZ_new= 4.232558240888828 obs_new= 0.3673572157549565
params_max= {'a1': 2.309401076758503, 'a2': 3.651483716701108, 'a3': 6.206726382662627} logZ_max= nan obs_max= 0.36918892871139497
dist_min= tensor(10.1546) dist_max= tensor(3121.4510)
params_min,params_max=params_new,params_max
evaluating model at params_new={'a1': 2.309401076758503, 'a2': 3.651483716701108, 'a3': 6.206726382662423}
params_min= {'a1': 2.309401076758503, 'a2': 3.651483716701108, 'a3': 6.20672638266222} logZ_min= 4.232558240888828 obs_min= 0.3673572157549565
params_new= {'a1': 2.309401076758503, 'a2': 3.651483716701108, 'a3': 6.206726382662423} logZ_new= 4.221515112672278 obs_new= 0.5816657259744578
params_max= {'a1': 2.309401076758503, 'a2': 3.651483716701108, 'a3': 6.206726382662627} logZ_max= nan obs_max= 0.36918892871139497
dist_min= tensor(103.3854) dist_max= tensor(3123.2560)
params_min,params_max=params_new,params_max
evaluating model at params_new={'a1': 2.309401076758503, 'a2': 3.651483716701108, 'a3': 6.206726382662525}
params_min= {'a1': 2.309401076758503, 'a2': 3.651483716701108, 'a3': 6.206726382662423} logZ_min= 4.221515112672278 obs_min= 0.5816657259744578
params_new= {'a1': 2.309401076758503, 'a2': 3.651483716701108, 'a3': 6.206726382662525} logZ_new= 4.232558308612054 obs_new= 0.3673571279114348
params_max= {'a1': 2.309401076758503, 'a2': 3.651483716701108, 'a3': 6.206726382662627} logZ_max= nan obs_max= 0.36918892871139497
dist_min= tensor(660.7021) dist_max= tensor(3189.2428)
params_min,params_max=params_new,params_max
evaluating model at params_new={'a1': 2.309401076758503, 'a2': 3.651483716701108, 'a3': 6.206726382662576}
params_min= {'a1': 2.309401076758503, 'a2': 3.651483716701108, 'a3': 6.206726382662525} logZ_min= 4.232558308612054 obs_min= 0.3673571279114348
params_new= {'a1': 2.309401076758503, 'a2': 3.651483716701108, 'a3': 6.206726382662576} logZ_new= 4.232504872764624 obs_new= 0.36884943161112993
params_max= {'a1': 2.309401076758503, 'a2': 3.651483716701108, 'a3': 6.206726382662627} logZ_max= nan obs_max= 0.36918892871139497
dist_min= tensor(652.6540) dist_max= tensor(3121.6058)
params_min,params_max=params_new,params_max
evaluating model at params_new={'a1': 2.309401076758503, 'a2': 3.651483716701108, 'a3': 6.206726382662602}
params_min= {'a1': 2.309401076758503, 'a2': 3.651483716701108, 'a3': 6.206726382662576} logZ_min= 4.232504872764624 obs_min= 0.36884943161112993
params_new= {'a1': 2.309401076758503, 'a2': 3.651483716701108, 'a3': 6.206726382662602} logZ_new= nan obs_new= 0.36735612003889906
params_max= {'a1': 2.309401076758503, 'a2': 3.651483716701108, 'a3': 6.206726382662627} logZ_max= nan obs_max= 0.36918892871139497
dist_min= tensor(31.0743) dist_max= tensor(3117.3021)
params_min,params_max=params_new,params_max
evaluating model at params_new={'a1': 2.309401076758503, 'a2': 3.651483716701108, 'a3': 6.206726382662614}
params_min= {'a1': 2.309401076758503, 'a2': 3.651483716701108, 'a3': 6.206726382662602} logZ_min= nan obs_min= 0.36735612003889906
params_new= {'a1': 2.309401076758503, 'a2': 3.651483716701108, 'a3': 6.206726382662614} logZ_new= 4.232558093036971 obs_new= 0.3673610182899696
params_max= {'a1': 2.309401076758503, 'a2': 3.651483716701108, 'a3': 6.206726382662627} logZ_max= nan obs_max= 0.36918892871139497
dist_min= tensor(26.7616) dist_max= tensor(3121.6279)
params_min,params_max=params_new,params_max
evaluating model at params_new={'a1': 2.309401076758503, 'a2': 3.651483716701108, 'a3': 6.2067263826626204}
params_min= {'a1': 2.309401076758503, 'a2': 3.651483716701108, 'a3': 6.206726382662614} logZ_min= 4.232558093036971 obs_min= 0.3673610182899696
params_new= {'a1': 2.309401076758503, 'a2': 3.651483716701108, 'a3': 6.2067263826626204} logZ_new= 4.221514811718455 obs_new= 0.5816739756481696
params_max= {'a1': 2.309401076758503, 'a2': 3.651483716701108, 'a3': 6.206726382662627} logZ_max= nan obs_max= 0.36918892871139497
dist_min= tensor(102.1631) dist_max= tensor(3123.4066)
params_min,params_max=params_new,params_max
evaluating model at params_new={'a1': 2.309401076758503, 'a2': 3.651483716701108, 'a3': 6.206726382662623}
params_min= {'a1': 2.309401076758503, 'a2': 3.651483716701108, 'a3': 6.2067263826626204} logZ_min= 4.221514811718455 obs_min= 0.5816739756481696
params_new= {'a1': 2.309401076758503, 'a2': 3.651483716701108, 'a3': 6.206726382662623} logZ_new= 4.23255963330981 obs_new= 0.3693001261534953
params_max= {'a1': 2.309401076758503, 'a2': 3.651483716701108, 'a3': 6.206726382662627} logZ_max= nan obs_max= 0.36918892871139497
dist_min= tensor(102.4434) dist_max= tensor(3121.1252)
params_min,params_max=params_new,params_max
evaluating model at params_new={'a1': 2.309401076758503, 'a2': 3.651483716701108, 'a3': 6.206726382662625}
params_min= {'a1': 2.309401076758503, 'a2': 3.651483716701108, 'a3': 6.206726382662623} logZ_min= 4.23255963330981 obs_min= 0.3693001261534953
params_new= {'a1': 2.309401076758503, 'a2': 3.651483716701108, 'a3': 6.206726382662625} logZ_new= 4.232557660649284 obs_new= 0.367367307540335
params_max= {'a1': 2.309401076758503, 'a2': 3.651483716701108, 'a3': 6.206726382662627} logZ_max= nan obs_max= 0.36918892871139497
dist_min= tensor(25482.5362) dist_max= tensor(25673.6258)
params_min,params_max=params_new,params_max
evaluating model at params_new={'a1': 2.309401076758503, 'a2': 3.651483716701108, 'a3': 6.206726382662626}
params_min= {'a1': 2.309401076758503, 'a2': 3.651483716701108, 'a3': 6.206726382662625} logZ_min= 4.232557660649284 obs_min= 0.367367307540335
params_new= {'a1': 2.309401076758503, 'a2': 3.651483716701108, 'a3': 6.206726382662626} logZ_new= nan obs_new= 0.5816750379623252
params_max= {'a1': 2.309401076758503, 'a2': 3.651483716701108, 'a3': 6.206726382662627} logZ_max= nan obs_max= 0.36918892871139497
dist_min= tensor(25482.5737) dist_max= tensor(3123.0861)
params_min,params_max=params_min,params_new
critical params found:  {'a1': 2.309401076758503, 'a2': 3.651483716701108, 'a3': 6.206726382662625}
reference params:  {'a1': 1.1547005383792515, 'a2': 1.8257418583505538, 'a3': 4.47213595499958}
file saved to  data/AKLT3D_X10_scan_grid_critical_a3/a1_2.3094011_a2_3.6514837/Tc.json
