Start running find_critical_temp.py with options:{'filename': 'data/AKLT3D_X10_scan_grid_critical_a3/a1_0.4618802_a2_1.0954451/Tc.json', 'log_filename': 'data/AKLT3D_X10_scan_grid_critical_a3/a1_0.4618802_a2_1.0954451/Tc.log', 'nLayers': 60, 'max_dim': 10, 'model': 'AKLT3D', 'params_min': "{'a1': 0.4618802153517006, 'a2': 1.0954451150103324, 'a3': 2.683281572999748}", 'params_max': "{'a1': 0.4618802153517006, 'a2': 1.0954451150103324, 'a3': 3.577708763999664}", 'params_ref': None, 'observable_name': 'magnetizationZ', 'tol': 0.0, 'gilt_enabled': False, 'gilt_eps': 8e-07, 'gilt_nIter': 1, 'mcf_enabled': True, 'mcf_eps': 1e-16, 'mcf_max_iter': 200, 'hotrg_sanity_check': False, 'version': 1, 'device': 'cuda:1'}
loading library...
evaluating model at params_min={'a1': 0.4618802153517006, 'a2': 1.0954451150103324, 'a3': 2.683281572999748}
params_min= {'a1': 0.4618802153517006, 'a2': 1.0954451150103324, 'a3': 2.683281572999748} logZ_min= 2.2394545531793972 obs_min= 2.73884511616132e-33
evaluating model at params_max={'a1': 0.4618802153517006, 'a2': 1.0954451150103324, 'a3': 3.577708763999664}
params_max= {'a1': 0.4618802153517006, 'a2': 1.0954451150103324, 'a3': 3.577708763999664} logZ_max= 2.5755157208548978 obs_max= 8.551949363724137
searching for critical temperature using bisection method
evaluating model at params_new={'a1': 0.4618802153517006, 'a2': 1.0954451150103324, 'a3': 3.130495168499706}
params_min= {'a1': 0.4618802153517006, 'a2': 1.0954451150103324, 'a3': 2.683281572999748} logZ_min= 2.2394545531793972 obs_min= 2.73884511616132e-33
params_new= {'a1': 0.4618802153517006, 'a2': 1.0954451150103324, 'a3': 3.130495168499706} logZ_new= 2.3200621481063988 obs_new= 7.98858512875097
params_max= {'a1': 0.4618802153517006, 'a2': 1.0954451150103324, 'a3': 3.577708763999664} logZ_max= 2.5755157208548978 obs_max= 8.551949363724137
dist_min= tensor(57.7317) dist_max= tensor(10.1639)
params_min,params_max=params_min,params_new
evaluating model at params_new={'a1': 0.4618802153517006, 'a2': 1.0954451150103324, 'a3': 2.9068883707497273}
params_min= {'a1': 0.4618802153517006, 'a2': 1.0954451150103324, 'a3': 2.683281572999748} logZ_min= 2.2394545531793972 obs_min= 2.73884511616132e-33
params_new= {'a1': 0.4618802153517006, 'a2': 1.0954451150103324, 'a3': 2.9068883707497273} logZ_new= nan obs_new= 1.1330336761488636e-32
params_max= {'a1': 0.4618802153517006, 'a2': 1.0954451150103324, 'a3': 3.130495168499706} logZ_max= 2.3200621481063988 obs_max= 7.98858512875097
dist_min= tensor(12966.4204) dist_max= tensor(12965.9041)
params_min,params_max=params_min,params_new
evaluating model at params_new={'a1': 0.4618802153517006, 'a2': 1.0954451150103324, 'a3': 2.7950849718747377}
params_min= {'a1': 0.4618802153517006, 'a2': 1.0954451150103324, 'a3': 2.683281572999748} logZ_min= 2.2394545531793972 obs_min= 2.73884511616132e-33
params_new= {'a1': 0.4618802153517006, 'a2': 1.0954451150103324, 'a3': 2.7950849718747377} logZ_new= 2.245565913821525 obs_new= 1.9055171545713404e-32
params_max= {'a1': 0.4618802153517006, 'a2': 1.0954451150103324, 'a3': 2.9068883707497273} logZ_max= nan obs_max= 1.1330336761488636e-32
dist_min= tensor(63.1425) dist_max= tensor(12966.3079)
params_min,params_max=params_new,params_max
evaluating model at params_new={'a1': 0.4618802153517006, 'a2': 1.0954451150103324, 'a3': 2.8509866713122323}
params_min= {'a1': 0.4618802153517006, 'a2': 1.0954451150103324, 'a3': 2.7950849718747377} logZ_min= 2.245565913821525 obs_min= 1.9055171545713404e-32
params_new= {'a1': 0.4618802153517006, 'a2': 1.0954451150103324, 'a3': 2.8509866713122323} logZ_new= nan obs_new= 3.382284087823605e-34
params_max= {'a1': 0.4618802153517006, 'a2': 1.0954451150103324, 'a3': 2.9068883707497273} logZ_max= nan obs_max= 1.1330336761488636e-32
dist_min= tensor(10.0888) dist_max= tensor(12965.5486)
params_min,params_max=params_new,params_max
evaluating model at params_new={'a1': 0.4618802153517006, 'a2': 1.0954451150103324, 'a3': 2.8789375210309798}
params_min= {'a1': 0.4618802153517006, 'a2': 1.0954451150103324, 'a3': 2.8509866713122323} logZ_min= nan obs_min= 3.382284087823605e-34
params_new= {'a1': 0.4618802153517006, 'a2': 1.0954451150103324, 'a3': 2.8789375210309798} logZ_new= 2.2492330514814918 obs_new= 1.8017726675381145e-33
params_max= {'a1': 0.4618802153517006, 'a2': 1.0954451150103324, 'a3': 2.9068883707497273} logZ_max= nan obs_max= 1.1330336761488636e-32
dist_min= tensor(21.1803) dist_max= tensor(12966.4232)
params_min,params_max=params_new,params_max
evaluating model at params_new={'a1': 0.4618802153517006, 'a2': 1.0954451150103324, 'a3': 2.8929129458903535}
params_min= {'a1': 0.4618802153517006, 'a2': 1.0954451150103324, 'a3': 2.8789375210309798} logZ_min= 2.2492330514814918 obs_min= 1.8017726675381145e-33
params_new= {'a1': 0.4618802153517006, 'a2': 1.0954451150103324, 'a3': 2.8929129458903535} logZ_new= nan obs_new= 4.672567754598204e-35
params_max= {'a1': 0.4618802153517006, 'a2': 1.0954451150103324, 'a3': 2.9068883707497273} logZ_max= nan obs_max= 1.1330336761488636e-32
dist_min= tensor(11.6636) dist_max= tensor(12954.7646)
params_min,params_max=params_new,params_max
evaluating model at params_new={'a1': 0.4618802153517006, 'a2': 1.0954451150103324, 'a3': 2.8999006583200404}
params_min= {'a1': 0.4618802153517006, 'a2': 1.0954451150103324, 'a3': 2.8929129458903535} logZ_min= nan obs_min= 4.672567754598204e-35
params_new= {'a1': 0.4618802153517006, 'a2': 1.0954451150103324, 'a3': 2.8999006583200404} logZ_new= 2.2502022193306703 obs_new= 2.6504017808934014e-32
params_max= {'a1': 0.4618802153517006, 'a2': 1.0954451150103324, 'a3': 2.9068883707497273} logZ_max= nan obs_max= 1.1330336761488636e-32
dist_min= tensor(11.1734) dist_max= tensor(12965.9038)
params_min,params_max=params_new,params_max
evaluating model at params_new={'a1': 0.4618802153517006, 'a2': 1.0954451150103324, 'a3': 2.9033945145348836}
params_min= {'a1': 0.4618802153517006, 'a2': 1.0954451150103324, 'a3': 2.8999006583200404} logZ_min= 2.2502022193306703 obs_min= 2.6504017808934014e-32
params_new= {'a1': 0.4618802153517006, 'a2': 1.0954451150103324, 'a3': 2.9033945145348836} logZ_new= 2.250364940451229 obs_new= 5.633108421611511e-32
params_max= {'a1': 0.4618802153517006, 'a2': 1.0954451150103324, 'a3': 2.9068883707497273} logZ_max= nan obs_max= 1.1330336761488636e-32
dist_min= tensor(0.6481) dist_max= tensor(12965.9039)
params_min,params_max=params_new,params_max
evaluating model at params_new={'a1': 0.4618802153517006, 'a2': 1.0954451150103324, 'a3': 2.9051414426423054}
params_min= {'a1': 0.4618802153517006, 'a2': 1.0954451150103324, 'a3': 2.9033945145348836} logZ_min= 2.250364940451229 obs_min= 5.633108421611511e-32
params_new= {'a1': 0.4618802153517006, 'a2': 1.0954451150103324, 'a3': 2.9051414426423054} logZ_new= 2.2504460864098257 obs_new= 3.658222570836448e-33
params_max= {'a1': 0.4618802153517006, 'a2': 1.0954451150103324, 'a3': 2.9068883707497273} logZ_max= nan obs_max= 1.1330336761488636e-32
dist_min= tensor(1.3322) dist_max= tensor(12966.2885)
params_min,params_max=params_new,params_max
evaluating model at params_new={'a1': 0.4618802153517006, 'a2': 1.0954451150103324, 'a3': 2.9060149066960164}
params_min= {'a1': 0.4618802153517006, 'a2': 1.0954451150103324, 'a3': 2.9051414426423054} logZ_min= 2.2504460864098257 obs_min= 3.658222570836448e-33
params_new= {'a1': 0.4618802153517006, 'a2': 1.0954451150103324, 'a3': 2.9060149066960164} logZ_new= 2.2504854566553294 obs_new= 1.707538495287326e-31
params_max= {'a1': 0.4618802153517006, 'a2': 1.0954451150103324, 'a3': 2.9068883707497273} logZ_max= nan obs_max= 1.1330336761488636e-32
dist_min= tensor(12.2168) dist_max= tensor(12966.3306)
params_min,params_max=params_new,params_max
evaluating model at params_new={'a1': 0.4618802153517006, 'a2': 1.0954451150103324, 'a3': 2.9064516387228716}
params_min= {'a1': 0.4618802153517006, 'a2': 1.0954451150103324, 'a3': 2.9060149066960164} logZ_min= 2.2504854566553294 obs_min= 1.707538495287326e-31
params_new= {'a1': 0.4618802153517006, 'a2': 1.0954451150103324, 'a3': 2.9064516387228716} logZ_new= 2.2505066191614382 obs_new= 1.1596969001239808e-31
params_max= {'a1': 0.4618802153517006, 'a2': 1.0954451150103324, 'a3': 2.9068883707497273} logZ_max= nan obs_max= 1.1330336761488636e-32
dist_min= tensor(11.6348) dist_max= tensor(12965.9039)
params_min,params_max=params_new,params_max
evaluating model at params_new={'a1': 0.4618802153517006, 'a2': 1.0954451150103324, 'a3': 2.9066700047362994}
params_min= {'a1': 0.4618802153517006, 'a2': 1.0954451150103324, 'a3': 2.9064516387228716} logZ_min= 2.2505066191614382 obs_min= 1.1596969001239808e-31
params_new= {'a1': 0.4618802153517006, 'a2': 1.0954451150103324, 'a3': 2.9066700047362994} logZ_new= 2.2505167272129296 obs_new= 2.636599924648021e-31
params_max= {'a1': 0.4618802153517006, 'a2': 1.0954451150103324, 'a3': 2.9068883707497273} logZ_max= nan obs_max= 1.1330336761488636e-32
dist_min= tensor(0.5736) dist_max= tensor(12965.9039)
params_min,params_max=params_new,params_max
evaluating model at params_new={'a1': 0.4618802153517006, 'a2': 1.0954451150103324, 'a3': 2.9067791877430134}
params_min= {'a1': 0.4618802153517006, 'a2': 1.0954451150103324, 'a3': 2.9066700047362994} logZ_min= 2.2505167272129296 obs_min= 2.636599924648021e-31
params_new= {'a1': 0.4618802153517006, 'a2': 1.0954451150103324, 'a3': 2.9067791877430134} logZ_new= 2.2505217017113326 obs_new= 6.251505454555354e-32
params_max= {'a1': 0.4618802153517006, 'a2': 1.0954451150103324, 'a3': 2.9068883707497273} logZ_max= nan obs_max= 1.1330336761488636e-32
dist_min= tensor(1.8916) dist_max= tensor(12966.5206)
params_min,params_max=params_new,params_max
evaluating model at params_new={'a1': 0.4618802153517006, 'a2': 1.0954451150103324, 'a3': 2.9068337792463703}
params_min= {'a1': 0.4618802153517006, 'a2': 1.0954451150103324, 'a3': 2.9067791877430134} logZ_min= 2.2505217017113326 obs_min= 6.251505454555354e-32
params_new= {'a1': 0.4618802153517006, 'a2': 1.0954451150103324, 'a3': 2.9068337792463703} logZ_new= 2.2505233871956967 obs_new= 9.628375996536311e-35
params_max= {'a1': 0.4618802153517006, 'a2': 1.0954451150103324, 'a3': 2.9068883707497273} logZ_max= nan obs_max= 1.1330336761488636e-32
dist_min= tensor(0.1457) dist_max= tensor(12966.5501)
params_min,params_max=params_new,params_max
evaluating model at params_new={'a1': 0.4618802153517006, 'a2': 1.0954451150103324, 'a3': 2.906861074998049}
params_min= {'a1': 0.4618802153517006, 'a2': 1.0954451150103324, 'a3': 2.9068337792463703} logZ_min= 2.2505233871956967 obs_min= 9.628375996536311e-35
params_new= {'a1': 0.4618802153517006, 'a2': 1.0954451150103324, 'a3': 2.906861074998049} logZ_new= 2.2505263563090203 obs_new= 7.73501991618383e-32
params_max= {'a1': 0.4618802153517006, 'a2': 1.0954451150103324, 'a3': 2.9068883707497273} logZ_max= nan obs_max= 1.1330336761488636e-32
dist_min= tensor(2.4320) dist_max= tensor(12966.2461)
params_min,params_max=params_new,params_max
evaluating model at params_new={'a1': 0.4618802153517006, 'a2': 1.0954451150103324, 'a3': 2.906874722873888}
params_min= {'a1': 0.4618802153517006, 'a2': 1.0954451150103324, 'a3': 2.906861074998049} logZ_min= 2.2505263563090203 obs_min= 7.73501991618383e-32
params_new= {'a1': 0.4618802153517006, 'a2': 1.0954451150103324, 'a3': 2.906874722873888} logZ_new= 2.250526495853812 obs_new= 3.0309402388785333e-32
params_max= {'a1': 0.4618802153517006, 'a2': 1.0954451150103324, 'a3': 2.9068883707497273} logZ_max= nan obs_max= 1.1330336761488636e-32
dist_min= tensor(1.9187) dist_max= tensor(12965.9039)
params_min,params_max=params_new,params_max
evaluating model at params_new={'a1': 0.4618802153517006, 'a2': 1.0954451150103324, 'a3': 2.9068815468118077}
params_min= {'a1': 0.4618802153517006, 'a2': 1.0954451150103324, 'a3': 2.906874722873888} logZ_min= 2.250526495853812 obs_min= 3.0309402388785333e-32
params_new= {'a1': 0.4618802153517006, 'a2': 1.0954451150103324, 'a3': 2.9068815468118077} logZ_new= nan obs_new= 1.138650956353557e-32
params_max= {'a1': 0.4618802153517006, 'a2': 1.0954451150103324, 'a3': 2.9068883707497273} logZ_max= nan obs_max= 1.1330336761488636e-32
dist_min= tensor(5.1664) dist_max= tensor(12960.8515)
params_min,params_max=params_new,params_max
evaluating model at params_new={'a1': 0.4618802153517006, 'a2': 1.0954451150103324, 'a3': 2.9068849587807675}
params_min= {'a1': 0.4618802153517006, 'a2': 1.0954451150103324, 'a3': 2.9068815468118077} logZ_min= nan obs_min= 1.138650956353557e-32
params_new= {'a1': 0.4618802153517006, 'a2': 1.0954451150103324, 'a3': 2.9068849587807675} logZ_new= 2.2505266237150585 obs_new= 1.4024050617886737e-33
params_max= {'a1': 0.4618802153517006, 'a2': 1.0954451150103324, 'a3': 2.9068883707497273} logZ_max= nan obs_max= 1.1330336761488636e-32
dist_min= tensor(5.9059) dist_max= tensor(12966.5359)
params_min,params_max=params_new,params_max
evaluating model at params_new={'a1': 0.4618802153517006, 'a2': 1.0954451150103324, 'a3': 2.9068866647652474}
params_min= {'a1': 0.4618802153517006, 'a2': 1.0954451150103324, 'a3': 2.9068849587807675} logZ_min= 2.2505266237150585 obs_min= 1.4024050617886737e-33
params_new= {'a1': 0.4618802153517006, 'a2': 1.0954451150103324, 'a3': 2.9068866647652474} logZ_new= nan obs_new= 3.4884457961119846e-34
params_max= {'a1': 0.4618802153517006, 'a2': 1.0954451150103324, 'a3': 2.9068883707497273} logZ_max= nan obs_max= 1.1330336761488636e-32
dist_min= tensor(142.3600) dist_max= tensor(12824.1769)
params_min,params_max=params_new,params_max
evaluating model at params_new={'a1': 0.4618802153517006, 'a2': 1.0954451150103324, 'a3': 2.9068875177574873}
params_min= {'a1': 0.4618802153517006, 'a2': 1.0954451150103324, 'a3': 2.9068866647652474} logZ_min= nan obs_min= 3.4884457961119846e-34
params_new= {'a1': 0.4618802153517006, 'a2': 1.0954451150103324, 'a3': 2.9068875177574873} logZ_new= nan obs_new= 8.790669969898074e-32
params_max= {'a1': 0.4618802153517006, 'a2': 1.0954451150103324, 'a3': 2.9068883707497273} logZ_max= nan obs_max= 1.1330336761488636e-32
dist_min= tensor(141.4841) dist_max= tensor(12965.6533)
params_min,params_max=params_new,params_max
evaluating model at params_new={'a1': 0.4618802153517006, 'a2': 1.0954451150103324, 'a3': 2.906887944253607}
params_min= {'a1': 0.4618802153517006, 'a2': 1.0954451150103324, 'a3': 2.9068875177574873} logZ_min= nan obs_min= 8.790669969898074e-32
params_new= {'a1': 0.4618802153517006, 'a2': 1.0954451150103324, 'a3': 2.906887944253607} logZ_new= 2.2505268076785363 obs_new= 3.15927573297066e-32
params_max= {'a1': 0.4618802153517006, 'a2': 1.0954451150103324, 'a3': 2.9068883707497273} logZ_max= nan obs_max= 1.1330336761488636e-32
dist_min= tensor(1.7907) dist_max= tensor(12966.5499)
params_min,params_max=params_new,params_max
evaluating model at params_new={'a1': 0.4618802153517006, 'a2': 1.0954451150103324, 'a3': 2.906888157501667}
params_min= {'a1': 0.4618802153517006, 'a2': 1.0954451150103324, 'a3': 2.906887944253607} logZ_min= 2.2505268076785363 obs_min= 3.15927573297066e-32
params_new= {'a1': 0.4618802153517006, 'a2': 1.0954451150103324, 'a3': 2.906888157501667} logZ_new= 2.2505256377748974 obs_new= 1.1031789162308188e-31
params_max= {'a1': 0.4618802153517006, 'a2': 1.0954451150103324, 'a3': 2.9068883707497273} logZ_max= nan obs_max= 1.1330336761488636e-32
dist_min= tensor(0.1888) dist_max= tensor(12966.3687)
params_min,params_max=params_new,params_max
evaluating model at params_new={'a1': 0.4618802153517006, 'a2': 1.0954451150103324, 'a3': 2.9068882641256972}
params_min= {'a1': 0.4618802153517006, 'a2': 1.0954451150103324, 'a3': 2.906888157501667} logZ_min= 2.2505256377748974 obs_min= 1.1031789162308188e-31
params_new= {'a1': 0.4618802153517006, 'a2': 1.0954451150103324, 'a3': 2.9068882641256972} logZ_new= 2.2504484664196176 obs_new= 1.3139149900422595e-32
params_max= {'a1': 0.4618802153517006, 'a2': 1.0954451150103324, 'a3': 2.9068883707497273} logZ_max= nan obs_max= 1.1330336761488636e-32
dist_min= tensor(1.1803) dist_max= tensor(12965.9038)
params_min,params_max=params_new,params_max
evaluating model at params_new={'a1': 0.4618802153517006, 'a2': 1.0954451150103324, 'a3': 2.906888317437712}
params_min= {'a1': 0.4618802153517006, 'a2': 1.0954451150103324, 'a3': 2.9068882641256972} logZ_min= 2.2504484664196176 obs_min= 1.3139149900422595e-32
params_new= {'a1': 0.4618802153517006, 'a2': 1.0954451150103324, 'a3': 2.906888317437712} logZ_new= 2.2505269025985504 obs_new= 1.5676997527053048e-33
params_max= {'a1': 0.4618802153517006, 'a2': 1.0954451150103324, 'a3': 2.9068883707497273} logZ_max= nan obs_max= 1.1330336761488636e-32
dist_min= tensor(0.6886) dist_max= tensor(12965.9039)
params_min,params_max=params_new,params_max
evaluating model at params_new={'a1': 0.4618802153517006, 'a2': 1.0954451150103324, 'a3': 2.9068883440937197}
params_min= {'a1': 0.4618802153517006, 'a2': 1.0954451150103324, 'a3': 2.906888317437712} logZ_min= 2.2505269025985504 obs_min= 1.5676997527053048e-33
params_new= {'a1': 0.4618802153517006, 'a2': 1.0954451150103324, 'a3': 2.9068883440937197} logZ_new= nan obs_new= 2.8305419926760133e-31
params_max= {'a1': 0.4618802153517006, 'a2': 1.0954451150103324, 'a3': 2.9068883707497273} logZ_max= nan obs_max= 1.1330336761488636e-32
dist_min= tensor(1.8845) dist_max= tensor(12964.9145)
params_min,params_max=params_new,params_max
evaluating model at params_new={'a1': 0.4618802153517006, 'a2': 1.0954451150103324, 'a3': 2.9068883574217237}
params_min= {'a1': 0.4618802153517006, 'a2': 1.0954451150103324, 'a3': 2.9068883440937197} logZ_min= nan obs_min= 2.8305419926760133e-31
params_new= {'a1': 0.4618802153517006, 'a2': 1.0954451150103324, 'a3': 2.9068883574217237} logZ_new= 2.2505266828216537 obs_new= 7.283014900978137e-32
params_max= {'a1': 0.4618802153517006, 'a2': 1.0954451150103324, 'a3': 2.9068883707497273} logZ_max= nan obs_max= 1.1330336761488636e-32
dist_min= tensor(24.6320) dist_max= tensor(12966.4785)
params_min,params_max=params_new,params_max
evaluating model at params_new={'a1': 0.4618802153517006, 'a2': 1.0954451150103324, 'a3': 2.9068883640857255}
params_min= {'a1': 0.4618802153517006, 'a2': 1.0954451150103324, 'a3': 2.9068883574217237} logZ_min= 2.2505266828216537 obs_min= 7.283014900978137e-32
params_new= {'a1': 0.4618802153517006, 'a2': 1.0954451150103324, 'a3': 2.9068883640857255} logZ_new= 2.2505269224305304 obs_new= 2.3793278797747125e-31
params_max= {'a1': 0.4618802153517006, 'a2': 1.0954451150103324, 'a3': 2.9068883707497273} logZ_max= nan obs_max= 1.1330336761488636e-32
dist_min= tensor(23.9084) dist_max= tensor(12965.9039)
params_min,params_max=params_new,params_max
evaluating model at params_new={'a1': 0.4618802153517006, 'a2': 1.0954451150103324, 'a3': 2.9068883674177264}
params_min= {'a1': 0.4618802153517006, 'a2': 1.0954451150103324, 'a3': 2.9068883640857255} logZ_min= 2.2505269224305304 obs_min= 2.3793278797747125e-31
params_new= {'a1': 0.4618802153517006, 'a2': 1.0954451150103324, 'a3': 2.9068883674177264} logZ_new= 2.250526782226896 obs_new= 9.393577595066505e-34
params_max= {'a1': 0.4618802153517006, 'a2': 1.0954451150103324, 'a3': 2.9068883707497273} logZ_max= nan obs_max= 1.1330336761488636e-32
dist_min= tensor(1.2563) dist_max= tensor(12966.2752)
params_min,params_max=params_new,params_max
evaluating model at params_new={'a1': 0.4618802153517006, 'a2': 1.0954451150103324, 'a3': 2.9068883690837266}
params_min= {'a1': 0.4618802153517006, 'a2': 1.0954451150103324, 'a3': 2.9068883674177264} logZ_min= 2.250526782226896 obs_min= 9.393577595066505e-34
params_new= {'a1': 0.4618802153517006, 'a2': 1.0954451150103324, 'a3': 2.9068883690837266} logZ_new= 2.250526384219971 obs_new= 2.4868480353525206e-31
params_max= {'a1': 0.4618802153517006, 'a2': 1.0954451150103324, 'a3': 2.9068883707497273} logZ_max= nan obs_max= 1.1330336761488636e-32
dist_min= tensor(90.8577) dist_max= tensor(12966.8609)
params_min,params_max=params_new,params_max
evaluating model at params_new={'a1': 0.4618802153517006, 'a2': 1.0954451150103324, 'a3': 2.906888369916727}
params_min= {'a1': 0.4618802153517006, 'a2': 1.0954451150103324, 'a3': 2.9068883690837266} logZ_min= 2.250526384219971 obs_min= 2.4868480353525206e-31
params_new= {'a1': 0.4618802153517006, 'a2': 1.0954451150103324, 'a3': 2.906888369916727} logZ_new= nan obs_new= 7.042775744185119e-32
params_max= {'a1': 0.4618802153517006, 'a2': 1.0954451150103324, 'a3': 2.9068883707497273} logZ_max= nan obs_max= 1.1330336761488636e-32
dist_min= tensor(91.0867) dist_max= tensor(12966.0408)
params_min,params_max=params_new,params_max
evaluating model at params_new={'a1': 0.4618802153517006, 'a2': 1.0954451150103324, 'a3': 2.906888370333227}
params_min= {'a1': 0.4618802153517006, 'a2': 1.0954451150103324, 'a3': 2.906888369916727} logZ_min= nan obs_min= 7.042775744185119e-32
params_new= {'a1': 0.4618802153517006, 'a2': 1.0954451150103324, 'a3': 2.906888370333227} logZ_new= 2.250526715371729 obs_new= 7.402091471939145e-34
params_max= {'a1': 0.4618802153517006, 'a2': 1.0954451150103324, 'a3': 2.9068883707497273} logZ_max= nan obs_max= 1.1330336761488636e-32
dist_min= tensor(7.1515) dist_max= tensor(12966.4980)
params_min,params_max=params_new,params_max
evaluating model at params_new={'a1': 0.4618802153517006, 'a2': 1.0954451150103324, 'a3': 2.906888370541477}
params_min= {'a1': 0.4618802153517006, 'a2': 1.0954451150103324, 'a3': 2.906888370333227} logZ_min= 2.250526715371729 obs_min= 7.402091471939145e-34
params_new= {'a1': 0.4618802153517006, 'a2': 1.0954451150103324, 'a3': 2.906888370541477} logZ_new= 2.2505267726322855 obs_new= 1.1157055226134012e-31
params_max= {'a1': 0.4618802153517006, 'a2': 1.0954451150103324, 'a3': 2.9068883707497273} logZ_max= nan obs_max= 1.1330336761488636e-32
dist_min= tensor(0.2766) dist_max= tensor(12966.5296)
params_min,params_max=params_new,params_max
evaluating model at params_new={'a1': 0.4618802153517006, 'a2': 1.0954451150103324, 'a3': 2.906888370645602}
params_min= {'a1': 0.4618802153517006, 'a2': 1.0954451150103324, 'a3': 2.906888370541477} logZ_min= 2.2505267726322855 obs_min= 1.1157055226134012e-31
params_new= {'a1': 0.4618802153517006, 'a2': 1.0954451150103324, 'a3': 2.906888370645602} logZ_new= 2.250449132791716 obs_new= 3.078647503942975e-32
params_max= {'a1': 0.4618802153517006, 'a2': 1.0954451150103324, 'a3': 2.9068883707497273} logZ_max= nan obs_max= 1.1330336761488636e-32
dist_min= tensor(2.9597) dist_max= tensor(12966.3232)
params_min,params_max=params_new,params_max
evaluating model at params_new={'a1': 0.4618802153517006, 'a2': 1.0954451150103324, 'a3': 2.906888370697665}
params_min= {'a1': 0.4618802153517006, 'a2': 1.0954451150103324, 'a3': 2.906888370645602} logZ_min= 2.250449132791716 obs_min= 3.078647503942975e-32
params_new= {'a1': 0.4618802153517006, 'a2': 1.0954451150103324, 'a3': 2.906888370697665} logZ_new= 2.2505267583890203 obs_new= 1.990965194951965e-32
params_max= {'a1': 0.4618802153517006, 'a2': 1.0954451150103324, 'a3': 2.9068883707497273} logZ_max= nan obs_max= 1.1330336761488636e-32
dist_min= tensor(2.9530) dist_max= tensor(12966.5214)
params_min,params_max=params_new,params_max
evaluating model at params_new={'a1': 0.4618802153517006, 'a2': 1.0954451150103324, 'a3': 2.906888370723696}
params_min= {'a1': 0.4618802153517006, 'a2': 1.0954451150103324, 'a3': 2.906888370697665} logZ_min= 2.2505267583890203 obs_min= 1.990965194951965e-32
params_new= {'a1': 0.4618802153517006, 'a2': 1.0954451150103324, 'a3': 2.906888370723696} logZ_new= 2.2505255369623844 obs_new= 7.996714067639325e-32
params_max= {'a1': 0.4618802153517006, 'a2': 1.0954451150103324, 'a3': 2.9068883707497273} logZ_max= nan obs_max= 1.1330336761488636e-32
dist_min= tensor(1.3823) dist_max= tensor(12965.9039)
params_min,params_max=params_new,params_max
evaluating model at params_new={'a1': 0.4618802153517006, 'a2': 1.0954451150103324, 'a3': 2.906888370736712}
params_min= {'a1': 0.4618802153517006, 'a2': 1.0954451150103324, 'a3': 2.906888370723696} logZ_min= 2.2505255369623844 obs_min= 7.996714067639325e-32
params_new= {'a1': 0.4618802153517006, 'a2': 1.0954451150103324, 'a3': 2.906888370736712} logZ_new= 2.2505268169590886 obs_new= 3.585007228960664e-33
params_max= {'a1': 0.4618802153517006, 'a2': 1.0954451150103324, 'a3': 2.9068883707497273} logZ_max= nan obs_max= 1.1330336761488636e-32
dist_min= tensor(1.2902) dist_max= tensor(12966.4256)
params_min,params_max=params_new,params_max
evaluating model at params_new={'a1': 0.4618802153517006, 'a2': 1.0954451150103324, 'a3': 2.9068883707432196}
params_min= {'a1': 0.4618802153517006, 'a2': 1.0954451150103324, 'a3': 2.906888370736712} logZ_min= 2.2505268169590886 obs_min= 3.585007228960664e-33
params_new= {'a1': 0.4618802153517006, 'a2': 1.0954451150103324, 'a3': 2.9068883707432196} logZ_new= 2.2504569981785387 obs_new= 1.088443835744151e-33
params_max= {'a1': 0.4618802153517006, 'a2': 1.0954451150103324, 'a3': 2.9068883707497273} logZ_max= nan obs_max= 1.1330336761488636e-32
dist_min= tensor(0.2211) dist_max= tensor(12966.2110)
params_min,params_max=params_new,params_max
evaluating model at params_new={'a1': 0.4618802153517006, 'a2': 1.0954451150103324, 'a3': 2.9068883707464734}
params_min= {'a1': 0.4618802153517006, 'a2': 1.0954451150103324, 'a3': 2.9068883707432196} logZ_min= 2.2504569981785387 obs_min= 1.088443835744151e-33
params_new= {'a1': 0.4618802153517006, 'a2': 1.0954451150103324, 'a3': 2.9068883707464734} logZ_new= nan obs_new= 5.328414955962744e-32
params_max= {'a1': 0.4618802153517006, 'a2': 1.0954451150103324, 'a3': 2.9068883707497273} logZ_max= nan obs_max= 1.1330336761488636e-32
dist_min= tensor(0.4097) dist_max= tensor(12965.9875)
params_min,params_max=params_new,params_max
evaluating model at params_new={'a1': 0.4618802153517006, 'a2': 1.0954451150103324, 'a3': 2.9068883707481}
params_min= {'a1': 0.4618802153517006, 'a2': 1.0954451150103324, 'a3': 2.9068883707464734} logZ_min= nan obs_min= 5.328414955962744e-32
params_new= {'a1': 0.4618802153517006, 'a2': 1.0954451150103324, 'a3': 2.9068883707481} logZ_new= nan obs_new= 7.40357286120174e-32
params_max= {'a1': 0.4618802153517006, 'a2': 1.0954451150103324, 'a3': 2.9068883707497273} logZ_max= nan obs_max= 1.1330336761488636e-32
dist_min= tensor(614.6344) dist_max= tensor(12351.3575)
params_min,params_max=params_new,params_max
evaluating model at params_new={'a1': 0.4618802153517006, 'a2': 1.0954451150103324, 'a3': 2.9068883707489137}
params_min= {'a1': 0.4618802153517006, 'a2': 1.0954451150103324, 'a3': 2.9068883707481} logZ_min= nan obs_min= 7.40357286120174e-32
params_new= {'a1': 0.4618802153517006, 'a2': 1.0954451150103324, 'a3': 2.9068883707489137} logZ_new= nan obs_new= 3.175164080449791e-35
params_max= {'a1': 0.4618802153517006, 'a2': 1.0954451150103324, 'a3': 2.9068883707497273} logZ_max= nan obs_max= 1.1330336761488636e-32
dist_min= tensor(586.7565) dist_max= tensor(12938.1101)
params_min,params_max=params_new,params_max
evaluating model at params_new={'a1': 0.4618802153517006, 'a2': 1.0954451150103324, 'a3': 2.9068883707493205}
params_min= {'a1': 0.4618802153517006, 'a2': 1.0954451150103324, 'a3': 2.9068883707489137} logZ_min= nan obs_min= 3.175164080449791e-35
params_new= {'a1': 0.4618802153517006, 'a2': 1.0954451150103324, 'a3': 2.9068883707493205} logZ_new= 2.250526302951575 obs_new= 4.5883837933477977e-32
params_max= {'a1': 0.4618802153517006, 'a2': 1.0954451150103324, 'a3': 2.9068883707497273} logZ_max= nan obs_max= 1.1330336761488636e-32
dist_min= tensor(28.9447) dist_max= tensor(12966.4509)
params_min,params_max=params_new,params_max
evaluating model at params_new={'a1': 0.4618802153517006, 'a2': 1.0954451150103324, 'a3': 2.906888370749524}
params_min= {'a1': 0.4618802153517006, 'a2': 1.0954451150103324, 'a3': 2.9068883707493205} logZ_min= 2.250526302951575 obs_min= 4.5883837933477977e-32
params_new= {'a1': 0.4618802153517006, 'a2': 1.0954451150103324, 'a3': 2.906888370749524} logZ_new= nan obs_new= 1.2128119316394806e-34
params_max= {'a1': 0.4618802153517006, 'a2': 1.0954451150103324, 'a3': 2.9068883707497273} logZ_max= nan obs_max= 1.1330336761488636e-32
dist_min= tensor(6.1046) dist_max= tensor(12965.7620)
params_min,params_max=params_new,params_max
evaluating model at params_new={'a1': 0.4618802153517006, 'a2': 1.0954451150103324, 'a3': 2.9068883707496256}
params_min= {'a1': 0.4618802153517006, 'a2': 1.0954451150103324, 'a3': 2.906888370749524} logZ_min= nan obs_min= 1.2128119316394806e-34
params_new= {'a1': 0.4618802153517006, 'a2': 1.0954451150103324, 'a3': 2.9068883707496256} logZ_new= 2.250526651447938 obs_new= 1.5946831396142475e-32
params_max= {'a1': 0.4618802153517006, 'a2': 1.0954451150103324, 'a3': 2.9068883707497273} logZ_max= nan obs_max= 1.1330336761488636e-32
dist_min= tensor(0.6263) dist_max= tensor(12966.3836)
params_min,params_max=params_new,params_max
evaluating model at params_new={'a1': 0.4618802153517006, 'a2': 1.0954451150103324, 'a3': 2.9068883707496767}
params_min= {'a1': 0.4618802153517006, 'a2': 1.0954451150103324, 'a3': 2.9068883707496256} logZ_min= 2.250526651447938 obs_min= 1.5946831396142475e-32
params_new= {'a1': 0.4618802153517006, 'a2': 1.0954451150103324, 'a3': 2.9068883707496767} logZ_new= 2.2505217890241123 obs_new= 1.2334748613346875e-31
params_max= {'a1': 0.4618802153517006, 'a2': 1.0954451150103324, 'a3': 2.9068883707497273} logZ_max= nan obs_max= 1.1330336761488636e-32
dist_min= tensor(1.1041) dist_max= tensor(12965.9038)
params_min,params_max=params_new,params_max
evaluating model at params_new={'a1': 0.4618802153517006, 'a2': 1.0954451150103324, 'a3': 2.906888370749702}
params_min= {'a1': 0.4618802153517006, 'a2': 1.0954451150103324, 'a3': 2.9068883707496767} logZ_min= 2.2505217890241123 obs_min= 1.2334748613346875e-31
params_new= {'a1': 0.4618802153517006, 'a2': 1.0954451150103324, 'a3': 2.906888370749702} logZ_new= nan obs_new= 3.2762707491119214e-33
params_max= {'a1': 0.4618802153517006, 'a2': 1.0954451150103324, 'a3': 2.9068883707497273} logZ_max= nan obs_max= 1.1330336761488636e-32
dist_min= tensor(7.8005) dist_max= tensor(12958.1488)
params_min,params_max=params_new,params_max
evaluating model at params_new={'a1': 0.4618802153517006, 'a2': 1.0954451150103324, 'a3': 2.906888370749715}
params_min= {'a1': 0.4618802153517006, 'a2': 1.0954451150103324, 'a3': 2.906888370749702} logZ_min= nan obs_min= 3.2762707491119214e-33
params_new= {'a1': 0.4618802153517006, 'a2': 1.0954451150103324, 'a3': 2.906888370749715} logZ_new= 2.2505268249664443 obs_new= 4.368237015922739e-31
params_max= {'a1': 0.4618802153517006, 'a2': 1.0954451150103324, 'a3': 2.9068883707497273} logZ_max= nan obs_max= 1.1330336761488636e-32
dist_min= tensor(7.7857) dist_max= tensor(12965.9243)
params_min,params_max=params_new,params_max
evaluating model at params_new={'a1': 0.4618802153517006, 'a2': 1.0954451150103324, 'a3': 2.906888370749721}
params_min= {'a1': 0.4618802153517006, 'a2': 1.0954451150103324, 'a3': 2.906888370749715} logZ_min= 2.2505268249664443 obs_min= 4.368237015922739e-31
params_new= {'a1': 0.4618802153517006, 'a2': 1.0954451150103324, 'a3': 2.906888370749721} logZ_new= nan obs_new= 2.9793215498049247e-34
params_max= {'a1': 0.4618802153517006, 'a2': 1.0954451150103324, 'a3': 2.9068883707497273} logZ_max= nan obs_max= 1.1330336761488636e-32
dist_min= tensor(5.5696) dist_max= tensor(12960.5120)
params_min,params_max=params_new,params_max
evaluating model at params_new={'a1': 0.4618802153517006, 'a2': 1.0954451150103324, 'a3': 2.906888370749724}
params_min= {'a1': 0.4618802153517006, 'a2': 1.0954451150103324, 'a3': 2.906888370749721} logZ_min= nan obs_min= 2.9793215498049247e-34
params_new= {'a1': 0.4618802153517006, 'a2': 1.0954451150103324, 'a3': 2.906888370749724} logZ_new= nan obs_new= 2.3303060725258965e-33
params_max= {'a1': 0.4618802153517006, 'a2': 1.0954451150103324, 'a3': 2.9068883707497273} logZ_max= nan obs_max= 1.1330336761488636e-32
dist_min= tensor(85.1720) dist_max= tensor(12875.3524)
params_min,params_max=params_new,params_max
evaluating model at params_new={'a1': 0.4618802153517006, 'a2': 1.0954451150103324, 'a3': 2.9068883707497255}
params_min= {'a1': 0.4618802153517006, 'a2': 1.0954451150103324, 'a3': 2.906888370749724} logZ_min= nan obs_min= 2.3303060725258965e-33
params_new= {'a1': 0.4618802153517006, 'a2': 1.0954451150103324, 'a3': 2.9068883707497255} logZ_new= nan obs_new= 1.805248248863765e-32
params_max= {'a1': 0.4618802153517006, 'a2': 1.0954451150103324, 'a3': 2.9068883707497273} logZ_max= nan obs_max= 1.1330336761488636e-32
dist_min= tensor(90.7822) dist_max= tensor(12966.1233)
params_min,params_max=params_new,params_max
evaluating model at params_new={'a1': 0.4618802153517006, 'a2': 1.0954451150103324, 'a3': 2.9068883707497264}
params_min= {'a1': 0.4618802153517006, 'a2': 1.0954451150103324, 'a3': 2.9068883707497255} logZ_min= nan obs_min= 1.805248248863765e-32
params_new= {'a1': 0.4618802153517006, 'a2': 1.0954451150103324, 'a3': 2.9068883707497264} logZ_new= 2.250526866056654 obs_new= 1.3613798264936141e-32
params_max= {'a1': 0.4618802153517006, 'a2': 1.0954451150103324, 'a3': 2.9068883707497273} logZ_max= nan obs_max= 1.1330336761488636e-32
dist_min= tensor(65.8123) dist_max= tensor(12966.6886)
params_min,params_max=params_new,params_max
evaluating model at params_new={'a1': 0.4618802153517006, 'a2': 1.0954451150103324, 'a3': 2.906888370749727}
params_min= {'a1': 0.4618802153517006, 'a2': 1.0954451150103324, 'a3': 2.9068883707497264} logZ_min= 2.250526866056654 obs_min= 1.3613798264936141e-32
params_new= {'a1': 0.4618802153517006, 'a2': 1.0954451150103324, 'a3': 2.906888370749727} logZ_new= nan obs_new= 2.1345282617892243e-33
params_max= {'a1': 0.4618802153517006, 'a2': 1.0954451150103324, 'a3': 2.9068883707497273} logZ_max= nan obs_max= 1.1330336761488636e-32
dist_min= tensor(65.8300) dist_max= tensor(12965.4672)
params_min,params_max=params_new,params_max
critical params found:  {'a1': 0.4618802153517006, 'a2': 1.0954451150103324, 'a3': 2.9068883707497273}
reference params:  {'a1': 1.1547005383792515, 'a2': 1.8257418583505538, 'a3': 4.47213595499958}
file saved to  data/AKLT3D_X10_scan_grid_critical_a3/a1_0.4618802_a2_1.0954451/Tc.json
