Start running find_critical_temp.py with options:{'filename': 'data/AKLT3D_X10_scan_grid_critical_a3/a1_0.4618802_a2_2.5560386/Tc.json', 'log_filename': 'data/AKLT3D_X10_scan_grid_critical_a3/a1_0.4618802_a2_2.5560386/Tc.log', 'nLayers': 60, 'max_dim': 10, 'model': 'AKLT3D', 'params_min': "{'a1': 0.4618802153517006, 'a2': 2.5560386016907755, 'a3': 1.788854381999832}", 'params_max': "{'a1': 0.4618802153517006, 'a2': 2.5560386016907755, 'a3': 2.683281572999748}", 'params_ref': None, 'observable_name': 'magnetizationZ', 'tol': 0.0, 'gilt_enabled': False, 'gilt_eps': 8e-07, 'gilt_nIter': 1, 'mcf_enabled': True, 'mcf_eps': 1e-16, 'mcf_max_iter': 200, 'hotrg_sanity_check': False, 'version': 1, 'device': 'cuda:1'}
loading library...
evaluating model at params_min={'a1': 0.4618802153517006, 'a2': 2.5560386016907755, 'a3': 1.788854381999832}
params_min= {'a1': 0.4618802153517006, 'a2': 2.5560386016907755, 'a3': 1.788854381999832} logZ_min= 2.8745374336758505 obs_min= 6.178873231629028e-27
evaluating model at params_max={'a1': 0.4618802153517006, 'a2': 2.5560386016907755, 'a3': 2.683281572999748}
params_max= {'a1': 0.4618802153517006, 'a2': 2.5560386016907755, 'a3': 2.683281572999748} logZ_max= 2.925273244264477 obs_max= 2.030648514833708
searching for critical temperature using bisection method
evaluating model at params_new={'a1': 0.4618802153517006, 'a2': 2.5560386016907755, 'a3': 2.23606797749979}
params_min= {'a1': 0.4618802153517006, 'a2': 2.5560386016907755, 'a3': 1.788854381999832} logZ_min= 2.8745374336758505 obs_min= 6.178873231629028e-27
params_new= {'a1': 0.4618802153517006, 'a2': 2.5560386016907755, 'a3': 2.23606797749979} logZ_new= 2.9006544308516697 obs_new= 0.7962989234679829
params_max= {'a1': 0.4618802153517006, 'a2': 2.5560386016907755, 'a3': 2.683281572999748} logZ_max= 2.925273244264477 obs_max= 2.030648514833708
dist_min= tensor(62449.0291) dist_max= tensor(62432.5386)
params_min,params_max=params_min,params_new
evaluating model at params_new={'a1': 0.4618802153517006, 'a2': 2.5560386016907755, 'a3': 2.0124611797498106}
params_min= {'a1': 0.4618802153517006, 'a2': 2.5560386016907755, 'a3': 1.788854381999832} logZ_min= 2.8745374336758505 obs_min= 6.178873231629028e-27
params_new= {'a1': 0.4618802153517006, 'a2': 2.5560386016907755, 'a3': 2.0124611797498106} logZ_new= 2.891202162133439 obs_new= 0.2791025593334
params_max= {'a1': 0.4618802153517006, 'a2': 2.5560386016907755, 'a3': 2.23606797749979} logZ_max= 2.9006544308516697 obs_max= 0.7962989234679829
dist_min= tensor(3406.8341) dist_max= tensor(62512.2078)
params_min,params_max=params_new,params_max
evaluating model at params_new={'a1': 0.4618802153517006, 'a2': 2.5560386016907755, 'a3': 2.1242645786248002}
params_min= {'a1': 0.4618802153517006, 'a2': 2.5560386016907755, 'a3': 2.0124611797498106} logZ_min= 2.891202162133439 obs_min= 0.2791025593334
params_new= {'a1': 0.4618802153517006, 'a2': 2.5560386016907755, 'a3': 2.1242645786248002} logZ_new= 2.8953171432059714 obs_new= 0.5321642579722612
params_max= {'a1': 0.4618802153517006, 'a2': 2.5560386016907755, 'a3': 2.23606797749979} logZ_max= 2.9006544308516697 obs_max= 0.7962989234679829
dist_min= tensor(3121.2866) dist_max= tensor(62433.5354)
params_min,params_max=params_new,params_max
evaluating model at params_new={'a1': 0.4618802153517006, 'a2': 2.5560386016907755, 'a3': 2.180166278062295}
params_min= {'a1': 0.4618802153517006, 'a2': 2.5560386016907755, 'a3': 2.1242645786248002} logZ_min= 2.8953171432059714 obs_min= 0.5321642579722612
params_new= {'a1': 0.4618802153517006, 'a2': 2.5560386016907755, 'a3': 2.180166278062295} logZ_new= 2.8983502265181524 obs_new= 0.6672478484882933
params_max= {'a1': 0.4618802153517006, 'a2': 2.5560386016907755, 'a3': 2.23606797749979} logZ_max= 2.9006544308516697 obs_max= 0.7962989234679829
dist_min= tensor(1.7297) dist_max= tensor(62434.0609)
params_min,params_max=params_new,params_max
evaluating model at params_new={'a1': 0.4618802153517006, 'a2': 2.5560386016907755, 'a3': 2.2081171277810423}
params_min= {'a1': 0.4618802153517006, 'a2': 2.5560386016907755, 'a3': 2.180166278062295} logZ_min= 2.8983502265181524 obs_min= 0.6672478484882933
params_new= {'a1': 0.4618802153517006, 'a2': 2.5560386016907755, 'a3': 2.2081171277810423} logZ_new= 2.8996081127894064 obs_new= 0.7413406463128804
params_max= {'a1': 0.4618802153517006, 'a2': 2.5560386016907755, 'a3': 2.23606797749979} logZ_max= 2.9006544308516697 obs_max= 0.7962989234679829
dist_min= tensor(6356.4857) dist_max= tensor(62756.0197)
params_min,params_max=params_new,params_max
evaluating model at params_new={'a1': 0.4618802153517006, 'a2': 2.5560386016907755, 'a3': 2.222092552640416}
params_min= {'a1': 0.4618802153517006, 'a2': 2.5560386016907755, 'a3': 2.2081171277810423} logZ_min= 2.8996081127894064 obs_min= 0.7413406463128804
params_new= {'a1': 0.4618802153517006, 'a2': 2.5560386016907755, 'a3': 2.222092552640416} logZ_new= 2.8999887631890124 obs_new= 0.759131729991793
params_max= {'a1': 0.4618802153517006, 'a2': 2.5560386016907755, 'a3': 2.23606797749979} logZ_max= 2.9006544308516697 obs_max= 0.7962989234679829
dist_min= tensor(6356.4809) dist_max= tensor(62433.4135)
params_min,params_max=params_new,params_max
evaluating model at params_new={'a1': 0.4618802153517006, 'a2': 2.5560386016907755, 'a3': 2.229080265070103}
params_min= {'a1': 0.4618802153517006, 'a2': 2.5560386016907755, 'a3': 2.222092552640416} logZ_min= 2.8999887631890124 obs_min= 0.759131729991793
params_new= {'a1': 0.4618802153517006, 'a2': 2.5560386016907755, 'a3': 2.229080265070103} logZ_new= 2.9007281013938044 obs_new= 0.7833483123423642
params_max= {'a1': 0.4618802153517006, 'a2': 2.5560386016907755, 'a3': 2.23606797749979} logZ_max= 2.9006544308516697 obs_max= 0.7962989234679829
dist_min= tensor(0.6002) dist_max= tensor(62433.5866)
params_min,params_max=params_new,params_max
evaluating model at params_new={'a1': 0.4618802153517006, 'a2': 2.5560386016907755, 'a3': 2.232574121284946}
params_min= {'a1': 0.4618802153517006, 'a2': 2.5560386016907755, 'a3': 2.229080265070103} logZ_min= 2.9007281013938044 obs_min= 0.7833483123423642
params_new= {'a1': 0.4618802153517006, 'a2': 2.5560386016907755, 'a3': 2.232574121284946} logZ_new= 2.9008377054295553 obs_new= 0.7981576547426626
params_max= {'a1': 0.4618802153517006, 'a2': 2.5560386016907755, 'a3': 2.23606797749979} logZ_max= 2.9006544308516697 obs_max= 0.7962989234679829
dist_min= tensor(8.9950) dist_max= tensor(62433.3856)
params_min,params_max=params_new,params_max
evaluating model at params_new={'a1': 0.4618802153517006, 'a2': 2.5560386016907755, 'a3': 2.234321049392368}
params_min= {'a1': 0.4618802153517006, 'a2': 2.5560386016907755, 'a3': 2.232574121284946} logZ_min= 2.9008377054295553 obs_min= 0.7981576547426626
params_new= {'a1': 0.4618802153517006, 'a2': 2.5560386016907755, 'a3': 2.234321049392368} logZ_new= 2.9010357092524637 obs_new= 0.7946279114873608
params_max= {'a1': 0.4618802153517006, 'a2': 2.5560386016907755, 'a3': 2.23606797749979} logZ_max= 2.9006544308516697 obs_max= 0.7962989234679829
dist_min= tensor(8.4745) dist_max= tensor(62434.0454)
params_min,params_max=params_new,params_max
evaluating model at params_new={'a1': 0.4618802153517006, 'a2': 2.5560386016907755, 'a3': 2.235194513446079}
params_min= {'a1': 0.4618802153517006, 'a2': 2.5560386016907755, 'a3': 2.234321049392368} logZ_min= 2.9010357092524637 obs_min= 0.7946279114873608
params_new= {'a1': 0.4618802153517006, 'a2': 2.5560386016907755, 'a3': 2.235194513446079} logZ_new= nan obs_new= 0.8036900755322847
params_max= {'a1': 0.4618802153517006, 'a2': 2.5560386016907755, 'a3': 2.23606797749979} logZ_max= 2.9006544308516697 obs_max= 0.7962989234679829
dist_min= tensor(21.1544) dist_max= tensor(62433.2095)
params_min,params_max=params_new,params_max
evaluating model at params_new={'a1': 0.4618802153517006, 'a2': 2.5560386016907755, 'a3': 2.235631245472934}
params_min= {'a1': 0.4618802153517006, 'a2': 2.5560386016907755, 'a3': 2.235194513446079} logZ_min= nan obs_min= 0.8036900755322847
params_new= {'a1': 0.4618802153517006, 'a2': 2.5560386016907755, 'a3': 2.235631245472934} logZ_new= nan obs_new= 0.8070112810790919
params_max= {'a1': 0.4618802153517006, 'a2': 2.5560386016907755, 'a3': 2.23606797749979} logZ_max= 2.9006544308516697 obs_max= 0.7962989234679829
dist_min= tensor(141.6584) dist_max= tensor(62433.0517)
params_min,params_max=params_new,params_max
evaluating model at params_new={'a1': 0.4618802153517006, 'a2': 2.5560386016907755, 'a3': 2.235849611486362}
params_min= {'a1': 0.4618802153517006, 'a2': 2.5560386016907755, 'a3': 2.235631245472934} logZ_min= nan obs_min= 0.8070112810790919
params_new= {'a1': 0.4618802153517006, 'a2': 2.5560386016907755, 'a3': 2.235849611486362} logZ_new= 2.901031558386889 obs_new= 0.8008441228468707
params_max= {'a1': 0.4618802153517006, 'a2': 2.5560386016907755, 'a3': 2.23606797749979} logZ_max= 2.9006544308516697 obs_max= 0.7962989234679829
dist_min= tensor(140.2673) dist_max= tensor(62433.8473)
params_min,params_max=params_new,params_max
evaluating model at params_new={'a1': 0.4618802153517006, 'a2': 2.5560386016907755, 'a3': 2.235958794493076}
params_min= {'a1': 0.4618802153517006, 'a2': 2.5560386016907755, 'a3': 2.235849611486362} logZ_min= 2.901031558386889 obs_min= 0.8008441228468707
params_new= {'a1': 0.4618802153517006, 'a2': 2.5560386016907755, 'a3': 2.235958794493076} logZ_new= nan obs_new= 0.8055326804386501
params_max= {'a1': 0.4618802153517006, 'a2': 2.5560386016907755, 'a3': 2.23606797749979} logZ_max= 2.9006544308516697 obs_max= 0.7962989234679829
dist_min= tensor(4.7722) dist_max= tensor(62433.2499)
params_min,params_max=params_new,params_max
evaluating model at params_new={'a1': 0.4618802153517006, 'a2': 2.5560386016907755, 'a3': 2.236013385996433}
params_min= {'a1': 0.4618802153517006, 'a2': 2.5560386016907755, 'a3': 2.235958794493076} logZ_min= nan obs_min= 0.8055326804386501
params_new= {'a1': 0.4618802153517006, 'a2': 2.5560386016907755, 'a3': 2.236013385996433} logZ_new= 2.9009945552655827 obs_new= 0.7924339712366433
params_max= {'a1': 0.4618802153517006, 'a2': 2.5560386016907755, 'a3': 2.23606797749979} logZ_max= 2.9006544308516697 obs_max= 0.7962989234679829
dist_min= tensor(448.4986) dist_max= tensor(62435.0594)
params_min,params_max=params_new,params_max
evaluating model at params_new={'a1': 0.4618802153517006, 'a2': 2.5560386016907755, 'a3': 2.2360406817481113}
params_min= {'a1': 0.4618802153517006, 'a2': 2.5560386016907755, 'a3': 2.236013385996433} logZ_min= 2.9009945552655827 obs_min= 0.7924339712366433
params_new= {'a1': 0.4618802153517006, 'a2': 2.5560386016907755, 'a3': 2.2360406817481113} logZ_new= 2.901043670092892 obs_new= 0.8041579328496946
params_max= {'a1': 0.4618802153517006, 'a2': 2.5560386016907755, 'a3': 2.23606797749979} logZ_max= 2.9006544308516697 obs_max= 0.7962989234679829
dist_min= tensor(448.5551) dist_max= tensor(62434.0831)
params_min,params_max=params_new,params_max
evaluating model at params_new={'a1': 0.4618802153517006, 'a2': 2.5560386016907755, 'a3': 2.2360543296239506}
params_min= {'a1': 0.4618802153517006, 'a2': 2.5560386016907755, 'a3': 2.2360406817481113} logZ_min= 2.901043670092892 obs_min= 0.8041579328496946
params_new= {'a1': 0.4618802153517006, 'a2': 2.5560386016907755, 'a3': 2.2360543296239506} logZ_new= 2.9011258046403836 obs_new= 0.7988161184494023
params_max= {'a1': 0.4618802153517006, 'a2': 2.5560386016907755, 'a3': 2.23606797749979} logZ_max= 2.9006544308516697 obs_max= 0.7962989234679829
dist_min= tensor(1.8457) dist_max= tensor(62433.4086)
params_min,params_max=params_new,params_max
evaluating model at params_new={'a1': 0.4618802153517006, 'a2': 2.5560386016907755, 'a3': 2.23606115356187}
params_min= {'a1': 0.4618802153517006, 'a2': 2.5560386016907755, 'a3': 2.2360543296239506} logZ_min= 2.9011258046403836 obs_min= 0.7988161184494023
params_new= {'a1': 0.4618802153517006, 'a2': 2.5560386016907755, 'a3': 2.23606115356187} logZ_new= nan obs_new= 0.8059461301722524
params_max= {'a1': 0.4618802153517006, 'a2': 2.5560386016907755, 'a3': 2.23606797749979} logZ_max= 2.9006544308516697 obs_max= 0.7962989234679829
dist_min= tensor(869.4400) dist_max= tensor(62439.9745)
params_min,params_max=params_new,params_max
evaluating model at params_new={'a1': 0.4618802153517006, 'a2': 2.5560386016907755, 'a3': 2.23606456553083}
params_min= {'a1': 0.4618802153517006, 'a2': 2.5560386016907755, 'a3': 2.23606115356187} logZ_min= nan obs_min= 0.8059461301722524
params_new= {'a1': 0.4618802153517006, 'a2': 2.5560386016907755, 'a3': 2.23606456553083} logZ_new= 2.901022555702001 obs_new= 0.8054820449312088
params_max= {'a1': 0.4618802153517006, 'a2': 2.5560386016907755, 'a3': 2.23606797749979} logZ_max= 2.9006544308516697 obs_max= 0.7962989234679829
dist_min= tensor(1058.8457) dist_max= tensor(62435.2607)
params_min,params_max=params_new,params_max
evaluating model at params_new={'a1': 0.4618802153517006, 'a2': 2.5560386016907755, 'a3': 2.23606627151531}
params_min= {'a1': 0.4618802153517006, 'a2': 2.5560386016907755, 'a3': 2.23606456553083} logZ_min= 2.901022555702001 obs_min= 0.8054820449312088
params_new= {'a1': 0.4618802153517006, 'a2': 2.5560386016907755, 'a3': 2.23606627151531} logZ_new= 2.9010134234360816 obs_new= 0.8059715844271612
params_max= {'a1': 0.4618802153517006, 'a2': 2.5560386016907755, 'a3': 2.23606797749979} logZ_max= 2.9006544308516697 obs_max= 0.7962989234679829
dist_min= tensor(604.7476) dist_max= tensor(62434.2095)
params_min,params_max=params_new,params_max
evaluating model at params_new={'a1': 0.4618802153517006, 'a2': 2.5560386016907755, 'a3': 2.23606712450755}
params_min= {'a1': 0.4618802153517006, 'a2': 2.5560386016907755, 'a3': 2.23606627151531} logZ_min= 2.9010134234360816 obs_min= 0.8059715844271612
params_new= {'a1': 0.4618802153517006, 'a2': 2.5560386016907755, 'a3': 2.23606712450755} logZ_new= 2.90111011729122 obs_new= 0.7990268947101282
params_max= {'a1': 0.4618802153517006, 'a2': 2.5560386016907755, 'a3': 2.23606797749979} logZ_max= 2.9006544308516697 obs_max= 0.7962989234679829
dist_min= tensor(25.9581) dist_max= tensor(62433.4088)
params_min,params_max=params_new,params_max
evaluating model at params_new={'a1': 0.4618802153517006, 'a2': 2.5560386016907755, 'a3': 2.2360675510036696}
params_min= {'a1': 0.4618802153517006, 'a2': 2.5560386016907755, 'a3': 2.23606712450755} logZ_min= 2.90111011729122 obs_min= 0.7990268947101282
params_new= {'a1': 0.4618802153517006, 'a2': 2.5560386016907755, 'a3': 2.2360675510036696} logZ_new= 2.9012189452755455 obs_new= 0.7813242632251525
params_max= {'a1': 0.4618802153517006, 'a2': 2.5560386016907755, 'a3': 2.23606797749979} logZ_max= 2.9006544308516697 obs_max= 0.7962989234679829
dist_min= tensor(1.4240) dist_max= tensor(62434.1510)
params_min,params_max=params_new,params_max
evaluating model at params_new={'a1': 0.4618802153517006, 'a2': 2.5560386016907755, 'a3': 2.2360677642517297}
params_min= {'a1': 0.4618802153517006, 'a2': 2.5560386016907755, 'a3': 2.2360675510036696} logZ_min= 2.9012189452755455 obs_min= 0.7813242632251525
params_new= {'a1': 0.4618802153517006, 'a2': 2.5560386016907755, 'a3': 2.2360677642517297} logZ_new= nan obs_new= 0.8056909678303252
params_max= {'a1': 0.4618802153517006, 'a2': 2.5560386016907755, 'a3': 2.23606797749979} logZ_max= 2.9006544308516697 obs_max= 0.7962989234679829
dist_min= tensor(22.0202) dist_max= tensor(62434.1603)
params_min,params_max=params_new,params_max
evaluating model at params_new={'a1': 0.4618802153517006, 'a2': 2.5560386016907755, 'a3': 2.2360678708757598}
params_min= {'a1': 0.4618802153517006, 'a2': 2.5560386016907755, 'a3': 2.2360677642517297} logZ_min= nan obs_min= 0.8056909678303252
params_new= {'a1': 0.4618802153517006, 'a2': 2.5560386016907755, 'a3': 2.2360678708757598} logZ_new= nan obs_new= 0.8056995362713433
params_max= {'a1': 0.4618802153517006, 'a2': 2.5560386016907755, 'a3': 2.23606797749979} logZ_max= 2.9006544308516697 obs_max= 0.7962989234679829
dist_min= tensor(27.1330) dist_max= tensor(62434.1242)
params_min,params_max=params_new,params_max
evaluating model at params_new={'a1': 0.4618802153517006, 'a2': 2.5560386016907755, 'a3': 2.2360679241877746}
params_min= {'a1': 0.4618802153517006, 'a2': 2.5560386016907755, 'a3': 2.2360678708757598} logZ_min= nan obs_min= 0.8056995362713433
params_new= {'a1': 0.4618802153517006, 'a2': 2.5560386016907755, 'a3': 2.2360679241877746} logZ_new= 2.90111157342747 obs_new= 0.7993530004416726
params_max= {'a1': 0.4618802153517006, 'a2': 2.5560386016907755, 'a3': 2.23606797749979} logZ_max= 2.9006544308516697 obs_max= 0.7962989234679829
dist_min= tensor(16.5298) dist_max= tensor(62434.2035)
params_min,params_max=params_new,params_max
evaluating model at params_new={'a1': 0.4618802153517006, 'a2': 2.5560386016907755, 'a3': 2.236067950843782}
params_min= {'a1': 0.4618802153517006, 'a2': 2.5560386016907755, 'a3': 2.2360679241877746} logZ_min= 2.90111157342747 obs_min= 0.7993530004416726
params_new= {'a1': 0.4618802153517006, 'a2': 2.5560386016907755, 'a3': 2.236067950843782} logZ_new= 2.901128413186311 obs_new= 0.7987036496962494
params_max= {'a1': 0.4618802153517006, 'a2': 2.5560386016907755, 'a3': 2.23606797749979} logZ_max= 2.9006544308516697 obs_max= 0.7962989234679829
dist_min= tensor(1.8336) dist_max= tensor(62433.4100)
params_min,params_max=params_new,params_max
evaluating model at params_new={'a1': 0.4618802153517006, 'a2': 2.5560386016907755, 'a3': 2.236067964171786}
params_min= {'a1': 0.4618802153517006, 'a2': 2.5560386016907755, 'a3': 2.236067950843782} logZ_min= 2.901128413186311 obs_min= 0.7987036496962494
params_new= {'a1': 0.4618802153517006, 'a2': 2.5560386016907755, 'a3': 2.236067964171786} logZ_new= nan obs_new= 0.8066237911214149
params_max= {'a1': 0.4618802153517006, 'a2': 2.5560386016907755, 'a3': 2.23606797749979} logZ_max= 2.9006544308516697 obs_max= 0.7962989234679829
dist_min= tensor(62.8510) dist_max= tensor(62411.6963)
params_min,params_max=params_new,params_max
evaluating model at params_new={'a1': 0.4618802153517006, 'a2': 2.5560386016907755, 'a3': 2.236067970835788}
params_min= {'a1': 0.4618802153517006, 'a2': 2.5560386016907755, 'a3': 2.236067964171786} logZ_min= nan obs_min= 0.8066237911214149
params_new= {'a1': 0.4618802153517006, 'a2': 2.5560386016907755, 'a3': 2.236067970835788} logZ_new= 2.90101467861135 obs_new= 0.8056257531910521
params_max= {'a1': 0.4618802153517006, 'a2': 2.5560386016907755, 'a3': 2.23606797749979} logZ_max= 2.9006544308516697 obs_max= 0.7962989234679829
dist_min= tensor(67.3525) dist_max= tensor(62431.9843)
params_min,params_max=params_new,params_max
evaluating model at params_new={'a1': 0.4618802153517006, 'a2': 2.5560386016907755, 'a3': 2.236067974167789}
params_min= {'a1': 0.4618802153517006, 'a2': 2.5560386016907755, 'a3': 2.236067970835788} logZ_min= 2.90101467861135 obs_min= 0.8056257531910521
params_new= {'a1': 0.4618802153517006, 'a2': 2.5560386016907755, 'a3': 2.236067974167789} logZ_new= 2.896392991535531 obs_new= 0.8656352679721208
params_max= {'a1': 0.4618802153517006, 'a2': 2.5560386016907755, 'a3': 2.23606797749979} logZ_max= 2.9006544308516697 obs_max= 0.7962989234679829
dist_min= tensor(24.5229) dist_max= tensor(62433.9559)
params_min,params_max=params_new,params_max
evaluating model at params_new={'a1': 0.4618802153517006, 'a2': 2.5560386016907755, 'a3': 2.236067975833789}
params_min= {'a1': 0.4618802153517006, 'a2': 2.5560386016907755, 'a3': 2.236067974167789} logZ_min= 2.896392991535531 obs_min= 0.8656352679721208
params_new= {'a1': 0.4618802153517006, 'a2': 2.5560386016907755, 'a3': 2.236067975833789} logZ_new= 2.897701379835463 obs_new= 0.8248591423438923
params_max= {'a1': 0.4618802153517006, 'a2': 2.5560386016907755, 'a3': 2.23606797749979} logZ_max= 2.9006544308516697 obs_max= 0.7962989234679829
dist_min= tensor(1.4544) dist_max= tensor(62434.2688)
params_min,params_max=params_new,params_max
evaluating model at params_new={'a1': 0.4618802153517006, 'a2': 2.5560386016907755, 'a3': 2.2360679766667895}
params_min= {'a1': 0.4618802153517006, 'a2': 2.5560386016907755, 'a3': 2.236067975833789} logZ_min= 2.897701379835463 obs_min= 0.8248591423438923
params_new= {'a1': 0.4618802153517006, 'a2': 2.5560386016907755, 'a3': 2.2360679766667895} logZ_new= 2.901019741727374 obs_new= 0.8079746625205385
params_max= {'a1': 0.4618802153517006, 'a2': 2.5560386016907755, 'a3': 2.23606797749979} logZ_max= 2.9006544308516697 obs_max= 0.7962989234679829
dist_min= tensor(0.2549) dist_max= tensor(62434.2025)
params_min,params_max=params_new,params_max
evaluating model at params_new={'a1': 0.4618802153517006, 'a2': 2.5560386016907755, 'a3': 2.2360679770832896}
params_min= {'a1': 0.4618802153517006, 'a2': 2.5560386016907755, 'a3': 2.2360679766667895} logZ_min= 2.901019741727374 obs_min= 0.8079746625205385
params_new= {'a1': 0.4618802153517006, 'a2': 2.5560386016907755, 'a3': 2.2360679770832896} logZ_new= nan obs_new= 0.8054650958608317
params_max= {'a1': 0.4618802153517006, 'a2': 2.5560386016907755, 'a3': 2.23606797749979} logZ_max= 2.9006544308516697 obs_max= 0.7962989234679829
dist_min= tensor(87.3094) dist_max= tensor(62419.3424)
params_min,params_max=params_new,params_max
evaluating model at params_new={'a1': 0.4618802153517006, 'a2': 2.5560386016907755, 'a3': 2.2360679772915395}
params_min= {'a1': 0.4618802153517006, 'a2': 2.5560386016907755, 'a3': 2.2360679770832896} logZ_min= nan obs_min= 0.8054650958608317
params_new= {'a1': 0.4618802153517006, 'a2': 2.5560386016907755, 'a3': 2.2360679772915395} logZ_new= nan obs_new= 0.8080840175785468
params_max= {'a1': 0.4618802153517006, 'a2': 2.5560386016907755, 'a3': 2.23606797749979} logZ_max= 2.9006544308516697 obs_max= 0.7962989234679829
dist_min= tensor(238.9834) dist_max= tensor(62433.8995)
params_min,params_max=params_new,params_max
evaluating model at params_new={'a1': 0.4618802153517006, 'a2': 2.5560386016907755, 'a3': 2.2360679773956647}
params_min= {'a1': 0.4618802153517006, 'a2': 2.5560386016907755, 'a3': 2.2360679772915395} logZ_min= nan obs_min= 0.8080840175785468
params_new= {'a1': 0.4618802153517006, 'a2': 2.5560386016907755, 'a3': 2.2360679773956647} logZ_new= 2.9010190176580104 obs_new= 0.8055358485549501
params_max= {'a1': 0.4618802153517006, 'a2': 2.5560386016907755, 'a3': 2.23606797749979} logZ_max= 2.9006544308516697 obs_max= 0.7962989234679829
dist_min= tensor(18690.6877) dist_max= tensor(43746.1868)
params_min,params_max=params_new,params_max
evaluating model at params_new={'a1': 0.4618802153517006, 'a2': 2.5560386016907755, 'a3': 2.2360679774477275}
params_min= {'a1': 0.4618802153517006, 'a2': 2.5560386016907755, 'a3': 2.2360679773956647} logZ_min= 2.9010190176580104 obs_min= 0.8055358485549501
params_new= {'a1': 0.4618802153517006, 'a2': 2.5560386016907755, 'a3': 2.2360679774477275} logZ_new= nan obs_new= 0.8065860292555056
params_max= {'a1': 0.4618802153517006, 'a2': 2.5560386016907755, 'a3': 2.23606797749979} logZ_max= 2.9006544308516697 obs_max= 0.7962989234679829
dist_min= tensor(18690.2435) dist_max= tensor(62433.8996)
params_min,params_max=params_new,params_max
evaluating model at params_new={'a1': 0.4618802153517006, 'a2': 2.5560386016907755, 'a3': 2.2360679774737586}
params_min= {'a1': 0.4618802153517006, 'a2': 2.5560386016907755, 'a3': 2.2360679774477275} logZ_min= nan obs_min= 0.8065860292555056
params_new= {'a1': 0.4618802153517006, 'a2': 2.5560386016907755, 'a3': 2.2360679774737586} logZ_new= 2.901128772995336 obs_new= 0.7986410840022289
params_max= {'a1': 0.4618802153517006, 'a2': 2.5560386016907755, 'a3': 2.23606797749979} logZ_max= 2.9006544308516697 obs_max= 0.7962989234679829
dist_min= tensor(101.1903) dist_max= tensor(62434.0549)
params_min,params_max=params_new,params_max
evaluating model at params_new={'a1': 0.4618802153517006, 'a2': 2.5560386016907755, 'a3': 2.2360679774867744}
params_min= {'a1': 0.4618802153517006, 'a2': 2.5560386016907755, 'a3': 2.2360679774737586} logZ_min= 2.901128772995336 obs_min= 0.7986410840022289
params_new= {'a1': 0.4618802153517006, 'a2': 2.5560386016907755, 'a3': 2.2360679774867744} logZ_new= nan obs_new= 0.805506954029278
params_max= {'a1': 0.4618802153517006, 'a2': 2.5560386016907755, 'a3': 2.23606797749979} logZ_max= 2.9006544308516697 obs_max= 0.7962989234679829
dist_min= tensor(17.7398) dist_max= tensor(62433.9754)
params_min,params_max=params_new,params_max
evaluating model at params_new={'a1': 0.4618802153517006, 'a2': 2.5560386016907755, 'a3': 2.236067977493282}
params_min= {'a1': 0.4618802153517006, 'a2': 2.5560386016907755, 'a3': 2.2360679774867744} logZ_min= nan obs_min= 0.805506954029278
params_new= {'a1': 0.4618802153517006, 'a2': 2.5560386016907755, 'a3': 2.236067977493282} logZ_new= 2.9010088465326933 obs_new= 0.8073892251330562
params_max= {'a1': 0.4618802153517006, 'a2': 2.5560386016907755, 'a3': 2.23606797749979} logZ_max= 2.9006544308516697 obs_max= 0.7962989234679829
dist_min= tensor(98.5511) dist_max= tensor(62428.1437)
params_min,params_max=params_new,params_max
evaluating model at params_new={'a1': 0.4618802153517006, 'a2': 2.5560386016907755, 'a3': 2.236067977496536}
params_min= {'a1': 0.4618802153517006, 'a2': 2.5560386016907755, 'a3': 2.236067977493282} logZ_min= 2.9010088465326933 obs_min= 0.8073892251330562
params_new= {'a1': 0.4618802153517006, 'a2': 2.5560386016907755, 'a3': 2.236067977496536} logZ_new= nan obs_new= 0.8070630226914619
params_max= {'a1': 0.4618802153517006, 'a2': 2.5560386016907755, 'a3': 2.23606797749979} logZ_max= 2.9006544308516697 obs_max= 0.7962989234679829
dist_min= tensor(105.2747) dist_max= tensor(62434.0878)
params_min,params_max=params_new,params_max
evaluating model at params_new={'a1': 0.4618802153517006, 'a2': 2.5560386016907755, 'a3': 2.2360679774981627}
params_min= {'a1': 0.4618802153517006, 'a2': 2.5560386016907755, 'a3': 2.236067977496536} logZ_min= nan obs_min= 0.8070630226914619
params_new= {'a1': 0.4618802153517006, 'a2': 2.5560386016907755, 'a3': 2.2360679774981627} logZ_new= nan obs_new= 0.8075892103776906
params_max= {'a1': 0.4618802153517006, 'a2': 2.5560386016907755, 'a3': 2.23606797749979} logZ_max= 2.9006544308516697 obs_max= 0.7962989234679829
dist_min= tensor(523.9448) dist_max= tensor(62436.2960)
params_min,params_max=params_new,params_max
evaluating model at params_new={'a1': 0.4618802153517006, 'a2': 2.5560386016907755, 'a3': 2.2360679774989762}
params_min= {'a1': 0.4618802153517006, 'a2': 2.5560386016907755, 'a3': 2.2360679774981627} logZ_min= nan obs_min= 0.8075892103776906
params_new= {'a1': 0.4618802153517006, 'a2': 2.5560386016907755, 'a3': 2.2360679774989762} logZ_new= 2.895376891994782 obs_new= 0.8766811530758895
params_max= {'a1': 0.4618802153517006, 'a2': 2.5560386016907755, 'a3': 2.23606797749979} logZ_max= 2.9006544308516697 obs_max= 0.7962989234679829
dist_min= tensor(522.9603) dist_max= tensor(62434.0558)
params_min,params_max=params_new,params_max
evaluating model at params_new={'a1': 0.4618802153517006, 'a2': 2.5560386016907755, 'a3': 2.236067977499383}
params_min= {'a1': 0.4618802153517006, 'a2': 2.5560386016907755, 'a3': 2.2360679774989762} logZ_min= 2.895376891994782 obs_min= 0.8766811530758895
params_new= {'a1': 0.4618802153517006, 'a2': 2.5560386016907755, 'a3': 2.236067977499383} logZ_new= 2.901128395056031 obs_new= 0.7986505030453753
params_max= {'a1': 0.4618802153517006, 'a2': 2.5560386016907755, 'a3': 2.23606797749979} logZ_max= 2.9006544308516697 obs_max= 0.7962989234679829
dist_min= tensor(0.5475) dist_max= tensor(62434.0542)
params_min,params_max=params_new,params_max
evaluating model at params_new={'a1': 0.4618802153517006, 'a2': 2.5560386016907755, 'a3': 2.2360679774995864}
params_min= {'a1': 0.4618802153517006, 'a2': 2.5560386016907755, 'a3': 2.236067977499383} logZ_min= 2.901128395056031 obs_min= 0.7986505030453753
params_new= {'a1': 0.4618802153517006, 'a2': 2.5560386016907755, 'a3': 2.2360679774995864} logZ_new= nan obs_new= 0.7913449159961485
params_max= {'a1': 0.4618802153517006, 'a2': 2.5560386016907755, 'a3': 2.23606797749979} logZ_max= 2.9006544308516697 obs_max= 0.7962989234679829
dist_min= tensor(19.0110) dist_max= tensor(62433.7884)
params_min,params_max=params_new,params_max
evaluating model at params_new={'a1': 0.4618802153517006, 'a2': 2.5560386016907755, 'a3': 2.236067977499688}
params_min= {'a1': 0.4618802153517006, 'a2': 2.5560386016907755, 'a3': 2.2360679774995864} logZ_min= nan obs_min= 0.7913449159961485
params_new= {'a1': 0.4618802153517006, 'a2': 2.5560386016907755, 'a3': 2.236067977499688} logZ_new= nan obs_new= 0.8083247708584969
params_max= {'a1': 0.4618802153517006, 'a2': 2.5560386016907755, 'a3': 2.23606797749979} logZ_max= 2.9006544308516697 obs_max= 0.7962989234679829
dist_min= tensor(273.5866) dist_max= tensor(62393.8049)
params_min,params_max=params_new,params_max
evaluating model at params_new={'a1': 0.4618802153517006, 'a2': 2.5560386016907755, 'a3': 2.236067977499739}
params_min= {'a1': 0.4618802153517006, 'a2': 2.5560386016907755, 'a3': 2.236067977499688} logZ_min= nan obs_min= 0.8083247708584969
params_new= {'a1': 0.4618802153517006, 'a2': 2.5560386016907755, 'a3': 2.236067977499739} logZ_new= nan obs_new= 0.8061022597556107
params_max= {'a1': 0.4618802153517006, 'a2': 2.5560386016907755, 'a3': 2.23606797749979} logZ_max= 2.9006544308516697 obs_max= 0.7962989234679829
dist_min= tensor(692.9763) dist_max= tensor(62436.2822)
params_min,params_max=params_new,params_max
evaluating model at params_new={'a1': 0.4618802153517006, 'a2': 2.5560386016907755, 'a3': 2.2360679774997645}
params_min= {'a1': 0.4618802153517006, 'a2': 2.5560386016907755, 'a3': 2.236067977499739} logZ_min= nan obs_min= 0.8061022597556107
params_new= {'a1': 0.4618802153517006, 'a2': 2.5560386016907755, 'a3': 2.2360679774997645} logZ_new= 2.9010864864091754 obs_new= 0.8002151598544726
params_max= {'a1': 0.4618802153517006, 'a2': 2.5560386016907755, 'a3': 2.23606797749979} logZ_max= 2.9006544308516697 obs_max= 0.7962989234679829
dist_min= tensor(637.7366) dist_max= tensor(62433.6318)
params_min,params_max=params_new,params_max
evaluating model at params_new={'a1': 0.4618802153517006, 'a2': 2.5560386016907755, 'a3': 2.2360679774997774}
params_min= {'a1': 0.4618802153517006, 'a2': 2.5560386016907755, 'a3': 2.2360679774997645} logZ_min= 2.9010864864091754 obs_min= 0.8002151598544726
params_new= {'a1': 0.4618802153517006, 'a2': 2.5560386016907755, 'a3': 2.2360679774997774} logZ_new= 2.9011230044792646 obs_new= 0.7990989102392538
params_max= {'a1': 0.4618802153517006, 'a2': 2.5560386016907755, 'a3': 2.23606797749979} logZ_max= 2.9006544308516697 obs_max= 0.7962989234679829
dist_min= tensor(0.9888) dist_max= tensor(62433.4086)
params_min,params_max=params_new,params_max
evaluating model at params_new={'a1': 0.4618802153517006, 'a2': 2.5560386016907755, 'a3': 2.2360679774997836}
params_min= {'a1': 0.4618802153517006, 'a2': 2.5560386016907755, 'a3': 2.2360679774997774} logZ_min= 2.9011230044792646 obs_min= 0.7990989102392538
params_new= {'a1': 0.4618802153517006, 'a2': 2.5560386016907755, 'a3': 2.2360679774997836} logZ_new= 2.9011281322423224 obs_new= 0.7987019763623749
params_max= {'a1': 0.4618802153517006, 'a2': 2.5560386016907755, 'a3': 2.23606797749979} logZ_max= 2.9006544308516697 obs_max= 0.7962989234679829
dist_min= tensor(1.6604) dist_max= tensor(62434.0549)
params_min,params_max=params_new,params_max
evaluating model at params_new={'a1': 0.4618802153517006, 'a2': 2.5560386016907755, 'a3': 2.2360679774997867}
params_min= {'a1': 0.4618802153517006, 'a2': 2.5560386016907755, 'a3': 2.2360679774997836} logZ_min= 2.9011281322423224 obs_min= 0.7987019763623749
params_new= {'a1': 0.4618802153517006, 'a2': 2.5560386016907755, 'a3': 2.2360679774997867} logZ_new= 2.901017587562864 obs_new= 0.805637069365006
params_max= {'a1': 0.4618802153517006, 'a2': 2.5560386016907755, 'a3': 2.23606797749979} logZ_max= 2.9006544308516697 obs_max= 0.7962989234679829
dist_min= tensor(13.2554) dist_max= tensor(62430.9216)
params_min,params_max=params_new,params_max
evaluating model at params_new={'a1': 0.4618802153517006, 'a2': 2.5560386016907755, 'a3': 2.236067977499788}
params_min= {'a1': 0.4618802153517006, 'a2': 2.5560386016907755, 'a3': 2.2360679774997867} logZ_min= 2.901017587562864 obs_min= 0.805637069365006
params_new= {'a1': 0.4618802153517006, 'a2': 2.5560386016907755, 'a3': 2.236067977499788} logZ_new= 2.9003666160476023 obs_new= 0.7978794061379688
params_max= {'a1': 0.4618802153517006, 'a2': 2.5560386016907755, 'a3': 2.23606797749979} logZ_max= 2.9006544308516697 obs_max= 0.7962989234679829
dist_min= tensor(13.2879) dist_max= tensor(62434.1647)
params_min,params_max=params_new,params_max
evaluating model at params_new={'a1': 0.4618802153517006, 'a2': 2.5560386016907755, 'a3': 2.236067977499789}
params_min= {'a1': 0.4618802153517006, 'a2': 2.5560386016907755, 'a3': 2.236067977499788} logZ_min= 2.9003666160476023 obs_min= 0.7978794061379688
params_new= {'a1': 0.4618802153517006, 'a2': 2.5560386016907755, 'a3': 2.236067977499789} logZ_new= 2.900991266022784 obs_new= 0.8061910012354908
params_max= {'a1': 0.4618802153517006, 'a2': 2.5560386016907755, 'a3': 2.23606797749979} logZ_max= 2.9006544308516697 obs_max= 0.7962989234679829
dist_min= tensor(240.1308) dist_max= tensor(62434.5298)
params_min,params_max=params_new,params_max
evaluating model at params_new={'a1': 0.4618802153517006, 'a2': 2.5560386016907755, 'a3': 2.2360679774997894}
params_min= {'a1': 0.4618802153517006, 'a2': 2.5560386016907755, 'a3': 2.236067977499789} logZ_min= 2.900991266022784 obs_min= 0.8061910012354908
params_new= {'a1': 0.4618802153517006, 'a2': 2.5560386016907755, 'a3': 2.2360679774997894} logZ_new= 2.90097851758441 obs_new= 0.806495129204865
params_max= {'a1': 0.4618802153517006, 'a2': 2.5560386016907755, 'a3': 2.23606797749979} logZ_max= 2.9006544308516697 obs_max= 0.7962989234679829
dist_min= tensor(2248.6768) dist_max= tensor(62473.3079)
params_min,params_max=params_new,params_max
critical params found:  {'a1': 0.4618802153517006, 'a2': 2.5560386016907755, 'a3': 2.23606797749979}
reference params:  {'a1': 1.1547005383792515, 'a2': 1.8257418583505538, 'a3': 4.47213595499958}
file saved to  data/AKLT3D_X10_scan_grid_critical_a3/a1_0.4618802_a2_2.5560386/Tc.json
