Start running find_critical_temp.py with options:{'filename': 'data/AKLT3D_X10_scan_grid_critical_a3/a1_1.8475209_a2_0.3651484/Tc.json', 'log_filename': 'data/AKLT3D_X10_scan_grid_critical_a3/a1_1.8475209_a2_0.3651484/Tc.log', 'nLayers': 60, 'max_dim': 10, 'model': 'AKLT3D', 'params_min': "{'a1': 1.8475208614068024, 'a2': 0.3651483716701107, 'a3': 5.366563145999496}", 'params_max': "{'a1': 1.8475208614068024, 'a2': 0.3651483716701107, 'a3': 6.260990336999412}", 'params_ref': None, 'observable_name': 'magnetizationZ', 'tol': 0.0, 'gilt_enabled': False, 'gilt_eps': 8e-07, 'gilt_nIter': 1, 'mcf_enabled': True, 'mcf_eps': 1e-16, 'mcf_max_iter': 200, 'hotrg_sanity_check': False, 'version': 1, 'device': 'cuda:1'}
loading library...
evaluating model at params_min={'a1': 1.8475208614068024, 'a2': 0.3651483716701107, 'a3': 5.366563145999496}
params_min= {'a1': 1.8475208614068024, 'a2': 0.3651483716701107, 'a3': 5.366563145999496} logZ_min= nan obs_min= 2.0249930853109683e-34
evaluating model at params_max={'a1': 1.8475208614068024, 'a2': 0.3651483716701107, 'a3': 6.260990336999412}
params_max= {'a1': 1.8475208614068024, 'a2': 0.3651483716701107, 'a3': 6.260990336999412} logZ_max= 3.664985501017417 obs_max= 8.988730626049612
searching for critical temperature using bisection method
evaluating model at params_new={'a1': 1.8475208614068024, 'a2': 0.3651483716701107, 'a3': 5.813776741499455}
params_min= {'a1': 1.8475208614068024, 'a2': 0.3651483716701107, 'a3': 5.366563145999496} logZ_min= nan obs_min= 2.0249930853109683e-34
params_new= {'a1': 1.8475208614068024, 'a2': 0.3651483716701107, 'a3': 5.813776741499455} logZ_new= 3.5094182152491924 obs_new= 8.959677038119553
params_max= {'a1': 1.8475208614068024, 'a2': 0.3651483716701107, 'a3': 6.260990336999412} logZ_max= 3.664985501017417 obs_max= 8.988730626049612
dist_min= tensor(457.9355) dist_max= tensor(7.7723)
params_min,params_max=params_min,params_new
evaluating model at params_new={'a1': 1.8475208614068024, 'a2': 0.3651483716701107, 'a3': 5.590169943749475}
params_min= {'a1': 1.8475208614068024, 'a2': 0.3651483716701107, 'a3': 5.366563145999496} logZ_min= nan obs_min= 2.0249930853109683e-34
params_new= {'a1': 1.8475208614068024, 'a2': 0.3651483716701107, 'a3': 5.590169943749475} logZ_new= 3.4452994061831963 obs_new= 1.9142793658833163e-34
params_max= {'a1': 1.8475208614068024, 'a2': 0.3651483716701107, 'a3': 5.813776741499455} logZ_max= 3.5094182152491924 obs_max= 8.959677038119553
dist_min= tensor(152.7765) dist_max= tensor(333.7491)
params_min,params_max=params_new,params_max
evaluating model at params_new={'a1': 1.8475208614068024, 'a2': 0.3651483716701107, 'a3': 5.7019733426244645}
params_min= {'a1': 1.8475208614068024, 'a2': 0.3651483716701107, 'a3': 5.590169943749475} logZ_min= 3.4452994061831963 obs_min= 1.9142793658833163e-34
params_new= {'a1': 1.8475208614068024, 'a2': 0.3651483716701107, 'a3': 5.7019733426244645} logZ_new= 3.4676011329946284 obs_new= 8.942484515449166
params_max= {'a1': 1.8475208614068024, 'a2': 0.3651483716701107, 'a3': 5.813776741499455} logZ_max= 3.5094182152491924 obs_max= 8.959677038119553
dist_min= tensor(333.8766) dist_max= tensor(1.9027)
params_min,params_max=params_min,params_new
evaluating model at params_new={'a1': 1.8475208614068024, 'a2': 0.3651483716701107, 'a3': 5.6460716431869695}
params_min= {'a1': 1.8475208614068024, 'a2': 0.3651483716701107, 'a3': 5.590169943749475} logZ_min= 3.4452994061831963 obs_min= 1.9142793658833163e-34
params_new= {'a1': 1.8475208614068024, 'a2': 0.3651483716701107, 'a3': 5.6460716431869695} logZ_new= 3.4459539325961943 obs_new= 8.927803111129194
params_max= {'a1': 1.8475208614068024, 'a2': 0.3651483716701107, 'a3': 5.7019733426244645} logZ_max= 3.4676011329946284 obs_max= 8.942484515449166
dist_min= tensor(333.6187) dist_max= tensor(1.1191)
params_min,params_max=params_min,params_new
evaluating model at params_new={'a1': 1.8475208614068024, 'a2': 0.3651483716701107, 'a3': 5.618120793468222}
params_min= {'a1': 1.8475208614068024, 'a2': 0.3651483716701107, 'a3': 5.590169943749475} logZ_min= 3.4452994061831963 obs_min= 1.9142793658833163e-34
params_new= {'a1': 1.8475208614068024, 'a2': 0.3651483716701107, 'a3': 5.618120793468222} logZ_new= 3.4453530637690237 obs_new= 6.119461425469058e-35
params_max= {'a1': 1.8475208614068024, 'a2': 0.3651483716701107, 'a3': 5.6460716431869695} logZ_max= 3.4459539325961943 obs_max= 8.927803111129194
dist_min= tensor(333.6039) dist_max= tensor(2.3103)
params_min,params_max=params_min,params_new
evaluating model at params_new={'a1': 1.8475208614068024, 'a2': 0.3651483716701107, 'a3': 5.604145368608849}
params_min= {'a1': 1.8475208614068024, 'a2': 0.3651483716701107, 'a3': 5.590169943749475} logZ_min= 3.4452994061831963 obs_min= 1.9142793658833163e-34
params_new= {'a1': 1.8475208614068024, 'a2': 0.3651483716701107, 'a3': 5.604145368608849} logZ_new= 3.4455570687827812 obs_new= 5.042303430120415e-35
params_max= {'a1': 1.8475208614068024, 'a2': 0.3651483716701107, 'a3': 5.618120793468222} logZ_max= 3.4453530637690237 obs_max= 6.119461425469058e-35
dist_min= tensor(68.9733) dist_max= tensor(322.6996)
params_min,params_max=params_new,params_max
evaluating model at params_new={'a1': 1.8475208614068024, 'a2': 0.3651483716701107, 'a3': 5.611133081038536}
params_min= {'a1': 1.8475208614068024, 'a2': 0.3651483716701107, 'a3': 5.604145368608849} logZ_min= 3.4455570687827812 obs_min= 5.042303430120415e-35
params_new= {'a1': 1.8475208614068024, 'a2': 0.3651483716701107, 'a3': 5.611133081038536} logZ_new= 3.4453721612459316 obs_new= 5.735340088655313e-32
params_max= {'a1': 1.8475208614068024, 'a2': 0.3651483716701107, 'a3': 5.618120793468222} logZ_max= 3.4453530637690237 obs_max= 6.119461425469058e-35
dist_min= tensor(322.7328) dist_max= tensor(4.3983)
params_min,params_max=params_min,params_new
evaluating model at params_new={'a1': 1.8475208614068024, 'a2': 0.3651483716701107, 'a3': 5.607639224823693}
params_min= {'a1': 1.8475208614068024, 'a2': 0.3651483716701107, 'a3': 5.604145368608849} logZ_min= 3.4455570687827812 obs_min= 5.042303430120415e-35
params_new= {'a1': 1.8475208614068024, 'a2': 0.3651483716701107, 'a3': 5.607639224823693} logZ_new= 3.44563261509339 obs_new= 2.0027575451361897e-35
params_max= {'a1': 1.8475208614068024, 'a2': 0.3651483716701107, 'a3': 5.611133081038536} logZ_max= 3.4453721612459316 obs_max= 5.735340088655313e-32
dist_min= tensor(0.9169) dist_max= tensor(321.8303)
params_min,params_max=params_new,params_max
evaluating model at params_new={'a1': 1.8475208614068024, 'a2': 0.3651483716701107, 'a3': 5.609386152931114}
params_min= {'a1': 1.8475208614068024, 'a2': 0.3651483716701107, 'a3': 5.607639224823693} logZ_min= 3.44563261509339 obs_min= 2.0027575451361897e-35
params_new= {'a1': 1.8475208614068024, 'a2': 0.3651483716701107, 'a3': 5.609386152931114} logZ_new= 3.445337819812508 obs_new= 2.359119968045428e-33
params_max= {'a1': 1.8475208614068024, 'a2': 0.3651483716701107, 'a3': 5.611133081038536} logZ_max= 3.4453721612459316 obs_max= 5.735340088655313e-32
dist_min= tensor(322.5856) dist_max= tensor(17.6675)
params_min,params_max=params_min,params_new
evaluating model at params_new={'a1': 1.8475208614068024, 'a2': 0.3651483716701107, 'a3': 5.608512688877403}
params_min= {'a1': 1.8475208614068024, 'a2': 0.3651483716701107, 'a3': 5.607639224823693} logZ_min= 3.44563261509339 obs_min= 2.0027575451361897e-35
params_new= {'a1': 1.8475208614068024, 'a2': 0.3651483716701107, 'a3': 5.608512688877403} logZ_new= 3.445652239558632 obs_new= 5.385936096253377e-32
params_max= {'a1': 1.8475208614068024, 'a2': 0.3651483716701107, 'a3': 5.609386152931114} logZ_max= 3.445337819812508 obs_max= 2.359119968045428e-33
dist_min= tensor(1.4715) dist_max= tensor(322.3218)
params_min,params_max=params_new,params_max
evaluating model at params_new={'a1': 1.8475208614068024, 'a2': 0.3651483716701107, 'a3': 5.608949420904258}
params_min= {'a1': 1.8475208614068024, 'a2': 0.3651483716701107, 'a3': 5.608512688877403} logZ_min= 3.445652239558632 obs_min= 5.385936096253377e-32
params_new= {'a1': 1.8475208614068024, 'a2': 0.3651483716701107, 'a3': 5.608949420904258} logZ_new= 3.4456610600006043 obs_new= 1.4302765319694402e-32
params_max= {'a1': 1.8475208614068024, 'a2': 0.3651483716701107, 'a3': 5.609386152931114} logZ_max= 3.445337819812508 obs_max= 2.359119968045428e-33
dist_min= tensor(0.2734) dist_max= tensor(322.2120)
params_min,params_max=params_new,params_max
evaluating model at params_new={'a1': 1.8475208614068024, 'a2': 0.3651483716701107, 'a3': 5.609167786917686}
params_min= {'a1': 1.8475208614068024, 'a2': 0.3651483716701107, 'a3': 5.608949420904258} logZ_min= 3.4456610600006043 obs_min= 1.4302765319694402e-32
params_new= {'a1': 1.8475208614068024, 'a2': 0.3651483716701107, 'a3': 5.609167786917686} logZ_new= nan obs_new= -1.5902819306600334e-35
params_max= {'a1': 1.8475208614068024, 'a2': 0.3651483716701107, 'a3': 5.609386152931114} logZ_max= 3.445337819812508 obs_max= 2.359119968045428e-33
dist_min= tensor(1.5844) dist_max= tensor(322.1997)
params_min,params_max=params_new,params_max
evaluating model at params_new={'a1': 1.8475208614068024, 'a2': 0.3651483716701107, 'a3': 5.6092769699244}
params_min= {'a1': 1.8475208614068024, 'a2': 0.3651483716701107, 'a3': 5.609167786917686} logZ_min= nan obs_min= -1.5902819306600334e-35
params_new= {'a1': 1.8475208614068024, 'a2': 0.3651483716701107, 'a3': 5.6092769699244} logZ_new= nan obs_new= 3.394132332193755e-34
params_max= {'a1': 1.8475208614068024, 'a2': 0.3651483716701107, 'a3': 5.609386152931114} logZ_max= 3.445337819812508 obs_max= 2.359119968045428e-33
dist_min= tensor(322.3351) dist_max= tensor(34.3263)
params_min,params_max=params_min,params_new
evaluating model at params_new={'a1': 1.8475208614068024, 'a2': 0.3651483716701107, 'a3': 5.609222378421043}
params_min= {'a1': 1.8475208614068024, 'a2': 0.3651483716701107, 'a3': 5.609167786917686} logZ_min= nan obs_min= -1.5902819306600334e-35
params_new= {'a1': 1.8475208614068024, 'a2': 0.3651483716701107, 'a3': 5.609222378421043} logZ_new= 3.445667889078137 obs_new= 3.517838058573299e-33
params_max= {'a1': 1.8475208614068024, 'a2': 0.3651483716701107, 'a3': 5.6092769699244} logZ_max= nan obs_max= 3.394132332193755e-34
dist_min= tensor(6.8844) dist_max= tensor(322.4951)
params_min,params_max=params_new,params_max
evaluating model at params_new={'a1': 1.8475208614068024, 'a2': 0.3651483716701107, 'a3': 5.609249674172721}
params_min= {'a1': 1.8475208614068024, 'a2': 0.3651483716701107, 'a3': 5.609222378421043} logZ_min= 3.445667889078137 obs_min= 3.517838058573299e-33
params_new= {'a1': 1.8475208614068024, 'a2': 0.3651483716701107, 'a3': 5.609249674172721} logZ_new= nan obs_new= 4.592817299636774e-34
params_max= {'a1': 1.8475208614068024, 'a2': 0.3651483716701107, 'a3': 5.6092769699244} logZ_max= nan obs_max= 3.394132332193755e-34
dist_min= tensor(6.0637) dist_max= tensor(322.3338)
params_min,params_max=params_new,params_max
evaluating model at params_new={'a1': 1.8475208614068024, 'a2': 0.3651483716701107, 'a3': 5.609263322048561}
params_min= {'a1': 1.8475208614068024, 'a2': 0.3651483716701107, 'a3': 5.609249674172721} logZ_min= nan obs_min= 4.592817299636774e-34
params_new= {'a1': 1.8475208614068024, 'a2': 0.3651483716701107, 'a3': 5.609263322048561} logZ_new= 3.445667463773987 obs_new= -2.3580559257759798e-34
params_max= {'a1': 1.8475208614068024, 'a2': 0.3651483716701107, 'a3': 5.6092769699244} logZ_max= nan obs_max= 3.394132332193755e-34
dist_min= tensor(1.8239) dist_max= tensor(322.4129)
params_min,params_max=params_new,params_max
evaluating model at params_new={'a1': 1.8475208614068024, 'a2': 0.3651483716701107, 'a3': 5.60927014598648}
params_min= {'a1': 1.8475208614068024, 'a2': 0.3651483716701107, 'a3': 5.609263322048561} logZ_min= 3.445667463773987 obs_min= -2.3580559257759798e-34
params_new= {'a1': 1.8475208614068024, 'a2': 0.3651483716701107, 'a3': 5.60927014598648} logZ_new= 3.445668702455118 obs_new= 2.3024884162570674e-33
params_max= {'a1': 1.8475208614068024, 'a2': 0.3651483716701107, 'a3': 5.6092769699244} logZ_max= nan obs_max= 3.394132332193755e-34
dist_min= tensor(0.0351) dist_max= tensor(322.4133)
params_min,params_max=params_new,params_max
evaluating model at params_new={'a1': 1.8475208614068024, 'a2': 0.3651483716701107, 'a3': 5.60927355795544}
params_min= {'a1': 1.8475208614068024, 'a2': 0.3651483716701107, 'a3': 5.60927014598648} logZ_min= 3.445668702455118 obs_min= 2.3024884162570674e-33
params_new= {'a1': 1.8475208614068024, 'a2': 0.3651483716701107, 'a3': 5.60927355795544} logZ_new= 3.4456656521997973 obs_new= 1.546634972923916e-31
params_max= {'a1': 1.8475208614068024, 'a2': 0.3651483716701107, 'a3': 5.6092769699244} logZ_max= nan obs_max= 3.394132332193755e-34
dist_min= tensor(10.7223) dist_max= tensor(322.5869)
params_min,params_max=params_new,params_max
evaluating model at params_new={'a1': 1.8475208614068024, 'a2': 0.3651483716701107, 'a3': 5.60927526393992}
params_min= {'a1': 1.8475208614068024, 'a2': 0.3651483716701107, 'a3': 5.60927355795544} logZ_min= 3.4456656521997973 obs_min= 1.546634972923916e-31
params_new= {'a1': 1.8475208614068024, 'a2': 0.3651483716701107, 'a3': 5.60927526393992} logZ_new= 3.445403460738323 obs_new= 3.5019780941629604e-32
params_max= {'a1': 1.8475208614068024, 'a2': 0.3651483716701107, 'a3': 5.6092769699244} logZ_max= nan obs_max= 3.394132332193755e-34
dist_min= tensor(4700.8649) dist_max= tensor(4689.6631)
params_min,params_max=params_min,params_new
evaluating model at params_new={'a1': 1.8475208614068024, 'a2': 0.3651483716701107, 'a3': 5.60927441094768}
params_min= {'a1': 1.8475208614068024, 'a2': 0.3651483716701107, 'a3': 5.60927355795544} logZ_min= 3.4456656521997973 obs_min= 1.546634972923916e-31
params_new= {'a1': 1.8475208614068024, 'a2': 0.3651483716701107, 'a3': 5.60927441094768} logZ_new= 3.4454030532210607 obs_new= 3.615876480731257e-34
params_max= {'a1': 1.8475208614068024, 'a2': 0.3651483716701107, 'a3': 5.60927526393992} logZ_max= 3.445403460738323 obs_max= 3.5019780941629604e-32
dist_min= tensor(321.5535) dist_max= tensor(4689.8296)
params_min,params_max=params_new,params_max
evaluating model at params_new={'a1': 1.8475208614068024, 'a2': 0.3651483716701107, 'a3': 5.609274837443801}
params_min= {'a1': 1.8475208614068024, 'a2': 0.3651483716701107, 'a3': 5.60927441094768} logZ_min= 3.4454030532210607 obs_min= 3.615876480731257e-34
params_new= {'a1': 1.8475208614068024, 'a2': 0.3651483716701107, 'a3': 5.609274837443801} logZ_new= 3.4454038416169253 obs_new= 3.258230740999786e-33
params_max= {'a1': 1.8475208614068024, 'a2': 0.3651483716701107, 'a3': 5.60927526393992} logZ_max= 3.445403460738323 obs_max= 3.5019780941629604e-32
dist_min= tensor(12.9727) dist_max= tensor(4689.8477)
params_min,params_max=params_new,params_max
evaluating model at params_new={'a1': 1.8475208614068024, 'a2': 0.3651483716701107, 'a3': 5.60927505069186}
params_min= {'a1': 1.8475208614068024, 'a2': 0.3651483716701107, 'a3': 5.609274837443801} logZ_min= 3.4454038416169253 obs_min= 3.258230740999786e-33
params_new= {'a1': 1.8475208614068024, 'a2': 0.3651483716701107, 'a3': 5.60927505069186} logZ_new= 3.4454042101311444 obs_new= 2.9212657882961947e-34
params_max= {'a1': 1.8475208614068024, 'a2': 0.3651483716701107, 'a3': 5.60927526393992} logZ_max= 3.445403460738323 obs_max= 3.5019780941629604e-32
dist_min= tensor(12.9778) dist_max= tensor(4689.8661)
params_min,params_max=params_new,params_max
evaluating model at params_new={'a1': 1.8475208614068024, 'a2': 0.3651483716701107, 'a3': 5.60927515731589}
params_min= {'a1': 1.8475208614068024, 'a2': 0.3651483716701107, 'a3': 5.60927505069186} logZ_min= 3.4454042101311444 obs_min= 2.9212657882961947e-34
params_new= {'a1': 1.8475208614068024, 'a2': 0.3651483716701107, 'a3': 5.60927515731589} logZ_new= 3.4453324703442805 obs_new= 1.1650187983901893e-32
params_max= {'a1': 1.8475208614068024, 'a2': 0.3651483716701107, 'a3': 5.60927526393992} logZ_max= 3.445403460738323 obs_max= 3.5019780941629604e-32
dist_min= tensor(0.2773) dist_max= tensor(4689.8278)
params_min,params_max=params_new,params_max
evaluating model at params_new={'a1': 1.8475208614068024, 'a2': 0.3651483716701107, 'a3': 5.609275210627905}
params_min= {'a1': 1.8475208614068024, 'a2': 0.3651483716701107, 'a3': 5.60927515731589} logZ_min= 3.4453324703442805 obs_min= 1.1650187983901893e-32
params_new= {'a1': 1.8475208614068024, 'a2': 0.3651483716701107, 'a3': 5.609275210627905} logZ_new= 3.4454043573643385 obs_new= 8.688069518661806e-31
params_max= {'a1': 1.8475208614068024, 'a2': 0.3651483716701107, 'a3': 5.60927526393992} logZ_max= 3.445403460738323 obs_max= 3.5019780941629604e-32
dist_min= tensor(0.4773) dist_max= tensor(4689.6572)
params_min,params_max=params_new,params_max
evaluating model at params_new={'a1': 1.8475208614068024, 'a2': 0.3651483716701107, 'a3': 5.609275237283912}
params_min= {'a1': 1.8475208614068024, 'a2': 0.3651483716701107, 'a3': 5.609275210627905} logZ_min= 3.4454043573643385 obs_min= 8.688069518661806e-31
params_new= {'a1': 1.8475208614068024, 'a2': 0.3651483716701107, 'a3': 5.609275237283912} logZ_new= 3.445404677915032 obs_new= 2.564262275897123e-32
params_max= {'a1': 1.8475208614068024, 'a2': 0.3651483716701107, 'a3': 5.60927526393992} logZ_max= 3.445403460738323 obs_max= 3.5019780941629604e-32
dist_min= tensor(1.5982) dist_max= tensor(4689.2252)
params_min,params_max=params_new,params_max
evaluating model at params_new={'a1': 1.8475208614068024, 'a2': 0.3651483716701107, 'a3': 5.6092752506119155}
params_min= {'a1': 1.8475208614068024, 'a2': 0.3651483716701107, 'a3': 5.609275237283912} logZ_min= 3.445404677915032 obs_min= 2.564262275897123e-32
params_new= {'a1': 1.8475208614068024, 'a2': 0.3651483716701107, 'a3': 5.6092752506119155} logZ_new= 3.4454032178291594 obs_new= 8.804647281360718e-34
params_max= {'a1': 1.8475208614068024, 'a2': 0.3651483716701107, 'a3': 5.60927526393992} logZ_max= 3.445403460738323 obs_max= 3.5019780941629604e-32
dist_min= tensor(1.5855) dist_max= tensor(4689.8451)
params_min,params_max=params_new,params_max
evaluating model at params_new={'a1': 1.8475208614068024, 'a2': 0.3651483716701107, 'a3': 5.609275257275918}
params_min= {'a1': 1.8475208614068024, 'a2': 0.3651483716701107, 'a3': 5.6092752506119155} logZ_min= 3.4454032178291594 obs_min= 8.804647281360718e-34
params_new= {'a1': 1.8475208614068024, 'a2': 0.3651483716701107, 'a3': 5.609275257275918} logZ_new= 3.4454045373940394 obs_new= 4.844882986607846e-35
params_max= {'a1': 1.8475208614068024, 'a2': 0.3651483716701107, 'a3': 5.60927526393992} logZ_max= 3.445403460738323 obs_max= 3.5019780941629604e-32
dist_min= tensor(0.1400) dist_max= tensor(4689.8560)
params_min,params_max=params_new,params_max
evaluating model at params_new={'a1': 1.8475208614068024, 'a2': 0.3651483716701107, 'a3': 5.6092752606079195}
params_min= {'a1': 1.8475208614068024, 'a2': 0.3651483716701107, 'a3': 5.609275257275918} logZ_min= 3.4454045373940394 obs_min= 4.844882986607846e-35
params_new= {'a1': 1.8475208614068024, 'a2': 0.3651483716701107, 'a3': 5.6092752606079195} logZ_new= 3.4454042278467862 obs_new= 4.1012552615818655e-33
params_max= {'a1': 1.8475208614068024, 'a2': 0.3651483716701107, 'a3': 5.60927526393992} logZ_max= 3.445403460738323 obs_max= 3.5019780941629604e-32
dist_min= tensor(328.2496) dist_max= tensor(4361.6065)
params_min,params_max=params_new,params_max
evaluating model at params_new={'a1': 1.8475208614068024, 'a2': 0.3651483716701107, 'a3': 5.60927526227392}
params_min= {'a1': 1.8475208614068024, 'a2': 0.3651483716701107, 'a3': 5.6092752606079195} logZ_min= 3.4454042278467862 obs_min= 4.1012552615818655e-33
params_new= {'a1': 1.8475208614068024, 'a2': 0.3651483716701107, 'a3': 5.60927526227392} logZ_new= 3.4453330174919774 obs_new= 8.386122701606803e-33
params_max= {'a1': 1.8475208614068024, 'a2': 0.3651483716701107, 'a3': 5.60927526393992} logZ_max= 3.445403460738323 obs_max= 3.5019780941629604e-32
dist_min= tensor(327.6208) dist_max= tensor(4689.2251)
params_min,params_max=params_new,params_max
evaluating model at params_new={'a1': 1.8475208614068024, 'a2': 0.3651483716701107, 'a3': 5.60927526310692}
params_min= {'a1': 1.8475208614068024, 'a2': 0.3651483716701107, 'a3': 5.60927526227392} logZ_min= 3.4453330174919774 obs_min= 8.386122701606803e-33
params_new= {'a1': 1.8475208614068024, 'a2': 0.3651483716701107, 'a3': 5.60927526310692} logZ_new= nan obs_new= 8.593560682019112e-36
params_max= {'a1': 1.8475208614068024, 'a2': 0.3651483716701107, 'a3': 5.60927526393992} logZ_max= 3.445403460738323 obs_max= 3.5019780941629604e-32
dist_min= tensor(4.4935) dist_max= tensor(4689.7159)
params_min,params_max=params_new,params_max
evaluating model at params_new={'a1': 1.8475208614068024, 'a2': 0.3651483716701107, 'a3': 5.60927526352342}
params_min= {'a1': 1.8475208614068024, 'a2': 0.3651483716701107, 'a3': 5.60927526310692} logZ_min= nan obs_min= 8.593560682019112e-36
params_new= {'a1': 1.8475208614068024, 'a2': 0.3651483716701107, 'a3': 5.60927526352342} logZ_new= nan obs_new= 2.2401311606087548e-33
params_max= {'a1': 1.8475208614068024, 'a2': 0.3651483716701107, 'a3': 5.60927526393992} logZ_max= 3.445403460738323 obs_max= 3.5019780941629604e-32
dist_min= tensor(4.8422) dist_max= tensor(4687.9864)
params_min,params_max=params_new,params_max
evaluating model at params_new={'a1': 1.8475208614068024, 'a2': 0.3651483716701107, 'a3': 5.60927526373167}
params_min= {'a1': 1.8475208614068024, 'a2': 0.3651483716701107, 'a3': 5.60927526352342} logZ_min= nan obs_min= 2.2401311606087548e-33
params_new= {'a1': 1.8475208614068024, 'a2': 0.3651483716701107, 'a3': 5.60927526373167} logZ_new= 3.4454033544649665 obs_new= 4.272151610726576e-32
params_max= {'a1': 1.8475208614068024, 'a2': 0.3651483716701107, 'a3': 5.60927526393992} logZ_max= 3.445403460738323 obs_max= 3.5019780941629604e-32
dist_min= tensor(1.5593) dist_max= tensor(4689.2261)
params_min,params_max=params_new,params_max
evaluating model at params_new={'a1': 1.8475208614068024, 'a2': 0.3651483716701107, 'a3': 5.609275263835794}
params_min= {'a1': 1.8475208614068024, 'a2': 0.3651483716701107, 'a3': 5.60927526373167} logZ_min= 3.4454033544649665 obs_min= 4.272151610726576e-32
params_new= {'a1': 1.8475208614068024, 'a2': 0.3651483716701107, 'a3': 5.609275263835794} logZ_new= 3.4453328970988295 obs_new= 1.7874294013362915e-32
params_max= {'a1': 1.8475208614068024, 'a2': 0.3651483716701107, 'a3': 5.60927526393992} logZ_max= 3.445403460738323 obs_max= 3.5019780941629604e-32
dist_min= tensor(1.1182) dist_max= tensor(4689.8518)
params_min,params_max=params_new,params_max
evaluating model at params_new={'a1': 1.8475208614068024, 'a2': 0.3651483716701107, 'a3': 5.609275263887858}
params_min= {'a1': 1.8475208614068024, 'a2': 0.3651483716701107, 'a3': 5.609275263835794} logZ_min= 3.4453328970988295 obs_min= 1.7874294013362915e-32
params_new= {'a1': 1.8475208614068024, 'a2': 0.3651483716701107, 'a3': 5.609275263887858} logZ_new= 3.445332422064433 obs_new= 6.190461453122368e-32
params_max= {'a1': 1.8475208614068024, 'a2': 0.3651483716701107, 'a3': 5.60927526393992} logZ_max= 3.445403460738323 obs_max= 3.5019780941629604e-32
dist_min= tensor(0.2745) dist_max= tensor(4689.8610)
params_min,params_max=params_new,params_max
evaluating model at params_new={'a1': 1.8475208614068024, 'a2': 0.3651483716701107, 'a3': 5.609275263913888}
params_min= {'a1': 1.8475208614068024, 'a2': 0.3651483716701107, 'a3': 5.609275263887858} logZ_min= 3.445332422064433 obs_min= 6.190461453122368e-32
params_new= {'a1': 1.8475208614068024, 'a2': 0.3651483716701107, 'a3': 5.609275263913888} logZ_new= nan obs_new= 4.495691369783846e-32
params_max= {'a1': 1.8475208614068024, 'a2': 0.3651483716701107, 'a3': 5.60927526393992} logZ_max= 3.445403460738323 obs_max= 3.5019780941629604e-32
dist_min= tensor(1.4633) dist_max= tensor(4688.7996)
params_min,params_max=params_new,params_max
evaluating model at params_new={'a1': 1.8475208614068024, 'a2': 0.3651483716701107, 'a3': 5.609275263926904}
params_min= {'a1': 1.8475208614068024, 'a2': 0.3651483716701107, 'a3': 5.609275263913888} logZ_min= nan obs_min= 4.495691369783846e-32
params_new= {'a1': 1.8475208614068024, 'a2': 0.3651483716701107, 'a3': 5.609275263926904} logZ_new= 3.445403403256953 obs_new= 1.6832067641824031e-32
params_max= {'a1': 1.8475208614068024, 'a2': 0.3651483716701107, 'a3': 5.60927526393992} logZ_max= 3.445403460738323 obs_max= 3.5019780941629604e-32
dist_min= tensor(1.5096) dist_max= tensor(4689.2252)
params_min,params_max=params_new,params_max
evaluating model at params_new={'a1': 1.8475208614068024, 'a2': 0.3651483716701107, 'a3': 5.609275263933412}
params_min= {'a1': 1.8475208614068024, 'a2': 0.3651483716701107, 'a3': 5.609275263926904} logZ_min= 3.445403403256953 obs_min= 1.6832067641824031e-32
params_new= {'a1': 1.8475208614068024, 'a2': 0.3651483716701107, 'a3': 5.609275263933412} logZ_new= 3.445341761332932 obs_new= 3.8793387150493116e-33
params_max= {'a1': 1.8475208614068024, 'a2': 0.3651483716701107, 'a3': 5.60927526393992} logZ_max= 3.445403460738323 obs_max= 3.5019780941629604e-32
dist_min= tensor(1.2855) dist_max= tensor(4689.2242)
params_min,params_max=params_new,params_max
evaluating model at params_new={'a1': 1.8475208614068024, 'a2': 0.3651483716701107, 'a3': 5.6092752639366665}
params_min= {'a1': 1.8475208614068024, 'a2': 0.3651483716701107, 'a3': 5.609275263933412} logZ_min= 3.445341761332932 obs_min= 3.8793387150493116e-33
params_new= {'a1': 1.8475208614068024, 'a2': 0.3651483716701107, 'a3': 5.6092752639366665} logZ_new= 3.4454046288928275 obs_new= 1.4579247299314261e-34
params_max= {'a1': 1.8475208614068024, 'a2': 0.3651483716701107, 'a3': 5.60927526393992} logZ_max= 3.445403460738323 obs_max= 3.5019780941629604e-32
dist_min= tensor(1.1509) dist_max= tensor(4689.8707)
params_min,params_max=params_new,params_max
evaluating model at params_new={'a1': 1.8475208614068024, 'a2': 0.3651483716701107, 'a3': 5.609275263938294}
params_min= {'a1': 1.8475208614068024, 'a2': 0.3651483716701107, 'a3': 5.6092752639366665} logZ_min= 3.4454046288928275 obs_min= 1.4579247299314261e-34
params_new= {'a1': 1.8475208614068024, 'a2': 0.3651483716701107, 'a3': 5.609275263938294} logZ_new= 3.4454034388186807 obs_new= 6.99806989383311e-34
params_max= {'a1': 1.8475208614068024, 'a2': 0.3651483716701107, 'a3': 5.60927526393992} logZ_max= 3.445403460738323 obs_max= 3.5019780941629604e-32
dist_min= tensor(64385.7239) dist_max= tensor(59695.8532)
params_min,params_max=params_min,params_new
evaluating model at params_new={'a1': 1.8475208614068024, 'a2': 0.3651483716701107, 'a3': 5.60927526393748}
params_min= {'a1': 1.8475208614068024, 'a2': 0.3651483716701107, 'a3': 5.6092752639366665} logZ_min= 3.4454046288928275 obs_min= 1.4579247299314261e-34
params_new= {'a1': 1.8475208614068024, 'a2': 0.3651483716701107, 'a3': 5.60927526393748} logZ_new= 3.4453340387213935 obs_new= 2.122154070553311e-33
params_max= {'a1': 1.8475208614068024, 'a2': 0.3651483716701107, 'a3': 5.609275263938294} logZ_max= 3.4454034388186807 obs_max= 6.99806989383311e-34
dist_min= tensor(1.8117) dist_max= tensor(64385.0782)
params_min,params_max=params_new,params_max
evaluating model at params_new={'a1': 1.8475208614068024, 'a2': 0.3651483716701107, 'a3': 5.609275263937887}
params_min= {'a1': 1.8475208614068024, 'a2': 0.3651483716701107, 'a3': 5.60927526393748} logZ_min= 3.4453340387213935 obs_min= 2.122154070553311e-33
params_new= {'a1': 1.8475208614068024, 'a2': 0.3651483716701107, 'a3': 5.609275263937887} logZ_new= 3.445404658752635 obs_new= 1.4683440801347784e-34
params_max= {'a1': 1.8475208614068024, 'a2': 0.3651483716701107, 'a3': 5.609275263938294} logZ_max= 3.4454034388186807 obs_max= 6.99806989383311e-34
dist_min= tensor(1.0405) dist_max= tensor(64385.0782)
params_min,params_max=params_new,params_max
evaluating model at params_new={'a1': 1.8475208614068024, 'a2': 0.3651483716701107, 'a3': 5.60927526393809}
params_min= {'a1': 1.8475208614068024, 'a2': 0.3651483716701107, 'a3': 5.609275263937887} logZ_min= 3.445404658752635 obs_min= 1.4683440801347784e-34
params_new= {'a1': 1.8475208614068024, 'a2': 0.3651483716701107, 'a3': 5.60927526393809} logZ_new= 3.445404430747426 obs_new= 2.115138869317225e-31
params_max= {'a1': 1.8475208614068024, 'a2': 0.3651483716701107, 'a3': 5.609275263938294} logZ_max= 3.4454034388186807 obs_max= 6.99806989383311e-34
dist_min= tensor(0.8643) dist_max= tensor(64385.0782)
params_min,params_max=params_new,params_max
evaluating model at params_new={'a1': 1.8475208614068024, 'a2': 0.3651483716701107, 'a3': 5.609275263938192}
params_min= {'a1': 1.8475208614068024, 'a2': 0.3651483716701107, 'a3': 5.60927526393809} logZ_min= 3.445404430747426 obs_min= 2.115138869317225e-31
params_new= {'a1': 1.8475208614068024, 'a2': 0.3651483716701107, 'a3': 5.609275263938192} logZ_new= nan obs_new= 1.6805678723794368e-34
params_max= {'a1': 1.8475208614068024, 'a2': 0.3651483716701107, 'a3': 5.609275263938294} logZ_max= 3.4454034388186807 obs_max= 6.99806989383311e-34
dist_min= tensor(84.3598) dist_max= tensor(64385.3785)
params_min,params_max=params_new,params_max
evaluating model at params_new={'a1': 1.8475208614068024, 'a2': 0.3651483716701107, 'a3': 5.609275263938243}
params_min= {'a1': 1.8475208614068024, 'a2': 0.3651483716701107, 'a3': 5.609275263938192} logZ_min= nan obs_min= 1.6805678723794368e-34
params_new= {'a1': 1.8475208614068024, 'a2': 0.3651483716701107, 'a3': 5.609275263938243} logZ_new= 3.4454026006275185 obs_new= 8.764147433476467e-35
params_max= {'a1': 1.8475208614068024, 'a2': 0.3651483716701107, 'a3': 5.609275263938294} logZ_max= 3.4454034388186807 obs_max= 6.99806989383311e-34
dist_min= tensor(84.3539) dist_max= tensor(64385.0783)
params_min,params_max=params_new,params_max
evaluating model at params_new={'a1': 1.8475208614068024, 'a2': 0.3651483716701107, 'a3': 5.609275263938269}
params_min= {'a1': 1.8475208614068024, 'a2': 0.3651483716701107, 'a3': 5.609275263938243} logZ_min= 3.4454026006275185 obs_min= 8.764147433476467e-35
params_new= {'a1': 1.8475208614068024, 'a2': 0.3651483716701107, 'a3': 5.609275263938269} logZ_new= 3.445402838413909 obs_new= 9.26656460594006e-34
params_max= {'a1': 1.8475208614068024, 'a2': 0.3651483716701107, 'a3': 5.609275263938294} logZ_max= 3.4454034388186807 obs_max= 6.99806989383311e-34
dist_min= tensor(1.1735) dist_max= tensor(64385.7013)
params_min,params_max=params_new,params_max
evaluating model at params_new={'a1': 1.8475208614068024, 'a2': 0.3651483716701107, 'a3': 5.609275263938281}
params_min= {'a1': 1.8475208614068024, 'a2': 0.3651483716701107, 'a3': 5.609275263938269} logZ_min= 3.445402838413909 obs_min= 9.26656460594006e-34
params_new= {'a1': 1.8475208614068024, 'a2': 0.3651483716701107, 'a3': 5.609275263938281} logZ_new= 3.445404636951079 obs_new= 5.146017732531135e-32
params_max= {'a1': 1.8475208614068024, 'a2': 0.3651483716701107, 'a3': 5.609275263938294} logZ_max= 3.4454034388186807 obs_max= 6.99806989383311e-34
dist_min= tensor(0.3073) dist_max= tensor(64385.7144)
params_min,params_max=params_new,params_max
evaluating model at params_new={'a1': 1.8475208614068024, 'a2': 0.3651483716701107, 'a3': 5.6092752639382875}
params_min= {'a1': 1.8475208614068024, 'a2': 0.3651483716701107, 'a3': 5.609275263938281} logZ_min= 3.445404636951079 obs_min= 5.146017732531135e-32
params_new= {'a1': 1.8475208614068024, 'a2': 0.3651483716701107, 'a3': 5.6092752639382875} logZ_new= 3.445402811231108 obs_new= 1.9577743951899048e-32
params_max= {'a1': 1.8475208614068024, 'a2': 0.3651483716701107, 'a3': 5.609275263938294} logZ_max= 3.4454034388186807 obs_max= 6.99806989383311e-34
dist_min= tensor(1.0887) dist_max= tensor(64385.1195)
params_min,params_max=params_new,params_max
evaluating model at params_new={'a1': 1.8475208614068024, 'a2': 0.3651483716701107, 'a3': 5.60927526393829}
params_min= {'a1': 1.8475208614068024, 'a2': 0.3651483716701107, 'a3': 5.6092752639382875} logZ_min= 3.445402811231108 obs_min= 1.9577743951899048e-32
params_new= {'a1': 1.8475208614068024, 'a2': 0.3651483716701107, 'a3': 5.60927526393829} logZ_new= 3.4454046680666 obs_new= 2.5166928899295325e-32
params_max= {'a1': 1.8475208614068024, 'a2': 0.3651483716701107, 'a3': 5.609275263938294} logZ_max= 3.4454034388186807 obs_max= 6.99806989383311e-34
dist_min= tensor(1.0026) dist_max= tensor(64385.7245)
params_min,params_max=params_new,params_max
evaluating model at params_new={'a1': 1.8475208614068024, 'a2': 0.3651483716701107, 'a3': 5.609275263938292}
params_min= {'a1': 1.8475208614068024, 'a2': 0.3651483716701107, 'a3': 5.60927526393829} logZ_min= 3.4454046680666 obs_min= 2.5166928899295325e-32
params_new= {'a1': 1.8475208614068024, 'a2': 0.3651483716701107, 'a3': 5.609275263938292} logZ_new= nan obs_new= 5.763055243948585e-34
params_max= {'a1': 1.8475208614068024, 'a2': 0.3651483716701107, 'a3': 5.609275263938294} logZ_max= 3.4454034388186807 obs_max= 6.99806989383311e-34
dist_min= tensor(4.6083) dist_max= tensor(64385.5896)
params_min,params_max=params_new,params_max
evaluating model at params_new={'a1': 1.8475208614068024, 'a2': 0.3651483716701107, 'a3': 5.609275263938293}
params_min= {'a1': 1.8475208614068024, 'a2': 0.3651483716701107, 'a3': 5.609275263938292} logZ_min= nan obs_min= 5.763055243948585e-34
params_new= {'a1': 1.8475208614068024, 'a2': 0.3651483716701107, 'a3': 5.609275263938293} logZ_new= 3.4454044332059586 obs_new= 3.734644073666498e-34
params_max= {'a1': 1.8475208614068024, 'a2': 0.3651483716701107, 'a3': 5.609275263938294} logZ_max= 3.4454034388186807 obs_max= 6.99806989383311e-34
dist_min= tensor(4.6009) dist_max= tensor(64385.7197)
params_min,params_max=params_new,params_max
critical params found:  {'a1': 1.8475208614068024, 'a2': 0.3651483716701107, 'a3': 5.609275263938294}
reference params:  {'a1': 1.1547005383792515, 'a2': 1.8257418583505538, 'a3': 4.47213595499958}
file saved to  data/AKLT3D_X10_scan_grid_critical_a3/a1_1.8475209_a2_0.3651484/Tc.json
