Start running find_critical_temp.py with options:{'filename': 'data/AKLT3D_X10_scan_grid_critical_a3/a1_1.8475209_a2_2.5560386/Tc.json', 'log_filename': 'data/AKLT3D_X10_scan_grid_critical_a3/a1_1.8475209_a2_2.5560386/Tc.log', 'nLayers': 60, 'max_dim': 10, 'model': 'AKLT3D', 'params_min': "{'a1': 1.8475208614068024, 'a2': 2.5560386016907755, 'a3': 5.366563145999496}", 'params_max': "{'a1': 1.8475208614068024, 'a2': 2.5560386016907755, 'a3': 6.260990336999412}", 'params_ref': None, 'observable_name': 'magnetizationZ', 'tol': 0.0, 'gilt_enabled': False, 'gilt_eps': 8e-07, 'gilt_nIter': 1, 'mcf_enabled': True, 'mcf_eps': 1e-16, 'mcf_max_iter': 200, 'hotrg_sanity_check': False, 'version': 1, 'device': 'cuda:1'}
loading library...
evaluating model at params_min={'a1': 1.8475208614068024, 'a2': 2.5560386016907755, 'a3': 5.366563145999496}
params_min= {'a1': 1.8475208614068024, 'a2': 2.5560386016907755, 'a3': 5.366563145999496} logZ_min= nan obs_min= 4.621272377794252e-33
evaluating model at params_max={'a1': 1.8475208614068024, 'a2': 2.5560386016907755, 'a3': 6.260990336999412}
params_max= {'a1': 1.8475208614068024, 'a2': 2.5560386016907755, 'a3': 6.260990336999412} logZ_max= nan obs_max= 5.165604253264069
searching for critical temperature using bisection method
evaluating model at params_new={'a1': 1.8475208614068024, 'a2': 2.5560386016907755, 'a3': 5.813776741499455}
params_min= {'a1': 1.8475208614068024, 'a2': 2.5560386016907755, 'a3': 5.366563145999496} logZ_min= nan obs_min= 4.621272377794252e-33
params_new= {'a1': 1.8475208614068024, 'a2': 2.5560386016907755, 'a3': 5.813776741499455} logZ_new= 3.7694976023930615 obs_new= 0.3093285695469793
params_max= {'a1': 1.8475208614068024, 'a2': 2.5560386016907755, 'a3': 6.260990336999412} logZ_max= nan obs_max= 5.165604253264069
dist_min= tensor(33.6283) dist_max= tensor(238.5821)
params_min,params_max=params_new,params_max
evaluating model at params_new={'a1': 1.8475208614068024, 'a2': 2.5560386016907755, 'a3': 6.037383539249433}
params_min= {'a1': 1.8475208614068024, 'a2': 2.5560386016907755, 'a3': 5.813776741499455} logZ_min= 3.7694976023930615 obs_min= 0.3093285695469793
params_new= {'a1': 1.8475208614068024, 'a2': 2.5560386016907755, 'a3': 6.037383539249433} logZ_new= 3.76542063848316 obs_new= 2.090645514416084
params_max= {'a1': 1.8475208614068024, 'a2': 2.5560386016907755, 'a3': 6.260990336999412} logZ_max= nan obs_max= 5.165604253264069
dist_min= tensor(38.5266) dist_max= tensor(242.1019)
params_min,params_max=params_new,params_max
evaluating model at params_new={'a1': 1.8475208614068024, 'a2': 2.5560386016907755, 'a3': 6.149186938124423}
params_min= {'a1': 1.8475208614068024, 'a2': 2.5560386016907755, 'a3': 6.037383539249433} logZ_min= 3.76542063848316 obs_min= 2.090645514416084
params_new= {'a1': 1.8475208614068024, 'a2': 2.5560386016907755, 'a3': 6.149186938124423} logZ_new= nan obs_new= 3.973087415790329
params_max= {'a1': 1.8475208614068024, 'a2': 2.5560386016907755, 'a3': 6.260990336999412} logZ_max= nan obs_max= 5.165604253264069
dist_min= tensor(39.6274) dist_max= tensor(239.1121)
params_min,params_max=params_new,params_max
evaluating model at params_new={'a1': 1.8475208614068024, 'a2': 2.5560386016907755, 'a3': 6.205088637561918}
params_min= {'a1': 1.8475208614068024, 'a2': 2.5560386016907755, 'a3': 6.149186938124423} logZ_min= nan obs_min= 3.973087415790329
params_new= {'a1': 1.8475208614068024, 'a2': 2.5560386016907755, 'a3': 6.205088637561918} logZ_new= 3.7839321834980404 obs_new= 4.671189351278929
params_max= {'a1': 1.8475208614068024, 'a2': 2.5560386016907755, 'a3': 6.260990336999412} logZ_max= nan obs_max= 5.165604253264069
dist_min= tensor(4.3528) dist_max= tensor(238.7003)
params_min,params_max=params_new,params_max
evaluating model at params_new={'a1': 1.8475208614068024, 'a2': 2.5560386016907755, 'a3': 6.233039487280665}
params_min= {'a1': 1.8475208614068024, 'a2': 2.5560386016907755, 'a3': 6.205088637561918} logZ_min= 3.7839321834980404 obs_min= 4.671189351278929
params_new= {'a1': 1.8475208614068024, 'a2': 2.5560386016907755, 'a3': 6.233039487280665} logZ_new= nan obs_new= 4.9680999355569035
params_max= {'a1': 1.8475208614068024, 'a2': 2.5560386016907755, 'a3': 6.260990336999412} logZ_max= nan obs_max= 5.165604253264069
dist_min= tensor(319.0041) dist_max= tensor(395.5181)
params_min,params_max=params_new,params_max
evaluating model at params_new={'a1': 1.8475208614068024, 'a2': 2.5560386016907755, 'a3': 6.247014912140038}
params_min= {'a1': 1.8475208614068024, 'a2': 2.5560386016907755, 'a3': 6.233039487280665} logZ_min= nan obs_min= 4.9680999355569035
params_new= {'a1': 1.8475208614068024, 'a2': 2.5560386016907755, 'a3': 6.247014912140038} logZ_new= 3.790355713576177 obs_new= 5.067934024991501
params_max= {'a1': 1.8475208614068024, 'a2': 2.5560386016907755, 'a3': 6.260990336999412} logZ_max= nan obs_max= 5.165604253264069
dist_min= tensor(317.9381) dist_max= tensor(238.1837)
params_min,params_max=params_min,params_new
evaluating model at params_new={'a1': 1.8475208614068024, 'a2': 2.5560386016907755, 'a3': 6.240027199710352}
params_min= {'a1': 1.8475208614068024, 'a2': 2.5560386016907755, 'a3': 6.233039487280665} logZ_min= nan obs_min= 4.9680999355569035
params_new= {'a1': 1.8475208614068024, 'a2': 2.5560386016907755, 'a3': 6.240027199710352} logZ_new= nan obs_new= 5.018904998908406
params_max= {'a1': 1.8475208614068024, 'a2': 2.5560386016907755, 'a3': 6.247014912140038} logZ_max= 3.790355713576177 obs_max= 5.067934024991501
dist_min= tensor(318.7628) dist_max= tensor(3.3528)
params_min,params_max=params_min,params_new
evaluating model at params_new={'a1': 1.8475208614068024, 'a2': 2.5560386016907755, 'a3': 6.236533343495509}
params_min= {'a1': 1.8475208614068024, 'a2': 2.5560386016907755, 'a3': 6.233039487280665} logZ_min= nan obs_min= 4.9680999355569035
params_new= {'a1': 1.8475208614068024, 'a2': 2.5560386016907755, 'a3': 6.236533343495509} logZ_new= 3.788327484434961 obs_new= 4.993833958876917
params_max= {'a1': 1.8475208614068024, 'a2': 2.5560386016907755, 'a3': 6.240027199710352} logZ_max= nan obs_max= 5.018904998908406
dist_min= tensor(318.2572) dist_max= tensor(3.0601)
params_min,params_max=params_min,params_new
evaluating model at params_new={'a1': 1.8475208614068024, 'a2': 2.5560386016907755, 'a3': 6.234786415388087}
params_min= {'a1': 1.8475208614068024, 'a2': 2.5560386016907755, 'a3': 6.233039487280665} logZ_min= nan obs_min= 4.9680999355569035
params_new= {'a1': 1.8475208614068024, 'a2': 2.5560386016907755, 'a3': 6.234786415388087} logZ_new= nan obs_new= 4.982111577351835
params_max= {'a1': 1.8475208614068024, 'a2': 2.5560386016907755, 'a3': 6.236533343495509} logZ_max= 3.788327484434961 obs_max= 4.993833958876917
dist_min= tensor(318.9569) dist_max= tensor(10.9961)
params_min,params_max=params_min,params_new
evaluating model at params_new={'a1': 1.8475208614068024, 'a2': 2.5560386016907755, 'a3': 6.233912951334377}
params_min= {'a1': 1.8475208614068024, 'a2': 2.5560386016907755, 'a3': 6.233039487280665} logZ_min= nan obs_min= 4.9680999355569035
params_new= {'a1': 1.8475208614068024, 'a2': 2.5560386016907755, 'a3': 6.233912951334377} logZ_new= 3.7878473874821736 obs_new= 4.97540908623557
params_max= {'a1': 1.8475208614068024, 'a2': 2.5560386016907755, 'a3': 6.234786415388087} logZ_max= nan obs_max= 4.982111577351835
dist_min= tensor(318.6860) dist_max= tensor(11.2092)
params_min,params_max=params_min,params_new
evaluating model at params_new={'a1': 1.8475208614068024, 'a2': 2.5560386016907755, 'a3': 6.233476219307521}
params_min= {'a1': 1.8475208614068024, 'a2': 2.5560386016907755, 'a3': 6.233039487280665} logZ_min= nan obs_min= 4.9680999355569035
params_new= {'a1': 1.8475208614068024, 'a2': 2.5560386016907755, 'a3': 6.233476219307521} logZ_new= nan obs_new= 4.971824840720123
params_max= {'a1': 1.8475208614068024, 'a2': 2.5560386016907755, 'a3': 6.233912951334377} logZ_max= 3.7878473874821736 obs_max= 4.97540908623557
dist_min= tensor(319.3357) dist_max= tensor(23.4254)
params_min,params_max=params_min,params_new
evaluating model at params_new={'a1': 1.8475208614068024, 'a2': 2.5560386016907755, 'a3': 6.233257853294093}
params_min= {'a1': 1.8475208614068024, 'a2': 2.5560386016907755, 'a3': 6.233039487280665} logZ_min= nan obs_min= 4.9680999355569035
params_new= {'a1': 1.8475208614068024, 'a2': 2.5560386016907755, 'a3': 6.233257853294093} logZ_new= nan obs_new= 4.969890655725221
params_max= {'a1': 1.8475208614068024, 'a2': 2.5560386016907755, 'a3': 6.233476219307521} logZ_max= nan obs_max= 4.971824840720123
dist_min= tensor(318.7848) dist_max= tensor(23.5865)
params_min,params_max=params_min,params_new
evaluating model at params_new={'a1': 1.8475208614068024, 'a2': 2.5560386016907755, 'a3': 6.233148670287379}
params_min= {'a1': 1.8475208614068024, 'a2': 2.5560386016907755, 'a3': 6.233039487280665} logZ_min= nan obs_min= 4.9680999355569035
params_new= {'a1': 1.8475208614068024, 'a2': 2.5560386016907755, 'a3': 6.233148670287379} logZ_new= 3.7877028777548007 obs_new= 4.970070610815425
params_max= {'a1': 1.8475208614068024, 'a2': 2.5560386016907755, 'a3': 6.233257853294093} logZ_max= nan obs_max= 4.969890655725221
dist_min= tensor(316.8405) dist_max= tensor(8.9417)
params_min,params_max=params_min,params_new
evaluating model at params_new={'a1': 1.8475208614068024, 'a2': 2.5560386016907755, 'a3': 6.233094078784022}
params_min= {'a1': 1.8475208614068024, 'a2': 2.5560386016907755, 'a3': 6.233039487280665} logZ_min= nan obs_min= 4.9680999355569035
params_new= {'a1': 1.8475208614068024, 'a2': 2.5560386016907755, 'a3': 6.233094078784022} logZ_new= nan obs_new= 4.9694350052640965
params_max= {'a1': 1.8475208614068024, 'a2': 2.5560386016907755, 'a3': 6.233148670287379} logZ_max= 3.7877028777548007 obs_max= 4.970070610815425
dist_min= tensor(318.7743) dist_max= tensor(9.0598)
params_min,params_max=params_min,params_new
evaluating model at params_new={'a1': 1.8475208614068024, 'a2': 2.5560386016907755, 'a3': 6.233066783032344}
params_min= {'a1': 1.8475208614068024, 'a2': 2.5560386016907755, 'a3': 6.233039487280665} logZ_min= nan obs_min= 4.9680999355569035
params_new= {'a1': 1.8475208614068024, 'a2': 2.5560386016907755, 'a3': 6.233066783032344} logZ_new= 3.7876388779921215 obs_new= 4.969059011200232
params_max= {'a1': 1.8475208614068024, 'a2': 2.5560386016907755, 'a3': 6.233094078784022} logZ_max= nan obs_max= 4.9694350052640965
dist_min= tensor(318.6444) dist_max= tensor(3.8439)
params_min,params_max=params_min,params_new
evaluating model at params_new={'a1': 1.8475208614068024, 'a2': 2.5560386016907755, 'a3': 6.233053135156505}
params_min= {'a1': 1.8475208614068024, 'a2': 2.5560386016907755, 'a3': 6.233039487280665} logZ_min= nan obs_min= 4.9680999355569035
params_new= {'a1': 1.8475208614068024, 'a2': 2.5560386016907755, 'a3': 6.233053135156505} logZ_new= 3.787662954344481 obs_new= 4.969086598795389
params_max= {'a1': 1.8475208614068024, 'a2': 2.5560386016907755, 'a3': 6.233066783032344} logZ_max= 3.7876388779921215 obs_max= 4.969059011200232
dist_min= tensor(318.0001) dist_max= tensor(1.2277)
params_min,params_max=params_min,params_new
evaluating model at params_new={'a1': 1.8475208614068024, 'a2': 2.5560386016907755, 'a3': 6.233046311218585}
params_min= {'a1': 1.8475208614068024, 'a2': 2.5560386016907755, 'a3': 6.233039487280665} logZ_min= nan obs_min= 4.9680999355569035
params_new= {'a1': 1.8475208614068024, 'a2': 2.5560386016907755, 'a3': 6.233046311218585} logZ_new= 3.787662171879706 obs_new= 4.969116361262697
params_max= {'a1': 1.8475208614068024, 'a2': 2.5560386016907755, 'a3': 6.233053135156505} logZ_max= 3.787662954344481 obs_max= 4.969086598795389
dist_min= tensor(3317.9882) dist_max= tensor(3634.0639)
params_min,params_max=params_new,params_max
evaluating model at params_new={'a1': 1.8475208614068024, 'a2': 2.5560386016907755, 'a3': 6.233049723187545}
params_min= {'a1': 1.8475208614068024, 'a2': 2.5560386016907755, 'a3': 6.233046311218585} logZ_min= 3.787662171879706 obs_min= 4.969116361262697
params_new= {'a1': 1.8475208614068024, 'a2': 2.5560386016907755, 'a3': 6.233049723187545} logZ_new= 3.787665867464316 obs_new= 4.969537171731596
params_max= {'a1': 1.8475208614068024, 'a2': 2.5560386016907755, 'a3': 6.233053135156505} logZ_max= 3.787662954344481 obs_max= 4.969086598795389
dist_min= tensor(3634.8406) dist_max= tensor(3.0997)
params_min,params_max=params_min,params_new
evaluating model at params_new={'a1': 1.8475208614068024, 'a2': 2.5560386016907755, 'a3': 6.233048017203065}
params_min= {'a1': 1.8475208614068024, 'a2': 2.5560386016907755, 'a3': 6.233046311218585} logZ_min= 3.787662171879706 obs_min= 4.969116361262697
params_new= {'a1': 1.8475208614068024, 'a2': 2.5560386016907755, 'a3': 6.233048017203065} logZ_new= nan obs_new= 4.969118863402754
params_max= {'a1': 1.8475208614068024, 'a2': 2.5560386016907755, 'a3': 6.233049723187545} logZ_max= 3.787665867464316 obs_max= 4.969537171731596
dist_min= tensor(3624.5341) dist_max= tensor(23.9104)
params_min,params_max=params_min,params_new
evaluating model at params_new={'a1': 1.8475208614068024, 'a2': 2.5560386016907755, 'a3': 6.233047164210825}
params_min= {'a1': 1.8475208614068024, 'a2': 2.5560386016907755, 'a3': 6.233046311218585} logZ_min= 3.787662171879706 obs_min= 4.969116361262697
params_new= {'a1': 1.8475208614068024, 'a2': 2.5560386016907755, 'a3': 6.233047164210825} logZ_new= 3.7876741021375193 obs_new= 4.969233588733025
params_max= {'a1': 1.8475208614068024, 'a2': 2.5560386016907755, 'a3': 6.233048017203065} logZ_max= nan obs_max= 4.969118863402754
dist_min= tensor(3633.7008) dist_max= tensor(22.1308)
params_min,params_max=params_min,params_new
evaluating model at params_new={'a1': 1.8475208614068024, 'a2': 2.5560386016907755, 'a3': 6.233046737714705}
params_min= {'a1': 1.8475208614068024, 'a2': 2.5560386016907755, 'a3': 6.233046311218585} logZ_min= 3.787662171879706 obs_min= 4.969116361262697
params_new= {'a1': 1.8475208614068024, 'a2': 2.5560386016907755, 'a3': 6.233046737714705} logZ_new= nan obs_new= 4.968876533194778
params_max= {'a1': 1.8475208614068024, 'a2': 2.5560386016907755, 'a3': 6.233047164210825} logZ_max= 3.7876741021375193 obs_max= 4.969233588733025
dist_min= tensor(7617.2543) dist_max= tensor(6695.8348)
params_min,params_max=params_min,params_new
evaluating model at params_new={'a1': 1.8475208614068024, 'a2': 2.5560386016907755, 'a3': 6.233046524466645}
params_min= {'a1': 1.8475208614068024, 'a2': 2.5560386016907755, 'a3': 6.233046311218585} logZ_min= 3.787662171879706 obs_min= 4.969116361262697
params_new= {'a1': 1.8475208614068024, 'a2': 2.5560386016907755, 'a3': 6.233046524466645} logZ_new= 3.787639534569814 obs_new= 4.968941502256321
params_max= {'a1': 1.8475208614068024, 'a2': 2.5560386016907755, 'a3': 6.233046737714705} logZ_max= nan obs_max= 4.968876533194778
dist_min= tensor(3634.6239) dist_max= tensor(6696.1966)
params_min,params_max=params_new,params_max
evaluating model at params_new={'a1': 1.8475208614068024, 'a2': 2.5560386016907755, 'a3': 6.233046631090675}
params_min= {'a1': 1.8475208614068024, 'a2': 2.5560386016907755, 'a3': 6.233046524466645} logZ_min= 3.787639534569814 obs_min= 4.968941502256321
params_new= {'a1': 1.8475208614068024, 'a2': 2.5560386016907755, 'a3': 6.233046631090675} logZ_new= 3.787672931001956 obs_new= 4.969872119839123
params_max= {'a1': 1.8475208614068024, 'a2': 2.5560386016907755, 'a3': 6.233046737714705} logZ_max= nan obs_max= 4.968876533194778
dist_min= tensor(2.7896) dist_max= tensor(6696.8870)
params_min,params_max=params_new,params_max
evaluating model at params_new={'a1': 1.8475208614068024, 'a2': 2.5560386016907755, 'a3': 6.23304668440269}
params_min= {'a1': 1.8475208614068024, 'a2': 2.5560386016907755, 'a3': 6.233046631090675} logZ_min= 3.787672931001956 obs_min= 4.969872119839123
params_new= {'a1': 1.8475208614068024, 'a2': 2.5560386016907755, 'a3': 6.23304668440269} logZ_new= 3.7876843665005815 obs_new= 4.969412877618393
params_max= {'a1': 1.8475208614068024, 'a2': 2.5560386016907755, 'a3': 6.233046737714705} logZ_max= nan obs_max= 4.968876533194778
dist_min= tensor(81.2707) dist_max= tensor(6697.5612)
params_min,params_max=params_new,params_max
evaluating model at params_new={'a1': 1.8475208614068024, 'a2': 2.5560386016907755, 'a3': 6.233046711058698}
params_min= {'a1': 1.8475208614068024, 'a2': 2.5560386016907755, 'a3': 6.23304668440269} logZ_min= 3.7876843665005815 obs_min= 4.969412877618393
params_new= {'a1': 1.8475208614068024, 'a2': 2.5560386016907755, 'a3': 6.233046711058698} logZ_new= 3.787680400899161 obs_new= 4.969351419346557
params_max= {'a1': 1.8475208614068024, 'a2': 2.5560386016907755, 'a3': 6.233046737714705} logZ_max= nan obs_max= 4.968876533194778
dist_min= tensor(81.2273) dist_max= tensor(6696.8431)
params_min,params_max=params_new,params_max
evaluating model at params_new={'a1': 1.8475208614068024, 'a2': 2.5560386016907755, 'a3': 6.233046724386702}
params_min= {'a1': 1.8475208614068024, 'a2': 2.5560386016907755, 'a3': 6.233046711058698} logZ_min= 3.787680400899161 obs_min= 4.969351419346557
params_new= {'a1': 1.8475208614068024, 'a2': 2.5560386016907755, 'a3': 6.233046724386702} logZ_new= 3.7876809444923056 obs_new= 4.969372985161383
params_max= {'a1': 1.8475208614068024, 'a2': 2.5560386016907755, 'a3': 6.233046737714705} logZ_max= nan obs_max= 4.968876533194778
dist_min= tensor(151.6661) dist_max= tensor(6698.8201)
params_min,params_max=params_new,params_max
evaluating model at params_new={'a1': 1.8475208614068024, 'a2': 2.5560386016907755, 'a3': 6.233046731050703}
params_min= {'a1': 1.8475208614068024, 'a2': 2.5560386016907755, 'a3': 6.233046724386702} logZ_min= 3.7876809444923056 obs_min= 4.969372985161383
params_new= {'a1': 1.8475208614068024, 'a2': 2.5560386016907755, 'a3': 6.233046731050703} logZ_new= 3.7876431556893513 obs_new= 4.967992097704117
params_max= {'a1': 1.8475208614068024, 'a2': 2.5560386016907755, 'a3': 6.233046737714705} logZ_max= nan obs_max= 4.968876533194778
dist_min= tensor(151.7328) dist_max= tensor(6696.8928)
params_min,params_max=params_new,params_max
evaluating model at params_new={'a1': 1.8475208614068024, 'a2': 2.5560386016907755, 'a3': 6.233046734382704}
params_min= {'a1': 1.8475208614068024, 'a2': 2.5560386016907755, 'a3': 6.233046731050703} logZ_min= 3.7876431556893513 obs_min= 4.967992097704117
params_new= {'a1': 1.8475208614068024, 'a2': 2.5560386016907755, 'a3': 6.233046734382704} logZ_new= 3.7876673049647436 obs_new= 4.969215507272262
params_max= {'a1': 1.8475208614068024, 'a2': 2.5560386016907755, 'a3': 6.233046737714705} logZ_max= nan obs_max= 4.968876533194778
dist_min= tensor(1993.6938) dist_max= tensor(6986.8173)
params_min,params_max=params_new,params_max
evaluating model at params_new={'a1': 1.8475208614068024, 'a2': 2.5560386016907755, 'a3': 6.2330467360487045}
params_min= {'a1': 1.8475208614068024, 'a2': 2.5560386016907755, 'a3': 6.233046734382704} logZ_min= 3.7876673049647436 obs_min= 4.969215507272262
params_new= {'a1': 1.8475208614068024, 'a2': 2.5560386016907755, 'a3': 6.2330467360487045} logZ_new= 3.787681751071805 obs_new= 4.9693518916228046
params_max= {'a1': 1.8475208614068024, 'a2': 2.5560386016907755, 'a3': 6.233046737714705} logZ_max= nan obs_max= 4.968876533194778
dist_min= tensor(1995.0169) dist_max= tensor(6697.1756)
params_min,params_max=params_new,params_max
evaluating model at params_new={'a1': 1.8475208614068024, 'a2': 2.5560386016907755, 'a3': 6.233046736881705}
params_min= {'a1': 1.8475208614068024, 'a2': 2.5560386016907755, 'a3': 6.2330467360487045} logZ_min= 3.787681751071805 obs_min= 4.9693518916228046
params_new= {'a1': 1.8475208614068024, 'a2': 2.5560386016907755, 'a3': 6.233046736881705} logZ_new= nan obs_new= 4.968661215031859
params_max= {'a1': 1.8475208614068024, 'a2': 2.5560386016907755, 'a3': 6.233046737714705} logZ_max= nan obs_max= 4.968876533194778
dist_min= tensor(75.9892) dist_max= tensor(6696.8909)
params_min,params_max=params_new,params_max
evaluating model at params_new={'a1': 1.8475208614068024, 'a2': 2.5560386016907755, 'a3': 6.233046737298205}
params_min= {'a1': 1.8475208614068024, 'a2': 2.5560386016907755, 'a3': 6.233046736881705} logZ_min= nan obs_min= 4.968661215031859
params_new= {'a1': 1.8475208614068024, 'a2': 2.5560386016907755, 'a3': 6.233046737298205} logZ_new= 3.7876820890366183 obs_new= 4.9693321232511405
params_max= {'a1': 1.8475208614068024, 'a2': 2.5560386016907755, 'a3': 6.233046737714705} logZ_max= nan obs_max= 4.968876533194778
dist_min= tensor(764.7903) dist_max= tensor(6740.4609)
params_min,params_max=params_new,params_max
evaluating model at params_new={'a1': 1.8475208614068024, 'a2': 2.5560386016907755, 'a3': 6.233046737506455}
params_min= {'a1': 1.8475208614068024, 'a2': 2.5560386016907755, 'a3': 6.233046737298205} logZ_min= 3.7876820890366183 obs_min= 4.9693321232511405
params_new= {'a1': 1.8475208614068024, 'a2': 2.5560386016907755, 'a3': 6.233046737506455} logZ_new= 3.78766067561666 obs_new= 4.968732374123469
params_max= {'a1': 1.8475208614068024, 'a2': 2.5560386016907755, 'a3': 6.233046737714705} logZ_max= nan obs_max= 4.968876533194778
dist_min= tensor(764.0104) dist_max= tensor(6696.1013)
params_min,params_max=params_new,params_max
evaluating model at params_new={'a1': 1.8475208614068024, 'a2': 2.5560386016907755, 'a3': 6.2330467376105805}
params_min= {'a1': 1.8475208614068024, 'a2': 2.5560386016907755, 'a3': 6.233046737506455} logZ_min= 3.78766067561666 obs_min= 4.968732374123469
params_new= {'a1': 1.8475208614068024, 'a2': 2.5560386016907755, 'a3': 6.2330467376105805} logZ_new= 3.787637964333455 obs_new= 4.968076480090656
params_max= {'a1': 1.8475208614068024, 'a2': 2.5560386016907755, 'a3': 6.233046737714705} logZ_max= nan obs_max= 4.968876533194778
dist_min= tensor(2.4632) dist_max= tensor(6695.9979)
params_min,params_max=params_new,params_max
evaluating model at params_new={'a1': 1.8475208614068024, 'a2': 2.5560386016907755, 'a3': 6.233046737662643}
params_min= {'a1': 1.8475208614068024, 'a2': 2.5560386016907755, 'a3': 6.2330467376105805} logZ_min= 3.787637964333455 obs_min= 4.968076480090656
params_new= {'a1': 1.8475208614068024, 'a2': 2.5560386016907755, 'a3': 6.233046737662643} logZ_new= nan obs_new= 4.968489453637072
params_max= {'a1': 1.8475208614068024, 'a2': 2.5560386016907755, 'a3': 6.233046737714705} logZ_max= nan obs_max= 4.968876533194778
dist_min= tensor(560.5347) dist_max= tensor(6720.0919)
params_min,params_max=params_new,params_max
evaluating model at params_new={'a1': 1.8475208614068024, 'a2': 2.5560386016907755, 'a3': 6.2330467376886745}
params_min= {'a1': 1.8475208614068024, 'a2': 2.5560386016907755, 'a3': 6.233046737662643} logZ_min= nan obs_min= 4.968489453637072
params_new= {'a1': 1.8475208614068024, 'a2': 2.5560386016907755, 'a3': 6.2330467376886745} logZ_new= nan obs_new= 4.968876959225335
params_max= {'a1': 1.8475208614068024, 'a2': 2.5560386016907755, 'a3': 6.233046737714705} logZ_max= nan obs_max= 4.968876533194778
dist_min= tensor(1229.4782) dist_max= tensor(6784.7520)
params_min,params_max=params_new,params_max
evaluating model at params_new={'a1': 1.8475208614068024, 'a2': 2.5560386016907755, 'a3': 6.23304673770169}
params_min= {'a1': 1.8475208614068024, 'a2': 2.5560386016907755, 'a3': 6.2330467376886745} logZ_min= nan obs_min= 4.968876959225335
params_new= {'a1': 1.8475208614068024, 'a2': 2.5560386016907755, 'a3': 6.23304673770169} logZ_new= 3.7876363014300902 obs_new= 4.968190745044157
params_max= {'a1': 1.8475208614068024, 'a2': 2.5560386016907755, 'a3': 6.233046737714705} logZ_max= nan obs_max= 4.968876533194778
dist_min= tensor(1221.3923) dist_max= tensor(6716.5295)
params_min,params_max=params_new,params_max
evaluating model at params_new={'a1': 1.8475208614068024, 'a2': 2.5560386016907755, 'a3': 6.2330467377081975}
params_min= {'a1': 1.8475208614068024, 'a2': 2.5560386016907755, 'a3': 6.23304673770169} logZ_min= 3.7876363014300902 obs_min= 4.968190745044157
params_new= {'a1': 1.8475208614068024, 'a2': 2.5560386016907755, 'a3': 6.2330467377081975} logZ_new= nan obs_new= 4.969318408620179
params_max= {'a1': 1.8475208614068024, 'a2': 2.5560386016907755, 'a3': 6.233046737714705} logZ_max= nan obs_max= 4.968876533194778
dist_min= tensor(555.8279) dist_max= tensor(6688.4536)
params_min,params_max=params_new,params_max
evaluating model at params_new={'a1': 1.8475208614068024, 'a2': 2.5560386016907755, 'a3': 6.233046737711451}
params_min= {'a1': 1.8475208614068024, 'a2': 2.5560386016907755, 'a3': 6.2330467377081975} logZ_min= nan obs_min= 4.969318408620179
params_new= {'a1': 1.8475208614068024, 'a2': 2.5560386016907755, 'a3': 6.233046737711451} logZ_new= nan obs_new= 4.969235666203594
params_max= {'a1': 1.8475208614068024, 'a2': 2.5560386016907755, 'a3': 6.233046737714705} logZ_max= nan obs_max= 4.968876533194778
dist_min= tensor(1412.7038) dist_max= tensor(6843.6751)
params_min,params_max=params_new,params_max
evaluating model at params_new={'a1': 1.8475208614068024, 'a2': 2.5560386016907755, 'a3': 6.233046737713078}
params_min= {'a1': 1.8475208614068024, 'a2': 2.5560386016907755, 'a3': 6.233046737711451} logZ_min= nan obs_min= 4.969235666203594
params_new= {'a1': 1.8475208614068024, 'a2': 2.5560386016907755, 'a3': 6.233046737713078} logZ_new= nan obs_new= 4.969373957042019
params_max= {'a1': 1.8475208614068024, 'a2': 2.5560386016907755, 'a3': 6.233046737714705} logZ_max= nan obs_max= 4.968876533194778
dist_min= tensor(1413.0782) dist_max= tensor(6697.7118)
params_min,params_max=params_new,params_max
evaluating model at params_new={'a1': 1.8475208614068024, 'a2': 2.5560386016907755, 'a3': 6.233046737713892}
params_min= {'a1': 1.8475208614068024, 'a2': 2.5560386016907755, 'a3': 6.233046737713078} logZ_min= nan obs_min= 4.969373957042019
params_new= {'a1': 1.8475208614068024, 'a2': 2.5560386016907755, 'a3': 6.233046737713892} logZ_new= 3.7876735685476586 obs_new= 4.969777779587989
params_max= {'a1': 1.8475208614068024, 'a2': 2.5560386016907755, 'a3': 6.233046737714705} logZ_max= nan obs_max= 4.968876533194778
dist_min= tensor(89.6690) dist_max= tensor(6696.8855)
params_min,params_max=params_new,params_max
evaluating model at params_new={'a1': 1.8475208614068024, 'a2': 2.5560386016907755, 'a3': 6.233046737714298}
params_min= {'a1': 1.8475208614068024, 'a2': 2.5560386016907755, 'a3': 6.233046737713892} logZ_min= 3.7876735685476586 obs_min= 4.969777779587989
params_new= {'a1': 1.8475208614068024, 'a2': 2.5560386016907755, 'a3': 6.233046737714298} logZ_new= 3.7876827916610956 obs_new= 4.969344562372947
params_max= {'a1': 1.8475208614068024, 'a2': 2.5560386016907755, 'a3': 6.233046737714705} logZ_max= nan obs_max= 4.968876533194778
dist_min= tensor(5.8409) dist_max= tensor(6695.6640)
params_min,params_max=params_new,params_max
evaluating model at params_new={'a1': 1.8475208614068024, 'a2': 2.5560386016907755, 'a3': 6.233046737714502}
params_min= {'a1': 1.8475208614068024, 'a2': 2.5560386016907755, 'a3': 6.233046737714298} logZ_min= 3.7876827916610956 obs_min= 4.969344562372947
params_new= {'a1': 1.8475208614068024, 'a2': 2.5560386016907755, 'a3': 6.233046737714502} logZ_new= nan obs_new= 4.968764469398843
params_max= {'a1': 1.8475208614068024, 'a2': 2.5560386016907755, 'a3': 6.233046737714705} logZ_max= nan obs_max= 4.968876533194778
dist_min= tensor(5.7253) dist_max= tensor(6696.8652)
params_min,params_max=params_new,params_max
evaluating model at params_new={'a1': 1.8475208614068024, 'a2': 2.5560386016907755, 'a3': 6.233046737714604}
params_min= {'a1': 1.8475208614068024, 'a2': 2.5560386016907755, 'a3': 6.233046737714502} logZ_min= nan obs_min= 4.968764469398843
params_new= {'a1': 1.8475208614068024, 'a2': 2.5560386016907755, 'a3': 6.233046737714604} logZ_new= 3.7876469167642663 obs_new= 4.968935026008161
params_max= {'a1': 1.8475208614068024, 'a2': 2.5560386016907755, 'a3': 6.233046737714705} logZ_max= nan obs_max= 4.968876533194778
dist_min= tensor(168.3583) dist_max= tensor(6529.6890)
params_min,params_max=params_new,params_max
evaluating model at params_new={'a1': 1.8475208614068024, 'a2': 2.5560386016907755, 'a3': 6.233046737714655}
params_min= {'a1': 1.8475208614068024, 'a2': 2.5560386016907755, 'a3': 6.233046737714604} logZ_min= 3.7876469167642663 obs_min= 4.968935026008161
params_new= {'a1': 1.8475208614068024, 'a2': 2.5560386016907755, 'a3': 6.233046737714655} logZ_new= nan obs_new= 4.969382110047121
params_max= {'a1': 1.8475208614068024, 'a2': 2.5560386016907755, 'a3': 6.233046737714705} logZ_max= nan obs_max= 4.968876533194778
dist_min= tensor(6272.8444) dist_max= tensor(9172.9374)
params_min,params_max=params_new,params_max
evaluating model at params_new={'a1': 1.8475208614068024, 'a2': 2.5560386016907755, 'a3': 6.23304673771468}
params_min= {'a1': 1.8475208614068024, 'a2': 2.5560386016907755, 'a3': 6.233046737714655} logZ_min= nan obs_min= 4.969382110047121
params_new= {'a1': 1.8475208614068024, 'a2': 2.5560386016907755, 'a3': 6.23304673771468} logZ_new= 3.787672077325578 obs_new= 4.969710182339677
params_max= {'a1': 1.8475208614068024, 'a2': 2.5560386016907755, 'a3': 6.233046737714705} logZ_max= nan obs_max= 4.968876533194778
dist_min= tensor(6269.6184) dist_max= tensor(6696.1693)
params_min,params_max=params_new,params_max
evaluating model at params_new={'a1': 1.8475208614068024, 'a2': 2.5560386016907755, 'a3': 6.233046737714693}
params_min= {'a1': 1.8475208614068024, 'a2': 2.5560386016907755, 'a3': 6.23304673771468} logZ_min= 3.787672077325578 obs_min= 4.969710182339677
params_new= {'a1': 1.8475208614068024, 'a2': 2.5560386016907755, 'a3': 6.233046737714693} logZ_new= 3.7876841115416116 obs_new= 4.96942156353934
params_max= {'a1': 1.8475208614068024, 'a2': 2.5560386016907755, 'a3': 6.233046737714705} logZ_max= nan obs_max= 4.968876533194778
dist_min= tensor(114.5915) dist_max= tensor(6697.6519)
params_min,params_max=params_new,params_max
evaluating model at params_new={'a1': 1.8475208614068024, 'a2': 2.5560386016907755, 'a3': 6.233046737714699}
params_min= {'a1': 1.8475208614068024, 'a2': 2.5560386016907755, 'a3': 6.233046737714693} logZ_min= 3.7876841115416116 obs_min= 4.96942156353934
params_new= {'a1': 1.8475208614068024, 'a2': 2.5560386016907755, 'a3': 6.233046737714699} logZ_new= 3.787660333081831 obs_new= 4.969068477594285
params_max= {'a1': 1.8475208614068024, 'a2': 2.5560386016907755, 'a3': 6.233046737714705} logZ_max= nan obs_max= 4.968876533194778
dist_min= tensor(4806.6401) dist_max= tensor(8242.8533)
params_min,params_max=params_new,params_max
evaluating model at params_new={'a1': 1.8475208614068024, 'a2': 2.5560386016907755, 'a3': 6.233046737714702}
params_min= {'a1': 1.8475208614068024, 'a2': 2.5560386016907755, 'a3': 6.233046737714699} logZ_min= 3.787660333081831 obs_min= 4.969068477594285
params_new= {'a1': 1.8475208614068024, 'a2': 2.5560386016907755, 'a3': 6.233046737714702} logZ_new= 3.787683069880699 obs_new= 4.969329994672066
params_max= {'a1': 1.8475208614068024, 'a2': 2.5560386016907755, 'a3': 6.233046737714705} logZ_max= nan obs_max= 4.968876533194778
dist_min= tensor(4874.0427) dist_max= tensor(6712.4882)
params_min,params_max=params_new,params_max
evaluating model at params_new={'a1': 1.8475208614068024, 'a2': 2.5560386016907755, 'a3': 6.233046737714703}
params_min= {'a1': 1.8475208614068024, 'a2': 2.5560386016907755, 'a3': 6.233046737714702} logZ_min= 3.787683069880699 obs_min= 4.969329994672066
params_new= {'a1': 1.8475208614068024, 'a2': 2.5560386016907755, 'a3': 6.233046737714703} logZ_new= 3.787673023654735 obs_new= 4.969214884139242
params_max= {'a1': 1.8475208614068024, 'a2': 2.5560386016907755, 'a3': 6.233046737714705} logZ_max= nan obs_max= 4.968876533194778
dist_min= tensor(823.9494) dist_max= tensor(6696.1062)
params_min,params_max=params_new,params_max
evaluating model at params_new={'a1': 1.8475208614068024, 'a2': 2.5560386016907755, 'a3': 6.233046737714704}
params_min= {'a1': 1.8475208614068024, 'a2': 2.5560386016907755, 'a3': 6.233046737714703} logZ_min= 3.787673023654735 obs_min= 4.969214884139242
params_new= {'a1': 1.8475208614068024, 'a2': 2.5560386016907755, 'a3': 6.233046737714704} logZ_new= 3.7876787166527435 obs_new= 4.969446474681009
params_max= {'a1': 1.8475208614068024, 'a2': 2.5560386016907755, 'a3': 6.233046737714705} logZ_max= nan obs_max= 4.968876533194778
dist_min= tensor(3.4826) dist_max= tensor(6696.8636)
params_min,params_max=params_new,params_max
critical params found:  {'a1': 1.8475208614068024, 'a2': 2.5560386016907755, 'a3': 6.233046737714705}
reference params:  {'a1': 1.1547005383792515, 'a2': 1.8257418583505538, 'a3': 4.47213595499958}
file saved to  data/AKLT3D_X10_scan_grid_critical_a3/a1_1.8475209_a2_2.5560386/Tc.json
