Start running find_critical_temp.py with options:{'filename': 'data/AKLT3D_X10_scan_grid_critical_a3/a1_2.3094011_a2_0.7302967/Tc.json', 'log_filename': 'data/AKLT3D_X10_scan_grid_critical_a3/a1_2.3094011_a2_0.7302967/Tc.log', 'nLayers': 60, 'max_dim': 10, 'model': 'AKLT3D', 'params_min': "{'a1': 2.309401076758503, 'a2': 0.7302967433402215, 'a3': 6.260990336999412}", 'params_max': "{'a1': 2.309401076758503, 'a2': 0.7302967433402215, 'a3': 7.155417527999328}", 'params_ref': None, 'observable_name': 'magnetizationZ', 'tol': 0.0, 'gilt_enabled': False, 'gilt_eps': 8e-07, 'gilt_nIter': 1, 'mcf_enabled': True, 'mcf_eps': 1e-16, 'mcf_max_iter': 200, 'hotrg_sanity_check': False, 'version': 1, 'device': 'cuda:1'}
loading library...
evaluating model at params_min={'a1': 2.309401076758503, 'a2': 0.7302967433402215, 'a3': 6.260990336999412}
params_min= {'a1': 2.309401076758503, 'a2': 0.7302967433402215, 'a3': 6.260990336999412} logZ_min= 3.827181297124664 obs_min= 1.0044724379990074e-33
evaluating model at params_max={'a1': 2.309401076758503, 'a2': 0.7302967433402215, 'a3': 7.155417527999328}
params_max= {'a1': 2.309401076758503, 'a2': 0.7302967433402215, 'a3': 7.155417527999328} logZ_max= 3.923147057507806 obs_max= 8.95267548652101
searching for critical temperature using bisection method
evaluating model at params_new={'a1': 2.309401076758503, 'a2': 0.7302967433402215, 'a3': 6.708203932499369}
params_min= {'a1': 2.309401076758503, 'a2': 0.7302967433402215, 'a3': 6.260990336999412} logZ_min= 3.827181297124664 obs_min= 1.0044724379990074e-33
params_new= {'a1': 2.309401076758503, 'a2': 0.7302967433402215, 'a3': 6.708203932499369} logZ_new= nan obs_new= 5.791839258023928e-33
params_max= {'a1': 2.309401076758503, 'a2': 0.7302967433402215, 'a3': 7.155417527999328} logZ_max= 3.923147057507806 obs_max= 8.95267548652101
dist_min= tensor(253.3719) dist_max= tensor(170.7725)
params_min,params_max=params_min,params_new
evaluating model at params_new={'a1': 2.309401076758503, 'a2': 0.7302967433402215, 'a3': 6.484597134749391}
params_min= {'a1': 2.309401076758503, 'a2': 0.7302967433402215, 'a3': 6.260990336999412} logZ_min= 3.827181297124664 obs_min= 1.0044724379990074e-33
params_new= {'a1': 2.309401076758503, 'a2': 0.7302967433402215, 'a3': 6.484597134749391} logZ_new= nan obs_new= 1.0219959741036e-34
params_max= {'a1': 2.309401076758503, 'a2': 0.7302967433402215, 'a3': 6.708203932499369} logZ_max= nan obs_max= 5.791839258023928e-33
dist_min= tensor(195.6855) dist_max= tensor(57.8770)
params_min,params_max=params_min,params_new
evaluating model at params_new={'a1': 2.309401076758503, 'a2': 0.7302967433402215, 'a3': 6.372793735874401}
params_min= {'a1': 2.309401076758503, 'a2': 0.7302967433402215, 'a3': 6.260990336999412} logZ_min= 3.827181297124664 obs_min= 1.0044724379990074e-33
params_new= {'a1': 2.309401076758503, 'a2': 0.7302967433402215, 'a3': 6.372793735874401} logZ_new= 3.8289811241934033 obs_new= 6.260243452507983e-32
params_max= {'a1': 2.309401076758503, 'a2': 0.7302967433402215, 'a3': 6.484597134749391} logZ_max= nan obs_max= 1.0219959741036e-34
dist_min= tensor(125.5087) dist_max= tensor(71.9838)
params_min,params_max=params_min,params_new
evaluating model at params_new={'a1': 2.309401076758503, 'a2': 0.7302967433402215, 'a3': 6.316892036436906}
params_min= {'a1': 2.309401076758503, 'a2': 0.7302967433402215, 'a3': 6.260990336999412} logZ_min= 3.827181297124664 obs_min= 1.0044724379990074e-33
params_new= {'a1': 2.309401076758503, 'a2': 0.7302967433402215, 'a3': 6.316892036436906} logZ_new= 3.8280672497223565 obs_new= 6.64407850989589e-33
params_max= {'a1': 2.309401076758503, 'a2': 0.7302967433402215, 'a3': 6.372793735874401} logZ_max= 3.8289811241934033 obs_max= 6.260243452507983e-32
dist_min= tensor(76.0895) dist_max= tensor(63.4171)
params_min,params_max=params_min,params_new
evaluating model at params_new={'a1': 2.309401076758503, 'a2': 0.7302967433402215, 'a3': 6.288941186718159}
params_min= {'a1': 2.309401076758503, 'a2': 0.7302967433402215, 'a3': 6.260990336999412} logZ_min= 3.827181297124664 obs_min= 1.0044724379990074e-33
params_new= {'a1': 2.309401076758503, 'a2': 0.7302967433402215, 'a3': 6.288941186718159} logZ_new= 3.8276022141114443 obs_new= 5.40183460172983e-32
params_max= {'a1': 2.309401076758503, 'a2': 0.7302967433402215, 'a3': 6.316892036436906} logZ_max= 3.8280672497223565 obs_max= 6.64407850989589e-33
dist_min= tensor(44.0170) dist_max= tensor(33.1242)
params_min,params_max=params_min,params_new
evaluating model at params_new={'a1': 2.309401076758503, 'a2': 0.7302967433402215, 'a3': 6.274965761858786}
params_min= {'a1': 2.309401076758503, 'a2': 0.7302967433402215, 'a3': 6.260990336999412} logZ_min= 3.827181297124664 obs_min= 1.0044724379990074e-33
params_new= {'a1': 2.309401076758503, 'a2': 0.7302967433402215, 'a3': 6.274965761858786} logZ_new= 3.8273996986606686 obs_new= 4.4916792065027057e-32
params_max= {'a1': 2.309401076758503, 'a2': 0.7302967433402215, 'a3': 6.288941186718159} logZ_max= 3.8276022141114443 obs_max= 5.40183460172983e-32
dist_min= tensor(19.7910) dist_max= tensor(29.2020)
params_min,params_max=params_new,params_max
evaluating model at params_new={'a1': 2.309401076758503, 'a2': 0.7302967433402215, 'a3': 6.281953474288472}
params_min= {'a1': 2.309401076758503, 'a2': 0.7302967433402215, 'a3': 6.274965761858786} logZ_min= 3.8273996986606686 obs_min= 4.4916792065027057e-32
params_new= {'a1': 2.309401076758503, 'a2': 0.7302967433402215, 'a3': 6.281953474288472} logZ_new= 3.827512074550868 obs_new= 1.6640192628058917e-31
params_max= {'a1': 2.309401076758503, 'a2': 0.7302967433402215, 'a3': 6.288941186718159} logZ_max= 3.8276022141114443 obs_max= 5.40183460172983e-32
dist_min= tensor(9.3588) dist_max= tensor(23.9827)
params_min,params_max=params_new,params_max
evaluating model at params_new={'a1': 2.309401076758503, 'a2': 0.7302967433402215, 'a3': 6.285447330503315}
params_min= {'a1': 2.309401076758503, 'a2': 0.7302967433402215, 'a3': 6.281953474288472} logZ_min= 3.827512074550868 obs_min= 1.6640192628058917e-31
params_new= {'a1': 2.309401076758503, 'a2': 0.7302967433402215, 'a3': 6.285447330503315} logZ_new= nan obs_new= 4.5018333948462325e-33
params_max= {'a1': 2.309401076758503, 'a2': 0.7302967433402215, 'a3': 6.288941186718159} logZ_max= 3.8276022141114443 obs_max= 5.40183460172983e-32
dist_min= tensor(15808.7817) dist_max= tensor(15809.4217)
params_min,params_max=params_new,params_max
evaluating model at params_new={'a1': 2.309401076758503, 'a2': 0.7302967433402215, 'a3': 6.287194258610737}
params_min= {'a1': 2.309401076758503, 'a2': 0.7302967433402215, 'a3': 6.285447330503315} logZ_min= nan obs_min= 4.5018333948462325e-33
params_new= {'a1': 2.309401076758503, 'a2': 0.7302967433402215, 'a3': 6.287194258610737} logZ_new= 3.8275712259224064 obs_new= 8.08596526364477e-34
params_max= {'a1': 2.309401076758503, 'a2': 0.7302967433402215, 'a3': 6.288941186718159} logZ_max= 3.8276022141114443 obs_max= 5.40183460172983e-32
dist_min= tensor(15809.3891) dist_max= tensor(22.9724)
params_min,params_max=params_min,params_new
evaluating model at params_new={'a1': 2.309401076758503, 'a2': 0.7302967433402215, 'a3': 6.286320794557026}
params_min= {'a1': 2.309401076758503, 'a2': 0.7302967433402215, 'a3': 6.285447330503315} logZ_min= nan obs_min= 4.5018333948462325e-33
params_new= {'a1': 2.309401076758503, 'a2': 0.7302967433402215, 'a3': 6.286320794557026} logZ_new= nan obs_new= 1.1653355162734483e-32
params_max= {'a1': 2.309401076758503, 'a2': 0.7302967433402215, 'a3': 6.287194258610737} logZ_max= 3.8275712259224064 obs_max= 8.08596526364477e-34
dist_min= tensor(15553.6416) dist_max= tensor(255.7500)
params_min,params_max=params_min,params_new
evaluating model at params_new={'a1': 2.309401076758503, 'a2': 0.7302967433402215, 'a3': 6.285884062530171}
params_min= {'a1': 2.309401076758503, 'a2': 0.7302967433402215, 'a3': 6.285447330503315} logZ_min= nan obs_min= 4.5018333948462325e-33
params_new= {'a1': 2.309401076758503, 'a2': 0.7302967433402215, 'a3': 6.285884062530171} logZ_new= 3.827571490333971 obs_new= 5.524477153536473e-32
params_max= {'a1': 2.309401076758503, 'a2': 0.7302967433402215, 'a3': 6.286320794557026} logZ_max= nan obs_max= 1.1653355162734483e-32
dist_min= tensor(15808.7811) dist_max= tensor(255.1422)
params_min,params_max=params_min,params_new
evaluating model at params_new={'a1': 2.309401076758503, 'a2': 0.7302967433402215, 'a3': 6.285665696516743}
params_min= {'a1': 2.309401076758503, 'a2': 0.7302967433402215, 'a3': 6.285447330503315} logZ_min= nan obs_min= 4.5018333948462325e-33
params_new= {'a1': 2.309401076758503, 'a2': 0.7302967433402215, 'a3': 6.285665696516743} logZ_new= 3.8275700153883174 obs_new= 9.272941028407452e-33
params_max= {'a1': 2.309401076758503, 'a2': 0.7302967433402215, 'a3': 6.285884062530171} logZ_max= 3.827571490333971 obs_max= 5.524477153536473e-32
dist_min= tensor(15849.5045) dist_max= tensor(1124.8692)
params_min,params_max=params_min,params_new
evaluating model at params_new={'a1': 2.309401076758503, 'a2': 0.7302967433402215, 'a3': 6.285556513510029}
params_min= {'a1': 2.309401076758503, 'a2': 0.7302967433402215, 'a3': 6.285447330503315} logZ_min= nan obs_min= 4.5018333948462325e-33
params_new= {'a1': 2.309401076758503, 'a2': 0.7302967433402215, 'a3': 6.285556513510029} logZ_new= 3.827569865918799 obs_new= 7.858793117947828e-32
params_max= {'a1': 2.309401076758503, 'a2': 0.7302967433402215, 'a3': 6.285665696516743} logZ_max= 3.8275700153883174 obs_max= 9.272941028407452e-33
dist_min= tensor(15809.2852) dist_max= tensor(1125.4005)
params_min,params_max=params_min,params_new
evaluating model at params_new={'a1': 2.309401076758503, 'a2': 0.7302967433402215, 'a3': 6.285501922006672}
params_min= {'a1': 2.309401076758503, 'a2': 0.7302967433402215, 'a3': 6.285447330503315} logZ_min= nan obs_min= 4.5018333948462325e-33
params_new= {'a1': 2.309401076758503, 'a2': 0.7302967433402215, 'a3': 6.285501922006672} logZ_new= 3.8275683494523807 obs_new= 5.949281508102392e-32
params_max= {'a1': 2.309401076758503, 'a2': 0.7302967433402215, 'a3': 6.285556513510029} logZ_max= 3.827569865918799 obs_max= 7.858793117947828e-32
dist_min= tensor(15808.7811) dist_max= tensor(3.7855)
params_min,params_max=params_min,params_new
evaluating model at params_new={'a1': 2.309401076758503, 'a2': 0.7302967433402215, 'a3': 6.285474626254993}
params_min= {'a1': 2.309401076758503, 'a2': 0.7302967433402215, 'a3': 6.285447330503315} logZ_min= nan obs_min= 4.5018333948462325e-33
params_new= {'a1': 2.309401076758503, 'a2': 0.7302967433402215, 'a3': 6.285474626254993} logZ_new= nan obs_new= 7.609836547279945e-35
params_max= {'a1': 2.309401076758503, 'a2': 0.7302967433402215, 'a3': 6.285501922006672} logZ_max= 3.8275683494523807 obs_max= 5.949281508102392e-32
dist_min= tensor(15808.9543) dist_max= tensor(1.8144)
params_min,params_max=params_min,params_new
evaluating model at params_new={'a1': 2.309401076758503, 'a2': 0.7302967433402215, 'a3': 6.285460978379154}
params_min= {'a1': 2.309401076758503, 'a2': 0.7302967433402215, 'a3': 6.285447330503315} logZ_min= nan obs_min= 4.5018333948462325e-33
params_new= {'a1': 2.309401076758503, 'a2': 0.7302967433402215, 'a3': 6.285460978379154} logZ_new= 3.827568480115346 obs_new= 1.0123046129610347e-31
params_max= {'a1': 2.309401076758503, 'a2': 0.7302967433402215, 'a3': 6.285474626254993} logZ_max= nan obs_max= 7.609836547279945e-35
dist_min= tensor(15808.7811) dist_max= tensor(1.7303)
params_min,params_max=params_min,params_new
evaluating model at params_new={'a1': 2.309401076758503, 'a2': 0.7302967433402215, 'a3': 6.285454154441235}
params_min= {'a1': 2.309401076758503, 'a2': 0.7302967433402215, 'a3': 6.285447330503315} logZ_min= nan obs_min= 4.5018333948462325e-33
params_new= {'a1': 2.309401076758503, 'a2': 0.7302967433402215, 'a3': 6.285454154441235} logZ_new= nan obs_new= 3.032361190744247e-35
params_max= {'a1': 2.309401076758503, 'a2': 0.7302967433402215, 'a3': 6.285460978379154} logZ_max= 3.827568480115346 obs_max= 1.0123046129610347e-31
dist_min= tensor(15707.3087) dist_max= tensor(101.4836)
params_min,params_max=params_min,params_new
evaluating model at params_new={'a1': 2.309401076758503, 'a2': 0.7302967433402215, 'a3': 6.285450742472275}
params_min= {'a1': 2.309401076758503, 'a2': 0.7302967433402215, 'a3': 6.285447330503315} logZ_min= nan obs_min= 4.5018333948462325e-33
params_new= {'a1': 2.309401076758503, 'a2': 0.7302967433402215, 'a3': 6.285450742472275} logZ_new= 3.8275165739518324 obs_new= 7.471064550663301e-35
params_max= {'a1': 2.309401076758503, 'a2': 0.7302967433402215, 'a3': 6.285454154441235} logZ_max= nan obs_max= 3.032361190744247e-35
dist_min= tensor(15809.4160) dist_max= tensor(102.2591)
params_min,params_max=params_min,params_new
evaluating model at params_new={'a1': 2.309401076758503, 'a2': 0.7302967433402215, 'a3': 6.285449036487795}
params_min= {'a1': 2.309401076758503, 'a2': 0.7302967433402215, 'a3': 6.285447330503315} logZ_min= nan obs_min= 4.5018333948462325e-33
params_new= {'a1': 2.309401076758503, 'a2': 0.7302967433402215, 'a3': 6.285449036487795} logZ_new= 3.827567163851967 obs_new= 1.908972976958197e-31
params_max= {'a1': 2.309401076758503, 'a2': 0.7302967433402215, 'a3': 6.285450742472275} logZ_max= 3.8275165739518324 obs_max= 7.471064550663301e-35
dist_min= tensor(15808.7811) dist_max= tensor(5.6092)
params_min,params_max=params_min,params_new
evaluating model at params_new={'a1': 2.309401076758503, 'a2': 0.7302967433402215, 'a3': 6.285448183495555}
params_min= {'a1': 2.309401076758503, 'a2': 0.7302967433402215, 'a3': 6.285447330503315} logZ_min= nan obs_min= 4.5018333948462325e-33
params_new= {'a1': 2.309401076758503, 'a2': 0.7302967433402215, 'a3': 6.285448183495555} logZ_new= nan obs_new= 1.3469400261185476e-32
params_max= {'a1': 2.309401076758503, 'a2': 0.7302967433402215, 'a3': 6.285449036487795} logZ_max= 3.827567163851967 obs_max= 1.908972976958197e-31
dist_min= tensor(15807.9954) dist_max= tensor(1.7048)
params_min,params_max=params_min,params_new
evaluating model at params_new={'a1': 2.309401076758503, 'a2': 0.7302967433402215, 'a3': 6.285447756999435}
params_min= {'a1': 2.309401076758503, 'a2': 0.7302967433402215, 'a3': 6.285447330503315} logZ_min= nan obs_min= 4.5018333948462325e-33
params_new= {'a1': 2.309401076758503, 'a2': 0.7302967433402215, 'a3': 6.285447756999435} logZ_new= nan obs_new= 9.003795131473615e-33
params_max= {'a1': 2.309401076758503, 'a2': 0.7302967433402215, 'a3': 6.285448183495555} logZ_max= nan obs_max= 1.3469400261185476e-32
dist_min= tensor(15793.6302) dist_max= tensor(14.3857)
params_min,params_max=params_min,params_new
evaluating model at params_new={'a1': 2.309401076758503, 'a2': 0.7302967433402215, 'a3': 6.285447543751375}
params_min= {'a1': 2.309401076758503, 'a2': 0.7302967433402215, 'a3': 6.285447330503315} logZ_min= nan obs_min= 4.5018333948462325e-33
params_new= {'a1': 2.309401076758503, 'a2': 0.7302967433402215, 'a3': 6.285447543751375} logZ_new= 3.8275680144253093 obs_new= 1.0892259297942943e-36
params_max= {'a1': 2.309401076758503, 'a2': 0.7302967433402215, 'a3': 6.285447756999435} logZ_max= nan obs_max= 9.003795131473615e-33
dist_min= tensor(15809.3368) dist_max= tensor(15.7093)
params_min,params_max=params_min,params_new
evaluating model at params_new={'a1': 2.309401076758503, 'a2': 0.7302967433402215, 'a3': 6.285447437127345}
params_min= {'a1': 2.309401076758503, 'a2': 0.7302967433402215, 'a3': 6.285447330503315} logZ_min= nan obs_min= 4.5018333948462325e-33
params_new= {'a1': 2.309401076758503, 'a2': 0.7302967433402215, 'a3': 6.285447437127345} logZ_new= nan obs_new= 1.4131293378199311e-32
params_max= {'a1': 2.309401076758503, 'a2': 0.7302967433402215, 'a3': 6.285447543751375} logZ_max= 3.8275680144253093 obs_max= 1.0892259297942943e-36
dist_min= tensor(15806.6823) dist_max= tensor(2.7149)
params_min,params_max=params_min,params_new
evaluating model at params_new={'a1': 2.309401076758503, 'a2': 0.7302967433402215, 'a3': 6.28544738381533}
params_min= {'a1': 2.309401076758503, 'a2': 0.7302967433402215, 'a3': 6.285447330503315} logZ_min= nan obs_min= 4.5018333948462325e-33
params_new= {'a1': 2.309401076758503, 'a2': 0.7302967433402215, 'a3': 6.28544738381533} logZ_new= 3.827567476714722 obs_new= 2.344462750648243e-32
params_max= {'a1': 2.309401076758503, 'a2': 0.7302967433402215, 'a3': 6.285447437127345} logZ_max= nan obs_max= 1.4131293378199311e-32
dist_min= tensor(15809.4125) dist_max= tensor(2.7529)
params_min,params_max=params_min,params_new
evaluating model at params_new={'a1': 2.309401076758503, 'a2': 0.7302967433402215, 'a3': 6.285447357159322}
params_min= {'a1': 2.309401076758503, 'a2': 0.7302967433402215, 'a3': 6.285447330503315} logZ_min= nan obs_min= 4.5018333948462325e-33
params_new= {'a1': 2.309401076758503, 'a2': 0.7302967433402215, 'a3': 6.285447357159322} logZ_new= 3.827493979255675 obs_new= 2.630009752856816e-31
params_max= {'a1': 2.309401076758503, 'a2': 0.7302967433402215, 'a3': 6.28544738381533} logZ_max= 3.827567476714722 obs_max= 2.344462750648243e-32
dist_min= tensor(15809.4915) dist_max= tensor(48.8585)
params_min,params_max=params_min,params_new
evaluating model at params_new={'a1': 2.309401076758503, 'a2': 0.7302967433402215, 'a3': 6.2854473438313185}
params_min= {'a1': 2.309401076758503, 'a2': 0.7302967433402215, 'a3': 6.285447330503315} logZ_min= nan obs_min= 4.5018333948462325e-33
params_new= {'a1': 2.309401076758503, 'a2': 0.7302967433402215, 'a3': 6.2854473438313185} logZ_new= 3.8275099762709854 obs_new= 1.9398697735403367e-33
params_max= {'a1': 2.309401076758503, 'a2': 0.7302967433402215, 'a3': 6.285447357159322} logZ_max= 3.827493979255675 obs_max= 2.630009752856816e-31
dist_min= tensor(15809.4007) dist_max= tensor(33.4496)
params_min,params_max=params_min,params_new
evaluating model at params_new={'a1': 2.309401076758503, 'a2': 0.7302967433402215, 'a3': 6.285447337167317}
params_min= {'a1': 2.309401076758503, 'a2': 0.7302967433402215, 'a3': 6.285447330503315} logZ_min= nan obs_min= 4.5018333948462325e-33
params_new= {'a1': 2.309401076758503, 'a2': 0.7302967433402215, 'a3': 6.285447337167317} logZ_new= 3.827568185665874 obs_new= 3.410469640113513e-32
params_max= {'a1': 2.309401076758503, 'a2': 0.7302967433402215, 'a3': 6.2854473438313185} logZ_max= 3.8275099762709854 obs_max= 1.9398697735403367e-33
dist_min= tensor(15808.7811) dist_max= tensor(14.8080)
params_min,params_max=params_min,params_new
evaluating model at params_new={'a1': 2.309401076758503, 'a2': 0.7302967433402215, 'a3': 6.285447333835316}
params_min= {'a1': 2.309401076758503, 'a2': 0.7302967433402215, 'a3': 6.285447330503315} logZ_min= nan obs_min= 4.5018333948462325e-33
params_new= {'a1': 2.309401076758503, 'a2': 0.7302967433402215, 'a3': 6.285447333835316} logZ_new= nan obs_new= 8.451771339302527e-36
params_max= {'a1': 2.309401076758503, 'a2': 0.7302967433402215, 'a3': 6.285447337167317} logZ_max= 3.827568185665874 obs_max= 3.410469640113513e-32
dist_min= tensor(15735.0014) dist_max= tensor(73.7888)
params_min,params_max=params_min,params_new
evaluating model at params_new={'a1': 2.309401076758503, 'a2': 0.7302967433402215, 'a3': 6.285447332169316}
params_min= {'a1': 2.309401076758503, 'a2': 0.7302967433402215, 'a3': 6.285447330503315} logZ_min= nan obs_min= 4.5018333948462325e-33
params_new= {'a1': 2.309401076758503, 'a2': 0.7302967433402215, 'a3': 6.285447332169316} logZ_new= nan obs_new= 2.776848226028151e-33
params_max= {'a1': 2.309401076758503, 'a2': 0.7302967433402215, 'a3': 6.285447333835316} logZ_max= nan obs_max= 8.451771339302527e-36
dist_min= tensor(15798.7494) dist_max= tensor(63.7482)
params_min,params_max=params_min,params_new
evaluating model at params_new={'a1': 2.309401076758503, 'a2': 0.7302967433402215, 'a3': 6.285447331336315}
params_min= {'a1': 2.309401076758503, 'a2': 0.7302967433402215, 'a3': 6.285447330503315} logZ_min= nan obs_min= 4.5018333948462325e-33
params_new= {'a1': 2.309401076758503, 'a2': 0.7302967433402215, 'a3': 6.285447331336315} logZ_new= 3.827567885696375 obs_new= 1.0265576294340712e-35
params_max= {'a1': 2.309401076758503, 'a2': 0.7302967433402215, 'a3': 6.285447332169316} logZ_max= nan obs_max= 2.776848226028151e-33
dist_min= tensor(15809.4156) dist_max= tensor(10.6702)
params_min,params_max=params_min,params_new
evaluating model at params_new={'a1': 2.309401076758503, 'a2': 0.7302967433402215, 'a3': 6.285447330919816}
params_min= {'a1': 2.309401076758503, 'a2': 0.7302967433402215, 'a3': 6.285447330503315} logZ_min= nan obs_min= 4.5018333948462325e-33
params_new= {'a1': 2.309401076758503, 'a2': 0.7302967433402215, 'a3': 6.285447330919816} logZ_new= 3.827566409318271 obs_new= 1.0498567615700717e-32
params_max= {'a1': 2.309401076758503, 'a2': 0.7302967433402215, 'a3': 6.285447331336315} logZ_max= 3.827567885696375 obs_max= 1.0265576294340712e-35
dist_min= tensor(17681.7550) dist_max= tensor(7918.8012)
params_min,params_max=params_min,params_new
evaluating model at params_new={'a1': 2.309401076758503, 'a2': 0.7302967433402215, 'a3': 6.285447330711565}
params_min= {'a1': 2.309401076758503, 'a2': 0.7302967433402215, 'a3': 6.285447330503315} logZ_min= nan obs_min= 4.5018333948462325e-33
params_new= {'a1': 2.309401076758503, 'a2': 0.7302967433402215, 'a3': 6.285447330711565} logZ_new= nan obs_new= 2.562936465061179e-34
params_max= {'a1': 2.309401076758503, 'a2': 0.7302967433402215, 'a3': 6.285447330919816} logZ_max= 3.827566409318271 obs_max= 1.0498567615700717e-32
dist_min= tensor(15796.2925) dist_max= tensor(7918.7651)
params_min,params_max=params_min,params_new
evaluating model at params_new={'a1': 2.309401076758503, 'a2': 0.7302967433402215, 'a3': 6.28544733060744}
params_min= {'a1': 2.309401076758503, 'a2': 0.7302967433402215, 'a3': 6.285447330503315} logZ_min= nan obs_min= 4.5018333948462325e-33
params_new= {'a1': 2.309401076758503, 'a2': 0.7302967433402215, 'a3': 6.28544733060744} logZ_new= 3.827567483491157 obs_new= 1.7646072995110556e-32
params_max= {'a1': 2.309401076758503, 'a2': 0.7302967433402215, 'a3': 6.285447330711565} logZ_max= nan obs_max= 2.562936465061179e-34
dist_min= tensor(15808.7811) dist_max= tensor(12.5873)
params_min,params_max=params_min,params_new
evaluating model at params_new={'a1': 2.309401076758503, 'a2': 0.7302967433402215, 'a3': 6.285447330555377}
params_min= {'a1': 2.309401076758503, 'a2': 0.7302967433402215, 'a3': 6.285447330503315} logZ_min= nan obs_min= 4.5018333948462325e-33
params_new= {'a1': 2.309401076758503, 'a2': 0.7302967433402215, 'a3': 6.285447330555377} logZ_new= nan obs_new= 1.5245106280354625e-34
params_max= {'a1': 2.309401076758503, 'a2': 0.7302967433402215, 'a3': 6.28544733060744} logZ_max= 3.827567483491157 obs_max= 1.7646072995110556e-32
dist_min= tensor(15808.7134) dist_max= tensor(1.5985)
params_min,params_max=params_min,params_new
evaluating model at params_new={'a1': 2.309401076758503, 'a2': 0.7302967433402215, 'a3': 6.285447330529346}
params_min= {'a1': 2.309401076758503, 'a2': 0.7302967433402215, 'a3': 6.285447330503315} logZ_min= nan obs_min= 4.5018333948462325e-33
params_new= {'a1': 2.309401076758503, 'a2': 0.7302967433402215, 'a3': 6.285447330529346} logZ_new= 3.827567989829652 obs_new= 3.805398036266814e-32
params_max= {'a1': 2.309401076758503, 'a2': 0.7302967433402215, 'a3': 6.285447330555377} logZ_max= nan obs_max= 1.5245106280354625e-34
dist_min= tensor(15809.3450) dist_max= tensor(5.6779)
params_min,params_max=params_min,params_new
evaluating model at params_new={'a1': 2.309401076758503, 'a2': 0.7302967433402215, 'a3': 6.28544733051633}
params_min= {'a1': 2.309401076758503, 'a2': 0.7302967433402215, 'a3': 6.285447330503315} logZ_min= nan obs_min= 4.5018333948462325e-33
params_new= {'a1': 2.309401076758503, 'a2': 0.7302967433402215, 'a3': 6.28544733051633} logZ_new= 3.8275687139290975 obs_new= 6.282787504617713e-32
params_max= {'a1': 2.309401076758503, 'a2': 0.7302967433402215, 'a3': 6.285447330529346} logZ_max= 3.827567989829652 obs_max= 3.805398036266814e-32
dist_min= tensor(15808.7811) dist_max= tensor(5.3321)
params_min,params_max=params_min,params_new
evaluating model at params_new={'a1': 2.309401076758503, 'a2': 0.7302967433402215, 'a3': 6.285447330509823}
params_min= {'a1': 2.309401076758503, 'a2': 0.7302967433402215, 'a3': 6.285447330503315} logZ_min= nan obs_min= 4.5018333948462325e-33
params_new= {'a1': 2.309401076758503, 'a2': 0.7302967433402215, 'a3': 6.285447330509823} logZ_new= 3.8275675880131046 obs_new= 3.1778285801595845e-34
params_max= {'a1': 2.309401076758503, 'a2': 0.7302967433402215, 'a3': 6.28544733051633} logZ_max= 3.8275687139290975 obs_max= 6.282787504617713e-32
dist_min= tensor(15809.4266) dist_max= tensor(1.6157)
params_min,params_max=params_min,params_new
evaluating model at params_new={'a1': 2.309401076758503, 'a2': 0.7302967433402215, 'a3': 6.285447330506569}
params_min= {'a1': 2.309401076758503, 'a2': 0.7302967433402215, 'a3': 6.285447330503315} logZ_min= nan obs_min= 4.5018333948462325e-33
params_new= {'a1': 2.309401076758503, 'a2': 0.7302967433402215, 'a3': 6.285447330506569} logZ_new= nan obs_new= 5.167047256763892e-34
params_max= {'a1': 2.309401076758503, 'a2': 0.7302967433402215, 'a3': 6.285447330509823} logZ_max= 3.8275675880131046 obs_max= 3.1778285801595845e-34
dist_min= tensor(15808.9222) dist_max= tensor(0.5450)
params_min,params_max=params_min,params_new
evaluating model at params_new={'a1': 2.309401076758503, 'a2': 0.7302967433402215, 'a3': 6.285447330504942}
params_min= {'a1': 2.309401076758503, 'a2': 0.7302967433402215, 'a3': 6.285447330503315} logZ_min= nan obs_min= 4.5018333948462325e-33
params_new= {'a1': 2.309401076758503, 'a2': 0.7302967433402215, 'a3': 6.285447330504942} logZ_new= 3.8275686863700376 obs_new= 1.080694480673157e-31
params_max= {'a1': 2.309401076758503, 'a2': 0.7302967433402215, 'a3': 6.285447330506569} logZ_max= nan obs_max= 5.167047256763892e-34
dist_min= tensor(15809.3968) dist_max= tensor(14.1957)
params_min,params_max=params_min,params_new
evaluating model at params_new={'a1': 2.309401076758503, 'a2': 0.7302967433402215, 'a3': 6.2854473305041285}
params_min= {'a1': 2.309401076758503, 'a2': 0.7302967433402215, 'a3': 6.285447330503315} logZ_min= nan obs_min= 4.5018333948462325e-33
params_new= {'a1': 2.309401076758503, 'a2': 0.7302967433402215, 'a3': 6.2854473305041285} logZ_new= nan obs_new= 2.6167754135401655e-32
params_max= {'a1': 2.309401076758503, 'a2': 0.7302967433402215, 'a3': 6.285447330504942} logZ_max= 3.8275686863700376 obs_max= 1.080694480673157e-31
dist_min= tensor(14449.1660) dist_max= tensor(30258.5599)
params_min,params_max=params_new,params_max
evaluating model at params_new={'a1': 2.309401076758503, 'a2': 0.7302967433402215, 'a3': 6.285447330504535}
params_min= {'a1': 2.309401076758503, 'a2': 0.7302967433402215, 'a3': 6.2854473305041285} logZ_min= nan obs_min= 2.6167754135401655e-32
params_new= {'a1': 2.309401076758503, 'a2': 0.7302967433402215, 'a3': 6.285447330504535} logZ_new= 3.8275683682193904 obs_new= 4.74291479176134e-32
params_max= {'a1': 2.309401076758503, 'a2': 0.7302967433402215, 'a3': 6.285447330504942} logZ_max= 3.8275686863700376 obs_max= 1.080694480673157e-31
dist_min= tensor(30257.9471) dist_max= tensor(13.6304)
params_min,params_max=params_min,params_new
evaluating model at params_new={'a1': 2.309401076758503, 'a2': 0.7302967433402215, 'a3': 6.285447330504332}
params_min= {'a1': 2.309401076758503, 'a2': 0.7302967433402215, 'a3': 6.2854473305041285} logZ_min= nan obs_min= 2.6167754135401655e-32
params_new= {'a1': 2.309401076758503, 'a2': 0.7302967433402215, 'a3': 6.285447330504332} logZ_new= 3.827568108472868 obs_new= 4.7281669988492474e-35
params_max= {'a1': 2.309401076758503, 'a2': 0.7302967433402215, 'a3': 6.285447330504535} logZ_max= 3.8275683682193904 obs_max= 4.74291479176134e-32
dist_min= tensor(30258.5891) dist_max= tensor(28.1342)
params_min,params_max=params_min,params_new
evaluating model at params_new={'a1': 2.309401076758503, 'a2': 0.7302967433402215, 'a3': 6.28544733050423}
params_min= {'a1': 2.309401076758503, 'a2': 0.7302967433402215, 'a3': 6.2854473305041285} logZ_min= nan obs_min= 2.6167754135401655e-32
params_new= {'a1': 2.309401076758503, 'a2': 0.7302967433402215, 'a3': 6.28544733050423} logZ_new= 3.82756871563465 obs_new= 7.817529609203429e-35
params_max= {'a1': 2.309401076758503, 'a2': 0.7302967433402215, 'a3': 6.285447330504332} logZ_max= 3.827568108472868 obs_max= 4.7281669988492474e-35
dist_min= tensor(30258.4769) dist_max= tensor(28.7500)
params_min,params_max=params_min,params_new
evaluating model at params_new={'a1': 2.309401076758503, 'a2': 0.7302967433402215, 'a3': 6.285447330504179}
params_min= {'a1': 2.309401076758503, 'a2': 0.7302967433402215, 'a3': 6.2854473305041285} logZ_min= nan obs_min= 2.6167754135401655e-32
params_new= {'a1': 2.309401076758503, 'a2': 0.7302967433402215, 'a3': 6.285447330504179} logZ_new= nan obs_new= -1.0389105379517046e-36
params_max= {'a1': 2.309401076758503, 'a2': 0.7302967433402215, 'a3': 6.28544733050423} logZ_max= 3.82756871563465 obs_max= 7.817529609203429e-35
dist_min= tensor(30256.4408) dist_max= tensor(2.0431)
params_min,params_max=params_min,params_new
evaluating model at params_new={'a1': 2.309401076758503, 'a2': 0.7302967433402215, 'a3': 6.285447330504153}
params_min= {'a1': 2.309401076758503, 'a2': 0.7302967433402215, 'a3': 6.2854473305041285} logZ_min= nan obs_min= 2.6167754135401655e-32
params_new= {'a1': 2.309401076758503, 'a2': 0.7302967433402215, 'a3': 6.285447330504153} logZ_new= nan obs_new= 2.4086404848657377e-32
params_max= {'a1': 2.309401076758503, 'a2': 0.7302967433402215, 'a3': 6.285447330504179} logZ_max= nan obs_max= -1.0389105379517046e-36
dist_min= tensor(30256.5317) dist_max= tensor(1.3745)
params_min,params_max=params_min,params_new
evaluating model at params_new={'a1': 2.309401076758503, 'a2': 0.7302967433402215, 'a3': 6.285447330504141}
params_min= {'a1': 2.309401076758503, 'a2': 0.7302967433402215, 'a3': 6.2854473305041285} logZ_min= nan obs_min= 2.6167754135401655e-32
params_new= {'a1': 2.309401076758503, 'a2': 0.7302967433402215, 'a3': 6.285447330504141} logZ_new= 3.8275685332596 obs_new= 1.3036817363239884e-35
params_max= {'a1': 2.309401076758503, 'a2': 0.7302967433402215, 'a3': 6.285447330504153} logZ_max= nan obs_max= 2.4086404848657377e-32
dist_min= tensor(30258.2477) dist_max= tensor(2.2365)
params_min,params_max=params_min,params_new
evaluating model at params_new={'a1': 2.309401076758503, 'a2': 0.7302967433402215, 'a3': 6.285447330504135}
params_min= {'a1': 2.309401076758503, 'a2': 0.7302967433402215, 'a3': 6.2854473305041285} logZ_min= nan obs_min= 2.6167754135401655e-32
params_new= {'a1': 2.309401076758503, 'a2': 0.7302967433402215, 'a3': 6.285447330504135} logZ_new= 3.827567410987566 obs_new= 2.980835724048418e-32
params_max= {'a1': 2.309401076758503, 'a2': 0.7302967433402215, 'a3': 6.285447330504141} logZ_max= 3.8275685332596 obs_max= 1.3036817363239884e-35
dist_min= tensor(30258.5431) dist_max= tensor(0.3402)
params_min,params_max=params_min,params_new
evaluating model at params_new={'a1': 2.309401076758503, 'a2': 0.7302967433402215, 'a3': 6.285447330504132}
params_min= {'a1': 2.309401076758503, 'a2': 0.7302967433402215, 'a3': 6.2854473305041285} logZ_min= nan obs_min= 2.6167754135401655e-32
params_new= {'a1': 2.309401076758503, 'a2': 0.7302967433402215, 'a3': 6.285447330504132} logZ_new= nan obs_new= 9.673842760561502e-34
params_max= {'a1': 2.309401076758503, 'a2': 0.7302967433402215, 'a3': 6.285447330504135} logZ_max= 3.827567410987566 obs_max= 2.980835724048418e-32
dist_min= tensor(30255.2118) dist_max= tensor(3.3771)
params_min,params_max=params_min,params_new
evaluating model at params_new={'a1': 2.309401076758503, 'a2': 0.7302967433402215, 'a3': 6.28544733050413}
params_min= {'a1': 2.309401076758503, 'a2': 0.7302967433402215, 'a3': 6.2854473305041285} logZ_min= nan obs_min= 2.6167754135401655e-32
params_new= {'a1': 2.309401076758503, 'a2': 0.7302967433402215, 'a3': 6.28544733050413} logZ_new= 3.827567426750878 obs_new= 2.3341591789723517e-33
params_max= {'a1': 2.309401076758503, 'a2': 0.7302967433402215, 'a3': 6.285447330504132} logZ_max= nan obs_max= 9.673842760561502e-34
dist_min= tensor(30257.9471) dist_max= tensor(3.0353)
params_min,params_max=params_min,params_new
evaluating model at params_new={'a1': 2.309401076758503, 'a2': 0.7302967433402215, 'a3': 6.285447330504129}
params_min= {'a1': 2.309401076758503, 'a2': 0.7302967433402215, 'a3': 6.2854473305041285} logZ_min= nan obs_min= 2.6167754135401655e-32
params_new= {'a1': 2.309401076758503, 'a2': 0.7302967433402215, 'a3': 6.285447330504129} logZ_new= 3.827567874676555 obs_new= 1.82966590379791e-32
params_max= {'a1': 2.309401076758503, 'a2': 0.7302967433402215, 'a3': 6.28544733050413} logZ_max= 3.827567426750878 obs_max= 2.3341591789723517e-33
dist_min= tensor(30258.6301) dist_max= tensor(52.5445)
params_min,params_max=params_min,params_new
critical params found:  {'a1': 2.309401076758503, 'a2': 0.7302967433402215, 'a3': 6.2854473305041285}
reference params:  {'a1': 1.1547005383792515, 'a2': 1.8257418583505538, 'a3': 4.47213595499958}
file saved to  data/AKLT3D_X10_scan_grid_critical_a3/a1_2.3094011_a2_0.7302967/Tc.json
