Start running find_critical_temp.py with options:{'filename': 'data/AKLT3D_X10_scan_grid_critical_a3/a1_1.6165808_a2_0.7302967/Tc.json', 'log_filename': 'data/AKLT3D_X10_scan_grid_critical_a3/a1_1.6165808_a2_0.7302967/Tc.log', 'nLayers': 60, 'max_dim': 10, 'model': 'AKLT3D', 'params_min': "{'a1': 1.616580753730952, 'a2': 0.7302967433402215, 'a3': 4.47213595499958}", 'params_max': "{'a1': 1.616580753730952, 'a2': 0.7302967433402215, 'a3': 5.366563145999496}", 'params_ref': None, 'observable_name': 'magnetizationZ', 'tol': 0.0, 'gilt_enabled': False, 'gilt_eps': 8e-07, 'gilt_nIter': 1, 'mcf_enabled': True, 'mcf_eps': 1e-16, 'mcf_max_iter': 200, 'hotrg_sanity_check': False, 'version': 1, 'device': 'cuda:1'}
loading library...
evaluating model at params_min={'a1': 1.616580753730952, 'a2': 0.7302967433402215, 'a3': 4.47213595499958}
params_min= {'a1': 1.616580753730952, 'a2': 0.7302967433402215, 'a3': 4.47213595499958} logZ_min= 3.2946539170561864 obs_min= 4.9904114174548244e-33
evaluating model at params_max={'a1': 1.616580753730952, 'a2': 0.7302967433402215, 'a3': 5.366563145999496}
params_max= {'a1': 1.616580753730952, 'a2': 0.7302967433402215, 'a3': 5.366563145999496} logZ_max= 3.357565545172156 obs_max= 8.900077980742541
searching for critical temperature using bisection method
evaluating model at params_new={'a1': 1.616580753730952, 'a2': 0.7302967433402215, 'a3': 4.919349550499538}
params_min= {'a1': 1.616580753730952, 'a2': 0.7302967433402215, 'a3': 4.47213595499958} logZ_min= 3.2946539170561864 obs_min= 4.9904114174548244e-33
params_new= {'a1': 1.616580753730952, 'a2': 0.7302967433402215, 'a3': 4.919349550499538} logZ_new= nan obs_new= 6.532507099691177e-34
params_max= {'a1': 1.616580753730952, 'a2': 0.7302967433402215, 'a3': 5.366563145999496} logZ_max= 3.357565545172156 obs_max= 8.900077980742541
dist_min= tensor(334.3382) dist_max= tensor(359.1936)
params_min,params_max=params_new,params_max
evaluating model at params_new={'a1': 1.616580753730952, 'a2': 0.7302967433402215, 'a3': 5.142956348249517}
params_min= {'a1': 1.616580753730952, 'a2': 0.7302967433402215, 'a3': 4.919349550499538} logZ_min= nan obs_min= 6.532507099691177e-34
params_new= {'a1': 1.616580753730952, 'a2': 0.7302967433402215, 'a3': 5.142956348249517} logZ_new= 3.269287264882878 obs_new= 8.803385480828734
params_max= {'a1': 1.616580753730952, 'a2': 0.7302967433402215, 'a3': 5.366563145999496} logZ_max= 3.357565545172156 obs_max= 8.900077980742541
dist_min= tensor(359.6401) dist_max= tensor(2.3344)
params_min,params_max=params_min,params_new
evaluating model at params_new={'a1': 1.616580753730952, 'a2': 0.7302967433402215, 'a3': 5.031152949374528}
params_min= {'a1': 1.616580753730952, 'a2': 0.7302967433402215, 'a3': 4.919349550499538} logZ_min= nan obs_min= 6.532507099691177e-34
params_new= {'a1': 1.616580753730952, 'a2': 0.7302967433402215, 'a3': 5.031152949374528} logZ_new= 3.300206554962675 obs_new= 1.965754685024167e-34
params_max= {'a1': 1.616580753730952, 'a2': 0.7302967433402215, 'a3': 5.142956348249517} logZ_max= 3.269287264882878 obs_max= 8.803385480828734
dist_min= tensor(50.9181) dist_max= tensor(410.5102)
params_min,params_max=params_new,params_max
evaluating model at params_new={'a1': 1.616580753730952, 'a2': 0.7302967433402215, 'a3': 5.087054648812023}
params_min= {'a1': 1.616580753730952, 'a2': 0.7302967433402215, 'a3': 5.031152949374528} logZ_min= 3.300206554962675 obs_min= 1.965754685024167e-34
params_new= {'a1': 1.616580753730952, 'a2': 0.7302967433402215, 'a3': 5.087054648812023} logZ_new= 3.2653974933631114 obs_new= 1.382155931858189e-32
params_max= {'a1': 1.616580753730952, 'a2': 0.7302967433402215, 'a3': 5.142956348249517} logZ_max= 3.269287264882878 obs_max= 8.803385480828734
dist_min= tensor(273.6977) dist_max= tensor(136.8441)
params_min,params_max=params_min,params_new
evaluating model at params_new={'a1': 1.616580753730952, 'a2': 0.7302967433402215, 'a3': 5.0591037990932755}
params_min= {'a1': 1.616580753730952, 'a2': 0.7302967433402215, 'a3': 5.031152949374528} logZ_min= 3.300206554962675 obs_min= 1.965754685024167e-34
params_new= {'a1': 1.616580753730952, 'a2': 0.7302967433402215, 'a3': 5.0591037990932755} logZ_new= nan obs_new= 1.1288606444639807e-31
params_max= {'a1': 1.616580753730952, 'a2': 0.7302967433402215, 'a3': 5.087054648812023} logZ_max= 3.2653974933631114 obs_max= 1.382155931858189e-32
dist_min= tensor(16.6917) dist_max= tensor(290.3597)
params_min,params_max=params_new,params_max
evaluating model at params_new={'a1': 1.616580753730952, 'a2': 0.7302967433402215, 'a3': 5.073079223952649}
params_min= {'a1': 1.616580753730952, 'a2': 0.7302967433402215, 'a3': 5.0591037990932755} logZ_min= nan obs_min= 1.1288606444639807e-31
params_new= {'a1': 1.616580753730952, 'a2': 0.7302967433402215, 'a3': 5.073079223952649} logZ_new= nan obs_new= 2.1865903384574255e-29
params_max= {'a1': 1.616580753730952, 'a2': 0.7302967433402215, 'a3': 5.087054648812023} logZ_max= 3.2653974933631114 obs_max= 1.382155931858189e-32
dist_min= tensor(288.7328) dist_max= tensor(2.7253)
params_min,params_max=params_min,params_new
evaluating model at params_new={'a1': 1.616580753730952, 'a2': 0.7302967433402215, 'a3': 5.066091511522963}
params_min= {'a1': 1.616580753730952, 'a2': 0.7302967433402215, 'a3': 5.0591037990932755} logZ_min= nan obs_min= 1.1288606444639807e-31
params_new= {'a1': 1.616580753730952, 'a2': 0.7302967433402215, 'a3': 5.066091511522963} logZ_new= 3.264789457470824 obs_new= 1.9109936724734543e-30
params_max= {'a1': 1.616580753730952, 'a2': 0.7302967433402215, 'a3': 5.073079223952649} logZ_max= nan obs_max= 2.1865903384574255e-29
dist_min= tensor(287.8709) dist_max= tensor(1.7863)
params_min,params_max=params_min,params_new
evaluating model at params_new={'a1': 1.616580753730952, 'a2': 0.7302967433402215, 'a3': 5.062597655308119}
params_min= {'a1': 1.616580753730952, 'a2': 0.7302967433402215, 'a3': 5.0591037990932755} logZ_min= nan obs_min= 1.1288606444639807e-31
params_new= {'a1': 1.616580753730952, 'a2': 0.7302967433402215, 'a3': 5.062597655308119} logZ_new= 3.264763305836405 obs_new= 3.569013734881628e-30
params_max= {'a1': 1.616580753730952, 'a2': 0.7302967433402215, 'a3': 5.066091511522963} logZ_max= 3.264789457470824 obs_max= 1.9109936724734543e-30
dist_min= tensor(287.4307) dist_max= tensor(1.0547)
params_min,params_max=params_min,params_new
evaluating model at params_new={'a1': 1.616580753730952, 'a2': 0.7302967433402215, 'a3': 5.060850727200697}
params_min= {'a1': 1.616580753730952, 'a2': 0.7302967433402215, 'a3': 5.0591037990932755} logZ_min= nan obs_min= 1.1288606444639807e-31
params_new= {'a1': 1.616580753730952, 'a2': 0.7302967433402215, 'a3': 5.060850727200697} logZ_new= 3.3008726961366794 obs_new= 5.79856010445848e-32
params_max= {'a1': 1.616580753730952, 'a2': 0.7302967433402215, 'a3': 5.062597655308119} logZ_max= 3.264763305836405 obs_max= 3.569013734881628e-30
dist_min= tensor(2.1834) dist_max= tensor(288.5358)
params_min,params_max=params_new,params_max
evaluating model at params_new={'a1': 1.616580753730952, 'a2': 0.7302967433402215, 'a3': 5.061724191254408}
params_min= {'a1': 1.616580753730952, 'a2': 0.7302967433402215, 'a3': 5.060850727200697} logZ_min= 3.3008726961366794 obs_min= 5.79856010445848e-32
params_new= {'a1': 1.616580753730952, 'a2': 0.7302967433402215, 'a3': 5.061724191254408} logZ_new= nan obs_new= 7.632801393326196e-28
params_max= {'a1': 1.616580753730952, 'a2': 0.7302967433402215, 'a3': 5.062597655308119} logZ_max= 3.264763305836405 obs_max= 3.569013734881628e-30
dist_min= tensor(6.1989) dist_max= tensor(289.1472)
params_min,params_max=params_new,params_max
evaluating model at params_new={'a1': 1.616580753730952, 'a2': 0.7302967433402215, 'a3': 5.062160923281263}
params_min= {'a1': 1.616580753730952, 'a2': 0.7302967433402215, 'a3': 5.061724191254408} logZ_min= nan obs_min= 7.632801393326196e-28
params_new= {'a1': 1.616580753730952, 'a2': 0.7302967433402215, 'a3': 5.062160923281263} logZ_new= 3.2646965206976883 obs_new= 4.816913924975457e-25
params_max= {'a1': 1.616580753730952, 'a2': 0.7302967433402215, 'a3': 5.062597655308119} logZ_max= 3.264763305836405 obs_max= 3.569013734881628e-30
dist_min= tensor(289.0946) dist_max= tensor(1.3938)
params_min,params_max=params_min,params_new
evaluating model at params_new={'a1': 1.616580753730952, 'a2': 0.7302967433402215, 'a3': 5.061942557267836}
params_min= {'a1': 1.616580753730952, 'a2': 0.7302967433402215, 'a3': 5.061724191254408} logZ_min= nan obs_min= 7.632801393326196e-28
params_new= {'a1': 1.616580753730952, 'a2': 0.7302967433402215, 'a3': 5.061942557267836} logZ_new= nan obs_new= 8.185451051609434e-29
params_max= {'a1': 1.616580753730952, 'a2': 0.7302967433402215, 'a3': 5.062160923281263} logZ_max= 3.2646965206976883 obs_max= 4.816913924975457e-25
dist_min= tensor(6.3499) dist_max= tensor(289.1751)
params_min,params_max=params_new,params_max
evaluating model at params_new={'a1': 1.616580753730952, 'a2': 0.7302967433402215, 'a3': 5.0620517402745495}
params_min= {'a1': 1.616580753730952, 'a2': 0.7302967433402215, 'a3': 5.061942557267836} logZ_min= nan obs_min= 8.185451051609434e-29
params_new= {'a1': 1.616580753730952, 'a2': 0.7302967433402215, 'a3': 5.0620517402745495} logZ_new= 3.3008984108638892 obs_new= 1.1372336894995229e-26
params_max= {'a1': 1.616580753730952, 'a2': 0.7302967433402215, 'a3': 5.062160923281263} logZ_max= 3.2646965206976883 obs_max= 4.816913924975457e-25
dist_min= tensor(1.2197) dist_max= tensor(289.2507)
params_min,params_max=params_new,params_max
evaluating model at params_new={'a1': 1.616580753730952, 'a2': 0.7302967433402215, 'a3': 5.0621063317779065}
params_min= {'a1': 1.616580753730952, 'a2': 0.7302967433402215, 'a3': 5.0620517402745495} logZ_min= 3.3008984108638892 obs_min= 1.1372336894995229e-26
params_new= {'a1': 1.616580753730952, 'a2': 0.7302967433402215, 'a3': 5.0621063317779065} logZ_new= 3.264751328947406 obs_new= 5.901781270077231e-27
params_max= {'a1': 1.616580753730952, 'a2': 0.7302967433402215, 'a3': 5.062160923281263} logZ_max= 3.2646965206976883 obs_max= 4.816913924975457e-25
dist_min= tensor(289.2355) dist_max= tensor(3.9462)
params_min,params_max=params_min,params_new
evaluating model at params_new={'a1': 1.616580753730952, 'a2': 0.7302967433402215, 'a3': 5.062079036026228}
params_min= {'a1': 1.616580753730952, 'a2': 0.7302967433402215, 'a3': 5.0620517402745495} logZ_min= 3.3008984108638892 obs_min= 1.1372336894995229e-26
params_new= {'a1': 1.616580753730952, 'a2': 0.7302967433402215, 'a3': 5.062079036026228} logZ_new= 3.3008503239410816 obs_new= 1.2228800274065275e-27
params_max= {'a1': 1.616580753730952, 'a2': 0.7302967433402215, 'a3': 5.0621063317779065} logZ_max= 3.264751328947406 obs_max= 5.901781270077231e-27
dist_min= tensor(2.4652) dist_max= tensor(289.2731)
params_min,params_max=params_new,params_max
evaluating model at params_new={'a1': 1.616580753730952, 'a2': 0.7302967433402215, 'a3': 5.062092683902067}
params_min= {'a1': 1.616580753730952, 'a2': 0.7302967433402215, 'a3': 5.062079036026228} logZ_min= 3.3008503239410816 obs_min= 1.2228800274065275e-27
params_new= {'a1': 1.616580753730952, 'a2': 0.7302967433402215, 'a3': 5.062092683902067} logZ_new= nan obs_new= 3.314304168184468e-34
params_max= {'a1': 1.616580753730952, 'a2': 0.7302967433402215, 'a3': 5.0621063317779065} logZ_max= 3.264751328947406 obs_max= 5.901781270077231e-27
dist_min= tensor(3.5960) dist_max= tensor(289.3141)
params_min,params_max=params_new,params_max
evaluating model at params_new={'a1': 1.616580753730952, 'a2': 0.7302967433402215, 'a3': 5.062099507839987}
params_min= {'a1': 1.616580753730952, 'a2': 0.7302967433402215, 'a3': 5.062092683902067} logZ_min= nan obs_min= 3.314304168184468e-34
params_new= {'a1': 1.616580753730952, 'a2': 0.7302967433402215, 'a3': 5.062099507839987} logZ_new= 3.2647507408344105 obs_new= 2.399689759228458e-35
params_max= {'a1': 1.616580753730952, 'a2': 0.7302967433402215, 'a3': 5.0621063317779065} logZ_max= 3.264751328947406 obs_max= 5.901781270077231e-27
dist_min= tensor(289.2821) dist_max= tensor(4.3426)
params_min,params_max=params_min,params_new
evaluating model at params_new={'a1': 1.616580753730952, 'a2': 0.7302967433402215, 'a3': 5.062096095871027}
params_min= {'a1': 1.616580753730952, 'a2': 0.7302967433402215, 'a3': 5.062092683902067} logZ_min= nan obs_min= 3.314304168184468e-34
params_new= {'a1': 1.616580753730952, 'a2': 0.7302967433402215, 'a3': 5.062096095871027} logZ_new= 3.3009005366371995 obs_new= 2.9040377748828144e-25
params_max= {'a1': 1.616580753730952, 'a2': 0.7302967433402215, 'a3': 5.062099507839987} logZ_max= 3.2647507408344105 obs_max= 2.399689759228458e-35
dist_min= tensor(4.0390) dist_max= tensor(289.2584)
params_min,params_max=params_new,params_max
evaluating model at params_new={'a1': 1.616580753730952, 'a2': 0.7302967433402215, 'a3': 5.062097801855507}
params_min= {'a1': 1.616580753730952, 'a2': 0.7302967433402215, 'a3': 5.062096095871027} logZ_min= 3.3009005366371995 obs_min= 2.9040377748828144e-25
params_new= {'a1': 1.616580753730952, 'a2': 0.7302967433402215, 'a3': 5.062097801855507} logZ_new= nan obs_new= 1.4321201818546608e-33
params_max= {'a1': 1.616580753730952, 'a2': 0.7302967433402215, 'a3': 5.062099507839987} logZ_max= 3.2647507408344105 obs_max= 2.399689759228458e-35
dist_min= tensor(8.0109) dist_max= tensor(289.3657)
params_min,params_max=params_new,params_max
evaluating model at params_new={'a1': 1.616580753730952, 'a2': 0.7302967433402215, 'a3': 5.0620986548477465}
params_min= {'a1': 1.616580753730952, 'a2': 0.7302967433402215, 'a3': 5.062097801855507} logZ_min= nan obs_min= 1.4321201818546608e-33
params_new= {'a1': 1.616580753730952, 'a2': 0.7302967433402215, 'a3': 5.0620986548477465} logZ_new= 3.3008602210773046 obs_new= 2.476555595227075e-25
params_max= {'a1': 1.616580753730952, 'a2': 0.7302967433402215, 'a3': 5.062099507839987} logZ_max= 3.2647507408344105 obs_max= 2.399689759228458e-35
dist_min= tensor(17.3008) dist_max= tensor(289.6759)
params_min,params_max=params_new,params_max
evaluating model at params_new={'a1': 1.616580753730952, 'a2': 0.7302967433402215, 'a3': 5.062099081343867}
params_min= {'a1': 1.616580753730952, 'a2': 0.7302967433402215, 'a3': 5.0620986548477465} logZ_min= 3.3008602210773046 obs_min= 2.476555595227075e-25
params_new= {'a1': 1.616580753730952, 'a2': 0.7302967433402215, 'a3': 5.062099081343867} logZ_new= nan obs_new= 7.099141603766211e-34
params_max= {'a1': 1.616580753730952, 'a2': 0.7302967433402215, 'a3': 5.062099507839987} logZ_max= 3.2647507408344105 obs_max= 2.399689759228458e-35
dist_min= tensor(14.7601) dist_max= tensor(289.2647)
params_min,params_max=params_new,params_max
evaluating model at params_new={'a1': 1.616580753730952, 'a2': 0.7302967433402215, 'a3': 5.062099294591927}
params_min= {'a1': 1.616580753730952, 'a2': 0.7302967433402215, 'a3': 5.062099081343867} logZ_min= nan obs_min= 7.099141603766211e-34
params_new= {'a1': 1.616580753730952, 'a2': 0.7302967433402215, 'a3': 5.062099294591927} logZ_new= nan obs_new= 7.432511347412171e-35
params_max= {'a1': 1.616580753730952, 'a2': 0.7302967433402215, 'a3': 5.062099507839987} logZ_max= 3.2647507408344105 obs_max= 2.399689759228458e-35
dist_min= tensor(55.3327) dist_max= tensor(294.7647)
params_min,params_max=params_new,params_max
evaluating model at params_new={'a1': 1.616580753730952, 'a2': 0.7302967433402215, 'a3': 5.062099401215956}
params_min= {'a1': 1.616580753730952, 'a2': 0.7302967433402215, 'a3': 5.062099294591927} logZ_min= nan obs_min= 7.432511347412171e-35
params_new= {'a1': 1.616580753730952, 'a2': 0.7302967433402215, 'a3': 5.062099401215956} logZ_new= nan obs_new= 2.100134070642688e-24
params_max= {'a1': 1.616580753730952, 'a2': 0.7302967433402215, 'a3': 5.062099507839987} logZ_max= 3.2647507408344105 obs_max= 2.399689759228458e-35
dist_min= tensor(47.5804) dist_max= tensor(289.4208)
params_min,params_max=params_new,params_max
evaluating model at params_new={'a1': 1.616580753730952, 'a2': 0.7302967433402215, 'a3': 5.062099454527972}
params_min= {'a1': 1.616580753730952, 'a2': 0.7302967433402215, 'a3': 5.062099401215956} logZ_min= nan obs_min= 2.100134070642688e-24
params_new= {'a1': 1.616580753730952, 'a2': 0.7302967433402215, 'a3': 5.062099454527972} logZ_new= 3.3008579357109356 obs_new= 1.1337291838486474e-21
params_max= {'a1': 1.616580753730952, 'a2': 0.7302967433402215, 'a3': 5.062099507839987} logZ_max= 3.2647507408344105 obs_max= 2.399689759228458e-35
dist_min= tensor(9.0482) dist_max= tensor(289.2624)
params_min,params_max=params_new,params_max
evaluating model at params_new={'a1': 1.616580753730952, 'a2': 0.7302967433402215, 'a3': 5.06209948118398}
params_min= {'a1': 1.616580753730952, 'a2': 0.7302967433402215, 'a3': 5.062099454527972} logZ_min= 3.3008579357109356 obs_min= 1.1337291838486474e-21
params_new= {'a1': 1.616580753730952, 'a2': 0.7302967433402215, 'a3': 5.06209948118398} logZ_new= 3.300784143311674 obs_new= -6.022426279426065e-31
params_max= {'a1': 1.616580753730952, 'a2': 0.7302967433402215, 'a3': 5.062099507839987} logZ_max= 3.2647507408344105 obs_max= 2.399689759228458e-35
dist_min= tensor(1.4064) dist_max= tensor(289.2616)
params_min,params_max=params_new,params_max
evaluating model at params_new={'a1': 1.616580753730952, 'a2': 0.7302967433402215, 'a3': 5.062099494511983}
params_min= {'a1': 1.616580753730952, 'a2': 0.7302967433402215, 'a3': 5.06209948118398} logZ_min= 3.300784143311674 obs_min= -6.022426279426065e-31
params_new= {'a1': 1.616580753730952, 'a2': 0.7302967433402215, 'a3': 5.062099494511983} logZ_new= nan obs_new= 5.4937430734335345e-21
params_max= {'a1': 1.616580753730952, 'a2': 0.7302967433402215, 'a3': 5.062099507839987} logZ_max= 3.2647507408344105 obs_max= 2.399689759228458e-35
dist_min= tensor(289.2666) dist_max= tensor(1.6669)
params_min,params_max=params_min,params_new
evaluating model at params_new={'a1': 1.616580753730952, 'a2': 0.7302967433402215, 'a3': 5.0620994878479815}
params_min= {'a1': 1.616580753730952, 'a2': 0.7302967433402215, 'a3': 5.06209948118398} logZ_min= 3.300784143311674 obs_min= -6.022426279426065e-31
params_new= {'a1': 1.616580753730952, 'a2': 0.7302967433402215, 'a3': 5.0620994878479815} logZ_new= nan obs_new= 2.947986278248583e-17
params_max= {'a1': 1.616580753730952, 'a2': 0.7302967433402215, 'a3': 5.062099494511983} logZ_max= nan obs_max= 5.4937430734335345e-21
dist_min= tensor(289.2696) dist_max= tensor(0.8786)
params_min,params_max=params_min,params_new
evaluating model at params_new={'a1': 1.616580753730952, 'a2': 0.7302967433402215, 'a3': 5.062099484515981}
params_min= {'a1': 1.616580753730952, 'a2': 0.7302967433402215, 'a3': 5.06209948118398} logZ_min= 3.300784143311674 obs_min= -6.022426279426065e-31
params_new= {'a1': 1.616580753730952, 'a2': 0.7302967433402215, 'a3': 5.062099484515981} logZ_new= 3.300783350396592 obs_new= 8.574464982473443e-20
params_max= {'a1': 1.616580753730952, 'a2': 0.7302967433402215, 'a3': 5.0620994878479815} logZ_max= nan obs_max= 2.947986278248583e-17
dist_min= tensor(1.6037) dist_max= tensor(289.2679)
params_min,params_max=params_new,params_max
evaluating model at params_new={'a1': 1.616580753730952, 'a2': 0.7302967433402215, 'a3': 5.062099486181982}
params_min= {'a1': 1.616580753730952, 'a2': 0.7302967433402215, 'a3': 5.062099484515981} logZ_min= 3.300783350396592 obs_min= 8.574464982473443e-20
params_new= {'a1': 1.616580753730952, 'a2': 0.7302967433402215, 'a3': 5.062099486181982} logZ_new= nan obs_new= -2.1344439613401146e-32
params_max= {'a1': 1.616580753730952, 'a2': 0.7302967433402215, 'a3': 5.0620994878479815} logZ_max= nan obs_max= 2.947986278248583e-17
dist_min= tensor(289.2643) dist_max= tensor(2.2784)
params_min,params_max=params_min,params_new
evaluating model at params_new={'a1': 1.616580753730952, 'a2': 0.7302967433402215, 'a3': 5.062099485348981}
params_min= {'a1': 1.616580753730952, 'a2': 0.7302967433402215, 'a3': 5.062099484515981} logZ_min= 3.300783350396592 obs_min= 8.574464982473443e-20
params_new= {'a1': 1.616580753730952, 'a2': 0.7302967433402215, 'a3': 5.062099485348981} logZ_new= 3.26467948382666 obs_new= 1.759569765525847e-18
params_max= {'a1': 1.616580753730952, 'a2': 0.7302967433402215, 'a3': 5.062099486181982} logZ_max= nan obs_max= -2.1344439613401146e-32
dist_min= tensor(289.2612) dist_max= tensor(1.2429)
params_min,params_max=params_min,params_new
evaluating model at params_new={'a1': 1.616580753730952, 'a2': 0.7302967433402215, 'a3': 5.062099484932482}
params_min= {'a1': 1.616580753730952, 'a2': 0.7302967433402215, 'a3': 5.062099484515981} logZ_min= 3.300783350396592 obs_min= 8.574464982473443e-20
params_new= {'a1': 1.616580753730952, 'a2': 0.7302967433402215, 'a3': 5.062099484932482} logZ_new= 3.264679445322887 obs_new= 1.0900965416144056e-15
params_max= {'a1': 1.616580753730952, 'a2': 0.7302967433402215, 'a3': 5.062099485348981} logZ_max= 3.26467948382666 obs_max= 1.759569765525847e-18
dist_min= tensor(314.9666) dist_max= tensor(124.6258)
params_min,params_max=params_min,params_new
evaluating model at params_new={'a1': 1.616580753730952, 'a2': 0.7302967433402215, 'a3': 5.062099484724231}
params_min= {'a1': 1.616580753730952, 'a2': 0.7302967433402215, 'a3': 5.062099484515981} logZ_min= 3.300783350396592 obs_min= 8.574464982473443e-20
params_new= {'a1': 1.616580753730952, 'a2': 0.7302967433402215, 'a3': 5.062099484724231} logZ_new= nan obs_new= 5.690019154042727e-13
params_max= {'a1': 1.616580753730952, 'a2': 0.7302967433402215, 'a3': 5.062099484932482} logZ_max= 3.264679445322887 obs_max= 1.0900965416144056e-15
dist_min= tensor(290.2221) dist_max= tensor(127.1394)
params_min,params_max=params_min,params_new
evaluating model at params_new={'a1': 1.616580753730952, 'a2': 0.7302967433402215, 'a3': 5.062099484620106}
params_min= {'a1': 1.616580753730952, 'a2': 0.7302967433402215, 'a3': 5.062099484515981} logZ_min= 3.300783350396592 obs_min= 8.574464982473443e-20
params_new= {'a1': 1.616580753730952, 'a2': 0.7302967433402215, 'a3': 5.062099484620106} logZ_new= 3.3007833373994138 obs_new= 1.989791670647916e-16
params_max= {'a1': 1.616580753730952, 'a2': 0.7302967433402215, 'a3': 5.062099484724231} logZ_max= nan obs_max= 5.690019154042727e-13
dist_min= tensor(0.8306) dist_max= tensor(290.2237)
params_min,params_max=params_new,params_max
evaluating model at params_new={'a1': 1.616580753730952, 'a2': 0.7302967433402215, 'a3': 5.062099484672169}
params_min= {'a1': 1.616580753730952, 'a2': 0.7302967433402215, 'a3': 5.062099484620106} logZ_min= 3.3007833373994138 obs_min= 1.989791670647916e-16
params_new= {'a1': 1.616580753730952, 'a2': 0.7302967433402215, 'a3': 5.062099484672169} logZ_new= 3.3007833107194893 obs_new= 5.22894742394011e-14
params_max= {'a1': 1.616580753730952, 'a2': 0.7302967433402215, 'a3': 5.062099484724231} logZ_max= nan obs_max= 5.690019154042727e-13
dist_min= tensor(0.9464) dist_max= tensor(290.2233)
params_min,params_max=params_new,params_max
evaluating model at params_new={'a1': 1.616580753730952, 'a2': 0.7302967433402215, 'a3': 5.0620994846982}
params_min= {'a1': 1.616580753730952, 'a2': 0.7302967433402215, 'a3': 5.062099484672169} logZ_min= 3.3007833107194893 obs_min= 5.22894742394011e-14
params_new= {'a1': 1.616580753730952, 'a2': 0.7302967433402215, 'a3': 5.0620994846982} logZ_new= 3.264677933821506 obs_new= 4.3319725022191475e-14
params_max= {'a1': 1.616580753730952, 'a2': 0.7302967433402215, 'a3': 5.062099484724231} logZ_max= nan obs_max= 5.690019154042727e-13
dist_min= tensor(289.3271) dist_max= tensor(22.1349)
params_min,params_max=params_min,params_new
evaluating model at params_new={'a1': 1.616580753730952, 'a2': 0.7302967433402215, 'a3': 5.062099484685184}
params_min= {'a1': 1.616580753730952, 'a2': 0.7302967433402215, 'a3': 5.062099484672169} logZ_min= 3.3007833107194893 obs_min= 5.22894742394011e-14
params_new= {'a1': 1.616580753730952, 'a2': 0.7302967433402215, 'a3': 5.062099484685184} logZ_new= nan obs_new= 1.1237724421274799e-13
params_max= {'a1': 1.616580753730952, 'a2': 0.7302967433402215, 'a3': 5.0620994846982} logZ_max= 3.264677933821506 obs_max= 4.3319725022191475e-14
dist_min= tensor(290.9731) dist_max= tensor(32.4409)
params_min,params_max=params_min,params_new
evaluating model at params_new={'a1': 1.616580753730952, 'a2': 0.7302967433402215, 'a3': 5.062099484678677}
params_min= {'a1': 1.616580753730952, 'a2': 0.7302967433402215, 'a3': 5.062099484672169} logZ_min= 3.3007833107194893 obs_min= 5.22894742394011e-14
params_new= {'a1': 1.616580753730952, 'a2': 0.7302967433402215, 'a3': 5.062099484678677} logZ_new= nan obs_new= 6.90277914986153e-17
params_max= {'a1': 1.616580753730952, 'a2': 0.7302967433402215, 'a3': 5.062099484685184} logZ_max= nan obs_max= 1.1237724421274799e-13
dist_min= tensor(95.9747) dist_max= tensor(306.4444)
params_min,params_max=params_new,params_max
evaluating model at params_new={'a1': 1.616580753730952, 'a2': 0.7302967433402215, 'a3': 5.06209948468193}
params_min= {'a1': 1.616580753730952, 'a2': 0.7302967433402215, 'a3': 5.062099484678677} logZ_min= nan obs_min= 6.90277914986153e-17
params_new= {'a1': 1.616580753730952, 'a2': 0.7302967433402215, 'a3': 5.06209948468193} logZ_new= nan obs_new= -4.2096463648752926e-22
params_max= {'a1': 1.616580753730952, 'a2': 0.7302967433402215, 'a3': 5.062099484685184} logZ_max= nan obs_max= 1.1237724421274799e-13
dist_min= tensor(96.3719) dist_max= tensor(291.0255)
params_min,params_max=params_new,params_max
evaluating model at params_new={'a1': 1.616580753730952, 'a2': 0.7302967433402215, 'a3': 5.062099484683557}
params_min= {'a1': 1.616580753730952, 'a2': 0.7302967433402215, 'a3': 5.06209948468193} logZ_min= nan obs_min= -4.2096463648752926e-22
params_new= {'a1': 1.616580753730952, 'a2': 0.7302967433402215, 'a3': 5.062099484683557} logZ_new= 3.2647416275772105 obs_new= -4.846668040867252e-17
params_max= {'a1': 1.616580753730952, 'a2': 0.7302967433402215, 'a3': 5.062099484685184} logZ_max= nan obs_max= 1.1237724421274799e-13
dist_min= tensor(288.5303) dist_max= tensor(32.2952)
params_min,params_max=params_min,params_new
evaluating model at params_new={'a1': 1.616580753730952, 'a2': 0.7302967433402215, 'a3': 5.062099484682744}
params_min= {'a1': 1.616580753730952, 'a2': 0.7302967433402215, 'a3': 5.06209948468193} logZ_min= nan obs_min= -4.2096463648752926e-22
params_new= {'a1': 1.616580753730952, 'a2': 0.7302967433402215, 'a3': 5.062099484682744} logZ_new= 3.3007551114732285 obs_new= -1.6245846137257303e-21
params_max= {'a1': 1.616580753730952, 'a2': 0.7302967433402215, 'a3': 5.062099484683557} logZ_max= 3.2647416275772105 obs_max= -4.846668040867252e-17
dist_min= tensor(2.4545) dist_max= tensor(288.6118)
params_min,params_max=params_new,params_max
evaluating model at params_new={'a1': 1.616580753730952, 'a2': 0.7302967433402215, 'a3': 5.06209948468315}
params_min= {'a1': 1.616580753730952, 'a2': 0.7302967433402215, 'a3': 5.062099484682744} logZ_min= 3.3007551114732285 obs_min= -1.6245846137257303e-21
params_new= {'a1': 1.616580753730952, 'a2': 0.7302967433402215, 'a3': 5.06209948468315} logZ_new= nan obs_new= -3.272462713281712e-20
params_max= {'a1': 1.616580753730952, 'a2': 0.7302967433402215, 'a3': 5.062099484683557} logZ_max= 3.2647416275772105 obs_max= -4.846668040867252e-17
dist_min= tensor(2.9246) dist_max= tensor(288.5312)
params_min,params_max=params_new,params_max
evaluating model at params_new={'a1': 1.616580753730952, 'a2': 0.7302967433402215, 'a3': 5.062099484683354}
params_min= {'a1': 1.616580753730952, 'a2': 0.7302967433402215, 'a3': 5.06209948468315} logZ_min= nan obs_min= -3.272462713281712e-20
params_new= {'a1': 1.616580753730952, 'a2': 0.7302967433402215, 'a3': 5.062099484683354} logZ_new= 3.300642443781676 obs_new= 2.9252572574979756e-10
params_max= {'a1': 1.616580753730952, 'a2': 0.7302967433402215, 'a3': 5.062099484683557} logZ_max= 3.2647416275772105 obs_max= -4.846668040867252e-17
dist_min= tensor(2.7700) dist_max= tensor(288.7791)
params_min,params_max=params_new,params_max
evaluating model at params_new={'a1': 1.616580753730952, 'a2': 0.7302967433402215, 'a3': 5.062099484683456}
params_min= {'a1': 1.616580753730952, 'a2': 0.7302967433402215, 'a3': 5.062099484683354} logZ_min= 3.300642443781676 obs_min= 2.9252572574979756e-10
params_new= {'a1': 1.616580753730952, 'a2': 0.7302967433402215, 'a3': 5.062099484683456} logZ_new= 3.267994376268249 obs_new= -1.4653039007448349e-18
params_max= {'a1': 1.616580753730952, 'a2': 0.7302967433402215, 'a3': 5.062099484683557} logZ_max= 3.2647416275772105 obs_max= -4.846668040867252e-17
dist_min= tensor(247.3376) dist_max= tensor(41.9490)
params_min,params_max=params_min,params_new
evaluating model at params_new={'a1': 1.616580753730952, 'a2': 0.7302967433402215, 'a3': 5.062099484683404}
params_min= {'a1': 1.616580753730952, 'a2': 0.7302967433402215, 'a3': 5.062099484683354} logZ_min= 3.300642443781676 obs_min= 2.9252572574979756e-10
params_new= {'a1': 1.616580753730952, 'a2': 0.7302967433402215, 'a3': 5.062099484683404} logZ_new= 3.3007753082063362 obs_new= 1.3349472626028911e-09
params_max= {'a1': 1.616580753730952, 'a2': 0.7302967433402215, 'a3': 5.062099484683456} logZ_max= 3.267994376268249 obs_max= -1.4653039007448349e-18
dist_min= tensor(20.1475) dist_max= tensor(267.4460)
params_min,params_max=params_new,params_max
evaluating model at params_new={'a1': 1.616580753730952, 'a2': 0.7302967433402215, 'a3': 5.06209948468343}
params_min= {'a1': 1.616580753730952, 'a2': 0.7302967433402215, 'a3': 5.062099484683404} logZ_min= 3.3007753082063362 obs_min= 1.3349472626028911e-09
params_new= {'a1': 1.616580753730952, 'a2': 0.7302967433402215, 'a3': 5.06209948468343} logZ_new= nan obs_new= 7.639166265211951e-08
params_max= {'a1': 1.616580753730952, 'a2': 0.7302967433402215, 'a3': 5.062099484683456} logZ_max= 3.267994376268249 obs_max= -1.4653039007448349e-18
dist_min= tensor(166.0820) dist_max= tensor(429.2904)
params_min,params_max=params_new,params_max
evaluating model at params_new={'a1': 1.616580753730952, 'a2': 0.7302967433402215, 'a3': 5.0620994846834435}
params_min= {'a1': 1.616580753730952, 'a2': 0.7302967433402215, 'a3': 5.06209948468343} logZ_min= nan obs_min= 7.639166265211951e-08
params_new= {'a1': 1.616580753730952, 'a2': 0.7302967433402215, 'a3': 5.0620994846834435} logZ_new= 3.2981260274761866 obs_new= 1.0175852874022393e-07
params_max= {'a1': 1.616580753730952, 'a2': 0.7302967433402215, 'a3': 5.062099484683456} logZ_max= 3.267994376268249 obs_max= -1.4653039007448349e-18
dist_min= tensor(58977.3853) dist_max= tensor(58987.5385)
params_min,params_max=params_new,params_max
evaluating model at params_new={'a1': 1.616580753730952, 'a2': 0.7302967433402215, 'a3': 5.06209948468345}
params_min= {'a1': 1.616580753730952, 'a2': 0.7302967433402215, 'a3': 5.0620994846834435} logZ_min= 3.2981260274761866 obs_min= 1.0175852874022393e-07
params_new= {'a1': 1.616580753730952, 'a2': 0.7302967433402215, 'a3': 5.06209948468345} logZ_new= 3.2694187551532936 obs_new= 1.0287788516654064e-05
params_max= {'a1': 1.616580753730952, 'a2': 0.7302967433402215, 'a3': 5.062099484683456} logZ_max= 3.267994376268249 obs_max= -1.4653039007448349e-18
dist_min= tensor(58987.5839) dist_max= tensor(2.7247)
params_min,params_max=params_min,params_new
evaluating model at params_new={'a1': 1.616580753730952, 'a2': 0.7302967433402215, 'a3': 5.062099484683447}
params_min= {'a1': 1.616580753730952, 'a2': 0.7302967433402215, 'a3': 5.0620994846834435} logZ_min= 3.2981260274761866 obs_min= 1.0175852874022393e-07
params_new= {'a1': 1.616580753730952, 'a2': 0.7302967433402215, 'a3': 5.062099484683447} logZ_new= 3.2696916241235816 obs_new= 1.7311016704989846e-05
params_max= {'a1': 1.616580753730952, 'a2': 0.7302967433402215, 'a3': 5.06209948468345} logZ_max= 3.2694187551532936 obs_max= 1.0287788516654064e-05
dist_min= tensor(58985.3010) dist_max= tensor(73.2435)
params_min,params_max=params_min,params_new
evaluating model at params_new={'a1': 1.616580753730952, 'a2': 0.7302967433402215, 'a3': 5.062099484683445}
params_min= {'a1': 1.616580753730952, 'a2': 0.7302967433402215, 'a3': 5.0620994846834435} logZ_min= 3.2981260274761866 obs_min= 1.0175852874022393e-07
params_new= {'a1': 1.616580753730952, 'a2': 0.7302967433402215, 'a3': 5.062099484683445} logZ_new= nan obs_new= -9.546618625349796e-19
params_max= {'a1': 1.616580753730952, 'a2': 0.7302967433402215, 'a3': 5.062099484683447} logZ_max= 3.2696916241235816 obs_max= 1.7311016704989846e-05
dist_min= tensor(58973.3885) dist_max= tensor(577.7761)
params_min,params_max=params_min,params_new
evaluating model at params_new={'a1': 1.616580753730952, 'a2': 0.7302967433402215, 'a3': 5.062099484683444}
params_min= {'a1': 1.616580753730952, 'a2': 0.7302967433402215, 'a3': 5.0620994846834435} logZ_min= 3.2981260274761866 obs_min= 1.0175852874022393e-07
params_new= {'a1': 1.616580753730952, 'a2': 0.7302967433402215, 'a3': 5.062099484683444} logZ_new= nan obs_new= -9.79830389420991e-17
params_max= {'a1': 1.616580753730952, 'a2': 0.7302967433402215, 'a3': 5.062099484683445} logZ_max= nan obs_max= -9.546618625349796e-19
dist_min= tensor(58969.4698) dist_max= tensor(1650.8560)
params_min,params_max=params_min,params_new
critical params found:  {'a1': 1.616580753730952, 'a2': 0.7302967433402215, 'a3': 5.0620994846834435}
reference params:  {'a1': 1.1547005383792515, 'a2': 1.8257418583505538, 'a3': 4.47213595499958}
file saved to  data/AKLT3D_X10_scan_grid_critical_a3/a1_1.6165808_a2_0.7302967/Tc.json
