Start running find_critical_temp.py with options:{'filename': 'data/AKLT3D_X10_scan_grid_critical_a3/a1_1.6165808_a2_1.0954451/Tc.json', 'log_filename': 'data/AKLT3D_X10_scan_grid_critical_a3/a1_1.6165808_a2_1.0954451/Tc.log', 'nLayers': 60, 'max_dim': 10, 'model': 'AKLT3D', 'params_min': "{'a1': 1.616580753730952, 'a2': 1.0954451150103324, 'a3': 4.47213595499958}", 'params_max': "{'a1': 1.616580753730952, 'a2': 1.0954451150103324, 'a3': 5.366563145999496}", 'params_ref': None, 'observable_name': 'magnetizationZ', 'tol': 0.0, 'gilt_enabled': False, 'gilt_eps': 8e-07, 'gilt_nIter': 1, 'mcf_enabled': True, 'mcf_eps': 1e-16, 'mcf_max_iter': 200, 'hotrg_sanity_check': False, 'version': 1, 'device': 'cuda:1'}
loading library...
evaluating model at params_min={'a1': 1.616580753730952, 'a2': 1.0954451150103324, 'a3': 4.47213595499958}
params_min= {'a1': 1.616580753730952, 'a2': 1.0954451150103324, 'a3': 4.47213595499958} logZ_min= 3.3333912192854496 obs_min= 1.8781754274151658e-35
evaluating model at params_max={'a1': 1.616580753730952, 'a2': 1.0954451150103324, 'a3': 5.366563145999496}
params_max= {'a1': 1.616580753730952, 'a2': 1.0954451150103324, 'a3': 5.366563145999496} logZ_max= 3.365230801466525 obs_max= 8.590228069702485
searching for critical temperature using bisection method
evaluating model at params_new={'a1': 1.616580753730952, 'a2': 1.0954451150103324, 'a3': 4.919349550499538}
params_min= {'a1': 1.616580753730952, 'a2': 1.0954451150103324, 'a3': 4.47213595499958} logZ_min= 3.3333912192854496 obs_min= 1.8781754274151658e-35
params_new= {'a1': 1.616580753730952, 'a2': 1.0954451150103324, 'a3': 4.919349550499538} logZ_new= 3.339634899708797 obs_new= 8.868399288680875e-32
params_max= {'a1': 1.616580753730952, 'a2': 1.0954451150103324, 'a3': 5.366563145999496} logZ_max= 3.365230801466525 obs_max= 8.590228069702485
dist_min= tensor(12285.8688) dist_max= tensor(12305.7389)
params_min,params_max=params_new,params_max
evaluating model at params_new={'a1': 1.616580753730952, 'a2': 1.0954451150103324, 'a3': 5.142956348249517}
params_min= {'a1': 1.616580753730952, 'a2': 1.0954451150103324, 'a3': 4.919349550499538} logZ_min= 3.339634899708797 obs_min= 8.868399288680875e-32
params_new= {'a1': 1.616580753730952, 'a2': 1.0954451150103324, 'a3': 5.142956348249517} logZ_new= 3.3431656480035343 obs_new= 1.568661548614408e-33
params_max= {'a1': 1.616580753730952, 'a2': 1.0954451150103324, 'a3': 5.366563145999496} logZ_max= 3.365230801466525 obs_max= 8.590228069702485
dist_min= tensor(314063.8529) dist_max= tensor(326369.5587)
params_min,params_max=params_new,params_max
evaluating model at params_new={'a1': 1.616580753730952, 'a2': 1.0954451150103324, 'a3': 5.254759747124506}
params_min= {'a1': 1.616580753730952, 'a2': 1.0954451150103324, 'a3': 5.142956348249517} logZ_min= 3.3431656480035343 obs_min= 1.568661548614408e-33
params_new= {'a1': 1.616580753730952, 'a2': 1.0954451150103324, 'a3': 5.254759747124506} logZ_new= nan obs_new= 3.0034384265140766e-34
params_max= {'a1': 1.616580753730952, 'a2': 1.0954451150103324, 'a3': 5.366563145999496} logZ_max= 3.365230801466525 obs_max= 8.590228069702485
dist_min= tensor(326366.7676) dist_max= tensor(1729.3781)
params_min,params_max=params_min,params_new
evaluating model at params_new={'a1': 1.616580753730952, 'a2': 1.0954451150103324, 'a3': 5.198858047687011}
params_min= {'a1': 1.616580753730952, 'a2': 1.0954451150103324, 'a3': 5.142956348249517} logZ_min= 3.3431656480035343 obs_min= 1.568661548614408e-33
params_new= {'a1': 1.616580753730952, 'a2': 1.0954451150103324, 'a3': 5.198858047687011} logZ_new= 3.344173642244993 obs_new= 2.0824413580664194e-33
params_max= {'a1': 1.616580753730952, 'a2': 1.0954451150103324, 'a3': 5.254759747124506} logZ_max= nan obs_max= 3.0034384265140766e-34
dist_min= tensor(326361.8178) dist_max= tensor(1729.3594)
params_min,params_max=params_min,params_new
evaluating model at params_new={'a1': 1.616580753730952, 'a2': 1.0954451150103324, 'a3': 5.170907197968264}
params_min= {'a1': 1.616580753730952, 'a2': 1.0954451150103324, 'a3': 5.142956348249517} logZ_min= 3.3431656480035343 obs_min= 1.568661548614408e-33
params_new= {'a1': 1.616580753730952, 'a2': 1.0954451150103324, 'a3': 5.170907197968264} logZ_new= nan obs_new= 5.475002505044223e-32
params_max= {'a1': 1.616580753730952, 'a2': 1.0954451150103324, 'a3': 5.198858047687011} logZ_max= 3.344173642244993 obs_max= 2.0824413580664194e-33
dist_min= tensor(233007.9214) dist_max= tensor(93360.9309)
params_min,params_max=params_min,params_new
evaluating model at params_new={'a1': 1.616580753730952, 'a2': 1.0954451150103324, 'a3': 5.156931773108891}
params_min= {'a1': 1.616580753730952, 'a2': 1.0954451150103324, 'a3': 5.142956348249517} logZ_min= 3.3431656480035343 obs_min= 1.568661548614408e-33
params_new= {'a1': 1.616580753730952, 'a2': 1.0954451150103324, 'a3': 5.156931773108891} logZ_new= 3.3433065241157403 obs_new= 1.1227445775769477e-33
params_max= {'a1': 1.616580753730952, 'a2': 1.0954451150103324, 'a3': 5.170907197968264} logZ_max= nan obs_max= 5.475002505044223e-32
dist_min= tensor(167351.9161) dist_max= tensor(65661.1735)
params_min,params_max=params_min,params_new
evaluating model at params_new={'a1': 1.616580753730952, 'a2': 1.0954451150103324, 'a3': 5.1499440606792035}
params_min= {'a1': 1.616580753730952, 'a2': 1.0954451150103324, 'a3': 5.142956348249517} logZ_min= 3.3431656480035343 obs_min= 1.568661548614408e-33
params_new= {'a1': 1.616580753730952, 'a2': 1.0954451150103324, 'a3': 5.1499440606792035} logZ_new= 3.3430433626374336 obs_new= 5.667076326016199e-32
params_max= {'a1': 1.616580753730952, 'a2': 1.0954451150103324, 'a3': 5.156931773108891} logZ_max= 3.3433065241157403 obs_max= 1.1227445775769477e-33
dist_min= tensor(105555.2857) dist_max= tensor(61796.7836)
params_min,params_max=params_min,params_new
evaluating model at params_new={'a1': 1.616580753730952, 'a2': 1.0954451150103324, 'a3': 5.14645020446436}
params_min= {'a1': 1.616580753730952, 'a2': 1.0954451150103324, 'a3': 5.142956348249517} logZ_min= 3.3431656480035343 obs_min= 1.568661548614408e-33
params_new= {'a1': 1.616580753730952, 'a2': 1.0954451150103324, 'a3': 5.14645020446436} logZ_new= 3.3429612789356353 obs_new= 2.298721749346382e-32
params_max= {'a1': 1.616580753730952, 'a2': 1.0954451150103324, 'a3': 5.1499440606792035} logZ_max= 3.3430433626374336 obs_max= 5.667076326016199e-32
dist_min= tensor(60392.5119) dist_max= tensor(45163.1452)
params_min,params_max=params_min,params_new
evaluating model at params_new={'a1': 1.616580753730952, 'a2': 1.0954451150103324, 'a3': 5.144703276356939}
params_min= {'a1': 1.616580753730952, 'a2': 1.0954451150103324, 'a3': 5.142956348249517} logZ_min= 3.3431656480035343 obs_min= 1.568661548614408e-33
params_new= {'a1': 1.616580753730952, 'a2': 1.0954451150103324, 'a3': 5.144703276356939} logZ_new= 3.3429275037397033 obs_new= 1.1477652815780698e-32
params_max= {'a1': 1.616580753730952, 'a2': 1.0954451150103324, 'a3': 5.14645020446436} logZ_max= 3.3429612789356353 obs_max= 2.298721749346382e-32
dist_min= tensor(32489.9746) dist_max= tensor(27903.2501)
params_min,params_max=params_min,params_new
evaluating model at params_new={'a1': 1.616580753730952, 'a2': 1.0954451150103324, 'a3': 5.1438298123032276}
params_min= {'a1': 1.616580753730952, 'a2': 1.0954451150103324, 'a3': 5.142956348249517} logZ_min= 3.3431656480035343 obs_min= 1.568661548614408e-33
params_new= {'a1': 1.616580753730952, 'a2': 1.0954451150103324, 'a3': 5.1438298123032276} logZ_new= 3.3429048506633796 obs_new= 7.320709944553207e-35
params_max= {'a1': 1.616580753730952, 'a2': 1.0954451150103324, 'a3': 5.144703276356939} logZ_max= 3.3429275037397033 obs_max= 1.1477652815780698e-32
dist_min= tensor(16879.8362) dist_max= tensor(15611.3040)
params_min,params_max=params_min,params_new
evaluating model at params_new={'a1': 1.616580753730952, 'a2': 1.0954451150103324, 'a3': 5.143393080276372}
params_min= {'a1': 1.616580753730952, 'a2': 1.0954451150103324, 'a3': 5.142956348249517} logZ_min= 3.3431656480035343 obs_min= 1.568661548614408e-33
params_new= {'a1': 1.616580753730952, 'a2': 1.0954451150103324, 'a3': 5.143393080276372} logZ_new= nan obs_new= 1.563701716441738e-33
params_max= {'a1': 1.616580753730952, 'a2': 1.0954451150103324, 'a3': 5.1438298123032276} logZ_max= 3.3429048506633796 obs_max= 7.320709944553207e-35
dist_min= tensor(8610.9117) dist_max= tensor(8272.0235)
params_min,params_max=params_min,params_new
evaluating model at params_new={'a1': 1.616580753730952, 'a2': 1.0954451150103324, 'a3': 5.143174714262944}
params_min= {'a1': 1.616580753730952, 'a2': 1.0954451150103324, 'a3': 5.142956348249517} logZ_min= 3.3431656480035343 obs_min= 1.568661548614408e-33
params_new= {'a1': 1.616580753730952, 'a2': 1.0954451150103324, 'a3': 5.143174714262944} logZ_new= nan obs_new= 2.9032208348057514e-33
params_max= {'a1': 1.616580753730952, 'a2': 1.0954451150103324, 'a3': 5.143393080276372} logZ_max= nan obs_max= 1.563701716441738e-33
dist_min= tensor(4356.7560) dist_max= tensor(4259.8335)
params_min,params_max=params_min,params_new
evaluating model at params_new={'a1': 1.616580753730952, 'a2': 1.0954451150103324, 'a3': 5.14306553125623}
params_min= {'a1': 1.616580753730952, 'a2': 1.0954451150103324, 'a3': 5.142956348249517} logZ_min= 3.3431656480035343 obs_min= 1.568661548614408e-33
params_new= {'a1': 1.616580753730952, 'a2': 1.0954451150103324, 'a3': 5.14306553125623} logZ_new= 3.343175487647098 obs_new= 1.5584475278768406e-33
params_max= {'a1': 1.616580753730952, 'a2': 1.0954451150103324, 'a3': 5.143174714262944} logZ_max= nan obs_max= 2.9032208348057514e-33
dist_min= tensor(2198.0145) dist_max= tensor(2162.7564)
params_min,params_max=params_min,params_new
evaluating model at params_new={'a1': 1.616580753730952, 'a2': 1.0954451150103324, 'a3': 5.143010939752873}
params_min= {'a1': 1.616580753730952, 'a2': 1.0954451150103324, 'a3': 5.142956348249517} logZ_min= 3.3431656480035343 obs_min= 1.568661548614408e-33
params_new= {'a1': 1.616580753730952, 'a2': 1.0954451150103324, 'a3': 5.143010939752873} logZ_new= 3.343109945860742 obs_new= 1.6389278098275332e-32
params_max= {'a1': 1.616580753730952, 'a2': 1.0954451150103324, 'a3': 5.14306553125623} logZ_max= 3.343175487647098 obs_max= 1.5584475278768406e-33
dist_min= tensor(1138.3436) dist_max= tensor(1090.7068)
params_min,params_max=params_min,params_new
evaluating model at params_new={'a1': 1.616580753730952, 'a2': 1.0954451150103324, 'a3': 5.142983644001195}
params_min= {'a1': 1.616580753730952, 'a2': 1.0954451150103324, 'a3': 5.142956348249517} logZ_min= 3.3431656480035343 obs_min= 1.568661548614408e-33
params_new= {'a1': 1.616580753730952, 'a2': 1.0954451150103324, 'a3': 5.142983644001195} logZ_new= nan obs_new= 9.381740680062911e-35
params_max= {'a1': 1.616580753730952, 'a2': 1.0954451150103324, 'a3': 5.143010939752873} logZ_max= 3.343109945860742 obs_max= 1.6389278098275332e-32
dist_min= tensor(632.2502) dist_max= tensor(546.5568)
params_min,params_max=params_min,params_new
evaluating model at params_new={'a1': 1.616580753730952, 'a2': 1.0954451150103324, 'a3': 5.142969996125355}
params_min= {'a1': 1.616580753730952, 'a2': 1.0954451150103324, 'a3': 5.142956348249517} logZ_min= 3.3431656480035343 obs_min= 1.568661548614408e-33
params_new= {'a1': 1.616580753730952, 'a2': 1.0954451150103324, 'a3': 5.142969996125355} logZ_new= 3.3431712863750085 obs_new= 3.8932254633343896e-32
params_max= {'a1': 1.616580753730952, 'a2': 1.0954451150103324, 'a3': 5.142983644001195} logZ_max= nan obs_max= 9.381740680062911e-35
dist_min= tensor(418.0264) dist_max= tensor(273.7894)
params_min,params_max=params_min,params_new
evaluating model at params_new={'a1': 1.616580753730952, 'a2': 1.0954451150103324, 'a3': 5.142963172187436}
params_min= {'a1': 1.616580753730952, 'a2': 1.0954451150103324, 'a3': 5.142956348249517} logZ_min= 3.3431656480035343 obs_min= 1.568661548614408e-33
params_new= {'a1': 1.616580753730952, 'a2': 1.0954451150103324, 'a3': 5.142963172187436} logZ_new= 3.3431612808252456 obs_new= 9.923766925853757e-34
params_max= {'a1': 1.616580753730952, 'a2': 1.0954451150103324, 'a3': 5.142969996125355} logZ_max= 3.3431712863750085 obs_max= 3.8932254633343896e-32
dist_min= tensor(341.6082) dist_max= tensor(137.0580)
params_min,params_max=params_min,params_new
evaluating model at params_new={'a1': 1.616580753730952, 'a2': 1.0954451150103324, 'a3': 5.142959760218476}
params_min= {'a1': 1.616580753730952, 'a2': 1.0954451150103324, 'a3': 5.142956348249517} logZ_min= 3.3431656480035343 obs_min= 1.568661548614408e-33
params_new= {'a1': 1.616580753730952, 'a2': 1.0954451150103324, 'a3': 5.142959760218476} logZ_new= nan obs_new= 3.952753774436509e-33
params_max= {'a1': 1.616580753730952, 'a2': 1.0954451150103324, 'a3': 5.142963172187436} logZ_max= 3.3431612808252456 obs_max= 9.923766925853757e-34
dist_min= tensor(322.8702) dist_max= tensor(68.6085)
params_min,params_max=params_min,params_new
evaluating model at params_new={'a1': 1.616580753730952, 'a2': 1.0954451150103324, 'a3': 5.142958054233997}
params_min= {'a1': 1.616580753730952, 'a2': 1.0954451150103324, 'a3': 5.142956348249517} logZ_min= 3.3431656480035343 obs_min= 1.568661548614408e-33
params_new= {'a1': 1.616580753730952, 'a2': 1.0954451150103324, 'a3': 5.142958054233997} logZ_new= 3.3431523688089815 obs_new= 4.139814776936798e-31
params_max= {'a1': 1.616580753730952, 'a2': 1.0954451150103324, 'a3': 5.142959760218476} logZ_max= nan obs_max= 3.952753774436509e-33
dist_min= tensor(317.4901) dist_max= tensor(34.2844)
params_min,params_max=params_min,params_new
evaluating model at params_new={'a1': 1.616580753730952, 'a2': 1.0954451150103324, 'a3': 5.142957201241757}
params_min= {'a1': 1.616580753730952, 'a2': 1.0954451150103324, 'a3': 5.142956348249517} logZ_min= 3.3431656480035343 obs_min= 1.568661548614408e-33
params_new= {'a1': 1.616580753730952, 'a2': 1.0954451150103324, 'a3': 5.142957201241757} logZ_new= nan obs_new= 1.271664487593522e-31
params_max= {'a1': 1.616580753730952, 'a2': 1.0954451150103324, 'a3': 5.142958054233997} logZ_max= 3.3431523688089815 obs_max= 4.139814776936798e-31
dist_min= tensor(1118.8242) dist_max= tensor(1073.3243)
params_min,params_max=params_min,params_new
evaluating model at params_new={'a1': 1.616580753730952, 'a2': 1.0954451150103324, 'a3': 5.142956774745636}
params_min= {'a1': 1.616580753730952, 'a2': 1.0954451150103324, 'a3': 5.142956348249517} logZ_min= 3.3431656480035343 obs_min= 1.568661548614408e-33
params_new= {'a1': 1.616580753730952, 'a2': 1.0954451150103324, 'a3': 5.142956774745636} logZ_new= 3.343173161074173 obs_new= 8.913471884780506e-32
params_max= {'a1': 1.616580753730952, 'a2': 1.0954451150103324, 'a3': 5.142957201241757} logZ_max= nan obs_max= 1.271664487593522e-31
dist_min= tensor(315.0673) dist_max= tensor(1072.7429)
params_min,params_max=params_new,params_max
evaluating model at params_new={'a1': 1.616580753730952, 'a2': 1.0954451150103324, 'a3': 5.1429569879936965}
params_min= {'a1': 1.616580753730952, 'a2': 1.0954451150103324, 'a3': 5.142956774745636} logZ_min= 3.343173161074173 obs_min= 8.913471884780506e-32
params_new= {'a1': 1.616580753730952, 'a2': 1.0954451150103324, 'a3': 5.1429569879936965} logZ_new= 3.343149268524026 obs_new= 2.8842596365964427e-32
params_max= {'a1': 1.616580753730952, 'a2': 1.0954451150103324, 'a3': 5.142957201241757} logZ_max= nan obs_max= 1.271664487593522e-31
dist_min= tensor(5.9219) dist_max= tensor(1073.2463)
params_min,params_max=params_new,params_max
evaluating model at params_new={'a1': 1.616580753730952, 'a2': 1.0954451150103324, 'a3': 5.142957094617726}
params_min= {'a1': 1.616580753730952, 'a2': 1.0954451150103324, 'a3': 5.1429569879936965} logZ_min= 3.343149268524026 obs_min= 2.8842596365964427e-32
params_new= {'a1': 1.616580753730952, 'a2': 1.0954451150103324, 'a3': 5.142957094617726} logZ_new= 3.3430922493821704 obs_new= 1.4181449624915948e-33
params_max= {'a1': 1.616580753730952, 'a2': 1.0954451150103324, 'a3': 5.142957201241757} logZ_max= nan obs_max= 1.271664487593522e-31
dist_min= tensor(112.7202) dist_max= tensor(1079.7111)
params_min,params_max=params_new,params_max
evaluating model at params_new={'a1': 1.616580753730952, 'a2': 1.0954451150103324, 'a3': 5.142957147929741}
params_min= {'a1': 1.616580753730952, 'a2': 1.0954451150103324, 'a3': 5.142957094617726} logZ_min= 3.3430922493821704 obs_min= 1.4181449624915948e-33
params_new= {'a1': 1.616580753730952, 'a2': 1.0954451150103324, 'a3': 5.142957147929741} logZ_new= 3.3431152137034177 obs_new= 3.3515268085099887e-32
params_max= {'a1': 1.616580753730952, 'a2': 1.0954451150103324, 'a3': 5.142957201241757} logZ_max= nan obs_max= 1.271664487593522e-31
dist_min= tensor(117.2392) dist_max= tensor(1073.0837)
params_min,params_max=params_new,params_max
evaluating model at params_new={'a1': 1.616580753730952, 'a2': 1.0954451150103324, 'a3': 5.142957174585749}
params_min= {'a1': 1.616580753730952, 'a2': 1.0954451150103324, 'a3': 5.142957147929741} logZ_min= 3.3431152137034177 obs_min= 3.3515268085099887e-32
params_new= {'a1': 1.616580753730952, 'a2': 1.0954451150103324, 'a3': 5.142957174585749} logZ_new= 3.3431740260074916 obs_new= 2.6861917720265314e-32
params_max= {'a1': 1.616580753730952, 'a2': 1.0954451150103324, 'a3': 5.142957201241757} logZ_max= nan obs_max= 1.271664487593522e-31
dist_min= tensor(1.6274) dist_max= tensor(1072.7091)
params_min,params_max=params_new,params_max
evaluating model at params_new={'a1': 1.616580753730952, 'a2': 1.0954451150103324, 'a3': 5.142957187913753}
params_min= {'a1': 1.616580753730952, 'a2': 1.0954451150103324, 'a3': 5.142957174585749} logZ_min= 3.3431740260074916 obs_min= 2.6861917720265314e-32
params_new= {'a1': 1.616580753730952, 'a2': 1.0954451150103324, 'a3': 5.142957187913753} logZ_new= 3.3431732803856167 obs_new= 3.9832409249737195e-34
params_max= {'a1': 1.616580753730952, 'a2': 1.0954451150103324, 'a3': 5.142957201241757} logZ_max= nan obs_max= 1.271664487593522e-31
dist_min= tensor(0.3228) dist_max= tensor(1072.7089)
params_min,params_max=params_new,params_max
evaluating model at params_new={'a1': 1.616580753730952, 'a2': 1.0954451150103324, 'a3': 5.142957194577755}
params_min= {'a1': 1.616580753730952, 'a2': 1.0954451150103324, 'a3': 5.142957187913753} logZ_min= 3.3431732803856167 obs_min= 3.9832409249737195e-34
params_new= {'a1': 1.616580753730952, 'a2': 1.0954451150103324, 'a3': 5.142957194577755} logZ_new= 3.3431424764819244 obs_new= 3.030913947020382e-33
params_max= {'a1': 1.616580753730952, 'a2': 1.0954451150103324, 'a3': 5.142957201241757} logZ_max= nan obs_max= 1.271664487593522e-31
dist_min= tensor(62.8171) dist_max= tensor(1075.2014)
params_min,params_max=params_new,params_max
evaluating model at params_new={'a1': 1.616580753730952, 'a2': 1.0954451150103324, 'a3': 5.142957197909755}
params_min= {'a1': 1.616580753730952, 'a2': 1.0954451150103324, 'a3': 5.142957194577755} logZ_min= 3.3431424764819244 obs_min= 3.030913947020382e-33
params_new= {'a1': 1.616580753730952, 'a2': 1.0954451150103324, 'a3': 5.142957197909755} logZ_new= 3.3431536430176614 obs_new= 2.454240991947739e-31
params_max= {'a1': 1.616580753730952, 'a2': 1.0954451150103324, 'a3': 5.142957201241757} logZ_max= nan obs_max= 1.271664487593522e-31
dist_min= tensor(45.1766) dist_max= tensor(1073.4770)
params_min,params_max=params_new,params_max
evaluating model at params_new={'a1': 1.616580753730952, 'a2': 1.0954451150103324, 'a3': 5.142957199575756}
params_min= {'a1': 1.616580753730952, 'a2': 1.0954451150103324, 'a3': 5.142957197909755} logZ_min= 3.3431536430176614 obs_min= 2.454240991947739e-31
params_new= {'a1': 1.616580753730952, 'a2': 1.0954451150103324, 'a3': 5.142957199575756} logZ_new= 3.343172581963761 obs_new= 1.4599820380559287e-32
params_max= {'a1': 1.616580753730952, 'a2': 1.0954451150103324, 'a3': 5.142957201241757} logZ_max= nan obs_max= 1.271664487593522e-31
dist_min= tensor(18.5115) dist_max= tensor(1073.2449)
params_min,params_max=params_new,params_max
evaluating model at params_new={'a1': 1.616580753730952, 'a2': 1.0954451150103324, 'a3': 5.142957200408756}
params_min= {'a1': 1.616580753730952, 'a2': 1.0954451150103324, 'a3': 5.142957199575756} logZ_min= 3.343172581963761 obs_min= 1.4599820380559287e-32
params_new= {'a1': 1.616580753730952, 'a2': 1.0954451150103324, 'a3': 5.142957200408756} logZ_new= 3.3430921164730063 obs_new= 6.868851109646744e-36
params_max= {'a1': 1.616580753730952, 'a2': 1.0954451150103324, 'a3': 5.142957201241757} logZ_max= nan obs_max= 1.271664487593522e-31
dist_min= tensor(2.3331) dist_max= tensor(1073.0494)
params_min,params_max=params_new,params_max
evaluating model at params_new={'a1': 1.616580753730952, 'a2': 1.0954451150103324, 'a3': 5.142957200825256}
params_min= {'a1': 1.616580753730952, 'a2': 1.0954451150103324, 'a3': 5.142957200408756} logZ_min= 3.3430921164730063 obs_min= 6.868851109646744e-36
params_new= {'a1': 1.616580753730952, 'a2': 1.0954451150103324, 'a3': 5.142957200825256} logZ_new= nan obs_new= 3.011839825026552e-34
params_max= {'a1': 1.616580753730952, 'a2': 1.0954451150103324, 'a3': 5.142957201241757} logZ_max= nan obs_max= 1.271664487593522e-31
dist_min= tensor(0.6998) dist_max= tensor(1072.3711)
params_min,params_max=params_new,params_max
evaluating model at params_new={'a1': 1.616580753730952, 'a2': 1.0954451150103324, 'a3': 5.142957201033506}
params_min= {'a1': 1.616580753730952, 'a2': 1.0954451150103324, 'a3': 5.142957200825256} logZ_min= nan obs_min= 3.011839825026552e-34
params_new= {'a1': 1.616580753730952, 'a2': 1.0954451150103324, 'a3': 5.142957201033506} logZ_new= nan obs_new= 1.4249930073912072e-32
params_max= {'a1': 1.616580753730952, 'a2': 1.0954451150103324, 'a3': 5.142957201241757} logZ_max= nan obs_max= 1.271664487593522e-31
dist_min= tensor(10723.5245) dist_max= tensor(9651.1557)
params_min,params_max=params_min,params_new
evaluating model at params_new={'a1': 1.616580753730952, 'a2': 1.0954451150103324, 'a3': 5.142957200929381}
params_min= {'a1': 1.616580753730952, 'a2': 1.0954451150103324, 'a3': 5.142957200825256} logZ_min= nan obs_min= 3.011839825026552e-34
params_new= {'a1': 1.616580753730952, 'a2': 1.0954451150103324, 'a3': 5.142957200929381} logZ_new= 3.3430889443320595 obs_new= 2.4138733438301404e-31
params_max= {'a1': 1.616580753730952, 'a2': 1.0954451150103324, 'a3': 5.142957201033506} logZ_max= nan obs_max= 1.4249930073912072e-32
dist_min= tensor(1.0322) dist_max= tensor(10723.8630)
params_min,params_max=params_new,params_max
evaluating model at params_new={'a1': 1.616580753730952, 'a2': 1.0954451150103324, 'a3': 5.142957200981444}
params_min= {'a1': 1.616580753730952, 'a2': 1.0954451150103324, 'a3': 5.142957200929381} logZ_min= 3.3430889443320595 obs_min= 2.4138733438301404e-31
params_new= {'a1': 1.616580753730952, 'a2': 1.0954451150103324, 'a3': 5.142957200981444} logZ_new= 3.3430972848274254 obs_new= 1.7157386046147381e-34
params_max= {'a1': 1.616580753730952, 'a2': 1.0954451150103324, 'a3': 5.142957201033506} logZ_max= nan obs_max= 1.4249930073912072e-32
dist_min= tensor(4.9239) dist_max= tensor(10724.4382)
params_min,params_max=params_new,params_max
evaluating model at params_new={'a1': 1.616580753730952, 'a2': 1.0954451150103324, 'a3': 5.142957201007475}
params_min= {'a1': 1.616580753730952, 'a2': 1.0954451150103324, 'a3': 5.142957200981444} logZ_min= 3.3430972848274254 obs_min= 1.7157386046147381e-34
params_new= {'a1': 1.616580753730952, 'a2': 1.0954451150103324, 'a3': 5.142957201007475} logZ_new= 3.3431557277086448 obs_new= 4.122282873628702e-32
params_max= {'a1': 1.616580753730952, 'a2': 1.0954451150103324, 'a3': 5.142957201033506} logZ_max= nan obs_max= 1.4249930073912072e-32
dist_min= tensor(4.9434) dist_max= tensor(10723.8630)
params_min,params_max=params_new,params_max
evaluating model at params_new={'a1': 1.616580753730952, 'a2': 1.0954451150103324, 'a3': 5.14295720102049}
params_min= {'a1': 1.616580753730952, 'a2': 1.0954451150103324, 'a3': 5.142957201007475} logZ_min= 3.3431557277086448 obs_min= 4.122282873628702e-32
params_new= {'a1': 1.616580753730952, 'a2': 1.0954451150103324, 'a3': 5.14295720102049} logZ_new= nan obs_new= 1.6510680534170314e-34
params_max= {'a1': 1.616580753730952, 'a2': 1.0954451150103324, 'a3': 5.142957201033506} logZ_max= nan obs_max= 1.4249930073912072e-32
dist_min= tensor(1.5972) dist_max= tensor(10724.1420)
params_min,params_max=params_new,params_max
evaluating model at params_new={'a1': 1.616580753730952, 'a2': 1.0954451150103324, 'a3': 5.142957201026999}
params_min= {'a1': 1.616580753730952, 'a2': 1.0954451150103324, 'a3': 5.14295720102049} logZ_min= nan obs_min= 1.6510680534170314e-34
params_new= {'a1': 1.616580753730952, 'a2': 1.0954451150103324, 'a3': 5.142957201026999} logZ_new= 3.343169230317017 obs_new= 4.114714469998621e-31
params_max= {'a1': 1.616580753730952, 'a2': 1.0954451150103324, 'a3': 5.142957201033506} logZ_max= nan obs_max= 1.4249930073912072e-32
dist_min= tensor(1.6866) dist_max= tensor(10723.8630)
params_min,params_max=params_new,params_max
evaluating model at params_new={'a1': 1.616580753730952, 'a2': 1.0954451150103324, 'a3': 5.142957201030253}
params_min= {'a1': 1.616580753730952, 'a2': 1.0954451150103324, 'a3': 5.142957201026999} logZ_min= 3.343169230317017 obs_min= 4.114714469998621e-31
params_new= {'a1': 1.616580753730952, 'a2': 1.0954451150103324, 'a3': 5.142957201030253} logZ_new= 3.343162116298996 obs_new= 3.1494959658913954e-33
params_max= {'a1': 1.616580753730952, 'a2': 1.0954451150103324, 'a3': 5.142957201033506} logZ_max= nan obs_max= 1.4249930073912072e-32
dist_min= tensor(1.4119) dist_max= tensor(10724.5091)
params_min,params_max=params_new,params_max
evaluating model at params_new={'a1': 1.616580753730952, 'a2': 1.0954451150103324, 'a3': 5.14295720103188}
params_min= {'a1': 1.616580753730952, 'a2': 1.0954451150103324, 'a3': 5.142957201030253} logZ_min= 3.343162116298996 obs_min= 3.1494959658913954e-33
params_new= {'a1': 1.616580753730952, 'a2': 1.0954451150103324, 'a3': 5.14295720103188} logZ_new= 3.343141395703068 obs_new= 1.9333453809482465e-33
params_max= {'a1': 1.616580753730952, 'a2': 1.0954451150103324, 'a3': 5.142957201033506} logZ_max= nan obs_max= 1.4249930073912072e-32
dist_min= tensor(0.0588) dist_max= tensor(10724.4548)
params_min,params_max=params_new,params_max
evaluating model at params_new={'a1': 1.616580753730952, 'a2': 1.0954451150103324, 'a3': 5.142957201032694}
params_min= {'a1': 1.616580753730952, 'a2': 1.0954451150103324, 'a3': 5.14295720103188} logZ_min= 3.343141395703068 obs_min= 1.9333453809482465e-33
params_new= {'a1': 1.616580753730952, 'a2': 1.0954451150103324, 'a3': 5.142957201032694} logZ_new= 3.343172303696163 obs_new= 8.169570570300763e-33
params_max= {'a1': 1.616580753730952, 'a2': 1.0954451150103324, 'a3': 5.142957201033506} logZ_max= nan obs_max= 1.4249930073912072e-32
dist_min= tensor(0.2661) dist_max= tensor(10724.3019)
params_min,params_max=params_new,params_max
evaluating model at params_new={'a1': 1.616580753730952, 'a2': 1.0954451150103324, 'a3': 5.1429572010331}
params_min= {'a1': 1.616580753730952, 'a2': 1.0954451150103324, 'a3': 5.142957201032694} logZ_min= 3.343172303696163 obs_min= 8.169570570300763e-33
params_new= {'a1': 1.616580753730952, 'a2': 1.0954451150103324, 'a3': 5.1429572010331} logZ_new= 3.343077293119245 obs_new= 8.49186759497048e-31
params_max= {'a1': 1.616580753730952, 'a2': 1.0954451150103324, 'a3': 5.142957201033506} logZ_max= nan obs_max= 1.4249930073912072e-32
dist_min= tensor(24.3096) dist_max= tensor(10724.5151)
params_min,params_max=params_new,params_max
evaluating model at params_new={'a1': 1.616580753730952, 'a2': 1.0954451150103324, 'a3': 5.142957201033303}
params_min= {'a1': 1.616580753730952, 'a2': 1.0954451150103324, 'a3': 5.1429572010331} logZ_min= 3.343077293119245 obs_min= 8.49186759497048e-31
params_new= {'a1': 1.616580753730952, 'a2': 1.0954451150103324, 'a3': 5.142957201033303} logZ_new= 3.3431751388674784 obs_new= 4.223120466790013e-34
params_max= {'a1': 1.616580753730952, 'a2': 1.0954451150103324, 'a3': 5.142957201033506} logZ_max= nan obs_max= 1.4249930073912072e-32
dist_min= tensor(24.3506) dist_max= tensor(10724.5062)
params_min,params_max=params_new,params_max
evaluating model at params_new={'a1': 1.616580753730952, 'a2': 1.0954451150103324, 'a3': 5.142957201033404}
params_min= {'a1': 1.616580753730952, 'a2': 1.0954451150103324, 'a3': 5.142957201033303} logZ_min= 3.3431751388674784 obs_min= 4.223120466790013e-34
params_new= {'a1': 1.616580753730952, 'a2': 1.0954451150103324, 'a3': 5.142957201033404} logZ_new= 3.343152918453777 obs_new= 1.3321187180576525e-31
params_max= {'a1': 1.616580753730952, 'a2': 1.0954451150103324, 'a3': 5.142957201033506} logZ_max= nan obs_max= 1.4249930073912072e-32
dist_min= tensor(37.2977) dist_max= tensor(10724.5594)
params_min,params_max=params_new,params_max
evaluating model at params_new={'a1': 1.616580753730952, 'a2': 1.0954451150103324, 'a3': 5.142957201033456}
params_min= {'a1': 1.616580753730952, 'a2': 1.0954451150103324, 'a3': 5.142957201033404} logZ_min= 3.343152918453777 obs_min= 1.3321187180576525e-31
params_new= {'a1': 1.616580753730952, 'a2': 1.0954451150103324, 'a3': 5.142957201033456} logZ_new= 3.3431607265101335 obs_new= 1.6043857349216137e-35
params_max= {'a1': 1.616580753730952, 'a2': 1.0954451150103324, 'a3': 5.142957201033506} logZ_max= nan obs_max= 1.4249930073912072e-32
dist_min= tensor(37.2918) dist_max= tensor(10724.4873)
params_min,params_max=params_new,params_max
evaluating model at params_new={'a1': 1.616580753730952, 'a2': 1.0954451150103324, 'a3': 5.1429572010334805}
params_min= {'a1': 1.616580753730952, 'a2': 1.0954451150103324, 'a3': 5.142957201033456} logZ_min= 3.3431607265101335 obs_min= 1.6043857349216137e-35
params_new= {'a1': 1.616580753730952, 'a2': 1.0954451150103324, 'a3': 5.1429572010334805} logZ_new= nan obs_new= 1.904105723929745e-32
params_max= {'a1': 1.616580753730952, 'a2': 1.0954451150103324, 'a3': 5.142957201033506} logZ_max= nan obs_max= 1.4249930073912072e-32
dist_min= tensor(0.4194) dist_max= tensor(10724.0761)
params_min,params_max=params_new,params_max
evaluating model at params_new={'a1': 1.616580753730952, 'a2': 1.0954451150103324, 'a3': 5.142957201033493}
params_min= {'a1': 1.616580753730952, 'a2': 1.0954451150103324, 'a3': 5.1429572010334805} logZ_min= nan obs_min= 1.904105723929745e-32
params_new= {'a1': 1.616580753730952, 'a2': 1.0954451150103324, 'a3': 5.142957201033493} logZ_new= 3.343159404361195 obs_new= 4.6275794217320275e-31
params_max= {'a1': 1.616580753730952, 'a2': 1.0954451150103324, 'a3': 5.142957201033506} logZ_max= nan obs_max= 1.4249930073912072e-32
dist_min= tensor(17.6693) dist_max= tensor(10724.3838)
params_min,params_max=params_new,params_max
evaluating model at params_new={'a1': 1.616580753730952, 'a2': 1.0954451150103324, 'a3': 5.1429572010335}
params_min= {'a1': 1.616580753730952, 'a2': 1.0954451150103324, 'a3': 5.142957201033493} logZ_min= 3.343159404361195 obs_min= 4.6275794217320275e-31
params_new= {'a1': 1.616580753730952, 'a2': 1.0954451150103324, 'a3': 5.1429572010335} logZ_new= 3.3431737579720724 obs_new= 1.5183145531817504e-33
params_max= {'a1': 1.616580753730952, 'a2': 1.0954451150103324, 'a3': 5.142957201033506} logZ_max= nan obs_max= 1.4249930073912072e-32
dist_min= tensor(17.8816) dist_max= tensor(10724.4168)
params_min,params_max=params_new,params_max
evaluating model at params_new={'a1': 1.616580753730952, 'a2': 1.0954451150103324, 'a3': 5.142957201033504}
params_min= {'a1': 1.616580753730952, 'a2': 1.0954451150103324, 'a3': 5.1429572010335} logZ_min= 3.3431737579720724 obs_min= 1.5183145531817504e-33
params_new= {'a1': 1.616580753730952, 'a2': 1.0954451150103324, 'a3': 5.142957201033504} logZ_new= nan obs_new= 4.53562955386964e-34
params_max= {'a1': 1.616580753730952, 'a2': 1.0954451150103324, 'a3': 5.142957201033506} logZ_max= nan obs_max= 1.4249930073912072e-32
dist_min= tensor(1.8990) dist_max= tensor(10722.5603)
params_min,params_max=params_new,params_max
evaluating model at params_new={'a1': 1.616580753730952, 'a2': 1.0954451150103324, 'a3': 5.142957201033505}
params_min= {'a1': 1.616580753730952, 'a2': 1.0954451150103324, 'a3': 5.142957201033504} logZ_min= nan obs_min= 4.53562955386964e-34
params_new= {'a1': 1.616580753730952, 'a2': 1.0954451150103324, 'a3': 5.142957201033505} logZ_new= 3.343172208657952 obs_new= 1.2736377987046173e-32
params_max= {'a1': 1.616580753730952, 'a2': 1.0954451150103324, 'a3': 5.142957201033506} logZ_max= nan obs_max= 1.4249930073912072e-32
dist_min= tensor(54.1438) dist_max= tensor(10724.6458)
params_min,params_max=params_new,params_max
critical params found:  {'a1': 1.616580753730952, 'a2': 1.0954451150103324, 'a3': 5.142957201033505}
reference params:  {'a1': 1.1547005383792515, 'a2': 1.8257418583505538, 'a3': 4.47213595499958}
file saved to  data/AKLT3D_X10_scan_grid_critical_a3/a1_1.6165808_a2_1.0954451/Tc.json
