Start running find_critical_temp.py with options:{'filename': 'data/AKLT3D_X10_scan_grid_critical_a3/a1_2.0784610_a2_2.9211870/Tc.json', 'log_filename': 'data/AKLT3D_X10_scan_grid_critical_a3/a1_2.0784610_a2_2.9211870/Tc.log', 'nLayers': 60, 'max_dim': 10, 'model': 'AKLT3D', 'params_min': "{'a1': 2.0784609690826525, 'a2': 2.921186973360886, 'a3': 5.366563145999496}", 'params_max': "{'a1': 2.0784609690826525, 'a2': 2.921186973360886, 'a3': 6.260990336999412}", 'params_ref': None, 'observable_name': 'magnetizationZ', 'tol': 0.0, 'gilt_enabled': False, 'gilt_eps': 8e-07, 'gilt_nIter': 1, 'mcf_enabled': True, 'mcf_eps': 1e-16, 'mcf_max_iter': 200, 'hotrg_sanity_check': False, 'version': 1, 'device': 'cuda:1'}
loading library...
evaluating model at params_min={'a1': 2.0784609690826525, 'a2': 2.921186973360886, 'a3': 5.366563145999496}
params_min= {'a1': 2.0784609690826525, 'a2': 2.921186973360886, 'a3': 5.366563145999496} logZ_min= 3.9637146657801825 obs_min= 8.123966471932812e-33
evaluating model at params_max={'a1': 2.0784609690826525, 'a2': 2.921186973360886, 'a3': 6.260990336999412}
params_max= {'a1': 2.0784609690826525, 'a2': 2.921186973360886, 'a3': 6.260990336999412} logZ_max= 3.970963997481411 obs_max= 0.6188003908821861
searching for critical temperature using bisection method
evaluating model at params_new={'a1': 2.0784609690826525, 'a2': 2.921186973360886, 'a3': 5.813776741499455}
params_min= {'a1': 2.0784609690826525, 'a2': 2.921186973360886, 'a3': 5.366563145999496} logZ_min= 3.9637146657801825 obs_min= 8.123966471932812e-33
params_new= {'a1': 2.0784609690826525, 'a2': 2.921186973360886, 'a3': 5.813776741499455} logZ_new= 3.9728519469926957 obs_new= 4.0565646522938424e-30
params_max= {'a1': 2.0784609690826525, 'a2': 2.921186973360886, 'a3': 6.260990336999412} logZ_max= 3.970963997481411 obs_max= 0.6188003908821861
dist_min= tensor(72.7027) dist_max= tensor(57.5579)
params_min,params_max=params_min,params_new
evaluating model at params_new={'a1': 2.0784609690826525, 'a2': 2.921186973360886, 'a3': 5.590169943749475}
params_min= {'a1': 2.0784609690826525, 'a2': 2.921186973360886, 'a3': 5.366563145999496} logZ_min= 3.9637146657801825 obs_min= 8.123966471932812e-33
params_new= {'a1': 2.0784609690826525, 'a2': 2.921186973360886, 'a3': 5.590169943749475} logZ_new= nan obs_new= 1.8988125816401787e-33
params_max= {'a1': 2.0784609690826525, 'a2': 2.921186973360886, 'a3': 5.813776741499455} logZ_max= 3.9728519469926957 obs_max= 4.0565646522938424e-30
dist_min= tensor(72.7383) dist_max= tensor(14.5147)
params_min,params_max=params_min,params_new
evaluating model at params_new={'a1': 2.0784609690826525, 'a2': 2.921186973360886, 'a3': 5.478366544874486}
params_min= {'a1': 2.0784609690826525, 'a2': 2.921186973360886, 'a3': 5.366563145999496} logZ_min= 3.9637146657801825 obs_min= 8.123966471932812e-33
params_new= {'a1': 2.0784609690826525, 'a2': 2.921186973360886, 'a3': 5.478366544874486} logZ_new= 3.96578585184275 obs_new= 5.820844446478653e-32
params_max= {'a1': 2.0784609690826525, 'a2': 2.921186973360886, 'a3': 5.590169943749475} logZ_max= nan obs_max= 1.8988125816401787e-33
dist_min= tensor(94.7895) dist_max= tensor(107.8431)
params_min,params_max=params_new,params_max
evaluating model at params_new={'a1': 2.0784609690826525, 'a2': 2.921186973360886, 'a3': 5.534268244311981}
params_min= {'a1': 2.0784609690826525, 'a2': 2.921186973360886, 'a3': 5.478366544874486} logZ_min= 3.96578585184275 obs_min= 5.820844446478653e-32
params_new= {'a1': 2.0784609690826525, 'a2': 2.921186973360886, 'a3': 5.534268244311981} logZ_new= 3.966725701075327 obs_new= 6.503591512181405e-34
params_max= {'a1': 2.0784609690826525, 'a2': 2.921186973360886, 'a3': 5.590169943749475} logZ_max= nan obs_max= 1.8988125816401787e-33
dist_min= tensor(93.1638) dist_max= tensor(48.0749)
params_min,params_max=params_min,params_new
evaluating model at params_new={'a1': 2.0784609690826525, 'a2': 2.921186973360886, 'a3': 5.506317394593234}
params_min= {'a1': 2.0784609690826525, 'a2': 2.921186973360886, 'a3': 5.478366544874486} logZ_min= 3.96578585184275 obs_min= 5.820844446478653e-32
params_new= {'a1': 2.0784609690826525, 'a2': 2.921186973360886, 'a3': 5.506317394593234} logZ_new= 3.966221948000448 obs_new= 1.188127322285661e-31
params_max= {'a1': 2.0784609690826525, 'a2': 2.921186973360886, 'a3': 5.534268244311981} logZ_max= 3.966725701075327 obs_max= 6.503591512181405e-34
dist_min= tensor(93.2758) dist_max= tensor(10.7152)
params_min,params_max=params_min,params_new
evaluating model at params_new={'a1': 2.0784609690826525, 'a2': 2.921186973360886, 'a3': 5.49234196973386}
params_min= {'a1': 2.0784609690826525, 'a2': 2.921186973360886, 'a3': 5.478366544874486} logZ_min= 3.96578585184275 obs_min= 5.820844446478653e-32
params_new= {'a1': 2.0784609690826525, 'a2': 2.921186973360886, 'a3': 5.49234196973386} logZ_new= nan obs_new= 3.009724694344357e-31
params_max= {'a1': 2.0784609690826525, 'a2': 2.921186973360886, 'a3': 5.506317394593234} logZ_max= 3.966221948000448 obs_max= 1.188127322285661e-31
dist_min= tensor(93.2525) dist_max= tensor(13.1605)
params_min,params_max=params_min,params_new
evaluating model at params_new={'a1': 2.0784609690826525, 'a2': 2.921186973360886, 'a3': 5.485354257304174}
params_min= {'a1': 2.0784609690826525, 'a2': 2.921186973360886, 'a3': 5.478366544874486} logZ_min= 3.96578585184275 obs_min= 5.820844446478653e-32
params_new= {'a1': 2.0784609690826525, 'a2': 2.921186973360886, 'a3': 5.485354257304174} logZ_new= nan obs_new= 3.581508402608286e-32
params_max= {'a1': 2.0784609690826525, 'a2': 2.921186973360886, 'a3': 5.49234196973386} logZ_max= nan obs_max= 3.009724694344357e-31
dist_min= tensor(92.8807) dist_max= tensor(7.4379)
params_min,params_max=params_min,params_new
evaluating model at params_new={'a1': 2.0784609690826525, 'a2': 2.921186973360886, 'a3': 5.48186040108933}
params_min= {'a1': 2.0784609690826525, 'a2': 2.921186973360886, 'a3': 5.478366544874486} logZ_min= 3.96578585184275 obs_min= 5.820844446478653e-32
params_new= {'a1': 2.0784609690826525, 'a2': 2.921186973360886, 'a3': 5.48186040108933} logZ_new= 3.9658503829292986 obs_new= 2.8926124695968557e-34
params_max= {'a1': 2.0784609690826525, 'a2': 2.921186973360886, 'a3': 5.485354257304174} logZ_max= nan obs_max= 3.581508402608286e-32
dist_min= tensor(92.8931) dist_max= tensor(1.5452)
params_min,params_max=params_min,params_new
evaluating model at params_new={'a1': 2.0784609690826525, 'a2': 2.921186973360886, 'a3': 5.480113472981908}
params_min= {'a1': 2.0784609690826525, 'a2': 2.921186973360886, 'a3': 5.478366544874486} logZ_min= 3.96578585184275 obs_min= 5.820844446478653e-32
params_new= {'a1': 2.0784609690826525, 'a2': 2.921186973360886, 'a3': 5.480113472981908} logZ_new= 3.965817399681306 obs_new= 9.658376602206291e-31
params_max= {'a1': 2.0784609690826525, 'a2': 2.921186973360886, 'a3': 5.48186040108933} logZ_max= 3.9658503829292986 obs_max= 2.8926124695968557e-34
dist_min= tensor(92.2605) dist_max= tensor(1.6866)
params_min,params_max=params_min,params_new
evaluating model at params_new={'a1': 2.0784609690826525, 'a2': 2.921186973360886, 'a3': 5.479240008928198}
params_min= {'a1': 2.0784609690826525, 'a2': 2.921186973360886, 'a3': 5.478366544874486} logZ_min= 3.96578585184275 obs_min= 5.820844446478653e-32
params_new= {'a1': 2.0784609690826525, 'a2': 2.921186973360886, 'a3': 5.479240008928198} logZ_new= 3.9657166796674126 obs_new= 5.135959913805536e-34
params_max= {'a1': 2.0784609690826525, 'a2': 2.921186973360886, 'a3': 5.480113472981908} logZ_max= 3.965817399681306 obs_max= 9.658376602206291e-31
dist_min= tensor(92.8931) dist_max= tensor(1.7956)
params_min,params_max=params_min,params_new
evaluating model at params_new={'a1': 2.0784609690826525, 'a2': 2.921186973360886, 'a3': 5.478803276901342}
params_min= {'a1': 2.0784609690826525, 'a2': 2.921186973360886, 'a3': 5.478366544874486} logZ_min= 3.96578585184275 obs_min= 5.820844446478653e-32
params_new= {'a1': 2.0784609690826525, 'a2': 2.921186973360886, 'a3': 5.478803276901342} logZ_new= 3.9657162393817904 obs_new= 9.116795308838041e-32
params_max= {'a1': 2.0784609690826525, 'a2': 2.921186973360886, 'a3': 5.479240008928198} logZ_max= 3.9657166796674126 obs_max= 5.135959913805536e-34
dist_min= tensor(92.7582) dist_max= tensor(2.6184)
params_min,params_max=params_min,params_new
evaluating model at params_new={'a1': 2.0784609690826525, 'a2': 2.921186973360886, 'a3': 5.478584910887914}
params_min= {'a1': 2.0784609690826525, 'a2': 2.921186973360886, 'a3': 5.478366544874486} logZ_min= 3.96578585184275 obs_min= 5.820844446478653e-32
params_new= {'a1': 2.0784609690826525, 'a2': 2.921186973360886, 'a3': 5.478584910887914} logZ_new= 3.9657894451023465 obs_new= 5.214506698876921e-31
params_max= {'a1': 2.0784609690826525, 'a2': 2.921186973360886, 'a3': 5.478803276901342} logZ_max= 3.9657162393817904 obs_max= 9.116795308838041e-32
dist_min= tensor(100.8068) dist_max= tensor(39.0493)
params_min,params_max=params_min,params_new
evaluating model at params_new={'a1': 2.0784609690826525, 'a2': 2.921186973360886, 'a3': 5.4784757278812}
params_min= {'a1': 2.0784609690826525, 'a2': 2.921186973360886, 'a3': 5.478366544874486} logZ_min= 3.96578585184275 obs_min= 5.820844446478653e-32
params_new= {'a1': 2.0784609690826525, 'a2': 2.921186973360886, 'a3': 5.4784757278812} logZ_new= 3.9657874557843122 obs_new= 5.641875614729818e-31
params_max= {'a1': 2.0784609690826525, 'a2': 2.921186973360886, 'a3': 5.478584910887914} logZ_max= 3.9657894451023465 obs_max= 5.214506698876921e-31
dist_min= tensor(92.2538) dist_max= tensor(38.3673)
params_min,params_max=params_min,params_new
evaluating model at params_new={'a1': 2.0784609690826525, 'a2': 2.921186973360886, 'a3': 5.478421136377843}
params_min= {'a1': 2.0784609690826525, 'a2': 2.921186973360886, 'a3': 5.478366544874486} logZ_min= 3.96578585184275 obs_min= 5.820844446478653e-32
params_new= {'a1': 2.0784609690826525, 'a2': 2.921186973360886, 'a3': 5.478421136377843} logZ_new= 3.9657739433889496 obs_new= 3.633043193394911e-32
params_max= {'a1': 2.0784609690826525, 'a2': 2.921186973360886, 'a3': 5.4784757278812} logZ_max= 3.9657874557843122 obs_max= 5.641875614729818e-31
dist_min= tensor(92.2535) dist_max= tensor(0.2246)
params_min,params_max=params_min,params_new
evaluating model at params_new={'a1': 2.0784609690826525, 'a2': 2.921186973360886, 'a3': 5.478393840626165}
params_min= {'a1': 2.0784609690826525, 'a2': 2.921186973360886, 'a3': 5.478366544874486} logZ_min= 3.96578585184275 obs_min= 5.820844446478653e-32
params_new= {'a1': 2.0784609690826525, 'a2': 2.921186973360886, 'a3': 5.478393840626165} logZ_new= 3.9657473632466886 obs_new= 1.66401829807845e-33
params_max= {'a1': 2.0784609690826525, 'a2': 2.921186973360886, 'a3': 5.478421136377843} logZ_max= 3.9657739433889496 obs_max= 3.633043193394911e-32
dist_min= tensor(92.8905) dist_max= tensor(1.4920)
params_min,params_max=params_min,params_new
evaluating model at params_new={'a1': 2.0784609690826525, 'a2': 2.921186973360886, 'a3': 5.4783801927503255}
params_min= {'a1': 2.0784609690826525, 'a2': 2.921186973360886, 'a3': 5.478366544874486} logZ_min= 3.96578585184275 obs_min= 5.820844446478653e-32
params_new= {'a1': 2.0784609690826525, 'a2': 2.921186973360886, 'a3': 5.4783801927503255} logZ_new= nan obs_new= 1.2481056071948364e-29
params_max= {'a1': 2.0784609690826525, 'a2': 2.921186973360886, 'a3': 5.478393840626165} logZ_max= 3.9657473632466886 obs_max= 1.66401829807845e-33
dist_min= tensor(93.4770) dist_max= tensor(10.9809)
params_min,params_max=params_min,params_new
evaluating model at params_new={'a1': 2.0784609690826525, 'a2': 2.921186973360886, 'a3': 5.478373368812406}
params_min= {'a1': 2.0784609690826525, 'a2': 2.921186973360886, 'a3': 5.478366544874486} logZ_min= 3.96578585184275 obs_min= 5.820844446478653e-32
params_new= {'a1': 2.0784609690826525, 'a2': 2.921186973360886, 'a3': 5.478373368812406} logZ_new= 3.965785704164288 obs_new= 1.0144378983271979e-34
params_max= {'a1': 2.0784609690826525, 'a2': 2.921186973360886, 'a3': 5.4783801927503255} logZ_max= nan obs_max= 1.2481056071948364e-29
dist_min= tensor(92.8935) dist_max= tensor(11.1127)
params_min,params_max=params_min,params_new
evaluating model at params_new={'a1': 2.0784609690826525, 'a2': 2.921186973360886, 'a3': 5.478369956843446}
params_min= {'a1': 2.0784609690826525, 'a2': 2.921186973360886, 'a3': 5.478366544874486} logZ_min= 3.96578585184275 obs_min= 5.820844446478653e-32
params_new= {'a1': 2.0784609690826525, 'a2': 2.921186973360886, 'a3': 5.478369956843446} logZ_new= 3.9657860342773663 obs_new= 6.200989957159218e-31
params_max= {'a1': 2.0784609690826525, 'a2': 2.921186973360886, 'a3': 5.478373368812406} logZ_max= 3.965785704164288 obs_max= 1.0144378983271979e-34
dist_min= tensor(76.1804) dist_max= tensor(16.7162)
params_min,params_max=params_min,params_new
evaluating model at params_new={'a1': 2.0784609690826525, 'a2': 2.921186973360886, 'a3': 5.478368250858966}
params_min= {'a1': 2.0784609690826525, 'a2': 2.921186973360886, 'a3': 5.478366544874486} logZ_min= 3.96578585184275 obs_min= 5.820844446478653e-32
params_new= {'a1': 2.0784609690826525, 'a2': 2.921186973360886, 'a3': 5.478368250858966} logZ_new= nan obs_new= 1.4964872553210887e-30
params_max= {'a1': 2.0784609690826525, 'a2': 2.921186973360886, 'a3': 5.478369956843446} logZ_max= 3.9657860342773663 obs_max= 6.200989957159218e-31
dist_min= tensor(92.9550) dist_max= tensor(17.0620)
params_min,params_max=params_min,params_new
evaluating model at params_new={'a1': 2.0784609690826525, 'a2': 2.921186973360886, 'a3': 5.478367397866727}
params_min= {'a1': 2.0784609690826525, 'a2': 2.921186973360886, 'a3': 5.478366544874486} logZ_min= 3.96578585184275 obs_min= 5.820844446478653e-32
params_new= {'a1': 2.0784609690826525, 'a2': 2.921186973360886, 'a3': 5.478367397866727} logZ_new= nan obs_new= 2.0418155720488105e-31
params_max= {'a1': 2.0784609690826525, 'a2': 2.921186973360886, 'a3': 5.478368250858966} logZ_max= nan obs_max= 1.4964872553210887e-30
dist_min= tensor(94.4719) dist_max= tensor(17.8733)
params_min,params_max=params_min,params_new
evaluating model at params_new={'a1': 2.0784609690826525, 'a2': 2.921186973360886, 'a3': 5.4783669713706065}
params_min= {'a1': 2.0784609690826525, 'a2': 2.921186973360886, 'a3': 5.478366544874486} logZ_min= 3.96578585184275 obs_min= 5.820844446478653e-32
params_new= {'a1': 2.0784609690826525, 'a2': 2.921186973360886, 'a3': 5.4783669713706065} logZ_new= 3.9657859862457587 obs_new= 2.6939976877369736e-30
params_max= {'a1': 2.0784609690826525, 'a2': 2.921186973360886, 'a3': 5.478367397866727} logZ_max= nan obs_max= 2.0418155720488105e-31
dist_min= tensor(92.2570) dist_max= tensor(17.0104)
params_min,params_max=params_min,params_new
evaluating model at params_new={'a1': 2.0784609690826525, 'a2': 2.921186973360886, 'a3': 5.478366758122546}
params_min= {'a1': 2.0784609690826525, 'a2': 2.921186973360886, 'a3': 5.478366544874486} logZ_min= 3.96578585184275 obs_min= 5.820844446478653e-32
params_new= {'a1': 2.0784609690826525, 'a2': 2.921186973360886, 'a3': 5.478366758122546} logZ_new= 3.9657859277918446 obs_new= 6.736081619638321e-31
params_max= {'a1': 2.0784609690826525, 'a2': 2.921186973360886, 'a3': 5.4783669713706065} logZ_max= 3.9657859862457587 obs_max= 2.6939976877369736e-30
dist_min= tensor(92.2587) dist_max= tensor(0.2289)
params_min,params_max=params_min,params_new
evaluating model at params_new={'a1': 2.0784609690826525, 'a2': 2.921186973360886, 'a3': 5.478366651498517}
params_min= {'a1': 2.0784609690826525, 'a2': 2.921186973360886, 'a3': 5.478366544874486} logZ_min= 3.96578585184275 obs_min= 5.820844446478653e-32
params_new= {'a1': 2.0784609690826525, 'a2': 2.921186973360886, 'a3': 5.478366651498517} logZ_new= nan obs_new= 7.321889087124664e-31
params_max= {'a1': 2.0784609690826525, 'a2': 2.921186973360886, 'a3': 5.478366758122546} logZ_max= 3.9657859277918446 obs_max= 6.736081619638321e-31
dist_min= tensor(92.5533) dist_max= tensor(11.0782)
params_min,params_max=params_min,params_new
evaluating model at params_new={'a1': 2.0784609690826525, 'a2': 2.921186973360886, 'a3': 5.4783665981865015}
params_min= {'a1': 2.0784609690826525, 'a2': 2.921186973360886, 'a3': 5.478366544874486} logZ_min= 3.96578585184275 obs_min= 5.820844446478653e-32
params_new= {'a1': 2.0784609690826525, 'a2': 2.921186973360886, 'a3': 5.4783665981865015} logZ_new= 3.965774539214138 obs_new= 6.625067486811918e-33
params_max= {'a1': 2.0784609690826525, 'a2': 2.921186973360886, 'a3': 5.478366651498517} logZ_max= nan obs_max= 7.321889087124664e-31
dist_min= tensor(92.8823) dist_max= tensor(11.4030)
params_min,params_max=params_min,params_new
evaluating model at params_new={'a1': 2.0784609690826525, 'a2': 2.921186973360886, 'a3': 5.4783665715304934}
params_min= {'a1': 2.0784609690826525, 'a2': 2.921186973360886, 'a3': 5.478366544874486} logZ_min= 3.96578585184275 obs_min= 5.820844446478653e-32
params_new= {'a1': 2.0784609690826525, 'a2': 2.921186973360886, 'a3': 5.4783665715304934} logZ_new= 3.9657553833233825 obs_new= 3.7988005510017264e-34
params_max= {'a1': 2.0784609690826525, 'a2': 2.921186973360886, 'a3': 5.4783665981865015} logZ_max= 3.965774539214138 obs_max= 6.625067486811918e-33
dist_min= tensor(92.8847) dist_max= tensor(0.2369)
params_min,params_max=params_min,params_new
evaluating model at params_new={'a1': 2.0784609690826525, 'a2': 2.921186973360886, 'a3': 5.47836655820249}
params_min= {'a1': 2.0784609690826525, 'a2': 2.921186973360886, 'a3': 5.478366544874486} logZ_min= 3.96578585184275 obs_min= 5.820844446478653e-32
params_new= {'a1': 2.0784609690826525, 'a2': 2.921186973360886, 'a3': 5.47836655820249} logZ_new= nan obs_new= 2.6118368175971038e-33
params_max= {'a1': 2.0784609690826525, 'a2': 2.921186973360886, 'a3': 5.4783665715304934} logZ_max= 3.9657553833233825 obs_max= 3.7988005510017264e-34
dist_min= tensor(92.7852) dist_max= tensor(1.3474)
params_min,params_max=params_min,params_new
evaluating model at params_new={'a1': 2.0784609690826525, 'a2': 2.921186973360886, 'a3': 5.478366551538488}
params_min= {'a1': 2.0784609690826525, 'a2': 2.921186973360886, 'a3': 5.478366544874486} logZ_min= 3.96578585184275 obs_min= 5.820844446478653e-32
params_new= {'a1': 2.0784609690826525, 'a2': 2.921186973360886, 'a3': 5.478366551538488} logZ_new= nan obs_new= 8.160487604052848e-32
params_max= {'a1': 2.0784609690826525, 'a2': 2.921186973360886, 'a3': 5.47836655820249} logZ_max= nan obs_max= 2.6118368175971038e-33
dist_min= tensor(88.0835) dist_max= tensor(4.8075)
params_min,params_max=params_min,params_new
evaluating model at params_new={'a1': 2.0784609690826525, 'a2': 2.921186973360886, 'a3': 5.478366548206488}
params_min= {'a1': 2.0784609690826525, 'a2': 2.921186973360886, 'a3': 5.478366544874486} logZ_min= 3.96578585184275 obs_min= 5.820844446478653e-32
params_new= {'a1': 2.0784609690826525, 'a2': 2.921186973360886, 'a3': 5.478366548206488} logZ_new= nan obs_new= 8.343373961163138e-32
params_max= {'a1': 2.0784609690826525, 'a2': 2.921186973360886, 'a3': 5.478366551538488} logZ_max= nan obs_max= 8.160487604052848e-32
dist_min= tensor(93.6054) dist_max= tensor(10.5964)
params_min,params_max=params_min,params_new
evaluating model at params_new={'a1': 2.0784609690826525, 'a2': 2.921186973360886, 'a3': 5.478366546540487}
params_min= {'a1': 2.0784609690826525, 'a2': 2.921186973360886, 'a3': 5.478366544874486} logZ_min= 3.96578585184275 obs_min= 5.820844446478653e-32
params_new= {'a1': 2.0784609690826525, 'a2': 2.921186973360886, 'a3': 5.478366546540487} logZ_new= 3.9657763120844503 obs_new= 4.08535655402146e-31
params_max= {'a1': 2.0784609690826525, 'a2': 2.921186973360886, 'a3': 5.478366548206488} logZ_max= nan obs_max= 8.343373961163138e-32
dist_min= tensor(92.2528) dist_max= tensor(9.5571)
params_min,params_max=params_min,params_new
evaluating model at params_new={'a1': 2.0784609690826525, 'a2': 2.921186973360886, 'a3': 5.478366545707487}
params_min= {'a1': 2.0784609690826525, 'a2': 2.921186973360886, 'a3': 5.478366544874486} logZ_min= 3.96578585184275 obs_min= 5.820844446478653e-32
params_new= {'a1': 2.0784609690826525, 'a2': 2.921186973360886, 'a3': 5.478366545707487} logZ_new= 3.965785836297727 obs_new= 5.801770293417553e-33
params_max= {'a1': 2.0784609690826525, 'a2': 2.921186973360886, 'a3': 5.478366546540487} logZ_max= 3.9657763120844503 obs_max= 4.08535655402146e-31
dist_min= tensor(92.8928) dist_max= tensor(1.2660)
params_min,params_max=params_min,params_new
evaluating model at params_new={'a1': 2.0784609690826525, 'a2': 2.921186973360886, 'a3': 5.478366545290987}
params_min= {'a1': 2.0784609690826525, 'a2': 2.921186973360886, 'a3': 5.478366544874486} logZ_min= 3.96578585184275 obs_min= 5.820844446478653e-32
params_new= {'a1': 2.0784609690826525, 'a2': 2.921186973360886, 'a3': 5.478366545290987} logZ_new= 3.9657303905175003 obs_new= 2.020397494047228e-33
params_max= {'a1': 2.0784609690826525, 'a2': 2.921186973360886, 'a3': 5.478366545707487} logZ_max= 3.965785836297727 obs_max= 5.801770293417553e-33
dist_min= tensor(92.8875) dist_max= tensor(0.3661)
params_min,params_max=params_min,params_new
evaluating model at params_new={'a1': 2.0784609690826525, 'a2': 2.921186973360886, 'a3': 5.478366545082737}
params_min= {'a1': 2.0784609690826525, 'a2': 2.921186973360886, 'a3': 5.478366544874486} logZ_min= 3.96578585184275 obs_min= 5.820844446478653e-32
params_new= {'a1': 2.0784609690826525, 'a2': 2.921186973360886, 'a3': 5.478366545082737} logZ_new= 3.9657859344390256 obs_new= 5.088727605462165e-30
params_max= {'a1': 2.0784609690826525, 'a2': 2.921186973360886, 'a3': 5.478366545290987} logZ_max= 3.9657303905175003 obs_max= 2.020397494047228e-33
dist_min= tensor(118.4517) dist_max= tensor(73.8636)
params_min,params_max=params_min,params_new
evaluating model at params_new={'a1': 2.0784609690826525, 'a2': 2.921186973360886, 'a3': 5.478366544978611}
params_min= {'a1': 2.0784609690826525, 'a2': 2.921186973360886, 'a3': 5.478366544874486} logZ_min= 3.96578585184275 obs_min= 5.820844446478653e-32
params_new= {'a1': 2.0784609690826525, 'a2': 2.921186973360886, 'a3': 5.478366544978611} logZ_new= 3.965785842775974 obs_new= 2.738488268711292e-31
params_max= {'a1': 2.0784609690826525, 'a2': 2.921186973360886, 'a3': 5.478366545082737} logZ_max= 3.9657859344390256 obs_max= 5.088727605462165e-30
dist_min= tensor(92.2541) dist_max= tensor(73.2518)
params_min,params_max=params_min,params_new
evaluating model at params_new={'a1': 2.0784609690826525, 'a2': 2.921186973360886, 'a3': 5.478366544926549}
params_min= {'a1': 2.0784609690826525, 'a2': 2.921186973360886, 'a3': 5.478366544874486} logZ_min= 3.96578585184275 obs_min= 5.820844446478653e-32
params_new= {'a1': 2.0784609690826525, 'a2': 2.921186973360886, 'a3': 5.478366544926549} logZ_new= 3.9657822458581355 obs_new= 8.393298116138979e-31
params_max= {'a1': 2.0784609690826525, 'a2': 2.921186973360886, 'a3': 5.478366544978611} logZ_max= 3.965785842775974 obs_max= 2.738488268711292e-31
dist_min= tensor(92.8922) dist_max= tensor(1.5448)
params_min,params_max=params_min,params_new
evaluating model at params_new={'a1': 2.0784609690826525, 'a2': 2.921186973360886, 'a3': 5.478366544900517}
params_min= {'a1': 2.0784609690826525, 'a2': 2.921186973360886, 'a3': 5.478366544874486} logZ_min= 3.96578585184275 obs_min= 5.820844446478653e-32
params_new= {'a1': 2.0784609690826525, 'a2': 2.921186973360886, 'a3': 5.478366544900517} logZ_new= 3.9657858216010218 obs_new= 1.946609573867699e-35
params_max= {'a1': 2.0784609690826525, 'a2': 2.921186973360886, 'a3': 5.478366544926549} logZ_max= 3.9657822458581355 obs_max= 8.393298116138979e-31
dist_min= tensor(92.8892) dist_max= tensor(0.4077)
params_min,params_max=params_min,params_new
evaluating model at params_new={'a1': 2.0784609690826525, 'a2': 2.921186973360886, 'a3': 5.478366544887502}
params_min= {'a1': 2.0784609690826525, 'a2': 2.921186973360886, 'a3': 5.478366544874486} logZ_min= 3.96578585184275 obs_min= 5.820844446478653e-32
params_new= {'a1': 2.0784609690826525, 'a2': 2.921186973360886, 'a3': 5.478366544887502} logZ_new= 3.9657860480437384 obs_new= 3.87102571959997e-31
params_max= {'a1': 2.0784609690826525, 'a2': 2.921186973360886, 'a3': 5.478366544900517} logZ_max= 3.9657858216010218 obs_max= 1.946609573867699e-35
dist_min= tensor(92.9398) dist_max= tensor(0.3817)
params_min,params_max=params_min,params_new
evaluating model at params_new={'a1': 2.0784609690826525, 'a2': 2.921186973360886, 'a3': 5.478366544880994}
params_min= {'a1': 2.0784609690826525, 'a2': 2.921186973360886, 'a3': 5.478366544874486} logZ_min= 3.96578585184275 obs_min= 5.820844446478653e-32
params_new= {'a1': 2.0784609690826525, 'a2': 2.921186973360886, 'a3': 5.478366544880994} logZ_new= nan obs_new= 1.8583262534631676e-29
params_max= {'a1': 2.0784609690826525, 'a2': 2.921186973360886, 'a3': 5.478366544887502} logZ_max= 3.9657860480437384 obs_max= 3.87102571959997e-31
dist_min= tensor(88.7386) dist_max= tensor(4.5103)
params_min,params_max=params_min,params_new
evaluating model at params_new={'a1': 2.0784609690826525, 'a2': 2.921186973360886, 'a3': 5.4783665448777406}
params_min= {'a1': 2.0784609690826525, 'a2': 2.921186973360886, 'a3': 5.478366544874486} logZ_min= 3.96578585184275 obs_min= 5.820844446478653e-32
params_new= {'a1': 2.0784609690826525, 'a2': 2.921186973360886, 'a3': 5.4783665448777406} logZ_new= 3.965786095987426 obs_new= 8.650292548491018e-33
params_max= {'a1': 2.0784609690826525, 'a2': 2.921186973360886, 'a3': 5.478366544880994} logZ_max= nan obs_max= 1.8583262534631676e-29
dist_min= tensor(92.8839) dist_max= tensor(4.4019)
params_min,params_max=params_min,params_new
evaluating model at params_new={'a1': 2.0784609690826525, 'a2': 2.921186973360886, 'a3': 5.478366544876113}
params_min= {'a1': 2.0784609690826525, 'a2': 2.921186973360886, 'a3': 5.478366544874486} logZ_min= 3.96578585184275 obs_min= 5.820844446478653e-32
params_new= {'a1': 2.0784609690826525, 'a2': 2.921186973360886, 'a3': 5.478366544876113} logZ_new= 3.9657683347459547 obs_new= 5.426302199492269e-31
params_max= {'a1': 2.0784609690826525, 'a2': 2.921186973360886, 'a3': 5.4783665448777406} logZ_max= 3.965786095987426 obs_max= 8.650292548491018e-33
dist_min= tensor(92.8852) dist_max= tensor(0.1979)
params_min,params_max=params_min,params_new
evaluating model at params_new={'a1': 2.0784609690826525, 'a2': 2.921186973360886, 'a3': 5.4783665448753}
params_min= {'a1': 2.0784609690826525, 'a2': 2.921186973360886, 'a3': 5.478366544874486} logZ_min= 3.96578585184275 obs_min= 5.820844446478653e-32
params_new= {'a1': 2.0784609690826525, 'a2': 2.921186973360886, 'a3': 5.4783665448753} logZ_new= nan obs_new= 2.9468926535614787e-32
params_max= {'a1': 2.0784609690826525, 'a2': 2.921186973360886, 'a3': 5.478366544876113} logZ_max= 3.9657683347459547 obs_max= 5.426302199492269e-31
dist_min= tensor(92.9024) dist_max= tensor(0.3753)
params_min,params_max=params_min,params_new
evaluating model at params_new={'a1': 2.0784609690826525, 'a2': 2.921186973360886, 'a3': 5.478366544874893}
params_min= {'a1': 2.0784609690826525, 'a2': 2.921186973360886, 'a3': 5.478366544874486} logZ_min= 3.96578585184275 obs_min= 5.820844446478653e-32
params_new= {'a1': 2.0784609690826525, 'a2': 2.921186973360886, 'a3': 5.478366544874893} logZ_new= 3.9657800587772605 obs_new= 1.9980171899290656e-33
params_max= {'a1': 2.0784609690826525, 'a2': 2.921186973360886, 'a3': 5.4783665448753} logZ_max= nan obs_max= 2.9468926535614787e-32
dist_min= tensor(92.8933) dist_max= tensor(0.4606)
params_min,params_max=params_min,params_new
evaluating model at params_new={'a1': 2.0784609690826525, 'a2': 2.921186973360886, 'a3': 5.47836654487469}
params_min= {'a1': 2.0784609690826525, 'a2': 2.921186973360886, 'a3': 5.478366544874486} logZ_min= 3.96578585184275 obs_min= 5.820844446478653e-32
params_new= {'a1': 2.0784609690826525, 'a2': 2.921186973360886, 'a3': 5.47836654487469} logZ_new= 3.9657862181586285 obs_new= 2.5068745438193037e-31
params_max= {'a1': 2.0784609690826525, 'a2': 2.921186973360886, 'a3': 5.478366544874893} logZ_max= 3.9657800587772605 obs_max= 1.9980171899290656e-33
dist_min= tensor(92.8894) dist_max= tensor(0.3026)
params_min,params_max=params_min,params_new
evaluating model at params_new={'a1': 2.0784609690826525, 'a2': 2.921186973360886, 'a3': 5.4783665448745875}
params_min= {'a1': 2.0784609690826525, 'a2': 2.921186973360886, 'a3': 5.478366544874486} logZ_min= 3.96578585184275 obs_min= 5.820844446478653e-32
params_new= {'a1': 2.0784609690826525, 'a2': 2.921186973360886, 'a3': 5.4783665448745875} logZ_new= nan obs_new= 1.2486760292424948e-34
params_max= {'a1': 2.0784609690826525, 'a2': 2.921186973360886, 'a3': 5.47836654487469} logZ_max= 3.9657862181586285 obs_max= 2.5068745438193037e-31
dist_min= tensor(93.6688) dist_max= tensor(11.9857)
params_min,params_max=params_min,params_new
evaluating model at params_new={'a1': 2.0784609690826525, 'a2': 2.921186973360886, 'a3': 5.478366544874537}
params_min= {'a1': 2.0784609690826525, 'a2': 2.921186973360886, 'a3': 5.478366544874486} logZ_min= 3.96578585184275 obs_min= 5.820844446478653e-32
params_new= {'a1': 2.0784609690826525, 'a2': 2.921186973360886, 'a3': 5.478366544874537} logZ_new= nan obs_new= 5.1250841780250966e-31
params_max= {'a1': 2.0784609690826525, 'a2': 2.921186973360886, 'a3': 5.4783665448745875} logZ_max= nan obs_max= 1.2486760292424948e-34
dist_min= tensor(92.9723) dist_max= tensor(12.0191)
params_min,params_max=params_min,params_new
evaluating model at params_new={'a1': 2.0784609690826525, 'a2': 2.921186973360886, 'a3': 5.478366544874511}
params_min= {'a1': 2.0784609690826525, 'a2': 2.921186973360886, 'a3': 5.478366544874486} logZ_min= 3.96578585184275 obs_min= 5.820844446478653e-32
params_new= {'a1': 2.0784609690826525, 'a2': 2.921186973360886, 'a3': 5.478366544874511} logZ_new= 3.965785984299284 obs_new= 2.2605232243608934e-30
params_max= {'a1': 2.0784609690826525, 'a2': 2.921186973360886, 'a3': 5.478366544874537} logZ_max= nan obs_max= 5.1250841780250966e-31
dist_min= tensor(7098.8078) dist_max= tensor(7097.9993)
params_min,params_max=params_min,params_new
evaluating model at params_new={'a1': 2.0784609690826525, 'a2': 2.921186973360886, 'a3': 5.478366544874499}
params_min= {'a1': 2.0784609690826525, 'a2': 2.921186973360886, 'a3': 5.478366544874486} logZ_min= 3.96578585184275 obs_min= 5.820844446478653e-32
params_new= {'a1': 2.0784609690826525, 'a2': 2.921186973360886, 'a3': 5.478366544874499} logZ_new= nan obs_new= 7.373436436265647e-35
params_max= {'a1': 2.0784609690826525, 'a2': 2.921186973360886, 'a3': 5.478366544874511} logZ_max= 3.965785984299284 obs_max= 2.2605232243608934e-30
dist_min= tensor(92.8752) dist_max= tensor(7098.1166)
params_min,params_max=params_new,params_max
evaluating model at params_new={'a1': 2.0784609690826525, 'a2': 2.921186973360886, 'a3': 5.478366544874505}
params_min= {'a1': 2.0784609690826525, 'a2': 2.921186973360886, 'a3': 5.478366544874499} logZ_min= nan obs_min= 7.373436436265647e-35
params_new= {'a1': 2.0784609690826525, 'a2': 2.921186973360886, 'a3': 5.478366544874505} logZ_new= 3.9657854276390925 obs_new= 1.308572875985655e-32
params_max= {'a1': 2.0784609690826525, 'a2': 2.921186973360886, 'a3': 5.478366544874511} logZ_max= 3.965785984299284 obs_max= 2.2605232243608934e-30
dist_min= tensor(0.5425) dist_max= tensor(7098.1715)
params_min,params_max=params_new,params_max
evaluating model at params_new={'a1': 2.0784609690826525, 'a2': 2.921186973360886, 'a3': 5.478366544874508}
params_min= {'a1': 2.0784609690826525, 'a2': 2.921186973360886, 'a3': 5.478366544874505} logZ_min= 3.9657854276390925 obs_min= 1.308572875985655e-32
params_new= {'a1': 2.0784609690826525, 'a2': 2.921186973360886, 'a3': 5.478366544874508} logZ_new= nan obs_new= 1.141421971867009e-30
params_max= {'a1': 2.0784609690826525, 'a2': 2.921186973360886, 'a3': 5.478366544874511} logZ_max= 3.965785984299284 obs_max= 2.2605232243608934e-30
dist_min= tensor(14799.2163) dist_max= tensor(16413.4755)
params_min,params_max=params_new,params_max
evaluating model at params_new={'a1': 2.0784609690826525, 'a2': 2.921186973360886, 'a3': 5.478366544874509}
params_min= {'a1': 2.0784609690826525, 'a2': 2.921186973360886, 'a3': 5.478366544874508} logZ_min= nan obs_min= 1.141421971867009e-30
params_new= {'a1': 2.0784609690826525, 'a2': 2.921186973360886, 'a3': 5.478366544874509} logZ_new= 3.965786181536993 obs_new= 1.0811188951710179e-30
params_max= {'a1': 2.0784609690826525, 'a2': 2.921186973360886, 'a3': 5.478366544874511} logZ_max= 3.965785984299284 obs_max= 2.2605232243608934e-30
dist_min= tensor(14799.1306) dist_max= tensor(7098.1589)
params_min,params_max=params_min,params_new
evaluating model at params_new={'a1': 2.0784609690826525, 'a2': 2.921186973360886, 'a3': 5.4783665448745085}
params_min= {'a1': 2.0784609690826525, 'a2': 2.921186973360886, 'a3': 5.478366544874508} logZ_min= nan obs_min= 1.141421971867009e-30
params_new= {'a1': 2.0784609690826525, 'a2': 2.921186973360886, 'a3': 5.4783665448745085} logZ_new= nan obs_new= 1.5976202611517727e-31
params_max= {'a1': 2.0784609690826525, 'a2': 2.921186973360886, 'a3': 5.478366544874509} logZ_max= 3.965786181536993 obs_max= 1.0811188951710179e-30
dist_min= tensor(14779.2239) dist_max= tensor(20.0638)
params_min,params_max=params_min,params_new
critical params found:  {'a1': 2.0784609690826525, 'a2': 2.921186973360886, 'a3': 5.478366544874508}
reference params:  {'a1': 1.1547005383792515, 'a2': 1.8257418583505538, 'a3': 4.47213595499958}
file saved to  data/AKLT3D_X10_scan_grid_critical_a3/a1_2.0784610_a2_2.9211870/Tc.json
