Start running find_critical_temp.py with options:{'filename': 'data/AKLT3D_X10_scan_grid_critical_a3/a1_2.3094011_a2_1.8257419/Tc.json', 'log_filename': 'data/AKLT3D_X10_scan_grid_critical_a3/a1_2.3094011_a2_1.8257419/Tc.log', 'nLayers': 60, 'max_dim': 10, 'model': 'AKLT3D', 'params_min': "{'a1': 2.309401076758503, 'a2': 1.8257418583505536, 'a3': 6.260990336999412}", 'params_max': "{'a1': 2.309401076758503, 'a2': 1.8257418583505536, 'a3': 7.155417527999328}", 'params_ref': None, 'observable_name': 'magnetizationZ', 'tol': 0.0, 'gilt_enabled': False, 'gilt_eps': 8e-07, 'gilt_nIter': 1, 'mcf_enabled': True, 'mcf_eps': 1e-16, 'mcf_max_iter': 200, 'hotrg_sanity_check': False, 'version': 1, 'device': 'cuda:1'}
loading library...
evaluating model at params_min={'a1': 2.309401076758503, 'a2': 1.8257418583505536, 'a3': 6.260990336999412}
params_min= {'a1': 2.309401076758503, 'a2': 1.8257418583505536, 'a3': 6.260990336999412} logZ_min= 3.955071190517869 obs_min= 4.5960612347107155e-33
evaluating model at params_max={'a1': 2.309401076758503, 'a2': 1.8257418583505536, 'a3': 7.155417527999328}
params_max= {'a1': 2.309401076758503, 'a2': 1.8257418583505536, 'a3': 7.155417527999328} logZ_max= 3.9508992181771747 obs_max= 7.864387087780645
searching for critical temperature using bisection method
evaluating model at params_new={'a1': 2.309401076758503, 'a2': 1.8257418583505536, 'a3': 6.708203932499369}
params_min= {'a1': 2.309401076758503, 'a2': 1.8257418583505536, 'a3': 6.260990336999412} logZ_min= 3.955071190517869 obs_min= 4.5960612347107155e-33
params_new= {'a1': 2.309401076758503, 'a2': 1.8257418583505536, 'a3': 6.708203932499369} logZ_new= 3.934221863415171 obs_new= 1.4978921533275392e-32
params_max= {'a1': 2.309401076758503, 'a2': 1.8257418583505536, 'a3': 7.155417527999328} logZ_max= 3.9508992181771747 obs_max= 7.864387087780645
dist_min= tensor(209.0878) dist_max= tensor(18.4072)
params_min,params_max=params_min,params_new
evaluating model at params_new={'a1': 2.309401076758503, 'a2': 1.8257418583505536, 'a3': 6.484597134749391}
params_min= {'a1': 2.309401076758503, 'a2': 1.8257418583505536, 'a3': 6.260990336999412} logZ_min= 3.955071190517869 obs_min= 4.5960612347107155e-33
params_new= {'a1': 2.309401076758503, 'a2': 1.8257418583505536, 'a3': 6.484597134749391} logZ_new= 3.929313048930729 obs_new= 2.9306047511395424e-33
params_max= {'a1': 2.309401076758503, 'a2': 1.8257418583505536, 'a3': 6.708203932499369} logZ_max= 3.934221863415171 obs_max= 1.4978921533275392e-32
dist_min= tensor(205.7384) dist_max= tensor(5.1635)
params_min,params_max=params_min,params_new
evaluating model at params_new={'a1': 2.309401076758503, 'a2': 1.8257418583505536, 'a3': 6.372793735874401}
params_min= {'a1': 2.309401076758503, 'a2': 1.8257418583505536, 'a3': 6.260990336999412} logZ_min= 3.955071190517869 obs_min= 4.5960612347107155e-33
params_new= {'a1': 2.309401076758503, 'a2': 1.8257418583505536, 'a3': 6.372793735874401} logZ_new= 3.9270235106816367 obs_new= 3.480484042008467e-33
params_max= {'a1': 2.309401076758503, 'a2': 1.8257418583505536, 'a3': 6.484597134749391} logZ_max= 3.929313048930729 obs_max= 2.9306047511395424e-33
dist_min= tensor(205.2584) dist_max= tensor(4.3537)
params_min,params_max=params_min,params_new
evaluating model at params_new={'a1': 2.309401076758503, 'a2': 1.8257418583505536, 'a3': 6.316892036436906}
params_min= {'a1': 2.309401076758503, 'a2': 1.8257418583505536, 'a3': 6.260990336999412} logZ_min= 3.955071190517869 obs_min= 4.5960612347107155e-33
params_new= {'a1': 2.309401076758503, 'a2': 1.8257418583505536, 'a3': 6.316892036436906} logZ_new= 3.955875292536109 obs_new= 5.579533361965606e-35
params_max= {'a1': 2.309401076758503, 'a2': 1.8257418583505536, 'a3': 6.372793735874401} logZ_max= 3.9270235106816367 obs_max= 3.480484042008467e-33
dist_min= tensor(26.2238) dist_max= tensor(183.6759)
params_min,params_max=params_new,params_max
evaluating model at params_new={'a1': 2.309401076758503, 'a2': 1.8257418583505536, 'a3': 6.344842886155654}
params_min= {'a1': 2.309401076758503, 'a2': 1.8257418583505536, 'a3': 6.316892036436906} logZ_min= 3.955875292536109 obs_min= 5.579533361965606e-35
params_new= {'a1': 2.309401076758503, 'a2': 1.8257418583505536, 'a3': 6.344842886155654} logZ_new= 3.9563265056656656 obs_new= 2.2314606648213366e-31
params_max= {'a1': 2.309401076758503, 'a2': 1.8257418583505536, 'a3': 6.372793735874401} logZ_max= 3.9270235106816367 obs_max= 3.480484042008467e-33
dist_min= tensor(30.1731) dist_max= tensor(173.5883)
params_min,params_max=params_new,params_max
evaluating model at params_new={'a1': 2.309401076758503, 'a2': 1.8257418583505536, 'a3': 6.358818311015027}
params_min= {'a1': 2.309401076758503, 'a2': 1.8257418583505536, 'a3': 6.344842886155654} logZ_min= 3.9563265056656656 obs_min= 2.2314606648213366e-31
params_new= {'a1': 2.309401076758503, 'a2': 1.8257418583505536, 'a3': 6.358818311015027} logZ_new= 3.9259598686836097 obs_new= 1.227808750589331e-31
params_max= {'a1': 2.309401076758503, 'a2': 1.8257418583505536, 'a3': 6.372793735874401} logZ_max= 3.9270235106816367 obs_max= 3.480484042008467e-33
dist_min= tensor(175.4951) dist_max= tensor(2.4416)
params_min,params_max=params_min,params_new
evaluating model at params_new={'a1': 2.309401076758503, 'a2': 1.8257418583505536, 'a3': 6.351830598585341}
params_min= {'a1': 2.309401076758503, 'a2': 1.8257418583505536, 'a3': 6.344842886155654} logZ_min= 3.9563265056656656 obs_min= 2.2314606648213366e-31
params_new= {'a1': 2.309401076758503, 'a2': 1.8257418583505536, 'a3': 6.351830598585341} logZ_new= nan obs_new= 4.6512196486849576e-30
params_max= {'a1': 2.309401076758503, 'a2': 1.8257418583505536, 'a3': 6.358818311015027} logZ_max= 3.9259598686836097 obs_max= 1.227808750589331e-31
dist_min= tensor(175.3914) dist_max= tensor(1.9602)
params_min,params_max=params_min,params_new
evaluating model at params_new={'a1': 2.309401076758503, 'a2': 1.8257418583505536, 'a3': 6.348336742370497}
params_min= {'a1': 2.309401076758503, 'a2': 1.8257418583505536, 'a3': 6.344842886155654} logZ_min= 3.9563265056656656 obs_min= 2.2314606648213366e-31
params_new= {'a1': 2.309401076758503, 'a2': 1.8257418583505536, 'a3': 6.348336742370497} logZ_new= 3.9560574565776867 obs_new= 3.160176752143509e-30
params_max= {'a1': 2.309401076758503, 'a2': 1.8257418583505536, 'a3': 6.351830598585341} logZ_max= nan obs_max= 4.6512196486849576e-30
dist_min= tensor(1.9763) dist_max= tensor(173.4351)
params_min,params_max=params_new,params_max
evaluating model at params_new={'a1': 2.309401076758503, 'a2': 1.8257418583505536, 'a3': 6.350083670477919}
params_min= {'a1': 2.309401076758503, 'a2': 1.8257418583505536, 'a3': 6.348336742370497} logZ_min= 3.9560574565776867 obs_min= 3.160176752143509e-30
params_new= {'a1': 2.309401076758503, 'a2': 1.8257418583505536, 'a3': 6.350083670477919} logZ_new= 3.956331831189089 obs_new= 1.9876576331881402e-28
params_max= {'a1': 2.309401076758503, 'a2': 1.8257418583505536, 'a3': 6.351830598585341} logZ_max= nan obs_max= 4.6512196486849576e-30
dist_min= tensor(22.6595) dist_max= tensor(174.4957)
params_min,params_max=params_new,params_max
evaluating model at params_new={'a1': 2.309401076758503, 'a2': 1.8257418583505536, 'a3': 6.35095713453163}
params_min= {'a1': 2.309401076758503, 'a2': 1.8257418583505536, 'a3': 6.350083670477919} logZ_min= 3.956331831189089 obs_min= 1.9876576331881402e-28
params_new= {'a1': 2.309401076758503, 'a2': 1.8257418583505536, 'a3': 6.35095713453163} logZ_new= 3.9563612401568333 obs_new= 1.0011504187913458e-27
params_max= {'a1': 2.309401076758503, 'a2': 1.8257418583505536, 'a3': 6.351830598585341} logZ_max= nan obs_max= 4.6512196486849576e-30
dist_min= tensor(22.7354) dist_max= tensor(172.7456)
params_min,params_max=params_new,params_max
evaluating model at params_new={'a1': 2.309401076758503, 'a2': 1.8257418583505536, 'a3': 6.351393866558485}
params_min= {'a1': 2.309401076758503, 'a2': 1.8257418583505536, 'a3': 6.35095713453163} logZ_min= 3.9563612401568333 obs_min= 1.0011504187913458e-27
params_new= {'a1': 2.309401076758503, 'a2': 1.8257418583505536, 'a3': 6.351393866558485} logZ_new= nan obs_new= 6.317311093960375e-28
params_max= {'a1': 2.309401076758503, 'a2': 1.8257418583505536, 'a3': 6.351830598585341} logZ_max= nan obs_max= 4.6512196486849576e-30
dist_min= tensor(1009.2171) dist_max= tensor(994.5914)
params_min,params_max=params_min,params_new
evaluating model at params_new={'a1': 2.309401076758503, 'a2': 1.8257418583505536, 'a3': 6.351175500545057}
params_min= {'a1': 2.309401076758503, 'a2': 1.8257418583505536, 'a3': 6.35095713453163} logZ_min= 3.9563612401568333 obs_min= 1.0011504187913458e-27
params_new= {'a1': 2.309401076758503, 'a2': 1.8257418583505536, 'a3': 6.351175500545057} logZ_new= nan obs_new= 1.9907865408168305e-30
params_max= {'a1': 2.309401076758503, 'a2': 1.8257418583505536, 'a3': 6.351393866558485} logZ_max= nan obs_max= 6.317311093960375e-28
dist_min= tensor(1102.7630) dist_max= tensor(1495.2157)
params_min,params_max=params_new,params_max
evaluating model at params_new={'a1': 2.309401076758503, 'a2': 1.8257418583505536, 'a3': 6.351284683551771}
params_min= {'a1': 2.309401076758503, 'a2': 1.8257418583505536, 'a3': 6.351175500545057} logZ_min= nan obs_min= 1.9907865408168305e-30
params_new= {'a1': 2.309401076758503, 'a2': 1.8257418583505536, 'a3': 6.351284683551771} logZ_new= 3.9562963026336573 obs_new= 2.296797014085048e-26
params_max= {'a1': 2.309401076758503, 'a2': 1.8257418583505536, 'a3': 6.351393866558485} logZ_max= nan obs_max= 6.317311093960375e-28
dist_min= tensor(1102.7562) dist_max= tensor(1009.2029)
params_min,params_max=params_min,params_new
evaluating model at params_new={'a1': 2.309401076758503, 'a2': 1.8257418583505536, 'a3': 6.351230092048414}
params_min= {'a1': 2.309401076758503, 'a2': 1.8257418583505536, 'a3': 6.351175500545057} logZ_min= nan obs_min= 1.9907865408168305e-30
params_new= {'a1': 2.309401076758503, 'a2': 1.8257418583505536, 'a3': 6.351230092048414} logZ_new= nan obs_new= 1.2131410003676869e-26
params_max= {'a1': 2.309401076758503, 'a2': 1.8257418583505536, 'a3': 6.351284683551771} logZ_max= 3.9562963026336573 obs_max= 2.296797014085048e-26
dist_min= tensor(18488.1752) dist_max= tensor(18455.0171)
params_min,params_max=params_min,params_new
evaluating model at params_new={'a1': 2.309401076758503, 'a2': 1.8257418583505536, 'a3': 6.351202796296736}
params_min= {'a1': 2.309401076758503, 'a2': 1.8257418583505536, 'a3': 6.351175500545057} logZ_min= nan obs_min= 1.9907865408168305e-30
params_new= {'a1': 2.309401076758503, 'a2': 1.8257418583505536, 'a3': 6.351202796296736} logZ_new= nan obs_new= 1.463424020906341e-26
params_max= {'a1': 2.309401076758503, 'a2': 1.8257418583505536, 'a3': 6.351230092048414} logZ_max= nan obs_max= 1.2131410003676869e-26
dist_min= tensor(1105.9729) dist_max= tensor(18449.5864)
params_min,params_max=params_new,params_max
evaluating model at params_new={'a1': 2.309401076758503, 'a2': 1.8257418583505536, 'a3': 6.351216444172575}
params_min= {'a1': 2.309401076758503, 'a2': 1.8257418583505536, 'a3': 6.351202796296736} logZ_min= nan obs_min= 1.463424020906341e-26
params_new= {'a1': 2.309401076758503, 'a2': 1.8257418583505536, 'a3': 6.351216444172575} logZ_new= 3.9562680251474758 obs_new= -2.0135220915732038e-32
params_max= {'a1': 2.309401076758503, 'a2': 1.8257418583505536, 'a3': 6.351230092048414} logZ_max= nan obs_max= 1.2131410003676869e-26
dist_min= tensor(80.9360) dist_max= tensor(18455.0238)
params_min,params_max=params_new,params_max
evaluating model at params_new={'a1': 2.309401076758503, 'a2': 1.8257418583505536, 'a3': 6.351223268110495}
params_min= {'a1': 2.309401076758503, 'a2': 1.8257418583505536, 'a3': 6.351216444172575} logZ_min= 3.9562680251474758 obs_min= -2.0135220915732038e-32
params_new= {'a1': 2.309401076758503, 'a2': 1.8257418583505536, 'a3': 6.351223268110495} logZ_new= 3.956346895864 obs_new= 1.1398204108341176e-28
params_max= {'a1': 2.309401076758503, 'a2': 1.8257418583505536, 'a3': 6.351230092048414} logZ_max= nan obs_max= 1.2131410003676869e-26
dist_min= tensor(6519.4396) dist_max= tensor(11937.7592)
params_min,params_max=params_new,params_max
evaluating model at params_new={'a1': 2.309401076758503, 'a2': 1.8257418583505536, 'a3': 6.351226680079455}
params_min= {'a1': 2.309401076758503, 'a2': 1.8257418583505536, 'a3': 6.351223268110495} logZ_min= 3.956346895864 obs_min= 1.1398204108341176e-28
params_new= {'a1': 2.309401076758503, 'a2': 1.8257418583505536, 'a3': 6.351226680079455} logZ_new= nan obs_new= 2.0382413652730919e-25
params_max= {'a1': 2.309401076758503, 'a2': 1.8257418583505536, 'a3': 6.351230092048414} logZ_max= nan obs_max= 1.2131410003676869e-26
dist_min= tensor(6948.2458) dist_max= tensor(18610.4943)
params_min,params_max=params_new,params_max
evaluating model at params_new={'a1': 2.309401076758503, 'a2': 1.8257418583505536, 'a3': 6.3512283860639345}
params_min= {'a1': 2.309401076758503, 'a2': 1.8257418583505536, 'a3': 6.351226680079455} logZ_min= nan obs_min= 2.0382413652730919e-25
params_new= {'a1': 2.309401076758503, 'a2': 1.8257418583505536, 'a3': 6.3512283860639345} logZ_new= 3.9563201724834167 obs_new= 2.337064478987077e-25
params_max= {'a1': 2.309401076758503, 'a2': 1.8257418583505536, 'a3': 6.351230092048414} logZ_max= nan obs_max= 1.2131410003676869e-26
dist_min= tensor(2404.2569) dist_max= tensor(18455.0214)
params_min,params_max=params_new,params_max
evaluating model at params_new={'a1': 2.309401076758503, 'a2': 1.8257418583505536, 'a3': 6.351229239056174}
params_min= {'a1': 2.309401076758503, 'a2': 1.8257418583505536, 'a3': 6.3512283860639345} logZ_min= 3.9563201724834167 obs_min= 2.337064478987077e-25
params_new= {'a1': 2.309401076758503, 'a2': 1.8257418583505536, 'a3': 6.351229239056174} logZ_new= nan obs_new= 1.5825623169627873e-25
params_max= {'a1': 2.309401076758503, 'a2': 1.8257418583505536, 'a3': 6.351230092048414} logZ_max= nan obs_max= 1.2131410003676869e-26
dist_min= tensor(15.2179) dist_max= tensor(18455.0947)
params_min,params_max=params_new,params_max
evaluating model at params_new={'a1': 2.309401076758503, 'a2': 1.8257418583505536, 'a3': 6.351229665552294}
params_min= {'a1': 2.309401076758503, 'a2': 1.8257418583505536, 'a3': 6.351229239056174} logZ_min= nan obs_min= 1.5825623169627873e-25
params_new= {'a1': 2.309401076758503, 'a2': 1.8257418583505536, 'a3': 6.351229665552294} logZ_new= nan obs_new= 2.984376440145891e-34
params_max= {'a1': 2.309401076758503, 'a2': 1.8257418583505536, 'a3': 6.351230092048414} logZ_max= nan obs_max= 1.2131410003676869e-26
dist_min= tensor(15.5797) dist_max= tensor(18455.0238)
params_min,params_max=params_new,params_max
evaluating model at params_new={'a1': 2.309401076758503, 'a2': 1.8257418583505536, 'a3': 6.351229878800354}
params_min= {'a1': 2.309401076758503, 'a2': 1.8257418583505536, 'a3': 6.351229665552294} logZ_min= nan obs_min= 2.984376440145891e-34
params_new= {'a1': 2.309401076758503, 'a2': 1.8257418583505536, 'a3': 6.351229878800354} logZ_new= 3.956022192555402 obs_new= 5.487482286141827e-28
params_max= {'a1': 2.309401076758503, 'a2': 1.8257418583505536, 'a3': 6.351230092048414} logZ_max= nan obs_max= 1.2131410003676869e-26
dist_min= tensor(1.1580) dist_max= tensor(18455.0236)
params_min,params_max=params_new,params_max
evaluating model at params_new={'a1': 2.309401076758503, 'a2': 1.8257418583505536, 'a3': 6.351229985424384}
params_min= {'a1': 2.309401076758503, 'a2': 1.8257418583505536, 'a3': 6.351229878800354} logZ_min= 3.956022192555402 obs_min= 5.487482286141827e-28
params_new= {'a1': 2.309401076758503, 'a2': 1.8257418583505536, 'a3': 6.351229985424384} logZ_new= 3.95596259223417 obs_new= 7.145181882976989e-28
params_max= {'a1': 2.309401076758503, 'a2': 1.8257418583505536, 'a3': 6.351230092048414} logZ_max= nan obs_max= 1.2131410003676869e-26
dist_min= tensor(5.9527) dist_max= tensor(18454.9277)
params_min,params_max=params_new,params_max
evaluating model at params_new={'a1': 2.309401076758503, 'a2': 1.8257418583505536, 'a3': 6.351230038736399}
params_min= {'a1': 2.309401076758503, 'a2': 1.8257418583505536, 'a3': 6.351229985424384} logZ_min= 3.95596259223417 obs_min= 7.145181882976989e-28
params_new= {'a1': 2.309401076758503, 'a2': 1.8257418583505536, 'a3': 6.351230038736399} logZ_new= 3.9562690512454988 obs_new= 1.3510713659640492e-27
params_max= {'a1': 2.309401076758503, 'a2': 1.8257418583505536, 'a3': 6.351230092048414} logZ_max= nan obs_max= 1.2131410003676869e-26
dist_min= tensor(743.3860) dist_max= tensor(18470.2824)
params_min,params_max=params_new,params_max
evaluating model at params_new={'a1': 2.309401076758503, 'a2': 1.8257418583505536, 'a3': 6.351230065392407}
params_min= {'a1': 2.309401076758503, 'a2': 1.8257418583505536, 'a3': 6.351230038736399} logZ_min= 3.9562690512454988 obs_min= 1.3510713659640492e-27
params_new= {'a1': 2.309401076758503, 'a2': 1.8257418583505536, 'a3': 6.351230065392407} logZ_new= nan obs_new= -8.044954985584294e-32
params_max= {'a1': 2.309401076758503, 'a2': 1.8257418583505536, 'a3': 6.351230092048414} logZ_max= nan obs_max= 1.2131410003676869e-26
dist_min= tensor(787.2658) dist_max= tensor(18456.7751)
params_min,params_max=params_new,params_max
evaluating model at params_new={'a1': 2.309401076758503, 'a2': 1.8257418583505536, 'a3': 6.351230078720411}
params_min= {'a1': 2.309401076758503, 'a2': 1.8257418583505536, 'a3': 6.351230065392407} logZ_min= nan obs_min= -8.044954985584294e-32
params_new= {'a1': 2.309401076758503, 'a2': 1.8257418583505536, 'a3': 6.351230078720411} logZ_new= nan obs_new= 9.358266415787552e-28
params_max= {'a1': 2.309401076758503, 'a2': 1.8257418583505536, 'a3': 6.351230092048414} logZ_max= nan obs_max= 1.2131410003676869e-26
dist_min= tensor(281.4403) dist_max= tensor(18455.5304)
params_min,params_max=params_new,params_max
evaluating model at params_new={'a1': 2.309401076758503, 'a2': 1.8257418583505536, 'a3': 6.351230085384413}
params_min= {'a1': 2.309401076758503, 'a2': 1.8257418583505536, 'a3': 6.351230078720411} logZ_min= nan obs_min= 9.358266415787552e-28
params_new= {'a1': 2.309401076758503, 'a2': 1.8257418583505536, 'a3': 6.351230085384413} logZ_new= 3.9563758688291957 obs_new= 3.980287743227936e-27
params_max= {'a1': 2.309401076758503, 'a2': 1.8257418583505536, 'a3': 6.351230092048414} logZ_max= nan obs_max= 1.2131410003676869e-26
dist_min= tensor(122.7428) dist_max= tensor(18455.0236)
params_min,params_max=params_new,params_max
evaluating model at params_new={'a1': 2.309401076758503, 'a2': 1.8257418583505536, 'a3': 6.351230088716413}
params_min= {'a1': 2.309401076758503, 'a2': 1.8257418583505536, 'a3': 6.351230085384413} logZ_min= 3.9563758688291957 obs_min= 3.980287743227936e-27
params_new= {'a1': 2.309401076758503, 'a2': 1.8257418583505536, 'a3': 6.351230088716413} logZ_new= 3.9560929930583226 obs_new= 3.8735905982048946e-27
params_max= {'a1': 2.309401076758503, 'a2': 1.8257418583505536, 'a3': 6.351230092048414} logZ_max= nan obs_max= 1.2131410003676869e-26
dist_min= tensor(0.5623) dist_max= tensor(18455.0238)
params_min,params_max=params_new,params_max
evaluating model at params_new={'a1': 2.309401076758503, 'a2': 1.8257418583505536, 'a3': 6.351230090382414}
params_min= {'a1': 2.309401076758503, 'a2': 1.8257418583505536, 'a3': 6.351230088716413} logZ_min= 3.9560929930583226 obs_min= 3.8735905982048946e-27
params_new= {'a1': 2.309401076758503, 'a2': 1.8257418583505536, 'a3': 6.351230090382414} logZ_new= 3.956347476337374 obs_new= 9.266837956733695e-28
params_max= {'a1': 2.309401076758503, 'a2': 1.8257418583505536, 'a3': 6.351230092048414} logZ_max= nan obs_max= 1.2131410003676869e-26
dist_min= tensor(16.5521) dist_max= tensor(18454.6309)
params_min,params_max=params_new,params_max
evaluating model at params_new={'a1': 2.309401076758503, 'a2': 1.8257418583505536, 'a3': 6.351230091215414}
params_min= {'a1': 2.309401076758503, 'a2': 1.8257418583505536, 'a3': 6.351230090382414} logZ_min= 3.956347476337374 obs_min= 9.266837956733695e-28
params_new= {'a1': 2.309401076758503, 'a2': 1.8257418583505536, 'a3': 6.351230091215414} logZ_new= 3.9562937259765696 obs_new= 3.409493536499657e-26
params_max= {'a1': 2.309401076758503, 'a2': 1.8257418583505536, 'a3': 6.351230092048414} logZ_max= nan obs_max= 1.2131410003676869e-26
dist_min= tensor(28.1063) dist_max= tensor(18451.7635)
params_min,params_max=params_new,params_max
evaluating model at params_new={'a1': 2.309401076758503, 'a2': 1.8257418583505536, 'a3': 6.351230091631914}
params_min= {'a1': 2.309401076758503, 'a2': 1.8257418583505536, 'a3': 6.351230091215414} logZ_min= 3.9562937259765696 obs_min= 3.409493536499657e-26
params_new= {'a1': 2.309401076758503, 'a2': 1.8257418583505536, 'a3': 6.351230091631914} logZ_new= nan obs_new= 2.87994968500208e-26
params_max= {'a1': 2.309401076758503, 'a2': 1.8257418583505536, 'a3': 6.351230092048414} logZ_max= nan obs_max= 1.2131410003676869e-26
dist_min= tensor(123.6087) dist_max= tensor(18454.5038)
params_min,params_max=params_new,params_max
evaluating model at params_new={'a1': 2.309401076758503, 'a2': 1.8257418583505536, 'a3': 6.351230091840164}
params_min= {'a1': 2.309401076758503, 'a2': 1.8257418583505536, 'a3': 6.351230091631914} logZ_min= nan obs_min= 2.87994968500208e-26
params_new= {'a1': 2.309401076758503, 'a2': 1.8257418583505536, 'a3': 6.351230091840164} logZ_new= 3.9563242776053946 obs_new= 2.0646095374569962e-25
params_max= {'a1': 2.309401076758503, 'a2': 1.8257418583505536, 'a3': 6.351230092048414} logZ_max= nan obs_max= 1.2131410003676869e-26
dist_min= tensor(4480.0120) dist_max= tensor(18990.7226)
params_min,params_max=params_new,params_max
evaluating model at params_new={'a1': 2.309401076758503, 'a2': 1.8257418583505536, 'a3': 6.35123009194429}
params_min= {'a1': 2.309401076758503, 'a2': 1.8257418583505536, 'a3': 6.351230091840164} logZ_min= 3.9563242776053946 obs_min= 2.0646095374569962e-25
params_new= {'a1': 2.309401076758503, 'a2': 1.8257418583505536, 'a3': 6.35123009194429} logZ_new= 3.9558943279257917 obs_new= 2.8123514715485133e-27
params_max= {'a1': 2.309401076758503, 'a2': 1.8257418583505536, 'a3': 6.351230092048414} logZ_max= nan obs_max= 1.2131410003676869e-26
dist_min= tensor(4478.8433) dist_max= tensor(18455.2849)
params_min,params_max=params_new,params_max
evaluating model at params_new={'a1': 2.309401076758503, 'a2': 1.8257418583505536, 'a3': 6.351230091996352}
params_min= {'a1': 2.309401076758503, 'a2': 1.8257418583505536, 'a3': 6.35123009194429} logZ_min= 3.9558943279257917 obs_min= 2.8123514715485133e-27
params_new= {'a1': 2.309401076758503, 'a2': 1.8257418583505536, 'a3': 6.351230091996352} logZ_new= nan obs_new= 7.522041055085045e-26
params_max= {'a1': 2.309401076758503, 'a2': 1.8257418583505536, 'a3': 6.351230092048414} logZ_max= nan obs_max= 1.2131410003676869e-26
dist_min= tensor(46.4186) dist_max= tensor(18454.0679)
params_min,params_max=params_new,params_max
evaluating model at params_new={'a1': 2.309401076758503, 'a2': 1.8257418583505536, 'a3': 6.351230092022384}
params_min= {'a1': 2.309401076758503, 'a2': 1.8257418583505536, 'a3': 6.351230091996352} logZ_min= nan obs_min= 7.522041055085045e-26
params_new= {'a1': 2.309401076758503, 'a2': 1.8257418583505536, 'a3': 6.351230092022384} logZ_new= nan obs_new= -6.087576030529662e-32
params_max= {'a1': 2.309401076758503, 'a2': 1.8257418583505536, 'a3': 6.351230092048414} logZ_max= nan obs_max= 1.2131410003676869e-26
dist_min= tensor(5.7624) dist_max= tensor(18455.0238)
params_min,params_max=params_new,params_max
evaluating model at params_new={'a1': 2.309401076758503, 'a2': 1.8257418583505536, 'a3': 6.351230092035399}
params_min= {'a1': 2.309401076758503, 'a2': 1.8257418583505536, 'a3': 6.351230092022384} logZ_min= nan obs_min= -6.087576030529662e-32
params_new= {'a1': 2.309401076758503, 'a2': 1.8257418583505536, 'a3': 6.351230092035399} logZ_new= nan obs_new= 3.149022246842921e-32
params_max= {'a1': 2.309401076758503, 'a2': 1.8257418583505536, 'a3': 6.351230092048414} logZ_max= nan obs_max= 1.2131410003676869e-26
dist_min= tensor(2.1485) dist_max= tensor(18455.0239)
params_min,params_max=params_new,params_max
evaluating model at params_new={'a1': 2.309401076758503, 'a2': 1.8257418583505536, 'a3': 6.351230092041907}
params_min= {'a1': 2.309401076758503, 'a2': 1.8257418583505536, 'a3': 6.351230092035399} logZ_min= nan obs_min= 3.149022246842921e-32
params_new= {'a1': 2.309401076758503, 'a2': 1.8257418583505536, 'a3': 6.351230092041907} logZ_new= 3.956367399612275 obs_new= 6.023694934377342e-28
params_max= {'a1': 2.309401076758503, 'a2': 1.8257418583505536, 'a3': 6.351230092048414} logZ_max= nan obs_max= 1.2131410003676869e-26
dist_min= tensor(2.4351) dist_max= tensor(18455.0206)
params_min,params_max=params_new,params_max
evaluating model at params_new={'a1': 2.309401076758503, 'a2': 1.8257418583505536, 'a3': 6.35123009204516}
params_min= {'a1': 2.309401076758503, 'a2': 1.8257418583505536, 'a3': 6.351230092041907} logZ_min= 3.956367399612275 obs_min= 6.023694934377342e-28
params_new= {'a1': 2.309401076758503, 'a2': 1.8257418583505536, 'a3': 6.35123009204516} logZ_new= 3.9558321572199002 obs_new= 1.6909178530982847e-26
params_max= {'a1': 2.309401076758503, 'a2': 1.8257418583505536, 'a3': 6.351230092048414} logZ_max= nan obs_max= 1.2131410003676869e-26
dist_min= tensor(743.6942) dist_max= tensor(18470.2209)
params_min,params_max=params_new,params_max
evaluating model at params_new={'a1': 2.309401076758503, 'a2': 1.8257418583505536, 'a3': 6.351230092046787}
params_min= {'a1': 2.309401076758503, 'a2': 1.8257418583505536, 'a3': 6.35123009204516} logZ_min= 3.9558321572199002 obs_min= 1.6909178530982847e-26
params_new= {'a1': 2.309401076758503, 'a2': 1.8257418583505536, 'a3': 6.351230092046787} logZ_new= nan obs_new= 1.6828050480186586e-28
params_max= {'a1': 2.309401076758503, 'a2': 1.8257418583505536, 'a3': 6.351230092048414} logZ_max= nan obs_max= 1.2131410003676869e-26
dist_min= tensor(881.8910) dist_max= tensor(18463.4015)
params_min,params_max=params_new,params_max
evaluating model at params_new={'a1': 2.309401076758503, 'a2': 1.8257418583505536, 'a3': 6.351230092047601}
params_min= {'a1': 2.309401076758503, 'a2': 1.8257418583505536, 'a3': 6.351230092046787} logZ_min= nan obs_min= 1.6828050480186586e-28
params_new= {'a1': 2.309401076758503, 'a2': 1.8257418583505536, 'a3': 6.351230092047601} logZ_new= nan obs_new= 7.453004646763006e-28
params_max= {'a1': 2.309401076758503, 'a2': 1.8257418583505536, 'a3': 6.351230092048414} logZ_max= nan obs_max= 1.2131410003676869e-26
dist_min= tensor(682.8902) dist_max= tensor(18458.8803)
params_min,params_max=params_new,params_max
evaluating model at params_new={'a1': 2.309401076758503, 'a2': 1.8257418583505536, 'a3': 6.351230092048008}
params_min= {'a1': 2.309401076758503, 'a2': 1.8257418583505536, 'a3': 6.351230092047601} logZ_min= nan obs_min= 7.453004646763006e-28
params_new= {'a1': 2.309401076758503, 'a2': 1.8257418583505536, 'a3': 6.351230092048008} logZ_new= 3.9560749499056866 obs_new= 1.1629788509859294e-24
params_max= {'a1': 2.309401076758503, 'a2': 1.8257418583505536, 'a3': 6.351230092048414} logZ_max= nan obs_max= 1.2131410003676869e-26
dist_min= tensor(660.2260) dist_max= tensor(18461.8204)
params_min,params_max=params_new,params_max
evaluating model at params_new={'a1': 2.309401076758503, 'a2': 1.8257418583505536, 'a3': 6.351230092048211}
params_min= {'a1': 2.309401076758503, 'a2': 1.8257418583505536, 'a3': 6.351230092048008} logZ_min= 3.9560749499056866 obs_min= 1.1629788509859294e-24
params_new= {'a1': 2.309401076758503, 'a2': 1.8257418583505536, 'a3': 6.351230092048211} logZ_new= 3.9559123801760467 obs_new= 1.870256266812751e-27
params_max= {'a1': 2.309401076758503, 'a2': 1.8257418583505536, 'a3': 6.351230092048414} logZ_max= nan obs_max= 1.2131410003676869e-26
dist_min= tensor(543.8598) dist_max= tensor(18455.4694)
params_min,params_max=params_new,params_max
evaluating model at params_new={'a1': 2.309401076758503, 'a2': 1.8257418583505536, 'a3': 6.351230092048313}
params_min= {'a1': 2.309401076758503, 'a2': 1.8257418583505536, 'a3': 6.351230092048211} logZ_min= 3.9559123801760467 obs_min= 1.870256266812751e-27
params_new= {'a1': 2.309401076758503, 'a2': 1.8257418583505536, 'a3': 6.351230092048313} logZ_new= nan obs_new= 4.489702920036221e-28
params_max= {'a1': 2.309401076758503, 'a2': 1.8257418583505536, 'a3': 6.351230092048414} logZ_max= nan obs_max= 1.2131410003676869e-26
dist_min= tensor(174.0067) dist_max= tensor(18455.2377)
params_min,params_max=params_new,params_max
evaluating model at params_new={'a1': 2.309401076758503, 'a2': 1.8257418583505536, 'a3': 6.351230092048364}
params_min= {'a1': 2.309401076758503, 'a2': 1.8257418583505536, 'a3': 6.351230092048313} logZ_min= nan obs_min= 4.489702920036221e-28
params_new= {'a1': 2.309401076758503, 'a2': 1.8257418583505536, 'a3': 6.351230092048364} logZ_new= 3.9563105127790785 obs_new= 2.213468384922482e-26
params_max= {'a1': 2.309401076758503, 'a2': 1.8257418583505536, 'a3': 6.351230092048414} logZ_max= nan obs_max= 1.2131410003676869e-26
dist_min= tensor(47.6884) dist_max= tensor(18455.2570)
params_min,params_max=params_new,params_max
evaluating model at params_new={'a1': 2.309401076758503, 'a2': 1.8257418583505536, 'a3': 6.3512300920483895}
params_min= {'a1': 2.309401076758503, 'a2': 1.8257418583505536, 'a3': 6.351230092048364} logZ_min= 3.9563105127790785 obs_min= 2.213468384922482e-26
params_new= {'a1': 2.309401076758503, 'a2': 1.8257418583505536, 'a3': 6.3512300920483895} logZ_new= 3.956184232567676 obs_new= 2.6971474362596597e-24
params_max= {'a1': 2.309401076758503, 'a2': 1.8257418583505536, 'a3': 6.351230092048414} logZ_max= nan obs_max= 1.2131410003676869e-26
dist_min= tensor(37.0003) dist_max= tensor(18455.0238)
params_min,params_max=params_new,params_max
evaluating model at params_new={'a1': 2.309401076758503, 'a2': 1.8257418583505536, 'a3': 6.351230092048402}
params_min= {'a1': 2.309401076758503, 'a2': 1.8257418583505536, 'a3': 6.3512300920483895} logZ_min= 3.956184232567676 obs_min= 2.6971474362596597e-24
params_new= {'a1': 2.309401076758503, 'a2': 1.8257418583505536, 'a3': 6.351230092048402} logZ_new= nan obs_new= 6.683853637036622e-27
params_max= {'a1': 2.309401076758503, 'a2': 1.8257418583505536, 'a3': 6.351230092048414} logZ_max= nan obs_max= 1.2131410003676869e-26
dist_min= tensor(68.4881) dist_max= tensor(18455.3154)
params_min,params_max=params_new,params_max
evaluating model at params_new={'a1': 2.309401076758503, 'a2': 1.8257418583505536, 'a3': 6.351230092048408}
params_min= {'a1': 2.309401076758503, 'a2': 1.8257418583505536, 'a3': 6.351230092048402} logZ_min= nan obs_min= 6.683853637036622e-27
params_new= {'a1': 2.309401076758503, 'a2': 1.8257418583505536, 'a3': 6.351230092048408} logZ_new= nan obs_new= 6.590720391021713e-27
params_max= {'a1': 2.309401076758503, 'a2': 1.8257418583505536, 'a3': 6.351230092048414} logZ_max= nan obs_max= 1.2131410003676869e-26
dist_min= tensor(51.3663) dist_max= tensor(18455.2552)
params_min,params_max=params_new,params_max
evaluating model at params_new={'a1': 2.309401076758503, 'a2': 1.8257418583505536, 'a3': 6.351230092048411}
params_min= {'a1': 2.309401076758503, 'a2': 1.8257418583505536, 'a3': 6.351230092048408} logZ_min= nan obs_min= 6.590720391021713e-27
params_new= {'a1': 2.309401076758503, 'a2': 1.8257418583505536, 'a3': 6.351230092048411} logZ_new= 3.956320669486479 obs_new= 6.255020947499992e-26
params_max= {'a1': 2.309401076758503, 'a2': 1.8257418583505536, 'a3': 6.351230092048414} logZ_max= nan obs_max= 1.2131410003676869e-26
dist_min= tensor(438.9310) dist_max= tensor(18460.4443)
params_min,params_max=params_new,params_max
evaluating model at params_new={'a1': 2.309401076758503, 'a2': 1.8257418583505536, 'a3': 6.351230092048413}
params_min= {'a1': 2.309401076758503, 'a2': 1.8257418583505536, 'a3': 6.351230092048411} logZ_min= 3.956320669486479 obs_min= 6.255020947499992e-26
params_new= {'a1': 2.309401076758503, 'a2': 1.8257418583505536, 'a3': 6.351230092048413} logZ_new= nan obs_new= 4.4688673466701826e-27
params_max= {'a1': 2.309401076758503, 'a2': 1.8257418583505536, 'a3': 6.351230092048414} logZ_max= nan obs_max= 1.2131410003676869e-26
dist_min= tensor(533.3163) dist_max= tensor(18449.6175)
params_min,params_max=params_new,params_max
evaluating model at params_new={'a1': 2.309401076758503, 'a2': 1.8257418583505536, 'a3': 6.3512300920484135}
params_min= {'a1': 2.309401076758503, 'a2': 1.8257418583505536, 'a3': 6.351230092048413} logZ_min= nan obs_min= 4.4688673466701826e-27
params_new= {'a1': 2.309401076758503, 'a2': 1.8257418583505536, 'a3': 6.3512300920484135} logZ_new= nan obs_new= 2.80867882167333e-27
params_max= {'a1': 2.309401076758503, 'a2': 1.8257418583505536, 'a3': 6.351230092048414} logZ_max= nan obs_max= 1.2131410003676869e-26
dist_min= tensor(301.1869) dist_max= tensor(18455.2551)
params_min,params_max=params_new,params_max
critical params found:  {'a1': 2.309401076758503, 'a2': 1.8257418583505536, 'a3': 6.351230092048414}
reference params:  {'a1': 1.1547005383792515, 'a2': 1.8257418583505538, 'a3': 4.47213595499958}
file saved to  data/AKLT3D_X10_scan_grid_critical_a3/a1_2.3094011_a2_1.8257419/Tc.json
