Start running find_critical_temp.py with options:{'filename': 'data/AKLT3D_X10_scan_grid_critical_a3/a1_0.4618802_a2_2.1908902/Tc.json', 'log_filename': 'data/AKLT3D_X10_scan_grid_critical_a3/a1_0.4618802_a2_2.1908902/Tc.log', 'nLayers': 60, 'max_dim': 10, 'model': 'AKLT3D', 'params_min': "{'a1': 0.4618802153517006, 'a2': 2.1908902300206647, 'a3': 1.788854381999832}", 'params_max': "{'a1': 0.4618802153517006, 'a2': 2.1908902300206647, 'a3': 2.683281572999748}", 'params_ref': None, 'observable_name': 'magnetizationZ', 'tol': 0.0, 'gilt_enabled': False, 'gilt_eps': 8e-07, 'gilt_nIter': 1, 'mcf_enabled': True, 'mcf_eps': 1e-16, 'mcf_max_iter': 200, 'hotrg_sanity_check': False, 'version': 1, 'device': 'cuda:1'}
loading library...
evaluating model at params_min={'a1': 0.4618802153517006, 'a2': 2.1908902300206647, 'a3': 1.788854381999832}
params_min= {'a1': 0.4618802153517006, 'a2': 2.1908902300206647, 'a3': 1.788854381999832} logZ_min= 2.700473716082567 obs_min= 2.8239748483367323e-33
evaluating model at params_max={'a1': 0.4618802153517006, 'a2': 2.1908902300206647, 'a3': 2.683281572999748}
params_max= {'a1': 0.4618802153517006, 'a2': 2.1908902300206647, 'a3': 2.683281572999748} logZ_max= nan obs_max= 1.3233490538076167
searching for critical temperature using bisection method
evaluating model at params_new={'a1': 0.4618802153517006, 'a2': 2.1908902300206647, 'a3': 2.23606797749979}
params_min= {'a1': 0.4618802153517006, 'a2': 2.1908902300206647, 'a3': 1.788854381999832} logZ_min= 2.700473716082567 obs_min= 2.8239748483367323e-33
params_new= {'a1': 0.4618802153517006, 'a2': 2.1908902300206647, 'a3': 2.23606797749979} logZ_new= nan obs_new= -4.807157660982211e-32
params_max= {'a1': 0.4618802153517006, 'a2': 2.1908902300206647, 'a3': 2.683281572999748} logZ_max= nan obs_max= 1.3233490538076167
dist_min= tensor(6.9394) dist_max= tensor(110.9881)
params_min,params_max=params_new,params_max
evaluating model at params_new={'a1': 0.4618802153517006, 'a2': 2.1908902300206647, 'a3': 2.459674775249769}
params_min= {'a1': 0.4618802153517006, 'a2': 2.1908902300206647, 'a3': 2.23606797749979} logZ_min= nan obs_min= -4.807157660982211e-32
params_new= {'a1': 0.4618802153517006, 'a2': 2.1908902300206647, 'a3': 2.459674775249769} logZ_new= 2.724682489609943 obs_new= 4.514115015142758e-28
params_max= {'a1': 0.4618802153517006, 'a2': 2.1908902300206647, 'a3': 2.683281572999748} logZ_max= nan obs_max= 1.3233490538076167
dist_min= tensor(5.6172) dist_max= tensor(110.8823)
params_min,params_max=params_new,params_max
evaluating model at params_new={'a1': 0.4618802153517006, 'a2': 2.1908902300206647, 'a3': 2.5714781741247585}
params_min= {'a1': 0.4618802153517006, 'a2': 2.1908902300206647, 'a3': 2.459674775249769} logZ_min= 2.724682489609943 obs_min= 4.514115015142758e-28
params_new= {'a1': 0.4618802153517006, 'a2': 2.1908902300206647, 'a3': 2.5714781741247585} logZ_new= 2.7281632891800394 obs_new= 0.9587627389736393
params_max= {'a1': 0.4618802153517006, 'a2': 2.1908902300206647, 'a3': 2.683281572999748} logZ_max= nan obs_max= 1.3233490538076167
dist_min= tensor(8.8006) dist_max= tensor(109.9320)
params_min,params_max=params_new,params_max
evaluating model at params_new={'a1': 0.4618802153517006, 'a2': 2.1908902300206647, 'a3': 2.627379873562253}
params_min= {'a1': 0.4618802153517006, 'a2': 2.1908902300206647, 'a3': 2.5714781741247585} logZ_min= 2.7281632891800394 obs_min= 0.9587627389736393
params_new= {'a1': 0.4618802153517006, 'a2': 2.1908902300206647, 'a3': 2.627379873562253} logZ_new= nan obs_new= 1.1175423845206687
params_max= {'a1': 0.4618802153517006, 'a2': 2.1908902300206647, 'a3': 2.683281572999748} logZ_max= nan obs_max= 1.3233490538076167
dist_min= tensor(13523.6353) dist_max= tensor(13524.9586)
params_min,params_max=params_new,params_max
evaluating model at params_new={'a1': 0.4618802153517006, 'a2': 2.1908902300206647, 'a3': 2.6553307232810006}
params_min= {'a1': 0.4618802153517006, 'a2': 2.1908902300206647, 'a3': 2.627379873562253} logZ_min= nan obs_min= 1.1175423845206687
params_new= {'a1': 0.4618802153517006, 'a2': 2.1908902300206647, 'a3': 2.6553307232810006} logZ_new= 2.738569148091135 obs_new= 1.224981082295005
params_max= {'a1': 0.4618802153517006, 'a2': 2.1908902300206647, 'a3': 2.683281572999748} logZ_max= nan obs_max= 1.3233490538076167
dist_min= tensor(13524.3193) dist_max= tensor(110.3956)
params_min,params_max=params_min,params_new
evaluating model at params_new={'a1': 0.4618802153517006, 'a2': 2.1908902300206647, 'a3': 2.641355298421627}
params_min= {'a1': 0.4618802153517006, 'a2': 2.1908902300206647, 'a3': 2.627379873562253} logZ_min= nan obs_min= 1.1175423845206687
params_new= {'a1': 0.4618802153517006, 'a2': 2.1908902300206647, 'a3': 2.641355298421627} logZ_new= nan obs_new= 1.1685931924615702
params_max= {'a1': 0.4618802153517006, 'a2': 2.1908902300206647, 'a3': 2.6553307232810006} logZ_max= 2.738569148091135 obs_max= 1.224981082295005
dist_min= tensor(13524.3549) dist_max= tensor(56.3928)
params_min,params_max=params_min,params_new
evaluating model at params_new={'a1': 0.4618802153517006, 'a2': 2.1908902300206647, 'a3': 2.63436758599194}
params_min= {'a1': 0.4618802153517006, 'a2': 2.1908902300206647, 'a3': 2.627379873562253} logZ_min= nan obs_min= 1.1175423845206687
params_new= {'a1': 0.4618802153517006, 'a2': 2.1908902300206647, 'a3': 2.63436758599194} logZ_new= 2.7364974897413465 obs_new= 1.1552245828801693
params_max= {'a1': 0.4618802153517006, 'a2': 2.1908902300206647, 'a3': 2.641355298421627} logZ_max= nan obs_max= 1.1685931924615702
dist_min= tensor(13524.4487) dist_max= tensor(56.3733)
params_min,params_max=params_min,params_new
evaluating model at params_new={'a1': 0.4618802153517006, 'a2': 2.1908902300206647, 'a3': 2.6308737297770968}
params_min= {'a1': 0.4618802153517006, 'a2': 2.1908902300206647, 'a3': 2.627379873562253} logZ_min= nan obs_min= 1.1175423845206687
params_new= {'a1': 0.4618802153517006, 'a2': 2.1908902300206647, 'a3': 2.6308737297770968} logZ_new= 2.736038402037976 obs_new= 1.147381609150024
params_max= {'a1': 0.4618802153517006, 'a2': 2.1908902300206647, 'a3': 2.63436758599194} logZ_max= 2.7364974897413465 obs_max= 1.1552245828801693
dist_min= tensor(13524.5107) dist_max= tensor(1.5341)
params_min,params_max=params_min,params_new
evaluating model at params_new={'a1': 0.4618802153517006, 'a2': 2.1908902300206647, 'a3': 2.629126801669675}
params_min= {'a1': 0.4618802153517006, 'a2': 2.1908902300206647, 'a3': 2.627379873562253} logZ_min= nan obs_min= 1.1175423845206687
params_new= {'a1': 0.4618802153517006, 'a2': 2.1908902300206647, 'a3': 2.629126801669675} logZ_new= 2.736474330490814 obs_new= 1.1240725145005548
params_max= {'a1': 0.4618802153517006, 'a2': 2.1908902300206647, 'a3': 2.6308737297770968} logZ_max= 2.736038402037976 obs_max= 1.147381609150024
dist_min= tensor(13524.5107) dist_max= tensor(0.1965)
params_min,params_max=params_min,params_new
evaluating model at params_new={'a1': 0.4618802153517006, 'a2': 2.1908902300206647, 'a3': 2.628253337615964}
params_min= {'a1': 0.4618802153517006, 'a2': 2.1908902300206647, 'a3': 2.627379873562253} logZ_min= nan obs_min= 1.1175423845206687
params_new= {'a1': 0.4618802153517006, 'a2': 2.1908902300206647, 'a3': 2.628253337615964} logZ_new= nan obs_new= 1.1203875912290737
params_max= {'a1': 0.4618802153517006, 'a2': 2.1908902300206647, 'a3': 2.629126801669675} logZ_max= 2.736474330490814 obs_max= 1.1240725145005548
dist_min= tensor(13524.5956) dist_max= tensor(144.4136)
params_min,params_max=params_min,params_new
evaluating model at params_new={'a1': 0.4618802153517006, 'a2': 2.1908902300206647, 'a3': 2.627816605589109}
params_min= {'a1': 0.4618802153517006, 'a2': 2.1908902300206647, 'a3': 2.627379873562253} logZ_min= nan obs_min= 1.1175423845206687
params_new= {'a1': 0.4618802153517006, 'a2': 2.1908902300206647, 'a3': 2.627816605589109} logZ_new= 2.736208544659424 obs_new= 1.1229329180655105
params_max= {'a1': 0.4618802153517006, 'a2': 2.1908902300206647, 'a3': 2.628253337615964} logZ_max= nan obs_max= 1.1203875912290737
dist_min= tensor(13522.9556) dist_max= tensor(145.9970)
params_min,params_max=params_min,params_new
evaluating model at params_new={'a1': 0.4618802153517006, 'a2': 2.1908902300206647, 'a3': 2.627598239575681}
params_min= {'a1': 0.4618802153517006, 'a2': 2.1908902300206647, 'a3': 2.627379873562253} logZ_min= nan obs_min= 1.1175423845206687
params_new= {'a1': 0.4618802153517006, 'a2': 2.1908902300206647, 'a3': 2.627598239575681} logZ_new= nan obs_new= 1.1188365208717708
params_max= {'a1': 0.4618802153517006, 'a2': 2.1908902300206647, 'a3': 2.627816605589109} logZ_max= 2.736208544659424 obs_max= 1.1229329180655105
dist_min= tensor(13524.3849) dist_max= tensor(66.0517)
params_min,params_max=params_min,params_new
evaluating model at params_new={'a1': 0.4618802153517006, 'a2': 2.1908902300206647, 'a3': 2.627489056568967}
params_min= {'a1': 0.4618802153517006, 'a2': 2.1908902300206647, 'a3': 2.627379873562253} logZ_min= nan obs_min= 1.1175423845206687
params_new= {'a1': 0.4618802153517006, 'a2': 2.1908902300206647, 'a3': 2.627489056568967} logZ_new= 2.7355835311994903 obs_new= 1.1424827245535751
params_max= {'a1': 0.4618802153517006, 'a2': 2.1908902300206647, 'a3': 2.627598239575681} logZ_max= nan obs_max= 1.1188365208717708
dist_min= tensor(13524.7298) dist_max= tensor(86.0898)
params_min,params_max=params_min,params_new
evaluating model at params_new={'a1': 0.4618802153517006, 'a2': 2.1908902300206647, 'a3': 2.62743446506561}
params_min= {'a1': 0.4618802153517006, 'a2': 2.1908902300206647, 'a3': 2.627379873562253} logZ_min= nan obs_min= 1.1175423845206687
params_new= {'a1': 0.4618802153517006, 'a2': 2.1908902300206647, 'a3': 2.62743446506561} logZ_new= 2.7357193625583314 obs_new= 1.1377114581136876
params_max= {'a1': 0.4618802153517006, 'a2': 2.1908902300206647, 'a3': 2.627489056568967} logZ_max= 2.7355835311994903 obs_max= 1.1424827245535751
dist_min= tensor(13524.5530) dist_max= tensor(63.9685)
params_min,params_max=params_min,params_new
evaluating model at params_new={'a1': 0.4618802153517006, 'a2': 2.1908902300206647, 'a3': 2.6274071693139316}
params_min= {'a1': 0.4618802153517006, 'a2': 2.1908902300206647, 'a3': 2.627379873562253} logZ_min= nan obs_min= 1.1175423845206687
params_new= {'a1': 0.4618802153517006, 'a2': 2.1908902300206647, 'a3': 2.6274071693139316} logZ_new= 2.735463177165429 obs_new= 1.117915924639981
params_max= {'a1': 0.4618802153517006, 'a2': 2.1908902300206647, 'a3': 2.62743446506561} logZ_max= 2.7357193625583314 obs_max= 1.1377114581136876
dist_min= tensor(13524.5092) dist_max= tensor(20.0340)
params_min,params_max=params_min,params_new
evaluating model at params_new={'a1': 0.4618802153517006, 'a2': 2.1908902300206647, 'a3': 2.6273935214380923}
params_min= {'a1': 0.4618802153517006, 'a2': 2.1908902300206647, 'a3': 2.627379873562253} logZ_min= nan obs_min= 1.1175423845206687
params_new= {'a1': 0.4618802153517006, 'a2': 2.1908902300206647, 'a3': 2.6273935214380923} logZ_new= 2.7362363627216904 obs_new= 1.127569547664516
params_max= {'a1': 0.4618802153517006, 'a2': 2.1908902300206647, 'a3': 2.6274071693139316} logZ_max= 2.735463177165429 obs_max= 1.117915924639981
dist_min= tensor(13524.4847) dist_max= tensor(1.6454)
params_min,params_max=params_min,params_new
evaluating model at params_new={'a1': 0.4618802153517006, 'a2': 2.1908902300206647, 'a3': 2.6273866975001727}
params_min= {'a1': 0.4618802153517006, 'a2': 2.1908902300206647, 'a3': 2.627379873562253} logZ_min= nan obs_min= 1.1175423845206687
params_new= {'a1': 0.4618802153517006, 'a2': 2.1908902300206647, 'a3': 2.6273866975001727} logZ_new= nan obs_new= 1.1204465106643078
params_max= {'a1': 0.4618802153517006, 'a2': 2.1908902300206647, 'a3': 2.6273935214380923} logZ_max= 2.7362363627216904 obs_max= 1.127569547664516
dist_min= tensor(13524.5830) dist_max= tensor(17.1084)
params_min,params_max=params_min,params_new
evaluating model at params_new={'a1': 0.4618802153517006, 'a2': 2.1908902300206647, 'a3': 2.627383285531213}
params_min= {'a1': 0.4618802153517006, 'a2': 2.1908902300206647, 'a3': 2.627379873562253} logZ_min= nan obs_min= 1.1175423845206687
params_new= {'a1': 0.4618802153517006, 'a2': 2.1908902300206647, 'a3': 2.627383285531213} logZ_new= nan obs_new= 1.158774602619297
params_max= {'a1': 0.4618802153517006, 'a2': 2.1908902300206647, 'a3': 2.6273866975001727} logZ_max= nan obs_max= 1.1204465106643078
dist_min= tensor(13524.4943) dist_max= tensor(18.4144)
params_min,params_max=params_min,params_new
evaluating model at params_new={'a1': 0.4618802153517006, 'a2': 2.1908902300206647, 'a3': 2.627381579546733}
params_min= {'a1': 0.4618802153517006, 'a2': 2.1908902300206647, 'a3': 2.627379873562253} logZ_min= nan obs_min= 1.1175423845206687
params_new= {'a1': 0.4618802153517006, 'a2': 2.1908902300206647, 'a3': 2.627381579546733} logZ_new= nan obs_new= 1.1140507221967924
params_max= {'a1': 0.4618802153517006, 'a2': 2.1908902300206647, 'a3': 2.627383285531213} logZ_max= nan obs_max= 1.158774602619297
dist_min= tensor(13524.5106) dist_max= tensor(8.4991)
params_min,params_max=params_min,params_new
evaluating model at params_new={'a1': 0.4618802153517006, 'a2': 2.1908902300206647, 'a3': 2.627380726554493}
params_min= {'a1': 0.4618802153517006, 'a2': 2.1908902300206647, 'a3': 2.627379873562253} logZ_min= nan obs_min= 1.1175423845206687
params_new= {'a1': 0.4618802153517006, 'a2': 2.1908902300206647, 'a3': 2.627380726554493} logZ_new= 2.736182330038426 obs_new= 1.1278869875069706
params_max= {'a1': 0.4618802153517006, 'a2': 2.1908902300206647, 'a3': 2.627381579546733} logZ_max= nan obs_max= 1.1140507221967924
dist_min= tensor(13524.4175) dist_max= tensor(1.5062)
params_min,params_max=params_min,params_new
evaluating model at params_new={'a1': 0.4618802153517006, 'a2': 2.1908902300206647, 'a3': 2.6273803000583733}
params_min= {'a1': 0.4618802153517006, 'a2': 2.1908902300206647, 'a3': 2.627379873562253} logZ_min= nan obs_min= 1.1175423845206687
params_new= {'a1': 0.4618802153517006, 'a2': 2.1908902300206647, 'a3': 2.6273803000583733} logZ_new= 2.733545385810199 obs_new= 1.1421189477676936
params_max= {'a1': 0.4618802153517006, 'a2': 2.1908902300206647, 'a3': 2.627380726554493} logZ_max= 2.736182330038426 obs_max= 1.1278869875069706
dist_min= tensor(13598.6941) dist_max= tensor(1417.8926)
params_min,params_max=params_min,params_new
evaluating model at params_new={'a1': 0.4618802153517006, 'a2': 2.1908902300206647, 'a3': 2.627380086810313}
params_min= {'a1': 0.4618802153517006, 'a2': 2.1908902300206647, 'a3': 2.627379873562253} logZ_min= nan obs_min= 1.1175423845206687
params_new= {'a1': 0.4618802153517006, 'a2': 2.1908902300206647, 'a3': 2.627380086810313} logZ_new= 2.7354663288613046 obs_new= 1.1443519492546146
params_max= {'a1': 0.4618802153517006, 'a2': 2.1908902300206647, 'a3': 2.6273803000583733} logZ_max= 2.733545385810199 obs_max= 1.1421189477676936
dist_min= tensor(13524.4084) dist_max= tensor(1417.8932)
params_min,params_max=params_min,params_new
evaluating model at params_new={'a1': 0.4618802153517006, 'a2': 2.1908902300206647, 'a3': 2.627379980186283}
params_min= {'a1': 0.4618802153517006, 'a2': 2.1908902300206647, 'a3': 2.627379873562253} logZ_min= nan obs_min= 1.1175423845206687
params_new= {'a1': 0.4618802153517006, 'a2': 2.1908902300206647, 'a3': 2.627379980186283} logZ_new= 2.73631359946778 obs_new= 1.1223041851822257
params_max= {'a1': 0.4618802153517006, 'a2': 2.1908902300206647, 'a3': 2.627380086810313} logZ_max= 2.7354663288613046 obs_max= 1.1443519492546146
dist_min= tensor(13524.5107) dist_max= tensor(1.5426)
params_min,params_max=params_min,params_new
evaluating model at params_new={'a1': 0.4618802153517006, 'a2': 2.1908902300206647, 'a3': 2.6273799268742684}
params_min= {'a1': 0.4618802153517006, 'a2': 2.1908902300206647, 'a3': 2.627379873562253} logZ_min= nan obs_min= 1.1175423845206687
params_new= {'a1': 0.4618802153517006, 'a2': 2.1908902300206647, 'a3': 2.6273799268742684} logZ_new= 2.7359291272200124 obs_new= 1.1340202556423635
params_max= {'a1': 0.4618802153517006, 'a2': 2.1908902300206647, 'a3': 2.627379980186283} logZ_max= 2.73631359946778 obs_max= 1.1223041851822257
dist_min= tensor(13524.4971) dist_max= tensor(1.6943)
params_min,params_max=params_min,params_new
evaluating model at params_new={'a1': 0.4618802153517006, 'a2': 2.1908902300206647, 'a3': 2.6273799002182607}
params_min= {'a1': 0.4618802153517006, 'a2': 2.1908902300206647, 'a3': 2.627379873562253} logZ_min= nan obs_min= 1.1175423845206687
params_new= {'a1': 0.4618802153517006, 'a2': 2.1908902300206647, 'a3': 2.6273799002182607} logZ_new= 2.7363273213907977 obs_new= 1.120664835466198
params_max= {'a1': 0.4618802153517006, 'a2': 2.1908902300206647, 'a3': 2.6273799268742684} logZ_max= 2.7359291272200124 obs_max= 1.1340202556423635
dist_min= tensor(13524.4955) dist_max= tensor(1.2710)
params_min,params_max=params_min,params_new
evaluating model at params_new={'a1': 0.4618802153517006, 'a2': 2.1908902300206647, 'a3': 2.6273798868902567}
params_min= {'a1': 0.4618802153517006, 'a2': 2.1908902300206647, 'a3': 2.627379873562253} logZ_min= nan obs_min= 1.1175423845206687
params_new= {'a1': 0.4618802153517006, 'a2': 2.1908902300206647, 'a3': 2.6273798868902567} logZ_new= 2.736328548779156 obs_new= 1.1225642589020843
params_max= {'a1': 0.4618802153517006, 'a2': 2.1908902300206647, 'a3': 2.6273799002182607} logZ_max= 2.7363273213907977 obs_max= 1.120664835466198
dist_min= tensor(13524.4033) dist_max= tensor(1.2800)
params_min,params_max=params_min,params_new
evaluating model at params_new={'a1': 0.4618802153517006, 'a2': 2.1908902300206647, 'a3': 2.627379880226255}
params_min= {'a1': 0.4618802153517006, 'a2': 2.1908902300206647, 'a3': 2.627379873562253} logZ_min= nan obs_min= 1.1175423845206687
params_new= {'a1': 0.4618802153517006, 'a2': 2.1908902300206647, 'a3': 2.627379880226255} logZ_new= 2.736282254336654 obs_new= 1.1174239513744584
params_max= {'a1': 0.4618802153517006, 'a2': 2.1908902300206647, 'a3': 2.6273798868902567} logZ_max= 2.736328548779156 obs_max= 1.1225642589020843
dist_min= tensor(13524.5633) dist_max= tensor(4.3316)
params_min,params_max=params_min,params_new
evaluating model at params_new={'a1': 0.4618802153517006, 'a2': 2.1908902300206647, 'a3': 2.627379876894254}
params_min= {'a1': 0.4618802153517006, 'a2': 2.1908902300206647, 'a3': 2.627379873562253} logZ_min= nan obs_min= 1.1175423845206687
params_new= {'a1': 0.4618802153517006, 'a2': 2.1908902300206647, 'a3': 2.627379876894254} logZ_new= nan obs_new= 1.1181524991275023
params_max= {'a1': 0.4618802153517006, 'a2': 2.1908902300206647, 'a3': 2.627379880226255} logZ_max= 2.736282254336654 obs_max= 1.1174239513744584
dist_min= tensor(13524.6458) dist_max= tensor(55.2378)
params_min,params_max=params_min,params_new
evaluating model at params_new={'a1': 0.4618802153517006, 'a2': 2.1908902300206647, 'a3': 2.627379875228254}
params_min= {'a1': 0.4618802153517006, 'a2': 2.1908902300206647, 'a3': 2.627379873562253} logZ_min= nan obs_min= 1.1175423845206687
params_new= {'a1': 0.4618802153517006, 'a2': 2.1908902300206647, 'a3': 2.627379875228254} logZ_new= nan obs_new= 1.118721642776541
params_max= {'a1': 0.4618802153517006, 'a2': 2.1908902300206647, 'a3': 2.627379876894254} logZ_max= nan obs_max= 1.1181524991275023
dist_min= tensor(26011.7543) dist_max= tensor(22186.8804)
params_min,params_max=params_min,params_new
evaluating model at params_new={'a1': 0.4618802153517006, 'a2': 2.1908902300206647, 'a3': 2.6273798743952534}
params_min= {'a1': 0.4618802153517006, 'a2': 2.1908902300206647, 'a3': 2.627379873562253} logZ_min= nan obs_min= 1.1175423845206687
params_new= {'a1': 0.4618802153517006, 'a2': 2.1908902300206647, 'a3': 2.6273798743952534} logZ_new= nan obs_new= 1.1179012147554852
params_max= {'a1': 0.4618802153517006, 'a2': 2.1908902300206647, 'a3': 2.627379875228254} logZ_max= nan obs_max= 1.118721642776541
dist_min= tensor(13525.1305) dist_max= tensor(22221.4055)
params_min,params_max=params_new,params_max
evaluating model at params_new={'a1': 0.4618802153517006, 'a2': 2.1908902300206647, 'a3': 2.6273798748117536}
params_min= {'a1': 0.4618802153517006, 'a2': 2.1908902300206647, 'a3': 2.6273798743952534} logZ_min= nan obs_min= 1.1179012147554852
params_new= {'a1': 0.4618802153517006, 'a2': 2.1908902300206647, 'a3': 2.6273798748117536} logZ_new= nan obs_new= 1.1249406294015571
params_max= {'a1': 0.4618802153517006, 'a2': 2.1908902300206647, 'a3': 2.627379875228254} logZ_max= nan obs_max= 1.118721642776541
dist_min= tensor(6441.9269) dist_max= tensor(23135.4661)
params_min,params_max=params_new,params_max
evaluating model at params_new={'a1': 0.4618802153517006, 'a2': 2.1908902300206647, 'a3': 2.6273798750200035}
params_min= {'a1': 0.4618802153517006, 'a2': 2.1908902300206647, 'a3': 2.6273798748117536} logZ_min= nan obs_min= 1.1249406294015571
params_new= {'a1': 0.4618802153517006, 'a2': 2.1908902300206647, 'a3': 2.6273798750200035} logZ_new= nan obs_new= 1.1247560623950796
params_max= {'a1': 0.4618802153517006, 'a2': 2.1908902300206647, 'a3': 2.627379875228254} logZ_max= nan obs_max= 1.118721642776541
dist_min= tensor(6441.0450) dist_max= tensor(22220.8724)
params_min,params_max=params_new,params_max
evaluating model at params_new={'a1': 0.4618802153517006, 'a2': 2.1908902300206647, 'a3': 2.6273798751241286}
params_min= {'a1': 0.4618802153517006, 'a2': 2.1908902300206647, 'a3': 2.6273798750200035} logZ_min= nan obs_min= 1.1247560623950796
params_new= {'a1': 0.4618802153517006, 'a2': 2.1908902300206647, 'a3': 2.6273798751241286} logZ_new= 2.735965218945132 obs_new= 1.1288338517940282
params_max= {'a1': 0.4618802153517006, 'a2': 2.1908902300206647, 'a3': 2.627379875228254} logZ_max= nan obs_max= 1.118721642776541
dist_min= tensor(4357.0831) dist_max= tensor(22643.9124)
params_min,params_max=params_new,params_max
evaluating model at params_new={'a1': 0.4618802153517006, 'a2': 2.1908902300206647, 'a3': 2.6273798751761914}
params_min= {'a1': 0.4618802153517006, 'a2': 2.1908902300206647, 'a3': 2.6273798751241286} logZ_min= 2.735965218945132 obs_min= 1.1288338517940282
params_new= {'a1': 0.4618802153517006, 'a2': 2.1908902300206647, 'a3': 2.6273798751761914} logZ_new= 2.735904590065022 obs_new= 1.1356226430419314
params_max= {'a1': 0.4618802153517006, 'a2': 2.1908902300206647, 'a3': 2.627379875228254} logZ_max= nan obs_max= 1.118721642776541
dist_min= tensor(4357.0514) dist_max= tensor(22220.8723)
params_min,params_max=params_new,params_max
evaluating model at params_new={'a1': 0.4618802153517006, 'a2': 2.1908902300206647, 'a3': 2.6273798752022226}
params_min= {'a1': 0.4618802153517006, 'a2': 2.1908902300206647, 'a3': 2.6273798751761914} logZ_min= 2.735904590065022 obs_min= 1.1356226430419314
params_new= {'a1': 0.4618802153517006, 'a2': 2.1908902300206647, 'a3': 2.6273798752022226} logZ_new= nan obs_new= 1.1316158857253231
params_max= {'a1': 0.4618802153517006, 'a2': 2.1908902300206647, 'a3': 2.627379875228254} logZ_max= nan obs_max= 1.118721642776541
dist_min= tensor(538.7338) dist_max= tensor(22227.4811)
params_min,params_max=params_new,params_max
evaluating model at params_new={'a1': 0.4618802153517006, 'a2': 2.1908902300206647, 'a3': 2.6273798752152384}
params_min= {'a1': 0.4618802153517006, 'a2': 2.1908902300206647, 'a3': 2.6273798752022226} logZ_min= nan obs_min= 1.1316158857253231
params_new= {'a1': 0.4618802153517006, 'a2': 2.1908902300206647, 'a3': 2.6273798752152384} logZ_new= 2.7364284434523185 obs_new= 1.1227763764991892
params_max= {'a1': 0.4618802153517006, 'a2': 2.1908902300206647, 'a3': 2.627379875228254} logZ_max= nan obs_max= 1.118721642776541
dist_min= tensor(538.7331) dist_max= tensor(22220.8723)
params_min,params_max=params_new,params_max
evaluating model at params_new={'a1': 0.4618802153517006, 'a2': 2.1908902300206647, 'a3': 2.627379875221746}
params_min= {'a1': 0.4618802153517006, 'a2': 2.1908902300206647, 'a3': 2.6273798752152384} logZ_min= 2.7364284434523185 obs_min= 1.1227763764991892
params_new= {'a1': 0.4618802153517006, 'a2': 2.1908902300206647, 'a3': 2.627379875221746} logZ_new= nan obs_new= 1.121524102607451
params_max= {'a1': 0.4618802153517006, 'a2': 2.1908902300206647, 'a3': 2.627379875228254} logZ_max= nan obs_max= 1.118721642776541
dist_min= tensor(11.5580) dist_max= tensor(22220.8751)
params_min,params_max=params_new,params_max
evaluating model at params_new={'a1': 0.4618802153517006, 'a2': 2.1908902300206647, 'a3': 2.627379875225}
params_min= {'a1': 0.4618802153517006, 'a2': 2.1908902300206647, 'a3': 2.627379875221746} logZ_min= nan obs_min= 1.121524102607451
params_new= {'a1': 0.4618802153517006, 'a2': 2.1908902300206647, 'a3': 2.627379875225} logZ_new= nan obs_new= 1.1213132165426865
params_max= {'a1': 0.4618802153517006, 'a2': 2.1908902300206647, 'a3': 2.627379875228254} logZ_max= nan obs_max= 1.118721642776541
dist_min= tensor(11.7442) dist_max= tensor(22220.8724)
params_min,params_max=params_new,params_max
evaluating model at params_new={'a1': 0.4618802153517006, 'a2': 2.1908902300206647, 'a3': 2.6273798752266266}
params_min= {'a1': 0.4618802153517006, 'a2': 2.1908902300206647, 'a3': 2.627379875225} logZ_min= nan obs_min= 1.1213132165426865
params_new= {'a1': 0.4618802153517006, 'a2': 2.1908902300206647, 'a3': 2.6273798752266266} logZ_new= 2.7327684118947584 obs_new= 1.1526449969705328
params_max= {'a1': 0.4618802153517006, 'a2': 2.1908902300206647, 'a3': 2.627379875228254} logZ_max= nan obs_max= 1.118721642776541
dist_min= tensor(0.5420) dist_max= tensor(22220.8724)
params_min,params_max=params_new,params_max
evaluating model at params_new={'a1': 0.4618802153517006, 'a2': 2.1908902300206647, 'a3': 2.62737987522744}
params_min= {'a1': 0.4618802153517006, 'a2': 2.1908902300206647, 'a3': 2.6273798752266266} logZ_min= 2.7327684118947584 obs_min= 1.1526449969705328
params_new= {'a1': 0.4618802153517006, 'a2': 2.1908902300206647, 'a3': 2.62737987522744} logZ_new= 2.7347514511612596 obs_new= 1.1262201885409682
params_max= {'a1': 0.4618802153517006, 'a2': 2.1908902300206647, 'a3': 2.627379875228254} logZ_max= nan obs_max= 1.118721642776541
dist_min= tensor(0.4709) dist_max= tensor(22220.8724)
params_min,params_max=params_new,params_max
evaluating model at params_new={'a1': 0.4618802153517006, 'a2': 2.1908902300206647, 'a3': 2.627379875227847}
params_min= {'a1': 0.4618802153517006, 'a2': 2.1908902300206647, 'a3': 2.62737987522744} logZ_min= 2.7347514511612596 obs_min= 1.1262201885409682
params_new= {'a1': 0.4618802153517006, 'a2': 2.1908902300206647, 'a3': 2.627379875227847} logZ_new= nan obs_new= 1.1435479903029069
params_max= {'a1': 0.4618802153517006, 'a2': 2.1908902300206647, 'a3': 2.627379875228254} logZ_max= nan obs_max= 1.118721642776541
dist_min= tensor(276.2629) dist_max= tensor(22222.6399)
params_min,params_max=params_new,params_max
evaluating model at params_new={'a1': 0.4618802153517006, 'a2': 2.1908902300206647, 'a3': 2.6273798752280504}
params_min= {'a1': 0.4618802153517006, 'a2': 2.1908902300206647, 'a3': 2.627379875227847} logZ_min= nan obs_min= 1.1435479903029069
params_new= {'a1': 0.4618802153517006, 'a2': 2.1908902300206647, 'a3': 2.6273798752280504} logZ_new= 2.7362854583455656 obs_new= 1.1172866061088498
params_max= {'a1': 0.4618802153517006, 'a2': 2.1908902300206647, 'a3': 2.627379875228254} logZ_max= nan obs_max= 1.118721642776541
dist_min= tensor(282.2274) dist_max= tensor(22220.9291)
params_min,params_max=params_new,params_max
evaluating model at params_new={'a1': 0.4618802153517006, 'a2': 2.1908902300206647, 'a3': 2.627379875228152}
params_min= {'a1': 0.4618802153517006, 'a2': 2.1908902300206647, 'a3': 2.6273798752280504} logZ_min= 2.7362854583455656 obs_min= 1.1172866061088498
params_new= {'a1': 0.4618802153517006, 'a2': 2.1908902300206647, 'a3': 2.627379875228152} logZ_new= nan obs_new= 1.1420761316617882
params_max= {'a1': 0.4618802153517006, 'a2': 2.1908902300206647, 'a3': 2.627379875228254} logZ_max= nan obs_max= 1.118721642776541
dist_min= tensor(369.8863) dist_max= tensor(22223.6144)
params_min,params_max=params_new,params_max
evaluating model at params_new={'a1': 0.4618802153517006, 'a2': 2.1908902300206647, 'a3': 2.627379875228203}
params_min= {'a1': 0.4618802153517006, 'a2': 2.1908902300206647, 'a3': 2.627379875228152} logZ_min= nan obs_min= 1.1420761316617882
params_new= {'a1': 0.4618802153517006, 'a2': 2.1908902300206647, 'a3': 2.627379875228203} logZ_new= 2.7332209725974486 obs_new= 1.1460816603157666
params_max= {'a1': 0.4618802153517006, 'a2': 2.1908902300206647, 'a3': 2.627379875228254} logZ_max= nan obs_max= 1.118721642776541
dist_min= tensor(404.6581) dist_max= tensor(22221.7770)
params_min,params_max=params_new,params_max
evaluating model at params_new={'a1': 0.4618802153517006, 'a2': 2.1908902300206647, 'a3': 2.6273798752282285}
params_min= {'a1': 0.4618802153517006, 'a2': 2.1908902300206647, 'a3': 2.627379875228203} logZ_min= 2.7332209725974486 obs_min= 1.1460816603157666
params_new= {'a1': 0.4618802153517006, 'a2': 2.1908902300206647, 'a3': 2.6273798752282285} logZ_new= 2.735830690987063 obs_new= 1.1334153811753638
params_max= {'a1': 0.4618802153517006, 'a2': 2.1908902300206647, 'a3': 2.627379875228254} logZ_max= nan obs_max= 1.118721642776541
dist_min= tensor(207.7071) dist_max= tensor(22221.0696)
params_min,params_max=params_new,params_max
evaluating model at params_new={'a1': 0.4618802153517006, 'a2': 2.1908902300206647, 'a3': 2.6273798752282413}
params_min= {'a1': 0.4618802153517006, 'a2': 2.1908902300206647, 'a3': 2.6273798752282285} logZ_min= 2.735830690987063 obs_min= 1.1334153811753638
params_new= {'a1': 0.4618802153517006, 'a2': 2.1908902300206647, 'a3': 2.6273798752282413} logZ_new= nan obs_new= 1.1559651843827314
params_max= {'a1': 0.4618802153517006, 'a2': 2.1908902300206647, 'a3': 2.627379875228254} logZ_max= nan obs_max= 1.118721642776541
dist_min= tensor(80.8148) dist_max= tensor(22220.8726)
params_min,params_max=params_new,params_max
evaluating model at params_new={'a1': 0.4618802153517006, 'a2': 2.1908902300206647, 'a3': 2.6273798752282476}
params_min= {'a1': 0.4618802153517006, 'a2': 2.1908902300206647, 'a3': 2.6273798752282413} logZ_min= nan obs_min= 1.1559651843827314
params_new= {'a1': 0.4618802153517006, 'a2': 2.1908902300206647, 'a3': 2.6273798752282476} logZ_new= 2.736285064532417 obs_new= 1.117302213871617
params_max= {'a1': 0.4618802153517006, 'a2': 2.1908902300206647, 'a3': 2.627379875228254} logZ_max= nan obs_max= 1.118721642776541
dist_min= tensor(59.0509) dist_max= tensor(22220.8461)
params_min,params_max=params_new,params_max
evaluating model at params_new={'a1': 0.4618802153517006, 'a2': 2.1908902300206647, 'a3': 2.6273798752282507}
params_min= {'a1': 0.4618802153517006, 'a2': 2.1908902300206647, 'a3': 2.6273798752282476} logZ_min= 2.736285064532417 obs_min= 1.117302213871617
params_new= {'a1': 0.4618802153517006, 'a2': 2.1908902300206647, 'a3': 2.6273798752282507} logZ_new= 2.736274298649168 obs_new= 1.11766924758735
params_max= {'a1': 0.4618802153517006, 'a2': 2.1908902300206647, 'a3': 2.627379875228254} logZ_max= nan obs_max= 1.118721642776541
dist_min= tensor(58.9949) dist_max= tensor(22220.8724)
params_min,params_max=params_new,params_max
evaluating model at params_new={'a1': 0.4618802153517006, 'a2': 2.1908902300206647, 'a3': 2.627379875228252}
params_min= {'a1': 0.4618802153517006, 'a2': 2.1908902300206647, 'a3': 2.6273798752282507} logZ_min= 2.736274298649168 obs_min= 1.11766924758735
params_new= {'a1': 0.4618802153517006, 'a2': 2.1908902300206647, 'a3': 2.627379875228252} logZ_new= nan obs_new= 1.11749391417595
params_max= {'a1': 0.4618802153517006, 'a2': 2.1908902300206647, 'a3': 2.627379875228254} logZ_max= nan obs_max= 1.118721642776541
dist_min= tensor(17.0677) dist_max= tensor(22220.9587)
params_min,params_max=params_new,params_max
evaluating model at params_new={'a1': 0.4618802153517006, 'a2': 2.1908902300206647, 'a3': 2.627379875228253}
params_min= {'a1': 0.4618802153517006, 'a2': 2.1908902300206647, 'a3': 2.627379875228252} logZ_min= nan obs_min= 1.11749391417595
params_new= {'a1': 0.4618802153517006, 'a2': 2.1908902300206647, 'a3': 2.627379875228253} logZ_new= 2.7362872152451176 obs_new= 1.1172620660240293
params_max= {'a1': 0.4618802153517006, 'a2': 2.1908902300206647, 'a3': 2.627379875228254} logZ_max= nan obs_max= 1.118721642776541
dist_min= tensor(21.9169) dist_max= tensor(22220.9412)
params_min,params_max=params_new,params_max
evaluating model at params_new={'a1': 0.4618802153517006, 'a2': 2.1908902300206647, 'a3': 2.6273798752282533}
params_min= {'a1': 0.4618802153517006, 'a2': 2.1908902300206647, 'a3': 2.627379875228253} logZ_min= 2.7362872152451176 obs_min= 1.1172620660240293
params_new= {'a1': 0.4618802153517006, 'a2': 2.1908902300206647, 'a3': 2.6273798752282533} logZ_new= 2.7362716748160487 obs_new= 1.1177914855717928
params_max= {'a1': 0.4618802153517006, 'a2': 2.1908902300206647, 'a3': 2.627379875228254} logZ_max= nan obs_max= 1.118721642776541
dist_min= tensor(181.0718) dist_max= tensor(22221.6346)
params_min,params_max=params_new,params_max
critical params found:  {'a1': 0.4618802153517006, 'a2': 2.1908902300206647, 'a3': 2.627379875228254}
reference params:  {'a1': 1.1547005383792515, 'a2': 1.8257418583505538, 'a3': 4.47213595499958}
file saved to  data/AKLT3D_X10_scan_grid_critical_a3/a1_0.4618802_a2_2.1908902/Tc.json
