Start running find_critical_temp.py with options:{'filename': 'data/AKLT3D_X10_scan_grid_critical_a3/a1_0.2309401_a2_3.2863353/Tc.json', 'log_filename': 'data/AKLT3D_X10_scan_grid_critical_a3/a1_0.2309401_a2_3.2863353/Tc.log', 'nLayers': 60, 'max_dim': 10, 'model': 'AKLT3D', 'params_min': "{'a1': 0.2309401076758503, 'a2': 3.286335345030997, 'a3': 1.788854381999832}", 'params_max': "{'a1': 0.2309401076758503, 'a2': 3.286335345030997, 'a3': 0.0}", 'params_ref': None, 'observable_name': 'magnetizationZ', 'tol': 0.0, 'gilt_enabled': False, 'gilt_eps': 8e-07, 'gilt_nIter': 1, 'mcf_enabled': True, 'mcf_eps': 1e-16, 'mcf_max_iter': 200, 'hotrg_sanity_check': False, 'version': 1, 'device': 'cuda:1'}
loading library...
evaluating model at params_min={'a1': 0.2309401076758503, 'a2': 3.286335345030997, 'a3': 1.788854381999832}
params_min= {'a1': 0.2309401076758503, 'a2': 3.286335345030997, 'a3': 1.788854381999832} logZ_min= 3.1886204551269834 obs_min= 1.3653763700920944
evaluating model at params_max={'a1': 0.2309401076758503, 'a2': 3.286335345030997, 'a3': 0.0}
params_max= {'a1': 0.2309401076758503, 'a2': 3.286335345030997, 'a3': 0.0} logZ_max= 3.2186995034801473 obs_max= 3.251750964461917
searching for critical temperature using bisection method
evaluating model at params_new={'a1': 0.2309401076758503, 'a2': 3.286335345030997, 'a3': 0.894427190999916}
params_min= {'a1': 0.2309401076758503, 'a2': 3.286335345030997, 'a3': 1.788854381999832} logZ_min= 3.1886204551269834 obs_min= 1.3653763700920944
params_new= {'a1': 0.2309401076758503, 'a2': 3.286335345030997, 'a3': 0.894427190999916} logZ_new= 3.1900276693495253 obs_new= 3.1461253561940805
params_max= {'a1': 0.2309401076758503, 'a2': 3.286335345030997, 'a3': 0.0} logZ_max= 3.2186995034801473 obs_max= 3.251750964461917
dist_min= tensor(5.3871) dist_max= tensor(1.6360)
params_min,params_max=params_min,params_new
evaluating model at params_new={'a1': 0.2309401076758503, 'a2': 3.286335345030997, 'a3': 1.341640786499874}
params_min= {'a1': 0.2309401076758503, 'a2': 3.286335345030997, 'a3': 1.788854381999832} logZ_min= 3.1886204551269834 obs_min= 1.3653763700920944
params_new= {'a1': 0.2309401076758503, 'a2': 3.286335345030997, 'a3': 1.341640786499874} logZ_new= 3.1740571069548733 obs_new= 3.0253701289552937
params_max= {'a1': 0.2309401076758503, 'a2': 3.286335345030997, 'a3': 0.894427190999916} logZ_max= 3.1900276693495253 obs_max= 3.1461253561940805
dist_min= tensor(5.2973) dist_max= tensor(2.0874)
params_min,params_max=params_min,params_new
evaluating model at params_new={'a1': 0.2309401076758503, 'a2': 3.286335345030997, 'a3': 1.565247584249853}
params_min= {'a1': 0.2309401076758503, 'a2': 3.286335345030997, 'a3': 1.788854381999832} logZ_min= 3.1886204551269834 obs_min= 1.3653763700920944
params_new= {'a1': 0.2309401076758503, 'a2': 3.286335345030997, 'a3': 1.565247584249853} logZ_new= 3.165948863884643 obs_new= 8.829983017184482e-30
params_max= {'a1': 0.2309401076758503, 'a2': 3.286335345030997, 'a3': 1.341640786499874} logZ_max= 3.1740571069548733 obs_max= 3.0253701289552937
dist_min= tensor(3.6680) dist_max= tensor(2.3729)
params_min,params_max=params_min,params_new
evaluating model at params_new={'a1': 0.2309401076758503, 'a2': 3.286335345030997, 'a3': 1.6770509831248424}
params_min= {'a1': 0.2309401076758503, 'a2': 3.286335345030997, 'a3': 1.788854381999832} logZ_min= 3.1886204551269834 obs_min= 1.3653763700920944
params_new= {'a1': 0.2309401076758503, 'a2': 3.286335345030997, 'a3': 1.6770509831248424} logZ_new= 3.169385633966728 obs_new= 3.340669687904979e-29
params_max= {'a1': 0.2309401076758503, 'a2': 3.286335345030997, 'a3': 1.565247584249853} logZ_max= 3.165948863884643 obs_max= 8.829983017184482e-30
dist_min= tensor(5.1643) dist_max= tensor(2.6029)
params_min,params_max=params_min,params_new
evaluating model at params_new={'a1': 0.2309401076758503, 'a2': 3.286335345030997, 'a3': 1.7329526825623371}
params_min= {'a1': 0.2309401076758503, 'a2': 3.286335345030997, 'a3': 1.788854381999832} logZ_min= 3.1886204551269834 obs_min= 1.3653763700920944
params_new= {'a1': 0.2309401076758503, 'a2': 3.286335345030997, 'a3': 1.7329526825623371} logZ_new= 3.1803249108491594 obs_new= 5.253383002473961e-31
params_max= {'a1': 0.2309401076758503, 'a2': 3.286335345030997, 'a3': 1.6770509831248424} logZ_max= 3.169385633966728 obs_max= 3.340669687904979e-29
dist_min= tensor(2068.1389) dist_max= tensor(2069.0206)
params_min,params_max=params_new,params_max
evaluating model at params_new={'a1': 0.2309401076758503, 'a2': 3.286335345030997, 'a3': 1.7050018328435899}
params_min= {'a1': 0.2309401076758503, 'a2': 3.286335345030997, 'a3': 1.7329526825623371} logZ_min= 3.1803249108491594 obs_min= 5.253383002473961e-31
params_new= {'a1': 0.2309401076758503, 'a2': 3.286335345030997, 'a3': 1.7050018328435899} logZ_new= nan obs_new= 2.6215216973709486e-30
params_max= {'a1': 0.2309401076758503, 'a2': 3.286335345030997, 'a3': 1.6770509831248424} logZ_max= 3.169385633966728 obs_max= 3.340669687904979e-29
dist_min= tensor(2069.0520) dist_max= tensor(0.5406)
params_min,params_max=params_min,params_new
evaluating model at params_new={'a1': 0.2309401076758503, 'a2': 3.286335345030997, 'a3': 1.7189772577029636}
params_min= {'a1': 0.2309401076758503, 'a2': 3.286335345030997, 'a3': 1.7329526825623371} logZ_min= 3.1803249108491594 obs_min= 5.253383002473961e-31
params_new= {'a1': 0.2309401076758503, 'a2': 3.286335345030997, 'a3': 1.7189772577029636} logZ_new= 3.172613486926573 obs_new= 1.3010739527874383e-27
params_max= {'a1': 0.2309401076758503, 'a2': 3.286335345030997, 'a3': 1.7050018328435899} logZ_max= nan obs_max= 2.6215216973709486e-30
dist_min= tensor(2068.9188) dist_max= tensor(0.4317)
params_min,params_max=params_min,params_new
evaluating model at params_new={'a1': 0.2309401076758503, 'a2': 3.286335345030997, 'a3': 1.7259649701326505}
params_min= {'a1': 0.2309401076758503, 'a2': 3.286335345030997, 'a3': 1.7329526825623371} logZ_min= 3.1803249108491594 obs_min= 5.253383002473961e-31
params_new= {'a1': 0.2309401076758503, 'a2': 3.286335345030997, 'a3': 1.7259649701326505} logZ_new= 3.177729775057674 obs_new= -3.243464264346403e-31
params_max= {'a1': 0.2309401076758503, 'a2': 3.286335345030997, 'a3': 1.7189772577029636} logZ_max= 3.172613486926573 obs_max= 1.3010739527874383e-27
dist_min= tensor(2068.7923) dist_max= tensor(2.0599)
params_min,params_max=params_min,params_new
evaluating model at params_new={'a1': 0.2309401076758503, 'a2': 3.286335345030997, 'a3': 1.7294588263474937}
params_min= {'a1': 0.2309401076758503, 'a2': 3.286335345030997, 'a3': 1.7329526825623371} logZ_min= 3.1803249108491594 obs_min= 5.253383002473961e-31
params_new= {'a1': 0.2309401076758503, 'a2': 3.286335345030997, 'a3': 1.7294588263474937} logZ_new= 3.180222316363155 obs_new= -1.1922153065053163e-30
params_max= {'a1': 0.2309401076758503, 'a2': 3.286335345030997, 'a3': 1.7259649701326505} logZ_max= 3.177729775057674 obs_max= -3.243464264346403e-31
dist_min= tensor(2394.5968) dist_max= tensor(1212.1282)
params_min,params_max=params_min,params_new
evaluating model at params_new={'a1': 0.2309401076758503, 'a2': 3.286335345030997, 'a3': 1.7312057544549155}
params_min= {'a1': 0.2309401076758503, 'a2': 3.286335345030997, 'a3': 1.7329526825623371} logZ_min= 3.1803249108491594 obs_min= 5.253383002473961e-31
params_new= {'a1': 0.2309401076758503, 'a2': 3.286335345030997, 'a3': 1.7312057544549155} logZ_new= 3.1800885449622753 obs_new= 5.705225085735501e-31
params_max= {'a1': 0.2309401076758503, 'a2': 3.286335345030997, 'a3': 1.7294588263474937} logZ_max= 3.180222316363155 obs_max= -1.1922153065053163e-30
dist_min= tensor(2068.1768) dist_max= tensor(1212.1517)
params_min,params_max=params_min,params_new
evaluating model at params_new={'a1': 0.2309401076758503, 'a2': 3.286335345030997, 'a3': 1.7320792185086265}
params_min= {'a1': 0.2309401076758503, 'a2': 3.286335345030997, 'a3': 1.7329526825623371} logZ_min= 3.1803249108491594 obs_min= 5.253383002473961e-31
params_new= {'a1': 0.2309401076758503, 'a2': 3.286335345030997, 'a3': 1.7320792185086265} logZ_new= 3.1798043467764714 obs_new= 8.07200310143812e-31
params_max= {'a1': 0.2309401076758503, 'a2': 3.286335345030997, 'a3': 1.7312057544549155} logZ_max= 3.1800885449622753 obs_max= 5.705225085735501e-31
dist_min= tensor(2068.7522) dist_max= tensor(1.1513)
params_min,params_max=params_min,params_new
evaluating model at params_new={'a1': 0.2309401076758503, 'a2': 3.286335345030997, 'a3': 1.7325159505354817}
params_min= {'a1': 0.2309401076758503, 'a2': 3.286335345030997, 'a3': 1.7329526825623371} logZ_min= 3.1803249108491594 obs_min= 5.253383002473961e-31
params_new= {'a1': 0.2309401076758503, 'a2': 3.286335345030997, 'a3': 1.7325159505354817} logZ_new= 3.180322283194777 obs_new= 1.9595838224933172e-31
params_max= {'a1': 0.2309401076758503, 'a2': 3.286335345030997, 'a3': 1.7320792185086265} logZ_max= 3.1798043467764714 obs_max= 8.07200310143812e-31
dist_min= tensor(2074.6671) dist_max= tensor(172.6698)
params_min,params_max=params_min,params_new
evaluating model at params_new={'a1': 0.2309401076758503, 'a2': 3.286335345030997, 'a3': 1.7327343165489095}
params_min= {'a1': 0.2309401076758503, 'a2': 3.286335345030997, 'a3': 1.7329526825623371} logZ_min= 3.1803249108491594 obs_min= 5.253383002473961e-31
params_new= {'a1': 0.2309401076758503, 'a2': 3.286335345030997, 'a3': 1.7327343165489095} logZ_new= 3.1798257061198845 obs_new= 2.0519787205455144e-30
params_max= {'a1': 0.2309401076758503, 'a2': 3.286335345030997, 'a3': 1.7325159505354817} logZ_max= 3.180322283194777 obs_max= 1.9595838224933172e-31
dist_min= tensor(2068.8220) dist_max= tensor(172.6790)
params_min,params_max=params_min,params_new
evaluating model at params_new={'a1': 0.2309401076758503, 'a2': 3.286335345030997, 'a3': 1.7328434995556234}
params_min= {'a1': 0.2309401076758503, 'a2': 3.286335345030997, 'a3': 1.7329526825623371} logZ_min= 3.1803249108491594 obs_min= 5.253383002473961e-31
params_new= {'a1': 0.2309401076758503, 'a2': 3.286335345030997, 'a3': 1.7328434995556234} logZ_new= 3.1798289400040676 obs_new= 4.0210616000599445e-30
params_max= {'a1': 0.2309401076758503, 'a2': 3.286335345030997, 'a3': 1.7327343165489095} logZ_max= 3.1798257061198845 obs_max= 2.0519787205455144e-30
dist_min= tensor(2068.2821) dist_max= tensor(1.2611)
params_min,params_max=params_min,params_new
evaluating model at params_new={'a1': 0.2309401076758503, 'a2': 3.286335345030997, 'a3': 1.7328980910589804}
params_min= {'a1': 0.2309401076758503, 'a2': 3.286335345030997, 'a3': 1.7329526825623371} logZ_min= 3.1803249108491594 obs_min= 5.253383002473961e-31
params_new= {'a1': 0.2309401076758503, 'a2': 3.286335345030997, 'a3': 1.7328980910589804} logZ_new= 3.1803321163875737 obs_new= 2.3237861429749455e-29
params_max= {'a1': 0.2309401076758503, 'a2': 3.286335345030997, 'a3': 1.7328434995556234} logZ_max= 3.1798289400040676 obs_max= 4.0210616000599445e-30
dist_min= tensor(2068.7314) dist_max= tensor(10.4782)
params_min,params_max=params_min,params_new
evaluating model at params_new={'a1': 0.2309401076758503, 'a2': 3.286335345030997, 'a3': 1.7329253868106589}
params_min= {'a1': 0.2309401076758503, 'a2': 3.286335345030997, 'a3': 1.7329526825623371} logZ_min= 3.1803249108491594 obs_min= 5.253383002473961e-31
params_new= {'a1': 0.2309401076758503, 'a2': 3.286335345030997, 'a3': 1.7329253868106589} logZ_new= 3.1803332543843026 obs_new= 3.680107138283648e-29
params_max= {'a1': 0.2309401076758503, 'a2': 3.286335345030997, 'a3': 1.7328980910589804} logZ_max= 3.1803321163875737 obs_max= 2.3237861429749455e-29
dist_min= tensor(39506.9951) dist_max= tensor(39452.4786)
params_min,params_max=params_min,params_new
evaluating model at params_new={'a1': 0.2309401076758503, 'a2': 3.286335345030997, 'a3': 1.7329390346864981}
params_min= {'a1': 0.2309401076758503, 'a2': 3.286335345030997, 'a3': 1.7329526825623371} logZ_min= 3.1803249108491594 obs_min= 5.253383002473961e-31
params_new= {'a1': 0.2309401076758503, 'a2': 3.286335345030997, 'a3': 1.7329390346864981} logZ_new= 3.180153084817924 obs_new= 3.86105458400214e-29
params_max= {'a1': 0.2309401076758503, 'a2': 3.286335345030997, 'a3': 1.7329253868106589} logZ_max= 3.1803332543843026 obs_max= 3.680107138283648e-29
dist_min= tensor(2068.1758) dist_max= tensor(39452.5854)
params_min,params_max=params_new,params_max
evaluating model at params_new={'a1': 0.2309401076758503, 'a2': 3.286335345030997, 'a3': 1.7329322107485785}
params_min= {'a1': 0.2309401076758503, 'a2': 3.286335345030997, 'a3': 1.7329390346864981} logZ_min= 3.180153084817924 obs_min= 3.86105458400214e-29
params_new= {'a1': 0.2309401076758503, 'a2': 3.286335345030997, 'a3': 1.7329322107485785} logZ_new= 3.1798320466512515 obs_new= 4.3237423258111676e-29
params_max= {'a1': 0.2309401076758503, 'a2': 3.286335345030997, 'a3': 1.7329253868106589} logZ_max= 3.1803332543843026 obs_max= 3.680107138283648e-29
dist_min= tensor(0.5296) dist_max= tensor(39452.5866)
params_min,params_max=params_new,params_max
evaluating model at params_new={'a1': 0.2309401076758503, 'a2': 3.286335345030997, 'a3': 1.7329287987796187}
params_min= {'a1': 0.2309401076758503, 'a2': 3.286335345030997, 'a3': 1.7329322107485785} logZ_min= 3.1798320466512515 obs_min= 4.3237423258111676e-29
params_new= {'a1': 0.2309401076758503, 'a2': 3.286335345030997, 'a3': 1.7329287987796187} logZ_new= 3.1803354971265128 obs_new= 1.5270844279738616e-33
params_max= {'a1': 0.2309401076758503, 'a2': 3.286335345030997, 'a3': 1.7329253868106589} logZ_max= 3.1803332543843026 obs_max= 3.680107138283648e-29
dist_min= tensor(70.7482) dist_max= tensor(39452.6249)
params_min,params_max=params_new,params_max
evaluating model at params_new={'a1': 0.2309401076758503, 'a2': 3.286335345030997, 'a3': 1.7329270927951388}
params_min= {'a1': 0.2309401076758503, 'a2': 3.286335345030997, 'a3': 1.7329287987796187} logZ_min= 3.1803354971265128 obs_min= 1.5270844279738616e-33
params_new= {'a1': 0.2309401076758503, 'a2': 3.286335345030997, 'a3': 1.7329270927951388} logZ_new= 3.1798316344452435 obs_new= 1.8219458970018463e-29
params_max= {'a1': 0.2309401076758503, 'a2': 3.286335345030997, 'a3': 1.7329253868106589} logZ_max= 3.1803332543843026 obs_max= 3.680107138283648e-29
dist_min= tensor(70.7791) dist_max= tensor(39452.5874)
params_min,params_max=params_new,params_max
evaluating model at params_new={'a1': 0.2309401076758503, 'a2': 3.286335345030997, 'a3': 1.7329262398028988}
params_min= {'a1': 0.2309401076758503, 'a2': 3.286335345030997, 'a3': 1.7329270927951388} logZ_min= 3.1798316344452435 obs_min= 1.8219458970018463e-29
params_new= {'a1': 0.2309401076758503, 'a2': 3.286335345030997, 'a3': 1.7329262398028988} logZ_new= 3.179831617860246 obs_new= 4.035670850789094e-29
params_max= {'a1': 0.2309401076758503, 'a2': 3.286335345030997, 'a3': 1.7329253868106589} logZ_max= 3.1803332543843026 obs_max= 3.680107138283648e-29
dist_min= tensor(0.0167) dist_max= tensor(39452.5874)
params_min,params_max=params_new,params_max
evaluating model at params_new={'a1': 0.2309401076758503, 'a2': 3.286335345030997, 'a3': 1.7329258133067789}
params_min= {'a1': 0.2309401076758503, 'a2': 3.286335345030997, 'a3': 1.7329262398028988} logZ_min= 3.179831617860246 obs_min= 4.035670850789094e-29
params_new= {'a1': 0.2309401076758503, 'a2': 3.286335345030997, 'a3': 1.7329258133067789} logZ_new= 3.180334684474513 obs_new= 7.25384909398053e-29
params_max= {'a1': 0.2309401076758503, 'a2': 3.286335345030997, 'a3': 1.7329253868106589} logZ_max= 3.1803332543843026 obs_max= 3.680107138283648e-29
dist_min= tensor(19.9733) dist_max= tensor(39451.9347)
params_min,params_max=params_new,params_max
evaluating model at params_new={'a1': 0.2309401076758503, 'a2': 3.286335345030997, 'a3': 1.732925600058719}
params_min= {'a1': 0.2309401076758503, 'a2': 3.286335345030997, 'a3': 1.7329258133067789} logZ_min= 3.180334684474513 obs_min= 7.25384909398053e-29
params_new= {'a1': 0.2309401076758503, 'a2': 3.286335345030997, 'a3': 1.732925600058719} logZ_new= 3.1798316364535113 obs_new= 1.8594792154326078e-29
params_max= {'a1': 0.2309401076758503, 'a2': 3.286335345030997, 'a3': 1.7329253868106589} logZ_max= 3.1803332543843026 obs_max= 3.680107138283648e-29
dist_min= tensor(19.6964) dist_max= tensor(39452.5860)
params_min,params_max=params_new,params_max
evaluating model at params_new={'a1': 0.2309401076758503, 'a2': 3.286335345030997, 'a3': 1.732925493434689}
params_min= {'a1': 0.2309401076758503, 'a2': 3.286335345030997, 'a3': 1.732925600058719} logZ_min= 3.1798316364535113 obs_min= 1.8594792154326078e-29
params_new= {'a1': 0.2309401076758503, 'a2': 3.286335345030997, 'a3': 1.732925493434689} logZ_new= 3.1798315902098677 obs_new= 2.6107385929535676e-30
params_max= {'a1': 0.2309401076758503, 'a2': 3.286335345030997, 'a3': 1.7329253868106589} logZ_max= 3.1803332543843026 obs_max= 3.680107138283648e-29
dist_min= tensor(0.8192) dist_max= tensor(39452.5874)
params_min,params_max=params_new,params_max
evaluating model at params_new={'a1': 0.2309401076758503, 'a2': 3.286335345030997, 'a3': 1.732925440122674}
params_min= {'a1': 0.2309401076758503, 'a2': 3.286335345030997, 'a3': 1.732925493434689} logZ_min= 3.1798315902098677 obs_min= 2.6107385929535676e-30
params_new= {'a1': 0.2309401076758503, 'a2': 3.286335345030997, 'a3': 1.732925440122674} logZ_new= 3.1803241272345444 obs_new= 2.570381190654858e-29
params_max= {'a1': 0.2309401076758503, 'a2': 3.286335345030997, 'a3': 1.7329253868106589} logZ_max= 3.1803332543843026 obs_max= 3.680107138283648e-29
dist_min= tensor(112.1415) dist_max= tensor(39452.9654)
params_min,params_max=params_new,params_max
evaluating model at params_new={'a1': 0.2309401076758503, 'a2': 3.286335345030997, 'a3': 1.7329254134666665}
params_min= {'a1': 0.2309401076758503, 'a2': 3.286335345030997, 'a3': 1.732925440122674} logZ_min= 3.1803241272345444 obs_min= 2.570381190654858e-29
params_new= {'a1': 0.2309401076758503, 'a2': 3.286335345030997, 'a3': 1.7329254134666665} logZ_new= 3.1803290733223375 obs_new= 1.9446958031709184e-29
params_max= {'a1': 0.2309401076758503, 'a2': 3.286335345030997, 'a3': 1.7329253868106589} logZ_max= 3.1803332543843026 obs_max= 3.680107138283648e-29
dist_min= tensor(164.4207) dist_max= tensor(39452.7138)
params_min,params_max=params_new,params_max
evaluating model at params_new={'a1': 0.2309401076758503, 'a2': 3.286335345030997, 'a3': 1.7329254001386627}
params_min= {'a1': 0.2309401076758503, 'a2': 3.286335345030997, 'a3': 1.7329254134666665} logZ_min= 3.1803290733223375 obs_min= 1.9446958031709184e-29
params_new= {'a1': 0.2309401076758503, 'a2': 3.286335345030997, 'a3': 1.7329254001386627} logZ_new= 3.1803349124578895 obs_new= 3.10329168634468e-29
params_max= {'a1': 0.2309401076758503, 'a2': 3.286335345030997, 'a3': 1.7329253868106589} logZ_max= 3.1803332543843026 obs_max= 3.680107138283648e-29
dist_min= tensor(7546.5528) dist_max= tensor(40170.2636)
params_min,params_max=params_new,params_max
evaluating model at params_new={'a1': 0.2309401076758503, 'a2': 3.286335345030997, 'a3': 1.7329253934746607}
params_min= {'a1': 0.2309401076758503, 'a2': 3.286335345030997, 'a3': 1.7329254001386627} logZ_min= 3.1803349124578895 obs_min= 3.10329168634468e-29
params_new= {'a1': 0.2309401076758503, 'a2': 3.286335345030997, 'a3': 1.7329253934746607} logZ_new= nan obs_new= 3.1945176686508065e-29
params_max= {'a1': 0.2309401076758503, 'a2': 3.286335345030997, 'a3': 1.7329253868106589} logZ_max= 3.1803332543843026 obs_max= 3.680107138283648e-29
dist_min= tensor(7561.2171) dist_max= tensor(39439.2747)
params_min,params_max=params_new,params_max
evaluating model at params_new={'a1': 0.2309401076758503, 'a2': 3.286335345030997, 'a3': 1.7329253901426598}
params_min= {'a1': 0.2309401076758503, 'a2': 3.286335345030997, 'a3': 1.7329253934746607} logZ_min= nan obs_min= 3.1945176686508065e-29
params_new= {'a1': 0.2309401076758503, 'a2': 3.286335345030997, 'a3': 1.7329253901426598} logZ_new= 3.179831584697857 obs_new= 5.772359564985894e-31
params_max= {'a1': 0.2309401076758503, 'a2': 3.286335345030997, 'a3': 1.7329253868106589} logZ_max= 3.1803332543843026 obs_max= 3.680107138283648e-29
dist_min= tensor(14.7347) dist_max= tensor(39452.5793)
params_min,params_max=params_new,params_max
evaluating model at params_new={'a1': 0.2309401076758503, 'a2': 3.286335345030997, 'a3': 1.7329253884766593}
params_min= {'a1': 0.2309401076758503, 'a2': 3.286335345030997, 'a3': 1.7329253901426598} logZ_min= 3.179831584697857 obs_min= 5.772359564985894e-31
params_new= {'a1': 0.2309401076758503, 'a2': 3.286335345030997, 'a3': 1.7329253884766593} logZ_new= 3.1802555722380523 obs_new= 2.4276459779260396e-29
params_max= {'a1': 0.2309401076758503, 'a2': 3.286335345030997, 'a3': 1.7329253868106589} logZ_max= 3.1803332543843026 obs_max= 3.680107138283648e-29
dist_min= tensor(1.7503) dist_max= tensor(39452.5914)
params_min,params_max=params_new,params_max
evaluating model at params_new={'a1': 0.2309401076758503, 'a2': 3.286335345030997, 'a3': 1.7329253876436592}
params_min= {'a1': 0.2309401076758503, 'a2': 3.286335345030997, 'a3': 1.7329253884766593} logZ_min= 3.1802555722380523 obs_min= 2.4276459779260396e-29
params_new= {'a1': 0.2309401076758503, 'a2': 3.286335345030997, 'a3': 1.7329253876436592} logZ_new= 3.180083121376499 obs_new= 3.428620949242569e-29
params_max= {'a1': 0.2309401076758503, 'a2': 3.286335345030997, 'a3': 1.7329253868106589} logZ_max= 3.1803332543843026 obs_max= 3.680107138283648e-29
dist_min= tensor(148.9831) dist_max= tensor(39452.8505)
params_min,params_max=params_new,params_max
evaluating model at params_new={'a1': 0.2309401076758503, 'a2': 3.286335345030997, 'a3': 1.732925387227159}
params_min= {'a1': 0.2309401076758503, 'a2': 3.286335345030997, 'a3': 1.7329253876436592} logZ_min= 3.180083121376499 obs_min= 3.428620949242569e-29
params_new= {'a1': 0.2309401076758503, 'a2': 3.286335345030997, 'a3': 1.732925387227159} logZ_new= 3.18006625097996 obs_new= 3.481665825940364e-30
params_max= {'a1': 0.2309401076758503, 'a2': 3.286335345030997, 'a3': 1.7329253868106589} logZ_max= 3.1803332543843026 obs_max= 3.680107138283648e-29
dist_min= tensor(148.4070) dist_max= tensor(39452.5866)
params_min,params_max=params_new,params_max
evaluating model at params_new={'a1': 0.2309401076758503, 'a2': 3.286335345030997, 'a3': 1.732925387018909}
params_min= {'a1': 0.2309401076758503, 'a2': 3.286335345030997, 'a3': 1.732925387227159} logZ_min= 3.18006625097996 obs_min= 3.481665825940364e-30
params_new= {'a1': 0.2309401076758503, 'a2': 3.286335345030997, 'a3': 1.732925387018909} logZ_new= nan obs_new= 5.531487226879282e-30
params_max= {'a1': 0.2309401076758503, 'a2': 3.286335345030997, 'a3': 1.7329253868106589} logZ_max= 3.1803332543843026 obs_max= 3.680107138283648e-29
dist_min= tensor(36.5318) dist_max= tensor(39452.6062)
params_min,params_max=params_new,params_max
evaluating model at params_new={'a1': 0.2309401076758503, 'a2': 3.286335345030997, 'a3': 1.732925386914784}
params_min= {'a1': 0.2309401076758503, 'a2': 3.286335345030997, 'a3': 1.732925387018909} logZ_min= nan obs_min= 5.531487226879282e-30
params_new= {'a1': 0.2309401076758503, 'a2': 3.286335345030997, 'a3': 1.732925386914784} logZ_new= 3.179831652841287 obs_new= 1.0069315664330652e-29
params_max= {'a1': 0.2309401076758503, 'a2': 3.286335345030997, 'a3': 1.7329253868106589} logZ_max= 3.1803332543843026 obs_max= 3.680107138283648e-29
dist_min= tensor(36.8654) dist_max= tensor(39452.5911)
params_min,params_max=params_new,params_max
evaluating model at params_new={'a1': 0.2309401076758503, 'a2': 3.286335345030997, 'a3': 1.7329253868627215}
params_min= {'a1': 0.2309401076758503, 'a2': 3.286335345030997, 'a3': 1.732925386914784} logZ_min= 3.179831652841287 obs_min= 1.0069315664330652e-29
params_new= {'a1': 0.2309401076758503, 'a2': 3.286335345030997, 'a3': 1.7329253868627215} logZ_new= nan obs_new= 4.817255911010962e-30
params_max= {'a1': 0.2309401076758503, 'a2': 3.286335345030997, 'a3': 1.7329253868106589} logZ_max= 3.1803332543843026 obs_max= 3.680107138283648e-29
dist_min= tensor(10.9852) dist_max= tensor(39452.5915)
params_min,params_max=params_new,params_max
evaluating model at params_new={'a1': 0.2309401076758503, 'a2': 3.286335345030997, 'a3': 1.73292538683669}
params_min= {'a1': 0.2309401076758503, 'a2': 3.286335345030997, 'a3': 1.7329253868627215} logZ_min= nan obs_min= 4.817255911010962e-30
params_new= {'a1': 0.2309401076758503, 'a2': 3.286335345030997, 'a3': 1.73292538683669} logZ_new= 3.180343971550622 obs_new= 1.4232491620346204e-29
params_max= {'a1': 0.2309401076758503, 'a2': 3.286335345030997, 'a3': 1.7329253868106589} logZ_max= 3.1803332543843026 obs_max= 3.680107138283648e-29
dist_min= tensor(20.0799) dist_max= tensor(39449.2504)
params_min,params_max=params_new,params_max
evaluating model at params_new={'a1': 0.2309401076758503, 'a2': 3.286335345030997, 'a3': 1.7329253868236745}
params_min= {'a1': 0.2309401076758503, 'a2': 3.286335345030997, 'a3': 1.73292538683669} logZ_min= 3.180343971550622 obs_min= 1.4232491620346204e-29
params_new= {'a1': 0.2309401076758503, 'a2': 3.286335345030997, 'a3': 1.7329253868236745} logZ_new= 3.180258787809258 obs_new= 1.2111468480670337e-29
params_max= {'a1': 0.2309401076758503, 'a2': 3.286335345030997, 'a3': 1.7329253868106589} logZ_max= 3.1803332543843026 obs_max= 3.680107138283648e-29
dist_min= tensor(16.7870) dist_max= tensor(39452.5913)
params_min,params_max=params_new,params_max
evaluating model at params_new={'a1': 0.2309401076758503, 'a2': 3.286335345030997, 'a3': 1.7329253868171666}
params_min= {'a1': 0.2309401076758503, 'a2': 3.286335345030997, 'a3': 1.7329253868236745} logZ_min= 3.180258787809258 obs_min= 1.2111468480670337e-29
params_new= {'a1': 0.2309401076758503, 'a2': 3.286335345030997, 'a3': 1.7329253868171666} logZ_new= nan obs_new= 6.956162373463369e-29
params_max= {'a1': 0.2309401076758503, 'a2': 3.286335345030997, 'a3': 1.7329253868106589} logZ_max= 3.1803332543843026 obs_max= 3.680107138283648e-29
dist_min= tensor(66.3551) dist_max= tensor(39423.0877)
params_min,params_max=params_new,params_max
evaluating model at params_new={'a1': 0.2309401076758503, 'a2': 3.286335345030997, 'a3': 1.7329253868139127}
params_min= {'a1': 0.2309401076758503, 'a2': 3.286335345030997, 'a3': 1.7329253868171666} logZ_min= nan obs_min= 6.956162373463369e-29
params_new= {'a1': 0.2309401076758503, 'a2': 3.286335345030997, 'a3': 1.7329253868139127} logZ_new= nan obs_new= 1.5207186804410788e-29
params_max= {'a1': 0.2309401076758503, 'a2': 3.286335345030997, 'a3': 1.7329253868106589} logZ_max= 3.1803332543843026 obs_max= 3.680107138283648e-29
dist_min= tensor(2345.6019) dist_max= tensor(39522.3120)
params_min,params_max=params_new,params_max
evaluating model at params_new={'a1': 0.2309401076758503, 'a2': 3.286335345030997, 'a3': 1.7329253868122858}
params_min= {'a1': 0.2309401076758503, 'a2': 3.286335345030997, 'a3': 1.7329253868139127} logZ_min= nan obs_min= 1.5207186804410788e-29
params_new= {'a1': 0.2309401076758503, 'a2': 3.286335345030997, 'a3': 1.7329253868122858} logZ_new= 3.1803603029677925 obs_new= 4.613745719983406e-30
params_max= {'a1': 0.2309401076758503, 'a2': 3.286335345030997, 'a3': 1.7329253868106589} logZ_max= 3.1803332543843026 obs_max= 3.680107138283648e-29
dist_min= tensor(2346.5161) dist_max= tensor(39452.5914)
params_min,params_max=params_new,params_max
evaluating model at params_new={'a1': 0.2309401076758503, 'a2': 3.286335345030997, 'a3': 1.7329253868114725}
params_min= {'a1': 0.2309401076758503, 'a2': 3.286335345030997, 'a3': 1.7329253868122858} logZ_min= 3.1803603029677925 obs_min= 4.613745719983406e-30
params_new= {'a1': 0.2309401076758503, 'a2': 3.286335345030997, 'a3': 1.7329253868114725} logZ_new= 3.1801004692638855 obs_new= 2.5293785686947884e-29
params_max= {'a1': 0.2309401076758503, 'a2': 3.286335345030997, 'a3': 1.7329253868106589} logZ_max= 3.1803332543843026 obs_max= 3.680107138283648e-29
dist_min= tensor(1.6461) dist_max= tensor(39452.5828)
params_min,params_max=params_new,params_max
evaluating model at params_new={'a1': 0.2309401076758503, 'a2': 3.286335345030997, 'a3': 1.7329253868110657}
params_min= {'a1': 0.2309401076758503, 'a2': 3.286335345030997, 'a3': 1.7329253868114725} logZ_min= 3.1801004692638855 obs_min= 2.5293785686947884e-29
params_new= {'a1': 0.2309401076758503, 'a2': 3.286335345030997, 'a3': 1.7329253868110657} logZ_new= 3.1803353957289864 obs_new= 2.6483798778664282e-30
params_max= {'a1': 0.2309401076758503, 'a2': 3.286335345030997, 'a3': 1.7329253868106589} logZ_max= 3.1803332543843026 obs_max= 3.680107138283648e-29
dist_min= tensor(254.3203) dist_max= tensor(39452.0291)
params_min,params_max=params_new,params_max
evaluating model at params_new={'a1': 0.2309401076758503, 'a2': 3.286335345030997, 'a3': 1.7329253868108623}
params_min= {'a1': 0.2309401076758503, 'a2': 3.286335345030997, 'a3': 1.7329253868110657} logZ_min= 3.1803353957289864 obs_min= 2.6483798778664282e-30
params_new= {'a1': 0.2309401076758503, 'a2': 3.286335345030997, 'a3': 1.7329253868108623} logZ_new= 3.1803434139770412 obs_new= 3.963089222202047e-31
params_max= {'a1': 0.2309401076758503, 'a2': 3.286335345030997, 'a3': 1.7329253868106589} logZ_max= 3.1803332543843026 obs_max= 3.680107138283648e-29
dist_min= tensor(245.4785) dist_max= tensor(39452.4722)
params_min,params_max=params_new,params_max
evaluating model at params_new={'a1': 0.2309401076758503, 'a2': 3.286335345030997, 'a3': 1.7329253868107606}
params_min= {'a1': 0.2309401076758503, 'a2': 3.286335345030997, 'a3': 1.7329253868108623} logZ_min= 3.1803434139770412 obs_min= 3.963089222202047e-31
params_new= {'a1': 0.2309401076758503, 'a2': 3.286335345030997, 'a3': 1.7329253868107606} logZ_new= 3.1801034838809676 obs_new= 7.4371576115046295e-31
params_max= {'a1': 0.2309401076758503, 'a2': 3.286335345030997, 'a3': 1.7329253868106589} logZ_max= 3.1803332543843026 obs_max= 3.680107138283648e-29
dist_min= tensor(36.3552) dist_max= tensor(39452.5720)
params_min,params_max=params_new,params_max
evaluating model at params_new={'a1': 0.2309401076758503, 'a2': 3.286335345030997, 'a3': 1.7329253868107097}
params_min= {'a1': 0.2309401076758503, 'a2': 3.286335345030997, 'a3': 1.7329253868107606} logZ_min= 3.1801034838809676 obs_min= 7.4371576115046295e-31
params_new= {'a1': 0.2309401076758503, 'a2': 3.286335345030997, 'a3': 1.7329253868107097} logZ_new= 3.179838487009597 obs_new= 4.5656223736028785e-31
params_max= {'a1': 0.2309401076758503, 'a2': 3.286335345030997, 'a3': 1.7329253868106589} logZ_max= 3.1803332543843026 obs_max= 3.680107138283648e-29
dist_min= tensor(1.8004) dist_max= tensor(39452.5914)
params_min,params_max=params_new,params_max
evaluating model at params_new={'a1': 0.2309401076758503, 'a2': 3.286335345030997, 'a3': 1.7329253868106842}
params_min= {'a1': 0.2309401076758503, 'a2': 3.286335345030997, 'a3': 1.7329253868107097} logZ_min= 3.179838487009597 obs_min= 4.5656223736028785e-31
params_new= {'a1': 0.2309401076758503, 'a2': 3.286335345030997, 'a3': 1.7329253868106842} logZ_new= 3.1803336806151368 obs_new= 3.62667561047353e-30
params_max= {'a1': 0.2309401076758503, 'a2': 3.286335345030997, 'a3': 1.7329253868106589} logZ_max= 3.1803332543843026 obs_max= 3.680107138283648e-29
dist_min= tensor(867.8449) dist_max= tensor(39462.0326)
params_min,params_max=params_new,params_max
evaluating model at params_new={'a1': 0.2309401076758503, 'a2': 3.286335345030997, 'a3': 1.7329253868106715}
params_min= {'a1': 0.2309401076758503, 'a2': 3.286335345030997, 'a3': 1.7329253868106842} logZ_min= 3.1803336806151368 obs_min= 3.62667561047353e-30
params_new= {'a1': 0.2309401076758503, 'a2': 3.286335345030997, 'a3': 1.7329253868106715} logZ_new= 3.1803333184993736 obs_new= 1.2091692091637193e-28
params_max= {'a1': 0.2309401076758503, 'a2': 3.286335345030997, 'a3': 1.7329253868106589} logZ_max= 3.1803332543843026 obs_max= 3.680107138283648e-29
dist_min= tensor(766.2083) dist_max= tensor(39453.3010)
params_min,params_max=params_new,params_max
evaluating model at params_new={'a1': 0.2309401076758503, 'a2': 3.286335345030997, 'a3': 1.732925386810665}
params_min= {'a1': 0.2309401076758503, 'a2': 3.286335345030997, 'a3': 1.7329253868106715} logZ_min= 3.1803333184993736 obs_min= 1.2091692091637193e-28
params_new= {'a1': 0.2309401076758503, 'a2': 3.286335345030997, 'a3': 1.732925386810665} logZ_new= 3.179831671677041 obs_new= 1.3449048996677826e-30
params_max= {'a1': 0.2309401076758503, 'a2': 3.286335345030997, 'a3': 1.7329253868106589} logZ_max= 3.1803332543843026 obs_max= 3.680107138283648e-29
dist_min= tensor(249.3703) dist_max= tensor(39452.5872)
params_min,params_max=params_new,params_max
evaluating model at params_new={'a1': 0.2309401076758503, 'a2': 3.286335345030997, 'a3': 1.732925386810662}
params_min= {'a1': 0.2309401076758503, 'a2': 3.286335345030997, 'a3': 1.732925386810665} logZ_min= 3.179831671677041 obs_min= 1.3449048996677826e-30
params_new= {'a1': 0.2309401076758503, 'a2': 3.286335345030997, 'a3': 1.732925386810662} logZ_new= nan obs_new= 2.1539935522416944e-29
params_max= {'a1': 0.2309401076758503, 'a2': 3.286335345030997, 'a3': 1.7329253868106589} logZ_max= 3.1803332543843026 obs_max= 3.680107138283648e-29
dist_min= tensor(15.8308) dist_max= tensor(39452.1072)
params_min,params_max=params_new,params_max
evaluating model at params_new={'a1': 0.2309401076758503, 'a2': 3.286335345030997, 'a3': 1.7329253868106604}
params_min= {'a1': 0.2309401076758503, 'a2': 3.286335345030997, 'a3': 1.732925386810662} logZ_min= nan obs_min= 2.1539935522416944e-29
params_new= {'a1': 0.2309401076758503, 'a2': 3.286335345030997, 'a3': 1.7329253868106604} logZ_new= 3.1803614006401792 obs_new= 1.871180124440732e-29
params_max= {'a1': 0.2309401076758503, 'a2': 3.286335345030997, 'a3': 1.7329253868106589} logZ_max= 3.1803332543843026 obs_max= 3.680107138283648e-29
dist_min= tensor(15.7389) dist_max= tensor(39452.5861)
params_min,params_max=params_new,params_max
evaluating model at params_new={'a1': 0.2309401076758503, 'a2': 3.286335345030997, 'a3': 1.7329253868106598}
params_min= {'a1': 0.2309401076758503, 'a2': 3.286335345030997, 'a3': 1.7329253868106604} logZ_min= 3.1803614006401792 obs_min= 1.871180124440732e-29
params_new= {'a1': 0.2309401076758503, 'a2': 3.286335345030997, 'a3': 1.7329253868106598} logZ_new= 3.1801313761074197 obs_new= 5.516399134453956e-31
params_max= {'a1': 0.2309401076758503, 'a2': 3.286335345030997, 'a3': 1.7329253868106589} logZ_max= 3.1803332543843026 obs_max= 3.680107138283648e-29
dist_min= tensor(0.3284) dist_max= tensor(39452.5829)
params_min,params_max=params_new,params_max
evaluating model at params_new={'a1': 0.2309401076758503, 'a2': 3.286335345030997, 'a3': 1.7329253868106593}
params_min= {'a1': 0.2309401076758503, 'a2': 3.286335345030997, 'a3': 1.7329253868106598} logZ_min= 3.1801313761074197 obs_min= 5.516399134453956e-31
params_new= {'a1': 0.2309401076758503, 'a2': 3.286335345030997, 'a3': 1.7329253868106593} logZ_new= nan obs_new= 2.4140342860432824e-29
params_max= {'a1': 0.2309401076758503, 'a2': 3.286335345030997, 'a3': 1.7329253868106589} logZ_max= 3.1803332543843026 obs_max= 3.680107138283648e-29
dist_min= tensor(2.3972) dist_max= tensor(39452.5869)
params_min,params_max=params_new,params_max
evaluating model at params_new={'a1': 0.2309401076758503, 'a2': 3.286335345030997, 'a3': 1.732925386810659}
params_min= {'a1': 0.2309401076758503, 'a2': 3.286335345030997, 'a3': 1.7329253868106593} logZ_min= nan obs_min= 2.4140342860432824e-29
params_new= {'a1': 0.2309401076758503, 'a2': 3.286335345030997, 'a3': 1.732925386810659} logZ_new= nan obs_new= 6.159936922688189e-30
params_max= {'a1': 0.2309401076758503, 'a2': 3.286335345030997, 'a3': 1.7329253868106589} logZ_max= 3.1803332543843026 obs_max= 3.680107138283648e-29
dist_min= tensor(59.5107) dist_max= tensor(39452.5476)
params_min,params_max=params_new,params_max
critical params found:  {'a1': 0.2309401076758503, 'a2': 3.286335345030997, 'a3': 1.7329253868106589}
reference params:  {'a1': 1.1547005383792515, 'a2': 1.8257418583505538, 'a3': 4.47213595499958}
file saved to  data/AKLT3D_X10_scan_grid_critical_a3/a1_0.2309401_a2_3.2863353/Tc.json
