Start running find_critical_temp.py with options:{'filename': 'data/AKLT3D_X10_scan_grid_critical_a3/a1_0.6928203_a2_1.8257419/Tc.json', 'log_filename': 'data/AKLT3D_X10_scan_grid_critical_a3/a1_0.6928203_a2_1.8257419/Tc.log', 'nLayers': 60, 'max_dim': 10, 'model': 'AKLT3D', 'params_min': "{'a1': 0.6928203230275509, 'a2': 1.8257418583505536, 'a3': 2.683281572999748}", 'params_max': "{'a1': 0.6928203230275509, 'a2': 1.8257418583505536, 'a3': 3.577708763999664}", 'params_ref': None, 'observable_name': 'magnetizationZ', 'tol': 0.0, 'gilt_enabled': False, 'gilt_eps': 8e-07, 'gilt_nIter': 1, 'mcf_enabled': True, 'mcf_eps': 1e-16, 'mcf_max_iter': 200, 'hotrg_sanity_check': False, 'version': 1, 'device': 'cuda:1'}
loading library...
evaluating model at params_min={'a1': 0.6928203230275509, 'a2': 1.8257418583505536, 'a3': 2.683281572999748}
params_min= {'a1': 0.6928203230275509, 'a2': 1.8257418583505536, 'a3': 2.683281572999748} logZ_min= nan obs_min= 3.325256638282311e-33
evaluating model at params_max={'a1': 0.6928203230275509, 'a2': 1.8257418583505536, 'a3': 3.577708763999664}
params_max= {'a1': 0.6928203230275509, 'a2': 1.8257418583505536, 'a3': 3.577708763999664} logZ_max= nan obs_max= 4.757049938614941
searching for critical temperature using bisection method
evaluating model at params_new={'a1': 0.6928203230275509, 'a2': 1.8257418583505536, 'a3': 3.130495168499706}
params_min= {'a1': 0.6928203230275509, 'a2': 1.8257418583505536, 'a3': 2.683281572999748} logZ_min= nan obs_min= 3.325256638282311e-33
params_new= {'a1': 0.6928203230275509, 'a2': 1.8257418583505536, 'a3': 3.130495168499706} logZ_new= 2.7076858217308386 obs_new= 1.0804166712366834
params_max= {'a1': 0.6928203230275509, 'a2': 1.8257418583505536, 'a3': 3.577708763999664} logZ_max= nan obs_max= 4.757049938614941
dist_min= tensor(61.7933) dist_max= tensor(242.6884)
params_min,params_max=params_new,params_max
evaluating model at params_new={'a1': 0.6928203230275509, 'a2': 1.8257418583505536, 'a3': 3.3541019662496847}
params_min= {'a1': 0.6928203230275509, 'a2': 1.8257418583505536, 'a3': 3.130495168499706} logZ_min= 2.7076858217308386 obs_min= 1.0804166712366834
params_new= {'a1': 0.6928203230275509, 'a2': 1.8257418583505536, 'a3': 3.3541019662496847} logZ_new= 2.729591897458494 obs_new= 2.844252624046947
params_max= {'a1': 0.6928203230275509, 'a2': 1.8257418583505536, 'a3': 3.577708763999664} logZ_max= nan obs_max= 4.757049938614941
dist_min= tensor(61.3817) dist_max= tensor(233.7815)
params_min,params_max=params_new,params_max
evaluating model at params_new={'a1': 0.6928203230275509, 'a2': 1.8257418583505536, 'a3': 3.4659053651246743}
params_min= {'a1': 0.6928203230275509, 'a2': 1.8257418583505536, 'a3': 3.3541019662496847} logZ_min= 2.729591897458494 obs_min= 2.844252624046947
params_new= {'a1': 0.6928203230275509, 'a2': 1.8257418583505536, 'a3': 3.4659053651246743} logZ_new= nan obs_new= 3.893493446786008
params_max= {'a1': 0.6928203230275509, 'a2': 1.8257418583505536, 'a3': 3.577708763999664} logZ_max= nan obs_max= 4.757049938614941
dist_min= tensor(97.8553) dist_max= tensor(255.2416)
params_min,params_max=params_new,params_max
evaluating model at params_new={'a1': 0.6928203230275509, 'a2': 1.8257418583505536, 'a3': 3.521807064562169}
params_min= {'a1': 0.6928203230275509, 'a2': 1.8257418583505536, 'a3': 3.4659053651246743} logZ_min= nan obs_min= 3.893493446786008
params_new= {'a1': 0.6928203230275509, 'a2': 1.8257418583505536, 'a3': 3.521807064562169} logZ_new= 2.7636265217162435 obs_new= 4.340372301104825
params_max= {'a1': 0.6928203230275509, 'a2': 1.8257418583505536, 'a3': 3.577708763999664} logZ_max= nan obs_max= 4.757049938614941
dist_min= tensor(97.9876) dist_max= tensor(235.5942)
params_min,params_max=params_new,params_max
evaluating model at params_new={'a1': 0.6928203230275509, 'a2': 1.8257418583505536, 'a3': 3.5497579142809164}
params_min= {'a1': 0.6928203230275509, 'a2': 1.8257418583505536, 'a3': 3.521807064562169} logZ_min= 2.7636265217162435 obs_min= 4.340372301104825
params_new= {'a1': 0.6928203230275509, 'a2': 1.8257418583505536, 'a3': 3.5497579142809164} logZ_new= nan obs_new= 4.565879579327542
params_max= {'a1': 0.6928203230275509, 'a2': 1.8257418583505536, 'a3': 3.577708763999664} logZ_max= nan obs_max= 4.757049938614941
dist_min= tensor(10.9992) dist_max= tensor(235.4902)
params_min,params_max=params_new,params_max
evaluating model at params_new={'a1': 0.6928203230275509, 'a2': 1.8257418583505536, 'a3': 3.56373333914029}
params_min= {'a1': 0.6928203230275509, 'a2': 1.8257418583505536, 'a3': 3.5497579142809164} logZ_min= nan obs_min= 4.565879579327542
params_new= {'a1': 0.6928203230275509, 'a2': 1.8257418583505536, 'a3': 3.56373333914029} logZ_new= nan obs_new= 4.652927306166981
params_max= {'a1': 0.6928203230275509, 'a2': 1.8257418583505536, 'a3': 3.577708763999664} logZ_max= nan obs_max= 4.757049938614941
dist_min= tensor(2726.5364) dist_max= tensor(2746.3381)
params_min,params_max=params_new,params_max
evaluating model at params_new={'a1': 0.6928203230275509, 'a2': 1.8257418583505536, 'a3': 3.570721051569977}
params_min= {'a1': 0.6928203230275509, 'a2': 1.8257418583505536, 'a3': 3.56373333914029} logZ_min= nan obs_min= 4.652927306166981
params_new= {'a1': 0.6928203230275509, 'a2': 1.8257418583505536, 'a3': 3.570721051569977} logZ_new= 2.774557994885172 obs_new= 4.714622090633005
params_max= {'a1': 0.6928203230275509, 'a2': 1.8257418583505536, 'a3': 3.577708763999664} logZ_max= nan obs_max= 4.757049938614941
dist_min= tensor(2775.1339) dist_max= tensor(513.7011)
params_min,params_max=params_min,params_new
evaluating model at params_new={'a1': 0.6928203230275509, 'a2': 1.8257418583505536, 'a3': 3.5672271953551338}
params_min= {'a1': 0.6928203230275509, 'a2': 1.8257418583505536, 'a3': 3.56373333914029} logZ_min= nan obs_min= 4.652927306166981
params_new= {'a1': 0.6928203230275509, 'a2': 1.8257418583505536, 'a3': 3.5672271953551338} logZ_new= 2.7739306468559124 obs_new= 4.6721252755161276
params_max= {'a1': 0.6928203230275509, 'a2': 1.8257418583505536, 'a3': 3.570721051569977} logZ_max= 2.774557994885172 obs_max= 4.714622090633005
dist_min= tensor(2737.9081) dist_max= tensor(456.5999)
params_min,params_max=params_min,params_new
evaluating model at params_new={'a1': 0.6928203230275509, 'a2': 1.8257418583505536, 'a3': 3.565480267247712}
params_min= {'a1': 0.6928203230275509, 'a2': 1.8257418583505536, 'a3': 3.56373333914029} logZ_min= nan obs_min= 4.652927306166981
params_new= {'a1': 0.6928203230275509, 'a2': 1.8257418583505536, 'a3': 3.565480267247712} logZ_new= 2.7734999325806213 obs_new= 4.6625694200196115
params_max= {'a1': 0.6928203230275509, 'a2': 1.8257418583505536, 'a3': 3.5672271953551338} logZ_max= 2.7739306468559124 obs_max= 4.6721252755161276
dist_min= tensor(2737.3760) dist_max= tensor(3.3079)
params_min,params_max=params_min,params_new
evaluating model at params_new={'a1': 0.6928203230275509, 'a2': 1.8257418583505536, 'a3': 3.564606803194001}
params_min= {'a1': 0.6928203230275509, 'a2': 1.8257418583505536, 'a3': 3.56373333914029} logZ_min= nan obs_min= 4.652927306166981
params_new= {'a1': 0.6928203230275509, 'a2': 1.8257418583505536, 'a3': 3.564606803194001} logZ_new= 2.773272863695341 obs_new= 4.656009026030825
params_max= {'a1': 0.6928203230275509, 'a2': 1.8257418583505536, 'a3': 3.565480267247712} logZ_max= 2.7734999325806213 obs_max= 4.6625694200196115
dist_min= tensor(2737.3788) dist_max= tensor(0.3128)
params_min,params_max=params_min,params_new
evaluating model at params_new={'a1': 0.6928203230275509, 'a2': 1.8257418583505536, 'a3': 3.564170071167146}
params_min= {'a1': 0.6928203230275509, 'a2': 1.8257418583505536, 'a3': 3.56373333914029} logZ_min= nan obs_min= 4.652927306166981
params_new= {'a1': 0.6928203230275509, 'a2': 1.8257418583505536, 'a3': 3.564170071167146} logZ_new= 2.7731307119528683 obs_new= 4.653464384335084
params_max= {'a1': 0.6928203230275509, 'a2': 1.8257418583505536, 'a3': 3.564606803194001} logZ_max= 2.773272863695341 obs_max= 4.656009026030825
dist_min= tensor(3056.3188) dist_max= tensor(1363.7206)
params_min,params_max=params_min,params_new
evaluating model at params_new={'a1': 0.6928203230275509, 'a2': 1.8257418583505536, 'a3': 3.563951705153718}
params_min= {'a1': 0.6928203230275509, 'a2': 1.8257418583505536, 'a3': 3.56373333914029} logZ_min= nan obs_min= 4.652927306166981
params_new= {'a1': 0.6928203230275509, 'a2': 1.8257418583505536, 'a3': 3.563951705153718} logZ_new= nan obs_new= 4.653871193937481
params_max= {'a1': 0.6928203230275509, 'a2': 1.8257418583505536, 'a3': 3.564170071167146} logZ_max= 2.7731307119528683 obs_max= 4.653464384335084
dist_min= tensor(2739.4774) dist_max= tensor(1369.3090)
params_min,params_max=params_min,params_new
evaluating model at params_new={'a1': 0.6928203230275509, 'a2': 1.8257418583505536, 'a3': 3.563842522147004}
params_min= {'a1': 0.6928203230275509, 'a2': 1.8257418583505536, 'a3': 3.56373333914029} logZ_min= nan obs_min= 4.652927306166981
params_new= {'a1': 0.6928203230275509, 'a2': 1.8257418583505536, 'a3': 3.563842522147004} logZ_new= 2.773058557675175 obs_new= 4.652897066128075
params_max= {'a1': 0.6928203230275509, 'a2': 1.8257418583505536, 'a3': 3.563951705153718} logZ_max= nan obs_max= 4.653871193937481
dist_min= tensor(2737.3797) dist_max= tensor(116.1993)
params_min,params_max=params_min,params_new
evaluating model at params_new={'a1': 0.6928203230275509, 'a2': 1.8257418583505536, 'a3': 3.563787930643647}
params_min= {'a1': 0.6928203230275509, 'a2': 1.8257418583505536, 'a3': 3.56373333914029} logZ_min= nan obs_min= 4.652927306166981
params_new= {'a1': 0.6928203230275509, 'a2': 1.8257418583505536, 'a3': 3.563787930643647} logZ_new= nan obs_new= 4.651830232375691
params_max= {'a1': 0.6928203230275509, 'a2': 1.8257418583505536, 'a3': 3.563842522147004} logZ_max= 2.773058557675175 obs_max= 4.652897066128075
dist_min= tensor(2737.3831) dist_max= tensor(20.2582)
params_min,params_max=params_min,params_new
evaluating model at params_new={'a1': 0.6928203230275509, 'a2': 1.8257418583505536, 'a3': 3.5637606348919686}
params_min= {'a1': 0.6928203230275509, 'a2': 1.8257418583505536, 'a3': 3.56373333914029} logZ_min= nan obs_min= 4.652927306166981
params_new= {'a1': 0.6928203230275509, 'a2': 1.8257418583505536, 'a3': 3.5637606348919686} logZ_new= 2.772987929725865 obs_new= 4.650511051378546
params_max= {'a1': 0.6928203230275509, 'a2': 1.8257418583505536, 'a3': 3.563787930643647} logZ_max= nan obs_max= 4.651830232375691
dist_min= tensor(2737.9587) dist_max= tensor(22.0033)
params_min,params_max=params_min,params_new
evaluating model at params_new={'a1': 0.6928203230275509, 'a2': 1.8257418583505536, 'a3': 3.5637469870161294}
params_min= {'a1': 0.6928203230275509, 'a2': 1.8257418583505536, 'a3': 3.56373333914029} logZ_min= nan obs_min= 4.652927306166981
params_new= {'a1': 0.6928203230275509, 'a2': 1.8257418583505536, 'a3': 3.5637469870161294} logZ_new= 2.7729878598890245 obs_new= 4.65113703102456
params_max= {'a1': 0.6928203230275509, 'a2': 1.8257418583505536, 'a3': 3.5637606348919686} logZ_max= 2.772987929725865 obs_max= 4.650511051378546
dist_min= tensor(2772.1748) dist_max= tensor(434.3272)
params_min,params_max=params_min,params_new
evaluating model at params_new={'a1': 0.6928203230275509, 'a2': 1.8257418583505536, 'a3': 3.5637401630782097}
params_min= {'a1': 0.6928203230275509, 'a2': 1.8257418583505536, 'a3': 3.56373333914029} logZ_min= nan obs_min= 4.652927306166981
params_new= {'a1': 0.6928203230275509, 'a2': 1.8257418583505536, 'a3': 3.5637401630782097} logZ_new= nan obs_new= 4.6516696150551455
params_max= {'a1': 0.6928203230275509, 'a2': 1.8257418583505536, 'a3': 3.5637469870161294} logZ_max= 2.7729878598890245 obs_max= 4.65113703102456
dist_min= tensor(2737.6511) dist_max= tensor(434.3609)
params_min,params_max=params_min,params_new
evaluating model at params_new={'a1': 0.6928203230275509, 'a2': 1.8257418583505536, 'a3': 3.56373675110925}
params_min= {'a1': 0.6928203230275509, 'a2': 1.8257418583505536, 'a3': 3.56373333914029} logZ_min= nan obs_min= 4.652927306166981
params_new= {'a1': 0.6928203230275509, 'a2': 1.8257418583505536, 'a3': 3.56373675110925} logZ_new= 2.773055398294454 obs_new= 4.651968201856962
params_max= {'a1': 0.6928203230275509, 'a2': 1.8257418583505536, 'a3': 3.5637401630782097} logZ_max= nan obs_max= 4.6516696150551455
dist_min= tensor(2737.9946) dist_max= tensor(0.3491)
params_min,params_max=params_min,params_new
evaluating model at params_new={'a1': 0.6928203230275509, 'a2': 1.8257418583505536, 'a3': 3.56373504512477}
params_min= {'a1': 0.6928203230275509, 'a2': 1.8257418583505536, 'a3': 3.56373333914029} logZ_min= nan obs_min= 4.652927306166981
params_new= {'a1': 0.6928203230275509, 'a2': 1.8257418583505536, 'a3': 3.56373504512477} logZ_new= nan obs_new= 4.649984129565422
params_max= {'a1': 0.6928203230275509, 'a2': 1.8257418583505536, 'a3': 3.56373675110925} logZ_max= 2.773055398294454 obs_max= 4.651968201856962
dist_min= tensor(607.8702) dist_max= tensor(2900.2790)
params_min,params_max=params_new,params_max
evaluating model at params_new={'a1': 0.6928203230275509, 'a2': 1.8257418583505536, 'a3': 3.56373589811701}
params_min= {'a1': 0.6928203230275509, 'a2': 1.8257418583505536, 'a3': 3.56373504512477} logZ_min= nan obs_min= 4.649984129565422
params_new= {'a1': 0.6928203230275509, 'a2': 1.8257418583505536, 'a3': 3.56373589811701} logZ_new= 2.773017752641004 obs_new= 4.651179626628794
params_max= {'a1': 0.6928203230275509, 'a2': 1.8257418583505536, 'a3': 3.56373675110925} logZ_max= 2.773055398294454 obs_max= 4.651968201856962
dist_min= tensor(2900.5688) dist_max= tensor(45.9394)
params_min,params_max=params_min,params_new
evaluating model at params_new={'a1': 0.6928203230275509, 'a2': 1.8257418583505536, 'a3': 3.56373547162089}
params_min= {'a1': 0.6928203230275509, 'a2': 1.8257418583505536, 'a3': 3.56373504512477} logZ_min= nan obs_min= 4.649984129565422
params_new= {'a1': 0.6928203230275509, 'a2': 1.8257418583505536, 'a3': 3.56373547162089} logZ_new= 2.7730051212822024 obs_new= 4.650076679824149
params_max= {'a1': 0.6928203230275509, 'a2': 1.8257418583505536, 'a3': 3.56373589811701} logZ_max= 2.773017752641004 obs_max= 4.651179626628794
dist_min= tensor(2899.6940) dist_max= tensor(45.1043)
params_min,params_max=params_min,params_new
evaluating model at params_new={'a1': 0.6928203230275509, 'a2': 1.8257418583505536, 'a3': 3.56373525837283}
params_min= {'a1': 0.6928203230275509, 'a2': 1.8257418583505536, 'a3': 3.56373504512477} logZ_min= nan obs_min= 4.649984129565422
params_new= {'a1': 0.6928203230275509, 'a2': 1.8257418583505536, 'a3': 3.56373525837283} logZ_new= 2.7730232520066287 obs_new= 4.651063359029756
params_max= {'a1': 0.6928203230275509, 'a2': 1.8257418583505536, 'a3': 3.56373547162089} logZ_max= 2.7730051212822024 obs_max= 4.650076679824149
dist_min= tensor(2900.4427) dist_max= tensor(26.7052)
params_min,params_max=params_min,params_new
evaluating model at params_new={'a1': 0.6928203230275509, 'a2': 1.8257418583505536, 'a3': 3.5637351517488}
params_min= {'a1': 0.6928203230275509, 'a2': 1.8257418583505536, 'a3': 3.56373504512477} logZ_min= nan obs_min= 4.649984129565422
params_new= {'a1': 0.6928203230275509, 'a2': 1.8257418583505536, 'a3': 3.5637351517488} logZ_new= 2.7730235514319173 obs_new= 4.649645614821533
params_max= {'a1': 0.6928203230275509, 'a2': 1.8257418583505536, 'a3': 3.56373525837283} logZ_max= 2.7730232520066287 obs_max= 4.651063359029756
dist_min= tensor(2899.6931) dist_max= tensor(26.5862)
params_min,params_max=params_min,params_new
evaluating model at params_new={'a1': 0.6928203230275509, 'a2': 1.8257418583505536, 'a3': 3.5637350984367853}
params_min= {'a1': 0.6928203230275509, 'a2': 1.8257418583505536, 'a3': 3.56373504512477} logZ_min= nan obs_min= 4.649984129565422
params_new= {'a1': 0.6928203230275509, 'a2': 1.8257418583505536, 'a3': 3.5637350984367853} logZ_new= nan obs_new= 4.6499459674586925
params_max= {'a1': 0.6928203230275509, 'a2': 1.8257418583505536, 'a3': 3.5637351517488} logZ_max= 2.7730235514319173 obs_max= 4.649645614821533
dist_min= tensor(2893.7846) dist_max= tensor(19.6818)
params_min,params_max=params_min,params_new
evaluating model at params_new={'a1': 0.6928203230275509, 'a2': 1.8257418583505536, 'a3': 3.5637350717807776}
params_min= {'a1': 0.6928203230275509, 'a2': 1.8257418583505536, 'a3': 3.56373504512477} logZ_min= nan obs_min= 4.649984129565422
params_new= {'a1': 0.6928203230275509, 'a2': 1.8257418583505536, 'a3': 3.5637350717807776} logZ_new= 2.7728546697034337 obs_new= 4.651943296449523
params_max= {'a1': 0.6928203230275509, 'a2': 1.8257418583505536, 'a3': 3.5637350984367853} logZ_max= nan obs_max= 4.6499459674586925
dist_min= tensor(2909.7198) dist_max= tensor(234.3560)
params_min,params_max=params_min,params_new
evaluating model at params_new={'a1': 0.6928203230275509, 'a2': 1.8257418583505536, 'a3': 3.5637350584527736}
params_min= {'a1': 0.6928203230275509, 'a2': 1.8257418583505536, 'a3': 3.56373504512477} logZ_min= nan obs_min= 4.649984129565422
params_new= {'a1': 0.6928203230275509, 'a2': 1.8257418583505536, 'a3': 3.5637350584527736} logZ_new= 2.772990224785674 obs_new= 4.651310491299799
params_max= {'a1': 0.6928203230275509, 'a2': 1.8257418583505536, 'a3': 3.5637350717807776} logZ_max= 2.7728546697034337 obs_max= 4.651943296449523
dist_min= tensor(2900.3975) dist_max= tensor(230.4915)
params_min,params_max=params_min,params_new
evaluating model at params_new={'a1': 0.6928203230275509, 'a2': 1.8257418583505536, 'a3': 3.563735051788772}
params_min= {'a1': 0.6928203230275509, 'a2': 1.8257418583505536, 'a3': 3.56373504512477} logZ_min= nan obs_min= 4.649984129565422
params_new= {'a1': 0.6928203230275509, 'a2': 1.8257418583505536, 'a3': 3.563735051788772} logZ_new= 2.77305443796323 obs_new= 4.651634217737555
params_max= {'a1': 0.6928203230275509, 'a2': 1.8257418583505536, 'a3': 3.5637350584527736} logZ_max= 2.772990224785674 obs_max= 4.651310491299799
dist_min= tensor(2899.6925) dist_max= tensor(25.0284)
params_min,params_max=params_min,params_new
evaluating model at params_new={'a1': 0.6928203230275509, 'a2': 1.8257418583505536, 'a3': 3.563735048456771}
params_min= {'a1': 0.6928203230275509, 'a2': 1.8257418583505536, 'a3': 3.56373504512477} logZ_min= nan obs_min= 4.649984129565422
params_new= {'a1': 0.6928203230275509, 'a2': 1.8257418583505536, 'a3': 3.563735048456771} logZ_new= 2.7730204512498102 obs_new= 4.651137446153755
params_max= {'a1': 0.6928203230275509, 'a2': 1.8257418583505536, 'a3': 3.563735051788772} logZ_max= 2.77305443796323 obs_max= 4.651634217737555
dist_min= tensor(2900.4705) dist_max= tensor(37.4276)
params_min,params_max=params_min,params_new
evaluating model at params_new={'a1': 0.6928203230275509, 'a2': 1.8257418583505536, 'a3': 3.5637350467907707}
params_min= {'a1': 0.6928203230275509, 'a2': 1.8257418583505536, 'a3': 3.56373504512477} logZ_min= nan obs_min= 4.649984129565422
params_new= {'a1': 0.6928203230275509, 'a2': 1.8257418583505536, 'a3': 3.5637350467907707} logZ_new= nan obs_new= 4.65098821100679
params_max= {'a1': 0.6928203230275509, 'a2': 1.8257418583505536, 'a3': 3.563735048456771} logZ_max= 2.7730204512498102 obs_max= 4.651137446153755
dist_min= tensor(2899.9845) dist_max= tensor(40.5084)
params_min,params_max=params_min,params_new
evaluating model at params_new={'a1': 0.6928203230275509, 'a2': 1.8257418583505536, 'a3': 3.5637350459577704}
params_min= {'a1': 0.6928203230275509, 'a2': 1.8257418583505536, 'a3': 3.56373504512477} logZ_min= nan obs_min= 4.649984129565422
params_new= {'a1': 0.6928203230275509, 'a2': 1.8257418583505536, 'a3': 3.5637350459577704} logZ_new= nan obs_new= 4.649660940183369
params_max= {'a1': 0.6928203230275509, 'a2': 1.8257418583505536, 'a3': 3.5637350467907707} logZ_max= nan obs_max= 4.65098821100679
dist_min= tensor(2981.2226) dist_max= tensor(697.1180)
params_min,params_max=params_min,params_new
evaluating model at params_new={'a1': 0.6928203230275509, 'a2': 1.8257418583505536, 'a3': 3.56373504554127}
params_min= {'a1': 0.6928203230275509, 'a2': 1.8257418583505536, 'a3': 3.56373504512477} logZ_min= nan obs_min= 4.649984129565422
params_new= {'a1': 0.6928203230275509, 'a2': 1.8257418583505536, 'a3': 3.56373504554127} logZ_new= 2.773010133823453 obs_new= 4.651318072930838
params_max= {'a1': 0.6928203230275509, 'a2': 1.8257418583505536, 'a3': 3.5637350459577704} logZ_max= nan obs_max= 4.649660940183369
dist_min= tensor(3023.2968) dist_max= tensor(1100.7257)
params_min,params_max=params_min,params_new
evaluating model at params_new={'a1': 0.6928203230275509, 'a2': 1.8257418583505536, 'a3': 3.5637350453330203}
params_min= {'a1': 0.6928203230275509, 'a2': 1.8257418583505536, 'a3': 3.56373504512477} logZ_min= nan obs_min= 4.649984129565422
params_new= {'a1': 0.6928203230275509, 'a2': 1.8257418583505536, 'a3': 3.5637350453330203} logZ_new= 2.7730548518315787 obs_new= 4.651907099322485
params_max= {'a1': 0.6928203230275509, 'a2': 1.8257418583505536, 'a3': 3.56373504554127} logZ_max= 2.773010133823453 obs_max= 4.651318072930838
dist_min= tensor(2899.6930) dist_max= tensor(852.9984)
params_min,params_max=params_min,params_new
evaluating model at params_new={'a1': 0.6928203230275509, 'a2': 1.8257418583505536, 'a3': 3.563735045228895}
params_min= {'a1': 0.6928203230275509, 'a2': 1.8257418583505536, 'a3': 3.56373504512477} logZ_min= nan obs_min= 4.649984129565422
params_new= {'a1': 0.6928203230275509, 'a2': 1.8257418583505536, 'a3': 3.563735045228895} logZ_new= 2.773048904408604 obs_new= 4.652098818486093
params_max= {'a1': 0.6928203230275509, 'a2': 1.8257418583505536, 'a3': 3.5637350453330203} logZ_max= 2.7730548518315787 obs_max= 4.651907099322485
dist_min= tensor(2900.3090) dist_max= tensor(3.2750)
params_min,params_max=params_min,params_new
evaluating model at params_new={'a1': 0.6928203230275509, 'a2': 1.8257418583505536, 'a3': 3.5637350451768324}
params_min= {'a1': 0.6928203230275509, 'a2': 1.8257418583505536, 'a3': 3.56373504512477} logZ_min= nan obs_min= 4.649984129565422
params_new= {'a1': 0.6928203230275509, 'a2': 1.8257418583505536, 'a3': 3.5637350451768324} logZ_new= 2.7729414843430407 obs_new= 4.6512861861051835
params_max= {'a1': 0.6928203230275509, 'a2': 1.8257418583505536, 'a3': 3.563735045228895} logZ_max= 2.773048904408604 obs_max= 4.652098818486093
dist_min= tensor(2900.0023) dist_max= tensor(2.1836)
params_min,params_max=params_min,params_new
evaluating model at params_new={'a1': 0.6928203230275509, 'a2': 1.8257418583505536, 'a3': 3.563735045150801}
params_min= {'a1': 0.6928203230275509, 'a2': 1.8257418583505536, 'a3': 3.56373504512477} logZ_min= nan obs_min= 4.649984129565422
params_new= {'a1': 0.6928203230275509, 'a2': 1.8257418583505536, 'a3': 3.563735045150801} logZ_new= 2.772914756541472 obs_new= 4.653224454233427
params_max= {'a1': 0.6928203230275509, 'a2': 1.8257418583505536, 'a3': 3.5637350451768324} logZ_max= 2.7729414843430407 obs_max= 4.6512861861051835
dist_min= tensor(2900.2520) dist_max= tensor(21.1371)
params_min,params_max=params_min,params_new
evaluating model at params_new={'a1': 0.6928203230275509, 'a2': 1.8257418583505536, 'a3': 3.5637350451377854}
params_min= {'a1': 0.6928203230275509, 'a2': 1.8257418583505536, 'a3': 3.56373504512477} logZ_min= nan obs_min= 4.649984129565422
params_new= {'a1': 0.6928203230275509, 'a2': 1.8257418583505536, 'a3': 3.5637350451377854} logZ_new= nan obs_new= 4.650446106468631
params_max= {'a1': 0.6928203230275509, 'a2': 1.8257418583505536, 'a3': 3.563735045150801} logZ_max= 2.772914756541472 obs_max= 4.653224454233427
dist_min= tensor(2899.8681) dist_max= tensor(21.8641)
params_min,params_max=params_min,params_new
evaluating model at params_new={'a1': 0.6928203230275509, 'a2': 1.8257418583505536, 'a3': 3.5637350451312777}
params_min= {'a1': 0.6928203230275509, 'a2': 1.8257418583505536, 'a3': 3.56373504512477} logZ_min= nan obs_min= 4.649984129565422
params_new= {'a1': 0.6928203230275509, 'a2': 1.8257418583505536, 'a3': 3.5637350451312777} logZ_new= 2.7730562578181903 obs_new= 4.65185708467553
params_max= {'a1': 0.6928203230275509, 'a2': 1.8257418583505536, 'a3': 3.5637350451377854} logZ_max= nan obs_max= 4.650446106468631
dist_min= tensor(2900.2866) dist_max= tensor(9.0314)
params_min,params_max=params_min,params_new
evaluating model at params_new={'a1': 0.6928203230275509, 'a2': 1.8257418583505536, 'a3': 3.563735045128024}
params_min= {'a1': 0.6928203230275509, 'a2': 1.8257418583505536, 'a3': 3.56373504512477} logZ_min= nan obs_min= 4.649984129565422
params_new= {'a1': 0.6928203230275509, 'a2': 1.8257418583505536, 'a3': 3.563735045128024} logZ_new= nan obs_new= 4.650071305015471
params_max= {'a1': 0.6928203230275509, 'a2': 1.8257418583505536, 'a3': 3.5637350451312777} logZ_max= 2.7730562578181903 obs_max= 4.65185708467553
dist_min= tensor(2789.2085) dist_max= tensor(184.9999)
params_min,params_max=params_min,params_new
evaluating model at params_new={'a1': 0.6928203230275509, 'a2': 1.8257418583505536, 'a3': 3.563735045126397}
params_min= {'a1': 0.6928203230275509, 'a2': 1.8257418583505536, 'a3': 3.56373504512477} logZ_min= nan obs_min= 4.649984129565422
params_new= {'a1': 0.6928203230275509, 'a2': 1.8257418583505536, 'a3': 3.563735045126397} logZ_new= 2.773011222328085 obs_new= 4.651312777722087
params_max= {'a1': 0.6928203230275509, 'a2': 1.8257418583505536, 'a3': 3.563735045128024} logZ_max= nan obs_max= 4.650071305015471
dist_min= tensor(2901.3839) dist_max= tensor(203.1726)
params_min,params_max=params_min,params_new
evaluating model at params_new={'a1': 0.6928203230275509, 'a2': 1.8257418583505536, 'a3': 3.5637350451255836}
params_min= {'a1': 0.6928203230275509, 'a2': 1.8257418583505536, 'a3': 3.56373504512477} logZ_min= nan obs_min= 4.649984129565422
params_new= {'a1': 0.6928203230275509, 'a2': 1.8257418583505536, 'a3': 3.5637350451255836} logZ_new= 2.7730268910960203 obs_new= 4.651204808418797
params_max= {'a1': 0.6928203230275509, 'a2': 1.8257418583505536, 'a3': 3.563735045126397} logZ_max= 2.773011222328085 obs_max= 4.651312777722087
dist_min= tensor(2899.6937) dist_max= tensor(84.5520)
params_min,params_max=params_min,params_new
evaluating model at params_new={'a1': 0.6928203230275509, 'a2': 1.8257418583505536, 'a3': 3.563735045125177}
params_min= {'a1': 0.6928203230275509, 'a2': 1.8257418583505536, 'a3': 3.56373504512477} logZ_min= nan obs_min= 4.649984129565422
params_new= {'a1': 0.6928203230275509, 'a2': 1.8257418583505536, 'a3': 3.563735045125177} logZ_new= 2.772960863180996 obs_new= 4.653211202656143
params_max= {'a1': 0.6928203230275509, 'a2': 1.8257418583505536, 'a3': 3.5637350451255836} logZ_max= 2.7730268910960203 obs_max= 4.651204808418797
dist_min= tensor(2899.5732) dist_max= tensor(1.6658)
params_min,params_max=params_min,params_new
evaluating model at params_new={'a1': 0.6928203230275509, 'a2': 1.8257418583505536, 'a3': 3.5637350451249734}
params_min= {'a1': 0.6928203230275509, 'a2': 1.8257418583505536, 'a3': 3.56373504512477} logZ_min= nan obs_min= 4.649984129565422
params_new= {'a1': 0.6928203230275509, 'a2': 1.8257418583505536, 'a3': 3.5637350451249734} logZ_new= 2.772934767713263 obs_new= 4.650894900227496
params_max= {'a1': 0.6928203230275509, 'a2': 1.8257418583505536, 'a3': 3.563735045125177} logZ_max= 2.772960863180996 obs_max= 4.653211202656143
dist_min= tensor(2908.1494) dist_max= tensor(215.5392)
params_min,params_max=params_min,params_new
evaluating model at params_new={'a1': 0.6928203230275509, 'a2': 1.8257418583505536, 'a3': 3.5637350451248717}
params_min= {'a1': 0.6928203230275509, 'a2': 1.8257418583505536, 'a3': 3.56373504512477} logZ_min= nan obs_min= 4.649984129565422
params_new= {'a1': 0.6928203230275509, 'a2': 1.8257418583505536, 'a3': 3.5637350451248717} logZ_new= 2.772909871776388 obs_new= 4.652461696671238
params_max= {'a1': 0.6928203230275509, 'a2': 1.8257418583505536, 'a3': 3.5637350451249734} logZ_max= 2.772934767713263 obs_max= 4.650894900227496
dist_min= tensor(3128.0474) dist_max= tensor(1211.9004)
params_min,params_max=params_min,params_new
evaluating model at params_new={'a1': 0.6928203230275509, 'a2': 1.8257418583505536, 'a3': 3.5637350451248206}
params_min= {'a1': 0.6928203230275509, 'a2': 1.8257418583505536, 'a3': 3.56373504512477} logZ_min= nan obs_min= 4.649984129565422
params_new= {'a1': 0.6928203230275509, 'a2': 1.8257418583505536, 'a3': 3.5637350451248206} logZ_new= 2.7730264642219744 obs_new= 4.652445200070353
params_max= {'a1': 0.6928203230275509, 'a2': 1.8257418583505536, 'a3': 3.5637350451248717} logZ_max= 2.772909871776388 obs_max= 4.652461696671238
dist_min= tensor(2899.6923) dist_max= tensor(1191.8776)
params_min,params_max=params_min,params_new
evaluating model at params_new={'a1': 0.6928203230275509, 'a2': 1.8257418583505536, 'a3': 3.5637350451247953}
params_min= {'a1': 0.6928203230275509, 'a2': 1.8257418583505536, 'a3': 3.56373504512477} logZ_min= nan obs_min= 4.649984129565422
params_new= {'a1': 0.6928203230275509, 'a2': 1.8257418583505536, 'a3': 3.5637350451247953} logZ_new= 2.7730306784247194 obs_new= 4.650314939958592
params_max= {'a1': 0.6928203230275509, 'a2': 1.8257418583505536, 'a3': 3.5637350451248206} logZ_max= 2.7730264642219744 obs_max= 4.652445200070353
dist_min= tensor(2900.5665) dist_max= tensor(47.9536)
params_min,params_max=params_min,params_new
evaluating model at params_new={'a1': 0.6928203230275509, 'a2': 1.8257418583505536, 'a3': 3.5637350451247825}
params_min= {'a1': 0.6928203230275509, 'a2': 1.8257418583505536, 'a3': 3.56373504512477} logZ_min= nan obs_min= 4.649984129565422
params_new= {'a1': 0.6928203230275509, 'a2': 1.8257418583505536, 'a3': 3.5637350451247825} logZ_new= 2.7730388686920375 obs_new= 4.651861767060952
params_max= {'a1': 0.6928203230275509, 'a2': 1.8257418583505536, 'a3': 3.5637350451247953} logZ_max= 2.7730306784247194 obs_max= 4.650314939958592
dist_min= tensor(2900.3195) dist_max= tensor(48.8902)
params_min,params_max=params_min,params_new
evaluating model at params_new={'a1': 0.6928203230275509, 'a2': 1.8257418583505536, 'a3': 3.5637350451247762}
params_min= {'a1': 0.6928203230275509, 'a2': 1.8257418583505536, 'a3': 3.56373504512477} logZ_min= nan obs_min= 4.649984129565422
params_new= {'a1': 0.6928203230275509, 'a2': 1.8257418583505536, 'a3': 3.5637350451247762} logZ_new= 2.7729793730962378 obs_new= 4.6526329777175635
params_max= {'a1': 0.6928203230275509, 'a2': 1.8257418583505536, 'a3': 3.5637350451247825} logZ_max= 2.7730388686920375 obs_max= 4.651861767060952
dist_min= tensor(2900.2704) dist_max= tensor(0.7334)
params_min,params_max=params_min,params_new
evaluating model at params_new={'a1': 0.6928203230275509, 'a2': 1.8257418583505536, 'a3': 3.563735045124773}
params_min= {'a1': 0.6928203230275509, 'a2': 1.8257418583505536, 'a3': 3.56373504512477} logZ_min= nan obs_min= 4.649984129565422
params_new= {'a1': 0.6928203230275509, 'a2': 1.8257418583505536, 'a3': 3.563735045124773} logZ_new= nan obs_new= 4.650853697251913
params_max= {'a1': 0.6928203230275509, 'a2': 1.8257418583505536, 'a3': 3.5637350451247762} logZ_max= 2.7729793730962378 obs_max= 4.6526329777175635
dist_min= tensor(2900.5531) dist_max= tensor(83.9452)
params_min,params_max=params_min,params_new
evaluating model at params_new={'a1': 0.6928203230275509, 'a2': 1.8257418583505536, 'a3': 3.563735045124772}
params_min= {'a1': 0.6928203230275509, 'a2': 1.8257418583505536, 'a3': 3.56373504512477} logZ_min= nan obs_min= 4.649984129565422
params_new= {'a1': 0.6928203230275509, 'a2': 1.8257418583505536, 'a3': 3.563735045124772} logZ_new= 2.7730501334360427 obs_new= 4.651572325301126
params_max= {'a1': 0.6928203230275509, 'a2': 1.8257418583505536, 'a3': 3.563735045124773} logZ_max= nan obs_max= 4.650853697251913
dist_min= tensor(2899.6925) dist_max= tensor(83.8592)
params_min,params_max=params_min,params_new
evaluating model at params_new={'a1': 0.6928203230275509, 'a2': 1.8257418583505536, 'a3': 3.563735045124771}
params_min= {'a1': 0.6928203230275509, 'a2': 1.8257418583505536, 'a3': 3.56373504512477} logZ_min= nan obs_min= 4.649984129565422
params_new= {'a1': 0.6928203230275509, 'a2': 1.8257418583505536, 'a3': 3.563735045124771} logZ_new= nan obs_new= 4.649445989003152
params_max= {'a1': 0.6928203230275509, 'a2': 1.8257418583505536, 'a3': 3.563735045124772} logZ_max= 2.7730501334360427 obs_max= 4.651572325301126
dist_min= tensor(2902.1588) dist_max= tensor(114.5867)
params_min,params_max=params_min,params_new
evaluating model at params_new={'a1': 0.6928203230275509, 'a2': 1.8257418583505536, 'a3': 3.5637350451247705}
params_min= {'a1': 0.6928203230275509, 'a2': 1.8257418583505536, 'a3': 3.56373504512477} logZ_min= nan obs_min= 4.649984129565422
params_new= {'a1': 0.6928203230275509, 'a2': 1.8257418583505536, 'a3': 3.5637350451247705} logZ_new= 2.773032087616024 obs_new= 4.650875655822777
params_max= {'a1': 0.6928203230275509, 'a2': 1.8257418583505536, 'a3': 3.563735045124771} logZ_max= nan obs_max= 4.649445989003152
dist_min= tensor(2900.2862) dist_max= tensor(116.5330)
params_min,params_max=params_min,params_new
critical params found:  {'a1': 0.6928203230275509, 'a2': 1.8257418583505536, 'a3': 3.56373504512477}
reference params:  {'a1': 1.1547005383792515, 'a2': 1.8257418583505538, 'a3': 4.47213595499958}
file saved to  data/AKLT3D_X10_scan_grid_critical_a3/a1_0.6928203_a2_1.8257419/Tc.json
