Start running find_critical_temp.py with options:{'filename': 'data/AKLT3D_X10_scan_grid_critical_a3/a1_0.2309401_a2_1.0954451/Tc.json', 'log_filename': 'data/AKLT3D_X10_scan_grid_critical_a3/a1_0.2309401_a2_1.0954451/Tc.log', 'nLayers': 60, 'max_dim': 10, 'model': 'AKLT3D', 'params_min': "{'a1': 0.2309401076758503, 'a2': 1.0954451150103324, 'a3': 2.683281572999748}", 'params_max': "{'a1': 0.2309401076758503, 'a2': 1.0954451150103324, 'a3': 3.577708763999664}", 'params_ref': None, 'observable_name': 'magnetizationZ', 'tol': 0.0, 'gilt_enabled': False, 'gilt_eps': 8e-07, 'gilt_nIter': 1, 'mcf_enabled': True, 'mcf_eps': 1e-16, 'mcf_max_iter': 200, 'hotrg_sanity_check': False, 'version': 1, 'device': 'cuda:1'}
loading library...
evaluating model at params_min={'a1': 0.2309401076758503, 'a2': 1.0954451150103324, 'a3': 2.683281572999748}
params_min= {'a1': 0.2309401076758503, 'a2': 1.0954451150103324, 'a3': 2.683281572999748} logZ_min= nan obs_min= 7.355836900513813e-33
evaluating model at params_max={'a1': 0.2309401076758503, 'a2': 1.0954451150103324, 'a3': 3.577708763999664}
params_max= {'a1': 0.2309401076758503, 'a2': 1.0954451150103324, 'a3': 3.577708763999664} logZ_max= 2.5723344468940113 obs_max= 8.635683496359167
searching for critical temperature using bisection method
evaluating model at params_new={'a1': 0.2309401076758503, 'a2': 1.0954451150103324, 'a3': 3.130495168499706}
params_min= {'a1': 0.2309401076758503, 'a2': 1.0954451150103324, 'a3': 2.683281572999748} logZ_min= nan obs_min= 7.355836900513813e-33
params_new= {'a1': 0.2309401076758503, 'a2': 1.0954451150103324, 'a3': 3.130495168499706} logZ_new= 2.309371400324749 obs_new= 8.205715677263008
params_max= {'a1': 0.2309401076758503, 'a2': 1.0954451150103324, 'a3': 3.577708763999664} logZ_max= 2.5723344468940113 obs_max= 8.635683496359167
dist_min= tensor(5.5949) dist_max= tensor(13.5093)
params_min,params_max=params_new,params_max
evaluating model at params_new={'a1': 0.2309401076758503, 'a2': 1.0954451150103324, 'a3': 3.3541019662496847}
params_min= {'a1': 0.2309401076758503, 'a2': 1.0954451150103324, 'a3': 3.130495168499706} logZ_min= 2.309371400324749 obs_min= 8.205715677263008
params_new= {'a1': 0.2309401076758503, 'a2': 1.0954451150103324, 'a3': 3.3541019662496847} logZ_new= 2.4465681456883472 obs_new= 8.496319612773723
params_max= {'a1': 0.2309401076758503, 'a2': 1.0954451150103324, 'a3': 3.577708763999664} logZ_max= 2.5723344468940113 obs_max= 8.635683496359167
dist_min= tensor(7.7974) dist_max= tensor(8.3543)
params_min,params_max=params_new,params_max
evaluating model at params_new={'a1': 0.2309401076758503, 'a2': 1.0954451150103324, 'a3': 3.4659053651246743}
params_min= {'a1': 0.2309401076758503, 'a2': 1.0954451150103324, 'a3': 3.3541019662496847} logZ_min= 2.4465681456883472 obs_min= 8.496319612773723
params_new= {'a1': 0.2309401076758503, 'a2': 1.0954451150103324, 'a3': 3.4659053651246743} logZ_new= 2.5105930999498955 obs_new= 8.57480188847811
params_max= {'a1': 0.2309401076758503, 'a2': 1.0954451150103324, 'a3': 3.577708763999664} logZ_max= 2.5723344468940113 obs_max= 8.635683496359167
dist_min= tensor(5.2148) dist_max= tensor(4.8228)
params_min,params_max=params_min,params_new
evaluating model at params_new={'a1': 0.2309401076758503, 'a2': 1.0954451150103324, 'a3': 3.4100036656871797}
params_min= {'a1': 0.2309401076758503, 'a2': 1.0954451150103324, 'a3': 3.3541019662496847} logZ_min= 2.4465681456883472 obs_min= 8.496319612773723
params_new= {'a1': 0.2309401076758503, 'a2': 1.0954451150103324, 'a3': 3.4100036656871797} logZ_new= 2.478884688388541 obs_new= 8.538396290012345
params_max= {'a1': 0.2309401076758503, 'a2': 1.0954451150103324, 'a3': 3.4659053651246743} logZ_max= 2.5105930999498955 obs_max= 8.57480188847811
dist_min= tensor(4.5834) dist_max= tensor(2.0286)
params_min,params_max=params_min,params_new
evaluating model at params_new={'a1': 0.2309401076758503, 'a2': 1.0954451150103324, 'a3': 3.382052815968432}
params_min= {'a1': 0.2309401076758503, 'a2': 1.0954451150103324, 'a3': 3.3541019662496847} logZ_min= 2.4465681456883472 obs_min= 8.496319612773723
params_new= {'a1': 0.2309401076758503, 'a2': 1.0954451150103324, 'a3': 3.382052815968432} logZ_new= 2.462803619379379 obs_new= 8.51780664330189
params_max= {'a1': 0.2309401076758503, 'a2': 1.0954451150103324, 'a3': 3.4100036656871797} logZ_max= 2.478884688388541 obs_max= 8.538396290012345
dist_min= tensor(1.3259) dist_max= tensor(5.1506)
params_min,params_max=params_new,params_max
evaluating model at params_new={'a1': 0.2309401076758503, 'a2': 1.0954451150103324, 'a3': 3.396028240827806}
params_min= {'a1': 0.2309401076758503, 'a2': 1.0954451150103324, 'a3': 3.382052815968432} logZ_min= 2.462803619379379 obs_min= 8.51780664330189
params_new= {'a1': 0.2309401076758503, 'a2': 1.0954451150103324, 'a3': 3.396028240827806} logZ_new= 2.470862526387556 obs_new= 8.52802001735841
params_max= {'a1': 0.2309401076758503, 'a2': 1.0954451150103324, 'a3': 3.4100036656871797} logZ_max= 2.478884688388541 obs_max= 8.538396290012345
dist_min= tensor(1.7032) dist_max= tensor(5.2144)
params_min,params_max=params_new,params_max
evaluating model at params_new={'a1': 0.2309401076758503, 'a2': 1.0954451150103324, 'a3': 3.403015953257493}
params_min= {'a1': 0.2309401076758503, 'a2': 1.0954451150103324, 'a3': 3.396028240827806} logZ_min= 2.470862526387556 obs_min= 8.52802001735841
params_new= {'a1': 0.2309401076758503, 'a2': 1.0954451150103324, 'a3': 3.403015953257493} logZ_new= 2.474879282378471 obs_new= 8.533511884105042
params_max= {'a1': 0.2309401076758503, 'a2': 1.0954451150103324, 'a3': 3.4100036656871797} logZ_max= 2.478884688388541 obs_max= 8.538396290012345
dist_min= tensor(5.2975) dist_max= tensor(0.9315)
params_min,params_max=params_min,params_new
evaluating model at params_new={'a1': 0.2309401076758503, 'a2': 1.0954451150103324, 'a3': 3.3995220970426496}
params_min= {'a1': 0.2309401076758503, 'a2': 1.0954451150103324, 'a3': 3.396028240827806} logZ_min= 2.470862526387556 obs_min= 8.52802001735841
params_new= {'a1': 0.2309401076758503, 'a2': 1.0954451150103324, 'a3': 3.3995220970426496} logZ_new= 2.472873007466249 obs_new= 8.531039771878358
params_max= {'a1': 0.2309401076758503, 'a2': 1.0954451150103324, 'a3': 3.403015953257493} logZ_max= 2.474879282378471 obs_max= 8.533511884105042
dist_min= tensor(5.3360) dist_max= tensor(0.1435)
params_min,params_max=params_min,params_new
evaluating model at params_new={'a1': 0.2309401076758503, 'a2': 1.0954451150103324, 'a3': 3.397775168935228}
params_min= {'a1': 0.2309401076758503, 'a2': 1.0954451150103324, 'a3': 3.396028240827806} logZ_min= 2.470862526387556 obs_min= 8.52802001735841
params_new= {'a1': 0.2309401076758503, 'a2': 1.0954451150103324, 'a3': 3.397775168935228} logZ_new= 2.471867206481791 obs_new= 8.529275501373682
params_max= {'a1': 0.2309401076758503, 'a2': 1.0954451150103324, 'a3': 3.3995220970426496} logZ_max= 2.472873007466249 obs_max= 8.531039771878358
dist_min= tensor(0.3462) dist_max= tensor(5.4240)
params_min,params_max=params_new,params_max
evaluating model at params_new={'a1': 0.2309401076758503, 'a2': 1.0954451150103324, 'a3': 3.3986486329889387}
params_min= {'a1': 0.2309401076758503, 'a2': 1.0954451150103324, 'a3': 3.397775168935228} logZ_min= 2.471867206481791 obs_min= 8.529275501373682
params_new= {'a1': 0.2309401076758503, 'a2': 1.0954451150103324, 'a3': 3.3986486329889387} logZ_new= 2.472369292511547 obs_new= 8.529899122749677
params_max= {'a1': 0.2309401076758503, 'a2': 1.0954451150103324, 'a3': 3.3995220970426496} logZ_max= 2.472873007466249 obs_max= 8.531039771878358
dist_min= tensor(0.5797) dist_max= tensor(5.3856)
params_min,params_max=params_new,params_max
evaluating model at params_new={'a1': 0.2309401076758503, 'a2': 1.0954451150103324, 'a3': 3.399085365015794}
params_min= {'a1': 0.2309401076758503, 'a2': 1.0954451150103324, 'a3': 3.3986486329889387} logZ_min= 2.472369292511547 obs_min= 8.529899122749677
params_new= {'a1': 0.2309401076758503, 'a2': 1.0954451150103324, 'a3': 3.399085365015794} logZ_new= 2.4726220550146096 obs_new= 8.5307293384429
params_max= {'a1': 0.2309401076758503, 'a2': 1.0954451150103324, 'a3': 3.3995220970426496} logZ_max= 2.472873007466249 obs_max= 8.531039771878358
dist_min= tensor(5.4104) dist_max= tensor(0.2300)
params_min,params_max=params_min,params_new
evaluating model at params_new={'a1': 0.2309401076758503, 'a2': 1.0954451150103324, 'a3': 3.398866999002366}
params_min= {'a1': 0.2309401076758503, 'a2': 1.0954451150103324, 'a3': 3.3986486329889387} logZ_min= 2.472369292511547 obs_min= 8.529899122749677
params_new= {'a1': 0.2309401076758503, 'a2': 1.0954451150103324, 'a3': 3.398866999002366} logZ_new= 2.472496564760741 obs_new= 8.530574002869486
params_max= {'a1': 0.2309401076758503, 'a2': 1.0954451150103324, 'a3': 3.399085365015794} logZ_max= 2.4726220550146096 obs_max= 8.5307293384429
dist_min= tensor(5.3849) dist_max= tensor(0.9963)
params_min,params_max=params_min,params_new
evaluating model at params_new={'a1': 0.2309401076758503, 'a2': 1.0954451150103324, 'a3': 3.398757815995652}
params_min= {'a1': 0.2309401076758503, 'a2': 1.0954451150103324, 'a3': 3.3986486329889387} logZ_min= 2.472369292511547 obs_min= 8.529899122749677
params_new= {'a1': 0.2309401076758503, 'a2': 1.0954451150103324, 'a3': 3.398757815995652} logZ_new= 2.472432024825095 obs_new= 8.529975638538035
params_max= {'a1': 0.2309401076758503, 'a2': 1.0954451150103324, 'a3': 3.398866999002366} logZ_max= 2.472496564760741 obs_max= 8.530574002869486
dist_min= tensor(0.5727) dist_max= tensor(5.3755)
params_min,params_max=params_new,params_max
evaluating model at params_new={'a1': 0.2309401076758503, 'a2': 1.0954451150103324, 'a3': 3.398812407499009}
params_min= {'a1': 0.2309401076758503, 'a2': 1.0954451150103324, 'a3': 3.398757815995652} logZ_min= 2.472432024825095 obs_min= 8.529975638538035
params_new= {'a1': 0.2309401076758503, 'a2': 1.0954451150103324, 'a3': 3.398812407499009} logZ_new= 2.472462642221987 obs_new= 8.530076022109494
params_max= {'a1': 0.2309401076758503, 'a2': 1.0954451150103324, 'a3': 3.398866999002366} logZ_max= 2.472496564760741 obs_max= 8.530574002869486
dist_min= tensor(0.4416) dist_max= tensor(5.3778)
params_min,params_max=params_new,params_max
evaluating model at params_new={'a1': 0.2309401076758503, 'a2': 1.0954451150103324, 'a3': 3.3988397032506876}
params_min= {'a1': 0.2309401076758503, 'a2': 1.0954451150103324, 'a3': 3.398812407499009} logZ_min= 2.472462642221987 obs_min= 8.530076022109494
params_new= {'a1': 0.2309401076758503, 'a2': 1.0954451150103324, 'a3': 3.3988397032506876} logZ_new= 2.4724808778212815 obs_new= 8.530554580365417
params_max= {'a1': 0.2309401076758503, 'a2': 1.0954451150103324, 'a3': 3.398866999002366} logZ_max= 2.472496564760741 obs_max= 8.530574002869486
dist_min= tensor(5.4208) dist_max= tensor(0.5595)
params_min,params_max=params_min,params_new
evaluating model at params_new={'a1': 0.2309401076758503, 'a2': 1.0954451150103324, 'a3': 3.3988260553748484}
params_min= {'a1': 0.2309401076758503, 'a2': 1.0954451150103324, 'a3': 3.398812407499009} logZ_min= 2.472462642221987 obs_min= 8.530076022109494
params_new= {'a1': 0.2309401076758503, 'a2': 1.0954451150103324, 'a3': 3.3988260553748484} logZ_new= 2.472471243167088 obs_new= 8.530024336185837
params_max= {'a1': 0.2309401076758503, 'a2': 1.0954451150103324, 'a3': 3.3988397032506876} logZ_max= 2.4724808778212815 obs_max= 8.530554580365417
dist_min= tensor(0.7191) dist_max= tensor(5.5068)
params_min,params_max=params_new,params_max
evaluating model at params_new={'a1': 0.2309401076758503, 'a2': 1.0954451150103324, 'a3': 3.398832879312768}
params_min= {'a1': 0.2309401076758503, 'a2': 1.0954451150103324, 'a3': 3.3988260553748484} logZ_min= 2.472471243167088 obs_min= 8.530024336185837
params_new= {'a1': 0.2309401076758503, 'a2': 1.0954451150103324, 'a3': 3.398832879312768} logZ_new= 2.4724769560635753 obs_new= 8.530549724558593
params_max= {'a1': 0.2309401076758503, 'a2': 1.0954451150103324, 'a3': 3.3988397032506876} logZ_max= 2.4724808778212815 obs_max= 8.530554580365417
dist_min= tensor(5.4665) dist_max= tensor(0.3547)
params_min,params_max=params_min,params_new
evaluating model at params_new={'a1': 0.2309401076758503, 'a2': 1.0954451150103324, 'a3': 3.398829467343808}
params_min= {'a1': 0.2309401076758503, 'a2': 1.0954451150103324, 'a3': 3.3988260553748484} logZ_min= 2.472471243167088 obs_min= 8.530024336185837
params_new= {'a1': 0.2309401076758503, 'a2': 1.0954451150103324, 'a3': 3.398829467343808} logZ_new= 2.472474995181296 obs_new= 8.530547296581409
params_max= {'a1': 0.2309401076758503, 'a2': 1.0954451150103324, 'a3': 3.398832879312768} logZ_max= 2.4724769560635753 obs_max= 8.530549724558593
dist_min= tensor(5.4655) dist_max= tensor(0.0108)
params_min,params_max=params_min,params_new
evaluating model at params_new={'a1': 0.2309401076758503, 'a2': 1.0954451150103324, 'a3': 3.3988277613593283}
params_min= {'a1': 0.2309401076758503, 'a2': 1.0954451150103324, 'a3': 3.3988260553748484} logZ_min= 2.472471243167088 obs_min= 8.530024336185837
params_new= {'a1': 0.2309401076758503, 'a2': 1.0954451150103324, 'a3': 3.3988277613593283} logZ_new= 2.4724740147393023 obs_new= 8.53054608264115
params_max= {'a1': 0.2309401076758503, 'a2': 1.0954451150103324, 'a3': 3.398829467343808} logZ_max= 2.472474995181296 obs_max= 8.530547296581409
dist_min= tensor(5.6356) dist_max= tensor(1.1817)
params_min,params_max=params_min,params_new
evaluating model at params_new={'a1': 0.2309401076758503, 'a2': 1.0954451150103324, 'a3': 3.3988269083670883}
params_min= {'a1': 0.2309401076758503, 'a2': 1.0954451150103324, 'a3': 3.3988260553748484} logZ_min= 2.472471243167088 obs_min= 8.530024336185837
params_new= {'a1': 0.2309401076758503, 'a2': 1.0954451150103324, 'a3': 3.3988269083670883} logZ_new= 2.4724735245182083 obs_new= 8.530545475671119
params_max= {'a1': 0.2309401076758503, 'a2': 1.0954451150103324, 'a3': 3.3988277613593283} logZ_max= 2.4724740147393023 obs_max= 8.53054608264115
dist_min= tensor(5.8563) dist_max= tensor(1.4278)
params_min,params_max=params_min,params_new
evaluating model at params_new={'a1': 0.2309401076758503, 'a2': 1.0954451150103324, 'a3': 3.3988264818709686}
params_min= {'a1': 0.2309401076758503, 'a2': 1.0954451150103324, 'a3': 3.3988260553748484} logZ_min= 2.472471243167088 obs_min= 8.530024336185837
params_new= {'a1': 0.2309401076758503, 'a2': 1.0954451150103324, 'a3': 3.3988264818709686} logZ_new= 2.472470857591522 obs_new= 8.53008095305801
params_max= {'a1': 0.2309401076758503, 'a2': 1.0954451150103324, 'a3': 3.3988269083670883} logZ_max= 2.4724735245182083 obs_max= 8.530545475671119
dist_min= tensor(1.6351) dist_max= tensor(5.5915)
params_min,params_max=params_new,params_max
evaluating model at params_new={'a1': 0.2309401076758503, 'a2': 1.0954451150103324, 'a3': 3.3988266951190287}
params_min= {'a1': 0.2309401076758503, 'a2': 1.0954451150103324, 'a3': 3.3988264818709686} logZ_min= 2.472470857591522 obs_min= 8.53008095305801
params_new= {'a1': 0.2309401076758503, 'a2': 1.0954451150103324, 'a3': 3.3988266951190287} logZ_new= 2.47247161069754 obs_new= 8.530024780404124
params_max= {'a1': 0.2309401076758503, 'a2': 1.0954451150103324, 'a3': 3.3988269083670883} logZ_max= 2.4724735245182083 obs_max= 8.530545475671119
dist_min= tensor(0.8329) dist_max= tensor(5.6865)
params_min,params_max=params_new,params_max
evaluating model at params_new={'a1': 0.2309401076758503, 'a2': 1.0954451150103324, 'a3': 3.3988268017430583}
params_min= {'a1': 0.2309401076758503, 'a2': 1.0954451150103324, 'a3': 3.3988266951190287} logZ_min= 2.47247161069754 obs_min= 8.530024780404124
params_new= {'a1': 0.2309401076758503, 'a2': 1.0954451150103324, 'a3': 3.3988268017430583} logZ_new= 2.472471694570133 obs_new= 8.530026553606788
params_max= {'a1': 0.2309401076758503, 'a2': 1.0954451150103324, 'a3': 3.3988269083670883} logZ_max= 2.4724735245182083 obs_max= 8.530545475671119
dist_min= tensor(1.2761) dist_max= tensor(5.5081)
params_min,params_max=params_new,params_max
evaluating model at params_new={'a1': 0.2309401076758503, 'a2': 1.0954451150103324, 'a3': 3.3988268550550735}
params_min= {'a1': 0.2309401076758503, 'a2': 1.0954451150103324, 'a3': 3.3988268017430583} logZ_min= 2.472471694570133 obs_min= 8.530026553606788
params_new= {'a1': 0.2309401076758503, 'a2': 1.0954451150103324, 'a3': 3.3988268550550735} logZ_new= 2.4724700311554817 obs_new= 8.53012277672747
params_max= {'a1': 0.2309401076758503, 'a2': 1.0954451150103324, 'a3': 3.3988269083670883} logZ_max= 2.4724735245182083 obs_max= 8.530545475671119
dist_min= tensor(0.9808) dist_max= tensor(5.3805)
params_min,params_max=params_new,params_max
evaluating model at params_new={'a1': 0.2309401076758503, 'a2': 1.0954451150103324, 'a3': 3.3988268817110807}
params_min= {'a1': 0.2309401076758503, 'a2': 1.0954451150103324, 'a3': 3.3988268550550735} logZ_min= 2.4724700311554817 obs_min= 8.53012277672747
params_new= {'a1': 0.2309401076758503, 'a2': 1.0954451150103324, 'a3': 3.3988268817110807} logZ_new= 2.472471717811084 obs_new= 8.530024902486911
params_max= {'a1': 0.2309401076758503, 'a2': 1.0954451150103324, 'a3': 3.3988269083670883} logZ_max= 2.4724735245182083 obs_max= 8.530545475671119
dist_min= tensor(1.0307) dist_max= tensor(5.5191)
params_min,params_max=params_new,params_max
evaluating model at params_new={'a1': 0.2309401076758503, 'a2': 1.0954451150103324, 'a3': 3.3988268950390843}
params_min= {'a1': 0.2309401076758503, 'a2': 1.0954451150103324, 'a3': 3.3988268817110807} logZ_min= 2.472471717811084 obs_min= 8.530024902486911
params_new= {'a1': 0.2309401076758503, 'a2': 1.0954451150103324, 'a3': 3.3988268950390843} logZ_new= 2.472471541158778 obs_new= 8.530062200704245
params_max= {'a1': 0.2309401076758503, 'a2': 1.0954451150103324, 'a3': 3.3988269083670883} logZ_max= 2.4724735245182083 obs_max= 8.530545475671119
dist_min= tensor(1.7536) dist_max= tensor(5.4594)
params_min,params_max=params_new,params_max
evaluating model at params_new={'a1': 0.2309401076758503, 'a2': 1.0954451150103324, 'a3': 3.398826901703086}
params_min= {'a1': 0.2309401076758503, 'a2': 1.0954451150103324, 'a3': 3.3988268950390843} logZ_min= 2.472471541158778 obs_min= 8.530062200704245
params_new= {'a1': 0.2309401076758503, 'a2': 1.0954451150103324, 'a3': 3.398826901703086} logZ_new= 2.4724735206883737 obs_new= 8.530545470939277
params_max= {'a1': 0.2309401076758503, 'a2': 1.0954451150103324, 'a3': 3.3988269083670883} logZ_max= 2.4724735245182083 obs_max= 8.530545475671119
dist_min= tensor(5.4489) dist_max= tensor(0.0934)
params_min,params_max=params_min,params_new
evaluating model at params_new={'a1': 0.2309401076758503, 'a2': 1.0954451150103324, 'a3': 3.398826898371085}
params_min= {'a1': 0.2309401076758503, 'a2': 1.0954451150103324, 'a3': 3.3988268950390843} logZ_min= 2.472471541158778 obs_min= 8.530062200704245
params_new= {'a1': 0.2309401076758503, 'a2': 1.0954451150103324, 'a3': 3.398826898371085} logZ_new= 2.4724735187756295 obs_new= 8.530545469469917
params_max= {'a1': 0.2309401076758503, 'a2': 1.0954451150103324, 'a3': 3.398826901703086} logZ_max= 2.4724735206883737 obs_max= 8.530545470939277
dist_min= tensor(5.3888) dist_max= tensor(1.1381)
params_min,params_max=params_min,params_new
evaluating model at params_new={'a1': 0.2309401076758503, 'a2': 1.0954451150103324, 'a3': 3.398826896705085}
params_min= {'a1': 0.2309401076758503, 'a2': 1.0954451150103324, 'a3': 3.3988268950390843} logZ_min= 2.472471541158778 obs_min= 8.530062200704245
params_new= {'a1': 0.2309401076758503, 'a2': 1.0954451150103324, 'a3': 3.398826896705085} logZ_new= 2.472471791147113 obs_new= 8.530030187097703
params_max= {'a1': 0.2309401076758503, 'a2': 1.0954451150103324, 'a3': 3.398826898371085} logZ_max= 2.4724735187756295 obs_max= 8.530545469469917
dist_min= tensor(0.1893) dist_max= tensor(5.4058)
params_min,params_max=params_new,params_max
evaluating model at params_new={'a1': 0.2309401076758503, 'a2': 1.0954451150103324, 'a3': 3.3988268975380853}
params_min= {'a1': 0.2309401076758503, 'a2': 1.0954451150103324, 'a3': 3.398826896705085} logZ_min= 2.472471791147113 obs_min= 8.530030187097703
params_new= {'a1': 0.2309401076758503, 'a2': 1.0954451150103324, 'a3': 3.3988268975380853} logZ_new= 2.4724717295518053 obs_new= 8.530025138902712
params_max= {'a1': 0.2309401076758503, 'a2': 1.0954451150103324, 'a3': 3.398826898371085} logZ_max= 2.4724735187756295 obs_max= 8.530545469469917
dist_min= tensor(0.2079) dist_max= tensor(5.3885)
params_min,params_max=params_new,params_max
evaluating model at params_new={'a1': 0.2309401076758503, 'a2': 1.0954451150103324, 'a3': 3.398826897954585}
params_min= {'a1': 0.2309401076758503, 'a2': 1.0954451150103324, 'a3': 3.3988268975380853} logZ_min= 2.4724717295518053 obs_min= 8.530025138902712
params_new= {'a1': 0.2309401076758503, 'a2': 1.0954451150103324, 'a3': 3.398826897954585} logZ_new= 2.4724735185677065 obs_new= 8.530545481898628
params_max= {'a1': 0.2309401076758503, 'a2': 1.0954451150103324, 'a3': 3.398826898371085} logZ_max= 2.4724735187756295 obs_max= 8.530545469469917
dist_min= tensor(5.5325) dist_max= tensor(1.1097)
params_min,params_max=params_min,params_new
evaluating model at params_new={'a1': 0.2309401076758503, 'a2': 1.0954451150103324, 'a3': 3.398826897746335}
params_min= {'a1': 0.2309401076758503, 'a2': 1.0954451150103324, 'a3': 3.3988268975380853} logZ_min= 2.4724717295518053 obs_min= 8.530025138902712
params_new= {'a1': 0.2309401076758503, 'a2': 1.0954451150103324, 'a3': 3.398826897746335} logZ_new= 2.472471807640731 obs_new= 8.530032060280558
params_max= {'a1': 0.2309401076758503, 'a2': 1.0954451150103324, 'a3': 3.398826897954585} logZ_max= 2.4724735185677065 obs_max= 8.530545481898628
dist_min= tensor(0.9817) dist_max= tensor(5.4078)
params_min,params_max=params_new,params_max
evaluating model at params_new={'a1': 0.2309401076758503, 'a2': 1.0954451150103324, 'a3': 3.3988268978504603}
params_min= {'a1': 0.2309401076758503, 'a2': 1.0954451150103324, 'a3': 3.398826897746335} logZ_min= 2.472471807640731 obs_min= 8.530032060280558
params_new= {'a1': 0.2309401076758503, 'a2': 1.0954451150103324, 'a3': 3.3988268978504603} logZ_new= 2.472469906637624 obs_new= 8.530128746374317
params_max= {'a1': 0.2309401076758503, 'a2': 1.0954451150103324, 'a3': 3.398826897954585} logZ_max= 2.4724735185677065 obs_max= 8.530545481898628
dist_min= tensor(0.2919) dist_max= tensor(5.4233)
params_min,params_max=params_new,params_max
evaluating model at params_new={'a1': 0.2309401076758503, 'a2': 1.0954451150103324, 'a3': 3.3988268979025227}
params_min= {'a1': 0.2309401076758503, 'a2': 1.0954451150103324, 'a3': 3.3988268978504603} logZ_min= 2.472469906637624 obs_min= 8.530128746374317
params_new= {'a1': 0.2309401076758503, 'a2': 1.0954451150103324, 'a3': 3.3988268979025227} logZ_new= 2.4724717706565182 obs_new= 8.530028209930304
params_max= {'a1': 0.2309401076758503, 'a2': 1.0954451150103324, 'a3': 3.398826897954585} logZ_max= 2.4724735185677065 obs_max= 8.530545481898628
dist_min= tensor(0.7043) dist_max= tensor(5.3764)
params_min,params_max=params_new,params_max
evaluating model at params_new={'a1': 0.2309401076758503, 'a2': 1.0954451150103324, 'a3': 3.398826897928554}
params_min= {'a1': 0.2309401076758503, 'a2': 1.0954451150103324, 'a3': 3.3988268979025227} logZ_min= 2.4724717706565182 obs_min= 8.530028209930304
params_new= {'a1': 0.2309401076758503, 'a2': 1.0954451150103324, 'a3': 3.398826897928554} logZ_new= 2.4724735192721865 obs_new= 8.530545778240946
params_max= {'a1': 0.2309401076758503, 'a2': 1.0954451150103324, 'a3': 3.398826897954585} logZ_max= 2.4724735185677065 obs_max= 8.530545481898628
dist_min= tensor(5.5305) dist_max= tensor(1.2250)
params_min,params_max=params_min,params_new
evaluating model at params_new={'a1': 0.2309401076758503, 'a2': 1.0954451150103324, 'a3': 3.398826897915538}
params_min= {'a1': 0.2309401076758503, 'a2': 1.0954451150103324, 'a3': 3.3988268979025227} logZ_min= 2.4724717706565182 obs_min= 8.530028209930304
params_new= {'a1': 0.2309401076758503, 'a2': 1.0954451150103324, 'a3': 3.398826897915538} logZ_new= 2.472471757357856 obs_new= 8.530050149338626
params_max= {'a1': 0.2309401076758503, 'a2': 1.0954451150103324, 'a3': 3.398826897928554} logZ_max= 2.4724735192721865 obs_max= 8.530545778240946
dist_min= tensor(1.0704) dist_max= tensor(5.3952)
params_min,params_max=params_new,params_max
evaluating model at params_new={'a1': 0.2309401076758503, 'a2': 1.0954451150103324, 'a3': 3.3988268979220457}
params_min= {'a1': 0.2309401076758503, 'a2': 1.0954451150103324, 'a3': 3.398826897915538} logZ_min= 2.472471757357856 obs_min= 8.530050149338626
params_new= {'a1': 0.2309401076758503, 'a2': 1.0954451150103324, 'a3': 3.3988268979220457} logZ_new= 2.4724735191749847 obs_new= 8.530545740179724
params_max= {'a1': 0.2309401076758503, 'a2': 1.0954451150103324, 'a3': 3.398826897928554} logZ_max= 2.4724735192721865 obs_max= 8.530545778240946
dist_min= tensor(5.3903) dist_max= tensor(0.0665)
params_min,params_max=params_min,params_new
evaluating model at params_new={'a1': 0.2309401076758503, 'a2': 1.0954451150103324, 'a3': 3.398826897918792}
params_min= {'a1': 0.2309401076758503, 'a2': 1.0954451150103324, 'a3': 3.398826897915538} logZ_min= 2.472471757357856 obs_min= 8.530050149338626
params_new= {'a1': 0.2309401076758503, 'a2': 1.0954451150103324, 'a3': 3.398826897918792} logZ_new= 2.47247172724903 obs_new= 8.530023921450546
params_max= {'a1': 0.2309401076758503, 'a2': 1.0954451150103324, 'a3': 3.3988268979220457} logZ_max= 2.4724735191749847 obs_max= 8.530545740179724
dist_min= tensor(0.4038) dist_max= tensor(5.4264)
params_min,params_max=params_new,params_max
evaluating model at params_new={'a1': 0.2309401076758503, 'a2': 1.0954451150103324, 'a3': 3.3988268979204186}
params_min= {'a1': 0.2309401076758503, 'a2': 1.0954451150103324, 'a3': 3.398826897918792} logZ_min= 2.47247172724903 obs_min= 8.530023921450546
params_new= {'a1': 0.2309401076758503, 'a2': 1.0954451150103324, 'a3': 3.3988268979204186} logZ_new= 2.4724735238878486 obs_new= 8.530548075799626
params_max= {'a1': 0.2309401076758503, 'a2': 1.0954451150103324, 'a3': 3.3988268979220457} logZ_max= 2.4724735191749847 obs_max= 8.530545740179724
dist_min= tensor(5.5552) dist_max= tensor(0.9729)
params_min,params_max=params_min,params_new
evaluating model at params_new={'a1': 0.2309401076758503, 'a2': 1.0954451150103324, 'a3': 3.398826897919605}
params_min= {'a1': 0.2309401076758503, 'a2': 1.0954451150103324, 'a3': 3.398826897918792} logZ_min= 2.47247172724903 obs_min= 8.530023921450546
params_new= {'a1': 0.2309401076758503, 'a2': 1.0954451150103324, 'a3': 3.398826897919605} logZ_new= 2.472473519750249 obs_new= 8.530545996099367
params_max= {'a1': 0.2309401076758503, 'a2': 1.0954451150103324, 'a3': 3.3988268979204186} logZ_max= 2.4724735238878486 obs_max= 8.530548075799626
dist_min= tensor(5.4628) dist_max= tensor(0.7417)
params_min,params_max=params_min,params_new
evaluating model at params_new={'a1': 0.2309401076758503, 'a2': 1.0954451150103324, 'a3': 3.3988268979191982}
params_min= {'a1': 0.2309401076758503, 'a2': 1.0954451150103324, 'a3': 3.398826897918792} logZ_min= 2.47247172724903 obs_min= 8.530023921450546
params_new= {'a1': 0.2309401076758503, 'a2': 1.0954451150103324, 'a3': 3.3988268979191982} logZ_new= 2.4724709955250708 obs_new= 8.530254674821213
params_max= {'a1': 0.2309401076758503, 'a2': 1.0954451150103324, 'a3': 3.398826897919605} logZ_max= 2.472473519750249 obs_max= 8.530545996099367
dist_min= tensor(5.0171) dist_max= tensor(1.6627)
params_min,params_max=params_min,params_new
evaluating model at params_new={'a1': 0.2309401076758503, 'a2': 1.0954451150103324, 'a3': 3.398826897918995}
params_min= {'a1': 0.2309401076758503, 'a2': 1.0954451150103324, 'a3': 3.398826897918792} logZ_min= 2.47247172724903 obs_min= 8.530023921450546
params_new= {'a1': 0.2309401076758503, 'a2': 1.0954451150103324, 'a3': 3.398826897918995} logZ_new= 2.4724717357406916 obs_new= 8.530022652699161
params_max= {'a1': 0.2309401076758503, 'a2': 1.0954451150103324, 'a3': 3.3988268979191982} logZ_max= 2.4724709955250708 obs_max= 8.530254674821213
dist_min= tensor(1.1005) dist_max= tensor(4.8629)
params_min,params_max=params_new,params_max
evaluating model at params_new={'a1': 0.2309401076758503, 'a2': 1.0954451150103324, 'a3': 3.3988268979190965}
params_min= {'a1': 0.2309401076758503, 'a2': 1.0954451150103324, 'a3': 3.398826897918995} logZ_min= 2.4724717357406916 obs_min= 8.530022652699161
params_new= {'a1': 0.2309401076758503, 'a2': 1.0954451150103324, 'a3': 3.3988268979190965} logZ_new= 2.472471788059565 obs_new= 8.530013050544497
params_max= {'a1': 0.2309401076758503, 'a2': 1.0954451150103324, 'a3': 3.3988268979191982} logZ_max= 2.4724709955250708 obs_max= 8.530254674821213
dist_min= tensor(1.2187) dist_max= tensor(4.6341)
params_min,params_max=params_new,params_max
evaluating model at params_new={'a1': 0.2309401076758503, 'a2': 1.0954451150103324, 'a3': 3.3988268979191476}
params_min= {'a1': 0.2309401076758503, 'a2': 1.0954451150103324, 'a3': 3.3988268979190965} logZ_min= 2.472471788059565 obs_min= 8.530013050544497
params_new= {'a1': 0.2309401076758503, 'a2': 1.0954451150103324, 'a3': 3.3988268979191476} logZ_new= 2.4724718550056037 obs_new= 8.530020429050614
params_max= {'a1': 0.2309401076758503, 'a2': 1.0954451150103324, 'a3': 3.3988268979191982} logZ_max= 2.4724709955250708 obs_max= 8.530254674821213
dist_min= tensor(0.4453) dist_max= tensor(4.5056)
params_min,params_max=params_new,params_max
evaluating model at params_new={'a1': 0.2309401076758503, 'a2': 1.0954451150103324, 'a3': 3.398826897919173}
params_min= {'a1': 0.2309401076758503, 'a2': 1.0954451150103324, 'a3': 3.3988268979191476} logZ_min= 2.4724718550056037 obs_min= 8.530020429050614
params_new= {'a1': 0.2309401076758503, 'a2': 1.0954451150103324, 'a3': 3.398826897919173} logZ_new= 2.4724718750011934 obs_new= 8.530010798835043
params_max= {'a1': 0.2309401076758503, 'a2': 1.0954451150103324, 'a3': 3.3988268979191982} logZ_max= 2.4724709955250708 obs_max= 8.530254674821213
dist_min= tensor(0.1938) dist_max= tensor(4.4850)
params_min,params_max=params_new,params_max
evaluating model at params_new={'a1': 0.2309401076758503, 'a2': 1.0954451150103324, 'a3': 3.398826897919186}
params_min= {'a1': 0.2309401076758503, 'a2': 1.0954451150103324, 'a3': 3.398826897919173} logZ_min= 2.4724718750011934 obs_min= 8.530010798835043
params_new= {'a1': 0.2309401076758503, 'a2': 1.0954451150103324, 'a3': 3.398826897919186} logZ_new= 2.4724717241136527 obs_new= 8.53000691000809
params_max= {'a1': 0.2309401076758503, 'a2': 1.0954451150103324, 'a3': 3.3988268979191982} logZ_max= 2.4724709955250708 obs_max= 8.530254674821213
dist_min= tensor(0.8662) dist_max= tensor(4.6098)
params_min,params_max=params_new,params_max
evaluating model at params_new={'a1': 0.2309401076758503, 'a2': 1.0954451150103324, 'a3': 3.398826897919192}
params_min= {'a1': 0.2309401076758503, 'a2': 1.0954451150103324, 'a3': 3.398826897919186} logZ_min= 2.4724717241136527 obs_min= 8.53000691000809
params_new= {'a1': 0.2309401076758503, 'a2': 1.0954451150103324, 'a3': 3.398826897919192} logZ_new= 2.472471236373688 obs_new= 8.52999369325759
params_max= {'a1': 0.2309401076758503, 'a2': 1.0954451150103324, 'a3': 3.3988268979191982} logZ_max= 2.4724709955250708 obs_max= 8.530254674821213
dist_min= tensor(3.0026) dist_max= tensor(1.9100)
params_min,params_max=params_min,params_new
evaluating model at params_new={'a1': 0.2309401076758503, 'a2': 1.0954451150103324, 'a3': 3.398826897919189}
params_min= {'a1': 0.2309401076758503, 'a2': 1.0954451150103324, 'a3': 3.398826897919186} logZ_min= 2.4724717241136527 obs_min= 8.53000691000809
params_new= {'a1': 0.2309401076758503, 'a2': 1.0954451150103324, 'a3': 3.398826897919189} logZ_new= 2.4724705730123397 obs_new= 8.530534506722645
params_max= {'a1': 0.2309401076758503, 'a2': 1.0954451150103324, 'a3': 3.398826897919192} logZ_max= 2.472471236373688 obs_max= 8.52999369325759
dist_min= tensor(2.5235) dist_max= tensor(0.7017)
params_min,params_max=params_min,params_new
evaluating model at params_new={'a1': 0.2309401076758503, 'a2': 1.0954451150103324, 'a3': 3.3988268979191876}
params_min= {'a1': 0.2309401076758503, 'a2': 1.0954451150103324, 'a3': 3.398826897919186} logZ_min= 2.4724717241136527 obs_min= 8.53000691000809
params_new= {'a1': 0.2309401076758503, 'a2': 1.0954451150103324, 'a3': 3.3988268979191876} logZ_new= 2.4724717252798745 obs_new= 8.530016487481737
params_max= {'a1': 0.2309401076758503, 'a2': 1.0954451150103324, 'a3': 3.398826897919189} logZ_max= 2.4724705730123397 obs_max= 8.530534506722645
dist_min= tensor(0.9732) dist_max= tensor(2.8372)
params_min,params_max=params_new,params_max
evaluating model at params_new={'a1': 0.2309401076758503, 'a2': 1.0954451150103324, 'a3': 3.3988268979191885}
params_min= {'a1': 0.2309401076758503, 'a2': 1.0954451150103324, 'a3': 3.3988268979191876} logZ_min= 2.4724717252798745 obs_min= 8.530016487481737
params_new= {'a1': 0.2309401076758503, 'a2': 1.0954451150103324, 'a3': 3.3988268979191885} logZ_new= 2.472471797645246 obs_new= 8.530029941375748
params_max= {'a1': 0.2309401076758503, 'a2': 1.0954451150103324, 'a3': 3.398826897919189} logZ_max= 2.4724705730123397 obs_max= 8.530534506722645
dist_min= tensor(0.0728) dist_max= tensor(2.8643)
params_min,params_max=params_new,params_max
critical params found:  {'a1': 0.2309401076758503, 'a2': 1.0954451150103324, 'a3': 3.3988268979191885}
reference params:  {'a1': 1.1547005383792515, 'a2': 1.8257418583505538, 'a3': 4.47213595499958}
file saved to  data/AKLT3D_X10_scan_grid_critical_a3/a1_0.2309401_a2_1.0954451/Tc.json
