Start running find_critical_temp.py with options:{'filename': 'data/AKLT3D_X10_scan_grid_critical_a3/a1_0.9237604_a2_3.2863353/Tc.json', 'log_filename': 'data/AKLT3D_X10_scan_grid_critical_a3/a1_0.9237604_a2_3.2863353/Tc.log', 'nLayers': 60, 'max_dim': 10, 'model': 'AKLT3D', 'params_min': "{'a1': 0.9237604307034012, 'a2': 3.286335345030997, 'a3': 1.788854381999832}", 'params_max': "{'a1': 0.9237604307034012, 'a2': 3.286335345030997, 'a3': 2.683281572999748}", 'params_ref': None, 'observable_name': 'magnetizationZ', 'tol': 0.0, 'gilt_enabled': False, 'gilt_eps': 8e-07, 'gilt_nIter': 1, 'mcf_enabled': True, 'mcf_eps': 1e-16, 'mcf_max_iter': 200, 'hotrg_sanity_check': False, 'version': 1, 'device': 'cuda:1'}
loading library...
evaluating model at params_min={'a1': 0.9237604307034012, 'a2': 3.286335345030997, 'a3': 1.788854381999832}
params_min= {'a1': 0.9237604307034012, 'a2': 3.286335345030997, 'a3': 1.788854381999832} logZ_min= 3.3745121973466814 obs_min= 2.2609345373431604e-30
evaluating model at params_max={'a1': 0.9237604307034012, 'a2': 3.286335345030997, 'a3': 2.683281572999748}
params_max= {'a1': 0.9237604307034012, 'a2': 3.286335345030997, 'a3': 2.683281572999748} logZ_max= 3.41483216043259 obs_max= 1.5935004834595916
searching for critical temperature using bisection method
evaluating model at params_new={'a1': 0.9237604307034012, 'a2': 3.286335345030997, 'a3': 2.23606797749979}
params_min= {'a1': 0.9237604307034012, 'a2': 3.286335345030997, 'a3': 1.788854381999832} logZ_min= 3.3745121973466814 obs_min= 2.2609345373431604e-30
params_new= {'a1': 0.9237604307034012, 'a2': 3.286335345030997, 'a3': 2.23606797749979} logZ_new= 3.396326747782379 obs_new= 1.0350946236501537
params_max= {'a1': 0.9237604307034012, 'a2': 3.286335345030997, 'a3': 2.683281572999748} logZ_max= 3.41483216043259 obs_max= 1.5935004834595916
dist_min= tensor(8.4710) dist_max= tensor(719.1691)
params_min,params_max=params_new,params_max
evaluating model at params_new={'a1': 0.9237604307034012, 'a2': 3.286335345030997, 'a3': 2.459674775249769}
params_min= {'a1': 0.9237604307034012, 'a2': 3.286335345030997, 'a3': 2.23606797749979} logZ_min= 3.396326747782379 obs_min= 1.0350946236501537
params_new= {'a1': 0.9237604307034012, 'a2': 3.286335345030997, 'a3': 2.459674775249769} logZ_new= nan obs_new= 1.3250334687568204
params_max= {'a1': 0.9237604307034012, 'a2': 3.286335345030997, 'a3': 2.683281572999748} logZ_max= 3.41483216043259 obs_max= 1.5935004834595916
dist_min= tensor(1.8665) dist_max= tensor(719.1266)
params_min,params_max=params_new,params_max
evaluating model at params_new={'a1': 0.9237604307034012, 'a2': 3.286335345030997, 'a3': 2.5714781741247585}
params_min= {'a1': 0.9237604307034012, 'a2': 3.286335345030997, 'a3': 2.459674775249769} logZ_min= nan obs_min= 1.3250334687568204
params_new= {'a1': 0.9237604307034012, 'a2': 3.286335345030997, 'a3': 2.5714781741247585} logZ_new= nan obs_new= 1.468642625171934
params_max= {'a1': 0.9237604307034012, 'a2': 3.286335345030997, 'a3': 2.683281572999748} logZ_max= 3.41483216043259 obs_max= 1.5935004834595916
dist_min= tensor(2.6250) dist_max= tensor(718.1923)
params_min,params_max=params_new,params_max
evaluating model at params_new={'a1': 0.9237604307034012, 'a2': 3.286335345030997, 'a3': 2.627379873562253}
params_min= {'a1': 0.9237604307034012, 'a2': 3.286335345030997, 'a3': 2.5714781741247585} logZ_min= nan obs_min= 1.468642625171934
params_new= {'a1': 0.9237604307034012, 'a2': 3.286335345030997, 'a3': 2.627379873562253} logZ_new= nan obs_new= 1.5349640803841025
params_max= {'a1': 0.9237604307034012, 'a2': 3.286335345030997, 'a3': 2.683281572999748} logZ_max= 3.41483216043259 obs_max= 1.5935004834595916
dist_min= tensor(2.5669) dist_max= tensor(718.9760)
params_min,params_max=params_new,params_max
evaluating model at params_new={'a1': 0.9237604307034012, 'a2': 3.286335345030997, 'a3': 2.6553307232810006}
params_min= {'a1': 0.9237604307034012, 'a2': 3.286335345030997, 'a3': 2.627379873562253} logZ_min= nan obs_min= 1.5349640803841025
params_new= {'a1': 0.9237604307034012, 'a2': 3.286335345030997, 'a3': 2.6553307232810006} logZ_new= nan obs_new= 1.5639974583071146
params_max= {'a1': 0.9237604307034012, 'a2': 3.286335345030997, 'a3': 2.683281572999748} logZ_max= 3.41483216043259 obs_max= 1.5935004834595916
dist_min= tensor(453.9344) dist_max= tensor(851.7130)
params_min,params_max=params_new,params_max
evaluating model at params_new={'a1': 0.9237604307034012, 'a2': 3.286335345030997, 'a3': 2.6693061481403744}
params_min= {'a1': 0.9237604307034012, 'a2': 3.286335345030997, 'a3': 2.6553307232810006} logZ_min= nan obs_min= 1.5639974583071146
params_new= {'a1': 0.9237604307034012, 'a2': 3.286335345030997, 'a3': 2.6693061481403744} logZ_new= 3.414212645299328 obs_new= 1.5778286091093945
params_max= {'a1': 0.9237604307034012, 'a2': 3.286335345030997, 'a3': 2.683281572999748} logZ_max= 3.41483216043259 obs_max= 1.5935004834595916
dist_min= tensor(455.7118) dist_max= tensor(718.5771)
params_min,params_max=params_new,params_max
evaluating model at params_new={'a1': 0.9237604307034012, 'a2': 3.286335345030997, 'a3': 2.6762938605700612}
params_min= {'a1': 0.9237604307034012, 'a2': 3.286335345030997, 'a3': 2.6693061481403744} logZ_min= 3.414212645299328 obs_min= 1.5778286091093945
params_new= {'a1': 0.9237604307034012, 'a2': 3.286335345030997, 'a3': 2.6762938605700612} logZ_new= 3.414524589379356 obs_new= 1.5856098408921109
params_max= {'a1': 0.9237604307034012, 'a2': 3.286335345030997, 'a3': 2.683281572999748} logZ_max= 3.41483216043259 obs_max= 1.5935004834595916
dist_min= tensor(0.5501) dist_max= tensor(718.5088)
params_min,params_max=params_new,params_max
evaluating model at params_new={'a1': 0.9237604307034012, 'a2': 3.286335345030997, 'a3': 2.6797877167849045}
params_min= {'a1': 0.9237604307034012, 'a2': 3.286335345030997, 'a3': 2.6762938605700612} logZ_min= 3.414524589379356 obs_min= 1.5856098408921109
params_new= {'a1': 0.9237604307034012, 'a2': 3.286335345030997, 'a3': 2.6797877167849045} logZ_new= 3.414173647622195 obs_new= 1.5979359757736777
params_max= {'a1': 0.9237604307034012, 'a2': 3.286335345030997, 'a3': 2.683281572999748} logZ_max= 3.41483216043259 obs_max= 1.5935004834595916
dist_min= tensor(0.1010) dist_max= tensor(718.5088)
params_min,params_max=params_new,params_max
evaluating model at params_new={'a1': 0.9237604307034012, 'a2': 3.286335345030997, 'a3': 2.6815346448923263}
params_min= {'a1': 0.9237604307034012, 'a2': 3.286335345030997, 'a3': 2.6797877167849045} logZ_min= 3.414173647622195 obs_min= 1.5979359757736777
params_new= {'a1': 0.9237604307034012, 'a2': 3.286335345030997, 'a3': 2.6815346448923263} logZ_new= 3.4147551177107234 obs_new= 1.5915271272503089
params_max= {'a1': 0.9237604307034012, 'a2': 3.286335345030997, 'a3': 2.683281572999748} logZ_max= 3.41483216043259 obs_max= 1.5935004834595916
dist_min= tensor(1.4565) dist_max= tensor(719.1510)
params_min,params_max=params_new,params_max
evaluating model at params_new={'a1': 0.9237604307034012, 'a2': 3.286335345030997, 'a3': 2.682408108946037}
params_min= {'a1': 0.9237604307034012, 'a2': 3.286335345030997, 'a3': 2.6815346448923263} logZ_min= 3.4147551177107234 obs_min= 1.5915271272503089
params_new= {'a1': 0.9237604307034012, 'a2': 3.286335345030997, 'a3': 2.682408108946037} logZ_new= 3.4145550869704326 obs_new= 1.596528355860225
params_max= {'a1': 0.9237604307034012, 'a2': 3.286335345030997, 'a3': 2.683281572999748} logZ_max= 3.41483216043259 obs_max= 1.5935004834595916
dist_min= tensor(1.6998) dist_max= tensor(718.5092)
params_min,params_max=params_new,params_max
evaluating model at params_new={'a1': 0.9237604307034012, 'a2': 3.286335345030997, 'a3': 2.6828448409728924}
params_min= {'a1': 0.9237604307034012, 'a2': 3.286335345030997, 'a3': 2.682408108946037} logZ_min= 3.4145550869704326 obs_min= 1.596528355860225
params_new= {'a1': 0.9237604307034012, 'a2': 3.286335345030997, 'a3': 2.6828448409728924} logZ_new= 3.4128598689262084 obs_new= 1.6427051567665685
params_max= {'a1': 0.9237604307034012, 'a2': 3.286335345030997, 'a3': 2.683281572999748} logZ_max= 3.41483216043259 obs_max= 1.5935004834595916
dist_min= tensor(0.1469) dist_max= tensor(718.5092)
params_min,params_max=params_new,params_max
evaluating model at params_new={'a1': 0.9237604307034012, 'a2': 3.286335345030997, 'a3': 2.6830632069863203}
params_min= {'a1': 0.9237604307034012, 'a2': 3.286335345030997, 'a3': 2.6828448409728924} logZ_min= 3.4128598689262084 obs_min= 1.6427051567665685
params_new= {'a1': 0.9237604307034012, 'a2': 3.286335345030997, 'a3': 2.6830632069863203} logZ_new= 3.4144500709446453 obs_new= 1.599478364060842
params_max= {'a1': 0.9237604307034012, 'a2': 3.286335345030997, 'a3': 2.683281572999748} logZ_max= 3.41483216043259 obs_max= 1.5935004834595916
dist_min= tensor(40.0059) dist_max= tensor(720.0076)
params_min,params_max=params_new,params_max
evaluating model at params_new={'a1': 0.9237604307034012, 'a2': 3.286335345030997, 'a3': 2.683172389993034}
params_min= {'a1': 0.9237604307034012, 'a2': 3.286335345030997, 'a3': 2.6830632069863203} logZ_min= 3.4144500709446453 obs_min= 1.599478364060842
params_new= {'a1': 0.9237604307034012, 'a2': 3.286335345030997, 'a3': 2.683172389993034} logZ_new= 3.4148122233644447 obs_new= 1.5936342764740983
params_max= {'a1': 0.9237604307034012, 'a2': 3.286335345030997, 'a3': 2.683281572999748} logZ_max= 3.41483216043259 obs_max= 1.5935004834595916
dist_min= tensor(40.6284) dist_max= tensor(719.1913)
params_min,params_max=params_new,params_max
evaluating model at params_new={'a1': 0.9237604307034012, 'a2': 3.286335345030997, 'a3': 2.683226981496391}
params_min= {'a1': 0.9237604307034012, 'a2': 3.286335345030997, 'a3': 2.683172389993034} logZ_min= 3.4148122233644447 obs_min= 1.5936342764740983
params_new= {'a1': 0.9237604307034012, 'a2': 3.286335345030997, 'a3': 2.683226981496391} logZ_new= 3.4146783527808817 obs_new= 1.5959971318816772
params_max= {'a1': 0.9237604307034012, 'a2': 3.286335345030997, 'a3': 2.683281572999748} logZ_max= 3.41483216043259 obs_max= 1.5935004834595916
dist_min= tensor(353.1166) dist_max= tensor(800.8711)
params_min,params_max=params_new,params_max
evaluating model at params_new={'a1': 0.9237604307034012, 'a2': 3.286335345030997, 'a3': 2.6832542772480696}
params_min= {'a1': 0.9237604307034012, 'a2': 3.286335345030997, 'a3': 2.683226981496391} logZ_min= 3.4146783527808817 obs_min= 1.5959971318816772
params_new= {'a1': 0.9237604307034012, 'a2': 3.286335345030997, 'a3': 2.6832542772480696} logZ_new= 3.4145076525297213 obs_new= 1.5988861860093067
params_max= {'a1': 0.9237604307034012, 'a2': 3.286335345030997, 'a3': 2.683281572999748} logZ_max= 3.41483216043259 obs_max= 1.5935004834595916
dist_min= tensor(352.6565) dist_max= tensor(718.9404)
params_min,params_max=params_new,params_max
evaluating model at params_new={'a1': 0.9237604307034012, 'a2': 3.286335345030997, 'a3': 2.683267925123909}
params_min= {'a1': 0.9237604307034012, 'a2': 3.286335345030997, 'a3': 2.6832542772480696} logZ_min= 3.4145076525297213 obs_min= 1.5988861860093067
params_new= {'a1': 0.9237604307034012, 'a2': 3.286335345030997, 'a3': 2.683267925123909} logZ_new= nan obs_new= 1.6020557383622809
params_max= {'a1': 0.9237604307034012, 'a2': 3.286335345030997, 'a3': 2.683281572999748} logZ_max= 3.41483216043259 obs_max= 1.5935004834595916
dist_min= tensor(6.5262) dist_max= tensor(719.2224)
params_min,params_max=params_new,params_max
evaluating model at params_new={'a1': 0.9237604307034012, 'a2': 3.286335345030997, 'a3': 2.6832747490618285}
params_min= {'a1': 0.9237604307034012, 'a2': 3.286335345030997, 'a3': 2.683267925123909} logZ_min= nan obs_min= 1.6020557383622809
params_new= {'a1': 0.9237604307034012, 'a2': 3.286335345030997, 'a3': 2.6832747490618285} logZ_new= 3.414828954369317 obs_new= 1.5935422071178627
params_max= {'a1': 0.9237604307034012, 'a2': 3.286335345030997, 'a3': 2.683281572999748} logZ_max= 3.41483216043259 obs_max= 1.5935004834595916
dist_min= tensor(7.2095) dist_max= tensor(719.1240)
params_min,params_max=params_new,params_max
evaluating model at params_new={'a1': 0.9237604307034012, 'a2': 3.286335345030997, 'a3': 2.6832781610307883}
params_min= {'a1': 0.9237604307034012, 'a2': 3.286335345030997, 'a3': 2.6832747490618285} logZ_min= 3.414828954369317 obs_min= 1.5935422071178627
params_new= {'a1': 0.9237604307034012, 'a2': 3.286335345030997, 'a3': 2.6832781610307883} logZ_new= 3.413225801503475 obs_new= 1.638749891887396
params_max= {'a1': 0.9237604307034012, 'a2': 3.286335345030997, 'a3': 2.683281572999748} logZ_max= 3.41483216043259 obs_max= 1.5935004834595916
dist_min= tensor(2.7114) dist_max= tensor(718.5100)
params_min,params_max=params_new,params_max
evaluating model at params_new={'a1': 0.9237604307034012, 'a2': 3.286335345030997, 'a3': 2.683279867015268}
params_min= {'a1': 0.9237604307034012, 'a2': 3.286335345030997, 'a3': 2.6832781610307883} logZ_min= 3.413225801503475 obs_min= 1.638749891887396
params_new= {'a1': 0.9237604307034012, 'a2': 3.286335345030997, 'a3': 2.683279867015268} logZ_new= nan obs_new= 1.5935076607409322
params_max= {'a1': 0.9237604307034012, 'a2': 3.286335345030997, 'a3': 2.683281572999748} logZ_max= 3.41483216043259 obs_max= 1.5935004834595916
dist_min= tensor(73.8696) dist_max= tensor(722.8513)
params_min,params_max=params_new,params_max
evaluating model at params_new={'a1': 0.9237604307034012, 'a2': 3.286335345030997, 'a3': 2.683280720007508}
params_min= {'a1': 0.9237604307034012, 'a2': 3.286335345030997, 'a3': 2.683279867015268} logZ_min= nan obs_min= 1.5935076607409322
params_new= {'a1': 0.9237604307034012, 'a2': 3.286335345030997, 'a3': 2.683280720007508} logZ_new= nan obs_new= 1.593999786547347
params_max= {'a1': 0.9237604307034012, 'a2': 3.286335345030997, 'a3': 2.683281572999748} logZ_max= 3.41483216043259 obs_max= 1.5935004834595916
dist_min= tensor(23.4006) dist_max= tensor(725.6350)
params_min,params_max=params_new,params_max
evaluating model at params_new={'a1': 0.9237604307034012, 'a2': 3.286335345030997, 'a3': 2.683281146503628}
params_min= {'a1': 0.9237604307034012, 'a2': 3.286335345030997, 'a3': 2.683280720007508} logZ_min= nan obs_min= 1.593999786547347
params_new= {'a1': 0.9237604307034012, 'a2': 3.286335345030997, 'a3': 2.683281146503628} logZ_new= nan obs_new= 1.6013346724464959
params_max= {'a1': 0.9237604307034012, 'a2': 3.286335345030997, 'a3': 2.683281572999748} logZ_max= 3.41483216043259 obs_max= 1.5935004834595916
dist_min= tensor(97.3458) dist_max= tensor(719.0487)
params_min,params_max=params_new,params_max
evaluating model at params_new={'a1': 0.9237604307034012, 'a2': 3.286335345030997, 'a3': 2.683281359751688}
params_min= {'a1': 0.9237604307034012, 'a2': 3.286335345030997, 'a3': 2.683281146503628} logZ_min= nan obs_min= 1.6013346724464959
params_new= {'a1': 0.9237604307034012, 'a2': 3.286335345030997, 'a3': 2.683281359751688} logZ_new= 3.414411062870255 obs_new= 1.60051925128254
params_max= {'a1': 0.9237604307034012, 'a2': 3.286335345030997, 'a3': 2.683281572999748} logZ_max= 3.41483216043259 obs_max= 1.5935004834595916
dist_min= tensor(1.3887) dist_max= tensor(717.8982)
params_min,params_max=params_new,params_max
evaluating model at params_new={'a1': 0.9237604307034012, 'a2': 3.286335345030997, 'a3': 2.683281466375718}
params_min= {'a1': 0.9237604307034012, 'a2': 3.286335345030997, 'a3': 2.683281359751688} logZ_min= 3.414411062870255 obs_min= 1.60051925128254
params_new= {'a1': 0.9237604307034012, 'a2': 3.286335345030997, 'a3': 2.683281466375718} logZ_new= 3.41394273418554 obs_new= 1.6079374449466772
params_max= {'a1': 0.9237604307034012, 'a2': 3.286335345030997, 'a3': 2.683281572999748} logZ_max= 3.41483216043259 obs_max= 1.5935004834595916
dist_min= tensor(15.4184) dist_max= tensor(719.0691)
params_min,params_max=params_new,params_max
evaluating model at params_new={'a1': 0.9237604307034012, 'a2': 3.286335345030997, 'a3': 2.683281519687733}
params_min= {'a1': 0.9237604307034012, 'a2': 3.286335345030997, 'a3': 2.683281466375718} logZ_min= 3.41394273418554 obs_min= 1.6079374449466772
params_new= {'a1': 0.9237604307034012, 'a2': 3.286335345030997, 'a3': 2.683281519687733} logZ_new= nan obs_new= 1.5937976992866638
params_max= {'a1': 0.9237604307034012, 'a2': 3.286335345030997, 'a3': 2.683281572999748} logZ_max= 3.41483216043259 obs_max= 1.5935004834595916
dist_min= tensor(181.9581) dist_max= tensor(740.9774)
params_min,params_max=params_new,params_max
evaluating model at params_new={'a1': 0.9237604307034012, 'a2': 3.286335345030997, 'a3': 2.6832815463437405}
params_min= {'a1': 0.9237604307034012, 'a2': 3.286335345030997, 'a3': 2.683281519687733} logZ_min= nan obs_min= 1.5937976992866638
params_new= {'a1': 0.9237604307034012, 'a2': 3.286335345030997, 'a3': 2.6832815463437405} logZ_new= 3.4145296186136975 obs_new= 1.598574465832495
params_max= {'a1': 0.9237604307034012, 'a2': 3.286335345030997, 'a3': 2.683281572999748} logZ_max= 3.41483216043259 obs_max= 1.5935004834595916
dist_min= tensor(180.9568) dist_max= tensor(718.9809)
params_min,params_max=params_new,params_max
evaluating model at params_new={'a1': 0.9237604307034012, 'a2': 3.286335345030997, 'a3': 2.6832815596717445}
params_min= {'a1': 0.9237604307034012, 'a2': 3.286335345030997, 'a3': 2.6832815463437405} logZ_min= 3.4145296186136975 obs_min= 1.598574465832495
params_new= {'a1': 0.9237604307034012, 'a2': 3.286335345030997, 'a3': 2.6832815596717445} logZ_new= 3.4136981671710633 obs_new= 1.6321769384660454
params_max= {'a1': 0.9237604307034012, 'a2': 3.286335345030997, 'a3': 2.683281572999748} logZ_max= 3.41483216043259 obs_max= 1.5935004834595916
dist_min= tensor(0.9926) dist_max= tensor(719.1539)
params_min,params_max=params_new,params_max
evaluating model at params_new={'a1': 0.9237604307034012, 'a2': 3.286335345030997, 'a3': 2.6832815663357463}
params_min= {'a1': 0.9237604307034012, 'a2': 3.286335345030997, 'a3': 2.6832815596717445} logZ_min= 3.4136981671710633 obs_min= 1.6321769384660454
params_new= {'a1': 0.9237604307034012, 'a2': 3.286335345030997, 'a3': 2.6832815663357463} logZ_new= 3.4146747908430606 obs_new= 1.596158877588481
params_max= {'a1': 0.9237604307034012, 'a2': 3.286335345030997, 'a3': 2.683281572999748} logZ_max= 3.41483216043259 obs_max= 1.5935004834595916
dist_min= tensor(1.3711) dist_max= tensor(718.5616)
params_min,params_max=params_new,params_max
evaluating model at params_new={'a1': 0.9237604307034012, 'a2': 3.286335345030997, 'a3': 2.6832815696677472}
params_min= {'a1': 0.9237604307034012, 'a2': 3.286335345030997, 'a3': 2.6832815663357463} logZ_min= 3.4146747908430606 obs_min= 1.596158877588481
params_new= {'a1': 0.9237604307034012, 'a2': 3.286335345030997, 'a3': 2.6832815696677472} logZ_new= 3.4146989697412 obs_new= 1.5957530696299522
params_max= {'a1': 0.9237604307034012, 'a2': 3.286335345030997, 'a3': 2.683281572999748} logZ_max= 3.41483216043259 obs_max= 1.5935004834595916
dist_min= tensor(0.5923) dist_max= tensor(718.9422)
params_min,params_max=params_new,params_max
evaluating model at params_new={'a1': 0.9237604307034012, 'a2': 3.286335345030997, 'a3': 2.6832815713337475}
params_min= {'a1': 0.9237604307034012, 'a2': 3.286335345030997, 'a3': 2.6832815696677472} logZ_min= 3.4146989697412 obs_min= 1.5957530696299522
params_new= {'a1': 0.9237604307034012, 'a2': 3.286335345030997, 'a3': 2.6832815713337475} logZ_new= 3.4148224254182082 obs_new= 1.593666088161367
params_max= {'a1': 0.9237604307034012, 'a2': 3.286335345030997, 'a3': 2.683281572999748} logZ_max= 3.41483216043259 obs_max= 1.5935004834595916
dist_min= tensor(0.6286) dist_max= tensor(718.5357)
params_min,params_max=params_new,params_max
evaluating model at params_new={'a1': 0.9237604307034012, 'a2': 3.286335345030997, 'a3': 2.683281572166748}
params_min= {'a1': 0.9237604307034012, 'a2': 3.286335345030997, 'a3': 2.6832815713337475} logZ_min= 3.4148224254182082 obs_min= 1.593666088161367
params_new= {'a1': 0.9237604307034012, 'a2': 3.286335345030997, 'a3': 2.683281572166748} logZ_new= 3.4148247694761804 obs_new= 1.5936262272934816
params_max= {'a1': 0.9237604307034012, 'a2': 3.286335345030997, 'a3': 2.683281572999748} logZ_max= 3.41483216043259 obs_max= 1.5935004834595916
dist_min= tensor(1.4810) dist_max= tensor(719.1633)
params_min,params_max=params_new,params_max
evaluating model at params_new={'a1': 0.9237604307034012, 'a2': 3.286335345030997, 'a3': 2.683281572583248}
params_min= {'a1': 0.9237604307034012, 'a2': 3.286335345030997, 'a3': 2.683281572166748} logZ_min= 3.4148247694761804 obs_min= 1.5936262272934816
params_new= {'a1': 0.9237604307034012, 'a2': 3.286335345030997, 'a3': 2.683281572583248} logZ_new= nan obs_new= 1.594248528965462
params_max= {'a1': 0.9237604307034012, 'a2': 3.286335345030997, 'a3': 2.683281572999748} logZ_max= 3.41483216043259 obs_max= 1.5935004834595916
dist_min= tensor(107.6410) dist_max= tensor(726.4040)
params_min,params_max=params_new,params_max
evaluating model at params_new={'a1': 0.9237604307034012, 'a2': 3.286335345030997, 'a3': 2.683281572791498}
params_min= {'a1': 0.9237604307034012, 'a2': 3.286335345030997, 'a3': 2.683281572583248} logZ_min= nan obs_min= 1.594248528965462
params_new= {'a1': 0.9237604307034012, 'a2': 3.286335345030997, 'a3': 2.683281572791498} logZ_new= 3.414301563617291 obs_new= 1.602293082338912
params_max= {'a1': 0.9237604307034012, 'a2': 3.286335345030997, 'a3': 2.683281572999748} logZ_max= 3.41483216043259 obs_max= 1.5935004834595916
dist_min= tensor(108.5443) dist_max= tensor(716.7112)
params_min,params_max=params_new,params_max
evaluating model at params_new={'a1': 0.9237604307034012, 'a2': 3.286335345030997, 'a3': 2.683281572895623}
params_min= {'a1': 0.9237604307034012, 'a2': 3.286335345030997, 'a3': 2.683281572791498} logZ_min= 3.414301563617291 obs_min= 1.602293082338912
params_new= {'a1': 0.9237604307034012, 'a2': 3.286335345030997, 'a3': 2.683281572895623} logZ_new= 3.4148152775035303 obs_new= 1.5937875930002496
params_max= {'a1': 0.9237604307034012, 'a2': 3.286335345030997, 'a3': 2.683281572999748} logZ_max= 3.41483216043259 obs_max= 1.5935004834595916
dist_min= tensor(13.9984) dist_max= tensor(718.5087)
params_min,params_max=params_new,params_max
evaluating model at params_new={'a1': 0.9237604307034012, 'a2': 3.286335345030997, 'a3': 2.6832815729476858}
params_min= {'a1': 0.9237604307034012, 'a2': 3.286335345030997, 'a3': 2.683281572895623} logZ_min= 3.4148152775035303 obs_min= 1.5937875930002496
params_new= {'a1': 0.9237604307034012, 'a2': 3.286335345030997, 'a3': 2.6832815729476858} logZ_new= 3.4145655489010025 obs_new= 1.5979800428275268
params_max= {'a1': 0.9237604307034012, 'a2': 3.286335345030997, 'a3': 2.683281572999748} logZ_max= 3.41483216043259 obs_max= 1.5935004834595916
dist_min= tensor(0.4821) dist_max= tensor(718.5089)
params_min,params_max=params_new,params_max
evaluating model at params_new={'a1': 0.9237604307034012, 'a2': 3.286335345030997, 'a3': 2.683281572973717}
params_min= {'a1': 0.9237604307034012, 'a2': 3.286335345030997, 'a3': 2.6832815729476858} logZ_min= 3.4145655489010025 obs_min= 1.5979800428275268
params_new= {'a1': 0.9237604307034012, 'a2': 3.286335345030997, 'a3': 2.683281572973717} logZ_new= nan obs_new= 1.6000874737098485
params_max= {'a1': 0.9237604307034012, 'a2': 3.286335345030997, 'a3': 2.683281572999748} logZ_max= 3.41483216043259 obs_max= 1.5935004834595916
dist_min= tensor(13.2904) dist_max= tensor(707.0896)
params_min,params_max=params_new,params_max
evaluating model at params_new={'a1': 0.9237604307034012, 'a2': 3.286335345030997, 'a3': 2.6832815729867328}
params_min= {'a1': 0.9237604307034012, 'a2': 3.286335345030997, 'a3': 2.683281572973717} logZ_min= nan obs_min= 1.6000874737098485
params_new= {'a1': 0.9237604307034012, 'a2': 3.286335345030997, 'a3': 2.6832815729867328} logZ_new= 3.4148326168210477 obs_new= 1.5934927158919663
params_max= {'a1': 0.9237604307034012, 'a2': 3.286335345030997, 'a3': 2.683281572999748} logZ_max= 3.41483216043259 obs_max= 1.5935004834595916
dist_min= tensor(13.2807) dist_max= tensor(718.5090)
params_min,params_max=params_new,params_max
evaluating model at params_new={'a1': 0.9237604307034012, 'a2': 3.286335345030997, 'a3': 2.6832815729932404}
params_min= {'a1': 0.9237604307034012, 'a2': 3.286335345030997, 'a3': 2.6832815729867328} logZ_min= 3.4148326168210477 obs_min= 1.5934927158919663
params_new= {'a1': 0.9237604307034012, 'a2': 3.286335345030997, 'a3': 2.6832815729932404} logZ_new= 3.413896700257906 obs_new= 1.608642103200661
params_max= {'a1': 0.9237604307034012, 'a2': 3.286335345030997, 'a3': 2.683281572999748} logZ_max= 3.41483216043259 obs_max= 1.5935004834595916
dist_min= tensor(0.1785) dist_max= tensor(718.5088)
params_min,params_max=params_new,params_max
evaluating model at params_new={'a1': 0.9237604307034012, 'a2': 3.286335345030997, 'a3': 2.6832815729964943}
params_min= {'a1': 0.9237604307034012, 'a2': 3.286335345030997, 'a3': 2.6832815729932404} logZ_min= 3.413896700257906 obs_min= 1.608642103200661
params_new= {'a1': 0.9237604307034012, 'a2': 3.286335345030997, 'a3': 2.6832815729964943} logZ_new= 3.4148318202029286 obs_new= 1.5935062738168582
params_max= {'a1': 0.9237604307034012, 'a2': 3.286335345030997, 'a3': 2.683281572999748} logZ_max= 3.41483216043259 obs_max= 1.5935004834595916
dist_min= tensor(1.4737) dist_max= tensor(719.1489)
params_min,params_max=params_new,params_max
evaluating model at params_new={'a1': 0.9237604307034012, 'a2': 3.286335345030997, 'a3': 2.683281572998121}
params_min= {'a1': 0.9237604307034012, 'a2': 3.286335345030997, 'a3': 2.6832815729964943} logZ_min= 3.4148318202029286 obs_min= 1.5935062738168582
params_new= {'a1': 0.9237604307034012, 'a2': 3.286335345030997, 'a3': 2.683281572998121} logZ_new= nan obs_new= 1.5935447853765707
params_max= {'a1': 0.9237604307034012, 'a2': 3.286335345030997, 'a3': 2.683281572999748} logZ_max= 3.41483216043259 obs_max= 1.5935004834595916
dist_min= tensor(19.8135) dist_max= tensor(718.5816)
params_min,params_max=params_new,params_max
evaluating model at params_new={'a1': 0.9237604307034012, 'a2': 3.286335345030997, 'a3': 2.6832815729989345}
params_min= {'a1': 0.9237604307034012, 'a2': 3.286335345030997, 'a3': 2.683281572998121} logZ_min= nan obs_min= 1.5935447853765707
params_new= {'a1': 0.9237604307034012, 'a2': 3.286335345030997, 'a3': 2.6832815729989345} logZ_new= 3.4103794643410827 obs_new= 1.6388653200761811
params_max= {'a1': 0.9237604307034012, 'a2': 3.286335345030997, 'a3': 2.683281572999748} logZ_max= 3.41483216043259 obs_max= 1.5935004834595916
dist_min= tensor(19.4210) dist_max= tensor(718.5107)
params_min,params_max=params_new,params_max
evaluating model at params_new={'a1': 0.9237604307034012, 'a2': 3.286335345030997, 'a3': 2.6832815729993413}
params_min= {'a1': 0.9237604307034012, 'a2': 3.286335345030997, 'a3': 2.6832815729989345} logZ_min= 3.4103794643410827 obs_min= 1.6388653200761811
params_new= {'a1': 0.9237604307034012, 'a2': 3.286335345030997, 'a3': 2.6832815729993413} logZ_new= 3.4138424402382532 obs_new= 1.6300555152699348
params_max= {'a1': 0.9237604307034012, 'a2': 3.286335345030997, 'a3': 2.683281572999748} logZ_max= 3.41483216043259 obs_max= 1.5935004834595916
dist_min= tensor(18.8970) dist_max= tensor(718.9547)
params_min,params_max=params_new,params_max
evaluating model at params_new={'a1': 0.9237604307034012, 'a2': 3.286335345030997, 'a3': 2.6832815729995447}
params_min= {'a1': 0.9237604307034012, 'a2': 3.286335345030997, 'a3': 2.6832815729993413} logZ_min= 3.4138424402382532 obs_min= 1.6300555152699348
params_new= {'a1': 0.9237604307034012, 'a2': 3.286335345030997, 'a3': 2.6832815729995447} logZ_new= 3.414815739191279 obs_new= 1.5937797477649276
params_max= {'a1': 0.9237604307034012, 'a2': 3.286335345030997, 'a3': 2.683281572999748} logZ_max= 3.41483216043259 obs_max= 1.5935004834595916
dist_min= tensor(18.8359) dist_max= tensor(718.5092)
params_min,params_max=params_new,params_max
evaluating model at params_new={'a1': 0.9237604307034012, 'a2': 3.286335345030997, 'a3': 2.6832815729996464}
params_min= {'a1': 0.9237604307034012, 'a2': 3.286335345030997, 'a3': 2.6832815729995447} logZ_min= 3.414815739191279 obs_min= 1.5937797477649276
params_new= {'a1': 0.9237604307034012, 'a2': 3.286335345030997, 'a3': 2.6832815729996464} logZ_new= nan obs_new= 1.5936827417805561
params_max= {'a1': 0.9237604307034012, 'a2': 3.286335345030997, 'a3': 2.683281572999748} logZ_max= 3.41483216043259 obs_max= 1.5935004834595916
dist_min= tensor(210.3027) dist_max= tensor(749.2976)
params_min,params_max=params_new,params_max
evaluating model at params_new={'a1': 0.9237604307034012, 'a2': 3.286335345030997, 'a3': 2.6832815729996975}
params_min= {'a1': 0.9237604307034012, 'a2': 3.286335345030997, 'a3': 2.6832815729996464} logZ_min= nan obs_min= 1.5936827417805561
params_new= {'a1': 0.9237604307034012, 'a2': 3.286335345030997, 'a3': 2.6832815729996975} logZ_new= 3.414710923840748 obs_new= 1.5955520815089714
params_max= {'a1': 0.9237604307034012, 'a2': 3.286335345030997, 'a3': 2.683281572999748} logZ_max= 3.41483216043259 obs_max= 1.5935004834595916
dist_min= tensor(211.2682) dist_max= tensor(719.2449)
params_min,params_max=params_new,params_max
evaluating model at params_new={'a1': 0.9237604307034012, 'a2': 3.286335345030997, 'a3': 2.683281572999723}
params_min= {'a1': 0.9237604307034012, 'a2': 3.286335345030997, 'a3': 2.6832815729996975} logZ_min= 3.414710923840748 obs_min= 1.5955520815089714
params_new= {'a1': 0.9237604307034012, 'a2': 3.286335345030997, 'a3': 2.683281572999723} logZ_new= 3.414832436294349 obs_new= 1.5934957884430774
params_max= {'a1': 0.9237604307034012, 'a2': 3.286335345030997, 'a3': 2.683281572999748} logZ_max= 3.41483216043259 obs_max= 1.5935004834595916
dist_min= tensor(40.2090) dist_max= tensor(720.3191)
params_min,params_max=params_new,params_max
evaluating model at params_new={'a1': 0.9237604307034012, 'a2': 3.286335345030997, 'a3': 2.6832815729997357}
params_min= {'a1': 0.9237604307034012, 'a2': 3.286335345030997, 'a3': 2.683281572999723} logZ_min= 3.414832436294349 obs_min= 1.5934957884430774
params_new= {'a1': 0.9237604307034012, 'a2': 3.286335345030997, 'a3': 2.6832815729997357} logZ_new= 3.4147945097513452 obs_new= 1.5941401480661321
params_max= {'a1': 0.9237604307034012, 'a2': 3.286335345030997, 'a3': 2.683281572999748} logZ_max= 3.41483216043259 obs_max= 1.5935004834595916
dist_min= tensor(41.5180) dist_max= tensor(718.9191)
params_min,params_max=params_new,params_max
evaluating model at params_new={'a1': 0.9237604307034012, 'a2': 3.286335345030997, 'a3': 2.683281572999742}
params_min= {'a1': 0.9237604307034012, 'a2': 3.286335345030997, 'a3': 2.6832815729997357} logZ_min= 3.4147945097513452 obs_min= 1.5941401480661321
params_new= {'a1': 0.9237604307034012, 'a2': 3.286335345030997, 'a3': 2.683281572999742} logZ_new= 3.414776606789701 obs_new= 1.5944435171433684
params_max= {'a1': 0.9237604307034012, 'a2': 3.286335345030997, 'a3': 2.683281572999748} logZ_max= 3.41483216043259 obs_max= 1.5935004834595916
dist_min= tensor(1.0246) dist_max= tensor(718.5089)
params_min,params_max=params_new,params_max
evaluating model at params_new={'a1': 0.9237604307034012, 'a2': 3.286335345030997, 'a3': 2.683281572999745}
params_min= {'a1': 0.9237604307034012, 'a2': 3.286335345030997, 'a3': 2.683281572999742} logZ_min= 3.414776606789701 obs_min= 1.5944435171433684
params_new= {'a1': 0.9237604307034012, 'a2': 3.286335345030997, 'a3': 2.683281572999745} logZ_new= nan obs_new= 1.598078601642689
params_max= {'a1': 0.9237604307034012, 'a2': 3.286335345030997, 'a3': 2.683281572999748} logZ_max= 3.41483216043259 obs_max= 1.5935004834595916
dist_min= tensor(19.8135) dist_max= tensor(719.5086)
params_min,params_max=params_new,params_max
evaluating model at params_new={'a1': 0.9237604307034012, 'a2': 3.286335345030997, 'a3': 2.6832815729997463}
params_min= {'a1': 0.9237604307034012, 'a2': 3.286335345030997, 'a3': 2.683281572999745} logZ_min= nan obs_min= 1.598078601642689
params_new= {'a1': 0.9237604307034012, 'a2': 3.286335345030997, 'a3': 2.6832815729997463} logZ_new= nan obs_new= 1.5935049649224868
params_max= {'a1': 0.9237604307034012, 'a2': 3.286335345030997, 'a3': 2.683281572999748} logZ_max= 3.41483216043259 obs_max= 1.5935004834595916
dist_min= tensor(156.8574) dist_max= tensor(740.6602)
params_min,params_max=params_new,params_max
evaluating model at params_new={'a1': 0.9237604307034012, 'a2': 3.286335345030997, 'a3': 2.6832815729997472}
params_min= {'a1': 0.9237604307034012, 'a2': 3.286335345030997, 'a3': 2.6832815729997463} logZ_min= nan obs_min= 1.5935049649224868
params_new= {'a1': 0.9237604307034012, 'a2': 3.286335345030997, 'a3': 2.6832815729997472} logZ_new= nan obs_new= 1.6016754025428732
params_max= {'a1': 0.9237604307034012, 'a2': 3.286335345030997, 'a3': 2.683281572999748} logZ_max= 3.41483216043259 obs_max= 1.5935004834595916
dist_min= tensor(64.1351) dist_max= tensor(727.8425)
params_min,params_max=params_new,params_max
evaluating model at params_new={'a1': 0.9237604307034012, 'a2': 3.286335345030997, 'a3': 2.6832815729997477}
params_min= {'a1': 0.9237604307034012, 'a2': 3.286335345030997, 'a3': 2.6832815729997472} logZ_min= nan obs_min= 1.6016754025428732
params_new= {'a1': 0.9237604307034012, 'a2': 3.286335345030997, 'a3': 2.6832815729997477} logZ_new= 3.4147960399178343 obs_new= 1.5941141952946367
params_max= {'a1': 0.9237604307034012, 'a2': 3.286335345030997, 'a3': 2.683281572999748} logZ_max= 3.41483216043259 obs_max= 1.5935004834595916
dist_min= tensor(113.3440) dist_max= tensor(718.7568)
params_min,params_max=params_new,params_max
critical params found:  {'a1': 0.9237604307034012, 'a2': 3.286335345030997, 'a3': 2.683281572999748}
reference params:  {'a1': 1.1547005383792515, 'a2': 1.8257418583505538, 'a3': 4.47213595499958}
file saved to  data/AKLT3D_X10_scan_grid_critical_a3/a1_0.9237604_a2_3.2863353/Tc.json
