Start running find_critical_temp.py with options:{'filename': 'data/AKLT3D_X10_scan_grid_critical_a3/a1_1.6165808_a2_2.1908902/Tc.json', 'log_filename': 'data/AKLT3D_X10_scan_grid_critical_a3/a1_1.6165808_a2_2.1908902/Tc.log', 'nLayers': 60, 'max_dim': 10, 'model': 'AKLT3D', 'params_min': "{'a1': 1.616580753730952, 'a2': 2.1908902300206647, 'a3': 5.366563145999496}", 'params_max': "{'a1': 1.616580753730952, 'a2': 2.1908902300206647, 'a3': 6.260990336999412}", 'params_ref': None, 'observable_name': 'magnetizationZ', 'tol': 0.0, 'gilt_enabled': False, 'gilt_eps': 8e-07, 'gilt_nIter': 1, 'mcf_enabled': True, 'mcf_eps': 1e-16, 'mcf_max_iter': 200, 'hotrg_sanity_check': False, 'version': 1, 'device': 'cuda:1'}
loading library...
evaluating model at params_min={'a1': 1.616580753730952, 'a2': 2.1908902300206647, 'a3': 5.366563145999496}
params_min= {'a1': 1.616580753730952, 'a2': 2.1908902300206647, 'a3': 5.366563145999496} logZ_min= 3.531496846904184 obs_min= 2.835250160343112e-31
evaluating model at params_max={'a1': 1.616580753730952, 'a2': 2.1908902300206647, 'a3': 6.260990336999412}
params_max= {'a1': 1.616580753730952, 'a2': 2.1908902300206647, 'a3': 6.260990336999412} logZ_max= 3.729264563747182 obs_max= 7.687754617271363
searching for critical temperature using bisection method
evaluating model at params_new={'a1': 1.616580753730952, 'a2': 2.1908902300206647, 'a3': 5.813776741499455}
params_min= {'a1': 1.616580753730952, 'a2': 2.1908902300206647, 'a3': 5.366563145999496} logZ_min= 3.531496846904184 obs_min= 2.835250160343112e-31
params_new= {'a1': 1.616580753730952, 'a2': 2.1908902300206647, 'a3': 5.813776741499455} logZ_new= 3.605734925055048 obs_new= 6.812939936774525
params_max= {'a1': 1.616580753730952, 'a2': 2.1908902300206647, 'a3': 6.260990336999412} logZ_max= 3.729264563747182 obs_max= 7.687754617271363
dist_min= tensor(198.0274) dist_max= tensor(9.5187)
params_min,params_max=params_min,params_new
evaluating model at params_new={'a1': 1.616580753730952, 'a2': 2.1908902300206647, 'a3': 5.590169943749475}
params_min= {'a1': 1.616580753730952, 'a2': 2.1908902300206647, 'a3': 5.366563145999496} logZ_min= 3.531496846904184 obs_min= 2.835250160343112e-31
params_new= {'a1': 1.616580753730952, 'a2': 2.1908902300206647, 'a3': 5.590169943749475} logZ_new= 3.5445983110548114 obs_new= 5.705296146188826
params_max= {'a1': 1.616580753730952, 'a2': 2.1908902300206647, 'a3': 5.813776741499455} logZ_max= 3.605734925055048 obs_max= 6.812939936774525
dist_min= tensor(198.9741) dist_max= tensor(4.5239)
params_min,params_max=params_min,params_new
evaluating model at params_new={'a1': 1.616580753730952, 'a2': 2.1908902300206647, 'a3': 5.478366544874486}
params_min= {'a1': 1.616580753730952, 'a2': 2.1908902300206647, 'a3': 5.366563145999496} logZ_min= 3.531496846904184 obs_min= 2.835250160343112e-31
params_new= {'a1': 1.616580753730952, 'a2': 2.1908902300206647, 'a3': 5.478366544874486} logZ_new= 3.5213022967493934 obs_new= 3.372345026017495
params_max= {'a1': 1.616580753730952, 'a2': 2.1908902300206647, 'a3': 5.590169943749475} logZ_max= 3.5445983110548114 obs_max= 5.705296146188826
dist_min= tensor(334.4467) dist_max= tensor(269.1595)
params_min,params_max=params_min,params_new
evaluating model at params_new={'a1': 1.616580753730952, 'a2': 2.1908902300206647, 'a3': 5.422464845436991}
params_min= {'a1': 1.616580753730952, 'a2': 2.1908902300206647, 'a3': 5.366563145999496} logZ_min= 3.531496846904184 obs_min= 2.835250160343112e-31
params_new= {'a1': 1.616580753730952, 'a2': 2.1908902300206647, 'a3': 5.422464845436991} logZ_new= 3.536176971448778 obs_new= 0.40387056057069043
params_max= {'a1': 1.616580753730952, 'a2': 2.1908902300206647, 'a3': 5.478366544874486} logZ_max= 3.5213022967493934 obs_max= 3.372345026017495
dist_min= tensor(199.0035) dist_max= tensor(269.1719)
params_min,params_max=params_new,params_max
evaluating model at params_new={'a1': 1.616580753730952, 'a2': 2.1908902300206647, 'a3': 5.450415695155739}
params_min= {'a1': 1.616580753730952, 'a2': 2.1908902300206647, 'a3': 5.422464845436991} logZ_min= 3.536176971448778 obs_min= 0.40387056057069043
params_new= {'a1': 1.616580753730952, 'a2': 2.1908902300206647, 'a3': 5.450415695155739} logZ_new= nan obs_new= 1.4062563761277527
params_max= {'a1': 1.616580753730952, 'a2': 2.1908902300206647, 'a3': 5.478366544874486} logZ_max= 3.5213022967493934 obs_max= 3.372345026017495
dist_min= tensor(276.8086) dist_max= tensor(381.9596)
params_min,params_max=params_new,params_max
evaluating model at params_new={'a1': 1.616580753730952, 'a2': 2.1908902300206647, 'a3': 5.4643911200151125}
params_min= {'a1': 1.616580753730952, 'a2': 2.1908902300206647, 'a3': 5.450415695155739} logZ_min= nan obs_min= 1.4062563761277527
params_new= {'a1': 1.616580753730952, 'a2': 2.1908902300206647, 'a3': 5.4643911200151125} logZ_new= 3.520433119940074 obs_new= 1.959924998219747
params_max= {'a1': 1.616580753730952, 'a2': 2.1908902300206647, 'a3': 5.478366544874486} logZ_max= 3.5213022967493934 obs_max= 3.372345026017495
dist_min= tensor(276.0824) dist_max= tensor(272.1483)
params_min,params_max=params_min,params_new
evaluating model at params_new={'a1': 1.616580753730952, 'a2': 2.1908902300206647, 'a3': 5.457403407585426}
params_min= {'a1': 1.616580753730952, 'a2': 2.1908902300206647, 'a3': 5.450415695155739} logZ_min= nan obs_min= 1.4062563761277527
params_new= {'a1': 1.616580753730952, 'a2': 2.1908902300206647, 'a3': 5.457403407585426} logZ_new= nan obs_new= 1.8393883030896605
params_max= {'a1': 1.616580753730952, 'a2': 2.1908902300206647, 'a3': 5.4643911200151125} logZ_max= 3.520433119940074 obs_max= 1.959924998219747
dist_min= tensor(274.9069) dist_max= tensor(2.4431)
params_min,params_max=params_min,params_new
evaluating model at params_new={'a1': 1.616580753730952, 'a2': 2.1908902300206647, 'a3': 5.453909551370582}
params_min= {'a1': 1.616580753730952, 'a2': 2.1908902300206647, 'a3': 5.450415695155739} logZ_min= nan obs_min= 1.4062563761277527
params_new= {'a1': 1.616580753730952, 'a2': 2.1908902300206647, 'a3': 5.453909551370582} logZ_new= 3.5272279613859125 obs_new= 1.4273801056007351
params_max= {'a1': 1.616580753730952, 'a2': 2.1908902300206647, 'a3': 5.457403407585426} logZ_max= nan obs_max= 1.8393883030896605
dist_min= tensor(275.3594) dist_max= tensor(20.0296)
params_min,params_max=params_min,params_new
evaluating model at params_new={'a1': 1.616580753730952, 'a2': 2.1908902300206647, 'a3': 5.452162623263161}
params_min= {'a1': 1.616580753730952, 'a2': 2.1908902300206647, 'a3': 5.450415695155739} logZ_min= nan obs_min= 1.4062563761277527
params_new= {'a1': 1.616580753730952, 'a2': 2.1908902300206647, 'a3': 5.452162623263161} logZ_new= 3.5373431045754034 obs_new= 1.0741881498901242
params_max= {'a1': 1.616580753730952, 'a2': 2.1908902300206647, 'a3': 5.453909551370582} logZ_max= 3.5272279613859125 obs_max= 1.4273801056007351
dist_min= tensor(288.2385) dist_max= tensor(91.9096)
params_min,params_max=params_min,params_new
evaluating model at params_new={'a1': 1.616580753730952, 'a2': 2.1908902300206647, 'a3': 5.45128915920945}
params_min= {'a1': 1.616580753730952, 'a2': 2.1908902300206647, 'a3': 5.450415695155739} logZ_min= nan obs_min= 1.4062563761277527
params_new= {'a1': 1.616580753730952, 'a2': 2.1908902300206647, 'a3': 5.45128915920945} logZ_new= nan obs_new= 1.0689719393584982
params_max= {'a1': 1.616580753730952, 'a2': 2.1908902300206647, 'a3': 5.452162623263161} logZ_max= 3.5373431045754034 obs_max= 1.0741881498901242
dist_min= tensor(273.9390) dist_max= tensor(90.0185)
params_min,params_max=params_min,params_new
evaluating model at params_new={'a1': 1.616580753730952, 'a2': 2.1908902300206647, 'a3': 5.450852427182594}
params_min= {'a1': 1.616580753730952, 'a2': 2.1908902300206647, 'a3': 5.450415695155739} logZ_min= nan obs_min= 1.4062563761277527
params_new= {'a1': 1.616580753730952, 'a2': 2.1908902300206647, 'a3': 5.450852427182594} logZ_new= nan obs_new= 1.0657837939595691
params_max= {'a1': 1.616580753730952, 'a2': 2.1908902300206647, 'a3': 5.45128915920945} logZ_max= nan obs_max= 1.0689719393584982
dist_min= tensor(269.0308) dist_max= tensor(12.9156)
params_min,params_max=params_min,params_new
evaluating model at params_new={'a1': 1.616580753730952, 'a2': 2.1908902300206647, 'a3': 5.450634061169167}
params_min= {'a1': 1.616580753730952, 'a2': 2.1908902300206647, 'a3': 5.450415695155739} logZ_min= nan obs_min= 1.4062563761277527
params_new= {'a1': 1.616580753730952, 'a2': 2.1908902300206647, 'a3': 5.450634061169167} logZ_new= 3.537263605508745 obs_new= 1.0668989364834223
params_max= {'a1': 1.616580753730952, 'a2': 2.1908902300206647, 'a3': 5.450852427182594} logZ_max= nan obs_max= 1.0657837939595691
dist_min= tensor(276.2270) dist_max= tensor(13.4491)
params_min,params_max=params_min,params_new
evaluating model at params_new={'a1': 1.616580753730952, 'a2': 2.1908902300206647, 'a3': 5.450524878162453}
params_min= {'a1': 1.616580753730952, 'a2': 2.1908902300206647, 'a3': 5.450415695155739} logZ_min= nan obs_min= 1.4062563761277527
params_new= {'a1': 1.616580753730952, 'a2': 2.1908902300206647, 'a3': 5.450524878162453} logZ_new= 3.5372550099966205 obs_new= 1.06359886082107
params_max= {'a1': 1.616580753730952, 'a2': 2.1908902300206647, 'a3': 5.450634061169167} logZ_max= 3.537263605508745 obs_max= 1.0668989364834223
dist_min= tensor(670.2054) dist_max= tensor(609.7477)
params_min,params_max=params_min,params_new
evaluating model at params_new={'a1': 1.616580753730952, 'a2': 2.1908902300206647, 'a3': 5.450470286659096}
params_min= {'a1': 1.616580753730952, 'a2': 2.1908902300206647, 'a3': 5.450415695155739} logZ_min= nan obs_min= 1.4062563761277527
params_new= {'a1': 1.616580753730952, 'a2': 2.1908902300206647, 'a3': 5.450470286659096} logZ_new= 3.526967707224747 obs_new= 1.4065545389810916
params_max= {'a1': 1.616580753730952, 'a2': 2.1908902300206647, 'a3': 5.450524878162453} logZ_max= 3.5372550099966205 obs_max= 1.06359886082107
dist_min= tensor(275.3766) dist_max= tensor(610.3369)
params_min,params_max=params_new,params_max
evaluating model at params_new={'a1': 1.616580753730952, 'a2': 2.1908902300206647, 'a3': 5.450497582410774}
params_min= {'a1': 1.616580753730952, 'a2': 2.1908902300206647, 'a3': 5.450470286659096} logZ_min= 3.526967707224747 obs_min= 1.4065545389810916
params_new= {'a1': 1.616580753730952, 'a2': 2.1908902300206647, 'a3': 5.450497582410774} logZ_new= 3.5372576219896277 obs_new= 1.0668564567642793
params_max= {'a1': 1.616580753730952, 'a2': 2.1908902300206647, 'a3': 5.450524878162453} logZ_max= 3.5372550099966205 obs_max= 1.06359886082107
dist_min= tensor(21.6378) dist_max= tensor(610.3987)
params_min,params_max=params_new,params_max
evaluating model at params_new={'a1': 1.616580753730952, 'a2': 2.1908902300206647, 'a3': 5.450511230286613}
params_min= {'a1': 1.616580753730952, 'a2': 2.1908902300206647, 'a3': 5.450497582410774} logZ_min= 3.5372576219896277 obs_min= 1.0668564567642793
params_new= {'a1': 1.616580753730952, 'a2': 2.1908902300206647, 'a3': 5.450511230286613} logZ_new= 3.5269735131721376 obs_new= 1.4067097758829297
params_max= {'a1': 1.616580753730952, 'a2': 2.1908902300206647, 'a3': 5.450524878162453} logZ_max= 3.5372550099966205 obs_max= 1.06359886082107
dist_min= tensor(21.6876) dist_max= tensor(610.1309)
params_min,params_max=params_new,params_max
evaluating model at params_new={'a1': 1.616580753730952, 'a2': 2.1908902300206647, 'a3': 5.450518054224533}
params_min= {'a1': 1.616580753730952, 'a2': 2.1908902300206647, 'a3': 5.450511230286613} logZ_min= 3.5269735131721376 obs_min= 1.4067097758829297
params_new= {'a1': 1.616580753730952, 'a2': 2.1908902300206647, 'a3': 5.450518054224533} logZ_new= nan obs_new= 1.06355084665261
params_max= {'a1': 1.616580753730952, 'a2': 2.1908902300206647, 'a3': 5.450524878162453} logZ_max= 3.5372550099966205 obs_max= 1.06359886082107
dist_min= tensor(32.6519) dist_max= tensor(610.7440)
params_min,params_max=params_new,params_max
evaluating model at params_new={'a1': 1.616580753730952, 'a2': 2.1908902300206647, 'a3': 5.450521466193493}
params_min= {'a1': 1.616580753730952, 'a2': 2.1908902300206647, 'a3': 5.450518054224533} logZ_min= nan obs_min= 1.06355084665261
params_new= {'a1': 1.616580753730952, 'a2': 2.1908902300206647, 'a3': 5.450521466193493} logZ_new= nan obs_new= 1.0651671190056482
params_max= {'a1': 1.616580753730952, 'a2': 2.1908902300206647, 'a3': 5.450524878162453} logZ_max= 3.5372550099966205 obs_max= 1.06359886082107
dist_min= tensor(25.1273) dist_max= tensor(610.3717)
params_min,params_max=params_new,params_max
evaluating model at params_new={'a1': 1.616580753730952, 'a2': 2.1908902300206647, 'a3': 5.450523172177973}
params_min= {'a1': 1.616580753730952, 'a2': 2.1908902300206647, 'a3': 5.450521466193493} logZ_min= nan obs_min= 1.0651671190056482
params_new= {'a1': 1.616580753730952, 'a2': 2.1908902300206647, 'a3': 5.450523172177973} logZ_new= 3.5270444295600973 obs_new= 1.4047214449182985
params_max= {'a1': 1.616580753730952, 'a2': 2.1908902300206647, 'a3': 5.450524878162453} logZ_max= 3.5372550099966205 obs_max= 1.06359886082107
dist_min= tensor(21.6927) dist_max= tensor(610.7747)
params_min,params_max=params_new,params_max
evaluating model at params_new={'a1': 1.616580753730952, 'a2': 2.1908902300206647, 'a3': 5.450524025170212}
params_min= {'a1': 1.616580753730952, 'a2': 2.1908902300206647, 'a3': 5.450523172177973} logZ_min= 3.5270444295600973 obs_min= 1.4047214449182985
params_new= {'a1': 1.616580753730952, 'a2': 2.1908902300206647, 'a3': 5.450524025170212} logZ_new= 3.5269699392966434 obs_new= 1.4069382887254702
params_max= {'a1': 1.616580753730952, 'a2': 2.1908902300206647, 'a3': 5.450524878162453} logZ_max= 3.5372550099966205 obs_max= 1.06359886082107
dist_min= tensor(0.6300) dist_max= tensor(610.7797)
params_min,params_max=params_new,params_max
evaluating model at params_new={'a1': 1.616580753730952, 'a2': 2.1908902300206647, 'a3': 5.4505244516663325}
params_min= {'a1': 1.616580753730952, 'a2': 2.1908902300206647, 'a3': 5.450524025170212} logZ_min= 3.5269699392966434 obs_min= 1.4069382887254702
params_new= {'a1': 1.616580753730952, 'a2': 2.1908902300206647, 'a3': 5.4505244516663325} logZ_new= 3.5269687716700218 obs_new= 1.4069722352086402
params_max= {'a1': 1.616580753730952, 'a2': 2.1908902300206647, 'a3': 5.450524878162453} logZ_max= 3.5372550099966205 obs_max= 1.06359886082107
dist_min= tensor(0.2055) dist_max= tensor(610.7750)
params_min,params_max=params_new,params_max
evaluating model at params_new={'a1': 1.616580753730952, 'a2': 2.1908902300206647, 'a3': 5.450524664914393}
params_min= {'a1': 1.616580753730952, 'a2': 2.1908902300206647, 'a3': 5.4505244516663325} logZ_min= 3.5269687716700218 obs_min= 1.4069722352086402
params_new= {'a1': 1.616580753730952, 'a2': 2.1908902300206647, 'a3': 5.450524664914393} logZ_new= 3.537257085547715 obs_new= 1.065820103126673
params_max= {'a1': 1.616580753730952, 'a2': 2.1908902300206647, 'a3': 5.450524878162453} logZ_max= 3.5372550099966205 obs_max= 1.06359886082107
dist_min= tensor(21.6073) dist_max= tensor(610.5788)
params_min,params_max=params_new,params_max
evaluating model at params_new={'a1': 1.616580753730952, 'a2': 2.1908902300206647, 'a3': 5.450524771538422}
params_min= {'a1': 1.616580753730952, 'a2': 2.1908902300206647, 'a3': 5.450524664914393} logZ_min= 3.537257085547715 obs_min= 1.065820103126673
params_new= {'a1': 1.616580753730952, 'a2': 2.1908902300206647, 'a3': 5.450524771538422} logZ_new= 3.5372564853436788 obs_new= 1.0651732379535115
params_max= {'a1': 1.616580753730952, 'a2': 2.1908902300206647, 'a3': 5.450524878162453} logZ_max= 3.5372550099966205 obs_max= 1.06359886082107
dist_min= tensor(0.3860) dist_max= tensor(610.6004)
params_min,params_max=params_new,params_max
evaluating model at params_new={'a1': 1.616580753730952, 'a2': 2.1908902300206647, 'a3': 5.450524824850437}
params_min= {'a1': 1.616580753730952, 'a2': 2.1908902300206647, 'a3': 5.450524771538422} logZ_min= 3.5372564853436788 obs_min= 1.0651732379535115
params_new= {'a1': 1.616580753730952, 'a2': 2.1908902300206647, 'a3': 5.450524824850437} logZ_new= nan obs_new= 1.4069337301505742
params_max= {'a1': 1.616580753730952, 'a2': 2.1908902300206647, 'a3': 5.450524878162453} logZ_max= 3.5372550099966205 obs_max= 1.06359886082107
dist_min= tensor(27.5745) dist_max= tensor(611.1353)
params_min,params_max=params_new,params_max
evaluating model at params_new={'a1': 1.616580753730952, 'a2': 2.1908902300206647, 'a3': 5.4505248515064455}
params_min= {'a1': 1.616580753730952, 'a2': 2.1908902300206647, 'a3': 5.450524824850437} logZ_min= nan obs_min= 1.4069337301505742
params_new= {'a1': 1.616580753730952, 'a2': 2.1908902300206647, 'a3': 5.4505248515064455} logZ_new= 3.5372546039941164 obs_new= 1.0653067942189425
params_max= {'a1': 1.616580753730952, 'a2': 2.1908902300206647, 'a3': 5.450524878162453} logZ_max= 3.5372550099966205 obs_max= 1.06359886082107
dist_min= tensor(27.4790) dist_max= tensor(610.3970)
params_min,params_max=params_new,params_max
evaluating model at params_new={'a1': 1.616580753730952, 'a2': 2.1908902300206647, 'a3': 5.450524864834449}
params_min= {'a1': 1.616580753730952, 'a2': 2.1908902300206647, 'a3': 5.4505248515064455} logZ_min= 3.5372546039941164 obs_min= 1.0653067942189425
params_new= {'a1': 1.616580753730952, 'a2': 2.1908902300206647, 'a3': 5.450524864834449} logZ_new= 3.526945366752537 obs_new= 1.407769033679387
params_max= {'a1': 1.616580753730952, 'a2': 2.1908902300206647, 'a3': 5.450524878162453} logZ_max= 3.5372550099966205 obs_max= 1.06359886082107
dist_min= tensor(21.6620) dist_max= tensor(610.1317)
params_min,params_max=params_new,params_max
evaluating model at params_new={'a1': 1.616580753730952, 'a2': 2.1908902300206647, 'a3': 5.450524871498451}
params_min= {'a1': 1.616580753730952, 'a2': 2.1908902300206647, 'a3': 5.450524864834449} logZ_min= 3.526945366752537 obs_min= 1.407769033679387
params_new= {'a1': 1.616580753730952, 'a2': 2.1908902300206647, 'a3': 5.450524871498451} logZ_new= nan obs_new= 1.0636045270353935
params_max= {'a1': 1.616580753730952, 'a2': 2.1908902300206647, 'a3': 5.450524878162453} logZ_max= 3.5372550099966205 obs_max= 1.06359886082107
dist_min= tensor(21.7557) dist_max= tensor(610.3094)
params_min,params_max=params_new,params_max
evaluating model at params_new={'a1': 1.616580753730952, 'a2': 2.1908902300206647, 'a3': 5.450524874830451}
params_min= {'a1': 1.616580753730952, 'a2': 2.1908902300206647, 'a3': 5.450524871498451} logZ_min= nan obs_min= 1.0636045270353935
params_new= {'a1': 1.616580753730952, 'a2': 2.1908902300206647, 'a3': 5.450524874830451} logZ_new= 3.5372546239668465 obs_new= 1.0636201209542184
params_max= {'a1': 1.616580753730952, 'a2': 2.1908902300206647, 'a3': 5.450524878162453} logZ_max= 3.5372550099966205 obs_max= 1.06359886082107
dist_min= tensor(8.4183) dist_max= tensor(609.9046)
params_min,params_max=params_new,params_max
evaluating model at params_new={'a1': 1.616580753730952, 'a2': 2.1908902300206647, 'a3': 5.450524876496452}
params_min= {'a1': 1.616580753730952, 'a2': 2.1908902300206647, 'a3': 5.450524874830451} logZ_min= 3.5372546239668465 obs_min= 1.0636201209542184
params_new= {'a1': 1.616580753730952, 'a2': 2.1908902300206647, 'a3': 5.450524876496452} logZ_new= 3.5372548917300746 obs_new= 1.0636053648754955
params_max= {'a1': 1.616580753730952, 'a2': 2.1908902300206647, 'a3': 5.450524878162453} logZ_max= 3.5372550099966205 obs_max= 1.06359886082107
dist_min= tensor(29.3375) dist_max= tensor(581.6706)
params_min,params_max=params_new,params_max
evaluating model at params_new={'a1': 1.616580753730952, 'a2': 2.1908902300206647, 'a3': 5.450524877329452}
params_min= {'a1': 1.616580753730952, 'a2': 2.1908902300206647, 'a3': 5.450524876496452} logZ_min= 3.5372548917300746 obs_min= 1.0636053648754955
params_new= {'a1': 1.616580753730952, 'a2': 2.1908902300206647, 'a3': 5.450524877329452} logZ_new= 3.526970177081865 obs_new= 1.4069342160007754
params_max= {'a1': 1.616580753730952, 'a2': 2.1908902300206647, 'a3': 5.450524878162453} logZ_max= 3.5372550099966205 obs_max= 1.06359886082107
dist_min= tensor(84.6362) dist_max= tensor(614.9960)
params_min,params_max=params_new,params_max
evaluating model at params_new={'a1': 1.616580753730952, 'a2': 2.1908902300206647, 'a3': 5.450524877745952}
params_min= {'a1': 1.616580753730952, 'a2': 2.1908902300206647, 'a3': 5.450524877329452} logZ_min= 3.526970177081865 obs_min= 1.4069342160007754
params_new= {'a1': 1.616580753730952, 'a2': 2.1908902300206647, 'a3': 5.450524877745952} logZ_new= 3.5372548332560556 obs_new= 1.0636085055566125
params_max= {'a1': 1.616580753730952, 'a2': 2.1908902300206647, 'a3': 5.450524878162453} logZ_max= 3.5372550099966205 obs_max= 1.06359886082107
dist_min= tensor(172.5607) dist_max= tensor(456.8173)
params_min,params_max=params_new,params_max
evaluating model at params_new={'a1': 1.616580753730952, 'a2': 2.1908902300206647, 'a3': 5.450524877954202}
params_min= {'a1': 1.616580753730952, 'a2': 2.1908902300206647, 'a3': 5.450524877745952} logZ_min= 3.5372548332560556 obs_min= 1.0636085055566125
params_new= {'a1': 1.616580753730952, 'a2': 2.1908902300206647, 'a3': 5.450524877954202} logZ_new= 3.5372548821613763 obs_new= 1.063605839122164
params_max= {'a1': 1.616580753730952, 'a2': 2.1908902300206647, 'a3': 5.450524878162453} logZ_max= 3.5372550099966205 obs_max= 1.06359886082107
dist_min= tensor(152.9655) dist_max= tensor(609.6599)
params_min,params_max=params_new,params_max
evaluating model at params_new={'a1': 1.616580753730952, 'a2': 2.1908902300206647, 'a3': 5.450524878058328}
params_min= {'a1': 1.616580753730952, 'a2': 2.1908902300206647, 'a3': 5.450524877954202} logZ_min= 3.5372548821613763 obs_min= 1.063605839122164
params_new= {'a1': 1.616580753730952, 'a2': 2.1908902300206647, 'a3': 5.450524878058328} logZ_new= 3.5372566128730343 obs_new= 1.0653537867868086
params_max= {'a1': 1.616580753730952, 'a2': 2.1908902300206647, 'a3': 5.450524878162453} logZ_max= 3.5372550099966205 obs_max= 1.06359886082107
dist_min= tensor(6.3735) dist_max= tensor(610.1994)
params_min,params_max=params_new,params_max
evaluating model at params_new={'a1': 1.616580753730952, 'a2': 2.1908902300206647, 'a3': 5.45052487811039}
params_min= {'a1': 1.616580753730952, 'a2': 2.1908902300206647, 'a3': 5.450524878058328} logZ_min= 3.5372566128730343 obs_min= 1.0653537867868086
params_new= {'a1': 1.616580753730952, 'a2': 2.1908902300206647, 'a3': 5.45052487811039} logZ_new= 3.5372551285886993 obs_new= 1.0635924663080603
params_max= {'a1': 1.616580753730952, 'a2': 2.1908902300206647, 'a3': 5.450524878162453} logZ_max= 3.5372550099966205 obs_max= 1.06359886082107
dist_min= tensor(20.6599) dist_max= tensor(591.1372)
params_min,params_max=params_new,params_max
evaluating model at params_new={'a1': 1.616580753730952, 'a2': 2.1908902300206647, 'a3': 5.450524878136422}
params_min= {'a1': 1.616580753730952, 'a2': 2.1908902300206647, 'a3': 5.45052487811039} logZ_min= 3.5372551285886993 obs_min= 1.0635924663080603
params_new= {'a1': 1.616580753730952, 'a2': 2.1908902300206647, 'a3': 5.450524878136422} logZ_new= nan obs_new= 1.0636813286461468
params_max= {'a1': 1.616580753730952, 'a2': 2.1908902300206647, 'a3': 5.450524878162453} logZ_max= 3.5372550099966205 obs_max= 1.06359886082107
dist_min= tensor(30.3181) dist_max= tensor(610.7983)
params_min,params_max=params_new,params_max
evaluating model at params_new={'a1': 1.616580753730952, 'a2': 2.1908902300206647, 'a3': 5.450524878149437}
params_min= {'a1': 1.616580753730952, 'a2': 2.1908902300206647, 'a3': 5.450524878136422} logZ_min= nan obs_min= 1.0636813286461468
params_new= {'a1': 1.616580753730952, 'a2': 2.1908902300206647, 'a3': 5.450524878149437} logZ_new= 3.526985808209663 obs_new= 1.4043779211664085
params_max= {'a1': 1.616580753730952, 'a2': 2.1908902300206647, 'a3': 5.450524878162453} logZ_max= 3.5372550099966205 obs_max= 1.06359886082107
dist_min= tensor(34.8087) dist_max= tensor(610.7207)
params_min,params_max=params_new,params_max
evaluating model at params_new={'a1': 1.616580753730952, 'a2': 2.1908902300206647, 'a3': 5.450524878155945}
params_min= {'a1': 1.616580753730952, 'a2': 2.1908902300206647, 'a3': 5.450524878149437} logZ_min= 3.526985808209663 obs_min= 1.4043779211664085
params_new= {'a1': 1.616580753730952, 'a2': 2.1908902300206647, 'a3': 5.450524878155945} logZ_new= nan obs_new= 1.0635973158613516
params_max= {'a1': 1.616580753730952, 'a2': 2.1908902300206647, 'a3': 5.450524878162453} logZ_max= 3.5372550099966205 obs_max= 1.06359886082107
dist_min= tensor(25.6597) dist_max= tensor(609.4307)
params_min,params_max=params_new,params_max
evaluating model at params_new={'a1': 1.616580753730952, 'a2': 2.1908902300206647, 'a3': 5.450524878159198}
params_min= {'a1': 1.616580753730952, 'a2': 2.1908902300206647, 'a3': 5.450524878155945} logZ_min= nan obs_min= 1.0635973158613516
params_new= {'a1': 1.616580753730952, 'a2': 2.1908902300206647, 'a3': 5.450524878159198} logZ_new= nan obs_new= 1.0650817172872709
params_max= {'a1': 1.616580753730952, 'a2': 2.1908902300206647, 'a3': 5.450524878162453} logZ_max= 3.5372550099966205 obs_max= 1.06359886082107
dist_min= tensor(2.6028) dist_max= tensor(610.3654)
params_min,params_max=params_new,params_max
evaluating model at params_new={'a1': 1.616580753730952, 'a2': 2.1908902300206647, 'a3': 5.4505248781608255}
params_min= {'a1': 1.616580753730952, 'a2': 2.1908902300206647, 'a3': 5.450524878159198} logZ_min= nan obs_min= 1.0650817172872709
params_new= {'a1': 1.616580753730952, 'a2': 2.1908902300206647, 'a3': 5.4505248781608255} logZ_new= 3.5372542652456582 obs_new= 1.063639806901532
params_max= {'a1': 1.616580753730952, 'a2': 2.1908902300206647, 'a3': 5.450524878162453} logZ_max= 3.5372550099966205 obs_max= 1.06359886082107
dist_min= tensor(6.6341) dist_max= tensor(609.6956)
params_min,params_max=params_new,params_max
evaluating model at params_new={'a1': 1.616580753730952, 'a2': 2.1908902300206647, 'a3': 5.450524878161639}
params_min= {'a1': 1.616580753730952, 'a2': 2.1908902300206647, 'a3': 5.4505248781608255} logZ_min= 3.5372542652456582 obs_min= 1.063639806901532
params_new= {'a1': 1.616580753730952, 'a2': 2.1908902300206647, 'a3': 5.450524878161639} logZ_new= 3.5372534092571013 obs_new= 1.0636874691561247
params_max= {'a1': 1.616580753730952, 'a2': 2.1908902300206647, 'a3': 5.450524878162453} logZ_max= 3.5372550099966205 obs_max= 1.06359886082107
dist_min= tensor(46.8364) dist_max= tensor(612.1254)
params_min,params_max=params_new,params_max
evaluating model at params_new={'a1': 1.616580753730952, 'a2': 2.1908902300206647, 'a3': 5.450524878162046}
params_min= {'a1': 1.616580753730952, 'a2': 2.1908902300206647, 'a3': 5.450524878161639} logZ_min= 3.5372534092571013 obs_min= 1.0636874691561247
params_new= {'a1': 1.616580753730952, 'a2': 2.1908902300206647, 'a3': 5.450524878162046} logZ_new= 3.5269883037424514 obs_new= 1.4063349749191514
params_max= {'a1': 1.616580753730952, 'a2': 2.1908902300206647, 'a3': 5.450524878162453} logZ_max= 3.5372550099966205 obs_max= 1.06359886082107
dist_min= tensor(51.2826) dist_max= tensor(610.7760)
params_min,params_max=params_new,params_max
evaluating model at params_new={'a1': 1.616580753730952, 'a2': 2.1908902300206647, 'a3': 5.450524878162249}
params_min= {'a1': 1.616580753730952, 'a2': 2.1908902300206647, 'a3': 5.450524878162046} logZ_min= 3.5269883037424514 obs_min= 1.4063349749191514
params_new= {'a1': 1.616580753730952, 'a2': 2.1908902300206647, 'a3': 5.450524878162249} logZ_new= nan obs_new= 1.4050941221663888
params_max= {'a1': 1.616580753730952, 'a2': 2.1908902300206647, 'a3': 5.450524878162453} logZ_max= 3.5372550099966205 obs_max= 1.06359886082107
dist_min= tensor(29.7744) dist_max= tensor(610.6254)
params_min,params_max=params_new,params_max
evaluating model at params_new={'a1': 1.616580753730952, 'a2': 2.1908902300206647, 'a3': 5.450524878162351}
params_min= {'a1': 1.616580753730952, 'a2': 2.1908902300206647, 'a3': 5.450524878162249} logZ_min= nan obs_min= 1.4050941221663888
params_new= {'a1': 1.616580753730952, 'a2': 2.1908902300206647, 'a3': 5.450524878162351} logZ_new= 3.5269714570782136 obs_new= 1.4068546181329387
params_max= {'a1': 1.616580753730952, 'a2': 2.1908902300206647, 'a3': 5.450524878162453} logZ_max= 3.5372550099966205 obs_max= 1.06359886082107
dist_min= tensor(59.8969) dist_max= tensor(612.4732)
params_min,params_max=params_new,params_max
evaluating model at params_new={'a1': 1.616580753730952, 'a2': 2.1908902300206647, 'a3': 5.450524878162402}
params_min= {'a1': 1.616580753730952, 'a2': 2.1908902300206647, 'a3': 5.450524878162351} logZ_min= 3.5269714570782136 obs_min= 1.4068546181329387
params_new= {'a1': 1.616580753730952, 'a2': 2.1908902300206647, 'a3': 5.450524878162402} logZ_new= 3.526971430799271 obs_new= 1.4068985726801713
params_max= {'a1': 1.616580753730952, 'a2': 2.1908902300206647, 'a3': 5.450524878162453} logZ_max= 3.5372550099966205 obs_max= 1.06359886082107
dist_min= tensor(52.5111) dist_max= tensor(610.7799)
params_min,params_max=params_new,params_max
evaluating model at params_new={'a1': 1.616580753730952, 'a2': 2.1908902300206647, 'a3': 5.450524878162428}
params_min= {'a1': 1.616580753730952, 'a2': 2.1908902300206647, 'a3': 5.450524878162402} logZ_min= 3.526971430799271 obs_min= 1.4068985726801713
params_new= {'a1': 1.616580753730952, 'a2': 2.1908902300206647, 'a3': 5.450524878162428} logZ_new= 3.537255507894733 obs_new= 1.0648828402627815
params_max= {'a1': 1.616580753730952, 'a2': 2.1908902300206647, 'a3': 5.450524878162453} logZ_max= 3.5372550099966205 obs_max= 1.06359886082107
dist_min= tensor(21.6011) dist_max= tensor(610.3975)
params_min,params_max=params_new,params_max
evaluating model at params_new={'a1': 1.616580753730952, 'a2': 2.1908902300206647, 'a3': 5.45052487816244}
params_min= {'a1': 1.616580753730952, 'a2': 2.1908902300206647, 'a3': 5.450524878162428} logZ_min= 3.537255507894733 obs_min= 1.0648828402627815
params_new= {'a1': 1.616580753730952, 'a2': 2.1908902300206647, 'a3': 5.45052487816244} logZ_new= 3.5269705729523855 obs_new= 1.4069215246747233
params_max= {'a1': 1.616580753730952, 'a2': 2.1908902300206647, 'a3': 5.450524878162453} logZ_max= 3.5372550099966205 obs_max= 1.06359886082107
dist_min= tensor(21.6016) dist_max= tensor(610.7830)
params_min,params_max=params_new,params_max
evaluating model at params_new={'a1': 1.616580753730952, 'a2': 2.1908902300206647, 'a3': 5.4505248781624465}
params_min= {'a1': 1.616580753730952, 'a2': 2.1908902300206647, 'a3': 5.45052487816244} logZ_min= 3.5269705729523855 obs_min= 1.4069215246747233
params_new= {'a1': 1.616580753730952, 'a2': 2.1908902300206647, 'a3': 5.4505248781624465} logZ_new= 3.537255136211185 obs_new= 1.0635921212124457
params_max= {'a1': 1.616580753730952, 'a2': 2.1908902300206647, 'a3': 5.450524878162453} logZ_max= 3.5372550099966205 obs_max= 1.06359886082107
dist_min= tensor(170.7478) dist_max= tensor(632.9039)
params_min,params_max=params_new,params_max
evaluating model at params_new={'a1': 1.616580753730952, 'a2': 2.1908902300206647, 'a3': 5.450524878162449}
params_min= {'a1': 1.616580753730952, 'a2': 2.1908902300206647, 'a3': 5.4505248781624465} logZ_min= 3.537255136211185 obs_min= 1.0635921212124457
params_new= {'a1': 1.616580753730952, 'a2': 2.1908902300206647, 'a3': 5.450524878162449} logZ_new= nan obs_new= 1.0637760964082055
params_max= {'a1': 1.616580753730952, 'a2': 2.1908902300206647, 'a3': 5.450524878162453} logZ_max= 3.5372550099966205 obs_max= 1.06359886082107
dist_min= tensor(164.0972) dist_max= tensor(609.6142)
params_min,params_max=params_new,params_max
evaluating model at params_new={'a1': 1.616580753730952, 'a2': 2.1908902300206647, 'a3': 5.450524878162451}
params_min= {'a1': 1.616580753730952, 'a2': 2.1908902300206647, 'a3': 5.450524878162449} logZ_min= nan obs_min= 1.0637760964082055
params_new= {'a1': 1.616580753730952, 'a2': 2.1908902300206647, 'a3': 5.450524878162451} logZ_new= 3.526988642869875 obs_new= 1.4042447748717346
params_max= {'a1': 1.616580753730952, 'a2': 2.1908902300206647, 'a3': 5.450524878162453} logZ_max= 3.5372550099966205 obs_max= 1.06359886082107
dist_min= tensor(23.5962) dist_max= tensor(610.6872)
params_min,params_max=params_new,params_max
evaluating model at params_new={'a1': 1.616580753730952, 'a2': 2.1908902300206647, 'a3': 5.450524878162452}
params_min= {'a1': 1.616580753730952, 'a2': 2.1908902300206647, 'a3': 5.450524878162451} logZ_min= 3.526988642869875 obs_min= 1.4042447748717346
params_new= {'a1': 1.616580753730952, 'a2': 2.1908902300206647, 'a3': 5.450524878162452} logZ_new= nan obs_new= 1.0646031453494855
params_max= {'a1': 1.616580753730952, 'a2': 2.1908902300206647, 'a3': 5.450524878162453} logZ_max= 3.5372550099966205 obs_max= 1.06359886082107
dist_min= tensor(25.6873) dist_max= tensor(610.2954)
params_min,params_max=params_new,params_max
critical params found:  {'a1': 1.616580753730952, 'a2': 2.1908902300206647, 'a3': 5.450524878162453}
reference params:  {'a1': 1.1547005383792515, 'a2': 1.8257418583505538, 'a3': 4.47213595499958}
file saved to  data/AKLT3D_X10_scan_grid_critical_a3/a1_1.6165808_a2_2.1908902/Tc.json
