Start running find_critical_temp.py with options:{'filename': 'data/AKLT3D_X10_scan_grid_critical_a3/a1_0.6928203_a2_0.3651484/Tc.json', 'log_filename': 'data/AKLT3D_X10_scan_grid_critical_a3/a1_0.6928203_a2_0.3651484/Tc.log', 'nLayers': 60, 'max_dim': 10, 'model': 'AKLT3D', 'params_min': "{'a1': 0.6928203230275509, 'a2': 0.3651483716701107, 'a3': 2.683281572999748}", 'params_max': "{'a1': 0.6928203230275509, 'a2': 0.3651483716701107, 'a3': 3.577708763999664}", 'params_ref': None, 'observable_name': 'magnetizationZ', 'tol': 0.0, 'gilt_enabled': False, 'gilt_eps': 8e-07, 'gilt_nIter': 1, 'mcf_enabled': True, 'mcf_eps': 1e-16, 'mcf_max_iter': 200, 'hotrg_sanity_check': False, 'version': 1, 'device': 'cuda:1'}
loading library...
evaluating model at params_min={'a1': 0.6928203230275509, 'a2': 0.3651483716701107, 'a3': 2.683281572999748}
params_min= {'a1': 0.6928203230275509, 'a2': 0.3651483716701107, 'a3': 2.683281572999748} logZ_min= nan obs_min= 3.214854736965857e-37
evaluating model at params_max={'a1': 0.6928203230275509, 'a2': 0.3651483716701107, 'a3': 3.577708763999664}
params_max= {'a1': 0.6928203230275509, 'a2': 0.3651483716701107, 'a3': 3.577708763999664} logZ_max= 2.548678702754042 obs_max= 8.995553291406202
searching for critical temperature using bisection method
evaluating model at params_new={'a1': 0.6928203230275509, 'a2': 0.3651483716701107, 'a3': 3.130495168499706}
params_min= {'a1': 0.6928203230275509, 'a2': 0.3651483716701107, 'a3': 2.683281572999748} logZ_min= nan obs_min= 3.214854736965857e-37
params_new= {'a1': 0.6928203230275509, 'a2': 0.3651483716701107, 'a3': 3.130495168499706} logZ_new= 2.322463833337339 obs_new= 4.9288879940521164e-37
params_max= {'a1': 0.6928203230275509, 'a2': 0.3651483716701107, 'a3': 3.577708763999664} logZ_max= 2.548678702754042 obs_max= 8.995553291406202
dist_min= tensor(7.0169) dist_max= tensor(36.3292)
params_min,params_max=params_new,params_max
evaluating model at params_new={'a1': 0.6928203230275509, 'a2': 0.3651483716701107, 'a3': 3.3541019662496847}
params_min= {'a1': 0.6928203230275509, 'a2': 0.3651483716701107, 'a3': 3.130495168499706} logZ_min= 2.322463833337339 obs_min= 4.9288879940521164e-37
params_new= {'a1': 0.6928203230275509, 'a2': 0.3651483716701107, 'a3': 3.3541019662496847} logZ_new= 2.416519031966133 obs_new= 8.984323950764564
params_max= {'a1': 0.6928203230275509, 'a2': 0.3651483716701107, 'a3': 3.577708763999664} logZ_max= 2.548678702754042 obs_max= 8.995553291406202
dist_min= tensor(10.0172) dist_max= tensor(40.5544)
params_min,params_max=params_new,params_max
evaluating model at params_new={'a1': 0.6928203230275509, 'a2': 0.3651483716701107, 'a3': 3.4659053651246743}
params_min= {'a1': 0.6928203230275509, 'a2': 0.3651483716701107, 'a3': 3.3541019662496847} logZ_min= 2.416519031966133 obs_min= 8.984323950764564
params_new= {'a1': 0.6928203230275509, 'a2': 0.3651483716701107, 'a3': 3.4659053651246743} logZ_new= 2.4847962928778915 obs_new= 8.994739043246586
params_max= {'a1': 0.6928203230275509, 'a2': 0.3651483716701107, 'a3': 3.577708763999664} logZ_max= 2.548678702754042 obs_max= 8.995553291406202
dist_min= tensor(25.4090) dist_max= tensor(65.6738)
params_min,params_max=params_new,params_max
evaluating model at params_new={'a1': 0.6928203230275509, 'a2': 0.3651483716701107, 'a3': 3.521807064562169}
params_min= {'a1': 0.6928203230275509, 'a2': 0.3651483716701107, 'a3': 3.4659053651246743} logZ_min= 2.4847962928778915 obs_min= 8.994739043246586
params_new= {'a1': 0.6928203230275509, 'a2': 0.3651483716701107, 'a3': 3.521807064562169} logZ_new= 2.5170080400568193 obs_new= 8.99519591548739
params_max= {'a1': 0.6928203230275509, 'a2': 0.3651483716701107, 'a3': 3.577708763999664} logZ_max= 2.548678702754042 obs_max= 8.995553291406202
dist_min= tensor(66.5608) dist_max= tensor(1.8742)
params_min,params_max=params_min,params_new
evaluating model at params_new={'a1': 0.6928203230275509, 'a2': 0.3651483716701107, 'a3': 3.4938562148434213}
params_min= {'a1': 0.6928203230275509, 'a2': 0.3651483716701107, 'a3': 3.4659053651246743} logZ_min= 2.4847962928778915 obs_min= 8.994739043246586
params_new= {'a1': 0.6928203230275509, 'a2': 0.3651483716701107, 'a3': 3.4938562148434213} logZ_new= 2.500971011065392 obs_new= 8.994970486613758
params_max= {'a1': 0.6928203230275509, 'a2': 0.3651483716701107, 'a3': 3.521807064562169} logZ_max= 2.5170080400568193 obs_max= 8.99519591548739
dist_min= tensor(2.1524) dist_max= tensor(64.5726)
params_min,params_max=params_new,params_max
evaluating model at params_new={'a1': 0.6928203230275509, 'a2': 0.3651483716701107, 'a3': 3.507831639702795}
params_min= {'a1': 0.6928203230275509, 'a2': 0.3651483716701107, 'a3': 3.4938562148434213} logZ_min= 2.500971011065392 obs_min= 8.994970486613758
params_new= {'a1': 0.6928203230275509, 'a2': 0.3651483716701107, 'a3': 3.507831639702795} logZ_new= 2.5090066352045977 obs_new= 8.995084764981835
params_max= {'a1': 0.6928203230275509, 'a2': 0.3651483716701107, 'a3': 3.521807064562169} logZ_max= 2.5170080400568193 obs_max= 8.99519591548739
dist_min= tensor(50.3788) dist_max= tensor(14.1980)
params_min,params_max=params_min,params_new
evaluating model at params_new={'a1': 0.6928203230275509, 'a2': 0.3651483716701107, 'a3': 3.5008439272731082}
params_min= {'a1': 0.6928203230275509, 'a2': 0.3651483716701107, 'a3': 3.4938562148434213} logZ_min= 2.500971011065392 obs_min= 8.994970486613758
params_new= {'a1': 0.6928203230275509, 'a2': 0.3651483716701107, 'a3': 3.5008439272731082} logZ_new= 2.504993282573419 obs_new= 8.995033580598017
params_max= {'a1': 0.6928203230275509, 'a2': 0.3651483716701107, 'a3': 3.507831639702795} logZ_max= 2.5090066352045977 obs_max= 8.995084764981835
dist_min= tensor(50.6690) dist_max= tensor(0.4525)
params_min,params_max=params_min,params_new
evaluating model at params_new={'a1': 0.6928203230275509, 'a2': 0.3651483716701107, 'a3': 3.497350071058265}
params_min= {'a1': 0.6928203230275509, 'a2': 0.3651483716701107, 'a3': 3.4938562148434213} logZ_min= 2.500971011065392 obs_min= 8.994970486613758
params_new= {'a1': 0.6928203230275509, 'a2': 0.3651483716701107, 'a3': 3.497350071058265} logZ_new= 2.5029833898238603 obs_new= 8.995007514453945
params_max= {'a1': 0.6928203230275509, 'a2': 0.3651483716701107, 'a3': 3.5008439272731082} logZ_max= 2.504993282573419 obs_max= 8.995033580598017
dist_min= tensor(50.8014) dist_max= tensor(0.7254)
params_min,params_max=params_min,params_new
evaluating model at params_new={'a1': 0.6928203230275509, 'a2': 0.3651483716701107, 'a3': 3.495603142950843}
params_min= {'a1': 0.6928203230275509, 'a2': 0.3651483716701107, 'a3': 3.4938562148434213} logZ_min= 2.500971011065392 obs_min= 8.994970486613758
params_new= {'a1': 0.6928203230275509, 'a2': 0.3651483716701107, 'a3': 3.495603142950843} logZ_new= 2.501977306177651 obs_new= 8.994986184105874
params_max= {'a1': 0.6928203230275509, 'a2': 0.3651483716701107, 'a3': 3.497350071058265} logZ_max= 2.5029833898238603 obs_max= 8.995007514453945
dist_min= tensor(0.2352) dist_max= tensor(50.6967)
params_min,params_max=params_new,params_max
evaluating model at params_new={'a1': 0.6928203230275509, 'a2': 0.3651483716701107, 'a3': 3.496476607004554}
params_min= {'a1': 0.6928203230275509, 'a2': 0.3651483716701107, 'a3': 3.495603142950843} logZ_min= 2.501977306177651 obs_min= 8.994986184105874
params_new= {'a1': 0.6928203230275509, 'a2': 0.3651483716701107, 'a3': 3.496476607004554} logZ_new= 2.5024805755343977 obs_new= 8.995000645592087
params_max= {'a1': 0.6928203230275509, 'a2': 0.3651483716701107, 'a3': 3.497350071058265} logZ_max= 2.5029833898238603 obs_max= 8.995007514453945
dist_min= tensor(50.7122) dist_max= tensor(0.7310)
params_min,params_max=params_min,params_new
evaluating model at params_new={'a1': 0.6928203230275509, 'a2': 0.3651483716701107, 'a3': 3.496039874977699}
params_min= {'a1': 0.6928203230275509, 'a2': 0.3651483716701107, 'a3': 3.495603142950843} logZ_min= 2.501977306177651 obs_min= 8.994986184105874
params_new= {'a1': 0.6928203230275509, 'a2': 0.3651483716701107, 'a3': 3.496039874977699} logZ_new= 2.502228795444699 obs_new= 8.994987811134262
params_max= {'a1': 0.6928203230275509, 'a2': 0.3651483716701107, 'a3': 3.496476607004554} logZ_max= 2.5024805755343977 obs_max= 8.995000645592087
dist_min= tensor(0.7742) dist_max= tensor(50.6952)
params_min,params_max=params_new,params_max
evaluating model at params_new={'a1': 0.6928203230275509, 'a2': 0.3651483716701107, 'a3': 3.4962582409911267}
params_min= {'a1': 0.6928203230275509, 'a2': 0.3651483716701107, 'a3': 3.496039874977699} logZ_min= 2.502228795444699 obs_min= 8.994987811134262
params_new= {'a1': 0.6928203230275509, 'a2': 0.3651483716701107, 'a3': 3.4962582409911267} logZ_new= 2.5023548572471035 obs_new= 8.994999302166699
params_max= {'a1': 0.6928203230275509, 'a2': 0.3651483716701107, 'a3': 3.496476607004554} logZ_max= 2.5024805755343977 obs_max= 8.995000645592087
dist_min= tensor(50.7228) dist_max= tensor(1.5487)
params_min,params_max=params_min,params_new
evaluating model at params_new={'a1': 0.6928203230275509, 'a2': 0.3651483716701107, 'a3': 3.4961490579844128}
params_min= {'a1': 0.6928203230275509, 'a2': 0.3651483716701107, 'a3': 3.496039874977699} logZ_min= 2.502228795444699 obs_min= 8.994987811134262
params_new= {'a1': 0.6928203230275509, 'a2': 0.3651483716701107, 'a3': 3.4961490579844128} logZ_new= 2.502291662367852 obs_new= 8.994990134153946
params_max= {'a1': 0.6928203230275509, 'a2': 0.3651483716701107, 'a3': 3.4962582409911267} logZ_max= 2.5023548572471035 obs_max= 8.994999302166699
dist_min= tensor(0.1056) dist_max= tensor(50.7152)
params_min,params_max=params_new,params_max
evaluating model at params_new={'a1': 0.6928203230275509, 'a2': 0.3651483716701107, 'a3': 3.4962036494877697}
params_min= {'a1': 0.6928203230275509, 'a2': 0.3651483716701107, 'a3': 3.4961490579844128} logZ_min= 2.502291662367852 obs_min= 8.994990134153946
params_new= {'a1': 0.6928203230275509, 'a2': 0.3651483716701107, 'a3': 3.4962036494877697} logZ_new= 2.5023234248598087 obs_new= 8.99499888455604
params_max= {'a1': 0.6928203230275509, 'a2': 0.3651483716701107, 'a3': 3.4962582409911267} logZ_max= 2.5023548572471035 obs_max= 8.994999302166699
dist_min= tensor(50.7112) dist_max= tensor(0.5876)
params_min,params_max=params_min,params_new
evaluating model at params_new={'a1': 0.6928203230275509, 'a2': 0.3651483716701107, 'a3': 3.4961763537360913}
params_min= {'a1': 0.6928203230275509, 'a2': 0.3651483716701107, 'a3': 3.4961490579844128} logZ_min= 2.502291662367852 obs_min= 8.994990134153946
params_new= {'a1': 0.6928203230275509, 'a2': 0.3651483716701107, 'a3': 3.4961763537360913} logZ_new= 2.502307708625761 obs_new= 8.994998679372525
params_max= {'a1': 0.6928203230275509, 'a2': 0.3651483716701107, 'a3': 3.4962036494877697} logZ_max= 2.5023234248598087 obs_max= 8.99499888455604
dist_min= tensor(50.7102) dist_max= tensor(0.3349)
params_min,params_max=params_min,params_new
evaluating model at params_new={'a1': 0.6928203230275509, 'a2': 0.3651483716701107, 'a3': 3.496162705860252}
params_min= {'a1': 0.6928203230275509, 'a2': 0.3651483716701107, 'a3': 3.4961490579844128} logZ_min= 2.502291662367852 obs_min= 8.994990134153946
params_new= {'a1': 0.6928203230275509, 'a2': 0.3651483716701107, 'a3': 3.496162705860252} logZ_new= 2.5022995209308108 obs_new= 8.99499058068084
params_max= {'a1': 0.6928203230275509, 'a2': 0.3651483716701107, 'a3': 3.4961763537360913} logZ_max= 2.502307708625761 obs_max= 8.994998679372525
dist_min= tensor(0.2430) dist_max= tensor(50.7092)
params_min,params_max=params_new,params_max
evaluating model at params_new={'a1': 0.6928203230275509, 'a2': 0.3651483716701107, 'a3': 3.4961695297981716}
params_min= {'a1': 0.6928203230275509, 'a2': 0.3651483716701107, 'a3': 3.496162705860252} logZ_min= 2.5022995209308108 obs_min= 8.99499058068084
params_new= {'a1': 0.6928203230275509, 'a2': 0.3651483716701107, 'a3': 3.4961695297981716} logZ_new= 2.5023034496904613 obs_new= 8.994988639843392
params_max= {'a1': 0.6928203230275509, 'a2': 0.3651483716701107, 'a3': 3.4961763537360913} logZ_max= 2.502307708625761 obs_max= 8.994998679372525
dist_min= tensor(0.3758) dist_max= tensor(50.7107)
params_min,params_max=params_new,params_max
evaluating model at params_new={'a1': 0.6928203230275509, 'a2': 0.3651483716701107, 'a3': 3.4961729417671314}
params_min= {'a1': 0.6928203230275509, 'a2': 0.3651483716701107, 'a3': 3.4961695297981716} logZ_min= 2.5023034496904613 obs_min= 8.994988639843392
params_new= {'a1': 0.6928203230275509, 'a2': 0.3651483716701107, 'a3': 3.4961729417671314} logZ_new= 2.502305414274877 obs_new= 8.994990412216838
params_max= {'a1': 0.6928203230275509, 'a2': 0.3651483716701107, 'a3': 3.4961763537360913} logZ_max= 2.502307708625761 obs_max= 8.994998679372525
dist_min= tensor(0.9243) dist_max= tensor(50.7122)
params_min,params_max=params_new,params_max
evaluating model at params_new={'a1': 0.6928203230275509, 'a2': 0.3651483716701107, 'a3': 3.4961746477516114}
params_min= {'a1': 0.6928203230275509, 'a2': 0.3651483716701107, 'a3': 3.4961729417671314} logZ_min= 2.502305414274877 obs_min= 8.994990412216838
params_new= {'a1': 0.6928203230275509, 'a2': 0.3651483716701107, 'a3': 3.4961746477516114} logZ_new= 2.502306725752202 obs_new= 8.994998659287635
params_max= {'a1': 0.6928203230275509, 'a2': 0.3651483716701107, 'a3': 3.4961763537360913} logZ_max= 2.502307708625761 obs_max= 8.994998679372525
dist_min= tensor(50.7226) dist_max= tensor(0.7718)
params_min,params_max=params_min,params_new
evaluating model at params_new={'a1': 0.6928203230275509, 'a2': 0.3651483716701107, 'a3': 3.4961737947593714}
params_min= {'a1': 0.6928203230275509, 'a2': 0.3651483716701107, 'a3': 3.4961729417671314} logZ_min= 2.502305414274877 obs_min= 8.994990412216838
params_new= {'a1': 0.6928203230275509, 'a2': 0.3651483716701107, 'a3': 3.4961737947593714} logZ_new= 2.502306235382607 obs_new= 8.99499866457992
params_max= {'a1': 0.6928203230275509, 'a2': 0.3651483716701107, 'a3': 3.4961746477516114} logZ_max= 2.502306725752202 obs_max= 8.994998659287635
dist_min= tensor(50.7086) dist_max= tensor(1.2313)
params_min,params_max=params_min,params_new
evaluating model at params_new={'a1': 0.6928203230275509, 'a2': 0.3651483716701107, 'a3': 3.4961733682632516}
params_min= {'a1': 0.6928203230275509, 'a2': 0.3651483716701107, 'a3': 3.4961729417671314} logZ_min= 2.502305414274877 obs_min= 8.994990412216838
params_new= {'a1': 0.6928203230275509, 'a2': 0.3651483716701107, 'a3': 3.4961733682632516} logZ_new= 2.5023056600095406 obs_new= 8.994988921931768
params_max= {'a1': 0.6928203230275509, 'a2': 0.3651483716701107, 'a3': 3.4961737947593714} logZ_max= 2.502306235382607 obs_max= 8.99499866457992
dist_min= tensor(0.8403) dist_max= tensor(50.7169)
params_min,params_max=params_new,params_max
evaluating model at params_new={'a1': 0.6928203230275509, 'a2': 0.3651483716701107, 'a3': 3.4961735815113117}
params_min= {'a1': 0.6928203230275509, 'a2': 0.3651483716701107, 'a3': 3.4961733682632516} logZ_min= 2.5023056600095406 obs_min= 8.994988921931768
params_new= {'a1': 0.6928203230275509, 'a2': 0.3651483716701107, 'a3': 3.4961735815113117} logZ_new= 2.502306111305955 obs_new= 8.994998642315085
params_max= {'a1': 0.6928203230275509, 'a2': 0.3651483716701107, 'a3': 3.4961737947593714} logZ_max= 2.502306235382607 obs_max= 8.99499866457992
dist_min= tensor(50.7103) dist_max= tensor(1.0558)
params_min,params_max=params_min,params_new
evaluating model at params_new={'a1': 0.6928203230275509, 'a2': 0.3651483716701107, 'a3': 3.4961734748872817}
params_min= {'a1': 0.6928203230275509, 'a2': 0.3651483716701107, 'a3': 3.4961733682632516} logZ_min= 2.5023056600095406 obs_min= 8.994988921931768
params_new= {'a1': 0.6928203230275509, 'a2': 0.3651483716701107, 'a3': 3.4961734748872817} logZ_new= 2.5023060508845045 obs_new= 8.994998656976218
params_max= {'a1': 0.6928203230275509, 'a2': 0.3651483716701107, 'a3': 3.4961735815113117} logZ_max= 2.502306111305955 obs_max= 8.994998642315085
dist_min= tensor(50.7108) dist_max= tensor(0.2294)
params_min,params_max=params_min,params_new
evaluating model at params_new={'a1': 0.6928203230275509, 'a2': 0.3651483716701107, 'a3': 3.496173421575267}
params_min= {'a1': 0.6928203230275509, 'a2': 0.3651483716701107, 'a3': 3.4961733682632516} logZ_min= 2.5023056600095406 obs_min= 8.994988921931768
params_new= {'a1': 0.6928203230275509, 'a2': 0.3651483716701107, 'a3': 3.496173421575267} logZ_new= 2.502305972664272 obs_new= 8.994994802263218
params_max= {'a1': 0.6928203230275509, 'a2': 0.3651483716701107, 'a3': 3.4961734748872817} logZ_max= 2.5023060508845045 obs_max= 8.994998656976218
dist_min= tensor(50.6864) dist_max= tensor(1.1422)
params_min,params_max=params_min,params_new
evaluating model at params_new={'a1': 0.6928203230275509, 'a2': 0.3651483716701107, 'a3': 3.4961733949192593}
params_min= {'a1': 0.6928203230275509, 'a2': 0.3651483716701107, 'a3': 3.4961733682632516} logZ_min= 2.5023056600095406 obs_min= 8.994988921931768
params_new= {'a1': 0.6928203230275509, 'a2': 0.3651483716701107, 'a3': 3.4961733949192593} logZ_new= 2.50230567547188 obs_new= 8.99499112230818
params_max= {'a1': 0.6928203230275509, 'a2': 0.3651483716701107, 'a3': 3.496173421575267} logZ_max= 2.502305972664272 obs_max= 8.994994802263218
dist_min= tensor(0.7132) dist_max= tensor(50.6793)
params_min,params_max=params_new,params_max
evaluating model at params_new={'a1': 0.6928203230275509, 'a2': 0.3651483716701107, 'a3': 3.4961734082472633}
params_min= {'a1': 0.6928203230275509, 'a2': 0.3651483716701107, 'a3': 3.4961733949192593} logZ_min= 2.50230567547188 obs_min= 8.99499112230818
params_new= {'a1': 0.6928203230275509, 'a2': 0.3651483716701107, 'a3': 3.4961734082472633} logZ_new= 2.5023056831579913 obs_new= 8.994990197030141
params_max= {'a1': 0.6928203230275509, 'a2': 0.3651483716701107, 'a3': 3.496173421575267} logZ_max= 2.502305972664272 obs_max= 8.994994802263218
dist_min= tensor(1.1120) dist_max= tensor(50.6888)
params_min,params_max=params_new,params_max
evaluating model at params_new={'a1': 0.6928203230275509, 'a2': 0.3651483716701107, 'a3': 3.496173414911265}
params_min= {'a1': 0.6928203230275509, 'a2': 0.3651483716701107, 'a3': 3.4961734082472633} logZ_min= 2.5023056831579913 obs_min= 8.994990197030141
params_new= {'a1': 0.6928203230275509, 'a2': 0.3651483716701107, 'a3': 3.496173414911265} logZ_new= 2.5023060166650177 obs_new= 8.99499866157572
params_max= {'a1': 0.6928203230275509, 'a2': 0.3651483716701107, 'a3': 3.496173421575267} logZ_max= 2.502305972664272 obs_max= 8.994994802263218
dist_min= tensor(50.7276) dist_max= tensor(0.7016)
params_min,params_max=params_min,params_new
evaluating model at params_new={'a1': 0.6928203230275509, 'a2': 0.3651483716701107, 'a3': 3.496173411579264}
params_min= {'a1': 0.6928203230275509, 'a2': 0.3651483716701107, 'a3': 3.4961734082472633} logZ_min= 2.5023056831579913 obs_min= 8.994990197030141
params_new= {'a1': 0.6928203230275509, 'a2': 0.3651483716701107, 'a3': 3.496173411579264} logZ_new= 2.5023060147274956 obs_new= 8.994998661873371
params_max= {'a1': 0.6928203230275509, 'a2': 0.3651483716701107, 'a3': 3.496173414911265} logZ_max= 2.5023060166650177 obs_max= 8.99499866157572
dist_min= tensor(50.7254) dist_max= tensor(0.1729)
params_min,params_max=params_min,params_new
evaluating model at params_new={'a1': 0.6928203230275509, 'a2': 0.3651483716701107, 'a3': 3.496173409913264}
params_min= {'a1': 0.6928203230275509, 'a2': 0.3651483716701107, 'a3': 3.4961734082472633} logZ_min= 2.5023056831579913 obs_min= 8.994990197030141
params_new= {'a1': 0.6928203230275509, 'a2': 0.3651483716701107, 'a3': 3.496173409913264} logZ_new= 2.502306013825173 obs_new= 8.994998662771966
params_max= {'a1': 0.6928203230275509, 'a2': 0.3651483716701107, 'a3': 3.496173411579264} logZ_max= 2.5023060147274956 obs_max= 8.994998661873371
dist_min= tensor(50.7179) dist_max= tensor(0.6011)
params_min,params_max=params_min,params_new
evaluating model at params_new={'a1': 0.6928203230275509, 'a2': 0.3651483716701107, 'a3': 3.4961734090802636}
params_min= {'a1': 0.6928203230275509, 'a2': 0.3651483716701107, 'a3': 3.4961734082472633} logZ_min= 2.5023056831579913 obs_min= 8.994990197030141
params_new= {'a1': 0.6928203230275509, 'a2': 0.3651483716701107, 'a3': 3.4961734090802636} logZ_new= 2.5023060125078183 obs_new= 8.994998648703517
params_max= {'a1': 0.6928203230275509, 'a2': 0.3651483716701107, 'a3': 3.496173409913264} logZ_max= 2.502306013825173 obs_max= 8.994998662771966
dist_min= tensor(50.7238) dist_max= tensor(0.4347)
params_min,params_max=params_min,params_new
evaluating model at params_new={'a1': 0.6928203230275509, 'a2': 0.3651483716701107, 'a3': 3.4961734086637635}
params_min= {'a1': 0.6928203230275509, 'a2': 0.3651483716701107, 'a3': 3.4961734082472633} logZ_min= 2.5023056831579913 obs_min= 8.994990197030141
params_new= {'a1': 0.6928203230275509, 'a2': 0.3651483716701107, 'a3': 3.4961734086637635} logZ_new= 2.502305965150149 obs_new= 8.994994800358054
params_max= {'a1': 0.6928203230275509, 'a2': 0.3651483716701107, 'a3': 3.4961734090802636} logZ_max= 2.5023060125078183 obs_max= 8.994998648703517
dist_min= tensor(50.6910) dist_max= tensor(0.1866)
params_min,params_max=params_min,params_new
evaluating model at params_new={'a1': 0.6928203230275509, 'a2': 0.3651483716701107, 'a3': 3.4961734084555136}
params_min= {'a1': 0.6928203230275509, 'a2': 0.3651483716701107, 'a3': 3.4961734082472633} logZ_min= 2.5023056831579913 obs_min= 8.994990197030141
params_new= {'a1': 0.6928203230275509, 'a2': 0.3651483716701107, 'a3': 3.4961734084555136} logZ_new= 2.502305682963051 obs_new= 8.994990208658969
params_max= {'a1': 0.6928203230275509, 'a2': 0.3651483716701107, 'a3': 3.4961734086637635} logZ_max= 2.502305965150149 obs_max= 8.994994800358054
dist_min= tensor(0.0588) dist_max= tensor(50.6920)
params_min,params_max=params_new,params_max
evaluating model at params_new={'a1': 0.6928203230275509, 'a2': 0.3651483716701107, 'a3': 3.4961734085596383}
params_min= {'a1': 0.6928203230275509, 'a2': 0.3651483716701107, 'a3': 3.4961734084555136} logZ_min= 2.502305682963051 obs_min= 8.994990208658969
params_new= {'a1': 0.6928203230275509, 'a2': 0.3651483716701107, 'a3': 3.4961734085596383} logZ_new= 2.502306002352688 obs_new= 8.994998260970918
params_max= {'a1': 0.6928203230275509, 'a2': 0.3651483716701107, 'a3': 3.4961734086637635} logZ_max= 2.502305965150149 obs_max= 8.994994800358054
dist_min= tensor(50.7193) dist_max= tensor(0.7864)
params_min,params_max=params_min,params_new
evaluating model at params_new={'a1': 0.6928203230275509, 'a2': 0.3651483716701107, 'a3': 3.496173408507576}
params_min= {'a1': 0.6928203230275509, 'a2': 0.3651483716701107, 'a3': 3.4961734084555136} logZ_min= 2.502305682963051 obs_min= 8.994990208658969
params_new= {'a1': 0.6928203230275509, 'a2': 0.3651483716701107, 'a3': 3.496173408507576} logZ_new= 2.5023059690158513 obs_new= 8.994994890013816
params_max= {'a1': 0.6928203230275509, 'a2': 0.3651483716701107, 'a3': 3.4961734085596383} logZ_max= 2.502306002352688 obs_max= 8.994998260970918
dist_min= tensor(50.6936) dist_max= tensor(0.6601)
params_min,params_max=params_min,params_new
evaluating model at params_new={'a1': 0.6928203230275509, 'a2': 0.3651483716701107, 'a3': 3.496173408481545}
params_min= {'a1': 0.6928203230275509, 'a2': 0.3651483716701107, 'a3': 3.4961734084555136} logZ_min= 2.502305682963051 obs_min= 8.994990208658969
params_new= {'a1': 0.6928203230275509, 'a2': 0.3651483716701107, 'a3': 3.496173408481545} logZ_new= 2.502305682979534 obs_new= 8.994990224355687
params_max= {'a1': 0.6928203230275509, 'a2': 0.3651483716701107, 'a3': 3.496173408507576} logZ_max= 2.5023059690158513 obs_max= 8.994994890013816
dist_min= tensor(1.1589) dist_max= tensor(50.6784)
params_min,params_max=params_new,params_max
evaluating model at params_new={'a1': 0.6928203230275509, 'a2': 0.3651483716701107, 'a3': 3.4961734084945606}
params_min= {'a1': 0.6928203230275509, 'a2': 0.3651483716701107, 'a3': 3.496173408481545} logZ_min= 2.502305682979534 obs_min= 8.994990224355687
params_new= {'a1': 0.6928203230275509, 'a2': 0.3651483716701107, 'a3': 3.4961734084945606} logZ_new= 2.5023056830111376 obs_new= 8.9949904409965
params_max= {'a1': 0.6928203230275509, 'a2': 0.3651483716701107, 'a3': 3.496173408507576} logZ_max= 2.5023059690158513 obs_max= 8.994994890013816
dist_min= tensor(0.3317) dist_max= tensor(50.6786)
params_min,params_max=params_new,params_max
evaluating model at params_new={'a1': 0.6928203230275509, 'a2': 0.3651483716701107, 'a3': 3.4961734085010683}
params_min= {'a1': 0.6928203230275509, 'a2': 0.3651483716701107, 'a3': 3.4961734084945606} logZ_min= 2.5023056830111376 obs_min= 8.9949904409965
params_new= {'a1': 0.6928203230275509, 'a2': 0.3651483716701107, 'a3': 3.4961734085010683} logZ_new= 2.5023056831834882 obs_new= 8.994991153071856
params_max= {'a1': 0.6928203230275509, 'a2': 0.3651483716701107, 'a3': 3.496173408507576} logZ_max= 2.5023059690158513 obs_max= 8.994994890013816
dist_min= tensor(1.0583) dist_max= tensor(50.6871)
params_min,params_max=params_new,params_max
evaluating model at params_new={'a1': 0.6928203230275509, 'a2': 0.3651483716701107, 'a3': 3.496173408504322}
params_min= {'a1': 0.6928203230275509, 'a2': 0.3651483716701107, 'a3': 3.4961734085010683} logZ_min= 2.5023056831834882 obs_min= 8.994991153071856
params_new= {'a1': 0.6928203230275509, 'a2': 0.3651483716701107, 'a3': 3.496173408504322} logZ_new= 2.502306008505702 obs_new= 8.99499836756588
params_max= {'a1': 0.6928203230275509, 'a2': 0.3651483716701107, 'a3': 3.496173408507576} logZ_max= 2.5023059690158513 obs_max= 8.994994890013816
dist_min= tensor(50.6977) dist_max= tensor(0.1223)
params_min,params_max=params_min,params_new
evaluating model at params_new={'a1': 0.6928203230275509, 'a2': 0.3651483716701107, 'a3': 3.4961734085026954}
params_min= {'a1': 0.6928203230275509, 'a2': 0.3651483716701107, 'a3': 3.4961734085010683} logZ_min= 2.5023056831834882 obs_min= 8.994991153071856
params_new= {'a1': 0.6928203230275509, 'a2': 0.3651483716701107, 'a3': 3.4961734085026954} logZ_new= 2.502305683185437 obs_new= 8.9949910474882
params_max= {'a1': 0.6928203230275509, 'a2': 0.3651483716701107, 'a3': 3.496173408504322} logZ_max= 2.502306008505702 obs_max= 8.99499836756588
dist_min= tensor(0.0683) dist_max= tensor(50.6651)
params_min,params_max=params_new,params_max
evaluating model at params_new={'a1': 0.6928203230275509, 'a2': 0.3651483716701107, 'a3': 3.496173408503509}
params_min= {'a1': 0.6928203230275509, 'a2': 0.3651483716701107, 'a3': 3.4961734085026954} logZ_min= 2.502305683185437 obs_min= 8.9949910474882
params_new= {'a1': 0.6928203230275509, 'a2': 0.3651483716701107, 'a3': 3.496173408503509} logZ_new= 2.5023060129443855 obs_new= 8.994998661034668
params_max= {'a1': 0.6928203230275509, 'a2': 0.3651483716701107, 'a3': 3.496173408504322} logZ_max= 2.502306008505702 obs_max= 8.99499836756588
dist_min= tensor(50.6859) dist_max= tensor(0.2151)
params_min,params_max=params_min,params_new
evaluating model at params_new={'a1': 0.6928203230275509, 'a2': 0.3651483716701107, 'a3': 3.496173408503102}
params_min= {'a1': 0.6928203230275509, 'a2': 0.3651483716701107, 'a3': 3.4961734085026954} logZ_min= 2.502305683185437 obs_min= 8.9949910474882
params_new= {'a1': 0.6928203230275509, 'a2': 0.3651483716701107, 'a3': 3.496173408503102} logZ_new= 2.502306004221323 obs_new= 8.99499829202425
params_max= {'a1': 0.6928203230275509, 'a2': 0.3651483716701107, 'a3': 3.496173408503509} logZ_max= 2.5023060129443855 obs_max= 8.994998661034668
dist_min= tensor(50.6657) dist_max= tensor(0.4586)
params_min,params_max=params_min,params_new
evaluating model at params_new={'a1': 0.6928203230275509, 'a2': 0.3651483716701107, 'a3': 3.496173408502899}
params_min= {'a1': 0.6928203230275509, 'a2': 0.3651483716701107, 'a3': 3.4961734085026954} logZ_min= 2.502305683185437 obs_min= 8.9949910474882
params_new= {'a1': 0.6928203230275509, 'a2': 0.3651483716701107, 'a3': 3.496173408502899} logZ_new= 2.50230601157959 obs_new= 8.994998639968408
params_max= {'a1': 0.6928203230275509, 'a2': 0.3651483716701107, 'a3': 3.496173408503102} logZ_max= 2.502306004221323 obs_max= 8.99499829202425
dist_min= tensor(50.6819) dist_max= tensor(0.0176)
params_min,params_max=params_min,params_new
evaluating model at params_new={'a1': 0.6928203230275509, 'a2': 0.3651483716701107, 'a3': 3.496173408502797}
params_min= {'a1': 0.6928203230275509, 'a2': 0.3651483716701107, 'a3': 3.4961734085026954} logZ_min= 2.502305683185437 obs_min= 8.9949910474882
params_new= {'a1': 0.6928203230275509, 'a2': 0.3651483716701107, 'a3': 3.496173408502797} logZ_new= 2.502306013014383 obs_new= 8.99499866278558
params_max= {'a1': 0.6928203230275509, 'a2': 0.3651483716701107, 'a3': 3.496173408502899} logZ_max= 2.50230601157959 obs_max= 8.994998639968408
dist_min= tensor(50.6910) dist_max= tensor(0.7851)
params_min,params_max=params_min,params_new
evaluating model at params_new={'a1': 0.6928203230275509, 'a2': 0.3651483716701107, 'a3': 3.496173408502746}
params_min= {'a1': 0.6928203230275509, 'a2': 0.3651483716701107, 'a3': 3.4961734085026954} logZ_min= 2.502305683185437 obs_min= 8.9949910474882
params_new= {'a1': 0.6928203230275509, 'a2': 0.3651483716701107, 'a3': 3.496173408502746} logZ_new= 2.5023060077457444 obs_new= 8.994998353846363
params_max= {'a1': 0.6928203230275509, 'a2': 0.3651483716701107, 'a3': 3.496173408502797} logZ_max= 2.502306013014383 obs_max= 8.99499866278558
dist_min= tensor(50.6588) dist_max= tensor(1.4685)
params_min,params_max=params_min,params_new
evaluating model at params_new={'a1': 0.6928203230275509, 'a2': 0.3651483716701107, 'a3': 3.4961734085027207}
params_min= {'a1': 0.6928203230275509, 'a2': 0.3651483716701107, 'a3': 3.4961734085026954} logZ_min= 2.502305683185437 obs_min= 8.9949910474882
params_new= {'a1': 0.6928203230275509, 'a2': 0.3651483716701107, 'a3': 3.4961734085027207} logZ_new= 2.5023060117932974 obs_new= 8.994998660591156
params_max= {'a1': 0.6928203230275509, 'a2': 0.3651483716701107, 'a3': 3.496173408502746} logZ_max= 2.5023060077457444 obs_max= 8.994998353846363
dist_min= tensor(50.6279) dist_max= tensor(0.4880)
params_min,params_max=params_min,params_new
evaluating model at params_new={'a1': 0.6928203230275509, 'a2': 0.3651483716701107, 'a3': 3.496173408502708}
params_min= {'a1': 0.6928203230275509, 'a2': 0.3651483716701107, 'a3': 3.4961734085026954} logZ_min= 2.502305683185437 obs_min= 8.9949910474882
params_new= {'a1': 0.6928203230275509, 'a2': 0.3651483716701107, 'a3': 3.496173408502708} logZ_new= 2.502305698105677 obs_new= 8.994991766671916
params_max= {'a1': 0.6928203230275509, 'a2': 0.3651483716701107, 'a3': 3.4961734085027207} logZ_max= 2.5023060117932974 obs_max= 8.994998660591156
dist_min= tensor(8.2809) dist_max= tensor(42.5148)
params_min,params_max=params_new,params_max
evaluating model at params_new={'a1': 0.6928203230275509, 'a2': 0.3651483716701107, 'a3': 3.496173408502714}
params_min= {'a1': 0.6928203230275509, 'a2': 0.3651483716701107, 'a3': 3.496173408502708} logZ_min= 2.502305698105677 obs_min= 8.994991766671916
params_new= {'a1': 0.6928203230275509, 'a2': 0.3651483716701107, 'a3': 3.496173408502714} logZ_new= 2.5023057512243434 obs_new= 8.994995953569319
params_max= {'a1': 0.6928203230275509, 'a2': 0.3651483716701107, 'a3': 3.4961734085027207} logZ_max= 2.5023060117932974 obs_max= 8.994998660591156
dist_min= tensor(21.5909) dist_max= tensor(20.9505)
params_min,params_max=params_min,params_new
evaluating model at params_new={'a1': 0.6928203230275509, 'a2': 0.3651483716701107, 'a3': 3.496173408502711}
params_min= {'a1': 0.6928203230275509, 'a2': 0.3651483716701107, 'a3': 3.496173408502708} logZ_min= 2.502305698105677 obs_min= 8.994991766671916
params_new= {'a1': 0.6928203230275509, 'a2': 0.3651483716701107, 'a3': 3.496173408502711} logZ_new= 2.502305725977475 obs_new= 8.994993991162865
params_max= {'a1': 0.6928203230275509, 'a2': 0.3651483716701107, 'a3': 3.496173408502714} logZ_max= 2.5023057512243434 obs_max= 8.994995953569319
dist_min= tensor(11.7056) dist_max= tensor(9.8893)
params_min,params_max=params_min,params_new
evaluating model at params_new={'a1': 0.6928203230275509, 'a2': 0.3651483716701107, 'a3': 3.4961734085027096}
params_min= {'a1': 0.6928203230275509, 'a2': 0.3651483716701107, 'a3': 3.496173408502708} logZ_min= 2.502305698105677 obs_min= 8.994991766671916
params_new= {'a1': 0.6928203230275509, 'a2': 0.3651483716701107, 'a3': 3.4961734085027096} logZ_new= 2.50230569763254 obs_new= 8.994991753628067
params_max= {'a1': 0.6928203230275509, 'a2': 0.3651483716701107, 'a3': 3.496173408502711} logZ_max= 2.502305725977475 obs_max= 8.994993991162865
dist_min= tensor(0.8908) dist_max= tensor(11.6572)
params_min,params_max=params_new,params_max
evaluating model at params_new={'a1': 0.6928203230275509, 'a2': 0.3651483716701107, 'a3': 3.4961734085027105}
params_min= {'a1': 0.6928203230275509, 'a2': 0.3651483716701107, 'a3': 3.4961734085027096} logZ_min= 2.50230569763254 obs_min= 8.994991753628067
params_new= {'a1': 0.6928203230275509, 'a2': 0.3651483716701107, 'a3': 3.4961734085027105} logZ_new= 2.502305715773451 obs_new= 8.994993188008058
params_max= {'a1': 0.6928203230275509, 'a2': 0.3651483716701107, 'a3': 3.496173408502711} logZ_max= 2.502305725977475 obs_max= 8.994993991162865
dist_min= tensor(7.5600) dist_max= tensor(4.1016)
params_min,params_max=params_min,params_new
evaluating model at params_new={'a1': 0.6928203230275509, 'a2': 0.3651483716701107, 'a3': 3.49617340850271}
params_min= {'a1': 0.6928203230275509, 'a2': 0.3651483716701107, 'a3': 3.4961734085027096} logZ_min= 2.50230569763254 obs_min= 8.994991753628067
params_new= {'a1': 0.6928203230275509, 'a2': 0.3651483716701107, 'a3': 3.49617340850271} logZ_new= 2.502305734225932 obs_new= 8.994994801667891
params_max= {'a1': 0.6928203230275509, 'a2': 0.3651483716701107, 'a3': 3.4961734085027105} logZ_max= 2.502305715773451 obs_max= 8.994993188008058
dist_min= tensor(16.5771) dist_max= tensor(9.0228)
params_min,params_max=params_min,params_new
critical params found:  {'a1': 0.6928203230275509, 'a2': 0.3651483716701107, 'a3': 3.4961734085027096}
reference params:  {'a1': 1.1547005383792515, 'a2': 1.8257418583505538, 'a3': 4.47213595499958}
file saved to  data/AKLT3D_X10_scan_grid_critical_a3/a1_0.6928203_a2_0.3651484/Tc.json
