Start running find_critical_temp.py with options:{'filename': 'data/AKLT3D_X10_scan_grid_critical_a3/a1_0.6928203_a2_2.1908902/Tc.json', 'log_filename': 'data/AKLT3D_X10_scan_grid_critical_a3/a1_0.6928203_a2_2.1908902/Tc.log', 'nLayers': 60, 'max_dim': 10, 'model': 'AKLT3D', 'params_min': "{'a1': 0.6928203230275509, 'a2': 2.1908902300206647, 'a3': 1.788854381999832}", 'params_max': "{'a1': 0.6928203230275509, 'a2': 2.1908902300206647, 'a3': 2.683281572999748}", 'params_ref': None, 'observable_name': 'magnetizationZ', 'tol': 0.0, 'gilt_enabled': False, 'gilt_eps': 8e-07, 'gilt_nIter': 1, 'mcf_enabled': True, 'mcf_eps': 1e-16, 'mcf_max_iter': 200, 'hotrg_sanity_check': False, 'version': 1, 'device': 'cuda:1'}
loading library...
evaluating model at params_min={'a1': 0.6928203230275509, 'a2': 2.1908902300206647, 'a3': 1.788854381999832}
params_min= {'a1': 0.6928203230275509, 'a2': 2.1908902300206647, 'a3': 1.788854381999832} logZ_min= nan obs_min= 2.2585050242337737e-32
evaluating model at params_max={'a1': 0.6928203230275509, 'a2': 2.1908902300206647, 'a3': 2.683281572999748}
params_max= {'a1': 0.6928203230275509, 'a2': 2.1908902300206647, 'a3': 2.683281572999748} logZ_max= nan obs_max= 1.4245705801672748
searching for critical temperature using bisection method
evaluating model at params_new={'a1': 0.6928203230275509, 'a2': 2.1908902300206647, 'a3': 2.23606797749979}
params_min= {'a1': 0.6928203230275509, 'a2': 2.1908902300206647, 'a3': 1.788854381999832} logZ_min= nan obs_min= 2.2585050242337737e-32
params_new= {'a1': 0.6928203230275509, 'a2': 2.1908902300206647, 'a3': 2.23606797749979} logZ_new= 2.8300331952554774 obs_new= 4.527965423007377e-30
params_max= {'a1': 0.6928203230275509, 'a2': 2.1908902300206647, 'a3': 2.683281572999748} logZ_max= nan obs_max= 1.4245705801672748
dist_min= tensor(1637.6197) dist_max= tensor(14.7687)
params_min,params_max=params_min,params_new
evaluating model at params_new={'a1': 0.6928203230275509, 'a2': 2.1908902300206647, 'a3': 2.0124611797498106}
params_min= {'a1': 0.6928203230275509, 'a2': 2.1908902300206647, 'a3': 1.788854381999832} logZ_min= nan obs_min= 2.2585050242337737e-32
params_new= {'a1': 0.6928203230275509, 'a2': 2.1908902300206647, 'a3': 2.0124611797498106} logZ_new= 2.824023480282895 obs_new= 1.0281376591756017e-33
params_max= {'a1': 0.6928203230275509, 'a2': 2.1908902300206647, 'a3': 2.23606797749979} logZ_max= 2.8300331952554774 obs_max= 4.527965423007377e-30
dist_min= tensor(1637.1319) dist_max= tensor(1.6498)
params_min,params_max=params_min,params_new
evaluating model at params_new={'a1': 0.6928203230275509, 'a2': 2.1908902300206647, 'a3': 1.9006577808748213}
params_min= {'a1': 0.6928203230275509, 'a2': 2.1908902300206647, 'a3': 1.788854381999832} logZ_min= nan obs_min= 2.2585050242337737e-32
params_new= {'a1': 0.6928203230275509, 'a2': 2.1908902300206647, 'a3': 1.9006577808748213} logZ_new= nan obs_new= 7.836421840780531e-33
params_max= {'a1': 0.6928203230275509, 'a2': 2.1908902300206647, 'a3': 2.0124611797498106} logZ_max= 2.824023480282895 obs_max= 1.0281376591756017e-33
dist_min= tensor(1626.0475) dist_max= tensor(11.3432)
params_min,params_max=params_min,params_new
evaluating model at params_new={'a1': 0.6928203230275509, 'a2': 2.1908902300206647, 'a3': 1.8447560814373265}
params_min= {'a1': 0.6928203230275509, 'a2': 2.1908902300206647, 'a3': 1.788854381999832} logZ_min= nan obs_min= 2.2585050242337737e-32
params_new= {'a1': 0.6928203230275509, 'a2': 2.1908902300206647, 'a3': 1.8447560814373265} logZ_new= 2.8195560824594574 obs_new= 7.895359364222033e-33
params_max= {'a1': 0.6928203230275509, 'a2': 2.1908902300206647, 'a3': 1.9006577808748213} logZ_max= nan obs_max= 7.836421840780531e-33
dist_min= tensor(1637.9315) dist_max= tensor(11.9020)
params_min,params_max=params_min,params_new
evaluating model at params_new={'a1': 0.6928203230275509, 'a2': 2.1908902300206647, 'a3': 1.8168052317185792}
params_min= {'a1': 0.6928203230275509, 'a2': 2.1908902300206647, 'a3': 1.788854381999832} logZ_min= nan obs_min= 2.2585050242337737e-32
params_new= {'a1': 0.6928203230275509, 'a2': 2.1908902300206647, 'a3': 1.8168052317185792} logZ_new= nan obs_new= 5.555733397060391e-33
params_max= {'a1': 0.6928203230275509, 'a2': 2.1908902300206647, 'a3': 1.8447560814373265} logZ_max= 2.8195560824594574 obs_max= 7.895359364222033e-33
dist_min= tensor(1635.6867) dist_max= tensor(2.9966)
params_min,params_max=params_min,params_new
evaluating model at params_new={'a1': 0.6928203230275509, 'a2': 2.1908902300206647, 'a3': 1.8028298068592057}
params_min= {'a1': 0.6928203230275509, 'a2': 2.1908902300206647, 'a3': 1.788854381999832} logZ_min= nan obs_min= 2.2585050242337737e-32
params_new= {'a1': 0.6928203230275509, 'a2': 2.1908902300206647, 'a3': 1.8028298068592057} logZ_new= nan obs_new= 3.759560264518916e-32
params_max= {'a1': 0.6928203230275509, 'a2': 2.1908902300206647, 'a3': 1.8168052317185792} logZ_max= nan obs_max= 5.555733397060391e-33
dist_min= tensor(1636.6596) dist_max= tensor(4.1800)
params_min,params_max=params_min,params_new
evaluating model at params_new={'a1': 0.6928203230275509, 'a2': 2.1908902300206647, 'a3': 1.7958420944295188}
params_min= {'a1': 0.6928203230275509, 'a2': 2.1908902300206647, 'a3': 1.788854381999832} logZ_min= nan obs_min= 2.2585050242337737e-32
params_new= {'a1': 0.6928203230275509, 'a2': 2.1908902300206647, 'a3': 1.7958420944295188} logZ_new= 2.8181353690162005 obs_new= 2.467933381725979e-32
params_max= {'a1': 0.6928203230275509, 'a2': 2.1908902300206647, 'a3': 1.8028298068592057} logZ_max= nan obs_max= 3.759560264518916e-32
dist_min= tensor(1638.8540) dist_max= tensor(38.0978)
params_min,params_max=params_min,params_new
evaluating model at params_new={'a1': 0.6928203230275509, 'a2': 2.1908902300206647, 'a3': 1.7923482382146754}
params_min= {'a1': 0.6928203230275509, 'a2': 2.1908902300206647, 'a3': 1.788854381999832} logZ_min= nan obs_min= 2.2585050242337737e-32
params_new= {'a1': 0.6928203230275509, 'a2': 2.1908902300206647, 'a3': 1.7923482382146754} logZ_new= 2.8180851173091512 obs_new= 1.257631980648005e-31
params_max= {'a1': 0.6928203230275509, 'a2': 2.1908902300206647, 'a3': 1.7958420944295188} logZ_max= 2.8181353690162005 obs_max= 2.467933381725979e-32
dist_min= tensor(1638.2298) dist_max= tensor(28.3814)
params_min,params_max=params_min,params_new
evaluating model at params_new={'a1': 0.6928203230275509, 'a2': 2.1908902300206647, 'a3': 1.7906013101072538}
params_min= {'a1': 0.6928203230275509, 'a2': 2.1908902300206647, 'a3': 1.788854381999832} logZ_min= nan obs_min= 2.2585050242337737e-32
params_new= {'a1': 0.6928203230275509, 'a2': 2.1908902300206647, 'a3': 1.7906013101072538} logZ_new= nan obs_new= 6.656225313227777e-31
params_max= {'a1': 0.6928203230275509, 'a2': 2.1908902300206647, 'a3': 1.7923482382146754} logZ_max= 2.8180851173091512 obs_max= 1.257631980648005e-31
dist_min= tensor(1632.3246) dist_max= tensor(12.3000)
params_min,params_max=params_min,params_new
evaluating model at params_new={'a1': 0.6928203230275509, 'a2': 2.1908902300206647, 'a3': 1.7897278460535428}
params_min= {'a1': 0.6928203230275509, 'a2': 2.1908902300206647, 'a3': 1.788854381999832} logZ_min= nan obs_min= 2.2585050242337737e-32
params_new= {'a1': 0.6928203230275509, 'a2': 2.1908902300206647, 'a3': 1.7897278460535428} logZ_new= 2.817976185661251 obs_new= 5.748016078410035e-33
params_max= {'a1': 0.6928203230275509, 'a2': 2.1908902300206647, 'a3': 1.7906013101072538} logZ_max= nan obs_max= 6.656225313227777e-31
dist_min= tensor(2261.1691) dist_max= tensor(1566.8669)
params_min,params_max=params_min,params_new
evaluating model at params_new={'a1': 0.6928203230275509, 'a2': 2.1908902300206647, 'a3': 1.7892911140266874}
params_min= {'a1': 0.6928203230275509, 'a2': 2.1908902300206647, 'a3': 1.788854381999832} logZ_min= nan obs_min= 2.2585050242337737e-32
params_new= {'a1': 0.6928203230275509, 'a2': 2.1908902300206647, 'a3': 1.7892911140266874} logZ_new= nan obs_new= 7.785412969443565e-35
params_max= {'a1': 0.6928203230275509, 'a2': 2.1908902300206647, 'a3': 1.7897278460535428} logZ_max= 2.817976185661251 obs_max= 5.748016078410035e-33
dist_min= tensor(1426.4539) dist_max= tensor(1581.0081)
params_min,params_max=params_new,params_max
evaluating model at params_new={'a1': 0.6928203230275509, 'a2': 2.1908902300206647, 'a3': 1.789509480040115}
params_min= {'a1': 0.6928203230275509, 'a2': 2.1908902300206647, 'a3': 1.7892911140266874} logZ_min= nan obs_min= 7.785412969443565e-35
params_new= {'a1': 0.6928203230275509, 'a2': 2.1908902300206647, 'a3': 1.789509480040115} logZ_new= 2.8179141890430777 obs_new= 2.2709937444114813e-32
params_max= {'a1': 0.6928203230275509, 'a2': 2.1908902300206647, 'a3': 1.7897278460535428} logZ_max= 2.817976185661251 obs_max= 5.748016078410035e-33
dist_min= tensor(211.8640) dist_max= tensor(1564.6244)
params_min,params_max=params_new,params_max
evaluating model at params_new={'a1': 0.6928203230275509, 'a2': 2.1908902300206647, 'a3': 1.789618663046829}
params_min= {'a1': 0.6928203230275509, 'a2': 2.1908902300206647, 'a3': 1.789509480040115} logZ_min= 2.8179141890430777 obs_min= 2.2709937444114813e-32
params_new= {'a1': 0.6928203230275509, 'a2': 2.1908902300206647, 'a3': 1.789618663046829} logZ_new= nan obs_new= 3.112934538081556e-33
params_max= {'a1': 0.6928203230275509, 'a2': 2.1908902300206647, 'a3': 1.7897278460535428} logZ_max= 2.817976185661251 obs_max= 5.748016078410035e-33
dist_min= tensor(7.5241) dist_max= tensor(1567.3766)
params_min,params_max=params_new,params_max
evaluating model at params_new={'a1': 0.6928203230275509, 'a2': 2.1908902300206647, 'a3': 1.7896732545501859}
params_min= {'a1': 0.6928203230275509, 'a2': 2.1908902300206647, 'a3': 1.789618663046829} logZ_min= nan obs_min= 3.112934538081556e-33
params_new= {'a1': 0.6928203230275509, 'a2': 2.1908902300206647, 'a3': 1.7896732545501859} logZ_new= nan obs_new= 3.0591505220849204e-32
params_max= {'a1': 0.6928203230275509, 'a2': 2.1908902300206647, 'a3': 1.7897278460535428} logZ_max= 2.817976185661251 obs_max= 5.748016078410035e-33
dist_min= tensor(3.9022) dist_max= tensor(1566.9627)
params_min,params_max=params_new,params_max
evaluating model at params_new={'a1': 0.6928203230275509, 'a2': 2.1908902300206647, 'a3': 1.7897005503018644}
params_min= {'a1': 0.6928203230275509, 'a2': 2.1908902300206647, 'a3': 1.7896732545501859} logZ_min= nan obs_min= 3.0591505220849204e-32
params_new= {'a1': 0.6928203230275509, 'a2': 2.1908902300206647, 'a3': 1.7897005503018644} logZ_new= 2.81801548182305 obs_new= 8.36073502699905e-34
params_max= {'a1': 0.6928203230275509, 'a2': 2.1908902300206647, 'a3': 1.7897278460535428} logZ_max= 2.817976185661251 obs_max= 5.748016078410035e-33
dist_min= tensor(5.1500) dist_max= tensor(1567.5473)
params_min,params_max=params_new,params_max
evaluating model at params_new={'a1': 0.6928203230275509, 'a2': 2.1908902300206647, 'a3': 1.7897141981777036}
params_min= {'a1': 0.6928203230275509, 'a2': 2.1908902300206647, 'a3': 1.7897005503018644} logZ_min= 2.81801548182305 obs_min= 8.36073502699905e-34
params_new= {'a1': 0.6928203230275509, 'a2': 2.1908902300206647, 'a3': 1.7897141981777036} logZ_new= 2.818020840349958 obs_new= 8.450747839560606e-31
params_max= {'a1': 0.6928203230275509, 'a2': 2.1908902300206647, 'a3': 1.7897278460535428} logZ_max= 2.817976185661251 obs_max= 5.748016078410035e-33
dist_min= tensor(0.2508) dist_max= tensor(1567.5493)
params_min,params_max=params_new,params_max
evaluating model at params_new={'a1': 0.6928203230275509, 'a2': 2.1908902300206647, 'a3': 1.7897210221156232}
params_min= {'a1': 0.6928203230275509, 'a2': 2.1908902300206647, 'a3': 1.7897141981777036} logZ_min= 2.818020840349958 obs_min= 8.450747839560606e-31
params_new= {'a1': 0.6928203230275509, 'a2': 2.1908902300206647, 'a3': 1.7897210221156232} logZ_new= nan obs_new= 2.2690456716392337e-32
params_max= {'a1': 0.6928203230275509, 'a2': 2.1908902300206647, 'a3': 1.7897278460535428} logZ_max= 2.817976185661251 obs_max= 5.748016078410035e-33
dist_min= tensor(10.0927) dist_max= tensor(1560.7178)
params_min,params_max=params_new,params_max
evaluating model at params_new={'a1': 0.6928203230275509, 'a2': 2.1908902300206647, 'a3': 1.789724434084583}
params_min= {'a1': 0.6928203230275509, 'a2': 2.1908902300206647, 'a3': 1.7897210221156232} logZ_min= nan obs_min= 2.2690456716392337e-32
params_new= {'a1': 0.6928203230275509, 'a2': 2.1908902300206647, 'a3': 1.789724434084583} logZ_new= nan obs_new= 6.79919026392666e-32
params_max= {'a1': 0.6928203230275509, 'a2': 2.1908902300206647, 'a3': 1.7897278460535428} logZ_max= 2.817976185661251 obs_max= 5.748016078410035e-33
dist_min= tensor(10.7796) dist_max= tensor(1566.9795)
params_min,params_max=params_new,params_max
evaluating model at params_new={'a1': 0.6928203230275509, 'a2': 2.1908902300206647, 'a3': 1.789726140069063}
params_min= {'a1': 0.6928203230275509, 'a2': 2.1908902300206647, 'a3': 1.789724434084583} logZ_min= nan obs_min= 6.79919026392666e-32
params_new= {'a1': 0.6928203230275509, 'a2': 2.1908902300206647, 'a3': 1.789726140069063} logZ_new= nan obs_new= 5.220793030379992e-33
params_max= {'a1': 0.6928203230275509, 'a2': 2.1908902300206647, 'a3': 1.7897278460535428} logZ_max= 2.817976185661251 obs_max= 5.748016078410035e-33
dist_min= tensor(46.5699) dist_max= tensor(1568.2582)
params_min,params_max=params_new,params_max
evaluating model at params_new={'a1': 0.6928203230275509, 'a2': 2.1908902300206647, 'a3': 1.789726993061303}
params_min= {'a1': 0.6928203230275509, 'a2': 2.1908902300206647, 'a3': 1.789726140069063} logZ_min= nan obs_min= 5.220793030379992e-33
params_new= {'a1': 0.6928203230275509, 'a2': 2.1908902300206647, 'a3': 1.789726993061303} logZ_new= nan obs_new= 3.1042579860432137e-32
params_max= {'a1': 0.6928203230275509, 'a2': 2.1908902300206647, 'a3': 1.7897278460535428} logZ_max= 2.817976185661251 obs_max= 5.748016078410035e-33
dist_min= tensor(47.4834) dist_max= tensor(1567.5304)
params_min,params_max=params_new,params_max
evaluating model at params_new={'a1': 0.6928203230275509, 'a2': 2.1908902300206647, 'a3': 1.7897274195574229}
params_min= {'a1': 0.6928203230275509, 'a2': 2.1908902300206647, 'a3': 1.789726993061303} logZ_min= nan obs_min= 3.1042579860432137e-32
params_new= {'a1': 0.6928203230275509, 'a2': 2.1908902300206647, 'a3': 1.7897274195574229} logZ_new= 2.8180373116901523 obs_new= 7.830689114798815e-32
params_max= {'a1': 0.6928203230275509, 'a2': 2.1908902300206647, 'a3': 1.7897278460535428} logZ_max= 2.817976185661251 obs_max= 5.748016078410035e-33
dist_min= tensor(40.6804) dist_max= tensor(1568.0429)
params_min,params_max=params_new,params_max
evaluating model at params_new={'a1': 0.6928203230275509, 'a2': 2.1908902300206647, 'a3': 1.7897276328054827}
params_min= {'a1': 0.6928203230275509, 'a2': 2.1908902300206647, 'a3': 1.7897274195574229} logZ_min= 2.8180373116901523 obs_min= 7.830689114798815e-32
params_new= {'a1': 0.6928203230275509, 'a2': 2.1908902300206647, 'a3': 1.7897276328054827} logZ_new= 2.818005909276718 obs_new= 8.651320662827393e-32
params_max= {'a1': 0.6928203230275509, 'a2': 2.1908902300206647, 'a3': 1.7897278460535428} logZ_max= 2.817976185661251 obs_max= 5.748016078410035e-33
dist_min= tensor(24.9522) dist_max= tensor(1565.0871)
params_min,params_max=params_new,params_max
evaluating model at params_new={'a1': 0.6928203230275509, 'a2': 2.1908902300206647, 'a3': 1.7897277394295128}
params_min= {'a1': 0.6928203230275509, 'a2': 2.1908902300206647, 'a3': 1.7897276328054827} logZ_min= 2.818005909276718 obs_min= 8.651320662827393e-32
params_new= {'a1': 0.6928203230275509, 'a2': 2.1908902300206647, 'a3': 1.7897277394295128} logZ_new= 2.8180252164998514 obs_new= 3.0429626729367346e-33
params_max= {'a1': 0.6928203230275509, 'a2': 2.1908902300206647, 'a3': 1.7897278460535428} logZ_max= 2.817976185661251 obs_max= 5.748016078410035e-33
dist_min= tensor(481.9406) dist_max= tensor(1639.5994)
params_min,params_max=params_new,params_max
evaluating model at params_new={'a1': 0.6928203230275509, 'a2': 2.1908902300206647, 'a3': 1.7897277927415278}
params_min= {'a1': 0.6928203230275509, 'a2': 2.1908902300206647, 'a3': 1.7897277394295128} logZ_min= 2.8180252164998514 obs_min= 3.0429626729367346e-33
params_new= {'a1': 0.6928203230275509, 'a2': 2.1908902300206647, 'a3': 1.7897277927415278} logZ_new= 2.817940674308808 obs_new= 1.5793718678013712e-31
params_max= {'a1': 0.6928203230275509, 'a2': 2.1908902300206647, 'a3': 1.7897278460535428} logZ_max= 2.817976185661251 obs_max= 5.748016078410035e-33
dist_min= tensor(481.7427) dist_max= tensor(1565.8300)
params_min,params_max=params_new,params_max
evaluating model at params_new={'a1': 0.6928203230275509, 'a2': 2.1908902300206647, 'a3': 1.7897278193975352}
params_min= {'a1': 0.6928203230275509, 'a2': 2.1908902300206647, 'a3': 1.7897277927415278} logZ_min= 2.817940674308808 obs_min= 1.5793718678013712e-31
params_new= {'a1': 0.6928203230275509, 'a2': 2.1908902300206647, 'a3': 1.7897278193975352} logZ_new= nan obs_new= 6.837144342498849e-32
params_max= {'a1': 0.6928203230275509, 'a2': 2.1908902300206647, 'a3': 1.7897278460535428} logZ_max= 2.817976185661251 obs_max= 5.748016078410035e-33
dist_min= tensor(181.6118) dist_max= tensor(1577.8963)
params_min,params_max=params_new,params_max
evaluating model at params_new={'a1': 0.6928203230275509, 'a2': 2.1908902300206647, 'a3': 1.789727832725539}
params_min= {'a1': 0.6928203230275509, 'a2': 2.1908902300206647, 'a3': 1.7897278193975352} logZ_min= nan obs_min= 6.837144342498849e-32
params_new= {'a1': 0.6928203230275509, 'a2': 2.1908902300206647, 'a3': 1.789727832725539} logZ_new= nan obs_new= 2.2311462894799763e-32
params_max= {'a1': 0.6928203230275509, 'a2': 2.1908902300206647, 'a3': 1.7897278460535428} logZ_max= 2.817976185661251 obs_max= 5.748016078410035e-33
dist_min= tensor(181.3123) dist_max= tensor(1547.4315)
params_min,params_max=params_new,params_max
evaluating model at params_new={'a1': 0.6928203230275509, 'a2': 2.1908902300206647, 'a3': 1.789727839389541}
params_min= {'a1': 0.6928203230275509, 'a2': 2.1908902300206647, 'a3': 1.789727832725539} logZ_min= nan obs_min= 2.2311462894799763e-32
params_new= {'a1': 0.6928203230275509, 'a2': 2.1908902300206647, 'a3': 1.789727839389541} logZ_new= nan obs_new= 1.2729575011394626e-34
params_max= {'a1': 0.6928203230275509, 'a2': 2.1908902300206647, 'a3': 1.7897278460535428} logZ_max= 2.817976185661251 obs_max= 5.748016078410035e-33
dist_min= tensor(20.0068) dist_max= tensor(1566.9177)
params_min,params_max=params_new,params_max
evaluating model at params_new={'a1': 0.6928203230275509, 'a2': 2.1908902300206647, 'a3': 1.789727842721542}
params_min= {'a1': 0.6928203230275509, 'a2': 2.1908902300206647, 'a3': 1.789727839389541} logZ_min= nan obs_min= 1.2729575011394626e-34
params_new= {'a1': 0.6928203230275509, 'a2': 2.1908902300206647, 'a3': 1.789727842721542} logZ_new= 2.8180122426275247 obs_new= 2.134501417438517e-31
params_max= {'a1': 0.6928203230275509, 'a2': 2.1908902300206647, 'a3': 1.7897278460535428} logZ_max= 2.817976185661251 obs_max= 5.748016078410035e-33
dist_min= tensor(95.0172) dist_max= tensor(1570.3555)
params_min,params_max=params_new,params_max
evaluating model at params_new={'a1': 0.6928203230275509, 'a2': 2.1908902300206647, 'a3': 1.7897278443875424}
params_min= {'a1': 0.6928203230275509, 'a2': 2.1908902300206647, 'a3': 1.789727842721542} logZ_min= 2.8180122426275247 obs_min= 2.134501417438517e-31
params_new= {'a1': 0.6928203230275509, 'a2': 2.1908902300206647, 'a3': 1.7897278443875424} logZ_new= 2.818032362380101 obs_new= 3.564524744514875e-33
params_max= {'a1': 0.6928203230275509, 'a2': 2.1908902300206647, 'a3': 1.7897278460535428} logZ_max= 2.817976185661251 obs_max= 5.748016078410035e-33
dist_min= tensor(98.7943) dist_max= tensor(1567.5165)
params_min,params_max=params_new,params_max
evaluating model at params_new={'a1': 0.6928203230275509, 'a2': 2.1908902300206647, 'a3': 1.7897278452205425}
params_min= {'a1': 0.6928203230275509, 'a2': 2.1908902300206647, 'a3': 1.7897278443875424} logZ_min= 2.818032362380101 obs_min= 3.564524744514875e-33
params_new= {'a1': 0.6928203230275509, 'a2': 2.1908902300206647, 'a3': 1.7897278452205425} logZ_new= 2.8180375897932763 obs_new= 8.566596804175717e-33
params_max= {'a1': 0.6928203230275509, 'a2': 2.1908902300206647, 'a3': 1.7897278460535428} logZ_max= 2.817976185661251 obs_max= 5.748016078410035e-33
dist_min= tensor(3.3733) dist_max= tensor(1567.5500)
params_min,params_max=params_new,params_max
evaluating model at params_new={'a1': 0.6928203230275509, 'a2': 2.1908902300206647, 'a3': 1.7897278456370427}
params_min= {'a1': 0.6928203230275509, 'a2': 2.1908902300206647, 'a3': 1.7897278452205425} logZ_min= 2.8180375897932763 obs_min= 8.566596804175717e-33
params_new= {'a1': 0.6928203230275509, 'a2': 2.1908902300206647, 'a3': 1.7897278456370427} logZ_new= 2.8179892989918796 obs_new= 4.281766932977516e-32
params_max= {'a1': 0.6928203230275509, 'a2': 2.1908902300206647, 'a3': 1.7897278460535428} logZ_max= 2.817976185661251 obs_max= 5.748016078410035e-33
dist_min= tensor(6.4789) dist_max= tensor(1567.4810)
params_min,params_max=params_new,params_max
evaluating model at params_new={'a1': 0.6928203230275509, 'a2': 2.1908902300206647, 'a3': 1.7897278458452928}
params_min= {'a1': 0.6928203230275509, 'a2': 2.1908902300206647, 'a3': 1.7897278456370427} logZ_min= 2.8179892989918796 obs_min= 4.281766932977516e-32
params_new= {'a1': 0.6928203230275509, 'a2': 2.1908902300206647, 'a3': 1.7897278458452928} logZ_new= nan obs_new= 1.2067178836179428e-32
params_max= {'a1': 0.6928203230275509, 'a2': 2.1908902300206647, 'a3': 1.7897278460535428} logZ_max= 2.817976185661251 obs_max= 5.748016078410035e-33
dist_min= tensor(7.8462) dist_max= tensor(1562.2208)
params_min,params_max=params_new,params_max
evaluating model at params_new={'a1': 0.6928203230275509, 'a2': 2.1908902300206647, 'a3': 1.7897278459494177}
params_min= {'a1': 0.6928203230275509, 'a2': 2.1908902300206647, 'a3': 1.7897278458452928} logZ_min= nan obs_min= 1.2067178836179428e-32
params_new= {'a1': 0.6928203230275509, 'a2': 2.1908902300206647, 'a3': 1.7897278459494177} logZ_new= 2.8178832016618474 obs_new= 5.992629025127773e-30
params_max= {'a1': 0.6928203230275509, 'a2': 2.1908902300206647, 'a3': 1.7897278460535428} logZ_max= 2.817976185661251 obs_max= 5.748016078410035e-33
dist_min= tensor(7.7790) dist_max= tensor(1566.8256)
params_min,params_max=params_new,params_max
evaluating model at params_new={'a1': 0.6928203230275509, 'a2': 2.1908902300206647, 'a3': 1.7897278460014803}
params_min= {'a1': 0.6928203230275509, 'a2': 2.1908902300206647, 'a3': 1.7897278459494177} logZ_min= 2.8178832016618474 obs_min= 5.992629025127773e-30
params_new= {'a1': 0.6928203230275509, 'a2': 2.1908902300206647, 'a3': 1.7897278460014803} logZ_new= 2.8179827566179347 obs_new= 1.4452681224010733e-32
params_max= {'a1': 0.6928203230275509, 'a2': 2.1908902300206647, 'a3': 1.7897278460535428} logZ_max= 2.817976185661251 obs_max= 5.748016078410035e-33
dist_min= tensor(5.8351) dist_max= tensor(1567.4564)
params_min,params_max=params_new,params_max
evaluating model at params_new={'a1': 0.6928203230275509, 'a2': 2.1908902300206647, 'a3': 1.7897278460275117}
params_min= {'a1': 0.6928203230275509, 'a2': 2.1908902300206647, 'a3': 1.7897278460014803} logZ_min= 2.8179827566179347 obs_min= 1.4452681224010733e-32
params_new= {'a1': 0.6928203230275509, 'a2': 2.1908902300206647, 'a3': 1.7897278460275117} logZ_new= nan obs_new= 2.9653043336840478e-33
params_max= {'a1': 0.6928203230275509, 'a2': 2.1908902300206647, 'a3': 1.7897278460535428} logZ_max= 2.817976185661251 obs_max= 5.748016078410035e-33
dist_min= tensor(8.7866) dist_max= tensor(1566.8649)
params_min,params_max=params_new,params_max
evaluating model at params_new={'a1': 0.6928203230275509, 'a2': 2.1908902300206647, 'a3': 1.7897278460405273}
params_min= {'a1': 0.6928203230275509, 'a2': 2.1908902300206647, 'a3': 1.7897278460275117} logZ_min= nan obs_min= 2.9653043336840478e-33
params_new= {'a1': 0.6928203230275509, 'a2': 2.1908902300206647, 'a3': 1.7897278460405273} logZ_new= nan obs_new= 1.6910387719914658e-31
params_max= {'a1': 0.6928203230275509, 'a2': 2.1908902300206647, 'a3': 1.7897278460535428} logZ_max= 2.817976185661251 obs_max= 5.748016078410035e-33
dist_min= tensor(7.2998) dist_max= tensor(1567.4298)
params_min,params_max=params_new,params_max
evaluating model at params_new={'a1': 0.6928203230275509, 'a2': 2.1908902300206647, 'a3': 1.7897278460470352}
params_min= {'a1': 0.6928203230275509, 'a2': 2.1908902300206647, 'a3': 1.7897278460405273} logZ_min= nan obs_min= 1.6910387719914658e-31
params_new= {'a1': 0.6928203230275509, 'a2': 2.1908902300206647, 'a3': 1.7897278460470352} logZ_new= nan obs_new= 6.837421061241546e-31
params_max= {'a1': 0.6928203230275509, 'a2': 2.1908902300206647, 'a3': 1.7897278460535428} logZ_max= 2.817976185661251 obs_max= 5.748016078410035e-33
dist_min= tensor(100.9829) dist_max= tensor(1570.8745)
params_min,params_max=params_new,params_max
evaluating model at params_new={'a1': 0.6928203230275509, 'a2': 2.1908902300206647, 'a3': 1.789727846050289}
params_min= {'a1': 0.6928203230275509, 'a2': 2.1908902300206647, 'a3': 1.7897278460470352} logZ_min= nan obs_min= 6.837421061241546e-31
params_new= {'a1': 0.6928203230275509, 'a2': 2.1908902300206647, 'a3': 1.789727846050289} logZ_new= 2.817993025012989 obs_new= 1.0655232172999393e-33
params_max= {'a1': 0.6928203230275509, 'a2': 2.1908902300206647, 'a3': 1.7897278460535428} logZ_max= 2.817976185661251 obs_max= 5.748016078410035e-33
dist_min= tensor(102.2963) dist_max= tensor(1564.3033)
params_min,params_max=params_new,params_max
evaluating model at params_new={'a1': 0.6928203230275509, 'a2': 2.1908902300206647, 'a3': 1.789727846051916}
params_min= {'a1': 0.6928203230275509, 'a2': 2.1908902300206647, 'a3': 1.789727846050289} logZ_min= 2.817993025012989 obs_min= 1.0655232172999393e-33
params_new= {'a1': 0.6928203230275509, 'a2': 2.1908902300206647, 'a3': 1.789727846051916} logZ_new= nan obs_new= 4.645361905231571e-31
params_max= {'a1': 0.6928203230275509, 'a2': 2.1908902300206647, 'a3': 1.7897278460535428} logZ_max= 2.817976185661251 obs_max= 5.748016078410035e-33
dist_min= tensor(957.0717) dist_max= tensor(1836.0225)
params_min,params_max=params_new,params_max
evaluating model at params_new={'a1': 0.6928203230275509, 'a2': 2.1908902300206647, 'a3': 1.7897278460527293}
params_min= {'a1': 0.6928203230275509, 'a2': 2.1908902300206647, 'a3': 1.789727846051916} logZ_min= nan obs_min= 4.645361905231571e-31
params_new= {'a1': 0.6928203230275509, 'a2': 2.1908902300206647, 'a3': 1.7897278460527293} logZ_new= 2.8179923621737175 obs_new= 3.819257394645213e-32
params_max= {'a1': 0.6928203230275509, 'a2': 2.1908902300206647, 'a3': 1.7897278460535428} logZ_max= 2.817976185661251 obs_max= 5.748016078410035e-33
dist_min= tensor(957.1690) dist_max= tensor(1564.6925)
params_min,params_max=params_new,params_max
evaluating model at params_new={'a1': 0.6928203230275509, 'a2': 2.1908902300206647, 'a3': 1.789727846053136}
params_min= {'a1': 0.6928203230275509, 'a2': 2.1908902300206647, 'a3': 1.7897278460527293} logZ_min= 2.8179923621737175 obs_min= 3.819257394645213e-32
params_new= {'a1': 0.6928203230275509, 'a2': 2.1908902300206647, 'a3': 1.789727846053136} logZ_new= 2.818030444225714 obs_new= 3.0445233773579836e-33
params_max= {'a1': 0.6928203230275509, 'a2': 2.1908902300206647, 'a3': 1.7897278460535428} logZ_max= 2.817976185661251 obs_max= 5.748016078410035e-33
dist_min= tensor(7.5222) dist_max= tensor(1567.5471)
params_min,params_max=params_new,params_max
evaluating model at params_new={'a1': 0.6928203230275509, 'a2': 2.1908902300206647, 'a3': 1.7897278460533395}
params_min= {'a1': 0.6928203230275509, 'a2': 2.1908902300206647, 'a3': 1.789727846053136} logZ_min= 2.818030444225714 obs_min= 3.0445233773579836e-33
params_new= {'a1': 0.6928203230275509, 'a2': 2.1908902300206647, 'a3': 1.7897278460533395} logZ_new= 2.8179746628980977 obs_new= 2.3061377046605704e-31
params_max= {'a1': 0.6928203230275509, 'a2': 2.1908902300206647, 'a3': 1.7897278460535428} logZ_max= 2.817976185661251 obs_max= 5.748016078410035e-33
dist_min= tensor(31.8214) dist_max= tensor(1567.4364)
params_min,params_max=params_new,params_max
evaluating model at params_new={'a1': 0.6928203230275509, 'a2': 2.1908902300206647, 'a3': 1.7897278460534412}
params_min= {'a1': 0.6928203230275509, 'a2': 2.1908902300206647, 'a3': 1.7897278460533395} logZ_min= 2.8179746628980977 obs_min= 2.3061377046605704e-31
params_new= {'a1': 0.6928203230275509, 'a2': 2.1908902300206647, 'a3': 1.7897278460534412} logZ_new= 2.817953740870004 obs_new= 6.29098336741761e-34
params_max= {'a1': 0.6928203230275509, 'a2': 2.1908902300206647, 'a3': 1.7897278460535428} logZ_max= 2.817976185661251 obs_max= 5.748016078410035e-33
dist_min= tensor(31.8278) dist_max= tensor(1567.5508)
params_min,params_max=params_new,params_max
evaluating model at params_new={'a1': 0.6928203230275509, 'a2': 2.1908902300206647, 'a3': 1.789727846053492}
params_min= {'a1': 0.6928203230275509, 'a2': 2.1908902300206647, 'a3': 1.7897278460534412} logZ_min= 2.817953740870004 obs_min= 6.29098336741761e-34
params_new= {'a1': 0.6928203230275509, 'a2': 2.1908902300206647, 'a3': 1.789727846053492} logZ_new= 2.817915113887819 obs_new= 6.039457026855552e-31
params_max= {'a1': 0.6928203230275509, 'a2': 2.1908902300206647, 'a3': 1.7897278460535428} logZ_max= 2.817976185661251 obs_max= 5.748016078410035e-33
dist_min= tensor(1.0360) dist_max= tensor(1567.3608)
params_min,params_max=params_new,params_max
evaluating model at params_new={'a1': 0.6928203230275509, 'a2': 2.1908902300206647, 'a3': 1.7897278460535175}
params_min= {'a1': 0.6928203230275509, 'a2': 2.1908902300206647, 'a3': 1.789727846053492} logZ_min= 2.817915113887819 obs_min= 6.039457026855552e-31
params_new= {'a1': 0.6928203230275509, 'a2': 2.1908902300206647, 'a3': 1.7897278460535175} logZ_new= 2.81798631590718 obs_new= 5.300837378975748e-32
params_max= {'a1': 0.6928203230275509, 'a2': 2.1908902300206647, 'a3': 1.7897278460535428} logZ_max= 2.817976185661251 obs_max= 5.748016078410035e-33
dist_min= tensor(1.2502) dist_max= tensor(1567.5500)
params_min,params_max=params_new,params_max
evaluating model at params_new={'a1': 0.6928203230275509, 'a2': 2.1908902300206647, 'a3': 1.7897278460535302}
params_min= {'a1': 0.6928203230275509, 'a2': 2.1908902300206647, 'a3': 1.7897278460535175} logZ_min= 2.81798631590718 obs_min= 5.300837378975748e-32
params_new= {'a1': 0.6928203230275509, 'a2': 2.1908902300206647, 'a3': 1.7897278460535302} logZ_new= 2.817994270837615 obs_new= 4.37327652404432e-32
params_max= {'a1': 0.6928203230275509, 'a2': 2.1908902300206647, 'a3': 1.7897278460535428} logZ_max= 2.817976185661251 obs_max= 5.748016078410035e-33
dist_min= tensor(13303.6178) dist_max= tensor(13395.6448)
params_min,params_max=params_new,params_max
evaluating model at params_new={'a1': 0.6928203230275509, 'a2': 2.1908902300206647, 'a3': 1.7897278460535366}
params_min= {'a1': 0.6928203230275509, 'a2': 2.1908902300206647, 'a3': 1.7897278460535302} logZ_min= 2.817994270837615 obs_min= 4.37327652404432e-32
params_new= {'a1': 0.6928203230275509, 'a2': 2.1908902300206647, 'a3': 1.7897278460535366} logZ_new= nan obs_new= 7.44709505359507e-33
params_max= {'a1': 0.6928203230275509, 'a2': 2.1908902300206647, 'a3': 1.7897278460535428} logZ_max= 2.817976185661251 obs_max= 5.748016078410035e-33
dist_min= tensor(13302.9169) dist_max= tensor(1567.4225)
params_min,params_max=params_min,params_new
evaluating model at params_new={'a1': 0.6928203230275509, 'a2': 2.1908902300206647, 'a3': 1.7897278460535335}
params_min= {'a1': 0.6928203230275509, 'a2': 2.1908902300206647, 'a3': 1.7897278460535302} logZ_min= 2.817994270837615 obs_min= 4.37327652404432e-32
params_new= {'a1': 0.6928203230275509, 'a2': 2.1908902300206647, 'a3': 1.7897278460535335} logZ_new= nan obs_new= 2.2803097287253644e-32
params_max= {'a1': 0.6928203230275509, 'a2': 2.1908902300206647, 'a3': 1.7897278460535366} logZ_max= nan obs_max= 7.44709505359507e-33
dist_min= tensor(13303.4313) dist_max= tensor(1.5507)
params_min,params_max=params_min,params_new
evaluating model at params_new={'a1': 0.6928203230275509, 'a2': 2.1908902300206647, 'a3': 1.7897278460535317}
params_min= {'a1': 0.6928203230275509, 'a2': 2.1908902300206647, 'a3': 1.7897278460535302} logZ_min= 2.817994270837615 obs_min= 4.37327652404432e-32
params_new= {'a1': 0.6928203230275509, 'a2': 2.1908902300206647, 'a3': 1.7897278460535317} logZ_new= 2.8180203461206705 obs_new= 3.085998927107729e-34
params_max= {'a1': 0.6928203230275509, 'a2': 2.1908902300206647, 'a3': 1.7897278460535335} logZ_max= nan obs_max= 2.2803097287253644e-32
dist_min= tensor(13284.2200) dist_max= tensor(19.6067)
params_min,params_max=params_min,params_new
evaluating model at params_new={'a1': 0.6928203230275509, 'a2': 2.1908902300206647, 'a3': 1.7897278460535309}
params_min= {'a1': 0.6928203230275509, 'a2': 2.1908902300206647, 'a3': 1.7897278460535302} logZ_min= 2.817994270837615 obs_min= 4.37327652404432e-32
params_new= {'a1': 0.6928203230275509, 'a2': 2.1908902300206647, 'a3': 1.7897278460535309} logZ_new= nan obs_new= 2.5315738079809116e-32
params_max= {'a1': 0.6928203230275509, 'a2': 2.1908902300206647, 'a3': 1.7897278460535317} logZ_max= 2.8180203461206705 obs_max= 3.085998927107729e-34
dist_min= tensor(13302.1596) dist_max= tensor(25.3380)
params_min,params_max=params_min,params_new
evaluating model at params_new={'a1': 0.6928203230275509, 'a2': 2.1908902300206647, 'a3': 1.7897278460535304}
params_min= {'a1': 0.6928203230275509, 'a2': 2.1908902300206647, 'a3': 1.7897278460535302} logZ_min= 2.817994270837615 obs_min= 4.37327652404432e-32
params_new= {'a1': 0.6928203230275509, 'a2': 2.1908902300206647, 'a3': 1.7897278460535304} logZ_new= 2.81791160594939 obs_new= 5.545726943484919e-31
params_max= {'a1': 0.6928203230275509, 'a2': 2.1908902300206647, 'a3': 1.7897278460535309} logZ_max= nan obs_max= 2.5315738079809116e-32
dist_min= tensor(13303.8150) dist_max= tensor(75.1067)
params_min,params_max=params_min,params_new
critical params found:  {'a1': 0.6928203230275509, 'a2': 2.1908902300206647, 'a3': 1.7897278460535304}
reference params:  {'a1': 1.1547005383792515, 'a2': 1.8257418583505538, 'a3': 4.47213595499958}
file saved to  data/AKLT3D_X10_scan_grid_critical_a3/a1_0.6928203_a2_2.1908902/Tc.json
