Start running find_critical_temp.py with options:{'filename': 'data/AKLT3D_X10_scan_grid_critical_a3/a1_0.4618802_a2_1.4605935/Tc.json', 'log_filename': 'data/AKLT3D_X10_scan_grid_critical_a3/a1_0.4618802_a2_1.4605935/Tc.log', 'nLayers': 60, 'max_dim': 10, 'model': 'AKLT3D', 'params_min': "{'a1': 0.4618802153517006, 'a2': 1.460593486680443, 'a3': 2.683281572999748}", 'params_max': "{'a1': 0.4618802153517006, 'a2': 1.460593486680443, 'a3': 3.577708763999664}", 'params_ref': None, 'observable_name': 'magnetizationZ', 'tol': 0.0, 'gilt_enabled': False, 'gilt_eps': 8e-07, 'gilt_nIter': 1, 'mcf_enabled': True, 'mcf_eps': 1e-16, 'mcf_max_iter': 200, 'hotrg_sanity_check': False, 'version': 1, 'device': 'cuda:1'}
loading library...
evaluating model at params_min={'a1': 0.4618802153517006, 'a2': 1.460593486680443, 'a3': 2.683281572999748}
params_min= {'a1': 0.4618802153517006, 'a2': 1.460593486680443, 'a3': 2.683281572999748} logZ_min= nan obs_min= 4.7159633675475906e-32
evaluating model at params_max={'a1': 0.4618802153517006, 'a2': 1.460593486680443, 'a3': 3.577708763999664}
params_max= {'a1': 0.4618802153517006, 'a2': 1.460593486680443, 'a3': 3.577708763999664} logZ_max= 2.6347584401967112 obs_max= 7.71255270234652
searching for critical temperature using bisection method
evaluating model at params_new={'a1': 0.4618802153517006, 'a2': 1.460593486680443, 'a3': 3.130495168499706}
params_min= {'a1': 0.4618802153517006, 'a2': 1.460593486680443, 'a3': 2.683281572999748} logZ_min= nan obs_min= 4.7159633675475906e-32
params_new= {'a1': 0.4618802153517006, 'a2': 1.460593486680443, 'a3': 3.130495168499706} logZ_new= 2.4255072713301615 obs_new= 6.3455862049955645
params_max= {'a1': 0.4618802153517006, 'a2': 1.460593486680443, 'a3': 3.577708763999664} logZ_max= 2.6347584401967112 obs_max= 7.71255270234652
dist_min= tensor(4.9958) dist_max= tensor(8.4585)
params_min,params_max=params_new,params_max
evaluating model at params_new={'a1': 0.4618802153517006, 'a2': 1.460593486680443, 'a3': 3.3541019662496847}
params_min= {'a1': 0.4618802153517006, 'a2': 1.460593486680443, 'a3': 3.130495168499706} logZ_min= 2.4255072713301615 obs_min= 6.3455862049955645
params_new= {'a1': 0.4618802153517006, 'a2': 1.460593486680443, 'a3': 3.3541019662496847} logZ_new= 2.530160549980953 obs_new= 7.225482149881246
params_max= {'a1': 0.4618802153517006, 'a2': 1.460593486680443, 'a3': 3.577708763999664} logZ_max= 2.6347584401967112 obs_max= 7.71255270234652
dist_min= tensor(3.4222) dist_max= tensor(5.1358)
params_min,params_max=params_new,params_max
evaluating model at params_new={'a1': 0.4618802153517006, 'a2': 1.460593486680443, 'a3': 3.4659053651246743}
params_min= {'a1': 0.4618802153517006, 'a2': 1.460593486680443, 'a3': 3.3541019662496847} logZ_min= 2.530160549980953 obs_min= 7.225482149881246
params_new= {'a1': 0.4618802153517006, 'a2': 1.460593486680443, 'a3': 3.4659053651246743} logZ_new= 2.582501341175795 obs_new= 7.4840790911697646
params_max= {'a1': 0.4618802153517006, 'a2': 1.460593486680443, 'a3': 3.577708763999664} logZ_max= 2.6347584401967112 obs_max= 7.71255270234652
dist_min= tensor(2.2832) dist_max= tensor(2.8758)
params_min,params_max=params_new,params_max
evaluating model at params_new={'a1': 0.4618802153517006, 'a2': 1.460593486680443, 'a3': 3.521807064562169}
params_min= {'a1': 0.4618802153517006, 'a2': 1.460593486680443, 'a3': 3.4659053651246743} logZ_min= 2.582501341175795 obs_min= 7.4840790911697646
params_new= {'a1': 0.4618802153517006, 'a2': 1.460593486680443, 'a3': 3.521807064562169} logZ_new= 2.6086895783109525 obs_new= 7.605976128418436
params_max= {'a1': 0.4618802153517006, 'a2': 1.460593486680443, 'a3': 3.577708763999664} logZ_max= 2.6347584401967112 obs_max= 7.71255270234652
dist_min= tensor(1.3926) dist_max= tensor(1.5062)
params_min,params_max=params_new,params_max
evaluating model at params_new={'a1': 0.4618802153517006, 'a2': 1.460593486680443, 'a3': 3.5497579142809164}
params_min= {'a1': 0.4618802153517006, 'a2': 1.460593486680443, 'a3': 3.521807064562169} logZ_min= 2.6086895783109525 obs_min= 7.605976128418436
params_new= {'a1': 0.4618802153517006, 'a2': 1.460593486680443, 'a3': 3.5497579142809164} logZ_new= 2.621743578498467 obs_new= 7.6607660715899994
params_max= {'a1': 0.4618802153517006, 'a2': 1.460593486680443, 'a3': 3.577708763999664} logZ_max= 2.6347584401967112 obs_max= 7.71255270234652
dist_min= tensor(0.7409) dist_max= tensor(0.7853)
params_min,params_max=params_new,params_max
evaluating model at params_new={'a1': 0.4618802153517006, 'a2': 1.460593486680443, 'a3': 3.56373333914029}
params_min= {'a1': 0.4618802153517006, 'a2': 1.460593486680443, 'a3': 3.5497579142809164} logZ_min= 2.621743578498467 obs_min= 7.6607660715899994
params_new= {'a1': 0.4618802153517006, 'a2': 1.460593486680443, 'a3': 3.56373333914029} logZ_new= 2.628260016050889 obs_new= 7.686917849195941
params_max= {'a1': 0.4618802153517006, 'a2': 1.460593486680443, 'a3': 3.577708763999664} logZ_max= 2.6347584401967112 obs_max= 7.71255270234652
dist_min= tensor(0.5848) dist_max= tensor(0.6806)
params_min,params_max=params_new,params_max
evaluating model at params_new={'a1': 0.4618802153517006, 'a2': 1.460593486680443, 'a3': 3.570721051569977}
params_min= {'a1': 0.4618802153517006, 'a2': 1.460593486680443, 'a3': 3.56373333914029} logZ_min= 2.628260016050889 obs_min= 7.686917849195941
params_new= {'a1': 0.4618802153517006, 'a2': 1.460593486680443, 'a3': 3.570721051569977} logZ_new= 2.631517684248832 obs_new= 7.699653205465414
params_max= {'a1': 0.4618802153517006, 'a2': 1.460593486680443, 'a3': 3.577708763999664} logZ_max= 2.6347584401967112 obs_max= 7.71255270234652
dist_min= tensor(0.2421) dist_max= tensor(0.7040)
params_min,params_max=params_new,params_max
evaluating model at params_new={'a1': 0.4618802153517006, 'a2': 1.460593486680443, 'a3': 3.57421490778482}
params_min= {'a1': 0.4618802153517006, 'a2': 1.460593486680443, 'a3': 3.570721051569977} logZ_min= 2.631517684248832 obs_min= 7.699653205465414
params_new= {'a1': 0.4618802153517006, 'a2': 1.460593486680443, 'a3': 3.57421490778482} logZ_new= 2.6331447473122993 obs_new= 7.705976327392475
params_max= {'a1': 0.4618802153517006, 'a2': 1.460593486680443, 'a3': 3.577708763999664} logZ_max= 2.6347584401967112 obs_max= 7.71255270234652
dist_min= tensor(0.5503) dist_max= tensor(1.0452)
params_min,params_max=params_new,params_max
evaluating model at params_new={'a1': 0.4618802153517006, 'a2': 1.460593486680443, 'a3': 3.575961835892242}
params_min= {'a1': 0.4618802153517006, 'a2': 1.460593486680443, 'a3': 3.57421490778482} logZ_min= 2.6331447473122993 obs_min= 7.705976327392475
params_new= {'a1': 0.4618802153517006, 'a2': 1.460593486680443, 'a3': 3.575961835892242} logZ_new= 2.6339561541932976 obs_new= 7.709164047257422
params_max= {'a1': 0.4618802153517006, 'a2': 1.460593486680443, 'a3': 3.577708763999664} logZ_max= 2.6347584401967112 obs_max= 7.71255270234652
dist_min= tensor(1.2379) dist_max= tensor(0.2938)
params_min,params_max=params_min,params_new
evaluating model at params_new={'a1': 0.4618802153517006, 'a2': 1.460593486680443, 'a3': 3.575088371838531}
params_min= {'a1': 0.4618802153517006, 'a2': 1.460593486680443, 'a3': 3.57421490778482} logZ_min= 2.6331447473122993 obs_min= 7.705976327392475
params_new= {'a1': 0.4618802153517006, 'a2': 1.460593486680443, 'a3': 3.575088371838531} logZ_new= 2.633541836071599 obs_new= 7.707766618673934
params_max= {'a1': 0.4618802153517006, 'a2': 1.460593486680443, 'a3': 3.575961835892242} logZ_max= 2.6339561541932976 obs_max= 7.709164047257422
dist_min= tensor(0.5328) dist_max= tensor(0.9128)
params_min,params_max=params_new,params_max
evaluating model at params_new={'a1': 0.4618802153517006, 'a2': 1.460593486680443, 'a3': 3.5755251038653864}
params_min= {'a1': 0.4618802153517006, 'a2': 1.460593486680443, 'a3': 3.575088371838531} logZ_min= 2.633541836071599 obs_min= 7.707766618673934
params_new= {'a1': 0.4618802153517006, 'a2': 1.460593486680443, 'a3': 3.5755251038653864} logZ_new= 2.633751119521665 obs_new= 7.708417053185004
params_max= {'a1': 0.4618802153517006, 'a2': 1.460593486680443, 'a3': 3.575961835892242} logZ_max= 2.6339561541932976 obs_max= 7.709164047257422
dist_min= tensor(0.3919) dist_max= tensor(0.6382)
params_min,params_max=params_new,params_max
evaluating model at params_new={'a1': 0.4618802153517006, 'a2': 1.460593486680443, 'a3': 3.575743469878814}
params_min= {'a1': 0.4618802153517006, 'a2': 1.460593486680443, 'a3': 3.5755251038653864} logZ_min= 2.633751119521665 obs_min= 7.708417053185004
params_new= {'a1': 0.4618802153517006, 'a2': 1.460593486680443, 'a3': 3.575743469878814} logZ_new= 2.6338569534570504 obs_new= 7.7087156922606574
params_max= {'a1': 0.4618802153517006, 'a2': 1.460593486680443, 'a3': 3.575961835892242} logZ_max= 2.6339561541932976 obs_max= 7.709164047257422
dist_min= tensor(0.4808) dist_max= tensor(0.1593)
params_min,params_max=params_min,params_new
evaluating model at params_new={'a1': 0.4618802153517006, 'a2': 1.460593486680443, 'a3': 3.5756342868721003}
params_min= {'a1': 0.4618802153517006, 'a2': 1.460593486680443, 'a3': 3.5755251038653864} logZ_min= 2.633751119521665 obs_min= 7.708417053185004
params_new= {'a1': 0.4618802153517006, 'a2': 1.460593486680443, 'a3': 3.5756342868721003} logZ_new= 2.6338063896593544 obs_new= 7.708512233483398
params_max= {'a1': 0.4618802153517006, 'a2': 1.460593486680443, 'a3': 3.575743469878814} logZ_max= 2.6338569534570504 obs_max= 7.7087156922606574
dist_min= tensor(1.2752) dist_max= tensor(1.0225)
params_min,params_max=params_min,params_new
evaluating model at params_new={'a1': 0.4618802153517006, 'a2': 1.460593486680443, 'a3': 3.5755796953687433}
params_min= {'a1': 0.4618802153517006, 'a2': 1.460593486680443, 'a3': 3.5755251038653864} logZ_min= 2.633751119521665 obs_min= 7.708417053185004
params_new= {'a1': 0.4618802153517006, 'a2': 1.460593486680443, 'a3': 3.5755796953687433} logZ_new= 2.6337690713103226 obs_new= 7.708686828617188
params_max= {'a1': 0.4618802153517006, 'a2': 1.460593486680443, 'a3': 3.5756342868721003} logZ_max= 2.6338063896593544 obs_max= 7.708512233483398
dist_min= tensor(0.7094) dist_max= tensor(1.5965)
params_min,params_max=params_new,params_max
evaluating model at params_new={'a1': 0.4618802153517006, 'a2': 1.460593486680443, 'a3': 3.575606991120422}
params_min= {'a1': 0.4618802153517006, 'a2': 1.460593486680443, 'a3': 3.5755796953687433} logZ_min= 2.6337690713103226 obs_min= 7.708686828617188
params_new= {'a1': 0.4618802153517006, 'a2': 1.460593486680443, 'a3': 3.575606991120422} logZ_new= 2.6337914449648347 obs_new= 7.708515396226564
params_max= {'a1': 0.4618802153517006, 'a2': 1.460593486680443, 'a3': 3.5756342868721003} logZ_max= 2.6338063896593544 obs_max= 7.708512233483398
dist_min= tensor(0.0744) dist_max= tensor(1.6312)
params_min,params_max=params_new,params_max
evaluating model at params_new={'a1': 0.4618802153517006, 'a2': 1.460593486680443, 'a3': 3.575620638996261}
params_min= {'a1': 0.4618802153517006, 'a2': 1.460593486680443, 'a3': 3.575606991120422} logZ_min= 2.6337914449648347 obs_min= 7.708515396226564
params_new= {'a1': 0.4618802153517006, 'a2': 1.460593486680443, 'a3': 3.575620638996261} logZ_new= 2.6337969595851822 obs_new= 7.70855857835203
params_max= {'a1': 0.4618802153517006, 'a2': 1.460593486680443, 'a3': 3.5756342868721003} logZ_max= 2.6338063896593544 obs_max= 7.708512233483398
dist_min= tensor(0.9656) dist_max= tensor(1.0594)
params_min,params_max=params_new,params_max
evaluating model at params_new={'a1': 0.4618802153517006, 'a2': 1.460593486680443, 'a3': 3.5756274629341807}
params_min= {'a1': 0.4618802153517006, 'a2': 1.460593486680443, 'a3': 3.575620638996261} logZ_min= 2.6337969595851822 obs_min= 7.70855857835203
params_new= {'a1': 0.4618802153517006, 'a2': 1.460593486680443, 'a3': 3.5756274629341807} logZ_new= 2.633796456165657 obs_new= 7.708652976007942
params_max= {'a1': 0.4618802153517006, 'a2': 1.460593486680443, 'a3': 3.5756342868721003} logZ_max= 2.6338063896593544 obs_max= 7.708512233483398
dist_min= tensor(0.2601) dist_max= tensor(0.9634)
params_min,params_max=params_new,params_max
evaluating model at params_new={'a1': 0.4618802153517006, 'a2': 1.460593486680443, 'a3': 3.5756308749031405}
params_min= {'a1': 0.4618802153517006, 'a2': 1.460593486680443, 'a3': 3.5756274629341807} logZ_min= 2.633796456165657 obs_min= 7.708652976007942
params_new= {'a1': 0.4618802153517006, 'a2': 1.460593486680443, 'a3': 3.5756308749031405} logZ_new= 2.6338000220623137 obs_new= 7.708614817087168
params_max= {'a1': 0.4618802153517006, 'a2': 1.460593486680443, 'a3': 3.5756342868721003} logZ_max= 2.6338063896593544 obs_max= 7.708512233483398
dist_min= tensor(1.2032) dist_max= tensor(1.6598)
params_min,params_max=params_new,params_max
evaluating model at params_new={'a1': 0.4618802153517006, 'a2': 1.460593486680443, 'a3': 3.5756325808876204}
params_min= {'a1': 0.4618802153517006, 'a2': 1.460593486680443, 'a3': 3.5756308749031405} logZ_min= 2.6338000220623137 obs_min= 7.708614817087168
params_new= {'a1': 0.4618802153517006, 'a2': 1.460593486680443, 'a3': 3.5756325808876204} logZ_new= 2.6338058123883723 obs_new= 7.708502279718986
params_max= {'a1': 0.4618802153517006, 'a2': 1.460593486680443, 'a3': 3.5756342868721003} logZ_max= 2.6338063896593544 obs_max= 7.708512233483398
dist_min= tensor(1.4158) dist_max= tensor(0.5276)
params_min,params_max=params_min,params_new
evaluating model at params_new={'a1': 0.4618802153517006, 'a2': 1.460593486680443, 'a3': 3.5756317278953804}
params_min= {'a1': 0.4618802153517006, 'a2': 1.460593486680443, 'a3': 3.5756308749031405} logZ_min= 2.6338000220623137 obs_min= 7.708614817087168
params_new= {'a1': 0.4618802153517006, 'a2': 1.460593486680443, 'a3': 3.5756317278953804} logZ_new= 2.6337955002004487 obs_new= 7.708727970335807
params_max= {'a1': 0.4618802153517006, 'a2': 1.460593486680443, 'a3': 3.5756325808876204} logZ_max= 2.6338058123883723 obs_max= 7.708502279718986
dist_min= tensor(0.7077) dist_max= tensor(0.9877)
params_min,params_max=params_new,params_max
evaluating model at params_new={'a1': 0.4618802153517006, 'a2': 1.460593486680443, 'a3': 3.5756321543915}
params_min= {'a1': 0.4618802153517006, 'a2': 1.460593486680443, 'a3': 3.5756317278953804} logZ_min= 2.6337955002004487 obs_min= 7.708727970335807
params_new= {'a1': 0.4618802153517006, 'a2': 1.460593486680443, 'a3': 3.5756321543915} logZ_new= 2.633797070890278 obs_new= 7.708697056224781
params_max= {'a1': 0.4618802153517006, 'a2': 1.460593486680443, 'a3': 3.5756325808876204} logZ_max= 2.6338058123883723 obs_max= 7.708502279718986
dist_min= tensor(0.1658) dist_max= tensor(1.0779)
params_min,params_max=params_new,params_max
evaluating model at params_new={'a1': 0.4618802153517006, 'a2': 1.460593486680443, 'a3': 3.5756323676395603}
params_min= {'a1': 0.4618802153517006, 'a2': 1.460593486680443, 'a3': 3.5756321543915} logZ_min= 2.633797070890278 obs_min= 7.708697056224781
params_new= {'a1': 0.4618802153517006, 'a2': 1.460593486680443, 'a3': 3.5756323676395603} logZ_new= 2.633801513086615 obs_new= 7.708599795378298
params_max= {'a1': 0.4618802153517006, 'a2': 1.460593486680443, 'a3': 3.5756325808876204} logZ_max= 2.6338058123883723 obs_max= 7.708502279718986
dist_min= tensor(0.6321) dist_max= tensor(0.6326)
params_min,params_max=params_new,params_max
evaluating model at params_new={'a1': 0.4618802153517006, 'a2': 1.460593486680443, 'a3': 3.5756324742635903}
params_min= {'a1': 0.4618802153517006, 'a2': 1.460593486680443, 'a3': 3.5756323676395603} logZ_min= 2.633801513086615 obs_min= 7.708599795378298
params_new= {'a1': 0.4618802153517006, 'a2': 1.460593486680443, 'a3': 3.5756324742635903} logZ_new= 2.6337939136379354 obs_new= 7.708775178285346
params_max= {'a1': 0.4618802153517006, 'a2': 1.460593486680443, 'a3': 3.5756325808876204} logZ_max= 2.6338058123883723 obs_max= 7.708502279718986
dist_min= tensor(0.4659) dist_max= tensor(0.9567)
params_min,params_max=params_new,params_max
evaluating model at params_new={'a1': 0.4618802153517006, 'a2': 1.460593486680443, 'a3': 3.575632527575605}
params_min= {'a1': 0.4618802153517006, 'a2': 1.460593486680443, 'a3': 3.5756324742635903} logZ_min= 2.6337939136379354 obs_min= 7.708775178285346
params_new= {'a1': 0.4618802153517006, 'a2': 1.460593486680443, 'a3': 3.575632527575605} logZ_new= 2.6338055702776084 obs_new= 7.708509077988073
params_max= {'a1': 0.4618802153517006, 'a2': 1.460593486680443, 'a3': 3.5756325808876204} logZ_max= 2.6338058123883723 obs_max= 7.708502279718986
dist_min= tensor(0.1445) dist_max= tensor(0.9136)
params_min,params_max=params_new,params_max
evaluating model at params_new={'a1': 0.4618802153517006, 'a2': 1.460593486680443, 'a3': 3.5756325542316127}
params_min= {'a1': 0.4618802153517006, 'a2': 1.460593486680443, 'a3': 3.575632527575605} logZ_min= 2.6338055702776084 obs_min= 7.708509077988073
params_new= {'a1': 0.4618802153517006, 'a2': 1.460593486680443, 'a3': 3.5756325542316127} logZ_new= 2.633805791088745 obs_new= 7.708502455717723
params_max= {'a1': 0.4618802153517006, 'a2': 1.460593486680443, 'a3': 3.5756325808876204} logZ_max= 2.6338058123883723 obs_max= 7.708502279718986
dist_min= tensor(0.0733) dist_max= tensor(0.9597)
params_min,params_max=params_new,params_max
evaluating model at params_new={'a1': 0.4618802153517006, 'a2': 1.460593486680443, 'a3': 3.575632567559617}
params_min= {'a1': 0.4618802153517006, 'a2': 1.460593486680443, 'a3': 3.5756325542316127} logZ_min= 2.633805791088745 obs_min= 7.708502455717723
params_new= {'a1': 0.4618802153517006, 'a2': 1.460593486680443, 'a3': 3.575632567559617} logZ_new= 2.6338048415618345 obs_new= 7.708527798095643
params_max= {'a1': 0.4618802153517006, 'a2': 1.460593486680443, 'a3': 3.5756325808876204} logZ_max= 2.6338058123883723 obs_max= 7.708502279718986
dist_min= tensor(1.4102) dist_max= tensor(0.7141)
params_min,params_max=params_min,params_new
evaluating model at params_new={'a1': 0.4618802153517006, 'a2': 1.460593486680443, 'a3': 3.575632560895615}
params_min= {'a1': 0.4618802153517006, 'a2': 1.460593486680443, 'a3': 3.5756325542316127} logZ_min= 2.633805791088745 obs_min= 7.708502455717723
params_new= {'a1': 0.4618802153517006, 'a2': 1.460593486680443, 'a3': 3.575632560895615} logZ_new= 2.6338056417016142 obs_new= 7.7085074671668306
params_max= {'a1': 0.4618802153517006, 'a2': 1.460593486680443, 'a3': 3.575632567559617} logZ_max= 2.6338048415618345 obs_max= 7.708527798095643
dist_min= tensor(1.6048) dist_max= tensor(0.5169)
params_min,params_max=params_min,params_new
evaluating model at params_new={'a1': 0.4618802153517006, 'a2': 1.460593486680443, 'a3': 3.5756325575636136}
params_min= {'a1': 0.4618802153517006, 'a2': 1.460593486680443, 'a3': 3.5756325542316127} logZ_min= 2.633805791088745 obs_min= 7.708502455717723
params_new= {'a1': 0.4618802153517006, 'a2': 1.460593486680443, 'a3': 3.5756325575636136} logZ_new= 2.633791102852808 obs_new= 7.708848039331532
params_max= {'a1': 0.4618802153517006, 'a2': 1.460593486680443, 'a3': 3.575632560895615} logZ_max= 2.6338056417016142 obs_max= 7.7085074671668306
dist_min= tensor(0.8017) dist_max= tensor(1.1500)
params_min,params_max=params_new,params_max
evaluating model at params_new={'a1': 0.4618802153517006, 'a2': 1.460593486680443, 'a3': 3.5756325592296143}
params_min= {'a1': 0.4618802153517006, 'a2': 1.460593486680443, 'a3': 3.5756325575636136} logZ_min= 2.633791102852808 obs_min= 7.708848039331532
params_new= {'a1': 0.4618802153517006, 'a2': 1.460593486680443, 'a3': 3.5756325592296143} logZ_new= 2.6337989554928822 obs_new= 7.708659283280236
params_max= {'a1': 0.4618802153517006, 'a2': 1.460593486680443, 'a3': 3.575632560895615} logZ_max= 2.6338056417016142 obs_max= 7.7085074671668306
dist_min= tensor(0.5057) dist_max= tensor(1.4170)
params_min,params_max=params_new,params_max
evaluating model at params_new={'a1': 0.4618802153517006, 'a2': 1.460593486680443, 'a3': 3.5756325600626147}
params_min= {'a1': 0.4618802153517006, 'a2': 1.460593486680443, 'a3': 3.5756325592296143} logZ_min= 2.6337989554928822 obs_min= 7.708659283280236
params_new= {'a1': 0.4618802153517006, 'a2': 1.460593486680443, 'a3': 3.5756325600626147} logZ_new= 2.6338052386419246 obs_new= 7.708518260792636
params_max= {'a1': 0.4618802153517006, 'a2': 1.460593486680443, 'a3': 3.575632560895615} logZ_max= 2.6338056417016142 obs_max= 7.7085074671668306
dist_min= tensor(0.1066) dist_max= tensor(1.4785)
params_min,params_max=params_new,params_max
evaluating model at params_new={'a1': 0.4618802153517006, 'a2': 1.460593486680443, 'a3': 3.575632560479115}
params_min= {'a1': 0.4618802153517006, 'a2': 1.460593486680443, 'a3': 3.5756325600626147} logZ_min= 2.6338052386419246 obs_min= 7.708518260792636
params_new= {'a1': 0.4618802153517006, 'a2': 1.460593486680443, 'a3': 3.575632560479115} logZ_new= 2.6337986063759296 obs_new= 7.708667174923858
params_max= {'a1': 0.4618802153517006, 'a2': 1.460593486680443, 'a3': 3.575632560895615} logZ_max= 2.6338056417016142 obs_max= 7.7085074671668306
dist_min= tensor(1.1431) dist_max= tensor(0.6001)
params_min,params_max=params_min,params_new
evaluating model at params_new={'a1': 0.4618802153517006, 'a2': 1.460593486680443, 'a3': 3.575632560270865}
params_min= {'a1': 0.4618802153517006, 'a2': 1.460593486680443, 'a3': 3.5756325600626147} logZ_min= 2.6338052386419246 obs_min= 7.708518260792636
params_new= {'a1': 0.4618802153517006, 'a2': 1.460593486680443, 'a3': 3.575632560270865} logZ_new= 2.6338046776499393 obs_new= 7.70853148887128
params_max= {'a1': 0.4618802153517006, 'a2': 1.460593486680443, 'a3': 3.575632560479115} logZ_max= 2.6337986063759296 obs_max= 7.708667174923858
dist_min= tensor(0.3922) dist_max= tensor(1.3821)
params_min,params_max=params_new,params_max
evaluating model at params_new={'a1': 0.4618802153517006, 'a2': 1.460593486680443, 'a3': 3.5756325603749897}
params_min= {'a1': 0.4618802153517006, 'a2': 1.460593486680443, 'a3': 3.575632560270865} logZ_min= 2.6338046776499393 obs_min= 7.70853148887128
params_new= {'a1': 0.4618802153517006, 'a2': 1.460593486680443, 'a3': 3.5756325603749897} logZ_new= 2.6338042185444817 obs_new= 7.708541918833533
params_max= {'a1': 0.4618802153517006, 'a2': 1.460593486680443, 'a3': 3.575632560479115} logZ_max= 2.6337986063759296 obs_max= 7.708667174923858
dist_min= tensor(0.2411) dist_max= tensor(1.5011)
params_min,params_max=params_new,params_max
evaluating model at params_new={'a1': 0.4618802153517006, 'a2': 1.460593486680443, 'a3': 3.575632560427052}
params_min= {'a1': 0.4618802153517006, 'a2': 1.460593486680443, 'a3': 3.5756325603749897} logZ_min= 2.6338042185444817 obs_min= 7.708541918833533
params_new= {'a1': 0.4618802153517006, 'a2': 1.460593486680443, 'a3': 3.575632560427052} logZ_new= 2.6338033316299643 obs_new= 7.708561754095758
params_max= {'a1': 0.4618802153517006, 'a2': 1.460593486680443, 'a3': 3.575632560479115} logZ_max= 2.6337986063759296 obs_max= 7.708667174923858
dist_min= tensor(0.3723) dist_max= tensor(1.6505)
params_min,params_max=params_new,params_max
evaluating model at params_new={'a1': 0.4618802153517006, 'a2': 1.460593486680443, 'a3': 3.5756325604530836}
params_min= {'a1': 0.4618802153517006, 'a2': 1.460593486680443, 'a3': 3.575632560427052} logZ_min= 2.6338033316299643 obs_min= 7.708561754095758
params_new= {'a1': 0.4618802153517006, 'a2': 1.460593486680443, 'a3': 3.5756325604530836} logZ_new= 2.6337933293948135 obs_new= 7.708790572509269
params_max= {'a1': 0.4618802153517006, 'a2': 1.460593486680443, 'a3': 3.575632560479115} logZ_max= 2.6337986063759296 obs_max= 7.708667174923858
dist_min= tensor(1.0920) dist_max= tensor(0.9931)
params_min,params_max=params_min,params_new
evaluating model at params_new={'a1': 0.4618802153517006, 'a2': 1.460593486680443, 'a3': 3.575632560440068}
params_min= {'a1': 0.4618802153517006, 'a2': 1.460593486680443, 'a3': 3.575632560427052} logZ_min= 2.6338033316299643 obs_min= 7.708561754095758
params_new= {'a1': 0.4618802153517006, 'a2': 1.460593486680443, 'a3': 3.575632560440068} logZ_new= 2.63379066006592 obs_new= 7.70886057749085
params_max= {'a1': 0.4618802153517006, 'a2': 1.460593486680443, 'a3': 3.5756325604530836} logZ_max= 2.6337933293948135 obs_max= 7.708790572509269
dist_min= tensor(0.8850) dist_max= tensor(0.2801)
params_min,params_max=params_min,params_new
evaluating model at params_new={'a1': 0.4618802153517006, 'a2': 1.460593486680443, 'a3': 3.5756325604335597}
params_min= {'a1': 0.4618802153517006, 'a2': 1.460593486680443, 'a3': 3.575632560427052} logZ_min= 2.6338033316299643 obs_min= 7.708561754095758
params_new= {'a1': 0.4618802153517006, 'a2': 1.460593486680443, 'a3': 3.5756325604335597} logZ_new= 2.633805182790451 obs_new= 7.708519630666974
params_max= {'a1': 0.4618802153517006, 'a2': 1.460593486680443, 'a3': 3.575632560440068} logZ_max= 2.63379066006592 obs_max= 7.70886057749085
dist_min= tensor(1.7869) dist_max= tensor(1.3047)
params_min,params_max=params_min,params_new
evaluating model at params_new={'a1': 0.4618802153517006, 'a2': 1.460593486680443, 'a3': 3.575632560430306}
params_min= {'a1': 0.4618802153517006, 'a2': 1.460593486680443, 'a3': 3.575632560427052} logZ_min= 2.6338033316299643 obs_min= 7.708561754095758
params_new= {'a1': 0.4618802153517006, 'a2': 1.460593486680443, 'a3': 3.575632560430306} logZ_new= 2.633804582884037 obs_new= 7.708533660174979
params_max= {'a1': 0.4618802153517006, 'a2': 1.460593486680443, 'a3': 3.5756325604335597} logZ_max= 2.633805182790451 obs_max= 7.708519630666974
dist_min= tensor(0.2784) dist_max= tensor(1.8527)
params_min,params_max=params_new,params_max
evaluating model at params_new={'a1': 0.4618802153517006, 'a2': 1.460593486680443, 'a3': 3.5756325604319326}
params_min= {'a1': 0.4618802153517006, 'a2': 1.460593486680443, 'a3': 3.575632560430306} logZ_min= 2.633804582884037 obs_min= 7.708533660174979
params_new= {'a1': 0.4618802153517006, 'a2': 1.460593486680443, 'a3': 3.5756325604319326} logZ_new= 2.63380579829378 obs_new= 7.7085023477589845
params_max= {'a1': 0.4618802153517006, 'a2': 1.460593486680443, 'a3': 3.5756325604335597} logZ_max= 2.633805182790451 obs_max= 7.708519630666974
dist_min= tensor(0.6790) dist_max= tensor(1.5719)
params_min,params_max=params_new,params_max
evaluating model at params_new={'a1': 0.4618802153517006, 'a2': 1.460593486680443, 'a3': 3.575632560432746}
params_min= {'a1': 0.4618802153517006, 'a2': 1.460593486680443, 'a3': 3.5756325604319326} logZ_min= 2.63380579829378 obs_min= 7.7085023477589845
params_new= {'a1': 0.4618802153517006, 'a2': 1.460593486680443, 'a3': 3.575632560432746} logZ_new= 2.6337994931310402 obs_new= 7.708647209856133
params_max= {'a1': 0.4618802153517006, 'a2': 1.460593486680443, 'a3': 3.5756325604335597} logZ_max= 2.633805182790451 obs_max= 7.708519630666974
dist_min= tensor(1.7067) dist_max= tensor(0.2496)
params_min,params_max=params_min,params_new
evaluating model at params_new={'a1': 0.4618802153517006, 'a2': 1.460593486680443, 'a3': 3.5756325604323393}
params_min= {'a1': 0.4618802153517006, 'a2': 1.460593486680443, 'a3': 3.5756325604319326} logZ_min= 2.63380579829378 obs_min= 7.7085023477589845
params_new= {'a1': 0.4618802153517006, 'a2': 1.460593486680443, 'a3': 3.5756325604323393} logZ_new= 2.6337910937464075 obs_new= 7.708848332870972
params_max= {'a1': 0.4618802153517006, 'a2': 1.460593486680443, 'a3': 3.575632560432746} logZ_max= 2.6337994931310402 obs_max= 7.708647209856133
dist_min= tensor(0.4857) dist_max= tensor(1.4399)
params_min,params_max=params_new,params_max
evaluating model at params_new={'a1': 0.4618802153517006, 'a2': 1.460593486680443, 'a3': 3.5756325604325427}
params_min= {'a1': 0.4618802153517006, 'a2': 1.460593486680443, 'a3': 3.5756325604323393} logZ_min= 2.6337910937464075 obs_min= 7.708848332870972
params_new= {'a1': 0.4618802153517006, 'a2': 1.460593486680443, 'a3': 3.5756325604325427} logZ_new= 2.633805786918964 obs_new= 7.708502682383687
params_max= {'a1': 0.4618802153517006, 'a2': 1.460593486680443, 'a3': 3.575632560432746} logZ_max= 2.6337994931310402 obs_max= 7.708647209856133
dist_min= tensor(1.1044) dist_max= tensor(0.6310)
params_min,params_max=params_min,params_new
evaluating model at params_new={'a1': 0.4618802153517006, 'a2': 1.460593486680443, 'a3': 3.575632560432441}
params_min= {'a1': 0.4618802153517006, 'a2': 1.460593486680443, 'a3': 3.5756325604323393} logZ_min= 2.6337910937464075 obs_min= 7.708848332870972
params_new= {'a1': 0.4618802153517006, 'a2': 1.460593486680443, 'a3': 3.575632560432441} logZ_new= 2.633805761632004 obs_new= 7.7085035284374985
params_max= {'a1': 0.4618802153517006, 'a2': 1.460593486680443, 'a3': 3.5756325604325427} logZ_max= 2.633805786918964 obs_max= 7.708502682383687
dist_min= tensor(0.2684) dist_max= tensor(1.0265)
params_min,params_max=params_new,params_max
evaluating model at params_new={'a1': 0.4618802153517006, 'a2': 1.460593486680443, 'a3': 3.575632560432492}
params_min= {'a1': 0.4618802153517006, 'a2': 1.460593486680443, 'a3': 3.575632560432441} logZ_min= 2.633805761632004 obs_min= 7.7085035284374985
params_new= {'a1': 0.4618802153517006, 'a2': 1.460593486680443, 'a3': 3.575632560432492} logZ_new= 2.633791482123378 obs_new= 7.708837771215068
params_max= {'a1': 0.4618802153517006, 'a2': 1.460593486680443, 'a3': 3.5756325604325427} logZ_max= 2.633805786918964 obs_max= 7.708502682383687
dist_min= tensor(0.8652) dist_max= tensor(1.4805)
params_min,params_max=params_new,params_max
evaluating model at params_new={'a1': 0.4618802153517006, 'a2': 1.460593486680443, 'a3': 3.5756325604325174}
params_min= {'a1': 0.4618802153517006, 'a2': 1.460593486680443, 'a3': 3.575632560432492} logZ_min= 2.633791482123378 obs_min= 7.708837771215068
params_new= {'a1': 0.4618802153517006, 'a2': 1.460593486680443, 'a3': 3.5756325604325174} logZ_new= 2.6338055551837365 obs_new= 7.708510010305037
params_max= {'a1': 0.4618802153517006, 'a2': 1.460593486680443, 'a3': 3.5756325604325427} logZ_max= 2.633805786918964 obs_max= 7.708502682383687
dist_min= tensor(0.8269) dist_max= tensor(1.0451)
params_min,params_max=params_new,params_max
evaluating model at params_new={'a1': 0.4618802153517006, 'a2': 1.460593486680443, 'a3': 3.5756325604325303}
params_min= {'a1': 0.4618802153517006, 'a2': 1.460593486680443, 'a3': 3.5756325604325174} logZ_min= 2.6338055551837365 obs_min= 7.708510010305037
params_new= {'a1': 0.4618802153517006, 'a2': 1.460593486680443, 'a3': 3.5756325604325303} logZ_new= 2.633805004474873 obs_new= 7.708523896027189
params_max= {'a1': 0.4618802153517006, 'a2': 1.460593486680443, 'a3': 3.5756325604325427} logZ_max= 2.633805786918964 obs_max= 7.708502682383687
dist_min= tensor(0.6242) dist_max= tensor(1.3769)
params_min,params_max=params_new,params_max
evaluating model at params_new={'a1': 0.4618802153517006, 'a2': 1.460593486680443, 'a3': 3.5756325604325365}
params_min= {'a1': 0.4618802153517006, 'a2': 1.460593486680443, 'a3': 3.5756325604325303} logZ_min= 2.633805004474873 obs_min= 7.708523896027189
params_new= {'a1': 0.4618802153517006, 'a2': 1.460593486680443, 'a3': 3.5756325604325365} logZ_new= 2.6338056097153935 obs_new= 7.708508426787584
params_max= {'a1': 0.4618802153517006, 'a2': 1.460593486680443, 'a3': 3.5756325604325427} logZ_max= 2.633805786918964 obs_max= 7.708502682383687
dist_min= tensor(0.9012) dist_max= tensor(0.7640)
params_min,params_max=params_min,params_new
evaluating model at params_new={'a1': 0.4618802153517006, 'a2': 1.460593486680443, 'a3': 3.5756325604325334}
params_min= {'a1': 0.4618802153517006, 'a2': 1.460593486680443, 'a3': 3.5756325604325303} logZ_min= 2.633805004474873 obs_min= 7.708523896027189
params_new= {'a1': 0.4618802153517006, 'a2': 1.460593486680443, 'a3': 3.5756325604325334} logZ_new= 2.633804687847257 obs_new= 7.7085312567763955
params_max= {'a1': 0.4618802153517006, 'a2': 1.460593486680443, 'a3': 3.5756325604325365} logZ_max= 2.6338056097153935 obs_max= 7.708508426787584
dist_min= tensor(0.3172) dist_max= tensor(1.1026)
params_min,params_max=params_new,params_max
evaluating model at params_new={'a1': 0.4618802153517006, 'a2': 1.460593486680443, 'a3': 3.5756325604325347}
params_min= {'a1': 0.4618802153517006, 'a2': 1.460593486680443, 'a3': 3.5756325604325334} logZ_min= 2.633804687847257 obs_min= 7.7085312567763955
params_new= {'a1': 0.4618802153517006, 'a2': 1.460593486680443, 'a3': 3.5756325604325347} logZ_new= 2.633801014420607 obs_new= 7.708613224283451
params_max= {'a1': 0.4618802153517006, 'a2': 1.460593486680443, 'a3': 3.5756325604325365} logZ_max= 2.6338056097153935 obs_max= 7.708508426787584
dist_min= tensor(0.8129) dist_max= tensor(0.4603)
params_min,params_max=params_min,params_new
evaluating model at params_new={'a1': 0.4618802153517006, 'a2': 1.460593486680443, 'a3': 3.575632560432534}
params_min= {'a1': 0.4618802153517006, 'a2': 1.460593486680443, 'a3': 3.5756325604325334} logZ_min= 2.633804687847257 obs_min= 7.7085312567763955
params_new= {'a1': 0.4618802153517006, 'a2': 1.460593486680443, 'a3': 3.575632560432534} logZ_new= 2.6337986194830423 obs_new= 7.7086668782385654
params_max= {'a1': 0.4618802153517006, 'a2': 1.460593486680443, 'a3': 3.5756325604325347} logZ_max= 2.633801014420607 obs_max= 7.708613224283451
dist_min= tensor(0.2443) dist_max= tensor(0.6068)
params_min,params_max=params_new,params_max
evaluating model at params_new={'a1': 0.4618802153517006, 'a2': 1.460593486680443, 'a3': 3.5756325604325343}
params_min= {'a1': 0.4618802153517006, 'a2': 1.460593486680443, 'a3': 3.575632560432534} logZ_min= 2.6337986194830423 obs_min= 7.7086668782385654
params_new= {'a1': 0.4618802153517006, 'a2': 1.460593486680443, 'a3': 3.5756325604325343} logZ_new= 2.6337986185045135 obs_new= 7.708666900354183
params_max= {'a1': 0.4618802153517006, 'a2': 1.460593486680443, 'a3': 3.5756325604325347} logZ_max= 2.633801014420607 obs_max= 7.708613224283451
dist_min= tensor(0.0486) dist_max= tensor(0.6443)
params_min,params_max=params_new,params_max
critical params found:  {'a1': 0.4618802153517006, 'a2': 1.460593486680443, 'a3': 3.5756325604325347}
reference params:  {'a1': 1.1547005383792515, 'a2': 1.8257418583505538, 'a3': 4.47213595499958}
file saved to  data/AKLT3D_X10_scan_grid_critical_a3/a1_0.4618802_a2_1.4605935/Tc.json
