Start running find_critical_temp.py with options:{'filename': 'data/AKLT3D_X10_scan_grid_critical_a3/a1_0.4618802_a2_3.6514837/Tc.json', 'log_filename': 'data/AKLT3D_X10_scan_grid_critical_a3/a1_0.4618802_a2_3.6514837/Tc.log', 'nLayers': 60, 'max_dim': 10, 'model': 'AKLT3D', 'params_min': "{'a1': 0.4618802153517006, 'a2': 3.651483716701108, 'a3': 0.894427190999916}", 'params_max': "{'a1': 0.4618802153517006, 'a2': 3.651483716701108, 'a3': 0.0}", 'params_ref': None, 'observable_name': 'magnetizationZ', 'tol': 0.0, 'gilt_enabled': False, 'gilt_eps': 8e-07, 'gilt_nIter': 1, 'mcf_enabled': True, 'mcf_eps': 1e-16, 'mcf_max_iter': 200, 'hotrg_sanity_check': False, 'version': 1, 'device': 'cuda:1'}
loading library...
evaluating model at params_min={'a1': 0.4618802153517006, 'a2': 3.651483716701108, 'a3': 0.894427190999916}
params_min= {'a1': 0.4618802153517006, 'a2': 3.651483716701108, 'a3': 0.894427190999916} logZ_min= 3.35884944788889 obs_min= 1.6595072769049218e-28
evaluating model at params_max={'a1': 0.4618802153517006, 'a2': 3.651483716701108, 'a3': 0.0}
params_max= {'a1': 0.4618802153517006, 'a2': 3.651483716701108, 'a3': 0.0} logZ_max= 3.35909218760418 obs_max= 3.6977840170944978
searching for critical temperature using bisection method
evaluating model at params_new={'a1': 0.4618802153517006, 'a2': 3.651483716701108, 'a3': 0.447213595499958}
params_min= {'a1': 0.4618802153517006, 'a2': 3.651483716701108, 'a3': 0.894427190999916} logZ_min= 3.35884944788889 obs_min= 1.6595072769049218e-28
params_new= {'a1': 0.4618802153517006, 'a2': 3.651483716701108, 'a3': 0.447213595499958} logZ_new= nan obs_new= 3.6875048311839325
params_max= {'a1': 0.4618802153517006, 'a2': 3.651483716701108, 'a3': 0.0} logZ_max= 3.35909218760418 obs_max= 3.6977840170944978
dist_min= tensor(4.3787) dist_max= tensor(1.9006)
params_min,params_max=params_min,params_new
evaluating model at params_new={'a1': 0.4618802153517006, 'a2': 3.651483716701108, 'a3': 0.670820393249937}
params_min= {'a1': 0.4618802153517006, 'a2': 3.651483716701108, 'a3': 0.894427190999916} logZ_min= 3.35884944788889 obs_min= 1.6595072769049218e-28
params_new= {'a1': 0.4618802153517006, 'a2': 3.651483716701108, 'a3': 0.670820393249937} logZ_new= 3.352108458988272 obs_new= 7.40575178477227e-30
params_max= {'a1': 0.4618802153517006, 'a2': 3.651483716701108, 'a3': 0.447213595499958} logZ_max= nan obs_max= 3.6875048311839325
dist_min= tensor(2.7416) dist_max= tensor(2.2273)
params_min,params_max=params_min,params_new
evaluating model at params_new={'a1': 0.4618802153517006, 'a2': 3.651483716701108, 'a3': 0.7826237921249265}
params_min= {'a1': 0.4618802153517006, 'a2': 3.651483716701108, 'a3': 0.894427190999916} logZ_min= 3.35884944788889 obs_min= 1.6595072769049218e-28
params_new= {'a1': 0.4618802153517006, 'a2': 3.651483716701108, 'a3': 0.7826237921249265} logZ_new= nan obs_new= 9.195955193022736e-30
params_max= {'a1': 0.4618802153517006, 'a2': 3.651483716701108, 'a3': 0.670820393249937} logZ_max= 3.352108458988272 obs_max= 7.40575178477227e-30
dist_min= tensor(4.7124) dist_max= tensor(3.7498)
params_min,params_max=params_min,params_new
evaluating model at params_new={'a1': 0.4618802153517006, 'a2': 3.651483716701108, 'a3': 0.8385254915624212}
params_min= {'a1': 0.4618802153517006, 'a2': 3.651483716701108, 'a3': 0.894427190999916} logZ_min= 3.35884944788889 obs_min= 1.6595072769049218e-28
params_new= {'a1': 0.4618802153517006, 'a2': 3.651483716701108, 'a3': 0.8385254915624212} logZ_new= 3.35818007171419 obs_new= 8.052885967258407e-30
params_max= {'a1': 0.4618802153517006, 'a2': 3.651483716701108, 'a3': 0.7826237921249265} logZ_max= nan obs_max= 9.195955193022736e-30
dist_min= tensor(5.1029) dist_max= tensor(6.2815)
params_min,params_max=params_new,params_max
evaluating model at params_new={'a1': 0.4618802153517006, 'a2': 3.651483716701108, 'a3': 0.8105746418436739}
params_min= {'a1': 0.4618802153517006, 'a2': 3.651483716701108, 'a3': 0.8385254915624212} logZ_min= 3.35818007171419 obs_min= 8.052885967258407e-30
params_new= {'a1': 0.4618802153517006, 'a2': 3.651483716701108, 'a3': 0.8105746418436739} logZ_new= 3.357726873336093 obs_new= 4.3356780583931247e-29
params_max= {'a1': 0.4618802153517006, 'a2': 3.651483716701108, 'a3': 0.7826237921249265} logZ_max= nan obs_max= 9.195955193022736e-30
dist_min= tensor(4.6467) dist_max= tensor(4.2042)
params_min,params_max=params_min,params_new
evaluating model at params_new={'a1': 0.4618802153517006, 'a2': 3.651483716701108, 'a3': 0.8245500667030475}
params_min= {'a1': 0.4618802153517006, 'a2': 3.651483716701108, 'a3': 0.8385254915624212} logZ_min= 3.35818007171419 obs_min= 8.052885967258407e-30
params_new= {'a1': 0.4618802153517006, 'a2': 3.651483716701108, 'a3': 0.8245500667030475} logZ_new= 3.3585268202534513 obs_new= 3.359718815656721e-31
params_max= {'a1': 0.4618802153517006, 'a2': 3.651483716701108, 'a3': 0.8105746418436739} logZ_max= 3.357726873336093 obs_max= 4.3356780583931247e-29
dist_min= tensor(1.6421) dist_max= tensor(6.1167)
params_min,params_max=params_new,params_max
evaluating model at params_new={'a1': 0.4618802153517006, 'a2': 3.651483716701108, 'a3': 0.8175623542733608}
params_min= {'a1': 0.4618802153517006, 'a2': 3.651483716701108, 'a3': 0.8245500667030475} logZ_min= 3.3585268202534513 obs_min= 3.359718815656721e-31
params_new= {'a1': 0.4618802153517006, 'a2': 3.651483716701108, 'a3': 0.8175623542733608} logZ_new= 3.357755742772379 obs_new= 9.748059280352981e-30
params_max= {'a1': 0.4618802153517006, 'a2': 3.651483716701108, 'a3': 0.8105746418436739} logZ_max= 3.357726873336093 obs_max= 4.3356780583931247e-29
dist_min= tensor(6.3541) dist_max= tensor(2.4548)
params_min,params_max=params_min,params_new
evaluating model at params_new={'a1': 0.4618802153517006, 'a2': 3.651483716701108, 'a3': 0.8210562104882042}
params_min= {'a1': 0.4618802153517006, 'a2': 3.651483716701108, 'a3': 0.8245500667030475} logZ_min= 3.3585268202534513 obs_min= 3.359718815656721e-31
params_new= {'a1': 0.4618802153517006, 'a2': 3.651483716701108, 'a3': 0.8210562104882042} logZ_new= 3.3579999451785154 obs_new= 3.252573731369592e-29
params_max= {'a1': 0.4618802153517006, 'a2': 3.651483716701108, 'a3': 0.8175623542733608} logZ_max= 3.357755742772379 obs_max= 9.748059280352981e-30
dist_min= tensor(6.3584) dist_max= tensor(0.2208)
params_min,params_max=params_min,params_new
evaluating model at params_new={'a1': 0.4618802153517006, 'a2': 3.651483716701108, 'a3': 0.8228031385956258}
params_min= {'a1': 0.4618802153517006, 'a2': 3.651483716701108, 'a3': 0.8245500667030475} logZ_min= 3.3585268202534513 obs_min= 3.359718815656721e-31
params_new= {'a1': 0.4618802153517006, 'a2': 3.651483716701108, 'a3': 0.8228031385956258} logZ_new= 3.3583052798844344 obs_new= 1.1063314172728434e-30
params_max= {'a1': 0.4618802153517006, 'a2': 3.651483716701108, 'a3': 0.8210562104882042} logZ_max= 3.3579999451785154 obs_max= 3.252573731369592e-29
dist_min= tensor(2.2390) dist_max= tensor(4.1244)
params_min,params_max=params_new,params_max
evaluating model at params_new={'a1': 0.4618802153517006, 'a2': 3.651483716701108, 'a3': 0.821929674541915}
params_min= {'a1': 0.4618802153517006, 'a2': 3.651483716701108, 'a3': 0.8228031385956258} logZ_min= 3.3583052798844344 obs_min= 1.1063314172728434e-30
params_new= {'a1': 0.4618802153517006, 'a2': 3.651483716701108, 'a3': 0.821929674541915} logZ_new= 3.3578944719314507 obs_new= 2.091704519806134e-29
params_max= {'a1': 0.4618802153517006, 'a2': 3.651483716701108, 'a3': 0.8210562104882042} logZ_max= 3.3579999451785154 obs_max= 3.252573731369592e-29
dist_min= tensor(4.4762) dist_max= tensor(8.5944)
params_min,params_max=params_new,params_max
evaluating model at params_new={'a1': 0.4618802153517006, 'a2': 3.651483716701108, 'a3': 0.8214929425150597}
params_min= {'a1': 0.4618802153517006, 'a2': 3.651483716701108, 'a3': 0.821929674541915} logZ_min= 3.3578944719314507 obs_min= 2.091704519806134e-29
params_new= {'a1': 0.4618802153517006, 'a2': 3.651483716701108, 'a3': 0.8214929425150597} logZ_new= 3.357667761451998 obs_new= 2.534389332792064e-29
params_max= {'a1': 0.4618802153517006, 'a2': 3.651483716701108, 'a3': 0.8210562104882042} logZ_max= 3.3579999451785154 obs_max= 3.252573731369592e-29
dist_min= tensor(8.5758) dist_max= tensor(0.1152)
params_min,params_max=params_min,params_new
evaluating model at params_new={'a1': 0.4618802153517006, 'a2': 3.651483716701108, 'a3': 0.8217113085284873}
params_min= {'a1': 0.4618802153517006, 'a2': 3.651483716701108, 'a3': 0.821929674541915} logZ_min= 3.3578944719314507 obs_min= 2.091704519806134e-29
params_new= {'a1': 0.4618802153517006, 'a2': 3.651483716701108, 'a3': 0.8217113085284873} logZ_new= nan obs_new= 9.585631144192153e-31
params_max= {'a1': 0.4618802153517006, 'a2': 3.651483716701108, 'a3': 0.8214929425150597} logZ_max= 3.357667761451998 obs_max= 2.534389332792064e-29
dist_min= tensor(154.6575) dist_max= tensor(154.4891)
params_min,params_max=params_min,params_new
evaluating model at params_new={'a1': 0.4618802153517006, 'a2': 3.651483716701108, 'a3': 0.8218204915352012}
params_min= {'a1': 0.4618802153517006, 'a2': 3.651483716701108, 'a3': 0.821929674541915} logZ_min= 3.3578944719314507 obs_min= 2.091704519806134e-29
params_new= {'a1': 0.4618802153517006, 'a2': 3.651483716701108, 'a3': 0.8218204915352012} logZ_new= nan obs_new= 1.9862587893057367e-30
params_max= {'a1': 0.4618802153517006, 'a2': 3.651483716701108, 'a3': 0.8217113085284873} logZ_max= nan obs_max= 9.585631144192153e-31
dist_min= tensor(1364.1875) dist_max= tensor(1209.7328)
params_min,params_max=params_min,params_new
evaluating model at params_new={'a1': 0.4618802153517006, 'a2': 3.651483716701108, 'a3': 0.8218750830385582}
params_min= {'a1': 0.4618802153517006, 'a2': 3.651483716701108, 'a3': 0.821929674541915} logZ_min= 3.3578944719314507 obs_min= 2.091704519806134e-29
params_new= {'a1': 0.4618802153517006, 'a2': 3.651483716701108, 'a3': 0.8218750830385582} logZ_new= nan obs_new= 1.884590931391257e-29
params_max= {'a1': 0.4618802153517006, 'a2': 3.651483716701108, 'a3': 0.8218204915352012} logZ_max= nan obs_max= 1.9862587893057367e-30
dist_min= tensor(8.5355) dist_max= tensor(1363.8644)
params_min,params_max=params_new,params_max
evaluating model at params_new={'a1': 0.4618802153517006, 'a2': 3.651483716701108, 'a3': 0.8218477872868797}
params_min= {'a1': 0.4618802153517006, 'a2': 3.651483716701108, 'a3': 0.8218750830385582} logZ_min= nan obs_min= 1.884590931391257e-29
params_new= {'a1': 0.4618802153517006, 'a2': 3.651483716701108, 'a3': 0.8218477872868797} logZ_new= nan obs_new= 2.382911947305065e-32
params_max= {'a1': 0.4618802153517006, 'a2': 3.651483716701108, 'a3': 0.8218204915352012} logZ_max= nan obs_max= 1.9862587893057367e-30
dist_min= tensor(2.0119) dist_max= tensor(1363.7837)
params_min,params_max=params_new,params_max
evaluating model at params_new={'a1': 0.4618802153517006, 'a2': 3.651483716701108, 'a3': 0.8218341394110404}
params_min= {'a1': 0.4618802153517006, 'a2': 3.651483716701108, 'a3': 0.8218477872868797} logZ_min= nan obs_min= 2.382911947305065e-32
params_new= {'a1': 0.4618802153517006, 'a2': 3.651483716701108, 'a3': 0.8218341394110404} logZ_new= nan obs_new= 9.403931800949015e-30
params_max= {'a1': 0.4618802153517006, 'a2': 3.651483716701108, 'a3': 0.8218204915352012} logZ_max= nan obs_max= 1.9862587893057367e-30
dist_min= tensor(1.9626) dist_max= tensor(1363.5793)
params_min,params_max=params_new,params_max
evaluating model at params_new={'a1': 0.4618802153517006, 'a2': 3.651483716701108, 'a3': 0.8218273154731208}
params_min= {'a1': 0.4618802153517006, 'a2': 3.651483716701108, 'a3': 0.8218341394110404} logZ_min= nan obs_min= 9.403931800949015e-30
params_new= {'a1': 0.4618802153517006, 'a2': 3.651483716701108, 'a3': 0.8218273154731208} logZ_new= 3.3576462582954254 obs_new= 2.0082086723492276e-30
params_max= {'a1': 0.4618802153517006, 'a2': 3.651483716701108, 'a3': 0.8218204915352012} logZ_max= nan obs_max= 1.9862587893057367e-30
dist_min= tensor(3.1283) dist_max= tensor(1363.9859)
params_min,params_max=params_new,params_max
evaluating model at params_new={'a1': 0.4618802153517006, 'a2': 3.651483716701108, 'a3': 0.821823903504161}
params_min= {'a1': 0.4618802153517006, 'a2': 3.651483716701108, 'a3': 0.8218273154731208} logZ_min= 3.3576462582954254 obs_min= 2.0082086723492276e-30
params_new= {'a1': 0.4618802153517006, 'a2': 3.651483716701108, 'a3': 0.821823903504161} logZ_new= 3.3580569335328443 obs_new= 2.9187399985977274e-30
params_max= {'a1': 0.4618802153517006, 'a2': 3.651483716701108, 'a3': 0.8218204915352012} logZ_max= nan obs_max= 1.9862587893057367e-30
dist_min= tensor(0.5738) dist_max= tensor(1364.0773)
params_min,params_max=params_new,params_max
evaluating model at params_new={'a1': 0.4618802153517006, 'a2': 3.651483716701108, 'a3': 0.8218221975196811}
params_min= {'a1': 0.4618802153517006, 'a2': 3.651483716701108, 'a3': 0.821823903504161} logZ_min= 3.3580569335328443 obs_min= 2.9187399985977274e-30
params_new= {'a1': 0.4618802153517006, 'a2': 3.651483716701108, 'a3': 0.8218221975196811} logZ_new= nan obs_new= 3.06457987303834e-33
params_max= {'a1': 0.4618802153517006, 'a2': 3.651483716701108, 'a3': 0.8218204915352012} logZ_max= nan obs_max= 1.9862587893057367e-30
dist_min= tensor(36.5769) dist_max= tensor(1327.6466)
params_min,params_max=params_new,params_max
evaluating model at params_new={'a1': 0.4618802153517006, 'a2': 3.651483716701108, 'a3': 0.8218213445274412}
params_min= {'a1': 0.4618802153517006, 'a2': 3.651483716701108, 'a3': 0.8218221975196811} logZ_min= nan obs_min= 3.06457987303834e-33
params_new= {'a1': 0.4618802153517006, 'a2': 3.651483716701108, 'a3': 0.8218213445274412} logZ_new= 3.358511828441853 obs_new= 4.312133539534458e-29
params_max= {'a1': 0.4618802153517006, 'a2': 3.651483716701108, 'a3': 0.8218204915352012} logZ_max= nan obs_max= 1.9862587893057367e-30
dist_min= tensor(36.5885) dist_max= tensor(1364.2322)
params_min,params_max=params_new,params_max
evaluating model at params_new={'a1': 0.4618802153517006, 'a2': 3.651483716701108, 'a3': 0.8218209180313212}
params_min= {'a1': 0.4618802153517006, 'a2': 3.651483716701108, 'a3': 0.8218213445274412} logZ_min= 3.358511828441853 obs_min= 4.312133539534458e-29
params_new= {'a1': 0.4618802153517006, 'a2': 3.651483716701108, 'a3': 0.8218209180313212} logZ_new= nan obs_new= 2.416723957258275e-30
params_max= {'a1': 0.4618802153517006, 'a2': 3.651483716701108, 'a3': 0.8218204915352012} logZ_max= nan obs_max= 1.9862587893057367e-30
dist_min= tensor(961.5848) dist_max= tensor(402.6509)
params_min,params_max=params_min,params_new
evaluating model at params_new={'a1': 0.4618802153517006, 'a2': 3.651483716701108, 'a3': 0.8218211312793812}
params_min= {'a1': 0.4618802153517006, 'a2': 3.651483716701108, 'a3': 0.8218213445274412} logZ_min= 3.358511828441853 obs_min= 4.312133539534458e-29
params_new= {'a1': 0.4618802153517006, 'a2': 3.651483716701108, 'a3': 0.8218211312793812} logZ_new= 3.3577756077138323 obs_new= 2.054320358661701e-30
params_max= {'a1': 0.4618802153517006, 'a2': 3.651483716701108, 'a3': 0.8218209180313212} logZ_max= nan obs_max= 2.416723957258275e-30
dist_min= tensor(2.8370) dist_max= tensor(960.8451)
params_min,params_max=params_new,params_max
evaluating model at params_new={'a1': 0.4618802153517006, 'a2': 3.651483716701108, 'a3': 0.8218210246553512}
params_min= {'a1': 0.4618802153517006, 'a2': 3.651483716701108, 'a3': 0.8218211312793812} logZ_min= 3.3577756077138323 obs_min= 2.054320358661701e-30
params_new= {'a1': 0.4618802153517006, 'a2': 3.651483716701108, 'a3': 0.8218210246553512} logZ_new= 3.357660853835251 obs_new= 1.086777650366542e-30
params_max= {'a1': 0.4618802153517006, 'a2': 3.651483716701108, 'a3': 0.8218209180313212} logZ_max= nan obs_max= 2.416723957258275e-30
dist_min= tensor(1050.9618) dist_max= tensor(1424.7668)
params_min,params_max=params_new,params_max
evaluating model at params_new={'a1': 0.4618802153517006, 'a2': 3.651483716701108, 'a3': 0.8218209713433362}
params_min= {'a1': 0.4618802153517006, 'a2': 3.651483716701108, 'a3': 0.8218210246553512} logZ_min= 3.357660853835251 obs_min= 1.086777650366542e-30
params_new= {'a1': 0.4618802153517006, 'a2': 3.651483716701108, 'a3': 0.8218209713433362} logZ_new= 3.3576132698374157 obs_new= 4.575182584777212e-33
params_max= {'a1': 0.4618802153517006, 'a2': 3.651483716701108, 'a3': 0.8218209180313212} logZ_max= nan obs_max= 2.416723957258275e-30
dist_min= tensor(1051.7016) dist_max= tensor(961.5826)
params_min,params_max=params_min,params_new
evaluating model at params_new={'a1': 0.4618802153517006, 'a2': 3.651483716701108, 'a3': 0.8218209979993437}
params_min= {'a1': 0.4618802153517006, 'a2': 3.651483716701108, 'a3': 0.8218210246553512} logZ_min= 3.357660853835251 obs_min= 1.086777650366542e-30
params_new= {'a1': 0.4618802153517006, 'a2': 3.651483716701108, 'a3': 0.8218209979993437} logZ_new= 3.3575848054610784 obs_new= 2.6479872122725137e-30
params_max= {'a1': 0.4618802153517006, 'a2': 3.651483716701108, 'a3': 0.8218209713433362} logZ_max= 3.3576132698374157 obs_max= 4.575182584777212e-33
dist_min= tensor(1051.7268) dist_max= tensor(13.2837)
params_min,params_max=params_min,params_new
evaluating model at params_new={'a1': 0.4618802153517006, 'a2': 3.651483716701108, 'a3': 0.8218210113273474}
params_min= {'a1': 0.4618802153517006, 'a2': 3.651483716701108, 'a3': 0.8218210246553512} logZ_min= 3.357660853835251 obs_min= 1.086777650366542e-30
params_new= {'a1': 0.4618802153517006, 'a2': 3.651483716701108, 'a3': 0.8218210113273474} logZ_new= 3.35847299137485 obs_new= 1.8742678414189787e-29
params_max= {'a1': 0.4618802153517006, 'a2': 3.651483716701108, 'a3': 0.8218209979993437} logZ_max= 3.3575848054610784 obs_max= 2.6479872122725137e-30
dist_min= tensor(1051.6650) dist_max= tensor(13.2762)
params_min,params_max=params_min,params_new
evaluating model at params_new={'a1': 0.4618802153517006, 'a2': 3.651483716701108, 'a3': 0.8218210179913493}
params_min= {'a1': 0.4618802153517006, 'a2': 3.651483716701108, 'a3': 0.8218210246553512} logZ_min= 3.357660853835251 obs_min= 1.086777650366542e-30
params_new= {'a1': 0.4618802153517006, 'a2': 3.651483716701108, 'a3': 0.8218210179913493} logZ_new= nan obs_new= 8.099092382547831e-31
params_max= {'a1': 0.4618802153517006, 'a2': 3.651483716701108, 'a3': 0.8218210113273474} logZ_max= 3.35847299137485 obs_max= 1.8742678414189787e-29
dist_min= tensor(1051.3181) dist_max= tensor(14.3226)
params_min,params_max=params_min,params_new
evaluating model at params_new={'a1': 0.4618802153517006, 'a2': 3.651483716701108, 'a3': 0.8218210213233503}
params_min= {'a1': 0.4618802153517006, 'a2': 3.651483716701108, 'a3': 0.8218210246553512} logZ_min= 3.357660853835251 obs_min= 1.086777650366542e-30
params_new= {'a1': 0.4618802153517006, 'a2': 3.651483716701108, 'a3': 0.8218210213233503} logZ_new= nan obs_new= 3.0725587508120133e-32
params_max= {'a1': 0.4618802153517006, 'a2': 3.651483716701108, 'a3': 0.8218210179913493} logZ_max= nan obs_max= 8.099092382547831e-31
dist_min= tensor(1050.4877) dist_max= tensor(13.6351)
params_min,params_max=params_min,params_new
evaluating model at params_new={'a1': 0.4618802153517006, 'a2': 3.651483716701108, 'a3': 0.8218210229893508}
params_min= {'a1': 0.4618802153517006, 'a2': 3.651483716701108, 'a3': 0.8218210246553512} logZ_min= 3.357660853835251 obs_min= 1.086777650366542e-30
params_new= {'a1': 0.4618802153517006, 'a2': 3.651483716701108, 'a3': 0.8218210229893508} logZ_new= nan obs_new= 4.262648148588548e-30
params_max= {'a1': 0.4618802153517006, 'a2': 3.651483716701108, 'a3': 0.8218210213233503} logZ_max= nan obs_max= 3.0725587508120133e-32
dist_min= tensor(1050.7537) dist_max= tensor(1.0588)
params_min,params_max=params_min,params_new
evaluating model at params_new={'a1': 0.4618802153517006, 'a2': 3.651483716701108, 'a3': 0.821821023822351}
params_min= {'a1': 0.4618802153517006, 'a2': 3.651483716701108, 'a3': 0.8218210246553512} logZ_min= 3.357660853835251 obs_min= 1.086777650366542e-30
params_new= {'a1': 0.4618802153517006, 'a2': 3.651483716701108, 'a3': 0.821821023822351} logZ_new= nan obs_new= 9.811868500277464e-34
params_max= {'a1': 0.4618802153517006, 'a2': 3.651483716701108, 'a3': 0.8218210229893508} logZ_max= nan obs_max= 4.262648148588548e-30
dist_min= tensor(1051.5567) dist_max= tensor(14.1372)
params_min,params_max=params_min,params_new
evaluating model at params_new={'a1': 0.4618802153517006, 'a2': 3.651483716701108, 'a3': 0.8218210242388511}
params_min= {'a1': 0.4618802153517006, 'a2': 3.651483716701108, 'a3': 0.8218210246553512} logZ_min= 3.357660853835251 obs_min= 1.086777650366542e-30
params_new= {'a1': 0.4618802153517006, 'a2': 3.651483716701108, 'a3': 0.8218210242388511} logZ_new= 3.357912865939521 obs_new= 6.991570665491238e-31
params_max= {'a1': 0.4618802153517006, 'a2': 3.651483716701108, 'a3': 0.821821023822351} logZ_max= nan obs_max= 9.811868500277464e-34
dist_min= tensor(1047.5577) dist_max= tensor(15.7771)
params_min,params_max=params_min,params_new
evaluating model at params_new={'a1': 0.4618802153517006, 'a2': 3.651483716701108, 'a3': 0.8218210244471011}
params_min= {'a1': 0.4618802153517006, 'a2': 3.651483716701108, 'a3': 0.8218210246553512} logZ_min= 3.357660853835251 obs_min= 1.086777650366542e-30
params_new= {'a1': 0.4618802153517006, 'a2': 3.651483716701108, 'a3': 0.8218210244471011} logZ_new= nan obs_new= 2.513128720475557e-32
params_max= {'a1': 0.4618802153517006, 'a2': 3.651483716701108, 'a3': 0.8218210242388511} logZ_max= 3.357912865939521 obs_max= 6.991570665491238e-31
dist_min= tensor(1051.1122) dist_max= tensor(6.0399)
params_min,params_max=params_min,params_new
evaluating model at params_new={'a1': 0.4618802153517006, 'a2': 3.651483716701108, 'a3': 0.8218210245512262}
params_min= {'a1': 0.4618802153517006, 'a2': 3.651483716701108, 'a3': 0.8218210246553512} logZ_min= 3.357660853835251 obs_min= 1.086777650366542e-30
params_new= {'a1': 0.4618802153517006, 'a2': 3.651483716701108, 'a3': 0.8218210245512262} logZ_new= 3.3596482281241697 obs_new= 6.231951857962738e-30
params_max= {'a1': 0.4618802153517006, 'a2': 3.651483716701108, 'a3': 0.8218210244471011} logZ_max= nan obs_max= 2.513128720475557e-32
dist_min= tensor(1051.0594) dist_max= tensor(4.3757)
params_min,params_max=params_min,params_new
evaluating model at params_new={'a1': 0.4618802153517006, 'a2': 3.651483716701108, 'a3': 0.8218210246032887}
params_min= {'a1': 0.4618802153517006, 'a2': 3.651483716701108, 'a3': 0.8218210246553512} logZ_min= 3.357660853835251 obs_min= 1.086777650366542e-30
params_new= {'a1': 0.4618802153517006, 'a2': 3.651483716701108, 'a3': 0.8218210246032887} logZ_new= nan obs_new= 6.324383556780578e-30
params_max= {'a1': 0.4618802153517006, 'a2': 3.651483716701108, 'a3': 0.8218210245512262} logZ_max= 3.3596482281241697 obs_max= 6.231951857962738e-30
dist_min= tensor(1051.1096) dist_max= tensor(4.3047)
params_min,params_max=params_min,params_new
evaluating model at params_new={'a1': 0.4618802153517006, 'a2': 3.651483716701108, 'a3': 0.8218210246293199}
params_min= {'a1': 0.4618802153517006, 'a2': 3.651483716701108, 'a3': 0.8218210246553512} logZ_min= 3.357660853835251 obs_min= 1.086777650366542e-30
params_new= {'a1': 0.4618802153517006, 'a2': 3.651483716701108, 'a3': 0.8218210246293199} logZ_new= 3.3580119236437964 obs_new= 9.765461068522101e-30
params_max= {'a1': 0.4618802153517006, 'a2': 3.651483716701108, 'a3': 0.8218210246032887} logZ_max= nan obs_max= 6.324383556780578e-30
dist_min= tensor(1051.0372) dist_max= tensor(4.9202)
params_min,params_max=params_min,params_new
evaluating model at params_new={'a1': 0.4618802153517006, 'a2': 3.651483716701108, 'a3': 0.8218210246423356}
params_min= {'a1': 0.4618802153517006, 'a2': 3.651483716701108, 'a3': 0.8218210246553512} logZ_min= 3.357660853835251 obs_min= 1.086777650366542e-30
params_new= {'a1': 0.4618802153517006, 'a2': 3.651483716701108, 'a3': 0.8218210246423356} logZ_new= 3.3592200747780825 obs_new= 3.2820221578175094e-30
params_max= {'a1': 0.4618802153517006, 'a2': 3.651483716701108, 'a3': 0.8218210246293199} logZ_max= 3.3580119236437964 obs_max= 9.765461068522101e-30
dist_min= tensor(1051.7002) dist_max= tensor(3.0035)
params_min,params_max=params_min,params_new
evaluating model at params_new={'a1': 0.4618802153517006, 'a2': 3.651483716701108, 'a3': 0.8218210246488434}
params_min= {'a1': 0.4618802153517006, 'a2': 3.651483716701108, 'a3': 0.8218210246553512} logZ_min= 3.357660853835251 obs_min= 1.086777650366542e-30
params_new= {'a1': 0.4618802153517006, 'a2': 3.651483716701108, 'a3': 0.8218210246488434} logZ_new= nan obs_new= 6.486705202991349e-31
params_max= {'a1': 0.4618802153517006, 'a2': 3.651483716701108, 'a3': 0.8218210246423356} logZ_max= 3.3592200747780825 obs_max= 3.2820221578175094e-30
dist_min= tensor(1051.6242) dist_max= tensor(0.5976)
params_min,params_max=params_min,params_new
evaluating model at params_new={'a1': 0.4618802153517006, 'a2': 3.651483716701108, 'a3': 0.8218210246520974}
params_min= {'a1': 0.4618802153517006, 'a2': 3.651483716701108, 'a3': 0.8218210246553512} logZ_min= 3.357660853835251 obs_min= 1.086777650366542e-30
params_new= {'a1': 0.4618802153517006, 'a2': 3.651483716701108, 'a3': 0.8218210246520974} logZ_new= nan obs_new= 4.2004615460242803e-29
params_max= {'a1': 0.4618802153517006, 'a2': 3.651483716701108, 'a3': 0.8218210246488434} logZ_max= nan obs_max= 6.486705202991349e-31
dist_min= tensor(1051.6248) dist_max= tensor(0.1483)
params_min,params_max=params_min,params_new
evaluating model at params_new={'a1': 0.4618802153517006, 'a2': 3.651483716701108, 'a3': 0.8218210246537243}
params_min= {'a1': 0.4618802153517006, 'a2': 3.651483716701108, 'a3': 0.8218210246553512} logZ_min= 3.357660853835251 obs_min= 1.086777650366542e-30
params_new= {'a1': 0.4618802153517006, 'a2': 3.651483716701108, 'a3': 0.8218210246537243} logZ_new= 3.3585472190649144 obs_new= -9.391569738300795e-32
params_max= {'a1': 0.4618802153517006, 'a2': 3.651483716701108, 'a3': 0.8218210246520974} logZ_max= nan obs_max= 4.2004615460242803e-29
dist_min= tensor(1051.6935) dist_max= tensor(0.5078)
params_min,params_max=params_min,params_new
evaluating model at params_new={'a1': 0.4618802153517006, 'a2': 3.651483716701108, 'a3': 0.8218210246545378}
params_min= {'a1': 0.4618802153517006, 'a2': 3.651483716701108, 'a3': 0.8218210246553512} logZ_min= 3.357660853835251 obs_min= 1.086777650366542e-30
params_new= {'a1': 0.4618802153517006, 'a2': 3.651483716701108, 'a3': 0.8218210246545378} logZ_new= 3.358231846628366 obs_new= 1.8742626609761274e-30
params_max= {'a1': 0.4618802153517006, 'a2': 3.651483716701108, 'a3': 0.8218210246537243} logZ_max= 3.3585472190649144 obs_max= -9.391569738300795e-32
dist_min= tensor(1051.0265) dist_max= tensor(2.3572)
params_min,params_max=params_min,params_new
evaluating model at params_new={'a1': 0.4618802153517006, 'a2': 3.651483716701108, 'a3': 0.8218210246549444}
params_min= {'a1': 0.4618802153517006, 'a2': 3.651483716701108, 'a3': 0.8218210246553512} logZ_min= 3.357660853835251 obs_min= 1.086777650366542e-30
params_new= {'a1': 0.4618802153517006, 'a2': 3.651483716701108, 'a3': 0.8218210246549444} logZ_new= nan obs_new= 6.913444936851956e-30
params_max= {'a1': 0.4618802153517006, 'a2': 3.651483716701108, 'a3': 0.8218210246545378} logZ_max= 3.358231846628366 obs_max= 1.8742626609761274e-30
dist_min= tensor(1049.7200) dist_max= tensor(2.5428)
params_min,params_max=params_min,params_new
evaluating model at params_new={'a1': 0.4618802153517006, 'a2': 3.651483716701108, 'a3': 0.8218210246551478}
params_min= {'a1': 0.4618802153517006, 'a2': 3.651483716701108, 'a3': 0.8218210246553512} logZ_min= 3.357660853835251 obs_min= 1.086777650366542e-30
params_new= {'a1': 0.4618802153517006, 'a2': 3.651483716701108, 'a3': 0.8218210246551478} logZ_new= nan obs_new= 2.3560023185944296e-30
params_max= {'a1': 0.4618802153517006, 'a2': 3.651483716701108, 'a3': 0.8218210246549444} logZ_max= nan obs_max= 6.913444936851956e-30
dist_min= tensor(1052.3391) dist_max= tensor(46.7792)
params_min,params_max=params_min,params_new
evaluating model at params_new={'a1': 0.4618802153517006, 'a2': 3.651483716701108, 'a3': 0.8218210246552495}
params_min= {'a1': 0.4618802153517006, 'a2': 3.651483716701108, 'a3': 0.8218210246553512} logZ_min= 3.357660853835251 obs_min= 1.086777650366542e-30
params_new= {'a1': 0.4618802153517006, 'a2': 3.651483716701108, 'a3': 0.8218210246552495} logZ_new= nan obs_new= 1.0944819599006763e-32
params_max= {'a1': 0.4618802153517006, 'a2': 3.651483716701108, 'a3': 0.8218210246551478} logZ_max= nan obs_max= 2.3560023185944296e-30
dist_min= tensor(1051.5400) dist_max= tensor(44.6457)
params_min,params_max=params_min,params_new
evaluating model at params_new={'a1': 0.4618802153517006, 'a2': 3.651483716701108, 'a3': 0.8218210246553004}
params_min= {'a1': 0.4618802153517006, 'a2': 3.651483716701108, 'a3': 0.8218210246553512} logZ_min= 3.357660853835251 obs_min= 1.086777650366542e-30
params_new= {'a1': 0.4618802153517006, 'a2': 3.651483716701108, 'a3': 0.8218210246553004} logZ_new= 3.3587172642875864 obs_new= 1.0803211120013202e-28
params_max= {'a1': 0.4618802153517006, 'a2': 3.651483716701108, 'a3': 0.8218210246552495} logZ_max= nan obs_max= 1.0944819599006763e-32
dist_min= tensor(1051.0590) dist_max= tensor(4.2355)
params_min,params_max=params_min,params_new
evaluating model at params_new={'a1': 0.4618802153517006, 'a2': 3.651483716701108, 'a3': 0.8218210246553258}
params_min= {'a1': 0.4618802153517006, 'a2': 3.651483716701108, 'a3': 0.8218210246553512} logZ_min= 3.357660853835251 obs_min= 1.086777650366542e-30
params_new= {'a1': 0.4618802153517006, 'a2': 3.651483716701108, 'a3': 0.8218210246553258} logZ_new= nan obs_new= 7.879756962710657e-30
params_max= {'a1': 0.4618802153517006, 'a2': 3.651483716701108, 'a3': 0.8218210246553004} logZ_max= 3.3587172642875864 obs_max= 1.0803211120013202e-28
dist_min= tensor(1051.5043) dist_max= tensor(8.5153)
params_min,params_max=params_min,params_new
evaluating model at params_new={'a1': 0.4618802153517006, 'a2': 3.651483716701108, 'a3': 0.8218210246553386}
params_min= {'a1': 0.4618802153517006, 'a2': 3.651483716701108, 'a3': 0.8218210246553512} logZ_min= 3.357660853835251 obs_min= 1.086777650366542e-30
params_new= {'a1': 0.4618802153517006, 'a2': 3.651483716701108, 'a3': 0.8218210246553386} logZ_new= nan obs_new= 6.767788690045619e-30
params_max= {'a1': 0.4618802153517006, 'a2': 3.651483716701108, 'a3': 0.8218210246553258} logZ_max= nan obs_max= 7.879756962710657e-30
dist_min= tensor(1051.4921) dist_max= tensor(13.7984)
params_min,params_max=params_min,params_new
evaluating model at params_new={'a1': 0.4618802153517006, 'a2': 3.651483716701108, 'a3': 0.8218210246553449}
params_min= {'a1': 0.4618802153517006, 'a2': 3.651483716701108, 'a3': 0.8218210246553512} logZ_min= 3.357660853835251 obs_min= 1.086777650366542e-30
params_new= {'a1': 0.4618802153517006, 'a2': 3.651483716701108, 'a3': 0.8218210246553449} logZ_new= 3.358896130716967 obs_new= 2.1136559413515162e-29
params_max= {'a1': 0.4618802153517006, 'a2': 3.651483716701108, 'a3': 0.8218210246553386} logZ_max= nan obs_max= 6.767788690045619e-30
dist_min= tensor(1051.0610) dist_max= tensor(22.0059)
params_min,params_max=params_min,params_new
evaluating model at params_new={'a1': 0.4618802153517006, 'a2': 3.651483716701108, 'a3': 0.8218210246553481}
params_min= {'a1': 0.4618802153517006, 'a2': 3.651483716701108, 'a3': 0.8218210246553512} logZ_min= 3.357660853835251 obs_min= 1.086777650366542e-30
params_new= {'a1': 0.4618802153517006, 'a2': 3.651483716701108, 'a3': 0.8218210246553481} logZ_new= nan obs_new= 3.959147829405701e-30
params_max= {'a1': 0.4618802153517006, 'a2': 3.651483716701108, 'a3': 0.8218210246553449} logZ_max= 3.358896130716967 obs_max= 2.1136559413515162e-29
dist_min= tensor(1050.6289) dist_max= tensor(2.4436)
params_min,params_max=params_min,params_new
evaluating model at params_new={'a1': 0.4618802153517006, 'a2': 3.651483716701108, 'a3': 0.8218210246553497}
params_min= {'a1': 0.4618802153517006, 'a2': 3.651483716701108, 'a3': 0.8218210246553512} logZ_min= 3.357660853835251 obs_min= 1.086777650366542e-30
params_new= {'a1': 0.4618802153517006, 'a2': 3.651483716701108, 'a3': 0.8218210246553497} logZ_new= 3.357661294845354 obs_new= 1.489758663077989e-29
params_max= {'a1': 0.4618802153517006, 'a2': 3.651483716701108, 'a3': 0.8218210246553481} logZ_max= nan obs_max= 3.959147829405701e-30
dist_min= tensor(1050.9480) dist_max= tensor(1.4701)
params_min,params_max=params_min,params_new
evaluating model at params_new={'a1': 0.4618802153517006, 'a2': 3.651483716701108, 'a3': 0.8218210246553505}
params_min= {'a1': 0.4618802153517006, 'a2': 3.651483716701108, 'a3': 0.8218210246553512} logZ_min= 3.357660853835251 obs_min= 1.086777650366542e-30
params_new= {'a1': 0.4618802153517006, 'a2': 3.651483716701108, 'a3': 0.8218210246553505} logZ_new= 3.3577651923130856 obs_new= 3.073018130384479e-29
params_max= {'a1': 0.4618802153517006, 'a2': 3.651483716701108, 'a3': 0.8218210246553497} logZ_max= 3.357661294845354 obs_max= 1.489758663077989e-29
dist_min= tensor(1051.0401) dist_max= tensor(0.5428)
params_min,params_max=params_min,params_new
evaluating model at params_new={'a1': 0.4618802153517006, 'a2': 3.651483716701108, 'a3': 0.8218210246553508}
params_min= {'a1': 0.4618802153517006, 'a2': 3.651483716701108, 'a3': 0.8218210246553512} logZ_min= 3.357660853835251 obs_min= 1.086777650366542e-30
params_new= {'a1': 0.4618802153517006, 'a2': 3.651483716701108, 'a3': 0.8218210246553508} logZ_new= 3.3590779284707417 obs_new= 2.6550396727338675e-29
params_max= {'a1': 0.4618802153517006, 'a2': 3.651483716701108, 'a3': 0.8218210246553505} logZ_max= 3.3577651923130856 obs_max= 3.073018130384479e-29
dist_min= tensor(1051.6885) dist_max= tensor(2.0745)
params_min,params_max=params_min,params_new
evaluating model at params_new={'a1': 0.4618802153517006, 'a2': 3.651483716701108, 'a3': 0.821821024655351}
params_min= {'a1': 0.4618802153517006, 'a2': 3.651483716701108, 'a3': 0.8218210246553512} logZ_min= 3.357660853835251 obs_min= 1.086777650366542e-30
params_new= {'a1': 0.4618802153517006, 'a2': 3.651483716701108, 'a3': 0.821821024655351} logZ_new= 3.3587445819706376 obs_new= 3.017108255135242e-31
params_max= {'a1': 0.4618802153517006, 'a2': 3.651483716701108, 'a3': 0.8218210246553508} logZ_max= 3.3590779284707417 obs_max= 2.6550396727338675e-29
dist_min= tensor(1051.6585) dist_max= tensor(0.2161)
params_min,params_max=params_min,params_new
evaluating model at params_new={'a1': 0.4618802153517006, 'a2': 3.651483716701108, 'a3': 0.8218210246553511}
params_min= {'a1': 0.4618802153517006, 'a2': 3.651483716701108, 'a3': 0.8218210246553512} logZ_min= 3.357660853835251 obs_min= 1.086777650366542e-30
params_new= {'a1': 0.4618802153517006, 'a2': 3.651483716701108, 'a3': 0.8218210246553511} logZ_new= nan obs_new= 2.9338735444538242e-30
params_max= {'a1': 0.4618802153517006, 'a2': 3.651483716701108, 'a3': 0.821821024655351} logZ_max= 3.3587445819706376 obs_max= 3.017108255135242e-31
dist_min= tensor(1050.5979) dist_max= tensor(1.3646)
params_min,params_max=params_min,params_new
critical params found:  {'a1': 0.4618802153517006, 'a2': 3.651483716701108, 'a3': 0.8218210246553512}
reference params:  {'a1': 1.1547005383792515, 'a2': 1.8257418583505538, 'a3': 4.47213595499958}
file saved to  data/AKLT3D_X10_scan_grid_critical_a3/a1_0.4618802_a2_3.6514837/Tc.json
