Start running find_critical_temp.py with options:{'filename': 'data/AKLT3D_X10_scan_grid_critical_a3/a1_1.8475209_a2_2.9211870/Tc.json', 'log_filename': 'data/AKLT3D_X10_scan_grid_critical_a3/a1_1.8475209_a2_2.9211870/Tc.log', 'nLayers': 60, 'max_dim': 10, 'model': 'AKLT3D', 'params_min': "{'a1': 1.8475208614068024, 'a2': 2.921186973360886, 'a3': 5.366563145999496}", 'params_max': "{'a1': 1.8475208614068024, 'a2': 2.921186973360886, 'a3': 6.260990336999412}", 'params_ref': None, 'observable_name': 'magnetizationZ', 'tol': 0.0, 'gilt_enabled': False, 'gilt_eps': 8e-07, 'gilt_nIter': 1, 'mcf_enabled': True, 'mcf_eps': 1e-16, 'mcf_max_iter': 200, 'hotrg_sanity_check': False, 'version': 1, 'device': 'cuda:1'}
loading library...
evaluating model at params_min={'a1': 1.8475208614068024, 'a2': 2.921186973360886, 'a3': 5.366563145999496}
params_min= {'a1': 1.8475208614068024, 'a2': 2.921186973360886, 'a3': 5.366563145999496} logZ_min= nan obs_min= 6.803201508272594e-30
evaluating model at params_max={'a1': 1.8475208614068024, 'a2': 2.921186973360886, 'a3': 6.260990336999412}
params_max= {'a1': 1.8475208614068024, 'a2': 2.921186973360886, 'a3': 6.260990336999412} logZ_max= nan obs_max= 3.986788221727124
searching for critical temperature using bisection method
evaluating model at params_new={'a1': 1.8475208614068024, 'a2': 2.921186973360886, 'a3': 5.813776741499455}
params_min= {'a1': 1.8475208614068024, 'a2': 2.921186973360886, 'a3': 5.366563145999496} logZ_min= nan obs_min= 6.803201508272594e-30
params_new= {'a1': 1.8475208614068024, 'a2': 2.921186973360886, 'a3': 5.813776741499455} logZ_new= 3.847093061337704 obs_new= 1.7551773834719888
params_max= {'a1': 1.8475208614068024, 'a2': 2.921186973360886, 'a3': 6.260990336999412} logZ_max= nan obs_max= 3.986788221727124
dist_min= tensor(49.4762) dist_max= tensor(113.8670)
params_min,params_max=params_new,params_max
evaluating model at params_new={'a1': 1.8475208614068024, 'a2': 2.921186973360886, 'a3': 6.037383539249433}
params_min= {'a1': 1.8475208614068024, 'a2': 2.921186973360886, 'a3': 5.813776741499455} logZ_min= 3.847093061337704 obs_min= 1.7551773834719888
params_new= {'a1': 1.8475208614068024, 'a2': 2.921186973360886, 'a3': 6.037383539249433} logZ_new= nan obs_new= 2.3748664918049074
params_max= {'a1': 1.8475208614068024, 'a2': 2.921186973360886, 'a3': 6.260990336999412} logZ_max= nan obs_max= 3.986788221727124
dist_min= tensor(148.7589) dist_max= tensor(177.6736)
params_min,params_max=params_new,params_max
evaluating model at params_new={'a1': 1.8475208614068024, 'a2': 2.921186973360886, 'a3': 6.149186938124423}
params_min= {'a1': 1.8475208614068024, 'a2': 2.921186973360886, 'a3': 6.037383539249433} logZ_min= nan obs_min= 2.3748664918049074
params_new= {'a1': 1.8475208614068024, 'a2': 2.921186973360886, 'a3': 6.149186938124423} logZ_new= 3.875434904568591 obs_new= 2.684859337622692
params_max= {'a1': 1.8475208614068024, 'a2': 2.921186973360886, 'a3': 6.260990336999412} logZ_max= nan obs_max= 3.986788221727124
dist_min= tensor(148.4417) dist_max= tensor(99.0235)
params_min,params_max=params_min,params_new
evaluating model at params_new={'a1': 1.8475208614068024, 'a2': 2.921186973360886, 'a3': 6.093285238686928}
params_min= {'a1': 1.8475208614068024, 'a2': 2.921186973360886, 'a3': 6.037383539249433} logZ_min= nan obs_min= 2.3748664918049074
params_new= {'a1': 1.8475208614068024, 'a2': 2.921186973360886, 'a3': 6.093285238686928} logZ_new= 3.877234073312072 obs_new= 2.4138931663137617
params_max= {'a1': 1.8475208614068024, 'a2': 2.921186973360886, 'a3': 6.149186938124423} logZ_max= 3.875434904568591 obs_max= 2.684859337622692
dist_min= tensor(162.5327) dist_max= tensor(61.1624)
params_min,params_max=params_min,params_new
evaluating model at params_new={'a1': 1.8475208614068024, 'a2': 2.921186973360886, 'a3': 6.06533438896818}
params_min= {'a1': 1.8475208614068024, 'a2': 2.921186973360886, 'a3': 6.037383539249433} logZ_min= nan obs_min= 2.3748664918049074
params_new= {'a1': 1.8475208614068024, 'a2': 2.921186973360886, 'a3': 6.06533438896818} logZ_new= 3.875063915982377 obs_new= 2.338119499949125
params_max= {'a1': 1.8475208614068024, 'a2': 2.921186973360886, 'a3': 6.093285238686928} logZ_max= 3.877234073312072 obs_max= 2.4138931663137617
dist_min= tensor(162.3007) dist_max= tensor(0.3742)
params_min,params_max=params_min,params_new
evaluating model at params_new={'a1': 1.8475208614068024, 'a2': 2.921186973360886, 'a3': 6.051358964108807}
params_min= {'a1': 1.8475208614068024, 'a2': 2.921186973360886, 'a3': 6.037383539249433} logZ_min= nan obs_min= 2.3748664918049074
params_new= {'a1': 1.8475208614068024, 'a2': 2.921186973360886, 'a3': 6.051358964108807} logZ_new= nan obs_new= 2.29887516166439
params_max= {'a1': 1.8475208614068024, 'a2': 2.921186973360886, 'a3': 6.06533438896818} logZ_max= 3.875063915982377 obs_max= 2.338119499949125
dist_min= tensor(170.8991) dist_max= tensor(58.5094)
params_min,params_max=params_min,params_new
evaluating model at params_new={'a1': 1.8475208614068024, 'a2': 2.921186973360886, 'a3': 6.04437125167912}
params_min= {'a1': 1.8475208614068024, 'a2': 2.921186973360886, 'a3': 6.037383539249433} logZ_min= nan obs_min= 2.3748664918049074
params_new= {'a1': 1.8475208614068024, 'a2': 2.921186973360886, 'a3': 6.04437125167912} logZ_new= nan obs_new= 2.39876431604846
params_max= {'a1': 1.8475208614068024, 'a2': 2.921186973360886, 'a3': 6.051358964108807} logZ_max= nan obs_max= 2.29887516166439
dist_min= tensor(148.0954) dist_max= tensor(88.8369)
params_min,params_max=params_min,params_new
evaluating model at params_new={'a1': 1.8475208614068024, 'a2': 2.921186973360886, 'a3': 6.0408773954642765}
params_min= {'a1': 1.8475208614068024, 'a2': 2.921186973360886, 'a3': 6.037383539249433} logZ_min= nan obs_min= 2.3748664918049074
params_new= {'a1': 1.8475208614068024, 'a2': 2.921186973360886, 'a3': 6.0408773954642765} logZ_new= 3.8732150605801374 obs_new= 2.2707380728508406
params_max= {'a1': 1.8475208614068024, 'a2': 2.921186973360886, 'a3': 6.04437125167912} logZ_max= nan obs_max= 2.39876431604846
dist_min= tensor(163.2838) dist_max= tensor(67.9800)
params_min,params_max=params_min,params_new
evaluating model at params_new={'a1': 1.8475208614068024, 'a2': 2.921186973360886, 'a3': 6.039130467356855}
params_min= {'a1': 1.8475208614068024, 'a2': 2.921186973360886, 'a3': 6.037383539249433} logZ_min= nan obs_min= 2.3748664918049074
params_new= {'a1': 1.8475208614068024, 'a2': 2.921186973360886, 'a3': 6.039130467356855} logZ_new= 3.8730847138258566 obs_new= 2.266053565765786
params_max= {'a1': 1.8475208614068024, 'a2': 2.921186973360886, 'a3': 6.0408773954642765} logZ_max= 3.8732150605801374 obs_max= 2.2707380728508406
dist_min= tensor(162.8372) dist_max= tensor(11.4378)
params_min,params_max=params_min,params_new
evaluating model at params_new={'a1': 1.8475208614068024, 'a2': 2.921186973360886, 'a3': 6.038257003303144}
params_min= {'a1': 1.8475208614068024, 'a2': 2.921186973360886, 'a3': 6.037383539249433} logZ_min= nan obs_min= 2.3748664918049074
params_new= {'a1': 1.8475208614068024, 'a2': 2.921186973360886, 'a3': 6.038257003303144} logZ_new= 3.8656864123466965 obs_new= 2.376200546489227
params_max= {'a1': 1.8475208614068024, 'a2': 2.921186973360886, 'a3': 6.039130467356855} logZ_max= 3.8730847138258566 obs_max= 2.266053565765786
dist_min= tensor(184.6167) dist_max= tensor(128.5793)
params_min,params_max=params_min,params_new
evaluating model at params_new={'a1': 1.8475208614068024, 'a2': 2.921186973360886, 'a3': 6.0378202712762885}
params_min= {'a1': 1.8475208614068024, 'a2': 2.921186973360886, 'a3': 6.037383539249433} logZ_min= nan obs_min= 2.3748664918049074
params_new= {'a1': 1.8475208614068024, 'a2': 2.921186973360886, 'a3': 6.0378202712762885} logZ_new= 3.8729847217660343 obs_new= 2.262619031709224
params_max= {'a1': 1.8475208614068024, 'a2': 2.921186973360886, 'a3': 6.038257003303144} logZ_max= 3.8656864123466965 obs_max= 2.376200546489227
dist_min= tensor(162.8668) dist_max= tensor(129.0817)
params_min,params_max=params_min,params_new
evaluating model at params_new={'a1': 1.8475208614068024, 'a2': 2.921186973360886, 'a3': 6.037601905262861}
params_min= {'a1': 1.8475208614068024, 'a2': 2.921186973360886, 'a3': 6.037383539249433} logZ_min= nan obs_min= 2.3748664918049074
params_new= {'a1': 1.8475208614068024, 'a2': 2.921186973360886, 'a3': 6.037601905262861} logZ_new= 3.8729707915138216 obs_new= 2.2619581676560516
params_max= {'a1': 1.8475208614068024, 'a2': 2.921186973360886, 'a3': 6.0378202712762885} logZ_max= 3.8729847217660343 obs_max= 2.262619031709224
dist_min= tensor(162.2006) dist_max= tensor(6.9105)
params_min,params_max=params_min,params_new
evaluating model at params_new={'a1': 1.8475208614068024, 'a2': 2.921186973360886, 'a3': 6.037492722256147}
params_min= {'a1': 1.8475208614068024, 'a2': 2.921186973360886, 'a3': 6.037383539249433} logZ_min= nan obs_min= 2.3748664918049074
params_new= {'a1': 1.8475208614068024, 'a2': 2.921186973360886, 'a3': 6.037492722256147} logZ_new= 3.87296066190195 obs_new= 2.2617296433285508
params_max= {'a1': 1.8475208614068024, 'a2': 2.921186973360886, 'a3': 6.037601905262861} logZ_max= 3.8729707915138216 obs_max= 2.2619581676560516
dist_min= tensor(162.8819) dist_max= tensor(8.6506)
params_min,params_max=params_min,params_new
evaluating model at params_new={'a1': 1.8475208614068024, 'a2': 2.921186973360886, 'a3': 6.03743813075279}
params_min= {'a1': 1.8475208614068024, 'a2': 2.921186973360886, 'a3': 6.037383539249433} logZ_min= nan obs_min= 2.3748664918049074
params_new= {'a1': 1.8475208614068024, 'a2': 2.921186973360886, 'a3': 6.03743813075279} logZ_new= 3.872958617365647 obs_new= 2.261519012976091
params_max= {'a1': 1.8475208614068024, 'a2': 2.921186973360886, 'a3': 6.037492722256147} logZ_max= 3.87296066190195 obs_max= 2.2617296433285508
dist_min= tensor(163.0734) dist_max= tensor(13.1372)
params_min,params_max=params_min,params_new
evaluating model at params_new={'a1': 1.8475208614068024, 'a2': 2.921186973360886, 'a3': 6.037410835001111}
params_min= {'a1': 1.8475208614068024, 'a2': 2.921186973360886, 'a3': 6.037383539249433} logZ_min= nan obs_min= 2.3748664918049074
params_new= {'a1': 1.8475208614068024, 'a2': 2.921186973360886, 'a3': 6.037410835001111} logZ_new= 3.8656283430565197 obs_new= 2.373605194795306
params_max= {'a1': 1.8475208614068024, 'a2': 2.921186973360886, 'a3': 6.03743813075279} logZ_max= 3.872958617365647 obs_max= 2.261519012976091
dist_min= tensor(147.4715) dist_max= tensor(67.2343)
params_min,params_max=params_min,params_new
evaluating model at params_new={'a1': 1.8475208614068024, 'a2': 2.921186973360886, 'a3': 6.037397187125272}
params_min= {'a1': 1.8475208614068024, 'a2': 2.921186973360886, 'a3': 6.037383539249433} logZ_min= nan obs_min= 2.3748664918049074
params_new= {'a1': 1.8475208614068024, 'a2': 2.921186973360886, 'a3': 6.037397187125272} logZ_new= 3.8656152140433715 obs_new= 2.373918085906931
params_max= {'a1': 1.8475208614068024, 'a2': 2.921186973360886, 'a3': 6.037410835001111} logZ_max= 3.8656283430565197 obs_max= 2.373605194795306
dist_min= tensor(147.6066) dist_max= tensor(1.2247)
params_min,params_max=params_min,params_new
evaluating model at params_new={'a1': 1.8475208614068024, 'a2': 2.921186973360886, 'a3': 6.0373903631873524}
params_min= {'a1': 1.8475208614068024, 'a2': 2.921186973360886, 'a3': 6.037383539249433} logZ_min= nan obs_min= 2.3748664918049074
params_new= {'a1': 1.8475208614068024, 'a2': 2.921186973360886, 'a3': 6.0373903631873524} logZ_new= 3.8729550405444484 obs_new= 2.2613918699788447
params_max= {'a1': 1.8475208614068024, 'a2': 2.921186973360886, 'a3': 6.037397187125272} logZ_max= 3.8656152140433715 obs_max= 2.373918085906931
dist_min= tensor(164.2901) dist_max= tensor(70.7356)
params_min,params_max=params_min,params_new
evaluating model at params_new={'a1': 1.8475208614068024, 'a2': 2.921186973360886, 'a3': 6.037386951218393}
params_min= {'a1': 1.8475208614068024, 'a2': 2.921186973360886, 'a3': 6.037383539249433} logZ_min= nan obs_min= 2.3748664918049074
params_new= {'a1': 1.8475208614068024, 'a2': 2.921186973360886, 'a3': 6.037386951218393} logZ_new= nan obs_new= 2.3737902976265666
params_max= {'a1': 1.8475208614068024, 'a2': 2.921186973360886, 'a3': 6.0373903631873524} logZ_max= 3.8729550405444484 obs_max= 2.2613918699788447
dist_min= tensor(150.8176) dist_max= tensor(78.7488)
params_min,params_max=params_min,params_new
evaluating model at params_new={'a1': 1.8475208614068024, 'a2': 2.921186973360886, 'a3': 6.037385245233913}
params_min= {'a1': 1.8475208614068024, 'a2': 2.921186973360886, 'a3': 6.037383539249433} logZ_min= nan obs_min= 2.3748664918049074
params_new= {'a1': 1.8475208614068024, 'a2': 2.921186973360886, 'a3': 6.037385245233913} logZ_new= 3.872954178525178 obs_new= 2.261391308158408
params_max= {'a1': 1.8475208614068024, 'a2': 2.921186973360886, 'a3': 6.037386951218393} logZ_max= nan obs_max= 2.3737902976265666
dist_min= tensor(162.9892) dist_max= tensor(75.6583)
params_min,params_max=params_min,params_new
evaluating model at params_new={'a1': 1.8475208614068024, 'a2': 2.921186973360886, 'a3': 6.037384392241673}
params_min= {'a1': 1.8475208614068024, 'a2': 2.921186973360886, 'a3': 6.037383539249433} logZ_min= nan obs_min= 2.3748664918049074
params_new= {'a1': 1.8475208614068024, 'a2': 2.921186973360886, 'a3': 6.037384392241673} logZ_new= nan obs_new= 2.2613761888898263
params_max= {'a1': 1.8475208614068024, 'a2': 2.921186973360886, 'a3': 6.037385245233913} logZ_max= 3.872954178525178 obs_max= 2.261391308158408
dist_min= tensor(162.7386) dist_max= tensor(9.9922)
params_min,params_max=params_min,params_new
evaluating model at params_new={'a1': 1.8475208614068024, 'a2': 2.921186973360886, 'a3': 6.037383965745553}
params_min= {'a1': 1.8475208614068024, 'a2': 2.921186973360886, 'a3': 6.037383539249433} logZ_min= nan obs_min= 2.3748664918049074
params_new= {'a1': 1.8475208614068024, 'a2': 2.921186973360886, 'a3': 6.037383965745553} logZ_new= nan obs_new= 2.2613746261194922
params_max= {'a1': 1.8475208614068024, 'a2': 2.921186973360886, 'a3': 6.037384392241673} logZ_max= nan obs_max= 2.2613761888898263
dist_min= tensor(162.8826) dist_max= tensor(9.1386)
params_min,params_max=params_min,params_new
evaluating model at params_new={'a1': 1.8475208614068024, 'a2': 2.921186973360886, 'a3': 6.037383752497493}
params_min= {'a1': 1.8475208614068024, 'a2': 2.921186973360886, 'a3': 6.037383539249433} logZ_min= nan obs_min= 2.3748664918049074
params_new= {'a1': 1.8475208614068024, 'a2': 2.921186973360886, 'a3': 6.037383752497493} logZ_new= nan obs_new= 2.261457102928585
params_max= {'a1': 1.8475208614068024, 'a2': 2.921186973360886, 'a3': 6.037383965745553} logZ_max= nan obs_max= 2.2613746261194922
dist_min= tensor(162.8574) dist_max= tensor(2.0542)
params_min,params_max=params_min,params_new
evaluating model at params_new={'a1': 1.8475208614068024, 'a2': 2.921186973360886, 'a3': 6.037383645873463}
params_min= {'a1': 1.8475208614068024, 'a2': 2.921186973360886, 'a3': 6.037383539249433} logZ_min= nan obs_min= 2.3748664918049074
params_new= {'a1': 1.8475208614068024, 'a2': 2.921186973360886, 'a3': 6.037383645873463} logZ_new= nan obs_new= 2.2613747010663494
params_max= {'a1': 1.8475208614068024, 'a2': 2.921186973360886, 'a3': 6.037383752497493} logZ_max= nan obs_max= 2.261457102928585
dist_min= tensor(163.7192) dist_max= tensor(16.8084)
params_min,params_max=params_min,params_new
evaluating model at params_new={'a1': 1.8475208614068024, 'a2': 2.921186973360886, 'a3': 6.037383592561448}
params_min= {'a1': 1.8475208614068024, 'a2': 2.921186973360886, 'a3': 6.037383539249433} logZ_min= nan obs_min= 2.3748664918049074
params_new= {'a1': 1.8475208614068024, 'a2': 2.921186973360886, 'a3': 6.037383592561448} logZ_new= 3.865614071435962 obs_new= 2.373881964386586
params_max= {'a1': 1.8475208614068024, 'a2': 2.921186973360886, 'a3': 6.037383645873463} logZ_max= nan obs_max= 2.2613747010663494
dist_min= tensor(148.1272) dist_max= tensor(69.4889)
params_min,params_max=params_min,params_new
evaluating model at params_new={'a1': 1.8475208614068024, 'a2': 2.921186973360886, 'a3': 6.03738356590544}
params_min= {'a1': 1.8475208614068024, 'a2': 2.921186973360886, 'a3': 6.037383539249433} logZ_min= nan obs_min= 2.3748664918049074
params_new= {'a1': 1.8475208614068024, 'a2': 2.921186973360886, 'a3': 6.03738356590544} logZ_new= 3.872954331421901 obs_new= 2.2613797418265587
params_max= {'a1': 1.8475208614068024, 'a2': 2.921186973360886, 'a3': 6.037383592561448} logZ_max= 3.865614071435962 obs_max= 2.373881964386586
dist_min= tensor(163.1726) dist_max= tensor(68.2366)
params_min,params_max=params_min,params_new
evaluating model at params_new={'a1': 1.8475208614068024, 'a2': 2.921186973360886, 'a3': 6.037383552577436}
params_min= {'a1': 1.8475208614068024, 'a2': 2.921186973360886, 'a3': 6.037383539249433} logZ_min= nan obs_min= 2.3748664918049074
params_new= {'a1': 1.8475208614068024, 'a2': 2.921186973360886, 'a3': 6.037383552577436} logZ_new= nan obs_new= 2.3737521205556913
params_max= {'a1': 1.8475208614068024, 'a2': 2.921186973360886, 'a3': 6.03738356590544} logZ_max= 3.872954331421901 obs_max= 2.2613797418265587
dist_min= tensor(148.2460) dist_max= tensor(68.1433)
params_min,params_max=params_min,params_new
evaluating model at params_new={'a1': 1.8475208614068024, 'a2': 2.921186973360886, 'a3': 6.037383545913435}
params_min= {'a1': 1.8475208614068024, 'a2': 2.921186973360886, 'a3': 6.037383539249433} logZ_min= nan obs_min= 2.3748664918049074
params_new= {'a1': 1.8475208614068024, 'a2': 2.921186973360886, 'a3': 6.037383545913435} logZ_new= 3.8729545464441966 obs_new= 2.2613732686750208
params_max= {'a1': 1.8475208614068024, 'a2': 2.921186973360886, 'a3': 6.037383552577436} logZ_max= nan obs_max= 2.3737521205556913
dist_min= tensor(162.9308) dist_max= tensor(67.3778)
params_min,params_max=params_min,params_new
evaluating model at params_new={'a1': 1.8475208614068024, 'a2': 2.921186973360886, 'a3': 6.037383542581434}
params_min= {'a1': 1.8475208614068024, 'a2': 2.921186973360886, 'a3': 6.037383539249433} logZ_min= nan obs_min= 2.3748664918049074
params_new= {'a1': 1.8475208614068024, 'a2': 2.921186973360886, 'a3': 6.037383542581434} logZ_new= nan obs_new= 2.2613733099767885
params_max= {'a1': 1.8475208614068024, 'a2': 2.921186973360886, 'a3': 6.037383545913435} logZ_max= 3.8729545464441966 obs_max= 2.2613732686750208
dist_min= tensor(162.9349) dist_max= tensor(0.7697)
params_min,params_max=params_min,params_new
evaluating model at params_new={'a1': 1.8475208614068024, 'a2': 2.921186973360886, 'a3': 6.0373835409154335}
params_min= {'a1': 1.8475208614068024, 'a2': 2.921186973360886, 'a3': 6.037383539249433} logZ_min= nan obs_min= 2.3748664918049074
params_new= {'a1': 1.8475208614068024, 'a2': 2.921186973360886, 'a3': 6.0373835409154335} logZ_new= 3.8729537769774116 obs_new= 2.2613950839603842
params_max= {'a1': 1.8475208614068024, 'a2': 2.921186973360886, 'a3': 6.037383542581434} logZ_max= nan obs_max= 2.2613733099767885
dist_min= tensor(162.9582) dist_max= tensor(0.5031)
params_min,params_max=params_min,params_new
evaluating model at params_new={'a1': 1.8475208614068024, 'a2': 2.921186973360886, 'a3': 6.037383540082433}
params_min= {'a1': 1.8475208614068024, 'a2': 2.921186973360886, 'a3': 6.037383539249433} logZ_min= nan obs_min= 2.3748664918049074
params_new= {'a1': 1.8475208614068024, 'a2': 2.921186973360886, 'a3': 6.037383540082433} logZ_new= 3.8729544860992013 obs_new= 2.261374791606278
params_max= {'a1': 1.8475208614068024, 'a2': 2.921186973360886, 'a3': 6.0373835409154335} logZ_max= 3.8729537769774116 obs_max= 2.2613950839603842
dist_min= tensor(162.8836) dist_max= tensor(0.9197)
params_min,params_max=params_min,params_new
evaluating model at params_new={'a1': 1.8475208614068024, 'a2': 2.921186973360886, 'a3': 6.037383539665933}
params_min= {'a1': 1.8475208614068024, 'a2': 2.921186973360886, 'a3': 6.037383539249433} logZ_min= nan obs_min= 2.3748664918049074
params_new= {'a1': 1.8475208614068024, 'a2': 2.921186973360886, 'a3': 6.037383539665933} logZ_new= 3.872921918677301 obs_new= 2.26237994764939
params_max= {'a1': 1.8475208614068024, 'a2': 2.921186973360886, 'a3': 6.037383540082433} logZ_max= 3.8729544860992013 obs_max= 2.261374791606278
dist_min= tensor(162.8997) dist_max= tensor(0.8841)
params_min,params_max=params_min,params_new
evaluating model at params_new={'a1': 1.8475208614068024, 'a2': 2.921186973360886, 'a3': 6.037383539457683}
params_min= {'a1': 1.8475208614068024, 'a2': 2.921186973360886, 'a3': 6.037383539249433} logZ_min= nan obs_min= 2.3748664918049074
params_new= {'a1': 1.8475208614068024, 'a2': 2.921186973360886, 'a3': 6.037383539457683} logZ_new= 3.872954348574026 obs_new= 2.2613793534755593
params_max= {'a1': 1.8475208614068024, 'a2': 2.921186973360886, 'a3': 6.037383539665933} logZ_max= 3.872921918677301 obs_max= 2.26237994764939
dist_min= tensor(162.3991) dist_max= tensor(1.4814)
params_min,params_max=params_min,params_new
evaluating model at params_new={'a1': 1.8475208614068024, 'a2': 2.921186973360886, 'a3': 6.0373835393535575}
params_min= {'a1': 1.8475208614068024, 'a2': 2.921186973360886, 'a3': 6.037383539249433} logZ_min= nan obs_min= 2.3748664918049074
params_new= {'a1': 1.8475208614068024, 'a2': 2.921186973360886, 'a3': 6.0373835393535575} logZ_new= nan obs_new= 2.373896749443466
params_max= {'a1': 1.8475208614068024, 'a2': 2.921186973360886, 'a3': 6.037383539457683} logZ_max= 3.872954348574026 obs_max= 2.2613793534755593
dist_min= tensor(148.3518) dist_max= tensor(67.8441)
params_min,params_max=params_min,params_new
evaluating model at params_new={'a1': 1.8475208614068024, 'a2': 2.921186973360886, 'a3': 6.037383539301495}
params_min= {'a1': 1.8475208614068024, 'a2': 2.921186973360886, 'a3': 6.037383539249433} logZ_min= nan obs_min= 2.3748664918049074
params_new= {'a1': 1.8475208614068024, 'a2': 2.921186973360886, 'a3': 6.037383539301495} logZ_new= nan obs_new= 2.3738995142099584
params_max= {'a1': 1.8475208614068024, 'a2': 2.921186973360886, 'a3': 6.0373835393535575} logZ_max= nan obs_max= 2.373896749443466
dist_min= tensor(52.2696) dist_max= tensor(196.6034)
params_min,params_max=params_new,params_max
evaluating model at params_new={'a1': 1.8475208614068024, 'a2': 2.921186973360886, 'a3': 6.037383539327527}
params_min= {'a1': 1.8475208614068024, 'a2': 2.921186973360886, 'a3': 6.037383539301495} logZ_min= nan obs_min= 2.3738995142099584
params_new= {'a1': 1.8475208614068024, 'a2': 2.921186973360886, 'a3': 6.037383539327527} logZ_new= 3.8656140737118503 obs_new= 2.3738821384557984
params_max= {'a1': 1.8475208614068024, 'a2': 2.921186973360886, 'a3': 6.0373835393535575} logZ_max= nan obs_max= 2.373896749443466
dist_min= tensor(199.3788) dist_max= tensor(30.1973)
params_min,params_max=params_min,params_new
evaluating model at params_new={'a1': 1.8475208614068024, 'a2': 2.921186973360886, 'a3': 6.037383539314511}
params_min= {'a1': 1.8475208614068024, 'a2': 2.921186973360886, 'a3': 6.037383539301495} logZ_min= nan obs_min= 2.3738995142099584
params_new= {'a1': 1.8475208614068024, 'a2': 2.921186973360886, 'a3': 6.037383539314511} logZ_new= nan obs_new= 2.2613726755085573
params_max= {'a1': 1.8475208614068024, 'a2': 2.921186973360886, 'a3': 6.037383539327527} logZ_max= 3.8656140737118503 obs_max= 2.3738821384557984
dist_min= tensor(208.3430) dist_max= tensor(74.3437)
params_min,params_max=params_min,params_new
evaluating model at params_new={'a1': 1.8475208614068024, 'a2': 2.921186973360886, 'a3': 6.037383539308003}
params_min= {'a1': 1.8475208614068024, 'a2': 2.921186973360886, 'a3': 6.037383539301495} logZ_min= nan obs_min= 2.3738995142099584
params_new= {'a1': 1.8475208614068024, 'a2': 2.921186973360886, 'a3': 6.037383539308003} logZ_new= 3.8656140685362397 obs_new= 2.3738807881271153
params_max= {'a1': 1.8475208614068024, 'a2': 2.921186973360886, 'a3': 6.037383539314511} logZ_max= nan obs_max= 2.2613726755085573
dist_min= tensor(196.2345) dist_max= tensor(67.8456)
params_min,params_max=params_min,params_new
evaluating model at params_new={'a1': 1.8475208614068024, 'a2': 2.921186973360886, 'a3': 6.037383539304749}
params_min= {'a1': 1.8475208614068024, 'a2': 2.921186973360886, 'a3': 6.037383539301495} logZ_min= nan obs_min= 2.3738995142099584
params_new= {'a1': 1.8475208614068024, 'a2': 2.921186973360886, 'a3': 6.037383539304749} logZ_new= 3.865614054903454 obs_new= 2.373881633792503
params_max= {'a1': 1.8475208614068024, 'a2': 2.921186973360886, 'a3': 6.037383539308003} logZ_max= 3.8656140685362397 obs_max= 2.3738807881271153
dist_min= tensor(196.9670) dist_max= tensor(2.0432)
params_min,params_max=params_min,params_new
evaluating model at params_new={'a1': 1.8475208614068024, 'a2': 2.921186973360886, 'a3': 6.037383539303121}
params_min= {'a1': 1.8475208614068024, 'a2': 2.921186973360886, 'a3': 6.037383539301495} logZ_min= nan obs_min= 2.3738995142099584
params_new= {'a1': 1.8475208614068024, 'a2': 2.921186973360886, 'a3': 6.037383539303121} logZ_new= 3.8656140009230944 obs_new= 2.3738817286222784
params_max= {'a1': 1.8475208614068024, 'a2': 2.921186973360886, 'a3': 6.037383539304749} logZ_max= 3.865614054903454 obs_max= 2.373881633792503
dist_min= tensor(196.9522) dist_max= tensor(0.1742)
params_min,params_max=params_min,params_new
evaluating model at params_new={'a1': 1.8475208614068024, 'a2': 2.921186973360886, 'a3': 6.037383539302308}
params_min= {'a1': 1.8475208614068024, 'a2': 2.921186973360886, 'a3': 6.037383539301495} logZ_min= nan obs_min= 2.3738995142099584
params_new= {'a1': 1.8475208614068024, 'a2': 2.921186973360886, 'a3': 6.037383539302308} logZ_new= nan obs_new= 2.261377304623667
params_max= {'a1': 1.8475208614068024, 'a2': 2.921186973360886, 'a3': 6.037383539303121} logZ_max= 3.8656140009230944 obs_max= 2.3738817286222784
dist_min= tensor(214.1641) dist_max= tensor(110.4538)
params_min,params_max=params_min,params_new
evaluating model at params_new={'a1': 1.8475208614068024, 'a2': 2.921186973360886, 'a3': 6.037383539301901}
params_min= {'a1': 1.8475208614068024, 'a2': 2.921186973360886, 'a3': 6.037383539301495} logZ_min= nan obs_min= 2.3738995142099584
params_new= {'a1': 1.8475208614068024, 'a2': 2.921186973360886, 'a3': 6.037383539301901} logZ_new= 3.8729532222810787 obs_new= 2.2614114693600325
params_max= {'a1': 1.8475208614068024, 'a2': 2.921186973360886, 'a3': 6.037383539302308} logZ_max= nan obs_max= 2.261377304623667
dist_min= tensor(208.0894) dist_max= tensor(86.9731)
params_min,params_max=params_min,params_new
evaluating model at params_new={'a1': 1.8475208614068024, 'a2': 2.921186973360886, 'a3': 6.037383539301699}
params_min= {'a1': 1.8475208614068024, 'a2': 2.921186973360886, 'a3': 6.037383539301495} logZ_min= nan obs_min= 2.3738995142099584
params_new= {'a1': 1.8475208614068024, 'a2': 2.921186973360886, 'a3': 6.037383539301699} logZ_new= nan obs_new= 2.373855481631357
params_max= {'a1': 1.8475208614068024, 'a2': 2.921186973360886, 'a3': 6.037383539301901} logZ_max= 3.8729532222810787 obs_max= 2.2614114693600325
dist_min= tensor(196.7101) dist_max= tensor(67.2118)
params_min,params_max=params_min,params_new
evaluating model at params_new={'a1': 1.8475208614068024, 'a2': 2.921186973360886, 'a3': 6.037383539301597}
params_min= {'a1': 1.8475208614068024, 'a2': 2.921186973360886, 'a3': 6.037383539301495} logZ_min= nan obs_min= 2.3738995142099584
params_new= {'a1': 1.8475208614068024, 'a2': 2.921186973360886, 'a3': 6.037383539301597} logZ_new= 3.8656142897377905 obs_new= 2.3738914946800547
params_max= {'a1': 1.8475208614068024, 'a2': 2.921186973360886, 'a3': 6.037383539301699} logZ_max= nan obs_max= 2.373855481631357
dist_min= tensor(196.7099) dist_max= tensor(2.1853)
params_min,params_max=params_min,params_new
evaluating model at params_new={'a1': 1.8475208614068024, 'a2': 2.921186973360886, 'a3': 6.037383539301546}
params_min= {'a1': 1.8475208614068024, 'a2': 2.921186973360886, 'a3': 6.037383539301495} logZ_min= nan obs_min= 2.3738995142099584
params_new= {'a1': 1.8475208614068024, 'a2': 2.921186973360886, 'a3': 6.037383539301546} logZ_new= 3.865614188262211 obs_new= 2.3738973751638213
params_max= {'a1': 1.8475208614068024, 'a2': 2.921186973360886, 'a3': 6.037383539301597} logZ_max= 3.8656142897377905 obs_max= 2.3738914946800547
dist_min= tensor(196.5960) dist_max= tensor(0.2247)
params_min,params_max=params_min,params_new
evaluating model at params_new={'a1': 1.8475208614068024, 'a2': 2.921186973360886, 'a3': 6.037383539301521}
params_min= {'a1': 1.8475208614068024, 'a2': 2.921186973360886, 'a3': 6.037383539301495} logZ_min= nan obs_min= 2.3738995142099584
params_new= {'a1': 1.8475208614068024, 'a2': 2.921186973360886, 'a3': 6.037383539301521} logZ_new= nan obs_new= 2.2613736790819754
params_max= {'a1': 1.8475208614068024, 'a2': 2.921186973360886, 'a3': 6.037383539301546} logZ_max= 3.865614188262211 obs_max= 2.3738973751638213
dist_min= tensor(208.3430) dist_max= tensor(67.4108)
params_min,params_max=params_min,params_new
evaluating model at params_new={'a1': 1.8475208614068024, 'a2': 2.921186973360886, 'a3': 6.0373835393015085}
params_min= {'a1': 1.8475208614068024, 'a2': 2.921186973360886, 'a3': 6.037383539301495} logZ_min= nan obs_min= 2.3738995142099584
params_new= {'a1': 1.8475208614068024, 'a2': 2.921186973360886, 'a3': 6.0373835393015085} logZ_new= 3.872954543315752 obs_new= 2.261373187123607
params_max= {'a1': 1.8475208614068024, 'a2': 2.921186973360886, 'a3': 6.037383539301521} logZ_max= nan obs_max= 2.2613736790819754
dist_min= tensor(285.6992) dist_max= tensor(200.3388)
params_min,params_max=params_min,params_new
evaluating model at params_new={'a1': 1.8475208614068024, 'a2': 2.921186973360886, 'a3': 6.037383539301501}
params_min= {'a1': 1.8475208614068024, 'a2': 2.921186973360886, 'a3': 6.037383539301495} logZ_min= nan obs_min= 2.3738995142099584
params_new= {'a1': 1.8475208614068024, 'a2': 2.921186973360886, 'a3': 6.037383539301501} logZ_new= 3.8729538570612285 obs_new= 2.261392489984052
params_max= {'a1': 1.8475208614068024, 'a2': 2.921186973360886, 'a3': 6.0373835393015085} logZ_max= 3.872954543315752 obs_max= 2.261373187123607
dist_min= tensor(208.3080) dist_max= tensor(201.3811)
params_min,params_max=params_min,params_new
evaluating model at params_new={'a1': 1.8475208614068024, 'a2': 2.921186973360886, 'a3': 6.037383539301498}
params_min= {'a1': 1.8475208614068024, 'a2': 2.921186973360886, 'a3': 6.037383539301495} logZ_min= nan obs_min= 2.3738995142099584
params_new= {'a1': 1.8475208614068024, 'a2': 2.921186973360886, 'a3': 6.037383539301498} logZ_new= 3.8729541613645573 obs_new= 2.2613854448956507
params_max= {'a1': 1.8475208614068024, 'a2': 2.921186973360886, 'a3': 6.037383539301501} logZ_max= 3.8729538570612285 obs_max= 2.261392489984052
dist_min= tensor(135.3216) dist_max= tensor(85.3674)
params_min,params_max=params_min,params_new
evaluating model at params_new={'a1': 1.8475208614068024, 'a2': 2.921186973360886, 'a3': 6.037383539301496}
params_min= {'a1': 1.8475208614068024, 'a2': 2.921186973360886, 'a3': 6.037383539301495} logZ_min= nan obs_min= 2.3738995142099584
params_new= {'a1': 1.8475208614068024, 'a2': 2.921186973360886, 'a3': 6.037383539301496} logZ_new= 3.8656143163433216 obs_new= 2.3738902467071026
params_max= {'a1': 1.8475208614068024, 'a2': 2.921186973360886, 'a3': 6.037383539301498} logZ_max= 3.8729541613645573 obs_max= 2.2613854448956507
dist_min= tensor(220.0891) dist_max= tensor(149.6573)
params_min,params_max=params_min,params_new
critical params found:  {'a1': 1.8475208614068024, 'a2': 2.921186973360886, 'a3': 6.037383539301496}
reference params:  {'a1': 1.1547005383792515, 'a2': 1.8257418583505538, 'a3': 4.47213595499958}
file saved to  data/AKLT3D_X10_scan_grid_critical_a3/a1_1.8475209_a2_2.9211870/Tc.json
