Start running find_critical_temp.py with options:{'filename': 'data/AKLT3D_X10_scan_grid_critical_a3/a1_1.6165808_a2_2.9211870/Tc.json', 'log_filename': 'data/AKLT3D_X10_scan_grid_critical_a3/a1_1.6165808_a2_2.9211870/Tc.log', 'nLayers': 60, 'max_dim': 10, 'model': 'AKLT3D', 'params_min': "{'a1': 1.616580753730952, 'a2': 2.921186973360886, 'a3': 4.47213595499958}", 'params_max': "{'a1': 1.616580753730952, 'a2': 2.921186973360886, 'a3': 5.366563145999496}", 'params_ref': None, 'observable_name': 'magnetizationZ', 'tol': 0.0, 'gilt_enabled': False, 'gilt_eps': 8e-07, 'gilt_nIter': 1, 'mcf_enabled': True, 'mcf_eps': 1e-16, 'mcf_max_iter': 200, 'hotrg_sanity_check': False, 'version': 1, 'device': 'cuda:1'}
loading library...
evaluating model at params_min={'a1': 1.616580753730952, 'a2': 2.921186973360886, 'a3': 4.47213595499958}
params_min= {'a1': 1.616580753730952, 'a2': 2.921186973360886, 'a3': 4.47213595499958} logZ_min= nan obs_min= 0.6245786142718411
evaluating model at params_max={'a1': 1.616580753730952, 'a2': 2.921186973360886, 'a3': 5.366563145999496}
params_max= {'a1': 1.616580753730952, 'a2': 2.921186973360886, 'a3': 5.366563145999496} logZ_max= 3.734017502021429 obs_max= 2.5649249443920885
searching for critical temperature using bisection method
evaluating model at params_new={'a1': 1.616580753730952, 'a2': 2.921186973360886, 'a3': 4.919349550499538}
params_min= {'a1': 1.616580753730952, 'a2': 2.921186973360886, 'a3': 4.47213595499958} logZ_min= nan obs_min= 0.6245786142718411
params_new= {'a1': 1.616580753730952, 'a2': 2.921186973360886, 'a3': 4.919349550499538} logZ_new= nan obs_new= 1.5680628543194783
params_max= {'a1': 1.616580753730952, 'a2': 2.921186973360886, 'a3': 5.366563145999496} logZ_max= 3.734017502021429 obs_max= 2.5649249443920885
dist_min= tensor(289.3444) dist_max= tensor(174.8296)
params_min,params_max=params_min,params_new
evaluating model at params_new={'a1': 1.616580753730952, 'a2': 2.921186973360886, 'a3': 4.695742752749559}
params_min= {'a1': 1.616580753730952, 'a2': 2.921186973360886, 'a3': 4.47213595499958} logZ_min= nan obs_min= 0.6245786142718411
params_new= {'a1': 1.616580753730952, 'a2': 2.921186973360886, 'a3': 4.695742752749559} logZ_new= nan obs_new= 0.9710509434508258
params_max= {'a1': 1.616580753730952, 'a2': 2.921186973360886, 'a3': 4.919349550499538} logZ_max= nan obs_max= 1.5680628543194783
dist_min= tensor(453.1686) dist_max= tensor(216.8813)
params_min,params_max=params_min,params_new
evaluating model at params_new={'a1': 1.616580753730952, 'a2': 2.921186973360886, 'a3': 4.58393935387457}
params_min= {'a1': 1.616580753730952, 'a2': 2.921186973360886, 'a3': 4.47213595499958} logZ_min= nan obs_min= 0.6245786142718411
params_new= {'a1': 1.616580753730952, 'a2': 2.921186973360886, 'a3': 4.58393935387457} logZ_new= nan obs_new= 0.7638608551234155
params_max= {'a1': 1.616580753730952, 'a2': 2.921186973360886, 'a3': 4.695742752749559} logZ_max= nan obs_max= 0.9710509434508258
dist_min= tensor(828.6931) dist_max= tensor(708.1083)
params_min,params_max=params_min,params_new
evaluating model at params_new={'a1': 1.616580753730952, 'a2': 2.921186973360886, 'a3': 4.528037654437075}
params_min= {'a1': 1.616580753730952, 'a2': 2.921186973360886, 'a3': 4.47213595499958} logZ_min= nan obs_min= 0.6245786142718411
params_new= {'a1': 1.616580753730952, 'a2': 2.921186973360886, 'a3': 4.528037654437075} logZ_new= 3.6870684679503873 obs_new= 1.5854769792449818e-25
params_max= {'a1': 1.616580753730952, 'a2': 2.921186973360886, 'a3': 4.58393935387457} logZ_max= nan obs_max= 0.7638608551234155
dist_min= tensor(142.4712) dist_max= tensor(783.6445)
params_min,params_max=params_new,params_max
evaluating model at params_new={'a1': 1.616580753730952, 'a2': 2.921186973360886, 'a3': 4.555988504155822}
params_min= {'a1': 1.616580753730952, 'a2': 2.921186973360886, 'a3': 4.528037654437075} logZ_min= 3.6870684679503873 obs_min= 1.5854769792449818e-25
params_new= {'a1': 1.616580753730952, 'a2': 2.921186973360886, 'a3': 4.555988504155822} logZ_new= nan obs_new= 0.8414563534622368
params_max= {'a1': 1.616580753730952, 'a2': 2.921186973360886, 'a3': 4.58393935387457} logZ_max= nan obs_max= 0.7638608551234155
dist_min= tensor(142.3599) dist_max= tensor(834.0654)
params_min,params_max=params_new,params_max
evaluating model at params_new={'a1': 1.616580753730952, 'a2': 2.921186973360886, 'a3': 4.569963929015196}
params_min= {'a1': 1.616580753730952, 'a2': 2.921186973360886, 'a3': 4.555988504155822} logZ_min= nan obs_min= 0.8414563534622368
params_new= {'a1': 1.616580753730952, 'a2': 2.921186973360886, 'a3': 4.569963929015196} logZ_new= 3.6807071746614297 obs_new= 0.7340002369497287
params_max= {'a1': 1.616580753730952, 'a2': 2.921186973360886, 'a3': 4.58393935387457} logZ_max= nan obs_max= 0.7638608551234155
dist_min= tensor(397.6981) dist_max= tensor(743.4700)
params_min,params_max=params_new,params_max
evaluating model at params_new={'a1': 1.616580753730952, 'a2': 2.921186973360886, 'a3': 4.576951641444882}
params_min= {'a1': 1.616580753730952, 'a2': 2.921186973360886, 'a3': 4.569963929015196} logZ_min= 3.6807071746614297 obs_min= 0.7340002369497287
params_new= {'a1': 1.616580753730952, 'a2': 2.921186973360886, 'a3': 4.576951641444882} logZ_new= 3.692801013999902 obs_new= 0.7323643970048521
params_max= {'a1': 1.616580753730952, 'a2': 2.921186973360886, 'a3': 4.58393935387457} logZ_max= nan obs_max= 0.7638608551234155
dist_min= tensor(138.5160) dist_max= tensor(758.1416)
params_min,params_max=params_new,params_max
evaluating model at params_new={'a1': 1.616580753730952, 'a2': 2.921186973360886, 'a3': 4.580445497659726}
params_min= {'a1': 1.616580753730952, 'a2': 2.921186973360886, 'a3': 4.576951641444882} logZ_min= 3.692801013999902 obs_min= 0.7323643970048521
params_new= {'a1': 1.616580753730952, 'a2': 2.921186973360886, 'a3': 4.580445497659726} logZ_new= 3.6811211055545527 obs_new= 0.7564321905545625
params_max= {'a1': 1.616580753730952, 'a2': 2.921186973360886, 'a3': 4.58393935387457} logZ_max= nan obs_max= 0.7638608551234155
dist_min= tensor(143.7128) dist_max= tensor(743.4430)
params_min,params_max=params_new,params_max
evaluating model at params_new={'a1': 1.616580753730952, 'a2': 2.921186973360886, 'a3': 4.582192425767148}
params_min= {'a1': 1.616580753730952, 'a2': 2.921186973360886, 'a3': 4.580445497659726} logZ_min= 3.6811211055545527 obs_min= 0.7564321905545625
params_new= {'a1': 1.616580753730952, 'a2': 2.921186973360886, 'a3': 4.582192425767148} logZ_new= nan obs_new= 0.7424295259867775
params_max= {'a1': 1.616580753730952, 'a2': 2.921186973360886, 'a3': 4.58393935387457} logZ_max= nan obs_max= 0.7638608551234155
dist_min= tensor(161.4767) dist_max= tensor(760.3894)
params_min,params_max=params_new,params_max
evaluating model at params_new={'a1': 1.616580753730952, 'a2': 2.921186973360886, 'a3': 4.583065889820858}
params_min= {'a1': 1.616580753730952, 'a2': 2.921186973360886, 'a3': 4.582192425767148} logZ_min= nan obs_min= 0.7424295259867775
params_new= {'a1': 1.616580753730952, 'a2': 2.921186973360886, 'a3': 4.583065889820858} logZ_new= 3.6930211529269155 obs_new= 0.7444493402290714
params_max= {'a1': 1.616580753730952, 'a2': 2.921186973360886, 'a3': 4.58393935387457} logZ_max= nan obs_max= 0.7638608551234155
dist_min= tensor(80.6236) dist_max= tensor(756.6801)
params_min,params_max=params_new,params_max
evaluating model at params_new={'a1': 1.616580753730952, 'a2': 2.921186973360886, 'a3': 4.583502621847714}
params_min= {'a1': 1.616580753730952, 'a2': 2.921186973360886, 'a3': 4.583065889820858} logZ_min= 3.6930211529269155 obs_min= 0.7444493402290714
params_new= {'a1': 1.616580753730952, 'a2': 2.921186973360886, 'a3': 4.583502621847714} logZ_new= nan obs_new= 0.7450261795169252
params_max= {'a1': 1.616580753730952, 'a2': 2.921186973360886, 'a3': 4.58393935387457} logZ_max= nan obs_max= 0.7638608551234155
dist_min= tensor(5.0495) dist_max= tensor(756.5546)
params_min,params_max=params_new,params_max
evaluating model at params_new={'a1': 1.616580753730952, 'a2': 2.921186973360886, 'a3': 4.583720987861142}
params_min= {'a1': 1.616580753730952, 'a2': 2.921186973360886, 'a3': 4.583502621847714} logZ_min= nan obs_min= 0.7450261795169252
params_new= {'a1': 1.616580753730952, 'a2': 2.921186973360886, 'a3': 4.583720987861142} logZ_new= 3.681251667973009 obs_new= 0.76341456310798
params_max= {'a1': 1.616580753730952, 'a2': 2.921186973360886, 'a3': 4.58393935387457} logZ_max= nan obs_max= 0.7638608551234155
dist_min= tensor(139.5490) dist_max= tensor(743.4464)
params_min,params_max=params_new,params_max
evaluating model at params_new={'a1': 1.616580753730952, 'a2': 2.921186973360886, 'a3': 4.583830170867856}
params_min= {'a1': 1.616580753730952, 'a2': 2.921186973360886, 'a3': 4.583720987861142} logZ_min= 3.681251667973009 obs_min= 0.76341456310798
params_new= {'a1': 1.616580753730952, 'a2': 2.921186973360886, 'a3': 4.583830170867856} logZ_new= nan obs_new= 0.745674771788991
params_max= {'a1': 1.616580753730952, 'a2': 2.921186973360886, 'a3': 4.58393935387457} logZ_max= nan obs_max= 0.7638608551234155
dist_min= tensor(139.6976) dist_max= tensor(756.5145)
params_min,params_max=params_new,params_max
evaluating model at params_new={'a1': 1.616580753730952, 'a2': 2.921186973360886, 'a3': 4.583884762371213}
params_min= {'a1': 1.616580753730952, 'a2': 2.921186973360886, 'a3': 4.583830170867856} logZ_min= nan obs_min= 0.745674771788991
params_new= {'a1': 1.616580753730952, 'a2': 2.921186973360886, 'a3': 4.583884762371213} logZ_new= nan obs_new= 0.7457859528139472
params_max= {'a1': 1.616580753730952, 'a2': 2.921186973360886, 'a3': 4.58393935387457} logZ_max= nan obs_max= 0.7638608551234155
dist_min= tensor(3.5276) dist_max= tensor(756.6212)
params_min,params_max=params_new,params_max
evaluating model at params_new={'a1': 1.616580753730952, 'a2': 2.921186973360886, 'a3': 4.583912058122891}
params_min= {'a1': 1.616580753730952, 'a2': 2.921186973360886, 'a3': 4.583884762371213} logZ_min= nan obs_min= 0.7457859528139472
params_new= {'a1': 1.616580753730952, 'a2': 2.921186973360886, 'a3': 4.583912058122891} logZ_new= 3.6930515966271047 obs_new= 0.7458362141888799
params_max= {'a1': 1.616580753730952, 'a2': 2.921186973360886, 'a3': 4.58393935387457} logZ_max= nan obs_max= 0.7638608551234155
dist_min= tensor(4.3973) dist_max= tensor(756.9374)
params_min,params_max=params_new,params_max
evaluating model at params_new={'a1': 1.616580753730952, 'a2': 2.921186973360886, 'a3': 4.58392570599873}
params_min= {'a1': 1.616580753730952, 'a2': 2.921186973360886, 'a3': 4.583912058122891} logZ_min= 3.6930515966271047 obs_min= 0.7458362141888799
params_new= {'a1': 1.616580753730952, 'a2': 2.921186973360886, 'a3': 4.58392570599873} logZ_new= nan obs_new= 0.7458641438632994
params_max= {'a1': 1.616580753730952, 'a2': 2.921186973360886, 'a3': 4.58393935387457} logZ_max= nan obs_max= 0.7638608551234155
dist_min= tensor(90.6438) dist_max= tensor(761.2496)
params_min,params_max=params_new,params_max
evaluating model at params_new={'a1': 1.616580753730952, 'a2': 2.921186973360886, 'a3': 4.58393252993665}
params_min= {'a1': 1.616580753730952, 'a2': 2.921186973360886, 'a3': 4.58392570599873} logZ_min= nan obs_min= 0.7458641438632994
params_new= {'a1': 1.616580753730952, 'a2': 2.921186973360886, 'a3': 4.58393252993665} logZ_new= 3.692964172392828 obs_new= 0.7478058760098197
params_max= {'a1': 1.616580753730952, 'a2': 2.921186973360886, 'a3': 4.58393935387457} logZ_max= nan obs_max= 0.7638608551234155
dist_min= tensor(7591.0757) dist_max= tensor(7627.9392)
params_min,params_max=params_new,params_max
evaluating model at params_new={'a1': 1.616580753730952, 'a2': 2.921186973360886, 'a3': 4.58393594190561}
params_min= {'a1': 1.616580753730952, 'a2': 2.921186973360886, 'a3': 4.58393252993665} logZ_min= 3.692964172392828 obs_min= 0.7478058760098197
params_new= {'a1': 1.616580753730952, 'a2': 2.921186973360886, 'a3': 4.58393594190561} logZ_new= 3.693051705195779 obs_new= 0.7459016555122235
params_max= {'a1': 1.616580753730952, 'a2': 2.921186973360886, 'a3': 4.58393935387457} logZ_max= nan obs_max= 0.7638608551234155
dist_min= tensor(7590.6688) dist_max= tensor(757.7452)
params_min,params_max=params_min,params_new
evaluating model at params_new={'a1': 1.616580753730952, 'a2': 2.921186973360886, 'a3': 4.58393423592113}
params_min= {'a1': 1.616580753730952, 'a2': 2.921186973360886, 'a3': 4.58393252993665} logZ_min= 3.692964172392828 obs_min= 0.7478058760098197
params_new= {'a1': 1.616580753730952, 'a2': 2.921186973360886, 'a3': 4.58393423592113} logZ_new= nan obs_new= 0.763843584299913
params_max= {'a1': 1.616580753730952, 'a2': 2.921186973360886, 'a3': 4.58393594190561} logZ_max= 3.693051705195779 obs_max= 0.7459016555122235
dist_min= tensor(7590.3688) dist_max= tensor(145.4507)
params_min,params_max=params_min,params_new
evaluating model at params_new={'a1': 1.616580753730952, 'a2': 2.921186973360886, 'a3': 4.58393338292889}
params_min= {'a1': 1.616580753730952, 'a2': 2.921186973360886, 'a3': 4.58393252993665} logZ_min= 3.692964172392828 obs_min= 0.7478058760098197
params_new= {'a1': 1.616580753730952, 'a2': 2.921186973360886, 'a3': 4.58393338292889} logZ_new= nan obs_new= 0.7458804312111255
params_max= {'a1': 1.616580753730952, 'a2': 2.921186973360886, 'a3': 4.58393423592113} logZ_max= nan obs_max= 0.763843584299913
dist_min= tensor(8033.6051) dist_max= tensor(2634.9861)
params_min,params_max=params_min,params_new
evaluating model at params_new={'a1': 1.616580753730952, 'a2': 2.921186973360886, 'a3': 4.58393295643277}
params_min= {'a1': 1.616580753730952, 'a2': 2.921186973360886, 'a3': 4.58393252993665} logZ_min= 3.692964172392828 obs_min= 0.7478058760098197
params_new= {'a1': 1.616580753730952, 'a2': 2.921186973360886, 'a3': 4.58393295643277} logZ_new= nan obs_new= 0.7458759587331348
params_max= {'a1': 1.616580753730952, 'a2': 2.921186973360886, 'a3': 4.58393338292889} logZ_max= nan obs_max= 0.7458804312111255
dist_min= tensor(7592.6067) dist_max= tensor(2636.1683)
params_min,params_max=params_min,params_new
evaluating model at params_new={'a1': 1.616580753730952, 'a2': 2.921186973360886, 'a3': 4.58393274318471}
params_min= {'a1': 1.616580753730952, 'a2': 2.921186973360886, 'a3': 4.58393252993665} logZ_min= 3.692964172392828 obs_min= 0.7478058760098197
params_new= {'a1': 1.616580753730952, 'a2': 2.921186973360886, 'a3': 4.58393274318471} logZ_new= 3.681260115141515 obs_new= 0.7638491048349477
params_max= {'a1': 1.616580753730952, 'a2': 2.921186973360886, 'a3': 4.58393295643277} logZ_max= nan obs_max= 0.7458759587331348
dist_min= tensor(7595.6988) dist_max= tensor(329.7630)
params_min,params_max=params_min,params_new
evaluating model at params_new={'a1': 1.616580753730952, 'a2': 2.921186973360886, 'a3': 4.5839326365606805}
params_min= {'a1': 1.616580753730952, 'a2': 2.921186973360886, 'a3': 4.58393252993665} logZ_min= 3.692964172392828 obs_min= 0.7478058760098197
params_new= {'a1': 1.616580753730952, 'a2': 2.921186973360886, 'a3': 4.5839326365606805} logZ_new= 3.6812601275125765 obs_new= 0.7638469394004276
params_max= {'a1': 1.616580753730952, 'a2': 2.921186973360886, 'a3': 4.58393274318471} logZ_max= 3.681260115141515 obs_max= 0.7638491048349477
dist_min= tensor(11502.1442) dist_max= tensor(8642.5570)
params_min,params_max=params_min,params_new
evaluating model at params_new={'a1': 1.616580753730952, 'a2': 2.921186973360886, 'a3': 4.583932583248665}
params_min= {'a1': 1.616580753730952, 'a2': 2.921186973360886, 'a3': 4.58393252993665} logZ_min= 3.692964172392828 obs_min= 0.7478058760098197
params_new= {'a1': 1.616580753730952, 'a2': 2.921186973360886, 'a3': 4.583932583248665} logZ_new= 3.6812603800679713 obs_new= 0.7638258874306217
params_max= {'a1': 1.616580753730952, 'a2': 2.921186973360886, 'a3': 4.5839326365606805} logZ_max= 3.6812601275125765 obs_max= 0.7638469394004276
dist_min= tensor(7660.7953) dist_max= tensor(8702.1115)
params_min,params_max=params_new,params_max
evaluating model at params_new={'a1': 1.616580753730952, 'a2': 2.921186973360886, 'a3': 4.583932609904673}
params_min= {'a1': 1.616580753730952, 'a2': 2.921186973360886, 'a3': 4.583932583248665} logZ_min= 3.6812603800679713 obs_min= 0.7638258874306217
params_new= {'a1': 1.616580753730952, 'a2': 2.921186973360886, 'a3': 4.583932609904673} logZ_new= nan obs_new= 0.7458790171528691
params_max= {'a1': 1.616580753730952, 'a2': 2.921186973360886, 'a3': 4.5839326365606805} logZ_max= 3.6812601275125765 obs_max= 0.7638469394004276
dist_min= tensor(1029.6806) dist_max= tensor(8642.5659)
params_min,params_max=params_new,params_max
evaluating model at params_new={'a1': 1.616580753730952, 'a2': 2.921186973360886, 'a3': 4.583932623232677}
params_min= {'a1': 1.616580753730952, 'a2': 2.921186973360886, 'a3': 4.583932609904673} logZ_min= nan obs_min= 0.7458790171528691
params_new= {'a1': 1.616580753730952, 'a2': 2.921186973360886, 'a3': 4.583932623232677} logZ_new= 3.6812625749378545 obs_new= 0.7636818884051738
params_max= {'a1': 1.616580753730952, 'a2': 2.921186973360886, 'a3': 4.5839326365606805} logZ_max= 3.6812601275125765 obs_max= 0.7638469394004276
dist_min= tensor(144.8393) dist_max= tensor(8641.4073)
params_min,params_max=params_new,params_max
evaluating model at params_new={'a1': 1.616580753730952, 'a2': 2.921186973360886, 'a3': 4.583932629896679}
params_min= {'a1': 1.616580753730952, 'a2': 2.921186973360886, 'a3': 4.583932623232677} logZ_min= 3.6812625749378545 obs_min= 0.7636818884051738
params_new= {'a1': 1.616580753730952, 'a2': 2.921186973360886, 'a3': 4.583932629896679} logZ_new= nan obs_new= 0.7638433911296513
params_max= {'a1': 1.616580753730952, 'a2': 2.921186973360886, 'a3': 4.5839326365606805} logZ_max= 3.6812601275125765 obs_max= 0.7638469394004276
dist_min= tensor(8.9934) dist_max= tensor(8638.1148)
params_min,params_max=params_new,params_max
evaluating model at params_new={'a1': 1.616580753730952, 'a2': 2.921186973360886, 'a3': 4.583932633228679}
params_min= {'a1': 1.616580753730952, 'a2': 2.921186973360886, 'a3': 4.583932629896679} logZ_min= nan obs_min= 0.7638433911296513
params_new= {'a1': 1.616580753730952, 'a2': 2.921186973360886, 'a3': 4.583932633228679} logZ_new= 3.6812601630627455 obs_new= 0.7638559198760723
params_max= {'a1': 1.616580753730952, 'a2': 2.921186973360886, 'a3': 4.5839326365606805} logZ_max= 3.6812601275125765 obs_max= 0.7638469394004276
dist_min= tensor(7.9792) dist_max= tensor(8641.5250)
params_min,params_max=params_new,params_max
evaluating model at params_new={'a1': 1.616580753730952, 'a2': 2.921186973360886, 'a3': 4.58393263489468}
params_min= {'a1': 1.616580753730952, 'a2': 2.921186973360886, 'a3': 4.583932633228679} logZ_min= 3.6812601630627455 obs_min= 0.7638559198760723
params_new= {'a1': 1.616580753730952, 'a2': 2.921186973360886, 'a3': 4.58393263489468} logZ_new= 3.6930518954006306 obs_new= 0.7458771536210166
params_max= {'a1': 1.616580753730952, 'a2': 2.921186973360886, 'a3': 4.5839326365606805} logZ_max= 3.6812601275125765 obs_max= 0.7638469394004276
dist_min= tensor(134.9106) dist_max= tensor(8641.9123)
params_min,params_max=params_new,params_max
evaluating model at params_new={'a1': 1.616580753730952, 'a2': 2.921186973360886, 'a3': 4.58393263572768}
params_min= {'a1': 1.616580753730952, 'a2': 2.921186973360886, 'a3': 4.58393263489468} logZ_min= 3.6930518954006306 obs_min= 0.7458771536210166
params_new= {'a1': 1.616580753730952, 'a2': 2.921186973360886, 'a3': 4.58393263572768} logZ_new= 3.693052474157369 obs_new= 0.7461600375225836
params_max= {'a1': 1.616580753730952, 'a2': 2.921186973360886, 'a3': 4.5839326365606805} logZ_max= 3.6812601275125765 obs_max= 0.7638469394004276
dist_min= tensor(6.6477) dist_max= tensor(8642.0261)
params_min,params_max=params_new,params_max
evaluating model at params_new={'a1': 1.616580753730952, 'a2': 2.921186973360886, 'a3': 4.58393263614418}
params_min= {'a1': 1.616580753730952, 'a2': 2.921186973360886, 'a3': 4.58393263572768} logZ_min= 3.693052474157369 obs_min= 0.7461600375225836
params_new= {'a1': 1.616580753730952, 'a2': 2.921186973360886, 'a3': 4.58393263614418} logZ_new= nan obs_new= 0.7638338918020017
params_max= {'a1': 1.616580753730952, 'a2': 2.921186973360886, 'a3': 4.5839326365606805} logZ_max= 3.6812601275125765 obs_max= 0.7638469394004276
dist_min= tensor(140.5283) dist_max= tensor(8638.6457)
params_min,params_max=params_new,params_max
evaluating model at params_new={'a1': 1.616580753730952, 'a2': 2.921186973360886, 'a3': 4.58393263635243}
params_min= {'a1': 1.616580753730952, 'a2': 2.921186973360886, 'a3': 4.58393263614418} logZ_min= nan obs_min= 0.7638338918020017
params_new= {'a1': 1.616580753730952, 'a2': 2.921186973360886, 'a3': 4.58393263635243} logZ_new= 3.681260158167592 obs_new= 0.7638583215631989
params_max= {'a1': 1.616580753730952, 'a2': 2.921186973360886, 'a3': 4.5839326365606805} logZ_max= 3.6812601275125765 obs_max= 0.7638469394004276
dist_min= tensor(7.7322) dist_max= tensor(8641.7072)
params_min,params_max=params_new,params_max
evaluating model at params_new={'a1': 1.616580753730952, 'a2': 2.921186973360886, 'a3': 4.583932636456556}
params_min= {'a1': 1.616580753730952, 'a2': 2.921186973360886, 'a3': 4.58393263635243} logZ_min= 3.681260158167592 obs_min= 0.7638583215631989
params_new= {'a1': 1.616580753730952, 'a2': 2.921186973360886, 'a3': 4.583932636456556} logZ_new= nan obs_new= 0.74587821589419
params_max= {'a1': 1.616580753730952, 'a2': 2.921186973360886, 'a3': 4.5839326365606805} logZ_max= 3.6812601275125765 obs_max= 0.7638469394004276
dist_min= tensor(139.8936) dist_max= tensor(8642.4665)
params_min,params_max=params_new,params_max
evaluating model at params_new={'a1': 1.616580753730952, 'a2': 2.921186973360886, 'a3': 4.583932636508618}
params_min= {'a1': 1.616580753730952, 'a2': 2.921186973360886, 'a3': 4.583932636456556} logZ_min= nan obs_min= 0.74587821589419
params_new= {'a1': 1.616580753730952, 'a2': 2.921186973360886, 'a3': 4.583932636508618} logZ_new= nan obs_new= 0.763782808087369
params_max= {'a1': 1.616580753730952, 'a2': 2.921186973360886, 'a3': 4.5839326365606805} logZ_max= 3.6812601275125765 obs_max= 0.7638469394004276
dist_min= tensor(155.1968) dist_max= tensor(8640.5641)
params_min,params_max=params_new,params_max
evaluating model at params_new={'a1': 1.616580753730952, 'a2': 2.921186973360886, 'a3': 4.58393263653465}
params_min= {'a1': 1.616580753730952, 'a2': 2.921186973360886, 'a3': 4.583932636508618} logZ_min= nan obs_min= 0.763782808087369
params_new= {'a1': 1.616580753730952, 'a2': 2.921186973360886, 'a3': 4.58393263653465} logZ_new= 3.693051802459098 obs_new= 0.7461608033914728
params_max= {'a1': 1.616580753730952, 'a2': 2.921186973360886, 'a3': 4.5839326365606805} logZ_max= 3.6812601275125765 obs_max= 0.7638469394004276
dist_min= tensor(149.6237) dist_max= tensor(8642.0633)
params_min,params_max=params_new,params_max
evaluating model at params_new={'a1': 1.616580753730952, 'a2': 2.921186973360886, 'a3': 4.583932636547665}
params_min= {'a1': 1.616580753730952, 'a2': 2.921186973360886, 'a3': 4.58393263653465} logZ_min= 3.693051802459098 obs_min= 0.7461608033914728
params_new= {'a1': 1.616580753730952, 'a2': 2.921186973360886, 'a3': 4.583932636547665} logZ_new= 3.693052332632257 obs_new= 0.7458779525903392
params_max= {'a1': 1.616580753730952, 'a2': 2.921186973360886, 'a3': 4.5839326365606805} logZ_max= 3.6812601275125765 obs_max= 0.7638469394004276
dist_min= tensor(18.7375) dist_max= tensor(8642.6960)
params_min,params_max=params_new,params_max
evaluating model at params_new={'a1': 1.616580753730952, 'a2': 2.921186973360886, 'a3': 4.583932636554173}
params_min= {'a1': 1.616580753730952, 'a2': 2.921186973360886, 'a3': 4.583932636547665} logZ_min= 3.693052332632257 obs_min= 0.7458779525903392
params_new= {'a1': 1.616580753730952, 'a2': 2.921186973360886, 'a3': 4.583932636554173} logZ_new= 3.681260148148612 obs_new= 0.7638733361705101
params_max= {'a1': 1.616580753730952, 'a2': 2.921186973360886, 'a3': 4.5839326365606805} logZ_max= 3.6812601275125765 obs_max= 0.7638469394004276
dist_min= tensor(140.7022) dist_max= tensor(8640.8897)
params_min,params_max=params_new,params_max
evaluating model at params_new={'a1': 1.616580753730952, 'a2': 2.921186973360886, 'a3': 4.583932636557426}
params_min= {'a1': 1.616580753730952, 'a2': 2.921186973360886, 'a3': 4.583932636554173} logZ_min= 3.681260148148612 obs_min= 0.7638733361705101
params_new= {'a1': 1.616580753730952, 'a2': 2.921186973360886, 'a3': 4.583932636557426} logZ_new= nan obs_new= 0.7460420216476502
params_max= {'a1': 1.616580753730952, 'a2': 2.921186973360886, 'a3': 4.5839326365606805} logZ_max= 3.6812601275125765 obs_max= 0.7638469394004276
dist_min= tensor(139.6797) dist_max= tensor(8642.8638)
params_min,params_max=params_new,params_max
evaluating model at params_new={'a1': 1.616580753730952, 'a2': 2.921186973360886, 'a3': 4.583932636559053}
params_min= {'a1': 1.616580753730952, 'a2': 2.921186973360886, 'a3': 4.583932636557426} logZ_min= nan obs_min= 0.7460420216476502
params_new= {'a1': 1.616580753730952, 'a2': 2.921186973360886, 'a3': 4.583932636559053} logZ_new= 3.6812602196949644 obs_new= 0.7638724629635371
params_max= {'a1': 1.616580753730952, 'a2': 2.921186973360886, 'a3': 4.5839326365606805} logZ_max= 3.6812601275125765 obs_max= 0.7638469394004276
dist_min= tensor(139.9153) dist_max= tensor(8641.1439)
params_min,params_max=params_new,params_max
evaluating model at params_new={'a1': 1.616580753730952, 'a2': 2.921186973360886, 'a3': 4.583932636559867}
params_min= {'a1': 1.616580753730952, 'a2': 2.921186973360886, 'a3': 4.583932636559053} logZ_min= 3.6812602196949644 obs_min= 0.7638724629635371
params_new= {'a1': 1.616580753730952, 'a2': 2.921186973360886, 'a3': 4.583932636559867} logZ_new= 3.6930523365870016 obs_new= 0.745878657433742
params_max= {'a1': 1.616580753730952, 'a2': 2.921186973360886, 'a3': 4.5839326365606805} logZ_max= 3.6812601275125765 obs_max= 0.7638469394004276
dist_min= tensor(140.9845) dist_max= tensor(8628.7065)
params_min,params_max=params_new,params_max
evaluating model at params_new={'a1': 1.616580753730952, 'a2': 2.921186973360886, 'a3': 4.583932636560274}
params_min= {'a1': 1.616580753730952, 'a2': 2.921186973360886, 'a3': 4.583932636559867} logZ_min= 3.6930523365870016 obs_min= 0.745878657433742
params_new= {'a1': 1.616580753730952, 'a2': 2.921186973360886, 'a3': 4.583932636560274} logZ_new= 3.6812601269487546 obs_new= 0.7639087121076661
params_max= {'a1': 1.616580753730952, 'a2': 2.921186973360886, 'a3': 4.5839326365606805} logZ_max= 3.6812601275125765 obs_max= 0.7638469394004276
dist_min= tensor(140.6966) dist_max= tensor(8640.8914)
params_min,params_max=params_new,params_max
evaluating model at params_new={'a1': 1.616580753730952, 'a2': 2.921186973360886, 'a3': 4.583932636560477}
params_min= {'a1': 1.616580753730952, 'a2': 2.921186973360886, 'a3': 4.583932636560274} logZ_min= 3.6812601269487546 obs_min= 0.7639087121076661
params_new= {'a1': 1.616580753730952, 'a2': 2.921186973360886, 'a3': 4.583932636560477} logZ_new= 3.6930525450967804 obs_new= 0.7463073776895934
params_max= {'a1': 1.616580753730952, 'a2': 2.921186973360886, 'a3': 4.5839326365606805} logZ_max= 3.6812601275125765 obs_max= 0.7638469394004276
dist_min= tensor(140.1768) dist_max= tensor(8642.7936)
params_min,params_max=params_new,params_max
evaluating model at params_new={'a1': 1.616580753730952, 'a2': 2.921186973360886, 'a3': 4.583932636560579}
params_min= {'a1': 1.616580753730952, 'a2': 2.921186973360886, 'a3': 4.583932636560477} logZ_min= 3.6930525450967804 obs_min= 0.7463073776895934
params_new= {'a1': 1.616580753730952, 'a2': 2.921186973360886, 'a3': 4.583932636560579} logZ_new= 3.6929453738617295 obs_new= 0.7482691037709794
params_max= {'a1': 1.616580753730952, 'a2': 2.921186973360886, 'a3': 4.5839326365606805} logZ_max= 3.6812601275125765 obs_max= 0.7638469394004276
dist_min= tensor(708.8015) dist_max= tensor(7936.5777)
params_min,params_max=params_new,params_max
evaluating model at params_new={'a1': 1.616580753730952, 'a2': 2.921186973360886, 'a3': 4.58393263656063}
params_min= {'a1': 1.616580753730952, 'a2': 2.921186973360886, 'a3': 4.583932636560579} logZ_min= 3.6929453738617295 obs_min= 0.7482691037709794
params_new= {'a1': 1.616580753730952, 'a2': 2.921186973360886, 'a3': 4.58393263656063} logZ_new= 3.681260134567188 obs_new= 0.7638591260333859
params_max= {'a1': 1.616580753730952, 'a2': 2.921186973360886, 'a3': 4.5839326365606805} logZ_max= 3.6812601275125765 obs_max= 0.7638469394004276
dist_min= tensor(708.9188) dist_max= tensor(8641.6259)
params_min,params_max=params_new,params_max
evaluating model at params_new={'a1': 1.616580753730952, 'a2': 2.921186973360886, 'a3': 4.583932636560656}
params_min= {'a1': 1.616580753730952, 'a2': 2.921186973360886, 'a3': 4.58393263656063} logZ_min= 3.681260134567188 obs_min= 0.7638591260333859
params_new= {'a1': 1.616580753730952, 'a2': 2.921186973360886, 'a3': 4.583932636560656} logZ_new= 3.693052271280882 obs_new= 0.7458750052017127
params_max= {'a1': 1.616580753730952, 'a2': 2.921186973360886, 'a3': 4.5839326365606805} logZ_max= 3.6812601275125765 obs_max= 0.7638469394004276
dist_min= tensor(259.4964) dist_max= tensor(8645.4218)
params_min,params_max=params_new,params_max
evaluating model at params_new={'a1': 1.616580753730952, 'a2': 2.921186973360886, 'a3': 4.583932636560668}
params_min= {'a1': 1.616580753730952, 'a2': 2.921186973360886, 'a3': 4.583932636560656} logZ_min= 3.693052271280882 obs_min= 0.7458750052017127
params_new= {'a1': 1.616580753730952, 'a2': 2.921186973360886, 'a3': 4.583932636560668} logZ_new= nan obs_new= 0.7637231113082932
params_max= {'a1': 1.616580753730952, 'a2': 2.921186973360886, 'a3': 4.5839326365606805} logZ_max= 3.6812601275125765 obs_max= 0.7638469394004276
dist_min= tensor(259.4865) dist_max= tensor(8641.6954)
params_min,params_max=params_new,params_max
evaluating model at params_new={'a1': 1.616580753730952, 'a2': 2.921186973360886, 'a3': 4.583932636560674}
params_min= {'a1': 1.616580753730952, 'a2': 2.921186973360886, 'a3': 4.583932636560668} logZ_min= nan obs_min= 0.7637231113082932
params_new= {'a1': 1.616580753730952, 'a2': 2.921186973360886, 'a3': 4.583932636560674} logZ_new= nan obs_new= 0.7458961842543461
params_max= {'a1': 1.616580753730952, 'a2': 2.921186973360886, 'a3': 4.5839326365606805} logZ_max= 3.6812601275125765 obs_max= 0.7638469394004276
dist_min= tensor(351.2277) dist_max= tensor(8648.6757)
params_min,params_max=params_new,params_max
evaluating model at params_new={'a1': 1.616580753730952, 'a2': 2.921186973360886, 'a3': 4.583932636560677}
params_min= {'a1': 1.616580753730952, 'a2': 2.921186973360886, 'a3': 4.583932636560674} logZ_min= nan obs_min= 0.7458961842543461
params_new= {'a1': 1.616580753730952, 'a2': 2.921186973360886, 'a3': 4.583932636560677} logZ_new= nan obs_new= 0.7458755849624027
params_max= {'a1': 1.616580753730952, 'a2': 2.921186973360886, 'a3': 4.5839326365606805} logZ_max= 3.6812601275125765 obs_max= 0.7638469394004276
dist_min= tensor(325.8251) dist_max= tensor(8642.8577)
params_min,params_max=params_new,params_max
evaluating model at params_new={'a1': 1.616580753730952, 'a2': 2.921186973360886, 'a3': 4.583932636560679}
params_min= {'a1': 1.616580753730952, 'a2': 2.921186973360886, 'a3': 4.583932636560677} logZ_min= nan obs_min= 0.7458755849624027
params_new= {'a1': 1.616580753730952, 'a2': 2.921186973360886, 'a3': 4.583932636560679} logZ_new= nan obs_new= 0.7458824462646083
params_max= {'a1': 1.616580753730952, 'a2': 2.921186973360886, 'a3': 4.5839326365606805} logZ_max= 3.6812601275125765 obs_max= 0.7638469394004276
dist_min= tensor(566.3737) dist_max= tensor(8661.1317)
params_min,params_max=params_new,params_max
evaluating model at params_new={'a1': 1.616580753730952, 'a2': 2.921186973360886, 'a3': 4.58393263656068}
params_min= {'a1': 1.616580753730952, 'a2': 2.921186973360886, 'a3': 4.583932636560679} logZ_min= nan obs_min= 0.7458824462646083
params_new= {'a1': 1.616580753730952, 'a2': 2.921186973360886, 'a3': 4.58393263656068} logZ_new= 3.6930523331968135 obs_new= 0.7458783849869864
params_max= {'a1': 1.616580753730952, 'a2': 2.921186973360886, 'a3': 4.5839326365606805} logZ_max= 3.6812601275125765 obs_max= 0.7638469394004276
dist_min= tensor(7294.6990) dist_max= tensor(11295.1698)
params_min,params_max=params_new,params_max
critical params found:  {'a1': 1.616580753730952, 'a2': 2.921186973360886, 'a3': 4.5839326365606805}
reference params:  {'a1': 1.1547005383792515, 'a2': 1.8257418583505538, 'a3': 4.47213595499958}
file saved to  data/AKLT3D_X10_scan_grid_critical_a3/a1_1.6165808_a2_2.9211870/Tc.json
