Start running find_critical_temp.py with options:{'filename': 'data/AKLT3D_X10_scan_grid_critical_a3/a1_1.1547005_a2_1.8257419/Tc.json', 'log_filename': 'data/AKLT3D_X10_scan_grid_critical_a3/a1_1.1547005_a2_1.8257419/Tc.log', 'nLayers': 60, 'max_dim': 10, 'model': 'AKLT3D', 'params_min': "{'a1': 1.1547005383792517, 'a2': 1.8257418583505536, 'a3': 3.577708763999664}", 'params_max': "{'a1': 1.1547005383792517, 'a2': 1.8257418583505536, 'a3': 4.47213595499958}", 'params_ref': None, 'observable_name': 'magnetizationZ', 'tol': 0.0, 'gilt_enabled': False, 'gilt_eps': 8e-07, 'gilt_nIter': 1, 'mcf_enabled': True, 'mcf_eps': 1e-16, 'mcf_max_iter': 200, 'hotrg_sanity_check': False, 'version': 1, 'device': 'cuda:1'}
loading library...
evaluating model at params_min={'a1': 1.1547005383792517, 'a2': 1.8257418583505536, 'a3': 3.577708763999664}
params_min= {'a1': 1.1547005383792517, 'a2': 1.8257418583505536, 'a3': 3.577708763999664} logZ_min= nan obs_min= 4.483901188809628e-31
evaluating model at params_max={'a1': 1.1547005383792517, 'a2': 1.8257418583505536, 'a3': 4.47213595499958}
params_max= {'a1': 1.1547005383792517, 'a2': 1.8257418583505536, 'a3': 4.47213595499958} logZ_max= 3.0981384252391804 obs_max= 1.3230407682348748
searching for critical temperature using bisection method
evaluating model at params_new={'a1': 1.1547005383792517, 'a2': 1.8257418583505536, 'a3': 4.024922359499621}
params_min= {'a1': 1.1547005383792517, 'a2': 1.8257418583505536, 'a3': 3.577708763999664} logZ_min= nan obs_min= 4.483901188809628e-31
params_new= {'a1': 1.1547005383792517, 'a2': 1.8257418583505536, 'a3': 4.024922359499621} logZ_new= 3.0816496372350874 obs_new= 6.220496972959509e-33
params_max= {'a1': 1.1547005383792517, 'a2': 1.8257418583505536, 'a3': 4.47213595499958} logZ_max= 3.0981384252391804 obs_max= 1.3230407682348748
dist_min= tensor(151.1630) dist_max= tensor(6.8847)
params_min,params_max=params_min,params_new
evaluating model at params_new={'a1': 1.1547005383792517, 'a2': 1.8257418583505536, 'a3': 3.8013155617496426}
params_min= {'a1': 1.1547005383792517, 'a2': 1.8257418583505536, 'a3': 3.577708763999664} logZ_min= nan obs_min= 4.483901188809628e-31
params_new= {'a1': 1.1547005383792517, 'a2': 1.8257418583505536, 'a3': 3.8013155617496426} logZ_new= 3.0758255456888444 obs_new= 1.636078705721981e-32
params_max= {'a1': 1.1547005383792517, 'a2': 1.8257418583505536, 'a3': 4.024922359499621} logZ_max= 3.0816496372350874 obs_max= 6.220496972959509e-33
dist_min= tensor(152.7269) dist_max= tensor(31.9449)
params_min,params_max=params_min,params_new
evaluating model at params_new={'a1': 1.1547005383792517, 'a2': 1.8257418583505536, 'a3': 3.689512162874653}
params_min= {'a1': 1.1547005383792517, 'a2': 1.8257418583505536, 'a3': 3.577708763999664} logZ_min= nan obs_min= 4.483901188809628e-31
params_new= {'a1': 1.1547005383792517, 'a2': 1.8257418583505536, 'a3': 3.689512162874653} logZ_new= 3.073506379217072 obs_new= 3.337642220945275e-33
params_max= {'a1': 1.1547005383792517, 'a2': 1.8257418583505536, 'a3': 3.8013155617496426} logZ_max= 3.0758255456888444 obs_max= 1.636078705721981e-32
dist_min= tensor(145.2010) dist_max= tensor(32.1900)
params_min,params_max=params_min,params_new
evaluating model at params_new={'a1': 1.1547005383792517, 'a2': 1.8257418583505536, 'a3': 3.6336104634371584}
params_min= {'a1': 1.1547005383792517, 'a2': 1.8257418583505536, 'a3': 3.577708763999664} logZ_min= nan obs_min= 4.483901188809628e-31
params_new= {'a1': 1.1547005383792517, 'a2': 1.8257418583505536, 'a3': 3.6336104634371584} logZ_new= 3.071561500363871 obs_new= 4.9142202364242605e-31
params_max= {'a1': 1.1547005383792517, 'a2': 1.8257418583505536, 'a3': 3.689512162874653} logZ_max= 3.073506379217072 obs_max= 3.337642220945275e-33
dist_min= tensor(41.1433) dist_max= tensor(104.4548)
params_min,params_max=params_new,params_max
evaluating model at params_new={'a1': 1.1547005383792517, 'a2': 1.8257418583505536, 'a3': 3.6615613131559055}
params_min= {'a1': 1.1547005383792517, 'a2': 1.8257418583505536, 'a3': 3.6336104634371584} logZ_min= 3.071561500363871 obs_min= 4.9142202364242605e-31
params_new= {'a1': 1.1547005383792517, 'a2': 1.8257418583505536, 'a3': 3.6615613131559055} logZ_new= 3.0728093608519913 obs_new= 3.2970408022708894e-31
params_max= {'a1': 1.1547005383792517, 'a2': 1.8257418583505536, 'a3': 3.689512162874653} logZ_max= 3.073506379217072 obs_max= 3.337642220945275e-33
dist_min= tensor(104.2895) dist_max= tensor(5.3304)
params_min,params_max=params_min,params_new
evaluating model at params_new={'a1': 1.1547005383792517, 'a2': 1.8257418583505536, 'a3': 3.6475858882965317}
params_min= {'a1': 1.1547005383792517, 'a2': 1.8257418583505536, 'a3': 3.6336104634371584} logZ_min= 3.071561500363871 obs_min= 4.9142202364242605e-31
params_new= {'a1': 1.1547005383792517, 'a2': 1.8257418583505536, 'a3': 3.6475858882965317} logZ_new= 3.0724559126586746 obs_new= 2.2413121935477634e-34
params_max= {'a1': 1.1547005383792517, 'a2': 1.8257418583505536, 'a3': 3.6615613131559055} logZ_max= 3.0728093608519913 obs_max= 3.2970408022708894e-31
dist_min= tensor(191.8390) dist_max= tensor(160.3225)
params_min,params_max=params_min,params_new
evaluating model at params_new={'a1': 1.1547005383792517, 'a2': 1.8257418583505536, 'a3': 3.6405981758668453}
params_min= {'a1': 1.1547005383792517, 'a2': 1.8257418583505536, 'a3': 3.6336104634371584} logZ_min= 3.071561500363871 obs_min= 4.9142202364242605e-31
params_new= {'a1': 1.1547005383792517, 'a2': 1.8257418583505536, 'a3': 3.6405981758668453} logZ_new= nan obs_new= 3.312212424319595e-32
params_max= {'a1': 1.1547005383792517, 'a2': 1.8257418583505536, 'a3': 3.6475858882965317} logZ_max= 3.0724559126586746 obs_max= 2.2413121935477634e-34
dist_min= tensor(4.2182) dist_max= tensor(190.1802)
params_min,params_max=params_new,params_max
evaluating model at params_new={'a1': 1.1547005383792517, 'a2': 1.8257418583505536, 'a3': 3.6440920320816885}
params_min= {'a1': 1.1547005383792517, 'a2': 1.8257418583505536, 'a3': 3.6405981758668453} logZ_min= nan obs_min= 3.312212424319595e-32
params_new= {'a1': 1.1547005383792517, 'a2': 1.8257418583505536, 'a3': 3.6440920320816885} logZ_new= 3.0723230212385753 obs_new= 4.547520372642246e-33
params_max= {'a1': 1.1547005383792517, 'a2': 1.8257418583505536, 'a3': 3.6475858882965317} logZ_max= 3.0724559126586746 obs_max= 2.2413121935477634e-34
dist_min= tensor(100.1611) dist_max= tensor(157.0873)
params_min,params_max=params_new,params_max
evaluating model at params_new={'a1': 1.1547005383792517, 'a2': 1.8257418583505536, 'a3': 3.64583896018911}
params_min= {'a1': 1.1547005383792517, 'a2': 1.8257418583505536, 'a3': 3.6440920320816885} logZ_min= 3.0723230212385753 obs_min= 4.547520372642246e-33
params_new= {'a1': 1.1547005383792517, 'a2': 1.8257418583505536, 'a3': 3.64583896018911} logZ_new= nan obs_new= 7.60365879701678e-33
params_max= {'a1': 1.1547005383792517, 'a2': 1.8257418583505536, 'a3': 3.6475858882965317} logZ_max= 3.0724559126586746 obs_max= 2.2413121935477634e-34
dist_min= tensor(3.4324) dist_max= tensor(160.4222)
params_min,params_max=params_new,params_max
evaluating model at params_new={'a1': 1.1547005383792517, 'a2': 1.8257418583505536, 'a3': 3.646712424242821}
params_min= {'a1': 1.1547005383792517, 'a2': 1.8257418583505536, 'a3': 3.64583896018911} logZ_min= nan obs_min= 7.60365879701678e-33
params_new= {'a1': 1.1547005383792517, 'a2': 1.8257418583505536, 'a3': 3.646712424242821} logZ_new= nan obs_new= 1.0396212624158787e-35
params_max= {'a1': 1.1547005383792517, 'a2': 1.8257418583505536, 'a3': 3.6475858882965317} logZ_max= 3.0724559126586746 obs_max= 2.2413121935477634e-34
dist_min= tensor(10.9174) dist_max= tensor(161.7550)
params_min,params_max=params_new,params_max
evaluating model at params_new={'a1': 1.1547005383792517, 'a2': 1.8257418583505536, 'a3': 3.647149156269676}
params_min= {'a1': 1.1547005383792517, 'a2': 1.8257418583505536, 'a3': 3.646712424242821} logZ_min= nan obs_min= 1.0396212624158787e-35
params_new= {'a1': 1.1547005383792517, 'a2': 1.8257418583505536, 'a3': 3.647149156269676} logZ_new= 3.0724307532283333 obs_new= 1.0525516162654632e-33
params_max= {'a1': 1.1547005383792517, 'a2': 1.8257418583505536, 'a3': 3.6475858882965317} logZ_max= 3.0724559126586746 obs_max= 2.2413121935477634e-34
dist_min= tensor(10.5559) dist_max= tensor(161.5751)
params_min,params_max=params_new,params_max
evaluating model at params_new={'a1': 1.1547005383792517, 'a2': 1.8257418583505536, 'a3': 3.647367522283104}
params_min= {'a1': 1.1547005383792517, 'a2': 1.8257418583505536, 'a3': 3.647149156269676} logZ_min= 3.0724307532283333 obs_min= 1.0525516162654632e-33
params_new= {'a1': 1.1547005383792517, 'a2': 1.8257418583505536, 'a3': 3.647367522283104} logZ_new= nan obs_new= 5.376788858895479e-32
params_max= {'a1': 1.1547005383792517, 'a2': 1.8257418583505536, 'a3': 3.6475858882965317} logZ_max= 3.0724559126586746 obs_max= 2.2413121935477634e-34
dist_min= tensor(5.0998) dist_max= tensor(161.6512)
params_min,params_max=params_new,params_max
evaluating model at params_new={'a1': 1.1547005383792517, 'a2': 1.8257418583505536, 'a3': 3.647476705289818}
params_min= {'a1': 1.1547005383792517, 'a2': 1.8257418583505536, 'a3': 3.647367522283104} logZ_min= nan obs_min= 5.376788858895479e-32
params_new= {'a1': 1.1547005383792517, 'a2': 1.8257418583505536, 'a3': 3.647476705289818} logZ_new= 3.07244624072527 obs_new= 8.470517825236551e-31
params_max= {'a1': 1.1547005383792517, 'a2': 1.8257418583505536, 'a3': 3.6475858882965317} logZ_max= 3.0724559126586746 obs_max= 2.2413121935477634e-34
dist_min= tensor(4.4368) dist_max= tensor(160.2799)
params_min,params_max=params_new,params_max
evaluating model at params_new={'a1': 1.1547005383792517, 'a2': 1.8257418583505536, 'a3': 3.647531296793175}
params_min= {'a1': 1.1547005383792517, 'a2': 1.8257418583505536, 'a3': 3.647476705289818} logZ_min= 3.07244624072527 obs_min= 8.470517825236551e-31
params_new= {'a1': 1.1547005383792517, 'a2': 1.8257418583505536, 'a3': 3.647531296793175} logZ_new= 3.0724538517934787 obs_new= 4.221048263465685e-31
params_max= {'a1': 1.1547005383792517, 'a2': 1.8257418583505536, 'a3': 3.6475858882965317} logZ_max= 3.0724559126586746 obs_max= 2.2413121935477634e-34
dist_min= tensor(2.8793) dist_max= tensor(160.3280)
params_min,params_max=params_new,params_max
evaluating model at params_new={'a1': 1.1547005383792517, 'a2': 1.8257418583505536, 'a3': 3.6475585925448533}
params_min= {'a1': 1.1547005383792517, 'a2': 1.8257418583505536, 'a3': 3.647531296793175} logZ_min= 3.0724538517934787 obs_min= 4.221048263465685e-31
params_new= {'a1': 1.1547005383792517, 'a2': 1.8257418583505536, 'a3': 3.6475585925448533} logZ_new= 3.072097673499055 obs_new= 1.400960303128344e-31
params_max= {'a1': 1.1547005383792517, 'a2': 1.8257418583505536, 'a3': 3.6475858882965317} logZ_max= 3.0724559126586746 obs_max= 2.2413121935477634e-34
dist_min= tensor(3.2555) dist_max= tensor(161.1276)
params_min,params_max=params_new,params_max
evaluating model at params_new={'a1': 1.1547005383792517, 'a2': 1.8257418583505536, 'a3': 3.6475722404206925}
params_min= {'a1': 1.1547005383792517, 'a2': 1.8257418583505536, 'a3': 3.6475585925448533} logZ_min= 3.072097673499055 obs_min= 1.400960303128344e-31
params_new= {'a1': 1.1547005383792517, 'a2': 1.8257418583505536, 'a3': 3.6475722404206925} logZ_new= 3.0724530323224606 obs_new= 2.5725410927132037e-31
params_max= {'a1': 1.1547005383792517, 'a2': 1.8257418583505536, 'a3': 3.6475858882965317} logZ_max= 3.0724559126586746 obs_max= 2.2413121935477634e-34
dist_min= tensor(3.1853) dist_max= tensor(160.3257)
params_min,params_max=params_new,params_max
evaluating model at params_new={'a1': 1.1547005383792517, 'a2': 1.8257418583505536, 'a3': 3.647579064358612}
params_min= {'a1': 1.1547005383792517, 'a2': 1.8257418583505536, 'a3': 3.6475722404206925} logZ_min= 3.0724530323224606 obs_min= 2.5725410927132037e-31
params_new= {'a1': 1.1547005383792517, 'a2': 1.8257418583505536, 'a3': 3.647579064358612} logZ_new= 3.0724545591812418 obs_new= 3.705114117005589e-31
params_max= {'a1': 1.1547005383792517, 'a2': 1.8257418583505536, 'a3': 3.6475858882965317} logZ_max= 3.0724559126586746 obs_max= 2.2413121935477634e-34
dist_min= tensor(1.0257) dist_max= tensor(160.3493)
params_min,params_max=params_new,params_max
evaluating model at params_new={'a1': 1.1547005383792517, 'a2': 1.8257418583505536, 'a3': 3.647582476327572}
params_min= {'a1': 1.1547005383792517, 'a2': 1.8257418583505536, 'a3': 3.647579064358612} logZ_min= 3.0724545591812418 obs_min= 3.705114117005589e-31
params_new= {'a1': 1.1547005383792517, 'a2': 1.8257418583505536, 'a3': 3.647582476327572} logZ_new= 3.072455605016626 obs_new= 3.6317441237202325e-31
params_max= {'a1': 1.1547005383792517, 'a2': 1.8257418583505536, 'a3': 3.6475858882965317} logZ_max= 3.0724559126586746 obs_max= 2.2413121935477634e-34
dist_min= tensor(1.0304) dist_max= tensor(160.3276)
params_min,params_max=params_new,params_max
evaluating model at params_new={'a1': 1.1547005383792517, 'a2': 1.8257418583505536, 'a3': 3.647584182312052}
params_min= {'a1': 1.1547005383792517, 'a2': 1.8257418583505536, 'a3': 3.647582476327572} logZ_min= 3.072455605016626 obs_min= 3.6317441237202325e-31
params_new= {'a1': 1.1547005383792517, 'a2': 1.8257418583505536, 'a3': 3.647584182312052} logZ_new= 3.072442805027407 obs_new= 2.353942615727877e-31
params_max= {'a1': 1.1547005383792517, 'a2': 1.8257418583505536, 'a3': 3.6475858882965317} logZ_max= 3.0724559126586746 obs_max= 2.2413121935477634e-34
dist_min= tensor(1.5934) dist_max= tensor(160.2838)
params_min,params_max=params_new,params_max
evaluating model at params_new={'a1': 1.1547005383792517, 'a2': 1.8257418583505536, 'a3': 3.647585035304292}
params_min= {'a1': 1.1547005383792517, 'a2': 1.8257418583505536, 'a3': 3.647584182312052} logZ_min= 3.072442805027407 obs_min= 2.353942615727877e-31
params_new= {'a1': 1.1547005383792517, 'a2': 1.8257418583505536, 'a3': 3.647585035304292} logZ_new= nan obs_new= 8.004160398375898e-34
params_max= {'a1': 1.1547005383792517, 'a2': 1.8257418583505536, 'a3': 3.6475858882965317} logZ_max= 3.0724559126586746 obs_max= 2.2413121935477634e-34
dist_min= tensor(3.8771) dist_max= tensor(160.6329)
params_min,params_max=params_new,params_max
evaluating model at params_new={'a1': 1.1547005383792517, 'a2': 1.8257418583505536, 'a3': 3.6475854618004115}
params_min= {'a1': 1.1547005383792517, 'a2': 1.8257418583505536, 'a3': 3.647585035304292} logZ_min= nan obs_min= 8.004160398375898e-34
params_new= {'a1': 1.1547005383792517, 'a2': 1.8257418583505536, 'a3': 3.6475854618004115} logZ_new= 3.0724554057962505 obs_new= 6.718403931500682e-32
params_max= {'a1': 1.1547005383792517, 'a2': 1.8257418583505536, 'a3': 3.6475858882965317} logZ_max= 3.0724559126586746 obs_max= 2.2413121935477634e-34
dist_min= tensor(4.2054) dist_max= tensor(160.3498)
params_min,params_max=params_new,params_max
evaluating model at params_new={'a1': 1.1547005383792517, 'a2': 1.8257418583505536, 'a3': 3.6475856750484716}
params_min= {'a1': 1.1547005383792517, 'a2': 1.8257418583505536, 'a3': 3.6475854618004115} logZ_min= 3.0724554057962505 obs_min= 6.718403931500682e-32
params_new= {'a1': 1.1547005383792517, 'a2': 1.8257418583505536, 'a3': 3.6475856750484716} logZ_new= nan obs_new= 2.096543460109553e-33
params_max= {'a1': 1.1547005383792517, 'a2': 1.8257418583505536, 'a3': 3.6475858882965317} logZ_max= 3.0724559126586746 obs_max= 2.2413121935477634e-34
dist_min= tensor(165.7230) dist_max= tensor(231.9194)
params_min,params_max=params_new,params_max
evaluating model at params_new={'a1': 1.1547005383792517, 'a2': 1.8257418583505536, 'a3': 3.6475857816725017}
params_min= {'a1': 1.1547005383792517, 'a2': 1.8257418583505536, 'a3': 3.6475856750484716} logZ_min= nan obs_min= 2.096543460109553e-33
params_new= {'a1': 1.1547005383792517, 'a2': 1.8257418583505536, 'a3': 3.6475857816725017} logZ_new= 3.072345397913483 obs_new= 3.955629209991994e-31
params_max= {'a1': 1.1547005383792517, 'a2': 1.8257418583505536, 'a3': 3.6475858882965317} logZ_max= 3.0724559126586746 obs_max= 2.2413121935477634e-34
dist_min= tensor(167.2093) dist_max= tensor(161.7938)
params_min,params_max=params_min,params_new
evaluating model at params_new={'a1': 1.1547005383792517, 'a2': 1.8257418583505536, 'a3': 3.647585728360487}
params_min= {'a1': 1.1547005383792517, 'a2': 1.8257418583505536, 'a3': 3.6475856750484716} logZ_min= nan obs_min= 2.096543460109553e-33
params_new= {'a1': 1.1547005383792517, 'a2': 1.8257418583505536, 'a3': 3.647585728360487} logZ_new= 3.0724524441975505 obs_new= 7.166282642224353e-32
params_max= {'a1': 1.1547005383792517, 'a2': 1.8257418583505536, 'a3': 3.6475857816725017} logZ_max= 3.072345397913483 obs_max= 3.955629209991994e-31
dist_min= tensor(165.6142) dist_max= tensor(4.7987)
params_min,params_max=params_min,params_new
evaluating model at params_new={'a1': 1.1547005383792517, 'a2': 1.8257418583505536, 'a3': 3.6475857017044793}
params_min= {'a1': 1.1547005383792517, 'a2': 1.8257418583505536, 'a3': 3.6475856750484716} logZ_min= nan obs_min= 2.096543460109553e-33
params_new= {'a1': 1.1547005383792517, 'a2': 1.8257418583505536, 'a3': 3.6475857017044793} logZ_new= 3.072453702268454 obs_new= 3.371838866393275e-31
params_max= {'a1': 1.1547005383792517, 'a2': 1.8257418583505536, 'a3': 3.647585728360487} logZ_max= 3.0724524441975505 obs_max= 7.166282642224353e-32
dist_min= tensor(165.6339) dist_max= tensor(0.9550)
params_min,params_max=params_min,params_new
evaluating model at params_new={'a1': 1.1547005383792517, 'a2': 1.8257418583505536, 'a3': 3.6475856883764752}
params_min= {'a1': 1.1547005383792517, 'a2': 1.8257418583505536, 'a3': 3.6475856750484716} logZ_min= nan obs_min= 2.096543460109553e-33
params_new= {'a1': 1.1547005383792517, 'a2': 1.8257418583505536, 'a3': 3.6475856883764752} logZ_new= nan obs_new= 4.414281722129418e-34
params_max= {'a1': 1.1547005383792517, 'a2': 1.8257418583505536, 'a3': 3.6475857017044793} logZ_max= 3.072453702268454 obs_max= 3.371838866393275e-31
dist_min= tensor(165.9651) dist_max= tensor(4.6816)
params_min,params_max=params_min,params_new
evaluating model at params_new={'a1': 1.1547005383792517, 'a2': 1.8257418583505536, 'a3': 3.6475856817124734}
params_min= {'a1': 1.1547005383792517, 'a2': 1.8257418583505536, 'a3': 3.6475856750484716} logZ_min= nan obs_min= 2.096543460109553e-33
params_new= {'a1': 1.1547005383792517, 'a2': 1.8257418583505536, 'a3': 3.6475856817124734} logZ_new= nan obs_new= 2.5288119030013124e-33
params_max= {'a1': 1.1547005383792517, 'a2': 1.8257418583505536, 'a3': 3.6475856883764752} logZ_max= nan obs_max= 4.414281722129418e-34
dist_min= tensor(163.6792) dist_max= tensor(4.0009)
params_min,params_max=params_min,params_new
evaluating model at params_new={'a1': 1.1547005383792517, 'a2': 1.8257418583505536, 'a3': 3.6475856783804725}
params_min= {'a1': 1.1547005383792517, 'a2': 1.8257418583505536, 'a3': 3.6475856750484716} logZ_min= nan obs_min= 2.096543460109553e-33
params_new= {'a1': 1.1547005383792517, 'a2': 1.8257418583505536, 'a3': 3.6475856783804725} logZ_new= 3.0724558344420174 obs_new= 2.89484692442273e-31
params_max= {'a1': 1.1547005383792517, 'a2': 1.8257418583505536, 'a3': 3.6475856817124734} logZ_max= nan obs_max= 2.5288119030013124e-33
dist_min= tensor(165.7233) dist_max= tensor(4.8543)
params_min,params_max=params_min,params_new
evaluating model at params_new={'a1': 1.1547005383792517, 'a2': 1.8257418583505536, 'a3': 3.6475856767144723}
params_min= {'a1': 1.1547005383792517, 'a2': 1.8257418583505536, 'a3': 3.6475856750484716} logZ_min= nan obs_min= 2.096543460109553e-33
params_new= {'a1': 1.1547005383792517, 'a2': 1.8257418583505536, 'a3': 3.6475856767144723} logZ_new= 3.0724413235042403 obs_new= 2.7842177251210285e-33
params_max= {'a1': 1.1547005383792517, 'a2': 1.8257418583505536, 'a3': 3.6475856783804725} logZ_max= 3.0724558344420174 obs_max= 2.89484692442273e-31
dist_min= tensor(167.5861) dist_max= tensor(19.4679)
params_min,params_max=params_min,params_new
evaluating model at params_new={'a1': 1.1547005383792517, 'a2': 1.8257418583505536, 'a3': 3.647585675881472}
params_min= {'a1': 1.1547005383792517, 'a2': 1.8257418583505536, 'a3': 3.6475856750484716} logZ_min= nan obs_min= 2.096543460109553e-33
params_new= {'a1': 1.1547005383792517, 'a2': 1.8257418583505536, 'a3': 3.647585675881472} logZ_new= 3.07245099467566 obs_new= 1.6956983780270637e-34
params_max= {'a1': 1.1547005383792517, 'a2': 1.8257418583505536, 'a3': 3.6475856767144723} logZ_max= 3.0724413235042403 obs_max= 2.7842177251210285e-33
dist_min= tensor(172.4889) dist_max= tensor(48.2201)
params_min,params_max=params_min,params_new
evaluating model at params_new={'a1': 1.1547005383792517, 'a2': 1.8257418583505536, 'a3': 3.647585675464972}
params_min= {'a1': 1.1547005383792517, 'a2': 1.8257418583505536, 'a3': 3.6475856750484716} logZ_min= nan obs_min= 2.096543460109553e-33
params_new= {'a1': 1.1547005383792517, 'a2': 1.8257418583505536, 'a3': 3.647585675464972} logZ_new= nan obs_new= 7.3265937384953e-34
params_max= {'a1': 1.1547005383792517, 'a2': 1.8257418583505536, 'a3': 3.647585675881472} logZ_max= 3.07245099467566 obs_max= 1.6956983780270637e-34
dist_min= tensor(144.3225) dist_max= tensor(49.1203)
params_min,params_max=params_min,params_new
evaluating model at params_new={'a1': 1.1547005383792517, 'a2': 1.8257418583505536, 'a3': 3.647585675256722}
params_min= {'a1': 1.1547005383792517, 'a2': 1.8257418583505536, 'a3': 3.6475856750484716} logZ_min= nan obs_min= 2.096543460109553e-33
params_new= {'a1': 1.1547005383792517, 'a2': 1.8257418583505536, 'a3': 3.647585675256722} logZ_new= 3.0724554675206877 obs_new= 1.1243342511220778e-33
params_max= {'a1': 1.1547005383792517, 'a2': 1.8257418583505536, 'a3': 3.647585675464972} logZ_max= nan obs_max= 7.3265937384953e-34
dist_min= tensor(186.9630) dist_max= tensor(87.3360)
params_min,params_max=params_min,params_new
evaluating model at params_new={'a1': 1.1547005383792517, 'a2': 1.8257418583505536, 'a3': 3.647585675152597}
params_min= {'a1': 1.1547005383792517, 'a2': 1.8257418583505536, 'a3': 3.6475856750484716} logZ_min= nan obs_min= 2.096543460109553e-33
params_new= {'a1': 1.1547005383792517, 'a2': 1.8257418583505536, 'a3': 3.647585675152597} logZ_new= 3.0721476798820895 obs_new= 2.641215878797964e-33
params_max= {'a1': 1.1547005383792517, 'a2': 1.8257418583505536, 'a3': 3.647585675256722} logZ_max= 3.0724554675206877 obs_max= 1.1243342511220778e-33
dist_min= tensor(167.1715) dist_max= tensor(84.9342)
params_min,params_max=params_min,params_new
evaluating model at params_new={'a1': 1.1547005383792517, 'a2': 1.8257418583505536, 'a3': 3.647585675100534}
params_min= {'a1': 1.1547005383792517, 'a2': 1.8257418583505536, 'a3': 3.6475856750484716} logZ_min= nan obs_min= 2.096543460109553e-33
params_new= {'a1': 1.1547005383792517, 'a2': 1.8257418583505536, 'a3': 3.647585675100534} logZ_new= 3.0724538957615994 obs_new= 1.745592552040067e-33
params_max= {'a1': 1.1547005383792517, 'a2': 1.8257418583505536, 'a3': 3.647585675152597} logZ_max= 3.0721476798820895 obs_max= 2.641215878797964e-33
dist_min= tensor(167.0289) dist_max= tensor(9.2489)
params_min,params_max=params_min,params_new
evaluating model at params_new={'a1': 1.1547005383792517, 'a2': 1.8257418583505536, 'a3': 3.647585675074503}
params_min= {'a1': 1.1547005383792517, 'a2': 1.8257418583505536, 'a3': 3.6475856750484716} logZ_min= nan obs_min= 2.096543460109553e-33
params_new= {'a1': 1.1547005383792517, 'a2': 1.8257418583505536, 'a3': 3.647585675074503} logZ_new= 3.072418530195279 obs_new= 9.288150745685706e-32
params_max= {'a1': 1.1547005383792517, 'a2': 1.8257418583505536, 'a3': 3.647585675100534} logZ_max= 3.0724538957615994 obs_max= 1.745592552040067e-33
dist_min= tensor(167.1835) dist_max= tensor(9.5279)
params_min,params_max=params_min,params_new
evaluating model at params_new={'a1': 1.1547005383792517, 'a2': 1.8257418583505536, 'a3': 3.647585675061487}
params_min= {'a1': 1.1547005383792517, 'a2': 1.8257418583505536, 'a3': 3.6475856750484716} logZ_min= nan obs_min= 2.096543460109553e-33
params_new= {'a1': 1.1547005383792517, 'a2': 1.8257418583505536, 'a3': 3.647585675061487} logZ_new= 3.07245490349803 obs_new= 2.4198919091541577e-33
params_max= {'a1': 1.1547005383792517, 'a2': 1.8257418583505536, 'a3': 3.647585675074503} logZ_max= 3.072418530195279 obs_max= 9.288150745685706e-32
dist_min= tensor(166.5703) dist_max= tensor(2.6007)
params_min,params_max=params_min,params_new
evaluating model at params_new={'a1': 1.1547005383792517, 'a2': 1.8257418583505536, 'a3': 3.6475856750549793}
params_min= {'a1': 1.1547005383792517, 'a2': 1.8257418583505536, 'a3': 3.6475856750484716} logZ_min= nan obs_min= 2.096543460109553e-33
params_new= {'a1': 1.1547005383792517, 'a2': 1.8257418583505536, 'a3': 3.6475856750549793} logZ_new= 3.0724542187435375 obs_new= 1.0937711464705555e-33
params_max= {'a1': 1.1547005383792517, 'a2': 1.8257418583505536, 'a3': 3.647585675061487} logZ_max= 3.07245490349803 obs_max= 2.4198919091541577e-33
dist_min= tensor(165.6316) dist_max= tensor(3.6154)
params_min,params_max=params_min,params_new
evaluating model at params_new={'a1': 1.1547005383792517, 'a2': 1.8257418583505536, 'a3': 3.6475856750517255}
params_min= {'a1': 1.1547005383792517, 'a2': 1.8257418583505536, 'a3': 3.6475856750484716} logZ_min= nan obs_min= 2.096543460109553e-33
params_new= {'a1': 1.1547005383792517, 'a2': 1.8257418583505536, 'a3': 3.6475856750517255} logZ_new= 3.07244912819095 obs_new= 3.5370564596833103e-32
params_max= {'a1': 1.1547005383792517, 'a2': 1.8257418583505536, 'a3': 3.6475856750549793} logZ_max= 3.0724542187435375 obs_max= 1.0937711464705555e-33
dist_min= tensor(165.5783) dist_max= tensor(3.0657)
params_min,params_max=params_min,params_new
evaluating model at params_new={'a1': 1.1547005383792517, 'a2': 1.8257418583505536, 'a3': 3.647585675050099}
params_min= {'a1': 1.1547005383792517, 'a2': 1.8257418583505536, 'a3': 3.6475856750484716} logZ_min= nan obs_min= 2.096543460109553e-33
params_new= {'a1': 1.1547005383792517, 'a2': 1.8257418583505536, 'a3': 3.647585675050099} logZ_new= nan obs_new= 1.2614043499962998e-31
params_max= {'a1': 1.1547005383792517, 'a2': 1.8257418583505536, 'a3': 3.6475856750517255} logZ_max= 3.07244912819095 obs_max= 3.5370564596833103e-32
dist_min= tensor(166.0891) dist_max= tensor(2.6504)
params_min,params_max=params_min,params_new
evaluating model at params_new={'a1': 1.1547005383792517, 'a2': 1.8257418583505536, 'a3': 3.647585675049285}
params_min= {'a1': 1.1547005383792517, 'a2': 1.8257418583505536, 'a3': 3.6475856750484716} logZ_min= nan obs_min= 2.096543460109553e-33
params_new= {'a1': 1.1547005383792517, 'a2': 1.8257418583505536, 'a3': 3.647585675049285} logZ_new= nan obs_new= 7.534007192738205e-33
params_max= {'a1': 1.1547005383792517, 'a2': 1.8257418583505536, 'a3': 3.647585675050099} logZ_max= nan obs_max= 1.2614043499962998e-31
dist_min= tensor(152.6172) dist_max= tensor(13.4944)
params_min,params_max=params_min,params_new
evaluating model at params_new={'a1': 1.1547005383792517, 'a2': 1.8257418583505536, 'a3': 3.6475856750488784}
params_min= {'a1': 1.1547005383792517, 'a2': 1.8257418583505536, 'a3': 3.6475856750484716} logZ_min= nan obs_min= 2.096543460109553e-33
params_new= {'a1': 1.1547005383792517, 'a2': 1.8257418583505536, 'a3': 3.6475856750488784} logZ_new= 3.072453454390519 obs_new= 1.3255077546475045e-31
params_max= {'a1': 1.1547005383792517, 'a2': 1.8257418583505536, 'a3': 3.647585675049285} logZ_max= nan obs_max= 7.534007192738205e-33
dist_min= tensor(165.6336) dist_max= tensor(13.8010)
params_min,params_max=params_min,params_new
evaluating model at params_new={'a1': 1.1547005383792517, 'a2': 1.8257418583505536, 'a3': 3.647585675048675}
params_min= {'a1': 1.1547005383792517, 'a2': 1.8257418583505536, 'a3': 3.6475856750484716} logZ_min= nan obs_min= 2.096543460109553e-33
params_new= {'a1': 1.1547005383792517, 'a2': 1.8257418583505536, 'a3': 3.647585675048675} logZ_new= 3.072384891199889 obs_new= 1.565372918326536e-32
params_max= {'a1': 1.1547005383792517, 'a2': 1.8257418583505536, 'a3': 3.6475856750488784} logZ_max= 3.072453454390519 obs_max= 1.3255077546475045e-31
dist_min= tensor(311.2379) dist_max= tensor(261.8902)
params_min,params_max=params_min,params_new
evaluating model at params_new={'a1': 1.1547005383792517, 'a2': 1.8257418583505536, 'a3': 3.6475856750485733}
params_min= {'a1': 1.1547005383792517, 'a2': 1.8257418583505536, 'a3': 3.6475856750484716} logZ_min= nan obs_min= 2.096543460109553e-33
params_new= {'a1': 1.1547005383792517, 'a2': 1.8257418583505536, 'a3': 3.6475856750485733} logZ_new= 3.072455940417271 obs_new= 8.129006416172989e-31
params_max= {'a1': 1.1547005383792517, 'a2': 1.8257418583505536, 'a3': 3.647585675048675} logZ_max= 3.072384891199889 obs_max= 1.565372918326536e-32
dist_min= tensor(165.7238) dist_max= tensor(261.9165)
params_min,params_max=params_new,params_max
evaluating model at params_new={'a1': 1.1547005383792517, 'a2': 1.8257418583505536, 'a3': 3.6475856750486244}
params_min= {'a1': 1.1547005383792517, 'a2': 1.8257418583505536, 'a3': 3.6475856750485733} logZ_min= 3.072455940417271 obs_min= 8.129006416172989e-31
params_new= {'a1': 1.1547005383792517, 'a2': 1.8257418583505536, 'a3': 3.6475856750486244} logZ_new= 3.072447549668138 obs_new= 8.961460501349846e-33
params_max= {'a1': 1.1547005383792517, 'a2': 1.8257418583505536, 'a3': 3.647585675048675} logZ_max= 3.072384891199889 obs_max= 1.565372918326536e-32
dist_min= tensor(0.9753) dist_max= tensor(261.8588)
params_min,params_max=params_new,params_max
evaluating model at params_new={'a1': 1.1547005383792517, 'a2': 1.8257418583505536, 'a3': 3.6475856750486497}
params_min= {'a1': 1.1547005383792517, 'a2': 1.8257418583505536, 'a3': 3.6475856750486244} logZ_min= 3.072447549668138 obs_min= 8.961460501349846e-33
params_new= {'a1': 1.1547005383792517, 'a2': 1.8257418583505536, 'a3': 3.6475856750486497} logZ_new= 3.072440764976634 obs_new= 4.8998387023685926e-32
params_max= {'a1': 1.1547005383792517, 'a2': 1.8257418583505536, 'a3': 3.647585675048675} logZ_max= 3.072384891199889 obs_max= 1.565372918326536e-32
dist_min= tensor(1.0356) dist_max= tensor(261.9720)
params_min,params_max=params_new,params_max
evaluating model at params_new={'a1': 1.1547005383792517, 'a2': 1.8257418583505536, 'a3': 3.6475856750486626}
params_min= {'a1': 1.1547005383792517, 'a2': 1.8257418583505536, 'a3': 3.6475856750486497} logZ_min= 3.072440764976634 obs_min= 4.8998387023685926e-32
params_new= {'a1': 1.1547005383792517, 'a2': 1.8257418583505536, 'a3': 3.6475856750486626} logZ_new= nan obs_new= 1.971649054809335e-36
params_max= {'a1': 1.1547005383792517, 'a2': 1.8257418583505536, 'a3': 3.647585675048675} logZ_max= 3.072384891199889 obs_max= 1.565372918326536e-32
dist_min= tensor(2.6679) dist_max= tensor(262.9497)
params_min,params_max=params_new,params_max
evaluating model at params_new={'a1': 1.1547005383792517, 'a2': 1.8257418583505536, 'a3': 3.647585675048669}
params_min= {'a1': 1.1547005383792517, 'a2': 1.8257418583505536, 'a3': 3.6475856750486626} logZ_min= nan obs_min= 1.971649054809335e-36
params_new= {'a1': 1.1547005383792517, 'a2': 1.8257418583505536, 'a3': 3.647585675048669} logZ_new= 3.072431149865396 obs_new= 1.9730497375940667e-32
params_max= {'a1': 1.1547005383792517, 'a2': 1.8257418583505536, 'a3': 3.647585675048675} logZ_max= 3.072384891199889 obs_max= 1.565372918326536e-32
dist_min= tensor(3.2532) dist_max= tensor(263.3189)
params_min,params_max=params_new,params_max
evaluating model at params_new={'a1': 1.1547005383792517, 'a2': 1.8257418583505536, 'a3': 3.647585675048672}
params_min= {'a1': 1.1547005383792517, 'a2': 1.8257418583505536, 'a3': 3.647585675048669} logZ_min= 3.072431149865396 obs_min= 1.9730497375940667e-32
params_new= {'a1': 1.1547005383792517, 'a2': 1.8257418583505536, 'a3': 3.647585675048672} logZ_new= 3.0724556511956136 obs_new= 3.1532468869361118e-31
params_max= {'a1': 1.1547005383792517, 'a2': 1.8257418583505536, 'a3': 3.647585675048675} logZ_max= 3.072384891199889 obs_max= 1.565372918326536e-32
dist_min= tensor(4.4499) dist_max= tensor(261.7666)
params_min,params_max=params_new,params_max
evaluating model at params_new={'a1': 1.1547005383792517, 'a2': 1.8257418583505536, 'a3': 3.6475856750486733}
params_min= {'a1': 1.1547005383792517, 'a2': 1.8257418583505536, 'a3': 3.647585675048672} logZ_min= 3.0724556511956136 obs_min= 3.1532468869361118e-31
params_new= {'a1': 1.1547005383792517, 'a2': 1.8257418583505536, 'a3': 3.6475856750486733} logZ_new= nan obs_new= 3.558328287213278e-33
params_max= {'a1': 1.1547005383792517, 'a2': 1.8257418583505536, 'a3': 3.647585675048675} logZ_max= 3.072384891199889 obs_max= 1.565372918326536e-32
dist_min= tensor(101.5125) dist_max= tensor(282.4311)
params_min,params_max=params_new,params_max
evaluating model at params_new={'a1': 1.1547005383792517, 'a2': 1.8257418583505536, 'a3': 3.647585675048674}
params_min= {'a1': 1.1547005383792517, 'a2': 1.8257418583505536, 'a3': 3.6475856750486733} logZ_min= nan obs_min= 3.558328287213278e-33
params_new= {'a1': 1.1547005383792517, 'a2': 1.8257418583505536, 'a3': 3.647585675048674} logZ_new= 3.0723944435634425 obs_new= 2.3545407862373625e-32
params_max= {'a1': 1.1547005383792517, 'a2': 1.8257418583505536, 'a3': 3.647585675048675} logZ_max= 3.072384891199889 obs_max= 1.565372918326536e-32
dist_min= tensor(102.7160) dist_max= tensor(260.4300)
params_min,params_max=params_new,params_max
evaluating model at params_new={'a1': 1.1547005383792517, 'a2': 1.8257418583505536, 'a3': 3.6475856750486746}
params_min= {'a1': 1.1547005383792517, 'a2': 1.8257418583505536, 'a3': 3.647585675048674} logZ_min= 3.0723944435634425 obs_min= 2.3545407862373625e-32
params_new= {'a1': 1.1547005383792517, 'a2': 1.8257418583505536, 'a3': 3.6475856750486746} logZ_new= nan obs_new= 1.217963489342195e-33
params_max= {'a1': 1.1547005383792517, 'a2': 1.8257418583505536, 'a3': 3.647585675048675} logZ_max= 3.072384891199889 obs_max= 1.565372918326536e-32
dist_min= tensor(2.8818) dist_max= tensor(263.2311)
params_min,params_max=params_new,params_max
critical params found:  {'a1': 1.1547005383792517, 'a2': 1.8257418583505536, 'a3': 3.647585675048675}
reference params:  {'a1': 1.1547005383792515, 'a2': 1.8257418583505538, 'a3': 4.47213595499958}
file saved to  data/AKLT3D_X10_scan_grid_critical_a3/a1_1.1547005_a2_1.8257419/Tc.json
