Start running find_critical_temp.py with options:{'filename': 'data/AKLT3D_X10_scan_grid_critical_a3/a1_0.9237604_a2_0.3651484/Tc.json', 'log_filename': 'data/AKLT3D_X10_scan_grid_critical_a3/a1_0.9237604_a2_0.3651484/Tc.log', 'nLayers': 60, 'max_dim': 10, 'model': 'AKLT3D', 'params_min': "{'a1': 0.9237604307034012, 'a2': 0.3651483716701107, 'a3': 3.577708763999664}", 'params_max': "{'a1': 0.9237604307034012, 'a2': 0.3651483716701107, 'a3': 4.47213595499958}", 'params_ref': None, 'observable_name': 'magnetizationZ', 'tol': 0.0, 'gilt_enabled': False, 'gilt_eps': 8e-07, 'gilt_nIter': 1, 'mcf_enabled': True, 'mcf_eps': 1e-16, 'mcf_max_iter': 200, 'hotrg_sanity_check': False, 'version': 1, 'device': 'cuda:1'}
loading library...
evaluating model at params_min={'a1': 0.9237604307034012, 'a2': 0.3651483716701107, 'a3': 3.577708763999664}
params_min= {'a1': 0.9237604307034012, 'a2': 0.3651483716701107, 'a3': 3.577708763999664} logZ_min= 2.569059394029748 obs_min= 4.548814247075411e-33
evaluating model at params_max={'a1': 0.9237604307034012, 'a2': 0.3651483716701107, 'a3': 4.47213595499958}
params_max= {'a1': 0.9237604307034012, 'a2': 0.3651483716701107, 'a3': 4.47213595499958} logZ_max= 2.9958683668468438 obs_max= 8.996948620492187
searching for critical temperature using bisection method
evaluating model at params_new={'a1': 0.9237604307034012, 'a2': 0.3651483716701107, 'a3': 4.024922359499621}
params_min= {'a1': 0.9237604307034012, 'a2': 0.3651483716701107, 'a3': 3.577708763999664} logZ_min= 2.569059394029748 obs_min= 4.548814247075411e-33
params_new= {'a1': 0.9237604307034012, 'a2': 0.3651483716701107, 'a3': 4.024922359499621} logZ_new= 2.7851153118299594 obs_new= 8.992924070841264
params_max= {'a1': 0.9237604307034012, 'a2': 0.3651483716701107, 'a3': 4.47213595499958} logZ_max= 2.9958683668468438 obs_max= 8.996948620492187
dist_min= tensor(62.5859) dist_max= tensor(33.9563)
params_min,params_max=params_min,params_new
evaluating model at params_new={'a1': 0.9237604307034012, 'a2': 0.3651483716701107, 'a3': 3.8013155617496426}
params_min= {'a1': 0.9237604307034012, 'a2': 0.3651483716701107, 'a3': 3.577708763999664} logZ_min= 2.569059394029748 obs_min= 4.548814247075411e-33
params_new= {'a1': 0.9237604307034012, 'a2': 0.3651483716701107, 'a3': 3.8013155617496426} logZ_new= 2.6686054470756466 obs_new= 8.971704370055656
params_max= {'a1': 0.9237604307034012, 'a2': 0.3651483716701107, 'a3': 4.024922359499621} logZ_max= 2.7851153118299594 obs_max= 8.992924070841264
dist_min= tensor(28.6093) dist_max= tensor(90.9178)
params_min,params_max=params_new,params_max
evaluating model at params_new={'a1': 0.9237604307034012, 'a2': 0.3651483716701107, 'a3': 3.913118960624632}
params_min= {'a1': 0.9237604307034012, 'a2': 0.3651483716701107, 'a3': 3.8013155617496426} logZ_min= 2.6686054470756466 obs_min= 8.971704370055656
params_new= {'a1': 0.9237604307034012, 'a2': 0.3651483716701107, 'a3': 3.913118960624632} logZ_new= 2.727384525053132 obs_new= 8.980942358050449
params_max= {'a1': 0.9237604307034012, 'a2': 0.3651483716701107, 'a3': 4.024922359499621} logZ_max= 2.7851153118299594 obs_max= 8.992924070841264
dist_min= tensor(1.9646) dist_max= tensor(92.3279)
params_min,params_max=params_new,params_max
evaluating model at params_new={'a1': 0.9237604307034012, 'a2': 0.3651483716701107, 'a3': 3.9690206600621267}
params_min= {'a1': 0.9237604307034012, 'a2': 0.3651483716701107, 'a3': 3.913118960624632} logZ_min= 2.727384525053132 obs_min= 8.980942358050449
params_new= {'a1': 0.9237604307034012, 'a2': 0.3651483716701107, 'a3': 3.9690206600621267} logZ_new= 2.7571109658448734 obs_new= 8.991824522952506
params_max= {'a1': 0.9237604307034012, 'a2': 0.3651483716701107, 'a3': 4.024922359499621} logZ_max= 2.7851153118299594 obs_max= 8.992924070841264
dist_min= tensor(92.7027) dist_max= tensor(2.2935)
params_min,params_max=params_min,params_new
evaluating model at params_new={'a1': 0.9237604307034012, 'a2': 0.3651483716701107, 'a3': 3.9410698103433797}
params_min= {'a1': 0.9237604307034012, 'a2': 0.3651483716701107, 'a3': 3.913118960624632} logZ_min= 2.727384525053132 obs_min= 8.980942358050449
params_new= {'a1': 0.9237604307034012, 'a2': 0.3651483716701107, 'a3': 3.9410698103433797} logZ_new= 2.7429543770020954 obs_new= 8.991176087486554
params_max= {'a1': 0.9237604307034012, 'a2': 0.3651483716701107, 'a3': 3.9690206600621267} logZ_max= 2.7571109658448734 obs_max= 8.991824522952506
dist_min= tensor(92.8837) dist_max= tensor(0.9093)
params_min,params_max=params_min,params_new
evaluating model at params_new={'a1': 0.9237604307034012, 'a2': 0.3651483716701107, 'a3': 3.927094385484006}
params_min= {'a1': 0.9237604307034012, 'a2': 0.3651483716701107, 'a3': 3.913118960624632} logZ_min= 2.727384525053132 obs_min= 8.980942358050449
params_new= {'a1': 0.9237604307034012, 'a2': 0.3651483716701107, 'a3': 3.927094385484006} logZ_new= 2.7345875051182085 obs_new= 8.981771218628074
params_max= {'a1': 0.9237604307034012, 'a2': 0.3651483716701107, 'a3': 3.9410698103433797} logZ_max= 2.7429543770020954 obs_max= 8.991176087486554
dist_min= tensor(1.4651) dist_max= tensor(93.7970)
params_min,params_max=params_new,params_max
evaluating model at params_new={'a1': 0.9237604307034012, 'a2': 0.3651483716701107, 'a3': 3.934082097913693}
params_min= {'a1': 0.9237604307034012, 'a2': 0.3651483716701107, 'a3': 3.927094385484006} logZ_min= 2.7345875051182085 obs_min= 8.981771218628074
params_new= {'a1': 0.9237604307034012, 'a2': 0.3651483716701107, 'a3': 3.934082097913693} logZ_new= 2.7381777294616767 obs_new= 8.982166744423436
params_max= {'a1': 0.9237604307034012, 'a2': 0.3651483716701107, 'a3': 3.9410698103433797} logZ_max= 2.7429543770020954 obs_max= 8.991176087486554
dist_min= tensor(0.9478) dist_max= tensor(94.2886)
params_min,params_max=params_new,params_max
evaluating model at params_new={'a1': 0.9237604307034012, 'a2': 0.3651483716701107, 'a3': 3.937575954128536}
params_min= {'a1': 0.9237604307034012, 'a2': 0.3651483716701107, 'a3': 3.934082097913693} logZ_min= 2.7381777294616767 obs_min= 8.982166744423436
params_new= {'a1': 0.9237604307034012, 'a2': 0.3651483716701107, 'a3': 3.937575954128536} logZ_new= 2.7411774252151564 obs_new= 8.991091807011697
params_max= {'a1': 0.9237604307034012, 'a2': 0.3651483716701107, 'a3': 3.9410698103433797} logZ_max= 2.7429543770020954 obs_max= 8.991176087486554
dist_min= tensor(94.3121) dist_max= tensor(0.3228)
params_min,params_max=params_min,params_new
evaluating model at params_new={'a1': 0.9237604307034012, 'a2': 0.3651483716701107, 'a3': 3.935829026021114}
params_min= {'a1': 0.9237604307034012, 'a2': 0.3651483716701107, 'a3': 3.934082097913693} logZ_min= 2.7381777294616767 obs_min= 8.982166744423436
params_new= {'a1': 0.9237604307034012, 'a2': 0.3651483716701107, 'a3': 3.935829026021114} logZ_new= 2.7390741234150138 obs_new= 8.982263741354135
params_max= {'a1': 0.9237604307034012, 'a2': 0.3651483716701107, 'a3': 3.937575954128536} logZ_max= 2.7411774252151564 obs_max= 8.991091807011697
dist_min= tensor(0.3827) dist_max= tensor(94.4393)
params_min,params_max=params_new,params_max
evaluating model at params_new={'a1': 0.9237604307034012, 'a2': 0.3651483716701107, 'a3': 3.936702490074825}
params_min= {'a1': 0.9237604307034012, 'a2': 0.3651483716701107, 'a3': 3.935829026021114} logZ_min= 2.7390741234150138 obs_min= 8.982263741354135
params_new= {'a1': 0.9237604307034012, 'a2': 0.3651483716701107, 'a3': 3.936702490074825} logZ_new= 2.7395221467745237 obs_new= 8.98231196229813
params_max= {'a1': 0.9237604307034012, 'a2': 0.3651483716701107, 'a3': 3.937575954128536} logZ_max= 2.7411774252151564 obs_max= 8.991091807011697
dist_min= tensor(1.1226) dist_max= tensor(94.5120)
params_min,params_max=params_new,params_max
evaluating model at params_new={'a1': 0.9237604307034012, 'a2': 0.3651483716701107, 'a3': 3.9371392221016803}
params_min= {'a1': 0.9237604307034012, 'a2': 0.3651483716701107, 'a3': 3.936702490074825} logZ_min= 2.7395221467745237 obs_min= 8.98231196229813
params_new= {'a1': 0.9237604307034012, 'a2': 0.3651483716701107, 'a3': 3.9371392221016803} logZ_new= 2.7409551901211744 obs_new= 8.991077848918215
params_max= {'a1': 0.9237604307034012, 'a2': 0.3651483716701107, 'a3': 3.937575954128536} logZ_max= 2.7411774252151564 obs_max= 8.991091807011697
dist_min= tensor(94.5169) dist_max= tensor(0.3165)
params_min,params_max=params_min,params_new
evaluating model at params_new={'a1': 0.9237604307034012, 'a2': 0.3651483716701107, 'a3': 3.9369208560882525}
params_min= {'a1': 0.9237604307034012, 'a2': 0.3651483716701107, 'a3': 3.936702490074825} logZ_min= 2.7395221467745237 obs_min= 8.98231196229813
params_new= {'a1': 0.9237604307034012, 'a2': 0.3651483716701107, 'a3': 3.9369208560882525} logZ_new= 2.7408440641591225 obs_new= 8.991076883660584
params_max= {'a1': 0.9237604307034012, 'a2': 0.3651483716701107, 'a3': 3.9371392221016803} logZ_max= 2.7409551901211744 obs_max= 8.991077848918215
dist_min= tensor(94.5088) dist_max= tensor(1.5231)
params_min,params_max=params_min,params_new
evaluating model at params_new={'a1': 0.9237604307034012, 'a2': 0.3651483716701107, 'a3': 3.9368116730815386}
params_min= {'a1': 0.9237604307034012, 'a2': 0.3651483716701107, 'a3': 3.936702490074825} logZ_min= 2.7395221467745237 obs_min= 8.98231196229813
params_new= {'a1': 0.9237604307034012, 'a2': 0.3651483716701107, 'a3': 3.9368116730815386} logZ_new= 2.739578141565416 obs_new= 8.982317976973201
params_max= {'a1': 0.9237604307034012, 'a2': 0.3651483716701107, 'a3': 3.9369208560882525} logZ_max= 2.7408440641591225 obs_max= 8.991076883660584
dist_min= tensor(0.3835) dist_max= tensor(94.5164)
params_min,params_max=params_new,params_max
evaluating model at params_new={'a1': 0.9237604307034012, 'a2': 0.3651483716701107, 'a3': 3.9368662645848955}
params_min= {'a1': 0.9237604307034012, 'a2': 0.3651483716701107, 'a3': 3.9368116730815386} logZ_min= 2.739578141565416 obs_min= 8.982317976973201
params_new= {'a1': 0.9237604307034012, 'a2': 0.3651483716701107, 'a3': 3.9368662645848955} logZ_new= 2.7408162807144802 obs_new= 8.99107593841262
params_max= {'a1': 0.9237604307034012, 'a2': 0.3651483716701107, 'a3': 3.9369208560882525} logZ_max= 2.7408440641591225 obs_max= 8.991076883660584
dist_min= tensor(94.5272) dist_max= tensor(1.3739)
params_min,params_max=params_min,params_new
evaluating model at params_new={'a1': 0.9237604307034012, 'a2': 0.3651483716701107, 'a3': 3.936838968833217}
params_min= {'a1': 0.9237604307034012, 'a2': 0.3651483716701107, 'a3': 3.9368116730815386} logZ_min= 2.739578141565416 obs_min= 8.982317976973201
params_new= {'a1': 0.9237604307034012, 'a2': 0.3651483716701107, 'a3': 3.936838968833217} logZ_new= 2.740802387877181 obs_new= 8.991073367721842
params_max= {'a1': 0.9237604307034012, 'a2': 0.3651483716701107, 'a3': 3.9368662645848955} logZ_max= 2.7408162807144802 obs_max= 8.99107593841262
dist_min= tensor(94.5176) dist_max= tensor(1.2455)
params_min,params_max=params_min,params_new
evaluating model at params_new={'a1': 0.9237604307034012, 'a2': 0.3651483716701107, 'a3': 3.936825320957378}
params_min= {'a1': 0.9237604307034012, 'a2': 0.3651483716701107, 'a3': 3.9368116730815386} logZ_min= 2.739578141565416 obs_min= 8.982317976973201
params_new= {'a1': 0.9237604307034012, 'a2': 0.3651483716701107, 'a3': 3.936825320957378} logZ_new= 2.739585140787314 obs_new= 8.982318728608927
params_max= {'a1': 0.9237604307034012, 'a2': 0.3651483716701107, 'a3': 3.936838968833217} logZ_max= 2.740802387877181 obs_max= 8.991073367721842
dist_min= tensor(0.9116) dist_max= tensor(94.5204)
params_min,params_max=params_new,params_max
evaluating model at params_new={'a1': 0.9237604307034012, 'a2': 0.3651483716701107, 'a3': 3.9368321448952974}
params_min= {'a1': 0.9237604307034012, 'a2': 0.3651483716701107, 'a3': 3.936825320957378} logZ_min= 2.739585140787314 obs_min= 8.982318728608927
params_new= {'a1': 0.9237604307034012, 'a2': 0.3651483716701107, 'a3': 3.9368321448952974} logZ_new= 2.7407989147609495 obs_new= 8.991069910322892
params_max= {'a1': 0.9237604307034012, 'a2': 0.3651483716701107, 'a3': 3.936838968833217} logZ_max= 2.740802387877181 obs_max= 8.991073367721842
dist_min= tensor(94.5217) dist_max= tensor(1.2880)
params_min,params_max=params_min,params_new
evaluating model at params_new={'a1': 0.9237604307034012, 'a2': 0.3651483716701107, 'a3': 3.9368287329263376}
params_min= {'a1': 0.9237604307034012, 'a2': 0.3651483716701107, 'a3': 3.936825320957378} logZ_min= 2.739585140787314 obs_min= 8.982318728608927
params_new= {'a1': 0.9237604307034012, 'a2': 0.3651483716701107, 'a3': 3.9368287329263376} logZ_new= 2.7395868905883787 obs_new= 8.982318916504918
params_max= {'a1': 0.9237604307034012, 'a2': 0.3651483716701107, 'a3': 3.9368321448952974} logZ_max= 2.7407989147609495 obs_max= 8.991069910322892
dist_min= tensor(0.5827) dist_max= tensor(94.5187)
params_min,params_max=params_new,params_max
evaluating model at params_new={'a1': 0.9237604307034012, 'a2': 0.3651483716701107, 'a3': 3.9368304389108175}
params_min= {'a1': 0.9237604307034012, 'a2': 0.3651483716701107, 'a3': 3.9368287329263376} logZ_min= 2.7395868905883787 obs_min= 8.982318916504918
params_new= {'a1': 0.9237604307034012, 'a2': 0.3651483716701107, 'a3': 3.9368304389108175} logZ_new= 2.739587765488251 obs_new= 8.982319010462373
params_max= {'a1': 0.9237604307034012, 'a2': 0.3651483716701107, 'a3': 3.9368321448952974} logZ_max= 2.7407989147609495 obs_max= 8.991069910322892
dist_min= tensor(0.1972) dist_max= tensor(94.5197)
params_min,params_max=params_new,params_max
evaluating model at params_new={'a1': 0.9237604307034012, 'a2': 0.3651483716701107, 'a3': 3.9368312919030575}
params_min= {'a1': 0.9237604307034012, 'a2': 0.3651483716701107, 'a3': 3.9368304389108175} logZ_min= 2.739587765488251 obs_min= 8.982319010462373
params_new= {'a1': 0.9237604307034012, 'a2': 0.3651483716701107, 'a3': 3.9368312919030575} logZ_new= 2.7407984808669568 obs_new= 8.991073213597975
params_max= {'a1': 0.9237604307034012, 'a2': 0.3651483716701107, 'a3': 3.9368321448952974} logZ_max= 2.7407989147609495 obs_max= 8.991069910322892
dist_min= tensor(94.5285) dist_max= tensor(1.6338)
params_min,params_max=params_min,params_new
evaluating model at params_new={'a1': 0.9237604307034012, 'a2': 0.3651483716701107, 'a3': 3.9368308654069377}
params_min= {'a1': 0.9237604307034012, 'a2': 0.3651483716701107, 'a3': 3.9368304389108175} logZ_min= 2.739587765488251 obs_min= 8.982319010462373
params_new= {'a1': 0.9237604307034012, 'a2': 0.3651483716701107, 'a3': 3.9368308654069377} logZ_new= 2.7407982634973265 obs_new= 8.991072439275154
params_max= {'a1': 0.9237604307034012, 'a2': 0.3651483716701107, 'a3': 3.9368312919030575} logZ_max= 2.7407984808669568 obs_max= 8.991073213597975
dist_min= tensor(94.5216) dist_max= tensor(1.7598)
params_min,params_max=params_min,params_new
evaluating model at params_new={'a1': 0.9237604307034012, 'a2': 0.3651483716701107, 'a3': 3.9368306521588776}
params_min= {'a1': 0.9237604307034012, 'a2': 0.3651483716701107, 'a3': 3.9368304389108175} logZ_min= 2.739587765488251 obs_min= 8.982319010462373
params_new= {'a1': 0.9237604307034012, 'a2': 0.3651483716701107, 'a3': 3.9368306521588776} logZ_new= 2.740798156625879 obs_new= 8.991075099593482
params_max= {'a1': 0.9237604307034012, 'a2': 0.3651483716701107, 'a3': 3.9368308654069377} logZ_max= 2.7407982634973265 obs_max= 8.991072439275154
dist_min= tensor(94.5252) dist_max= tensor(1.5679)
params_min,params_max=params_min,params_new
evaluating model at params_new={'a1': 0.9237604307034012, 'a2': 0.3651483716701107, 'a3': 3.9368305455348476}
params_min= {'a1': 0.9237604307034012, 'a2': 0.3651483716701107, 'a3': 3.9368304389108175} logZ_min= 2.739587765488251 obs_min= 8.982319010462373
params_new= {'a1': 0.9237604307034012, 'a2': 0.3651483716701107, 'a3': 3.9368305455348476} logZ_new= 2.7395878201694774 obs_new= 8.982319016326496
params_max= {'a1': 0.9237604307034012, 'a2': 0.3651483716701107, 'a3': 3.9368306521588776} logZ_max= 2.740798156625879 obs_max= 8.991075099593482
dist_min= tensor(0.5814) dist_max= tensor(94.5291)
params_min,params_max=params_new,params_max
evaluating model at params_new={'a1': 0.9237604307034012, 'a2': 0.3651483716701107, 'a3': 3.9368305988468624}
params_min= {'a1': 0.9237604307034012, 'a2': 0.3651483716701107, 'a3': 3.9368305455348476} logZ_min= 2.7395878201694774 obs_min= 8.982319016326496
params_new= {'a1': 0.9237604307034012, 'a2': 0.3651483716701107, 'a3': 3.9368305988468624} logZ_new= 2.7407981276343514 obs_new= 8.991070036964329
params_max= {'a1': 0.9237604307034012, 'a2': 0.3651483716701107, 'a3': 3.9368306521588776} logZ_max= 2.740798156625879 obs_max= 8.991075099593482
dist_min= tensor(94.5190) dist_max= tensor(1.6217)
params_min,params_max=params_min,params_new
evaluating model at params_new={'a1': 0.9237604307034012, 'a2': 0.3651483716701107, 'a3': 3.936830572190855}
params_min= {'a1': 0.9237604307034012, 'a2': 0.3651483716701107, 'a3': 3.9368305455348476} logZ_min= 2.7395878201694774 obs_min= 8.982319016326496
params_new= {'a1': 0.9237604307034012, 'a2': 0.3651483716701107, 'a3': 3.936830572190855} logZ_new= 2.739587833839784 obs_new= 8.982319017794117
params_max= {'a1': 0.9237604307034012, 'a2': 0.3651483716701107, 'a3': 3.9368305988468624} logZ_max= 2.7407981276343514 obs_max= 8.991070036964329
dist_min= tensor(0.9006) dist_max= tensor(94.5253)
params_min,params_max=params_new,params_max
evaluating model at params_new={'a1': 0.9237604307034012, 'a2': 0.3651483716701107, 'a3': 3.936830585518859}
params_min= {'a1': 0.9237604307034012, 'a2': 0.3651483716701107, 'a3': 3.936830572190855} logZ_min= 2.739587833839784 obs_min= 8.982319017794117
params_new= {'a1': 0.9237604307034012, 'a2': 0.3651483716701107, 'a3': 3.936830585518859} logZ_new= 2.740798121843968 obs_new= 8.991074113868994
params_max= {'a1': 0.9237604307034012, 'a2': 0.3651483716701107, 'a3': 3.9368305988468624} logZ_max= 2.7407981276343514 obs_max= 8.991070036964329
dist_min= tensor(94.5218) dist_max= tensor(0.5184)
params_min,params_max=params_min,params_new
evaluating model at params_new={'a1': 0.9237604307034012, 'a2': 0.3651483716701107, 'a3': 3.936830578854857}
params_min= {'a1': 0.9237604307034012, 'a2': 0.3651483716701107, 'a3': 3.936830572190855} logZ_min= 2.739587833839784 obs_min= 8.982319017794117
params_new= {'a1': 0.9237604307034012, 'a2': 0.3651483716701107, 'a3': 3.936830578854857} logZ_new= 2.7395878372573614 obs_new= 8.982319018160595
params_max= {'a1': 0.9237604307034012, 'a2': 0.3651483716701107, 'a3': 3.936830585518859} logZ_max= 2.740798121843968 obs_max= 8.991074113868994
dist_min= tensor(0.4175) dist_max= tensor(94.5194)
params_min,params_max=params_new,params_max
evaluating model at params_new={'a1': 0.9237604307034012, 'a2': 0.3651483716701107, 'a3': 3.936830582186858}
params_min= {'a1': 0.9237604307034012, 'a2': 0.3651483716701107, 'a3': 3.936830578854857} logZ_min= 2.7395878372573614 obs_min= 8.982319018160595
params_new= {'a1': 0.9237604307034012, 'a2': 0.3651483716701107, 'a3': 3.936830582186858} logZ_new= 2.7407981202774483 obs_new= 8.991074323626792
params_max= {'a1': 0.9237604307034012, 'a2': 0.3651483716701107, 'a3': 3.936830585518859} logZ_max= 2.740798121843968 obs_max= 8.991074113868994
dist_min= tensor(94.5264) dist_max= tensor(1.4766)
params_min,params_max=params_min,params_new
evaluating model at params_new={'a1': 0.9237604307034012, 'a2': 0.3651483716701107, 'a3': 3.9368305805208577}
params_min= {'a1': 0.9237604307034012, 'a2': 0.3651483716701107, 'a3': 3.936830578854857} logZ_min= 2.7395878372573614 obs_min= 8.982319018160595
params_new= {'a1': 0.9237604307034012, 'a2': 0.3651483716701107, 'a3': 3.9368305805208577} logZ_new= 2.7407981206753558 obs_new= 8.991073924706242
params_max= {'a1': 0.9237604307034012, 'a2': 0.3651483716701107, 'a3': 3.936830582186858} logZ_max= 2.7407981202774483 obs_max= 8.991074323626792
dist_min= tensor(94.5233) dist_max= tensor(0.5205)
params_min,params_max=params_min,params_new
evaluating model at params_new={'a1': 0.9237604307034012, 'a2': 0.3651483716701107, 'a3': 3.9368305796878573}
params_min= {'a1': 0.9237604307034012, 'a2': 0.3651483716701107, 'a3': 3.936830578854857} logZ_min= 2.7395878372573614 obs_min= 8.982319018160595
params_new= {'a1': 0.9237604307034012, 'a2': 0.3651483716701107, 'a3': 3.9368305796878573} logZ_new= 2.7395878376845584 obs_new= 8.982319018208003
params_max= {'a1': 0.9237604307034012, 'a2': 0.3651483716701107, 'a3': 3.9368305805208577} logZ_max= 2.7407981206753558 obs_max= 8.991073924706242
dist_min= tensor(0.2528) dist_max= tensor(94.5248)
params_min,params_max=params_new,params_max
evaluating model at params_new={'a1': 0.9237604307034012, 'a2': 0.3651483716701107, 'a3': 3.9368305801043575}
params_min= {'a1': 0.9237604307034012, 'a2': 0.3651483716701107, 'a3': 3.9368305796878573} logZ_min= 2.7395878376845584 obs_min= 8.982319018208003
params_new= {'a1': 0.9237604307034012, 'a2': 0.3651483716701107, 'a3': 3.9368305801043575} logZ_new= 2.7407981202352705 obs_new= 8.99107501724196
params_max= {'a1': 0.9237604307034012, 'a2': 0.3651483716701107, 'a3': 3.9368305805208577} logZ_max= 2.7407981206753558 obs_max= 8.991073924706242
dist_min= tensor(94.5192) dist_max= tensor(1.3499)
params_min,params_max=params_min,params_new
evaluating model at params_new={'a1': 0.9237604307034012, 'a2': 0.3651483716701107, 'a3': 3.9368305798961076}
params_min= {'a1': 0.9237604307034012, 'a2': 0.3651483716701107, 'a3': 3.9368305796878573} logZ_min= 2.7395878376845584 obs_min= 8.982319018208003
params_new= {'a1': 0.9237604307034012, 'a2': 0.3651483716701107, 'a3': 3.9368305798961076} logZ_new= 2.7407981187675547 obs_new= 8.991073730044185
params_max= {'a1': 0.9237604307034012, 'a2': 0.3651483716701107, 'a3': 3.9368305801043575} logZ_max= 2.7407981202352705 obs_max= 8.99107501724196
dist_min= tensor(94.5227) dist_max= tensor(1.1861)
params_min,params_max=params_min,params_new
evaluating model at params_new={'a1': 0.9237604307034012, 'a2': 0.3651483716701107, 'a3': 3.9368305797919825}
params_min= {'a1': 0.9237604307034012, 'a2': 0.3651483716701107, 'a3': 3.9368305796878573} logZ_min= 2.7395878376845584 obs_min= 8.982319018208003
params_new= {'a1': 0.9237604307034012, 'a2': 0.3651483716701107, 'a3': 3.9368305797919825} logZ_new= 2.7395878377378713 obs_new= 8.982319018221082
params_max= {'a1': 0.9237604307034012, 'a2': 0.3651483716701107, 'a3': 3.9368305798961076} logZ_max= 2.7407981187675547 obs_max= 8.991073730044185
dist_min= tensor(0.5268) dist_max= tensor(94.5263)
params_min,params_max=params_new,params_max
evaluating model at params_new={'a1': 0.9237604307034012, 'a2': 0.3651483716701107, 'a3': 3.9368305798440453}
params_min= {'a1': 0.9237604307034012, 'a2': 0.3651483716701107, 'a3': 3.9368305797919825} logZ_min= 2.7395878377378713 obs_min= 8.982319018221082
params_new= {'a1': 0.9237604307034012, 'a2': 0.3651483716701107, 'a3': 3.9368305798440453} logZ_new= 2.740798119942159 obs_new= 8.991075106855845
params_max= {'a1': 0.9237604307034012, 'a2': 0.3651483716701107, 'a3': 3.9368305798961076} logZ_max= 2.7407981187675547 obs_max= 8.991073730044185
dist_min= tensor(94.5184) dist_max= tensor(1.2812)
params_min,params_max=params_min,params_new
evaluating model at params_new={'a1': 0.9237604307034012, 'a2': 0.3651483716701107, 'a3': 3.9368305798180137}
params_min= {'a1': 0.9237604307034012, 'a2': 0.3651483716701107, 'a3': 3.9368305797919825} logZ_min= 2.7395878377378713 obs_min= 8.982319018221082
params_new= {'a1': 0.9237604307034012, 'a2': 0.3651483716701107, 'a3': 3.9368305798180137} logZ_new= 2.739587837751272 obs_new= 8.982319018221924
params_max= {'a1': 0.9237604307034012, 'a2': 0.3651483716701107, 'a3': 3.9368305798440453} logZ_max= 2.740798119942159 obs_max= 8.991075106855845
dist_min= tensor(0.5413) dist_max= tensor(94.5202)
params_min,params_max=params_new,params_max
evaluating model at params_new={'a1': 0.9237604307034012, 'a2': 0.3651483716701107, 'a3': 3.9368305798310295}
params_min= {'a1': 0.9237604307034012, 'a2': 0.3651483716701107, 'a3': 3.9368305798180137} logZ_min= 2.739587837751272 obs_min= 8.982319018221924
params_new= {'a1': 0.9237604307034012, 'a2': 0.3651483716701107, 'a3': 3.9368305798310295} logZ_new= 2.7395878377579033 obs_new= 8.982319018217432
params_max= {'a1': 0.9237604307034012, 'a2': 0.3651483716701107, 'a3': 3.9368305798440453} logZ_max= 2.740798119942159 obs_max= 8.991075106855845
dist_min= tensor(0.1016) dist_max= tensor(94.5207)
params_min,params_max=params_new,params_max
evaluating model at params_new={'a1': 0.9237604307034012, 'a2': 0.3651483716701107, 'a3': 3.9368305798375376}
params_min= {'a1': 0.9237604307034012, 'a2': 0.3651483716701107, 'a3': 3.9368305798310295} logZ_min= 2.7395878377579033 obs_min= 8.982319018217432
params_new= {'a1': 0.9237604307034012, 'a2': 0.3651483716701107, 'a3': 3.9368305798375376} logZ_new= 2.7395878377603617 obs_new= 8.982319018275039
params_max= {'a1': 0.9237604307034012, 'a2': 0.3651483716701107, 'a3': 3.9368305798440453} logZ_max= 2.740798119942159 obs_max= 8.991075106855845
dist_min= tensor(0.5848) dist_max= tensor(94.5184)
params_min,params_max=params_new,params_max
evaluating model at params_new={'a1': 0.9237604307034012, 'a2': 0.3651483716701107, 'a3': 3.9368305798407914}
params_min= {'a1': 0.9237604307034012, 'a2': 0.3651483716701107, 'a3': 3.9368305798375376} logZ_min= 2.7395878377603617 obs_min= 8.982319018275039
params_new= {'a1': 0.9237604307034012, 'a2': 0.3651483716701107, 'a3': 3.9368305798407914} logZ_new= 2.7395878339162527 obs_new= 8.98231913481565
params_max= {'a1': 0.9237604307034012, 'a2': 0.3651483716701107, 'a3': 3.9368305798440453} logZ_max= 2.740798119942159 obs_max= 8.991075106855845
dist_min= tensor(0.3783) dist_max= tensor(94.4845)
params_min,params_max=params_new,params_max
evaluating model at params_new={'a1': 0.9237604307034012, 'a2': 0.3651483716701107, 'a3': 3.936830579842418}
params_min= {'a1': 0.9237604307034012, 'a2': 0.3651483716701107, 'a3': 3.9368305798407914} logZ_min= 2.7395878339162527 obs_min= 8.98231913481565
params_new= {'a1': 0.9237604307034012, 'a2': 0.3651483716701107, 'a3': 3.936830579842418} logZ_new= 2.740798119357894 obs_new= 8.99107473156246
params_max= {'a1': 0.9237604307034012, 'a2': 0.3651483716701107, 'a3': 3.9368305798440453} logZ_max= 2.740798119942159 obs_max= 8.991075106855845
dist_min= tensor(94.4848) dist_max= tensor(0.8972)
params_min,params_max=params_min,params_new
evaluating model at params_new={'a1': 0.9237604307034012, 'a2': 0.3651483716701107, 'a3': 3.9368305798416046}
params_min= {'a1': 0.9237604307034012, 'a2': 0.3651483716701107, 'a3': 3.9368305798407914} logZ_min= 2.7395878339162527 obs_min= 8.98231913481565
params_new= {'a1': 0.9237604307034012, 'a2': 0.3651483716701107, 'a3': 3.9368305798416046} logZ_new= 2.7407981187048054 obs_new= 8.9910747286885
params_max= {'a1': 0.9237604307034012, 'a2': 0.3651483716701107, 'a3': 3.936830579842418} logZ_max= 2.740798119357894 obs_max= 8.99107473156246
dist_min= tensor(94.4916) dist_max= tensor(0.9749)
params_min,params_max=params_min,params_new
evaluating model at params_new={'a1': 0.9237604307034012, 'a2': 0.3651483716701107, 'a3': 3.9368305798411978}
params_min= {'a1': 0.9237604307034012, 'a2': 0.3651483716701107, 'a3': 3.9368305798407914} logZ_min= 2.7395878339162527 obs_min= 8.98231913481565
params_new= {'a1': 0.9237604307034012, 'a2': 0.3651483716701107, 'a3': 3.9368305798411978} logZ_new= 2.740798096093191 obs_new= 8.991074401652423
params_max= {'a1': 0.9237604307034012, 'a2': 0.3651483716701107, 'a3': 3.9368305798416046} logZ_max= 2.7407981187048054 obs_max= 8.9910747286885
dist_min= tensor(94.4936) dist_max= tensor(0.3565)
params_min,params_max=params_min,params_new
evaluating model at params_new={'a1': 0.9237604307034012, 'a2': 0.3651483716701107, 'a3': 3.9368305798409944}
params_min= {'a1': 0.9237604307034012, 'a2': 0.3651483716701107, 'a3': 3.9368305798407914} logZ_min= 2.7395878339162527 obs_min= 8.98231913481565
params_new= {'a1': 0.9237604307034012, 'a2': 0.3651483716701107, 'a3': 3.9368305798409944} logZ_new= 2.73958774271296 obs_new= 8.982323917997896
params_max= {'a1': 0.9237604307034012, 'a2': 0.3651483716701107, 'a3': 3.9368305798411978} logZ_max= 2.740798096093191 obs_max= 8.991074401652423
dist_min= tensor(0.9039) dist_max= tensor(93.6843)
params_min,params_max=params_new,params_max
evaluating model at params_new={'a1': 0.9237604307034012, 'a2': 0.3651483716701107, 'a3': 3.936830579841096}
params_min= {'a1': 0.9237604307034012, 'a2': 0.3651483716701107, 'a3': 3.9368305798409944} logZ_min= 2.73958774271296 obs_min= 8.982323917997896
params_new= {'a1': 0.9237604307034012, 'a2': 0.3651483716701107, 'a3': 3.936830579841096} logZ_new= 2.740798022195928 obs_new= 8.991068633510345
params_max= {'a1': 0.9237604307034012, 'a2': 0.3651483716701107, 'a3': 3.9368305798411978} logZ_max= 2.740798096093191 obs_max= 8.991074401652423
dist_min= tensor(93.6706) dist_max= tensor(1.5258)
params_min,params_max=params_min,params_new
evaluating model at params_new={'a1': 0.9237604307034012, 'a2': 0.3651483716701107, 'a3': 3.936830579841045}
params_min= {'a1': 0.9237604307034012, 'a2': 0.3651483716701107, 'a3': 3.9368305798409944} logZ_min= 2.73958774271296 obs_min= 8.982323917997896
params_new= {'a1': 0.9237604307034012, 'a2': 0.3651483716701107, 'a3': 3.936830579841045} logZ_new= 2.740793221271708 obs_new= 8.990928075388094
params_max= {'a1': 0.9237604307034012, 'a2': 0.3651483716701107, 'a3': 3.936830579841096} logZ_max= 2.740798022195928 obs_max= 8.991068633510345
dist_min= tensor(89.9204) dist_max= tensor(5.8350)
params_min,params_max=params_min,params_new
evaluating model at params_new={'a1': 0.9237604307034012, 'a2': 0.3651483716701107, 'a3': 3.9368305798410197}
params_min= {'a1': 0.9237604307034012, 'a2': 0.3651483716701107, 'a3': 3.9368305798409944} logZ_min= 2.73958774271296 obs_min= 8.982323917997896
params_new= {'a1': 0.9237604307034012, 'a2': 0.3651483716701107, 'a3': 3.9368305798410197} logZ_new= 2.7395875950251964 obs_new= 8.982325784791076
params_max= {'a1': 0.9237604307034012, 'a2': 0.3651483716701107, 'a3': 3.936830579841045} logZ_max= 2.740793221271708 obs_max= 8.990928075388094
dist_min= tensor(0.7976) dist_max= tensor(89.1998)
params_min,params_max=params_new,params_max
evaluating model at params_new={'a1': 0.9237604307034012, 'a2': 0.3651483716701107, 'a3': 3.9368305798410326}
params_min= {'a1': 0.9237604307034012, 'a2': 0.3651483716701107, 'a3': 3.9368305798410197} logZ_min= 2.7395875950251964 obs_min= 8.982325784791076
params_new= {'a1': 0.9237604307034012, 'a2': 0.3651483716701107, 'a3': 3.9368305798410326} logZ_new= 2.7395803477657057 obs_new= 8.982514916727569
params_max= {'a1': 0.9237604307034012, 'a2': 0.3651483716701107, 'a3': 3.936830579841045} logZ_max= 2.740793221271708 obs_max= 8.990928075388094
dist_min= tensor(26.1336) dist_max= tensor(63.9460)
params_min,params_max=params_new,params_max
evaluating model at params_new={'a1': 0.9237604307034012, 'a2': 0.3651483716701107, 'a3': 3.936830579841039}
params_min= {'a1': 0.9237604307034012, 'a2': 0.3651483716701107, 'a3': 3.9368305798410326} logZ_min= 2.7395803477657057 obs_min= 8.982514916727569
params_new= {'a1': 0.9237604307034012, 'a2': 0.3651483716701107, 'a3': 3.936830579841039} logZ_new= 2.739579184253416 obs_new= 8.98246327218066
params_max= {'a1': 0.9237604307034012, 'a2': 0.3651483716701107, 'a3': 3.936830579841045} logZ_max= 2.740793221271708 obs_max= 8.990928075388094
dist_min= tensor(2.6441) dist_max= tensor(61.3725)
params_min,params_max=params_new,params_max
evaluating model at params_new={'a1': 0.9237604307034012, 'a2': 0.3651483716701107, 'a3': 3.936830579841042}
params_min= {'a1': 0.9237604307034012, 'a2': 0.3651483716701107, 'a3': 3.936830579841039} logZ_min= 2.739579184253416 obs_min= 8.98246327218066
params_new= {'a1': 0.9237604307034012, 'a2': 0.3651483716701107, 'a3': 3.936830579841042} logZ_new= 2.7395592624598843 obs_new= 8.98401016250954
params_max= {'a1': 0.9237604307034012, 'a2': 0.3651483716701107, 'a3': 3.936830579841045} logZ_max= 2.740793221271708 obs_max= 8.990928075388094
dist_min= tensor(34.5750) dist_max= tensor(30.8607)
params_min,params_max=params_min,params_new
evaluating model at params_new={'a1': 0.9237604307034012, 'a2': 0.3651483716701107, 'a3': 3.9368305798410406}
params_min= {'a1': 0.9237604307034012, 'a2': 0.3651483716701107, 'a3': 3.936830579841039} logZ_min= 2.739579184253416 obs_min= 8.98246327218066
params_new= {'a1': 0.9237604307034012, 'a2': 0.3651483716701107, 'a3': 3.9368305798410406} logZ_new= 2.7395737561865086 obs_new= 8.983990730960574
params_max= {'a1': 0.9237604307034012, 'a2': 0.3651483716701107, 'a3': 3.936830579841042} logZ_max= 2.7395592624598843 obs_max= 8.98401016250954
dist_min= tensor(29.8644) dist_max= tensor(9.4842)
params_min,params_max=params_min,params_new
evaluating model at params_new={'a1': 0.9237604307034012, 'a2': 0.3651483716701107, 'a3': 3.9368305798410397}
params_min= {'a1': 0.9237604307034012, 'a2': 0.3651483716701107, 'a3': 3.936830579841039} logZ_min= 2.739579184253416 obs_min= 8.98246327218066
params_new= {'a1': 0.9237604307034012, 'a2': 0.3651483716701107, 'a3': 3.9368305798410397} logZ_new= 2.7395747527421377 obs_new= 8.983275856046106
params_max= {'a1': 0.9237604307034012, 'a2': 0.3651483716701107, 'a3': 3.9368305798410406} logZ_max= 2.7395737561865086 obs_max= 8.983990730960574
dist_min= tensor(21.8399) dist_max= tensor(8.7838)
params_min,params_max=params_min,params_new
evaluating model at params_new={'a1': 0.9237604307034012, 'a2': 0.3651483716701107, 'a3': 3.9368305798410392}
params_min= {'a1': 0.9237604307034012, 'a2': 0.3651483716701107, 'a3': 3.936830579841039} logZ_min= 2.739579184253416 obs_min= 8.98246327218066
params_new= {'a1': 0.9237604307034012, 'a2': 0.3651483716701107, 'a3': 3.9368305798410392} logZ_new= 2.7395827267060895 obs_new= 8.982424819415435
params_max= {'a1': 0.9237604307034012, 'a2': 0.3651483716701107, 'a3': 3.9368305798410397} logZ_max= 2.7395747527421377 obs_max= 8.983275856046106
dist_min= tensor(4.9722) dist_max= tensor(26.8047)
params_min,params_max=params_new,params_max
critical params found:  {'a1': 0.9237604307034012, 'a2': 0.3651483716701107, 'a3': 3.9368305798410397}
reference params:  {'a1': 1.1547005383792515, 'a2': 1.8257418583505538, 'a3': 4.47213595499958}
file saved to  data/AKLT3D_X10_scan_grid_critical_a3/a1_0.9237604_a2_0.3651484/Tc.json
