Start running find_critical_temp.py with options:{'filename': 'data/AKLT3D_X10_scan_grid_critical_a3/a1_1.8475209_a2_3.6514837/Tc.json', 'log_filename': 'data/AKLT3D_X10_scan_grid_critical_a3/a1_1.8475209_a2_3.6514837/Tc.log', 'nLayers': 60, 'max_dim': 10, 'model': 'AKLT3D', 'params_min': "{'a1': 1.8475208614068024, 'a2': 3.651483716701108, 'a3': 2.683281572999748}", 'params_max': "{'a1': 1.8475208614068024, 'a2': 3.651483716701108, 'a3': 3.577708763999664}", 'params_ref': None, 'observable_name': 'magnetizationZ', 'tol': 0.0, 'gilt_enabled': False, 'gilt_eps': 8e-07, 'gilt_nIter': 1, 'mcf_enabled': True, 'mcf_eps': 1e-16, 'mcf_max_iter': 200, 'hotrg_sanity_check': False, 'version': 1, 'device': 'cuda:1'}
loading library...
evaluating model at params_min={'a1': 1.8475208614068024, 'a2': 3.651483716701108, 'a3': 2.683281572999748}
params_min= {'a1': 1.8475208614068024, 'a2': 3.651483716701108, 'a3': 2.683281572999748} logZ_min= 3.944368339008742 obs_min= 1.6962450689629183e-28
evaluating model at params_max={'a1': 1.8475208614068024, 'a2': 3.651483716701108, 'a3': 3.577708763999664}
params_max= {'a1': 1.8475208614068024, 'a2': 3.651483716701108, 'a3': 3.577708763999664} logZ_max= 3.970956160260613 obs_max= 0.30954254311838025
searching for critical temperature using bisection method
evaluating model at params_new={'a1': 1.8475208614068024, 'a2': 3.651483716701108, 'a3': 3.130495168499706}
params_min= {'a1': 1.8475208614068024, 'a2': 3.651483716701108, 'a3': 2.683281572999748} logZ_min= 3.944368339008742 obs_min= 1.6962450689629183e-28
params_new= {'a1': 1.8475208614068024, 'a2': 3.651483716701108, 'a3': 3.130495168499706} logZ_new= nan obs_new= 3.119443269628961e-29
params_max= {'a1': 1.8475208614068024, 'a2': 3.651483716701108, 'a3': 3.577708763999664} logZ_max= 3.970956160260613 obs_max= 0.30954254311838025
dist_min= tensor(52.9520) dist_max= tensor(53.5700)
params_min,params_max=params_new,params_max
evaluating model at params_new={'a1': 1.8475208614068024, 'a2': 3.651483716701108, 'a3': 3.3541019662496847}
params_min= {'a1': 1.8475208614068024, 'a2': 3.651483716701108, 'a3': 3.130495168499706} logZ_min= nan obs_min= 3.119443269628961e-29
params_new= {'a1': 1.8475208614068024, 'a2': 3.651483716701108, 'a3': 3.3541019662496847} logZ_new= 3.954361294692972 obs_new= 0.12257650112485342
params_max= {'a1': 1.8475208614068024, 'a2': 3.651483716701108, 'a3': 3.577708763999664} logZ_max= 3.970956160260613 obs_max= 0.30954254311838025
dist_min= tensor(52.6787) dist_max= tensor(3.2898)
params_min,params_max=params_min,params_new
evaluating model at params_new={'a1': 1.8475208614068024, 'a2': 3.651483716701108, 'a3': 3.2422985673746956}
params_min= {'a1': 1.8475208614068024, 'a2': 3.651483716701108, 'a3': 3.130495168499706} logZ_min= nan obs_min= 3.119443269628961e-29
params_new= {'a1': 1.8475208614068024, 'a2': 3.651483716701108, 'a3': 3.2422985673746956} logZ_new= 3.9525187306851826 obs_new= 0.029146345341908526
params_max= {'a1': 1.8475208614068024, 'a2': 3.651483716701108, 'a3': 3.3541019662496847} logZ_max= 3.954361294692972 obs_max= 0.12257650112485342
dist_min= tensor(52.6962) dist_max= tensor(1.5311)
params_min,params_max=params_min,params_new
evaluating model at params_new={'a1': 1.8475208614068024, 'a2': 3.651483716701108, 'a3': 3.1863968679372006}
params_min= {'a1': 1.8475208614068024, 'a2': 3.651483716701108, 'a3': 3.130495168499706} logZ_min= nan obs_min= 3.119443269628961e-29
params_new= {'a1': 1.8475208614068024, 'a2': 3.651483716701108, 'a3': 3.1863968679372006} logZ_new= nan obs_new= 2.366284898359468e-27
params_max= {'a1': 1.8475208614068024, 'a2': 3.651483716701108, 'a3': 3.2422985673746956} logZ_max= 3.9525187306851826 obs_max= 0.029146345341908526
dist_min= tensor(185537.7039) dist_max= tensor(185537.9335)
params_min,params_max=params_new,params_max
evaluating model at params_new={'a1': 1.8475208614068024, 'a2': 3.651483716701108, 'a3': 3.214347717655948}
params_min= {'a1': 1.8475208614068024, 'a2': 3.651483716701108, 'a3': 3.1863968679372006} logZ_min= nan obs_min= 2.366284898359468e-27
params_new= {'a1': 1.8475208614068024, 'a2': 3.651483716701108, 'a3': 3.214347717655948} logZ_new= 3.9520795679786636 obs_new= 0.0006784294427911888
params_max= {'a1': 1.8475208614068024, 'a2': 3.651483716701108, 'a3': 3.2422985673746956} logZ_max= 3.9525187306851826 obs_max= 0.029146345341908526
dist_min= tensor(185537.9244) dist_max= tensor(3.1559)
params_min,params_max=params_min,params_new
evaluating model at params_new={'a1': 1.8475208614068024, 'a2': 3.651483716701108, 'a3': 3.2003722927965743}
params_min= {'a1': 1.8475208614068024, 'a2': 3.651483716701108, 'a3': 3.1863968679372006} logZ_min= nan obs_min= 2.366284898359468e-27
params_new= {'a1': 1.8475208614068024, 'a2': 3.651483716701108, 'a3': 3.2003722927965743} logZ_new= 3.95184644038748 obs_new= 2.8331425230470226e-27
params_max= {'a1': 1.8475208614068024, 'a2': 3.651483716701108, 'a3': 3.214347717655948} logZ_max= 3.9520795679786636 obs_max= 0.0006784294427911888
dist_min= tensor(185537.5318) dist_max= tensor(2.2806)
params_min,params_max=params_min,params_new
evaluating model at params_new={'a1': 1.8475208614068024, 'a2': 3.651483716701108, 'a3': 3.1933845803668874}
params_min= {'a1': 1.8475208614068024, 'a2': 3.651483716701108, 'a3': 3.1863968679372006} logZ_min= nan obs_min= 2.366284898359468e-27
params_new= {'a1': 1.8475208614068024, 'a2': 3.651483716701108, 'a3': 3.1933845803668874} logZ_new= nan obs_new= 3.161881120967891e-27
params_max= {'a1': 1.8475208614068024, 'a2': 3.651483716701108, 'a3': 3.2003722927965743} logZ_max= 3.95184644038748 obs_max= 2.8331425230470226e-27
dist_min= tensor(185537.6259) dist_max= tensor(205.0935)
params_min,params_max=params_min,params_new
evaluating model at params_new={'a1': 1.8475208614068024, 'a2': 3.651483716701108, 'a3': 3.189890724152044}
params_min= {'a1': 1.8475208614068024, 'a2': 3.651483716701108, 'a3': 3.1863968679372006} logZ_min= nan obs_min= 2.366284898359468e-27
params_new= {'a1': 1.8475208614068024, 'a2': 3.651483716701108, 'a3': 3.189890724152044} logZ_new= 3.9650809131801212 obs_new= 4.7199196957431035e-27
params_max= {'a1': 1.8475208614068024, 'a2': 3.651483716701108, 'a3': 3.1933845803668874} logZ_max= nan obs_max= 3.161881120967891e-27
dist_min= tensor(185537.4983) dist_max= tensor(203.9782)
params_min,params_max=params_min,params_new
evaluating model at params_new={'a1': 1.8475208614068024, 'a2': 3.651483716701108, 'a3': 3.1881437960446224}
params_min= {'a1': 1.8475208614068024, 'a2': 3.651483716701108, 'a3': 3.1863968679372006} logZ_min= nan obs_min= 2.366284898359468e-27
params_new= {'a1': 1.8475208614068024, 'a2': 3.651483716701108, 'a3': 3.1881437960446224} logZ_new= 3.965061959026293 obs_new= 5.418283456777946e-28
params_max= {'a1': 1.8475208614068024, 'a2': 3.651483716701108, 'a3': 3.189890724152044} logZ_max= 3.9650809131801212 obs_max= 4.7199196957431035e-27
dist_min= tensor(185537.4995) dist_max= tensor(15.3624)
params_min,params_max=params_min,params_new
evaluating model at params_new={'a1': 1.8475208614068024, 'a2': 3.651483716701108, 'a3': 3.1872703319909115}
params_min= {'a1': 1.8475208614068024, 'a2': 3.651483716701108, 'a3': 3.1863968679372006} logZ_min= nan obs_min= 2.366284898359468e-27
params_new= {'a1': 1.8475208614068024, 'a2': 3.651483716701108, 'a3': 3.1872703319909115} logZ_new= 3.951646783570709 obs_new= 4.11577373198982e-31
params_max= {'a1': 1.8475208614068024, 'a2': 3.651483716701108, 'a3': 3.1881437960446224} logZ_max= 3.965061959026293 obs_max= 5.418283456777946e-28
dist_min= tensor(185537.5905) dist_max= tensor(16.8276)
params_min,params_max=params_min,params_new
evaluating model at params_new={'a1': 1.8475208614068024, 'a2': 3.651483716701108, 'a3': 3.1868335999640562}
params_min= {'a1': 1.8475208614068024, 'a2': 3.651483716701108, 'a3': 3.1863968679372006} logZ_min= nan obs_min= 2.366284898359468e-27
params_new= {'a1': 1.8475208614068024, 'a2': 3.651483716701108, 'a3': 3.1868335999640562} logZ_new= 3.9650446544932763 obs_new= 2.5509745188179437e-27
params_max= {'a1': 1.8475208614068024, 'a2': 3.651483716701108, 'a3': 3.1872703319909115} logZ_max= 3.951646783570709 obs_max= 4.11577373198982e-31
dist_min= tensor(185537.4986) dist_max= tensor(3.6580)
params_min,params_max=params_min,params_new
evaluating model at params_new={'a1': 1.8475208614068024, 'a2': 3.651483716701108, 'a3': 3.1866152339506284}
params_min= {'a1': 1.8475208614068024, 'a2': 3.651483716701108, 'a3': 3.1863968679372006} logZ_min= nan obs_min= 2.366284898359468e-27
params_new= {'a1': 1.8475208614068024, 'a2': 3.651483716701108, 'a3': 3.1866152339506284} logZ_new= 3.951653697627771 obs_new= 1.0036267108756783e-24
params_max= {'a1': 1.8475208614068024, 'a2': 3.651483716701108, 'a3': 3.1868335999640562} logZ_max= 3.9650446544932763 obs_max= 2.5509745188179437e-27
dist_min= tensor(185537.4866) dist_max= tensor(3.2303)
params_min,params_max=params_min,params_new
evaluating model at params_new={'a1': 1.8475208614068024, 'a2': 3.651483716701108, 'a3': 3.1865060509439145}
params_min= {'a1': 1.8475208614068024, 'a2': 3.651483716701108, 'a3': 3.1863968679372006} logZ_min= nan obs_min= 2.366284898359468e-27
params_new= {'a1': 1.8475208614068024, 'a2': 3.651483716701108, 'a3': 3.1865060509439145} logZ_new= 3.964603276579128 obs_new= 7.277031988536441e-29
params_max= {'a1': 1.8475208614068024, 'a2': 3.651483716701108, 'a3': 3.1866152339506284} logZ_max= 3.951653697627771 obs_max= 1.0036267108756783e-24
dist_min= tensor(185537.5178) dist_max= tensor(3.3869)
params_min,params_max=params_min,params_new
evaluating model at params_new={'a1': 1.8475208614068024, 'a2': 3.651483716701108, 'a3': 3.1864514594405575}
params_min= {'a1': 1.8475208614068024, 'a2': 3.651483716701108, 'a3': 3.1863968679372006} logZ_min= nan obs_min= 2.366284898359468e-27
params_new= {'a1': 1.8475208614068024, 'a2': 3.651483716701108, 'a3': 3.1864514594405575} logZ_new= 3.9516353800536703 obs_new= 1.4573240783562132e-27
params_max= {'a1': 1.8475208614068024, 'a2': 3.651483716701108, 'a3': 3.1865060509439145} logZ_max= 3.964603276579128 obs_max= 7.277031988536441e-29
dist_min= tensor(185537.5889) dist_max= tensor(4.4694)
params_min,params_max=params_min,params_new
evaluating model at params_new={'a1': 1.8475208614068024, 'a2': 3.651483716701108, 'a3': 3.186424163688879}
params_min= {'a1': 1.8475208614068024, 'a2': 3.651483716701108, 'a3': 3.1863968679372006} logZ_min= nan obs_min= 2.366284898359468e-27
params_new= {'a1': 1.8475208614068024, 'a2': 3.651483716701108, 'a3': 3.186424163688879} logZ_new= 3.9516369169968506 obs_new= 2.273404828258272e-24
params_max= {'a1': 1.8475208614068024, 'a2': 3.651483716701108, 'a3': 3.1864514594405575} logZ_max= 3.9516353800536703 obs_max= 1.4573240783562132e-27
dist_min= tensor(185537.5901) dist_max= tensor(1.5790)
params_min,params_max=params_min,params_new
evaluating model at params_new={'a1': 1.8475208614068024, 'a2': 3.651483716701108, 'a3': 3.18641051581304}
params_min= {'a1': 1.8475208614068024, 'a2': 3.651483716701108, 'a3': 3.1863968679372006} logZ_min= nan obs_min= 2.366284898359468e-27
params_new= {'a1': 1.8475208614068024, 'a2': 3.651483716701108, 'a3': 3.18641051581304} logZ_new= 3.9511658395767686 obs_new= 2.3018986098143137e-27
params_max= {'a1': 1.8475208614068024, 'a2': 3.651483716701108, 'a3': 3.186424163688879} logZ_max= 3.9516369169968506 obs_max= 2.273404828258272e-24
dist_min= tensor(185537.5183) dist_max= tensor(2.0634)
params_min,params_max=params_min,params_new
evaluating model at params_new={'a1': 1.8475208614068024, 'a2': 3.651483716701108, 'a3': 3.18640369187512}
params_min= {'a1': 1.8475208614068024, 'a2': 3.651483716701108, 'a3': 3.1863968679372006} logZ_min= nan obs_min= 2.366284898359468e-27
params_new= {'a1': 1.8475208614068024, 'a2': 3.651483716701108, 'a3': 3.18640369187512} logZ_new= 3.951627418819919 obs_new= 5.788006114596001e-26
params_max= {'a1': 1.8475208614068024, 'a2': 3.651483716701108, 'a3': 3.18641051581304} logZ_max= 3.9511658395767686 obs_max= 2.3018986098143137e-27
dist_min= tensor(185537.5688) dist_max= tensor(1.2270)
params_min,params_max=params_min,params_new
evaluating model at params_new={'a1': 1.8475208614068024, 'a2': 3.651483716701108, 'a3': 3.1864002799061604}
params_min= {'a1': 1.8475208614068024, 'a2': 3.651483716701108, 'a3': 3.1863968679372006} logZ_min= nan obs_min= 2.366284898359468e-27
params_new= {'a1': 1.8475208614068024, 'a2': 3.651483716701108, 'a3': 3.1864002799061604} logZ_new= 3.951615638168992 obs_new= 2.3790118822365006e-28
params_max= {'a1': 1.8475208614068024, 'a2': 3.651483716701108, 'a3': 3.18640369187512} logZ_max= 3.951627418819919 obs_max= 5.788006114596001e-26
dist_min= tensor(185537.5535) dist_max= tensor(1.9529)
params_min,params_max=params_min,params_new
evaluating model at params_new={'a1': 1.8475208614068024, 'a2': 3.651483716701108, 'a3': 3.1863985739216805}
params_min= {'a1': 1.8475208614068024, 'a2': 3.651483716701108, 'a3': 3.1863968679372006} logZ_min= nan obs_min= 2.366284898359468e-27
params_new= {'a1': 1.8475208614068024, 'a2': 3.651483716701108, 'a3': 3.1863985739216805} logZ_new= 3.9516510421306554 obs_new= 6.187200384490181e-26
params_max= {'a1': 1.8475208614068024, 'a2': 3.651483716701108, 'a3': 3.1864002799061604} logZ_max= 3.951615638168992 obs_max= 2.3790118822365006e-28
dist_min= tensor(185537.4864) dist_max= tensor(3.5010)
params_min,params_max=params_min,params_new
evaluating model at params_new={'a1': 1.8475208614068024, 'a2': 3.651483716701108, 'a3': 3.1863977209294405}
params_min= {'a1': 1.8475208614068024, 'a2': 3.651483716701108, 'a3': 3.1863968679372006} logZ_min= nan obs_min= 2.366284898359468e-27
params_new= {'a1': 1.8475208614068024, 'a2': 3.651483716701108, 'a3': 3.1863977209294405} logZ_new= 3.9527656185795954 obs_new= 2.3465673115917467e-26
params_max= {'a1': 1.8475208614068024, 'a2': 3.651483716701108, 'a3': 3.1863985739216805} logZ_max= 3.9516510421306554 obs_max= 6.187200384490181e-26
dist_min= tensor(185537.5166) dist_max= tensor(1.1334)
params_min,params_max=params_min,params_new
evaluating model at params_new={'a1': 1.8475208614068024, 'a2': 3.651483716701108, 'a3': 3.1863972944333208}
params_min= {'a1': 1.8475208614068024, 'a2': 3.651483716701108, 'a3': 3.1863968679372006} logZ_min= nan obs_min= 2.366284898359468e-27
params_new= {'a1': 1.8475208614068024, 'a2': 3.651483716701108, 'a3': 3.1863972944333208} logZ_new= 3.9642259328458294 obs_new= 9.819187690202437e-29
params_max= {'a1': 1.8475208614068024, 'a2': 3.651483716701108, 'a3': 3.1863977209294405} logZ_max= 3.9527656185795954 obs_max= 2.3465673115917467e-26
dist_min= tensor(185537.7216) dist_max= tensor(98.9637)
params_min,params_max=params_min,params_new
evaluating model at params_new={'a1': 1.8475208614068024, 'a2': 3.651483716701108, 'a3': 3.1863970811852607}
params_min= {'a1': 1.8475208614068024, 'a2': 3.651483716701108, 'a3': 3.1863968679372006} logZ_min= nan obs_min= 2.366284898359468e-27
params_new= {'a1': 1.8475208614068024, 'a2': 3.651483716701108, 'a3': 3.1863970811852607} logZ_new= 3.965032614588804 obs_new= 6.439103163785775e-28
params_max= {'a1': 1.8475208614068024, 'a2': 3.651483716701108, 'a3': 3.1863972944333208} logZ_max= 3.9642259328458294 obs_max= 9.819187690202437e-29
dist_min= tensor(185537.8370) dist_max= tensor(369.9806)
params_min,params_max=params_min,params_new
evaluating model at params_new={'a1': 1.8475208614068024, 'a2': 3.651483716701108, 'a3': 3.1863969745612306}
params_min= {'a1': 1.8475208614068024, 'a2': 3.651483716701108, 'a3': 3.1863968679372006} logZ_min= nan obs_min= 2.366284898359468e-27
params_new= {'a1': 1.8475208614068024, 'a2': 3.651483716701108, 'a3': 3.1863969745612306} logZ_new= nan obs_new= 9.069360236785321e-30
params_max= {'a1': 1.8475208614068024, 'a2': 3.651483716701108, 'a3': 3.1863970811852607} logZ_max= 3.965032614588804 obs_max= 6.439103163785775e-28
dist_min= tensor(185537.7057) dist_max= tensor(359.7179)
params_min,params_max=params_min,params_new
evaluating model at params_new={'a1': 1.8475208614068024, 'a2': 3.651483716701108, 'a3': 3.186396921249216}
params_min= {'a1': 1.8475208614068024, 'a2': 3.651483716701108, 'a3': 3.1863968679372006} logZ_min= nan obs_min= 2.366284898359468e-27
params_new= {'a1': 1.8475208614068024, 'a2': 3.651483716701108, 'a3': 3.186396921249216} logZ_new= nan obs_new= 2.6999941588753483e-27
params_max= {'a1': 1.8475208614068024, 'a2': 3.651483716701108, 'a3': 3.1863969745612306} logZ_max= nan obs_max= 9.069360236785321e-30
dist_min= tensor(185537.6176) dist_max= tensor(57.8394)
params_min,params_max=params_min,params_new
evaluating model at params_new={'a1': 1.8475208614068024, 'a2': 3.651483716701108, 'a3': 3.186396894593208}
params_min= {'a1': 1.8475208614068024, 'a2': 3.651483716701108, 'a3': 3.1863968679372006} logZ_min= nan obs_min= 2.366284898359468e-27
params_new= {'a1': 1.8475208614068024, 'a2': 3.651483716701108, 'a3': 3.186396894593208} logZ_new= 3.965019060686206 obs_new= 4.6378169775424293e-29
params_max= {'a1': 1.8475208614068024, 'a2': 3.651483716701108, 'a3': 3.186396921249216} logZ_max= nan obs_max= 2.6999941588753483e-27
dist_min= tensor(185537.4981) dist_max= tensor(2.6260)
params_min,params_max=params_min,params_new
evaluating model at params_new={'a1': 1.8475208614068024, 'a2': 3.651483716701108, 'a3': 3.186396881265204}
params_min= {'a1': 1.8475208614068024, 'a2': 3.651483716701108, 'a3': 3.1863968679372006} logZ_min= nan obs_min= 2.366284898359468e-27
params_new= {'a1': 1.8475208614068024, 'a2': 3.651483716701108, 'a3': 3.186396881265204} logZ_new= 3.9516254034327023 obs_new= 3.340395758680251e-27
params_max= {'a1': 1.8475208614068024, 'a2': 3.651483716701108, 'a3': 3.186396894593208} logZ_max= 3.965019060686206 obs_max= 4.6378169775424293e-29
dist_min= tensor(185537.5692) dist_max= tensor(3.3507)
params_min,params_max=params_min,params_new
evaluating model at params_new={'a1': 1.8475208614068024, 'a2': 3.651483716701108, 'a3': 3.1863968746012024}
params_min= {'a1': 1.8475208614068024, 'a2': 3.651483716701108, 'a3': 3.1863968679372006} logZ_min= nan obs_min= 2.366284898359468e-27
params_new= {'a1': 1.8475208614068024, 'a2': 3.651483716701108, 'a3': 3.1863968746012024} logZ_new= 3.9516359969849897 obs_new= -1.1077640151185958e-28
params_max= {'a1': 1.8475208614068024, 'a2': 3.651483716701108, 'a3': 3.186396881265204} logZ_max= 3.9516254034327023 obs_max= 3.340395758680251e-27
dist_min= tensor(185537.5898) dist_max= tensor(2.6957)
params_min,params_max=params_min,params_new
evaluating model at params_new={'a1': 1.8475208614068024, 'a2': 3.651483716701108, 'a3': 3.1863968712692015}
params_min= {'a1': 1.8475208614068024, 'a2': 3.651483716701108, 'a3': 3.1863968679372006} logZ_min= nan obs_min= 2.366284898359468e-27
params_new= {'a1': 1.8475208614068024, 'a2': 3.651483716701108, 'a3': 3.1863968712692015} logZ_new= nan obs_new= -2.492935912226289e-25
params_max= {'a1': 1.8475208614068024, 'a2': 3.651483716701108, 'a3': 3.1863968746012024} logZ_max= 3.9516359969849897 obs_max= -1.1077640151185958e-28
dist_min= tensor(185537.4849) dist_max= tensor(3.6240)
params_min,params_max=params_min,params_new
evaluating model at params_new={'a1': 1.8475208614068024, 'a2': 3.651483716701108, 'a3': 3.1863968696032012}
params_min= {'a1': 1.8475208614068024, 'a2': 3.651483716701108, 'a3': 3.1863968679372006} logZ_min= nan obs_min= 2.366284898359468e-27
params_new= {'a1': 1.8475208614068024, 'a2': 3.651483716701108, 'a3': 3.1863968696032012} logZ_new= 3.9650358856298986 obs_new= 3.906738348911738e-27
params_max= {'a1': 1.8475208614068024, 'a2': 3.651483716701108, 'a3': 3.1863968712692015} logZ_max= nan obs_max= -2.492935912226289e-25
dist_min= tensor(185537.4988) dist_max= tensor(3.5015)
params_min,params_max=params_min,params_new
evaluating model at params_new={'a1': 1.8475208614068024, 'a2': 3.651483716701108, 'a3': 3.186396868770201}
params_min= {'a1': 1.8475208614068024, 'a2': 3.651483716701108, 'a3': 3.1863968679372006} logZ_min= nan obs_min= 2.366284898359468e-27
params_new= {'a1': 1.8475208614068024, 'a2': 3.651483716701108, 'a3': 3.186396868770201} logZ_new= 3.9650364865958765 obs_new= 2.2742844364834643e-28
params_max= {'a1': 1.8475208614068024, 'a2': 3.651483716701108, 'a3': 3.1863968696032012} logZ_max= 3.9650358856298986 obs_max= 3.906738348911738e-27
dist_min= tensor(185537.4986) dist_max= tensor(2.3038)
params_min,params_max=params_min,params_new
evaluating model at params_new={'a1': 1.8475208614068024, 'a2': 3.651483716701108, 'a3': 3.1863968683537007}
params_min= {'a1': 1.8475208614068024, 'a2': 3.651483716701108, 'a3': 3.1863968679372006} logZ_min= nan obs_min= 2.366284898359468e-27
params_new= {'a1': 1.8475208614068024, 'a2': 3.651483716701108, 'a3': 3.1863968683537007} logZ_new= nan obs_new= 6.937017221329435e-28
params_max= {'a1': 1.8475208614068024, 'a2': 3.651483716701108, 'a3': 3.186396868770201} logZ_max= 3.9650364865958765 obs_max= 2.2742844364834643e-28
dist_min= tensor(185537.5790) dist_max= tensor(3.7163)
params_min,params_max=params_min,params_new
evaluating model at params_new={'a1': 1.8475208614068024, 'a2': 3.651483716701108, 'a3': 3.186396868145451}
params_min= {'a1': 1.8475208614068024, 'a2': 3.651483716701108, 'a3': 3.1863968679372006} logZ_min= nan obs_min= 2.366284898359468e-27
params_new= {'a1': 1.8475208614068024, 'a2': 3.651483716701108, 'a3': 3.186396868145451} logZ_new= nan obs_new= 2.679855081236317e-28
params_max= {'a1': 1.8475208614068024, 'a2': 3.651483716701108, 'a3': 3.1863968683537007} logZ_max= nan obs_max= 6.937017221329435e-28
dist_min= tensor(185537.5904) dist_max= tensor(0.9779)
params_min,params_max=params_min,params_new
evaluating model at params_new={'a1': 1.8475208614068024, 'a2': 3.651483716701108, 'a3': 3.1863968680413257}
params_min= {'a1': 1.8475208614068024, 'a2': 3.651483716701108, 'a3': 3.1863968679372006} logZ_min= nan obs_min= 2.366284898359468e-27
params_new= {'a1': 1.8475208614068024, 'a2': 3.651483716701108, 'a3': 3.1863968680413257} logZ_new= 3.9516500369801544 obs_new= 2.4873191931614066e-26
params_max= {'a1': 1.8475208614068024, 'a2': 3.651483716701108, 'a3': 3.186396868145451} logZ_max= nan obs_max= 2.679855081236317e-28
dist_min= tensor(185537.4857) dist_max= tensor(2.4122)
params_min,params_max=params_min,params_new
evaluating model at params_new={'a1': 1.8475208614068024, 'a2': 3.651483716701108, 'a3': 3.186396867989263}
params_min= {'a1': 1.8475208614068024, 'a2': 3.651483716701108, 'a3': 3.1863968679372006} logZ_min= nan obs_min= 2.366284898359468e-27
params_new= {'a1': 1.8475208614068024, 'a2': 3.651483716701108, 'a3': 3.186396867989263} logZ_new= 3.964229408704597 obs_new= 3.584989114567888e-29
params_max= {'a1': 1.8475208614068024, 'a2': 3.651483716701108, 'a3': 3.1863968680413257} logZ_max= 3.9516500369801544 obs_max= 2.4873191931614066e-26
dist_min= tensor(185537.7021) dist_max= tensor(45.6629)
params_min,params_max=params_min,params_new
evaluating model at params_new={'a1': 1.8475208614068024, 'a2': 3.651483716701108, 'a3': 3.1863968679632317}
params_min= {'a1': 1.8475208614068024, 'a2': 3.651483716701108, 'a3': 3.1863968679372006} logZ_min= nan obs_min= 2.366284898359468e-27
params_new= {'a1': 1.8475208614068024, 'a2': 3.651483716701108, 'a3': 3.1863968679632317} logZ_new= 3.9647077587469988 obs_new= 6.248168986195307e-26
params_max= {'a1': 1.8475208614068024, 'a2': 3.651483716701108, 'a3': 3.186396867989263} logZ_max= 3.964229408704597 obs_max= 3.584989114567888e-29
dist_min= tensor(185537.4989) dist_max= tensor(44.3659)
params_min,params_max=params_min,params_new
evaluating model at params_new={'a1': 1.8475208614068024, 'a2': 3.651483716701108, 'a3': 3.186396867950216}
params_min= {'a1': 1.8475208614068024, 'a2': 3.651483716701108, 'a3': 3.1863968679372006} logZ_min= nan obs_min= 2.366284898359468e-27
params_new= {'a1': 1.8475208614068024, 'a2': 3.651483716701108, 'a3': 3.186396867950216} logZ_new= 3.951648662449814 obs_new= 4.047425702370858e-25
params_max= {'a1': 1.8475208614068024, 'a2': 3.651483716701108, 'a3': 3.1863968679632317} logZ_max= 3.9647077587469988 obs_max= 6.248168986195307e-26
dist_min= tensor(185537.4846) dist_max= tensor(2.7957)
params_min,params_max=params_min,params_new
evaluating model at params_new={'a1': 1.8475208614068024, 'a2': 3.651483716701108, 'a3': 3.1863968679437082}
params_min= {'a1': 1.8475208614068024, 'a2': 3.651483716701108, 'a3': 3.1863968679372006} logZ_min= nan obs_min= 2.366284898359468e-27
params_new= {'a1': 1.8475208614068024, 'a2': 3.651483716701108, 'a3': 3.1863968679437082} logZ_new= 3.951651053888695 obs_new= 2.8172322011195737e-27
params_max= {'a1': 1.8475208614068024, 'a2': 3.651483716701108, 'a3': 3.186396867950216} logZ_max= 3.951648662449814 obs_max= 4.047425702370858e-25
dist_min= tensor(185537.5168) dist_max= tensor(5.2696)
params_min,params_max=params_min,params_new
evaluating model at params_new={'a1': 1.8475208614068024, 'a2': 3.651483716701108, 'a3': 3.1863968679404544}
params_min= {'a1': 1.8475208614068024, 'a2': 3.651483716701108, 'a3': 3.1863968679372006} logZ_min= nan obs_min= 2.366284898359468e-27
params_new= {'a1': 1.8475208614068024, 'a2': 3.651483716701108, 'a3': 3.1863968679404544} logZ_new= 3.9642294851994246 obs_new= 9.574654984368778e-29
params_max= {'a1': 1.8475208614068024, 'a2': 3.651483716701108, 'a3': 3.1863968679437082} logZ_max= 3.951651053888695 obs_max= 2.8172322011195737e-27
dist_min= tensor(185537.7570) dist_max= tensor(150.7729)
params_min,params_max=params_min,params_new
evaluating model at params_new={'a1': 1.8475208614068024, 'a2': 3.651483716701108, 'a3': 3.1863968679388277}
params_min= {'a1': 1.8475208614068024, 'a2': 3.651483716701108, 'a3': 3.1863968679372006} logZ_min= nan obs_min= 2.366284898359468e-27
params_new= {'a1': 1.8475208614068024, 'a2': 3.651483716701108, 'a3': 3.1863968679388277} logZ_new= nan obs_new= 1.9094856639714382e-28
params_max= {'a1': 1.8475208614068024, 'a2': 3.651483716701108, 'a3': 3.1863968679404544} logZ_max= 3.9642294851994246 obs_max= 9.574654984368778e-29
dist_min= tensor(185537.5001) dist_max= tensor(153.6177)
params_min,params_max=params_min,params_new
evaluating model at params_new={'a1': 1.8475208614068024, 'a2': 3.651483716701108, 'a3': 3.186396867938014}
params_min= {'a1': 1.8475208614068024, 'a2': 3.651483716701108, 'a3': 3.1863968679372006} logZ_min= nan obs_min= 2.366284898359468e-27
params_new= {'a1': 1.8475208614068024, 'a2': 3.651483716701108, 'a3': 3.186396867938014} logZ_new= nan obs_new= 8.633920588780295e-29
params_max= {'a1': 1.8475208614068024, 'a2': 3.651483716701108, 'a3': 3.1863968679388277} logZ_max= nan obs_max= 1.9094856639714382e-28
dist_min= tensor(185537.6021) dist_max= tensor(27.2934)
params_min,params_max=params_min,params_new
evaluating model at params_new={'a1': 1.8475208614068024, 'a2': 3.651483716701108, 'a3': 3.1863968679376073}
params_min= {'a1': 1.8475208614068024, 'a2': 3.651483716701108, 'a3': 3.1863968679372006} logZ_min= nan obs_min= 2.366284898359468e-27
params_new= {'a1': 1.8475208614068024, 'a2': 3.651483716701108, 'a3': 3.1863968679376073} logZ_new= 3.9516342740177737 obs_new= 3.700068448763883e-28
params_max= {'a1': 1.8475208614068024, 'a2': 3.651483716701108, 'a3': 3.186396867938014} logZ_max= nan obs_max= 8.633920588780295e-29
dist_min= tensor(185537.5887) dist_max= tensor(1.9956)
params_min,params_max=params_min,params_new
evaluating model at params_new={'a1': 1.8475208614068024, 'a2': 3.651483716701108, 'a3': 3.186396867937404}
params_min= {'a1': 1.8475208614068024, 'a2': 3.651483716701108, 'a3': 3.1863968679372006} logZ_min= nan obs_min= 2.366284898359468e-27
params_new= {'a1': 1.8475208614068024, 'a2': 3.651483716701108, 'a3': 3.186396867937404} logZ_new= 3.964228439480373 obs_new= 1.8598644137304262e-29
params_max= {'a1': 1.8475208614068024, 'a2': 3.651483716701108, 'a3': 3.1863968679376073} logZ_max= 3.9516342740177737 obs_max= 3.700068448763883e-28
dist_min= tensor(185537.7043) dist_max= tensor(65.2640)
params_min,params_max=params_min,params_new
evaluating model at params_new={'a1': 1.8475208614068024, 'a2': 3.651483716701108, 'a3': 3.1863968679373023}
params_min= {'a1': 1.8475208614068024, 'a2': 3.651483716701108, 'a3': 3.1863968679372006} logZ_min= nan obs_min= 2.366284898359468e-27
params_new= {'a1': 1.8475208614068024, 'a2': 3.651483716701108, 'a3': 3.1863968679373023} logZ_new= 3.9515227408850824 obs_new= 5.991546885043353e-26
params_max= {'a1': 1.8475208614068024, 'a2': 3.651483716701108, 'a3': 3.186396867937404} logZ_max= 3.964228439480373 obs_max= 1.8598644137304262e-29
dist_min= tensor(185537.6159) dist_max= tensor(65.1531)
params_min,params_max=params_min,params_new
evaluating model at params_new={'a1': 1.8475208614068024, 'a2': 3.651483716701108, 'a3': 3.186396867937251}
params_min= {'a1': 1.8475208614068024, 'a2': 3.651483716701108, 'a3': 3.1863968679372006} logZ_min= nan obs_min= 2.366284898359468e-27
params_new= {'a1': 1.8475208614068024, 'a2': 3.651483716701108, 'a3': 3.186396867937251} logZ_new= 3.965021557744072 obs_new= 1.818099240613632e-29
params_max= {'a1': 1.8475208614068024, 'a2': 3.651483716701108, 'a3': 3.1863968679373023} logZ_max= 3.9515227408850824 obs_max= 5.991546885043353e-26
dist_min= tensor(185537.5003) dist_max= tensor(30.3400)
params_min,params_max=params_min,params_new
evaluating model at params_new={'a1': 1.8475208614068024, 'a2': 3.651483716701108, 'a3': 3.186396867937226}
params_min= {'a1': 1.8475208614068024, 'a2': 3.651483716701108, 'a3': 3.1863968679372006} logZ_min= nan obs_min= 2.366284898359468e-27
params_new= {'a1': 1.8475208614068024, 'a2': 3.651483716701108, 'a3': 3.186396867937226} logZ_new= 3.951627902598161 obs_new= 2.957903822652871e-28
params_max= {'a1': 1.8475208614068024, 'a2': 3.651483716701108, 'a3': 3.186396867937251} logZ_max= 3.965021557744072 obs_max= 1.818099240613632e-29
dist_min= tensor(185537.5689) dist_max= tensor(31.2338)
params_min,params_max=params_min,params_new
evaluating model at params_new={'a1': 1.8475208614068024, 'a2': 3.651483716701108, 'a3': 3.186396867937213}
params_min= {'a1': 1.8475208614068024, 'a2': 3.651483716701108, 'a3': 3.1863968679372006} logZ_min= nan obs_min= 2.366284898359468e-27
params_new= {'a1': 1.8475208614068024, 'a2': 3.651483716701108, 'a3': 3.186396867937213} logZ_new= 3.9642111365692934 obs_new= 6.099394519558915e-32
params_max= {'a1': 1.8475208614068024, 'a2': 3.651483716701108, 'a3': 3.186396867937226} logZ_max= 3.951627902598161 obs_max= 2.957903822652871e-28
dist_min= tensor(185602.4872) dist_max= tensor(4904.1301)
params_min,params_max=params_min,params_new
evaluating model at params_new={'a1': 1.8475208614068024, 'a2': 3.651483716701108, 'a3': 3.186396867937207}
params_min= {'a1': 1.8475208614068024, 'a2': 3.651483716701108, 'a3': 3.1863968679372006} logZ_min= nan obs_min= 2.366284898359468e-27
params_new= {'a1': 1.8475208614068024, 'a2': 3.651483716701108, 'a3': 3.186396867937207} logZ_new= nan obs_new= 4.957026246819205e-29
params_max= {'a1': 1.8475208614068024, 'a2': 3.651483716701108, 'a3': 3.186396867937213} logZ_max= 3.9642111365692934 obs_max= 6.099394519558915e-32
dist_min= tensor(185537.9057) dist_max= tensor(4911.7269)
params_min,params_max=params_min,params_new
evaluating model at params_new={'a1': 1.8475208614068024, 'a2': 3.651483716701108, 'a3': 3.1863968679372037}
params_min= {'a1': 1.8475208614068024, 'a2': 3.651483716701108, 'a3': 3.1863968679372006} logZ_min= nan obs_min= 2.366284898359468e-27
params_new= {'a1': 1.8475208614068024, 'a2': 3.651483716701108, 'a3': 3.1863968679372037} logZ_new= nan obs_new= 3.051895119484307e-29
params_max= {'a1': 1.8475208614068024, 'a2': 3.651483716701108, 'a3': 3.186396867937207} logZ_max= nan obs_max= 4.957026246819205e-29
dist_min= tensor(185537.6979) dist_max= tensor(280.6033)
params_min,params_max=params_min,params_new
evaluating model at params_new={'a1': 1.8475208614068024, 'a2': 3.651483716701108, 'a3': 3.1863968679372023}
params_min= {'a1': 1.8475208614068024, 'a2': 3.651483716701108, 'a3': 3.1863968679372006} logZ_min= nan obs_min= 2.366284898359468e-27
params_new= {'a1': 1.8475208614068024, 'a2': 3.651483716701108, 'a3': 3.1863968679372023} logZ_new= 3.9650413079091407 obs_new= 3.802078401259499e-27
params_max= {'a1': 1.8475208614068024, 'a2': 3.651483716701108, 'a3': 3.1863968679372037} logZ_max= nan obs_max= 3.051895119484307e-29
dist_min= tensor(185537.4987) dist_max= tensor(19.0294)
params_min,params_max=params_min,params_new
evaluating model at params_new={'a1': 1.8475208614068024, 'a2': 3.651483716701108, 'a3': 3.1863968679372014}
params_min= {'a1': 1.8475208614068024, 'a2': 3.651483716701108, 'a3': 3.1863968679372006} logZ_min= nan obs_min= 2.366284898359468e-27
params_new= {'a1': 1.8475208614068024, 'a2': 3.651483716701108, 'a3': 3.1863968679372014} logZ_new= 3.9642294984376916 obs_new= 3.921798866606451e-29
params_max= {'a1': 1.8475208614068024, 'a2': 3.651483716701108, 'a3': 3.1863968679372023} logZ_max= 3.9650413079091407 obs_max= 3.802078401259499e-27
dist_min= tensor(185538.2395) dist_max= tensor(449.5295)
params_min,params_max=params_min,params_new
evaluating model at params_new={'a1': 1.8475208614068024, 'a2': 3.651483716701108, 'a3': 3.186396867937201}
params_min= {'a1': 1.8475208614068024, 'a2': 3.651483716701108, 'a3': 3.1863968679372006} logZ_min= nan obs_min= 2.366284898359468e-27
params_new= {'a1': 1.8475208614068024, 'a2': 3.651483716701108, 'a3': 3.186396867937201} logZ_new= nan obs_new= 1.0511145609734601e-28
params_max= {'a1': 1.8475208614068024, 'a2': 3.651483716701108, 'a3': 3.1863968679372014} logZ_max= 3.9642294984376916 obs_max= 3.921798866606451e-29
dist_min= tensor(185537.7904) dist_max= tensor(486.4953)
params_min,params_max=params_min,params_new
critical params found:  {'a1': 1.8475208614068024, 'a2': 3.651483716701108, 'a3': 3.1863968679372006}
reference params:  {'a1': 1.1547005383792515, 'a2': 1.8257418583505538, 'a3': 4.47213595499958}
file saved to  data/AKLT3D_X10_scan_grid_critical_a3/a1_1.8475209_a2_3.6514837/Tc.json
