Start running find_critical_temp.py with options:{'filename': 'data/AKLT3D_X10_scan_grid_critical_a3/a1_2.0784610_a2_3.2863353/Tc.json', 'log_filename': 'data/AKLT3D_X10_scan_grid_critical_a3/a1_2.0784610_a2_3.2863353/Tc.log', 'nLayers': 60, 'max_dim': 10, 'model': 'AKLT3D', 'params_min': "{'a1': 2.0784609690826525, 'a2': 3.286335345030997, 'a3': 5.366563145999496}", 'params_max': "{'a1': 2.0784609690826525, 'a2': 3.286335345030997, 'a3': 6.260990336999412}", 'params_ref': None, 'observable_name': 'magnetizationZ', 'tol': 0.0, 'gilt_enabled': False, 'gilt_eps': 8e-07, 'gilt_nIter': 1, 'mcf_enabled': True, 'mcf_eps': 1e-16, 'mcf_max_iter': 200, 'hotrg_sanity_check': False, 'version': 1, 'device': 'cuda:1'}
loading library...
evaluating model at params_min={'a1': 2.0784609690826525, 'a2': 3.286335345030997, 'a3': 5.366563145999496}
params_min= {'a1': 2.0784609690826525, 'a2': 3.286335345030997, 'a3': 5.366563145999496} logZ_min= 4.036973169376471 obs_min= 5.256850959015317e-26
evaluating model at params_max={'a1': 2.0784609690826525, 'a2': 3.286335345030997, 'a3': 6.260990336999412}
params_max= {'a1': 2.0784609690826525, 'a2': 3.286335345030997, 'a3': 6.260990336999412} logZ_max= 4.063823944801561 obs_max= 1.5730605158911297
searching for critical temperature using bisection method
evaluating model at params_new={'a1': 2.0784609690826525, 'a2': 3.286335345030997, 'a3': 5.813776741499455}
params_min= {'a1': 2.0784609690826525, 'a2': 3.286335345030997, 'a3': 5.366563145999496} logZ_min= 4.036973169376471 obs_min= 5.256850959015317e-26
params_new= {'a1': 2.0784609690826525, 'a2': 3.286335345030997, 'a3': 5.813776741499455} logZ_new= 4.041173377868725 obs_new= 2.2959600925516985e-27
params_max= {'a1': 2.0784609690826525, 'a2': 3.286335345030997, 'a3': 6.260990336999412} logZ_max= 4.063823944801561 obs_max= 1.5730605158911297
dist_min= tensor(96.1925) dist_max= tensor(58.0711)
params_min,params_max=params_min,params_new
evaluating model at params_new={'a1': 2.0784609690826525, 'a2': 3.286335345030997, 'a3': 5.590169943749475}
params_min= {'a1': 2.0784609690826525, 'a2': 3.286335345030997, 'a3': 5.366563145999496} logZ_min= 4.036973169376471 obs_min= 5.256850959015317e-26
params_new= {'a1': 2.0784609690826525, 'a2': 3.286335345030997, 'a3': 5.590169943749475} logZ_new= nan obs_new= 1.4529164226805187e-30
params_max= {'a1': 2.0784609690826525, 'a2': 3.286335345030997, 'a3': 5.813776741499455} logZ_max= 4.041173377868725 obs_max= 2.2959600925516985e-27
dist_min= tensor(101.0606) dist_max= tensor(36.5335)
params_min,params_max=params_min,params_new
evaluating model at params_new={'a1': 2.0784609690826525, 'a2': 3.286335345030997, 'a3': 5.478366544874486}
params_min= {'a1': 2.0784609690826525, 'a2': 3.286335345030997, 'a3': 5.366563145999496} logZ_min= 4.036973169376471 obs_min= 5.256850959015317e-26
params_new= {'a1': 2.0784609690826525, 'a2': 3.286335345030997, 'a3': 5.478366544874486} logZ_new= 4.033640032468058 obs_new= 2.9090396012257805e-29
params_max= {'a1': 2.0784609690826525, 'a2': 3.286335345030997, 'a3': 5.590169943749475} logZ_max= nan obs_max= 1.4529164226805187e-30
dist_min= tensor(103.3413) dist_max= tensor(38.5515)
params_min,params_max=params_min,params_new
evaluating model at params_new={'a1': 2.0784609690826525, 'a2': 3.286335345030997, 'a3': 5.422464845436991}
params_min= {'a1': 2.0784609690826525, 'a2': 3.286335345030997, 'a3': 5.366563145999496} logZ_min= 4.036973169376471 obs_min= 5.256850959015317e-26
params_new= {'a1': 2.0784609690826525, 'a2': 3.286335345030997, 'a3': 5.422464845436991} logZ_new= nan obs_new= 7.886142831156573e-29
params_max= {'a1': 2.0784609690826525, 'a2': 3.286335345030997, 'a3': 5.478366544874486} logZ_max= 4.033640032468058 obs_max= 2.9090396012257805e-29
dist_min= tensor(89.2792) dist_max= tensor(137.5727)
params_min,params_max=params_new,params_max
evaluating model at params_new={'a1': 2.0784609690826525, 'a2': 3.286335345030997, 'a3': 5.450415695155739}
params_min= {'a1': 2.0784609690826525, 'a2': 3.286335345030997, 'a3': 5.422464845436991} logZ_min= nan obs_min= 7.886142831156573e-29
params_new= {'a1': 2.0784609690826525, 'a2': 3.286335345030997, 'a3': 5.450415695155739} logZ_new= 4.032999260115593 obs_new= -8.92930568309439e-33
params_max= {'a1': 2.0784609690826525, 'a2': 3.286335345030997, 'a3': 5.478366544874486} logZ_max= 4.033640032468058 obs_max= 2.9090396012257805e-29
dist_min= tensor(141.0878) dist_max= tensor(5.0412)
params_min,params_max=params_min,params_new
evaluating model at params_new={'a1': 2.0784609690826525, 'a2': 3.286335345030997, 'a3': 5.436440270296365}
params_min= {'a1': 2.0784609690826525, 'a2': 3.286335345030997, 'a3': 5.422464845436991} logZ_min= nan obs_min= 7.886142831156573e-29
params_new= {'a1': 2.0784609690826525, 'a2': 3.286335345030997, 'a3': 5.436440270296365} logZ_new= 4.03262202861856 obs_new= 4.283001809299931e-30
params_max= {'a1': 2.0784609690826525, 'a2': 3.286335345030997, 'a3': 5.450415695155739} logZ_max= 4.032999260115593 obs_max= -8.92930568309439e-33
dist_min= tensor(180.8731) dist_max= tensor(109.4994)
params_min,params_max=params_min,params_new
evaluating model at params_new={'a1': 2.0784609690826525, 'a2': 3.286335345030997, 'a3': 5.429452557866679}
params_min= {'a1': 2.0784609690826525, 'a2': 3.286335345030997, 'a3': 5.422464845436991} logZ_min= nan obs_min= 7.886142831156573e-29
params_new= {'a1': 2.0784609690826525, 'a2': 3.286335345030997, 'a3': 5.429452557866679} logZ_new= 4.038037856355704 obs_new= 1.3908350804882687e-25
params_max= {'a1': 2.0784609690826525, 'a2': 3.286335345030997, 'a3': 5.436440270296365} logZ_max= 4.03262202861856 obs_max= 4.283001809299931e-30
dist_min= tensor(89.3215) dist_max= tensor(155.6992)
params_min,params_max=params_new,params_max
evaluating model at params_new={'a1': 2.0784609690826525, 'a2': 3.286335345030997, 'a3': 5.432946414081522}
params_min= {'a1': 2.0784609690826525, 'a2': 3.286335345030997, 'a3': 5.429452557866679} logZ_min= 4.038037856355704 obs_min= 1.3908350804882687e-25
params_new= {'a1': 2.0784609690826525, 'a2': 3.286335345030997, 'a3': 5.432946414081522} logZ_new= nan obs_new= 0.07344025911584857
params_max= {'a1': 2.0784609690826525, 'a2': 3.286335345030997, 'a3': 5.436440270296365} logZ_max= 4.03262202861856 obs_max= 4.283001809299931e-30
dist_min= tensor(4.8002) dist_max= tensor(156.5445)
params_min,params_max=params_new,params_max
evaluating model at params_new={'a1': 2.0784609690826525, 'a2': 3.286335345030997, 'a3': 5.434693342188943}
params_min= {'a1': 2.0784609690826525, 'a2': 3.286335345030997, 'a3': 5.432946414081522} logZ_min= nan obs_min= 0.07344025911584857
params_new= {'a1': 2.0784609690826525, 'a2': 3.286335345030997, 'a3': 5.434693342188943} logZ_new= 4.033222251036251 obs_new= 5.485406389144175e-33
params_max= {'a1': 2.0784609690826525, 'a2': 3.286335345030997, 'a3': 5.436440270296365} logZ_max= 4.03262202861856 obs_max= 4.283001809299931e-30
dist_min= tensor(114.5102) dist_max= tensor(108.2303)
params_min,params_max=params_min,params_new
evaluating model at params_new={'a1': 2.0784609690826525, 'a2': 3.286335345030997, 'a3': 5.433819878135233}
params_min= {'a1': 2.0784609690826525, 'a2': 3.286335345030997, 'a3': 5.432946414081522} logZ_min= nan obs_min= 0.07344025911584857
params_new= {'a1': 2.0784609690826525, 'a2': 3.286335345030997, 'a3': 5.433819878135233} logZ_new= nan obs_new= 7.062812633537618e-29
params_max= {'a1': 2.0784609690826525, 'a2': 3.286335345030997, 'a3': 5.434693342188943} logZ_max= 4.033222251036251 obs_max= 5.485406389144175e-33
dist_min= tensor(1433.7100) dist_max= tensor(1428.6434)
params_min,params_max=params_min,params_new
evaluating model at params_new={'a1': 2.0784609690826525, 'a2': 3.286335345030997, 'a3': 5.433383146108378}
params_min= {'a1': 2.0784609690826525, 'a2': 3.286335345030997, 'a3': 5.432946414081522} logZ_min= nan obs_min= 0.07344025911584857
params_new= {'a1': 2.0784609690826525, 'a2': 3.286335345030997, 'a3': 5.433383146108378} logZ_new= 4.033912697648863 obs_new= 4.3624044289253736e-29
params_max= {'a1': 2.0784609690826525, 'a2': 3.286335345030997, 'a3': 5.433819878135233} logZ_max= nan obs_max= 7.062812633537618e-29
dist_min= tensor(5.4472) dist_max= tensor(1433.3467)
params_min,params_max=params_new,params_max
evaluating model at params_new={'a1': 2.0784609690826525, 'a2': 3.286335345030997, 'a3': 5.433601512121806}
params_min= {'a1': 2.0784609690826525, 'a2': 3.286335345030997, 'a3': 5.433383146108378} logZ_min= 4.033912697648863 obs_min= 4.3624044289253736e-29
params_new= {'a1': 2.0784609690826525, 'a2': 3.286335345030997, 'a3': 5.433601512121806} logZ_new= 4.032726873970697 obs_new= 3.1423630877093713e-29
params_max= {'a1': 2.0784609690826525, 'a2': 3.286335345030997, 'a3': 5.433819878135233} logZ_max= nan obs_max= 7.062812633537618e-29
dist_min= tensor(113.1527) dist_max= tensor(1428.7891)
params_min,params_max=params_new,params_max
evaluating model at params_new={'a1': 2.0784609690826525, 'a2': 3.286335345030997, 'a3': 5.43371069512852}
params_min= {'a1': 2.0784609690826525, 'a2': 3.286335345030997, 'a3': 5.433601512121806} logZ_min= 4.032726873970697 obs_min= 3.1423630877093713e-29
params_new= {'a1': 2.0784609690826525, 'a2': 3.286335345030997, 'a3': 5.43371069512852} logZ_new= 4.038308973315912 obs_new= 0.06442103796740206
params_max= {'a1': 2.0784609690826525, 'a2': 3.286335345030997, 'a3': 5.433819878135233} logZ_max= nan obs_max= 7.062812633537618e-29
dist_min= tensor(112.3185) dist_max= tensor(1433.6285)
params_min,params_max=params_new,params_max
evaluating model at params_new={'a1': 2.0784609690826525, 'a2': 3.286335345030997, 'a3': 5.433765286631877}
params_min= {'a1': 2.0784609690826525, 'a2': 3.286335345030997, 'a3': 5.43371069512852} logZ_min= 4.038308973315912 obs_min= 0.06442103796740206
params_new= {'a1': 2.0784609690826525, 'a2': 3.286335345030997, 'a3': 5.433765286631877} logZ_new= 4.033598608987054 obs_new= 2.2299640389167133e-28
params_max= {'a1': 2.0784609690826525, 'a2': 3.286335345030997, 'a3': 5.433819878135233} logZ_max= nan obs_max= 7.062812633537618e-29
dist_min= tensor(1375.7916) dist_max= tensor(1980.2969)
params_min,params_max=params_new,params_max
evaluating model at params_new={'a1': 2.0784609690826525, 'a2': 3.286335345030997, 'a3': 5.433792582383555}
params_min= {'a1': 2.0784609690826525, 'a2': 3.286335345030997, 'a3': 5.433765286631877} logZ_min= 4.033598608987054 obs_min= 2.2299640389167133e-28
params_new= {'a1': 2.0784609690826525, 'a2': 3.286335345030997, 'a3': 5.433792582383555} logZ_new= 4.032563223933432 obs_new= 3.0312777111796848e-31
params_max= {'a1': 2.0784609690826525, 'a2': 3.286335345030997, 'a3': 5.433819878135233} logZ_max= nan obs_max= 7.062812633537618e-29
dist_min= tensor(1372.1570) dist_max= tensor(1429.1302)
params_min,params_max=params_new,params_max
evaluating model at params_new={'a1': 2.0784609690826525, 'a2': 3.286335345030997, 'a3': 5.433806230259394}
params_min= {'a1': 2.0784609690826525, 'a2': 3.286335345030997, 'a3': 5.433792582383555} logZ_min= 4.032563223933432 obs_min= 3.0312777111796848e-31
params_new= {'a1': 2.0784609690826525, 'a2': 3.286335345030997, 'a3': 5.433806230259394} logZ_new= nan obs_new= 0.09180256112740977
params_max= {'a1': 2.0784609690826525, 'a2': 3.286335345030997, 'a3': 5.433819878135233} logZ_max= nan obs_max= 7.062812633537618e-29
dist_min= tensor(121.5589) dist_max= tensor(1433.5906)
params_min,params_max=params_new,params_max
evaluating model at params_new={'a1': 2.0784609690826525, 'a2': 3.286335345030997, 'a3': 5.433813054197314}
params_min= {'a1': 2.0784609690826525, 'a2': 3.286335345030997, 'a3': 5.433806230259394} logZ_min= nan obs_min= 0.09180256112740977
params_new= {'a1': 2.0784609690826525, 'a2': 3.286335345030997, 'a3': 5.433813054197314} logZ_new= 4.038738753409605 obs_new= 0.15109325272062615
params_max= {'a1': 2.0784609690826525, 'a2': 3.286335345030997, 'a3': 5.433819878135233} logZ_max= nan obs_max= 7.062812633537618e-29
dist_min= tensor(5.2083) dist_max= tensor(1433.4503)
params_min,params_max=params_new,params_max
evaluating model at params_new={'a1': 2.0784609690826525, 'a2': 3.286335345030997, 'a3': 5.433816466166274}
params_min= {'a1': 2.0784609690826525, 'a2': 3.286335345030997, 'a3': 5.433813054197314} logZ_min= 4.038738753409605 obs_min= 0.15109325272062615
params_new= {'a1': 2.0784609690826525, 'a2': 3.286335345030997, 'a3': 5.433816466166274} logZ_new= 4.034380123077098 obs_new= 8.22439539913295e-29
params_max= {'a1': 2.0784609690826525, 'a2': 3.286335345030997, 'a3': 5.433819878135233} logZ_max= nan obs_max= 7.062812633537618e-29
dist_min= tensor(4.1979) dist_max= tensor(1433.4097)
params_min,params_max=params_new,params_max
evaluating model at params_new={'a1': 2.0784609690826525, 'a2': 3.286335345030997, 'a3': 5.433818172150753}
params_min= {'a1': 2.0784609690826525, 'a2': 3.286335345030997, 'a3': 5.433816466166274} logZ_min= 4.034380123077098 obs_min= 8.22439539913295e-29
params_new= {'a1': 2.0784609690826525, 'a2': 3.286335345030997, 'a3': 5.433818172150753} logZ_new= 4.032823435502727 obs_new= 3.828370807345292e-32
params_max= {'a1': 2.0784609690826525, 'a2': 3.286335345030997, 'a3': 5.433819878135233} logZ_max= nan obs_max= 7.062812633537618e-29
dist_min= tensor(117.2593) dist_max= tensor(1422.9471)
params_min,params_max=params_new,params_max
evaluating model at params_new={'a1': 2.0784609690826525, 'a2': 3.286335345030997, 'a3': 5.433819025142993}
params_min= {'a1': 2.0784609690826525, 'a2': 3.286335345030997, 'a3': 5.433818172150753} logZ_min= 4.032823435502727 obs_min= 3.828370807345292e-32
params_new= {'a1': 2.0784609690826525, 'a2': 3.286335345030997, 'a3': 5.433819025142993} logZ_new= 4.032721172260889 obs_new= 4.803974537125144e-30
params_max= {'a1': 2.0784609690826525, 'a2': 3.286335345030997, 'a3': 5.433819878135233} logZ_max= nan obs_max= 7.062812633537618e-29
dist_min= tensor(35.6010) dist_max= tensor(1428.8079)
params_min,params_max=params_new,params_max
evaluating model at params_new={'a1': 2.0784609690826525, 'a2': 3.286335345030997, 'a3': 5.433819451639113}
params_min= {'a1': 2.0784609690826525, 'a2': 3.286335345030997, 'a3': 5.433819025142993} logZ_min= 4.032721172260889 obs_min= 4.803974537125144e-30
params_new= {'a1': 2.0784609690826525, 'a2': 3.286335345030997, 'a3': 5.433819451639113} logZ_new= nan obs_new= 0.061782471670795015
params_max= {'a1': 2.0784609690826525, 'a2': 3.286335345030997, 'a3': 5.433819878135233} logZ_max= nan obs_max= 7.062812633537618e-29
dist_min= tensor(109.3331) dist_max= tensor(1433.6401)
params_min,params_max=params_new,params_max
evaluating model at params_new={'a1': 2.0784609690826525, 'a2': 3.286335345030997, 'a3': 5.433819664887173}
params_min= {'a1': 2.0784609690826525, 'a2': 3.286335345030997, 'a3': 5.433819451639113} logZ_min= nan obs_min= 0.061782471670795015
params_new= {'a1': 2.0784609690826525, 'a2': 3.286335345030997, 'a3': 5.433819664887173} logZ_new= nan obs_new= 8.417641084708842e-33
params_max= {'a1': 2.0784609690826525, 'a2': 3.286335345030997, 'a3': 5.433819878135233} logZ_max= nan obs_max= 7.062812633537618e-29
dist_min= tensor(123.3407) dist_max= tensor(1429.0416)
params_min,params_max=params_new,params_max
evaluating model at params_new={'a1': 2.0784609690826525, 'a2': 3.286335345030997, 'a3': 5.433819771511203}
params_min= {'a1': 2.0784609690826525, 'a2': 3.286335345030997, 'a3': 5.433819664887173} logZ_min= nan obs_min= 8.417641084708842e-33
params_new= {'a1': 2.0784609690826525, 'a2': 3.286335345030997, 'a3': 5.433819771511203} logZ_new= nan obs_new= 0.16719076643857722
params_max= {'a1': 2.0784609690826525, 'a2': 3.286335345030997, 'a3': 5.433819878135233} logZ_max= nan obs_max= 7.062812633537618e-29
dist_min= tensor(124.0608) dist_max= tensor(1433.5676)
params_min,params_max=params_new,params_max
evaluating model at params_new={'a1': 2.0784609690826525, 'a2': 3.286335345030997, 'a3': 5.4338198248232175}
params_min= {'a1': 2.0784609690826525, 'a2': 3.286335345030997, 'a3': 5.433819771511203} logZ_min= nan obs_min= 0.16719076643857722
params_new= {'a1': 2.0784609690826525, 'a2': 3.286335345030997, 'a3': 5.4338198248232175} logZ_new= nan obs_new= 1.5174050584150892e-28
params_max= {'a1': 2.0784609690826525, 'a2': 3.286335345030997, 'a3': 5.433819878135233} logZ_max= nan obs_max= 7.062812633537618e-29
dist_min= tensor(15.5659) dist_max= tensor(1433.2929)
params_min,params_max=params_new,params_max
evaluating model at params_new={'a1': 2.0784609690826525, 'a2': 3.286335345030997, 'a3': 5.433819851479225}
params_min= {'a1': 2.0784609690826525, 'a2': 3.286335345030997, 'a3': 5.4338198248232175} logZ_min= nan obs_min= 1.5174050584150892e-28
params_new= {'a1': 2.0784609690826525, 'a2': 3.286335345030997, 'a3': 5.433819851479225} logZ_new= 4.035246483717452 obs_new= 6.50002662082521e-33
params_max= {'a1': 2.0784609690826525, 'a2': 3.286335345030997, 'a3': 5.433819878135233} logZ_max= nan obs_max= 7.062812633537618e-29
dist_min= tensor(5.2262) dist_max= tensor(1433.3437)
params_min,params_max=params_new,params_max
evaluating model at params_new={'a1': 2.0784609690826525, 'a2': 3.286335345030997, 'a3': 5.433819864807228}
params_min= {'a1': 2.0784609690826525, 'a2': 3.286335345030997, 'a3': 5.433819851479225} logZ_min= 4.035246483717452 obs_min= 6.50002662082521e-33
params_new= {'a1': 2.0784609690826525, 'a2': 3.286335345030997, 'a3': 5.433819864807228} logZ_new= 4.038772170785623 obs_new= 0.1591923112447337
params_max= {'a1': 2.0784609690826525, 'a2': 3.286335345030997, 'a3': 5.433819878135233} logZ_max= nan obs_max= 7.062812633537618e-29
dist_min= tensor(4.2779) dist_max= tensor(1433.5580)
params_min,params_max=params_new,params_max
evaluating model at params_new={'a1': 2.0784609690826525, 'a2': 3.286335345030997, 'a3': 5.433819871471231}
params_min= {'a1': 2.0784609690826525, 'a2': 3.286335345030997, 'a3': 5.433819864807228} logZ_min= 4.038772170785623 obs_min= 0.1591923112447337
params_new= {'a1': 2.0784609690826525, 'a2': 3.286335345030997, 'a3': 5.433819871471231} logZ_new= 4.032671020011295 obs_new= 2.0733513245681806e-30
params_max= {'a1': 2.0784609690826525, 'a2': 3.286335345030997, 'a3': 5.433819878135233} logZ_max= nan obs_max= 7.062812633537618e-29
dist_min= tensor(110.2637) dist_max= tensor(1428.8799)
params_min,params_max=params_new,params_max
evaluating model at params_new={'a1': 2.0784609690826525, 'a2': 3.286335345030997, 'a3': 5.433819874803232}
params_min= {'a1': 2.0784609690826525, 'a2': 3.286335345030997, 'a3': 5.433819871471231} logZ_min= 4.032671020011295 obs_min= 2.0733513245681806e-30
params_new= {'a1': 2.0784609690826525, 'a2': 3.286335345030997, 'a3': 5.433819874803232} logZ_new= 4.0342492412904365 obs_new= 4.997016005883546e-30
params_max= {'a1': 2.0784609690826525, 'a2': 3.286335345030997, 'a3': 5.433819878135233} logZ_max= nan obs_max= 7.062812633537618e-29
dist_min= tensor(110.8334) dist_max= tensor(1433.3768)
params_min,params_max=params_new,params_max
evaluating model at params_new={'a1': 2.0784609690826525, 'a2': 3.286335345030997, 'a3': 5.433819876469233}
params_min= {'a1': 2.0784609690826525, 'a2': 3.286335345030997, 'a3': 5.433819874803232} logZ_min= 4.0342492412904365 obs_min= 4.997016005883546e-30
params_new= {'a1': 2.0784609690826525, 'a2': 3.286335345030997, 'a3': 5.433819876469233} logZ_new= nan obs_new= 1.539415631147136e-29
params_max= {'a1': 2.0784609690826525, 'a2': 3.286335345030997, 'a3': 5.433819878135233} logZ_max= nan obs_max= 7.062812633537618e-29
dist_min= tensor(3.2608) dist_max= tensor(1433.3948)
params_min,params_max=params_new,params_max
evaluating model at params_new={'a1': 2.0784609690826525, 'a2': 3.286335345030997, 'a3': 5.433819877302232}
params_min= {'a1': 2.0784609690826525, 'a2': 3.286335345030997, 'a3': 5.433819876469233} logZ_min= nan obs_min= 1.539415631147136e-29
params_new= {'a1': 2.0784609690826525, 'a2': 3.286335345030997, 'a3': 5.433819877302232} logZ_new= nan obs_new= 8.00667593959271e-30
params_max= {'a1': 2.0784609690826525, 'a2': 3.286335345030997, 'a3': 5.433819878135233} logZ_max= nan obs_max= 7.062812633537618e-29
dist_min= tensor(18.7085) dist_max= tensor(1433.4849)
params_min,params_max=params_new,params_max
evaluating model at params_new={'a1': 2.0784609690826525, 'a2': 3.286335345030997, 'a3': 5.433819877718733}
params_min= {'a1': 2.0784609690826525, 'a2': 3.286335345030997, 'a3': 5.433819877302232} logZ_min= nan obs_min= 8.00667593959271e-30
params_new= {'a1': 2.0784609690826525, 'a2': 3.286335345030997, 'a3': 5.433819877718733} logZ_new= 4.038377617713138 obs_new= 0.05259466332044179
params_max= {'a1': 2.0784609690826525, 'a2': 3.286335345030997, 'a3': 5.433819878135233} logZ_max= nan obs_max= 7.062812633537618e-29
dist_min= tensor(69.3923) dist_max= tensor(1435.2557)
params_min,params_max=params_new,params_max
evaluating model at params_new={'a1': 2.0784609690826525, 'a2': 3.286335345030997, 'a3': 5.433819877926982}
params_min= {'a1': 2.0784609690826525, 'a2': 3.286335345030997, 'a3': 5.433819877718733} logZ_min= 4.038377617713138 obs_min= 0.05259466332044179
params_new= {'a1': 2.0784609690826525, 'a2': 3.286335345030997, 'a3': 5.433819877926982} logZ_new= 4.032603962462802 obs_new= 1.1361338412979471e-29
params_max= {'a1': 2.0784609690826525, 'a2': 3.286335345030997, 'a3': 5.433819878135233} logZ_max= nan obs_max= 7.062812633537618e-29
dist_min= tensor(128.9489) dist_max= tensor(1428.9045)
params_min,params_max=params_new,params_max
evaluating model at params_new={'a1': 2.0784609690826525, 'a2': 3.286335345030997, 'a3': 5.433819878031107}
params_min= {'a1': 2.0784609690826525, 'a2': 3.286335345030997, 'a3': 5.433819877926982} logZ_min= 4.032603962462802 obs_min= 1.1361338412979471e-29
params_new= {'a1': 2.0784609690826525, 'a2': 3.286335345030997, 'a3': 5.433819878031107} logZ_new= 4.032837635920504 obs_new= 7.359052180991655e-30
params_max= {'a1': 2.0784609690826525, 'a2': 3.286335345030997, 'a3': 5.433819878135233} logZ_max= nan obs_max= 7.062812633537618e-29
dist_min= tensor(844.3420) dist_max= tensor(1659.2181)
params_min,params_max=params_new,params_max
evaluating model at params_new={'a1': 2.0784609690826525, 'a2': 3.286335345030997, 'a3': 5.43381987808317}
params_min= {'a1': 2.0784609690826525, 'a2': 3.286335345030997, 'a3': 5.433819878031107} logZ_min= 4.032837635920504 obs_min= 7.359052180991655e-30
params_new= {'a1': 2.0784609690826525, 'a2': 3.286335345030997, 'a3': 5.43381987808317} logZ_new= 4.032528797833762 obs_new= 2.024450197327885e-30
params_max= {'a1': 2.0784609690826525, 'a2': 3.286335345030997, 'a3': 5.433819878135233} logZ_max= nan obs_max= 7.062812633537618e-29
dist_min= tensor(778.0916) dist_max= tensor(1431.5318)
params_min,params_max=params_new,params_max
evaluating model at params_new={'a1': 2.0784609690826525, 'a2': 3.286335345030997, 'a3': 5.433819878109201}
params_min= {'a1': 2.0784609690826525, 'a2': 3.286335345030997, 'a3': 5.43381987808317} logZ_min= 4.032528797833762 obs_min= 2.024450197327885e-30
params_new= {'a1': 2.0784609690826525, 'a2': 3.286335345030997, 'a3': 5.433819878109201} logZ_new= 4.038109312756242 obs_new= 2.8217159218556313e-28
params_max= {'a1': 2.0784609690826525, 'a2': 3.286335345030997, 'a3': 5.433819878135233} logZ_max= nan obs_max= 7.062812633537618e-29
dist_min= tensor(900.9049) dist_max= tensor(1685.9709)
params_min,params_max=params_new,params_max
evaluating model at params_new={'a1': 2.0784609690826525, 'a2': 3.286335345030997, 'a3': 5.4338198781222165}
params_min= {'a1': 2.0784609690826525, 'a2': 3.286335345030997, 'a3': 5.433819878109201} logZ_min= 4.038109312756242 obs_min= 2.8217159218556313e-28
params_new= {'a1': 2.0784609690826525, 'a2': 3.286335345030997, 'a3': 5.4338198781222165} logZ_new= 4.038409690753216 obs_new= 0.07033627796460884
params_max= {'a1': 2.0784609690826525, 'a2': 3.286335345030997, 'a3': 5.433819878135233} logZ_max= nan obs_max= 7.062812633537618e-29
dist_min= tensor(885.6108) dist_max= tensor(1433.6857)
params_min,params_max=params_new,params_max
evaluating model at params_new={'a1': 2.0784609690826525, 'a2': 3.286335345030997, 'a3': 5.433819878128725}
params_min= {'a1': 2.0784609690826525, 'a2': 3.286335345030997, 'a3': 5.4338198781222165} logZ_min= 4.038409690753216 obs_min= 0.07033627796460884
params_new= {'a1': 2.0784609690826525, 'a2': 3.286335345030997, 'a3': 5.433819878128725} logZ_new= nan obs_new= 1.873907331955858e-29
params_max= {'a1': 2.0784609690826525, 'a2': 3.286335345030997, 'a3': 5.433819878135233} logZ_max= nan obs_max= 7.062812633537618e-29
dist_min= tensor(4.0535) dist_max= tensor(1433.4686)
params_min,params_max=params_new,params_max
evaluating model at params_new={'a1': 2.0784609690826525, 'a2': 3.286335345030997, 'a3': 5.433819878131979}
params_min= {'a1': 2.0784609690826525, 'a2': 3.286335345030997, 'a3': 5.433819878128725} logZ_min= nan obs_min= 1.873907331955858e-29
params_new= {'a1': 2.0784609690826525, 'a2': 3.286335345030997, 'a3': 5.433819878131979} logZ_new= 4.03285394204867 obs_new= 1.8003407775936112e-29
params_max= {'a1': 2.0784609690826525, 'a2': 3.286335345030997, 'a3': 5.433819878135233} logZ_max= nan obs_max= 7.062812633537618e-29
dist_min= tensor(2.1030e+08) dist_max= tensor(2.1030e+08)
params_min,params_max=params_new,params_max
evaluating model at params_new={'a1': 2.0784609690826525, 'a2': 3.286335345030997, 'a3': 5.4338198781336065}
params_min= {'a1': 2.0784609690826525, 'a2': 3.286335345030997, 'a3': 5.433819878131979} logZ_min= 4.03285394204867 obs_min= 1.8003407775936112e-29
params_new= {'a1': 2.0784609690826525, 'a2': 3.286335345030997, 'a3': 5.4338198781336065} logZ_new= 4.0325539658475815 obs_new= 1.0660609424854707e-30
params_max= {'a1': 2.0784609690826525, 'a2': 3.286335345030997, 'a3': 5.433819878135233} logZ_max= nan obs_max= 7.062812633537618e-29
dist_min= tensor(2.1030e+08) dist_max= tensor(1436.5305)
params_min,params_max=params_min,params_new
evaluating model at params_new={'a1': 2.0784609690826525, 'a2': 3.286335345030997, 'a3': 5.433819878132793}
params_min= {'a1': 2.0784609690826525, 'a2': 3.286335345030997, 'a3': 5.433819878131979} logZ_min= 4.03285394204867 obs_min= 1.8003407775936112e-29
params_new= {'a1': 2.0784609690826525, 'a2': 3.286335345030997, 'a3': 5.433819878132793} logZ_new= 4.032818805949429 obs_new= 4.655811602927402e-31
params_max= {'a1': 2.0784609690826525, 'a2': 3.286335345030997, 'a3': 5.4338198781336065} logZ_max= 4.0325539658475815 obs_max= 1.0660609424854707e-30
dist_min= tensor(2.1030e+08) dist_max= tensor(202.2502)
params_min,params_max=params_min,params_new
evaluating model at params_new={'a1': 2.0784609690826525, 'a2': 3.286335345030997, 'a3': 5.433819878132386}
params_min= {'a1': 2.0784609690826525, 'a2': 3.286335345030997, 'a3': 5.433819878131979} logZ_min= 4.03285394204867 obs_min= 1.8003407775936112e-29
params_new= {'a1': 2.0784609690826525, 'a2': 3.286335345030997, 'a3': 5.433819878132386} logZ_new= nan obs_new= 3.531902504749927e-31
params_max= {'a1': 2.0784609690826525, 'a2': 3.286335345030997, 'a3': 5.433819878132793} logZ_max= 4.032818805949429 obs_max= 4.655811602927402e-31
dist_min= tensor(2.1030e+08) dist_max= tensor(144.4077)
params_min,params_max=params_min,params_new
evaluating model at params_new={'a1': 2.0784609690826525, 'a2': 3.286335345030997, 'a3': 5.433819878132183}
params_min= {'a1': 2.0784609690826525, 'a2': 3.286335345030997, 'a3': 5.433819878131979} logZ_min= 4.03285394204867 obs_min= 1.8003407775936112e-29
params_new= {'a1': 2.0784609690826525, 'a2': 3.286335345030997, 'a3': 5.433819878132183} logZ_new= 4.034424515185812 obs_new= 3.52867072116407e-29
params_max= {'a1': 2.0784609690826525, 'a2': 3.286335345030997, 'a3': 5.433819878132386} logZ_max= nan obs_max= 3.531902504749927e-31
dist_min= tensor(2.1030e+08) dist_max= tensor(110.8248)
params_min,params_max=params_min,params_new
evaluating model at params_new={'a1': 2.0784609690826525, 'a2': 3.286335345030997, 'a3': 5.433819878132081}
params_min= {'a1': 2.0784609690826525, 'a2': 3.286335345030997, 'a3': 5.433819878131979} logZ_min= 4.03285394204867 obs_min= 1.8003407775936112e-29
params_new= {'a1': 2.0784609690826525, 'a2': 3.286335345030997, 'a3': 5.433819878132081} logZ_new= 4.038855154783529 obs_new= 0.15670219971609034
params_max= {'a1': 2.0784609690826525, 'a2': 3.286335345030997, 'a3': 5.433819878132183} logZ_max= 4.034424515185812 obs_max= 3.52867072116407e-29
dist_min= tensor(2.1030e+08) dist_max= tensor(4.3146)
params_min,params_max=params_min,params_new
evaluating model at params_new={'a1': 2.0784609690826525, 'a2': 3.286335345030997, 'a3': 5.43381987813203}
params_min= {'a1': 2.0784609690826525, 'a2': 3.286335345030997, 'a3': 5.433819878131979} logZ_min= 4.03285394204867 obs_min= 1.8003407775936112e-29
params_new= {'a1': 2.0784609690826525, 'a2': 3.286335345030997, 'a3': 5.43381987813203} logZ_new= 4.0327215179709635 obs_new= 2.0719281744136127e-29
params_max= {'a1': 2.0784609690826525, 'a2': 3.286335345030997, 'a3': 5.433819878132081} logZ_max= 4.038855154783529 obs_max= 0.15670219971609034
dist_min= tensor(2.1030e+08) dist_max= tensor(109.6559)
params_min,params_max=params_min,params_new
evaluating model at params_new={'a1': 2.0784609690826525, 'a2': 3.286335345030997, 'a3': 5.433819878132004}
params_min= {'a1': 2.0784609690826525, 'a2': 3.286335345030997, 'a3': 5.433819878131979} logZ_min= 4.03285394204867 obs_min= 1.8003407775936112e-29
params_new= {'a1': 2.0784609690826525, 'a2': 3.286335345030997, 'a3': 5.433819878132004} logZ_new= 4.038778230959878 obs_new= 0.16034938523245526
params_max= {'a1': 2.0784609690826525, 'a2': 3.286335345030997, 'a3': 5.43381987813203} logZ_max= 4.0327215179709635 obs_max= 2.0719281744136127e-29
dist_min= tensor(2.1030e+08) dist_max= tensor(109.6525)
params_min,params_max=params_min,params_new
evaluating model at params_new={'a1': 2.0784609690826525, 'a2': 3.286335345030997, 'a3': 5.433819878131992}
params_min= {'a1': 2.0784609690826525, 'a2': 3.286335345030997, 'a3': 5.433819878131979} logZ_min= 4.03285394204867 obs_min= 1.8003407775936112e-29
params_new= {'a1': 2.0784609690826525, 'a2': 3.286335345030997, 'a3': 5.433819878131992} logZ_new= nan obs_new= 1.9871524682670512e-29
params_max= {'a1': 2.0784609690826525, 'a2': 3.286335345030997, 'a3': 5.433819878132004} logZ_max= 4.038778230959878 obs_max= 0.16034938523245526
dist_min= tensor(2.1030e+08) dist_max= tensor(115.9206)
params_min,params_max=params_min,params_new
evaluating model at params_new={'a1': 2.0784609690826525, 'a2': 3.286335345030997, 'a3': 5.4338198781319855}
params_min= {'a1': 2.0784609690826525, 'a2': 3.286335345030997, 'a3': 5.433819878131979} logZ_min= 4.03285394204867 obs_min= 1.8003407775936112e-29
params_new= {'a1': 2.0784609690826525, 'a2': 3.286335345030997, 'a3': 5.4338198781319855} logZ_new= nan obs_new= 2.627299686977322e-30
params_max= {'a1': 2.0784609690826525, 'a2': 3.286335345030997, 'a3': 5.433819878131992} logZ_max= nan obs_max= 1.9871524682670512e-29
dist_min= tensor(2.1030e+08) dist_max= tensor(304.1920)
params_min,params_max=params_min,params_new
evaluating model at params_new={'a1': 2.0784609690826525, 'a2': 3.286335345030997, 'a3': 5.433819878131983}
params_min= {'a1': 2.0784609690826525, 'a2': 3.286335345030997, 'a3': 5.433819878131979} logZ_min= 4.03285394204867 obs_min= 1.8003407775936112e-29
params_new= {'a1': 2.0784609690826525, 'a2': 3.286335345030997, 'a3': 5.433819878131983} logZ_new= 4.038683753945708 obs_new= 0.15142812293795954
params_max= {'a1': 2.0784609690826525, 'a2': 3.286335345030997, 'a3': 5.4338198781319855} logZ_max= nan obs_max= 2.627299686977322e-30
dist_min= tensor(2.1030e+08) dist_max= tensor(331.4921)
params_min,params_max=params_min,params_new
evaluating model at params_new={'a1': 2.0784609690826525, 'a2': 3.286335345030997, 'a3': 5.433819878131981}
params_min= {'a1': 2.0784609690826525, 'a2': 3.286335345030997, 'a3': 5.433819878131979} logZ_min= 4.03285394204867 obs_min= 1.8003407775936112e-29
params_new= {'a1': 2.0784609690826525, 'a2': 3.286335345030997, 'a3': 5.433819878131981} logZ_new= 4.038954560314333 obs_new= 0.17841770242442995
params_max= {'a1': 2.0784609690826525, 'a2': 3.286335345030997, 'a3': 5.433819878131983} logZ_max= 4.038683753945708 obs_max= 0.15142812293795954
dist_min= tensor(2.1030e+08) dist_max= tensor(2.6958)
params_min,params_max=params_min,params_new
evaluating model at params_new={'a1': 2.0784609690826525, 'a2': 3.286335345030997, 'a3': 5.43381987813198}
params_min= {'a1': 2.0784609690826525, 'a2': 3.286335345030997, 'a3': 5.433819878131979} logZ_min= 4.03285394204867 obs_min= 1.8003407775936112e-29
params_new= {'a1': 2.0784609690826525, 'a2': 3.286335345030997, 'a3': 5.43381987813198} logZ_new= nan obs_new= 1.3560049851549113e-30
params_max= {'a1': 2.0784609690826525, 'a2': 3.286335345030997, 'a3': 5.433819878131981} logZ_max= 4.038954560314333 obs_max= 0.17841770242442995
dist_min= tensor(3.0172e+08) dist_max= tensor(2.1636e+08)
params_min,params_max=params_min,params_new
critical params found:  {'a1': 2.0784609690826525, 'a2': 3.286335345030997, 'a3': 5.433819878131979}
reference params:  {'a1': 1.1547005383792515, 'a2': 1.8257418583505538, 'a3': 4.47213595499958}
file saved to  data/AKLT3D_X10_scan_grid_critical_a3/a1_2.0784610_a2_3.2863353/Tc.json
