Start running find_critical_temp.py with options:{'filename': 'data/AKLT3D_X10_scan_grid_critical_a3/a1_1.1547005_a2_0.3651484/Tc.json', 'log_filename': 'data/AKLT3D_X10_scan_grid_critical_a3/a1_1.1547005_a2_0.3651484/Tc.log', 'nLayers': 60, 'max_dim': 10, 'model': 'AKLT3D', 'params_min': "{'a1': 1.1547005383792517, 'a2': 0.3651483716701107, 'a3': 3.577708763999664}", 'params_max': "{'a1': 1.1547005383792517, 'a2': 0.3651483716701107, 'a3': 4.47213595499958}", 'params_ref': None, 'observable_name': 'magnetizationZ', 'tol': 0.0, 'gilt_enabled': False, 'gilt_eps': 8e-07, 'gilt_nIter': 1, 'mcf_enabled': True, 'mcf_eps': 1e-16, 'mcf_max_iter': 200, 'hotrg_sanity_check': False, 'version': 1, 'device': 'cuda:1'}
loading library...
evaluating model at params_min={'a1': 1.1547005383792517, 'a2': 0.3651483716701107, 'a3': 3.577708763999664}
params_min= {'a1': 1.1547005383792517, 'a2': 0.3651483716701107, 'a3': 3.577708763999664} logZ_min= nan obs_min= 2.4582710350450377e-33
evaluating model at params_max={'a1': 1.1547005383792517, 'a2': 0.3651483716701107, 'a3': 4.47213595499958}
params_max= {'a1': 1.1547005383792517, 'a2': 0.3651483716701107, 'a3': 4.47213595499958} logZ_max= 2.9957589181156146 obs_max= 8.992459075162568
searching for critical temperature using bisection method
evaluating model at params_new={'a1': 1.1547005383792517, 'a2': 0.3651483716701107, 'a3': 4.024922359499621}
params_min= {'a1': 1.1547005383792517, 'a2': 0.3651483716701107, 'a3': 3.577708763999664} logZ_min= nan obs_min= 2.4582710350450377e-33
params_new= {'a1': 1.1547005383792517, 'a2': 0.3651483716701107, 'a3': 4.024922359499621} logZ_new= 2.816881970885605 obs_new= 4.3597276787752325e-33
params_max= {'a1': 1.1547005383792517, 'a2': 0.3651483716701107, 'a3': 4.47213595499958} logZ_max= 2.9957589181156146 obs_max= 8.992459075162568
dist_min= tensor(44.5702) dist_max= tensor(91.7769)
params_min,params_max=params_new,params_max
evaluating model at params_new={'a1': 1.1547005383792517, 'a2': 0.3651483716701107, 'a3': 4.2485291572496005}
params_min= {'a1': 1.1547005383792517, 'a2': 0.3651483716701107, 'a3': 4.024922359499621} logZ_min= 2.816881970885605 obs_min= 4.3597276787752325e-33
params_new= {'a1': 1.1547005383792517, 'a2': 0.3651483716701107, 'a3': 4.2485291572496005} logZ_new= 2.8906421501281407 obs_new= 8.966003841380324
params_max= {'a1': 1.1547005383792517, 'a2': 0.3651483716701107, 'a3': 4.47213595499958} logZ_max= 2.9957589181156146 obs_max= 8.992459075162568
dist_min= tensor(40.6643) dist_max= tensor(51.4375)
params_min,params_max=params_new,params_max
evaluating model at params_new={'a1': 1.1547005383792517, 'a2': 0.3651483716701107, 'a3': 4.36033255612459}
params_min= {'a1': 1.1547005383792517, 'a2': 0.3651483716701107, 'a3': 4.2485291572496005} logZ_min= 2.8906421501281407 obs_min= 8.966003841380324
params_new= {'a1': 1.1547005383792517, 'a2': 0.3651483716701107, 'a3': 4.36033255612459} logZ_new= 2.943435641989694 obs_new= 8.97705703803287
params_max= {'a1': 1.1547005383792517, 'a2': 0.3651483716701107, 'a3': 4.47213595499958} logZ_max= 2.9957589181156146 obs_max= 8.992459075162568
dist_min= tensor(1.9038) dist_max= tensor(52.9754)
params_min,params_max=params_new,params_max
evaluating model at params_new={'a1': 1.1547005383792517, 'a2': 0.3651483716701107, 'a3': 4.416234255562085}
params_min= {'a1': 1.1547005383792517, 'a2': 0.3651483716701107, 'a3': 4.36033255612459} logZ_min= 2.943435641989694 obs_min= 8.97705703803287
params_new= {'a1': 1.1547005383792517, 'a2': 0.3651483716701107, 'a3': 4.416234255562085} logZ_new= 2.970565941185654 obs_new= 8.991331678614848
params_max= {'a1': 1.1547005383792517, 'a2': 0.3651483716701107, 'a3': 4.47213595499958} logZ_max= 2.9957589181156146 obs_max= 8.992459075162568
dist_min= tensor(53.0729) dist_max= tensor(1.5657)
params_min,params_max=params_min,params_new
evaluating model at params_new={'a1': 1.1547005383792517, 'a2': 0.3651483716701107, 'a3': 4.388283405843337}
params_min= {'a1': 1.1547005383792517, 'a2': 0.3651483716701107, 'a3': 4.36033255612459} logZ_min= 2.943435641989694 obs_min= 8.97705703803287
params_new= {'a1': 1.1547005383792517, 'a2': 0.3651483716701107, 'a3': 4.388283405843337} logZ_new= 2.9563422550509 obs_new= 8.982560373848715
params_max= {'a1': 1.1547005383792517, 'a2': 0.3651483716701107, 'a3': 4.416234255562085} logZ_max= 2.970565941185654 obs_max= 8.991331678614848
dist_min= tensor(38.9260) dist_max= tensor(14.1928)
params_min,params_max=params_min,params_new
evaluating model at params_new={'a1': 1.1547005383792517, 'a2': 0.3651483716701107, 'a3': 4.374307980983963}
params_min= {'a1': 1.1547005383792517, 'a2': 0.3651483716701107, 'a3': 4.36033255612459} logZ_min= 2.943435641989694 obs_min= 8.97705703803287
params_new= {'a1': 1.1547005383792517, 'a2': 0.3651483716701107, 'a3': 4.374307980983963} logZ_new= 2.949915192551992 obs_new= 8.978068003562994
params_max= {'a1': 1.1547005383792517, 'a2': 0.3651483716701107, 'a3': 4.388283405843337} logZ_max= 2.9563422550509 obs_max= 8.982560373848715
dist_min= tensor(0.7594) dist_max= tensor(39.1792)
params_min,params_max=params_new,params_max
evaluating model at params_new={'a1': 1.1547005383792517, 'a2': 0.3651483716701107, 'a3': 4.38129569341365}
params_min= {'a1': 1.1547005383792517, 'a2': 0.3651483716701107, 'a3': 4.374307980983963} logZ_min= 2.949915192551992 obs_min= 8.978068003562994
params_new= {'a1': 1.1547005383792517, 'a2': 0.3651483716701107, 'a3': 4.38129569341365} logZ_new= 2.9531458543088513 obs_new= 8.978633779315913
params_max= {'a1': 1.1547005383792517, 'a2': 0.3651483716701107, 'a3': 4.388283405843337} logZ_max= 2.9563422550509 obs_max= 8.982560373848715
dist_min= tensor(0.2531) dist_max= tensor(39.3435)
params_min,params_max=params_new,params_max
evaluating model at params_new={'a1': 1.1547005383792517, 'a2': 0.3651483716701107, 'a3': 4.384789549628493}
params_min= {'a1': 1.1547005383792517, 'a2': 0.3651483716701107, 'a3': 4.38129569341365} logZ_min= 2.9531458543088513 obs_min= 8.978633779315913
params_new= {'a1': 1.1547005383792517, 'a2': 0.3651483716701107, 'a3': 4.384789549628493} logZ_new= 2.9547333120989934 obs_new= 8.982389779414502
params_max= {'a1': 1.1547005383792517, 'a2': 0.3651483716701107, 'a3': 4.388283405843337} logZ_max= 2.9563422550509 obs_max= 8.982560373848715
dist_min= tensor(39.4073) dist_max= tensor(0.5455)
params_min,params_max=params_min,params_new
evaluating model at params_new={'a1': 1.1547005383792517, 'a2': 0.3651483716701107, 'a3': 4.383042621521072}
params_min= {'a1': 1.1547005383792517, 'a2': 0.3651483716701107, 'a3': 4.38129569341365} logZ_min= 2.9531458543088513 obs_min= 8.978633779315913
params_new= {'a1': 1.1547005383792517, 'a2': 0.3651483716701107, 'a3': 4.383042621521072} logZ_new= 2.9539282876752266 obs_new= 8.98230367880103
params_max= {'a1': 1.1547005383792517, 'a2': 0.3651483716701107, 'a3': 4.384789549628493} logZ_max= 2.9547333120989934 obs_max= 8.982389779414502
dist_min= tensor(39.4298) dist_max= tensor(0.5296)
params_min,params_max=params_min,params_new
evaluating model at params_new={'a1': 1.1547005383792517, 'a2': 0.3651483716701107, 'a3': 4.382169157467361}
params_min= {'a1': 1.1547005383792517, 'a2': 0.3651483716701107, 'a3': 4.38129569341365} logZ_min= 2.9531458543088513 obs_min= 8.978633779315913
params_new= {'a1': 1.1547005383792517, 'a2': 0.3651483716701107, 'a3': 4.382169157467361} logZ_new= 2.9535492253028752 obs_new= 8.978693078050304
params_max= {'a1': 1.1547005383792517, 'a2': 0.3651483716701107, 'a3': 4.383042621521072} logZ_max= 2.9539282876752266 obs_max= 8.98230367880103
dist_min= tensor(1.2952) dist_max= tensor(39.4799)
params_min,params_max=params_new,params_max
evaluating model at params_new={'a1': 1.1547005383792517, 'a2': 0.3651483716701107, 'a3': 4.382605889494217}
params_min= {'a1': 1.1547005383792517, 'a2': 0.3651483716701107, 'a3': 4.382169157467361} logZ_min= 2.9535492253028752 obs_min= 8.978693078050304
params_new= {'a1': 1.1547005383792517, 'a2': 0.3651483716701107, 'a3': 4.382605889494217} logZ_new= 2.9537269837183726 obs_new= 8.982282003973646
params_max= {'a1': 1.1547005383792517, 'a2': 0.3651483716701107, 'a3': 4.383042621521072} logZ_max= 2.9539282876752266 obs_max= 8.98230367880103
dist_min= tensor(39.4887) dist_max= tensor(0.2073)
params_min,params_max=params_min,params_new
evaluating model at params_new={'a1': 1.1547005383792517, 'a2': 0.3651483716701107, 'a3': 4.382387523480789}
params_min= {'a1': 1.1547005383792517, 'a2': 0.3651483716701107, 'a3': 4.382169157467361} logZ_min= 2.9535492253028752 obs_min= 8.978693078050304
params_new= {'a1': 1.1547005383792517, 'a2': 0.3651483716701107, 'a3': 4.382387523480789} logZ_new= 2.953650053028952 obs_new= 8.97870786798225
params_max= {'a1': 1.1547005383792517, 'a2': 0.3651483716701107, 'a3': 4.382605889494217} logZ_max= 2.9537269837183726 obs_max= 8.982282003973646
dist_min= tensor(0.9951) dist_max= tensor(39.4810)
params_min,params_max=params_new,params_max
evaluating model at params_new={'a1': 1.1547005383792517, 'a2': 0.3651483716701107, 'a3': 4.382496706487503}
params_min= {'a1': 1.1547005383792517, 'a2': 0.3651483716701107, 'a3': 4.382387523480789} logZ_min= 2.953650053028952 obs_min= 8.97870786798225
params_new= {'a1': 1.1547005383792517, 'a2': 0.3651483716701107, 'a3': 4.382496706487503} logZ_new= 2.9536766426912116 obs_new= 8.982276656723549
params_max= {'a1': 1.1547005383792517, 'a2': 0.3651483716701107, 'a3': 4.382605889494217} logZ_max= 2.9537269837183726 obs_max= 8.982282003973646
dist_min= tensor(39.4906) dist_max= tensor(0.5177)
params_min,params_max=params_min,params_new
evaluating model at params_new={'a1': 1.1547005383792517, 'a2': 0.3651483716701107, 'a3': 4.382442114984146}
params_min= {'a1': 1.1547005383792517, 'a2': 0.3651483716701107, 'a3': 4.382387523480789} logZ_min= 2.953650053028952 obs_min= 8.97870786798225
params_new= {'a1': 1.1547005383792517, 'a2': 0.3651483716701107, 'a3': 4.382442114984146} logZ_new= 2.9536752590220106 obs_new= 8.978711563302786
params_max= {'a1': 1.1547005383792517, 'a2': 0.3651483716701107, 'a3': 4.382496706487503} logZ_max= 2.9536766426912116 obs_max= 8.982276656723549
dist_min= tensor(0.8850) dist_max= tensor(39.4855)
params_min,params_max=params_new,params_max
evaluating model at params_new={'a1': 1.1547005383792517, 'a2': 0.3651483716701107, 'a3': 4.382469410735824}
params_min= {'a1': 1.1547005383792517, 'a2': 0.3651483716701107, 'a3': 4.382442114984146} logZ_min= 2.9536752590220106 obs_min= 8.978711563302786
params_new= {'a1': 1.1547005383792517, 'a2': 0.3651483716701107, 'a3': 4.382469410735824} logZ_new= 2.953687861877789 obs_new= 8.978713410635407
params_max= {'a1': 1.1547005383792517, 'a2': 0.3651483716701107, 'a3': 4.382496706487503} logZ_max= 2.9536766426912116 obs_max= 8.982276656723549
dist_min= tensor(0.7225) dist_max= tensor(39.4908)
params_min,params_max=params_new,params_max
evaluating model at params_new={'a1': 1.1547005383792517, 'a2': 0.3651483716701107, 'a3': 4.382483058611664}
params_min= {'a1': 1.1547005383792517, 'a2': 0.3651483716701107, 'a3': 4.382469410735824} logZ_min= 2.953687861877789 obs_min= 8.978713410635407
params_new= {'a1': 1.1547005383792517, 'a2': 0.3651483716701107, 'a3': 4.382483058611664} logZ_new= 2.9536703610893142 obs_new= 8.982275913361875
params_max= {'a1': 1.1547005383792517, 'a2': 0.3651483716701107, 'a3': 4.382496706487503} logZ_max= 2.9536766426912116 obs_max= 8.982276656723549
dist_min= tensor(39.4923) dist_max= tensor(1.1716)
params_min,params_max=params_min,params_new
evaluating model at params_new={'a1': 1.1547005383792517, 'a2': 0.3651483716701107, 'a3': 4.382476234673744}
params_min= {'a1': 1.1547005383792517, 'a2': 0.3651483716701107, 'a3': 4.382469410735824} logZ_min= 2.953687861877789 obs_min= 8.978713410635407
params_new= {'a1': 1.1547005383792517, 'a2': 0.3651483716701107, 'a3': 4.382476234673744} logZ_new= 2.953667208464443 obs_new= 8.982275619766861
params_max= {'a1': 1.1547005383792517, 'a2': 0.3651483716701107, 'a3': 4.382483058611664} logZ_max= 2.9536703610893142 obs_max= 8.982275913361875
dist_min= tensor(39.4869) dist_max= tensor(0.9561)
params_min,params_max=params_min,params_new
evaluating model at params_new={'a1': 1.1547005383792517, 'a2': 0.3651483716701107, 'a3': 4.382472822704784}
params_min= {'a1': 1.1547005383792517, 'a2': 0.3651483716701107, 'a3': 4.382469410735824} logZ_min= 2.953687861877789 obs_min= 8.978713410635407
params_new= {'a1': 1.1547005383792517, 'a2': 0.3651483716701107, 'a3': 4.382472822704784} logZ_new= 2.9536656410869355 obs_new= 8.982275414326601
params_max= {'a1': 1.1547005383792517, 'a2': 0.3651483716701107, 'a3': 4.382476234673744} logZ_max= 2.953667208464443 obs_max= 8.982275619766861
dist_min= tensor(39.4907) dist_max= tensor(0.8617)
params_min,params_max=params_min,params_new
evaluating model at params_new={'a1': 1.1547005383792517, 'a2': 0.3651483716701107, 'a3': 4.382471116720304}
params_min= {'a1': 1.1547005383792517, 'a2': 0.3651483716701107, 'a3': 4.382469410735824} logZ_min= 2.953687861877789 obs_min= 8.978713410635407
params_new= {'a1': 1.1547005383792517, 'a2': 0.3651483716701107, 'a3': 4.382471116720304} logZ_new= 2.9536886495531585 obs_new= 8.978713526076625
params_max= {'a1': 1.1547005383792517, 'a2': 0.3651483716701107, 'a3': 4.382472822704784} logZ_max= 2.9536656410869355 obs_max= 8.982275414326601
dist_min= tensor(0.2562) dist_max= tensor(39.4943)
params_min,params_max=params_new,params_max
evaluating model at params_new={'a1': 1.1547005383792517, 'a2': 0.3651483716701107, 'a3': 4.382471969712544}
params_min= {'a1': 1.1547005383792517, 'a2': 0.3651483716701107, 'a3': 4.382471116720304} logZ_min= 2.9536886495531585 obs_min= 8.978713526076625
params_new= {'a1': 1.1547005383792517, 'a2': 0.3651483716701107, 'a3': 4.382471969712544} logZ_new= 2.953689043390705 obs_new= 8.978713583798575
params_max= {'a1': 1.1547005383792517, 'a2': 0.3651483716701107, 'a3': 4.382472822704784} logZ_max= 2.9536656410869355 obs_max= 8.982275414326601
dist_min= tensor(0.2471) dist_max= tensor(39.4980)
params_min,params_max=params_new,params_max
evaluating model at params_new={'a1': 1.1547005383792517, 'a2': 0.3651483716701107, 'a3': 4.382472396208664}
params_min= {'a1': 1.1547005383792517, 'a2': 0.3651483716701107, 'a3': 4.382471969712544} logZ_min= 2.953689043390705 obs_min= 8.978713583798575
params_new= {'a1': 1.1547005383792517, 'a2': 0.3651483716701107, 'a3': 4.382472396208664} logZ_new= 2.9536654428511335 obs_new= 8.98227540359316
params_max= {'a1': 1.1547005383792517, 'a2': 0.3651483716701107, 'a3': 4.382472822704784} logZ_max= 2.9536656410869355 obs_max= 8.982275414326601
dist_min= tensor(39.4857) dist_max= tensor(1.0662)
params_min,params_max=params_min,params_new
evaluating model at params_new={'a1': 1.1547005383792517, 'a2': 0.3651483716701107, 'a3': 4.382472182960604}
params_min= {'a1': 1.1547005383792517, 'a2': 0.3651483716701107, 'a3': 4.382471969712544} logZ_min= 2.953689043390705 obs_min= 8.978713583798575
params_new= {'a1': 1.1547005383792517, 'a2': 0.3651483716701107, 'a3': 4.382472182960604} logZ_new= 2.953689141850067 obs_new= 8.978713598150435
params_max= {'a1': 1.1547005383792517, 'a2': 0.3651483716701107, 'a3': 4.382472396208664} logZ_max= 2.9536654428511335 obs_max= 8.98227540359316
dist_min= tensor(0.1602) dist_max= tensor(39.4863)
params_min,params_max=params_new,params_max
evaluating model at params_new={'a1': 1.1547005383792517, 'a2': 0.3651483716701107, 'a3': 4.3824722895846335}
params_min= {'a1': 1.1547005383792517, 'a2': 0.3651483716701107, 'a3': 4.382472182960604} logZ_min= 2.953689141850067 obs_min= 8.978713598150435
params_new= {'a1': 1.1547005383792517, 'a2': 0.3651483716701107, 'a3': 4.3824722895846335} logZ_new= 2.953665394409999 obs_new= 8.98227539372328
params_max= {'a1': 1.1547005383792517, 'a2': 0.3651483716701107, 'a3': 4.382472396208664} logZ_max= 2.9536654428511335 obs_max= 8.98227540359316
dist_min= tensor(39.4862) dist_max= tensor(0.4547)
params_min,params_max=params_min,params_new
evaluating model at params_new={'a1': 1.1547005383792517, 'a2': 0.3651483716701107, 'a3': 4.382472236272619}
params_min= {'a1': 1.1547005383792517, 'a2': 0.3651483716701107, 'a3': 4.382472182960604} logZ_min= 2.953689141850067 obs_min= 8.978713598150435
params_new= {'a1': 1.1547005383792517, 'a2': 0.3651483716701107, 'a3': 4.382472236272619} logZ_new= 2.953689166464922 obs_new= 8.978713601847867
params_max= {'a1': 1.1547005383792517, 'a2': 0.3651483716701107, 'a3': 4.3824722895846335} logZ_max= 2.953665394409999 obs_max= 8.98227539372328
dist_min= tensor(0.2501) dist_max= tensor(39.4883)
params_min,params_max=params_new,params_max
evaluating model at params_new={'a1': 1.1547005383792517, 'a2': 0.3651483716701107, 'a3': 4.382472262928626}
params_min= {'a1': 1.1547005383792517, 'a2': 0.3651483716701107, 'a3': 4.382472236272619} logZ_min= 2.953689166464922 obs_min= 8.978713601847867
params_new= {'a1': 1.1547005383792517, 'a2': 0.3651483716701107, 'a3': 4.382472262928626} logZ_new= 2.9536653833617197 obs_new= 8.982275384495068
params_max= {'a1': 1.1547005383792517, 'a2': 0.3651483716701107, 'a3': 4.3824722895846335} logZ_max= 2.953665394409999 obs_max= 8.98227539372328
dist_min= tensor(39.4854) dist_max= tensor(0.4894)
params_min,params_max=params_min,params_new
evaluating model at params_new={'a1': 1.1547005383792517, 'a2': 0.3651483716701107, 'a3': 4.382472249600623}
params_min= {'a1': 1.1547005383792517, 'a2': 0.3651483716701107, 'a3': 4.382472236272619} logZ_min= 2.953689166464922 obs_min= 8.978713601847867
params_new= {'a1': 1.1547005383792517, 'a2': 0.3651483716701107, 'a3': 4.382472249600623} logZ_new= 2.9536653663887935 obs_new= 8.98227545910549
params_max= {'a1': 1.1547005383792517, 'a2': 0.3651483716701107, 'a3': 4.382472262928626} logZ_max= 2.9536653833617197 obs_max= 8.982275384495068
dist_min= tensor(39.4881) dist_max= tensor(0.2635)
params_min,params_max=params_min,params_new
evaluating model at params_new={'a1': 1.1547005383792517, 'a2': 0.3651483716701107, 'a3': 4.382472242936621}
params_min= {'a1': 1.1547005383792517, 'a2': 0.3651483716701107, 'a3': 4.382472236272619} logZ_min= 2.953689166464922 obs_min= 8.978713601847867
params_new= {'a1': 1.1547005383792517, 'a2': 0.3651483716701107, 'a3': 4.382472242936621} logZ_new= 2.9536653738315866 obs_new= 8.982275385498026
params_max= {'a1': 1.1547005383792517, 'a2': 0.3651483716701107, 'a3': 4.382472249600623} logZ_max= 2.9536653663887935 obs_max= 8.98227545910549
dist_min= tensor(39.5000) dist_max= tensor(1.2481)
params_min,params_max=params_min,params_new
evaluating model at params_new={'a1': 1.1547005383792517, 'a2': 0.3651483716701107, 'a3': 4.3824722396046205}
params_min= {'a1': 1.1547005383792517, 'a2': 0.3651483716701107, 'a3': 4.382472236272619} logZ_min= 2.953689166464922 obs_min= 8.978713601847867
params_new= {'a1': 1.1547005383792517, 'a2': 0.3651483716701107, 'a3': 4.3824722396046205} logZ_new= 2.953665363171878 obs_new= 8.98227544761707
params_max= {'a1': 1.1547005383792517, 'a2': 0.3651483716701107, 'a3': 4.382472242936621} logZ_max= 2.9536653738315866 obs_max= 8.982275385498026
dist_min= tensor(39.5026) dist_max= tensor(0.0868)
params_min,params_max=params_min,params_new
evaluating model at params_new={'a1': 1.1547005383792517, 'a2': 0.3651483716701107, 'a3': 4.38247223793862}
params_min= {'a1': 1.1547005383792517, 'a2': 0.3651483716701107, 'a3': 4.382472236272619} logZ_min= 2.953689166464922 obs_min= 8.978713601847867
params_new= {'a1': 1.1547005383792517, 'a2': 0.3651483716701107, 'a3': 4.38247223793862} logZ_new= 2.95366537301626 obs_new= 8.982275375853751
params_max= {'a1': 1.1547005383792517, 'a2': 0.3651483716701107, 'a3': 4.3824722396046205} logZ_max= 2.953665363171878 obs_max= 8.98227544761707
dist_min= tensor(39.4936) dist_max= tensor(0.4925)
params_min,params_max=params_min,params_new
evaluating model at params_new={'a1': 1.1547005383792517, 'a2': 0.3651483716701107, 'a3': 4.3824722371056195}
params_min= {'a1': 1.1547005383792517, 'a2': 0.3651483716701107, 'a3': 4.382472236272619} logZ_min= 2.953689166464922 obs_min= 8.978713601847867
params_new= {'a1': 1.1547005383792517, 'a2': 0.3651483716701107, 'a3': 4.3824722371056195} logZ_new= 2.953689166849529 obs_new= 8.978713601910673
params_max= {'a1': 1.1547005383792517, 'a2': 0.3651483716701107, 'a3': 4.38247223793862} logZ_max= 2.95366537301626 obs_max= 8.982275375853751
dist_min= tensor(0.3411) dist_max= tensor(39.4890)
params_min,params_max=params_new,params_max
evaluating model at params_new={'a1': 1.1547005383792517, 'a2': 0.3651483716701107, 'a3': 4.382472237522119}
params_min= {'a1': 1.1547005383792517, 'a2': 0.3651483716701107, 'a3': 4.3824722371056195} logZ_min= 2.953689166849529 obs_min= 8.978713601910673
params_new= {'a1': 1.1547005383792517, 'a2': 0.3651483716701107, 'a3': 4.382472237522119} logZ_new= 2.953689167041833 obs_new= 8.978713601935146
params_max= {'a1': 1.1547005383792517, 'a2': 0.3651483716701107, 'a3': 4.38247223793862} logZ_max= 2.95366537301626 obs_max= 8.982275375853751
dist_min= tensor(0.0554) dist_max= tensor(39.4884)
params_min,params_max=params_new,params_max
evaluating model at params_new={'a1': 1.1547005383792517, 'a2': 0.3651483716701107, 'a3': 4.3824722377303695}
params_min= {'a1': 1.1547005383792517, 'a2': 0.3651483716701107, 'a3': 4.382472237522119} logZ_min= 2.953689167041833 obs_min= 8.978713601935146
params_new= {'a1': 1.1547005383792517, 'a2': 0.3651483716701107, 'a3': 4.3824722377303695} logZ_new= 2.95368916713798 obs_new= 8.978713601953256
params_max= {'a1': 1.1547005383792517, 'a2': 0.3651483716701107, 'a3': 4.38247223793862} logZ_max= 2.95366537301626 obs_max= 8.982275375853751
dist_min= tensor(0.5909) dist_max= tensor(39.4969)
params_min,params_max=params_new,params_max
evaluating model at params_new={'a1': 1.1547005383792517, 'a2': 0.3651483716701107, 'a3': 4.382472237834495}
params_min= {'a1': 1.1547005383792517, 'a2': 0.3651483716701107, 'a3': 4.3824722377303695} logZ_min= 2.95368916713798 obs_min= 8.978713601953256
params_new= {'a1': 1.1547005383792517, 'a2': 0.3651483716701107, 'a3': 4.382472237834495} logZ_new= 2.9536653593437276 obs_new= 8.982275472866615
params_max= {'a1': 1.1547005383792517, 'a2': 0.3651483716701107, 'a3': 4.38247223793862} logZ_max= 2.95366537301626 obs_max= 8.982275375853751
dist_min= tensor(39.5050) dist_max= tensor(0.3794)
params_min,params_max=params_min,params_new
evaluating model at params_new={'a1': 1.1547005383792517, 'a2': 0.3651483716701107, 'a3': 4.382472237782432}
params_min= {'a1': 1.1547005383792517, 'a2': 0.3651483716701107, 'a3': 4.3824722377303695} logZ_min= 2.95368916713798 obs_min= 8.978713601953256
params_new= {'a1': 1.1547005383792517, 'a2': 0.3651483716701107, 'a3': 4.382472237782432} logZ_new= 2.953689167162042 obs_new= 8.978713601957192
params_max= {'a1': 1.1547005383792517, 'a2': 0.3651483716701107, 'a3': 4.382472237834495} logZ_max= 2.9536653593437276 obs_max= 8.982275472866615
dist_min= tensor(0.4956) dist_max= tensor(39.4972)
params_min,params_max=params_new,params_max
evaluating model at params_new={'a1': 1.1547005383792517, 'a2': 0.3651483716701107, 'a3': 4.3824722378084635}
params_min= {'a1': 1.1547005383792517, 'a2': 0.3651483716701107, 'a3': 4.382472237782432} logZ_min= 2.953689167162042 obs_min= 8.978713601957192
params_new= {'a1': 1.1547005383792517, 'a2': 0.3651483716701107, 'a3': 4.3824722378084635} logZ_new= 2.9536653593664477 obs_new= 8.982275472541714
params_max= {'a1': 1.1547005383792517, 'a2': 0.3651483716701107, 'a3': 4.382472237834495} logZ_max= 2.9536653593437276 obs_max= 8.982275472866615
dist_min= tensor(39.4877) dist_max= tensor(0.8619)
params_min,params_max=params_min,params_new
evaluating model at params_new={'a1': 1.1547005383792517, 'a2': 0.3651483716701107, 'a3': 4.382472237795447}
params_min= {'a1': 1.1547005383792517, 'a2': 0.3651483716701107, 'a3': 4.382472237782432} logZ_min= 2.953689167162042 obs_min= 8.978713601957192
params_new= {'a1': 1.1547005383792517, 'a2': 0.3651483716701107, 'a3': 4.382472237795447} logZ_new= 2.953689167170949 obs_new= 8.978713601975446
params_max= {'a1': 1.1547005383792517, 'a2': 0.3651483716701107, 'a3': 4.3824722378084635} logZ_max= 2.9536653593664477 obs_max= 8.982275472541714
dist_min= tensor(0.2714) dist_max= tensor(39.4890)
params_min,params_max=params_new,params_max
evaluating model at params_new={'a1': 1.1547005383792517, 'a2': 0.3651483716701107, 'a3': 4.382472237801956}
params_min= {'a1': 1.1547005383792517, 'a2': 0.3651483716701107, 'a3': 4.382472237795447} logZ_min= 2.953689167170949 obs_min= 8.978713601975446
params_new= {'a1': 1.1547005383792517, 'a2': 0.3651483716701107, 'a3': 4.382472237801956} logZ_new= 2.953689167331488 obs_new= 8.978713607302371
params_max= {'a1': 1.1547005383792517, 'a2': 0.3651483716701107, 'a3': 4.3824722378084635} logZ_max= 2.9536653593664477 obs_max= 8.982275472541714
dist_min= tensor(0.2576) dist_max= tensor(39.4875)
params_min,params_max=params_new,params_max
evaluating model at params_new={'a1': 1.1547005383792517, 'a2': 0.3651483716701107, 'a3': 4.38247223780521}
params_min= {'a1': 1.1547005383792517, 'a2': 0.3651483716701107, 'a3': 4.382472237801956} logZ_min= 2.953689167331488 obs_min= 8.978713607302371
params_new= {'a1': 1.1547005383792517, 'a2': 0.3651483716701107, 'a3': 4.38247223780521} logZ_new= 2.953665373077956 obs_new= 8.982275375083855
params_max= {'a1': 1.1547005383792517, 'a2': 0.3651483716701107, 'a3': 4.3824722378084635} logZ_max= 2.9536653593664477 obs_max= 8.982275472541714
dist_min= tensor(39.4941) dist_max= tensor(0.8248)
params_min,params_max=params_min,params_new
evaluating model at params_new={'a1': 1.1547005383792517, 'a2': 0.3651483716701107, 'a3': 4.382472237803583}
params_min= {'a1': 1.1547005383792517, 'a2': 0.3651483716701107, 'a3': 4.382472237801956} logZ_min= 2.953689167331488 obs_min= 8.978713607302371
params_new= {'a1': 1.1547005383792517, 'a2': 0.3651483716701107, 'a3': 4.382472237803583} logZ_new= 2.9536653577682657 obs_new= 8.982275495904558
params_max= {'a1': 1.1547005383792517, 'a2': 0.3651483716701107, 'a3': 4.38247223780521} logZ_max= 2.953665373077956 obs_max= 8.982275375083855
dist_min= tensor(39.4898) dist_max= tensor(1.0663)
params_min,params_max=params_min,params_new
evaluating model at params_new={'a1': 1.1547005383792517, 'a2': 0.3651483716701107, 'a3': 4.382472237802769}
params_min= {'a1': 1.1547005383792517, 'a2': 0.3651483716701107, 'a3': 4.382472237801956} logZ_min= 2.953689167331488 obs_min= 8.978713607302371
params_new= {'a1': 1.1547005383792517, 'a2': 0.3651483716701107, 'a3': 4.382472237802769} logZ_new= 2.9536653737581613 obs_new= 8.982275370964647
params_max= {'a1': 1.1547005383792517, 'a2': 0.3651483716701107, 'a3': 4.382472237803583} logZ_max= 2.9536653577682657 obs_max= 8.982275495904558
dist_min= tensor(39.4947) dist_max= tensor(1.0914)
params_min,params_max=params_min,params_new
evaluating model at params_new={'a1': 1.1547005383792517, 'a2': 0.3651483716701107, 'a3': 4.382472237802363}
params_min= {'a1': 1.1547005383792517, 'a2': 0.3651483716701107, 'a3': 4.382472237801956} logZ_min= 2.953689167331488 obs_min= 8.978713607302371
params_new= {'a1': 1.1547005383792517, 'a2': 0.3651483716701107, 'a3': 4.382472237802363} logZ_new= 2.953665384081179 obs_new= 8.982275309588198
params_max= {'a1': 1.1547005383792517, 'a2': 0.3651483716701107, 'a3': 4.382472237802769} logZ_max= 2.9536653737581613 obs_max= 8.982275370964647
dist_min= tensor(39.4852) dist_max= tensor(0.9153)
params_min,params_max=params_min,params_new
evaluating model at params_new={'a1': 1.1547005383792517, 'a2': 0.3651483716701107, 'a3': 4.382472237802159}
params_min= {'a1': 1.1547005383792517, 'a2': 0.3651483716701107, 'a3': 4.382472237801956} logZ_min= 2.953689167331488 obs_min= 8.978713607302371
params_new= {'a1': 1.1547005383792517, 'a2': 0.3651483716701107, 'a3': 4.382472237802159} logZ_new= 2.953689660063949 obs_new= 8.978732842395218
params_max= {'a1': 1.1547005383792517, 'a2': 0.3651483716701107, 'a3': 4.382472237802363} logZ_max= 2.953665384081179 obs_max= 8.982275309588198
dist_min= tensor(0.9750) dist_max= tensor(38.6700)
params_min,params_max=params_new,params_max
evaluating model at params_new={'a1': 1.1547005383792517, 'a2': 0.3651483716701107, 'a3': 4.382472237802261}
params_min= {'a1': 1.1547005383792517, 'a2': 0.3651483716701107, 'a3': 4.382472237802159} logZ_min= 2.953689660063949 obs_min= 8.978732842395218
params_new= {'a1': 1.1547005383792517, 'a2': 0.3651483716701107, 'a3': 4.382472237802261} logZ_new= 2.9536663262410325 obs_new= 8.982271655539709
params_max= {'a1': 1.1547005383792517, 'a2': 0.3651483716701107, 'a3': 4.382472237802363} logZ_max= 2.953665384081179 obs_max= 8.982275309588198
dist_min= tensor(38.6211) dist_max= tensor(0.4343)
params_min,params_max=params_min,params_new
evaluating model at params_new={'a1': 1.1547005383792517, 'a2': 0.3651483716701107, 'a3': 4.38247223780221}
params_min= {'a1': 1.1547005383792517, 'a2': 0.3651483716701107, 'a3': 4.382472237802159} logZ_min= 2.953689660063949 obs_min= 8.978732842395218
params_new= {'a1': 1.1547005383792517, 'a2': 0.3651483716701107, 'a3': 4.38247223780221} logZ_new= 2.953664410117583 obs_new= 8.980012309109213
params_max= {'a1': 1.1547005383792517, 'a2': 0.3651483716701107, 'a3': 4.382472237802261} logZ_max= 2.9536663262410325 obs_max= 8.982271655539709
dist_min= tensor(39.9950) dist_max= tensor(9.2919)
params_min,params_max=params_min,params_new
evaluating model at params_new={'a1': 1.1547005383792517, 'a2': 0.3651483716701107, 'a3': 4.382472237802185}
params_min= {'a1': 1.1547005383792517, 'a2': 0.3651483716701107, 'a3': 4.382472237802159} logZ_min= 2.953689660063949 obs_min= 8.978732842395218
params_new= {'a1': 1.1547005383792517, 'a2': 0.3651483716701107, 'a3': 4.382472237802185} logZ_new= 2.9536905291703066 obs_new= 8.978768798395048
params_max= {'a1': 1.1547005383792517, 'a2': 0.3651483716701107, 'a3': 4.38247223780221} logZ_max= 2.953664410117583 obs_max= 8.980012309109213
dist_min= tensor(2.2204) dist_max= tensor(37.8536)
params_min,params_max=params_new,params_max
evaluating model at params_new={'a1': 1.1547005383792517, 'a2': 0.3651483716701107, 'a3': 4.382472237802197}
params_min= {'a1': 1.1547005383792517, 'a2': 0.3651483716701107, 'a3': 4.382472237802185} logZ_min= 2.9536905291703066 obs_min= 8.978768798395048
params_new= {'a1': 1.1547005383792517, 'a2': 0.3651483716701107, 'a3': 4.382472237802197} logZ_new= 2.9537003377287276 obs_new= 8.979161279995447
params_max= {'a1': 1.1547005383792517, 'a2': 0.3651483716701107, 'a3': 4.38247223780221} logZ_max= 2.953664410117583 obs_max= 8.980012309109213
dist_min= tensor(17.4569) dist_max= tensor(20.4350)
params_min,params_max=params_new,params_max
evaluating model at params_new={'a1': 1.1547005383792517, 'a2': 0.3651483716701107, 'a3': 4.382472237802204}
params_min= {'a1': 1.1547005383792517, 'a2': 0.3651483716701107, 'a3': 4.382472237802197} logZ_min= 2.9537003377287276 obs_min= 8.979161279995447
params_new= {'a1': 1.1547005383792517, 'a2': 0.3651483716701107, 'a3': 4.382472237802204} logZ_new= 2.953694265509071 obs_new= 8.97908423858535
params_max= {'a1': 1.1547005383792517, 'a2': 0.3651483716701107, 'a3': 4.38247223780221} logZ_max= 2.953664410117583 obs_max= 8.980012309109213
dist_min= tensor(9.0365) dist_max= tensor(29.4400)
params_min,params_max=params_new,params_max
evaluating model at params_new={'a1': 1.1547005383792517, 'a2': 0.3651483716701107, 'a3': 4.382472237802206}
params_min= {'a1': 1.1547005383792517, 'a2': 0.3651483716701107, 'a3': 4.382472237802204} logZ_min= 2.953694265509071 obs_min= 8.97908423858535
params_new= {'a1': 1.1547005383792517, 'a2': 0.3651483716701107, 'a3': 4.382472237802206} logZ_new= 2.9536736543269235 obs_new= 8.982208768359639
params_max= {'a1': 1.1547005383792517, 'a2': 0.3651483716701107, 'a3': 4.38247223780221} logZ_max= 2.953664410117583 obs_max= 8.980012309109213
dist_min= tensor(27.5371) dist_max= tensor(7.6822)
params_min,params_max=params_min,params_new
evaluating model at params_new={'a1': 1.1547005383792517, 'a2': 0.3651483716701107, 'a3': 4.3824722378022045}
params_min= {'a1': 1.1547005383792517, 'a2': 0.3651483716701107, 'a3': 4.382472237802204} logZ_min= 2.953694265509071 obs_min= 8.97908423858535
params_new= {'a1': 1.1547005383792517, 'a2': 0.3651483716701107, 'a3': 4.3824722378022045} logZ_new= 2.9536986328160912 obs_new= 8.979245488570196
params_max= {'a1': 1.1547005383792517, 'a2': 0.3651483716701107, 'a3': 4.382472237802206} logZ_max= 2.9536736543269235 obs_max= 8.982208768359639
dist_min= tensor(7.1459) dist_max= tensor(20.7556)
params_min,params_max=params_new,params_max
evaluating model at params_new={'a1': 1.1547005383792517, 'a2': 0.3651483716701107, 'a3': 4.382472237802205}
params_min= {'a1': 1.1547005383792517, 'a2': 0.3651483716701107, 'a3': 4.3824722378022045} logZ_min= 2.9536986328160912 obs_min= 8.979245488570196
params_new= {'a1': 1.1547005383792517, 'a2': 0.3651483716701107, 'a3': 4.382472237802205} logZ_new= 2.9536928392561257 obs_new= 8.97924921549532
params_max= {'a1': 1.1547005383792517, 'a2': 0.3651483716701107, 'a3': 4.382472237802206} logZ_max= 2.9536736543269235 obs_max= 8.982208768359639
dist_min= tensor(0.8483) dist_max= tensor(20.5527)
params_min,params_max=params_new,params_max
critical params found:  {'a1': 1.1547005383792517, 'a2': 0.3651483716701107, 'a3': 4.382472237802206}
reference params:  {'a1': 1.1547005383792515, 'a2': 1.8257418583505538, 'a3': 4.47213595499958}
file saved to  data/AKLT3D_X10_scan_grid_critical_a3/a1_1.1547005_a2_0.3651484/Tc.json
