Start running find_critical_temp.py with options:{'filename': 'data/AKLT3D_X10_scan_grid_critical_a3/a1_1.1547005_a2_2.9211870/Tc.json', 'log_filename': 'data/AKLT3D_X10_scan_grid_critical_a3/a1_1.1547005_a2_2.9211870/Tc.log', 'nLayers': 60, 'max_dim': 10, 'model': 'AKLT3D', 'params_min': "{'a1': 1.1547005383792517, 'a2': 2.921186973360886, 'a3': 1.788854381999832}", 'params_max': "{'a1': 1.1547005383792517, 'a2': 2.921186973360886, 'a3': 2.683281572999748}", 'params_ref': None, 'observable_name': 'magnetizationZ', 'tol': 0.0, 'gilt_enabled': False, 'gilt_eps': 8e-07, 'gilt_nIter': 1, 'mcf_enabled': True, 'mcf_eps': 1e-16, 'mcf_max_iter': 200, 'hotrg_sanity_check': False, 'version': 1, 'device': 'cuda:1'}
loading library...
evaluating model at params_min={'a1': 1.1547005383792517, 'a2': 2.921186973360886, 'a3': 1.788854381999832}
params_min= {'a1': 1.1547005383792517, 'a2': 2.921186973360886, 'a3': 1.788854381999832} logZ_min= 3.361225465120642 obs_min= 4.5401194625143495e-30
evaluating model at params_max={'a1': 1.1547005383792517, 'a2': 2.921186973360886, 'a3': 2.683281572999748}
params_max= {'a1': 1.1547005383792517, 'a2': 2.921186973360886, 'a3': 2.683281572999748} logZ_max= 3.38421944454216 obs_max= 1.17434238915261
searching for critical temperature using bisection method
evaluating model at params_new={'a1': 1.1547005383792517, 'a2': 2.921186973360886, 'a3': 2.23606797749979}
params_min= {'a1': 1.1547005383792517, 'a2': 2.921186973360886, 'a3': 1.788854381999832} logZ_min= 3.361225465120642 obs_min= 4.5401194625143495e-30
params_new= {'a1': 1.1547005383792517, 'a2': 2.921186973360886, 'a3': 2.23606797749979} logZ_new= nan obs_new= 0.5738612183693483
params_max= {'a1': 1.1547005383792517, 'a2': 2.921186973360886, 'a3': 2.683281572999748} logZ_max= 3.38421944454216 obs_max= 1.17434238915261
dist_min= tensor(107.3557) dist_max= tensor(107.6824)
params_min,params_max=params_new,params_max
evaluating model at params_new={'a1': 1.1547005383792517, 'a2': 2.921186973360886, 'a3': 2.459674775249769}
params_min= {'a1': 1.1547005383792517, 'a2': 2.921186973360886, 'a3': 2.23606797749979} logZ_min= nan obs_min= 0.5738612183693483
params_new= {'a1': 1.1547005383792517, 'a2': 2.921186973360886, 'a3': 2.459674775249769} logZ_new= 3.3739959274128357 obs_new= 0.8991349705489136
params_max= {'a1': 1.1547005383792517, 'a2': 2.921186973360886, 'a3': 2.683281572999748} logZ_max= 3.38421944454216 obs_max= 1.17434238915261
dist_min= tensor(107.5854) dist_max= tensor(2.1399)
params_min,params_max=params_min,params_new
evaluating model at params_new={'a1': 1.1547005383792517, 'a2': 2.921186973360886, 'a3': 2.3478713763747794}
params_min= {'a1': 1.1547005383792517, 'a2': 2.921186973360886, 'a3': 2.23606797749979} logZ_min= nan obs_min= 0.5738612183693483
params_new= {'a1': 1.1547005383792517, 'a2': 2.921186973360886, 'a3': 2.3478713763747794} logZ_new= nan obs_new= 0.7692537680793308
params_max= {'a1': 1.1547005383792517, 'a2': 2.921186973360886, 'a3': 2.459674775249769} logZ_max= 3.3739959274128357 obs_max= 0.8991349705489136
dist_min= tensor(261.5472) dist_max= tensor(241.3393)
params_min,params_max=params_min,params_new
evaluating model at params_new={'a1': 1.1547005383792517, 'a2': 2.921186973360886, 'a3': 2.291969676937285}
params_min= {'a1': 1.1547005383792517, 'a2': 2.921186973360886, 'a3': 2.23606797749979} logZ_min= nan obs_min= 0.5738612183693483
params_new= {'a1': 1.1547005383792517, 'a2': 2.921186973360886, 'a3': 2.291969676937285} logZ_new= 3.3721663714672907 obs_new= 0.6253050071266681
params_max= {'a1': 1.1547005383792517, 'a2': 2.921186973360886, 'a3': 2.3478713763747794} logZ_max= nan obs_max= 0.7692537680793308
dist_min= tensor(107.3783) dist_max= tensor(241.3375)
params_min,params_max=params_new,params_max
evaluating model at params_new={'a1': 1.1547005383792517, 'a2': 2.921186973360886, 'a3': 2.3199205266560323}
params_min= {'a1': 1.1547005383792517, 'a2': 2.921186973360886, 'a3': 2.291969676937285} logZ_min= 3.3721663714672907 obs_min= 0.6253050071266681
params_new= {'a1': 1.1547005383792517, 'a2': 2.921186973360886, 'a3': 2.3199205266560323} logZ_new= 3.3729089456707224 obs_new= 0.6553619860671062
params_max= {'a1': 1.1547005383792517, 'a2': 2.921186973360886, 'a3': 2.3478713763747794} logZ_max= nan obs_max= 0.7692537680793308
dist_min= tensor(1.6010) dist_max= tensor(241.2844)
params_min,params_max=params_new,params_max
evaluating model at params_new={'a1': 1.1547005383792517, 'a2': 2.921186973360886, 'a3': 2.333895951515406}
params_min= {'a1': 1.1547005383792517, 'a2': 2.921186973360886, 'a3': 2.3199205266560323} logZ_min= 3.3729089456707224 obs_min= 0.6553619860671062
params_new= {'a1': 1.1547005383792517, 'a2': 2.921186973360886, 'a3': 2.333895951515406} logZ_new= 3.3739216366852633 obs_new= 0.750210278049465
params_max= {'a1': 1.1547005383792517, 'a2': 2.921186973360886, 'a3': 2.3478713763747794} logZ_max= nan obs_max= 0.7692537680793308
dist_min= tensor(1.6314) dist_max= tensor(241.3404)
params_min,params_max=params_new,params_max
evaluating model at params_new={'a1': 1.1547005383792517, 'a2': 2.921186973360886, 'a3': 2.3408836639450925}
params_min= {'a1': 1.1547005383792517, 'a2': 2.921186973360886, 'a3': 2.333895951515406} logZ_min= 3.3739216366852633 obs_min= 0.750210278049465
params_new= {'a1': 1.1547005383792517, 'a2': 2.921186973360886, 'a3': 2.3408836639450925} logZ_new= nan obs_new= 0.7622387722062173
params_max= {'a1': 1.1547005383792517, 'a2': 2.921186973360886, 'a3': 2.3478713763747794} logZ_max= nan obs_max= 0.7692537680793308
dist_min= tensor(84.6212) dist_max= tensor(255.8206)
params_min,params_max=params_new,params_max
evaluating model at params_new={'a1': 1.1547005383792517, 'a2': 2.921186973360886, 'a3': 2.344377520159936}
params_min= {'a1': 1.1547005383792517, 'a2': 2.921186973360886, 'a3': 2.3408836639450925} logZ_min= nan obs_min= 0.7622387722062173
params_new= {'a1': 1.1547005383792517, 'a2': 2.921186973360886, 'a3': 2.344377520159936} logZ_new= 3.370522223469039 obs_new= 0.7577523117900818
params_max= {'a1': 1.1547005383792517, 'a2': 2.921186973360886, 'a3': 2.3478713763747794} logZ_max= nan obs_max= 0.7692537680793308
dist_min= tensor(84.5969) dist_max= tensor(241.3600)
params_min,params_max=params_new,params_max
evaluating model at params_new={'a1': 1.1547005383792517, 'a2': 2.921186973360886, 'a3': 2.346124448267358}
params_min= {'a1': 1.1547005383792517, 'a2': 2.921186973360886, 'a3': 2.344377520159936} logZ_min= 3.370522223469039 obs_min= 0.7577523117900818
params_new= {'a1': 1.1547005383792517, 'a2': 2.921186973360886, 'a3': 2.346124448267358} logZ_new= 3.373849957719777 obs_new= 0.7680423600395044
params_max= {'a1': 1.1547005383792517, 'a2': 2.921186973360886, 'a3': 2.3478713763747794} logZ_max= nan obs_max= 0.7692537680793308
dist_min= tensor(43.6719) dist_max= tensor(245.0820)
params_min,params_max=params_new,params_max
evaluating model at params_new={'a1': 1.1547005383792517, 'a2': 2.921186973360886, 'a3': 2.3469979123210685}
params_min= {'a1': 1.1547005383792517, 'a2': 2.921186973360886, 'a3': 2.346124448267358} logZ_min= 3.373849957719777 obs_min= 0.7680423600395044
params_new= {'a1': 1.1547005383792517, 'a2': 2.921186973360886, 'a3': 2.3469979123210685} logZ_new= nan obs_new= 0.7681315324254477
params_max= {'a1': 1.1547005383792517, 'a2': 2.921186973360886, 'a3': 2.3478713763747794} logZ_max= nan obs_max= 0.7692537680793308
dist_min= tensor(1121.1070) dist_max= tensor(1146.7256)
params_min,params_max=params_new,params_max
evaluating model at params_new={'a1': 1.1547005383792517, 'a2': 2.921186973360886, 'a3': 2.347434644347924}
params_min= {'a1': 1.1547005383792517, 'a2': 2.921186973360886, 'a3': 2.3469979123210685} logZ_min= nan obs_min= 0.7681315324254477
params_new= {'a1': 1.1547005383792517, 'a2': 2.921186973360886, 'a3': 2.347434644347924} logZ_new= 3.373821354781845 obs_new= 0.7685813360032984
params_max= {'a1': 1.1547005383792517, 'a2': 2.921186973360886, 'a3': 2.3478713763747794} logZ_max= nan obs_max= 0.7692537680793308
dist_min= tensor(1126.3072) dist_max= tensor(264.6053)
params_min,params_max=params_min,params_new
evaluating model at params_new={'a1': 1.1547005383792517, 'a2': 2.921186973360886, 'a3': 2.3472162783344963}
params_min= {'a1': 1.1547005383792517, 'a2': 2.921186973360886, 'a3': 2.3469979123210685} logZ_min= nan obs_min= 0.7681315324254477
params_new= {'a1': 1.1547005383792517, 'a2': 2.921186973360886, 'a3': 2.3472162783344963} logZ_new= nan obs_new= 0.776176092654669
params_max= {'a1': 1.1547005383792517, 'a2': 2.921186973360886, 'a3': 2.347434644347924} logZ_max= 3.373821354781845 obs_max= 0.7685813360032984
dist_min= tensor(1121.8294) dist_max= tensor(117.0902)
params_min,params_max=params_min,params_new
evaluating model at params_new={'a1': 1.1547005383792517, 'a2': 2.921186973360886, 'a3': 2.3471070953277824}
params_min= {'a1': 1.1547005383792517, 'a2': 2.921186973360886, 'a3': 2.3469979123210685} logZ_min= nan obs_min= 0.7681315324254477
params_new= {'a1': 1.1547005383792517, 'a2': 2.921186973360886, 'a3': 2.3471070953277824} logZ_new= nan obs_new= 0.7753952228728804
params_max= {'a1': 1.1547005383792517, 'a2': 2.921186973360886, 'a3': 2.3472162783344963} logZ_max= nan obs_max= 0.776176092654669
dist_min= tensor(1121.4968) dist_max= tensor(57.7688)
params_min,params_max=params_min,params_new
evaluating model at params_new={'a1': 1.1547005383792517, 'a2': 2.921186973360886, 'a3': 2.3470525038244254}
params_min= {'a1': 1.1547005383792517, 'a2': 2.921186973360886, 'a3': 2.3469979123210685} logZ_min= nan obs_min= 0.7681315324254477
params_new= {'a1': 1.1547005383792517, 'a2': 2.921186973360886, 'a3': 2.3470525038244254} logZ_new= 3.3738311335853117 obs_new= 0.7709985736995544
params_max= {'a1': 1.1547005383792517, 'a2': 2.921186973360886, 'a3': 2.3471070953277824} logZ_max= nan obs_max= 0.7753952228728804
dist_min= tensor(1122.8477) dist_max= tensor(77.8289)
params_min,params_max=params_min,params_new
evaluating model at params_new={'a1': 1.1547005383792517, 'a2': 2.921186973360886, 'a3': 2.347025208072747}
params_min= {'a1': 1.1547005383792517, 'a2': 2.921186973360886, 'a3': 2.3469979123210685} logZ_min= nan obs_min= 0.7681315324254477
params_new= {'a1': 1.1547005383792517, 'a2': 2.921186973360886, 'a3': 2.347025208072747} logZ_new= nan obs_new= 0.7700000580134321
params_max= {'a1': 1.1547005383792517, 'a2': 2.921186973360886, 'a3': 2.3470525038244254} logZ_max= 3.3738311335853117 obs_max= 0.7709985736995544
dist_min= tensor(1121.5735) dist_max= tensor(76.4911)
params_min,params_max=params_min,params_new
evaluating model at params_new={'a1': 1.1547005383792517, 'a2': 2.921186973360886, 'a3': 2.3470115601969077}
params_min= {'a1': 1.1547005383792517, 'a2': 2.921186973360886, 'a3': 2.3469979123210685} logZ_min= nan obs_min= 0.7681315324254477
params_new= {'a1': 1.1547005383792517, 'a2': 2.921186973360886, 'a3': 2.3470115601969077} logZ_new= nan obs_new= 0.7629782899346989
params_max= {'a1': 1.1547005383792517, 'a2': 2.921186973360886, 'a3': 2.347025208072747} logZ_max= nan obs_max= 0.7700000580134321
dist_min= tensor(1121.0763) dist_max= tensor(33.6738)
params_min,params_max=params_min,params_new
evaluating model at params_new={'a1': 1.1547005383792517, 'a2': 2.921186973360886, 'a3': 2.347004736258988}
params_min= {'a1': 1.1547005383792517, 'a2': 2.921186973360886, 'a3': 2.3469979123210685} logZ_min= nan obs_min= 0.7681315324254477
params_new= {'a1': 1.1547005383792517, 'a2': 2.921186973360886, 'a3': 2.347004736258988} logZ_new= 3.3729829663042863 obs_new= 0.6956553475958647
params_max= {'a1': 1.1547005383792517, 'a2': 2.921186973360886, 'a3': 2.3470115601969077} logZ_max= nan obs_max= 0.7629782899346989
dist_min= tensor(1124.7958) dist_max= tensor(93.7293)
params_min,params_max=params_min,params_new
evaluating model at params_new={'a1': 1.1547005383792517, 'a2': 2.921186973360886, 'a3': 2.3470013242900283}
params_min= {'a1': 1.1547005383792517, 'a2': 2.921186973360886, 'a3': 2.3469979123210685} logZ_min= nan obs_min= 0.7681315324254477
params_new= {'a1': 1.1547005383792517, 'a2': 2.921186973360886, 'a3': 2.3470013242900283} logZ_new= 3.3732258778834305 obs_new= 0.6937536741970045
params_max= {'a1': 1.1547005383792517, 'a2': 2.921186973360886, 'a3': 2.347004736258988} logZ_max= 3.3729829663042863 obs_max= 0.6956553475958647
dist_min= tensor(1120.9994) dist_max= tensor(91.8735)
params_min,params_max=params_min,params_new
evaluating model at params_new={'a1': 1.1547005383792517, 'a2': 2.921186973360886, 'a3': 2.3469996183055484}
params_min= {'a1': 1.1547005383792517, 'a2': 2.921186973360886, 'a3': 2.3469979123210685} logZ_min= nan obs_min= 0.7681315324254477
params_new= {'a1': 1.1547005383792517, 'a2': 2.921186973360886, 'a3': 2.3469996183055484} logZ_new= nan obs_new= 0.7654864734169701
params_max= {'a1': 1.1547005383792517, 'a2': 2.921186973360886, 'a3': 2.3470013242900283} logZ_max= 3.3732258778834305 obs_max= 0.6937536741970045
dist_min= tensor(1121.0183) dist_max= tensor(2.4936)
params_min,params_max=params_min,params_new
evaluating model at params_new={'a1': 1.1547005383792517, 'a2': 2.921186973360886, 'a3': 2.3469987653133084}
params_min= {'a1': 1.1547005383792517, 'a2': 2.921186973360886, 'a3': 2.3469979123210685} logZ_min= nan obs_min= 0.7681315324254477
params_new= {'a1': 1.1547005383792517, 'a2': 2.921186973360886, 'a3': 2.3469987653133084} logZ_new= nan obs_new= 0.7630307930416311
params_max= {'a1': 1.1547005383792517, 'a2': 2.921186973360886, 'a3': 2.3469996183055484} logZ_max= nan obs_max= 0.7654864734169701
dist_min= tensor(1121.0178) dist_max= tensor(0.9087)
params_min,params_max=params_min,params_new
evaluating model at params_new={'a1': 1.1547005383792517, 'a2': 2.921186973360886, 'a3': 2.3469983388171887}
params_min= {'a1': 1.1547005383792517, 'a2': 2.921186973360886, 'a3': 2.3469979123210685} logZ_min= nan obs_min= 0.7681315324254477
params_new= {'a1': 1.1547005383792517, 'a2': 2.921186973360886, 'a3': 2.3469983388171887} logZ_new= 3.3740614217120304 obs_new= 0.7727652662149366
params_max= {'a1': 1.1547005383792517, 'a2': 2.921186973360886, 'a3': 2.3469987653133084} logZ_max= nan obs_max= 0.7630307930416311
dist_min= tensor(1121.0205) dist_max= tensor(1.3053)
params_min,params_max=params_min,params_new
evaluating model at params_new={'a1': 1.1547005383792517, 'a2': 2.921186973360886, 'a3': 2.3469981255691286}
params_min= {'a1': 1.1547005383792517, 'a2': 2.921186973360886, 'a3': 2.3469979123210685} logZ_min= nan obs_min= 0.7681315324254477
params_new= {'a1': 1.1547005383792517, 'a2': 2.921186973360886, 'a3': 2.3469981255691286} logZ_new= 3.3740503277131433 obs_new= 0.7737756983078183
params_max= {'a1': 1.1547005383792517, 'a2': 2.921186973360886, 'a3': 2.3469983388171887} logZ_max= 3.3740614217120304 obs_max= 0.7727652662149366
dist_min= tensor(1121.0244) dist_max= tensor(1.5140)
params_min,params_max=params_min,params_new
evaluating model at params_new={'a1': 1.1547005383792517, 'a2': 2.921186973360886, 'a3': 2.3469980189450985}
params_min= {'a1': 1.1547005383792517, 'a2': 2.921186973360886, 'a3': 2.3469979123210685} logZ_min= nan obs_min= 0.7681315324254477
params_new= {'a1': 1.1547005383792517, 'a2': 2.921186973360886, 'a3': 2.3469980189450985} logZ_new= nan obs_new= 0.7675577804723088
params_max= {'a1': 1.1547005383792517, 'a2': 2.921186973360886, 'a3': 2.3469981255691286} logZ_max= 3.3740503277131433 obs_max= 0.7737756983078183
dist_min= tensor(1121.1755) dist_max= tensor(15.9301)
params_min,params_max=params_min,params_new
evaluating model at params_new={'a1': 1.1547005383792517, 'a2': 2.921186973360886, 'a3': 2.3469979656330837}
params_min= {'a1': 1.1547005383792517, 'a2': 2.921186973360886, 'a3': 2.3469979123210685} logZ_min= nan obs_min= 0.7681315324254477
params_new= {'a1': 1.1547005383792517, 'a2': 2.921186973360886, 'a3': 2.3469979656330837} logZ_new= 3.373919021886693 obs_new= 0.767282934788709
params_max= {'a1': 1.1547005383792517, 'a2': 2.921186973360886, 'a3': 2.3469980189450985} logZ_max= nan obs_max= 0.7675577804723088
dist_min= tensor(1121.4225) dist_max= tensor(31.6851)
params_min,params_max=params_min,params_new
evaluating model at params_new={'a1': 1.1547005383792517, 'a2': 2.921186973360886, 'a3': 2.346997938977076}
params_min= {'a1': 1.1547005383792517, 'a2': 2.921186973360886, 'a3': 2.3469979123210685} logZ_min= nan obs_min= 0.7681315324254477
params_new= {'a1': 1.1547005383792517, 'a2': 2.921186973360886, 'a3': 2.346997938977076} logZ_new= 3.373873273561784 obs_new= 0.770903144398803
params_max= {'a1': 1.1547005383792517, 'a2': 2.921186973360886, 'a3': 2.3469979656330837} logZ_max= 3.373919021886693 obs_max= 0.767282934788709
dist_min= tensor(35814.9388) dist_max= tensor(35797.5654)
params_min,params_max=params_min,params_new
evaluating model at params_new={'a1': 1.1547005383792517, 'a2': 2.921186973360886, 'a3': 2.346997925649072}
params_min= {'a1': 1.1547005383792517, 'a2': 2.921186973360886, 'a3': 2.3469979123210685} logZ_min= nan obs_min= 0.7681315324254477
params_new= {'a1': 1.1547005383792517, 'a2': 2.921186973360886, 'a3': 2.346997925649072} logZ_new= 3.3738831545622276 obs_new= 0.7710305639857085
params_max= {'a1': 1.1547005383792517, 'a2': 2.921186973360886, 'a3': 2.346997938977076} logZ_max= 3.373873273561784 obs_max= 0.770903144398803
dist_min= tensor(325192.3337) dist_max= tensor(327162.5485)
params_min,params_max=params_new,params_max
evaluating model at params_new={'a1': 1.1547005383792517, 'a2': 2.921186973360886, 'a3': 2.346997932313074}
params_min= {'a1': 1.1547005383792517, 'a2': 2.921186973360886, 'a3': 2.346997925649072} logZ_min= 3.3738831545622276 obs_min= 0.7710305639857085
params_new= {'a1': 1.1547005383792517, 'a2': 2.921186973360886, 'a3': 2.346997932313074} logZ_new= nan obs_new= 0.7032542019125284
params_max= {'a1': 1.1547005383792517, 'a2': 2.921186973360886, 'a3': 2.346997938977076} logZ_max= 3.373873273561784 obs_max= 0.770903144398803
dist_min= tensor(325198.1755) dist_max= tensor(35797.6005)
params_min,params_max=params_min,params_new
evaluating model at params_new={'a1': 1.1547005383792517, 'a2': 2.921186973360886, 'a3': 2.346997928981073}
params_min= {'a1': 1.1547005383792517, 'a2': 2.921186973360886, 'a3': 2.346997925649072} logZ_min= 3.3738831545622276 obs_min= 0.7710305639857085
params_new= {'a1': 1.1547005383792517, 'a2': 2.921186973360886, 'a3': 2.346997928981073} logZ_new= nan obs_new= 0.7631590112789567
params_max= {'a1': 1.1547005383792517, 'a2': 2.921186973360886, 'a3': 2.346997932313074} logZ_max= nan obs_max= 0.7032542019125284
dist_min= tensor(325198.1749) dist_max= tensor(1.1353)
params_min,params_max=params_min,params_new
evaluating model at params_new={'a1': 1.1547005383792517, 'a2': 2.921186973360886, 'a3': 2.3469979273150727}
params_min= {'a1': 1.1547005383792517, 'a2': 2.921186973360886, 'a3': 2.346997925649072} logZ_min= 3.3738831545622276 obs_min= 0.7710305639857085
params_new= {'a1': 1.1547005383792517, 'a2': 2.921186973360886, 'a3': 2.3469979273150727} logZ_new= 3.373919889273549 obs_new= 0.7672648318281421
params_max= {'a1': 1.1547005383792517, 'a2': 2.921186973360886, 'a3': 2.346997928981073} logZ_max= nan obs_max= 0.7631590112789567
dist_min= tensor(325199.2468) dist_max= tensor(812.6100)
params_min,params_max=params_min,params_new
evaluating model at params_new={'a1': 1.1547005383792517, 'a2': 2.921186973360886, 'a3': 2.3469979264820724}
params_min= {'a1': 1.1547005383792517, 'a2': 2.921186973360886, 'a3': 2.346997925649072} logZ_min= 3.3738831545622276 obs_min= 0.7710305639857085
params_new= {'a1': 1.1547005383792517, 'a2': 2.921186973360886, 'a3': 2.3469979264820724} logZ_new= 3.3738544047463375 obs_new= 0.7734949229008572
params_max= {'a1': 1.1547005383792517, 'a2': 2.921186973360886, 'a3': 2.3469979273150727} logZ_max= 3.373919889273549 obs_max= 0.7672648318281421
dist_min= tensor(325195.5180) dist_max= tensor(813.0976)
params_min,params_max=params_min,params_new
evaluating model at params_new={'a1': 1.1547005383792517, 'a2': 2.921186973360886, 'a3': 2.3469979260655722}
params_min= {'a1': 1.1547005383792517, 'a2': 2.921186973360886, 'a3': 2.346997925649072} logZ_min= 3.3738831545622276 obs_min= 0.7710305639857085
params_new= {'a1': 1.1547005383792517, 'a2': 2.921186973360886, 'a3': 2.3469979260655722} logZ_new= 3.3712845672851275 obs_new= 0.7571790578361152
params_max= {'a1': 1.1547005383792517, 'a2': 2.921186973360886, 'a3': 2.3469979264820724} logZ_max= 3.3738544047463375 obs_max= 0.7734949229008572
dist_min= tensor(325198.1047) dist_max= tensor(45.5902)
params_min,params_max=params_min,params_new
evaluating model at params_new={'a1': 1.1547005383792517, 'a2': 2.921186973360886, 'a3': 2.3469979258573224}
params_min= {'a1': 1.1547005383792517, 'a2': 2.921186973360886, 'a3': 2.346997925649072} logZ_min= 3.3738831545622276 obs_min= 0.7710305639857085
params_new= {'a1': 1.1547005383792517, 'a2': 2.921186973360886, 'a3': 2.3469979258573224} logZ_new= 3.373892937843068 obs_new= 0.7680323985690579
params_max= {'a1': 1.1547005383792517, 'a2': 2.921186973360886, 'a3': 2.3469979260655722} logZ_max= 3.3712845672851275 obs_max= 0.7571790578361152
dist_min= tensor(325198.7859) dist_max= tensor(694.7757)
params_min,params_max=params_min,params_new
evaluating model at params_new={'a1': 1.1547005383792517, 'a2': 2.921186973360886, 'a3': 2.346997925753197}
params_min= {'a1': 1.1547005383792517, 'a2': 2.921186973360886, 'a3': 2.346997925649072} logZ_min= 3.3738831545622276 obs_min= 0.7710305639857085
params_new= {'a1': 1.1547005383792517, 'a2': 2.921186973360886, 'a3': 2.346997925753197} logZ_new= 3.373833340199372 obs_new= 0.7763593262854767
params_max= {'a1': 1.1547005383792517, 'a2': 2.921186973360886, 'a3': 2.3469979258573224} logZ_max= 3.373892937843068 obs_max= 0.7680323985690579
dist_min= tensor(325198.6303) dist_max= tensor(800.8491)
params_min,params_max=params_min,params_new
evaluating model at params_new={'a1': 1.1547005383792517, 'a2': 2.921186973360886, 'a3': 2.3469979257011344}
params_min= {'a1': 1.1547005383792517, 'a2': 2.921186973360886, 'a3': 2.346997925649072} logZ_min= 3.3738831545622276 obs_min= 0.7710305639857085
params_new= {'a1': 1.1547005383792517, 'a2': 2.921186973360886, 'a3': 2.3469979257011344} logZ_new= 3.3742085663373773 obs_new= 0.7648046381779323
params_max= {'a1': 1.1547005383792517, 'a2': 2.921186973360886, 'a3': 2.346997925753197} logZ_max= 3.373833340199372 obs_max= 0.7763593262854767
dist_min= tensor(325198.1767) dist_max= tensor(416.9711)
params_min,params_max=params_min,params_new
evaluating model at params_new={'a1': 1.1547005383792517, 'a2': 2.921186973360886, 'a3': 2.3469979256751032}
params_min= {'a1': 1.1547005383792517, 'a2': 2.921186973360886, 'a3': 2.346997925649072} logZ_min= 3.3738831545622276 obs_min= 0.7710305639857085
params_new= {'a1': 1.1547005383792517, 'a2': 2.921186973360886, 'a3': 2.3469979256751032} logZ_new= 3.3740941116755114 obs_new= 0.7718692781145922
params_max= {'a1': 1.1547005383792517, 'a2': 2.921186973360886, 'a3': 2.3469979257011344} logZ_max= 3.3742085663373773 obs_max= 0.7648046381779323
dist_min= tensor(325198.0679) dist_max= tensor(1.1416)
params_min,params_max=params_min,params_new
evaluating model at params_new={'a1': 1.1547005383792517, 'a2': 2.921186973360886, 'a3': 2.3469979256620874}
params_min= {'a1': 1.1547005383792517, 'a2': 2.921186973360886, 'a3': 2.346997925649072} logZ_min= 3.3738831545622276 obs_min= 0.7710305639857085
params_new= {'a1': 1.1547005383792517, 'a2': 2.921186973360886, 'a3': 2.3469979256620874} logZ_new= nan obs_new= 0.7696346086226709
params_max= {'a1': 1.1547005383792517, 'a2': 2.921186973360886, 'a3': 2.3469979256751032} logZ_max= 3.3740941116755114 obs_max= 0.7718692781145922
dist_min= tensor(325198.2862) dist_max= tensor(38.5131)
params_min,params_max=params_min,params_new
evaluating model at params_new={'a1': 1.1547005383792517, 'a2': 2.921186973360886, 'a3': 2.3469979256555797}
params_min= {'a1': 1.1547005383792517, 'a2': 2.921186973360886, 'a3': 2.346997925649072} logZ_min= 3.3738831545622276 obs_min= 0.7710305639857085
params_new= {'a1': 1.1547005383792517, 'a2': 2.921186973360886, 'a3': 2.3469979256555797} logZ_new= 3.3738080410481706 obs_new= 0.7712123045392633
params_max= {'a1': 1.1547005383792517, 'a2': 2.921186973360886, 'a3': 2.3469979256620874} logZ_max= nan obs_max= 0.7696346086226709
dist_min= tensor(325195.6447) dist_max= tensor(38.5305)
params_min,params_max=params_min,params_new
evaluating model at params_new={'a1': 1.1547005383792517, 'a2': 2.921186973360886, 'a3': 2.346997925652326}
params_min= {'a1': 1.1547005383792517, 'a2': 2.921186973360886, 'a3': 2.346997925649072} logZ_min= 3.3738831545622276 obs_min= 0.7710305639857085
params_new= {'a1': 1.1547005383792517, 'a2': 2.921186973360886, 'a3': 2.346997925652326} logZ_new= 3.374250536850002 obs_new= 0.7651675857567951
params_max= {'a1': 1.1547005383792517, 'a2': 2.921186973360886, 'a3': 2.3469979256555797} logZ_max= 3.3738080410481706 obs_max= 0.7712123045392633
dist_min= tensor(325198.1766) dist_max= tensor(4.9661)
params_min,params_max=params_min,params_new
evaluating model at params_new={'a1': 1.1547005383792517, 'a2': 2.921186973360886, 'a3': 2.346997925650699}
params_min= {'a1': 1.1547005383792517, 'a2': 2.921186973360886, 'a3': 2.346997925649072} logZ_min= 3.3738831545622276 obs_min= 0.7710305639857085
params_new= {'a1': 1.1547005383792517, 'a2': 2.921186973360886, 'a3': 2.346997925650699} logZ_new= 3.373887784686543 obs_new= 0.7681892215349506
params_max= {'a1': 1.1547005383792517, 'a2': 2.921186973360886, 'a3': 2.346997925652326} logZ_max= 3.374250536850002 obs_max= 0.7651675857567951
dist_min= tensor(325197.4601) dist_max= tensor(112.2534)
params_min,params_max=params_min,params_new
evaluating model at params_new={'a1': 1.1547005383792517, 'a2': 2.921186973360886, 'a3': 2.3469979256498856}
params_min= {'a1': 1.1547005383792517, 'a2': 2.921186973360886, 'a3': 2.346997925649072} logZ_min= 3.3738831545622276 obs_min= 0.7710305639857085
params_new= {'a1': 1.1547005383792517, 'a2': 2.921186973360886, 'a3': 2.3469979256498856} logZ_new= 3.3724620684481814 obs_new= 0.7172626361051307
params_max= {'a1': 1.1547005383792517, 'a2': 2.921186973360886, 'a3': 2.346997925650699} logZ_max= 3.373887784686543 obs_max= 0.7681892215349506
dist_min= tensor(325199.0483) dist_max= tensor(705.4589)
params_min,params_max=params_min,params_new
evaluating model at params_new={'a1': 1.1547005383792517, 'a2': 2.921186973360886, 'a3': 2.346997925649479}
params_min= {'a1': 1.1547005383792517, 'a2': 2.921186973360886, 'a3': 2.346997925649072} logZ_min= 3.3738831545622276 obs_min= 0.7710305639857085
params_new= {'a1': 1.1547005383792517, 'a2': 2.921186973360886, 'a3': 2.346997925649479} logZ_new= 3.373880483497437 obs_new= 0.7713096646631072
params_max= {'a1': 1.1547005383792517, 'a2': 2.921186973360886, 'a3': 2.3469979256498856} logZ_max= 3.3724620684481814 obs_max= 0.7172626361051307
dist_min= tensor(325198.1723) dist_max= tensor(773.3241)
params_min,params_max=params_min,params_new
evaluating model at params_new={'a1': 1.1547005383792517, 'a2': 2.921186973360886, 'a3': 2.3469979256492755}
params_min= {'a1': 1.1547005383792517, 'a2': 2.921186973360886, 'a3': 2.346997925649072} logZ_min= 3.3738831545622276 obs_min= 0.7710305639857085
params_new= {'a1': 1.1547005383792517, 'a2': 2.921186973360886, 'a3': 2.3469979256492755} logZ_new= 3.37342431439105 obs_new= 0.6891598797134998
params_max= {'a1': 1.1547005383792517, 'a2': 2.921186973360886, 'a3': 2.346997925649479} logZ_max= 3.373880483497437 obs_max= 0.7713096646631072
dist_min= tensor(325197.5301) dist_max= tensor(47.5610)
params_min,params_max=params_min,params_new
evaluating model at params_new={'a1': 1.1547005383792517, 'a2': 2.921186973360886, 'a3': 2.3469979256491738}
params_min= {'a1': 1.1547005383792517, 'a2': 2.921186973360886, 'a3': 2.346997925649072} logZ_min= 3.3738831545622276 obs_min= 0.7710305639857085
params_new= {'a1': 1.1547005383792517, 'a2': 2.921186973360886, 'a3': 2.3469979256491738} logZ_new= 3.3738444708015645 obs_new= 0.7749367349138188
params_max= {'a1': 1.1547005383792517, 'a2': 2.921186973360886, 'a3': 2.3469979256492755} logZ_max= 3.37342431439105 obs_max= 0.6891598797134998
dist_min= tensor(325198.1604) dist_max= tensor(44.8600)
params_min,params_max=params_min,params_new
evaluating model at params_new={'a1': 1.1547005383792517, 'a2': 2.921186973360886, 'a3': 2.3469979256491227}
params_min= {'a1': 1.1547005383792517, 'a2': 2.921186973360886, 'a3': 2.346997925649072} logZ_min= 3.3738831545622276 obs_min= 0.7710305639857085
params_new= {'a1': 1.1547005383792517, 'a2': 2.921186973360886, 'a3': 2.3469979256491227} logZ_new= nan obs_new= 0.772981435709901
params_max= {'a1': 1.1547005383792517, 'a2': 2.921186973360886, 'a3': 2.3469979256491738} logZ_max= 3.3738444708015645 obs_max= 0.7749367349138188
dist_min= tensor(325198.4906) dist_max= tensor(378.9746)
params_min,params_max=params_min,params_new
evaluating model at params_new={'a1': 1.1547005383792517, 'a2': 2.921186973360886, 'a3': 2.3469979256490974}
params_min= {'a1': 1.1547005383792517, 'a2': 2.921186973360886, 'a3': 2.346997925649072} logZ_min= 3.3738831545622276 obs_min= 0.7710305639857085
params_new= {'a1': 1.1547005383792517, 'a2': 2.921186973360886, 'a3': 2.3469979256490974} logZ_new= 3.3740446466379574 obs_new= 0.7675985767490985
params_max= {'a1': 1.1547005383792517, 'a2': 2.921186973360886, 'a3': 2.3469979256491227} logZ_max= nan obs_max= 0.772981435709901
dist_min= tensor(325197.9814) dist_max= tensor(376.3694)
params_min,params_max=params_min,params_new
evaluating model at params_new={'a1': 1.1547005383792517, 'a2': 2.921186973360886, 'a3': 2.3469979256490845}
params_min= {'a1': 1.1547005383792517, 'a2': 2.921186973360886, 'a3': 2.346997925649072} logZ_min= 3.3738831545622276 obs_min= 0.7710305639857085
params_new= {'a1': 1.1547005383792517, 'a2': 2.921186973360886, 'a3': 2.3469979256490845} logZ_new= 3.3743002708417227 obs_new= 0.7629937345591151
params_max= {'a1': 1.1547005383792517, 'a2': 2.921186973360886, 'a3': 2.3469979256490974} logZ_max= 3.3740446466379574 obs_max= 0.7675985767490985
dist_min= tensor(325197.6207) dist_max= tensor(0.5029)
params_min,params_max=params_min,params_new
evaluating model at params_new={'a1': 1.1547005383792517, 'a2': 2.921186973360886, 'a3': 2.3469979256490783}
params_min= {'a1': 1.1547005383792517, 'a2': 2.921186973360886, 'a3': 2.346997925649072} logZ_min= 3.3738831545622276 obs_min= 0.7710305639857085
params_new= {'a1': 1.1547005383792517, 'a2': 2.921186973360886, 'a3': 2.3469979256490783} logZ_new= 3.374126712170678 obs_new= 0.7694007644308546
params_max= {'a1': 1.1547005383792517, 'a2': 2.921186973360886, 'a3': 2.3469979256490845} logZ_max= 3.3743002708417227 obs_max= 0.7629937345591151
dist_min= tensor(325198.1761) dist_max= tensor(1.3225)
params_min,params_max=params_min,params_new
evaluating model at params_new={'a1': 1.1547005383792517, 'a2': 2.921186973360886, 'a3': 2.346997925649075}
params_min= {'a1': 1.1547005383792517, 'a2': 2.921186973360886, 'a3': 2.346997925649072} logZ_min= 3.3738831545622276 obs_min= 0.7710305639857085
params_new= {'a1': 1.1547005383792517, 'a2': 2.921186973360886, 'a3': 2.346997925649075} logZ_new= nan obs_new= 0.7679233139550646
params_max= {'a1': 1.1547005383792517, 'a2': 2.921186973360886, 'a3': 2.3469979256490783} logZ_max= 3.374126712170678 obs_max= 0.7694007644308546
dist_min= tensor(325197.6130) dist_max= tensor(126.2910)
params_min,params_max=params_min,params_new
evaluating model at params_new={'a1': 1.1547005383792517, 'a2': 2.921186973360886, 'a3': 2.346997925649074}
params_min= {'a1': 1.1547005383792517, 'a2': 2.921186973360886, 'a3': 2.346997925649072} logZ_min= 3.3738831545622276 obs_min= 0.7710305639857085
params_new= {'a1': 1.1547005383792517, 'a2': 2.921186973360886, 'a3': 2.346997925649074} logZ_new= nan obs_new= 0.7713135764373779
params_max= {'a1': 1.1547005383792517, 'a2': 2.921186973360886, 'a3': 2.346997925649075} logZ_max= nan obs_max= 0.7679233139550646
dist_min= tensor(325198.2141) dist_max= tensor(266.6136)
params_min,params_max=params_min,params_new
evaluating model at params_new={'a1': 1.1547005383792517, 'a2': 2.921186973360886, 'a3': 2.346997925649073}
params_min= {'a1': 1.1547005383792517, 'a2': 2.921186973360886, 'a3': 2.346997925649072} logZ_min= 3.3738831545622276 obs_min= 0.7710305639857085
params_new= {'a1': 1.1547005383792517, 'a2': 2.921186973360886, 'a3': 2.346997925649073} logZ_new= nan obs_new= 0.7685682601323801
params_max= {'a1': 1.1547005383792517, 'a2': 2.921186973360886, 'a3': 2.346997925649074} logZ_max= nan obs_max= 0.7713135764373779
dist_min= tensor(325198.1753) dist_max= tensor(234.8509)
params_min,params_max=params_min,params_new
evaluating model at params_new={'a1': 1.1547005383792517, 'a2': 2.921186973360886, 'a3': 2.3469979256490725}
params_min= {'a1': 1.1547005383792517, 'a2': 2.921186973360886, 'a3': 2.346997925649072} logZ_min= 3.3738831545622276 obs_min= 0.7710305639857085
params_new= {'a1': 1.1547005383792517, 'a2': 2.921186973360886, 'a3': 2.3469979256490725} logZ_new= 3.374176096667581 obs_new= 0.7683291421594094
params_max= {'a1': 1.1547005383792517, 'a2': 2.921186973360886, 'a3': 2.346997925649073} logZ_max= nan obs_max= 0.7685682601323801
dist_min= tensor(325197.5303) dist_max= tensor(1.4734)
params_min,params_max=params_min,params_new
critical params found:  {'a1': 1.1547005383792517, 'a2': 2.921186973360886, 'a3': 2.346997925649072}
reference params:  {'a1': 1.1547005383792515, 'a2': 1.8257418583505538, 'a3': 4.47213595499958}
file saved to  data/AKLT3D_X10_scan_grid_critical_a3/a1_1.1547005_a2_2.9211870/Tc.json
