Start running find_critical_temp.py with options:{'filename': 'data/AKLT3D_X10_scan_grid_critical_a3/a1_2.0784610_a2_1.0954451/Tc.json', 'log_filename': 'data/AKLT3D_X10_scan_grid_critical_a3/a1_2.0784610_a2_1.0954451/Tc.log', 'nLayers': 60, 'max_dim': 10, 'model': 'AKLT3D', 'params_min': "{'a1': 2.0784609690826525, 'a2': 1.0954451150103324, 'a3': 6.260990336999412}", 'params_max': "{'a1': 2.0784609690826525, 'a2': 1.0954451150103324, 'a3': 7.155417527999328}", 'params_ref': None, 'observable_name': 'magnetizationZ', 'tol': 0.0, 'gilt_enabled': False, 'gilt_eps': 8e-07, 'gilt_nIter': 1, 'mcf_enabled': True, 'mcf_eps': 1e-16, 'mcf_max_iter': 200, 'hotrg_sanity_check': False, 'version': 1, 'device': 'cuda:1'}
loading library...
evaluating model at params_min={'a1': 2.0784609690826525, 'a2': 1.0954451150103324, 'a3': 6.260990336999412}
params_min= {'a1': 2.0784609690826525, 'a2': 1.0954451150103324, 'a3': 6.260990336999412} logZ_min= nan obs_min= 1.513866183924713e-34
evaluating model at params_max={'a1': 2.0784609690826525, 'a2': 1.0954451150103324, 'a3': 7.155417527999328}
params_max= {'a1': 2.0784609690826525, 'a2': 1.0954451150103324, 'a3': 7.155417527999328} logZ_max= 3.936037260757835 obs_max= 8.940232521336785
searching for critical temperature using bisection method
evaluating model at params_new={'a1': 2.0784609690826525, 'a2': 1.0954451150103324, 'a3': 6.708203932499369}
params_min= {'a1': 2.0784609690826525, 'a2': 1.0954451150103324, 'a3': 6.260990336999412} logZ_min= nan obs_min= 1.513866183924713e-34
params_new= {'a1': 2.0784609690826525, 'a2': 1.0954451150103324, 'a3': 6.708203932499369} logZ_new= 3.802957287156431 obs_new= 8.826383299787162
params_max= {'a1': 2.0784609690826525, 'a2': 1.0954451150103324, 'a3': 7.155417527999328} logZ_max= 3.936037260757835 obs_max= 8.940232521336785
dist_min= tensor(6.8238) dist_max= tensor(6.2356)
params_min,params_max=params_min,params_new
evaluating model at params_new={'a1': 2.0784609690826525, 'a2': 1.0954451150103324, 'a3': 6.484597134749391}
params_min= {'a1': 2.0784609690826525, 'a2': 1.0954451150103324, 'a3': 6.260990336999412} logZ_min= nan obs_min= 1.513866183924713e-34
params_new= {'a1': 2.0784609690826525, 'a2': 1.0954451150103324, 'a3': 6.484597134749391} logZ_new= 3.732030049236883 obs_new= 8.713276183351041
params_max= {'a1': 2.0784609690826525, 'a2': 1.0954451150103324, 'a3': 6.708203932499369} logZ_max= 3.802957287156431 obs_max= 8.826383299787162
dist_min= tensor(4.8066) dist_max= tensor(3.8317)
params_min,params_max=params_min,params_new
evaluating model at params_new={'a1': 2.0784609690826525, 'a2': 1.0954451150103324, 'a3': 6.372793735874401}
params_min= {'a1': 2.0784609690826525, 'a2': 1.0954451150103324, 'a3': 6.260990336999412} logZ_min= nan obs_min= 1.513866183924713e-34
params_new= {'a1': 2.0784609690826525, 'a2': 1.0954451150103324, 'a3': 6.372793735874401} logZ_new= 3.6946044668371476 obs_new= 8.607070297662956
params_max= {'a1': 2.0784609690826525, 'a2': 1.0954451150103324, 'a3': 6.484597134749391} logZ_max= 3.732030049236883 obs_max= 8.713276183351041
dist_min= tensor(4.4884) dist_max= tensor(1.2693)
params_min,params_max=params_min,params_new
evaluating model at params_new={'a1': 2.0784609690826525, 'a2': 1.0954451150103324, 'a3': 6.316892036436906}
params_min= {'a1': 2.0784609690826525, 'a2': 1.0954451150103324, 'a3': 6.260990336999412} logZ_min= nan obs_min= 1.513866183924713e-34
params_new= {'a1': 2.0784609690826525, 'a2': 1.0954451150103324, 'a3': 6.316892036436906} logZ_new= 3.6892748274825666 obs_new= 1.5830131915829086e-32
params_max= {'a1': 2.0784609690826525, 'a2': 1.0954451150103324, 'a3': 6.372793735874401} logZ_max= 3.6946044668371476 obs_max= 8.607070297662956
dist_min= tensor(3.9094) dist_max= tensor(2.9066)
params_min,params_max=params_min,params_new
evaluating model at params_new={'a1': 2.0784609690826525, 'a2': 1.0954451150103324, 'a3': 6.288941186718159}
params_min= {'a1': 2.0784609690826525, 'a2': 1.0954451150103324, 'a3': 6.260990336999412} logZ_min= nan obs_min= 1.513866183924713e-34
params_new= {'a1': 2.0784609690826525, 'a2': 1.0954451150103324, 'a3': 6.288941186718159} logZ_new= nan obs_new= 8.076055577631063e-34
params_max= {'a1': 2.0784609690826525, 'a2': 1.0954451150103324, 'a3': 6.316892036436906} logZ_max= 3.6892748274825666 obs_max= 1.5830131915829086e-32
dist_min= tensor(2.9893) dist_max= tensor(1.3872)
params_min,params_max=params_min,params_new
evaluating model at params_new={'a1': 2.0784609690826525, 'a2': 1.0954451150103324, 'a3': 6.274965761858786}
params_min= {'a1': 2.0784609690826525, 'a2': 1.0954451150103324, 'a3': 6.260990336999412} logZ_min= nan obs_min= 1.513866183924713e-34
params_new= {'a1': 2.0784609690826525, 'a2': 1.0954451150103324, 'a3': 6.274965761858786} logZ_new= nan obs_new= 2.4306574006042887e-32
params_max= {'a1': 2.0784609690826525, 'a2': 1.0954451150103324, 'a3': 6.288941186718159} logZ_max= nan obs_max= 8.076055577631063e-34
dist_min= tensor(3.7119) dist_max= tensor(1.2619)
params_min,params_max=params_min,params_new
evaluating model at params_new={'a1': 2.0784609690826525, 'a2': 1.0954451150103324, 'a3': 6.267978049429098}
params_min= {'a1': 2.0784609690826525, 'a2': 1.0954451150103324, 'a3': 6.260990336999412} logZ_min= nan obs_min= 1.513866183924713e-34
params_new= {'a1': 2.0784609690826525, 'a2': 1.0954451150103324, 'a3': 6.267978049429098} logZ_new= nan obs_new= 6.151166827168851e-32
params_max= {'a1': 2.0784609690826525, 'a2': 1.0954451150103324, 'a3': 6.274965761858786} logZ_max= nan obs_max= 2.4306574006042887e-32
dist_min= tensor(2.5601) dist_max= tensor(1.4264)
params_min,params_max=params_min,params_new
evaluating model at params_new={'a1': 2.0784609690826525, 'a2': 1.0954451150103324, 'a3': 6.264484193214255}
params_min= {'a1': 2.0784609690826525, 'a2': 1.0954451150103324, 'a3': 6.260990336999412} logZ_min= nan obs_min= 1.513866183924713e-34
params_new= {'a1': 2.0784609690826525, 'a2': 1.0954451150103324, 'a3': 6.264484193214255} logZ_new= 3.6881556769415265 obs_new= 6.037829933674518e-33
params_max= {'a1': 2.0784609690826525, 'a2': 1.0954451150103324, 'a3': 6.267978049429098} logZ_max= nan obs_max= 6.151166827168851e-32
dist_min= tensor(3.9696) dist_max= tensor(1.6495)
params_min,params_max=params_min,params_new
evaluating model at params_new={'a1': 2.0784609690826525, 'a2': 1.0954451150103324, 'a3': 6.262737265106834}
params_min= {'a1': 2.0784609690826525, 'a2': 1.0954451150103324, 'a3': 6.260990336999412} logZ_min= nan obs_min= 1.513866183924713e-34
params_new= {'a1': 2.0784609690826525, 'a2': 1.0954451150103324, 'a3': 6.262737265106834} logZ_new= nan obs_new= 7.740402604156894e-35
params_max= {'a1': 2.0784609690826525, 'a2': 1.0954451150103324, 'a3': 6.264484193214255} logZ_max= 3.6881556769415265 obs_max= 6.037829933674518e-33
dist_min= tensor(2.4519) dist_max= tensor(1.8035)
params_min,params_max=params_min,params_new
evaluating model at params_new={'a1': 2.0784609690826525, 'a2': 1.0954451150103324, 'a3': 6.2618638010531225}
params_min= {'a1': 2.0784609690826525, 'a2': 1.0954451150103324, 'a3': 6.260990336999412} logZ_min= nan obs_min= 1.513866183924713e-34
params_new= {'a1': 2.0784609690826525, 'a2': 1.0954451150103324, 'a3': 6.2618638010531225} logZ_new= 3.688096810292351 obs_new= 5.041929665180534e-33
params_max= {'a1': 2.0784609690826525, 'a2': 1.0954451150103324, 'a3': 6.262737265106834} logZ_max= nan obs_max= 7.740402604156894e-35
dist_min= tensor(3.7241) dist_max= tensor(1.8539)
params_min,params_max=params_min,params_new
evaluating model at params_new={'a1': 2.0784609690826525, 'a2': 1.0954451150103324, 'a3': 6.261427069026267}
params_min= {'a1': 2.0784609690826525, 'a2': 1.0954451150103324, 'a3': 6.260990336999412} logZ_min= nan obs_min= 1.513866183924713e-34
params_new= {'a1': 2.0784609690826525, 'a2': 1.0954451150103324, 'a3': 6.261427069026267} logZ_new= 3.6880855941674753 obs_new= 1.8389129719559124e-32
params_max= {'a1': 2.0784609690826525, 'a2': 1.0954451150103324, 'a3': 6.2618638010531225} logZ_max= 3.688096810292351 obs_max= 5.041929665180534e-33
dist_min= tensor(4.0007) dist_max= tensor(1.6819)
params_min,params_max=params_min,params_new
evaluating model at params_new={'a1': 2.0784609690826525, 'a2': 1.0954451150103324, 'a3': 6.261208703012839}
params_min= {'a1': 2.0784609690826525, 'a2': 1.0954451150103324, 'a3': 6.260990336999412} logZ_min= nan obs_min= 1.513866183924713e-34
params_new= {'a1': 2.0784609690826525, 'a2': 1.0954451150103324, 'a3': 6.261208703012839} logZ_new= nan obs_new= 1.2036233048552842e-31
params_max= {'a1': 2.0784609690826525, 'a2': 1.0954451150103324, 'a3': 6.261427069026267} logZ_max= 3.6880855941674753 obs_max= 1.8389129719559124e-32
dist_min= tensor(22.6497) dist_max= tensor(26.4612)
params_min,params_max=params_new,params_max
evaluating model at params_new={'a1': 2.0784609690826525, 'a2': 1.0954451150103324, 'a3': 6.261317886019553}
params_min= {'a1': 2.0784609690826525, 'a2': 1.0954451150103324, 'a3': 6.261208703012839} logZ_min= nan obs_min= 1.2036233048552842e-31
params_new= {'a1': 2.0784609690826525, 'a2': 1.0954451150103324, 'a3': 6.261317886019553} logZ_new= 3.688086649630925 obs_new= 2.779885792207637e-35
params_max= {'a1': 2.0784609690826525, 'a2': 1.0954451150103324, 'a3': 6.261427069026267} logZ_max= 3.6880855941674753 obs_max= 1.8389129719559124e-32
dist_min= tensor(26.6842) dist_max= tensor(1.5719)
params_min,params_max=params_min,params_new
evaluating model at params_new={'a1': 2.0784609690826525, 'a2': 1.0954451150103324, 'a3': 6.261263294516196}
params_min= {'a1': 2.0784609690826525, 'a2': 1.0954451150103324, 'a3': 6.261208703012839} logZ_min= nan obs_min= 1.2036233048552842e-31
params_new= {'a1': 2.0784609690826525, 'a2': 1.0954451150103324, 'a3': 6.261263294516196} logZ_new= nan obs_new= 2.1095474545953763e-33
params_max= {'a1': 2.0784609690826525, 'a2': 1.0954451150103324, 'a3': 6.261317886019553} logZ_max= 3.688086649630925 obs_max= 2.779885792207637e-35
dist_min= tensor(25.0394) dist_max= tensor(1.8638)
params_min,params_max=params_min,params_new
evaluating model at params_new={'a1': 2.0784609690826525, 'a2': 1.0954451150103324, 'a3': 6.261235998764517}
params_min= {'a1': 2.0784609690826525, 'a2': 1.0954451150103324, 'a3': 6.261208703012839} logZ_min= nan obs_min= 1.2036233048552842e-31
params_new= {'a1': 2.0784609690826525, 'a2': 1.0954451150103324, 'a3': 6.261235998764517} logZ_new= nan obs_new= 1.1491314831768035e-32
params_max= {'a1': 2.0784609690826525, 'a2': 1.0954451150103324, 'a3': 6.261263294516196} logZ_max= nan obs_max= 2.1095474545953763e-33
dist_min= tensor(24.7651) dist_max= tensor(0.3407)
params_min,params_max=params_min,params_new
evaluating model at params_new={'a1': 2.0784609690826525, 'a2': 1.0954451150103324, 'a3': 6.261222350888678}
params_min= {'a1': 2.0784609690826525, 'a2': 1.0954451150103324, 'a3': 6.261208703012839} logZ_min= nan obs_min= 1.2036233048552842e-31
params_new= {'a1': 2.0784609690826525, 'a2': 1.0954451150103324, 'a3': 6.261222350888678} logZ_new= 3.6880803135519065 obs_new= 4.284217228767742e-32
params_max= {'a1': 2.0784609690826525, 'a2': 1.0954451150103324, 'a3': 6.261235998764517} logZ_max= nan obs_max= 1.1491314831768035e-32
dist_min= tensor(62.4741) dist_max= tensor(58.2270)
params_min,params_max=params_min,params_new
evaluating model at params_new={'a1': 2.0784609690826525, 'a2': 1.0954451150103324, 'a3': 6.261215526950759}
params_min= {'a1': 2.0784609690826525, 'a2': 1.0954451150103324, 'a3': 6.261208703012839} logZ_min= nan obs_min= 1.2036233048552842e-31
params_new= {'a1': 2.0784609690826525, 'a2': 1.0954451150103324, 'a3': 6.261215526950759} logZ_new= 3.6880211779772853 obs_new= 5.958255249933811e-32
params_max= {'a1': 2.0784609690826525, 'a2': 1.0954451150103324, 'a3': 6.261222350888678} logZ_max= 3.6880803135519065 obs_max= 4.284217228767742e-32
dist_min= tensor(26.6431) dist_max= tensor(57.7382)
params_min,params_max=params_new,params_max
evaluating model at params_new={'a1': 2.0784609690826525, 'a2': 1.0954451150103324, 'a3': 6.261218938919718}
params_min= {'a1': 2.0784609690826525, 'a2': 1.0954451150103324, 'a3': 6.261215526950759} logZ_min= 3.6880211779772853 obs_min= 5.958255249933811e-32
params_new= {'a1': 2.0784609690826525, 'a2': 1.0954451150103324, 'a3': 6.261218938919718} logZ_new= nan obs_new= 2.2125006895118205e-36
params_max= {'a1': 2.0784609690826525, 'a2': 1.0954451150103324, 'a3': 6.261222350888678} logZ_max= 3.6880803135519065 obs_max= 4.284217228767742e-32
dist_min= tensor(6.2418) dist_max= tensor(52.4424)
params_min,params_max=params_new,params_max
evaluating model at params_new={'a1': 2.0784609690826525, 'a2': 1.0954451150103324, 'a3': 6.261220644904198}
params_min= {'a1': 2.0784609690826525, 'a2': 1.0954451150103324, 'a3': 6.261218938919718} logZ_min= nan obs_min= 2.2125006895118205e-36
params_new= {'a1': 2.0784609690826525, 'a2': 1.0954451150103324, 'a3': 6.261220644904198} logZ_new= nan obs_new= 1.6381134433999254e-32
params_max= {'a1': 2.0784609690826525, 'a2': 1.0954451150103324, 'a3': 6.261222350888678} logZ_max= 3.6880803135519065 obs_max= 4.284217228767742e-32
dist_min= tensor(642.9553) dist_max= tensor(646.2247)
params_min,params_max=params_new,params_max
evaluating model at params_new={'a1': 2.0784609690826525, 'a2': 1.0954451150103324, 'a3': 6.261221497896438}
params_min= {'a1': 2.0784609690826525, 'a2': 1.0954451150103324, 'a3': 6.261220644904198} logZ_min= nan obs_min= 1.6381134433999254e-32
params_new= {'a1': 2.0784609690826525, 'a2': 1.0954451150103324, 'a3': 6.261221497896438} logZ_new= nan obs_new= 5.567055778921605e-34
params_max= {'a1': 2.0784609690826525, 'a2': 1.0954451150103324, 'a3': 6.261222350888678} logZ_max= 3.6880803135519065 obs_max= 4.284217228767742e-32
dist_min= tensor(642.1813) dist_max= tensor(58.2087)
params_min,params_max=params_min,params_new
evaluating model at params_new={'a1': 2.0784609690826525, 'a2': 1.0954451150103324, 'a3': 6.261221071400318}
params_min= {'a1': 2.0784609690826525, 'a2': 1.0954451150103324, 'a3': 6.261220644904198} logZ_min= nan obs_min= 1.6381134433999254e-32
params_new= {'a1': 2.0784609690826525, 'a2': 1.0954451150103324, 'a3': 6.261221071400318} logZ_new= 3.688083590352365 obs_new= 1.0787456345182917e-30
params_max= {'a1': 2.0784609690826525, 'a2': 1.0954451150103324, 'a3': 6.261221497896438} logZ_max= nan obs_max= 5.567055778921605e-34
dist_min= tensor(643.3239) dist_max= tensor(1.7685)
params_min,params_max=params_min,params_new
evaluating model at params_new={'a1': 2.0784609690826525, 'a2': 1.0954451150103324, 'a3': 6.261220858152258}
params_min= {'a1': 2.0784609690826525, 'a2': 1.0954451150103324, 'a3': 6.261220644904198} logZ_min= nan obs_min= 1.6381134433999254e-32
params_new= {'a1': 2.0784609690826525, 'a2': 1.0954451150103324, 'a3': 6.261220858152258} logZ_new= 3.6880809284818143 obs_new= 4.739657921512541e-32
params_max= {'a1': 2.0784609690826525, 'a2': 1.0954451150103324, 'a3': 6.261221071400318} logZ_max= 3.688083590352365 obs_max= 1.0787456345182917e-30
dist_min= tensor(642.9858) dist_max= tensor(2.0311)
params_min,params_max=params_min,params_new
evaluating model at params_new={'a1': 2.0784609690826525, 'a2': 1.0954451150103324, 'a3': 6.261220751528228}
params_min= {'a1': 2.0784609690826525, 'a2': 1.0954451150103324, 'a3': 6.261220644904198} logZ_min= nan obs_min= 1.6381134433999254e-32
params_new= {'a1': 2.0784609690826525, 'a2': 1.0954451150103324, 'a3': 6.261220751528228} logZ_new= nan obs_new= 3.1467502455586613e-34
params_max= {'a1': 2.0784609690826525, 'a2': 1.0954451150103324, 'a3': 6.261220858152258} logZ_max= 3.6880809284818143 obs_max= 4.739657921512541e-32
dist_min= tensor(642.1616) dist_max= tensor(1.4934)
params_min,params_max=params_min,params_new
evaluating model at params_new={'a1': 2.0784609690826525, 'a2': 1.0954451150103324, 'a3': 6.2612206982162135}
params_min= {'a1': 2.0784609690826525, 'a2': 1.0954451150103324, 'a3': 6.261220644904198} logZ_min= nan obs_min= 1.6381134433999254e-32
params_new= {'a1': 2.0784609690826525, 'a2': 1.0954451150103324, 'a3': 6.2612206982162135} logZ_new= 3.6880187653586596 obs_new= 8.751405906775701e-34
params_max= {'a1': 2.0784609690826525, 'a2': 1.0954451150103324, 'a3': 6.261220751528228} logZ_max= nan obs_max= 3.1467502455586613e-34
dist_min= tensor(642.9856) dist_max= tensor(1.3844)
params_min,params_max=params_min,params_new
evaluating model at params_new={'a1': 2.0784609690826525, 'a2': 1.0954451150103324, 'a3': 6.261220671560206}
params_min= {'a1': 2.0784609690826525, 'a2': 1.0954451150103324, 'a3': 6.261220644904198} logZ_min= nan obs_min= 1.6381134433999254e-32
params_new= {'a1': 2.0784609690826525, 'a2': 1.0954451150103324, 'a3': 6.261220671560206} logZ_new= 3.6880594241076254 obs_new= 5.853365096326698e-36
params_max= {'a1': 2.0784609690826525, 'a2': 1.0954451150103324, 'a3': 6.2612206982162135} logZ_max= 3.6880187653586596 obs_max= 8.751405906775701e-34
dist_min= tensor(643.5051) dist_max= tensor(1.4075)
params_min,params_max=params_min,params_new
evaluating model at params_new={'a1': 2.0784609690826525, 'a2': 1.0954451150103324, 'a3': 6.261220658232203}
params_min= {'a1': 2.0784609690826525, 'a2': 1.0954451150103324, 'a3': 6.261220644904198} logZ_min= nan obs_min= 1.6381134433999254e-32
params_new= {'a1': 2.0784609690826525, 'a2': 1.0954451150103324, 'a3': 6.261220658232203} logZ_new= 3.6880854952556703 obs_new= 9.603730519479073e-34
params_max= {'a1': 2.0784609690826525, 'a2': 1.0954451150103324, 'a3': 6.261220671560206} logZ_max= 3.6880594241076254 obs_max= 5.853365096326698e-36
dist_min= tensor(643.5151) dist_max= tensor(13.1473)
params_min,params_max=params_min,params_new
evaluating model at params_new={'a1': 2.0784609690826525, 'a2': 1.0954451150103324, 'a3': 6.2612206515682}
params_min= {'a1': 2.0784609690826525, 'a2': 1.0954451150103324, 'a3': 6.261220644904198} logZ_min= nan obs_min= 1.6381134433999254e-32
params_new= {'a1': 2.0784609690826525, 'a2': 1.0954451150103324, 'a3': 6.2612206515682} logZ_new= nan obs_new= 7.343916677503523e-33
params_max= {'a1': 2.0784609690826525, 'a2': 1.0954451150103324, 'a3': 6.261220658232203} logZ_max= 3.6880854952556703 obs_max= 9.603730519479073e-34
dist_min= tensor(637.4037) dist_max= tensor(14.3831)
params_min,params_max=params_min,params_new
evaluating model at params_new={'a1': 2.0784609690826525, 'a2': 1.0954451150103324, 'a3': 6.261220648236199}
params_min= {'a1': 2.0784609690826525, 'a2': 1.0954451150103324, 'a3': 6.261220644904198} logZ_min= nan obs_min= 1.6381134433999254e-32
params_new= {'a1': 2.0784609690826525, 'a2': 1.0954451150103324, 'a3': 6.261220648236199} logZ_new= 3.6880845135682248 obs_new= 2.874617602338323e-32
params_max= {'a1': 2.0784609690826525, 'a2': 1.0954451150103324, 'a3': 6.2612206515682} logZ_max= nan obs_max= 7.343916677503523e-33
dist_min= tensor(644.5404) dist_max= tensor(35.8891)
params_min,params_max=params_min,params_new
evaluating model at params_new={'a1': 2.0784609690826525, 'a2': 1.0954451150103324, 'a3': 6.261220646570198}
params_min= {'a1': 2.0784609690826525, 'a2': 1.0954451150103324, 'a3': 6.261220644904198} logZ_min= nan obs_min= 1.6381134433999254e-32
params_new= {'a1': 2.0784609690826525, 'a2': 1.0954451150103324, 'a3': 6.261220646570198} logZ_new= 3.6880693263569637 obs_new= 1.1997881081987378e-32
params_max= {'a1': 2.0784609690826525, 'a2': 1.0954451150103324, 'a3': 6.261220648236199} logZ_max= 3.6880845135682248 obs_max= 2.874617602338323e-32
dist_min= tensor(661.2211) dist_max= tensor(155.8658)
params_min,params_max=params_min,params_new
evaluating model at params_new={'a1': 2.0784609690826525, 'a2': 1.0954451150103324, 'a3': 6.261220645737199}
params_min= {'a1': 2.0784609690826525, 'a2': 1.0954451150103324, 'a3': 6.261220644904198} logZ_min= nan obs_min= 1.6381134433999254e-32
params_new= {'a1': 2.0784609690826525, 'a2': 1.0954451150103324, 'a3': 6.261220645737199} logZ_new= 3.6880855320127086 obs_new= 1.6783589150779758e-33
params_max= {'a1': 2.0784609690826525, 'a2': 1.0954451150103324, 'a3': 6.261220646570198} logZ_max= 3.6880693263569637 obs_max= 1.1997881081987378e-32
dist_min= tensor(643.6263) dist_max= tensor(152.0049)
params_min,params_max=params_min,params_new
evaluating model at params_new={'a1': 2.0784609690826525, 'a2': 1.0954451150103324, 'a3': 6.261220645320698}
params_min= {'a1': 2.0784609690826525, 'a2': 1.0954451150103324, 'a3': 6.261220644904198} logZ_min= nan obs_min= 1.6381134433999254e-32
params_new= {'a1': 2.0784609690826525, 'a2': 1.0954451150103324, 'a3': 6.261220645320698} logZ_new= nan obs_new= 1.2110289100853575e-33
params_max= {'a1': 2.0784609690826525, 'a2': 1.0954451150103324, 'a3': 6.261220645737199} logZ_max= 3.6880855320127086 obs_max= 1.6783589150779758e-33
dist_min= tensor(631.5986) dist_max= tensor(12.0587)
params_min,params_max=params_min,params_new
evaluating model at params_new={'a1': 2.0784609690826525, 'a2': 1.0954451150103324, 'a3': 6.261220645112449}
params_min= {'a1': 2.0784609690826525, 'a2': 1.0954451150103324, 'a3': 6.261220644904198} logZ_min= nan obs_min= 1.6381134433999254e-32
params_new= {'a1': 2.0784609690826525, 'a2': 1.0954451150103324, 'a3': 6.261220645112449} logZ_new= nan obs_new= 2.732452636439636e-32
params_max= {'a1': 2.0784609690826525, 'a2': 1.0954451150103324, 'a3': 6.261220645320698} logZ_max= nan obs_max= 1.2110289100853575e-33
dist_min= tensor(643.4932) dist_max= tensor(11.9015)
params_min,params_max=params_min,params_new
evaluating model at params_new={'a1': 2.0784609690826525, 'a2': 1.0954451150103324, 'a3': 6.261220645008324}
params_min= {'a1': 2.0784609690826525, 'a2': 1.0954451150103324, 'a3': 6.261220644904198} logZ_min= nan obs_min= 1.6381134433999254e-32
params_new= {'a1': 2.0784609690826525, 'a2': 1.0954451150103324, 'a3': 6.261220645008324} logZ_new= 3.6880835162275716 obs_new= 1.1640989875870953e-32
params_max= {'a1': 2.0784609690826525, 'a2': 1.0954451150103324, 'a3': 6.261220645112449} logZ_max= nan obs_max= 2.732452636439636e-32
dist_min= tensor(643.6054) dist_max= tensor(0.4048)
params_min,params_max=params_min,params_new
evaluating model at params_new={'a1': 2.0784609690826525, 'a2': 1.0954451150103324, 'a3': 6.261220644956261}
params_min= {'a1': 2.0784609690826525, 'a2': 1.0954451150103324, 'a3': 6.261220644904198} logZ_min= nan obs_min= 1.6381134433999254e-32
params_new= {'a1': 2.0784609690826525, 'a2': 1.0954451150103324, 'a3': 6.261220644956261} logZ_new= 3.688082443308606 obs_new= 1.9638324406894165e-33
params_max= {'a1': 2.0784609690826525, 'a2': 1.0954451150103324, 'a3': 6.261220645008324} logZ_max= 3.6880835162275716 obs_max= 1.1640989875870953e-32
dist_min= tensor(643.6194) dist_max= tensor(0.0325)
params_min,params_max=params_min,params_new
evaluating model at params_new={'a1': 2.0784609690826525, 'a2': 1.0954451150103324, 'a3': 6.26122064493023}
params_min= {'a1': 2.0784609690826525, 'a2': 1.0954451150103324, 'a3': 6.261220644904198} logZ_min= nan obs_min= 1.6381134433999254e-32
params_new= {'a1': 2.0784609690826525, 'a2': 1.0954451150103324, 'a3': 6.26122064493023} logZ_new= 3.6880808081342087 obs_new= 1.0983354260930468e-32
params_max= {'a1': 2.0784609690826525, 'a2': 1.0954451150103324, 'a3': 6.261220644956261} logZ_max= 3.688082443308606 obs_max= 1.9638324406894165e-33
dist_min= tensor(2564.8121) dist_max= tensor(2483.0749)
params_min,params_max=params_min,params_new
evaluating model at params_new={'a1': 2.0784609690826525, 'a2': 1.0954451150103324, 'a3': 6.2612206449172145}
params_min= {'a1': 2.0784609690826525, 'a2': 1.0954451150103324, 'a3': 6.261220644904198} logZ_min= nan obs_min= 1.6381134433999254e-32
params_new= {'a1': 2.0784609690826525, 'a2': 1.0954451150103324, 'a3': 6.2612206449172145} logZ_new= nan obs_new= 1.2604160997653569e-33
params_max= {'a1': 2.0784609690826525, 'a2': 1.0954451150103324, 'a3': 6.26122064493023} logZ_max= 3.6880808081342087 obs_max= 1.0983354260930468e-32
dist_min= tensor(21490.2870) dist_max= tensor(22272.7235)
params_min,params_max=params_new,params_max
evaluating model at params_new={'a1': 2.0784609690826525, 'a2': 1.0954451150103324, 'a3': 6.261220644923722}
params_min= {'a1': 2.0784609690826525, 'a2': 1.0954451150103324, 'a3': 6.2612206449172145} logZ_min= nan obs_min= 1.2604160997653569e-33
params_new= {'a1': 2.0784609690826525, 'a2': 1.0954451150103324, 'a3': 6.261220644923722} logZ_new= 3.6880554287590015 obs_new= 5.196910164184511e-34
params_max= {'a1': 2.0784609690826525, 'a2': 1.0954451150103324, 'a3': 6.26122064493023} logZ_max= 3.6880808081342087 obs_max= 1.0983354260930468e-32
dist_min= tensor(22133.9178) dist_max= tensor(2483.0777)
params_min,params_max=params_min,params_new
evaluating model at params_new={'a1': 2.0784609690826525, 'a2': 1.0954451150103324, 'a3': 6.261220644920469}
params_min= {'a1': 2.0784609690826525, 'a2': 1.0954451150103324, 'a3': 6.2612206449172145} logZ_min= nan obs_min= 1.2604160997653569e-33
params_new= {'a1': 2.0784609690826525, 'a2': 1.0954451150103324, 'a3': 6.261220644920469} logZ_new= nan obs_new= 2.234587868152058e-34
params_max= {'a1': 2.0784609690826525, 'a2': 1.0954451150103324, 'a3': 6.261220644923722} logZ_max= 3.6880554287590015 obs_max= 5.196910164184511e-34
dist_min= tensor(22133.5590) dist_max= tensor(0.3643)
params_min,params_max=params_min,params_new
evaluating model at params_new={'a1': 2.0784609690826525, 'a2': 1.0954451150103324, 'a3': 6.261220644918842}
params_min= {'a1': 2.0784609690826525, 'a2': 1.0954451150103324, 'a3': 6.2612206449172145} logZ_min= nan obs_min= 1.2604160997653569e-33
params_new= {'a1': 2.0784609690826525, 'a2': 1.0954451150103324, 'a3': 6.261220644918842} logZ_new= 3.6880809766884233 obs_new= 3.439853139242998e-32
params_max= {'a1': 2.0784609690826525, 'a2': 1.0954451150103324, 'a3': 6.261220644920469} logZ_max= nan obs_max= 2.234587868152058e-34
dist_min= tensor(22133.2713) dist_max= tensor(1.0932)
params_min,params_max=params_min,params_new
evaluating model at params_new={'a1': 2.0784609690826525, 'a2': 1.0954451150103324, 'a3': 6.261220644918028}
params_min= {'a1': 2.0784609690826525, 'a2': 1.0954451150103324, 'a3': 6.2612206449172145} logZ_min= nan obs_min= 1.2604160997653569e-33
params_new= {'a1': 2.0784609690826525, 'a2': 1.0954451150103324, 'a3': 6.261220644918028} logZ_new= 3.6880258109626745 obs_new= 9.404531634642491e-32
params_max= {'a1': 2.0784609690826525, 'a2': 1.0954451150103324, 'a3': 6.261220644918842} logZ_max= 3.6880809766884233 obs_max= 3.439853139242998e-32
dist_min= tensor(22133.2713) dist_max= tensor(0.1688)
params_min,params_max=params_min,params_new
evaluating model at params_new={'a1': 2.0784609690826525, 'a2': 1.0954451150103324, 'a3': 6.261220644917621}
params_min= {'a1': 2.0784609690826525, 'a2': 1.0954451150103324, 'a3': 6.2612206449172145} logZ_min= nan obs_min= 1.2604160997653569e-33
params_new= {'a1': 2.0784609690826525, 'a2': 1.0954451150103324, 'a3': 6.261220644917621} logZ_new= 3.6880819535348897 obs_new= 9.873112204567531e-34
params_max= {'a1': 2.0784609690826525, 'a2': 1.0954451150103324, 'a3': 6.261220644918028} logZ_max= 3.6880258109626745 obs_max= 9.404531634642491e-32
dist_min= tensor(22133.2713) dist_max= tensor(0.0968)
params_min,params_max=params_min,params_new
evaluating model at params_new={'a1': 2.0784609690826525, 'a2': 1.0954451150103324, 'a3': 6.261220644917418}
params_min= {'a1': 2.0784609690826525, 'a2': 1.0954451150103324, 'a3': 6.2612206449172145} logZ_min= nan obs_min= 1.2604160997653569e-33
params_new= {'a1': 2.0784609690826525, 'a2': 1.0954451150103324, 'a3': 6.261220644917418} logZ_new= 3.688081595063783 obs_new= 3.608852546118095e-33
params_max= {'a1': 2.0784609690826525, 'a2': 1.0954451150103324, 'a3': 6.261220644917621} logZ_max= 3.6880819535348897 obs_max= 9.873112204567531e-34
dist_min= tensor(22133.2713) dist_max= tensor(0.2226)
params_min,params_max=params_min,params_new
evaluating model at params_new={'a1': 2.0784609690826525, 'a2': 1.0954451150103324, 'a3': 6.261220644917316}
params_min= {'a1': 2.0784609690826525, 'a2': 1.0954451150103324, 'a3': 6.2612206449172145} logZ_min= nan obs_min= 1.2604160997653569e-33
params_new= {'a1': 2.0784609690826525, 'a2': 1.0954451150103324, 'a3': 6.261220644917316} logZ_new= 3.688041547114266 obs_new= 1.6004649165616863e-31
params_max= {'a1': 2.0784609690826525, 'a2': 1.0954451150103324, 'a3': 6.261220644917418} logZ_max= 3.688081595063783 obs_max= 3.608852546118095e-33
dist_min= tensor(22133.2713) dist_max= tensor(0.3381)
params_min,params_max=params_min,params_new
evaluating model at params_new={'a1': 2.0784609690826525, 'a2': 1.0954451150103324, 'a3': 6.261220644917265}
params_min= {'a1': 2.0784609690826525, 'a2': 1.0954451150103324, 'a3': 6.2612206449172145} logZ_min= nan obs_min= 1.2604160997653569e-33
params_new= {'a1': 2.0784609690826525, 'a2': 1.0954451150103324, 'a3': 6.261220644917265} logZ_new= 3.6880821789511318 obs_new= 4.131129077397959e-32
params_max= {'a1': 2.0784609690826525, 'a2': 1.0954451150103324, 'a3': 6.261220644917316} logZ_max= 3.688041547114266 obs_max= 1.6004649165616863e-31
dist_min= tensor(22133.2713) dist_max= tensor(0.3738)
params_min,params_max=params_min,params_new
evaluating model at params_new={'a1': 2.0784609690826525, 'a2': 1.0954451150103324, 'a3': 6.261220644917239}
params_min= {'a1': 2.0784609690826525, 'a2': 1.0954451150103324, 'a3': 6.2612206449172145} logZ_min= nan obs_min= 1.2604160997653569e-33
params_new= {'a1': 2.0784609690826525, 'a2': 1.0954451150103324, 'a3': 6.261220644917239} logZ_new= nan obs_new= 1.9616974581821068e-36
params_max= {'a1': 2.0784609690826525, 'a2': 1.0954451150103324, 'a3': 6.261220644917265} logZ_max= 3.6880821789511318 obs_max= 4.131129077397959e-32
dist_min= tensor(22069.1319) dist_max= tensor(64.1467)
params_min,params_max=params_min,params_new
evaluating model at params_new={'a1': 2.0784609690826525, 'a2': 1.0954451150103324, 'a3': 6.261220644917227}
params_min= {'a1': 2.0784609690826525, 'a2': 1.0954451150103324, 'a3': 6.2612206449172145} logZ_min= nan obs_min= 1.2604160997653569e-33
params_new= {'a1': 2.0784609690826525, 'a2': 1.0954451150103324, 'a3': 6.261220644917227} logZ_new= nan obs_new= 4.8794433731294944e-32
params_max= {'a1': 2.0784609690826525, 'a2': 1.0954451150103324, 'a3': 6.261220644917239} logZ_max= nan obs_max= 1.9616974581821068e-36
dist_min= tensor(22133.4721) dist_max= tensor(64.3413)
params_min,params_max=params_min,params_new
evaluating model at params_new={'a1': 2.0784609690826525, 'a2': 1.0954451150103324, 'a3': 6.261220644917221}
params_min= {'a1': 2.0784609690826525, 'a2': 1.0954451150103324, 'a3': 6.2612206449172145} logZ_min= nan obs_min= 1.2604160997653569e-33
params_new= {'a1': 2.0784609690826525, 'a2': 1.0954451150103324, 'a3': 6.261220644917221} logZ_new= nan obs_new= -7.897399064409078e-35
params_max= {'a1': 2.0784609690826525, 'a2': 1.0954451150103324, 'a3': 6.261220644917227} logZ_max= nan obs_max= 4.8794433731294944e-32
dist_min= tensor(22133.2038) dist_max= tensor(0.2873)
params_min,params_max=params_min,params_new
evaluating model at params_new={'a1': 2.0784609690826525, 'a2': 1.0954451150103324, 'a3': 6.261220644917218}
params_min= {'a1': 2.0784609690826525, 'a2': 1.0954451150103324, 'a3': 6.2612206449172145} logZ_min= nan obs_min= 1.2604160997653569e-33
params_new= {'a1': 2.0784609690826525, 'a2': 1.0954451150103324, 'a3': 6.261220644917218} logZ_new= 3.688077367302737 obs_new= 2.69823410348246e-33
params_max= {'a1': 2.0784609690826525, 'a2': 1.0954451150103324, 'a3': 6.261220644917221} logZ_max= nan obs_max= -7.897399064409078e-35
dist_min= tensor(22133.9120) dist_max= tensor(0.7174)
params_min,params_max=params_min,params_new
evaluating model at params_new={'a1': 2.0784609690826525, 'a2': 1.0954451150103324, 'a3': 6.261220644917216}
params_min= {'a1': 2.0784609690826525, 'a2': 1.0954451150103324, 'a3': 6.2612206449172145} logZ_min= nan obs_min= 1.2604160997653569e-33
params_new= {'a1': 2.0784609690826525, 'a2': 1.0954451150103324, 'a3': 6.261220644917216} logZ_new= 3.6880846766577706 obs_new= 2.041423085425182e-32
params_max= {'a1': 2.0784609690826525, 'a2': 1.0954451150103324, 'a3': 6.261220644917218} logZ_max= 3.688077367302737 obs_max= 2.69823410348246e-33
dist_min= tensor(22133.2714) dist_max= tensor(1.4559)
params_min,params_max=params_min,params_new
evaluating model at params_new={'a1': 2.0784609690826525, 'a2': 1.0954451150103324, 'a3': 6.261220644917215}
params_min= {'a1': 2.0784609690826525, 'a2': 1.0954451150103324, 'a3': 6.2612206449172145} logZ_min= nan obs_min= 1.2604160997653569e-33
params_new= {'a1': 2.0784609690826525, 'a2': 1.0954451150103324, 'a3': 6.261220644917215} logZ_new= nan obs_new= 1.0915438138544964e-32
params_max= {'a1': 2.0784609690826525, 'a2': 1.0954451150103324, 'a3': 6.261220644917216} logZ_max= 3.6880846766577706 obs_max= 2.041423085425182e-32
dist_min= tensor(22130.5017) dist_max= tensor(3.0409)
params_min,params_max=params_min,params_new
critical params found:  {'a1': 2.0784609690826525, 'a2': 1.0954451150103324, 'a3': 6.2612206449172145}
reference params:  {'a1': 1.1547005383792515, 'a2': 1.8257418583505538, 'a3': 4.47213595499958}
file saved to  data/AKLT3D_X10_scan_grid_critical_a3/a1_2.0784610_a2_1.0954451/Tc.json
