Start running find_critical_temp.py with options:{'filename': 'data/AKLT3D_X10_scan_grid_critical_a3/a1_1.1547005_a2_1.4605935/Tc.json', 'log_filename': 'data/AKLT3D_X10_scan_grid_critical_a3/a1_1.1547005_a2_1.4605935/Tc.log', 'nLayers': 60, 'max_dim': 10, 'model': 'AKLT3D', 'params_min': "{'a1': 1.1547005383792517, 'a2': 1.460593486680443, 'a3': 3.577708763999664}", 'params_max': "{'a1': 1.1547005383792517, 'a2': 1.460593486680443, 'a3': 4.47213595499958}", 'params_ref': None, 'observable_name': 'magnetizationZ', 'tol': 0.0, 'gilt_enabled': False, 'gilt_eps': 8e-07, 'gilt_nIter': 1, 'mcf_enabled': True, 'mcf_eps': 1e-16, 'mcf_max_iter': 200, 'hotrg_sanity_check': False, 'version': 1, 'device': 'cuda:1'}
loading library...
evaluating model at params_min={'a1': 1.1547005383792517, 'a2': 1.460593486680443, 'a3': 3.577708763999664}
params_min= {'a1': 1.1547005383792517, 'a2': 1.460593486680443, 'a3': 3.577708763999664} logZ_min= nan obs_min= 1.9911801917260337e-35
evaluating model at params_max={'a1': 1.1547005383792517, 'a2': 1.460593486680443, 'a3': 4.47213595499958}
params_max= {'a1': 1.1547005383792517, 'a2': 1.460593486680443, 'a3': 4.47213595499958} logZ_max= 3.039163128133747 obs_max= 7.65945290211676
searching for critical temperature using bisection method
evaluating model at params_new={'a1': 1.1547005383792517, 'a2': 1.460593486680443, 'a3': 4.024922359499621}
params_min= {'a1': 1.1547005383792517, 'a2': 1.460593486680443, 'a3': 3.577708763999664} logZ_min= nan obs_min= 1.9911801917260337e-35
params_new= {'a1': 1.1547005383792517, 'a2': 1.460593486680443, 'a3': 4.024922359499621} logZ_new= 2.9853854626067076 obs_new= 8.116654226807737e-33
params_max= {'a1': 1.1547005383792517, 'a2': 1.460593486680443, 'a3': 4.47213595499958} logZ_max= 3.039163128133747 obs_max= 7.65945290211676
dist_min= tensor(15304.2779) dist_max= tensor(4.7941)
params_min,params_max=params_min,params_new
evaluating model at params_new={'a1': 1.1547005383792517, 'a2': 1.460593486680443, 'a3': 3.8013155617496426}
params_min= {'a1': 1.1547005383792517, 'a2': 1.460593486680443, 'a3': 3.577708763999664} logZ_min= nan obs_min= 1.9911801917260337e-35
params_new= {'a1': 1.1547005383792517, 'a2': 1.460593486680443, 'a3': 3.8013155617496426} logZ_new= 2.981327949484824 obs_new= 1.1039379497860578e-31
params_max= {'a1': 1.1547005383792517, 'a2': 1.460593486680443, 'a3': 4.024922359499621} logZ_max= 2.9853854626067076 obs_max= 8.116654226807737e-33
dist_min= tensor(15298.7126) dist_max= tensor(10.6065)
params_min,params_max=params_min,params_new
evaluating model at params_new={'a1': 1.1547005383792517, 'a2': 1.460593486680443, 'a3': 3.689512162874653}
params_min= {'a1': 1.1547005383792517, 'a2': 1.460593486680443, 'a3': 3.577708763999664} logZ_min= nan obs_min= 1.9911801917260337e-35
params_new= {'a1': 1.1547005383792517, 'a2': 1.460593486680443, 'a3': 3.689512162874653} logZ_new= 2.9796202827646434 obs_new= 8.016037121776887e-32
params_max= {'a1': 1.1547005383792517, 'a2': 1.460593486680443, 'a3': 3.8013155617496426} logZ_max= 2.981327949484824 obs_max= 1.1039379497860578e-31
dist_min= tensor(13042.5222) dist_max= tensor(2256.2680)
params_min,params_max=params_min,params_new
evaluating model at params_new={'a1': 1.1547005383792517, 'a2': 1.460593486680443, 'a3': 3.6336104634371584}
params_min= {'a1': 1.1547005383792517, 'a2': 1.460593486680443, 'a3': 3.577708763999664} logZ_min= nan obs_min= 1.9911801917260337e-35
params_new= {'a1': 1.1547005383792517, 'a2': 1.460593486680443, 'a3': 3.6336104634371584} logZ_new= nan obs_new= 1.2049328762935947e-33
params_max= {'a1': 1.1547005383792517, 'a2': 1.460593486680443, 'a3': 3.689512162874653} logZ_max= 2.9796202827646434 obs_max= 8.016037121776887e-32
dist_min= tensor(12573.9265) dist_max= tensor(25616.4368)
params_min,params_max=params_new,params_max
evaluating model at params_new={'a1': 1.1547005383792517, 'a2': 1.460593486680443, 'a3': 3.6615613131559055}
params_min= {'a1': 1.1547005383792517, 'a2': 1.460593486680443, 'a3': 3.6336104634371584} logZ_min= nan obs_min= 1.2049328762935947e-33
params_new= {'a1': 1.1547005383792517, 'a2': 1.460593486680443, 'a3': 3.6615613131559055} logZ_new= 2.9790000678653237 obs_new= 2.607876919188284e-33
params_max= {'a1': 1.1547005383792517, 'a2': 1.460593486680443, 'a3': 3.689512162874653} logZ_max= 2.9796202827646434 obs_max= 8.016037121776887e-32
dist_min= tensor(22293.9691) dist_max= tensor(3322.5113)
params_min,params_max=params_min,params_new
evaluating model at params_new={'a1': 1.1547005383792517, 'a2': 1.460593486680443, 'a3': 3.6475858882965317}
params_min= {'a1': 1.1547005383792517, 'a2': 1.460593486680443, 'a3': 3.6336104634371584} logZ_min= nan obs_min= 1.2049328762935947e-33
params_new= {'a1': 1.1547005383792517, 'a2': 1.460593486680443, 'a3': 3.6475858882965317} logZ_new= 2.978689381226331 obs_new= 1.4720902182343765e-33
params_max= {'a1': 1.1547005383792517, 'a2': 1.460593486680443, 'a3': 3.6615613131559055} logZ_max= 2.9790000678653237 obs_max= 2.607876919188284e-33
dist_min= tensor(17150.1745) dist_max= tensor(5143.7969)
params_min,params_max=params_min,params_new
evaluating model at params_new={'a1': 1.1547005383792517, 'a2': 1.460593486680443, 'a3': 3.6405981758668453}
params_min= {'a1': 1.1547005383792517, 'a2': 1.460593486680443, 'a3': 3.6336104634371584} logZ_min= nan obs_min= 1.2049328762935947e-33
params_new= {'a1': 1.1547005383792517, 'a2': 1.460593486680443, 'a3': 3.6405981758668453} logZ_new= 2.9785339194622185 obs_new= 5.053857382375757e-32
params_max= {'a1': 1.1547005383792517, 'a2': 1.460593486680443, 'a3': 3.6475858882965317} logZ_max= 2.978689381226331 obs_max= 1.4720902182343765e-33
dist_min= tensor(11556.7777) dist_max= tensor(5757.8139)
params_min,params_max=params_min,params_new
evaluating model at params_new={'a1': 1.1547005383792517, 'a2': 1.460593486680443, 'a3': 3.6371043196520016}
params_min= {'a1': 1.1547005383792517, 'a2': 1.460593486680443, 'a3': 3.6336104634371584} logZ_min= nan obs_min= 1.2049328762935947e-33
params_new= {'a1': 1.1547005383792517, 'a2': 1.460593486680443, 'a3': 3.6371043196520016} logZ_new= nan obs_new= 6.809894905884632e-34
params_max= {'a1': 1.1547005383792517, 'a2': 1.460593486680443, 'a3': 3.6405981758668453} logZ_max= 2.9785339194622185 obs_max= 5.053857382375757e-32
dist_min= tensor(6873.3996) dist_max= tensor(4763.2380)
params_min,params_max=params_min,params_new
evaluating model at params_new={'a1': 1.1547005383792517, 'a2': 1.460593486680443, 'a3': 3.63535739154458}
params_min= {'a1': 1.1547005383792517, 'a2': 1.460593486680443, 'a3': 3.6336104634371584} logZ_min= nan obs_min= 1.2049328762935947e-33
params_new= {'a1': 1.1547005383792517, 'a2': 1.460593486680443, 'a3': 3.63535739154458} logZ_new= 2.9784172771761046 obs_new= 1.3080010063845289e-33
params_max= {'a1': 1.1547005383792517, 'a2': 1.460593486680443, 'a3': 3.6371043196520016} logZ_max= nan obs_max= 6.809894905884632e-34
dist_min= tensor(3796.8121) dist_max= tensor(3076.6052)
params_min,params_max=params_min,params_new
evaluating model at params_new={'a1': 1.1547005383792517, 'a2': 1.460593486680443, 'a3': 3.6344839274908693}
params_min= {'a1': 1.1547005383792517, 'a2': 1.460593486680443, 'a3': 3.6336104634371584} logZ_min= nan obs_min= 1.2049328762935947e-33
params_new= {'a1': 1.1547005383792517, 'a2': 1.460593486680443, 'a3': 3.6344839274908693} logZ_new= nan obs_new= 1.962399109412158e-34
params_max= {'a1': 1.1547005383792517, 'a2': 1.460593486680443, 'a3': 3.63535739154458} logZ_max= 2.9784172771761046 obs_max= 1.3080010063845289e-33
dist_min= tensor(2001.6130) dist_max= tensor(1795.3124)
params_min,params_max=params_min,params_new
evaluating model at params_new={'a1': 1.1547005383792517, 'a2': 1.460593486680443, 'a3': 3.6340471954640137}
params_min= {'a1': 1.1547005383792517, 'a2': 1.460593486680443, 'a3': 3.6336104634371584} logZ_min= nan obs_min= 1.2049328762935947e-33
params_new= {'a1': 1.1547005383792517, 'a2': 1.460593486680443, 'a3': 3.6340471954640137} logZ_new= 2.978388110994773 obs_new= 3.0426420972240674e-31
params_max= {'a1': 1.1547005383792517, 'a2': 1.460593486680443, 'a3': 3.6344839274908693} logZ_max= nan obs_max= 1.962399109412158e-34
dist_min= tensor(1033.5877) dist_max= tensor(978.5512)
params_min,params_max=params_min,params_new
evaluating model at params_new={'a1': 1.1547005383792517, 'a2': 1.460593486680443, 'a3': 3.633828829450586}
params_min= {'a1': 1.1547005383792517, 'a2': 1.460593486680443, 'a3': 3.6336104634371584} logZ_min= nan obs_min= 1.2049328762935947e-33
params_new= {'a1': 1.1547005383792517, 'a2': 1.460593486680443, 'a3': 3.633828829450586} logZ_new= 2.9783832497322127 obs_new= 1.0199941296009591e-34
params_max= {'a1': 1.1547005383792517, 'a2': 1.460593486680443, 'a3': 3.6340471954640137} logZ_max= 2.978388110994773 obs_max= 3.0426420972240674e-31
dist_min= tensor(521.5173) dist_max= tensor(517.2885)
params_min,params_max=params_min,params_new
evaluating model at params_new={'a1': 1.1547005383792517, 'a2': 1.460593486680443, 'a3': 3.633719646443872}
params_min= {'a1': 1.1547005383792517, 'a2': 1.460593486680443, 'a3': 3.6336104634371584} logZ_min= nan obs_min= 1.2049328762935947e-33
params_new= {'a1': 1.1547005383792517, 'a2': 1.460593486680443, 'a3': 3.633719646443872} logZ_new= nan obs_new= 2.5986163658792764e-31
params_max= {'a1': 1.1547005383792517, 'a2': 1.460593486680443, 'a3': 3.633828829450586} logZ_max= 2.9783832497322127 obs_max= 1.0199941296009591e-34
dist_min= tensor(262.7260) dist_max= tensor(258.8859)
params_min,params_max=params_min,params_new
evaluating model at params_new={'a1': 1.1547005383792517, 'a2': 1.460593486680443, 'a3': 3.633665054940515}
params_min= {'a1': 1.1547005383792517, 'a2': 1.460593486680443, 'a3': 3.6336104634371584} logZ_min= nan obs_min= 1.2049328762935947e-33
params_new= {'a1': 1.1547005383792517, 'a2': 1.460593486680443, 'a3': 3.633665054940515} logZ_new= 2.9783796037453576 obs_new= 2.509783977391679e-32
params_max= {'a1': 1.1547005383792517, 'a2': 1.460593486680443, 'a3': 3.633719646443872} logZ_max= nan obs_max= 2.5986163658792764e-31
dist_min= tensor(132.1751) dist_max= tensor(130.9221)
params_min,params_max=params_min,params_new
evaluating model at params_new={'a1': 1.1547005383792517, 'a2': 1.460593486680443, 'a3': 3.6336377591888365}
params_min= {'a1': 1.1547005383792517, 'a2': 1.460593486680443, 'a3': 3.6336104634371584} logZ_min= nan obs_min= 1.2049328762935947e-33
params_new= {'a1': 1.1547005383792517, 'a2': 1.460593486680443, 'a3': 3.6336377591888365} logZ_new= 2.978378996073627 obs_new= 1.1235537955139078e-31
params_max= {'a1': 1.1547005383792517, 'a2': 1.460593486680443, 'a3': 3.633665054940515} logZ_max= 2.9783796037453576 obs_max= 2.509783977391679e-32
dist_min= tensor(66.8046) dist_max= tensor(66.0200)
params_min,params_max=params_min,params_new
evaluating model at params_new={'a1': 1.1547005383792517, 'a2': 1.460593486680443, 'a3': 3.6336241113129972}
params_min= {'a1': 1.1547005383792517, 'a2': 1.460593486680443, 'a3': 3.6336104634371584} logZ_min= nan obs_min= 1.2049328762935947e-33
params_new= {'a1': 1.1547005383792517, 'a2': 1.460593486680443, 'a3': 3.6336241113129972} logZ_new= 2.978378692242365 obs_new= 2.495566642838712e-32
params_max= {'a1': 1.1547005383792517, 'a2': 1.460593486680443, 'a3': 3.6336377591888365} logZ_max= 2.978378996073627 obs_max= 1.1235537955139078e-31
dist_min= tensor(681.7529) dist_max= tensor(684.3739)
params_min,params_max=params_new,params_max
evaluating model at params_new={'a1': 1.1547005383792517, 'a2': 1.460593486680443, 'a3': 3.633630935250917}
params_min= {'a1': 1.1547005383792517, 'a2': 1.460593486680443, 'a3': 3.6336241113129972} logZ_min= 2.978378692242365 obs_min= 2.495566642838712e-32
params_new= {'a1': 1.1547005383792517, 'a2': 1.460593486680443, 'a3': 3.633630935250917} logZ_new= nan obs_new= 8.548278047853035e-34
params_max= {'a1': 1.1547005383792517, 'a2': 1.460593486680443, 'a3': 3.6336377591888365} logZ_max= 2.978378996073627 obs_max= 1.1235537955139078e-31
dist_min= tensor(683.5658) dist_max= tensor(16.5096)
params_min,params_max=params_min,params_new
evaluating model at params_new={'a1': 1.1547005383792517, 'a2': 1.460593486680443, 'a3': 3.633627523281957}
params_min= {'a1': 1.1547005383792517, 'a2': 1.460593486680443, 'a3': 3.6336241113129972} logZ_min= 2.978378692242365 obs_min= 2.495566642838712e-32
params_new= {'a1': 1.1547005383792517, 'a2': 1.460593486680443, 'a3': 3.633627523281957} logZ_new= nan obs_new= 4.250508469081411e-31
params_max= {'a1': 1.1547005383792517, 'a2': 1.460593486680443, 'a3': 3.633630935250917} logZ_max= nan obs_max= 8.548278047853035e-34
dist_min= tensor(680.7091) dist_max= tensor(10.0399)
params_min,params_max=params_min,params_new
evaluating model at params_new={'a1': 1.1547005383792517, 'a2': 1.460593486680443, 'a3': 3.633625817297477}
params_min= {'a1': 1.1547005383792517, 'a2': 1.460593486680443, 'a3': 3.6336241113129972} logZ_min= 2.978378692242365 obs_min= 2.495566642838712e-32
params_new= {'a1': 1.1547005383792517, 'a2': 1.460593486680443, 'a3': 3.633625817297477} logZ_new= nan obs_new= 8.450260220268692e-35
params_max= {'a1': 1.1547005383792517, 'a2': 1.460593486680443, 'a3': 3.633627523281957} logZ_max= nan obs_max= 4.250508469081411e-31
dist_min= tensor(683.5867) dist_max= tensor(7.5090)
params_min,params_max=params_min,params_new
evaluating model at params_new={'a1': 1.1547005383792517, 'a2': 1.460593486680443, 'a3': 3.633624964305237}
params_min= {'a1': 1.1547005383792517, 'a2': 1.460593486680443, 'a3': 3.6336241113129972} logZ_min= 2.978378692242365 obs_min= 2.495566642838712e-32
params_new= {'a1': 1.1547005383792517, 'a2': 1.460593486680443, 'a3': 3.633624964305237} logZ_new= nan obs_new= 2.357992878854525e-32
params_max= {'a1': 1.1547005383792517, 'a2': 1.460593486680443, 'a3': 3.633625817297477} logZ_max= nan obs_max= 8.450260220268692e-35
dist_min= tensor(680.1280) dist_max= tensor(4.7010)
params_min,params_max=params_min,params_new
evaluating model at params_new={'a1': 1.1547005383792517, 'a2': 1.460593486680443, 'a3': 3.6336245378091174}
params_min= {'a1': 1.1547005383792517, 'a2': 1.460593486680443, 'a3': 3.6336241113129972} logZ_min= 2.978378692242365 obs_min= 2.495566642838712e-32
params_new= {'a1': 1.1547005383792517, 'a2': 1.460593486680443, 'a3': 3.6336245378091174} logZ_new= 2.9783787017378773 obs_new= 3.296092900231169e-33
params_max= {'a1': 1.1547005383792517, 'a2': 1.460593486680443, 'a3': 3.633624964305237} logZ_max= nan obs_max= 2.357992878854525e-32
dist_min= tensor(683.5844) dist_max= tensor(4.6639)
params_min,params_max=params_min,params_new
evaluating model at params_new={'a1': 1.1547005383792517, 'a2': 1.460593486680443, 'a3': 3.6336243245610573}
params_min= {'a1': 1.1547005383792517, 'a2': 1.460593486680443, 'a3': 3.6336241113129972} logZ_min= 2.978378692242365 obs_min= 2.495566642838712e-32
params_new= {'a1': 1.1547005383792517, 'a2': 1.460593486680443, 'a3': 3.6336243245610573} logZ_new= 2.9783786969906303 obs_new= 8.759996087403472e-32
params_max= {'a1': 1.1547005383792517, 'a2': 1.460593486680443, 'a3': 3.6336245378091174} logZ_max= 2.9783787017378773 obs_max= 3.296092900231169e-33
dist_min= tensor(683.5823) dist_max= tensor(0.5234)
params_min,params_max=params_min,params_new
evaluating model at params_new={'a1': 1.1547005383792517, 'a2': 1.460593486680443, 'a3': 3.6336242179370273}
params_min= {'a1': 1.1547005383792517, 'a2': 1.460593486680443, 'a3': 3.6336241113129972} logZ_min= 2.978378692242365 obs_min= 2.495566642838712e-32
params_new= {'a1': 1.1547005383792517, 'a2': 1.460593486680443, 'a3': 3.6336242179370273} logZ_new= 2.978378694616992 obs_new= 2.089161707172459e-32
params_max= {'a1': 1.1547005383792517, 'a2': 1.460593486680443, 'a3': 3.6336243245610573} logZ_max= 2.9783786969906303 obs_max= 8.759996087403472e-32
dist_min= tensor(683.6451) dist_max= tensor(0.4612)
params_min,params_max=params_min,params_new
evaluating model at params_new={'a1': 1.1547005383792517, 'a2': 1.460593486680443, 'a3': 3.6336241646250125}
params_min= {'a1': 1.1547005383792517, 'a2': 1.460593486680443, 'a3': 3.6336241113129972} logZ_min= 2.978378692242365 obs_min= 2.495566642838712e-32
params_new= {'a1': 1.1547005383792517, 'a2': 1.460593486680443, 'a3': 3.6336241646250125} logZ_new= 2.97837869343014 obs_new= 9.942875793139332e-32
params_max= {'a1': 1.1547005383792517, 'a2': 1.460593486680443, 'a3': 3.6336242179370273} logZ_max= 2.978378694616992 obs_max= 2.089161707172459e-32
dist_min= tensor(661.5861) dist_max= tensor(22.0668)
params_min,params_max=params_min,params_new
evaluating model at params_new={'a1': 1.1547005383792517, 'a2': 1.460593486680443, 'a3': 3.633624137969005}
params_min= {'a1': 1.1547005383792517, 'a2': 1.460593486680443, 'a3': 3.6336241113129972} logZ_min= 2.978378692242365 obs_min= 2.495566642838712e-32
params_new= {'a1': 1.1547005383792517, 'a2': 1.460593486680443, 'a3': 3.633624137969005} logZ_new= nan obs_new= -5.692565592605614e-34
params_max= {'a1': 1.1547005383792517, 'a2': 1.460593486680443, 'a3': 3.6336241646250125} logZ_max= 2.97837869343014 obs_max= 9.942875793139332e-32
dist_min= tensor(683.4874) dist_max= tensor(22.0017)
params_min,params_max=params_min,params_new
evaluating model at params_new={'a1': 1.1547005383792517, 'a2': 1.460593486680443, 'a3': 3.633624124641001}
params_min= {'a1': 1.1547005383792517, 'a2': 1.460593486680443, 'a3': 3.6336241113129972} logZ_min= 2.978378692242365 obs_min= 2.495566642838712e-32
params_new= {'a1': 1.1547005383792517, 'a2': 1.460593486680443, 'a3': 3.633624124641001} logZ_new= nan obs_new= 4.8239157400452933e-32
params_max= {'a1': 1.1547005383792517, 'a2': 1.460593486680443, 'a3': 3.633624137969005} logZ_max= nan obs_max= -5.692565592605614e-34
dist_min= tensor(678.7048) dist_max= tensor(4.9372)
params_min,params_max=params_min,params_new
evaluating model at params_new={'a1': 1.1547005383792517, 'a2': 1.460593486680443, 'a3': 3.633624117976999}
params_min= {'a1': 1.1547005383792517, 'a2': 1.460593486680443, 'a3': 3.6336241113129972} logZ_min= 2.978378692242365 obs_min= 2.495566642838712e-32
params_new= {'a1': 1.1547005383792517, 'a2': 1.460593486680443, 'a3': 3.633624117976999} logZ_new= nan obs_new= 1.7670543974334407e-31
params_max= {'a1': 1.1547005383792517, 'a2': 1.460593486680443, 'a3': 3.633624124641001} logZ_max= nan obs_max= 4.8239157400452933e-32
dist_min= tensor(683.5709) dist_max= tensor(7.2010)
params_min,params_max=params_min,params_new
evaluating model at params_new={'a1': 1.1547005383792517, 'a2': 1.460593486680443, 'a3': 3.633624114644998}
params_min= {'a1': 1.1547005383792517, 'a2': 1.460593486680443, 'a3': 3.6336241113129972} logZ_min= 2.978378692242365 obs_min= 2.495566642838712e-32
params_new= {'a1': 1.1547005383792517, 'a2': 1.460593486680443, 'a3': 3.633624114644998} logZ_new= nan obs_new= 3.299586097141887e-33
params_max= {'a1': 1.1547005383792517, 'a2': 1.460593486680443, 'a3': 3.633624117976999} logZ_max= nan obs_max= 1.7670543974334407e-31
dist_min= tensor(680.6616) dist_max= tensor(4.4321)
params_min,params_max=params_min,params_new
evaluating model at params_new={'a1': 1.1547005383792517, 'a2': 1.460593486680443, 'a3': 3.633624112978998}
params_min= {'a1': 1.1547005383792517, 'a2': 1.460593486680443, 'a3': 3.6336241113129972} logZ_min= 2.978378692242365 obs_min= 2.495566642838712e-32
params_new= {'a1': 1.1547005383792517, 'a2': 1.460593486680443, 'a3': 3.633624112978998} logZ_new= 2.9783786922803777 obs_new= 5.452149505630028e-32
params_max= {'a1': 1.1547005383792517, 'a2': 1.460593486680443, 'a3': 3.633624114644998} logZ_max= nan obs_max= 3.299586097141887e-33
dist_min= tensor(684.1198) dist_max= tensor(36.4019)
params_min,params_max=params_min,params_new
evaluating model at params_new={'a1': 1.1547005383792517, 'a2': 1.460593486680443, 'a3': 3.6336241121459976}
params_min= {'a1': 1.1547005383792517, 'a2': 1.460593486680443, 'a3': 3.6336241113129972} logZ_min= 2.978378692242365 obs_min= 2.495566642838712e-32
params_new= {'a1': 1.1547005383792517, 'a2': 1.460593486680443, 'a3': 3.6336241121459976} logZ_new= 2.9783786922618005 obs_new= 5.21717376690642e-31
params_max= {'a1': 1.1547005383792517, 'a2': 1.460593486680443, 'a3': 3.633624112978998} logZ_max= 2.9783786922803777 obs_max= 5.452149505630028e-32
dist_min= tensor(683.2432) dist_max= tensor(34.2470)
params_min,params_max=params_min,params_new
evaluating model at params_new={'a1': 1.1547005383792517, 'a2': 1.460593486680443, 'a3': 3.6336241117294974}
params_min= {'a1': 1.1547005383792517, 'a2': 1.460593486680443, 'a3': 3.6336241113129972} logZ_min= 2.978378692242365 obs_min= 2.495566642838712e-32
params_new= {'a1': 1.1547005383792517, 'a2': 1.460593486680443, 'a3': 3.6336241117294974} logZ_new= 2.9783786922525546 obs_new= 1.0039903812052408e-38
params_max= {'a1': 1.1547005383792517, 'a2': 1.460593486680443, 'a3': 3.6336241121459976} logZ_max= 2.9783786922618005 obs_max= 5.21717376690642e-31
dist_min= tensor(679.2596) dist_max= tensor(4.5349)
params_min,params_max=params_min,params_new
evaluating model at params_new={'a1': 1.1547005383792517, 'a2': 1.460593486680443, 'a3': 3.6336241115212475}
params_min= {'a1': 1.1547005383792517, 'a2': 1.460593486680443, 'a3': 3.6336241113129972} logZ_min= 2.978378692242365 obs_min= 2.495566642838712e-32
params_new= {'a1': 1.1547005383792517, 'a2': 1.460593486680443, 'a3': 3.6336241115212475} logZ_new= nan obs_new= 7.47514515392393e-32
params_max= {'a1': 1.1547005383792517, 'a2': 1.460593486680443, 'a3': 3.6336241117294974} logZ_max= 2.9783786922525546 obs_max= 1.0039903812052408e-38
dist_min= tensor(678.5734) dist_max= tensor(1.2130)
params_min,params_max=params_min,params_new
evaluating model at params_new={'a1': 1.1547005383792517, 'a2': 1.460593486680443, 'a3': 3.6336241114171224}
params_min= {'a1': 1.1547005383792517, 'a2': 1.460593486680443, 'a3': 3.6336241113129972} logZ_min= 2.978378692242365 obs_min= 2.495566642838712e-32
params_new= {'a1': 1.1547005383792517, 'a2': 1.460593486680443, 'a3': 3.6336241114171224} logZ_new= 2.978378692245607 obs_new= 8.84602635235582e-33
params_max= {'a1': 1.1547005383792517, 'a2': 1.460593486680443, 'a3': 3.6336241115212475} logZ_max= nan obs_max= 7.47514515392393e-32
dist_min= tensor(682.8869) dist_max= tensor(5.1822)
params_min,params_max=params_min,params_new
evaluating model at params_new={'a1': 1.1547005383792517, 'a2': 1.460593486680443, 'a3': 3.6336241113650596}
params_min= {'a1': 1.1547005383792517, 'a2': 1.460593486680443, 'a3': 3.6336241113129972} logZ_min= 2.978378692242365 obs_min= 2.495566642838712e-32
params_new= {'a1': 1.1547005383792517, 'a2': 1.460593486680443, 'a3': 3.6336241113650596} logZ_new= 2.978378692244446 obs_new= 4.661656340519741e-32
params_max= {'a1': 1.1547005383792517, 'a2': 1.460593486680443, 'a3': 3.6336241114171224} logZ_max= 2.978378692245607 obs_max= 8.84602635235582e-33
dist_min= tensor(683.3762) dist_max= tensor(1.1089)
params_min,params_max=params_min,params_new
evaluating model at params_new={'a1': 1.1547005383792517, 'a2': 1.460593486680443, 'a3': 3.6336241113390284}
params_min= {'a1': 1.1547005383792517, 'a2': 1.460593486680443, 'a3': 3.6336241113129972} logZ_min= 2.978378692242365 obs_min= 2.495566642838712e-32
params_new= {'a1': 1.1547005383792517, 'a2': 1.460593486680443, 'a3': 3.6336241113390284} logZ_new= 2.9783786922438664 obs_new= 2.5731928168897063e-33
params_max= {'a1': 1.1547005383792517, 'a2': 1.460593486680443, 'a3': 3.6336241113650596} logZ_max= 2.978378692244446 obs_max= 4.661656340519741e-32
dist_min= tensor(683.5835) dist_max= tensor(2.0074)
params_min,params_max=params_min,params_new
evaluating model at params_new={'a1': 1.1547005383792517, 'a2': 1.460593486680443, 'a3': 3.6336241113260126}
params_min= {'a1': 1.1547005383792517, 'a2': 1.460593486680443, 'a3': 3.6336241113129972} logZ_min= 2.978378692242365 obs_min= 2.495566642838712e-32
params_new= {'a1': 1.1547005383792517, 'a2': 1.460593486680443, 'a3': 3.6336241113260126} logZ_new= nan obs_new= 6.392630330223547e-33
params_max= {'a1': 1.1547005383792517, 'a2': 1.460593486680443, 'a3': 3.6336241113390284} logZ_max= 2.9783786922438664 obs_max= 2.5731928168897063e-33
dist_min= tensor(710.8877) dist_max= tensor(195.3274)
params_min,params_max=params_min,params_new
evaluating model at params_new={'a1': 1.1547005383792517, 'a2': 1.460593486680443, 'a3': 3.633624111319505}
params_min= {'a1': 1.1547005383792517, 'a2': 1.460593486680443, 'a3': 3.6336241113129972} logZ_min= 2.978378692242365 obs_min= 2.495566642838712e-32
params_new= {'a1': 1.1547005383792517, 'a2': 1.460593486680443, 'a3': 3.633624111319505} logZ_new= nan obs_new= 3.127139848246227e-33
params_max= {'a1': 1.1547005383792517, 'a2': 1.460593486680443, 'a3': 3.6336241113260126} logZ_max= nan obs_max= 6.392630330223547e-33
dist_min= tensor(679.8612) dist_max= tensor(193.1981)
params_min,params_max=params_min,params_new
evaluating model at params_new={'a1': 1.1547005383792517, 'a2': 1.460593486680443, 'a3': 3.633624111316251}
params_min= {'a1': 1.1547005383792517, 'a2': 1.460593486680443, 'a3': 3.6336241113129972} logZ_min= 2.978378692242365 obs_min= 2.495566642838712e-32
params_new= {'a1': 1.1547005383792517, 'a2': 1.460593486680443, 'a3': 3.633624111316251} logZ_new= 2.97837869224336 obs_new= 3.7847888639572e-34
params_max= {'a1': 1.1547005383792517, 'a2': 1.460593486680443, 'a3': 3.633624111319505} logZ_max= nan obs_max= 3.127139848246227e-33
dist_min= tensor(684.4167) dist_max= tensor(39.2852)
params_min,params_max=params_min,params_new
evaluating model at params_new={'a1': 1.1547005383792517, 'a2': 1.460593486680443, 'a3': 3.6336241113146244}
params_min= {'a1': 1.1547005383792517, 'a2': 1.460593486680443, 'a3': 3.6336241113129972} logZ_min= 2.978378692242365 obs_min= 2.495566642838712e-32
params_new= {'a1': 1.1547005383792517, 'a2': 1.460593486680443, 'a3': 3.6336241113146244} logZ_new= 2.978378692243324 obs_new= 1.574865992272137e-32
params_max= {'a1': 1.1547005383792517, 'a2': 1.460593486680443, 'a3': 3.633624111316251} logZ_max= 2.97837869224336 obs_max= 3.7847888639572e-34
dist_min= tensor(683.5991) dist_max= tensor(39.1889)
params_min,params_max=params_min,params_new
evaluating model at params_new={'a1': 1.1547005383792517, 'a2': 1.460593486680443, 'a3': 3.633624111313811}
params_min= {'a1': 1.1547005383792517, 'a2': 1.460593486680443, 'a3': 3.6336241113129972} logZ_min= 2.978378692242365 obs_min= 2.495566642838712e-32
params_new= {'a1': 1.1547005383792517, 'a2': 1.460593486680443, 'a3': 3.633624111313811} logZ_new= 2.9783786922432975 obs_new= 2.4401824210297994e-33
params_max= {'a1': 1.1547005383792517, 'a2': 1.460593486680443, 'a3': 3.6336241113146244} logZ_max= 2.978378692243324 obs_max= 1.574865992272137e-32
dist_min= tensor(682.8414) dist_max= tensor(2.5061)
params_min,params_max=params_min,params_new
evaluating model at params_new={'a1': 1.1547005383792517, 'a2': 1.460593486680443, 'a3': 3.633624111313404}
params_min= {'a1': 1.1547005383792517, 'a2': 1.460593486680443, 'a3': 3.6336241113129972} logZ_min= 2.978378692242365 obs_min= 2.495566642838712e-32
params_new= {'a1': 1.1547005383792517, 'a2': 1.460593486680443, 'a3': 3.633624111313404} logZ_new= 2.9783786922432287 obs_new= 4.755939526250666e-34
params_max= {'a1': 1.1547005383792517, 'a2': 1.460593486680443, 'a3': 3.633624111313811} logZ_max= 2.9783786922432975 obs_max= 2.4401824210297994e-33
dist_min= tensor(683.5741) dist_max= tensor(2.4916)
params_min,params_max=params_min,params_new
evaluating model at params_new={'a1': 1.1547005383792517, 'a2': 1.460593486680443, 'a3': 3.6336241113132006}
params_min= {'a1': 1.1547005383792517, 'a2': 1.460593486680443, 'a3': 3.6336241113129972} logZ_min= 2.978378692242365 obs_min= 2.495566642838712e-32
params_new= {'a1': 1.1547005383792517, 'a2': 1.460593486680443, 'a3': 3.6336241113132006} logZ_new= 2.9783786922432687 obs_new= 7.611175099391556e-36
params_max= {'a1': 1.1547005383792517, 'a2': 1.460593486680443, 'a3': 3.633624111313404} logZ_max= 2.9783786922432287 obs_max= 4.755939526250666e-34
dist_min= tensor(683.5815) dist_max= tensor(0.1968)
params_min,params_max=params_min,params_new
evaluating model at params_new={'a1': 1.1547005383792517, 'a2': 1.460593486680443, 'a3': 3.633624111313099}
params_min= {'a1': 1.1547005383792517, 'a2': 1.460593486680443, 'a3': 3.6336241113129972} logZ_min= 2.978378692242365 obs_min= 2.495566642838712e-32
params_new= {'a1': 1.1547005383792517, 'a2': 1.460593486680443, 'a3': 3.633624111313099} logZ_new= 2.97837869224329 obs_new= 1.1279699318992174e-33
params_max= {'a1': 1.1547005383792517, 'a2': 1.460593486680443, 'a3': 3.6336241113132006} logZ_max= 2.9783786922432687 obs_max= 7.611175099391556e-36
dist_min= tensor(683.6756) dist_max= tensor(0.2199)
params_min,params_max=params_min,params_new
evaluating model at params_new={'a1': 1.1547005383792517, 'a2': 1.460593486680443, 'a3': 3.633624111313048}
params_min= {'a1': 1.1547005383792517, 'a2': 1.460593486680443, 'a3': 3.6336241113129972} logZ_min= 2.978378692242365 obs_min= 2.495566642838712e-32
params_new= {'a1': 1.1547005383792517, 'a2': 1.460593486680443, 'a3': 3.633624111313048} logZ_new= 2.9783786922432745 obs_new= 1.4982336388632099e-31
params_max= {'a1': 1.1547005383792517, 'a2': 1.460593486680443, 'a3': 3.633624111313099} logZ_max= 2.97837869224329 obs_max= 1.1279699318992174e-33
dist_min= tensor(683.5830) dist_max= tensor(0.2300)
params_min,params_max=params_min,params_new
evaluating model at params_new={'a1': 1.1547005383792517, 'a2': 1.460593486680443, 'a3': 3.6336241113130225}
params_min= {'a1': 1.1547005383792517, 'a2': 1.460593486680443, 'a3': 3.6336241113129972} logZ_min= 2.978378692242365 obs_min= 2.495566642838712e-32
params_new= {'a1': 1.1547005383792517, 'a2': 1.460593486680443, 'a3': 3.6336241113130225} logZ_new= nan obs_new= 1.4978645666347894e-31
params_max= {'a1': 1.1547005383792517, 'a2': 1.460593486680443, 'a3': 3.633624111313048} logZ_max= 2.9783786922432745 obs_max= 1.4982336388632099e-31
dist_min= tensor(682.0986) dist_max= tensor(6.7201)
params_min,params_max=params_min,params_new
evaluating model at params_new={'a1': 1.1547005383792517, 'a2': 1.460593486680443, 'a3': 3.6336241113130097}
params_min= {'a1': 1.1547005383792517, 'a2': 1.460593486680443, 'a3': 3.6336241113129972} logZ_min= 2.978378692242365 obs_min= 2.495566642838712e-32
params_new= {'a1': 1.1547005383792517, 'a2': 1.460593486680443, 'a3': 3.6336241113130097} logZ_new= nan obs_new= 3.178811724785813e-33
params_max= {'a1': 1.1547005383792517, 'a2': 1.460593486680443, 'a3': 3.6336241113130225} logZ_max= nan obs_max= 1.4978645666347894e-31
dist_min= tensor(682.3805) dist_max= tensor(4.7954)
params_min,params_max=params_min,params_new
evaluating model at params_new={'a1': 1.1547005383792517, 'a2': 1.460593486680443, 'a3': 3.6336241113130034}
params_min= {'a1': 1.1547005383792517, 'a2': 1.460593486680443, 'a3': 3.6336241113129972} logZ_min= 2.978378692242365 obs_min= 2.495566642838712e-32
params_new= {'a1': 1.1547005383792517, 'a2': 1.460593486680443, 'a3': 3.6336241113130034} logZ_new= nan obs_new= 8.387693056418416e-33
params_max= {'a1': 1.1547005383792517, 'a2': 1.460593486680443, 'a3': 3.6336241113130097} logZ_max= nan obs_max= 3.178811724785813e-33
dist_min= tensor(683.5679) dist_max= tensor(2.2165)
params_min,params_max=params_min,params_new
evaluating model at params_new={'a1': 1.1547005383792517, 'a2': 1.460593486680443, 'a3': 3.6336241113130003}
params_min= {'a1': 1.1547005383792517, 'a2': 1.460593486680443, 'a3': 3.6336241113129972} logZ_min= 2.978378692242365 obs_min= 2.495566642838712e-32
params_new= {'a1': 1.1547005383792517, 'a2': 1.460593486680443, 'a3': 3.6336241113130003} logZ_new= 2.978378692243287 obs_new= 3.1493836724014924e-34
params_max= {'a1': 1.1547005383792517, 'a2': 1.460593486680443, 'a3': 3.6336241113130034} logZ_max= nan obs_max= 8.387693056418416e-33
dist_min= tensor(683.6167) dist_max= tensor(0.4906)
params_min,params_max=params_min,params_new
evaluating model at params_new={'a1': 1.1547005383792517, 'a2': 1.460593486680443, 'a3': 3.633624111312999}
params_min= {'a1': 1.1547005383792517, 'a2': 1.460593486680443, 'a3': 3.6336241113129972} logZ_min= 2.978378692242365 obs_min= 2.495566642838712e-32
params_new= {'a1': 1.1547005383792517, 'a2': 1.460593486680443, 'a3': 3.633624111312999} logZ_new= 2.978378692243287 obs_new= 3.5453312142266785e-32
params_max= {'a1': 1.1547005383792517, 'a2': 1.460593486680443, 'a3': 3.6336241113130003} logZ_max= 2.978378692243287 obs_max= 3.1493836724014924e-34
dist_min= tensor(683.5833) dist_max= tensor(0.2309)
params_min,params_max=params_min,params_new
evaluating model at params_new={'a1': 1.1547005383792517, 'a2': 1.460593486680443, 'a3': 3.633624111312998}
params_min= {'a1': 1.1547005383792517, 'a2': 1.460593486680443, 'a3': 3.6336241113129972} logZ_min= 2.978378692242365 obs_min= 2.495566642838712e-32
params_new= {'a1': 1.1547005383792517, 'a2': 1.460593486680443, 'a3': 3.633624111312998} logZ_new= 2.9783786922432767 obs_new= 1.5005431902244837e-34
params_max= {'a1': 1.1547005383792517, 'a2': 1.460593486680443, 'a3': 3.633624111312999} logZ_max= 2.978378692243287 obs_max= 3.5453312142266785e-32
dist_min= tensor(683.5836) dist_max= tensor(0.0537)
params_min,params_max=params_min,params_new
evaluating model at params_new={'a1': 1.1547005383792517, 'a2': 1.460593486680443, 'a3': 3.6336241113129977}
params_min= {'a1': 1.1547005383792517, 'a2': 1.460593486680443, 'a3': 3.6336241113129972} logZ_min= 2.978378692242365 obs_min= 2.495566642838712e-32
params_new= {'a1': 1.1547005383792517, 'a2': 1.460593486680443, 'a3': 3.6336241113129977} logZ_new= 2.9783786922432887 obs_new= 6.253790261037163e-33
params_max= {'a1': 1.1547005383792517, 'a2': 1.460593486680443, 'a3': 3.633624111312998} logZ_max= 2.9783786922432767 obs_max= 1.5005431902244837e-34
dist_min= tensor(683.5849) dist_max= tensor(0.1738)
params_min,params_max=params_min,params_new
critical params found:  {'a1': 1.1547005383792517, 'a2': 1.460593486680443, 'a3': 3.6336241113129972}
reference params:  {'a1': 1.1547005383792515, 'a2': 1.8257418583505538, 'a3': 4.47213595499958}
file saved to  data/AKLT3D_X10_scan_grid_critical_a3/a1_1.1547005_a2_1.4605935/Tc.json
