Start running find_critical_temp.py with options:{'filename': 'data/AKLT3D_X10_scan_grid_critical_a3/a1_0.6928203_a2_0.7302967/Tc.json', 'log_filename': 'data/AKLT3D_X10_scan_grid_critical_a3/a1_0.6928203_a2_0.7302967/Tc.log', 'nLayers': 60, 'max_dim': 10, 'model': 'AKLT3D', 'params_min': "{'a1': 0.6928203230275509, 'a2': 0.7302967433402215, 'a3': 2.683281572999748}", 'params_max': "{'a1': 0.6928203230275509, 'a2': 0.7302967433402215, 'a3': 3.577708763999664}", 'params_ref': None, 'observable_name': 'magnetizationZ', 'tol': 0.0, 'gilt_enabled': False, 'gilt_eps': 8e-07, 'gilt_nIter': 1, 'mcf_enabled': True, 'mcf_eps': 1e-16, 'mcf_max_iter': 200, 'hotrg_sanity_check': False, 'version': 1, 'device': 'cuda:1'}
loading library...
evaluating model at params_min={'a1': 0.6928203230275509, 'a2': 0.7302967433402215, 'a3': 2.683281572999748}
params_min= {'a1': 0.6928203230275509, 'a2': 0.7302967433402215, 'a3': 2.683281572999748} logZ_min= 2.3696182484768045 obs_min= 1.283363487345003e-32
evaluating model at params_max={'a1': 0.6928203230275509, 'a2': 0.7302967433402215, 'a3': 3.577708763999664}
params_max= {'a1': 0.6928203230275509, 'a2': 0.7302967433402215, 'a3': 3.577708763999664} logZ_max= 2.555522692130564 obs_max= 8.894786348653284
searching for critical temperature using bisection method
evaluating model at params_new={'a1': 0.6928203230275509, 'a2': 0.7302967433402215, 'a3': 3.130495168499706}
params_min= {'a1': 0.6928203230275509, 'a2': 0.7302967433402215, 'a3': 2.683281572999748} logZ_min= 2.3696182484768045 obs_min= 1.283363487345003e-32
params_new= {'a1': 0.6928203230275509, 'a2': 0.7302967433402215, 'a3': 3.130495168499706} logZ_new= 2.379658339048233 obs_new= 1.869289161843785e-34
params_max= {'a1': 0.6928203230275509, 'a2': 0.7302967433402215, 'a3': 3.577708763999664} logZ_max= 2.555522692130564 obs_max= 8.894786348653284
dist_min= tensor(56.9867) dist_max= tensor(104.0302)
params_min,params_max=params_new,params_max
evaluating model at params_new={'a1': 0.6928203230275509, 'a2': 0.7302967433402215, 'a3': 3.3541019662496847}
params_min= {'a1': 0.6928203230275509, 'a2': 0.7302967433402215, 'a3': 3.130495168499706} logZ_min= 2.379658339048233 obs_min= 1.869289161843785e-34
params_new= {'a1': 0.6928203230275509, 'a2': 0.7302967433402215, 'a3': 3.3541019662496847} logZ_new= 2.42463676621326 obs_new= 8.760071607681036
params_max= {'a1': 0.6928203230275509, 'a2': 0.7302967433402215, 'a3': 3.577708763999664} logZ_max= 2.555522692130564 obs_max= 8.894786348653284
dist_min= tensor(66.5925) dist_max= tensor(37.8737)
params_min,params_max=params_min,params_new
evaluating model at params_new={'a1': 0.6928203230275509, 'a2': 0.7302967433402215, 'a3': 3.2422985673746956}
params_min= {'a1': 0.6928203230275509, 'a2': 0.7302967433402215, 'a3': 3.130495168499706} logZ_min= 2.379658339048233 obs_min= 1.869289161843785e-34
params_new= {'a1': 0.6928203230275509, 'a2': 0.7302967433402215, 'a3': 3.2422985673746956} logZ_new= 2.382411678714238 obs_new= 7.13889219129858e-33
params_max= {'a1': 0.6928203230275509, 'a2': 0.7302967433402215, 'a3': 3.3541019662496847} logZ_max= 2.42463676621326 obs_max= 8.760071607681036
dist_min= tensor(56.6291) dist_max= tensor(11.8921)
params_min,params_max=params_min,params_new
evaluating model at params_new={'a1': 0.6928203230275509, 'a2': 0.7302967433402215, 'a3': 3.1863968679372006}
params_min= {'a1': 0.6928203230275509, 'a2': 0.7302967433402215, 'a3': 3.130495168499706} logZ_min= 2.379658339048233 obs_min= 1.869289161843785e-34
params_new= {'a1': 0.6928203230275509, 'a2': 0.7302967433402215, 'a3': 3.1863968679372006} logZ_new= 2.3811216279735934 obs_new= 7.988076118221335e-34
params_max= {'a1': 0.6928203230275509, 'a2': 0.7302967433402215, 'a3': 3.2422985673746956} logZ_max= 2.382411678714238 obs_max= 7.13889219129858e-33
dist_min= tensor(17.9815) dist_max= tensor(73.3373)
params_min,params_max=params_new,params_max
evaluating model at params_new={'a1': 0.6928203230275509, 'a2': 0.7302967433402215, 'a3': 3.214347717655948}
params_min= {'a1': 0.6928203230275509, 'a2': 0.7302967433402215, 'a3': 3.1863968679372006} logZ_min= 2.3811216279735934 obs_min= 7.988076118221335e-34
params_new= {'a1': 0.6928203230275509, 'a2': 0.7302967433402215, 'a3': 3.214347717655948} logZ_new= nan obs_new= 2.6851149602969522e-33
params_max= {'a1': 0.6928203230275509, 'a2': 0.7302967433402215, 'a3': 3.2422985673746956} logZ_max= 2.382411678714238 obs_max= 7.13889219129858e-33
dist_min= tensor(69.6506) dist_max= tensor(9.3144)
params_min,params_max=params_min,params_new
evaluating model at params_new={'a1': 0.6928203230275509, 'a2': 0.7302967433402215, 'a3': 3.2003722927965743}
params_min= {'a1': 0.6928203230275509, 'a2': 0.7302967433402215, 'a3': 3.1863968679372006} logZ_min= 2.3811216279735934 obs_min= 7.988076118221335e-34
params_new= {'a1': 0.6928203230275509, 'a2': 0.7302967433402215, 'a3': 3.2003722927965743} logZ_new= nan obs_new= 9.636862890079047e-33
params_max= {'a1': 0.6928203230275509, 'a2': 0.7302967433402215, 'a3': 3.214347717655948} logZ_max= nan obs_max= 2.6851149602969522e-33
dist_min= tensor(6.6560) dist_max= tensor(74.5311)
params_min,params_max=params_new,params_max
evaluating model at params_new={'a1': 0.6928203230275509, 'a2': 0.7302967433402215, 'a3': 3.207360005226261}
params_min= {'a1': 0.6928203230275509, 'a2': 0.7302967433402215, 'a3': 3.2003722927965743} logZ_min= nan obs_min= 9.636862890079047e-33
params_new= {'a1': 0.6928203230275509, 'a2': 0.7302967433402215, 'a3': 3.207360005226261} logZ_new= nan obs_new= 3.766993646745238e-34
params_max= {'a1': 0.6928203230275509, 'a2': 0.7302967433402215, 'a3': 3.214347717655948} logZ_max= nan obs_max= 2.6851149602969522e-33
dist_min= tensor(6.3489) dist_max= tensor(77.4012)
params_min,params_max=params_new,params_max
evaluating model at params_new={'a1': 0.6928203230275509, 'a2': 0.7302967433402215, 'a3': 3.2108538614411044}
params_min= {'a1': 0.6928203230275509, 'a2': 0.7302967433402215, 'a3': 3.207360005226261} logZ_min= nan obs_min= 3.766993646745238e-34
params_new= {'a1': 0.6928203230275509, 'a2': 0.7302967433402215, 'a3': 3.2108538614411044} logZ_new= 2.38162770541763 obs_new= 2.3756137553139427e-35
params_max= {'a1': 0.6928203230275509, 'a2': 0.7302967433402215, 'a3': 3.214347717655948} logZ_max= nan obs_max= 2.6851149602969522e-33
dist_min= tensor(76.7692) dist_max= tensor(5.7448)
params_min,params_max=params_min,params_new
evaluating model at params_new={'a1': 0.6928203230275509, 'a2': 0.7302967433402215, 'a3': 3.2091069333336826}
params_min= {'a1': 0.6928203230275509, 'a2': 0.7302967433402215, 'a3': 3.207360005226261} logZ_min= nan obs_min= 3.766993646745238e-34
params_new= {'a1': 0.6928203230275509, 'a2': 0.7302967433402215, 'a3': 3.2091069333336826} logZ_new= 2.381576431140157 obs_new= 1.9891037190626528e-31
params_max= {'a1': 0.6928203230275509, 'a2': 0.7302967433402215, 'a3': 3.2108538614411044} logZ_max= 2.38162770541763 obs_max= 2.3756137553139427e-35
dist_min= tensor(76.5232) dist_max= tensor(0.4217)
params_min,params_max=params_min,params_new
evaluating model at params_new={'a1': 0.6928203230275509, 'a2': 0.7302967433402215, 'a3': 3.208233469279972}
params_min= {'a1': 0.6928203230275509, 'a2': 0.7302967433402215, 'a3': 3.207360005226261} logZ_min= nan obs_min= 3.766993646745238e-34
params_new= {'a1': 0.6928203230275509, 'a2': 0.7302967433402215, 'a3': 3.208233469279972} logZ_new= 2.3815121132065293 obs_new= 2.7922257614381792e-33
params_max= {'a1': 0.6928203230275509, 'a2': 0.7302967433402215, 'a3': 3.2091069333336826} logZ_max= 2.381576431140157 obs_max= 1.9891037190626528e-31
dist_min= tensor(77.7039) dist_max= tensor(15.5236)
params_min,params_max=params_min,params_new
evaluating model at params_new={'a1': 0.6928203230275509, 'a2': 0.7302967433402215, 'a3': 3.2077967372531164}
params_min= {'a1': 0.6928203230275509, 'a2': 0.7302967433402215, 'a3': 3.207360005226261} logZ_min= nan obs_min= 3.766993646745238e-34
params_new= {'a1': 0.6928203230275509, 'a2': 0.7302967433402215, 'a3': 3.2077967372531164} logZ_new= nan obs_new= 1.3714245078457495e-35
params_max= {'a1': 0.6928203230275509, 'a2': 0.7302967433402215, 'a3': 3.208233469279972} logZ_max= 2.3815121132065293 obs_max= 2.7922257614381792e-33
dist_min= tensor(4.5160) dist_max= tensor(77.9169)
params_min,params_max=params_new,params_max
evaluating model at params_new={'a1': 0.6928203230275509, 'a2': 0.7302967433402215, 'a3': 3.2080151032665443}
params_min= {'a1': 0.6928203230275509, 'a2': 0.7302967433402215, 'a3': 3.2077967372531164} logZ_min= nan obs_min= 1.3714245078457495e-35
params_new= {'a1': 0.6928203230275509, 'a2': 0.7302967433402215, 'a3': 3.2080151032665443} logZ_new= 2.3817750115735827 obs_new= 4.114294017892981e-35
params_max= {'a1': 0.6928203230275509, 'a2': 0.7302967433402215, 'a3': 3.208233469279972} logZ_max= 2.3815121132065293 obs_max= 2.7922257614381792e-33
dist_min= tensor(1.6429) dist_max= tensor(78.0877)
params_min,params_max=params_new,params_max
evaluating model at params_new={'a1': 0.6928203230275509, 'a2': 0.7302967433402215, 'a3': 3.208124286273258}
params_min= {'a1': 0.6928203230275509, 'a2': 0.7302967433402215, 'a3': 3.2080151032665443} logZ_min= 2.3817750115735827 obs_min= 4.114294017892981e-35
params_new= {'a1': 0.6928203230275509, 'a2': 0.7302967433402215, 'a3': 3.208124286273258} logZ_new= 2.3817703887762907 obs_new= 3.567511503717574e-32
params_max= {'a1': 0.6928203230275509, 'a2': 0.7302967433402215, 'a3': 3.208233469279972} logZ_max= 2.3815121132065293 obs_max= 2.7922257614381792e-33
dist_min= tensor(1.4914) dist_max= tensor(78.0251)
params_min,params_max=params_new,params_max
evaluating model at params_new={'a1': 0.6928203230275509, 'a2': 0.7302967433402215, 'a3': 3.208178877776615}
params_min= {'a1': 0.6928203230275509, 'a2': 0.7302967433402215, 'a3': 3.208124286273258} logZ_min= 2.3817703887762907 obs_min= 3.567511503717574e-32
params_new= {'a1': 0.6928203230275509, 'a2': 0.7302967433402215, 'a3': 3.208178877776615} logZ_new= nan obs_new= 1.6197287070109472e-35
params_max= {'a1': 0.6928203230275509, 'a2': 0.7302967433402215, 'a3': 3.208233469279972} logZ_max= 2.3815121132065293 obs_max= 2.7922257614381792e-33
dist_min= tensor(76.5762) dist_max= tensor(15.4859)
params_min,params_max=params_min,params_new
evaluating model at params_new={'a1': 0.6928203230275509, 'a2': 0.7302967433402215, 'a3': 3.2081515820249367}
params_min= {'a1': 0.6928203230275509, 'a2': 0.7302967433402215, 'a3': 3.208124286273258} logZ_min= 2.3817703887762907 obs_min= 3.567511503717574e-32
params_new= {'a1': 0.6928203230275509, 'a2': 0.7302967433402215, 'a3': 3.2081515820249367} logZ_new= nan obs_new= 2.1709535038702223e-34
params_max= {'a1': 0.6928203230275509, 'a2': 0.7302967433402215, 'a3': 3.208178877776615} logZ_max= nan obs_max= 1.6197287070109472e-35
dist_min= tensor(76.5738) dist_max= tensor(0.8635)
params_min,params_max=params_min,params_new
evaluating model at params_new={'a1': 0.6928203230275509, 'a2': 0.7302967433402215, 'a3': 3.2081379341490974}
params_min= {'a1': 0.6928203230275509, 'a2': 0.7302967433402215, 'a3': 3.208124286273258} logZ_min= 2.3817703887762907 obs_min= 3.567511503717574e-32
params_new= {'a1': 0.6928203230275509, 'a2': 0.7302967433402215, 'a3': 3.2081379341490974} logZ_new= 2.381762441927756 obs_new= 7.289480697676951e-34
params_max= {'a1': 0.6928203230275509, 'a2': 0.7302967433402215, 'a3': 3.2081515820249367} logZ_max= nan obs_max= 2.1709535038702223e-34
dist_min= tensor(0.1776) dist_max= tensor(76.5805)
params_min,params_max=params_new,params_max
evaluating model at params_new={'a1': 0.6928203230275509, 'a2': 0.7302967433402215, 'a3': 3.208144758087017}
params_min= {'a1': 0.6928203230275509, 'a2': 0.7302967433402215, 'a3': 3.2081379341490974} logZ_min= 2.381762441927756 obs_min= 7.289480697676951e-34
params_new= {'a1': 0.6928203230275509, 'a2': 0.7302967433402215, 'a3': 3.208144758087017} logZ_new= 2.381458654889723 obs_new= 1.3511417184174428e-32
params_max= {'a1': 0.6928203230275509, 'a2': 0.7302967433402215, 'a3': 3.2081515820249367} logZ_max= nan obs_max= 2.1709535038702223e-34
dist_min= tensor(80.0504) dist_max= tensor(23.8829)
params_min,params_max=params_min,params_new
evaluating model at params_new={'a1': 0.6928203230275509, 'a2': 0.7302967433402215, 'a3': 3.2081413461180572}
params_min= {'a1': 0.6928203230275509, 'a2': 0.7302967433402215, 'a3': 3.2081379341490974} logZ_min= 2.381762441927756 obs_min= 7.289480697676951e-34
params_new= {'a1': 0.6928203230275509, 'a2': 0.7302967433402215, 'a3': 3.2081413461180572} logZ_new= 2.3817736416919124 obs_new= 2.486091994604292e-32
params_max= {'a1': 0.6928203230275509, 'a2': 0.7302967433402215, 'a3': 3.208144758087017} logZ_max= 2.381458654889723 obs_max= 1.3511417184174428e-32
dist_min= tensor(0.2136) dist_max= tensor(80.0499)
params_min,params_max=params_new,params_max
evaluating model at params_new={'a1': 0.6928203230275509, 'a2': 0.7302967433402215, 'a3': 3.208143052102537}
params_min= {'a1': 0.6928203230275509, 'a2': 0.7302967433402215, 'a3': 3.2081413461180572} logZ_min= 2.3817736416919124 obs_min= 2.486091994604292e-32
params_new= {'a1': 0.6928203230275509, 'a2': 0.7302967433402215, 'a3': 3.208143052102537} logZ_new= 2.381768341275891 obs_new= 1.7248227784493526e-31
params_max= {'a1': 0.6928203230275509, 'a2': 0.7302967433402215, 'a3': 3.208144758087017} logZ_max= 2.381458654889723 obs_max= 1.3511417184174428e-32
dist_min= tensor(0.1531) dist_max= tensor(80.0500)
params_min,params_max=params_new,params_max
evaluating model at params_new={'a1': 0.6928203230275509, 'a2': 0.7302967433402215, 'a3': 3.208143905094777}
params_min= {'a1': 0.6928203230275509, 'a2': 0.7302967433402215, 'a3': 3.208143052102537} logZ_min= 2.381768341275891 obs_min= 1.7248227784493526e-31
params_new= {'a1': 0.6928203230275509, 'a2': 0.7302967433402215, 'a3': 3.208143905094777} logZ_new= 2.381665546131836 obs_new= 1.4993851175093694e-32
params_max= {'a1': 0.6928203230275509, 'a2': 0.7302967433402215, 'a3': 3.208144758087017} logZ_max= 2.381458654889723 obs_max= 1.3511417184174428e-32
dist_min= tensor(0.3682) dist_max= tensor(80.0530)
params_min,params_max=params_new,params_max
evaluating model at params_new={'a1': 0.6928203230275509, 'a2': 0.7302967433402215, 'a3': 3.208144331590897}
params_min= {'a1': 0.6928203230275509, 'a2': 0.7302967433402215, 'a3': 3.208143905094777} logZ_min= 2.381665546131836 obs_min= 1.4993851175093694e-32
params_new= {'a1': 0.6928203230275509, 'a2': 0.7302967433402215, 'a3': 3.208144331590897} logZ_new= 2.381769511544933 obs_new= 5.845086945812277e-34
params_max= {'a1': 0.6928203230275509, 'a2': 0.7302967433402215, 'a3': 3.208144758087017} logZ_max= 2.381458654889723 obs_max= 1.3511417184174428e-32
dist_min= tensor(1.5322) dist_max= tensor(80.2276)
params_min,params_max=params_new,params_max
evaluating model at params_new={'a1': 0.6928203230275509, 'a2': 0.7302967433402215, 'a3': 3.208144544838957}
params_min= {'a1': 0.6928203230275509, 'a2': 0.7302967433402215, 'a3': 3.208144331590897} logZ_min= 2.381769511544933 obs_min= 5.845086945812277e-34
params_new= {'a1': 0.6928203230275509, 'a2': 0.7302967433402215, 'a3': 3.208144544838957} logZ_new= 2.3817185411505872 obs_new= 2.9017361235138405e-33
params_max= {'a1': 0.6928203230275509, 'a2': 0.7302967433402215, 'a3': 3.208144758087017} logZ_max= 2.381458654889723 obs_max= 1.3511417184174428e-32
dist_min= tensor(185.4896) dist_max= tensor(178.7696)
params_min,params_max=params_min,params_new
evaluating model at params_new={'a1': 0.6928203230275509, 'a2': 0.7302967433402215, 'a3': 3.208144438214927}
params_min= {'a1': 0.6928203230275509, 'a2': 0.7302967433402215, 'a3': 3.208144331590897} logZ_min= 2.381769511544933 obs_min= 5.845086945812277e-34
params_new= {'a1': 0.6928203230275509, 'a2': 0.7302967433402215, 'a3': 3.208144438214927} logZ_new= 2.381778553904165 obs_new= 1.42147251687311e-35
params_max= {'a1': 0.6928203230275509, 'a2': 0.7302967433402215, 'a3': 3.208144544838957} logZ_max= 2.3817185411505872 obs_max= 2.9017361235138405e-33
dist_min= tensor(0.3561) dist_max= tensor(185.4905)
params_min,params_max=params_new,params_max
evaluating model at params_new={'a1': 0.6928203230275509, 'a2': 0.7302967433402215, 'a3': 3.2081444915269417}
params_min= {'a1': 0.6928203230275509, 'a2': 0.7302967433402215, 'a3': 3.208144438214927} logZ_min= 2.381778553904165 obs_min= 1.42147251687311e-35
params_new= {'a1': 0.6928203230275509, 'a2': 0.7302967433402215, 'a3': 3.2081444915269417} logZ_new= 2.381775015755376 obs_new= 4.906496910396983e-34
params_max= {'a1': 0.6928203230275509, 'a2': 0.7302967433402215, 'a3': 3.208144544838957} logZ_max= 2.3817185411505872 obs_max= 2.9017361235138405e-33
dist_min= tensor(2.0817) dist_max= tensor(183.4388)
params_min,params_max=params_new,params_max
evaluating model at params_new={'a1': 0.6928203230275509, 'a2': 0.7302967433402215, 'a3': 3.2081445181829493}
params_min= {'a1': 0.6928203230275509, 'a2': 0.7302967433402215, 'a3': 3.2081444915269417} logZ_min= 2.381775015755376 obs_min= 4.906496910396983e-34
params_new= {'a1': 0.6928203230275509, 'a2': 0.7302967433402215, 'a3': 3.2081445181829493} logZ_new= 2.381777629321484 obs_new= 2.7526752217356302e-37
params_max= {'a1': 0.6928203230275509, 'a2': 0.7302967433402215, 'a3': 3.208144544838957} logZ_max= 2.3817185411505872 obs_max= 2.9017361235138405e-33
dist_min= tensor(2.0415) dist_max= tensor(185.4711)
params_min,params_max=params_new,params_max
evaluating model at params_new={'a1': 0.6928203230275509, 'a2': 0.7302967433402215, 'a3': 3.2081445315109534}
params_min= {'a1': 0.6928203230275509, 'a2': 0.7302967433402215, 'a3': 3.2081445181829493} logZ_min= 2.381777629321484 obs_min= 2.7526752217356302e-37
params_new= {'a1': 0.6928203230275509, 'a2': 0.7302967433402215, 'a3': 3.2081445315109534} logZ_new= 2.381779577822381 obs_new= 4.137052368602384e-33
params_max= {'a1': 0.6928203230275509, 'a2': 0.7302967433402215, 'a3': 3.208144544838957} logZ_max= 2.3817185411505872 obs_max= 2.9017361235138405e-33
dist_min= tensor(2.1820) dist_max= tensor(183.3362)
params_min,params_max=params_new,params_max
evaluating model at params_new={'a1': 0.6928203230275509, 'a2': 0.7302967433402215, 'a3': 3.208144538174955}
params_min= {'a1': 0.6928203230275509, 'a2': 0.7302967433402215, 'a3': 3.2081445315109534} logZ_min= 2.381779577822381 obs_min= 4.137052368602384e-33
params_new= {'a1': 0.6928203230275509, 'a2': 0.7302967433402215, 'a3': 3.208144538174955} logZ_new= 2.3817649956531977 obs_new= 1.9354500727709e-33
params_max= {'a1': 0.6928203230275509, 'a2': 0.7302967433402215, 'a3': 3.208144544838957} logZ_max= 2.3817185411505872 obs_max= 2.9017361235138405e-33
dist_min= tensor(2.2211) dist_max= tensor(185.5134)
params_min,params_max=params_new,params_max
evaluating model at params_new={'a1': 0.6928203230275509, 'a2': 0.7302967433402215, 'a3': 3.208144541506956}
params_min= {'a1': 0.6928203230275509, 'a2': 0.7302967433402215, 'a3': 3.208144538174955} logZ_min= 2.3817649956531977 obs_min= 1.9354500727709e-33
params_new= {'a1': 0.6928203230275509, 'a2': 0.7302967433402215, 'a3': 3.208144541506956} logZ_new= 2.3817703818581313 obs_new= 4.341185384271106e-32
params_max= {'a1': 0.6928203230275509, 'a2': 0.7302967433402215, 'a3': 3.208144544838957} logZ_max= 2.3817185411505872 obs_max= 2.9017361235138405e-33
dist_min= tensor(1.6474) dist_max= tensor(184.8778)
params_min,params_max=params_new,params_max
evaluating model at params_new={'a1': 0.6928203230275509, 'a2': 0.7302967433402215, 'a3': 3.2081445431729563}
params_min= {'a1': 0.6928203230275509, 'a2': 0.7302967433402215, 'a3': 3.208144541506956} logZ_min= 2.3817703818581313 obs_min= 4.341185384271106e-32
params_new= {'a1': 0.6928203230275509, 'a2': 0.7302967433402215, 'a3': 3.2081445431729563} logZ_new= 2.381715768024559 obs_new= 4.445584593870649e-35
params_max= {'a1': 0.6928203230275509, 'a2': 0.7302967433402215, 'a3': 3.208144544838957} logZ_max= 2.3817185411505872 obs_max= 2.9017361235138405e-33
dist_min= tensor(1.4828) dist_max= tensor(185.4832)
params_min,params_max=params_new,params_max
evaluating model at params_new={'a1': 0.6928203230275509, 'a2': 0.7302967433402215, 'a3': 3.2081445440059566}
params_min= {'a1': 0.6928203230275509, 'a2': 0.7302967433402215, 'a3': 3.2081445431729563} logZ_min= 2.381715768024559 obs_min= 4.445584593870649e-35
params_new= {'a1': 0.6928203230275509, 'a2': 0.7302967433402215, 'a3': 3.2081445440059566} logZ_new= 2.3817795760268727 obs_new= 1.0950109612268477e-34
params_max= {'a1': 0.6928203230275509, 'a2': 0.7302967433402215, 'a3': 3.208144544838957} logZ_max= 2.3817185411505872 obs_max= 2.9017361235138405e-33
dist_min= tensor(5.5426) dist_max= tensor(179.9546)
params_min,params_max=params_new,params_max
evaluating model at params_new={'a1': 0.6928203230275509, 'a2': 0.7302967433402215, 'a3': 3.208144544422457}
params_min= {'a1': 0.6928203230275509, 'a2': 0.7302967433402215, 'a3': 3.2081445440059566} logZ_min= 2.3817795760268727 obs_min= 1.0950109612268477e-34
params_new= {'a1': 0.6928203230275509, 'a2': 0.7302967433402215, 'a3': 3.208144544422457} logZ_new= 2.3817605616954065 obs_new= 1.9373601139453364e-34
params_max= {'a1': 0.6928203230275509, 'a2': 0.7302967433402215, 'a3': 3.208144544838957} logZ_max= 2.3817185411505872 obs_max= 2.9017361235138405e-33
dist_min= tensor(5.5749) dist_max= tensor(185.5135)
params_min,params_max=params_new,params_max
evaluating model at params_new={'a1': 0.6928203230275509, 'a2': 0.7302967433402215, 'a3': 3.2081445446307066}
params_min= {'a1': 0.6928203230275509, 'a2': 0.7302967433402215, 'a3': 3.208144544422457} logZ_min= 2.3817605616954065 obs_min= 1.9373601139453364e-34
params_new= {'a1': 0.6928203230275509, 'a2': 0.7302967433402215, 'a3': 3.2081445446307066} logZ_new= nan obs_new= 4.4402656639501433e-32
params_max= {'a1': 0.6928203230275509, 'a2': 0.7302967433402215, 'a3': 3.208144544838957} logZ_max= 2.3817185411505872 obs_max= 2.9017361235138405e-33
dist_min= tensor(34.5556) dist_max= tensor(188.4301)
params_min,params_max=params_new,params_max
evaluating model at params_new={'a1': 0.6928203230275509, 'a2': 0.7302967433402215, 'a3': 3.208144544734832}
params_min= {'a1': 0.6928203230275509, 'a2': 0.7302967433402215, 'a3': 3.2081445446307066} logZ_min= nan obs_min= 4.4402656639501433e-32
params_new= {'a1': 0.6928203230275509, 'a2': 0.7302967433402215, 'a3': 3.208144544734832} logZ_new= nan obs_new= 8.564330897802429e-33
params_max= {'a1': 0.6928203230275509, 'a2': 0.7302967433402215, 'a3': 3.208144544838957} logZ_max= 2.3817185411505872 obs_max= 2.9017361235138405e-33
dist_min= tensor(32.5342) dist_max= tensor(184.7309)
params_min,params_max=params_new,params_max
evaluating model at params_new={'a1': 0.6928203230275509, 'a2': 0.7302967433402215, 'a3': 3.2081445447868946}
params_min= {'a1': 0.6928203230275509, 'a2': 0.7302967433402215, 'a3': 3.208144544734832} logZ_min= nan obs_min= 8.564330897802429e-33
params_new= {'a1': 0.6928203230275509, 'a2': 0.7302967433402215, 'a3': 3.2081445447868946} logZ_new= nan obs_new= 2.706703228856532e-34
params_max= {'a1': 0.6928203230275509, 'a2': 0.7302967433402215, 'a3': 3.208144544838957} logZ_max= 2.3817185411505872 obs_max= 2.9017361235138405e-33
dist_min= tensor(1.0467) dist_max= tensor(184.4401)
params_min,params_max=params_new,params_max
evaluating model at params_new={'a1': 0.6928203230275509, 'a2': 0.7302967433402215, 'a3': 3.2081445448129258}
params_min= {'a1': 0.6928203230275509, 'a2': 0.7302967433402215, 'a3': 3.2081445447868946} logZ_min= nan obs_min= 2.706703228856532e-34
params_new= {'a1': 0.6928203230275509, 'a2': 0.7302967433402215, 'a3': 3.2081445448129258} logZ_new= 2.3816914751789793 obs_new= 5.247720693652072e-32
params_max= {'a1': 0.6928203230275509, 'a2': 0.7302967433402215, 'a3': 3.208144544838957} logZ_max= 2.3817185411505872 obs_max= 2.9017361235138405e-33
dist_min= tensor(1.4356) dist_max= tensor(185.4979)
params_min,params_max=params_new,params_max
evaluating model at params_new={'a1': 0.6928203230275509, 'a2': 0.7302967433402215, 'a3': 3.2081445448259416}
params_min= {'a1': 0.6928203230275509, 'a2': 0.7302967433402215, 'a3': 3.2081445448129258} logZ_min= 2.3816914751789793 obs_min= 5.247720693652072e-32
params_new= {'a1': 0.6928203230275509, 'a2': 0.7302967433402215, 'a3': 3.2081445448259416} logZ_new= nan obs_new= 1.289225895873625e-32
params_max= {'a1': 0.6928203230275509, 'a2': 0.7302967433402215, 'a3': 3.208144544838957} logZ_max= 2.3817185411505872 obs_max= 2.9017361235138405e-33
dist_min= tensor(6.3773) dist_max= tensor(185.0663)
params_min,params_max=params_new,params_max
evaluating model at params_new={'a1': 0.6928203230275509, 'a2': 0.7302967433402215, 'a3': 3.2081445448324493}
params_min= {'a1': 0.6928203230275509, 'a2': 0.7302967433402215, 'a3': 3.2081445448259416} logZ_min= nan obs_min= 1.289225895873625e-32
params_new= {'a1': 0.6928203230275509, 'a2': 0.7302967433402215, 'a3': 3.2081445448324493} logZ_new= nan obs_new= 9.415852738547437e-33
params_max= {'a1': 0.6928203230275509, 'a2': 0.7302967433402215, 'a3': 3.208144544838957} logZ_max= 2.3817185411505872 obs_max= 2.9017361235138405e-33
dist_min= tensor(38026.9391) dist_max= tensor(38033.8510)
params_min,params_max=params_new,params_max
evaluating model at params_new={'a1': 0.6928203230275509, 'a2': 0.7302967433402215, 'a3': 3.208144544835703}
params_min= {'a1': 0.6928203230275509, 'a2': 0.7302967433402215, 'a3': 3.2081445448324493} logZ_min= nan obs_min= 9.415852738547437e-33
params_new= {'a1': 0.6928203230275509, 'a2': 0.7302967433402215, 'a3': 3.208144544835703} logZ_new= nan obs_new= 2.5050288430315735e-35
params_max= {'a1': 0.6928203230275509, 'a2': 0.7302967433402215, 'a3': 3.208144544838957} logZ_max= 2.3817185411505872 obs_max= 2.9017361235138405e-33
dist_min= tensor(38032.7442) dist_max= tensor(185.4290)
params_min,params_max=params_min,params_new
evaluating model at params_new={'a1': 0.6928203230275509, 'a2': 0.7302967433402215, 'a3': 3.2081445448340764}
params_min= {'a1': 0.6928203230275509, 'a2': 0.7302967433402215, 'a3': 3.2081445448324493} logZ_min= nan obs_min= 9.415852738547437e-33
params_new= {'a1': 0.6928203230275509, 'a2': 0.7302967433402215, 'a3': 3.2081445448340764} logZ_new= nan obs_new= 3.7183148681148905e-32
params_max= {'a1': 0.6928203230275509, 'a2': 0.7302967433402215, 'a3': 3.208144544835703} logZ_max= nan obs_max= 2.5050288430315735e-35
dist_min= tensor(38009.3706) dist_max= tensor(23.3778)
params_min,params_max=params_min,params_new
evaluating model at params_new={'a1': 0.6928203230275509, 'a2': 0.7302967433402215, 'a3': 3.208144544833263}
params_min= {'a1': 0.6928203230275509, 'a2': 0.7302967433402215, 'a3': 3.2081445448324493} logZ_min= nan obs_min= 9.415852738547437e-33
params_new= {'a1': 0.6928203230275509, 'a2': 0.7302967433402215, 'a3': 3.208144544833263} logZ_new= 2.38176721816402 obs_new= 3.535372644213751e-32
params_max= {'a1': 0.6928203230275509, 'a2': 0.7302967433402215, 'a3': 3.2081445448340764} logZ_max= nan obs_max= 3.7183148681148905e-32
dist_min= tensor(38032.7263) dist_max= tensor(23.3796)
params_min,params_max=params_min,params_new
evaluating model at params_new={'a1': 0.6928203230275509, 'a2': 0.7302967433402215, 'a3': 3.208144544832856}
params_min= {'a1': 0.6928203230275509, 'a2': 0.7302967433402215, 'a3': 3.2081445448324493} logZ_min= nan obs_min= 9.415852738547437e-33
params_new= {'a1': 0.6928203230275509, 'a2': 0.7302967433402215, 'a3': 3.208144544832856} logZ_new= 2.3817748146548605 obs_new= 1.786492971510567e-32
params_max= {'a1': 0.6928203230275509, 'a2': 0.7302967433402215, 'a3': 3.208144544833263} logZ_max= 2.38176721816402 obs_max= 3.535372644213751e-32
dist_min= tensor(38032.7316) dist_max= tensor(0.8358)
params_min,params_max=params_min,params_new
evaluating model at params_new={'a1': 0.6928203230275509, 'a2': 0.7302967433402215, 'a3': 3.2081445448326527}
params_min= {'a1': 0.6928203230275509, 'a2': 0.7302967433402215, 'a3': 3.2081445448324493} logZ_min= nan obs_min= 9.415852738547437e-33
params_new= {'a1': 0.6928203230275509, 'a2': 0.7302967433402215, 'a3': 3.2081445448326527} logZ_new= nan obs_new= 1.2827778493191495e-32
params_max= {'a1': 0.6928203230275509, 'a2': 0.7302967433402215, 'a3': 3.208144544832856} logZ_max= 2.3817748146548605 obs_max= 1.786492971510567e-32
dist_min= tensor(38032.7581) dist_max= tensor(0.7376)
params_min,params_max=params_min,params_new
evaluating model at params_new={'a1': 0.6928203230275509, 'a2': 0.7302967433402215, 'a3': 3.208144544832551}
params_min= {'a1': 0.6928203230275509, 'a2': 0.7302967433402215, 'a3': 3.2081445448324493} logZ_min= nan obs_min= 9.415852738547437e-33
params_new= {'a1': 0.6928203230275509, 'a2': 0.7302967433402215, 'a3': 3.208144544832551} logZ_new= nan obs_new= 2.5288376196831546e-36
params_max= {'a1': 0.6928203230275509, 'a2': 0.7302967433402215, 'a3': 3.2081445448326527} logZ_max= nan obs_max= 1.2827778493191495e-32
dist_min= tensor(38018.0447) dist_max= tensor(14.7497)
params_min,params_max=params_min,params_new
evaluating model at params_new={'a1': 0.6928203230275509, 'a2': 0.7302967433402215, 'a3': 3.2081445448325}
params_min= {'a1': 0.6928203230275509, 'a2': 0.7302967433402215, 'a3': 3.2081445448324493} logZ_min= nan obs_min= 9.415852738547437e-33
params_new= {'a1': 0.6928203230275509, 'a2': 0.7302967433402215, 'a3': 3.2081445448325} logZ_new= nan obs_new= 1.0558141449024412e-34
params_max= {'a1': 0.6928203230275509, 'a2': 0.7302967433402215, 'a3': 3.208144544832551} logZ_max= nan obs_max= 2.5288376196831546e-36
dist_min= tensor(38032.8884) dist_max= tensor(14.8475)
params_min,params_max=params_min,params_new
evaluating model at params_new={'a1': 0.6928203230275509, 'a2': 0.7302967433402215, 'a3': 3.2081445448324746}
params_min= {'a1': 0.6928203230275509, 'a2': 0.7302967433402215, 'a3': 3.2081445448324493} logZ_min= nan obs_min= 9.415852738547437e-33
params_new= {'a1': 0.6928203230275509, 'a2': 0.7302967433402215, 'a3': 3.2081445448324746} logZ_new= nan obs_new= 1.2749872304147714e-32
params_max= {'a1': 0.6928203230275509, 'a2': 0.7302967433402215, 'a3': 3.2081445448325} logZ_max= nan obs_max= 1.0558141449024412e-34
dist_min= tensor(38027.4682) dist_max= tensor(5.4445)
params_min,params_max=params_min,params_new
evaluating model at params_new={'a1': 0.6928203230275509, 'a2': 0.7302967433402215, 'a3': 3.2081445448324617}
params_min= {'a1': 0.6928203230275509, 'a2': 0.7302967433402215, 'a3': 3.2081445448324493} logZ_min= nan obs_min= 9.415852738547437e-33
params_new= {'a1': 0.6928203230275509, 'a2': 0.7302967433402215, 'a3': 3.2081445448324617} logZ_new= 2.3817795701301794 obs_new= 6.696615944364667e-33
params_max= {'a1': 0.6928203230275509, 'a2': 0.7302967433402215, 'a3': 3.2081445448324746} logZ_max= nan obs_max= 1.2749872304147714e-32
dist_min= tensor(38033.1262) dist_max= tensor(6.1387)
params_min,params_max=params_min,params_new
evaluating model at params_new={'a1': 0.6928203230275509, 'a2': 0.7302967433402215, 'a3': 3.2081445448324555}
params_min= {'a1': 0.6928203230275509, 'a2': 0.7302967433402215, 'a3': 3.2081445448324493} logZ_min= nan obs_min= 9.415852738547437e-33
params_new= {'a1': 0.6928203230275509, 'a2': 0.7302967433402215, 'a3': 3.2081445448324555} logZ_new= 2.3817795780462254 obs_new= 5.835342858449681e-34
params_max= {'a1': 0.6928203230275509, 'a2': 0.7302967433402215, 'a3': 3.2081445448324617} logZ_max= 2.3817795701301794 obs_max= 6.696615944364667e-33
dist_min= tensor(38033.1138) dist_max= tensor(0.3649)
params_min,params_max=params_min,params_new
evaluating model at params_new={'a1': 0.6928203230275509, 'a2': 0.7302967433402215, 'a3': 3.2081445448324524}
params_min= {'a1': 0.6928203230275509, 'a2': 0.7302967433402215, 'a3': 3.2081445448324493} logZ_min= nan obs_min= 9.415852738547437e-33
params_new= {'a1': 0.6928203230275509, 'a2': 0.7302967433402215, 'a3': 3.2081445448324524} logZ_new= 2.3817795342021717 obs_new= 5.76863731492905e-32
params_max= {'a1': 0.6928203230275509, 'a2': 0.7302967433402215, 'a3': 3.2081445448324555} logZ_max= 2.3817795780462254 obs_max= 5.835342858449681e-34
dist_min= tensor(38033.2202) dist_max= tensor(50.1980)
params_min,params_max=params_min,params_new
evaluating model at params_new={'a1': 0.6928203230275509, 'a2': 0.7302967433402215, 'a3': 3.208144544832451}
params_min= {'a1': 0.6928203230275509, 'a2': 0.7302967433402215, 'a3': 3.2081445448324493} logZ_min= nan obs_min= 9.415852738547437e-33
params_new= {'a1': 0.6928203230275509, 'a2': 0.7302967433402215, 'a3': 3.208144544832451} logZ_new= 2.3817403001104838 obs_new= 1.2163752110910084e-32
params_max= {'a1': 0.6928203230275509, 'a2': 0.7302967433402215, 'a3': 3.2081445448324524} logZ_max= 2.3817795342021717 obs_max= 5.76863731492905e-32
dist_min= tensor(38033.3588) dist_max= tensor(50.3729)
params_min,params_max=params_min,params_new
evaluating model at params_new={'a1': 0.6928203230275509, 'a2': 0.7302967433402215, 'a3': 3.20814454483245}
params_min= {'a1': 0.6928203230275509, 'a2': 0.7302967433402215, 'a3': 3.2081445448324493} logZ_min= nan obs_min= 9.415852738547437e-33
params_new= {'a1': 0.6928203230275509, 'a2': 0.7302967433402215, 'a3': 3.20814454483245} logZ_new= 2.3817531551892452 obs_new= 3.721151687986338e-34
params_max= {'a1': 0.6928203230275509, 'a2': 0.7302967433402215, 'a3': 3.208144544832451} logZ_max= 2.3817403001104838 obs_max= 1.2163752110910084e-32
dist_min= tensor(38033.1806) dist_max= tensor(3.3830)
params_min,params_max=params_min,params_new
evaluating model at params_new={'a1': 0.6928203230275509, 'a2': 0.7302967433402215, 'a3': 3.2081445448324497}
params_min= {'a1': 0.6928203230275509, 'a2': 0.7302967433402215, 'a3': 3.2081445448324493} logZ_min= nan obs_min= 9.415852738547437e-33
params_new= {'a1': 0.6928203230275509, 'a2': 0.7302967433402215, 'a3': 3.2081445448324497} logZ_new= nan obs_new= 3.1961602906639114e-35
params_max= {'a1': 0.6928203230275509, 'a2': 0.7302967433402215, 'a3': 3.20814454483245} logZ_max= 2.3817531551892452 obs_max= 3.721151687986338e-34
dist_min= tensor(38032.9626) dist_max= tensor(3.2194)
params_min,params_max=params_min,params_new
critical params found:  {'a1': 0.6928203230275509, 'a2': 0.7302967433402215, 'a3': 3.2081445448324493}
reference params:  {'a1': 1.1547005383792515, 'a2': 1.8257418583505538, 'a3': 4.47213595499958}
file saved to  data/AKLT3D_X10_scan_grid_critical_a3/a1_0.6928203_a2_0.7302967/Tc.json
