Start running find_critical_temp.py with options:{'filename': 'data/AKLT3D_X10_scan_grid_critical_a3/a1_0.9237604_a2_2.1908902/Tc.json', 'log_filename': 'data/AKLT3D_X10_scan_grid_critical_a3/a1_0.9237604_a2_2.1908902/Tc.log', 'nLayers': 60, 'max_dim': 10, 'model': 'AKLT3D', 'params_min': "{'a1': 0.9237604307034012, 'a2': 2.1908902300206647, 'a3': 2.683281572999748}", 'params_max': "{'a1': 0.9237604307034012, 'a2': 2.1908902300206647, 'a3': 3.577708763999664}", 'params_ref': None, 'observable_name': 'magnetizationZ', 'tol': 0.0, 'gilt_enabled': False, 'gilt_eps': 8e-07, 'gilt_nIter': 1, 'mcf_enabled': True, 'mcf_eps': 1e-16, 'mcf_max_iter': 200, 'hotrg_sanity_check': False, 'version': 1, 'device': 'cuda:1'}
loading library...
evaluating model at params_min={'a1': 0.9237604307034012, 'a2': 2.1908902300206647, 'a3': 2.683281572999748}
params_min= {'a1': 0.9237604307034012, 'a2': 2.1908902300206647, 'a3': 2.683281572999748} logZ_min= 3.0000631685325065 obs_min= 3.771889452684678e-32
evaluating model at params_max={'a1': 0.9237604307034012, 'a2': 2.1908902300206647, 'a3': 3.577708763999664}
params_max= {'a1': 0.9237604307034012, 'a2': 2.1908902300206647, 'a3': 3.577708763999664} logZ_max= 3.029391078183676 obs_max= 2.064573310915652
searching for critical temperature using bisection method
evaluating model at params_new={'a1': 0.9237604307034012, 'a2': 2.1908902300206647, 'a3': 3.130495168499706}
params_min= {'a1': 0.9237604307034012, 'a2': 2.1908902300206647, 'a3': 2.683281572999748} logZ_min= 3.0000631685325065 obs_min= 3.771889452684678e-32
params_new= {'a1': 0.9237604307034012, 'a2': 2.1908902300206647, 'a3': 3.130495168499706} logZ_new= 3.013141628792179 obs_new= 0.2460527242799218
params_max= {'a1': 0.9237604307034012, 'a2': 2.1908902300206647, 'a3': 3.577708763999664} logZ_max= 3.029391078183676 obs_max= 2.064573310915652
dist_min= tensor(145.3142) dist_max= tensor(292.2445)
params_min,params_max=params_new,params_max
evaluating model at params_new={'a1': 0.9237604307034012, 'a2': 2.1908902300206647, 'a3': 3.3541019662496847}
params_min= {'a1': 0.9237604307034012, 'a2': 2.1908902300206647, 'a3': 3.130495168499706} logZ_min= 3.013141628792179 obs_min= 0.2460527242799218
params_new= {'a1': 0.9237604307034012, 'a2': 2.1908902300206647, 'a3': 3.3541019662496847} logZ_new= 3.0148754334524477 obs_new= 1.3106513173690115
params_max= {'a1': 0.9237604307034012, 'a2': 2.1908902300206647, 'a3': 3.577708763999664} logZ_max= 3.029391078183676 obs_max= 2.064573310915652
dist_min= tensor(139.2365) dist_max= tensor(154.7232)
params_min,params_max=params_new,params_max
evaluating model at params_new={'a1': 0.9237604307034012, 'a2': 2.1908902300206647, 'a3': 3.4659053651246743}
params_min= {'a1': 0.9237604307034012, 'a2': 2.1908902300206647, 'a3': 3.3541019662496847} logZ_min= 3.0148754334524477 obs_min= 1.3106513173690115
params_new= {'a1': 0.9237604307034012, 'a2': 2.1908902300206647, 'a3': 3.4659053651246743} logZ_new= 3.034986774940297 obs_new= 1.6058535182419151
params_max= {'a1': 0.9237604307034012, 'a2': 2.1908902300206647, 'a3': 3.577708763999664} logZ_max= 3.029391078183676 obs_max= 2.064573310915652
dist_min= tensor(18.4373) dist_max= tensor(163.1639)
params_min,params_max=params_new,params_max
evaluating model at params_new={'a1': 0.9237604307034012, 'a2': 2.1908902300206647, 'a3': 3.521807064562169}
params_min= {'a1': 0.9237604307034012, 'a2': 2.1908902300206647, 'a3': 3.4659053651246743} logZ_min= 3.034986774940297 obs_min= 1.6058535182419151
params_new= {'a1': 0.9237604307034012, 'a2': 2.1908902300206647, 'a3': 3.521807064562169} logZ_new= 3.039460116606319 obs_new= 1.7718891922973148
params_max= {'a1': 0.9237604307034012, 'a2': 2.1908902300206647, 'a3': 3.577708763999664} logZ_max= 3.029391078183676 obs_max= 2.064573310915652
dist_min= tensor(38.7846) dist_max= tensor(150.8561)
params_min,params_max=params_new,params_max
evaluating model at params_new={'a1': 0.9237604307034012, 'a2': 2.1908902300206647, 'a3': 3.5497579142809164}
params_min= {'a1': 0.9237604307034012, 'a2': 2.1908902300206647, 'a3': 3.521807064562169} logZ_min= 3.039460116606319 obs_min= 1.7718891922973148
params_new= {'a1': 0.9237604307034012, 'a2': 2.1908902300206647, 'a3': 3.5497579142809164} logZ_new= nan obs_new= 1.9691085177098375
params_max= {'a1': 0.9237604307034012, 'a2': 2.1908902300206647, 'a3': 3.577708763999664} logZ_max= 3.029391078183676 obs_max= 2.064573310915652
dist_min= tensor(150.8555) dist_max= tensor(18.8502)
params_min,params_max=params_min,params_new
evaluating model at params_new={'a1': 0.9237604307034012, 'a2': 2.1908902300206647, 'a3': 3.5357824894215426}
params_min= {'a1': 0.9237604307034012, 'a2': 2.1908902300206647, 'a3': 3.521807064562169} logZ_min= 3.039460116606319 obs_min= 1.7718891922973148
params_new= {'a1': 0.9237604307034012, 'a2': 2.1908902300206647, 'a3': 3.5357824894215426} logZ_new= nan obs_new= 1.9265909375222106
params_max= {'a1': 0.9237604307034012, 'a2': 2.1908902300206647, 'a3': 3.5497579142809164} logZ_max= nan obs_max= 1.9691085177098375
dist_min= tensor(133.2987) dist_max= tensor(168.0581)
params_min,params_max=params_new,params_max
evaluating model at params_new={'a1': 0.9237604307034012, 'a2': 2.1908902300206647, 'a3': 3.5427702018512295}
params_min= {'a1': 0.9237604307034012, 'a2': 2.1908902300206647, 'a3': 3.5357824894215426} logZ_min= nan obs_min= 1.9265909375222106
params_new= {'a1': 0.9237604307034012, 'a2': 2.1908902300206647, 'a3': 3.5427702018512295} logZ_new= 3.025761199013989 obs_new= 1.9464679575181432
params_max= {'a1': 0.9237604307034012, 'a2': 2.1908902300206647, 'a3': 3.5497579142809164} logZ_max= nan obs_max= 1.9691085177098375
dist_min= tensor(166.7948) dist_max= tensor(18.8226)
params_min,params_max=params_min,params_new
evaluating model at params_new={'a1': 0.9237604307034012, 'a2': 2.1908902300206647, 'a3': 3.5392763456363863}
params_min= {'a1': 0.9237604307034012, 'a2': 2.1908902300206647, 'a3': 3.5357824894215426} logZ_min= nan obs_min= 1.9265909375222106
params_new= {'a1': 0.9237604307034012, 'a2': 2.1908902300206647, 'a3': 3.5392763456363863} logZ_new= nan obs_new= 1.93751247845898
params_max= {'a1': 0.9237604307034012, 'a2': 2.1908902300206647, 'a3': 3.5427702018512295} logZ_max= 3.025761199013989 obs_max= 1.9464679575181432
dist_min= tensor(122.5238) dist_max= tensor(112.5238)
params_min,params_max=params_min,params_new
evaluating model at params_new={'a1': 0.9237604307034012, 'a2': 2.1908902300206647, 'a3': 3.5375294175289644}
params_min= {'a1': 0.9237604307034012, 'a2': 2.1908902300206647, 'a3': 3.5357824894215426} logZ_min= nan obs_min= 1.9265909375222106
params_new= {'a1': 0.9237604307034012, 'a2': 2.1908902300206647, 'a3': 3.5375294175289644} logZ_new= 3.032003778724064 obs_new= 1.931682946482672
params_max= {'a1': 0.9237604307034012, 'a2': 2.1908902300206647, 'a3': 3.5392763456363863} logZ_max= nan obs_max= 1.93751247845898
dist_min= tensor(123.6893) dist_max= tensor(16.9621)
params_min,params_max=params_min,params_new
evaluating model at params_new={'a1': 0.9237604307034012, 'a2': 2.1908902300206647, 'a3': 3.5366559534752535}
params_min= {'a1': 0.9237604307034012, 'a2': 2.1908902300206647, 'a3': 3.5357824894215426} logZ_min= nan obs_min= 1.9265909375222106
params_new= {'a1': 0.9237604307034012, 'a2': 2.1908902300206647, 'a3': 3.5366559534752535} logZ_new= 3.0406922280271234 obs_new= 1.8166693778152792
params_max= {'a1': 0.9237604307034012, 'a2': 2.1908902300206647, 'a3': 3.5375294175289644} logZ_max= 3.032003778724064 obs_max= 1.931682946482672
dist_min= tensor(127.0199) dist_max= tensor(30.2703)
params_min,params_max=params_min,params_new
evaluating model at params_new={'a1': 0.9237604307034012, 'a2': 2.1908902300206647, 'a3': 3.5362192214483983}
params_min= {'a1': 0.9237604307034012, 'a2': 2.1908902300206647, 'a3': 3.5357824894215426} logZ_min= nan obs_min= 1.9265909375222106
params_new= {'a1': 0.9237604307034012, 'a2': 2.1908902300206647, 'a3': 3.5362192214483983} logZ_new= nan obs_new= 1.8152523164682148
params_max= {'a1': 0.9237604307034012, 'a2': 2.1908902300206647, 'a3': 3.5366559534752535} logZ_max= 3.0406922280271234 obs_max= 1.8166693778152792
dist_min= tensor(127.5045) dist_max= tensor(8.8423)
params_min,params_max=params_min,params_new
evaluating model at params_new={'a1': 0.9237604307034012, 'a2': 2.1908902300206647, 'a3': 3.5360008554349704}
params_min= {'a1': 0.9237604307034012, 'a2': 2.1908902300206647, 'a3': 3.5357824894215426} logZ_min= nan obs_min= 1.9265909375222106
params_new= {'a1': 0.9237604307034012, 'a2': 2.1908902300206647, 'a3': 3.5360008554349704} logZ_new= 3.0318548087512385 obs_new= 1.9272421902349868
params_max= {'a1': 0.9237604307034012, 'a2': 2.1908902300206647, 'a3': 3.5362192214483983} logZ_max= nan obs_max= 1.8152523164682148
dist_min= tensor(173.0204) dist_max= tensor(124.6236)
params_min,params_max=params_min,params_new
evaluating model at params_new={'a1': 0.9237604307034012, 'a2': 2.1908902300206647, 'a3': 3.5358916724282565}
params_min= {'a1': 0.9237604307034012, 'a2': 2.1908902300206647, 'a3': 3.5357824894215426} logZ_min= nan obs_min= 1.9265909375222106
params_new= {'a1': 0.9237604307034012, 'a2': 2.1908902300206647, 'a3': 3.5358916724282565} logZ_new= 3.0318443045243257 obs_new= 1.926910988105099
params_max= {'a1': 0.9237604307034012, 'a2': 2.1908902300206647, 'a3': 3.5360008554349704} logZ_max= 3.0318548087512385 obs_max= 1.9272421902349868
dist_min= tensor(124.0387) dist_max= tensor(119.9838)
params_min,params_max=params_min,params_new
evaluating model at params_new={'a1': 0.9237604307034012, 'a2': 2.1908902300206647, 'a3': 3.5358370809248996}
params_min= {'a1': 0.9237604307034012, 'a2': 2.1908902300206647, 'a3': 3.5357824894215426} logZ_min= nan obs_min= 1.9265909375222106
params_new= {'a1': 0.9237604307034012, 'a2': 2.1908902300206647, 'a3': 3.5358370809248996} logZ_new= 3.04062852351306 obs_new= 1.814093987776836
params_max= {'a1': 0.9237604307034012, 'a2': 2.1908902300206647, 'a3': 3.5358916724282565} logZ_max= 3.0318443045243257 obs_max= 1.926910988105099
dist_min= tensor(1650630.1250) dist_max= tensor(1650629.4987)
params_min,params_max=params_min,params_new
evaluating model at params_new={'a1': 0.9237604307034012, 'a2': 2.1908902300206647, 'a3': 3.535809785173221}
params_min= {'a1': 0.9237604307034012, 'a2': 2.1908902300206647, 'a3': 3.5357824894215426} logZ_min= nan obs_min= 1.9265909375222106
params_new= {'a1': 0.9237604307034012, 'a2': 2.1908902300206647, 'a3': 3.535809785173221} logZ_new= 3.040575397760518 obs_new= 1.8151462483103087
params_max= {'a1': 0.9237604307034012, 'a2': 2.1908902300206647, 'a3': 3.5358370809248996} logZ_max= 3.04062852351306 obs_max= 1.814093987776836
dist_min= tensor(128.1185) dist_max= tensor(1650628.6120)
params_min,params_max=params_new,params_max
evaluating model at params_new={'a1': 0.9237604307034012, 'a2': 2.1908902300206647, 'a3': 3.5358234330490603}
params_min= {'a1': 0.9237604307034012, 'a2': 2.1908902300206647, 'a3': 3.535809785173221} logZ_min= 3.040575397760518 obs_min= 1.8151462483103087
params_new= {'a1': 0.9237604307034012, 'a2': 2.1908902300206647, 'a3': 3.5358234330490603} logZ_new= 3.0318374005073627 obs_new= 1.9267067867170453
params_max= {'a1': 0.9237604307034012, 'a2': 2.1908902300206647, 'a3': 3.5358370809248996} logZ_max= 3.04062852351306 obs_max= 1.814093987776836
dist_min= tensor(31.4007) dist_max= tensor(1650629.4985)
params_min,params_max=params_new,params_max
evaluating model at params_new={'a1': 0.9237604307034012, 'a2': 2.1908902300206647, 'a3': 3.53583025698698}
params_min= {'a1': 0.9237604307034012, 'a2': 2.1908902300206647, 'a3': 3.5358234330490603} logZ_min= 3.0318374005073627 obs_min= 1.9267067867170453
params_new= {'a1': 0.9237604307034012, 'a2': 2.1908902300206647, 'a3': 3.53583025698698} logZ_new= 3.040628007429247 obs_new= 1.8140731556155314
params_max= {'a1': 0.9237604307034012, 'a2': 2.1908902300206647, 'a3': 3.5358370809248996} logZ_max= 3.04062852351306 obs_max= 1.814093987776836
dist_min= tensor(144.9803) dist_max= tensor(1650630.0884)
params_min,params_max=params_new,params_max
evaluating model at params_new={'a1': 0.9237604307034012, 'a2': 2.1908902300206647, 'a3': 3.5358336689559398}
params_min= {'a1': 0.9237604307034012, 'a2': 2.1908902300206647, 'a3': 3.53583025698698} logZ_min= 3.040628007429247 obs_min= 1.8140731556155314
params_new= {'a1': 0.9237604307034012, 'a2': 2.1908902300206647, 'a3': 3.5358336689559398} logZ_new= nan obs_new= 1.9267306769835169
params_max= {'a1': 0.9237604307034012, 'a2': 2.1908902300206647, 'a3': 3.5358370809248996} logZ_max= 3.04062852351306 obs_max= 1.814093987776836
dist_min= tensor(144.3667) dist_max= tensor(1650629.9750)
params_min,params_max=params_new,params_max
evaluating model at params_new={'a1': 0.9237604307034012, 'a2': 2.1908902300206647, 'a3': 3.5358353749404197}
params_min= {'a1': 0.9237604307034012, 'a2': 2.1908902300206647, 'a3': 3.5358336689559398} logZ_min= nan obs_min= 1.9267306769835169
params_new= {'a1': 0.9237604307034012, 'a2': 2.1908902300206647, 'a3': 3.5358353749404197} logZ_new= 3.040627551735725 obs_new= 1.8141170008666323
params_max= {'a1': 0.9237604307034012, 'a2': 2.1908902300206647, 'a3': 3.5358370809248996} logZ_max= 3.04062852351306 obs_max= 1.814093987776836
dist_min= tensor(36.8878) dist_max= tensor(1650629.9759)
params_min,params_max=params_new,params_max
evaluating model at params_new={'a1': 0.9237604307034012, 'a2': 2.1908902300206647, 'a3': 3.5358362279326596}
params_min= {'a1': 0.9237604307034012, 'a2': 2.1908902300206647, 'a3': 3.5358353749404197} logZ_min= 3.040627551735725 obs_min= 1.8141170008666323
params_new= {'a1': 0.9237604307034012, 'a2': 2.1908902300206647, 'a3': 3.5358362279326596} logZ_new= 3.0406262976084304 obs_new= 1.8141449096160704
params_max= {'a1': 0.9237604307034012, 'a2': 2.1908902300206647, 'a3': 3.5358370809248996} logZ_max= 3.04062852351306 obs_max= 1.814093987776836
dist_min= tensor(382.0901) dist_max= tensor(1650630.1714)
params_min,params_max=params_new,params_max
evaluating model at params_new={'a1': 0.9237604307034012, 'a2': 2.1908902300206647, 'a3': 3.5358366544287794}
params_min= {'a1': 0.9237604307034012, 'a2': 2.1908902300206647, 'a3': 3.5358362279326596} logZ_min= 3.0406262976084304 obs_min= 1.8141449096160704
params_new= {'a1': 0.9237604307034012, 'a2': 2.1908902300206647, 'a3': 3.5358366544287794} logZ_new= 3.03184096329849 obs_new= 1.926744264811686
params_max= {'a1': 0.9237604307034012, 'a2': 2.1908902300206647, 'a3': 3.5358370809248996} logZ_max= 3.04062852351306 obs_max= 1.814093987776836
dist_min= tensor(394.7711) dist_max= tensor(1650630.1447)
params_min,params_max=params_new,params_max
evaluating model at params_new={'a1': 0.9237604307034012, 'a2': 2.1908902300206647, 'a3': 3.5358368676768395}
params_min= {'a1': 0.9237604307034012, 'a2': 2.1908902300206647, 'a3': 3.5358366544287794} logZ_min= 3.03184096329849 obs_min= 1.926744264811686
params_new= {'a1': 0.9237604307034012, 'a2': 2.1908902300206647, 'a3': 3.5358368676768395} logZ_new= nan obs_new= 1.9267554334223564
params_max= {'a1': 0.9237604307034012, 'a2': 2.1908902300206647, 'a3': 3.5358370809248996} logZ_max= 3.04062852351306 obs_max= 1.814093987776836
dist_min= tensor(65.4953) dist_max= tensor(1650630.1181)
params_min,params_max=params_new,params_max
evaluating model at params_new={'a1': 0.9237604307034012, 'a2': 2.1908902300206647, 'a3': 3.5358369743008695}
params_min= {'a1': 0.9237604307034012, 'a2': 2.1908902300206647, 'a3': 3.5358368676768395} logZ_min= nan obs_min= 1.9267554334223564
params_new= {'a1': 0.9237604307034012, 'a2': 2.1908902300206647, 'a3': 3.5358369743008695} logZ_new= 3.0405896024449497 obs_new= 1.8149579660608872
params_max= {'a1': 0.9237604307034012, 'a2': 2.1908902300206647, 'a3': 3.5358370809248996} logZ_max= 3.04062852351306 obs_max= 1.814093987776836
dist_min= tensor(72.1423) dist_max= tensor(1650628.1352)
params_min,params_max=params_new,params_max
evaluating model at params_new={'a1': 0.9237604307034012, 'a2': 2.1908902300206647, 'a3': 3.5358370276128843}
params_min= {'a1': 0.9237604307034012, 'a2': 2.1908902300206647, 'a3': 3.5358369743008695} logZ_min= 3.0405896024449497 obs_min= 1.8149579660608872
params_new= {'a1': 0.9237604307034012, 'a2': 2.1908902300206647, 'a3': 3.5358370276128843} logZ_new= nan obs_new= 1.8144730624713394
params_max= {'a1': 0.9237604307034012, 'a2': 2.1908902300206647, 'a3': 3.5358370809248996} logZ_max= 3.04062852351306 obs_max= 1.814093987776836
dist_min= tensor(5.7663) dist_max= tensor(1650630.0276)
params_min,params_max=params_new,params_max
evaluating model at params_new={'a1': 0.9237604307034012, 'a2': 2.1908902300206647, 'a3': 3.535837054268892}
params_min= {'a1': 0.9237604307034012, 'a2': 2.1908902300206647, 'a3': 3.5358370276128843} logZ_min= nan obs_min= 1.8144730624713394
params_new= {'a1': 0.9237604307034012, 'a2': 2.1908902300206647, 'a3': 3.535837054268892} logZ_new= nan obs_new= 1.8140938483370592
params_max= {'a1': 0.9237604307034012, 'a2': 2.1908902300206647, 'a3': 3.5358370809248996} logZ_max= 3.04062852351306 obs_max= 1.814093987776836
dist_min= tensor(15.3818) dist_max= tensor(1650629.9799)
params_min,params_max=params_new,params_max
evaluating model at params_new={'a1': 0.9237604307034012, 'a2': 2.1908902300206647, 'a3': 3.535837067596896}
params_min= {'a1': 0.9237604307034012, 'a2': 2.1908902300206647, 'a3': 3.535837054268892} logZ_min= nan obs_min= 1.8140938483370592
params_new= {'a1': 0.9237604307034012, 'a2': 2.1908902300206647, 'a3': 3.535837067596896} logZ_new= 3.031817354378438 obs_new= 1.9269276014009382
params_max= {'a1': 0.9237604307034012, 'a2': 2.1908902300206647, 'a3': 3.5358370809248996} logZ_max= 3.04062852351306 obs_max= 1.814093987776836
dist_min= tensor(137.6018) dist_max= tensor(1650629.7589)
params_min,params_max=params_new,params_max
evaluating model at params_new={'a1': 0.9237604307034012, 'a2': 2.1908902300206647, 'a3': 3.5358370742608978}
params_min= {'a1': 0.9237604307034012, 'a2': 2.1908902300206647, 'a3': 3.535837067596896} logZ_min= 3.031817354378438 obs_min= 1.9269276014009382
params_new= {'a1': 0.9237604307034012, 'a2': 2.1908902300206647, 'a3': 3.5358370742608978} logZ_new= nan obs_new= 1.8140981354205694
params_max= {'a1': 0.9237604307034012, 'a2': 2.1908902300206647, 'a3': 3.5358370809248996} logZ_max= 3.04062852351306 obs_max= 1.814093987776836
dist_min= tensor(140.1908) dist_max= tensor(1650630.3035)
params_min,params_max=params_new,params_max
evaluating model at params_new={'a1': 0.9237604307034012, 'a2': 2.1908902300206647, 'a3': 3.5358370775928987}
params_min= {'a1': 0.9237604307034012, 'a2': 2.1908902300206647, 'a3': 3.5358370742608978} logZ_min= nan obs_min= 1.8140981354205694
params_new= {'a1': 0.9237604307034012, 'a2': 2.1908902300206647, 'a3': 3.5358370775928987} logZ_new= 3.0318393628705516 obs_new= 1.9267426131021506
params_max= {'a1': 0.9237604307034012, 'a2': 2.1908902300206647, 'a3': 3.5358370809248996} logZ_max= 3.04062852351306 obs_max= 1.814093987776836
dist_min= tensor(693888.6405) dist_max= tensor(1790546.4638)
params_min,params_max=params_new,params_max
evaluating model at params_new={'a1': 0.9237604307034012, 'a2': 2.1908902300206647, 'a3': 3.535837079258899}
params_min= {'a1': 0.9237604307034012, 'a2': 2.1908902300206647, 'a3': 3.5358370775928987} logZ_min= 3.0318393628705516 obs_min= 1.9267426131021506
params_new= {'a1': 0.9237604307034012, 'a2': 2.1908902300206647, 'a3': 3.535837079258899} logZ_new= 3.0317855222234247 obs_new= 1.9271810790187165
params_max= {'a1': 0.9237604307034012, 'a2': 2.1908902300206647, 'a3': 3.5358370809248996} logZ_max= 3.04062852351306 obs_max= 1.814093987776836
dist_min= tensor(693889.6447) dist_max= tensor(1650630.5330)
params_min,params_max=params_new,params_max
evaluating model at params_new={'a1': 0.9237604307034012, 'a2': 2.1908902300206647, 'a3': 3.5358370800918992}
params_min= {'a1': 0.9237604307034012, 'a2': 2.1908902300206647, 'a3': 3.535837079258899} logZ_min= 3.0317855222234247 obs_min= 1.9271810790187165
params_new= {'a1': 0.9237604307034012, 'a2': 2.1908902300206647, 'a3': 3.5358370800918992} logZ_new= 3.031839517330153 obs_new= 1.9267483175727667
params_max= {'a1': 0.9237604307034012, 'a2': 2.1908902300206647, 'a3': 3.5358370809248996} logZ_max= 3.04062852351306 obs_max= 1.814093987776836
dist_min= tensor(1218.5713) dist_max= tensor(1650629.4985)
params_min,params_max=params_new,params_max
evaluating model at params_new={'a1': 0.9237604307034012, 'a2': 2.1908902300206647, 'a3': 3.5358370805083994}
params_min= {'a1': 0.9237604307034012, 'a2': 2.1908902300206647, 'a3': 3.5358370800918992} logZ_min= 3.031839517330153 obs_min= 1.9267483175727667
params_new= {'a1': 0.9237604307034012, 'a2': 2.1908902300206647, 'a3': 3.5358370805083994} logZ_new= 3.0318392867769726 obs_new= 1.9267595277714862
params_max= {'a1': 0.9237604307034012, 'a2': 2.1908902300206647, 'a3': 3.5358370809248996} logZ_max= 3.04062852351306 obs_max= 1.814093987776836
dist_min= tensor(2.0158) dist_max= tensor(1650630.1442)
params_min,params_max=params_new,params_max
evaluating model at params_new={'a1': 0.9237604307034012, 'a2': 2.1908902300206647, 'a3': 3.5358370807166493}
params_min= {'a1': 0.9237604307034012, 'a2': 2.1908902300206647, 'a3': 3.5358370805083994} logZ_min= 3.0318392867769726 obs_min= 1.9267595277714862
params_new= {'a1': 0.9237604307034012, 'a2': 2.1908902300206647, 'a3': 3.5358370807166493} logZ_new= nan obs_new= 1.9267309501499457
params_max= {'a1': 0.9237604307034012, 'a2': 2.1908902300206647, 'a3': 3.5358370809248996} logZ_max= 3.04062852351306 obs_max= 1.814093987776836
dist_min= tensor(0.9645) dist_max= tensor(1650630.2258)
params_min,params_max=params_new,params_max
evaluating model at params_new={'a1': 0.9237604307034012, 'a2': 2.1908902300206647, 'a3': 3.5358370808207744}
params_min= {'a1': 0.9237604307034012, 'a2': 2.1908902300206647, 'a3': 3.5358370807166493} logZ_min= nan obs_min= 1.9267309501499457
params_new= {'a1': 0.9237604307034012, 'a2': 2.1908902300206647, 'a3': 3.5358370808207744} logZ_new= 3.0318396253402087 obs_new= 1.926745861295349
params_max= {'a1': 0.9237604307034012, 'a2': 2.1908902300206647, 'a3': 3.5358370809248996} logZ_max= 3.04062852351306 obs_max= 1.814093987776836
dist_min= tensor(7.2853) dist_max= tensor(1650630.0637)
params_min,params_max=params_new,params_max
evaluating model at params_new={'a1': 0.9237604307034012, 'a2': 2.1908902300206647, 'a3': 3.535837080872837}
params_min= {'a1': 0.9237604307034012, 'a2': 2.1908902300206647, 'a3': 3.5358370808207744} logZ_min= 3.0318396253402087 obs_min= 1.926745861295349
params_new= {'a1': 0.9237604307034012, 'a2': 2.1908902300206647, 'a3': 3.535837080872837} logZ_new= nan obs_new= 1.814094191009871
params_max= {'a1': 0.9237604307034012, 'a2': 2.1908902300206647, 'a3': 3.5358370809248996} logZ_max= 3.04062852351306 obs_max= 1.814093987776836
dist_min= tensor(196.0881) dist_max= tensor(1650629.1408)
params_min,params_max=params_new,params_max
evaluating model at params_new={'a1': 0.9237604307034012, 'a2': 2.1908902300206647, 'a3': 3.5358370808988684}
params_min= {'a1': 0.9237604307034012, 'a2': 2.1908902300206647, 'a3': 3.535837080872837} logZ_min= nan obs_min= 1.814094191009871
params_new= {'a1': 0.9237604307034012, 'a2': 2.1908902300206647, 'a3': 3.5358370808988684} logZ_new= 3.0406285804884003 obs_new= 1.8140936683694926
params_max= {'a1': 0.9237604307034012, 'a2': 2.1908902300206647, 'a3': 3.5358370809248996} logZ_max= 3.04062852351306 obs_max= 1.814093987776836
dist_min= tensor(195.1450) dist_max= tensor(1650630.0682)
params_min,params_max=params_new,params_max
evaluating model at params_new={'a1': 0.9237604307034012, 'a2': 2.1908902300206647, 'a3': 3.535837080911884}
params_min= {'a1': 0.9237604307034012, 'a2': 2.1908902300206647, 'a3': 3.5358370808988684} logZ_min= 3.0406285804884003 obs_min= 1.8140936683694926
params_new= {'a1': 0.9237604307034012, 'a2': 2.1908902300206647, 'a3': 3.535837080911884} logZ_new= 3.0406225494304433 obs_new= 1.8142205527640973
params_max= {'a1': 0.9237604307034012, 'a2': 2.1908902300206647, 'a3': 3.5358370809248996} logZ_max= 3.04062852351306 obs_max= 1.814093987776836
dist_min= tensor(19.7449) dist_max= tensor(1650630.0585)
params_min,params_max=params_new,params_max
evaluating model at params_new={'a1': 0.9237604307034012, 'a2': 2.1908902300206647, 'a3': 3.535837080918392}
params_min= {'a1': 0.9237604307034012, 'a2': 2.1908902300206647, 'a3': 3.535837080911884} logZ_min= 3.0406225494304433 obs_min= 1.8142205527640973
params_new= {'a1': 0.9237604307034012, 'a2': 2.1908902300206647, 'a3': 3.535837080918392} logZ_new= nan obs_new= 1.8142130641305634
params_max= {'a1': 0.9237604307034012, 'a2': 2.1908902300206647, 'a3': 3.5358370809248996} logZ_max= 3.04062852351306 obs_max= 1.814093987776836
dist_min= tensor(34.1066) dist_max= tensor(1650629.9605)
params_min,params_max=params_new,params_max
evaluating model at params_new={'a1': 0.9237604307034012, 'a2': 2.1908902300206647, 'a3': 3.5358370809216457}
params_min= {'a1': 0.9237604307034012, 'a2': 2.1908902300206647, 'a3': 3.535837080918392} logZ_min= nan obs_min= 1.8142130641305634
params_new= {'a1': 0.9237604307034012, 'a2': 2.1908902300206647, 'a3': 3.5358370809216457} logZ_new= 3.040613819120714 obs_new= 1.8144348922165923
params_max= {'a1': 0.9237604307034012, 'a2': 2.1908902300206647, 'a3': 3.5358370809248996} logZ_max= 3.04062852351306 obs_max= 1.814093987776836
dist_min= tensor(32.8278) dist_max= tensor(1650630.1469)
params_min,params_max=params_new,params_max
evaluating model at params_new={'a1': 0.9237604307034012, 'a2': 2.1908902300206647, 'a3': 3.5358370809232724}
params_min= {'a1': 0.9237604307034012, 'a2': 2.1908902300206647, 'a3': 3.5358370809216457} logZ_min= 3.040613819120714 obs_min= 1.8144348922165923
params_new= {'a1': 0.9237604307034012, 'a2': 2.1908902300206647, 'a3': 3.5358370809232724} logZ_new= nan obs_new= 1.926759355267159
params_max= {'a1': 0.9237604307034012, 'a2': 2.1908902300206647, 'a3': 3.5358370809248996} logZ_max= 3.04062852351306 obs_max= 1.814093987776836
dist_min= tensor(33.8286) dist_max= tensor(1650626.1277)
params_min,params_max=params_new,params_max
evaluating model at params_new={'a1': 0.9237604307034012, 'a2': 2.1908902300206647, 'a3': 3.535837080924086}
params_min= {'a1': 0.9237604307034012, 'a2': 2.1908902300206647, 'a3': 3.5358370809232724} logZ_min= nan obs_min= 1.926759355267159
params_new= {'a1': 0.9237604307034012, 'a2': 2.1908902300206647, 'a3': 3.535837080924086} logZ_new= 3.0406283208593283 obs_new= 1.8141052026159603
params_max= {'a1': 0.9237604307034012, 'a2': 2.1908902300206647, 'a3': 3.5358370809248996} logZ_max= 3.04062852351306 obs_max= 1.814093987776836
dist_min= tensor(236769.2129) dist_max= tensor(1667526.8264)
params_min,params_max=params_new,params_max
evaluating model at params_new={'a1': 0.9237604307034012, 'a2': 2.1908902300206647, 'a3': 3.535837080924493}
params_min= {'a1': 0.9237604307034012, 'a2': 2.1908902300206647, 'a3': 3.535837080924086} logZ_min= 3.0406283208593283 obs_min= 1.8141052026159603
params_new= {'a1': 0.9237604307034012, 'a2': 2.1908902300206647, 'a3': 3.535837080924493} logZ_new= 3.031838645281779 obs_new= 1.9267478505214621
params_max= {'a1': 0.9237604307034012, 'a2': 2.1908902300206647, 'a3': 3.5358370809248996} logZ_max= 3.04062852351306 obs_max= 1.814093987776836
dist_min= tensor(236782.7693) dist_max= tensor(1650629.9443)
params_min,params_max=params_new,params_max
evaluating model at params_new={'a1': 0.9237604307034012, 'a2': 2.1908902300206647, 'a3': 3.535837080924696}
params_min= {'a1': 0.9237604307034012, 'a2': 2.1908902300206647, 'a3': 3.535837080924493} logZ_min= 3.031838645281779 obs_min= 1.9267478505214621
params_new= {'a1': 0.9237604307034012, 'a2': 2.1908902300206647, 'a3': 3.535837080924696} logZ_new= 3.0406285788328415 obs_new= 1.8140937336112888
params_max= {'a1': 0.9237604307034012, 'a2': 2.1908902300206647, 'a3': 3.5358370809248996} logZ_max= 3.04062852351306 obs_max= 1.814093987776836
dist_min= tensor(32.5722) dist_max= tensor(1650629.6462)
params_min,params_max=params_new,params_max
evaluating model at params_new={'a1': 0.9237604307034012, 'a2': 2.1908902300206647, 'a3': 3.535837080924798}
params_min= {'a1': 0.9237604307034012, 'a2': 2.1908902300206647, 'a3': 3.535837080924696} logZ_min= 3.0406285788328415 obs_min= 1.8140937336112888
params_new= {'a1': 0.9237604307034012, 'a2': 2.1908902300206647, 'a3': 3.535837080924798} logZ_new= 3.0318392683825417 obs_new= 1.9267445791786906
params_max= {'a1': 0.9237604307034012, 'a2': 2.1908902300206647, 'a3': 3.5358370809248996} logZ_max= 3.04062852351306 obs_max= 1.814093987776836
dist_min= tensor(62.2217) dist_max= tensor(1650627.8266)
params_min,params_max=params_new,params_max
evaluating model at params_new={'a1': 0.9237604307034012, 'a2': 2.1908902300206647, 'a3': 3.535837080924849}
params_min= {'a1': 0.9237604307034012, 'a2': 2.1908902300206647, 'a3': 3.535837080924798} logZ_min= 3.0318392683825417 obs_min= 1.9267445791786906
params_new= {'a1': 0.9237604307034012, 'a2': 2.1908902300206647, 'a3': 3.535837080924849} logZ_new= nan obs_new= 1.8152968402898155
params_max= {'a1': 0.9237604307034012, 'a2': 2.1908902300206647, 'a3': 3.5358370809248996} logZ_max= 3.04062852351306 obs_max= 1.814093987776836
dist_min= tensor(55.9215) dist_max= tensor(1650630.0145)
params_min,params_max=params_new,params_max
evaluating model at params_new={'a1': 0.9237604307034012, 'a2': 2.1908902300206647, 'a3': 3.5358370809248743}
params_min= {'a1': 0.9237604307034012, 'a2': 2.1908902300206647, 'a3': 3.535837080924849} logZ_min= nan obs_min= 1.8152968402898155
params_new= {'a1': 0.9237604307034012, 'a2': 2.1908902300206647, 'a3': 3.5358370809248743} logZ_new= 3.0318395244584937 obs_new= 1.9267376577931334
params_max= {'a1': 0.9237604307034012, 'a2': 2.1908902300206647, 'a3': 3.5358370809248996} logZ_max= 3.04062852351306 obs_max= 1.814093987776836
dist_min= tensor(20.6116) dist_max= tensor(1650630.3630)
params_min,params_max=params_new,params_max
evaluating model at params_new={'a1': 0.9237604307034012, 'a2': 2.1908902300206647, 'a3': 3.535837080924887}
params_min= {'a1': 0.9237604307034012, 'a2': 2.1908902300206647, 'a3': 3.5358370809248743} logZ_min= 3.0318395244584937 obs_min= 1.9267376577931334
params_new= {'a1': 0.9237604307034012, 'a2': 2.1908902300206647, 'a3': 3.535837080924887} logZ_new= 3.0406258848489616 obs_new= 1.8141556303763473
params_max= {'a1': 0.9237604307034012, 'a2': 2.1908902300206647, 'a3': 3.5358370809248996} logZ_max= 3.04062852351306 obs_max= 1.814093987776836
dist_min= tensor(48.2554) dist_max= tensor(1650630.1099)
params_min,params_max=params_new,params_max
evaluating model at params_new={'a1': 0.9237604307034012, 'a2': 2.1908902300206647, 'a3': 3.5358370809248933}
params_min= {'a1': 0.9237604307034012, 'a2': 2.1908902300206647, 'a3': 3.535837080924887} logZ_min= 3.0406258848489616 obs_min= 1.8141556303763473
params_new= {'a1': 0.9237604307034012, 'a2': 2.1908902300206647, 'a3': 3.5358370809248933} logZ_new= 3.0319168862353174 obs_new= 1.9251120693785286
params_max= {'a1': 0.9237604307034012, 'a2': 2.1908902300206647, 'a3': 3.5358370809248996} logZ_max= 3.04062852351306 obs_max= 1.814093987776836
dist_min= tensor(54.4989) dist_max= tensor(1650630.0618)
params_min,params_max=params_new,params_max
evaluating model at params_new={'a1': 0.9237604307034012, 'a2': 2.1908902300206647, 'a3': 3.5358370809248965}
params_min= {'a1': 0.9237604307034012, 'a2': 2.1908902300206647, 'a3': 3.5358370809248933} logZ_min= 3.0319168862353174 obs_min= 1.9251120693785286
params_new= {'a1': 0.9237604307034012, 'a2': 2.1908902300206647, 'a3': 3.5358370809248965} logZ_new= 3.0318406045660846 obs_new= 1.9267059438706
params_max= {'a1': 0.9237604307034012, 'a2': 2.1908902300206647, 'a3': 3.5358370809248996} logZ_max= 3.04062852351306 obs_max= 1.814093987776836
dist_min= tensor(11.9072) dist_max= tensor(1650629.5696)
params_min,params_max=params_new,params_max
evaluating model at params_new={'a1': 0.9237604307034012, 'a2': 2.1908902300206647, 'a3': 3.535837080924898}
params_min= {'a1': 0.9237604307034012, 'a2': 2.1908902300206647, 'a3': 3.5358370809248965} logZ_min= 3.0318406045660846 obs_min= 1.9267059438706
params_new= {'a1': 0.9237604307034012, 'a2': 2.1908902300206647, 'a3': 3.535837080924898} logZ_new= nan obs_new= 1.814737393046036
params_max= {'a1': 0.9237604307034012, 'a2': 2.1908902300206647, 'a3': 3.5358370809248996} logZ_max= 3.04062852351306 obs_max= 1.814093987776836
dist_min= tensor(23.9767) dist_max= tensor(1650630.1384)
params_min,params_max=params_new,params_max
evaluating model at params_new={'a1': 0.9237604307034012, 'a2': 2.1908902300206647, 'a3': 3.5358370809248987}
params_min= {'a1': 0.9237604307034012, 'a2': 2.1908902300206647, 'a3': 3.535837080924898} logZ_min= nan obs_min= 1.814737393046036
params_new= {'a1': 0.9237604307034012, 'a2': 2.1908902300206647, 'a3': 3.5358370809248987} logZ_new= nan obs_new= 1.8141910378125843
params_max= {'a1': 0.9237604307034012, 'a2': 2.1908902300206647, 'a3': 3.5358370809248996} logZ_max= 3.04062852351306 obs_max= 1.814093987776836
dist_min= tensor(6.2882) dist_max= tensor(1650629.1981)
params_min,params_max=params_new,params_max
evaluating model at params_new={'a1': 0.9237604307034012, 'a2': 2.1908902300206647, 'a3': 3.535837080924899}
params_min= {'a1': 0.9237604307034012, 'a2': 2.1908902300206647, 'a3': 3.5358370809248987} logZ_min= nan obs_min= 1.8141910378125843
params_new= {'a1': 0.9237604307034012, 'a2': 2.1908902300206647, 'a3': 3.535837080924899} logZ_new= 3.0319093824939594 obs_new= 1.9252148366608017
params_max= {'a1': 0.9237604307034012, 'a2': 2.1908902300206647, 'a3': 3.5358370809248996} logZ_max= 3.04062852351306 obs_max= 1.814093987776836
dist_min= tensor(38.1822) dist_max= tensor(1650630.0512)
params_min,params_max=params_new,params_max
critical params found:  {'a1': 0.9237604307034012, 'a2': 2.1908902300206647, 'a3': 3.5358370809248996}
reference params:  {'a1': 1.1547005383792515, 'a2': 1.8257418583505538, 'a3': 4.47213595499958}
file saved to  data/AKLT3D_X10_scan_grid_critical_a3/a1_0.9237604_a2_2.1908902/Tc.json
