Start running find_critical_temp.py with options:{'filename': 'data/AKLT3D_X10_scan_grid_critical_a3/a1_0.6928203_a2_2.9211870/Tc.json', 'log_filename': 'data/AKLT3D_X10_scan_grid_critical_a3/a1_0.6928203_a2_2.9211870/Tc.log', 'nLayers': 60, 'max_dim': 10, 'model': 'AKLT3D', 'params_min': "{'a1': 0.6928203230275509, 'a2': 2.921186973360886, 'a3': 1.788854381999832}", 'params_max': "{'a1': 0.6928203230275509, 'a2': 2.921186973360886, 'a3': 2.683281572999748}", 'params_ref': None, 'observable_name': 'magnetizationZ', 'tol': 0.0, 'gilt_enabled': False, 'gilt_eps': 8e-07, 'gilt_nIter': 1, 'mcf_enabled': True, 'mcf_eps': 1e-16, 'mcf_max_iter': 200, 'hotrg_sanity_check': False, 'version': 1, 'device': 'cuda:1'}
loading library...
evaluating model at params_min={'a1': 0.6928203230275509, 'a2': 2.921186973360886, 'a3': 1.788854381999832}
params_min= {'a1': 0.6928203230275509, 'a2': 2.921186973360886, 'a3': 1.788854381999832} logZ_min= nan obs_min= 0.04252592631659198
evaluating model at params_max={'a1': 0.6928203230275509, 'a2': 2.921186973360886, 'a3': 2.683281572999748}
params_max= {'a1': 0.6928203230275509, 'a2': 2.921186973360886, 'a3': 2.683281572999748} logZ_max= 3.1765621386411955 obs_max= 2.0467098884363124
searching for critical temperature using bisection method
evaluating model at params_new={'a1': 0.6928203230275509, 'a2': 2.921186973360886, 'a3': 2.23606797749979}
params_min= {'a1': 0.6928203230275509, 'a2': 2.921186973360886, 'a3': 1.788854381999832} logZ_min= nan obs_min= 0.04252592631659198
params_new= {'a1': 0.6928203230275509, 'a2': 2.921186973360886, 'a3': 2.23606797749979} logZ_new= 3.1536867952096137 obs_new= 0.730894407527983
params_max= {'a1': 0.6928203230275509, 'a2': 2.921186973360886, 'a3': 2.683281572999748} logZ_max= 3.1765621386411955 obs_max= 2.0467098884363124
dist_min= tensor(28.8033) dist_max= tensor(8.1769)
params_min,params_max=params_min,params_new
evaluating model at params_new={'a1': 0.6928203230275509, 'a2': 2.921186973360886, 'a3': 2.0124611797498106}
params_min= {'a1': 0.6928203230275509, 'a2': 2.921186973360886, 'a3': 1.788854381999832} logZ_min= nan obs_min= 0.04252592631659198
params_new= {'a1': 0.6928203230275509, 'a2': 2.921186973360886, 'a3': 2.0124611797498106} logZ_new= 3.14601306300762 obs_new= 0.359733326747913
params_max= {'a1': 0.6928203230275509, 'a2': 2.921186973360886, 'a3': 2.23606797749979} logZ_max= 3.1536867952096137 obs_max= 0.730894407527983
dist_min= tensor(128.5541) dist_max= tensor(127.4727)
params_min,params_max=params_min,params_new
evaluating model at params_new={'a1': 0.6928203230275509, 'a2': 2.921186973360886, 'a3': 1.9006577808748213}
params_min= {'a1': 0.6928203230275509, 'a2': 2.921186973360886, 'a3': 1.788854381999832} logZ_min= nan obs_min= 0.04252592631659198
params_new= {'a1': 0.6928203230275509, 'a2': 2.921186973360886, 'a3': 1.9006577808748213} logZ_new= 3.142924107817869 obs_new= 0.18304969642244207
params_max= {'a1': 0.6928203230275509, 'a2': 2.921186973360886, 'a3': 2.0124611797498106} logZ_max= 3.14601306300762 obs_max= 0.359733326747913
dist_min= tensor(28.6685) dist_max= tensor(127.3991)
params_min,params_max=params_new,params_max
evaluating model at params_new={'a1': 0.6928203230275509, 'a2': 2.921186973360886, 'a3': 1.956559480312316}
params_min= {'a1': 0.6928203230275509, 'a2': 2.921186973360886, 'a3': 1.9006577808748213} logZ_min= 3.142924107817869 obs_min= 0.18304969642244207
params_new= {'a1': 0.6928203230275509, 'a2': 2.921186973360886, 'a3': 1.956559480312316} logZ_new= nan obs_new= 0.27665485927346645
params_max= {'a1': 0.6928203230275509, 'a2': 2.921186973360886, 'a3': 2.0124611797498106} logZ_max= 3.14601306300762 obs_max= 0.359733326747913
dist_min= tensor(144.1924) dist_max= tensor(192.2676)
params_min,params_max=params_new,params_max
evaluating model at params_new={'a1': 0.6928203230275509, 'a2': 2.921186973360886, 'a3': 1.9845103300310634}
params_min= {'a1': 0.6928203230275509, 'a2': 2.921186973360886, 'a3': 1.956559480312316} logZ_min= nan obs_min= 0.27665485927346645
params_new= {'a1': 0.6928203230275509, 'a2': 2.921186973360886, 'a3': 1.9845103300310634} logZ_new= 3.1452528355617835 obs_new= 0.3027963966270678
params_max= {'a1': 0.6928203230275509, 'a2': 2.921186973360886, 'a3': 2.0124611797498106} logZ_max= 3.14601306300762 obs_max= 0.359733326747913
dist_min= tensor(144.1391) dist_max= tensor(126.6477)
params_min,params_max=params_min,params_new
evaluating model at params_new={'a1': 0.6928203230275509, 'a2': 2.921186973360886, 'a3': 1.9705349051716898}
params_min= {'a1': 0.6928203230275509, 'a2': 2.921186973360886, 'a3': 1.956559480312316} logZ_min= nan obs_min= 0.27665485927346645
params_new= {'a1': 0.6928203230275509, 'a2': 2.921186973360886, 'a3': 1.9705349051716898} logZ_new= nan obs_new= 0.29535762456834647
params_max= {'a1': 0.6928203230275509, 'a2': 2.921186973360886, 'a3': 1.9845103300310634} logZ_max= 3.1452528355617835 obs_max= 0.3027963966270678
dist_min= tensor(2400.0123) dist_max= tensor(2395.2722)
params_min,params_max=params_min,params_new
evaluating model at params_new={'a1': 0.6928203230275509, 'a2': 2.921186973360886, 'a3': 1.963547192742003}
params_min= {'a1': 0.6928203230275509, 'a2': 2.921186973360886, 'a3': 1.956559480312316} logZ_min= nan obs_min= 0.27665485927346645
params_new= {'a1': 0.6928203230275509, 'a2': 2.921186973360886, 'a3': 1.963547192742003} logZ_new= 3.144718967867115 obs_new= 0.27031667219768785
params_max= {'a1': 0.6928203230275509, 'a2': 2.921186973360886, 'a3': 1.9705349051716898} logZ_max= nan obs_max= 0.29535762456834647
dist_min= tensor(144.1910) dist_max= tensor(2395.5584)
params_min,params_max=params_new,params_max
evaluating model at params_new={'a1': 0.6928203230275509, 'a2': 2.921186973360886, 'a3': 1.9670410489568464}
params_min= {'a1': 0.6928203230275509, 'a2': 2.921186973360886, 'a3': 1.963547192742003} logZ_min= 3.144718967867115 obs_min= 0.27031667219768785
params_new= {'a1': 0.6928203230275509, 'a2': 2.921186973360886, 'a3': 1.9670410489568464} logZ_new= nan obs_new= 0.2813301903405672
params_max= {'a1': 0.6928203230275509, 'a2': 2.921186973360886, 'a3': 1.9705349051716898} logZ_max= nan obs_max= 0.29535762456834647
dist_min= tensor(79.1992) dist_max= tensor(2397.0289)
params_min,params_max=params_new,params_max
evaluating model at params_new={'a1': 0.6928203230275509, 'a2': 2.921186973360886, 'a3': 1.968787977064268}
params_min= {'a1': 0.6928203230275509, 'a2': 2.921186973360886, 'a3': 1.9670410489568464} logZ_min= nan obs_min= 0.2813301903405672
params_new= {'a1': 0.6928203230275509, 'a2': 2.921186973360886, 'a3': 1.968787977064268} logZ_new= 3.1447507452661836 obs_new= 0.29266117783735607
params_max= {'a1': 0.6928203230275509, 'a2': 2.921186973360886, 'a3': 1.9705349051716898} logZ_max= nan obs_max= 0.29535762456834647
dist_min= tensor(561.3978) dist_max= tensor(2455.6184)
params_min,params_max=params_new,params_max
evaluating model at params_new={'a1': 0.6928203230275509, 'a2': 2.921186973360886, 'a3': 1.969661441117979}
params_min= {'a1': 0.6928203230275509, 'a2': 2.921186973360886, 'a3': 1.968787977064268} logZ_min= 3.1447507452661836 obs_min= 0.29266117783735607
params_new= {'a1': 0.6928203230275509, 'a2': 2.921186973360886, 'a3': 1.969661441117979} logZ_new= 3.1433312477382334 obs_new= 0.3104588170788629
params_max= {'a1': 0.6928203230275509, 'a2': 2.921186973360886, 'a3': 1.9705349051716898} logZ_max= nan obs_max= 0.29535762456834647
dist_min= tensor(555.7807) dist_max= tensor(2395.5583)
params_min,params_max=params_new,params_max
evaluating model at params_new={'a1': 0.6928203230275509, 'a2': 2.921186973360886, 'a3': 1.9700981731448344}
params_min= {'a1': 0.6928203230275509, 'a2': 2.921186973360886, 'a3': 1.969661441117979} logZ_min= 3.1433312477382334 obs_min= 0.3104588170788629
params_new= {'a1': 0.6928203230275509, 'a2': 2.921186973360886, 'a3': 1.9700981731448344} logZ_new= 3.144910108956986 obs_new= 0.28001678526571766
params_max= {'a1': 0.6928203230275509, 'a2': 2.921186973360886, 'a3': 1.9705349051716898} logZ_max= nan obs_max= 0.29535762456834647
dist_min= tensor(2.5730) dist_max= tensor(2394.9392)
params_min,params_max=params_new,params_max
evaluating model at params_new={'a1': 0.6928203230275509, 'a2': 2.921186973360886, 'a3': 1.970316539158262}
params_min= {'a1': 0.6928203230275509, 'a2': 2.921186973360886, 'a3': 1.9700981731448344} logZ_min= 3.144910108956986 obs_min= 0.28001678526571766
params_new= {'a1': 0.6928203230275509, 'a2': 2.921186973360886, 'a3': 1.970316539158262} logZ_new= 3.144786232917329 obs_new= 0.2948950798640523
params_max= {'a1': 0.6928203230275509, 'a2': 2.921186973360886, 'a3': 1.9705349051716898} logZ_max= nan obs_max= 0.29535762456834647
dist_min= tensor(513.6698) dist_max= tensor(2308.4841)
params_min,params_max=params_new,params_max
evaluating model at params_new={'a1': 0.6928203230275509, 'a2': 2.921186973360886, 'a3': 1.970425722164976}
params_min= {'a1': 0.6928203230275509, 'a2': 2.921186973360886, 'a3': 1.970316539158262} logZ_min= 3.144786232917329 obs_min= 0.2948950798640523
params_new= {'a1': 0.6928203230275509, 'a2': 2.921186973360886, 'a3': 1.970425722164976} logZ_new= nan obs_new= 0.2880228714504994
params_max= {'a1': 0.6928203230275509, 'a2': 2.921186973360886, 'a3': 1.9705349051716898} logZ_max= nan obs_max= 0.29535762456834647
dist_min= tensor(513.6854) dist_max= tensor(2395.6841)
params_min,params_max=params_new,params_max
evaluating model at params_new={'a1': 0.6928203230275509, 'a2': 2.921186973360886, 'a3': 1.9704803136683329}
params_min= {'a1': 0.6928203230275509, 'a2': 2.921186973360886, 'a3': 1.970425722164976} logZ_min= nan obs_min= 0.2880228714504994
params_new= {'a1': 0.6928203230275509, 'a2': 2.921186973360886, 'a3': 1.9704803136683329} logZ_new= 3.144874472473966 obs_new= 0.2809416445653491
params_max= {'a1': 0.6928203230275509, 'a2': 2.921186973360886, 'a3': 1.9705349051716898} logZ_max= nan obs_max= 0.29535762456834647
dist_min= tensor(2.8481) dist_max= tensor(2394.9378)
params_min,params_max=params_new,params_max
evaluating model at params_new={'a1': 0.6928203230275509, 'a2': 2.921186973360886, 'a3': 1.9705076094200114}
params_min= {'a1': 0.6928203230275509, 'a2': 2.921186973360886, 'a3': 1.9704803136683329} logZ_min= 3.144874472473966 obs_min= 0.2809416445653491
params_new= {'a1': 0.6928203230275509, 'a2': 2.921186973360886, 'a3': 1.9705076094200114} logZ_new= 3.144475129828504 obs_new= 0.2893426352948744
params_max= {'a1': 0.6928203230275509, 'a2': 2.921186973360886, 'a3': 1.9705349051716898} logZ_max= nan obs_max= 0.29535762456834647
dist_min= tensor(2.5833) dist_max= tensor(2395.5583)
params_min,params_max=params_new,params_max
evaluating model at params_new={'a1': 0.6928203230275509, 'a2': 2.921186973360886, 'a3': 1.9705212572958506}
params_min= {'a1': 0.6928203230275509, 'a2': 2.921186973360886, 'a3': 1.9705076094200114} logZ_min= 3.144475129828504 obs_min= 0.2893426352948744
params_new= {'a1': 0.6928203230275509, 'a2': 2.921186973360886, 'a3': 1.9705212572958506} logZ_new= nan obs_new= 0.2961350498014812
params_max= {'a1': 0.6928203230275509, 'a2': 2.921186973360886, 'a3': 1.9705349051716898} logZ_max= nan obs_max= 0.29535762456834647
dist_min= tensor(1025.6458) dist_max= tensor(2605.8241)
params_min,params_max=params_new,params_max
evaluating model at params_new={'a1': 0.6928203230275509, 'a2': 2.921186973360886, 'a3': 1.9705280812337702}
params_min= {'a1': 0.6928203230275509, 'a2': 2.921186973360886, 'a3': 1.9705212572958506} logZ_min= nan obs_min= 0.2961350498014812
params_new= {'a1': 0.6928203230275509, 'a2': 2.921186973360886, 'a3': 1.9705280812337702} logZ_new= nan obs_new= 0.2952779716069723
params_max= {'a1': 0.6928203230275509, 'a2': 2.921186973360886, 'a3': 1.9705349051716898} logZ_max= nan obs_max= 0.29535762456834647
dist_min= tensor(1032.3422) dist_max= tensor(2398.8639)
params_min,params_max=params_new,params_max
evaluating model at params_new={'a1': 0.6928203230275509, 'a2': 2.921186973360886, 'a3': 1.97053149320273}
params_min= {'a1': 0.6928203230275509, 'a2': 2.921186973360886, 'a3': 1.9705280812337702} logZ_min= nan obs_min= 0.2952779716069723
params_new= {'a1': 0.6928203230275509, 'a2': 2.921186973360886, 'a3': 1.97053149320273} logZ_new= 3.1449162588046473 obs_new= 0.2806339657699721
params_max= {'a1': 0.6928203230275509, 'a2': 2.921186973360886, 'a3': 1.9705349051716898} logZ_max= nan obs_max= 0.29535762456834647
dist_min= tensor(124.2870) dist_max= tensor(2394.9390)
params_min,params_max=params_new,params_max
evaluating model at params_new={'a1': 0.6928203230275509, 'a2': 2.921186973360886, 'a3': 1.97053319918721}
params_min= {'a1': 0.6928203230275509, 'a2': 2.921186973360886, 'a3': 1.97053149320273} logZ_min= 3.1449162588046473 obs_min= 0.2806339657699721
params_new= {'a1': 0.6928203230275509, 'a2': 2.921186973360886, 'a3': 1.97053319918721} logZ_new= 3.1446575073530565 obs_new= 0.2975655083949504
params_max= {'a1': 0.6928203230275509, 'a2': 2.921186973360886, 'a3': 1.9705349051716898} logZ_max= nan obs_max= 0.29535762456834647
dist_min= tensor(1201.5794) dist_max= tensor(2680.0086)
params_min,params_max=params_new,params_max
evaluating model at params_new={'a1': 0.6928203230275509, 'a2': 2.921186973360886, 'a3': 1.9705340521794499}
params_min= {'a1': 0.6928203230275509, 'a2': 2.921186973360886, 'a3': 1.97053319918721} logZ_min= 3.1446575073530565 obs_min= 0.2975655083949504
params_new= {'a1': 0.6928203230275509, 'a2': 2.921186973360886, 'a3': 1.9705340521794499} logZ_new= 3.1445885952291976 obs_new= 0.29850054796950143
params_max= {'a1': 0.6928203230275509, 'a2': 2.921186973360886, 'a3': 1.9705349051716898} logZ_max= nan obs_max= 0.29535762456834647
dist_min= tensor(1243.4932) dist_max= tensor(2418.8835)
params_min,params_max=params_new,params_max
evaluating model at params_new={'a1': 0.6928203230275509, 'a2': 2.921186973360886, 'a3': 1.9705344786755699}
params_min= {'a1': 0.6928203230275509, 'a2': 2.921186973360886, 'a3': 1.9705340521794499} logZ_min= 3.1445885952291976 obs_min= 0.29850054796950143
params_new= {'a1': 0.6928203230275509, 'a2': 2.921186973360886, 'a3': 1.9705344786755699} logZ_new= nan obs_new= 0.2952582082587681
params_max= {'a1': 0.6928203230275509, 'a2': 2.921186973360886, 'a3': 1.9705349051716898} logZ_max= nan obs_max= 0.29535762456834647
dist_min= tensor(354.5866) dist_max= tensor(2397.7875)
params_min,params_max=params_new,params_max
evaluating model at params_new={'a1': 0.6928203230275509, 'a2': 2.921186973360886, 'a3': 1.9705346919236297}
params_min= {'a1': 0.6928203230275509, 'a2': 2.921186973360886, 'a3': 1.9705344786755699} logZ_min= nan obs_min= 0.2952582082587681
params_new= {'a1': 0.6928203230275509, 'a2': 2.921186973360886, 'a3': 1.9705346919236297} logZ_new= nan obs_new= 0.29862408775253224
params_max= {'a1': 0.6928203230275509, 'a2': 2.921186973360886, 'a3': 1.9705349051716898} logZ_max= nan obs_max= 0.29535762456834647
dist_min= tensor(110.9147) dist_max= tensor(2395.7729)
params_min,params_max=params_new,params_max
evaluating model at params_new={'a1': 0.6928203230275509, 'a2': 2.921186973360886, 'a3': 1.9705347985476598}
params_min= {'a1': 0.6928203230275509, 'a2': 2.921186973360886, 'a3': 1.9705346919236297} logZ_min= nan obs_min= 0.29862408775253224
params_new= {'a1': 0.6928203230275509, 'a2': 2.921186973360886, 'a3': 1.9705347985476598} logZ_new= 3.144847720594703 obs_new= 0.28140832207347766
params_max= {'a1': 0.6928203230275509, 'a2': 2.921186973360886, 'a3': 1.9705349051716898} logZ_max= nan obs_max= 0.29535762456834647
dist_min= tensor(45.2240) dist_max= tensor(2394.9392)
params_min,params_max=params_new,params_max
evaluating model at params_new={'a1': 0.6928203230275509, 'a2': 2.921186973360886, 'a3': 1.9705348518596748}
params_min= {'a1': 0.6928203230275509, 'a2': 2.921186973360886, 'a3': 1.9705347985476598} logZ_min= 3.144847720594703 obs_min= 0.28140832207347766
params_new= {'a1': 0.6928203230275509, 'a2': 2.921186973360886, 'a3': 1.9705348518596748} logZ_new= nan obs_new= 0.2836810826649806
params_max= {'a1': 0.6928203230275509, 'a2': 2.921186973360886, 'a3': 1.9705349051716898} logZ_max= nan obs_max= 0.29535762456834647
dist_min= tensor(2.4326) dist_max= tensor(2395.5558)
params_min,params_max=params_new,params_max
evaluating model at params_new={'a1': 0.6928203230275509, 'a2': 2.921186973360886, 'a3': 1.9705348785156822}
params_min= {'a1': 0.6928203230275509, 'a2': 2.921186973360886, 'a3': 1.9705348518596748} logZ_min= nan obs_min= 0.2836810826649806
params_new= {'a1': 0.6928203230275509, 'a2': 2.921186973360886, 'a3': 1.9705348785156822} logZ_new= 3.1447877113276683 obs_new= 0.2954377625954395
params_max= {'a1': 0.6928203230275509, 'a2': 2.921186973360886, 'a3': 1.9705349051716898} logZ_max= nan obs_max= 0.29535762456834647
dist_min= tensor(6219.3229) dist_max= tensor(6664.7984)
params_min,params_max=params_new,params_max
evaluating model at params_new={'a1': 0.6928203230275509, 'a2': 2.921186973360886, 'a3': 1.970534891843686}
params_min= {'a1': 0.6928203230275509, 'a2': 2.921186973360886, 'a3': 1.9705348785156822} logZ_min= 3.1447877113276683 obs_min= 0.2954377625954395
params_new= {'a1': 0.6928203230275509, 'a2': 2.921186973360886, 'a3': 1.970534891843686} logZ_new= nan obs_new= 0.29538196860802357
params_max= {'a1': 0.6928203230275509, 'a2': 2.921186973360886, 'a3': 1.9705349051716898} logZ_max= nan obs_max= 0.29535762456834647
dist_min= tensor(6219.1137) dist_max= tensor(2394.9443)
params_min,params_max=params_min,params_new
evaluating model at params_new={'a1': 0.6928203230275509, 'a2': 2.921186973360886, 'a3': 1.970534885179684}
params_min= {'a1': 0.6928203230275509, 'a2': 2.921186973360886, 'a3': 1.9705348785156822} logZ_min= 3.1447877113276683 obs_min= 0.2954377625954395
params_new= {'a1': 0.6928203230275509, 'a2': 2.921186973360886, 'a3': 1.970534885179684} logZ_new= 3.144556172036638 obs_new= 0.28661100386871136
params_max= {'a1': 0.6928203230275509, 'a2': 2.921186973360886, 'a3': 1.970534891843686} logZ_max= nan obs_max= 0.29538196860802357
dist_min= tensor(6219.3066) dist_max= tensor(20.5526)
params_min,params_max=params_min,params_new
evaluating model at params_new={'a1': 0.6928203230275509, 'a2': 2.921186973360886, 'a3': 1.970534881847683}
params_min= {'a1': 0.6928203230275509, 'a2': 2.921186973360886, 'a3': 1.9705348785156822} logZ_min= 3.1447877113276683 obs_min= 0.2954377625954395
params_new= {'a1': 0.6928203230275509, 'a2': 2.921186973360886, 'a3': 1.970534881847683} logZ_new= 3.1422802659067965 obs_new= 1.547853835343125e-28
params_max= {'a1': 0.6928203230275509, 'a2': 2.921186973360886, 'a3': 1.970534885179684} logZ_max= 3.144556172036638 obs_max= 0.28661100386871136
dist_min= tensor(6219.0818) dist_max= tensor(18.2870)
params_min,params_max=params_min,params_new
evaluating model at params_new={'a1': 0.6928203230275509, 'a2': 2.921186973360886, 'a3': 1.9705348801816827}
params_min= {'a1': 0.6928203230275509, 'a2': 2.921186973360886, 'a3': 1.9705348785156822} logZ_min= 3.1447877113276683 obs_min= 0.2954377625954395
params_new= {'a1': 0.6928203230275509, 'a2': 2.921186973360886, 'a3': 1.9705348801816827} logZ_new= nan obs_new= 0.29964948649464634
params_max= {'a1': 0.6928203230275509, 'a2': 2.921186973360886, 'a3': 1.970534881847683} logZ_max= 3.1422802659067965 obs_max= 1.547853835343125e-28
dist_min= tensor(6211.0517) dist_max= tensor(47.0236)
params_min,params_max=params_min,params_new
evaluating model at params_new={'a1': 0.6928203230275509, 'a2': 2.921186973360886, 'a3': 1.9705348793486825}
params_min= {'a1': 0.6928203230275509, 'a2': 2.921186973360886, 'a3': 1.9705348785156822} logZ_min= 3.1447877113276683 obs_min= 0.2954377625954395
params_new= {'a1': 0.6928203230275509, 'a2': 2.921186973360886, 'a3': 1.9705348793486825} logZ_new= nan obs_new= 0.29539932670414054
params_max= {'a1': 0.6928203230275509, 'a2': 2.921186973360886, 'a3': 1.9705348801816827} logZ_max= nan obs_max= 0.29964948649464634
dist_min= tensor(6219.0897) dist_max= tensor(58.1579)
params_min,params_max=params_min,params_new
evaluating model at params_new={'a1': 0.6928203230275509, 'a2': 2.921186973360886, 'a3': 1.9705348789321824}
params_min= {'a1': 0.6928203230275509, 'a2': 2.921186973360886, 'a3': 1.9705348785156822} logZ_min= 3.1447877113276683 obs_min= 0.2954377625954395
params_new= {'a1': 0.6928203230275509, 'a2': 2.921186973360886, 'a3': 1.9705348789321824} logZ_new= nan obs_new= 0.30195699002767373
params_max= {'a1': 0.6928203230275509, 'a2': 2.921186973360886, 'a3': 1.9705348793486825} logZ_max= nan obs_max= 0.29539932670414054
dist_min= tensor(6263.8518) dist_max= tensor(746.6751)
params_min,params_max=params_min,params_new
evaluating model at params_new={'a1': 0.6928203230275509, 'a2': 2.921186973360886, 'a3': 1.9705348787239323}
params_min= {'a1': 0.6928203230275509, 'a2': 2.921186973360886, 'a3': 1.9705348785156822} logZ_min= 3.1447877113276683 obs_min= 0.2954377625954395
params_new= {'a1': 0.6928203230275509, 'a2': 2.921186973360886, 'a3': 1.9705348787239323} logZ_new= nan obs_new= 0.2999342292295946
params_max= {'a1': 0.6928203230275509, 'a2': 2.921186973360886, 'a3': 1.9705348789321824} logZ_max= nan obs_max= 0.30195699002767373
dist_min= tensor(6225.5239) dist_max= tensor(580.0839)
params_min,params_max=params_min,params_new
evaluating model at params_new={'a1': 0.6928203230275509, 'a2': 2.921186973360886, 'a3': 1.9705348786198074}
params_min= {'a1': 0.6928203230275509, 'a2': 2.921186973360886, 'a3': 1.9705348785156822} logZ_min= 3.1447877113276683 obs_min= 0.2954377625954395
params_new= {'a1': 0.6928203230275509, 'a2': 2.921186973360886, 'a3': 1.9705348786198074} logZ_new= 3.1441997560563597 obs_new= 0.29642229436905304
params_max= {'a1': 0.6928203230275509, 'a2': 2.921186973360886, 'a3': 1.9705348787239323} logZ_max= nan obs_max= 0.2999342292295946
dist_min= tensor(6219.2622) dist_max= tensor(277.9089)
params_min,params_max=params_min,params_new
evaluating model at params_new={'a1': 0.6928203230275509, 'a2': 2.921186973360886, 'a3': 1.9705348785677448}
params_min= {'a1': 0.6928203230275509, 'a2': 2.921186973360886, 'a3': 1.9705348785156822} logZ_min= 3.1447877113276683 obs_min= 0.2954377625954395
params_new= {'a1': 0.6928203230275509, 'a2': 2.921186973360886, 'a3': 1.9705348785677448} logZ_new= 3.1449238959812056 obs_new= 0.28077309488554086
params_max= {'a1': 0.6928203230275509, 'a2': 2.921186973360886, 'a3': 1.9705348786198074} logZ_max= 3.1441997560563597 obs_max= 0.29642229436905304
dist_min= tensor(6219.2592) dist_max= tensor(1.4323)
params_min,params_max=params_min,params_new
evaluating model at params_new={'a1': 0.6928203230275509, 'a2': 2.921186973360886, 'a3': 1.9705348785417134}
params_min= {'a1': 0.6928203230275509, 'a2': 2.921186973360886, 'a3': 1.9705348785156822} logZ_min= 3.1447877113276683 obs_min= 0.2954377625954395
params_new= {'a1': 0.6928203230275509, 'a2': 2.921186973360886, 'a3': 1.9705348785417134} logZ_new= nan obs_new= 0.30290720002941746
params_max= {'a1': 0.6928203230275509, 'a2': 2.921186973360886, 'a3': 1.9705348785677448} logZ_max= 3.1449238959812056 obs_max= 0.28077309488554086
dist_min= tensor(6219.3697) dist_max= tensor(44.9112)
params_min,params_max=params_min,params_new
evaluating model at params_new={'a1': 0.6928203230275509, 'a2': 2.921186973360886, 'a3': 1.9705348785286978}
params_min= {'a1': 0.6928203230275509, 'a2': 2.921186973360886, 'a3': 1.9705348785156822} logZ_min= 3.1447877113276683 obs_min= 0.2954377625954395
params_new= {'a1': 0.6928203230275509, 'a2': 2.921186973360886, 'a3': 1.9705348785286978} logZ_new= 3.144654518914807 obs_new= 0.29747966096430906
params_max= {'a1': 0.6928203230275509, 'a2': 2.921186973360886, 'a3': 1.9705348785417134} logZ_max= nan obs_max= 0.30290720002941746
dist_min= tensor(23974.9829) dist_max= tensor(23154.3261)
params_min,params_max=params_min,params_new
evaluating model at params_new={'a1': 0.6928203230275509, 'a2': 2.921186973360886, 'a3': 1.97053487852219}
params_min= {'a1': 0.6928203230275509, 'a2': 2.921186973360886, 'a3': 1.9705348785156822} logZ_min= 3.1447877113276683 obs_min= 0.2954377625954395
params_new= {'a1': 0.6928203230275509, 'a2': 2.921186973360886, 'a3': 1.97053487852219} logZ_new= 3.1449131069690637 obs_new= 0.27982138579140714
params_max= {'a1': 0.6928203230275509, 'a2': 2.921186973360886, 'a3': 1.9705348785286978} logZ_max= 3.144654518914807 obs_max= 0.29747966096430906
dist_min= tensor(6219.2591) dist_max= tensor(23154.2819)
params_min,params_max=params_new,params_max
evaluating model at params_new={'a1': 0.6928203230275509, 'a2': 2.921186973360886, 'a3': 1.9705348785254437}
params_min= {'a1': 0.6928203230275509, 'a2': 2.921186973360886, 'a3': 1.97053487852219} logZ_min= 3.1449131069690637 obs_min= 0.27982138579140714
params_new= {'a1': 0.6928203230275509, 'a2': 2.921186973360886, 'a3': 1.9705348785254437} logZ_new= nan obs_new= 0.2997912985455819
params_max= {'a1': 0.6928203230275509, 'a2': 2.921186973360886, 'a3': 1.9705348785286978} logZ_max= 3.144654518914807 obs_max= 0.29747966096430906
dist_min= tensor(30.2234) dist_max= tensor(23154.1941)
params_min,params_max=params_new,params_max
evaluating model at params_new={'a1': 0.6928203230275509, 'a2': 2.921186973360886, 'a3': 1.9705348785270709}
params_min= {'a1': 0.6928203230275509, 'a2': 2.921186973360886, 'a3': 1.9705348785254437} logZ_min= nan obs_min= 0.2997912985455819
params_new= {'a1': 0.6928203230275509, 'a2': 2.921186973360886, 'a3': 1.9705348785270709} logZ_new= nan obs_new= 7.271358782309795e-26
params_max= {'a1': 0.6928203230275509, 'a2': 2.921186973360886, 'a3': 1.9705348785286978} logZ_max= 3.144654518914807 obs_max= 0.29747966096430906
dist_min= tensor(42.7237) dist_max= tensor(23154.0600)
params_min,params_max=params_new,params_max
evaluating model at params_new={'a1': 0.6928203230275509, 'a2': 2.921186973360886, 'a3': 1.9705348785278844}
params_min= {'a1': 0.6928203230275509, 'a2': 2.921186973360886, 'a3': 1.9705348785270709} logZ_min= nan obs_min= 7.271358782309795e-26
params_new= {'a1': 0.6928203230275509, 'a2': 2.921186973360886, 'a3': 1.9705348785278844} logZ_new= nan obs_new= 0.2952220565089011
params_max= {'a1': 0.6928203230275509, 'a2': 2.921186973360886, 'a3': 1.9705348785286978} logZ_max= 3.144654518914807 obs_max= 0.29747966096430906
dist_min= tensor(195.5024) dist_max= tensor(23155.0847)
params_min,params_max=params_new,params_max
evaluating model at params_new={'a1': 0.6928203230275509, 'a2': 2.921186973360886, 'a3': 1.9705348785282912}
params_min= {'a1': 0.6928203230275509, 'a2': 2.921186973360886, 'a3': 1.9705348785278844} logZ_min= nan obs_min= 0.2952220565089011
params_new= {'a1': 0.6928203230275509, 'a2': 2.921186973360886, 'a3': 1.9705348785282912} logZ_new= 3.1404985716097404 obs_new= 6.844344718538342e-28
params_max= {'a1': 0.6928203230275509, 'a2': 2.921186973360886, 'a3': 1.9705348785286978} logZ_max= 3.144654518914807 obs_max= 0.29747966096430906
dist_min= tensor(245.8832) dist_max= tensor(23154.5477)
params_min,params_max=params_new,params_max
evaluating model at params_new={'a1': 0.6928203230275509, 'a2': 2.921186973360886, 'a3': 1.9705348785284946}
params_min= {'a1': 0.6928203230275509, 'a2': 2.921186973360886, 'a3': 1.9705348785282912} logZ_min= 3.1404985716097404 obs_min= 6.844344718538342e-28
params_new= {'a1': 0.6928203230275509, 'a2': 2.921186973360886, 'a3': 1.9705348785284946} logZ_new= nan obs_new= 0.30267216164454636
params_max= {'a1': 0.6928203230275509, 'a2': 2.921186973360886, 'a3': 1.9705348785286978} logZ_max= 3.144654518914807 obs_max= 0.29747966096430906
dist_min= tensor(152.3886) dist_max= tensor(23154.2658)
params_min,params_max=params_new,params_max
evaluating model at params_new={'a1': 0.6928203230275509, 'a2': 2.921186973360886, 'a3': 1.9705348785285963}
params_min= {'a1': 0.6928203230275509, 'a2': 2.921186973360886, 'a3': 1.9705348785284946} logZ_min= nan obs_min= 0.30267216164454636
params_new= {'a1': 0.6928203230275509, 'a2': 2.921186973360886, 'a3': 1.9705348785285963} logZ_new= nan obs_new= 0.2964174933234062
params_max= {'a1': 0.6928203230275509, 'a2': 2.921186973360886, 'a3': 1.9705348785286978} logZ_max= 3.144654518914807 obs_max= 0.29747966096430906
dist_min= tensor(13.7351) dist_max= tensor(23154.2140)
params_min,params_max=params_new,params_max
evaluating model at params_new={'a1': 0.6928203230275509, 'a2': 2.921186973360886, 'a3': 1.970534878528647}
params_min= {'a1': 0.6928203230275509, 'a2': 2.921186973360886, 'a3': 1.9705348785285963} logZ_min= nan obs_min= 0.2964174933234062
params_new= {'a1': 0.6928203230275509, 'a2': 2.921186973360886, 'a3': 1.970534878528647} logZ_new= 3.1436524409764672 obs_new= 0.3044359139822018
params_max= {'a1': 0.6928203230275509, 'a2': 2.921186973360886, 'a3': 1.9705348785286978} logZ_max= 3.144654518914807 obs_max= 0.29747966096430906
dist_min= tensor(13.8399) dist_max= tensor(23154.2898)
params_min,params_max=params_new,params_max
evaluating model at params_new={'a1': 0.6928203230275509, 'a2': 2.921186973360886, 'a3': 1.9705348785286723}
params_min= {'a1': 0.6928203230275509, 'a2': 2.921186973360886, 'a3': 1.970534878528647} logZ_min= 3.1436524409764672 obs_min= 0.3044359139822018
params_new= {'a1': 0.6928203230275509, 'a2': 2.921186973360886, 'a3': 1.9705348785286723} logZ_new= 3.1428275562536303 obs_new= 6.6575638316266e-24
params_max= {'a1': 0.6928203230275509, 'a2': 2.921186973360886, 'a3': 1.9705348785286978} logZ_max= 3.144654518914807 obs_max= 0.29747966096430906
dist_min= tensor(2.0780) dist_max= tensor(23154.0112)
params_min,params_max=params_new,params_max
evaluating model at params_new={'a1': 0.6928203230275509, 'a2': 2.921186973360886, 'a3': 1.9705348785286851}
params_min= {'a1': 0.6928203230275509, 'a2': 2.921186973360886, 'a3': 1.9705348785286723} logZ_min= 3.1428275562536303 obs_min= 6.6575638316266e-24
params_new= {'a1': 0.6928203230275509, 'a2': 2.921186973360886, 'a3': 1.9705348785286851} logZ_new= 3.1447954817364905 obs_new= 0.29518541139632504
params_max= {'a1': 0.6928203230275509, 'a2': 2.921186973360886, 'a3': 1.9705348785286978} logZ_max= 3.144654518914807 obs_max= 0.29747966096430906
dist_min= tensor(1944.7596) dist_max= tensor(23235.7844)
params_min,params_max=params_new,params_max
evaluating model at params_new={'a1': 0.6928203230275509, 'a2': 2.921186973360886, 'a3': 1.9705348785286914}
params_min= {'a1': 0.6928203230275509, 'a2': 2.921186973360886, 'a3': 1.9705348785286851} logZ_min= 3.1447954817364905 obs_min= 0.29518541139632504
params_new= {'a1': 0.6928203230275509, 'a2': 2.921186973360886, 'a3': 1.9705348785286914} logZ_new= 3.143454553538102 obs_new= 0.30756234527938003
params_max= {'a1': 0.6928203230275509, 'a2': 2.921186973360886, 'a3': 1.9705348785286978} logZ_max= 3.144654518914807 obs_max= 0.29747966096430906
dist_min= tensor(1945.0376) dist_max= tensor(23154.2891)
params_min,params_max=params_new,params_max
evaluating model at params_new={'a1': 0.6928203230275509, 'a2': 2.921186973360886, 'a3': 1.9705348785286945}
params_min= {'a1': 0.6928203230275509, 'a2': 2.921186973360886, 'a3': 1.9705348785286914} logZ_min= 3.143454553538102 obs_min= 0.30756234527938003
params_new= {'a1': 0.6928203230275509, 'a2': 2.921186973360886, 'a3': 1.9705348785286945} logZ_new= 3.1444143386090695 obs_new= 0.305332415375826
params_max= {'a1': 0.6928203230275509, 'a2': 2.921186973360886, 'a3': 1.9705348785286978} logZ_max= 3.144654518914807 obs_max= 0.29747966096430906
dist_min= tensor(1382.0784) dist_max= tensor(23191.8000)
params_min,params_max=params_new,params_max
evaluating model at params_new={'a1': 0.6928203230275509, 'a2': 2.921186973360886, 'a3': 1.9705348785286962}
params_min= {'a1': 0.6928203230275509, 'a2': 2.921186973360886, 'a3': 1.9705348785286945} logZ_min= 3.1444143386090695 obs_min= 0.305332415375826
params_new= {'a1': 0.6928203230275509, 'a2': 2.921186973360886, 'a3': 1.9705348785286962} logZ_new= 3.1447130498555564 obs_new= 0.30001679805502074
params_max= {'a1': 0.6928203230275509, 'a2': 2.921186973360886, 'a3': 1.9705348785286978} logZ_max= 3.144654518914807 obs_max= 0.29747966096430906
dist_min= tensor(1388.5657) dist_max= tensor(23154.9515)
params_min,params_max=params_new,params_max
evaluating model at params_new={'a1': 0.6928203230275509, 'a2': 2.921186973360886, 'a3': 1.9705348785286971}
params_min= {'a1': 0.6928203230275509, 'a2': 2.921186973360886, 'a3': 1.9705348785286962} logZ_min= 3.1447130498555564 obs_min= 0.30001679805502074
params_new= {'a1': 0.6928203230275509, 'a2': 2.921186973360886, 'a3': 1.9705348785286971} logZ_new= nan obs_new= 0.28367132943318674
params_max= {'a1': 0.6928203230275509, 'a2': 2.921186973360886, 'a3': 1.9705348785286978} logZ_max= 3.144654518914807 obs_max= 0.29747966096430906
dist_min= tensor(177.9148) dist_max= tensor(23154.2894)
params_min,params_max=params_new,params_max
evaluating model at params_new={'a1': 0.6928203230275509, 'a2': 2.921186973360886, 'a3': 1.9705348785286976}
params_min= {'a1': 0.6928203230275509, 'a2': 2.921186973360886, 'a3': 1.9705348785286971} logZ_min= nan obs_min= 0.28367132943318674
params_new= {'a1': 0.6928203230275509, 'a2': 2.921186973360886, 'a3': 1.9705348785286976} logZ_new= 3.142330177200443 obs_new= 2.1173733221322424e-27
params_max= {'a1': 0.6928203230275509, 'a2': 2.921186973360886, 'a3': 1.9705348785286978} logZ_max= 3.144654518914807 obs_max= 0.29747966096430906
dist_min= tensor(2.8897) dist_max= tensor(23154.0510)
params_min,params_max=params_new,params_max
critical params found:  {'a1': 0.6928203230275509, 'a2': 2.921186973360886, 'a3': 1.9705348785286976}
reference params:  {'a1': 1.1547005383792515, 'a2': 1.8257418583505538, 'a3': 4.47213595499958}
file saved to  data/AKLT3D_X10_scan_grid_critical_a3/a1_0.6928203_a2_2.9211870/Tc.json
