Start running find_critical_temp.py with options:{'filename': 'data/AKLT3D_X10_scan_grid_critical_a3/a1_0.6928203_a2_1.4605935/Tc.json', 'log_filename': 'data/AKLT3D_X10_scan_grid_critical_a3/a1_0.6928203_a2_1.4605935/Tc.log', 'nLayers': 60, 'max_dim': 10, 'model': 'AKLT3D', 'params_min': "{'a1': 0.6928203230275509, 'a2': 1.460593486680443, 'a3': 2.683281572999748}", 'params_max': "{'a1': 0.6928203230275509, 'a2': 1.460593486680443, 'a3': 3.577708763999664}", 'params_ref': None, 'observable_name': 'magnetizationZ', 'tol': 0.0, 'gilt_enabled': False, 'gilt_eps': 8e-07, 'gilt_nIter': 1, 'mcf_enabled': True, 'mcf_eps': 1e-16, 'mcf_max_iter': 200, 'hotrg_sanity_check': False, 'version': 1, 'device': 'cuda:1'}
loading library...
evaluating model at params_min={'a1': 0.6928203230275509, 'a2': 1.460593486680443, 'a3': 2.683281572999748}
params_min= {'a1': 0.6928203230275509, 'a2': 1.460593486680443, 'a3': 2.683281572999748} logZ_min= nan obs_min= 7.940770051104546e-33
evaluating model at params_max={'a1': 0.6928203230275509, 'a2': 1.460593486680443, 'a3': 3.577708763999664}
params_max= {'a1': 0.6928203230275509, 'a2': 1.460593486680443, 'a3': 3.577708763999664} logZ_max= 2.645711581295272 obs_max= 7.015870010921749
searching for critical temperature using bisection method
evaluating model at params_new={'a1': 0.6928203230275509, 'a2': 1.460593486680443, 'a3': 3.130495168499706}
params_min= {'a1': 0.6928203230275509, 'a2': 1.460593486680443, 'a3': 2.683281572999748} logZ_min= nan obs_min= 7.940770051104546e-33
params_new= {'a1': 0.6928203230275509, 'a2': 1.460593486680443, 'a3': 3.130495168499706} logZ_new= 2.58948298885582 obs_new= 1.1869147599814475e-31
params_max= {'a1': 0.6928203230275509, 'a2': 1.460593486680443, 'a3': 3.577708763999664} logZ_max= 2.645711581295272 obs_max= 7.015870010921749
dist_min= tensor(42006.4944) dist_max= tensor(229.1167)
params_min,params_max=params_min,params_new
evaluating model at params_new={'a1': 0.6928203230275509, 'a2': 1.460593486680443, 'a3': 2.9068883707497273}
params_min= {'a1': 0.6928203230275509, 'a2': 1.460593486680443, 'a3': 2.683281572999748} logZ_min= nan obs_min= 7.940770051104546e-33
params_new= {'a1': 0.6928203230275509, 'a2': 1.460593486680443, 'a3': 2.9068883707497273} logZ_new= nan obs_new= 1.1671035109194784e-33
params_max= {'a1': 0.6928203230275509, 'a2': 1.460593486680443, 'a3': 3.130495168499706} logZ_max= 2.58948298885582 obs_max= 1.1869147599814475e-31
dist_min= tensor(42050.2895) dist_max= tensor(229.0328)
params_min,params_max=params_min,params_new
evaluating model at params_new={'a1': 0.6928203230275509, 'a2': 1.460593486680443, 'a3': 2.7950849718747377}
params_min= {'a1': 0.6928203230275509, 'a2': 1.460593486680443, 'a3': 2.683281572999748} logZ_min= nan obs_min= 7.940770051104546e-33
params_new= {'a1': 0.6928203230275509, 'a2': 1.460593486680443, 'a3': 2.7950849718747377} logZ_new= 2.5751695737126816 obs_new= 4.326083597896915e-31
params_max= {'a1': 0.6928203230275509, 'a2': 1.460593486680443, 'a3': 2.9068883707497273} logZ_max= nan obs_max= 1.1671035109194784e-33
dist_min= tensor(41311.0450) dist_max= tensor(739.2812)
params_min,params_max=params_min,params_new
evaluating model at params_new={'a1': 0.6928203230275509, 'a2': 1.460593486680443, 'a3': 2.739183272437243}
params_min= {'a1': 0.6928203230275509, 'a2': 1.460593486680443, 'a3': 2.683281572999748} logZ_min= nan obs_min= 7.940770051104546e-33
params_new= {'a1': 0.6928203230275509, 'a2': 1.460593486680443, 'a3': 2.739183272437243} logZ_new= nan obs_new= 4.809699242058628e-32
params_max= {'a1': 0.6928203230275509, 'a2': 1.460593486680443, 'a3': 2.7950849718747377} logZ_max= 2.5751695737126816 obs_max= 4.326083597896915e-31
dist_min= tensor(39583.9951) dist_max= tensor(1727.0574)
params_min,params_max=params_min,params_new
evaluating model at params_new={'a1': 0.6928203230275509, 'a2': 1.460593486680443, 'a3': 2.7112324227184956}
params_min= {'a1': 0.6928203230275509, 'a2': 1.460593486680443, 'a3': 2.683281572999748} logZ_min= nan obs_min= 7.940770051104546e-33
params_new= {'a1': 0.6928203230275509, 'a2': 1.460593486680443, 'a3': 2.7112324227184956} logZ_new= nan obs_new= 1.437644328159426e-31
params_max= {'a1': 0.6928203230275509, 'a2': 1.460593486680443, 'a3': 2.739183272437243} logZ_max= nan obs_max= 4.809699242058628e-32
dist_min= tensor(35507.4561) dist_max= tensor(4076.5930)
params_min,params_max=params_min,params_new
evaluating model at params_new={'a1': 0.6928203230275509, 'a2': 1.460593486680443, 'a3': 2.697256997859122}
params_min= {'a1': 0.6928203230275509, 'a2': 1.460593486680443, 'a3': 2.683281572999748} logZ_min= nan obs_min= 7.940770051104546e-33
params_new= {'a1': 0.6928203230275509, 'a2': 1.460593486680443, 'a3': 2.697256997859122} logZ_new= nan obs_new= 1.4418364760070553e-32
params_max= {'a1': 0.6928203230275509, 'a2': 1.460593486680443, 'a3': 2.7112324227184956} logZ_max= nan obs_max= 1.437644328159426e-31
dist_min= tensor(28482.4475) dist_max= tensor(7025.0338)
params_min,params_max=params_min,params_new
evaluating model at params_new={'a1': 0.6928203230275509, 'a2': 1.460593486680443, 'a3': 2.690269285429435}
params_min= {'a1': 0.6928203230275509, 'a2': 1.460593486680443, 'a3': 2.683281572999748} logZ_min= nan obs_min= 7.940770051104546e-33
params_new= {'a1': 0.6928203230275509, 'a2': 1.460593486680443, 'a3': 2.690269285429435} logZ_new= nan obs_new= 8.647054653134159e-31
params_max= {'a1': 0.6928203230275509, 'a2': 1.460593486680443, 'a3': 2.697256997859122} logZ_max= nan obs_max= 1.4418364760070553e-32
dist_min= tensor(19921.3946) dist_max= tensor(8561.0545)
params_min,params_max=params_min,params_new
evaluating model at params_new={'a1': 0.6928203230275509, 'a2': 1.460593486680443, 'a3': 2.686775429214592}
params_min= {'a1': 0.6928203230275509, 'a2': 1.460593486680443, 'a3': 2.683281572999748} logZ_min= nan obs_min= 7.940770051104546e-33
params_new= {'a1': 0.6928203230275509, 'a2': 1.460593486680443, 'a3': 2.686775429214592} logZ_new= nan obs_new= 7.900952663714782e-34
params_max= {'a1': 0.6928203230275509, 'a2': 1.460593486680443, 'a3': 2.690269285429435} logZ_max= nan obs_max= 8.647054653134159e-31
dist_min= tensor(12296.6134) dist_max= tensor(7624.7821)
params_min,params_max=params_min,params_new
evaluating model at params_new={'a1': 0.6928203230275509, 'a2': 1.460593486680443, 'a3': 2.68502850110717}
params_min= {'a1': 0.6928203230275509, 'a2': 1.460593486680443, 'a3': 2.683281572999748} logZ_min= nan obs_min= 7.940770051104546e-33
params_new= {'a1': 0.6928203230275509, 'a2': 1.460593486680443, 'a3': 2.68502850110717} logZ_new= 2.5730944147422434 obs_new= 2.485238377221051e-31
params_max= {'a1': 0.6928203230275509, 'a2': 1.460593486680443, 'a3': 2.686775429214592} logZ_max= nan obs_max= 7.900952663714782e-34
dist_min= tensor(6934.9997) dist_max= tensor(5361.6172)
params_min,params_max=params_min,params_new
evaluating model at params_new={'a1': 0.6928203230275509, 'a2': 1.460593486680443, 'a3': 2.684155037053459}
params_min= {'a1': 0.6928203230275509, 'a2': 1.460593486680443, 'a3': 2.683281572999748} logZ_min= nan obs_min= 7.940770051104546e-33
params_new= {'a1': 0.6928203230275509, 'a2': 1.460593486680443, 'a3': 2.684155037053459} logZ_new= 2.5730697891592005 obs_new= 2.3423808323651328e-32
params_max= {'a1': 0.6928203230275509, 'a2': 1.460593486680443, 'a3': 2.68502850110717} logZ_max= 2.5730944147422434 obs_max= 2.485238377221051e-31
dist_min= tensor(3700.1937) dist_max= tensor(3236.0724)
params_min,params_max=params_min,params_new
evaluating model at params_new={'a1': 0.6928203230275509, 'a2': 1.460593486680443, 'a3': 2.683718305026604}
params_min= {'a1': 0.6928203230275509, 'a2': 1.460593486680443, 'a3': 2.683281572999748} logZ_min= nan obs_min= 7.940770051104546e-33
params_new= {'a1': 0.6928203230275509, 'a2': 1.460593486680443, 'a3': 2.683718305026604} logZ_new= nan obs_new= 4.960176615600454e-33
params_max= {'a1': 0.6928203230275509, 'a2': 1.460593486680443, 'a3': 2.684155037053459} logZ_max= 2.5730697891592005 obs_max= 2.3423808323651328e-32
dist_min= tensor(1914.1879) dist_max= tensor(1789.0763)
params_min,params_max=params_min,params_new
evaluating model at params_new={'a1': 0.6928203230275509, 'a2': 1.460593486680443, 'a3': 2.683499939013176}
params_min= {'a1': 0.6928203230275509, 'a2': 1.460593486680443, 'a3': 2.683281572999748} logZ_min= nan obs_min= 7.940770051104546e-33
params_new= {'a1': 0.6928203230275509, 'a2': 1.460593486680443, 'a3': 2.683499939013176} logZ_new= nan obs_new= 4.889782044405941e-33
params_max= {'a1': 0.6928203230275509, 'a2': 1.460593486680443, 'a3': 2.683718305026604} logZ_max= nan obs_max= 4.960176615600454e-33
dist_min= tensor(973.1607) dist_max= tensor(942.5407)
params_min,params_max=params_min,params_new
evaluating model at params_new={'a1': 0.6928203230275509, 'a2': 1.460593486680443, 'a3': 2.683390756006462}
params_min= {'a1': 0.6928203230275509, 'a2': 1.460593486680443, 'a3': 2.683281572999748} logZ_min= nan obs_min= 7.940770051104546e-33
params_new= {'a1': 0.6928203230275509, 'a2': 1.460593486680443, 'a3': 2.683390756006462} logZ_new= nan obs_new= 3.820082168997473e-33
params_max= {'a1': 0.6928203230275509, 'a2': 1.460593486680443, 'a3': 2.683499939013176} logZ_max= nan obs_max= 4.889782044405941e-33
dist_min= tensor(490.8120) dist_max= tensor(482.3599)
params_min,params_max=params_min,params_new
evaluating model at params_new={'a1': 0.6928203230275509, 'a2': 1.460593486680443, 'a3': 2.683336164503105}
params_min= {'a1': 0.6928203230275509, 'a2': 1.460593486680443, 'a3': 2.683281572999748} logZ_min= nan obs_min= 7.940770051104546e-33
params_new= {'a1': 0.6928203230275509, 'a2': 1.460593486680443, 'a3': 2.683336164503105} logZ_new= 2.573046706982016 obs_new= 3.3022941772036195e-32
params_max= {'a1': 0.6928203230275509, 'a2': 1.460593486680443, 'a3': 2.683390756006462} logZ_max= nan obs_max= 3.820082168997473e-33
dist_min= tensor(246.5636) dist_max= tensor(244.3559)
params_min,params_max=params_min,params_new
evaluating model at params_new={'a1': 0.6928203230275509, 'a2': 1.460593486680443, 'a3': 2.6833088687514266}
params_min= {'a1': 0.6928203230275509, 'a2': 1.460593486680443, 'a3': 2.683281572999748} logZ_min= nan obs_min= 7.940770051104546e-33
params_new= {'a1': 0.6928203230275509, 'a2': 1.460593486680443, 'a3': 2.6833088687514266} logZ_new= nan obs_new= 2.128242789273364e-34
params_max= {'a1': 0.6928203230275509, 'a2': 1.460593486680443, 'a3': 2.683336164503105} logZ_max= 2.573046706982016 obs_max= 3.3022941772036195e-32
dist_min= tensor(123.6453) dist_max= tensor(122.9958)
params_min,params_max=params_min,params_new
evaluating model at params_new={'a1': 0.6928203230275509, 'a2': 1.460593486680443, 'a3': 2.6832952208755874}
params_min= {'a1': 0.6928203230275509, 'a2': 1.460593486680443, 'a3': 2.683281572999748} logZ_min= nan obs_min= 7.940770051104546e-33
params_new= {'a1': 0.6928203230275509, 'a2': 1.460593486680443, 'a3': 2.6832952208755874} logZ_new= nan obs_new= 1.4812162668360066e-32
params_max= {'a1': 0.6928203230275509, 'a2': 1.460593486680443, 'a3': 2.6833088687514266} logZ_max= nan obs_max= 2.128242789273364e-34
dist_min= tensor(62.5987) dist_max= tensor(62.1737)
params_min,params_max=params_min,params_new
evaluating model at params_new={'a1': 0.6928203230275509, 'a2': 1.460593486680443, 'a3': 2.6832883969376677}
params_min= {'a1': 0.6928203230275509, 'a2': 1.460593486680443, 'a3': 2.683281572999748} logZ_min= nan obs_min= 7.940770051104546e-33
params_new= {'a1': 0.6928203230275509, 'a2': 1.460593486680443, 'a3': 2.6832883969376677} logZ_new= nan obs_new= 8.83540794109593e-32
params_max= {'a1': 0.6928203230275509, 'a2': 1.460593486680443, 'a3': 2.6832952208755874} logZ_max= nan obs_max= 1.4812162668360066e-32
dist_min= tensor(60.6683) dist_max= tensor(66.2706)
params_min,params_max=params_new,params_max
evaluating model at params_new={'a1': 0.6928203230275509, 'a2': 1.460593486680443, 'a3': 2.6832918089066276}
params_min= {'a1': 0.6928203230275509, 'a2': 1.460593486680443, 'a3': 2.6832883969376677} logZ_min= nan obs_min= 8.83540794109593e-32
params_new= {'a1': 0.6928203230275509, 'a2': 1.460593486680443, 'a3': 2.6832918089066276} logZ_new= 2.5730454568166126 obs_new= 1.3003986154398512e-31
params_max= {'a1': 0.6928203230275509, 'a2': 1.460593486680443, 'a3': 2.6832952208755874} logZ_max= nan obs_max= 1.4812162668360066e-32
dist_min= tensor(60.2803) dist_max= tensor(17.2957)
params_min,params_max=params_min,params_new
evaluating model at params_new={'a1': 0.6928203230275509, 'a2': 1.460593486680443, 'a3': 2.6832901029221476}
params_min= {'a1': 0.6928203230275509, 'a2': 1.460593486680443, 'a3': 2.6832883969376677} logZ_min= nan obs_min= 8.83540794109593e-32
params_new= {'a1': 0.6928203230275509, 'a2': 1.460593486680443, 'a3': 2.6832901029221476} logZ_new= 2.573045408733569 obs_new= 1.1698403677780355e-32
params_max= {'a1': 0.6928203230275509, 'a2': 1.460593486680443, 'a3': 2.6832918089066276} logZ_max= 2.5730454568166126 obs_max= 1.3003986154398512e-31
dist_min= tensor(59.8319) dist_max= tensor(13.8160)
params_min,params_max=params_min,params_new
evaluating model at params_new={'a1': 0.6928203230275509, 'a2': 1.460593486680443, 'a3': 2.6832892499299077}
params_min= {'a1': 0.6928203230275509, 'a2': 1.460593486680443, 'a3': 2.6832883969376677} logZ_min= nan obs_min= 8.83540794109593e-32
params_new= {'a1': 0.6928203230275509, 'a2': 1.460593486680443, 'a3': 2.6832892499299077} logZ_new= nan obs_new= 3.347933205914727e-32
params_max= {'a1': 0.6928203230275509, 'a2': 1.460593486680443, 'a3': 2.6832901029221476} logZ_max= 2.573045408733569 obs_max= 1.1698403677780355e-32
dist_min= tensor(58.5210) dist_max= tensor(6.7140)
params_min,params_max=params_min,params_new
evaluating model at params_new={'a1': 0.6928203230275509, 'a2': 1.460593486680443, 'a3': 2.683288823433788}
params_min= {'a1': 0.6928203230275509, 'a2': 1.460593486680443, 'a3': 2.6832883969376677} logZ_min= nan obs_min= 8.83540794109593e-32
params_new= {'a1': 0.6928203230275509, 'a2': 1.460593486680443, 'a3': 2.683288823433788} logZ_new= 2.5730453726713054 obs_new= 3.8831040006358537e-31
params_max= {'a1': 0.6928203230275509, 'a2': 1.460593486680443, 'a3': 2.6832892499299077} logZ_max= nan obs_max= 3.347933205914727e-32
dist_min= tensor(58.5832) dist_max= tensor(6.5148)
params_min,params_max=params_min,params_new
evaluating model at params_new={'a1': 0.6928203230275509, 'a2': 1.460593486680443, 'a3': 2.683288610185728}
params_min= {'a1': 0.6928203230275509, 'a2': 1.460593486680443, 'a3': 2.6832883969376677} logZ_min= nan obs_min= 8.83540794109593e-32
params_new= {'a1': 0.6928203230275509, 'a2': 1.460593486680443, 'a3': 2.683288610185728} logZ_new= 2.573045366660927 obs_new= 9.449844786461668e-32
params_max= {'a1': 0.6928203230275509, 'a2': 1.460593486680443, 'a3': 2.683288823433788} logZ_max= 2.5730453726713054 obs_max= 3.8831040006358537e-31
dist_min= tensor(58.5555) dist_max= tensor(1.0043)
params_min,params_max=params_min,params_new
evaluating model at params_new={'a1': 0.6928203230275509, 'a2': 1.460593486680443, 'a3': 2.683288503561698}
params_min= {'a1': 0.6928203230275509, 'a2': 1.460593486680443, 'a3': 2.6832883969376677} logZ_min= nan obs_min= 8.83540794109593e-32
params_new= {'a1': 0.6928203230275509, 'a2': 1.460593486680443, 'a3': 2.683288503561698} logZ_new= 2.5730453636556887 obs_new= 1.2690273924347192e-32
params_max= {'a1': 0.6928203230275509, 'a2': 1.460593486680443, 'a3': 2.683288610185728} logZ_max= 2.573045366660927 obs_max= 9.449844786461668e-32
dist_min= tensor(58.3811) dist_max= tensor(2.9805)
params_min,params_max=params_min,params_new
evaluating model at params_new={'a1': 0.6928203230275509, 'a2': 1.460593486680443, 'a3': 2.683288450249683}
params_min= {'a1': 0.6928203230275509, 'a2': 1.460593486680443, 'a3': 2.6832883969376677} logZ_min= nan obs_min= 8.83540794109593e-32
params_new= {'a1': 0.6928203230275509, 'a2': 1.460593486680443, 'a3': 2.683288450249683} logZ_new= nan obs_new= 1.2872437670459083e-32
params_max= {'a1': 0.6928203230275509, 'a2': 1.460593486680443, 'a3': 2.683288503561698} logZ_max= 2.5730453636556887 obs_max= 1.2690273924347192e-32
dist_min= tensor(39.3947) dist_max= tensor(19.5459)
params_min,params_max=params_min,params_new
evaluating model at params_new={'a1': 0.6928203230275509, 'a2': 1.460593486680443, 'a3': 2.6832884235936754}
params_min= {'a1': 0.6928203230275509, 'a2': 1.460593486680443, 'a3': 2.6832883969376677} logZ_min= nan obs_min= 8.83540794109593e-32
params_new= {'a1': 0.6928203230275509, 'a2': 1.460593486680443, 'a3': 2.6832884235936754} logZ_new= 2.5730453614018503 obs_new= 1.2068081273124889e-31
params_max= {'a1': 0.6928203230275509, 'a2': 1.460593486680443, 'a3': 2.683288450249683} logZ_max= nan obs_max= 1.2872437670459083e-32
dist_min= tensor(58.5513) dist_max= tensor(19.6154)
params_min,params_max=params_min,params_new
evaluating model at params_new={'a1': 0.6928203230275509, 'a2': 1.460593486680443, 'a3': 2.6832884102656713}
params_min= {'a1': 0.6928203230275509, 'a2': 1.460593486680443, 'a3': 2.6832883969376677} logZ_min= nan obs_min= 8.83540794109593e-32
params_new= {'a1': 0.6928203230275509, 'a2': 1.460593486680443, 'a3': 2.6832884102656713} logZ_new= nan obs_new= 5.097021817886187e-33
params_max= {'a1': 0.6928203230275509, 'a2': 1.460593486680443, 'a3': 2.6832884235936754} logZ_max= 2.5730453614018503 obs_max= 1.2068081273124889e-31
dist_min= tensor(58.1759) dist_max= tensor(6.1498)
params_min,params_max=params_min,params_new
evaluating model at params_new={'a1': 0.6928203230275509, 'a2': 1.460593486680443, 'a3': 2.6832884036016695}
params_min= {'a1': 0.6928203230275509, 'a2': 1.460593486680443, 'a3': 2.6832883969376677} logZ_min= nan obs_min= 8.83540794109593e-32
params_new= {'a1': 0.6928203230275509, 'a2': 1.460593486680443, 'a3': 2.6832884036016695} logZ_new= 2.573045360838284 obs_new= 3.267095029629171e-32
params_max= {'a1': 0.6928203230275509, 'a2': 1.460593486680443, 'a3': 2.6832884102656713} logZ_max= nan obs_max= 5.097021817886187e-33
dist_min= tensor(58.5133) dist_max= tensor(6.1429)
params_min,params_max=params_min,params_new
evaluating model at params_new={'a1': 0.6928203230275509, 'a2': 1.460593486680443, 'a3': 2.6832884002696686}
params_min= {'a1': 0.6928203230275509, 'a2': 1.460593486680443, 'a3': 2.6832883969376677} logZ_min= nan obs_min= 8.83540794109593e-32
params_new= {'a1': 0.6928203230275509, 'a2': 1.460593486680443, 'a3': 2.6832884002696686} logZ_new= 2.573045360744294 obs_new= 7.161227949506628e-32
params_max= {'a1': 0.6928203230275509, 'a2': 1.460593486680443, 'a3': 2.6832884036016695} logZ_max= 2.573045360838284 obs_max= 3.267095029629171e-32
dist_min= tensor(61.5146) dist_max= tensor(19.5061)
params_min,params_max=params_min,params_new
evaluating model at params_new={'a1': 0.6928203230275509, 'a2': 1.460593486680443, 'a3': 2.6832883986036684}
params_min= {'a1': 0.6928203230275509, 'a2': 1.460593486680443, 'a3': 2.6832883969376677} logZ_min= nan obs_min= 8.83540794109593e-32
params_new= {'a1': 0.6928203230275509, 'a2': 1.460593486680443, 'a3': 2.6832883986036684} logZ_new= nan obs_new= 2.827404819670502e-32
params_max= {'a1': 0.6928203230275509, 'a2': 1.460593486680443, 'a3': 2.6832884002696686} logZ_max= 2.573045360744294 obs_max= 7.161227949506628e-32
dist_min= tensor(56.2648) dist_max= tensor(19.6076)
params_min,params_max=params_min,params_new
evaluating model at params_new={'a1': 0.6928203230275509, 'a2': 1.460593486680443, 'a3': 2.683288397770668}
params_min= {'a1': 0.6928203230275509, 'a2': 1.460593486680443, 'a3': 2.6832883969376677} logZ_min= nan obs_min= 8.83540794109593e-32
params_new= {'a1': 0.6928203230275509, 'a2': 1.460593486680443, 'a3': 2.683288397770668} logZ_new= 2.5730453606737735 obs_new= 2.0952003991593767e-32
params_max= {'a1': 0.6928203230275509, 'a2': 1.460593486680443, 'a3': 2.6832883986036684} logZ_max= nan obs_max= 2.827404819670502e-32
dist_min= tensor(58.2481) dist_max= tensor(2.1221)
params_min,params_max=params_min,params_new
evaluating model at params_new={'a1': 0.6928203230275509, 'a2': 1.460593486680443, 'a3': 2.683288397354168}
params_min= {'a1': 0.6928203230275509, 'a2': 1.460593486680443, 'a3': 2.6832883969376677} logZ_min= nan obs_min= 8.83540794109593e-32
params_new= {'a1': 0.6928203230275509, 'a2': 1.460593486680443, 'a3': 2.683288397354168} logZ_new= 2.573045360662236 obs_new= 4.6838475362519666e-32
params_max= {'a1': 0.6928203230275509, 'a2': 1.460593486680443, 'a3': 2.683288397770668} logZ_max= 2.5730453606737735 obs_max= 2.0952003991593767e-32
dist_min= tensor(61.8451) dist_max= tensor(20.1880)
params_min,params_max=params_min,params_new
evaluating model at params_new={'a1': 0.6928203230275509, 'a2': 1.460593486680443, 'a3': 2.683288397145918}
params_min= {'a1': 0.6928203230275509, 'a2': 1.460593486680443, 'a3': 2.6832883969376677} logZ_min= nan obs_min= 8.83540794109593e-32
params_new= {'a1': 0.6928203230275509, 'a2': 1.460593486680443, 'a3': 2.683288397145918} logZ_new= 2.57304536065626 obs_new= 1.4971896373050213e-33
params_max= {'a1': 0.6928203230275509, 'a2': 1.460593486680443, 'a3': 2.683288397354168} logZ_max= 2.573045360662236 obs_max= 4.6838475362519666e-32
dist_min= tensor(58.7139) dist_max= tensor(14.5389)
params_min,params_max=params_min,params_new
evaluating model at params_new={'a1': 0.6928203230275509, 'a2': 1.460593486680443, 'a3': 2.683288397041793}
params_min= {'a1': 0.6928203230275509, 'a2': 1.460593486680443, 'a3': 2.6832883969376677} logZ_min= nan obs_min= 8.83540794109593e-32
params_new= {'a1': 0.6928203230275509, 'a2': 1.460593486680443, 'a3': 2.683288397041793} logZ_new= nan obs_new= 2.4002557898286153e-32
params_max= {'a1': 0.6928203230275509, 'a2': 1.460593486680443, 'a3': 2.683288397145918} logZ_max= 2.57304536065626 obs_max= 1.4971896373050213e-33
dist_min= tensor(45.5651) dist_max= tensor(14.2136)
params_min,params_max=params_min,params_new
evaluating model at params_new={'a1': 0.6928203230275509, 'a2': 1.460593486680443, 'a3': 2.68328839698973}
params_min= {'a1': 0.6928203230275509, 'a2': 1.460593486680443, 'a3': 2.6832883969376677} logZ_min= nan obs_min= 8.83540794109593e-32
params_new= {'a1': 0.6928203230275509, 'a2': 1.460593486680443, 'a3': 2.68328839698973} logZ_new= nan obs_new= 2.470198891822186e-32
params_max= {'a1': 0.6928203230275509, 'a2': 1.460593486680443, 'a3': 2.683288397041793} logZ_max= nan obs_max= 2.4002557898286153e-32
dist_min= tensor(35.7996) dist_max= tensor(78.8889)
params_min,params_max=params_new,params_max
evaluating model at params_new={'a1': 0.6928203230275509, 'a2': 1.460593486680443, 'a3': 2.6832883970157617}
params_min= {'a1': 0.6928203230275509, 'a2': 1.460593486680443, 'a3': 2.68328839698973} logZ_min= nan obs_min= 2.470198891822186e-32
params_new= {'a1': 0.6928203230275509, 'a2': 1.460593486680443, 'a3': 2.6832883970157617} logZ_new= 2.573045360652678 obs_new= 3.5675924669871026e-32
params_max= {'a1': 0.6928203230275509, 'a2': 1.460593486680443, 'a3': 2.683288397041793} logZ_max= nan obs_max= 2.4002557898286153e-32
dist_min= tensor(92.0094) dist_max= tensor(13.5483)
params_min,params_max=params_min,params_new
evaluating model at params_new={'a1': 0.6928203230275509, 'a2': 1.460593486680443, 'a3': 2.683288397002746}
params_min= {'a1': 0.6928203230275509, 'a2': 1.460593486680443, 'a3': 2.68328839698973} logZ_min= nan obs_min= 2.470198891822186e-32
params_new= {'a1': 0.6928203230275509, 'a2': 1.460593486680443, 'a3': 2.683288397002746} logZ_new= 2.5730453606523644 obs_new= 5.2662679515239096e-33
params_max= {'a1': 0.6928203230275509, 'a2': 1.460593486680443, 'a3': 2.6832883970157617} logZ_max= 2.573045360652678 obs_max= 3.5675924669871026e-32
dist_min= tensor(92.5517) dist_max= tensor(6.2152)
params_min,params_max=params_min,params_new
evaluating model at params_new={'a1': 0.6928203230275509, 'a2': 1.460593486680443, 'a3': 2.683288396996238}
params_min= {'a1': 0.6928203230275509, 'a2': 1.460593486680443, 'a3': 2.68328839698973} logZ_min= nan obs_min= 2.470198891822186e-32
params_new= {'a1': 0.6928203230275509, 'a2': 1.460593486680443, 'a3': 2.683288396996238} logZ_new= nan obs_new= 1.585446731864305e-33
params_max= {'a1': 0.6928203230275509, 'a2': 1.460593486680443, 'a3': 2.683288397002746} logZ_max= 2.5730453606523644 obs_max= 5.2662679515239096e-33
dist_min= tensor(91.6466) dist_max= tensor(8.2858)
params_min,params_max=params_min,params_new
evaluating model at params_new={'a1': 0.6928203230275509, 'a2': 1.460593486680443, 'a3': 2.683288396992984}
params_min= {'a1': 0.6928203230275509, 'a2': 1.460593486680443, 'a3': 2.68328839698973} logZ_min= nan obs_min= 2.470198891822186e-32
params_new= {'a1': 0.6928203230275509, 'a2': 1.460593486680443, 'a3': 2.683288396992984} logZ_new= 2.573045360651934 obs_new= 8.272599496559491e-34
params_max= {'a1': 0.6928203230275509, 'a2': 1.460593486680443, 'a3': 2.683288396996238} logZ_max= nan obs_max= 1.585446731864305e-33
dist_min= tensor(112.1390) dist_max= tensor(62.7130)
params_min,params_max=params_min,params_new
evaluating model at params_new={'a1': 0.6928203230275509, 'a2': 1.460593486680443, 'a3': 2.6832883969913572}
params_min= {'a1': 0.6928203230275509, 'a2': 1.460593486680443, 'a3': 2.68328839698973} logZ_min= nan obs_min= 2.470198891822186e-32
params_new= {'a1': 0.6928203230275509, 'a2': 1.460593486680443, 'a3': 2.6832883969913572} logZ_new= 2.5730453606520665 obs_new= 3.909161714525115e-32
params_max= {'a1': 0.6928203230275509, 'a2': 1.460593486680443, 'a3': 2.683288396992984} logZ_max= 2.573045360651934 obs_max= 8.272599496559491e-34
dist_min= tensor(98.3430) dist_max= tensor(29.4831)
params_min,params_max=params_min,params_new
evaluating model at params_new={'a1': 0.6928203230275509, 'a2': 1.460593486680443, 'a3': 2.6832883969905437}
params_min= {'a1': 0.6928203230275509, 'a2': 1.460593486680443, 'a3': 2.68328839698973} logZ_min= nan obs_min= 2.470198891822186e-32
params_new= {'a1': 0.6928203230275509, 'a2': 1.460593486680443, 'a3': 2.6832883969905437} logZ_new= nan obs_new= 3.320216515593032e-33
params_max= {'a1': 0.6928203230275509, 'a2': 1.460593486680443, 'a3': 2.6832883969913572} logZ_max= 2.5730453606520665 obs_max= 3.909161714525115e-32
dist_min= tensor(91.6022) dist_max= tensor(34.8090)
params_min,params_max=params_min,params_new
evaluating model at params_new={'a1': 0.6928203230275509, 'a2': 1.460593486680443, 'a3': 2.683288396990137}
params_min= {'a1': 0.6928203230275509, 'a2': 1.460593486680443, 'a3': 2.68328839698973} logZ_min= nan obs_min= 2.470198891822186e-32
params_new= {'a1': 0.6928203230275509, 'a2': 1.460593486680443, 'a3': 2.683288396990137} logZ_new= nan obs_new= 2.8084176780526157e-32
params_max= {'a1': 0.6928203230275509, 'a2': 1.460593486680443, 'a3': 2.6832883969905437} logZ_max= nan obs_max= 3.320216515593032e-33
dist_min= tensor(90.1595) dist_max= tensor(1.6250)
params_min,params_max=params_min,params_new
evaluating model at params_new={'a1': 0.6928203230275509, 'a2': 1.460593486680443, 'a3': 2.6832883969899335}
params_min= {'a1': 0.6928203230275509, 'a2': 1.460593486680443, 'a3': 2.68328839698973} logZ_min= nan obs_min= 2.470198891822186e-32
params_new= {'a1': 0.6928203230275509, 'a2': 1.460593486680443, 'a3': 2.6832883969899335} logZ_new= 2.5730453606519976 obs_new= 3.9329108740850907e-31
params_max= {'a1': 0.6928203230275509, 'a2': 1.460593486680443, 'a3': 2.683288396990137} logZ_max= nan obs_max= 2.8084176780526157e-32
dist_min= tensor(91.8315) dist_max= tensor(2.2371)
params_min,params_max=params_min,params_new
evaluating model at params_new={'a1': 0.6928203230275509, 'a2': 1.460593486680443, 'a3': 2.683288396989832}
params_min= {'a1': 0.6928203230275509, 'a2': 1.460593486680443, 'a3': 2.68328839698973} logZ_min= nan obs_min= 2.470198891822186e-32
params_new= {'a1': 0.6928203230275509, 'a2': 1.460593486680443, 'a3': 2.683288396989832} logZ_new= nan obs_new= 2.3601310104440296e-32
params_max= {'a1': 0.6928203230275509, 'a2': 1.460593486680443, 'a3': 2.6832883969899335} logZ_max= 2.5730453606519976 obs_max= 3.9329108740850907e-31
dist_min= tensor(91.1783) dist_max= tensor(2.2958)
params_min,params_max=params_min,params_new
evaluating model at params_new={'a1': 0.6928203230275509, 'a2': 1.460593486680443, 'a3': 2.6832883969897807}
params_min= {'a1': 0.6928203230275509, 'a2': 1.460593486680443, 'a3': 2.68328839698973} logZ_min= nan obs_min= 2.470198891822186e-32
params_new= {'a1': 0.6928203230275509, 'a2': 1.460593486680443, 'a3': 2.6832883969897807} logZ_new= 2.5730453606520207 obs_new= 1.558939461621551e-31
params_max= {'a1': 0.6928203230275509, 'a2': 1.460593486680443, 'a3': 2.683288396989832} logZ_max= nan obs_max= 2.3601310104440296e-32
dist_min= tensor(92.4825) dist_max= tensor(9.2089)
params_min,params_max=params_min,params_new
evaluating model at params_new={'a1': 0.6928203230275509, 'a2': 1.460593486680443, 'a3': 2.6832883969897554}
params_min= {'a1': 0.6928203230275509, 'a2': 1.460593486680443, 'a3': 2.68328839698973} logZ_min= nan obs_min= 2.470198891822186e-32
params_new= {'a1': 0.6928203230275509, 'a2': 1.460593486680443, 'a3': 2.6832883969897554} logZ_new= 2.5730453606519843 obs_new= 4.017013473834893e-34
params_max= {'a1': 0.6928203230275509, 'a2': 1.460593486680443, 'a3': 2.6832883969897807} logZ_max= 2.5730453606520207 obs_max= 1.558939461621551e-31
dist_min= tensor(92.2357) dist_max= tensor(2.7158)
params_min,params_max=params_min,params_new
evaluating model at params_new={'a1': 0.6928203230275509, 'a2': 1.460593486680443, 'a3': 2.6832883969897425}
params_min= {'a1': 0.6928203230275509, 'a2': 1.460593486680443, 'a3': 2.68328839698973} logZ_min= nan obs_min= 2.470198891822186e-32
params_new= {'a1': 0.6928203230275509, 'a2': 1.460593486680443, 'a3': 2.6832883969897425} logZ_new= nan obs_new= 1.941576014413055e-33
params_max= {'a1': 0.6928203230275509, 'a2': 1.460593486680443, 'a3': 2.6832883969897554} logZ_max= 2.5730453606519843 obs_max= 4.017013473834893e-34
dist_min= tensor(91.5158) dist_max= tensor(6.7896)
params_min,params_max=params_min,params_new
evaluating model at params_new={'a1': 0.6928203230275509, 'a2': 1.460593486680443, 'a3': 2.6832883969897363}
params_min= {'a1': 0.6928203230275509, 'a2': 1.460593486680443, 'a3': 2.68328839698973} logZ_min= nan obs_min= 2.470198891822186e-32
params_new= {'a1': 0.6928203230275509, 'a2': 1.460593486680443, 'a3': 2.6832883969897363} logZ_new= 2.5730453606520194 obs_new= 2.0168619151614585e-31
params_max= {'a1': 0.6928203230275509, 'a2': 1.460593486680443, 'a3': 2.6832883969897425} logZ_max= nan obs_max= 1.941576014413055e-33
dist_min= tensor(92.1111) dist_max= tensor(1.3103)
params_min,params_max=params_min,params_new
evaluating model at params_new={'a1': 0.6928203230275509, 'a2': 1.460593486680443, 'a3': 2.683288396989733}
params_min= {'a1': 0.6928203230275509, 'a2': 1.460593486680443, 'a3': 2.68328839698973} logZ_min= nan obs_min= 2.470198891822186e-32
params_new= {'a1': 0.6928203230275509, 'a2': 1.460593486680443, 'a3': 2.683288396989733} logZ_new= 2.5730453606520167 obs_new= 2.771926917239007e-32
params_max= {'a1': 0.6928203230275509, 'a2': 1.460593486680443, 'a3': 2.6832883969897363} logZ_max= 2.5730453606520194 obs_max= 2.0168619151614585e-31
dist_min= tensor(92.2652) dist_max= tensor(7.0040)
params_min,params_max=params_min,params_new
evaluating model at params_new={'a1': 0.6928203230275509, 'a2': 1.460593486680443, 'a3': 2.683288396989732}
params_min= {'a1': 0.6928203230275509, 'a2': 1.460593486680443, 'a3': 2.68328839698973} logZ_min= nan obs_min= 2.470198891822186e-32
params_new= {'a1': 0.6928203230275509, 'a2': 1.460593486680443, 'a3': 2.683288396989732} logZ_new= 2.5730453606519927 obs_new= 7.552092459239784e-35
params_max= {'a1': 0.6928203230275509, 'a2': 1.460593486680443, 'a3': 2.683288396989733} logZ_max= 2.5730453606520167 obs_max= 2.771926917239007e-32
dist_min= tensor(92.1072) dist_max= tensor(3.5570)
params_min,params_max=params_min,params_new
evaluating model at params_new={'a1': 0.6928203230275509, 'a2': 1.460593486680443, 'a3': 2.683288396989731}
params_min= {'a1': 0.6928203230275509, 'a2': 1.460593486680443, 'a3': 2.68328839698973} logZ_min= nan obs_min= 2.470198891822186e-32
params_new= {'a1': 0.6928203230275509, 'a2': 1.460593486680443, 'a3': 2.683288396989731} logZ_new= 2.5730453606518453 obs_new= 2.0954635114190634e-32
params_max= {'a1': 0.6928203230275509, 'a2': 1.460593486680443, 'a3': 2.683288396989732} logZ_max= 2.5730453606519927 obs_max= 7.552092459239784e-35
dist_min= tensor(11443.7606) dist_max= tensor(11440.5707)
params_min,params_max=params_min,params_new
evaluating model at params_new={'a1': 0.6928203230275509, 'a2': 1.460593486680443, 'a3': 2.6832883969897305}
params_min= {'a1': 0.6928203230275509, 'a2': 1.460593486680443, 'a3': 2.68328839698973} logZ_min= nan obs_min= 2.470198891822186e-32
params_new= {'a1': 0.6928203230275509, 'a2': 1.460593486680443, 'a3': 2.6832883969897305} logZ_new= 2.573045360652019 obs_new= 1.91958576635452e-33
params_max= {'a1': 0.6928203230275509, 'a2': 1.460593486680443, 'a3': 2.683288396989731} logZ_max= 2.5730453606518453 obs_max= 2.0954635114190634e-32
dist_min= tensor(155.2093) dist_max= tensor(11444.4648)
params_min,params_max=params_new,params_max
critical params found:  {'a1': 0.6928203230275509, 'a2': 1.460593486680443, 'a3': 2.683288396989731}
reference params:  {'a1': 1.1547005383792515, 'a2': 1.8257418583505538, 'a3': 4.47213595499958}
file saved to  data/AKLT3D_X10_scan_grid_critical_a3/a1_0.6928203_a2_1.4605935/Tc.json
