Start running find_critical_temp.py with options:{'filename': 'data/AKLT3D_X10_scan_grid_critical_a3/a1_0.4618802_a2_0.3651484/Tc.json', 'log_filename': 'data/AKLT3D_X10_scan_grid_critical_a3/a1_0.4618802_a2_0.3651484/Tc.log', 'nLayers': 60, 'max_dim': 10, 'model': 'AKLT3D', 'params_min': "{'a1': 0.4618802153517006, 'a2': 0.3651483716701107, 'a3': 2.683281572999748}", 'params_max': "{'a1': 0.4618802153517006, 'a2': 0.3651483716701107, 'a3': 3.577708763999664}", 'params_ref': None, 'observable_name': 'magnetizationZ', 'tol': 0.0, 'gilt_enabled': False, 'gilt_eps': 8e-07, 'gilt_nIter': 1, 'mcf_enabled': True, 'mcf_eps': 1e-16, 'mcf_max_iter': 200, 'hotrg_sanity_check': False, 'version': 1, 'device': 'cuda:1'}
loading library...
evaluating model at params_min={'a1': 0.4618802153517006, 'a2': 0.3651483716701107, 'a3': 2.683281572999748}
params_min= {'a1': 0.4618802153517006, 'a2': 0.3651483716701107, 'a3': 2.683281572999748} logZ_min= 2.0998527852944258 obs_min= 5.329512283795781e-34
evaluating model at params_max={'a1': 0.4618802153517006, 'a2': 0.3651483716701107, 'a3': 3.577708763999664}
params_max= {'a1': 0.4618802153517006, 'a2': 0.3651483716701107, 'a3': 3.577708763999664} logZ_max= 2.545218105276838 obs_max= 8.997499693390331
searching for critical temperature using bisection method
evaluating model at params_new={'a1': 0.4618802153517006, 'a2': 0.3651483716701107, 'a3': 3.130495168499706}
params_min= {'a1': 0.4618802153517006, 'a2': 0.3651483716701107, 'a3': 2.683281572999748} logZ_min= 2.0998527852944258 obs_min= 5.329512283795781e-34
params_new= {'a1': 0.4618802153517006, 'a2': 0.3651483716701107, 'a3': 3.130495168499706} logZ_new= 2.256294386967186 obs_new= 8.99880299927442
params_max= {'a1': 0.4618802153517006, 'a2': 0.3651483716701107, 'a3': 3.577708763999664} logZ_max= 2.545218105276838 obs_max= 8.997499693390331
dist_min= tensor(221.5889) dist_max= tensor(44.6491)
params_min,params_max=params_min,params_new
evaluating model at params_new={'a1': 0.4618802153517006, 'a2': 0.3651483716701107, 'a3': 2.9068883707497273}
params_min= {'a1': 0.4618802153517006, 'a2': 0.3651483716701107, 'a3': 2.683281572999748} logZ_min= 2.0998527852944258 obs_min= 5.329512283795781e-34
params_new= {'a1': 0.4618802153517006, 'a2': 0.3651483716701107, 'a3': 2.9068883707497273} logZ_new= 2.064442660265697 obs_new= 8.982927525969117
params_max= {'a1': 0.4618802153517006, 'a2': 0.3651483716701107, 'a3': 3.130495168499706} logZ_max= 2.256294386967186 obs_max= 8.99880299927442
dist_min= tensor(242.4719) dist_max= tensor(105.5774)
params_min,params_max=params_min,params_new
evaluating model at params_new={'a1': 0.4618802153517006, 'a2': 0.3651483716701107, 'a3': 2.7950849718747377}
params_min= {'a1': 0.4618802153517006, 'a2': 0.3651483716701107, 'a3': 2.683281572999748} logZ_min= 2.0998527852944258 obs_min= 5.329512283795781e-34
params_new= {'a1': 0.4618802153517006, 'a2': 0.3651483716701107, 'a3': 2.7950849718747377} logZ_new= 2.1014745900281313 obs_new= 1.5005893139009555e-35
params_max= {'a1': 0.4618802153517006, 'a2': 0.3651483716701107, 'a3': 2.9068883707497273} logZ_max= 2.064442660265697 obs_max= 8.982927525969117
dist_min= tensor(71.3548) dist_max= tensor(312.8399)
params_min,params_max=params_new,params_max
evaluating model at params_new={'a1': 0.4618802153517006, 'a2': 0.3651483716701107, 'a3': 2.8509866713122323}
params_min= {'a1': 0.4618802153517006, 'a2': 0.3651483716701107, 'a3': 2.7950849718747377} logZ_min= 2.1014745900281313 obs_min= 1.5005893139009555e-35
params_new= {'a1': 0.4618802153517006, 'a2': 0.3651483716701107, 'a3': 2.8509866713122323} logZ_new= 2.041586941426864 obs_new= 4.085099305919075e-36
params_max= {'a1': 0.4618802153517006, 'a2': 0.3651483716701107, 'a3': 2.9068883707497273} logZ_max= 2.064442660265697 obs_max= 8.982927525969117
dist_min= tensor(296.6458) dist_max= tensor(62.0084)
params_min,params_max=params_min,params_new
evaluating model at params_new={'a1': 0.4618802153517006, 'a2': 0.3651483716701107, 'a3': 2.8230358215934848}
params_min= {'a1': 0.4618802153517006, 'a2': 0.3651483716701107, 'a3': 2.7950849718747377} logZ_min= 2.1014745900281313 obs_min= 1.5005893139009555e-35
params_new= {'a1': 0.4618802153517006, 'a2': 0.3651483716701107, 'a3': 2.8230358215934848} logZ_new= 2.0417747709546448 obs_new= 1.8159952877272053e-36
params_max= {'a1': 0.4618802153517006, 'a2': 0.3651483716701107, 'a3': 2.8509866713122323} logZ_max= 2.041586941426864 obs_max= 4.085099305919075e-36
dist_min= tensor(294.6682) dist_max= tensor(13.9549)
params_min,params_max=params_min,params_new
evaluating model at params_new={'a1': 0.4618802153517006, 'a2': 0.3651483716701107, 'a3': 2.809060396734111}
params_min= {'a1': 0.4618802153517006, 'a2': 0.3651483716701107, 'a3': 2.7950849718747377} logZ_min= 2.1014745900281313 obs_min= 1.5005893139009555e-35
params_new= {'a1': 0.4618802153517006, 'a2': 0.3651483716701107, 'a3': 2.809060396734111} logZ_new= 2.1016714463371016 obs_new= 7.280806025867223e-34
params_max= {'a1': 0.4618802153517006, 'a2': 0.3651483716701107, 'a3': 2.8230358215934848} logZ_max= 2.0417747709546448 obs_max= 1.8159952877272053e-36
dist_min= tensor(9.4978) dist_max= tensor(304.0858)
params_min,params_max=params_new,params_max
evaluating model at params_new={'a1': 0.4618802153517006, 'a2': 0.3651483716701107, 'a3': 2.816048109163798}
params_min= {'a1': 0.4618802153517006, 'a2': 0.3651483716701107, 'a3': 2.809060396734111} logZ_min= 2.1016714463371016 obs_min= 7.280806025867223e-34
params_new= {'a1': 0.4618802153517006, 'a2': 0.3651483716701107, 'a3': 2.816048109163798} logZ_new= 2.101364124316251 obs_new= 3.682041901387719e-34
params_max= {'a1': 0.4618802153517006, 'a2': 0.3651483716701107, 'a3': 2.8230358215934848} logZ_max= 2.0417747709546448 obs_max= 1.8159952877272053e-36
dist_min= tensor(6.6251) dist_max= tensor(308.8368)
params_min,params_max=params_new,params_max
evaluating model at params_new={'a1': 0.4618802153517006, 'a2': 0.3651483716701107, 'a3': 2.819541965378641}
params_min= {'a1': 0.4618802153517006, 'a2': 0.3651483716701107, 'a3': 2.816048109163798} logZ_min= 2.101364124316251 obs_min= 3.682041901387719e-34
params_new= {'a1': 0.4618802153517006, 'a2': 0.3651483716701107, 'a3': 2.819541965378641} logZ_new= nan obs_new= 5.873682667245234e-36
params_max= {'a1': 0.4618802153517006, 'a2': 0.3651483716701107, 'a3': 2.8230358215934848} logZ_max= 2.0417747709546448 obs_max= 1.8159952877272053e-36
dist_min= tensor(308.7333) dist_max= tensor(4.9839)
params_min,params_max=params_min,params_new
evaluating model at params_new={'a1': 0.4618802153517006, 'a2': 0.3651483716701107, 'a3': 2.8177950372712193}
params_min= {'a1': 0.4618802153517006, 'a2': 0.3651483716701107, 'a3': 2.816048109163798} logZ_min= 2.101364124316251 obs_min= 3.682041901387719e-34
params_new= {'a1': 0.4618802153517006, 'a2': 0.3651483716701107, 'a3': 2.8177950372712193} logZ_new= 2.10188045988525 obs_new= 4.908611078483661e-34
params_max= {'a1': 0.4618802153517006, 'a2': 0.3651483716701107, 'a3': 2.819541965378641} logZ_max= nan obs_max= 5.873682667245234e-36
dist_min= tensor(4.7287) dist_max= tensor(309.8832)
params_min,params_max=params_new,params_max
evaluating model at params_new={'a1': 0.4618802153517006, 'a2': 0.3651483716701107, 'a3': 2.81866850132493}
params_min= {'a1': 0.4618802153517006, 'a2': 0.3651483716701107, 'a3': 2.8177950372712193} logZ_min= 2.10188045988525 obs_min= 4.908611078483661e-34
params_new= {'a1': 0.4618802153517006, 'a2': 0.3651483716701107, 'a3': 2.81866850132493} logZ_new= nan obs_new= 4.5108143522762605e-33
params_max= {'a1': 0.4618802153517006, 'a2': 0.3651483716701107, 'a3': 2.819541965378641} logZ_max= nan obs_max= 5.873682667245234e-36
dist_min= tensor(309.8150) dist_max= tensor(2.8589)
params_min,params_max=params_min,params_new
evaluating model at params_new={'a1': 0.4618802153517006, 'a2': 0.3651483716701107, 'a3': 2.818231769298075}
params_min= {'a1': 0.4618802153517006, 'a2': 0.3651483716701107, 'a3': 2.8177950372712193} logZ_min= 2.10188045988525 obs_min= 4.908611078483661e-34
params_new= {'a1': 0.4618802153517006, 'a2': 0.3651483716701107, 'a3': 2.818231769298075} logZ_new= 2.1014864127971244 obs_new= 4.4612421797100396e-36
params_max= {'a1': 0.4618802153517006, 'a2': 0.3651483716701107, 'a3': 2.81866850132493} logZ_max= nan obs_max= 4.5108143522762605e-33
dist_min= tensor(0.4951) dist_max= tensor(310.1129)
params_min,params_max=params_new,params_max
evaluating model at params_new={'a1': 0.4618802153517006, 'a2': 0.3651483716701107, 'a3': 2.818450135311503}
params_min= {'a1': 0.4618802153517006, 'a2': 0.3651483716701107, 'a3': 2.818231769298075} logZ_min= 2.1014864127971244 obs_min= 4.4612421797100396e-36
params_new= {'a1': 0.4618802153517006, 'a2': 0.3651483716701107, 'a3': 2.818450135311503} logZ_new= 2.1017542379871204 obs_new= 2.6518982544237886e-32
params_max= {'a1': 0.4618802153517006, 'a2': 0.3651483716701107, 'a3': 2.81866850132493} logZ_max= nan obs_max= 4.5108143522762605e-33
dist_min= tensor(1.9130) dist_max= tensor(310.2614)
params_min,params_max=params_new,params_max
evaluating model at params_new={'a1': 0.4618802153517006, 'a2': 0.3651483716701107, 'a3': 2.8185593183182167}
params_min= {'a1': 0.4618802153517006, 'a2': 0.3651483716701107, 'a3': 2.818450135311503} logZ_min= 2.1017542379871204 obs_min= 2.6518982544237886e-32
params_new= {'a1': 0.4618802153517006, 'a2': 0.3651483716701107, 'a3': 2.8185593183182167} logZ_new= nan obs_new= 1.1408123665104752e-32
params_max= {'a1': 0.4618802153517006, 'a2': 0.3651483716701107, 'a3': 2.81866850132493} logZ_max= nan obs_max= 4.5108143522762605e-33
dist_min= tensor(310.3012) dist_max= tensor(6.5359)
params_min,params_max=params_min,params_new
evaluating model at params_new={'a1': 0.4618802153517006, 'a2': 0.3651483716701107, 'a3': 2.8185047268148598}
params_min= {'a1': 0.4618802153517006, 'a2': 0.3651483716701107, 'a3': 2.818450135311503} logZ_min= 2.1017542379871204 obs_min= 2.6518982544237886e-32
params_new= {'a1': 0.4618802153517006, 'a2': 0.3651483716701107, 'a3': 2.8185047268148598} logZ_new= 2.041700903782311 obs_new= 1.2170172082224038e-34
params_max= {'a1': 0.4618802153517006, 'a2': 0.3651483716701107, 'a3': 2.8185593183182167} logZ_max= nan obs_max= 1.1408123665104752e-32
dist_min= tensor(310.2525) dist_max= tensor(6.5062)
params_min,params_max=params_min,params_new
evaluating model at params_new={'a1': 0.4618802153517006, 'a2': 0.3651483716701107, 'a3': 2.8184774310631813}
params_min= {'a1': 0.4618802153517006, 'a2': 0.3651483716701107, 'a3': 2.818450135311503} logZ_min= 2.1017542379871204 obs_min= 2.6518982544237886e-32
params_new= {'a1': 0.4618802153517006, 'a2': 0.3651483716701107, 'a3': 2.8184774310631813} logZ_new= 2.0416998970069424 obs_new= 8.460546285345207e-33
params_max= {'a1': 0.4618802153517006, 'a2': 0.3651483716701107, 'a3': 2.8185047268148598} logZ_max= 2.041700903782311 obs_max= 1.2170172082224038e-34
dist_min= tensor(310.2437) dist_max= tensor(2.0135)
params_min,params_max=params_min,params_new
evaluating model at params_new={'a1': 0.4618802153517006, 'a2': 0.3651483716701107, 'a3': 2.818463783187342}
params_min= {'a1': 0.4618802153517006, 'a2': 0.3651483716701107, 'a3': 2.818450135311503} logZ_min= 2.1017542379871204 obs_min= 2.6518982544237886e-32
params_new= {'a1': 0.4618802153517006, 'a2': 0.3651483716701107, 'a3': 2.818463783187342} logZ_new= 2.0416993626744975 obs_new= 1.0801852412573017e-35
params_max= {'a1': 0.4618802153517006, 'a2': 0.3651483716701107, 'a3': 2.8184774310631813} logZ_max= 2.0416998970069424 obs_max= 8.460546285345207e-33
dist_min= tensor(310.2466) dist_max= tensor(1.1380)
params_min,params_max=params_min,params_new
evaluating model at params_new={'a1': 0.4618802153517006, 'a2': 0.3651483716701107, 'a3': 2.8184569592494224}
params_min= {'a1': 0.4618802153517006, 'a2': 0.3651483716701107, 'a3': 2.818450135311503} logZ_min= 2.1017542379871204 obs_min= 2.6518982544237886e-32
params_new= {'a1': 0.4618802153517006, 'a2': 0.3651483716701107, 'a3': 2.8184569592494224} logZ_new= nan obs_new= 1.0297933070788532e-33
params_max= {'a1': 0.4618802153517006, 'a2': 0.3651483716701107, 'a3': 2.818463783187342} logZ_max= 2.0416993626744975 obs_max= 1.0801852412573017e-35
dist_min= tensor(311.1163) dist_max= tensor(23.2774)
params_min,params_max=params_min,params_new
evaluating model at params_new={'a1': 0.4618802153517006, 'a2': 0.3651483716701107, 'a3': 2.8184535472804626}
params_min= {'a1': 0.4618802153517006, 'a2': 0.3651483716701107, 'a3': 2.818450135311503} logZ_min= 2.1017542379871204 obs_min= 2.6518982544237886e-32
params_new= {'a1': 0.4618802153517006, 'a2': 0.3651483716701107, 'a3': 2.8184535472804626} logZ_new= 2.041698853151752 obs_new= 1.1699226579465454e-33
params_max= {'a1': 0.4618802153517006, 'a2': 0.3651483716701107, 'a3': 2.8184569592494224} logZ_max= nan obs_max= 1.0297933070788532e-33
dist_min= tensor(402.5016) dist_max= tensor(257.9143)
params_min,params_max=params_min,params_new
evaluating model at params_new={'a1': 0.4618802153517006, 'a2': 0.3651483716701107, 'a3': 2.8184518412959827}
params_min= {'a1': 0.4618802153517006, 'a2': 0.3651483716701107, 'a3': 2.818450135311503} logZ_min= 2.1017542379871204 obs_min= 2.6518982544237886e-32
params_new= {'a1': 0.4618802153517006, 'a2': 0.3651483716701107, 'a3': 2.8184518412959827} logZ_new= 2.041698989764333 obs_new= 4.713697492991824e-33
params_max= {'a1': 0.4618802153517006, 'a2': 0.3651483716701107, 'a3': 2.8184535472804626} logZ_max= 2.041698853151752 obs_max= 1.1699226579465454e-33
dist_min= tensor(349.2491) dist_max= tensor(303.1713)
params_min,params_max=params_min,params_new
evaluating model at params_new={'a1': 0.4618802153517006, 'a2': 0.3651483716701107, 'a3': 2.8184509883037427}
params_min= {'a1': 0.4618802153517006, 'a2': 0.3651483716701107, 'a3': 2.818450135311503} logZ_min= 2.1017542379871204 obs_min= 2.6518982544237886e-32
params_new= {'a1': 0.4618802153517006, 'a2': 0.3651483716701107, 'a3': 2.8184509883037427} logZ_new= 2.0416163203662783 obs_new= 5.395179701134353e-33
params_max= {'a1': 0.4618802153517006, 'a2': 0.3651483716701107, 'a3': 2.8184518412959827} logZ_max= 2.041698989764333 obs_max= 4.713697492991824e-33
dist_min= tensor(499.4145) dist_max= tensor(423.4809)
params_min,params_max=params_min,params_new
evaluating model at params_new={'a1': 0.4618802153517006, 'a2': 0.3651483716701107, 'a3': 2.818450561807623}
params_min= {'a1': 0.4618802153517006, 'a2': 0.3651483716701107, 'a3': 2.818450135311503} logZ_min= 2.1017542379871204 obs_min= 2.6518982544237886e-32
params_new= {'a1': 0.4618802153517006, 'a2': 0.3651483716701107, 'a3': 2.818450561807623} logZ_new= 2.04169868639759 obs_new= 2.9759455363034136e-33
params_max= {'a1': 0.4618802153517006, 'a2': 0.3651483716701107, 'a3': 2.8184509883037427} logZ_max= 2.0416163203662783 obs_max= 5.395179701134353e-33
dist_min= tensor(327.2352) dist_max= tensor(403.9686)
params_min,params_max=params_new,params_max
evaluating model at params_new={'a1': 0.4618802153517006, 'a2': 0.3651483716701107, 'a3': 2.818450775055683}
params_min= {'a1': 0.4618802153517006, 'a2': 0.3651483716701107, 'a3': 2.818450561807623} logZ_min= 2.04169868639759 obs_min= 2.9759455363034136e-33
params_new= {'a1': 0.4618802153517006, 'a2': 0.3651483716701107, 'a3': 2.818450775055683} logZ_new= nan obs_new= 2.6078767942827956e-33
params_max= {'a1': 0.4618802153517006, 'a2': 0.3651483716701107, 'a3': 2.8184509883037427} logZ_max= 2.0416163203662783 obs_max= 5.395179701134353e-33
dist_min= tensor(104.7443) dist_max= tensor(391.4229)
params_min,params_max=params_new,params_max
evaluating model at params_new={'a1': 0.4618802153517006, 'a2': 0.3651483716701107, 'a3': 2.8184508816797127}
params_min= {'a1': 0.4618802153517006, 'a2': 0.3651483716701107, 'a3': 2.818450775055683} logZ_min= nan obs_min= 2.6078767942827956e-33
params_new= {'a1': 0.4618802153517006, 'a2': 0.3651483716701107, 'a3': 2.8184508816797127} logZ_new= 2.0416988722863376 obs_new= 5.569282886500853e-33
params_max= {'a1': 0.4618802153517006, 'a2': 0.3651483716701107, 'a3': 2.8184509883037427} logZ_max= 2.0416163203662783 obs_max= 5.395179701134353e-33
dist_min= tensor(6.5593) dist_max= tensor(391.3542)
params_min,params_max=params_new,params_max
evaluating model at params_new={'a1': 0.4618802153517006, 'a2': 0.3651483716701107, 'a3': 2.818450934991728}
params_min= {'a1': 0.4618802153517006, 'a2': 0.3651483716701107, 'a3': 2.8184508816797127} logZ_min= 2.0416988722863376 obs_min= 5.569282886500853e-33
params_new= {'a1': 0.4618802153517006, 'a2': 0.3651483716701107, 'a3': 2.818450934991728} logZ_new= nan obs_new= 1.0344152409202574e-32
params_max= {'a1': 0.4618802153517006, 'a2': 0.3651483716701107, 'a3': 2.8184509883037427} logZ_max= 2.0416163203662783 obs_max= 5.395179701134353e-33
dist_min= tensor(82.3348) dist_max= tensor(400.6998)
params_min,params_max=params_new,params_max
evaluating model at params_new={'a1': 0.4618802153517006, 'a2': 0.3651483716701107, 'a3': 2.818450961647735}
params_min= {'a1': 0.4618802153517006, 'a2': 0.3651483716701107, 'a3': 2.818450934991728} logZ_min= nan obs_min= 1.0344152409202574e-32
params_new= {'a1': 0.4618802153517006, 'a2': 0.3651483716701107, 'a3': 2.818450961647735} logZ_new= 2.041698997128942 obs_new= 2.094580624140269e-34
params_max= {'a1': 0.4618802153517006, 'a2': 0.3651483716701107, 'a3': 2.8184509883037427} logZ_max= 2.0416163203662783 obs_max= 5.395179701134353e-33
dist_min= tensor(82.9802) dist_max= tensor(390.7146)
params_min,params_max=params_new,params_max
evaluating model at params_new={'a1': 0.4618802153517006, 'a2': 0.3651483716701107, 'a3': 2.8184509749757387}
params_min= {'a1': 0.4618802153517006, 'a2': 0.3651483716701107, 'a3': 2.818450961647735} logZ_min= 2.041698997128942 obs_min= 2.094580624140269e-34
params_new= {'a1': 0.4618802153517006, 'a2': 0.3651483716701107, 'a3': 2.8184509749757387} logZ_new= 2.041698849496122 obs_new= 4.271823849323152e-32
params_max= {'a1': 0.4618802153517006, 'a2': 0.3651483716701107, 'a3': 2.8184509883037427} logZ_max= 2.0416163203662783 obs_max= 5.395179701134353e-33
dist_min= tensor(3.3580) dist_max= tensor(391.3552)
params_min,params_max=params_new,params_max
evaluating model at params_new={'a1': 0.4618802153517006, 'a2': 0.3651483716701107, 'a3': 2.8184509816397405}
params_min= {'a1': 0.4618802153517006, 'a2': 0.3651483716701107, 'a3': 2.8184509749757387} logZ_min= 2.041698849496122 obs_min= 4.271823849323152e-32
params_new= {'a1': 0.4618802153517006, 'a2': 0.3651483716701107, 'a3': 2.8184509816397405} logZ_new= nan obs_new= 3.3911824096033657e-34
params_max= {'a1': 0.4618802153517006, 'a2': 0.3651483716701107, 'a3': 2.8184509883037427} logZ_max= 2.0416163203662783 obs_max= 5.395179701134353e-33
dist_min= tensor(217.7217) dist_max= tensor(448.6221)
params_min,params_max=params_new,params_max
evaluating model at params_new={'a1': 0.4618802153517006, 'a2': 0.3651483716701107, 'a3': 2.818450984971742}
params_min= {'a1': 0.4618802153517006, 'a2': 0.3651483716701107, 'a3': 2.8184509816397405} logZ_min= nan obs_min= 3.3911824096033657e-34
params_new= {'a1': 0.4618802153517006, 'a2': 0.3651483716701107, 'a3': 2.818450984971742} logZ_new= nan obs_new= 5.3180392154055475e-33
params_max= {'a1': 0.4618802153517006, 'a2': 0.3651483716701107, 'a3': 2.8184509883037427} logZ_max= 2.0416163203662783 obs_max= 5.395179701134353e-33
dist_min= tensor(217.5123) dist_max= tensor(391.7763)
params_min,params_max=params_new,params_max
evaluating model at params_new={'a1': 0.4618802153517006, 'a2': 0.3651483716701107, 'a3': 2.8184509866377425}
params_min= {'a1': 0.4618802153517006, 'a2': 0.3651483716701107, 'a3': 2.818450984971742} logZ_min= nan obs_min= 5.3180392154055475e-33
params_new= {'a1': 0.4618802153517006, 'a2': 0.3651483716701107, 'a3': 2.8184509866377425} logZ_new= nan obs_new= 1.9906296067085164e-33
params_max= {'a1': 0.4618802153517006, 'a2': 0.3651483716701107, 'a3': 2.8184509883037427} logZ_max= 2.0416163203662783 obs_max= 5.395179701134353e-33
dist_min= tensor(5.9006) dist_max= tensor(392.0579)
params_min,params_max=params_new,params_max
evaluating model at params_new={'a1': 0.4618802153517006, 'a2': 0.3651483716701107, 'a3': 2.818450987470743}
params_min= {'a1': 0.4618802153517006, 'a2': 0.3651483716701107, 'a3': 2.8184509866377425} logZ_min= nan obs_min= 1.9906296067085164e-33
params_new= {'a1': 0.4618802153517006, 'a2': 0.3651483716701107, 'a3': 2.818450987470743} logZ_new= nan obs_new= 1.3237992258349135e-33
params_max= {'a1': 0.4618802153517006, 'a2': 0.3651483716701107, 'a3': 2.8184509883037427} logZ_max= 2.0416163203662783 obs_max= 5.395179701134353e-33
dist_min= tensor(5.3129) dist_max= tensor(391.9652)
params_min,params_max=params_new,params_max
evaluating model at params_new={'a1': 0.4618802153517006, 'a2': 0.3651483716701107, 'a3': 2.8184509878872426}
params_min= {'a1': 0.4618802153517006, 'a2': 0.3651483716701107, 'a3': 2.818450987470743} logZ_min= nan obs_min= 1.3237992258349135e-33
params_new= {'a1': 0.4618802153517006, 'a2': 0.3651483716701107, 'a3': 2.8184509878872426} logZ_new= nan obs_new= 3.0283883640552586e-33
params_max= {'a1': 0.4618802153517006, 'a2': 0.3651483716701107, 'a3': 2.8184509883037427} logZ_max= 2.0416163203662783 obs_max= 5.395179701134353e-33
dist_min= tensor(5.4736) dist_max= tensor(392.0502)
params_min,params_max=params_new,params_max
evaluating model at params_new={'a1': 0.4618802153517006, 'a2': 0.3651483716701107, 'a3': 2.818450988095493}
params_min= {'a1': 0.4618802153517006, 'a2': 0.3651483716701107, 'a3': 2.8184509878872426} logZ_min= nan obs_min= 3.0283883640552586e-33
params_new= {'a1': 0.4618802153517006, 'a2': 0.3651483716701107, 'a3': 2.818450988095493} logZ_new= 2.0416988822049373 obs_new= 2.7695024306308055e-32
params_max= {'a1': 0.4618802153517006, 'a2': 0.3651483716701107, 'a3': 2.8184509883037427} logZ_max= 2.0416163203662783 obs_max= 5.395179701134353e-33
dist_min= tensor(3.1187) dist_max= tensor(391.3744)
params_min,params_max=params_new,params_max
evaluating model at params_new={'a1': 0.4618802153517006, 'a2': 0.3651483716701107, 'a3': 2.8184509881996176}
params_min= {'a1': 0.4618802153517006, 'a2': 0.3651483716701107, 'a3': 2.818450988095493} logZ_min= 2.0416988822049373 obs_min= 2.7695024306308055e-32
params_new= {'a1': 0.4618802153517006, 'a2': 0.3651483716701107, 'a3': 2.8184509881996176} logZ_new= 2.041699114678534 obs_new= 7.824976386553857e-34
params_max= {'a1': 0.4618802153517006, 'a2': 0.3651483716701107, 'a3': 2.8184509883037427} logZ_max= 2.0416163203662783 obs_max= 5.395179701134353e-33
dist_min= tensor(0.2211) dist_max= tensor(391.3748)
params_min,params_max=params_new,params_max
evaluating model at params_new={'a1': 0.4618802153517006, 'a2': 0.3651483716701107, 'a3': 2.81845098825168}
params_min= {'a1': 0.4618802153517006, 'a2': 0.3651483716701107, 'a3': 2.8184509881996176} logZ_min= 2.041699114678534 obs_min= 7.824976386553857e-34
params_new= {'a1': 0.4618802153517006, 'a2': 0.3651483716701107, 'a3': 2.81845098825168} logZ_new= 2.0416986926387115 obs_new= 2.3467746244085931e-32
params_max= {'a1': 0.4618802153517006, 'a2': 0.3651483716701107, 'a3': 2.8184509883037427} logZ_max= 2.0416163203662783 obs_max= 5.395179701134353e-33
dist_min= tensor(111.4791) dist_max= tensor(280.5710)
params_min,params_max=params_new,params_max
evaluating model at params_new={'a1': 0.4618802153517006, 'a2': 0.3651483716701107, 'a3': 2.8184509882777116}
params_min= {'a1': 0.4618802153517006, 'a2': 0.3651483716701107, 'a3': 2.81845098825168} logZ_min= 2.0416986926387115 obs_min= 2.3467746244085931e-32
params_new= {'a1': 0.4618802153517006, 'a2': 0.3651483716701107, 'a3': 2.8184509882777116} logZ_new= nan obs_new= 6.347778816127684e-33
params_max= {'a1': 0.4618802153517006, 'a2': 0.3651483716701107, 'a3': 2.8184509883037427} logZ_max= 2.0416163203662783 obs_max= 5.395179701134353e-33
dist_min= tensor(112.1017) dist_max= tensor(392.0362)
params_min,params_max=params_new,params_max
evaluating model at params_new={'a1': 0.4618802153517006, 'a2': 0.3651483716701107, 'a3': 2.818450988290727}
params_min= {'a1': 0.4618802153517006, 'a2': 0.3651483716701107, 'a3': 2.8184509882777116} logZ_min= nan obs_min= 6.347778816127684e-33
params_new= {'a1': 0.4618802153517006, 'a2': 0.3651483716701107, 'a3': 2.818450988290727} logZ_new= 2.0416993662076965 obs_new= 3.3524161867309052e-34
params_max= {'a1': 0.4618802153517006, 'a2': 0.3651483716701107, 'a3': 2.8184509883037427} logZ_max= 2.0416163203662783 obs_max= 5.395179701134353e-33
dist_min= tensor(3.8306) dist_max= tensor(392.0425)
params_min,params_max=params_new,params_max
evaluating model at params_new={'a1': 0.4618802153517006, 'a2': 0.3651483716701107, 'a3': 2.8184509882972346}
params_min= {'a1': 0.4618802153517006, 'a2': 0.3651483716701107, 'a3': 2.818450988290727} logZ_min= 2.0416993662076965 obs_min= 3.3524161867309052e-34
params_new= {'a1': 0.4618802153517006, 'a2': 0.3651483716701107, 'a3': 2.8184509882972346} logZ_new= 2.0416988763300803 obs_new= 1.2955937177444113e-34
params_max= {'a1': 0.4618802153517006, 'a2': 0.3651483716701107, 'a3': 2.8184509883037427} logZ_max= 2.0416163203662783 obs_max= 5.395179701134353e-33
dist_min= tensor(6.1408) dist_max= tensor(392.1576)
params_min,params_max=params_new,params_max
evaluating model at params_new={'a1': 0.4618802153517006, 'a2': 0.3651483716701107, 'a3': 2.818450988300489}
params_min= {'a1': 0.4618802153517006, 'a2': 0.3651483716701107, 'a3': 2.8184509882972346} logZ_min= 2.0416988763300803 obs_min= 1.2955937177444113e-34
params_new= {'a1': 0.4618802153517006, 'a2': 0.3651483716701107, 'a3': 2.818450988300489} logZ_new= 2.041673366173951 obs_new= 1.558496757576542e-33
params_max= {'a1': 0.4618802153517006, 'a2': 0.3651483716701107, 'a3': 2.8184509883037427} logZ_max= 2.0416163203662783 obs_max= 5.395179701134353e-33
dist_min= tensor(463.9490) dist_max= tensor(81.3662)
params_min,params_max=params_min,params_new
evaluating model at params_new={'a1': 0.4618802153517006, 'a2': 0.3651483716701107, 'a3': 2.8184509882988618}
params_min= {'a1': 0.4618802153517006, 'a2': 0.3651483716701107, 'a3': 2.8184509882972346} logZ_min= 2.0416988763300803 obs_min= 1.2955937177444113e-34
params_new= {'a1': 0.4618802153517006, 'a2': 0.3651483716701107, 'a3': 2.8184509882988618} logZ_new= nan obs_new= 8.778913225353743e-33
params_max= {'a1': 0.4618802153517006, 'a2': 0.3651483716701107, 'a3': 2.818450988300489} logZ_max= 2.041673366173951 obs_max= 1.558496757576542e-33
dist_min= tensor(9.2223) dist_max= tensor(463.7673)
params_min,params_max=params_new,params_max
evaluating model at params_new={'a1': 0.4618802153517006, 'a2': 0.3651483716701107, 'a3': 2.8184509882996753}
params_min= {'a1': 0.4618802153517006, 'a2': 0.3651483716701107, 'a3': 2.8184509882988618} logZ_min= nan obs_min= 8.778913225353743e-33
params_new= {'a1': 0.4618802153517006, 'a2': 0.3651483716701107, 'a3': 2.8184509882996753} logZ_new= 2.041698899632388 obs_new= 6.584479664882471e-32
params_max= {'a1': 0.4618802153517006, 'a2': 0.3651483716701107, 'a3': 2.818450988300489} logZ_max= 2.041673366173951 obs_max= 1.558496757576542e-33
dist_min= tensor(2.5568) dist_max= tensor(463.2305)
params_min,params_max=params_new,params_max
evaluating model at params_new={'a1': 0.4618802153517006, 'a2': 0.3651483716701107, 'a3': 2.818450988300082}
params_min= {'a1': 0.4618802153517006, 'a2': 0.3651483716701107, 'a3': 2.8184509882996753} logZ_min= 2.041698899632388 obs_min= 6.584479664882471e-32
params_new= {'a1': 0.4618802153517006, 'a2': 0.3651483716701107, 'a3': 2.818450988300082} logZ_new= 2.0416759877591675 obs_new= 6.244936580815931e-34
params_max= {'a1': 0.4618802153517006, 'a2': 0.3651483716701107, 'a3': 2.818450988300489} logZ_max= 2.041673366173951 obs_max= 1.558496757576542e-33
dist_min= tensor(18.3298) dist_max= tensor(461.7349)
params_min,params_max=params_new,params_max
evaluating model at params_new={'a1': 0.4618802153517006, 'a2': 0.3651483716701107, 'a3': 2.8184509883002855}
params_min= {'a1': 0.4618802153517006, 'a2': 0.3651483716701107, 'a3': 2.818450988300082} logZ_min= 2.0416759877591675 obs_min= 6.244936580815931e-34
params_new= {'a1': 0.4618802153517006, 'a2': 0.3651483716701107, 'a3': 2.8184509883002855} logZ_new= 2.041699185146749 obs_new= 3.2364488177534984e-33
params_max= {'a1': 0.4618802153517006, 'a2': 0.3651483716701107, 'a3': 2.818450988300489} logZ_max= 2.041673366173951 obs_max= 1.558496757576542e-33
dist_min= tensor(11.7836) dist_max= tensor(464.2183)
params_min,params_max=params_new,params_max
evaluating model at params_new={'a1': 0.4618802153517006, 'a2': 0.3651483716701107, 'a3': 2.818450988300387}
params_min= {'a1': 0.4618802153517006, 'a2': 0.3651483716701107, 'a3': 2.8184509883002855} logZ_min= 2.041699185146749 obs_min= 3.2364488177534984e-33
params_new= {'a1': 0.4618802153517006, 'a2': 0.3651483716701107, 'a3': 2.818450988300387} logZ_new= 2.041698922342474 obs_new= 1.4414740683729022e-33
params_max= {'a1': 0.4618802153517006, 'a2': 0.3651483716701107, 'a3': 2.818450988300489} logZ_max= 2.041673366173951 obs_max= 1.558496757576542e-33
dist_min= tensor(758.7308) dist_max= tensor(901.7864)
params_min,params_max=params_new,params_max
evaluating model at params_new={'a1': 0.4618802153517006, 'a2': 0.3651483716701107, 'a3': 2.8184509883004383}
params_min= {'a1': 0.4618802153517006, 'a2': 0.3651483716701107, 'a3': 2.818450988300387} logZ_min= 2.041698922342474 obs_min= 1.4414740683729022e-33
params_new= {'a1': 0.4618802153517006, 'a2': 0.3651483716701107, 'a3': 2.8184509883004383} logZ_new= 2.0416968408325893 obs_new= 1.0706268247449304e-32
params_max= {'a1': 0.4618802153517006, 'a2': 0.3651483716701107, 'a3': 2.818450988300489} logZ_max= 2.041673366173951 obs_max= 1.558496757576542e-33
dist_min= tensor(5846.0186) dist_max= tensor(5813.3184)
params_min,params_max=params_min,params_new
evaluating model at params_new={'a1': 0.4618802153517006, 'a2': 0.3651483716701107, 'a3': 2.8184509883004125}
params_min= {'a1': 0.4618802153517006, 'a2': 0.3651483716701107, 'a3': 2.818450988300387} logZ_min= 2.041698922342474 obs_min= 1.4414740683729022e-33
params_new= {'a1': 0.4618802153517006, 'a2': 0.3651483716701107, 'a3': 2.8184509883004125} logZ_new= 2.04169848543714 obs_new= 2.6176628698720688e-34
params_max= {'a1': 0.4618802153517006, 'a2': 0.3651483716701107, 'a3': 2.8184509883004383} logZ_max= 2.0416968408325893 obs_max= 1.0706268247449304e-32
dist_min= tensor(773.9647) dist_max= tensor(5794.1653)
params_min,params_max=params_new,params_max
evaluating model at params_new={'a1': 0.4618802153517006, 'a2': 0.3651483716701107, 'a3': 2.8184509883004254}
params_min= {'a1': 0.4618802153517006, 'a2': 0.3651483716701107, 'a3': 2.8184509883004125} logZ_min= 2.04169848543714 obs_min= 2.6176628698720688e-34
params_new= {'a1': 0.4618802153517006, 'a2': 0.3651483716701107, 'a3': 2.8184509883004254} logZ_new= nan obs_new= 7.578618514643317e-35
params_max= {'a1': 0.4618802153517006, 'a2': 0.3651483716701107, 'a3': 2.8184509883004383} logZ_max= 2.0416968408325893 obs_max= 1.0706268247449304e-32
dist_min= tensor(18.1349) dist_max= tensor(5794.8125)
params_min,params_max=params_new,params_max
evaluating model at params_new={'a1': 0.4618802153517006, 'a2': 0.3651483716701107, 'a3': 2.818450988300432}
params_min= {'a1': 0.4618802153517006, 'a2': 0.3651483716701107, 'a3': 2.8184509883004254} logZ_min= nan obs_min= 7.578618514643317e-35
params_new= {'a1': 0.4618802153517006, 'a2': 0.3651483716701107, 'a3': 2.818450988300432} logZ_new= 2.0416988934615445 obs_new= 4.767947639437577e-33
params_max= {'a1': 0.4618802153517006, 'a2': 0.3651483716701107, 'a3': 2.8184509883004383} logZ_max= 2.0416968408325893 obs_max= 1.0706268247449304e-32
dist_min= tensor(19.6963) dist_max= tensor(5794.2559)
params_min,params_max=params_new,params_max
evaluating model at params_new={'a1': 0.4618802153517006, 'a2': 0.3651483716701107, 'a3': 2.818450988300435}
params_min= {'a1': 0.4618802153517006, 'a2': 0.3651483716701107, 'a3': 2.818450988300432} logZ_min= 2.0416988934615445 obs_min= 4.767947639437577e-33
params_new= {'a1': 0.4618802153517006, 'a2': 0.3651483716701107, 'a3': 2.818450988300435} logZ_new= 2.0416988764469957 obs_new= 2.8732648055508505e-32
params_max= {'a1': 0.4618802153517006, 'a2': 0.3651483716701107, 'a3': 2.8184509883004383} logZ_max= 2.0416968408325893 obs_max= 1.0706268247449304e-32
dist_min= tensor(6.3859) dist_max= tensor(5794.1653)
params_min,params_max=params_new,params_max
evaluating model at params_new={'a1': 0.4618802153517006, 'a2': 0.3651483716701107, 'a3': 2.8184509883004365}
params_min= {'a1': 0.4618802153517006, 'a2': 0.3651483716701107, 'a3': 2.818450988300435} logZ_min= 2.0416988764469957 obs_min= 2.8732648055508505e-32
params_new= {'a1': 0.4618802153517006, 'a2': 0.3651483716701107, 'a3': 2.8184509883004365} logZ_new= 2.0416989064296467 obs_new= 1.5788094492176828e-32
params_max= {'a1': 0.4618802153517006, 'a2': 0.3651483716701107, 'a3': 2.8184509883004383} logZ_max= 2.0416968408325893 obs_max= 1.0706268247449304e-32
dist_min= tensor(0.8129) dist_max= tensor(5794.1652)
params_min,params_max=params_new,params_max
evaluating model at params_new={'a1': 0.4618802153517006, 'a2': 0.3651483716701107, 'a3': 2.8184509883004374}
params_min= {'a1': 0.4618802153517006, 'a2': 0.3651483716701107, 'a3': 2.8184509883004365} logZ_min= 2.0416989064296467 obs_min= 1.5788094492176828e-32
params_new= {'a1': 0.4618802153517006, 'a2': 0.3651483716701107, 'a3': 2.8184509883004374} logZ_new= nan obs_new= 2.135225457652684e-33
params_max= {'a1': 0.4618802153517006, 'a2': 0.3651483716701107, 'a3': 2.8184509883004383} logZ_max= 2.0416968408325893 obs_max= 1.0706268247449304e-32
dist_min= tensor(4.3970) dist_max= tensor(5791.5433)
params_min,params_max=params_new,params_max
evaluating model at params_new={'a1': 0.4618802153517006, 'a2': 0.3651483716701107, 'a3': 2.818450988300438}
params_min= {'a1': 0.4618802153517006, 'a2': 0.3651483716701107, 'a3': 2.8184509883004374} logZ_min= nan obs_min= 2.135225457652684e-33
params_new= {'a1': 0.4618802153517006, 'a2': 0.3651483716701107, 'a3': 2.818450988300438} logZ_new= 2.041617878540149 obs_new= 6.141344721683093e-33
params_max= {'a1': 0.4618802153517006, 'a2': 0.3651483716701107, 'a3': 2.8184509883004383} logZ_max= 2.0416968408325893 obs_max= 1.0706268247449304e-32
dist_min= tensor(40.3520) dist_max= tensor(5794.9398)
params_min,params_max=params_new,params_max
critical params found:  {'a1': 0.4618802153517006, 'a2': 0.3651483716701107, 'a3': 2.8184509883004383}
reference params:  {'a1': 1.1547005383792515, 'a2': 1.8257418583505538, 'a3': 4.47213595499958}
file saved to  data/AKLT3D_X10_scan_grid_critical_a3/a1_0.4618802_a2_0.3651484/Tc.json
