Start running find_critical_temp.py with options:{'filename': 'data/AKLT3D_X10_scan_grid_critical_a3/a1_1.6165808_a2_3.6514837/Tc.json', 'log_filename': 'data/AKLT3D_X10_scan_grid_critical_a3/a1_1.6165808_a2_3.6514837/Tc.log', 'nLayers': 60, 'max_dim': 10, 'model': 'AKLT3D', 'params_min': "{'a1': 1.616580753730952, 'a2': 3.651483716701108, 'a3': 1.788854381999832}", 'params_max': "{'a1': 1.616580753730952, 'a2': 3.651483716701108, 'a3': 2.683281572999748}", 'params_ref': None, 'observable_name': 'magnetizationZ', 'tol': 0.0, 'gilt_enabled': False, 'gilt_eps': 8e-07, 'gilt_nIter': 1, 'mcf_enabled': True, 'mcf_eps': 1e-16, 'mcf_max_iter': 200, 'hotrg_sanity_check': False, 'version': 1, 'device': 'cuda:1'}
loading library...
evaluating model at params_min={'a1': 1.616580753730952, 'a2': 3.651483716701108, 'a3': 1.788854381999832}
params_min= {'a1': 1.616580753730952, 'a2': 3.651483716701108, 'a3': 1.788854381999832} logZ_min= 3.8184222396698706 obs_min= 3.094898569821892e-27
evaluating model at params_max={'a1': 1.616580753730952, 'a2': 3.651483716701108, 'a3': 2.683281572999748}
params_max= {'a1': 1.616580753730952, 'a2': 3.651483716701108, 'a3': 2.683281572999748} logZ_max= 3.8331494927912106 obs_max= 0.8216314031137064
searching for critical temperature using bisection method
evaluating model at params_new={'a1': 1.616580753730952, 'a2': 3.651483716701108, 'a3': 2.23606797749979}
params_min= {'a1': 1.616580753730952, 'a2': 3.651483716701108, 'a3': 1.788854381999832} logZ_min= 3.8184222396698706 obs_min= 3.094898569821892e-27
params_new= {'a1': 1.616580753730952, 'a2': 3.651483716701108, 'a3': 2.23606797749979} logZ_new= nan obs_new= 0.4552623702233357
params_max= {'a1': 1.616580753730952, 'a2': 3.651483716701108, 'a3': 2.683281572999748} logZ_max= 3.8331494927912106 obs_max= 0.8216314031137064
dist_min= tensor(2.1562) dist_max= tensor(1.6974)
params_min,params_max=params_min,params_new
evaluating model at params_new={'a1': 1.616580753730952, 'a2': 3.651483716701108, 'a3': 2.0124611797498106}
params_min= {'a1': 1.616580753730952, 'a2': 3.651483716701108, 'a3': 1.788854381999832} logZ_min= 3.8184222396698706 obs_min= 3.094898569821892e-27
params_new= {'a1': 1.616580753730952, 'a2': 3.651483716701108, 'a3': 2.0124611797498106} logZ_new= nan obs_new= 1.3037759973395613e-26
params_max= {'a1': 1.616580753730952, 'a2': 3.651483716701108, 'a3': 2.23606797749979} logZ_max= nan obs_max= 0.4552623702233357
dist_min= tensor(7.5888) dist_max= tensor(8.1013)
params_min,params_max=params_new,params_max
evaluating model at params_new={'a1': 1.616580753730952, 'a2': 3.651483716701108, 'a3': 2.1242645786248002}
params_min= {'a1': 1.616580753730952, 'a2': 3.651483716701108, 'a3': 2.0124611797498106} logZ_min= nan obs_min= 1.3037759973395613e-26
params_new= {'a1': 1.616580753730952, 'a2': 3.651483716701108, 'a3': 2.1242645786248002} logZ_new= nan obs_new= 0.3903095087256428
params_max= {'a1': 1.616580753730952, 'a2': 3.651483716701108, 'a3': 2.23606797749979} logZ_max= nan obs_max= 0.4552623702233357
dist_min= tensor(8.1711) dist_max= tensor(1.6015)
params_min,params_max=params_min,params_new
evaluating model at params_new={'a1': 1.616580753730952, 'a2': 3.651483716701108, 'a3': 2.0683628791873057}
params_min= {'a1': 1.616580753730952, 'a2': 3.651483716701108, 'a3': 2.0124611797498106} logZ_min= nan obs_min= 1.3037759973395613e-26
params_new= {'a1': 1.616580753730952, 'a2': 3.651483716701108, 'a3': 2.0683628791873057} logZ_new= 3.8222605646104992 obs_new= 0.363379925851659
params_max= {'a1': 1.616580753730952, 'a2': 3.651483716701108, 'a3': 2.1242645786248002} logZ_max= nan obs_max= 0.3903095087256428
dist_min= tensor(7.8367) dist_max= tensor(2.5678)
params_min,params_max=params_min,params_new
evaluating model at params_new={'a1': 1.616580753730952, 'a2': 3.651483716701108, 'a3': 2.040412029468558}
params_min= {'a1': 1.616580753730952, 'a2': 3.651483716701108, 'a3': 2.0124611797498106} logZ_min= nan obs_min= 1.3037759973395613e-26
params_new= {'a1': 1.616580753730952, 'a2': 3.651483716701108, 'a3': 2.040412029468558} logZ_new= 3.8212192607676343 obs_new= 7.617678827270348e-25
params_max= {'a1': 1.616580753730952, 'a2': 3.651483716701108, 'a3': 2.0683628791873057} logZ_max= 3.8222605646104992 obs_max= 0.363379925851659
dist_min= tensor(7.6432) dist_max= tensor(2.2461)
params_min,params_max=params_min,params_new
evaluating model at params_new={'a1': 1.616580753730952, 'a2': 3.651483716701108, 'a3': 2.0264366046091844}
params_min= {'a1': 1.616580753730952, 'a2': 3.651483716701108, 'a3': 2.0124611797498106} logZ_min= nan obs_min= 1.3037759973395613e-26
params_new= {'a1': 1.616580753730952, 'a2': 3.651483716701108, 'a3': 2.0264366046091844} logZ_new= 3.8206013820155067 obs_new= 4.179335126459937e-26
params_max= {'a1': 1.616580753730952, 'a2': 3.651483716701108, 'a3': 2.040412029468558} logZ_max= 3.8212192607676343 obs_max= 7.617678827270348e-25
dist_min= tensor(7.9163) dist_max= tensor(0.8137)
params_min,params_max=params_min,params_new
evaluating model at params_new={'a1': 1.616580753730952, 'a2': 3.651483716701108, 'a3': 2.0194488921794975}
params_min= {'a1': 1.616580753730952, 'a2': 3.651483716701108, 'a3': 2.0124611797498106} logZ_min= nan obs_min= 1.3037759973395613e-26
params_new= {'a1': 1.616580753730952, 'a2': 3.651483716701108, 'a3': 2.0194488921794975} logZ_new= 3.820975746552278 obs_new= 3.031046238726097e-26
params_max= {'a1': 1.616580753730952, 'a2': 3.651483716701108, 'a3': 2.0264366046091844} logZ_max= 3.8206013820155067 obs_max= 4.179335126459937e-26
dist_min= tensor(7.5441) dist_max= tensor(1.1815)
params_min,params_max=params_min,params_new
evaluating model at params_new={'a1': 1.616580753730952, 'a2': 3.651483716701108, 'a3': 2.0159550359646543}
params_min= {'a1': 1.616580753730952, 'a2': 3.651483716701108, 'a3': 2.0124611797498106} logZ_min= nan obs_min= 1.3037759973395613e-26
params_new= {'a1': 1.616580753730952, 'a2': 3.651483716701108, 'a3': 2.0159550359646543} logZ_new= nan obs_new= 6.48860761968855e-27
params_max= {'a1': 1.616580753730952, 'a2': 3.651483716701108, 'a3': 2.0194488921794975} logZ_max= 3.820975746552278 obs_max= 3.031046238726097e-26
dist_min= tensor(1953.0071) dist_max= tensor(1952.6825)
params_min,params_max=params_min,params_new
evaluating model at params_new={'a1': 1.616580753730952, 'a2': 3.651483716701108, 'a3': 2.0142081078572325}
params_min= {'a1': 1.616580753730952, 'a2': 3.651483716701108, 'a3': 2.0124611797498106} logZ_min= nan obs_min= 1.3037759973395613e-26
params_new= {'a1': 1.616580753730952, 'a2': 3.651483716701108, 'a3': 2.0142081078572325} logZ_new= 3.820886390795912 obs_new= 1.2104883249092198e-27
params_max= {'a1': 1.616580753730952, 'a2': 3.651483716701108, 'a3': 2.0159550359646543} logZ_max= nan obs_max= 6.48860761968855e-27
dist_min= tensor(30.5406) dist_max= tensor(1952.7251)
params_min,params_max=params_new,params_max
evaluating model at params_new={'a1': 1.616580753730952, 'a2': 3.651483716701108, 'a3': 2.0150815719109434}
params_min= {'a1': 1.616580753730952, 'a2': 3.651483716701108, 'a3': 2.0142081078572325} logZ_min= 3.820886390795912 obs_min= 1.2104883249092198e-27
params_new= {'a1': 1.616580753730952, 'a2': 3.651483716701108, 'a3': 2.0150815719109434} logZ_new= 3.8209325989574583 obs_new= 1.7645340662840189e-25
params_max= {'a1': 1.616580753730952, 'a2': 3.651483716701108, 'a3': 2.0159550359646543} logZ_max= nan obs_max= 6.48860761968855e-27
dist_min= tensor(30.6437) dist_max= tensor(1953.0345)
params_min,params_max=params_new,params_max
evaluating model at params_new={'a1': 1.616580753730952, 'a2': 3.651483716701108, 'a3': 2.0155183039377986}
params_min= {'a1': 1.616580753730952, 'a2': 3.651483716701108, 'a3': 2.0150815719109434} logZ_min= 3.8209325989574583 obs_min= 1.7645340662840189e-25
params_new= {'a1': 1.616580753730952, 'a2': 3.651483716701108, 'a3': 2.0155183039377986} logZ_new= nan obs_new= 2.6740084563542477e-27
params_max= {'a1': 1.616580753730952, 'a2': 3.651483716701108, 'a3': 2.0159550359646543} logZ_max= nan obs_max= 6.48860761968855e-27
dist_min= tensor(8.6930) dist_max= tensor(1952.8676)
params_min,params_max=params_new,params_max
evaluating model at params_new={'a1': 1.616580753730952, 'a2': 3.651483716701108, 'a3': 2.0157366699512265}
params_min= {'a1': 1.616580753730952, 'a2': 3.651483716701108, 'a3': 2.0155183039377986} logZ_min= nan obs_min= 2.6740084563542477e-27
params_new= {'a1': 1.616580753730952, 'a2': 3.651483716701108, 'a3': 2.0157366699512265} logZ_new= 3.820936679757323 obs_new= 1.617955342428962e-26
params_max= {'a1': 1.616580753730952, 'a2': 3.651483716701108, 'a3': 2.0159550359646543} logZ_max= nan obs_max= 6.48860761968855e-27
dist_min= tensor(7.1182) dist_max= tensor(1952.9081)
params_min,params_max=params_new,params_max
evaluating model at params_new={'a1': 1.616580753730952, 'a2': 3.651483716701108, 'a3': 2.0158458529579404}
params_min= {'a1': 1.616580753730952, 'a2': 3.651483716701108, 'a3': 2.0157366699512265} logZ_min= 3.820936679757323 obs_min= 1.617955342428962e-26
params_new= {'a1': 1.616580753730952, 'a2': 3.651483716701108, 'a3': 2.0158458529579404} logZ_new= 3.8209395885613966 obs_new= 1.1824411354240008e-27
params_max= {'a1': 1.616580753730952, 'a2': 3.651483716701108, 'a3': 2.0159550359646543} logZ_max= nan obs_max= 6.48860761968855e-27
dist_min= tensor(0.5313) dist_max= tensor(1952.5401)
params_min,params_max=params_new,params_max
evaluating model at params_new={'a1': 1.616580753730952, 'a2': 3.651483716701108, 'a3': 2.0159004444612973}
params_min= {'a1': 1.616580753730952, 'a2': 3.651483716701108, 'a3': 2.0158458529579404} logZ_min= 3.8209395885613966 obs_min= 1.1824411354240008e-27
params_new= {'a1': 1.616580753730952, 'a2': 3.651483716701108, 'a3': 2.0159004444612973} logZ_new= 3.8209395041373857 obs_new= 3.4993731898054477e-25
params_max= {'a1': 1.616580753730952, 'a2': 3.651483716701108, 'a3': 2.0159550359646543} logZ_max= nan obs_max= 6.48860761968855e-27
dist_min= tensor(0.2807) dist_max= tensor(1952.7510)
params_min,params_max=params_new,params_max
evaluating model at params_new={'a1': 1.616580753730952, 'a2': 3.651483716701108, 'a3': 2.015927740212976}
params_min= {'a1': 1.616580753730952, 'a2': 3.651483716701108, 'a3': 2.0159004444612973} logZ_min= 3.8209395041373857 obs_min= 3.4993731898054477e-25
params_new= {'a1': 1.616580753730952, 'a2': 3.651483716701108, 'a3': 2.015927740212976} logZ_new= 3.8208571688671946 obs_new= 4.239517781349522e-26
params_max= {'a1': 1.616580753730952, 'a2': 3.651483716701108, 'a3': 2.0159550359646543} logZ_max= nan obs_max= 6.48860761968855e-27
dist_min= tensor(0.3016) dist_max= tensor(1952.9179)
params_min,params_max=params_new,params_max
evaluating model at params_new={'a1': 1.616580753730952, 'a2': 3.651483716701108, 'a3': 2.015941388088815}
params_min= {'a1': 1.616580753730952, 'a2': 3.651483716701108, 'a3': 2.015927740212976} logZ_min= 3.8208571688671946 obs_min= 4.239517781349522e-26
params_new= {'a1': 1.616580753730952, 'a2': 3.651483716701108, 'a3': 2.015941388088815} logZ_new= 3.820749307190709 obs_new= -2.5024835801165253e-29
params_max= {'a1': 1.616580753730952, 'a2': 3.651483716701108, 'a3': 2.0159550359646543} logZ_max= nan obs_max= 6.48860761968855e-27
dist_min= tensor(1.4087) dist_max= tensor(1953.0357)
params_min,params_max=params_new,params_max
evaluating model at params_new={'a1': 1.616580753730952, 'a2': 3.651483716701108, 'a3': 2.0159482120267347}
params_min= {'a1': 1.616580753730952, 'a2': 3.651483716701108, 'a3': 2.015941388088815} logZ_min= 3.820749307190709 obs_min= -2.5024835801165253e-29
params_new= {'a1': 1.616580753730952, 'a2': 3.651483716701108, 'a3': 2.0159482120267347} logZ_new= 3.8209412651071046 obs_new= 4.2433822019520743e-32
params_max= {'a1': 1.616580753730952, 'a2': 3.651483716701108, 'a3': 2.0159550359646543} logZ_max= nan obs_max= 6.48860761968855e-27
dist_min= tensor(263.5647) dist_max= tensor(1970.7296)
params_min,params_max=params_new,params_max
evaluating model at params_new={'a1': 1.616580753730952, 'a2': 3.651483716701108, 'a3': 2.0159516239956945}
params_min= {'a1': 1.616580753730952, 'a2': 3.651483716701108, 'a3': 2.0159482120267347} logZ_min= 3.8209412651071046 obs_min= 4.2433822019520743e-32
params_new= {'a1': 1.616580753730952, 'a2': 3.651483716701108, 'a3': 2.0159516239956945} logZ_new= nan obs_new= 4.029601066463754e-27
params_max= {'a1': 1.616580753730952, 'a2': 3.651483716701108, 'a3': 2.0159550359646543} logZ_max= nan obs_max= 6.48860761968855e-27
dist_min= tensor(340.7649) dist_max= tensor(1964.8996)
params_min,params_max=params_new,params_max
evaluating model at params_new={'a1': 1.616580753730952, 'a2': 3.651483716701108, 'a3': 2.0159533299801744}
params_min= {'a1': 1.616580753730952, 'a2': 3.651483716701108, 'a3': 2.0159516239956945} logZ_min= nan obs_min= 4.029601066463754e-27
params_new= {'a1': 1.616580753730952, 'a2': 3.651483716701108, 'a3': 2.0159533299801744} logZ_new= 3.820942318924527 obs_new= 4.130656138517933e-28
params_max= {'a1': 1.616580753730952, 'a2': 3.651483716701108, 'a3': 2.0159550359646543} logZ_max= nan obs_max= 6.48860761968855e-27
dist_min= tensor(216.3546) dist_max= tensor(1953.0418)
params_min,params_max=params_new,params_max
evaluating model at params_new={'a1': 1.616580753730952, 'a2': 3.651483716701108, 'a3': 2.0159541829724144}
params_min= {'a1': 1.616580753730952, 'a2': 3.651483716701108, 'a3': 2.0159533299801744} logZ_min= 3.820942318924527 obs_min= 4.130656138517933e-28
params_new= {'a1': 1.616580753730952, 'a2': 3.651483716701108, 'a3': 2.0159541829724144} logZ_new= 3.8209364259763974 obs_new= 7.837090451240674e-26
params_max= {'a1': 1.616580753730952, 'a2': 3.651483716701108, 'a3': 2.0159550359646543} logZ_max= nan obs_max= 6.48860761968855e-27
dist_min= tensor(11.3493) dist_max= tensor(1952.9799)
params_min,params_max=params_new,params_max
evaluating model at params_new={'a1': 1.616580753730952, 'a2': 3.651483716701108, 'a3': 2.015954609468534}
params_min= {'a1': 1.616580753730952, 'a2': 3.651483716701108, 'a3': 2.0159541829724144} logZ_min= 3.8209364259763974 obs_min= 7.837090451240674e-26
params_new= {'a1': 1.616580753730952, 'a2': 3.651483716701108, 'a3': 2.015954609468534} logZ_new= 3.8204370303268798 obs_new= 1.0484757076385003e-27
params_max= {'a1': 1.616580753730952, 'a2': 3.651483716701108, 'a3': 2.0159550359646543} logZ_max= nan obs_max= 6.48860761968855e-27
dist_min= tensor(18.6143) dist_max= tensor(1934.8763)
params_min,params_max=params_new,params_max
evaluating model at params_new={'a1': 1.616580753730952, 'a2': 3.651483716701108, 'a3': 2.015954822716594}
params_min= {'a1': 1.616580753730952, 'a2': 3.651483716701108, 'a3': 2.015954609468534} logZ_min= 3.8204370303268798 obs_min= 1.0484757076385003e-27
params_new= {'a1': 1.616580753730952, 'a2': 3.651483716701108, 'a3': 2.015954822716594} logZ_new= nan obs_new= 3.0629995808135093e-25
params_max= {'a1': 1.616580753730952, 'a2': 3.651483716701108, 'a3': 2.0159550359646543} logZ_max= nan obs_max= 6.48860761968855e-27
dist_min= tensor(19.2200) dist_max= tensor(1952.9963)
params_min,params_max=params_new,params_max
evaluating model at params_new={'a1': 1.616580753730952, 'a2': 3.651483716701108, 'a3': 2.0159549293406243}
params_min= {'a1': 1.616580753730952, 'a2': 3.651483716701108, 'a3': 2.015954822716594} logZ_min= nan obs_min= 3.0629995808135093e-25
params_new= {'a1': 1.616580753730952, 'a2': 3.651483716701108, 'a3': 2.0159549293406243} logZ_new= 3.8209423327688485 obs_new= 5.2474086055332976e-27
params_max= {'a1': 1.616580753730952, 'a2': 3.651483716701108, 'a3': 2.0159550359646543} logZ_max= nan obs_max= 6.48860761968855e-27
dist_min= tensor(16.8783) dist_max= tensor(1953.0876)
params_min,params_max=params_new,params_max
evaluating model at params_new={'a1': 1.616580753730952, 'a2': 3.651483716701108, 'a3': 2.015954982652639}
params_min= {'a1': 1.616580753730952, 'a2': 3.651483716701108, 'a3': 2.0159549293406243} logZ_min= 3.8209423327688485 obs_min= 5.2474086055332976e-27
params_new= {'a1': 1.616580753730952, 'a2': 3.651483716701108, 'a3': 2.015954982652639} logZ_new= 3.819793495691566 obs_new= 3.1603144695600897e-27
params_max= {'a1': 1.616580753730952, 'a2': 3.651483716701108, 'a3': 2.0159550359646543} logZ_max= nan obs_max= 6.48860761968855e-27
dist_min= tensor(16.4885) dist_max= tensor(1953.0025)
params_min,params_max=params_new,params_max
evaluating model at params_new={'a1': 1.616580753730952, 'a2': 3.651483716701108, 'a3': 2.0159550093086467}
params_min= {'a1': 1.616580753730952, 'a2': 3.651483716701108, 'a3': 2.015954982652639} logZ_min= 3.819793495691566 obs_min= 3.1603144695600897e-27
params_new= {'a1': 1.616580753730952, 'a2': 3.651483716701108, 'a3': 2.0159550093086467} logZ_new= 3.820942280212327 obs_new= 3.896039205685193e-26
params_max= {'a1': 1.616580753730952, 'a2': 3.651483716701108, 'a3': 2.0159550359646543} logZ_max= nan obs_max= 6.48860761968855e-27
dist_min= tensor(1.3281) dist_max= tensor(1953.0349)
params_min,params_max=params_new,params_max
evaluating model at params_new={'a1': 1.616580753730952, 'a2': 3.651483716701108, 'a3': 2.0159550226366507}
params_min= {'a1': 1.616580753730952, 'a2': 3.651483716701108, 'a3': 2.0159550093086467} logZ_min= 3.820942280212327 obs_min= 3.896039205685193e-26
params_new= {'a1': 1.616580753730952, 'a2': 3.651483716701108, 'a3': 2.0159550226366507} logZ_new= 3.820909848188011 obs_new= 1.9481224592745333e-26
params_max= {'a1': 1.616580753730952, 'a2': 3.651483716701108, 'a3': 2.0159550359646543} logZ_max= nan obs_max= 6.48860761968855e-27
dist_min= tensor(125.3348) dist_max= tensor(1829.1429)
params_min,params_max=params_new,params_max
evaluating model at params_new={'a1': 1.616580753730952, 'a2': 3.651483716701108, 'a3': 2.0159550293006525}
params_min= {'a1': 1.616580753730952, 'a2': 3.651483716701108, 'a3': 2.0159550226366507} logZ_min= 3.820909848188011 obs_min= 1.9481224592745333e-26
params_new= {'a1': 1.616580753730952, 'a2': 3.651483716701108, 'a3': 2.0159550293006525} logZ_new= nan obs_new= 3.949332201516088e-27
params_max= {'a1': 1.616580753730952, 'a2': 3.651483716701108, 'a3': 2.0159550359646543} logZ_max= nan obs_max= 6.48860761968855e-27
dist_min= tensor(387.2882) dist_max= tensor(1987.0230)
params_min,params_max=params_new,params_max
evaluating model at params_new={'a1': 1.616580753730952, 'a2': 3.651483716701108, 'a3': 2.0159550326326534}
params_min= {'a1': 1.616580753730952, 'a2': 3.651483716701108, 'a3': 2.0159550293006525} logZ_min= nan obs_min= 3.949332201516088e-27
params_new= {'a1': 1.616580753730952, 'a2': 3.651483716701108, 'a3': 2.0159550326326534} logZ_new= 3.8209362181839666 obs_new= 9.22655920702301e-27
params_max= {'a1': 1.616580753730952, 'a2': 3.651483716701108, 'a3': 2.0159550359646543} logZ_max= nan obs_max= 6.48860761968855e-27
dist_min= tensor(365.8365) dist_max= tensor(1952.9535)
params_min,params_max=params_new,params_max
evaluating model at params_new={'a1': 1.616580753730952, 'a2': 3.651483716701108, 'a3': 2.0159550342986536}
params_min= {'a1': 1.616580753730952, 'a2': 3.651483716701108, 'a3': 2.0159550326326534} logZ_min= 3.8209362181839666 obs_min= 9.22655920702301e-27
params_new= {'a1': 1.616580753730952, 'a2': 3.651483716701108, 'a3': 2.0159550342986536} logZ_new= nan obs_new= 1.6101143963015677e-26
params_max= {'a1': 1.616580753730952, 'a2': 3.651483716701108, 'a3': 2.0159550359646543} logZ_max= nan obs_max= 6.48860761968855e-27
dist_min= tensor(69.2880) dist_max= tensor(1953.8532)
params_min,params_max=params_new,params_max
evaluating model at params_new={'a1': 1.616580753730952, 'a2': 3.651483716701108, 'a3': 2.015955035131654}
params_min= {'a1': 1.616580753730952, 'a2': 3.651483716701108, 'a3': 2.0159550342986536} logZ_min= nan obs_min= 1.6101143963015677e-26
params_new= {'a1': 1.616580753730952, 'a2': 3.651483716701108, 'a3': 2.015955035131654} logZ_new= 3.8208446894726795 obs_new= 1.3568734216237123e-28
params_max= {'a1': 1.616580753730952, 'a2': 3.651483716701108, 'a3': 2.0159550359646543} logZ_max= nan obs_max= 6.48860761968855e-27
dist_min= tensor(111.1028) dist_max= tensor(1955.0094)
params_min,params_max=params_new,params_max
evaluating model at params_new={'a1': 1.616580753730952, 'a2': 3.651483716701108, 'a3': 2.015955035548154}
params_min= {'a1': 1.616580753730952, 'a2': 3.651483716701108, 'a3': 2.015955035131654} logZ_min= 3.8208446894726795 obs_min= 1.3568734216237123e-28
params_new= {'a1': 1.616580753730952, 'a2': 3.651483716701108, 'a3': 2.015955035548154} logZ_new= 3.8209423707576256 obs_new= 5.540801230633146e-26
params_max= {'a1': 1.616580753730952, 'a2': 3.651483716701108, 'a3': 2.0159550359646543} logZ_max= nan obs_max= 6.48860761968855e-27
dist_min= tensor(87.8508) dist_max= tensor(1952.9527)
params_min,params_max=params_new,params_max
evaluating model at params_new={'a1': 1.616580753730952, 'a2': 3.651483716701108, 'a3': 2.015955035756404}
params_min= {'a1': 1.616580753730952, 'a2': 3.651483716701108, 'a3': 2.015955035548154} logZ_min= 3.8209423707576256 obs_min= 5.540801230633146e-26
params_new= {'a1': 1.616580753730952, 'a2': 3.651483716701108, 'a3': 2.015955035756404} logZ_new= nan obs_new= 2.3024360934787382e-27
params_max= {'a1': 1.616580753730952, 'a2': 3.651483716701108, 'a3': 2.0159550359646543} logZ_max= nan obs_max= 6.48860761968855e-27
dist_min= tensor(4.7977) dist_max= tensor(1952.8258)
params_min,params_max=params_new,params_max
evaluating model at params_new={'a1': 1.616580753730952, 'a2': 3.651483716701108, 'a3': 2.015955035860529}
params_min= {'a1': 1.616580753730952, 'a2': 3.651483716701108, 'a3': 2.015955035756404} logZ_min= nan obs_min= 2.3024360934787382e-27
params_new= {'a1': 1.616580753730952, 'a2': 3.651483716701108, 'a3': 2.015955035860529} logZ_new= 3.8209385357837413 obs_new= 6.810018682347092e-26
params_max= {'a1': 1.616580753730952, 'a2': 3.651483716701108, 'a3': 2.0159550359646543} logZ_max= nan obs_max= 6.48860761968855e-27
dist_min= tensor(137.9782) dist_max= tensor(1957.9335)
params_min,params_max=params_new,params_max
evaluating model at params_new={'a1': 1.616580753730952, 'a2': 3.651483716701108, 'a3': 2.015955035912592}
params_min= {'a1': 1.616580753730952, 'a2': 3.651483716701108, 'a3': 2.015955035860529} logZ_min= 3.8209385357837413 obs_min= 6.810018682347092e-26
params_new= {'a1': 1.616580753730952, 'a2': 3.651483716701108, 'a3': 2.015955035912592} logZ_new= 3.8209325749978054 obs_new= 2.1837586822355033e-26
params_max= {'a1': 1.616580753730952, 'a2': 3.651483716701108, 'a3': 2.0159550359646543} logZ_max= nan obs_max= 6.48860761968855e-27
dist_min= tensor(138.8611) dist_max= tensor(1953.0296)
params_min,params_max=params_new,params_max
evaluating model at params_new={'a1': 1.616580753730952, 'a2': 3.651483716701108, 'a3': 2.015955035938623}
params_min= {'a1': 1.616580753730952, 'a2': 3.651483716701108, 'a3': 2.015955035912592} logZ_min= 3.8209325749978054 obs_min= 2.1837586822355033e-26
params_new= {'a1': 1.616580753730952, 'a2': 3.651483716701108, 'a3': 2.015955035938623} logZ_new= 3.820715348157947 obs_new= 7.591279252074432e-27
params_max= {'a1': 1.616580753730952, 'a2': 3.651483716701108, 'a3': 2.0159550359646543} logZ_max= nan obs_max= 6.48860761968855e-27
dist_min= tensor(424323.1345) dist_max= tensor(424327.5973)
params_min,params_max=params_new,params_max
evaluating model at params_new={'a1': 1.616580753730952, 'a2': 3.651483716701108, 'a3': 2.015955035951639}
params_min= {'a1': 1.616580753730952, 'a2': 3.651483716701108, 'a3': 2.015955035938623} logZ_min= 3.820715348157947 obs_min= 7.591279252074432e-27
params_new= {'a1': 1.616580753730952, 'a2': 3.651483716701108, 'a3': 2.015955035951639} logZ_new= nan obs_new= 2.9032947971837704e-30
params_max= {'a1': 1.616580753730952, 'a2': 3.651483716701108, 'a3': 2.0159550359646543} logZ_max= nan obs_max= 6.48860761968855e-27
dist_min= tensor(424322.9564) dist_max= tensor(1953.0472)
params_min,params_max=params_min,params_new
evaluating model at params_new={'a1': 1.616580753730952, 'a2': 3.651483716701108, 'a3': 2.0159550359451313}
params_min= {'a1': 1.616580753730952, 'a2': 3.651483716701108, 'a3': 2.015955035938623} logZ_min= 3.820715348157947 obs_min= 7.591279252074432e-27
params_new= {'a1': 1.616580753730952, 'a2': 3.651483716701108, 'a3': 2.0159550359451313} logZ_new= 3.820549494502121 obs_new= 1.9956913596887173e-26
params_max= {'a1': 1.616580753730952, 'a2': 3.651483716701108, 'a3': 2.015955035951639} logZ_max= nan obs_max= 2.9032947971837704e-30
dist_min= tensor(424322.5378) dist_max= tensor(6.9066)
params_min,params_max=params_min,params_new
evaluating model at params_new={'a1': 1.616580753730952, 'a2': 3.651483716701108, 'a3': 2.015955035941877}
params_min= {'a1': 1.616580753730952, 'a2': 3.651483716701108, 'a3': 2.015955035938623} logZ_min= 3.820715348157947 obs_min= 7.591279252074432e-27
params_new= {'a1': 1.616580753730952, 'a2': 3.651483716701108, 'a3': 2.015955035941877} logZ_new= nan obs_new= 1.0546785010750317e-27
params_max= {'a1': 1.616580753730952, 'a2': 3.651483716701108, 'a3': 2.0159550359451313} logZ_max= 3.820549494502121 obs_max= 1.9956913596887173e-26
dist_min= tensor(424323.0237) dist_max= tensor(15.9801)
params_min,params_max=params_min,params_new
evaluating model at params_new={'a1': 1.616580753730952, 'a2': 3.651483716701108, 'a3': 2.01595503594025}
params_min= {'a1': 1.616580753730952, 'a2': 3.651483716701108, 'a3': 2.015955035938623} logZ_min= 3.820715348157947 obs_min= 7.591279252074432e-27
params_new= {'a1': 1.616580753730952, 'a2': 3.651483716701108, 'a3': 2.01595503594025} logZ_new= 3.820926500189518 obs_new= 2.489793075013998e-27
params_max= {'a1': 1.616580753730952, 'a2': 3.651483716701108, 'a3': 2.015955035941877} logZ_max= nan obs_max= 1.0546785010750317e-27
dist_min= tensor(424323.3118) dist_max= tensor(325.9520)
params_min,params_max=params_min,params_new
evaluating model at params_new={'a1': 1.616580753730952, 'a2': 3.651483716701108, 'a3': 2.0159550359394363}
params_min= {'a1': 1.616580753730952, 'a2': 3.651483716701108, 'a3': 2.015955035938623} logZ_min= 3.820715348157947 obs_min= 7.591279252074432e-27
params_new= {'a1': 1.616580753730952, 'a2': 3.651483716701108, 'a3': 2.0159550359394363} logZ_new= nan obs_new= 2.4919232577706873e-29
params_max= {'a1': 1.616580753730952, 'a2': 3.651483716701108, 'a3': 2.01595503594025} logZ_max= 3.820926500189518 obs_max= 2.489793075013998e-27
dist_min= tensor(424322.9706) dist_max= tensor(341.7486)
params_min,params_max=params_min,params_new
evaluating model at params_new={'a1': 1.616580753730952, 'a2': 3.651483716701108, 'a3': 2.0159550359390295}
params_min= {'a1': 1.616580753730952, 'a2': 3.651483716701108, 'a3': 2.015955035938623} logZ_min= 3.820715348157947 obs_min= 7.591279252074432e-27
params_new= {'a1': 1.616580753730952, 'a2': 3.651483716701108, 'a3': 2.0159550359390295} logZ_new= 3.820924574579762 obs_new= 5.566488540850863e-29
params_max= {'a1': 1.616580753730952, 'a2': 3.651483716701108, 'a3': 2.0159550359394363} logZ_max= nan obs_max= 2.4919232577706873e-29
dist_min= tensor(424322.5296) dist_max= tensor(5.2328)
params_min,params_max=params_min,params_new
evaluating model at params_new={'a1': 1.616580753730952, 'a2': 3.651483716701108, 'a3': 2.015955035938826}
params_min= {'a1': 1.616580753730952, 'a2': 3.651483716701108, 'a3': 2.015955035938623} logZ_min= 3.820715348157947 obs_min= 7.591279252074432e-27
params_new= {'a1': 1.616580753730952, 'a2': 3.651483716701108, 'a3': 2.015955035938826} logZ_new= nan obs_new= 3.383287640170729e-26
params_max= {'a1': 1.616580753730952, 'a2': 3.651483716701108, 'a3': 2.0159550359390295} logZ_max= 3.820924574579762 obs_max= 5.566488540850863e-29
dist_min= tensor(424322.6677) dist_max= tensor(10.9680)
params_min,params_max=params_min,params_new
evaluating model at params_new={'a1': 1.616580753730952, 'a2': 3.651483716701108, 'a3': 2.015955035938725}
params_min= {'a1': 1.616580753730952, 'a2': 3.651483716701108, 'a3': 2.015955035938623} logZ_min= 3.820715348157947 obs_min= 7.591279252074432e-27
params_new= {'a1': 1.616580753730952, 'a2': 3.651483716701108, 'a3': 2.015955035938725} logZ_new= 3.8209297206271913 obs_new= 3.933326619428251e-31
params_max= {'a1': 1.616580753730952, 'a2': 3.651483716701108, 'a3': 2.015955035938826} logZ_max= nan obs_max= 3.383287640170729e-26
dist_min= tensor(424320.6673) dist_max= tensor(13.2494)
params_min,params_max=params_min,params_new
evaluating model at params_new={'a1': 1.616580753730952, 'a2': 3.651483716701108, 'a3': 2.015955035938674}
params_min= {'a1': 1.616580753730952, 'a2': 3.651483716701108, 'a3': 2.015955035938623} logZ_min= 3.820715348157947 obs_min= 7.591279252074432e-27
params_new= {'a1': 1.616580753730952, 'a2': 3.651483716701108, 'a3': 2.015955035938674} logZ_new= nan obs_new= 6.18111332306442e-29
params_max= {'a1': 1.616580753730952, 'a2': 3.651483716701108, 'a3': 2.015955035938725} logZ_max= 3.8209297206271913 obs_max= 3.933326619428251e-31
dist_min= tensor(424323.0643) dist_max= tensor(7.0944)
params_min,params_max=params_min,params_new
evaluating model at params_new={'a1': 1.616580753730952, 'a2': 3.651483716701108, 'a3': 2.0159550359386484}
params_min= {'a1': 1.616580753730952, 'a2': 3.651483716701108, 'a3': 2.015955035938623} logZ_min= 3.820715348157947 obs_min= 7.591279252074432e-27
params_new= {'a1': 1.616580753730952, 'a2': 3.651483716701108, 'a3': 2.0159550359386484} logZ_new= 3.8209422759692244 obs_new= 4.349935354630058e-29
params_max= {'a1': 1.616580753730952, 'a2': 3.651483716701108, 'a3': 2.015955035938674} logZ_max= nan obs_max= 6.18111332306442e-29
dist_min= tensor(424323.1844) dist_max= tensor(1.1424)
params_min,params_max=params_min,params_new
evaluating model at params_new={'a1': 1.616580753730952, 'a2': 3.651483716701108, 'a3': 2.015955035938636}
params_min= {'a1': 1.616580753730952, 'a2': 3.651483716701108, 'a3': 2.015955035938623} logZ_min= 3.820715348157947 obs_min= 7.591279252074432e-27
params_new= {'a1': 1.616580753730952, 'a2': 3.651483716701108, 'a3': 2.015955035938636} logZ_new= nan obs_new= 3.063018387297081e-26
params_max= {'a1': 1.616580753730952, 'a2': 3.651483716701108, 'a3': 2.0159550359386484} logZ_max= 3.8209422759692244 obs_max= 4.349935354630058e-29
dist_min= tensor(424323.1363) dist_max= tensor(139.0544)
params_min,params_max=params_min,params_new
evaluating model at params_new={'a1': 1.616580753730952, 'a2': 3.651483716701108, 'a3': 2.01595503593863}
params_min= {'a1': 1.616580753730952, 'a2': 3.651483716701108, 'a3': 2.015955035938623} logZ_min= 3.820715348157947 obs_min= 7.591279252074432e-27
params_new= {'a1': 1.616580753730952, 'a2': 3.651483716701108, 'a3': 2.01595503593863} logZ_new= 3.820942553394332 obs_new= 4.8006891682767916e-26
params_max= {'a1': 1.616580753730952, 'a2': 3.651483716701108, 'a3': 2.015955035938636} logZ_max= nan obs_max= 3.063018387297081e-26
dist_min= tensor(424322.5397) dist_max= tensor(138.7882)
params_min,params_max=params_min,params_new
evaluating model at params_new={'a1': 1.616580753730952, 'a2': 3.651483716701108, 'a3': 2.0159550359386262}
params_min= {'a1': 1.616580753730952, 'a2': 3.651483716701108, 'a3': 2.015955035938623} logZ_min= 3.820715348157947 obs_min= 7.591279252074432e-27
params_new= {'a1': 1.616580753730952, 'a2': 3.651483716701108, 'a3': 2.0159550359386262} logZ_new= nan obs_new= 8.318733854533681e-29
params_max= {'a1': 1.616580753730952, 'a2': 3.651483716701108, 'a3': 2.01595503593863} logZ_max= 3.820942553394332 obs_max= 4.8006891682767916e-26
dist_min= tensor(424323.0642) dist_max= tensor(4.5995)
params_min,params_max=params_min,params_new
evaluating model at params_new={'a1': 1.616580753730952, 'a2': 3.651483716701108, 'a3': 2.0159550359386245}
params_min= {'a1': 1.616580753730952, 'a2': 3.651483716701108, 'a3': 2.015955035938623} logZ_min= 3.820715348157947 obs_min= 7.591279252074432e-27
params_new= {'a1': 1.616580753730952, 'a2': 3.651483716701108, 'a3': 2.0159550359386245} logZ_new= nan obs_new= 2.2049367915003142e-25
params_max= {'a1': 1.616580753730952, 'a2': 3.651483716701108, 'a3': 2.0159550359386262} logZ_max= nan obs_max= 8.318733854533681e-29
dist_min= tensor(424322.9001) dist_max= tensor(298.4362)
params_min,params_max=params_min,params_new
evaluating model at params_new={'a1': 1.616580753730952, 'a2': 3.651483716701108, 'a3': 2.0159550359386236}
params_min= {'a1': 1.616580753730952, 'a2': 3.651483716701108, 'a3': 2.015955035938623} logZ_min= 3.820715348157947 obs_min= 7.591279252074432e-27
params_new= {'a1': 1.616580753730952, 'a2': 3.651483716701108, 'a3': 2.0159550359386236} logZ_new= 3.8209129754348607 obs_new= 1.9604800014055952e-29
params_max= {'a1': 1.616580753730952, 'a2': 3.651483716701108, 'a3': 2.0159550359386245} logZ_max= nan obs_max= 2.2049367915003142e-25
dist_min= tensor(424323.1461) dist_max= tensor(299.2381)
params_min,params_max=params_min,params_new
critical params found:  {'a1': 1.616580753730952, 'a2': 3.651483716701108, 'a3': 2.0159550359386236}
reference params:  {'a1': 1.1547005383792515, 'a2': 1.8257418583505538, 'a3': 4.47213595499958}
file saved to  data/AKLT3D_X10_scan_grid_critical_a3/a1_1.6165808_a2_3.6514837/Tc.json
