Start running find_critical_temp.py with options:{'filename': 'data/AKLT3D_X10_scan_grid_critical_a3/a1_0.9237604_a2_1.8257419/Tc.json', 'log_filename': 'data/AKLT3D_X10_scan_grid_critical_a3/a1_0.9237604_a2_1.8257419/Tc.log', 'nLayers': 60, 'max_dim': 10, 'model': 'AKLT3D', 'params_min': "{'a1': 0.9237604307034012, 'a2': 1.8257418583505536, 'a3': 3.577708763999664}", 'params_max': "{'a1': 0.9237604307034012, 'a2': 1.8257418583505536, 'a3': 4.47213595499958}", 'params_ref': None, 'observable_name': 'magnetizationZ', 'tol': 0.0, 'gilt_enabled': False, 'gilt_eps': 8e-07, 'gilt_nIter': 1, 'mcf_enabled': True, 'mcf_eps': 1e-16, 'mcf_max_iter': 200, 'hotrg_sanity_check': False, 'version': 1, 'device': 'cuda:1'}
loading library...
evaluating model at params_min={'a1': 0.9237604307034012, 'a2': 1.8257418583505536, 'a3': 3.577708763999664}
params_min= {'a1': 0.9237604307034012, 'a2': 1.8257418583505536, 'a3': 3.577708763999664} logZ_min= 2.8958820453960894 obs_min= 1.0902009135245534e-29
evaluating model at params_max={'a1': 0.9237604307034012, 'a2': 1.8257418583505536, 'a3': 4.47213595499958}
params_max= {'a1': 0.9237604307034012, 'a2': 1.8257418583505536, 'a3': 4.47213595499958} logZ_max= 3.0926024328570874 obs_max= 7.314787185478886
searching for critical temperature using bisection method
evaluating model at params_new={'a1': 0.9237604307034012, 'a2': 1.8257418583505536, 'a3': 4.024922359499621}
params_min= {'a1': 0.9237604307034012, 'a2': 1.8257418583505536, 'a3': 3.577708763999664} logZ_min= 2.8958820453960894 obs_min= 1.0902009135245534e-29
params_new= {'a1': 0.9237604307034012, 'a2': 1.8257418583505536, 'a3': 4.024922359499621} logZ_new= nan obs_new= 5.464832774917899
params_max= {'a1': 0.9237604307034012, 'a2': 1.8257418583505536, 'a3': 4.47213595499958} logZ_max= 3.0926024328570874 obs_max= 7.314787185478886
dist_min= tensor(11.3995) dist_max= tensor(10.0290)
params_min,params_max=params_min,params_new
evaluating model at params_new={'a1': 0.9237604307034012, 'a2': 1.8257418583505536, 'a3': 3.8013155617496426}
params_min= {'a1': 0.9237604307034012, 'a2': 1.8257418583505536, 'a3': 3.577708763999664} logZ_min= 2.8958820453960894 obs_min= 1.0902009135245534e-29
params_new= {'a1': 0.9237604307034012, 'a2': 1.8257418583505536, 'a3': 3.8013155617496426} logZ_new= 2.9077181553197904 obs_new= 1.3805110697695315
params_max= {'a1': 0.9237604307034012, 'a2': 1.8257418583505536, 'a3': 4.024922359499621} logZ_max= nan obs_max= 5.464832774917899
dist_min= tensor(60.3682) dist_max= tensor(61.1780)
params_min,params_max=params_new,params_max
evaluating model at params_new={'a1': 0.9237604307034012, 'a2': 1.8257418583505536, 'a3': 3.913118960624632}
params_min= {'a1': 0.9237604307034012, 'a2': 1.8257418583505536, 'a3': 3.8013155617496426} logZ_min= 2.9077181553197904 obs_min= 1.3805110697695315
params_new= {'a1': 0.9237604307034012, 'a2': 1.8257418583505536, 'a3': 3.913118960624632} logZ_new= 2.9109531790135685 obs_new= 4.079159196145334
params_max= {'a1': 0.9237604307034012, 'a2': 1.8257418583505536, 'a3': 4.024922359499621} logZ_max= nan obs_max= 5.464832774917899
dist_min= tensor(61.5957) dist_max= tensor(3.8153)
params_min,params_max=params_min,params_new
evaluating model at params_new={'a1': 0.9237604307034012, 'a2': 1.8257418583505536, 'a3': 3.857217261187137}
params_min= {'a1': 0.9237604307034012, 'a2': 1.8257418583505536, 'a3': 3.8013155617496426} logZ_min= 2.9077181553197904 obs_min= 1.3805110697695315
params_new= {'a1': 0.9237604307034012, 'a2': 1.8257418583505536, 'a3': 3.857217261187137} logZ_new= 2.90581596280287 obs_new= 2.0624224393078743
params_max= {'a1': 0.9237604307034012, 'a2': 1.8257418583505536, 'a3': 3.913118960624632} logZ_max= 2.9109531790135685 obs_max= 4.079159196145334
dist_min= tensor(65.9866) dist_max= tensor(28.1063)
params_min,params_max=params_min,params_new
evaluating model at params_new={'a1': 0.9237604307034012, 'a2': 1.8257418583505536, 'a3': 3.8292664114683896}
params_min= {'a1': 0.9237604307034012, 'a2': 1.8257418583505536, 'a3': 3.8013155617496426} logZ_min= 2.9077181553197904 obs_min= 1.3805110697695315
params_new= {'a1': 0.9237604307034012, 'a2': 1.8257418583505536, 'a3': 3.8292664114683896} logZ_new= 2.90231661475151 obs_new= 1.8715870836999797
params_max= {'a1': 0.9237604307034012, 'a2': 1.8257418583505536, 'a3': 3.857217261187137} logZ_max= 2.90581596280287 obs_max= 2.0624224393078743
dist_min= tensor(67.6268) dist_max= tensor(7.7115)
params_min,params_max=params_min,params_new
evaluating model at params_new={'a1': 0.9237604307034012, 'a2': 1.8257418583505536, 'a3': 3.815290986609016}
params_min= {'a1': 0.9237604307034012, 'a2': 1.8257418583505536, 'a3': 3.8013155617496426} logZ_min= 2.9077181553197904 obs_min= 1.3805110697695315
params_new= {'a1': 0.9237604307034012, 'a2': 1.8257418583505536, 'a3': 3.815290986609016} logZ_new= 2.90911367165372 obs_new= 1.4738528175097831
params_max= {'a1': 0.9237604307034012, 'a2': 1.8257418583505536, 'a3': 3.8292664114683896} logZ_max= 2.90231661475151 obs_max= 1.8715870836999797
dist_min= tensor(106.9640) dist_max= tensor(90.9797)
params_min,params_max=params_min,params_new
evaluating model at params_new={'a1': 0.9237604307034012, 'a2': 1.8257418583505536, 'a3': 3.8083032741793295}
params_min= {'a1': 0.9237604307034012, 'a2': 1.8257418583505536, 'a3': 3.8013155617496426} logZ_min= 2.9077181553197904 obs_min= 1.3805110697695315
params_new= {'a1': 0.9237604307034012, 'a2': 1.8257418583505536, 'a3': 3.8083032741793295} logZ_new= 2.9084765500631113 obs_new= 1.4301491461055076
params_max= {'a1': 0.9237604307034012, 'a2': 1.8257418583505536, 'a3': 3.815290986609016} logZ_max= 2.90911367165372 obs_max= 1.4738528175097831
dist_min= tensor(60.3946) dist_max= tensor(87.0248)
params_min,params_max=params_new,params_max
evaluating model at params_new={'a1': 0.9237604307034012, 'a2': 1.8257418583505536, 'a3': 3.8117971303941727}
params_min= {'a1': 0.9237604307034012, 'a2': 1.8257418583505536, 'a3': 3.8083032741793295} logZ_min= 2.9084765500631113 obs_min= 1.4301491461055076
params_new= {'a1': 0.9237604307034012, 'a2': 1.8257418583505536, 'a3': 3.8117971303941727} logZ_new= 2.9087636613279306 obs_new= 1.4564268994861953
params_max= {'a1': 0.9237604307034012, 'a2': 1.8257418583505536, 'a3': 3.815290986609016} logZ_max= 2.90911367165372 obs_max= 1.4738528175097831
dist_min= tensor(1.9575) dist_max= tensor(87.6761)
params_min,params_max=params_new,params_max
evaluating model at params_new={'a1': 0.9237604307034012, 'a2': 1.8257418583505536, 'a3': 3.813544058501594}
params_min= {'a1': 0.9237604307034012, 'a2': 1.8257418583505536, 'a3': 3.8117971303941727} logZ_min= 2.9087636613279306 obs_min= 1.4564268994861953
params_new= {'a1': 0.9237604307034012, 'a2': 1.8257418583505536, 'a3': 3.813544058501594} logZ_new= nan obs_new= 1.4697598845370992
params_max= {'a1': 0.9237604307034012, 'a2': 1.8257418583505536, 'a3': 3.815290986609016} logZ_max= 2.90911367165372 obs_max= 1.4738528175097831
dist_min= tensor(560.6647) dist_max= tensor(567.4667)
params_min,params_max=params_new,params_max
evaluating model at params_new={'a1': 0.9237604307034012, 'a2': 1.8257418583505536, 'a3': 3.814417522555305}
params_min= {'a1': 0.9237604307034012, 'a2': 1.8257418583505536, 'a3': 3.813544058501594} logZ_min= nan obs_min= 1.4697598845370992
params_new= {'a1': 0.9237604307034012, 'a2': 1.8257418583505536, 'a3': 3.814417522555305} logZ_new= 2.9005720929146968 obs_new= 1.769489627039935
params_max= {'a1': 0.9237604307034012, 'a2': 1.8257418583505536, 'a3': 3.815290986609016} logZ_max= 2.90911367165372 obs_max= 1.4738528175097831
dist_min= tensor(561.3505) dist_max= tensor(92.1639)
params_min,params_max=params_min,params_new
evaluating model at params_new={'a1': 0.9237604307034012, 'a2': 1.8257418583505536, 'a3': 3.8139807905284497}
params_min= {'a1': 0.9237604307034012, 'a2': 1.8257418583505536, 'a3': 3.813544058501594} logZ_min= nan obs_min= 1.4697598845370992
params_new= {'a1': 0.9237604307034012, 'a2': 1.8257418583505536, 'a3': 3.8139807905284497} logZ_new= nan obs_new= 1.4636244924273587
params_max= {'a1': 0.9237604307034012, 'a2': 1.8257418583505536, 'a3': 3.814417522555305} logZ_max= 2.9005720929146968 obs_max= 1.769489627039935
dist_min= tensor(559.6732) dist_max= tensor(28.9285)
params_min,params_max=params_min,params_new
evaluating model at params_new={'a1': 0.9237604307034012, 'a2': 1.8257418583505536, 'a3': 3.813762424515022}
params_min= {'a1': 0.9237604307034012, 'a2': 1.8257418583505536, 'a3': 3.813544058501594} logZ_min= nan obs_min= 1.4697598845370992
params_new= {'a1': 0.9237604307034012, 'a2': 1.8257418583505536, 'a3': 3.813762424515022} logZ_new= 2.9089804801578367 obs_new= 1.4631083018005497
params_max= {'a1': 0.9237604307034012, 'a2': 1.8257418583505536, 'a3': 3.8139807905284497} logZ_max= nan obs_max= 1.4636244924273587
dist_min= tensor(560.0477) dist_max= tensor(4.5056)
params_min,params_max=params_min,params_new
evaluating model at params_new={'a1': 0.9237604307034012, 'a2': 1.8257418583505536, 'a3': 3.813653241508308}
params_min= {'a1': 0.9237604307034012, 'a2': 1.8257418583505536, 'a3': 3.813544058501594} logZ_min= nan obs_min= 1.4697598845370992
params_new= {'a1': 0.9237604307034012, 'a2': 1.8257418583505536, 'a3': 3.813653241508308} logZ_new= 2.8996120405073373 obs_new= 1.750598004340914
params_max= {'a1': 0.9237604307034012, 'a2': 1.8257418583505536, 'a3': 3.813762424515022} logZ_max= 2.9089804801578367 obs_max= 1.4631083018005497
dist_min= tensor(560.5884) dist_max= tensor(74.1699)
params_min,params_max=params_min,params_new
evaluating model at params_new={'a1': 0.9237604307034012, 'a2': 1.8257418583505536, 'a3': 3.813598650004951}
params_min= {'a1': 0.9237604307034012, 'a2': 1.8257418583505536, 'a3': 3.813544058501594} logZ_min= nan obs_min= 1.4697598845370992
params_new= {'a1': 0.9237604307034012, 'a2': 1.8257418583505536, 'a3': 3.813598650004951} logZ_new= 2.9089641395021566 obs_new= 1.4610209030662236
params_max= {'a1': 0.9237604307034012, 'a2': 1.8257418583505536, 'a3': 3.813653241508308} logZ_max= 2.8996120405073373 obs_max= 1.750598004340914
dist_min= tensor(606.6414) dist_max= tensor(243.6655)
params_min,params_max=params_min,params_new
evaluating model at params_new={'a1': 0.9237604307034012, 'a2': 1.8257418583505536, 'a3': 3.8135713542532725}
params_min= {'a1': 0.9237604307034012, 'a2': 1.8257418583505536, 'a3': 3.813544058501594} logZ_min= nan obs_min= 1.4697598845370992
params_new= {'a1': 0.9237604307034012, 'a2': 1.8257418583505536, 'a3': 3.8135713542532725} logZ_new= nan obs_new= 1.460547905152157
params_max= {'a1': 0.9237604307034012, 'a2': 1.8257418583505536, 'a3': 3.813598650004951} logZ_max= 2.9089641395021566 obs_max= 1.4610209030662236
dist_min= tensor(558.1448) dist_max= tensor(232.7126)
params_min,params_max=params_min,params_new
evaluating model at params_new={'a1': 0.9237604307034012, 'a2': 1.8257418583505536, 'a3': 3.8135577063774333}
params_min= {'a1': 0.9237604307034012, 'a2': 1.8257418583505536, 'a3': 3.813544058501594} logZ_min= nan obs_min= 1.4697598845370992
params_new= {'a1': 0.9237604307034012, 'a2': 1.8257418583505536, 'a3': 3.8135577063774333} logZ_new= nan obs_new= 1.4699000277638037
params_max= {'a1': 0.9237604307034012, 'a2': 1.8257418583505536, 'a3': 3.8135713542532725} logZ_max= nan obs_max= 1.460547905152157
dist_min= tensor(562.6573) dist_max= tensor(49.4108)
params_min,params_max=params_min,params_new
evaluating model at params_new={'a1': 0.9237604307034012, 'a2': 1.8257418583505536, 'a3': 3.8135508824395137}
params_min= {'a1': 0.9237604307034012, 'a2': 1.8257418583505536, 'a3': 3.813544058501594} logZ_min= nan obs_min= 1.4697598845370992
params_new= {'a1': 0.9237604307034012, 'a2': 1.8257418583505536, 'a3': 3.8135508824395137} logZ_new= 2.908923939794012 obs_new= 1.4699775891243057
params_max= {'a1': 0.9237604307034012, 'a2': 1.8257418583505536, 'a3': 3.8135577063774333} logZ_max= nan obs_max= 1.4699000277638037
dist_min= tensor(2371.0170) dist_max= tensor(2303.3807)
params_min,params_max=params_min,params_new
evaluating model at params_new={'a1': 0.9237604307034012, 'a2': 1.8257418583505536, 'a3': 3.813547470470554}
params_min= {'a1': 0.9237604307034012, 'a2': 1.8257418583505536, 'a3': 3.813544058501594} logZ_min= nan obs_min= 1.4697598845370992
params_new= {'a1': 0.9237604307034012, 'a2': 1.8257418583505536, 'a3': 3.813547470470554} logZ_new= 2.900472029074921 obs_new= 1.7636193522567538
params_max= {'a1': 0.9237604307034012, 'a2': 1.8257418583505536, 'a3': 3.8135508824395137} logZ_max= 2.908923939794012 obs_max= 1.4699775891243057
dist_min= tensor(561.2821) dist_max= tensor(2304.2945)
params_min,params_max=params_new,params_max
evaluating model at params_new={'a1': 0.9237604307034012, 'a2': 1.8257418583505536, 'a3': 3.8135491764550338}
params_min= {'a1': 0.9237604307034012, 'a2': 1.8257418583505536, 'a3': 3.813547470470554} logZ_min= 2.900472029074921 obs_min= 1.7636193522567538
params_new= {'a1': 0.9237604307034012, 'a2': 1.8257418583505536, 'a3': 3.8135491764550338} logZ_new= 2.908923872656216 obs_new= 1.4698382325120458
params_max= {'a1': 0.9237604307034012, 'a2': 1.8257418583505536, 'a3': 3.8135508824395137} logZ_max= 2.908923939794012 obs_max= 1.4699775891243057
dist_min= tensor(272.6941) dist_max= tensor(2316.3801)
params_min,params_max=params_new,params_max
evaluating model at params_new={'a1': 0.9237604307034012, 'a2': 1.8257418583505536, 'a3': 3.8135500294472737}
params_min= {'a1': 0.9237604307034012, 'a2': 1.8257418583505536, 'a3': 3.8135491764550338} logZ_min= 2.908923872656216 obs_min= 1.4698382325120458
params_new= {'a1': 0.9237604307034012, 'a2': 1.8257418583505536, 'a3': 3.8135500294472737} logZ_new= nan obs_new= 1.4698517354974023
params_max= {'a1': 0.9237604307034012, 'a2': 1.8257418583505536, 'a3': 3.8135508824395137} logZ_max= 2.908923939794012 obs_max= 1.4699775891243057
dist_min= tensor(271.2397) dist_max= tensor(2303.2086)
params_min,params_max=params_new,params_max
evaluating model at params_new={'a1': 0.9237604307034012, 'a2': 1.8257418583505536, 'a3': 3.8135504559433935}
params_min= {'a1': 0.9237604307034012, 'a2': 1.8257418583505536, 'a3': 3.8135500294472737} logZ_min= nan obs_min= 1.4698517354974023
params_new= {'a1': 0.9237604307034012, 'a2': 1.8257418583505536, 'a3': 3.8135504559433935} logZ_new= nan obs_new= 1.763635464432737
params_max= {'a1': 0.9237604307034012, 'a2': 1.8257418583505536, 'a3': 3.8135508824395137} logZ_max= 2.908923939794012 obs_max= 1.4699775891243057
dist_min= tensor(570.5990) dist_max= tensor(2373.6205)
params_min,params_max=params_new,params_max
evaluating model at params_new={'a1': 0.9237604307034012, 'a2': 1.8257418583505536, 'a3': 3.8135506691914536}
params_min= {'a1': 0.9237604307034012, 'a2': 1.8257418583505536, 'a3': 3.8135504559433935} logZ_min= nan obs_min= 1.763635464432737
params_new= {'a1': 0.9237604307034012, 'a2': 1.8257418583505536, 'a3': 3.8135506691914536} logZ_new= 2.9004954177416415 obs_new= 1.7628322265127245
params_max= {'a1': 0.9237604307034012, 'a2': 1.8257418583505536, 'a3': 3.8135508824395137} logZ_max= 2.908923939794012 obs_max= 1.4699775891243057
dist_min= tensor(569.6574) dist_max= tensor(2303.6814)
params_min,params_max=params_new,params_max
evaluating model at params_new={'a1': 0.9237604307034012, 'a2': 1.8257418583505536, 'a3': 3.8135507758154836}
params_min= {'a1': 0.9237604307034012, 'a2': 1.8257418583505536, 'a3': 3.8135506691914536} logZ_min= 2.9004954177416415 obs_min= 1.7628322265127245
params_new= {'a1': 0.9237604307034012, 'a2': 1.8257418583505536, 'a3': 3.8135507758154836} logZ_new= nan obs_new= 1.7647239408907966
params_max= {'a1': 0.9237604307034012, 'a2': 1.8257418583505536, 'a3': 3.8135508824395137} logZ_max= 2.908923939794012 obs_max= 1.4699775891243057
dist_min= tensor(11.8563) dist_max= tensor(2292.0886)
params_min,params_max=params_new,params_max
evaluating model at params_new={'a1': 0.9237604307034012, 'a2': 1.8257418583505536, 'a3': 3.8135508291274984}
params_min= {'a1': 0.9237604307034012, 'a2': 1.8257418583505536, 'a3': 3.8135507758154836} logZ_min= nan obs_min= 1.7647239408907966
params_new= {'a1': 0.9237604307034012, 'a2': 1.8257418583505536, 'a3': 3.8135508291274984} logZ_new= 2.908926895805284 obs_new= 1.4693524209378626
params_max= {'a1': 0.9237604307034012, 'a2': 1.8257418583505536, 'a3': 3.8135508824395137} logZ_max= 2.908923939794012 obs_max= 1.4699775891243057
dist_min= tensor(30.8361) dist_max= tensor(2303.6924)
params_min,params_max=params_new,params_max
evaluating model at params_new={'a1': 0.9237604307034012, 'a2': 1.8257418583505536, 'a3': 3.813550855783506}
params_min= {'a1': 0.9237604307034012, 'a2': 1.8257418583505536, 'a3': 3.8135508291274984} logZ_min= 2.908926895805284 obs_min= 1.4693524209378626
params_new= {'a1': 0.9237604307034012, 'a2': 1.8257418583505536, 'a3': 3.813550855783506} logZ_new= 2.908919493614472 obs_new= 1.4701026652473494
params_max= {'a1': 0.9237604307034012, 'a2': 1.8257418583505536, 'a3': 3.8135508824395137} logZ_max= 2.908923939794012 obs_max= 1.4699775891243057
dist_min= tensor(3698.0329) dist_max= tensor(4357.2905)
params_min,params_max=params_new,params_max
evaluating model at params_new={'a1': 0.9237604307034012, 'a2': 1.8257418583505536, 'a3': 3.81355086911151}
params_min= {'a1': 0.9237604307034012, 'a2': 1.8257418583505536, 'a3': 3.813550855783506} logZ_min= 2.908919493614472 obs_min= 1.4701026652473494
params_new= {'a1': 0.9237604307034012, 'a2': 1.8257418583505536, 'a3': 3.81355086911151} logZ_new= 2.9004724438206204 obs_new= 1.7636367353612072
params_max= {'a1': 0.9237604307034012, 'a2': 1.8257418583505536, 'a3': 3.8135508824395137} logZ_max= 2.908923939794012 obs_max= 1.4699775891243057
dist_min= tensor(3698.5004) dist_max= tensor(2291.6345)
params_min,params_max=params_min,params_new
evaluating model at params_new={'a1': 0.9237604307034012, 'a2': 1.8257418583505536, 'a3': 3.8135508624475083}
params_min= {'a1': 0.9237604307034012, 'a2': 1.8257418583505536, 'a3': 3.813550855783506} logZ_min= 2.908919493614472 obs_min= 1.4701026652473494
params_new= {'a1': 0.9237604307034012, 'a2': 1.8257418583505536, 'a3': 3.8135508624475083} logZ_new= 2.900506303566906 obs_new= 1.7607578777579314
params_max= {'a1': 0.9237604307034012, 'a2': 1.8257418583505536, 'a3': 3.81355086911151} logZ_max= 2.9004724438206204 obs_max= 1.7636367353612072
dist_min= tensor(3697.5796) dist_max= tensor(19.1601)
params_min,params_max=params_min,params_new
evaluating model at params_new={'a1': 0.9237604307034012, 'a2': 1.8257418583505536, 'a3': 3.813550859115507}
params_min= {'a1': 0.9237604307034012, 'a2': 1.8257418583505536, 'a3': 3.813550855783506} logZ_min= 2.908919493614472 obs_min= 1.4701026652473494
params_new= {'a1': 0.9237604307034012, 'a2': 1.8257418583505536, 'a3': 3.813550859115507} logZ_new= 2.899599985892096 obs_new= 1.7498915504103154
params_max= {'a1': 0.9237604307034012, 'a2': 1.8257418583505536, 'a3': 3.8135508624475083} logZ_max= 2.900506303566906 obs_max= 1.7607578777579314
dist_min= tensor(452413.6125) dist_max= tensor(452398.0477)
params_min,params_max=params_min,params_new
evaluating model at params_new={'a1': 0.9237604307034012, 'a2': 1.8257418583505536, 'a3': 3.8135508574495063}
params_min= {'a1': 0.9237604307034012, 'a2': 1.8257418583505536, 'a3': 3.813550855783506} logZ_min= 2.908919493614472 obs_min= 1.4701026652473494
params_new= {'a1': 0.9237604307034012, 'a2': 1.8257418583505536, 'a3': 3.8135508574495063} logZ_new= 2.9089236699458474 obs_new= 1.4699524570255966
params_max= {'a1': 0.9237604307034012, 'a2': 1.8257418583505536, 'a3': 3.813550859115507} logZ_max= 2.899599985892096 obs_max= 1.7498915504103154
dist_min= tensor(3698.0314) dist_max= tensor(452398.6431)
params_min,params_max=params_new,params_max
evaluating model at params_new={'a1': 0.9237604307034012, 'a2': 1.8257418583505536, 'a3': 3.8135508582825066}
params_min= {'a1': 0.9237604307034012, 'a2': 1.8257418583505536, 'a3': 3.8135508574495063} logZ_min= 2.9089236699458474 obs_min= 1.4699524570255966
params_new= {'a1': 0.9237604307034012, 'a2': 1.8257418583505536, 'a3': 3.8135508582825066} logZ_new= 2.908822673766697 obs_new= 1.4755770335379603
params_max= {'a1': 0.9237604307034012, 'a2': 1.8257418583505536, 'a3': 3.813550859115507} logZ_max= 2.899599985892096 obs_max= 1.7498915504103154
dist_min= tensor(1.0873) dist_max= tensor(452398.0558)
params_min,params_max=params_new,params_max
evaluating model at params_new={'a1': 0.9237604307034012, 'a2': 1.8257418583505536, 'a3': 3.813550858699007}
params_min= {'a1': 0.9237604307034012, 'a2': 1.8257418583505536, 'a3': 3.8135508582825066} logZ_min= 2.908822673766697 obs_min= 1.4755770335379603
params_new= {'a1': 0.9237604307034012, 'a2': 1.8257418583505536, 'a3': 3.813550858699007} logZ_new= nan obs_new= 1.469552637597165
params_max= {'a1': 0.9237604307034012, 'a2': 1.8257418583505536, 'a3': 3.813550859115507} logZ_max= 2.899599985892096 obs_max= 1.7498915504103154
dist_min= tensor(1.1532) dist_max= tensor(452397.7805)
params_min,params_max=params_new,params_max
evaluating model at params_new={'a1': 0.9237604307034012, 'a2': 1.8257418583505536, 'a3': 3.8135508589072566}
params_min= {'a1': 0.9237604307034012, 'a2': 1.8257418583505536, 'a3': 3.813550858699007} logZ_min= nan obs_min= 1.469552637597165
params_new= {'a1': 0.9237604307034012, 'a2': 1.8257418583505536, 'a3': 3.8135508589072566} logZ_new= 2.9004727226198637 obs_new= 1.7636381143392421
params_max= {'a1': 0.9237604307034012, 'a2': 1.8257418583505536, 'a3': 3.813550859115507} logZ_max= 2.899599985892096 obs_max= 1.7498915504103154
dist_min= tensor(837.8592) dist_max= tensor(452399.3397)
params_min,params_max=params_new,params_max
evaluating model at params_new={'a1': 0.9237604307034012, 'a2': 1.8257418583505536, 'a3': 3.813550859011382}
params_min= {'a1': 0.9237604307034012, 'a2': 1.8257418583505536, 'a3': 3.8135508589072566} logZ_min= 2.9004727226198637 obs_min= 1.7636381143392421
params_new= {'a1': 0.9237604307034012, 'a2': 1.8257418583505536, 'a3': 3.813550859011382} logZ_new= 2.9089239634853743 obs_new= 1.4698539972901012
params_max= {'a1': 0.9237604307034012, 'a2': 1.8257418583505536, 'a3': 3.813550859115507} logZ_max= 2.899599985892096 obs_max= 1.7498915504103154
dist_min= tensor(3823.5463) dist_max= tensor(452414.1582)
params_min,params_max=params_new,params_max
evaluating model at params_new={'a1': 0.9237604307034012, 'a2': 1.8257418583505536, 'a3': 3.8135508590634446}
params_min= {'a1': 0.9237604307034012, 'a2': 1.8257418583505536, 'a3': 3.813550859011382} logZ_min= 2.9089239634853743 obs_min= 1.4698539972901012
params_new= {'a1': 0.9237604307034012, 'a2': 1.8257418583505536, 'a3': 3.8135508590634446} logZ_new= nan obs_new= 1.469941153387423
params_max= {'a1': 0.9237604307034012, 'a2': 1.8257418583505536, 'a3': 3.813550859115507} logZ_max= 2.899599985892096 obs_max= 1.7498915504103154
dist_min= tensor(3730.9483) dist_max= tensor(452398.7252)
params_min,params_max=params_new,params_max
evaluating model at params_new={'a1': 0.9237604307034012, 'a2': 1.8257418583505536, 'a3': 3.8135508590894758}
params_min= {'a1': 0.9237604307034012, 'a2': 1.8257418583505536, 'a3': 3.8135508590634446} logZ_min= nan obs_min= 1.469941153387423
params_new= {'a1': 0.9237604307034012, 'a2': 1.8257418583505536, 'a3': 3.8135508590894758} logZ_new= 2.9089237518138367 obs_new= 1.4696031648588446
params_max= {'a1': 0.9237604307034012, 'a2': 1.8257418583505536, 'a3': 3.813550859115507} logZ_max= 2.899599985892096 obs_max= 1.7498915504103154
dist_min= tensor(6.4833) dist_max= tensor(452398.0487)
params_min,params_max=params_new,params_max
evaluating model at params_new={'a1': 0.9237604307034012, 'a2': 1.8257418583505536, 'a3': 3.8135508591024916}
params_min= {'a1': 0.9237604307034012, 'a2': 1.8257418583505536, 'a3': 3.8135508590894758} logZ_min= 2.9089237518138367 obs_min= 1.4696031648588446
params_new= {'a1': 0.9237604307034012, 'a2': 1.8257418583505536, 'a3': 3.8135508591024916} logZ_new= nan obs_new= 1.4698509622453741
params_max= {'a1': 0.9237604307034012, 'a2': 1.8257418583505536, 'a3': 3.813550859115507} logZ_max= 2.899599985892096 obs_max= 1.7498915504103154
dist_min= tensor(30.6437) dist_max= tensor(452398.4264)
params_min,params_max=params_new,params_max
evaluating model at params_new={'a1': 0.9237604307034012, 'a2': 1.8257418583505536, 'a3': 3.8135508591089993}
params_min= {'a1': 0.9237604307034012, 'a2': 1.8257418583505536, 'a3': 3.8135508591024916} logZ_min= nan obs_min= 1.4698509622453741
params_new= {'a1': 0.9237604307034012, 'a2': 1.8257418583505536, 'a3': 3.8135508591089993} logZ_new= 2.900479890672246 obs_new= 1.7633852350757784
params_max= {'a1': 0.9237604307034012, 'a2': 1.8257418583505536, 'a3': 3.813550859115507} logZ_max= 2.899599985892096 obs_max= 1.7498915504103154
dist_min= tensor(41.4952) dist_max= tensor(452398.0478)
params_min,params_max=params_new,params_max
evaluating model at params_new={'a1': 0.9237604307034012, 'a2': 1.8257418583505536, 'a3': 3.813550859112253}
params_min= {'a1': 0.9237604307034012, 'a2': 1.8257418583505536, 'a3': 3.8135508591089993} logZ_min= 2.900479890672246 obs_min= 1.7633852350757784
params_new= {'a1': 0.9237604307034012, 'a2': 1.8257418583505536, 'a3': 3.813550859112253} logZ_new= 2.9089240168052237 obs_new= 1.469849395425853
params_max= {'a1': 0.9237604307034012, 'a2': 1.8257418583505536, 'a3': 3.813550859115507} logZ_max= 2.899599985892096 obs_max= 1.7498915504103154
dist_min= tensor(535.6411) dist_max= tensor(452398.7254)
params_min,params_max=params_new,params_max
evaluating model at params_new={'a1': 0.9237604307034012, 'a2': 1.8257418583505536, 'a3': 3.81355085911388}
params_min= {'a1': 0.9237604307034012, 'a2': 1.8257418583505536, 'a3': 3.813550859112253} logZ_min= 2.9089240168052237 obs_min= 1.469849395425853
params_new= {'a1': 0.9237604307034012, 'a2': 1.8257418583505536, 'a3': 3.81355085911388} logZ_new= nan obs_new= 1.763702297463721
params_max= {'a1': 0.9237604307034012, 'a2': 1.8257418583505536, 'a3': 3.813550859115507} logZ_max= 2.899599985892096 obs_max= 1.7498915504103154
dist_min= tensor(535.6411) dist_max= tensor(452398.6016)
params_min,params_max=params_new,params_max
evaluating model at params_new={'a1': 0.9237604307034012, 'a2': 1.8257418583505536, 'a3': 3.8135508591146934}
params_min= {'a1': 0.9237604307034012, 'a2': 1.8257418583505536, 'a3': 3.81355085911388} logZ_min= nan obs_min= 1.763702297463721
params_new= {'a1': 0.9237604307034012, 'a2': 1.8257418583505536, 'a3': 3.8135508591146934} logZ_new= nan obs_new= 1.7629115987743391
params_max= {'a1': 0.9237604307034012, 'a2': 1.8257418583505536, 'a3': 3.813550859115507} logZ_max= 2.899599985892096 obs_max= 1.7498915504103154
dist_min= tensor(4.1530) dist_max= tensor(452398.6963)
params_min,params_max=params_new,params_max
evaluating model at params_new={'a1': 0.9237604307034012, 'a2': 1.8257418583505536, 'a3': 3.8135508591151}
params_min= {'a1': 0.9237604307034012, 'a2': 1.8257418583505536, 'a3': 3.8135508591146934} logZ_min= nan obs_min= 1.7629115987743391
params_new= {'a1': 0.9237604307034012, 'a2': 1.8257418583505536, 'a3': 3.8135508591151} logZ_new= nan obs_new= 1.4698957836396713
params_max= {'a1': 0.9237604307034012, 'a2': 1.8257418583505536, 'a3': 3.813550859115507} logZ_max= 2.899599985892096 obs_max= 1.7498915504103154
dist_min= tensor(41.2724) dist_max= tensor(452398.9020)
params_min,params_max=params_new,params_max
evaluating model at params_new={'a1': 0.9237604307034012, 'a2': 1.8257418583505536, 'a3': 3.8135508591153036}
params_min= {'a1': 0.9237604307034012, 'a2': 1.8257418583505536, 'a3': 3.8135508591151} logZ_min= nan obs_min= 1.4698957836396713
params_new= {'a1': 0.9237604307034012, 'a2': 1.8257418583505536, 'a3': 3.8135508591153036} logZ_new= nan obs_new= 1.763642355883187
params_max= {'a1': 0.9237604307034012, 'a2': 1.8257418583505536, 'a3': 3.813550859115507} logZ_max= 2.899599985892096 obs_max= 1.7498915504103154
dist_min= tensor(39.8245) dist_max= tensor(452398.7235)
params_min,params_max=params_new,params_max
evaluating model at params_new={'a1': 0.9237604307034012, 'a2': 1.8257418583505536, 'a3': 3.8135508591154053}
params_min= {'a1': 0.9237604307034012, 'a2': 1.8257418583505536, 'a3': 3.8135508591153036} logZ_min= nan obs_min= 1.763642355883187
params_new= {'a1': 0.9237604307034012, 'a2': 1.8257418583505536, 'a3': 3.8135508591154053} logZ_new= 2.900473054545961 obs_new= 1.763622961729847
params_max= {'a1': 0.9237604307034012, 'a2': 1.8257418583505536, 'a3': 3.813550859115507} logZ_max= 2.899599985892096 obs_max= 1.7498915504103154
dist_min= tensor(7.9672) dist_max= tensor(452398.0743)
params_min,params_max=params_new,params_max
evaluating model at params_new={'a1': 0.9237604307034012, 'a2': 1.8257418583505536, 'a3': 3.8135508591154563}
params_min= {'a1': 0.9237604307034012, 'a2': 1.8257418583505536, 'a3': 3.8135508591154053} logZ_min= 2.900473054545961 obs_min= 1.763622961729847
params_new= {'a1': 0.9237604307034012, 'a2': 1.8257418583505536, 'a3': 3.8135508591154563} logZ_new= nan obs_new= 1.748143143290402
params_max= {'a1': 0.9237604307034012, 'a2': 1.8257418583505536, 'a3': 3.813550859115507} logZ_max= 2.899599985892096 obs_max= 1.7498915504103154
dist_min= tensor(22.0994) dist_max= tensor(452377.3538)
params_min,params_max=params_new,params_max
evaluating model at params_new={'a1': 0.9237604307034012, 'a2': 1.8257418583505536, 'a3': 3.8135508591154816}
params_min= {'a1': 0.9237604307034012, 'a2': 1.8257418583505536, 'a3': 3.8135508591154563} logZ_min= nan obs_min= 1.748143143290402
params_new= {'a1': 0.9237604307034012, 'a2': 1.8257418583505536, 'a3': 3.8135508591154816} logZ_new= 2.9089240589032235 obs_new= 1.4700625082207697
params_max= {'a1': 0.9237604307034012, 'a2': 1.8257418583505536, 'a3': 3.813550859115507} logZ_max= 2.899599985892096 obs_max= 1.7498915504103154
dist_min= tensor(36.0443) dist_max= tensor(452398.0760)
params_min,params_max=params_new,params_max
evaluating model at params_new={'a1': 0.9237604307034012, 'a2': 1.8257418583505536, 'a3': 3.8135508591154945}
params_min= {'a1': 0.9237604307034012, 'a2': 1.8257418583505536, 'a3': 3.8135508591154816} logZ_min= 2.9089240589032235 obs_min= 1.4700625082207697
params_new= {'a1': 0.9237604307034012, 'a2': 1.8257418583505536, 'a3': 3.8135508591154945} logZ_new= 2.908924017118601 obs_new= 1.4700302693316052
params_max= {'a1': 0.9237604307034012, 'a2': 1.8257418583505536, 'a3': 3.813550859115507} logZ_max= 2.899599985892096 obs_max= 1.7498915504103154
dist_min= tensor(38.3570) dist_max= tensor(452398.8429)
params_min,params_max=params_new,params_max
evaluating model at params_new={'a1': 0.9237604307034012, 'a2': 1.8257418583505536, 'a3': 3.8135508591155007}
params_min= {'a1': 0.9237604307034012, 'a2': 1.8257418583505536, 'a3': 3.8135508591154945} logZ_min= 2.908924017118601 obs_min= 1.4700302693316052
params_new= {'a1': 0.9237604307034012, 'a2': 1.8257418583505536, 'a3': 3.8135508591155007} logZ_new= 2.901522720317443 obs_new= 1.6816835912296078
params_max= {'a1': 0.9237604307034012, 'a2': 1.8257418583505536, 'a3': 3.813550859115507} logZ_max= 2.899599985892096 obs_max= 1.7498915504103154
dist_min= tensor(46.9880) dist_max= tensor(452398.6941)
params_min,params_max=params_new,params_max
evaluating model at params_new={'a1': 0.9237604307034012, 'a2': 1.8257418583505536, 'a3': 3.813550859115504}
params_min= {'a1': 0.9237604307034012, 'a2': 1.8257418583505536, 'a3': 3.8135508591155007} logZ_min= 2.901522720317443 obs_min= 1.6816835912296078
params_new= {'a1': 0.9237604307034012, 'a2': 1.8257418583505536, 'a3': 3.813550859115504} logZ_new= 2.9004746187955814 obs_new= 1.7635714153318744
params_max= {'a1': 0.9237604307034012, 'a2': 1.8257418583505536, 'a3': 3.813550859115507} logZ_max= 2.899599985892096 obs_max= 1.7498915504103154
dist_min= tensor(2.3921) dist_max= tensor(452398.8709)
params_min,params_max=params_new,params_max
evaluating model at params_new={'a1': 0.9237604307034012, 'a2': 1.8257418583505536, 'a3': 3.813550859115505}
params_min= {'a1': 0.9237604307034012, 'a2': 1.8257418583505536, 'a3': 3.813550859115504} logZ_min= 2.9004746187955814 obs_min= 1.7635714153318744
params_new= {'a1': 0.9237604307034012, 'a2': 1.8257418583505536, 'a3': 3.813550859115505} logZ_new= 2.9089350749002745 obs_new= 1.469982958417874
params_max= {'a1': 0.9237604307034012, 'a2': 1.8257418583505536, 'a3': 3.813550859115507} logZ_max= 2.899599985892096 obs_max= 1.7498915504103154
dist_min= tensor(28.4593) dist_max= tensor(452398.7086)
params_min,params_max=params_new,params_max
evaluating model at params_new={'a1': 0.9237604307034012, 'a2': 1.8257418583505536, 'a3': 3.813550859115506}
params_min= {'a1': 0.9237604307034012, 'a2': 1.8257418583505536, 'a3': 3.813550859115505} logZ_min= 2.9089350749002745 obs_min= 1.469982958417874
params_new= {'a1': 0.9237604307034012, 'a2': 1.8257418583505536, 'a3': 3.813550859115506} logZ_new= 2.9004733275812886 obs_new= 1.7636166645858788
params_max= {'a1': 0.9237604307034012, 'a2': 1.8257418583505536, 'a3': 3.813550859115507} logZ_max= 2.899599985892096 obs_max= 1.7498915504103154
dist_min= tensor(28.5000) dist_max= tensor(452398.2193)
params_min,params_max=params_new,params_max
evaluating model at params_new={'a1': 0.9237604307034012, 'a2': 1.8257418583505536, 'a3': 3.8135508591155065}
params_min= {'a1': 0.9237604307034012, 'a2': 1.8257418583505536, 'a3': 3.813550859115506} logZ_min= 2.9004733275812886 obs_min= 1.7636166645858788
params_new= {'a1': 0.9237604307034012, 'a2': 1.8257418583505536, 'a3': 3.8135508591155065} logZ_new= 2.899599985892096 obs_new= 1.7498915504103147
params_max= {'a1': 0.9237604307034012, 'a2': 1.8257418583505536, 'a3': 3.813550859115507} logZ_max= 2.899599985892096 obs_max= 1.7498915504103154
dist_min= tensor(452398.2193) dist_max= tensor(0.)
params_min,params_max=params_min,params_new
critical params found:  {'a1': 0.9237604307034012, 'a2': 1.8257418583505536, 'a3': 3.813550859115506}
reference params:  {'a1': 1.1547005383792515, 'a2': 1.8257418583505538, 'a3': 4.47213595499958}
file saved to  data/AKLT3D_X10_scan_grid_critical_a3/a1_0.9237604_a2_1.8257419/Tc.json
