Start running find_critical_temp.py with options:{'filename': 'data/AKLT3D_X10_scan_grid_critical_a3/a1_0.9237604_a2_2.5560386/Tc.json', 'log_filename': 'data/AKLT3D_X10_scan_grid_critical_a3/a1_0.9237604_a2_2.5560386/Tc.log', 'nLayers': 60, 'max_dim': 10, 'model': 'AKLT3D', 'params_min': "{'a1': 0.9237604307034012, 'a2': 2.5560386016907755, 'a3': 1.788854381999832}", 'params_max': "{'a1': 0.9237604307034012, 'a2': 2.5560386016907755, 'a3': 2.683281572999748}", 'params_ref': None, 'observable_name': 'magnetizationZ', 'tol': 0.0, 'gilt_enabled': False, 'gilt_eps': 8e-07, 'gilt_nIter': 1, 'mcf_enabled': True, 'mcf_eps': 1e-16, 'mcf_max_iter': 200, 'hotrg_sanity_check': False, 'version': 1, 'device': 'cuda:1'}
loading library...
evaluating model at params_min={'a1': 0.9237604307034012, 'a2': 2.5560386016907755, 'a3': 1.788854381999832}
params_min= {'a1': 0.9237604307034012, 'a2': 2.5560386016907755, 'a3': 1.788854381999832} logZ_min= nan obs_min= 4.673938648718437e-29
evaluating model at params_max={'a1': 0.9237604307034012, 'a2': 2.5560386016907755, 'a3': 2.683281572999748}
params_max= {'a1': 0.9237604307034012, 'a2': 2.5560386016907755, 'a3': 2.683281572999748} logZ_max= 3.129252385712866 obs_max= 1.3180128175856258
searching for critical temperature using bisection method
evaluating model at params_new={'a1': 0.9237604307034012, 'a2': 2.5560386016907755, 'a3': 2.23606797749979}
params_min= {'a1': 0.9237604307034012, 'a2': 2.5560386016907755, 'a3': 1.788854381999832} logZ_min= nan obs_min= 4.673938648718437e-29
params_new= {'a1': 0.9237604307034012, 'a2': 2.5560386016907755, 'a3': 2.23606797749979} logZ_new= 3.1110286312049067 obs_new= 0.5177735580173617
params_max= {'a1': 0.9237604307034012, 'a2': 2.5560386016907755, 'a3': 2.683281572999748} logZ_max= 3.129252385712866 obs_max= 1.3180128175856258
dist_min= tensor(18.9232) dist_max= tensor(17.1880)
params_min,params_max=params_min,params_new
evaluating model at params_new={'a1': 0.9237604307034012, 'a2': 2.5560386016907755, 'a3': 2.0124611797498106}
params_min= {'a1': 0.9237604307034012, 'a2': 2.5560386016907755, 'a3': 1.788854381999832} logZ_min= nan obs_min= 4.673938648718437e-29
params_new= {'a1': 0.9237604307034012, 'a2': 2.5560386016907755, 'a3': 2.0124611797498106} logZ_new= nan obs_new= 3.7154891218263464e-30
params_max= {'a1': 0.9237604307034012, 'a2': 2.5560386016907755, 'a3': 2.23606797749979} logZ_max= 3.1110286312049067 obs_max= 0.5177735580173617
dist_min= tensor(8.7461) dist_max= tensor(16.0285)
params_min,params_max=params_new,params_max
evaluating model at params_new={'a1': 0.9237604307034012, 'a2': 2.5560386016907755, 'a3': 2.1242645786248002}
params_min= {'a1': 0.9237604307034012, 'a2': 2.5560386016907755, 'a3': 2.0124611797498106} logZ_min= nan obs_min= 3.7154891218263464e-30
params_new= {'a1': 0.9237604307034012, 'a2': 2.5560386016907755, 'a3': 2.1242645786248002} logZ_new= nan obs_new= 3.626786144057388e-28
params_max= {'a1': 0.9237604307034012, 'a2': 2.5560386016907755, 'a3': 2.23606797749979} logZ_max= 3.1110286312049067 obs_max= 0.5177735580173617
dist_min= tensor(5.4616) dist_max= tensor(17.2060)
params_min,params_max=params_new,params_max
evaluating model at params_new={'a1': 0.9237604307034012, 'a2': 2.5560386016907755, 'a3': 2.180166278062295}
params_min= {'a1': 0.9237604307034012, 'a2': 2.5560386016907755, 'a3': 2.1242645786248002} logZ_min= nan obs_min= 3.626786144057388e-28
params_new= {'a1': 0.9237604307034012, 'a2': 2.5560386016907755, 'a3': 2.180166278062295} logZ_new= nan obs_new= 0.4325064658917353
params_max= {'a1': 0.9237604307034012, 'a2': 2.5560386016907755, 'a3': 2.23606797749979} logZ_max= 3.1110286312049067 obs_max= 0.5177735580173617
dist_min= tensor(90.3048) dist_max= tensor(92.1647)
params_min,params_max=params_new,params_max
evaluating model at params_new={'a1': 0.9237604307034012, 'a2': 2.5560386016907755, 'a3': 2.2081171277810423}
params_min= {'a1': 0.9237604307034012, 'a2': 2.5560386016907755, 'a3': 2.180166278062295} logZ_min= nan obs_min= 0.4325064658917353
params_new= {'a1': 0.9237604307034012, 'a2': 2.5560386016907755, 'a3': 2.2081171277810423} logZ_new= 3.11046674089926 obs_new= 0.4689880971589837
params_max= {'a1': 0.9237604307034012, 'a2': 2.5560386016907755, 'a3': 2.23606797749979} logZ_max= 3.1110286312049067 obs_max= 0.5177735580173617
dist_min= tensor(90.5880) dist_max= tensor(17.3370)
params_min,params_max=params_min,params_new
evaluating model at params_new={'a1': 0.9237604307034012, 'a2': 2.5560386016907755, 'a3': 2.1941417029216685}
params_min= {'a1': 0.9237604307034012, 'a2': 2.5560386016907755, 'a3': 2.180166278062295} logZ_min= nan obs_min= 0.4325064658917353
params_new= {'a1': 0.9237604307034012, 'a2': 2.5560386016907755, 'a3': 2.1941417029216685} logZ_new= 3.1096792881581505 obs_new= 0.4491918774127731
params_max= {'a1': 0.9237604307034012, 'a2': 2.5560386016907755, 'a3': 2.2081171277810423} logZ_max= 3.11046674089926 obs_max= 0.4689880971589837
dist_min= tensor(91.4945) dist_max= tensor(22.0073)
params_min,params_max=params_min,params_new
evaluating model at params_new={'a1': 0.9237604307034012, 'a2': 2.5560386016907755, 'a3': 2.1871539904919817}
params_min= {'a1': 0.9237604307034012, 'a2': 2.5560386016907755, 'a3': 2.180166278062295} logZ_min= nan obs_min= 0.4325064658917353
params_new= {'a1': 0.9237604307034012, 'a2': 2.5560386016907755, 'a3': 2.1871539904919817} logZ_new= 3.1095345242168038 obs_new= 0.4422643831674993
params_max= {'a1': 0.9237604307034012, 'a2': 2.5560386016907755, 'a3': 2.1941417029216685} logZ_max= 3.1096792881581505 obs_max= 0.4491918774127731
dist_min= tensor(115.7009) dist_max= tensor(92.9578)
params_min,params_max=params_min,params_new
evaluating model at params_new={'a1': 0.9237604307034012, 'a2': 2.5560386016907755, 'a3': 2.1836601342771385}
params_min= {'a1': 0.9237604307034012, 'a2': 2.5560386016907755, 'a3': 2.180166278062295} logZ_min= nan obs_min= 0.4325064658917353
params_new= {'a1': 0.9237604307034012, 'a2': 2.5560386016907755, 'a3': 2.1836601342771385} logZ_new= 3.1094930485422054 obs_new= 0.4296103231074349
params_max= {'a1': 0.9237604307034012, 'a2': 2.5560386016907755, 'a3': 2.1871539904919817} logZ_max= 3.1095345242168038 obs_max= 0.4422643831674993
dist_min= tensor(98.3049) dist_max= tensor(100.8588)
params_min,params_max=params_new,params_max
evaluating model at params_new={'a1': 0.9237604307034012, 'a2': 2.5560386016907755, 'a3': 2.1854070623845603}
params_min= {'a1': 0.9237604307034012, 'a2': 2.5560386016907755, 'a3': 2.1836601342771385} logZ_min= 3.1094930485422054 obs_min= 0.4296103231074349
params_new= {'a1': 0.9237604307034012, 'a2': 2.5560386016907755, 'a3': 2.1854070623845603} logZ_new= 3.1095638733025512 obs_new= 0.4303039085686142
params_max= {'a1': 0.9237604307034012, 'a2': 2.5560386016907755, 'a3': 2.1871539904919817} logZ_max= 3.1095345242168038 obs_max= 0.4422643831674993
dist_min= tensor(56.8732) dist_max= tensor(97.8027)
params_min,params_max=params_new,params_max
evaluating model at params_new={'a1': 0.9237604307034012, 'a2': 2.5560386016907755, 'a3': 2.1862805264382708}
params_min= {'a1': 0.9237604307034012, 'a2': 2.5560386016907755, 'a3': 2.1854070623845603} logZ_min= 3.1095638733025512 obs_min= 0.4303039085686142
params_new= {'a1': 0.9237604307034012, 'a2': 2.5560386016907755, 'a3': 2.1862805264382708} logZ_new= 3.109524555051385 obs_new= 0.43251570279935475
params_max= {'a1': 0.9237604307034012, 'a2': 2.5560386016907755, 'a3': 2.1871539904919817} logZ_max= 3.1095345242168038 obs_max= 0.4422643831674993
dist_min= tensor(140.7890) dist_max= tensor(163.8685)
params_min,params_max=params_new,params_max
evaluating model at params_new={'a1': 0.9237604307034012, 'a2': 2.5560386016907755, 'a3': 2.1867172584651264}
params_min= {'a1': 0.9237604307034012, 'a2': 2.5560386016907755, 'a3': 2.1862805264382708} logZ_min= 3.109524555051385 obs_min= 0.43251570279935475
params_new= {'a1': 0.9237604307034012, 'a2': 2.5560386016907755, 'a3': 2.1867172584651264} logZ_new= 3.1095941016167448 obs_new= 0.43223212328832106
params_max= {'a1': 0.9237604307034012, 'a2': 2.5560386016907755, 'a3': 2.1871539904919817} logZ_max= 3.1095345242168038 obs_max= 0.4422643831674993
dist_min= tensor(144.0169) dist_max= tensor(100.7173)
params_min,params_max=params_min,params_new
evaluating model at params_new={'a1': 0.9237604307034012, 'a2': 2.5560386016907755, 'a3': 2.1864988924516986}
params_min= {'a1': 0.9237604307034012, 'a2': 2.5560386016907755, 'a3': 2.1862805264382708} logZ_min= 3.109524555051385 obs_min= 0.43251570279935475
params_new= {'a1': 0.9237604307034012, 'a2': 2.5560386016907755, 'a3': 2.1864988924516986} logZ_new= nan obs_new= 3.770240935343156e-27
params_max= {'a1': 0.9237604307034012, 'a2': 2.5560386016907755, 'a3': 2.1867172584651264} logZ_max= 3.1095941016167448 obs_max= 0.43223212328832106
dist_min= tensor(138.9947) dist_max= tensor(52.7841)
params_min,params_max=params_min,params_new
evaluating model at params_new={'a1': 0.9237604307034012, 'a2': 2.5560386016907755, 'a3': 2.1863897094449847}
params_min= {'a1': 0.9237604307034012, 'a2': 2.5560386016907755, 'a3': 2.1862805264382708} logZ_min= 3.109524555051385 obs_min= 0.43251570279935475
params_new= {'a1': 0.9237604307034012, 'a2': 2.5560386016907755, 'a3': 2.1863897094449847} logZ_new= nan obs_new= 0.4344751437631449
params_max= {'a1': 0.9237604307034012, 'a2': 2.5560386016907755, 'a3': 2.1864988924516986} logZ_max= nan obs_max= 3.770240935343156e-27
dist_min= tensor(136.7368) dist_max= tensor(28.6855)
params_min,params_max=params_min,params_new
evaluating model at params_new={'a1': 0.9237604307034012, 'a2': 2.5560386016907755, 'a3': 2.1863351179416277}
params_min= {'a1': 0.9237604307034012, 'a2': 2.5560386016907755, 'a3': 2.1862805264382708} logZ_min= 3.109524555051385 obs_min= 0.43251570279935475
params_new= {'a1': 0.9237604307034012, 'a2': 2.5560386016907755, 'a3': 2.1863351179416277} logZ_new= 3.1095949198543833 obs_new= 0.43156311385386426
params_max= {'a1': 0.9237604307034012, 'a2': 2.5560386016907755, 'a3': 2.1863897094449847} logZ_max= nan obs_max= 0.4344751437631449
dist_min= tensor(147.3439) dist_max= tensor(60.6807)
params_min,params_max=params_min,params_new
evaluating model at params_new={'a1': 0.9237604307034012, 'a2': 2.5560386016907755, 'a3': 2.1863078221899492}
params_min= {'a1': 0.9237604307034012, 'a2': 2.5560386016907755, 'a3': 2.1862805264382708} logZ_min= 3.109524555051385 obs_min= 0.43251570279935475
params_new= {'a1': 0.9237604307034012, 'a2': 2.5560386016907755, 'a3': 2.1863078221899492} logZ_new= nan obs_new= 0.4357350465827291
params_max= {'a1': 0.9237604307034012, 'a2': 2.5560386016907755, 'a3': 2.1863351179416277} logZ_max= 3.1095949198543833 obs_max= 0.43156311385386426
dist_min= tensor(2240.7547) dist_max= tensor(2238.1365)
params_min,params_max=params_min,params_new
evaluating model at params_new={'a1': 0.9237604307034012, 'a2': 2.5560386016907755, 'a3': 2.18629417431411}
params_min= {'a1': 0.9237604307034012, 'a2': 2.5560386016907755, 'a3': 2.1862805264382708} logZ_min= 3.109524555051385 obs_min= 0.43251570279935475
params_new= {'a1': 0.9237604307034012, 'a2': 2.5560386016907755, 'a3': 2.18629417431411} logZ_new= nan obs_new= 0.43378607593444807
params_max= {'a1': 0.9237604307034012, 'a2': 2.5560386016907755, 'a3': 2.1863078221899492} logZ_max= nan obs_max= 0.4357350465827291
dist_min= tensor(524.6582) dist_max= tensor(2293.6660)
params_min,params_max=params_new,params_max
evaluating model at params_new={'a1': 0.9237604307034012, 'a2': 2.5560386016907755, 'a3': 2.1863009982520296}
params_min= {'a1': 0.9237604307034012, 'a2': 2.5560386016907755, 'a3': 2.18629417431411} logZ_min= nan obs_min= 0.43378607593444807
params_new= {'a1': 0.9237604307034012, 'a2': 2.5560386016907755, 'a3': 2.1863009982520296} logZ_new= 3.109489992155288 obs_new= 0.4381526569857522
params_max= {'a1': 0.9237604307034012, 'a2': 2.5560386016907755, 'a3': 2.1863078221899492} logZ_max= nan obs_max= 0.4357350465827291
dist_min= tensor(506.9467) dist_max= tensor(2236.5319)
params_min,params_max=params_new,params_max
evaluating model at params_new={'a1': 0.9237604307034012, 'a2': 2.5560386016907755, 'a3': 2.1863044102209894}
params_min= {'a1': 0.9237604307034012, 'a2': 2.5560386016907755, 'a3': 2.1863009982520296} logZ_min= 3.109489992155288 obs_min= 0.4381526569857522
params_new= {'a1': 0.9237604307034012, 'a2': 2.5560386016907755, 'a3': 2.1863044102209894} logZ_new= 3.10955560484986 obs_new= 0.43504931210392633
params_max= {'a1': 0.9237604307034012, 'a2': 2.5560386016907755, 'a3': 2.1863078221899492} logZ_max= nan obs_max= 0.4357350465827291
dist_min= tensor(18.2992) dist_max= tensor(2237.3726)
params_min,params_max=params_new,params_max
evaluating model at params_new={'a1': 0.9237604307034012, 'a2': 2.5560386016907755, 'a3': 2.1863061162054693}
params_min= {'a1': 0.9237604307034012, 'a2': 2.5560386016907755, 'a3': 2.1863044102209894} logZ_min= 3.10955560484986 obs_min= 0.43504931210392633
params_new= {'a1': 0.9237604307034012, 'a2': 2.5560386016907755, 'a3': 2.1863061162054693} logZ_new= 3.10986769382277 obs_new= 0.4317056044175975
params_max= {'a1': 0.9237604307034012, 'a2': 2.5560386016907755, 'a3': 2.1863078221899492} logZ_max= nan obs_max= 0.4357350465827291
dist_min= tensor(9.8657) dist_max= tensor(2237.0989)
params_min,params_max=params_new,params_max
evaluating model at params_new={'a1': 0.9237604307034012, 'a2': 2.5560386016907755, 'a3': 2.1863069691977093}
params_min= {'a1': 0.9237604307034012, 'a2': 2.5560386016907755, 'a3': 2.1863061162054693} logZ_min= 3.10986769382277 obs_min= 0.4317056044175975
params_new= {'a1': 0.9237604307034012, 'a2': 2.5560386016907755, 'a3': 2.1863069691977093} logZ_new= 3.1096967310170163 obs_new= 0.44029195982312497
params_max= {'a1': 0.9237604307034012, 'a2': 2.5560386016907755, 'a3': 2.1863078221899492} logZ_max= nan obs_max= 0.4357350465827291
dist_min= tensor(90.2110) dist_max= tensor(2238.9114)
params_min,params_max=params_new,params_max
evaluating model at params_new={'a1': 0.9237604307034012, 'a2': 2.5560386016907755, 'a3': 2.186307395693829}
params_min= {'a1': 0.9237604307034012, 'a2': 2.5560386016907755, 'a3': 2.1863069691977093} logZ_min= 3.1096967310170163 obs_min= 0.44029195982312497
params_new= {'a1': 0.9237604307034012, 'a2': 2.5560386016907755, 'a3': 2.186307395693829} logZ_new= 3.109538558020033 obs_new= 0.44236658479278773
params_max= {'a1': 0.9237604307034012, 'a2': 2.5560386016907755, 'a3': 2.1863078221899492} logZ_max= nan obs_max= 0.4357350465827291
dist_min= tensor(89.5916) dist_max= tensor(2237.0714)
params_min,params_max=params_new,params_max
evaluating model at params_new={'a1': 0.9237604307034012, 'a2': 2.5560386016907755, 'a3': 2.186307608941889}
params_min= {'a1': 0.9237604307034012, 'a2': 2.5560386016907755, 'a3': 2.186307395693829} logZ_min= 3.109538558020033 obs_min= 0.44236658479278773
params_new= {'a1': 0.9237604307034012, 'a2': 2.5560386016907755, 'a3': 2.186307608941889} logZ_new= nan obs_new= 0.4311629336909996
params_max= {'a1': 0.9237604307034012, 'a2': 2.5560386016907755, 'a3': 2.1863078221899492} logZ_max= nan obs_max= 0.4357350465827291
dist_min= tensor(2.2449) dist_max= tensor(2237.0989)
params_min,params_max=params_new,params_max
evaluating model at params_new={'a1': 0.9237604307034012, 'a2': 2.5560386016907755, 'a3': 2.186307715565919}
params_min= {'a1': 0.9237604307034012, 'a2': 2.5560386016907755, 'a3': 2.186307608941889} logZ_min= nan obs_min= 0.4311629336909996
params_new= {'a1': 0.9237604307034012, 'a2': 2.5560386016907755, 'a3': 2.186307715565919} logZ_new= 3.1095902358830867 obs_new= 0.43176108458546825
params_max= {'a1': 0.9237604307034012, 'a2': 2.5560386016907755, 'a3': 2.1863078221899492} logZ_max= nan obs_max= 0.4357350465827291
dist_min= tensor(232.3460) dist_max= tensor(2249.4345)
params_min,params_max=params_new,params_max
evaluating model at params_new={'a1': 0.9237604307034012, 'a2': 2.5560386016907755, 'a3': 2.186307768877934}
params_min= {'a1': 0.9237604307034012, 'a2': 2.5560386016907755, 'a3': 2.186307715565919} logZ_min= 3.1095902358830867 obs_min= 0.43176108458546825
params_new= {'a1': 0.9237604307034012, 'a2': 2.5560386016907755, 'a3': 2.186307768877934} logZ_new= 3.1099273693047436 obs_new= 0.431054318170413
params_max= {'a1': 0.9237604307034012, 'a2': 2.5560386016907755, 'a3': 2.1863078221899492} logZ_max= nan obs_max= 0.4357350465827291
dist_min= tensor(231.6516) dist_max= tensor(2236.4695)
params_min,params_max=params_new,params_max
evaluating model at params_new={'a1': 0.9237604307034012, 'a2': 2.5560386016907755, 'a3': 2.1863077955339416}
params_min= {'a1': 0.9237604307034012, 'a2': 2.5560386016907755, 'a3': 2.186307768877934} logZ_min= 3.1099273693047436 obs_min= 0.431054318170413
params_new= {'a1': 0.9237604307034012, 'a2': 2.5560386016907755, 'a3': 2.1863077955339416} logZ_new= 3.1096204280879522 obs_new= 0.4461428212905642
params_max= {'a1': 0.9237604307034012, 'a2': 2.5560386016907755, 'a3': 2.1863078221899492} logZ_max= nan obs_max= 0.4357350465827291
dist_min= tensor(2.1167) dist_max= tensor(2237.3211)
params_min,params_max=params_new,params_max
evaluating model at params_new={'a1': 0.9237604307034012, 'a2': 2.5560386016907755, 'a3': 2.1863078088619456}
params_min= {'a1': 0.9237604307034012, 'a2': 2.5560386016907755, 'a3': 2.1863077955339416} logZ_min= 3.1096204280879522 obs_min= 0.4461428212905642
params_new= {'a1': 0.9237604307034012, 'a2': 2.5560386016907755, 'a3': 2.1863078088619456} logZ_new= nan obs_new= 0.4417109962031243
params_max= {'a1': 0.9237604307034012, 'a2': 2.5560386016907755, 'a3': 2.1863078221899492} logZ_max= nan obs_max= 0.4357350465827291
dist_min= tensor(50.4516) dist_max= tensor(2237.9333)
params_min,params_max=params_new,params_max
evaluating model at params_new={'a1': 0.9237604307034012, 'a2': 2.5560386016907755, 'a3': 2.1863078155259474}
params_min= {'a1': 0.9237604307034012, 'a2': 2.5560386016907755, 'a3': 2.1863078088619456} logZ_min= nan obs_min= 0.4417109962031243
params_new= {'a1': 0.9237604307034012, 'a2': 2.5560386016907755, 'a3': 2.1863078155259474} logZ_new= 3.109592274067574 obs_new= 0.4312286764300021
params_max= {'a1': 0.9237604307034012, 'a2': 2.5560386016907755, 'a3': 2.1863078221899492} logZ_max= nan obs_max= 0.4357350465827291
dist_min= tensor(1268.2745) dist_max= tensor(2567.7314)
params_min,params_max=params_new,params_max
evaluating model at params_new={'a1': 0.9237604307034012, 'a2': 2.5560386016907755, 'a3': 2.1863078188579483}
params_min= {'a1': 0.9237604307034012, 'a2': 2.5560386016907755, 'a3': 2.1863078155259474} logZ_min= 3.109592274067574 obs_min= 0.4312286764300021
params_new= {'a1': 0.9237604307034012, 'a2': 2.5560386016907755, 'a3': 2.1863078188579483} logZ_new= 3.1094137909051587 obs_new= 0.4510662868457717
params_max= {'a1': 0.9237604307034012, 'a2': 2.5560386016907755, 'a3': 2.1863078221899492} logZ_max= nan obs_max= 0.4357350465827291
dist_min= tensor(1266.4215) dist_max= tensor(2240.3938)
params_min,params_max=params_new,params_max
evaluating model at params_new={'a1': 0.9237604307034012, 'a2': 2.5560386016907755, 'a3': 2.1863078205239486}
params_min= {'a1': 0.9237604307034012, 'a2': 2.5560386016907755, 'a3': 2.1863078188579483} logZ_min= 3.1094137909051587 obs_min= 0.4510662868457717
params_new= {'a1': 0.9237604307034012, 'a2': 2.5560386016907755, 'a3': 2.1863078205239486} logZ_new= 3.109739775333518 obs_new= 0.4341631077950288
params_max= {'a1': 0.9237604307034012, 'a2': 2.5560386016907755, 'a3': 2.1863078221899492} logZ_max= nan obs_max= 0.4357350465827291
dist_min= tensor(129.5603) dist_max= tensor(2237.0463)
params_min,params_max=params_new,params_max
evaluating model at params_new={'a1': 0.9237604307034012, 'a2': 2.5560386016907755, 'a3': 2.186307821356949}
params_min= {'a1': 0.9237604307034012, 'a2': 2.5560386016907755, 'a3': 2.1863078205239486} logZ_min= 3.109739775333518 obs_min= 0.4341631077950288
params_new= {'a1': 0.9237604307034012, 'a2': 2.5560386016907755, 'a3': 2.186307821356949} logZ_new= nan obs_new= 0.4440631204758079
params_max= {'a1': 0.9237604307034012, 'a2': 2.5560386016907755, 'a3': 2.1863078221899492} logZ_max= nan obs_max= 0.4357350465827291
dist_min= tensor(2.3847) dist_max= tensor(2237.3245)
params_min,params_max=params_new,params_max
evaluating model at params_new={'a1': 0.9237604307034012, 'a2': 2.5560386016907755, 'a3': 2.186307821773449}
params_min= {'a1': 0.9237604307034012, 'a2': 2.5560386016907755, 'a3': 2.186307821356949} logZ_min= nan obs_min= 0.4440631204758079
params_new= {'a1': 0.9237604307034012, 'a2': 2.5560386016907755, 'a3': 2.186307821773449} logZ_new= 3.10946405494305 obs_new= 0.43527687920546965
params_max= {'a1': 0.9237604307034012, 'a2': 2.5560386016907755, 'a3': 2.1863078221899492} logZ_max= nan obs_max= 0.4357350465827291
dist_min= tensor(187.6715) dist_max= tensor(2245.1150)
params_min,params_max=params_new,params_max
evaluating model at params_new={'a1': 0.9237604307034012, 'a2': 2.5560386016907755, 'a3': 2.186307821981699}
params_min= {'a1': 0.9237604307034012, 'a2': 2.5560386016907755, 'a3': 2.186307821773449} logZ_min= 3.10946405494305 obs_min= 0.43527687920546965
params_new= {'a1': 0.9237604307034012, 'a2': 2.5560386016907755, 'a3': 2.186307821981699} logZ_new= 3.1095210747708855 obs_new= 0.43953508308152756
params_max= {'a1': 0.9237604307034012, 'a2': 2.5560386016907755, 'a3': 2.1863078221899492} logZ_max= nan obs_max= 0.4357350465827291
dist_min= tensor(251.5881) dist_max= tensor(2243.2882)
params_min,params_max=params_new,params_max
evaluating model at params_new={'a1': 0.9237604307034012, 'a2': 2.5560386016907755, 'a3': 2.186307822085824}
params_min= {'a1': 0.9237604307034012, 'a2': 2.5560386016907755, 'a3': 2.186307821981699} logZ_min= 3.1095210747708855 obs_min= 0.43953508308152756
params_new= {'a1': 0.9237604307034012, 'a2': 2.5560386016907755, 'a3': 2.186307822085824} logZ_new= 3.110009405448624 obs_new= 0.431194740561514
params_max= {'a1': 0.9237604307034012, 'a2': 2.5560386016907755, 'a3': 2.1863078221899492} logZ_max= nan obs_max= 0.4357350465827291
dist_min= tensor(167.2855) dist_max= tensor(2236.5205)
params_min,params_max=params_new,params_max
evaluating model at params_new={'a1': 0.9237604307034012, 'a2': 2.5560386016907755, 'a3': 2.186307822137887}
params_min= {'a1': 0.9237604307034012, 'a2': 2.5560386016907755, 'a3': 2.186307822085824} logZ_min= 3.110009405448624 obs_min= 0.431194740561514
params_new= {'a1': 0.9237604307034012, 'a2': 2.5560386016907755, 'a3': 2.186307822137887} logZ_new= 3.10956827600313 obs_new= 0.43425263650355556
params_max= {'a1': 0.9237604307034012, 'a2': 2.5560386016907755, 'a3': 2.1863078221899492} logZ_max= nan obs_max= 0.4357350465827291
dist_min= tensor(60.9978) dist_max= tensor(2238.1525)
params_min,params_max=params_new,params_max
evaluating model at params_new={'a1': 0.9237604307034012, 'a2': 2.5560386016907755, 'a3': 2.186307822163918}
params_min= {'a1': 0.9237604307034012, 'a2': 2.5560386016907755, 'a3': 2.186307822137887} logZ_min= 3.10956827600313 obs_min= 0.43425263650355556
params_new= {'a1': 0.9237604307034012, 'a2': 2.5560386016907755, 'a3': 2.186307822163918} logZ_new= 3.1095866159626357 obs_new= 0.4321630167076887
params_max= {'a1': 0.9237604307034012, 'a2': 2.5560386016907755, 'a3': 2.1863078221899492} logZ_max= nan obs_max= 0.4357350465827291
dist_min= tensor(151.2405) dist_max= tensor(2241.6645)
params_min,params_max=params_new,params_max
evaluating model at params_new={'a1': 0.9237604307034012, 'a2': 2.5560386016907755, 'a3': 2.186307822176934}
params_min= {'a1': 0.9237604307034012, 'a2': 2.5560386016907755, 'a3': 2.186307822163918} logZ_min= 3.1095866159626357 obs_min= 0.4321630167076887
params_new= {'a1': 0.9237604307034012, 'a2': 2.5560386016907755, 'a3': 2.186307822176934} logZ_new= nan obs_new= 0.43531780218340244
params_max= {'a1': 0.9237604307034012, 'a2': 2.5560386016907755, 'a3': 2.1863078221899492} logZ_max= nan obs_max= 0.4357350465827291
dist_min= tensor(138.7247) dist_max= tensor(2237.0991)
params_min,params_max=params_new,params_max
evaluating model at params_new={'a1': 0.9237604307034012, 'a2': 2.5560386016907755, 'a3': 2.1863078221834416}
params_min= {'a1': 0.9237604307034012, 'a2': 2.5560386016907755, 'a3': 2.186307822176934} logZ_min= nan obs_min= 0.43531780218340244
params_new= {'a1': 0.9237604307034012, 'a2': 2.5560386016907755, 'a3': 2.1863078221834416} logZ_new= 3.1072478860169412 obs_new= 6.236090552875206e-26
params_max= {'a1': 0.9237604307034012, 'a2': 2.5560386016907755, 'a3': 2.1863078221899492} logZ_max= nan obs_max= 0.4357350465827291
dist_min= tensor(192.4563) dist_max= tensor(2245.3510)
params_min,params_max=params_new,params_max
evaluating model at params_new={'a1': 0.9237604307034012, 'a2': 2.5560386016907755, 'a3': 2.1863078221866954}
params_min= {'a1': 0.9237604307034012, 'a2': 2.5560386016907755, 'a3': 2.1863078221834416} logZ_min= 3.1072478860169412 obs_min= 6.236090552875206e-26
params_new= {'a1': 0.9237604307034012, 'a2': 2.5560386016907755, 'a3': 2.1863078221866954} logZ_new= nan obs_new= 0.44072064888693246
params_max= {'a1': 0.9237604307034012, 'a2': 2.5560386016907755, 'a3': 2.1863078221899492} logZ_max= nan obs_max= 0.4357350465827291
dist_min= tensor(195.6303) dist_max= tensor(2237.7523)
params_min,params_max=params_new,params_max
evaluating model at params_new={'a1': 0.9237604307034012, 'a2': 2.5560386016907755, 'a3': 2.186307822188322}
params_min= {'a1': 0.9237604307034012, 'a2': 2.5560386016907755, 'a3': 2.1863078221866954} logZ_min= nan obs_min= 0.44072064888693246
params_new= {'a1': 0.9237604307034012, 'a2': 2.5560386016907755, 'a3': 2.186307822188322} logZ_new= 3.1095859308751637 obs_new= 0.43210563331360813
params_max= {'a1': 0.9237604307034012, 'a2': 2.5560386016907755, 'a3': 2.1863078221899492} logZ_max= nan obs_max= 0.4357350465827291
dist_min= tensor(23636.0649) dist_max= tensor(23742.1688)
params_min,params_max=params_new,params_max
evaluating model at params_new={'a1': 0.9237604307034012, 'a2': 2.5560386016907755, 'a3': 2.1863078221891357}
params_min= {'a1': 0.9237604307034012, 'a2': 2.5560386016907755, 'a3': 2.186307822188322} logZ_min= 3.1095859308751637 obs_min= 0.43210563331360813
params_new= {'a1': 0.9237604307034012, 'a2': 2.5560386016907755, 'a3': 2.1863078221891357} logZ_new= 3.109917958622171 obs_new= 0.43380036863972865
params_max= {'a1': 0.9237604307034012, 'a2': 2.5560386016907755, 'a3': 2.1863078221899492} logZ_max= nan obs_max= 0.4357350465827291
dist_min= tensor(23636.3375) dist_max= tensor(2237.0989)
params_min,params_max=params_min,params_new
evaluating model at params_new={'a1': 0.9237604307034012, 'a2': 2.5560386016907755, 'a3': 2.186307822188729}
params_min= {'a1': 0.9237604307034012, 'a2': 2.5560386016907755, 'a3': 2.186307822188322} logZ_min= 3.1095859308751637 obs_min= 0.43210563331360813
params_new= {'a1': 0.9237604307034012, 'a2': 2.5560386016907755, 'a3': 2.186307822188729} logZ_new= nan obs_new= 0.43209401142022913
params_max= {'a1': 0.9237604307034012, 'a2': 2.5560386016907755, 'a3': 2.1863078221891357} logZ_max= 3.109917958622171 obs_max= 0.43380036863972865
dist_min= tensor(23636.3374) dist_max= tensor(2.2725)
params_min,params_max=params_min,params_new
evaluating model at params_new={'a1': 0.9237604307034012, 'a2': 2.5560386016907755, 'a3': 2.1863078221885255}
params_min= {'a1': 0.9237604307034012, 'a2': 2.5560386016907755, 'a3': 2.186307822188322} logZ_min= 3.1095859308751637 obs_min= 0.43210563331360813
params_new= {'a1': 0.9237604307034012, 'a2': 2.5560386016907755, 'a3': 2.1863078221885255} logZ_new= 3.109729448829766 obs_new= 0.4386053117166952
params_max= {'a1': 0.9237604307034012, 'a2': 2.5560386016907755, 'a3': 2.186307822188729} logZ_max= nan obs_max= 0.43209401142022913
dist_min= tensor(23636.3376) dist_max= tensor(2.3531)
params_min,params_max=params_min,params_new
evaluating model at params_new={'a1': 0.9237604307034012, 'a2': 2.5560386016907755, 'a3': 2.186307822188424}
params_min= {'a1': 0.9237604307034012, 'a2': 2.5560386016907755, 'a3': 2.186307822188322} logZ_min= 3.1095859308751637 obs_min= 0.43210563331360813
params_new= {'a1': 0.9237604307034012, 'a2': 2.5560386016907755, 'a3': 2.186307822188424} logZ_new= nan obs_new= 0.4311796539222893
params_max= {'a1': 0.9237604307034012, 'a2': 2.5560386016907755, 'a3': 2.1863078221885255} logZ_max= 3.109729448829766 obs_max= 0.4386053117166952
dist_min= tensor(23636.6199) dist_max= tensor(50.4527)
params_min,params_max=params_min,params_new
evaluating model at params_new={'a1': 0.9237604307034012, 'a2': 2.5560386016907755, 'a3': 2.1863078221883727}
params_min= {'a1': 0.9237604307034012, 'a2': 2.5560386016907755, 'a3': 2.186307822188322} logZ_min= 3.1095859308751637 obs_min= 0.43210563331360813
params_new= {'a1': 0.9237604307034012, 'a2': 2.5560386016907755, 'a3': 2.1863078221883727} logZ_new= 3.1097374243171036 obs_new= 0.43417195806177783
params_max= {'a1': 0.9237604307034012, 'a2': 2.5560386016907755, 'a3': 2.186307822188424} logZ_max= nan obs_max= 0.4311796539222893
dist_min= tensor(23636.3376) dist_max= tensor(50.4566)
params_min,params_max=params_min,params_new
evaluating model at params_new={'a1': 0.9237604307034012, 'a2': 2.5560386016907755, 'a3': 2.1863078221883474}
params_min= {'a1': 0.9237604307034012, 'a2': 2.5560386016907755, 'a3': 2.186307822188322} logZ_min= 3.1095859308751637 obs_min= 0.43210563331360813
params_new= {'a1': 0.9237604307034012, 'a2': 2.5560386016907755, 'a3': 2.1863078221883474} logZ_new= 3.1099878093981275 obs_new= 0.43232621074251115
params_max= {'a1': 0.9237604307034012, 'a2': 2.5560386016907755, 'a3': 2.1863078221883727} logZ_max= 3.1097374243171036 obs_max= 0.43417195806177783
dist_min= tensor(23635.6886) dist_max= tensor(2.5295)
params_min,params_max=params_min,params_new
evaluating model at params_new={'a1': 0.9237604307034012, 'a2': 2.5560386016907755, 'a3': 2.1863078221883345}
params_min= {'a1': 0.9237604307034012, 'a2': 2.5560386016907755, 'a3': 2.186307822188322} logZ_min= 3.1095859308751637 obs_min= 0.43210563331360813
params_new= {'a1': 0.9237604307034012, 'a2': 2.5560386016907755, 'a3': 2.1863078221883345} logZ_new= 3.1067600337473578 obs_new= 2.614890606974409e-27
params_max= {'a1': 0.9237604307034012, 'a2': 2.5560386016907755, 'a3': 2.1863078221883474} logZ_max= 3.1099878093981275 obs_max= 0.43232621074251115
dist_min= tensor(23637.7569) dist_max= tensor(259.1538)
params_min,params_max=params_min,params_new
evaluating model at params_new={'a1': 0.9237604307034012, 'a2': 2.5560386016907755, 'a3': 2.1863078221883283}
params_min= {'a1': 0.9237604307034012, 'a2': 2.5560386016907755, 'a3': 2.186307822188322} logZ_min= 3.1095859308751637 obs_min= 0.43210563331360813
params_new= {'a1': 0.9237604307034012, 'a2': 2.5560386016907755, 'a3': 2.1863078221883283} logZ_new= 3.1100045379751715 obs_new= 0.4315071206258889
params_max= {'a1': 0.9237604307034012, 'a2': 2.5560386016907755, 'a3': 2.1863078221883345} logZ_max= 3.1067600337473578 obs_max= 2.614890606974409e-27
dist_min= tensor(23636.2738) dist_max= tensor(260.0173)
params_min,params_max=params_min,params_new
evaluating model at params_new={'a1': 0.9237604307034012, 'a2': 2.5560386016907755, 'a3': 2.186307822188325}
params_min= {'a1': 0.9237604307034012, 'a2': 2.5560386016907755, 'a3': 2.186307822188322} logZ_min= 3.1095859308751637 obs_min= 0.43210563331360813
params_new= {'a1': 0.9237604307034012, 'a2': 2.5560386016907755, 'a3': 2.186307822188325} logZ_new= 3.109653113492044 obs_new= 0.4388118570442956
params_max= {'a1': 0.9237604307034012, 'a2': 2.5560386016907755, 'a3': 2.1863078221883283} logZ_max= 3.1100045379751715 obs_max= 0.4315071206258889
dist_min= tensor(23636.3112) dist_max= tensor(15.4254)
params_min,params_max=params_min,params_new
evaluating model at params_new={'a1': 0.9237604307034012, 'a2': 2.5560386016907755, 'a3': 2.186307822188324}
params_min= {'a1': 0.9237604307034012, 'a2': 2.5560386016907755, 'a3': 2.186307822188322} logZ_min= 3.1095859308751637 obs_min= 0.43210563331360813
params_new= {'a1': 0.9237604307034012, 'a2': 2.5560386016907755, 'a3': 2.186307822188324} logZ_new= 3.1095812242464222 obs_new= 0.4316658462549728
params_max= {'a1': 0.9237604307034012, 'a2': 2.5560386016907755, 'a3': 2.186307822188325} logZ_max= 3.109653113492044 obs_max= 0.4388118570442956
dist_min= tensor(23642.0484) dist_max= tensor(511.0055)
params_min,params_max=params_min,params_new
evaluating model at params_new={'a1': 0.9237604307034012, 'a2': 2.5560386016907755, 'a3': 2.186307822188323}
params_min= {'a1': 0.9237604307034012, 'a2': 2.5560386016907755, 'a3': 2.186307822188322} logZ_min= 3.1095859308751637 obs_min= 0.43210563331360813
params_new= {'a1': 0.9237604307034012, 'a2': 2.5560386016907755, 'a3': 2.186307822188323} logZ_new= 3.109399666712614 obs_new= 0.45130244287981197
params_max= {'a1': 0.9237604307034012, 'a2': 2.5560386016907755, 'a3': 2.186307822188324} logZ_max= 3.1095812242464222 obs_max= 0.4316658462549728
dist_min= tensor(23635.3287) dist_max= tensor(513.0970)
params_min,params_max=params_min,params_new
evaluating model at params_new={'a1': 0.9237604307034012, 'a2': 2.5560386016907755, 'a3': 2.1863078221883225}
params_min= {'a1': 0.9237604307034012, 'a2': 2.5560386016907755, 'a3': 2.186307822188322} logZ_min= 3.1095859308751637 obs_min= 0.43210563331360813
params_new= {'a1': 0.9237604307034012, 'a2': 2.5560386016907755, 'a3': 2.1863078221883225} logZ_new= 3.1095461766433514 obs_new= 0.4370220787292866
params_max= {'a1': 0.9237604307034012, 'a2': 2.5560386016907755, 'a3': 2.186307822188323} logZ_max= 3.109399666712614 obs_max= 0.45130244287981197
dist_min= tensor(23634.9453) dist_max= tensor(120.6097)
params_min,params_max=params_min,params_new
critical params found:  {'a1': 0.9237604307034012, 'a2': 2.5560386016907755, 'a3': 2.186307822188322}
reference params:  {'a1': 1.1547005383792515, 'a2': 1.8257418583505538, 'a3': 4.47213595499958}
file saved to  data/AKLT3D_X10_scan_grid_critical_a3/a1_0.9237604_a2_2.5560386/Tc.json
