Start running find_critical_temp.py with options:{'filename': 'data/AKLT3D_X10_scan_grid_critical_a3/a1_2.0784610_a2_2.1908902/Tc.json', 'log_filename': 'data/AKLT3D_X10_scan_grid_critical_a3/a1_2.0784610_a2_2.1908902/Tc.log', 'nLayers': 60, 'max_dim': 10, 'model': 'AKLT3D', 'params_min': "{'a1': 2.0784609690826525, 'a2': 2.1908902300206647, 'a3': 6.260990336999412}", 'params_max': "{'a1': 2.0784609690826525, 'a2': 2.1908902300206647, 'a3': 7.155417527999328}", 'params_ref': None, 'observable_name': 'magnetizationZ', 'tol': 0.0, 'gilt_enabled': False, 'gilt_eps': 8e-07, 'gilt_nIter': 1, 'mcf_enabled': True, 'mcf_eps': 1e-16, 'mcf_max_iter': 200, 'hotrg_sanity_check': False, 'version': 1, 'device': 'cuda:1'}
loading library...
evaluating model at params_min={'a1': 2.0784609690826525, 'a2': 2.1908902300206647, 'a3': 6.260990336999412}
params_min= {'a1': 2.0784609690826525, 'a2': 2.1908902300206647, 'a3': 6.260990336999412} logZ_min= 3.857865858560014 obs_min= 1.8328520182223072e-34
evaluating model at params_max={'a1': 2.0784609690826525, 'a2': 2.1908902300206647, 'a3': 7.155417527999328}
params_max= {'a1': 2.0784609690826525, 'a2': 2.1908902300206647, 'a3': 7.155417527999328} logZ_max= 3.97550057496739 obs_max= 7.841348992719024
searching for critical temperature using bisection method
evaluating model at params_new={'a1': 2.0784609690826525, 'a2': 2.1908902300206647, 'a3': 6.708203932499369}
params_min= {'a1': 2.0784609690826525, 'a2': 2.1908902300206647, 'a3': 6.260990336999412} logZ_min= 3.857865858560014 obs_min= 1.8328520182223072e-34
params_new= {'a1': 2.0784609690826525, 'a2': 2.1908902300206647, 'a3': 6.708203932499369} logZ_new= 3.859949907211043 obs_new= 6.853317959632472
params_max= {'a1': 2.0784609690826525, 'a2': 2.1908902300206647, 'a3': 7.155417527999328} logZ_max= 3.97550057496739 obs_max= 7.841348992719024
dist_min= tensor(9.9033) dist_max= tensor(6.6349)
params_min,params_max=params_min,params_new
evaluating model at params_new={'a1': 2.0784609690826525, 'a2': 2.1908902300206647, 'a3': 6.484597134749391}
params_min= {'a1': 2.0784609690826525, 'a2': 2.1908902300206647, 'a3': 6.260990336999412} logZ_min= 3.857865858560014 obs_min= 1.8328520182223072e-34
params_new= {'a1': 2.0784609690826525, 'a2': 2.1908902300206647, 'a3': 6.484597134749391} logZ_new= 3.838263041495989 obs_new= 9.219567109977725e-28
params_max= {'a1': 2.0784609690826525, 'a2': 2.1908902300206647, 'a3': 6.708203932499369} logZ_max= 3.859949907211043 obs_max= 6.853317959632472
dist_min= tensor(47.7361) dist_max= tensor(49.0013)
params_min,params_max=params_new,params_max
evaluating model at params_new={'a1': 2.0784609690826525, 'a2': 2.1908902300206647, 'a3': 6.59640053362438}
params_min= {'a1': 2.0784609690826525, 'a2': 2.1908902300206647, 'a3': 6.484597134749391} logZ_min= 3.838263041495989 obs_min= 9.219567109977725e-28
params_new= {'a1': 2.0784609690826525, 'a2': 2.1908902300206647, 'a3': 6.59640053362438} logZ_new= 3.8359955469452944 obs_new= 6.023155481497625e-29
params_max= {'a1': 2.0784609690826525, 'a2': 2.1908902300206647, 'a3': 6.708203932499369} logZ_max= 3.859949907211043 obs_max= 6.853317959632472
dist_min= tensor(4.5854) dist_max= tensor(45.0992)
params_min,params_max=params_new,params_max
evaluating model at params_new={'a1': 2.0784609690826525, 'a2': 2.1908902300206647, 'a3': 6.652302233061874}
params_min= {'a1': 2.0784609690826525, 'a2': 2.1908902300206647, 'a3': 6.59640053362438} logZ_min= 3.8359955469452944 obs_min= 6.023155481497625e-29
params_new= {'a1': 2.0784609690826525, 'a2': 2.1908902300206647, 'a3': 6.652302233061874} logZ_new= 3.8420014084952623 obs_new= 6.51603244145475
params_max= {'a1': 2.0784609690826525, 'a2': 2.1908902300206647, 'a3': 6.708203932499369} logZ_max= 3.859949907211043 obs_max= 6.853317959632472
dist_min= tensor(2.3508) dist_max= tensor(43.8047)
params_min,params_max=params_new,params_max
evaluating model at params_new={'a1': 2.0784609690826525, 'a2': 2.1908902300206647, 'a3': 6.680253082780622}
params_min= {'a1': 2.0784609690826525, 'a2': 2.1908902300206647, 'a3': 6.652302233061874} logZ_min= 3.8420014084952623 obs_min= 6.51603244145475
params_new= {'a1': 2.0784609690826525, 'a2': 2.1908902300206647, 'a3': 6.680253082780622} logZ_new= 3.8521846547381005 obs_new= 6.738611691069051
params_max= {'a1': 2.0784609690826525, 'a2': 2.1908902300206647, 'a3': 6.708203932499369} logZ_max= 3.859949907211043 obs_max= 6.853317959632472
dist_min= tensor(43.8215) dist_max= tensor(0.4742)
params_min,params_max=params_min,params_new
evaluating model at params_new={'a1': 2.0784609690826525, 'a2': 2.1908902300206647, 'a3': 6.666277657921248}
params_min= {'a1': 2.0784609690826525, 'a2': 2.1908902300206647, 'a3': 6.652302233061874} logZ_min= 3.8420014084952623 obs_min= 6.51603244145475
params_new= {'a1': 2.0784609690826525, 'a2': 2.1908902300206647, 'a3': 6.666277657921248} logZ_new= 3.8484240346064786 obs_new= 6.683900766053776
params_max= {'a1': 2.0784609690826525, 'a2': 2.1908902300206647, 'a3': 6.680253082780622} logZ_max= 3.8521846547381005 obs_max= 6.738611691069051
dist_min= tensor(43.8385) dist_max= tensor(0.4278)
params_min,params_max=params_min,params_new
evaluating model at params_new={'a1': 2.0784609690826525, 'a2': 2.1908902300206647, 'a3': 6.659289945491562}
params_min= {'a1': 2.0784609690826525, 'a2': 2.1908902300206647, 'a3': 6.652302233061874} logZ_min= 3.8420014084952623 obs_min= 6.51603244145475
params_new= {'a1': 2.0784609690826525, 'a2': 2.1908902300206647, 'a3': 6.659289945491562} logZ_new= 3.8465299921153164 obs_new= 6.65147408910835
params_max= {'a1': 2.0784609690826525, 'a2': 2.1908902300206647, 'a3': 6.666277657921248} logZ_max= 3.8484240346064786 obs_max= 6.683900766053776
dist_min= tensor(43.8518) dist_max= tensor(0.3568)
params_min,params_max=params_min,params_new
evaluating model at params_new={'a1': 2.0784609690826525, 'a2': 2.1908902300206647, 'a3': 6.655796089276718}
params_min= {'a1': 2.0784609690826525, 'a2': 2.1908902300206647, 'a3': 6.652302233061874} logZ_min= 3.8420014084952623 obs_min= 6.51603244145475
params_new= {'a1': 2.0784609690826525, 'a2': 2.1908902300206647, 'a3': 6.655796089276718} logZ_new= 3.8452756685838723 obs_new= 6.619315111937856
params_max= {'a1': 2.0784609690826525, 'a2': 2.1908902300206647, 'a3': 6.659289945491562} logZ_max= 3.8465299921153164 obs_max= 6.65147408910835
dist_min= tensor(43.8470) dist_max= tensor(1.6523)
params_min,params_max=params_min,params_new
evaluating model at params_new={'a1': 2.0784609690826525, 'a2': 2.1908902300206647, 'a3': 6.654049161169296}
params_min= {'a1': 2.0784609690826525, 'a2': 2.1908902300206647, 'a3': 6.652302233061874} logZ_min= 3.8420014084952623 obs_min= 6.51603244145475
params_new= {'a1': 2.0784609690826525, 'a2': 2.1908902300206647, 'a3': 6.654049161169296} logZ_new= 3.842503089880896 obs_new= 6.526165685160491
params_max= {'a1': 2.0784609690826525, 'a2': 2.1908902300206647, 'a3': 6.655796089276718} logZ_max= 3.8452756685838723 obs_max= 6.619315111937856
dist_min= tensor(0.3519) dist_max= tensor(43.8074)
params_min,params_max=params_new,params_max
evaluating model at params_new={'a1': 2.0784609690826525, 'a2': 2.1908902300206647, 'a3': 6.654922625223007}
params_min= {'a1': 2.0784609690826525, 'a2': 2.1908902300206647, 'a3': 6.654049161169296} logZ_min= 3.842503089880896 obs_min= 6.526165685160491
params_new= {'a1': 2.0784609690826525, 'a2': 2.1908902300206647, 'a3': 6.654922625223007} logZ_new= 3.8450371569870927 obs_new= 6.61504954500445
params_max= {'a1': 2.0784609690826525, 'a2': 2.1908902300206647, 'a3': 6.655796089276718} logZ_max= 3.8452756685838723 obs_max= 6.619315111937856
dist_min= tensor(43.8021) dist_max= tensor(1.3031)
params_min,params_max=params_min,params_new
evaluating model at params_new={'a1': 2.0784609690826525, 'a2': 2.1908902300206647, 'a3': 6.654485893196151}
params_min= {'a1': 2.0784609690826525, 'a2': 2.1908902300206647, 'a3': 6.654049161169296} logZ_min= 3.842503089880896 obs_min= 6.526165685160491
params_new= {'a1': 2.0784609690826525, 'a2': 2.1908902300206647, 'a3': 6.654485893196151} logZ_new= 3.8426284201360663 obs_new= 6.528681804898388
params_max= {'a1': 2.0784609690826525, 'a2': 2.1908902300206647, 'a3': 6.654922625223007} logZ_max= 3.8450371569870927 obs_max= 6.61504954500445
dist_min= tensor(0.2535) dist_max= tensor(43.7910)
params_min,params_max=params_new,params_max
evaluating model at params_new={'a1': 2.0784609690826525, 'a2': 2.1908902300206647, 'a3': 6.654704259209579}
params_min= {'a1': 2.0784609690826525, 'a2': 2.1908902300206647, 'a3': 6.654485893196151} logZ_min= 3.8426284201360663 obs_min= 6.528681804898388
params_new= {'a1': 2.0784609690826525, 'a2': 2.1908902300206647, 'a3': 6.654704259209579} logZ_new= 3.844978395781311 obs_new= 6.613975700547208
params_max= {'a1': 2.0784609690826525, 'a2': 2.1908902300206647, 'a3': 6.654922625223007} logZ_max= 3.8450371569870927 obs_max= 6.61504954500445
dist_min= tensor(43.7907) dist_max= tensor(0.6381)
params_min,params_max=params_min,params_new
evaluating model at params_new={'a1': 2.0784609690826525, 'a2': 2.1908902300206647, 'a3': 6.654595076202865}
params_min= {'a1': 2.0784609690826525, 'a2': 2.1908902300206647, 'a3': 6.654485893196151} logZ_min= 3.8426284201360663 obs_min= 6.528681804898388
params_new= {'a1': 2.0784609690826525, 'a2': 2.1908902300206647, 'a3': 6.654595076202865} logZ_new= 3.844946250792246 obs_new= 6.613266572609429
params_max= {'a1': 2.0784609690826525, 'a2': 2.1908902300206647, 'a3': 6.654704259209579} logZ_max= 3.844978395781311 obs_max= 6.613975700547208
dist_min= tensor(43.7895) dist_max= tensor(0.6005)
params_min,params_max=params_min,params_new
evaluating model at params_new={'a1': 2.0784609690826525, 'a2': 2.1908902300206647, 'a3': 6.654540484699508}
params_min= {'a1': 2.0784609690826525, 'a2': 2.1908902300206647, 'a3': 6.654485893196151} logZ_min= 3.8426284201360663 obs_min= 6.528681804898388
params_new= {'a1': 2.0784609690826525, 'a2': 2.1908902300206647, 'a3': 6.654540484699508} logZ_new= 3.8426440839041445 obs_new= 6.528995842695364
params_max= {'a1': 2.0784609690826525, 'a2': 2.1908902300206647, 'a3': 6.654595076202865} logZ_max= 3.844946250792246 obs_max= 6.613266572609429
dist_min= tensor(0.1332) dist_max= tensor(43.7895)
params_min,params_max=params_new,params_max
evaluating model at params_new={'a1': 2.0784609690826525, 'a2': 2.1908902300206647, 'a3': 6.6545677804511865}
params_min= {'a1': 2.0784609690826525, 'a2': 2.1908902300206647, 'a3': 6.654540484699508} logZ_min= 3.8426440839041445 obs_min= 6.528995842695364
params_new= {'a1': 2.0784609690826525, 'a2': 2.1908902300206647, 'a3': 6.6545677804511865} logZ_new= 3.8426519155790744 obs_new= 6.529152821950437
params_max= {'a1': 2.0784609690826525, 'a2': 2.1908902300206647, 'a3': 6.654595076202865} logZ_max= 3.844946250792246 obs_max= 6.613266572609429
dist_min= tensor(0.0498) dist_max= tensor(43.7894)
params_min,params_max=params_new,params_max
evaluating model at params_new={'a1': 2.0784609690826525, 'a2': 2.1908902300206647, 'a3': 6.654581428327026}
params_min= {'a1': 2.0784609690826525, 'a2': 2.1908902300206647, 'a3': 6.6545677804511865} logZ_min= 3.8426519155790744 obs_min= 6.529152821950437
params_new= {'a1': 2.0784609690826525, 'a2': 2.1908902300206647, 'a3': 6.654581428327026} logZ_new= 3.8426558313642776 obs_new= 6.529231301683976
params_max= {'a1': 2.0784609690826525, 'a2': 2.1908902300206647, 'a3': 6.654595076202865} logZ_max= 3.844946250792246 obs_max= 6.613266572609429
dist_min= tensor(0.4836) dist_max= tensor(43.7864)
params_min,params_max=params_new,params_max
evaluating model at params_new={'a1': 2.0784609690826525, 'a2': 2.1908902300206647, 'a3': 6.654588252264945}
params_min= {'a1': 2.0784609690826525, 'a2': 2.1908902300206647, 'a3': 6.654581428327026} logZ_min= 3.8426558313642776 obs_min= 6.529231301683976
params_new= {'a1': 2.0784609690826525, 'a2': 2.1908902300206647, 'a3': 6.654588252264945} logZ_new= 3.844958742714433 obs_new= 6.613973284821163
params_max= {'a1': 2.0784609690826525, 'a2': 2.1908902300206647, 'a3': 6.654595076202865} logZ_max= 3.844946250792246 obs_max= 6.613266572609429
dist_min= tensor(43.7932) dist_max= tensor(0.1490)
params_min,params_max=params_min,params_new
evaluating model at params_new={'a1': 2.0784609690826525, 'a2': 2.1908902300206647, 'a3': 6.6545848402959855}
params_min= {'a1': 2.0784609690826525, 'a2': 2.1908902300206647, 'a3': 6.654581428327026} logZ_min= 3.8426558313642776 obs_min= 6.529231301683976
params_new= {'a1': 2.0784609690826525, 'a2': 2.1908902300206647, 'a3': 6.6545848402959855} logZ_new= 3.8426568103051375 obs_new= 6.529250920581248
params_max= {'a1': 2.0784609690826525, 'a2': 2.1908902300206647, 'a3': 6.654588252264945} logZ_max= 3.844958742714433 obs_max= 6.613973284821163
dist_min= tensor(1.4139) dist_max= tensor(43.8179)
params_min,params_max=params_new,params_max
evaluating model at params_new={'a1': 2.0784609690826525, 'a2': 2.1908902300206647, 'a3': 6.654586546280465}
params_min= {'a1': 2.0784609690826525, 'a2': 2.1908902300206647, 'a3': 6.6545848402959855} logZ_min= 3.8426568103051375 obs_min= 6.529250920581248
params_new= {'a1': 2.0784609690826525, 'a2': 2.1908902300206647, 'a3': 6.654586546280465} logZ_new= 3.844982538782325 obs_new= 6.614571187503208
params_max= {'a1': 2.0784609690826525, 'a2': 2.1908902300206647, 'a3': 6.654588252264945} logZ_max= 3.844958742714433 obs_max= 6.613973284821163
dist_min= tensor(43.8051) dist_max= tensor(0.5528)
params_min,params_max=params_min,params_new
evaluating model at params_new={'a1': 2.0784609690826525, 'a2': 2.1908902300206647, 'a3': 6.654585693288226}
params_min= {'a1': 2.0784609690826525, 'a2': 2.1908902300206647, 'a3': 6.6545848402959855} logZ_min= 3.8426568103051375 obs_min= 6.529250920581248
params_new= {'a1': 2.0784609690826525, 'a2': 2.1908902300206647, 'a3': 6.654585693288226} logZ_new= 3.8426570550400108 obs_new= 6.5292558252225
params_max= {'a1': 2.0784609690826525, 'a2': 2.1908902300206647, 'a3': 6.654586546280465} logZ_max= 3.844982538782325 obs_max= 6.614571187503208
dist_min= tensor(0.7538) dist_max= tensor(43.7911)
params_min,params_max=params_new,params_max
evaluating model at params_new={'a1': 2.0784609690826525, 'a2': 2.1908902300206647, 'a3': 6.654586119784346}
params_min= {'a1': 2.0784609690826525, 'a2': 2.1908902300206647, 'a3': 6.654585693288226} logZ_min= 3.8426570550400108 obs_min= 6.5292558252225
params_new= {'a1': 2.0784609690826525, 'a2': 2.1908902300206647, 'a3': 6.654586119784346} logZ_new= 3.8426571774073977 obs_new= 6.5292582775610155
params_max= {'a1': 2.0784609690826525, 'a2': 2.1908902300206647, 'a3': 6.654586546280465} logZ_max= 3.844982538782325 obs_max= 6.614571187503208
dist_min= tensor(0.1861) dist_max= tensor(43.7882)
params_min,params_max=params_new,params_max
evaluating model at params_new={'a1': 2.0784609690826525, 'a2': 2.1908902300206647, 'a3': 6.654586333032405}
params_min= {'a1': 2.0784609690826525, 'a2': 2.1908902300206647, 'a3': 6.654586119784346} logZ_min= 3.8426571774073977 obs_min= 6.5292582775610155
params_new= {'a1': 2.0784609690826525, 'a2': 2.1908902300206647, 'a3': 6.654586333032405} logZ_new= 3.844941763578842 obs_new= 6.6129543994162505
params_max= {'a1': 2.0784609690826525, 'a2': 2.1908902300206647, 'a3': 6.654586546280465} logZ_max= 3.844982538782325 obs_max= 6.614571187503208
dist_min= tensor(43.7956) dist_max= tensor(1.4964)
params_min,params_max=params_min,params_new
evaluating model at params_new={'a1': 2.0784609690826525, 'a2': 2.1908902300206647, 'a3': 6.654586226408376}
params_min= {'a1': 2.0784609690826525, 'a2': 2.1908902300206647, 'a3': 6.654586119784346} logZ_min= 3.8426571774073977 obs_min= 6.5292582775610155
params_new= {'a1': 2.0784609690826525, 'a2': 2.1908902300206647, 'a3': 6.654586226408376} logZ_new= 3.842657207999239 obs_new= 6.529258890628932
params_max= {'a1': 2.0784609690826525, 'a2': 2.1908902300206647, 'a3': 6.654586333032405} logZ_max= 3.844941763578842 obs_max= 6.6129543994162505
dist_min= tensor(0.1277) dist_max= tensor(43.7973)
params_min,params_max=params_new,params_max
evaluating model at params_new={'a1': 2.0784609690826525, 'a2': 2.1908902300206647, 'a3': 6.654586279720391}
params_min= {'a1': 2.0784609690826525, 'a2': 2.1908902300206647, 'a3': 6.654586226408376} logZ_min= 3.842657207999239 obs_min= 6.529258890628932
params_new= {'a1': 2.0784609690826525, 'a2': 2.1908902300206647, 'a3': 6.654586279720391} logZ_new= 3.84265722329516 obs_new= 6.529259197171551
params_max= {'a1': 2.0784609690826525, 'a2': 2.1908902300206647, 'a3': 6.654586333032405} logZ_max= 3.844941763578842 obs_max= 6.6129543994162505
dist_min= tensor(0.5998) dist_max= tensor(43.8064)
params_min,params_max=params_new,params_max
evaluating model at params_new={'a1': 2.0784609690826525, 'a2': 2.1908902300206647, 'a3': 6.654586306376398}
params_min= {'a1': 2.0784609690826525, 'a2': 2.1908902300206647, 'a3': 6.654586279720391} logZ_min= 3.84265722329516 obs_min= 6.529259197171551
params_new= {'a1': 2.0784609690826525, 'a2': 2.1908902300206647, 'a3': 6.654586306376398} logZ_new= 3.842657230943119 obs_new= 6.529259350448151
params_max= {'a1': 2.0784609690826525, 'a2': 2.1908902300206647, 'a3': 6.654586333032405} logZ_max= 3.844941763578842 obs_max= 6.6129543994162505
dist_min= tensor(0.7159) dist_max= tensor(43.7953)
params_min,params_max=params_new,params_max
evaluating model at params_new={'a1': 2.0784609690826525, 'a2': 2.1908902300206647, 'a3': 6.654586319704402}
params_min= {'a1': 2.0784609690826525, 'a2': 2.1908902300206647, 'a3': 6.654586306376398} logZ_min= 3.842657230943119 obs_min= 6.529259350448151
params_new= {'a1': 2.0784609690826525, 'a2': 2.1908902300206647, 'a3': 6.654586319704402} logZ_new= 3.8449822370433617 obs_new= 6.6145456403225475
params_max= {'a1': 2.0784609690826525, 'a2': 2.1908902300206647, 'a3': 6.654586333032405} logZ_max= 3.844941763578842 obs_max= 6.6129543994162505
dist_min= tensor(43.7967) dist_max= tensor(1.7467)
params_min,params_max=params_min,params_new
evaluating model at params_new={'a1': 2.0784609690826525, 'a2': 2.1908902300206647, 'a3': 6.6545863130404}
params_min= {'a1': 2.0784609690826525, 'a2': 2.1908902300206647, 'a3': 6.654586306376398} logZ_min= 3.842657230943119 obs_min= 6.529259350448151
params_new= {'a1': 2.0784609690826525, 'a2': 2.1908902300206647, 'a3': 6.6545863130404} logZ_new= 3.842657232855142 obs_new= 6.529259388748182
params_max= {'a1': 2.0784609690826525, 'a2': 2.1908902300206647, 'a3': 6.654586319704402} logZ_max= 3.8449822370433617 obs_max= 6.6145456403225475
dist_min= tensor(0.7229) dist_max= tensor(43.7848)
params_min,params_max=params_new,params_max
evaluating model at params_new={'a1': 2.0784609690826525, 'a2': 2.1908902300206647, 'a3': 6.6545863163724}
params_min= {'a1': 2.0784609690826525, 'a2': 2.1908902300206647, 'a3': 6.6545863130404} logZ_min= 3.842657232855142 obs_min= 6.529259388748182
params_new= {'a1': 2.0784609690826525, 'a2': 2.1908902300206647, 'a3': 6.6545863163724} logZ_new= 3.844982407204841 obs_new= 6.614589597439686
params_max= {'a1': 2.0784609690826525, 'a2': 2.1908902300206647, 'a3': 6.654586319704402} logZ_max= 3.8449822370433617 obs_max= 6.6145456403225475
dist_min= tensor(43.8042) dist_max= tensor(1.7185)
params_min,params_max=params_min,params_new
evaluating model at params_new={'a1': 2.0784609690826525, 'a2': 2.1908902300206647, 'a3': 6.6545863147064}
params_min= {'a1': 2.0784609690826525, 'a2': 2.1908902300206647, 'a3': 6.6545863130404} logZ_min= 3.842657232855142 obs_min= 6.529259388748182
params_new= {'a1': 2.0784609690826525, 'a2': 2.1908902300206647, 'a3': 6.6545863147064} logZ_new= 3.8426572333337754 obs_new= 6.5292593983491285
params_max= {'a1': 2.0784609690826525, 'a2': 2.1908902300206647, 'a3': 6.6545863163724} logZ_max= 3.844982407204841 obs_max= 6.614589597439686
dist_min= tensor(0.1624) dist_max= tensor(43.8021)
params_min,params_max=params_new,params_max
evaluating model at params_new={'a1': 2.0784609690826525, 'a2': 2.1908902300206647, 'a3': 6.6545863155394}
params_min= {'a1': 2.0784609690826525, 'a2': 2.1908902300206647, 'a3': 6.6545863147064} logZ_min= 3.8426572333337754 obs_min= 6.5292593983491285
params_new= {'a1': 2.0784609690826525, 'a2': 2.1908902300206647, 'a3': 6.6545863155394} logZ_new= 3.844957996314343 obs_new= 6.613956984674407
params_max= {'a1': 2.0784609690826525, 'a2': 2.1908902300206647, 'a3': 6.6545863163724} logZ_max= 3.844982407204841 obs_max= 6.614589597439686
dist_min= tensor(43.7947) dist_max= tensor(1.4850)
params_min,params_max=params_min,params_new
evaluating model at params_new={'a1': 2.0784609690826525, 'a2': 2.1908902300206647, 'a3': 6.6545863151229}
params_min= {'a1': 2.0784609690826525, 'a2': 2.1908902300206647, 'a3': 6.6545863147064} logZ_min= 3.8426572333337754 obs_min= 6.5292593983491285
params_new= {'a1': 2.0784609690826525, 'a2': 2.1908902300206647, 'a3': 6.6545863151229} logZ_new= 3.8449822115360774 obs_new= 6.614538854387292
params_max= {'a1': 2.0784609690826525, 'a2': 2.1908902300206647, 'a3': 6.6545863155394} logZ_max= 3.844957996314343 obs_max= 6.613956984674407
dist_min= tensor(43.7827) dist_max= tensor(0.5115)
params_min,params_max=params_min,params_new
evaluating model at params_new={'a1': 2.0784609690826525, 'a2': 2.1908902300206647, 'a3': 6.65458631491465}
params_min= {'a1': 2.0784609690826525, 'a2': 2.1908902300206647, 'a3': 6.6545863147064} logZ_min= 3.8426572333337754 obs_min= 6.5292593983491285
params_new= {'a1': 2.0784609690826525, 'a2': 2.1908902300206647, 'a3': 6.65458631491465} logZ_new= 3.8449822118256454 obs_new= 6.614538642312925
params_max= {'a1': 2.0784609690826525, 'a2': 2.1908902300206647, 'a3': 6.6545863151229} logZ_max= 3.8449822115360774 obs_max= 6.614538854387292
dist_min= tensor(43.7889) dist_max= tensor(0.7986)
params_min,params_max=params_min,params_new
evaluating model at params_new={'a1': 2.0784609690826525, 'a2': 2.1908902300206647, 'a3': 6.654586314810524}
params_min= {'a1': 2.0784609690826525, 'a2': 2.1908902300206647, 'a3': 6.6545863147064} logZ_min= 3.8426572333337754 obs_min= 6.5292593983491285
params_new= {'a1': 2.0784609690826525, 'a2': 2.1908902300206647, 'a3': 6.654586314810524} logZ_new= 3.844958449784803 obs_new= 6.613972295967978
params_max= {'a1': 2.0784609690826525, 'a2': 2.1908902300206647, 'a3': 6.65458631491465} logZ_max= 3.8449822118256454 obs_max= 6.614538642312925
dist_min= tensor(43.7952) dist_max= tensor(0.3782)
params_min,params_max=params_min,params_new
evaluating model at params_new={'a1': 2.0784609690826525, 'a2': 2.1908902300206647, 'a3': 6.654586314758462}
params_min= {'a1': 2.0784609690826525, 'a2': 2.1908902300206647, 'a3': 6.6545863147064} logZ_min= 3.8426572333337754 obs_min= 6.5292593983491285
params_new= {'a1': 2.0784609690826525, 'a2': 2.1908902300206647, 'a3': 6.654586314758462} logZ_new= 3.8449857374296323 obs_new= 6.614719619646634
params_max= {'a1': 2.0784609690826525, 'a2': 2.1908902300206647, 'a3': 6.654586314810524} logZ_max= 3.844958449784803 obs_max= 6.613972295967978
dist_min= tensor(43.7829) dist_max= tensor(0.4593)
params_min,params_max=params_min,params_new
evaluating model at params_new={'a1': 2.0784609690826525, 'a2': 2.1908902300206647, 'a3': 6.6545863147324305}
params_min= {'a1': 2.0784609690826525, 'a2': 2.1908902300206647, 'a3': 6.6545863147064} logZ_min= 3.8426572333337754 obs_min= 6.5292593983491285
params_new= {'a1': 2.0784609690826525, 'a2': 2.1908902300206647, 'a3': 6.6545863147324305} logZ_new= 3.8426572333409155 obs_new= 6.529259398490031
params_max= {'a1': 2.0784609690826525, 'a2': 2.1908902300206647, 'a3': 6.654586314758462} logZ_max= 3.8449857374296323 obs_max= 6.614719619646634
dist_min= tensor(0.0551) dist_max= tensor(43.7829)
params_min,params_max=params_new,params_max
evaluating model at params_new={'a1': 2.0784609690826525, 'a2': 2.1908902300206647, 'a3': 6.654586314745446}
params_min= {'a1': 2.0784609690826525, 'a2': 2.1908902300206647, 'a3': 6.6545863147324305} logZ_min= 3.8426572333409155 obs_min= 6.529259398490031
params_new= {'a1': 2.0784609690826525, 'a2': 2.1908902300206647, 'a3': 6.654586314745446} logZ_new= 3.8426572333610536 obs_new= 6.52925939930595
params_max= {'a1': 2.0784609690826525, 'a2': 2.1908902300206647, 'a3': 6.654586314758462} logZ_max= 3.8449857374296323 obs_max= 6.614719619646634
dist_min= tensor(0.6393) dist_max= tensor(43.7876)
params_min,params_max=params_new,params_max
evaluating model at params_new={'a1': 2.0784609690826525, 'a2': 2.1908902300206647, 'a3': 6.654586314751954}
params_min= {'a1': 2.0784609690826525, 'a2': 2.1908902300206647, 'a3': 6.654586314745446} logZ_min= 3.8426572333610536 obs_min= 6.52925939930595
params_new= {'a1': 2.0784609690826525, 'a2': 2.1908902300206647, 'a3': 6.654586314751954} logZ_new= 3.8426572345820036 obs_new= 6.529259452576286
params_max= {'a1': 2.0784609690826525, 'a2': 2.1908902300206647, 'a3': 6.654586314758462} logZ_max= 3.8449857374296323 obs_max= 6.614719619646634
dist_min= tensor(0.5198) dist_max= tensor(43.7834)
params_min,params_max=params_new,params_max
evaluating model at params_new={'a1': 2.0784609690826525, 'a2': 2.1908902300206647, 'a3': 6.654586314755209}
params_min= {'a1': 2.0784609690826525, 'a2': 2.1908902300206647, 'a3': 6.654586314751954} logZ_min= 3.8426572345820036 obs_min= 6.529259452576286
params_new= {'a1': 2.0784609690826525, 'a2': 2.1908902300206647, 'a3': 6.654586314755209} logZ_new= 3.845010108429732 obs_new= 6.615971670133172
params_max= {'a1': 2.0784609690826525, 'a2': 2.1908902300206647, 'a3': 6.654586314758462} logZ_max= 3.8449857374296323 obs_max= 6.614719619646634
dist_min= tensor(43.7883) dist_max= tensor(0.4806)
params_min,params_max=params_min,params_new
evaluating model at params_new={'a1': 2.0784609690826525, 'a2': 2.1908902300206647, 'a3': 6.6545863147535815}
params_min= {'a1': 2.0784609690826525, 'a2': 2.1908902300206647, 'a3': 6.654586314751954} logZ_min= 3.8426572345820036 obs_min= 6.529259452576286
params_new= {'a1': 2.0784609690826525, 'a2': 2.1908902300206647, 'a3': 6.6545863147535815} logZ_new= 3.8449831061236157 obs_new= 6.614585146638105
params_max= {'a1': 2.0784609690826525, 'a2': 2.1908902300206647, 'a3': 6.654586314755209} logZ_max= 3.845010108429732 obs_max= 6.615971670133172
dist_min= tensor(43.7846) dist_max= tensor(0.9151)
params_min,params_max=params_min,params_new
evaluating model at params_new={'a1': 2.0784609690826525, 'a2': 2.1908902300206647, 'a3': 6.654586314752768}
params_min= {'a1': 2.0784609690826525, 'a2': 2.1908902300206647, 'a3': 6.654586314751954} logZ_min= 3.8426572345820036 obs_min= 6.529259452576286
params_new= {'a1': 2.0784609690826525, 'a2': 2.1908902300206647, 'a3': 6.654586314752768} logZ_new= 3.8426579810236876 obs_new= 6.529292497969162
params_max= {'a1': 2.0784609690826525, 'a2': 2.1908902300206647, 'a3': 6.6545863147535815} logZ_max= 3.8449831061236157 obs_max= 6.614585146638105
dist_min= tensor(1.4300) dist_max= tensor(43.9450)
params_min,params_max=params_new,params_max
evaluating model at params_new={'a1': 2.0784609690826525, 'a2': 2.1908902300206647, 'a3': 6.654586314753175}
params_min= {'a1': 2.0784609690826525, 'a2': 2.1908902300206647, 'a3': 6.654586314752768} logZ_min= 3.8426579810236876 obs_min= 6.529292497969162
params_new= {'a1': 2.0784609690826525, 'a2': 2.1908902300206647, 'a3': 6.654586314753175} logZ_new= 3.8450661584158374 obs_new= 6.619249907742421
params_max= {'a1': 2.0784609690826525, 'a2': 2.1908902300206647, 'a3': 6.6545863147535815} logZ_max= 3.8449831061236157 obs_max= 6.614585146638105
dist_min= tensor(43.9281) dist_max= tensor(0.6408)
params_min,params_max=params_min,params_new
evaluating model at params_new={'a1': 2.0784609690826525, 'a2': 2.1908902300206647, 'a3': 6.654586314752971}
params_min= {'a1': 2.0784609690826525, 'a2': 2.1908902300206647, 'a3': 6.654586314752768} logZ_min= 3.8426579810236876 obs_min= 6.529292497969162
params_new= {'a1': 2.0784609690826525, 'a2': 2.1908902300206647, 'a3': 6.654586314752971} logZ_new= 3.8426620360147767 obs_new= 6.529469355664593
params_max= {'a1': 2.0784609690826525, 'a2': 2.1908902300206647, 'a3': 6.654586314753175} logZ_max= 3.8450661584158374 obs_max= 6.619249907742421
dist_min= tensor(1.0997) dist_max= tensor(44.6589)
params_min,params_max=params_new,params_max
evaluating model at params_new={'a1': 2.0784609690826525, 'a2': 2.1908902300206647, 'a3': 6.6545863147530735}
params_min= {'a1': 2.0784609690826525, 'a2': 2.1908902300206647, 'a3': 6.654586314752971} logZ_min= 3.8426620360147767 obs_min= 6.529469355664593
params_new= {'a1': 2.0784609690826525, 'a2': 2.1908902300206647, 'a3': 6.6545863147530735} logZ_new= 3.842657588428546 obs_new= 6.529275071831716
params_max= {'a1': 2.0784609690826525, 'a2': 2.1908902300206647, 'a3': 6.654586314753175} logZ_max= 3.8450661584158374 obs_max= 6.619249907742421
dist_min= tensor(1.2662) dist_max= tensor(43.8407)
params_min,params_max=params_new,params_max
evaluating model at params_new={'a1': 2.0784609690826525, 'a2': 2.1908902300206647, 'a3': 6.654586314753124}
params_min= {'a1': 2.0784609690826525, 'a2': 2.1908902300206647, 'a3': 6.6545863147530735} logZ_min= 3.842657588428546 obs_min= 6.529275071831716
params_new= {'a1': 2.0784609690826525, 'a2': 2.1908902300206647, 'a3': 6.654586314753124} logZ_new= 3.844217019265638 obs_new= 6.594776147157485
params_max= {'a1': 2.0784609690826525, 'a2': 2.1908902300206647, 'a3': 6.654586314753175} logZ_max= 3.8450661584158374 obs_max= 6.619249907742421
dist_min= tensor(35.0993) dist_max= tensor(8.7745)
params_min,params_max=params_min,params_new
evaluating model at params_new={'a1': 2.0784609690826525, 'a2': 2.1908902300206647, 'a3': 6.654586314753098}
params_min= {'a1': 2.0784609690826525, 'a2': 2.1908902300206647, 'a3': 6.6545863147530735} logZ_min= 3.842657588428546 obs_min= 6.529275071831716
params_new= {'a1': 2.0784609690826525, 'a2': 2.1908902300206647, 'a3': 6.654586314753098} logZ_new= 3.8426747357077673 obs_new= 6.530026518060239
params_max= {'a1': 2.0784609690826525, 'a2': 2.1908902300206647, 'a3': 6.654586314753124} logZ_max= 3.844217019265638 obs_max= 6.594776147157485
dist_min= tensor(3.2283) dist_max= tensor(38.2923)
params_min,params_max=params_new,params_max
evaluating model at params_new={'a1': 2.0784609690826525, 'a2': 2.1908902300206647, 'a3': 6.654586314753111}
params_min= {'a1': 2.0784609690826525, 'a2': 2.1908902300206647, 'a3': 6.654586314753098} logZ_min= 3.8426747357077673 obs_min= 6.530026518060239
params_new= {'a1': 2.0784609690826525, 'a2': 2.1908902300206647, 'a3': 6.654586314753111} logZ_new= 3.8439906831022292 obs_new= 6.583330189500767
params_max= {'a1': 2.0784609690826525, 'a2': 2.1908902300206647, 'a3': 6.654586314753124} logZ_max= 3.844217019265638 obs_max= 6.594776147157485
dist_min= tensor(33.4795) dist_max= tensor(4.8190)
params_min,params_max=params_min,params_new
evaluating model at params_new={'a1': 2.0784609690826525, 'a2': 2.1908902300206647, 'a3': 6.654586314753105}
params_min= {'a1': 2.0784609690826525, 'a2': 2.1908902300206647, 'a3': 6.654586314753098} logZ_min= 3.8426747357077673 obs_min= 6.530026518060239
params_new= {'a1': 2.0784609690826525, 'a2': 2.1908902300206647, 'a3': 6.654586314753105} logZ_new= 3.8429521621067937 obs_new= 6.539130768719187
params_max= {'a1': 2.0784609690826525, 'a2': 2.1908902300206647, 'a3': 6.654586314753111} logZ_max= 3.8439906831022292 obs_max= 6.583330189500767
dist_min= tensor(237.8577) dist_max= tensor(271.3324)
params_min,params_max=params_new,params_max
evaluating model at params_new={'a1': 2.0784609690826525, 'a2': 2.1908902300206647, 'a3': 6.654586314753107}
params_min= {'a1': 2.0784609690826525, 'a2': 2.1908902300206647, 'a3': 6.654586314753105} logZ_min= 3.8429521621067937 obs_min= 6.539130768719187
params_new= {'a1': 2.0784609690826525, 'a2': 2.1908902300206647, 'a3': 6.654586314753107} logZ_new= 3.8427649922519715 obs_new= 6.533968095866518
params_max= {'a1': 2.0784609690826525, 'a2': 2.1908902300206647, 'a3': 6.654586314753111} logZ_max= 3.8439906831022292 obs_max= 6.583330189500767
dist_min= tensor(213.3470) dist_max= tensor(57.9899)
params_min,params_max=params_min,params_new
evaluating model at params_new={'a1': 2.0784609690826525, 'a2': 2.1908902300206647, 'a3': 6.6545863147531055}
params_min= {'a1': 2.0784609690826525, 'a2': 2.1908902300206647, 'a3': 6.654586314753105} logZ_min= 3.8429521621067937 obs_min= 6.539130768719187
params_new= {'a1': 2.0784609690826525, 'a2': 2.1908902300206647, 'a3': 6.6545863147531055} logZ_new= 3.8434417092121795 obs_new= 6.56308471741286
params_max= {'a1': 2.0784609690826525, 'a2': 2.1908902300206647, 'a3': 6.654586314753107} logZ_max= 3.8427649922519715 obs_max= 6.533968095866518
dist_min= tensor(183.9267) dist_max= tensor(29.4237)
params_min,params_max=params_min,params_new
critical params found:  {'a1': 2.0784609690826525, 'a2': 2.1908902300206647, 'a3': 6.6545863147531055}
reference params:  {'a1': 1.1547005383792515, 'a2': 1.8257418583505538, 'a3': 4.47213595499958}
file saved to  data/AKLT3D_X10_scan_grid_critical_a3/a1_2.0784610_a2_2.1908902/Tc.json
