Start running find_critical_temp.py with options:{'filename': 'data/AKLT3D_X10_scan_grid_critical_a3/a1_1.8475209_a2_1.8257419/Tc.json', 'log_filename': 'data/AKLT3D_X10_scan_grid_critical_a3/a1_1.8475209_a2_1.8257419/Tc.log', 'nLayers': 60, 'max_dim': 10, 'model': 'AKLT3D', 'params_min': "{'a1': 1.8475208614068024, 'a2': 1.8257418583505536, 'a3': 5.366563145999496}", 'params_max': "{'a1': 1.8475208614068024, 'a2': 1.8257418583505536, 'a3': 6.260990336999412}", 'params_ref': None, 'observable_name': 'magnetizationZ', 'tol': 0.0, 'gilt_enabled': False, 'gilt_eps': 8e-07, 'gilt_nIter': 1, 'mcf_enabled': True, 'mcf_eps': 1e-16, 'mcf_max_iter': 200, 'hotrg_sanity_check': False, 'version': 1, 'device': 'cuda:1'}
loading library...
evaluating model at params_min={'a1': 1.8475208614068024, 'a2': 1.8257418583505536, 'a3': 5.366563145999496}
params_min= {'a1': 1.8475208614068024, 'a2': 1.8257418583505536, 'a3': 5.366563145999496} logZ_min= nan obs_min= 3.0411762902510098e-33
evaluating model at params_max={'a1': 1.8475208614068024, 'a2': 1.8257418583505536, 'a3': 6.260990336999412}
params_max= {'a1': 1.8475208614068024, 'a2': 1.8257418583505536, 'a3': 6.260990336999412} logZ_max= 3.701051629888931 obs_max= 7.842953709739101
searching for critical temperature using bisection method
evaluating model at params_new={'a1': 1.8475208614068024, 'a2': 1.8257418583505536, 'a3': 5.813776741499455}
params_min= {'a1': 1.8475208614068024, 'a2': 1.8257418583505536, 'a3': 5.366563145999496} logZ_min= nan obs_min= 3.0411762902510098e-33
params_new= {'a1': 1.8475208614068024, 'a2': 1.8257418583505536, 'a3': 5.813776741499455} logZ_new= nan obs_new= 3.4846120040902547e-34
params_max= {'a1': 1.8475208614068024, 'a2': 1.8257418583505536, 'a3': 6.260990336999412} logZ_max= 3.701051629888931 obs_max= 7.842953709739101
dist_min= tensor(342.9879) dist_max= tensor(12.6045)
params_min,params_max=params_min,params_new
evaluating model at params_new={'a1': 1.8475208614068024, 'a2': 1.8257418583505536, 'a3': 5.590169943749475}
params_min= {'a1': 1.8475208614068024, 'a2': 1.8257418583505536, 'a3': 5.366563145999496} logZ_min= nan obs_min= 3.0411762902510098e-33
params_new= {'a1': 1.8475208614068024, 'a2': 1.8257418583505536, 'a3': 5.590169943749475} logZ_new= 3.6343023141672997 obs_new= 1.6205506524489104e-33
params_max= {'a1': 1.8475208614068024, 'a2': 1.8257418583505536, 'a3': 5.813776741499455} logZ_max= nan obs_max= 3.4846120040902547e-34
dist_min= tensor(332.3456) dist_max= tensor(76.6366)
params_min,params_max=params_min,params_new
evaluating model at params_new={'a1': 1.8475208614068024, 'a2': 1.8257418583505536, 'a3': 5.478366544874486}
params_min= {'a1': 1.8475208614068024, 'a2': 1.8257418583505536, 'a3': 5.366563145999496} logZ_min= nan obs_min= 3.0411762902510098e-33
params_new= {'a1': 1.8475208614068024, 'a2': 1.8257418583505536, 'a3': 5.478366544874486} logZ_new= 3.632474894261298 obs_new= 1.889046457905111e-32
params_max= {'a1': 1.8475208614068024, 'a2': 1.8257418583505536, 'a3': 5.590169943749475} logZ_max= 3.6343023141672997 obs_max= 1.6205506524489104e-33
dist_min= tensor(329.9681) dist_max= tensor(18.0541)
params_min,params_max=params_min,params_new
evaluating model at params_new={'a1': 1.8475208614068024, 'a2': 1.8257418583505536, 'a3': 5.422464845436991}
params_min= {'a1': 1.8475208614068024, 'a2': 1.8257418583505536, 'a3': 5.366563145999496} logZ_min= nan obs_min= 3.0411762902510098e-33
params_new= {'a1': 1.8475208614068024, 'a2': 1.8257418583505536, 'a3': 5.422464845436991} logZ_new= nan obs_new= 1.0998990770228793e-31
params_max= {'a1': 1.8475208614068024, 'a2': 1.8257418583505536, 'a3': 5.478366544874486} logZ_max= 3.632474894261298 obs_max= 1.889046457905111e-32
dist_min= tensor(329.8114) dist_max= tensor(31.8672)
params_min,params_max=params_min,params_new
evaluating model at params_new={'a1': 1.8475208614068024, 'a2': 1.8257418583505536, 'a3': 5.394513995718244}
params_min= {'a1': 1.8475208614068024, 'a2': 1.8257418583505536, 'a3': 5.366563145999496} logZ_min= nan obs_min= 3.0411762902510098e-33
params_new= {'a1': 1.8475208614068024, 'a2': 1.8257418583505536, 'a3': 5.394513995718244} logZ_new= 3.631552779652629 obs_new= 3.849636878010885e-31
params_max= {'a1': 1.8475208614068024, 'a2': 1.8257418583505536, 'a3': 5.422464845436991} logZ_max= nan obs_max= 1.0998990770228793e-31
dist_min= tensor(352.1926) dist_max= tensor(127.4344)
params_min,params_max=params_min,params_new
evaluating model at params_new={'a1': 1.8475208614068024, 'a2': 1.8257418583505536, 'a3': 5.38053857085887}
params_min= {'a1': 1.8475208614068024, 'a2': 1.8257418583505536, 'a3': 5.366563145999496} logZ_min= nan obs_min= 3.0411762902510098e-33
params_new= {'a1': 1.8475208614068024, 'a2': 1.8257418583505536, 'a3': 5.38053857085887} logZ_new= 3.631016172018313 obs_new= 2.759837918670135e-32
params_max= {'a1': 1.8475208614068024, 'a2': 1.8257418583505536, 'a3': 5.394513995718244} logZ_max= 3.631552779652629 obs_max= 3.849636878010885e-31
dist_min= tensor(329.2299) dist_max= tensor(123.6081)
params_min,params_max=params_min,params_new
evaluating model at params_new={'a1': 1.8475208614068024, 'a2': 1.8257418583505536, 'a3': 5.373550858429184}
params_min= {'a1': 1.8475208614068024, 'a2': 1.8257418583505536, 'a3': 5.366563145999496} logZ_min= nan obs_min= 3.0411762902510098e-33
params_new= {'a1': 1.8475208614068024, 'a2': 1.8257418583505536, 'a3': 5.373550858429184} logZ_new= nan obs_new= 1.1143015562378608e-32
params_max= {'a1': 1.8475208614068024, 'a2': 1.8257418583505536, 'a3': 5.38053857085887} logZ_max= 3.631016172018313 obs_max= 2.759837918670135e-32
dist_min= tensor(329.8623) dist_max= tensor(22.1243)
params_min,params_max=params_min,params_new
evaluating model at params_new={'a1': 1.8475208614068024, 'a2': 1.8257418583505536, 'a3': 5.37005700221434}
params_min= {'a1': 1.8475208614068024, 'a2': 1.8257418583505536, 'a3': 5.366563145999496} logZ_min= nan obs_min= 3.0411762902510098e-33
params_new= {'a1': 1.8475208614068024, 'a2': 1.8257418583505536, 'a3': 5.37005700221434} logZ_new= nan obs_new= 2.7362215708706064e-32
params_max= {'a1': 1.8475208614068024, 'a2': 1.8257418583505536, 'a3': 5.373550858429184} logZ_max= nan obs_max= 1.1143015562378608e-32
dist_min= tensor(178.9426) dist_max= tensor(500.6664)
params_min,params_max=params_new,params_max
evaluating model at params_new={'a1': 1.8475208614068024, 'a2': 1.8257418583505536, 'a3': 5.371803930321762}
params_min= {'a1': 1.8475208614068024, 'a2': 1.8257418583505536, 'a3': 5.37005700221434} logZ_min= nan obs_min= 2.7362215708706064e-32
params_new= {'a1': 1.8475208614068024, 'a2': 1.8257418583505536, 'a3': 5.371803930321762} logZ_new= nan obs_new= 1.4953026182649281e-31
params_max= {'a1': 1.8475208614068024, 'a2': 1.8257418583505536, 'a3': 5.373550858429184} logZ_max= nan obs_max= 1.1143015562378608e-32
dist_min= tensor(500.0626) dist_max= tensor(78.9440)
params_min,params_max=params_min,params_new
evaluating model at params_new={'a1': 1.8475208614068024, 'a2': 1.8257418583505536, 'a3': 5.370930466268051}
params_min= {'a1': 1.8475208614068024, 'a2': 1.8257418583505536, 'a3': 5.37005700221434} logZ_min= nan obs_min= 2.7362215708706064e-32
params_new= {'a1': 1.8475208614068024, 'a2': 1.8257418583505536, 'a3': 5.370930466268051} logZ_new= 3.631164888260385 obs_new= 5.36894387838413e-32
params_max= {'a1': 1.8475208614068024, 'a2': 1.8257418583505536, 'a3': 5.371803930321762} logZ_max= nan obs_max= 1.4953026182649281e-31
dist_min= tensor(500.2977) dist_max= tensor(75.3319)
params_min,params_max=params_min,params_new
evaluating model at params_new={'a1': 1.8475208614068024, 'a2': 1.8257418583505536, 'a3': 5.370493734241196}
params_min= {'a1': 1.8475208614068024, 'a2': 1.8257418583505536, 'a3': 5.37005700221434} logZ_min= nan obs_min= 2.7362215708706064e-32
params_new= {'a1': 1.8475208614068024, 'a2': 1.8257418583505536, 'a3': 5.370493734241196} logZ_new= nan obs_new= 1.1774621186689156e-32
params_max= {'a1': 1.8475208614068024, 'a2': 1.8257418583505536, 'a3': 5.370930466268051} logZ_max= 3.631164888260385 obs_max= 5.36894387838413e-32
dist_min= tensor(501.9148) dist_max= tensor(37.7358)
params_min,params_max=params_min,params_new
evaluating model at params_new={'a1': 1.8475208614068024, 'a2': 1.8257418583505536, 'a3': 5.370275368227768}
params_min= {'a1': 1.8475208614068024, 'a2': 1.8257418583505536, 'a3': 5.37005700221434} logZ_min= nan obs_min= 2.7362215708706064e-32
params_new= {'a1': 1.8475208614068024, 'a2': 1.8257418583505536, 'a3': 5.370275368227768} logZ_new= 3.631069138228057 obs_new= 9.494169808988019e-32
params_max= {'a1': 1.8475208614068024, 'a2': 1.8257418583505536, 'a3': 5.370493734241196} logZ_max= nan obs_max= 1.1774621186689156e-32
dist_min= tensor(505.4447) dist_max= tensor(81.6118)
params_min,params_max=params_min,params_new
evaluating model at params_new={'a1': 1.8475208614068024, 'a2': 1.8257418583505536, 'a3': 5.370166185221054}
params_min= {'a1': 1.8475208614068024, 'a2': 1.8257418583505536, 'a3': 5.37005700221434} logZ_min= nan obs_min= 2.7362215708706064e-32
params_new= {'a1': 1.8475208614068024, 'a2': 1.8257418583505536, 'a3': 5.370166185221054} logZ_new= 3.6310069135622123 obs_new= 5.775149806913614e-34
params_max= {'a1': 1.8475208614068024, 'a2': 1.8257418583505536, 'a3': 5.370275368227768} logZ_max= 3.631069138228057 obs_max= 9.494169808988019e-32
dist_min= tensor(500.9283) dist_max= tensor(72.2531)
params_min,params_max=params_min,params_new
evaluating model at params_new={'a1': 1.8475208614068024, 'a2': 1.8257418583505536, 'a3': 5.370111593717697}
params_min= {'a1': 1.8475208614068024, 'a2': 1.8257418583505536, 'a3': 5.37005700221434} logZ_min= nan obs_min= 2.7362215708706064e-32
params_new= {'a1': 1.8475208614068024, 'a2': 1.8257418583505536, 'a3': 5.370111593717697} logZ_new= nan obs_new= 2.152403739825053e-31
params_max= {'a1': 1.8475208614068024, 'a2': 1.8257418583505536, 'a3': 5.370166185221054} logZ_max= 3.6310069135622123 obs_max= 5.775149806913614e-34
dist_min= tensor(505.3546) dist_max= tensor(69.7570)
params_min,params_max=params_min,params_new
evaluating model at params_new={'a1': 1.8475208614068024, 'a2': 1.8257418583505536, 'a3': 5.370084297966018}
params_min= {'a1': 1.8475208614068024, 'a2': 1.8257418583505536, 'a3': 5.37005700221434} logZ_min= nan obs_min= 2.7362215708706064e-32
params_new= {'a1': 1.8475208614068024, 'a2': 1.8257418583505536, 'a3': 5.370084297966018} logZ_new= nan obs_new= 7.976078869390489e-33
params_max= {'a1': 1.8475208614068024, 'a2': 1.8257418583505536, 'a3': 5.370111593717697} logZ_max= nan obs_max= 2.152403739825053e-31
dist_min= tensor(834.0731) dist_max= tensor(671.0793)
params_min,params_max=params_min,params_new
evaluating model at params_new={'a1': 1.8475208614068024, 'a2': 1.8257418583505536, 'a3': 5.370070650090179}
params_min= {'a1': 1.8475208614068024, 'a2': 1.8257418583505536, 'a3': 5.37005700221434} logZ_min= nan obs_min= 2.7362215708706064e-32
params_new= {'a1': 1.8475208614068024, 'a2': 1.8257418583505536, 'a3': 5.370070650090179} logZ_new= nan obs_new= 1.687636141244998e-33
params_max= {'a1': 1.8475208614068024, 'a2': 1.8257418583505536, 'a3': 5.370084297966018} logZ_max= nan obs_max= 7.976078869390489e-33
dist_min= tensor(484.0913) dist_max= tensor(667.7836)
params_min,params_max=params_new,params_max
evaluating model at params_new={'a1': 1.8475208614068024, 'a2': 1.8257418583505536, 'a3': 5.370077474028099}
params_min= {'a1': 1.8475208614068024, 'a2': 1.8257418583505536, 'a3': 5.370070650090179} logZ_min= nan obs_min= 1.687636141244998e-33
params_new= {'a1': 1.8475208614068024, 'a2': 1.8257418583505536, 'a3': 5.370077474028099} logZ_new= 3.6306986953078586 obs_new= 1.1619464811067025e-33
params_max= {'a1': 1.8475208614068024, 'a2': 1.8257418583505536, 'a3': 5.370084297966018} logZ_max= nan obs_max= 7.976078869390489e-33
dist_min= tensor(469.9625) dist_max= tensor(265.4604)
params_min,params_max=params_min,params_new
evaluating model at params_new={'a1': 1.8475208614068024, 'a2': 1.8257418583505536, 'a3': 5.370074062059139}
params_min= {'a1': 1.8475208614068024, 'a2': 1.8257418583505536, 'a3': 5.370070650090179} logZ_min= nan obs_min= 1.687636141244998e-33
params_new= {'a1': 1.8475208614068024, 'a2': 1.8257418583505536, 'a3': 5.370074062059139} logZ_new= 3.63111413271973 obs_new= 1.2366591774416146e-31
params_max= {'a1': 1.8475208614068024, 'a2': 1.8257418583505536, 'a3': 5.370077474028099} logZ_max= 3.6306986953078586 obs_max= 1.1619464811067025e-33
dist_min= tensor(271.6160) dist_max= tensor(541.7759)
params_min,params_max=params_new,params_max
evaluating model at params_new={'a1': 1.8475208614068024, 'a2': 1.8257418583505536, 'a3': 5.370075768043619}
params_min= {'a1': 1.8475208614068024, 'a2': 1.8257418583505536, 'a3': 5.370074062059139} logZ_min= 3.63111413271973 obs_min= 1.2366591774416146e-31
params_new= {'a1': 1.8475208614068024, 'a2': 1.8257418583505536, 'a3': 5.370075768043619} logZ_new= nan obs_new= 1.0500856091866725e-35
params_max= {'a1': 1.8475208614068024, 'a2': 1.8257418583505536, 'a3': 5.370077474028099} logZ_max= 3.6306986953078586 obs_max= 1.1619464811067025e-33
dist_min= tensor(271.1847) dist_max= tensor(469.7143)
params_min,params_max=params_new,params_max
evaluating model at params_new={'a1': 1.8475208614068024, 'a2': 1.8257418583505536, 'a3': 5.370076621035858}
params_min= {'a1': 1.8475208614068024, 'a2': 1.8257418583505536, 'a3': 5.370075768043619} logZ_min= nan obs_min= 1.0500856091866725e-35
params_new= {'a1': 1.8475208614068024, 'a2': 1.8257418583505536, 'a3': 5.370076621035858} logZ_new= 3.631070876879204 obs_new= 1.2960005248847264e-32
params_max= {'a1': 1.8475208614068024, 'a2': 1.8257418583505536, 'a3': 5.370077474028099} logZ_max= 3.6306986953078586 obs_max= 1.1619464811067025e-33
dist_min= tensor(10.0892) dist_max= tensor(469.6886)
params_min,params_max=params_new,params_max
evaluating model at params_new={'a1': 1.8475208614068024, 'a2': 1.8257418583505536, 'a3': 5.370077047531979}
params_min= {'a1': 1.8475208614068024, 'a2': 1.8257418583505536, 'a3': 5.370076621035858} logZ_min= 3.631070876879204 obs_min= 1.2960005248847264e-32
params_new= {'a1': 1.8475208614068024, 'a2': 1.8257418583505536, 'a3': 5.370077047531979} logZ_new= 3.6309640820236964 obs_new= 2.4093264132271094e-32
params_max= {'a1': 1.8475208614068024, 'a2': 1.8257418583505536, 'a3': 5.370077474028099} logZ_max= 3.6306986953078586 obs_max= 1.1619464811067025e-33
dist_min= tensor(61376.5499) dist_max= tensor(61378.3666)
params_min,params_max=params_new,params_max
evaluating model at params_new={'a1': 1.8475208614068024, 'a2': 1.8257418583505536, 'a3': 5.370077260780039}
params_min= {'a1': 1.8475208614068024, 'a2': 1.8257418583505536, 'a3': 5.370077047531979} logZ_min= 3.6309640820236964 obs_min= 2.4093264132271094e-32
params_new= {'a1': 1.8475208614068024, 'a2': 1.8257418583505536, 'a3': 5.370077260780039} logZ_new= 3.631109903765303 obs_new= 1.5044085610458793e-31
params_max= {'a1': 1.8475208614068024, 'a2': 1.8257418583505536, 'a3': 5.370077474028099} logZ_max= 3.6306986953078586 obs_max= 1.1619464811067025e-33
dist_min= tensor(61376.9026) dist_max= tensor(471.9647)
params_min,params_max=params_min,params_new
evaluating model at params_new={'a1': 1.8475208614068024, 'a2': 1.8257418583505536, 'a3': 5.370077154156009}
params_min= {'a1': 1.8475208614068024, 'a2': 1.8257418583505536, 'a3': 5.370077047531979} logZ_min= 3.6309640820236964 obs_min= 2.4093264132271094e-32
params_new= {'a1': 1.8475208614068024, 'a2': 1.8257418583505536, 'a3': 5.370077154156009} logZ_new= 3.6309458171525653 obs_new= 3.531422469187368e-32
params_max= {'a1': 1.8475208614068024, 'a2': 1.8257418583505536, 'a3': 5.370077260780039} logZ_max= 3.631109903765303 obs_max= 1.5044085610458793e-31
dist_min= tensor(61377.4130) dist_max= tensor(464.5250)
params_min,params_max=params_min,params_new
evaluating model at params_new={'a1': 1.8475208614068024, 'a2': 1.8257418583505536, 'a3': 5.370077100843994}
params_min= {'a1': 1.8475208614068024, 'a2': 1.8257418583505536, 'a3': 5.370077047531979} logZ_min= 3.6309640820236964 obs_min= 2.4093264132271094e-32
params_new= {'a1': 1.8475208614068024, 'a2': 1.8257418583505536, 'a3': 5.370077100843994} logZ_new= 3.630950070043162 obs_new= 6.523057514079292e-31
params_max= {'a1': 1.8475208614068024, 'a2': 1.8257418583505536, 'a3': 5.370077154156009} logZ_max= 3.6309458171525653 obs_max= 3.531422469187368e-32
dist_min= tensor(61377.0262) dist_max= tensor(462.8712)
params_min,params_max=params_min,params_new
evaluating model at params_new={'a1': 1.8475208614068024, 'a2': 1.8257418583505536, 'a3': 5.370077074187986}
params_min= {'a1': 1.8475208614068024, 'a2': 1.8257418583505536, 'a3': 5.370077047531979} logZ_min= 3.6309640820236964 obs_min= 2.4093264132271094e-32
params_new= {'a1': 1.8475208614068024, 'a2': 1.8257418583505536, 'a3': 5.370077074187986} logZ_new= nan obs_new= 5.732537891577876e-34
params_max= {'a1': 1.8475208614068024, 'a2': 1.8257418583505536, 'a3': 5.370077100843994} logZ_max= 3.630950070043162 obs_max= 6.523057514079292e-31
dist_min= tensor(61376.7980) dist_max= tensor(32.2627)
params_min,params_max=params_min,params_new
evaluating model at params_new={'a1': 1.8475208614068024, 'a2': 1.8257418583505536, 'a3': 5.370077060859982}
params_min= {'a1': 1.8475208614068024, 'a2': 1.8257418583505536, 'a3': 5.370077047531979} logZ_min= 3.6309640820236964 obs_min= 2.4093264132271094e-32
params_new= {'a1': 1.8475208614068024, 'a2': 1.8257418583505536, 'a3': 5.370077060859982} logZ_new= nan obs_new= 3.202553806254808e-33
params_max= {'a1': 1.8475208614068024, 'a2': 1.8257418583505536, 'a3': 5.370077074187986} logZ_max= nan obs_max= 5.732537891577876e-34
dist_min= tensor(61378.0705) dist_max= tensor(357.9407)
params_min,params_max=params_min,params_new
evaluating model at params_new={'a1': 1.8475208614068024, 'a2': 1.8257418583505536, 'a3': 5.37007705419598}
params_min= {'a1': 1.8475208614068024, 'a2': 1.8257418583505536, 'a3': 5.370077047531979} logZ_min= 3.6309640820236964 obs_min= 2.4093264132271094e-32
params_new= {'a1': 1.8475208614068024, 'a2': 1.8257418583505536, 'a3': 5.37007705419598} logZ_new= 3.631008063296708 obs_new= 3.442617650508629e-33
params_max= {'a1': 1.8475208614068024, 'a2': 1.8257418583505536, 'a3': 5.370077060859982} logZ_max= nan obs_max= 3.202553806254808e-33
dist_min= tensor(61376.7973) dist_max= tensor(357.3071)
params_min,params_max=params_min,params_new
evaluating model at params_new={'a1': 1.8475208614068024, 'a2': 1.8257418583505536, 'a3': 5.37007705086398}
params_min= {'a1': 1.8475208614068024, 'a2': 1.8257418583505536, 'a3': 5.370077047531979} logZ_min= 3.6309640820236964 obs_min= 2.4093264132271094e-32
params_new= {'a1': 1.8475208614068024, 'a2': 1.8257418583505536, 'a3': 5.37007705086398} logZ_new= nan obs_new= 2.2035525843740677e-33
params_max= {'a1': 1.8475208614068024, 'a2': 1.8257418583505536, 'a3': 5.37007705419598} logZ_max= 3.631008063296708 obs_max= 3.442617650508629e-33
dist_min= tensor(61376.7980) dist_max= tensor(2.2649)
params_min,params_max=params_min,params_new
evaluating model at params_new={'a1': 1.8475208614068024, 'a2': 1.8257418583505536, 'a3': 5.370077049197979}
params_min= {'a1': 1.8475208614068024, 'a2': 1.8257418583505536, 'a3': 5.370077047531979} logZ_min= 3.6309640820236964 obs_min= 2.4093264132271094e-32
params_new= {'a1': 1.8475208614068024, 'a2': 1.8257418583505536, 'a3': 5.370077049197979} logZ_new= nan obs_new= 4.4279874494402097e-32
params_max= {'a1': 1.8475208614068024, 'a2': 1.8257418583505536, 'a3': 5.37007705086398} logZ_max= nan obs_max= 2.2035525843740677e-33
dist_min= tensor(61377.0259) dist_max= tensor(54.5230)
params_min,params_max=params_min,params_new
evaluating model at params_new={'a1': 1.8475208614068024, 'a2': 1.8257418583505536, 'a3': 5.370077048364979}
params_min= {'a1': 1.8475208614068024, 'a2': 1.8257418583505536, 'a3': 5.370077047531979} logZ_min= 3.6309640820236964 obs_min= 2.4093264132271094e-32
params_new= {'a1': 1.8475208614068024, 'a2': 1.8257418583505536, 'a3': 5.370077048364979} logZ_new= 3.6311248161348906 obs_new= 1.5192579339419933e-32
params_max= {'a1': 1.8475208614068024, 'a2': 1.8257418583505536, 'a3': 5.370077049197979} logZ_max= nan obs_max= 4.4279874494402097e-32
dist_min= tensor(61376.9996) dist_max= tensor(81.7791)
params_min,params_max=params_min,params_new
evaluating model at params_new={'a1': 1.8475208614068024, 'a2': 1.8257418583505536, 'a3': 5.370077047948479}
params_min= {'a1': 1.8475208614068024, 'a2': 1.8257418583505536, 'a3': 5.370077047531979} logZ_min= 3.6309640820236964 obs_min= 2.4093264132271094e-32
params_new= {'a1': 1.8475208614068024, 'a2': 1.8257418583505536, 'a3': 5.370077047948479} logZ_new= nan obs_new= 7.027205484174724e-32
params_max= {'a1': 1.8475208614068024, 'a2': 1.8257418583505536, 'a3': 5.370077048364979} logZ_max= 3.6311248161348906 obs_max= 1.5192579339419933e-32
dist_min= tensor(61309.9622) dist_max= tensor(155.7091)
params_min,params_max=params_min,params_new
evaluating model at params_new={'a1': 1.8475208614068024, 'a2': 1.8257418583505536, 'a3': 5.370077047740229}
params_min= {'a1': 1.8475208614068024, 'a2': 1.8257418583505536, 'a3': 5.370077047531979} logZ_min= 3.6309640820236964 obs_min= 2.4093264132271094e-32
params_new= {'a1': 1.8475208614068024, 'a2': 1.8257418583505536, 'a3': 5.370077047740229} logZ_new= 3.6310819268818593 obs_new= 6.423648832225046e-34
params_max= {'a1': 1.8475208614068024, 'a2': 1.8257418583505536, 'a3': 5.370077047948479} logZ_max= nan obs_max= 7.027205484174724e-32
dist_min= tensor(61376.2101) dist_max= tensor(134.2795)
params_min,params_max=params_min,params_new
evaluating model at params_new={'a1': 1.8475208614068024, 'a2': 1.8257418583505536, 'a3': 5.370077047636103}
params_min= {'a1': 1.8475208614068024, 'a2': 1.8257418583505536, 'a3': 5.370077047531979} logZ_min= 3.6309640820236964 obs_min= 2.4093264132271094e-32
params_new= {'a1': 1.8475208614068024, 'a2': 1.8257418583505536, 'a3': 5.370077047636103} logZ_new= nan obs_new= 1.2001926460187989e-32
params_max= {'a1': 1.8475208614068024, 'a2': 1.8257418583505536, 'a3': 5.370077047740229} logZ_max= 3.6310819268818593 obs_max= 6.423648832225046e-34
dist_min= tensor(61377.0014) dist_max= tensor(18.8885)
params_min,params_max=params_min,params_new
evaluating model at params_new={'a1': 1.8475208614068024, 'a2': 1.8257418583505536, 'a3': 5.370077047584041}
params_min= {'a1': 1.8475208614068024, 'a2': 1.8257418583505536, 'a3': 5.370077047531979} logZ_min= 3.6309640820236964 obs_min= 2.4093264132271094e-32
params_new= {'a1': 1.8475208614068024, 'a2': 1.8257418583505536, 'a3': 5.370077047584041} logZ_new= nan obs_new= 2.101310456596417e-33
params_max= {'a1': 1.8475208614068024, 'a2': 1.8257418583505536, 'a3': 5.370077047636103} logZ_max= nan obs_max= 1.2001926460187989e-32
dist_min= tensor(154512.4875) dist_max= tensor(141792.5063)
params_min,params_max=params_min,params_new
evaluating model at params_new={'a1': 1.8475208614068024, 'a2': 1.8257418583505536, 'a3': 5.370077047558009}
params_min= {'a1': 1.8475208614068024, 'a2': 1.8257418583505536, 'a3': 5.370077047531979} logZ_min= 3.6309640820236964 obs_min= 2.4093264132271094e-32
params_new= {'a1': 1.8475208614068024, 'a2': 1.8257418583505536, 'a3': 5.370077047558009} logZ_new= nan obs_new= 7.372894560871567e-32
params_max= {'a1': 1.8475208614068024, 'a2': 1.8257418583505536, 'a3': 5.370077047584041} logZ_max= nan obs_max= 2.101310456596417e-33
dist_min= tensor(61376.9945) dist_max= tensor(141797.4102)
params_min,params_max=params_new,params_max
evaluating model at params_new={'a1': 1.8475208614068024, 'a2': 1.8257418583505536, 'a3': 5.370077047571025}
params_min= {'a1': 1.8475208614068024, 'a2': 1.8257418583505536, 'a3': 5.370077047558009} logZ_min= nan obs_min= 7.372894560871567e-32
params_new= {'a1': 1.8475208614068024, 'a2': 1.8257418583505536, 'a3': 5.370077047571025} logZ_new= 3.6311204599786224 obs_new= 2.1032820335257888e-36
params_max= {'a1': 1.8475208614068024, 'a2': 1.8257418583505536, 'a3': 5.370077047584041} logZ_max= nan obs_max= 2.101310456596417e-33
dist_min= tensor(9.1353) dist_max= tensor(141798.8266)
params_min,params_max=params_new,params_max
evaluating model at params_new={'a1': 1.8475208614068024, 'a2': 1.8257418583505536, 'a3': 5.370077047577533}
params_min= {'a1': 1.8475208614068024, 'a2': 1.8257418583505536, 'a3': 5.370077047571025} logZ_min= 3.6311204599786224 obs_min= 2.1032820335257888e-36
params_new= {'a1': 1.8475208614068024, 'a2': 1.8257418583505536, 'a3': 5.370077047577533} logZ_new= nan obs_new= 6.0301794663445054e-33
params_max= {'a1': 1.8475208614068024, 'a2': 1.8257418583505536, 'a3': 5.370077047584041} logZ_max= nan obs_max= 2.101310456596417e-33
dist_min= tensor(17.1638) dist_max= tensor(141799.0064)
params_min,params_max=params_new,params_max
evaluating model at params_new={'a1': 1.8475208614068024, 'a2': 1.8257418583505536, 'a3': 5.3700770475807875}
params_min= {'a1': 1.8475208614068024, 'a2': 1.8257418583505536, 'a3': 5.370077047577533} logZ_min= nan obs_min= 6.0301794663445054e-33
params_new= {'a1': 1.8475208614068024, 'a2': 1.8257418583505536, 'a3': 5.3700770475807875} logZ_new= 3.63106217435503 obs_new= 2.3505516397445253e-32
params_max= {'a1': 1.8475208614068024, 'a2': 1.8257418583505536, 'a3': 5.370077047584041} logZ_max= nan obs_max= 2.101310456596417e-33
dist_min= tensor(15.8478) dist_max= tensor(141798.9635)
params_min,params_max=params_new,params_max
evaluating model at params_new={'a1': 1.8475208614068024, 'a2': 1.8257418583505536, 'a3': 5.370077047582415}
params_min= {'a1': 1.8475208614068024, 'a2': 1.8257418583505536, 'a3': 5.3700770475807875} logZ_min= 3.63106217435503 obs_min= 2.3505516397445253e-32
params_new= {'a1': 1.8475208614068024, 'a2': 1.8257418583505536, 'a3': 5.370077047582415} logZ_new= nan obs_new= 2.249154635864185e-33
params_max= {'a1': 1.8475208614068024, 'a2': 1.8257418583505536, 'a3': 5.370077047584041} logZ_max= nan obs_max= 2.101310456596417e-33
dist_min= tensor(168.4533) dist_max= tensor(141799.1576)
params_min,params_max=params_new,params_max
evaluating model at params_new={'a1': 1.8475208614068024, 'a2': 1.8257418583505536, 'a3': 5.370077047583228}
params_min= {'a1': 1.8475208614068024, 'a2': 1.8257418583505536, 'a3': 5.370077047582415} logZ_min= nan obs_min= 2.249154635864185e-33
params_new= {'a1': 1.8475208614068024, 'a2': 1.8257418583505536, 'a3': 5.370077047583228} logZ_new= 3.631089772980313 obs_new= 2.115047050205919e-31
params_max= {'a1': 1.8475208614068024, 'a2': 1.8257418583505536, 'a3': 5.370077047584041} logZ_max= nan obs_max= 2.101310456596417e-33
dist_min= tensor(171.4510) dist_max= tensor(141798.8259)
params_min,params_max=params_new,params_max
evaluating model at params_new={'a1': 1.8475208614068024, 'a2': 1.8257418583505536, 'a3': 5.370077047583635}
params_min= {'a1': 1.8475208614068024, 'a2': 1.8257418583505536, 'a3': 5.370077047583228} logZ_min= 3.631089772980313 obs_min= 2.115047050205919e-31
params_new= {'a1': 1.8475208614068024, 'a2': 1.8257418583505536, 'a3': 5.370077047583635} logZ_new= nan obs_new= 1.060378280919598e-34
params_max= {'a1': 1.8475208614068024, 'a2': 1.8257418583505536, 'a3': 5.370077047584041} logZ_max= nan obs_max= 2.101310456596417e-33
dist_min= tensor(1.2863) dist_max= tensor(141798.8266)
params_min,params_max=params_new,params_max
evaluating model at params_new={'a1': 1.8475208614068024, 'a2': 1.8257418583505536, 'a3': 5.3700770475838375}
params_min= {'a1': 1.8475208614068024, 'a2': 1.8257418583505536, 'a3': 5.370077047583635} logZ_min= nan obs_min= 1.060378280919598e-34
params_new= {'a1': 1.8475208614068024, 'a2': 1.8257418583505536, 'a3': 5.3700770475838375} logZ_new= nan obs_new= 2.2456695705283197e-31
params_max= {'a1': 1.8475208614068024, 'a2': 1.8257418583505536, 'a3': 5.370077047584041} logZ_max= nan obs_max= 2.101310456596417e-33
dist_min= tensor(162.6078) dist_max= tensor(141792.5020)
params_min,params_max=params_new,params_max
evaluating model at params_new={'a1': 1.8475208614068024, 'a2': 1.8257418583505536, 'a3': 5.370077047583939}
params_min= {'a1': 1.8475208614068024, 'a2': 1.8257418583505536, 'a3': 5.3700770475838375} logZ_min= nan obs_min= 2.2456695705283197e-31
params_new= {'a1': 1.8475208614068024, 'a2': 1.8257418583505536, 'a3': 5.370077047583939} logZ_new= 3.631103700874465 obs_new= 2.4884415286504835e-31
params_max= {'a1': 1.8475208614068024, 'a2': 1.8257418583505536, 'a3': 5.370077047584041} logZ_max= nan obs_max= 2.101310456596417e-33
dist_min= tensor(385.6931) dist_max= tensor(141461.3041)
params_min,params_max=params_new,params_max
evaluating model at params_new={'a1': 1.8475208614068024, 'a2': 1.8257418583505536, 'a3': 5.37007704758399}
params_min= {'a1': 1.8475208614068024, 'a2': 1.8257418583505536, 'a3': 5.370077047583939} logZ_min= 3.631103700874465 obs_min= 2.4884415286504835e-31
params_new= {'a1': 1.8475208614068024, 'a2': 1.8257418583505536, 'a3': 5.37007704758399} logZ_new= 3.631120868132354 obs_new= 1.708511121544945e-33
params_max= {'a1': 1.8475208614068024, 'a2': 1.8257418583505536, 'a3': 5.370077047584041} logZ_max= nan obs_max= 2.101310456596417e-33
dist_min= tensor(355.7695) dist_max= tensor(141798.8266)
params_min,params_max=params_new,params_max
evaluating model at params_new={'a1': 1.8475208614068024, 'a2': 1.8257418583505536, 'a3': 5.370077047584015}
params_min= {'a1': 1.8475208614068024, 'a2': 1.8257418583505536, 'a3': 5.37007704758399} logZ_min= 3.631120868132354 obs_min= 1.708511121544945e-33
params_new= {'a1': 1.8475208614068024, 'a2': 1.8257418583505536, 'a3': 5.370077047584015} logZ_new= 3.6310291520058255 obs_new= 9.74032173393804e-32
params_max= {'a1': 1.8475208614068024, 'a2': 1.8257418583505536, 'a3': 5.370077047584041} logZ_max= nan obs_max= 2.101310456596417e-33
dist_min= tensor(50.7251) dist_max= tensor(141799.0045)
params_min,params_max=params_new,params_max
evaluating model at params_new={'a1': 1.8475208614068024, 'a2': 1.8257418583505536, 'a3': 5.370077047584028}
params_min= {'a1': 1.8475208614068024, 'a2': 1.8257418583505536, 'a3': 5.370077047584015} logZ_min= 3.6310291520058255 obs_min= 9.74032173393804e-32
params_new= {'a1': 1.8475208614068024, 'a2': 1.8257418583505536, 'a3': 5.370077047584028} logZ_new= 3.6311326764242633 obs_new= 8.319610751231482e-33
params_max= {'a1': 1.8475208614068024, 'a2': 1.8257418583505536, 'a3': 5.370077047584041} logZ_max= nan obs_max= 2.101310456596417e-33
dist_min= tensor(50.1249) dist_max= tensor(141798.8251)
params_min,params_max=params_new,params_max
evaluating model at params_new={'a1': 1.8475208614068024, 'a2': 1.8257418583505536, 'a3': 5.370077047584035}
params_min= {'a1': 1.8475208614068024, 'a2': 1.8257418583505536, 'a3': 5.370077047584028} logZ_min= 3.6311326764242633 obs_min= 8.319610751231482e-33
params_new= {'a1': 1.8475208614068024, 'a2': 1.8257418583505536, 'a3': 5.370077047584035} logZ_new= 3.630925823114892 obs_new= 1.890375971633827e-33
params_max= {'a1': 1.8475208614068024, 'a2': 1.8257418583505536, 'a3': 5.370077047584041} logZ_max= nan obs_max= 2.101310456596417e-33
dist_min= tensor(2002.2136) dist_max= tensor(141813.1277)
params_min,params_max=params_new,params_max
evaluating model at params_new={'a1': 1.8475208614068024, 'a2': 1.8257418583505536, 'a3': 5.370077047584038}
params_min= {'a1': 1.8475208614068024, 'a2': 1.8257418583505536, 'a3': 5.370077047584035} logZ_min= 3.630925823114892 obs_min= 1.890375971633827e-33
params_new= {'a1': 1.8475208614068024, 'a2': 1.8257418583505536, 'a3': 5.370077047584038} logZ_new= 3.630671942501033 obs_new= 7.293926714672139e-33
params_max= {'a1': 1.8475208614068024, 'a2': 1.8257418583505536, 'a3': 5.370077047584041} logZ_max= nan obs_max= 2.101310456596417e-33
dist_min= tensor(2002.0540) dist_max= tensor(141798.8168)
params_min,params_max=params_new,params_max
evaluating model at params_new={'a1': 1.8475208614068024, 'a2': 1.8257418583505536, 'a3': 5.37007704758404}
params_min= {'a1': 1.8475208614068024, 'a2': 1.8257418583505536, 'a3': 5.370077047584038} logZ_min= 3.630671942501033 obs_min= 7.293926714672139e-33
params_new= {'a1': 1.8475208614068024, 'a2': 1.8257418583505536, 'a3': 5.37007704758404} logZ_new= 3.630793722814634 obs_new= 1.1318938155627942e-33
params_max= {'a1': 1.8475208614068024, 'a2': 1.8257418583505536, 'a3': 5.370077047584041} logZ_max= nan obs_max= 2.101310456596417e-33
dist_min= tensor(1.6372) dist_max= tensor(141798.8266)
params_min,params_max=params_new,params_max
critical params found:  {'a1': 1.8475208614068024, 'a2': 1.8257418583505536, 'a3': 5.37007704758404}
reference params:  {'a1': 1.1547005383792515, 'a2': 1.8257418583505538, 'a3': 4.47213595499958}
file saved to  data/AKLT3D_X10_scan_grid_critical_a3/a1_1.8475209_a2_1.8257419/Tc.json
