Start running find_critical_temp.py with options:{'filename': 'data/AKLT3D_X10_scan_grid_critical_a3/a1_0.9237604_a2_1.4605935/Tc.json', 'log_filename': 'data/AKLT3D_X10_scan_grid_critical_a3/a1_0.9237604_a2_1.4605935/Tc.log', 'nLayers': 60, 'max_dim': 10, 'model': 'AKLT3D', 'params_min': "{'a1': 0.9237604307034012, 'a2': 1.460593486680443, 'a3': 3.577708763999664}", 'params_max': "{'a1': 0.9237604307034012, 'a2': 1.460593486680443, 'a3': 4.47213595499958}", 'params_ref': None, 'observable_name': 'magnetizationZ', 'tol': 0.0, 'gilt_enabled': False, 'gilt_eps': 8e-07, 'gilt_nIter': 1, 'mcf_enabled': True, 'mcf_eps': 1e-16, 'mcf_max_iter': 200, 'hotrg_sanity_check': False, 'version': 1, 'device': 'cuda:1'}
loading library...
evaluating model at params_min={'a1': 0.9237604307034012, 'a2': 1.460593486680443, 'a3': 3.577708763999664}
params_min= {'a1': 0.9237604307034012, 'a2': 1.460593486680443, 'a3': 3.577708763999664} logZ_min= 2.780726114922197 obs_min= 2.138028783148238e-31
evaluating model at params_max={'a1': 0.9237604307034012, 'a2': 1.460593486680443, 'a3': 4.47213595499958}
params_max= {'a1': 0.9237604307034012, 'a2': 1.460593486680443, 'a3': 4.47213595499958} logZ_max= 3.0366874238820416 obs_max= 8.206630867918323
searching for critical temperature using bisection method
evaluating model at params_new={'a1': 0.9237604307034012, 'a2': 1.460593486680443, 'a3': 4.024922359499621}
params_min= {'a1': 0.9237604307034012, 'a2': 1.460593486680443, 'a3': 3.577708763999664} logZ_min= 2.780726114922197 obs_min= 2.138028783148238e-31
params_new= {'a1': 0.9237604307034012, 'a2': 1.460593486680443, 'a3': 4.024922359499621} logZ_new= 2.848368771852805 obs_new= 7.499365478460341
params_max= {'a1': 0.9237604307034012, 'a2': 1.460593486680443, 'a3': 4.47213595499958} logZ_max= 3.0366874238820416 obs_max= 8.206630867918323
dist_min= tensor(8.8266) dist_max= tensor(11.8196)
params_min,params_max=params_new,params_max
evaluating model at params_new={'a1': 0.9237604307034012, 'a2': 1.460593486680443, 'a3': 4.2485291572496005}
params_min= {'a1': 0.9237604307034012, 'a2': 1.460593486680443, 'a3': 4.024922359499621} logZ_min= 2.848368771852805 obs_min= 7.499365478460341
params_new= {'a1': 0.9237604307034012, 'a2': 1.460593486680443, 'a3': 4.2485291572496005} logZ_new= 2.944036652158051 obs_new= 7.899846989841111
params_max= {'a1': 0.9237604307034012, 'a2': 1.460593486680443, 'a3': 4.47213595499958} logZ_max= 3.0366874238820416 obs_max= 8.206630867918323
dist_min= tensor(4.3599) dist_max= tensor(7.6405)
params_min,params_max=params_new,params_max
evaluating model at params_new={'a1': 0.9237604307034012, 'a2': 1.460593486680443, 'a3': 4.36033255612459}
params_min= {'a1': 0.9237604307034012, 'a2': 1.460593486680443, 'a3': 4.2485291572496005} logZ_min= 2.944036652158051 obs_min= 7.899846989841111
params_new= {'a1': 0.9237604307034012, 'a2': 1.460593486680443, 'a3': 4.36033255612459} logZ_new= 2.9907121212913017 obs_new= 8.072590191776165
params_max= {'a1': 0.9237604307034012, 'a2': 1.460593486680443, 'a3': 4.47213595499958} logZ_max= 3.0366874238820416 obs_max= 8.206630867918323
dist_min= tensor(3.6019) dist_max= tensor(4.1323)
params_min,params_max=params_new,params_max
evaluating model at params_new={'a1': 0.9237604307034012, 'a2': 1.460593486680443, 'a3': 4.416234255562085}
params_min= {'a1': 0.9237604307034012, 'a2': 1.460593486680443, 'a3': 4.36033255612459} logZ_min= 2.9907121212913017 obs_min= 8.072590191776165
params_new= {'a1': 0.9237604307034012, 'a2': 1.460593486680443, 'a3': 4.416234255562085} logZ_new= 3.013784810544014 obs_new= 8.143495428128306
params_max= {'a1': 0.9237604307034012, 'a2': 1.460593486680443, 'a3': 4.47213595499958} logZ_max= 3.0366874238820416 obs_max= 8.206630867918323
dist_min= tensor(2.1974) dist_max= tensor(2.3706)
params_min,params_max=params_new,params_max
evaluating model at params_new={'a1': 0.9237604307034012, 'a2': 1.460593486680443, 'a3': 4.444185105280832}
params_min= {'a1': 0.9237604307034012, 'a2': 1.460593486680443, 'a3': 4.416234255562085} logZ_min= 3.013784810544014 obs_min= 8.143495428128306
params_new= {'a1': 0.9237604307034012, 'a2': 1.460593486680443, 'a3': 4.444185105280832} logZ_new= 3.0252574084434576 obs_new= 8.175955657703618
params_max= {'a1': 0.9237604307034012, 'a2': 1.460593486680443, 'a3': 4.47213595499958} logZ_max= 3.0366874238820416 obs_max= 8.206630867918323
dist_min= tensor(1.4476) dist_max= tensor(1.1021)
params_min,params_max=params_min,params_new
evaluating model at params_new={'a1': 0.9237604307034012, 'a2': 1.460593486680443, 'a3': 4.430209680421458}
params_min= {'a1': 0.9237604307034012, 'a2': 1.460593486680443, 'a3': 4.416234255562085} logZ_min= 3.013784810544014 obs_min= 8.143495428128306
params_new= {'a1': 0.9237604307034012, 'a2': 1.460593486680443, 'a3': 4.430209680421458} logZ_new= 3.019526419622344 obs_new= 8.15995823931516
params_max= {'a1': 0.9237604307034012, 'a2': 1.460593486680443, 'a3': 4.444185105280832} logZ_max= 3.0252574084434576 obs_max= 8.175955657703618
dist_min= tensor(0.5313) dist_max= tensor(1.0750)
params_min,params_max=params_new,params_max
evaluating model at params_new={'a1': 0.9237604307034012, 'a2': 1.460593486680443, 'a3': 4.437197392851145}
params_min= {'a1': 0.9237604307034012, 'a2': 1.460593486680443, 'a3': 4.430209680421458} logZ_min= 3.019526419622344 obs_min= 8.15995823931516
params_new= {'a1': 0.9237604307034012, 'a2': 1.460593486680443, 'a3': 4.437197392851145} logZ_new= 3.022393083253862 obs_new= 8.168177494823164
params_max= {'a1': 0.9237604307034012, 'a2': 1.460593486680443, 'a3': 4.444185105280832} logZ_max= 3.0252574084434576 obs_max= 8.175955657703618
dist_min= tensor(0.4867) dist_max= tensor(0.6906)
params_min,params_max=params_new,params_max
evaluating model at params_new={'a1': 0.9237604307034012, 'a2': 1.460593486680443, 'a3': 4.440691249065988}
params_min= {'a1': 0.9237604307034012, 'a2': 1.460593486680443, 'a3': 4.437197392851145} logZ_min= 3.022393083253862 obs_min= 8.168177494823164
params_new= {'a1': 0.9237604307034012, 'a2': 1.460593486680443, 'a3': 4.440691249065988} logZ_new= 3.0238254022678377 obs_new= 8.172062121248805
params_max= {'a1': 0.9237604307034012, 'a2': 1.460593486680443, 'a3': 4.444185105280832} logZ_max= 3.0252574084434576 obs_max= 8.175955657703618
dist_min= tensor(1.2668) dist_max= tensor(0.8573)
params_min,params_max=params_min,params_new
evaluating model at params_new={'a1': 0.9237604307034012, 'a2': 1.460593486680443, 'a3': 4.438944320958567}
params_min= {'a1': 0.9237604307034012, 'a2': 1.460593486680443, 'a3': 4.437197392851145} logZ_min= 3.022393083253862 obs_min= 8.168177494823164
params_new= {'a1': 0.9237604307034012, 'a2': 1.460593486680443, 'a3': 4.438944320958567} logZ_new= 3.0231092419761763 obs_new= 8.170107239571163
params_max= {'a1': 0.9237604307034012, 'a2': 1.460593486680443, 'a3': 4.440691249065988} logZ_max= 3.0238254022678377 obs_max= 8.172062121248805
dist_min= tensor(0.0819) dist_max= tensor(1.2772)
params_min,params_max=params_new,params_max
evaluating model at params_new={'a1': 0.9237604307034012, 'a2': 1.460593486680443, 'a3': 4.439817785012277}
params_min= {'a1': 0.9237604307034012, 'a2': 1.460593486680443, 'a3': 4.438944320958567} logZ_min= 3.0231092419761763 obs_min= 8.170107239571163
params_new= {'a1': 0.9237604307034012, 'a2': 1.460593486680443, 'a3': 4.439817785012277} logZ_new= 3.0234672166370404 obs_new= 8.171118436299958
params_max= {'a1': 0.9237604307034012, 'a2': 1.460593486680443, 'a3': 4.440691249065988} logZ_max= 3.0238254022678377 obs_max= 8.172062121248805
dist_min= tensor(0.2581) dist_max= tensor(1.4069)
params_min,params_max=params_new,params_max
evaluating model at params_new={'a1': 0.9237604307034012, 'a2': 1.460593486680443, 'a3': 4.440254517039133}
params_min= {'a1': 0.9237604307034012, 'a2': 1.460593486680443, 'a3': 4.439817785012277} logZ_min= 3.0234672166370404 obs_min= 8.171118436299958
params_new= {'a1': 0.9237604307034012, 'a2': 1.460593486680443, 'a3': 4.440254517039133} logZ_new= 3.023646552721467 obs_new= 8.17166722233928
params_max= {'a1': 0.9237604307034012, 'a2': 1.460593486680443, 'a3': 4.440691249065988} logZ_max= 3.0238254022678377 obs_max= 8.172062121248805
dist_min= tensor(0.3679) dist_max= tensor(1.2342)
params_min,params_max=params_new,params_max
evaluating model at params_new={'a1': 0.9237604307034012, 'a2': 1.460593486680443, 'a3': 4.440472883052561}
params_min= {'a1': 0.9237604307034012, 'a2': 1.460593486680443, 'a3': 4.440254517039133} logZ_min= 3.023646552721467 obs_min= 8.17166722233928
params_new= {'a1': 0.9237604307034012, 'a2': 1.460593486680443, 'a3': 4.440472883052561} logZ_new= 3.023736136951728 obs_new= 8.171751896110267
params_max= {'a1': 0.9237604307034012, 'a2': 1.460593486680443, 'a3': 4.440691249065988} logZ_max= 3.0238254022678377 obs_max= 8.172062121248805
dist_min= tensor(1.2013) dist_max= tensor(0.0605)
params_min,params_max=params_min,params_new
evaluating model at params_new={'a1': 0.9237604307034012, 'a2': 1.460593486680443, 'a3': 4.440363700045847}
params_min= {'a1': 0.9237604307034012, 'a2': 1.460593486680443, 'a3': 4.440254517039133} logZ_min= 3.023646552721467 obs_min= 8.17166722233928
params_new= {'a1': 0.9237604307034012, 'a2': 1.460593486680443, 'a3': 4.440363700045847} logZ_new= 3.0236911176704253 obs_new= 8.171733509213572
params_max= {'a1': 0.9237604307034012, 'a2': 1.460593486680443, 'a3': 4.440472883052561} logZ_max= 3.023736136951728 obs_max= 8.171751896110267
dist_min= tensor(0.3657) dist_max= tensor(0.9852)
params_min,params_max=params_new,params_max
evaluating model at params_new={'a1': 0.9237604307034012, 'a2': 1.460593486680443, 'a3': 4.440418291549204}
params_min= {'a1': 0.9237604307034012, 'a2': 1.460593486680443, 'a3': 4.440363700045847} logZ_min= 3.0236911176704253 obs_min= 8.171733509213572
params_new= {'a1': 0.9237604307034012, 'a2': 1.460593486680443, 'a3': 4.440418291549204} logZ_new= 3.023713724139798 obs_new= 8.171857580306934
params_max= {'a1': 0.9237604307034012, 'a2': 1.460593486680443, 'a3': 4.440472883052561} logZ_max= 3.023736136951728 obs_max= 8.171751896110267
dist_min= tensor(0.4984) dist_max= tensor(1.2698)
params_min,params_max=params_new,params_max
evaluating model at params_new={'a1': 0.9237604307034012, 'a2': 1.460593486680443, 'a3': 4.440445587300882}
params_min= {'a1': 0.9237604307034012, 'a2': 1.460593486680443, 'a3': 4.440418291549204} logZ_min= 3.023713724139798 obs_min= 8.171857580306934
params_new= {'a1': 0.9237604307034012, 'a2': 1.460593486680443, 'a3': 4.440445587300882} logZ_new= 3.0237246075916584 obs_new= 8.171782943721349
params_max= {'a1': 0.9237604307034012, 'a2': 1.460593486680443, 'a3': 4.440472883052561} logZ_max= 3.023736136951728 obs_max= 8.171751896110267
dist_min= tensor(0.2675) dist_max= tensor(1.4108)
params_min,params_max=params_new,params_max
evaluating model at params_new={'a1': 0.9237604307034012, 'a2': 1.460593486680443, 'a3': 4.440459235176721}
params_min= {'a1': 0.9237604307034012, 'a2': 1.460593486680443, 'a3': 4.440445587300882} logZ_min= 3.0237246075916584 obs_min= 8.171782943721349
params_new= {'a1': 0.9237604307034012, 'a2': 1.460593486680443, 'a3': 4.440459235176721} logZ_new= 3.0237298928201324 obs_new= 8.171854420532016
params_max= {'a1': 0.9237604307034012, 'a2': 1.460593486680443, 'a3': 4.440472883052561} logZ_max= 3.023736136951728 obs_max= 8.171751896110267
dist_min= tensor(0.4768) dist_max= tensor(1.1813)
params_min,params_max=params_new,params_max
evaluating model at params_new={'a1': 0.9237604307034012, 'a2': 1.460593486680443, 'a3': 4.440466059114641}
params_min= {'a1': 0.9237604307034012, 'a2': 1.460593486680443, 'a3': 4.440459235176721} logZ_min= 3.0237298928201324 obs_min= 8.171854420532016
params_new= {'a1': 0.9237604307034012, 'a2': 1.460593486680443, 'a3': 4.440466059114641} logZ_new= 3.02373333243478 obs_new= 8.171912712271606
params_max= {'a1': 0.9237604307034012, 'a2': 1.460593486680443, 'a3': 4.440472883052561} logZ_max= 3.023736136951728 obs_max= 8.171751896110267
dist_min= tensor(1.4886) dist_max= tensor(0.5248)
params_min,params_max=params_min,params_new
evaluating model at params_new={'a1': 0.9237604307034012, 'a2': 1.460593486680443, 'a3': 4.440462647145681}
params_min= {'a1': 0.9237604307034012, 'a2': 1.460593486680443, 'a3': 4.440459235176721} logZ_min= 3.0237298928201324 obs_min= 8.171854420532016
params_new= {'a1': 0.9237604307034012, 'a2': 1.460593486680443, 'a3': 4.440462647145681} logZ_new= 3.0237315968300447 obs_new= 8.171877699523117
params_max= {'a1': 0.9237604307034012, 'a2': 1.460593486680443, 'a3': 4.440466059114641} logZ_max= 3.02373333243478 obs_max= 8.171912712271606
dist_min= tensor(0.1019) dist_max= tensor(1.5187)
params_min,params_max=params_new,params_max
evaluating model at params_new={'a1': 0.9237604307034012, 'a2': 1.460593486680443, 'a3': 4.440464353130161}
params_min= {'a1': 0.9237604307034012, 'a2': 1.460593486680443, 'a3': 4.440462647145681} logZ_min= 3.0237315968300447 obs_min= 8.171877699523117
params_new= {'a1': 0.9237604307034012, 'a2': 1.460593486680443, 'a3': 4.440464353130161} logZ_new= 3.0237326130142095 obs_new= 8.171748861346424
params_max= {'a1': 0.9237604307034012, 'a2': 1.460593486680443, 'a3': 4.440466059114641} logZ_max= 3.02373333243478 obs_max= 8.171912712271606
dist_min= tensor(0.9090) dist_max= tensor(0.9674)
params_min,params_max=params_new,params_max
evaluating model at params_new={'a1': 0.9237604307034012, 'a2': 1.460593486680443, 'a3': 4.440465206122401}
params_min= {'a1': 0.9237604307034012, 'a2': 1.460593486680443, 'a3': 4.440464353130161} logZ_min= 3.0237326130142095 obs_min= 8.171748861346424
params_new= {'a1': 0.9237604307034012, 'a2': 1.460593486680443, 'a3': 4.440465206122401} logZ_new= 3.0237328367954626 obs_new= 8.171758201572988
params_max= {'a1': 0.9237604307034012, 'a2': 1.460593486680443, 'a3': 4.440466059114641} logZ_max= 3.02373333243478 obs_max= 8.171912712271606
dist_min= tensor(0.8140) dist_max= tensor(1.4619)
params_min,params_max=params_new,params_max
evaluating model at params_new={'a1': 0.9237604307034012, 'a2': 1.460593486680443, 'a3': 4.440465632618521}
params_min= {'a1': 0.9237604307034012, 'a2': 1.460593486680443, 'a3': 4.440465206122401} logZ_min= 3.0237328367954626 obs_min= 8.171758201572988
params_new= {'a1': 0.9237604307034012, 'a2': 1.460593486680443, 'a3': 4.440465632618521} logZ_new= 3.023733161476916 obs_new= 8.171912771845458
params_max= {'a1': 0.9237604307034012, 'a2': 1.460593486680443, 'a3': 4.440466059114641} logZ_max= 3.02373333243478 obs_max= 8.171912712271606
dist_min= tensor(1.0463) dist_max= tensor(0.8022)
params_min,params_max=params_min,params_new
evaluating model at params_new={'a1': 0.9237604307034012, 'a2': 1.460593486680443, 'a3': 4.440465419370461}
params_min= {'a1': 0.9237604307034012, 'a2': 1.460593486680443, 'a3': 4.440465206122401} logZ_min= 3.0237328367954626 obs_min= 8.171758201572988
params_new= {'a1': 0.9237604307034012, 'a2': 1.460593486680443, 'a3': 4.440465419370461} logZ_new= 3.0237330851820388 obs_new= 8.171742732881741
params_max= {'a1': 0.9237604307034012, 'a2': 1.460593486680443, 'a3': 4.440465632618521} logZ_max= 3.023733161476916 obs_max= 8.171912771845458
dist_min= tensor(0.3604) dist_max= tensor(0.8253)
params_min,params_max=params_new,params_max
evaluating model at params_new={'a1': 0.9237604307034012, 'a2': 1.460593486680443, 'a3': 4.44046552599449}
params_min= {'a1': 0.9237604307034012, 'a2': 1.460593486680443, 'a3': 4.440465419370461} logZ_min= 3.0237330851820388 obs_min= 8.171742732881741
params_new= {'a1': 0.9237604307034012, 'a2': 1.460593486680443, 'a3': 4.44046552599449} logZ_new= 3.023733114019432 obs_new= 8.17174417889216
params_max= {'a1': 0.9237604307034012, 'a2': 1.460593486680443, 'a3': 4.440465632618521} logZ_max= 3.023733161476916 obs_max= 8.171912771845458
dist_min= tensor(0.5770) dist_max= tensor(0.2998)
params_min,params_max=params_min,params_new
evaluating model at params_new={'a1': 0.9237604307034012, 'a2': 1.460593486680443, 'a3': 4.440465472682476}
params_min= {'a1': 0.9237604307034012, 'a2': 1.460593486680443, 'a3': 4.440465419370461} logZ_min= 3.0237330851820388 obs_min= 8.171742732881741
params_new= {'a1': 0.9237604307034012, 'a2': 1.460593486680443, 'a3': 4.440465472682476} logZ_new= 3.023733087266102 obs_new= 8.171911236257781
params_max= {'a1': 0.9237604307034012, 'a2': 1.460593486680443, 'a3': 4.44046552599449} logZ_max= 3.023733114019432 obs_max= 8.17174417889216
dist_min= tensor(0.6357) dist_max= tensor(0.0706)
params_min,params_max=params_min,params_new
evaluating model at params_new={'a1': 0.9237604307034012, 'a2': 1.460593486680443, 'a3': 4.440465446026469}
params_min= {'a1': 0.9237604307034012, 'a2': 1.460593486680443, 'a3': 4.440465419370461} logZ_min= 3.0237330851820388 obs_min= 8.171742732881741
params_new= {'a1': 0.9237604307034012, 'a2': 1.460593486680443, 'a3': 4.440465446026469} logZ_new= 3.023732971060947 obs_new= 8.171895141542516
params_max= {'a1': 0.9237604307034012, 'a2': 1.460593486680443, 'a3': 4.440465472682476} logZ_max= 3.023733087266102 obs_max= 8.171911236257781
dist_min= tensor(1.0857) dist_max= tensor(1.4222)
params_min,params_max=params_new,params_max
evaluating model at params_new={'a1': 0.9237604307034012, 'a2': 1.460593486680443, 'a3': 4.440465459354472}
params_min= {'a1': 0.9237604307034012, 'a2': 1.460593486680443, 'a3': 4.440465446026469} logZ_min= 3.023732971060947 obs_min= 8.171895141542516
params_new= {'a1': 0.9237604307034012, 'a2': 1.460593486680443, 'a3': 4.440465459354472} logZ_new= 3.023733064354661 obs_new= 8.171746393217376
params_max= {'a1': 0.9237604307034012, 'a2': 1.460593486680443, 'a3': 4.440465472682476} logZ_max= 3.023733087266102 obs_max= 8.171911236257781
dist_min= tensor(1.4803) dist_max= tensor(0.1182)
params_min,params_max=params_min,params_new
evaluating model at params_new={'a1': 0.9237604307034012, 'a2': 1.460593486680443, 'a3': 4.4404654526904705}
params_min= {'a1': 0.9237604307034012, 'a2': 1.460593486680443, 'a3': 4.440465446026469} logZ_min= 3.023732971060947 obs_min= 8.171895141542516
params_new= {'a1': 0.9237604307034012, 'a2': 1.460593486680443, 'a3': 4.4404654526904705} logZ_new= 3.023732579134661 obs_new= 8.171802446882774
params_max= {'a1': 0.9237604307034012, 'a2': 1.460593486680443, 'a3': 4.440465459354472} logZ_max= 3.023733064354661 obs_max= 8.171746393217376
dist_min= tensor(0.4920) dist_max= tensor(1.2428)
params_min,params_max=params_new,params_max
evaluating model at params_new={'a1': 0.9237604307034012, 'a2': 1.460593486680443, 'a3': 4.440465456022471}
params_min= {'a1': 0.9237604307034012, 'a2': 1.460593486680443, 'a3': 4.4404654526904705} logZ_min= 3.023732579134661 obs_min= 8.171802446882774
params_new= {'a1': 0.9237604307034012, 'a2': 1.460593486680443, 'a3': 4.440465456022471} logZ_new= 3.023733072797422 obs_new= 8.171911895837637
params_max= {'a1': 0.9237604307034012, 'a2': 1.460593486680443, 'a3': 4.440465459354472} logZ_max= 3.023733064354661 obs_max= 8.171746393217376
dist_min= tensor(0.7136) dist_max= tensor(1.5745)
params_min,params_max=params_new,params_max
evaluating model at params_new={'a1': 0.9237604307034012, 'a2': 1.460593486680443, 'a3': 4.440465457688472}
params_min= {'a1': 0.9237604307034012, 'a2': 1.460593486680443, 'a3': 4.440465456022471} logZ_min= 3.023733072797422 obs_min= 8.171911895837637
params_new= {'a1': 0.9237604307034012, 'a2': 1.460593486680443, 'a3': 4.440465457688472} logZ_new= 3.0237331121916267 obs_new= 8.171741658610364
params_max= {'a1': 0.9237604307034012, 'a2': 1.460593486680443, 'a3': 4.440465459354472} logZ_max= 3.023733064354661 obs_max= 8.171746393217376
dist_min= tensor(0.9584) dist_max= tensor(1.0411)
params_min,params_max=params_new,params_max
evaluating model at params_new={'a1': 0.9237604307034012, 'a2': 1.460593486680443, 'a3': 4.440465458521472}
params_min= {'a1': 0.9237604307034012, 'a2': 1.460593486680443, 'a3': 4.440465457688472} logZ_min= 3.0237331121916267 obs_min= 8.171741658610364
params_new= {'a1': 0.9237604307034012, 'a2': 1.460593486680443, 'a3': 4.440465458521472} logZ_new= 3.023733055424558 obs_new= 8.171751434214706
params_max= {'a1': 0.9237604307034012, 'a2': 1.460593486680443, 'a3': 4.440465459354472} logZ_max= 3.023733064354661 obs_max= 8.171746393217376
dist_min= tensor(0.0298) dist_max= tensor(1.0306)
params_min,params_max=params_new,params_max
evaluating model at params_new={'a1': 0.9237604307034012, 'a2': 1.460593486680443, 'a3': 4.440465458937972}
params_min= {'a1': 0.9237604307034012, 'a2': 1.460593486680443, 'a3': 4.440465458521472} logZ_min= 3.023733055424558 obs_min= 8.171751434214706
params_new= {'a1': 0.9237604307034012, 'a2': 1.460593486680443, 'a3': 4.440465458937972} logZ_new= 3.02373303013025 obs_new= 8.171909298952059
params_max= {'a1': 0.9237604307034012, 'a2': 1.460593486680443, 'a3': 4.440465459354472} logZ_max= 3.023733064354661 obs_max= 8.171746393217376
dist_min= tensor(0.6222) dist_max= tensor(0.5363)
params_min,params_max=params_min,params_new
evaluating model at params_new={'a1': 0.9237604307034012, 'a2': 1.460593486680443, 'a3': 4.440465458729722}
params_min= {'a1': 0.9237604307034012, 'a2': 1.460593486680443, 'a3': 4.440465458521472} logZ_min= 3.023733055424558 obs_min= 8.171751434214706
params_new= {'a1': 0.9237604307034012, 'a2': 1.460593486680443, 'a3': 4.440465458729722} logZ_new= 3.023732670022317 obs_new= 8.171880889309328
params_max= {'a1': 0.9237604307034012, 'a2': 1.460593486680443, 'a3': 4.440465458937972} logZ_max= 3.02373303013025 obs_max= 8.171909298952059
dist_min= tensor(0.6745) dist_max= tensor(1.1237)
params_min,params_max=params_new,params_max
evaluating model at params_new={'a1': 0.9237604307034012, 'a2': 1.460593486680443, 'a3': 4.440465458833847}
params_min= {'a1': 0.9237604307034012, 'a2': 1.460593486680443, 'a3': 4.440465458729722} logZ_min= 3.023732670022317 obs_min= 8.171880889309328
params_new= {'a1': 0.9237604307034012, 'a2': 1.460593486680443, 'a3': 4.440465458833847} logZ_new= 3.023733053293884 obs_new= 8.171747373948543
params_max= {'a1': 0.9237604307034012, 'a2': 1.460593486680443, 'a3': 4.440465458937972} logZ_max= 3.02373303013025 obs_max= 8.171909298952059
dist_min= tensor(1.0679) dist_max= tensor(0.0922)
params_min,params_max=params_min,params_new
evaluating model at params_new={'a1': 0.9237604307034012, 'a2': 1.460593486680443, 'a3': 4.440465458781785}
params_min= {'a1': 0.9237604307034012, 'a2': 1.460593486680443, 'a3': 4.440465458729722} logZ_min= 3.023732670022317 obs_min= 8.171880889309328
params_new= {'a1': 0.9237604307034012, 'a2': 1.460593486680443, 'a3': 4.440465458781785} logZ_new= 3.0237328909220795 obs_new= 8.171780524799114
params_max= {'a1': 0.9237604307034012, 'a2': 1.460593486680443, 'a3': 4.440465458833847} logZ_max= 3.023733053293884 obs_max= 8.171747373948543
dist_min= tensor(1.7386) dist_max= tensor(1.1249)
params_min,params_max=params_min,params_new
evaluating model at params_new={'a1': 0.9237604307034012, 'a2': 1.460593486680443, 'a3': 4.440465458755753}
params_min= {'a1': 0.9237604307034012, 'a2': 1.460593486680443, 'a3': 4.440465458729722} logZ_min= 3.023732670022317 obs_min= 8.171880889309328
params_new= {'a1': 0.9237604307034012, 'a2': 1.460593486680443, 'a3': 4.440465458755753} logZ_new= 3.0237330840672314 obs_new= 8.171911997595835
params_max= {'a1': 0.9237604307034012, 'a2': 1.460593486680443, 'a3': 4.440465458781785} logZ_max= 3.0237328909220795 obs_max= 8.171780524799114
dist_min= tensor(1.7417) dist_max= tensor(0.0136)
params_min,params_max=params_min,params_new
evaluating model at params_new={'a1': 0.9237604307034012, 'a2': 1.460593486680443, 'a3': 4.440465458742738}
params_min= {'a1': 0.9237604307034012, 'a2': 1.460593486680443, 'a3': 4.440465458729722} logZ_min= 3.023732670022317 obs_min= 8.171880889309328
params_new= {'a1': 0.9237604307034012, 'a2': 1.460593486680443, 'a3': 4.440465458742738} logZ_new= 3.0237328656982823 obs_new= 8.171900588225396
params_max= {'a1': 0.9237604307034012, 'a2': 1.460593486680443, 'a3': 4.440465458755753} logZ_max= 3.0237330840672314 obs_max= 8.171911997595835
dist_min= tensor(0.1317) dist_max= tensor(1.7728)
params_min,params_max=params_new,params_max
evaluating model at params_new={'a1': 0.9237604307034012, 'a2': 1.460593486680443, 'a3': 4.440465458749245}
params_min= {'a1': 0.9237604307034012, 'a2': 1.460593486680443, 'a3': 4.440465458742738} logZ_min= 3.0237328656982823 obs_min= 8.171900588225396
params_new= {'a1': 0.9237604307034012, 'a2': 1.460593486680443, 'a3': 4.440465458749245} logZ_new= 3.0237330822624546 obs_new= 8.171746874154033
params_max= {'a1': 0.9237604307034012, 'a2': 1.460593486680443, 'a3': 4.440465458755753} logZ_max= 3.0237330840672314 obs_max= 8.171911997595835
dist_min= tensor(1.3923) dist_max= tensor(0.7995)
params_min,params_max=params_min,params_new
evaluating model at params_new={'a1': 0.9237604307034012, 'a2': 1.460593486680443, 'a3': 4.440465458745992}
params_min= {'a1': 0.9237604307034012, 'a2': 1.460593486680443, 'a3': 4.440465458742738} logZ_min= 3.0237328656982823 obs_min= 8.171900588225396
params_new= {'a1': 0.9237604307034012, 'a2': 1.460593486680443, 'a3': 4.440465458745992} logZ_new= 3.023732973849494 obs_new= 8.171769128816456
params_max= {'a1': 0.9237604307034012, 'a2': 1.460593486680443, 'a3': 4.440465458749245} logZ_max= 3.0237330822624546 obs_max= 8.171746874154033
dist_min= tensor(0.3561) dist_max= tensor(1.2003)
params_min,params_max=params_new,params_max
evaluating model at params_new={'a1': 0.9237604307034012, 'a2': 1.460593486680443, 'a3': 4.440465458747619}
params_min= {'a1': 0.9237604307034012, 'a2': 1.460593486680443, 'a3': 4.440465458745992} logZ_min= 3.023732973849494 obs_min= 8.171769128816456
params_new= {'a1': 0.9237604307034012, 'a2': 1.460593486680443, 'a3': 4.440465458747619} logZ_new= 3.0237329139930282 obs_new= 8.171895744935508
params_max= {'a1': 0.9237604307034012, 'a2': 1.460593486680443, 'a3': 4.440465458749245} logZ_max= 3.0237330822624546 obs_max= 8.171746874154033
dist_min= tensor(0.2837) dist_max= tensor(1.3583)
params_min,params_max=params_new,params_max
evaluating model at params_new={'a1': 0.9237604307034012, 'a2': 1.460593486680443, 'a3': 4.440465458748433}
params_min= {'a1': 0.9237604307034012, 'a2': 1.460593486680443, 'a3': 4.440465458747619} logZ_min= 3.0237329139930282 obs_min= 8.171895744935508
params_new= {'a1': 0.9237604307034012, 'a2': 1.460593486680443, 'a3': 4.440465458748433} logZ_new= 3.0237330032109426 obs_new= 8.1717606150488
params_max= {'a1': 0.9237604307034012, 'a2': 1.460593486680443, 'a3': 4.440465458749245} logZ_max= 3.0237330822624546 obs_max= 8.171746874154033
dist_min= tensor(1.4857) dist_max= tensor(0.2464)
params_min,params_max=params_min,params_new
evaluating model at params_new={'a1': 0.9237604307034012, 'a2': 1.460593486680443, 'a3': 4.440465458748026}
params_min= {'a1': 0.9237604307034012, 'a2': 1.460593486680443, 'a3': 4.440465458747619} logZ_min= 3.0237329139930282 obs_min= 8.171895744935508
params_new= {'a1': 0.9237604307034012, 'a2': 1.460593486680443, 'a3': 4.440465458748026} logZ_new= 3.0237330754591585 obs_new= 8.171745856278912
params_max= {'a1': 0.9237604307034012, 'a2': 1.460593486680443, 'a3': 4.440465458748433} logZ_max= 3.0237330032109426 obs_max= 8.1717606150488
dist_min= tensor(0.1877) dist_max= tensor(1.3831)
params_min,params_max=params_new,params_max
evaluating model at params_new={'a1': 0.9237604307034012, 'a2': 1.460593486680443, 'a3': 4.440465458748229}
params_min= {'a1': 0.9237604307034012, 'a2': 1.460593486680443, 'a3': 4.440465458748026} logZ_min= 3.0237330754591585 obs_min= 8.171745856278912
params_new= {'a1': 0.9237604307034012, 'a2': 1.460593486680443, 'a3': 4.440465458748229} logZ_new= 3.023733047294718 obs_new= 8.171909905373838
params_max= {'a1': 0.9237604307034012, 'a2': 1.460593486680443, 'a3': 4.440465458748433} logZ_max= 3.0237330032109426 obs_max= 8.1717606150488
dist_min= tensor(1.1877) dist_max= tensor(0.4612)
params_min,params_max=params_min,params_new
evaluating model at params_new={'a1': 0.9237604307034012, 'a2': 1.460593486680443, 'a3': 4.440465458748127}
params_min= {'a1': 0.9237604307034012, 'a2': 1.460593486680443, 'a3': 4.440465458748026} logZ_min= 3.0237330754591585 obs_min= 8.171745856278912
params_new= {'a1': 0.9237604307034012, 'a2': 1.460593486680443, 'a3': 4.440465458748127} logZ_new= 3.023733002964579 obs_new= 8.171904974429586
params_max= {'a1': 0.9237604307034012, 'a2': 1.460593486680443, 'a3': 4.440465458748229} logZ_max= 3.023733047294718 obs_max= 8.171909905373838
dist_min= tensor(0.2947) dist_max= tensor(1.0648)
params_min,params_max=params_new,params_max
evaluating model at params_new={'a1': 0.9237604307034012, 'a2': 1.460593486680443, 'a3': 4.440465458748179}
params_min= {'a1': 0.9237604307034012, 'a2': 1.460593486680443, 'a3': 4.440465458748127} logZ_min= 3.023733002964579 obs_min= 8.171904974429586
params_new= {'a1': 0.9237604307034012, 'a2': 1.460593486680443, 'a3': 4.440465458748179} logZ_new= 3.0237330853845683 obs_new= 8.171745045985995
params_max= {'a1': 0.9237604307034012, 'a2': 1.460593486680443, 'a3': 4.440465458748229} logZ_max= 3.023733047294718 obs_max= 8.171909905373838
dist_min= tensor(0.2285) dist_max= tensor(0.9306)
params_min,params_max=params_new,params_max
evaluating model at params_new={'a1': 0.9237604307034012, 'a2': 1.460593486680443, 'a3': 4.4404654587482035}
params_min= {'a1': 0.9237604307034012, 'a2': 1.460593486680443, 'a3': 4.440465458748179} logZ_min= 3.0237330853845683 obs_min= 8.171745045985995
params_new= {'a1': 0.9237604307034012, 'a2': 1.460593486680443, 'a3': 4.4404654587482035} logZ_new= 3.023733029768145 obs_new= 8.171908024123224
params_max= {'a1': 0.9237604307034012, 'a2': 1.460593486680443, 'a3': 4.440465458748229} logZ_max= 3.023733047294718 obs_max= 8.171909905373838
dist_min= tensor(0.8798) dist_max= tensor(1.4550)
params_min,params_max=params_new,params_max
evaluating model at params_new={'a1': 0.9237604307034012, 'a2': 1.460593486680443, 'a3': 4.440465458748216}
params_min= {'a1': 0.9237604307034012, 'a2': 1.460593486680443, 'a3': 4.4404654587482035} logZ_min= 3.023733029768145 obs_min= 8.171908024123224
params_new= {'a1': 0.9237604307034012, 'a2': 1.460593486680443, 'a3': 4.440465458748216} logZ_new= 3.023733088778687 obs_new= 8.171912346778939
params_max= {'a1': 0.9237604307034012, 'a2': 1.460593486680443, 'a3': 4.440465458748229} logZ_max= 3.023733047294718 obs_max= 8.171909905373838
dist_min= tensor(0.8965) dist_max= tensor(0.9174)
params_min,params_max=params_new,params_max
evaluating model at params_new={'a1': 0.9237604307034012, 'a2': 1.460593486680443, 'a3': 4.440465458748223}
params_min= {'a1': 0.9237604307034012, 'a2': 1.460593486680443, 'a3': 4.440465458748216} logZ_min= 3.023733088778687 obs_min= 8.171912346778939
params_new= {'a1': 0.9237604307034012, 'a2': 1.460593486680443, 'a3': 4.440465458748223} logZ_new= 3.0237331110632675 obs_new= 8.171741893410296
params_max= {'a1': 0.9237604307034012, 'a2': 1.460593486680443, 'a3': 4.440465458748229} logZ_max= 3.023733047294718 obs_max= 8.171909905373838
dist_min= tensor(0.7978) dist_max= tensor(0.1514)
params_min,params_max=params_min,params_new
evaluating model at params_new={'a1': 0.9237604307034012, 'a2': 1.460593486680443, 'a3': 4.4404654587482195}
params_min= {'a1': 0.9237604307034012, 'a2': 1.460593486680443, 'a3': 4.440465458748216} logZ_min= 3.023733088778687 obs_min= 8.171912346778939
params_new= {'a1': 0.9237604307034012, 'a2': 1.460593486680443, 'a3': 4.4404654587482195} logZ_new= 3.0237330896613233 obs_new= 8.171912559954626
params_max= {'a1': 0.9237604307034012, 'a2': 1.460593486680443, 'a3': 4.440465458748223} logZ_max= 3.0237331110632675 obs_max= 8.171741893410296
dist_min= tensor(0.6490) dist_max= tensor(1.2263)
params_min,params_max=params_new,params_max
evaluating model at params_new={'a1': 0.9237604307034012, 'a2': 1.460593486680443, 'a3': 4.440465458748221}
params_min= {'a1': 0.9237604307034012, 'a2': 1.460593486680443, 'a3': 4.4404654587482195} logZ_min= 3.0237330896613233 obs_min= 8.171912559954626
params_new= {'a1': 0.9237604307034012, 'a2': 1.460593486680443, 'a3': 4.440465458748221} logZ_new= 3.0237328093909936 obs_new= 8.171893991502234
params_max= {'a1': 0.9237604307034012, 'a2': 1.460593486680443, 'a3': 4.440465458748223} logZ_max= 3.0237331110632675 obs_max= 8.171741893410296
dist_min= tensor(0.0822) dist_max= tensor(1.2571)
params_min,params_max=params_new,params_max
evaluating model at params_new={'a1': 0.9237604307034012, 'a2': 1.460593486680443, 'a3': 4.440465458748222}
params_min= {'a1': 0.9237604307034012, 'a2': 1.460593486680443, 'a3': 4.440465458748221} logZ_min= 3.0237328093909936 obs_min= 8.171893991502234
params_new= {'a1': 0.9237604307034012, 'a2': 1.460593486680443, 'a3': 4.440465458748222} logZ_new= 3.023732979061745 obs_new= 8.171754530326247
params_max= {'a1': 0.9237604307034012, 'a2': 1.460593486680443, 'a3': 4.440465458748223} logZ_max= 3.0237331110632675 obs_max= 8.171741893410296
dist_min= tensor(0.8539) dist_max= tensor(0.6899)
params_min,params_max=params_min,params_new
critical params found:  {'a1': 0.9237604307034012, 'a2': 1.460593486680443, 'a3': 4.440465458748221}
reference params:  {'a1': 1.1547005383792515, 'a2': 1.8257418583505538, 'a3': 4.47213595499958}
file saved to  data/AKLT3D_X10_scan_grid_critical_a3/a1_0.9237604_a2_1.4605935/Tc.json
