Start running find_critical_temp.py with options:{'filename': 'data/AKLT3D_X10_scan_grid_critical_a3/a1_1.1547005_a2_3.2863353/Tc.json', 'log_filename': 'data/AKLT3D_X10_scan_grid_critical_a3/a1_1.1547005_a2_3.2863353/Tc.log', 'nLayers': 60, 'max_dim': 10, 'model': 'AKLT3D', 'params_min': "{'a1': 1.1547005383792517, 'a2': 3.286335345030997, 'a3': 0.894427190999916}", 'params_max': "{'a1': 1.1547005383792517, 'a2': 3.286335345030997, 'a3': 1.788854381999832}", 'params_ref': None, 'observable_name': 'magnetizationZ', 'tol': 0.0, 'gilt_enabled': False, 'gilt_eps': 8e-07, 'gilt_nIter': 1, 'mcf_enabled': True, 'mcf_eps': 1e-16, 'mcf_max_iter': 200, 'hotrg_sanity_check': False, 'version': 1, 'device': 'cuda:1'}
loading library...
evaluating model at params_min={'a1': 1.1547005383792517, 'a2': 3.286335345030997, 'a3': 0.894427190999916}
params_min= {'a1': 1.1547005383792517, 'a2': 3.286335345030997, 'a3': 0.894427190999916} logZ_min= 3.472581174526521 obs_min= 9.451608646440055e-32
evaluating model at params_max={'a1': 1.1547005383792517, 'a2': 3.286335345030997, 'a3': 1.788854381999832}
params_max= {'a1': 1.1547005383792517, 'a2': 3.286335345030997, 'a3': 1.788854381999832} logZ_max= nan obs_max= 1.542472966313291
searching for critical temperature using bisection method
evaluating model at params_new={'a1': 1.1547005383792517, 'a2': 3.286335345030997, 'a3': 1.341640786499874}
params_min= {'a1': 1.1547005383792517, 'a2': 3.286335345030997, 'a3': 0.894427190999916} logZ_min= 3.472581174526521 obs_min= 9.451608646440055e-32
params_new= {'a1': 1.1547005383792517, 'a2': 3.286335345030997, 'a3': 1.341640786499874} logZ_new= 3.4901775881213397 obs_new= 1.2850786885474337
params_max= {'a1': 1.1547005383792517, 'a2': 3.286335345030997, 'a3': 1.788854381999832} logZ_max= nan obs_max= 1.542472966313291
dist_min= tensor(8204.5347) dist_max= tensor(3077.6695)
params_min,params_max=params_min,params_new
evaluating model at params_new={'a1': 1.1547005383792517, 'a2': 3.286335345030997, 'a3': 1.118033988749895}
params_min= {'a1': 1.1547005383792517, 'a2': 3.286335345030997, 'a3': 0.894427190999916} logZ_min= 3.472581174526521 obs_min= 9.451608646440055e-32
params_new= {'a1': 1.1547005383792517, 'a2': 3.286335345030997, 'a3': 1.118033988749895} logZ_new= 3.4888634609857934 obs_new= 1.1878225495449115
params_max= {'a1': 1.1547005383792517, 'a2': 3.286335345030997, 'a3': 1.341640786499874} logZ_max= 3.4901775881213397 obs_max= 1.2850786885474337
dist_min= tensor(10260.5169) dist_max= tensor(2055.9861)
params_min,params_max=params_min,params_new
evaluating model at params_new={'a1': 1.1547005383792517, 'a2': 3.286335345030997, 'a3': 1.0062305898749053}
params_min= {'a1': 1.1547005383792517, 'a2': 3.286335345030997, 'a3': 0.894427190999916} logZ_min= 3.472581174526521 obs_min= 9.451608646440055e-32
params_new= {'a1': 1.1547005383792517, 'a2': 3.286335345030997, 'a3': 1.0062305898749053} logZ_new= nan obs_new= 1.0097458232930586e-31
params_max= {'a1': 1.1547005383792517, 'a2': 3.286335345030997, 'a3': 1.118033988749895} logZ_max= 3.4888634609857934 obs_max= 1.1878225495449115
dist_min= tensor(17.3055) dist_max= tensor(10260.5592)
params_min,params_max=params_new,params_max
evaluating model at params_new={'a1': 1.1547005383792517, 'a2': 3.286335345030997, 'a3': 1.0621322893124001}
params_min= {'a1': 1.1547005383792517, 'a2': 3.286335345030997, 'a3': 1.0062305898749053} logZ_min= nan obs_min= 1.0097458232930586e-31
params_new= {'a1': 1.1547005383792517, 'a2': 3.286335345030997, 'a3': 1.0621322893124001} logZ_new= nan obs_new= 1.1688632178750353
params_max= {'a1': 1.1547005383792517, 'a2': 3.286335345030997, 'a3': 1.118033988749895} logZ_max= 3.4888634609857934 obs_max= 1.1878225495449115
dist_min= tensor(10855.4691) dist_max= tensor(1033.4486)
params_min,params_max=params_min,params_new
evaluating model at params_new={'a1': 1.1547005383792517, 'a2': 3.286335345030997, 'a3': 1.0341814395936528}
params_min= {'a1': 1.1547005383792517, 'a2': 3.286335345030997, 'a3': 1.0062305898749053} logZ_min= nan obs_min= 1.0097458232930586e-31
params_new= {'a1': 1.1547005383792517, 'a2': 3.286335345030997, 'a3': 1.0341814395936528} logZ_new= nan obs_new= 3.0348431759112457e-30
params_max= {'a1': 1.1547005383792517, 'a2': 3.286335345030997, 'a3': 1.0621322893124001} logZ_max= nan obs_max= 1.1688632178750353
dist_min= tensor(29.8298) dist_max= tensor(10853.2217)
params_min,params_max=params_new,params_max
evaluating model at params_new={'a1': 1.1547005383792517, 'a2': 3.286335345030997, 'a3': 1.0481568644530266}
params_min= {'a1': 1.1547005383792517, 'a2': 3.286335345030997, 'a3': 1.0341814395936528} logZ_min= nan obs_min= 3.0348431759112457e-30
params_new= {'a1': 1.1547005383792517, 'a2': 3.286335345030997, 'a3': 1.0481568644530266} logZ_new= 3.47363710638897 obs_new= 4.2252926456908936e-29
params_max= {'a1': 1.1547005383792517, 'a2': 3.286335345030997, 'a3': 1.0621322893124001} logZ_max= nan obs_max= 1.1688632178750353
dist_min= tensor(36.7571) dist_max= tensor(10856.0455)
params_min,params_max=params_new,params_max
evaluating model at params_new={'a1': 1.1547005383792517, 'a2': 3.286335345030997, 'a3': 1.0551445768827135}
params_min= {'a1': 1.1547005383792517, 'a2': 3.286335345030997, 'a3': 1.0481568644530266} logZ_min= 3.47363710638897 obs_min= 4.2252926456908936e-29
params_new= {'a1': 1.1547005383792517, 'a2': 3.286335345030997, 'a3': 1.0551445768827135} logZ_new= 3.474125583824856 obs_new= 1.5668115410110973e-30
params_max= {'a1': 1.1547005383792517, 'a2': 3.286335345030997, 'a3': 1.0621322893124001} logZ_max= nan obs_max= 1.1688632178750353
dist_min= tensor(3.1529) dist_max= tensor(10856.1193)
params_min,params_max=params_new,params_max
evaluating model at params_new={'a1': 1.1547005383792517, 'a2': 3.286335345030997, 'a3': 1.0586384330975567}
params_min= {'a1': 1.1547005383792517, 'a2': 3.286335345030997, 'a3': 1.0551445768827135} logZ_min= 3.474125583824856 obs_min= 1.5668115410110973e-30
params_new= {'a1': 1.1547005383792517, 'a2': 3.286335345030997, 'a3': 1.0586384330975567} logZ_new= nan obs_new= 1.167703458649369
params_max= {'a1': 1.1547005383792517, 'a2': 3.286335345030997, 'a3': 1.0621322893124001} logZ_max= nan obs_max= 1.1688632178750353
dist_min= tensor(10857.0112) dist_max= tensor(868.5034)
params_min,params_max=params_min,params_new
evaluating model at params_new={'a1': 1.1547005383792517, 'a2': 3.286335345030997, 'a3': 1.056891504990135}
params_min= {'a1': 1.1547005383792517, 'a2': 3.286335345030997, 'a3': 1.0551445768827135} logZ_min= 3.474125583824856 obs_min= 1.5668115410110973e-30
params_new= {'a1': 1.1547005383792517, 'a2': 3.286335345030997, 'a3': 1.056891504990135} logZ_new= 3.488033827660704 obs_new= 1.167127036687819
params_max= {'a1': 1.1547005383792517, 'a2': 3.286335345030997, 'a3': 1.0586384330975567} logZ_max= nan obs_max= 1.167703458649369
dist_min= tensor(10874.8087) dist_max= tensor(27.0220)
params_min,params_max=params_min,params_new
evaluating model at params_new={'a1': 1.1547005383792517, 'a2': 3.286335345030997, 'a3': 1.0560180409364244}
params_min= {'a1': 1.1547005383792517, 'a2': 3.286335345030997, 'a3': 1.0551445768827135} logZ_min= 3.474125583824856 obs_min= 1.5668115410110973e-30
params_new= {'a1': 1.1547005383792517, 'a2': 3.286335345030997, 'a3': 1.0560180409364244} logZ_new= nan obs_new= 1.1668396537021988
params_max= {'a1': 1.1547005383792517, 'a2': 3.286335345030997, 'a3': 1.056891504990135} logZ_max= 3.488033827660704 obs_max= 1.167127036687819
dist_min= tensor(10883.7314) dist_max= tensor(16.7973)
params_min,params_max=params_min,params_new
evaluating model at params_new={'a1': 1.1547005383792517, 'a2': 3.286335345030997, 'a3': 1.055581308909569}
params_min= {'a1': 1.1547005383792517, 'a2': 3.286335345030997, 'a3': 1.0551445768827135} logZ_min= 3.474125583824856 obs_min= 1.5668115410110973e-30
params_new= {'a1': 1.1547005383792517, 'a2': 3.286335345030997, 'a3': 1.055581308909569} logZ_new= 3.4735004700066514 obs_new= 2.797220318966943e-30
params_max= {'a1': 1.1547005383792517, 'a2': 3.286335345030997, 'a3': 1.0560180409364244} logZ_max= nan obs_max= 1.1668396537021988
dist_min= tensor(5.4907) dist_max= tensor(10883.6823)
params_min,params_max=params_new,params_max
evaluating model at params_new={'a1': 1.1547005383792517, 'a2': 3.286335345030997, 'a3': 1.0557996749229965}
params_min= {'a1': 1.1547005383792517, 'a2': 3.286335345030997, 'a3': 1.055581308909569} logZ_min= 3.4735004700066514 obs_min= 2.797220318966943e-30
params_new= {'a1': 1.1547005383792517, 'a2': 3.286335345030997, 'a3': 1.0557996749229965} logZ_new= 3.4880191380350745 obs_new= 1.1667702524905612
params_max= {'a1': 1.1547005383792517, 'a2': 3.286335345030997, 'a3': 1.0560180409364244} logZ_max= nan obs_max= 1.1668396537021988
dist_min= tensor(10885.9022) dist_max= tensor(14.4154)
params_min,params_max=params_min,params_new
evaluating model at params_new={'a1': 1.1547005383792517, 'a2': 3.286335345030997, 'a3': 1.0556904919162826}
params_min= {'a1': 1.1547005383792517, 'a2': 3.286335345030997, 'a3': 1.055581308909569} logZ_min= 3.4735004700066514 obs_min= 2.797220318966943e-30
params_new= {'a1': 1.1547005383792517, 'a2': 3.286335345030997, 'a3': 1.0556904919162826} logZ_new= nan obs_new= 1.1667312881571974
params_max= {'a1': 1.1547005383792517, 'a2': 3.286335345030997, 'a3': 1.0557996749229965} logZ_max= 3.4880191380350745 obs_max= 1.1667702524905612
dist_min= tensor(10887.0438) dist_max= tensor(24.3728)
params_min,params_max=params_min,params_new
evaluating model at params_new={'a1': 1.1547005383792517, 'a2': 3.286335345030997, 'a3': 1.0556359004129257}
params_min= {'a1': 1.1547005383792517, 'a2': 3.286335345030997, 'a3': 1.055581308909569} logZ_min= 3.4735004700066514 obs_min= 2.797220318966943e-30
params_new= {'a1': 1.1547005383792517, 'a2': 3.286335345030997, 'a3': 1.0556359004129257} logZ_new= 3.473693193676836 obs_new= 6.081222307474481e-31
params_max= {'a1': 1.1547005383792517, 'a2': 3.286335345030997, 'a3': 1.0556904919162826} logZ_max= nan obs_max= 1.1667312881571974
dist_min= tensor(5.7321) dist_max= tensor(10887.0420)
params_min,params_max=params_new,params_max
evaluating model at params_new={'a1': 1.1547005383792517, 'a2': 3.286335345030997, 'a3': 1.0556631961646041}
params_min= {'a1': 1.1547005383792517, 'a2': 3.286335345030997, 'a3': 1.0556359004129257} logZ_min= 3.473693193676836 obs_min= 6.081222307474481e-31
params_new= {'a1': 1.1547005383792517, 'a2': 3.286335345030997, 'a3': 1.0556631961646041} logZ_new= 3.4880176841976844 obs_new= 1.1667223358193326
params_max= {'a1': 1.1547005383792517, 'a2': 3.286335345030997, 'a3': 1.0556904919162826} logZ_max= nan obs_max= 1.1667312881571974
dist_min= tensor(10888.4564) dist_max= tensor(161.3096)
params_min,params_max=params_min,params_new
evaluating model at params_new={'a1': 1.1547005383792517, 'a2': 3.286335345030997, 'a3': 1.055649548288765}
params_min= {'a1': 1.1547005383792517, 'a2': 3.286335345030997, 'a3': 1.0556359004129257} logZ_min= 3.473693193676836 obs_min= 6.081222307474481e-31
params_new= {'a1': 1.1547005383792517, 'a2': 3.286335345030997, 'a3': 1.055649548288765} logZ_new= 3.4740564983999502 obs_new= 1.3248790386476708e-29
params_max= {'a1': 1.1547005383792517, 'a2': 3.286335345030997, 'a3': 1.0556631961646041} logZ_max= 3.4880176841976844 obs_max= 1.1667223358193326
dist_min= tensor(2.7613) dist_max= tensor(10888.4942)
params_min,params_max=params_new,params_max
evaluating model at params_new={'a1': 1.1547005383792517, 'a2': 3.286335345030997, 'a3': 1.0556563722266845}
params_min= {'a1': 1.1547005383792517, 'a2': 3.286335345030997, 'a3': 1.055649548288765} logZ_min= 3.4740564983999502 obs_min= 1.3248790386476708e-29
params_new= {'a1': 1.1547005383792517, 'a2': 3.286335345030997, 'a3': 1.0556563722266845} logZ_new= nan obs_new= 1.1667200516649932
params_max= {'a1': 1.1547005383792517, 'a2': 3.286335345030997, 'a3': 1.0556631961646041} logZ_max= 3.4880176841976844 obs_max= 1.1667223358193326
dist_min= tensor(10887.4195) dist_max= tensor(159.1179)
params_min,params_max=params_min,params_new
evaluating model at params_new={'a1': 1.1547005383792517, 'a2': 3.286335345030997, 'a3': 1.0556529602577247}
params_min= {'a1': 1.1547005383792517, 'a2': 3.286335345030997, 'a3': 1.055649548288765} logZ_min= 3.4740564983999502 obs_min= 1.3248790386476708e-29
params_new= {'a1': 1.1547005383792517, 'a2': 3.286335345030997, 'a3': 1.0556529602577247} logZ_new= 3.474096870332984 obs_new= 7.15067841210881e-32
params_max= {'a1': 1.1547005383792517, 'a2': 3.286335345030997, 'a3': 1.0556563722266845} logZ_max= nan obs_max= 1.1667200516649932
dist_min= tensor(0.5041) dist_max= tensor(10887.4180)
params_min,params_max=params_new,params_max
evaluating model at params_new={'a1': 1.1547005383792517, 'a2': 3.286335345030997, 'a3': 1.0556546662422046}
params_min= {'a1': 1.1547005383792517, 'a2': 3.286335345030997, 'a3': 1.0556529602577247} logZ_min= 3.474096870332984 obs_min= 7.15067841210881e-32
params_new= {'a1': 1.1547005383792517, 'a2': 3.286335345030997, 'a3': 1.0556546662422046} logZ_new= nan obs_new= 1.1667401487931133
params_max= {'a1': 1.1547005383792517, 'a2': 3.286335345030997, 'a3': 1.0556563722266845} logZ_max= nan obs_max= 1.1667200516649932
dist_min= tensor(10887.4261) dist_max= tensor(5.4634)
params_min,params_max=params_min,params_new
evaluating model at params_new={'a1': 1.1547005383792517, 'a2': 3.286335345030997, 'a3': 1.0556538132499647}
params_min= {'a1': 1.1547005383792517, 'a2': 3.286335345030997, 'a3': 1.0556529602577247} logZ_min= 3.474096870332984 obs_min= 7.15067841210881e-32
params_new= {'a1': 1.1547005383792517, 'a2': 3.286335345030997, 'a3': 1.0556538132499647} logZ_new= 3.4880173057275083 obs_new= 1.166721484250499
params_max= {'a1': 1.1547005383792517, 'a2': 3.286335345030997, 'a3': 1.0556546662422046} logZ_max= nan obs_max= 1.1667401487931133
dist_min= tensor(10887.5424) dist_max= tensor(48.2474)
params_min,params_max=params_min,params_new
evaluating model at params_new={'a1': 1.1547005383792517, 'a2': 3.286335345030997, 'a3': 1.0556533867538447}
params_min= {'a1': 1.1547005383792517, 'a2': 3.286335345030997, 'a3': 1.0556529602577247} logZ_min= 3.474096870332984 obs_min= 7.15067841210881e-32
params_new= {'a1': 1.1547005383792517, 'a2': 3.286335345030997, 'a3': 1.0556533867538447} logZ_new= nan obs_new= 1.1667192202335268
params_max= {'a1': 1.1547005383792517, 'a2': 3.286335345030997, 'a3': 1.0556538132499647} logZ_max= 3.4880173057275083 obs_max= 1.166721484250499
dist_min= tensor(10887.4487) dist_max= tensor(47.7940)
params_min,params_max=params_min,params_new
evaluating model at params_new={'a1': 1.1547005383792517, 'a2': 3.286335345030997, 'a3': 1.0556531735057848}
params_min= {'a1': 1.1547005383792517, 'a2': 3.286335345030997, 'a3': 1.0556529602577247} logZ_min= 3.474096870332984 obs_min= 7.15067841210881e-32
params_new= {'a1': 1.1547005383792517, 'a2': 3.286335345030997, 'a3': 1.0556531735057848} logZ_new= 3.488017056794232 obs_new= 1.166723385631233
params_max= {'a1': 1.1547005383792517, 'a2': 3.286335345030997, 'a3': 1.0556533867538447} logZ_max= nan obs_max= 1.1667192202335268
dist_min= tensor(10887.4480) dist_max= tensor(5.5828)
params_min,params_max=params_min,params_new
evaluating model at params_new={'a1': 1.1547005383792517, 'a2': 3.286335345030997, 'a3': 1.0556530668817548}
params_min= {'a1': 1.1547005383792517, 'a2': 3.286335345030997, 'a3': 1.0556529602577247} logZ_min= 3.474096870332984 obs_min= 7.15067841210881e-32
params_new= {'a1': 1.1547005383792517, 'a2': 3.286335345030997, 'a3': 1.0556530668817548} logZ_new= 3.488015197611614 obs_new= 1.1667396176622553
params_max= {'a1': 1.1547005383792517, 'a2': 3.286335345030997, 'a3': 1.0556531735057848} logZ_max= 3.488017056794232 obs_max= 1.166723385631233
dist_min= tensor(10887.4494) dist_max= tensor(0.2306)
params_min,params_max=params_min,params_new
evaluating model at params_new={'a1': 1.1547005383792517, 'a2': 3.286335345030997, 'a3': 1.0556530135697397}
params_min= {'a1': 1.1547005383792517, 'a2': 3.286335345030997, 'a3': 1.0556529602577247} logZ_min= 3.474096870332984 obs_min= 7.15067841210881e-32
params_new= {'a1': 1.1547005383792517, 'a2': 3.286335345030997, 'a3': 1.0556530135697397} logZ_new= 3.4732354903888765 obs_new= 1.7289121820221806e-35
params_max= {'a1': 1.1547005383792517, 'a2': 3.286335345030997, 'a3': 1.0556530668817548} logZ_max= 3.488015197611614 obs_max= 1.1667396176622553
dist_min= tensor(257.3979) dist_max= tensor(10890.4524)
params_min,params_max=params_new,params_max
evaluating model at params_new={'a1': 1.1547005383792517, 'a2': 3.286335345030997, 'a3': 1.0556530402257471}
params_min= {'a1': 1.1547005383792517, 'a2': 3.286335345030997, 'a3': 1.0556530135697397} logZ_min= 3.4732354903888765 obs_min= 1.7289121820221806e-35
params_new= {'a1': 1.1547005383792517, 'a2': 3.286335345030997, 'a3': 1.0556530402257471} logZ_new= 3.488012111071296 obs_new= 1.1667666605528466
params_max= {'a1': 1.1547005383792517, 'a2': 3.286335345030997, 'a3': 1.0556530668817548} logZ_max= 3.488015197611614 obs_max= 1.1667396176622553
dist_min= tensor(10910.5064) dist_max= tensor(660.7891)
params_min,params_max=params_min,params_new
evaluating model at params_new={'a1': 1.1547005383792517, 'a2': 3.286335345030997, 'a3': 1.0556530268977435}
params_min= {'a1': 1.1547005383792517, 'a2': 3.286335345030997, 'a3': 1.0556530135697397} logZ_min= 3.4732354903888765 obs_min= 1.7289121820221806e-35
params_new= {'a1': 1.1547005383792517, 'a2': 3.286335345030997, 'a3': 1.0556530268977435} logZ_new= 3.488017556514912 obs_new= 1.1667190503209075
params_max= {'a1': 1.1547005383792517, 'a2': 3.286335345030997, 'a3': 1.0556530402257471} logZ_max= 3.488012111071296 obs_max= 1.1667666605528466
dist_min= tensor(10890.4626) dist_max= tensor(661.3989)
params_min,params_max=params_min,params_new
evaluating model at params_new={'a1': 1.1547005383792517, 'a2': 3.286335345030997, 'a3': 1.0556530202337417}
params_min= {'a1': 1.1547005383792517, 'a2': 3.286335345030997, 'a3': 1.0556530135697397} logZ_min= 3.4732354903888765 obs_min= 1.7289121820221806e-35
params_new= {'a1': 1.1547005383792517, 'a2': 3.286335345030997, 'a3': 1.0556530202337417} logZ_new= 3.4880175642527367 obs_new= 1.1667192164324074
params_max= {'a1': 1.1547005383792517, 'a2': 3.286335345030997, 'a3': 1.0556530268977435} logZ_max= 3.488017556514912 obs_max= 1.1667190503209075
dist_min= tensor(10890.4366) dist_max= tensor(1.1273)
params_min,params_max=params_min,params_new
evaluating model at params_new={'a1': 1.1547005383792517, 'a2': 3.286335345030997, 'a3': 1.0556530169017408}
params_min= {'a1': 1.1547005383792517, 'a2': 3.286335345030997, 'a3': 1.0556530135697397} logZ_min= 3.4732354903888765 obs_min= 1.7289121820221806e-35
params_new= {'a1': 1.1547005383792517, 'a2': 3.286335345030997, 'a3': 1.0556530169017408} logZ_new= 3.474148894911182 obs_new= 1.4605395879960747e-32
params_max= {'a1': 1.1547005383792517, 'a2': 3.286335345030997, 'a3': 1.0556530202337417} logZ_max= 3.4880175642527367 obs_max= 1.1667192164324074
dist_min= tensor(257.3291) dist_max= tensor(10887.4312)
params_min,params_max=params_new,params_max
evaluating model at params_new={'a1': 1.1547005383792517, 'a2': 3.286335345030997, 'a3': 1.0556530185677413}
params_min= {'a1': 1.1547005383792517, 'a2': 3.286335345030997, 'a3': 1.0556530169017408} logZ_min= 3.474148894911182 obs_min= 1.4605395879960747e-32
params_new= {'a1': 1.1547005383792517, 'a2': 3.286335345030997, 'a3': 1.0556530185677413} logZ_new= nan obs_new= 1.166718715152599
params_max= {'a1': 1.1547005383792517, 'a2': 3.286335345030997, 'a3': 1.0556530202337417} logZ_max= 3.4880175642527367 obs_max= 1.1667192164324074
dist_min= tensor(10887.5502) dist_max= tensor(5.9902)
params_min,params_max=params_min,params_new
evaluating model at params_new={'a1': 1.1547005383792517, 'a2': 3.286335345030997, 'a3': 1.0556530177347412}
params_min= {'a1': 1.1547005383792517, 'a2': 3.286335345030997, 'a3': 1.0556530169017408} logZ_min= 3.474148894911182 obs_min= 1.4605395879960747e-32
params_new= {'a1': 1.1547005383792517, 'a2': 3.286335345030997, 'a3': 1.0556530177347412} logZ_new= 3.488017570508625 obs_new= 1.166718187302262
params_max= {'a1': 1.1547005383792517, 'a2': 3.286335345030997, 'a3': 1.0556530185677413} logZ_max= nan obs_max= 1.166718715152599
dist_min= tensor(10887.5554) dist_max= tensor(6.2037)
params_min,params_max=params_min,params_new
evaluating model at params_new={'a1': 1.1547005383792517, 'a2': 3.286335345030997, 'a3': 1.055653017318241}
params_min= {'a1': 1.1547005383792517, 'a2': 3.286335345030997, 'a3': 1.0556530169017408} logZ_min= 3.474148894911182 obs_min= 1.4605395879960747e-32
params_new= {'a1': 1.1547005383792517, 'a2': 3.286335345030997, 'a3': 1.055653017318241} logZ_new= nan obs_new= 1.1667212425673186
params_max= {'a1': 1.1547005383792517, 'a2': 3.286335345030997, 'a3': 1.0556530177347412} logZ_max= 3.488017570508625 obs_max= 1.166718187302262
dist_min= tensor(10887.2209) dist_max= tensor(2.1781)
params_min,params_max=params_min,params_new
evaluating model at params_new={'a1': 1.1547005383792517, 'a2': 3.286335345030997, 'a3': 1.055653017109991}
params_min= {'a1': 1.1547005383792517, 'a2': 3.286335345030997, 'a3': 1.0556530169017408} logZ_min= 3.474148894911182 obs_min= 1.4605395879960747e-32
params_new= {'a1': 1.1547005383792517, 'a2': 3.286335345030997, 'a3': 1.055653017109991} logZ_new= 3.488017566045815 obs_new= 1.1667197785033252
params_max= {'a1': 1.1547005383792517, 'a2': 3.286335345030997, 'a3': 1.055653017318241} logZ_max= nan obs_max= 1.1667212425673186
dist_min= tensor(10887.5369) dist_max= tensor(9.6460)
params_min,params_max=params_min,params_new
evaluating model at params_new={'a1': 1.1547005383792517, 'a2': 3.286335345030997, 'a3': 1.055653017005866}
params_min= {'a1': 1.1547005383792517, 'a2': 3.286335345030997, 'a3': 1.0556530169017408} logZ_min= 3.474148894911182 obs_min= 1.4605395879960747e-32
params_new= {'a1': 1.1547005383792517, 'a2': 3.286335345030997, 'a3': 1.055653017005866} logZ_new= nan obs_new= 1.166728662751668
params_max= {'a1': 1.1547005383792517, 'a2': 3.286335345030997, 'a3': 1.055653017109991} logZ_max= 3.488017566045815 obs_max= 1.1667197785033252
dist_min= tensor(10888.8824) dist_max= tensor(9.0554)
params_min,params_max=params_min,params_new
evaluating model at params_new={'a1': 1.1547005383792517, 'a2': 3.286335345030997, 'a3': 1.0556530169538034}
params_min= {'a1': 1.1547005383792517, 'a2': 3.286335345030997, 'a3': 1.0556530169017408} logZ_min= 3.474148894911182 obs_min= 1.4605395879960747e-32
params_new= {'a1': 1.1547005383792517, 'a2': 3.286335345030997, 'a3': 1.0556530169538034} logZ_new= nan obs_new= 1.166791752497551
params_max= {'a1': 1.1547005383792517, 'a2': 3.286335345030997, 'a3': 1.055653017005866} logZ_max= nan obs_max= 1.166728662751668
dist_min= tensor(10884.5786) dist_max= tensor(83.7255)
params_min,params_max=params_min,params_new
evaluating model at params_new={'a1': 1.1547005383792517, 'a2': 3.286335345030997, 'a3': 1.055653016927772}
params_min= {'a1': 1.1547005383792517, 'a2': 3.286335345030997, 'a3': 1.0556530169017408} logZ_min= 3.474148894911182 obs_min= 1.4605395879960747e-32
params_new= {'a1': 1.1547005383792517, 'a2': 3.286335345030997, 'a3': 1.055653016927772} logZ_new= 3.473552614616282 obs_new= 1.5659813653252625e-33
params_max= {'a1': 1.1547005383792517, 'a2': 3.286335345030997, 'a3': 1.0556530169538034} logZ_max= nan obs_max= 1.166791752497551
dist_min= tensor(4.6530) dist_max= tensor(10884.5423)
params_min,params_max=params_new,params_max
evaluating model at params_new={'a1': 1.1547005383792517, 'a2': 3.286335345030997, 'a3': 1.0556530169407878}
params_min= {'a1': 1.1547005383792517, 'a2': 3.286335345030997, 'a3': 1.055653016927772} logZ_min= 3.473552614616282 obs_min= 1.5659813653252625e-33
params_new= {'a1': 1.1547005383792517, 'a2': 3.286335345030997, 'a3': 1.0556530169407878} logZ_new= 3.4731920016727362 obs_new= 8.479446306286077e-30
params_max= {'a1': 1.1547005383792517, 'a2': 3.286335345030997, 'a3': 1.0556530169538034} logZ_max= nan obs_max= 1.166791752497551
dist_min= tensor(4.4330) dist_max= tensor(10885.1248)
params_min,params_max=params_new,params_max
evaluating model at params_new={'a1': 1.1547005383792517, 'a2': 3.286335345030997, 'a3': 1.0556530169472955}
params_min= {'a1': 1.1547005383792517, 'a2': 3.286335345030997, 'a3': 1.0556530169407878} logZ_min= 3.4731920016727362 obs_min= 8.479446306286077e-30
params_new= {'a1': 1.1547005383792517, 'a2': 3.286335345030997, 'a3': 1.0556530169472955} logZ_new= 3.4880067019254346 obs_new= 1.166018002663198
params_max= {'a1': 1.1547005383792517, 'a2': 3.286335345030997, 'a3': 1.0556530169538034} logZ_max= nan obs_max= 1.166791752497551
dist_min= tensor(11176.9258) dist_max= tensor(303.9704)
params_min,params_max=params_min,params_new
evaluating model at params_new={'a1': 1.1547005383792517, 'a2': 3.286335345030997, 'a3': 1.0556530169440417}
params_min= {'a1': 1.1547005383792517, 'a2': 3.286335345030997, 'a3': 1.0556530169407878} logZ_min= 3.4731920016727362 obs_min= 8.479446306286077e-30
params_new= {'a1': 1.1547005383792517, 'a2': 3.286335345030997, 'a3': 1.0556530169440417} logZ_new= 3.4880385552230853 obs_new= 1.1661699990267131
params_max= {'a1': 1.1547005383792517, 'a2': 3.286335345030997, 'a3': 1.0556530169472955} logZ_max= 3.4880067019254346 obs_max= 1.166018002663198
dist_min= tensor(12455.2416) dist_max= tensor(1278.3172)
params_min,params_max=params_min,params_new
evaluating model at params_new={'a1': 1.1547005383792517, 'a2': 3.286335345030997, 'a3': 1.0556530169424148}
params_min= {'a1': 1.1547005383792517, 'a2': 3.286335345030997, 'a3': 1.0556530169407878} logZ_min= 3.4731920016727362 obs_min= 8.479446306286077e-30
params_new= {'a1': 1.1547005383792517, 'a2': 3.286335345030997, 'a3': 1.0556530169424148} logZ_new= 3.473102355397957 obs_new= 3.649219449052523e-30
params_max= {'a1': 1.1547005383792517, 'a2': 3.286335345030997, 'a3': 1.0556530169440417} logZ_max= 3.4880385552230853 obs_max= 1.1661699990267131
dist_min= tensor(0.7769) dist_max= tensor(12455.8352)
params_min,params_max=params_new,params_max
evaluating model at params_new={'a1': 1.1547005383792517, 'a2': 3.286335345030997, 'a3': 1.055653016943228}
params_min= {'a1': 1.1547005383792517, 'a2': 3.286335345030997, 'a3': 1.0556530169424148} logZ_min= 3.473102355397957 obs_min= 3.649219449052523e-30
params_new= {'a1': 1.1547005383792517, 'a2': 3.286335345030997, 'a3': 1.055653016943228} logZ_new= 3.4858394736995915 obs_new= 1.1595259033420733
params_max= {'a1': 1.1547005383792517, 'a2': 3.286335345030997, 'a3': 1.0556530169440417} logZ_max= 3.4880385552230853 obs_max= 1.1661699990267131
dist_min= tensor(4336.3214) dist_max= tensor(8119.5220)
params_min,params_max=params_new,params_max
evaluating model at params_new={'a1': 1.1547005383792517, 'a2': 3.286335345030997, 'a3': 1.055653016943635}
params_min= {'a1': 1.1547005383792517, 'a2': 3.286335345030997, 'a3': 1.055653016943228} logZ_min= 3.4858394736995915 obs_min= 1.1595259033420733
params_new= {'a1': 1.1547005383792517, 'a2': 3.286335345030997, 'a3': 1.055653016943635} logZ_new= 3.4880453905792392 obs_new= 1.1536101017047677
params_max= {'a1': 1.1547005383792517, 'a2': 3.286335345030997, 'a3': 1.0556530169440417} logZ_max= 3.4880385552230853 obs_max= 1.1661699990267131
dist_min= tensor(27954.2505) dist_max= tensor(19834.7301)
params_min,params_max=params_min,params_new
evaluating model at params_new={'a1': 1.1547005383792517, 'a2': 3.286335345030997, 'a3': 1.0556530169434315}
params_min= {'a1': 1.1547005383792517, 'a2': 3.286335345030997, 'a3': 1.055653016943228} logZ_min= 3.4858394736995915 obs_min= 1.1595259033420733
params_new= {'a1': 1.1547005383792517, 'a2': 3.286335345030997, 'a3': 1.0556530169434315} logZ_new= 3.488121923297708 obs_new= 1.1555597153695782
params_max= {'a1': 1.1547005383792517, 'a2': 3.286335345030997, 'a3': 1.055653016943635} logZ_max= 3.4880453905792392 obs_max= 1.1536101017047677
dist_min= tensor(159440.6974) dist_max= tensor(131486.4475)
params_min,params_max=params_min,params_new
evaluating model at params_new={'a1': 1.1547005383792517, 'a2': 3.286335345030997, 'a3': 1.0556530169433298}
params_min= {'a1': 1.1547005383792517, 'a2': 3.286335345030997, 'a3': 1.055653016943228} logZ_min= 3.4858394736995915 obs_min= 1.1595259033420733
params_new= {'a1': 1.1547005383792517, 'a2': 3.286335345030997, 'a3': 1.0556530169433298} logZ_new= 3.4868986274352753 obs_new= 1.1901132795761538
params_max= {'a1': 1.1547005383792517, 'a2': 3.286335345030997, 'a3': 1.0556530169434315} logZ_max= 3.488121923297708 obs_max= 1.1555597153695782
dist_min= tensor(3270.4502) dist_max= tensor(162711.1472)
params_min,params_max=params_new,params_max
evaluating model at params_new={'a1': 1.1547005383792517, 'a2': 3.286335345030997, 'a3': 1.0556530169433807}
params_min= {'a1': 1.1547005383792517, 'a2': 3.286335345030997, 'a3': 1.0556530169433298} logZ_min= 3.4868986274352753 obs_min= 1.1901132795761538
params_new= {'a1': 1.1547005383792517, 'a2': 3.286335345030997, 'a3': 1.0556530169433807} logZ_new= 3.487430004315349 obs_new= 1.119808489256806
params_max= {'a1': 1.1547005383792517, 'a2': 3.286335345030997, 'a3': 1.0556530169434315} logZ_max= 3.488121923297708 obs_max= 1.1555597153695782
dist_min= tensor(1179159.6584) dist_max= tensor(1016448.5113)
params_min,params_max=params_min,params_new
evaluating model at params_new={'a1': 1.1547005383792517, 'a2': 3.286335345030997, 'a3': 1.0556530169433551}
params_min= {'a1': 1.1547005383792517, 'a2': 3.286335345030997, 'a3': 1.0556530169433298} logZ_min= 3.4868986274352753 obs_min= 1.1901132795761538
params_new= {'a1': 1.1547005383792517, 'a2': 3.286335345030997, 'a3': 1.0556530169433551} logZ_new= 3.4811205956019764 obs_new= 1.02868139836294
params_max= {'a1': 1.1547005383792517, 'a2': 3.286335345030997, 'a3': 1.0556530169433807} logZ_max= 3.487430004315349 obs_max= 1.119808489256806
dist_min= tensor(1270.7250) dist_max= tensor(1177888.9353)
params_min,params_max=params_new,params_max
evaluating model at params_new={'a1': 1.1547005383792517, 'a2': 3.286335345030997, 'a3': 1.055653016943368}
params_min= {'a1': 1.1547005383792517, 'a2': 3.286335345030997, 'a3': 1.0556530169433551} logZ_min= 3.4811205956019764 obs_min= 1.02868139836294
params_new= {'a1': 1.1547005383792517, 'a2': 3.286335345030997, 'a3': 1.055653016943368} logZ_new= 3.4851547906248403 obs_new= 1.1341188373869027
params_max= {'a1': 1.1547005383792517, 'a2': 3.286335345030997, 'a3': 1.0556530169433807} logZ_max= 3.487430004315349 obs_max= 1.119808489256806
dist_min= tensor(1852.7775) dist_max= tensor(1179741.7107)
params_min,params_max=params_new,params_max
evaluating model at params_new={'a1': 1.1547005383792517, 'a2': 3.286335345030997, 'a3': 1.0556530169433742}
params_min= {'a1': 1.1547005383792517, 'a2': 3.286335345030997, 'a3': 1.055653016943368} logZ_min= 3.4851547906248403 obs_min= 1.1341188373869027
params_new= {'a1': 1.1547005383792517, 'a2': 3.286335345030997, 'a3': 1.0556530169433742} logZ_new= 3.4863111823439024 obs_new= 1.0071757217766597
params_max= {'a1': 1.1547005383792517, 'a2': 3.286335345030997, 'a3': 1.0556530169433807} logZ_max= 3.487430004315349 obs_max= 1.119808489256806
dist_min= tensor(1176.6475) dist_max= tensor(1178565.0657)
params_min,params_max=params_new,params_max
evaluating model at params_new={'a1': 1.1547005383792517, 'a2': 3.286335345030997, 'a3': 1.0556530169433773}
params_min= {'a1': 1.1547005383792517, 'a2': 3.286335345030997, 'a3': 1.0556530169433742} logZ_min= 3.4863111823439024 obs_min= 1.0071757217766597
params_new= {'a1': 1.1547005383792517, 'a2': 3.286335345030997, 'a3': 1.0556530169433773} logZ_new= 3.4788679000359557 obs_new= 0.8312515811828199
params_max= {'a1': 1.1547005383792517, 'a2': 3.286335345030997, 'a3': 1.0556530169433807} logZ_max= 3.487430004315349 obs_max= 1.119808489256806
dist_min= tensor(1163.1506) dist_max= tensor(1179728.2131)
params_min,params_max=params_new,params_max
evaluating model at params_new={'a1': 1.1547005383792517, 'a2': 3.286335345030997, 'a3': 1.055653016943379}
params_min= {'a1': 1.1547005383792517, 'a2': 3.286335345030997, 'a3': 1.0556530169433773} logZ_min= 3.4788679000359557 obs_min= 0.8312515811828199
params_new= {'a1': 1.1547005383792517, 'a2': 3.286335345030997, 'a3': 1.055653016943379} logZ_new= nan obs_new= 1.0042630184318646
params_max= {'a1': 1.1547005383792517, 'a2': 3.286335345030997, 'a3': 1.0556530169433807} logZ_max= 3.487430004315349 obs_max= 1.119808489256806
dist_min= tensor(4351.3473) dist_max= tensor(1177296.6384)
params_min,params_max=params_new,params_max
evaluating model at params_new={'a1': 1.1547005383792517, 'a2': 3.286335345030997, 'a3': 1.05565301694338}
params_min= {'a1': 1.1547005383792517, 'a2': 3.286335345030997, 'a3': 1.055653016943379} logZ_min= nan obs_min= 1.0042630184318646
params_new= {'a1': 1.1547005383792517, 'a2': 3.286335345030997, 'a3': 1.05565301694338} logZ_new= nan obs_new= 0.9778564043295552
params_max= {'a1': 1.1547005383792517, 'a2': 3.286335345030997, 'a3': 1.0556530169433807} logZ_max= 3.487430004315349 obs_max= 1.119808489256806
dist_min= tensor(3767.0954) dist_max= tensor(1178394.1164)
params_min,params_max=params_new,params_max
evaluating model at params_new={'a1': 1.1547005383792517, 'a2': 3.286335345030997, 'a3': 1.0556530169433804}
params_min= {'a1': 1.1547005383792517, 'a2': 3.286335345030997, 'a3': 1.05565301694338} logZ_min= nan obs_min= 0.9778564043295552
params_new= {'a1': 1.1547005383792517, 'a2': 3.286335345030997, 'a3': 1.0556530169433804} logZ_new= nan obs_new= 1.1198084892559346
params_max= {'a1': 1.1547005383792517, 'a2': 3.286335345030997, 'a3': 1.0556530169433807} logZ_max= 3.487430004315349 obs_max= 1.119808489256806
dist_min= tensor(1178394.1164) dist_max= tensor(0.4288)
params_min,params_max=params_min,params_new
evaluating model at params_new={'a1': 1.1547005383792517, 'a2': 3.286335345030997, 'a3': 1.0556530169433802}
params_min= {'a1': 1.1547005383792517, 'a2': 3.286335345030997, 'a3': 1.05565301694338} logZ_min= nan obs_min= 0.9778564043295552
params_new= {'a1': 1.1547005383792517, 'a2': 3.286335345030997, 'a3': 1.0556530169433802} logZ_new= 3.479846256772038 obs_new= 0.9676039832229458
params_max= {'a1': 1.1547005383792517, 'a2': 3.286335345030997, 'a3': 1.0556530169433804} logZ_max= nan obs_max= 1.1198084892559346
dist_min= tensor(872.8507) dist_max= tensor(1179266.9539)
params_min,params_max=params_new,params_max
critical params found:  {'a1': 1.1547005383792517, 'a2': 3.286335345030997, 'a3': 1.0556530169433804}
reference params:  {'a1': 1.1547005383792515, 'a2': 1.8257418583505538, 'a3': 4.47213595499958}
file saved to  data/AKLT3D_X10_scan_grid_critical_a3/a1_1.1547005_a2_3.2863353/Tc.json
