Start running find_critical_temp.py with options:{'filename': 'data/AKLT3D_X10_scan_grid_critical_a3/a1_1.3856406_a2_1.8257419/Tc.json', 'log_filename': 'data/AKLT3D_X10_scan_grid_critical_a3/a1_1.3856406_a2_1.8257419/Tc.log', 'nLayers': 60, 'max_dim': 10, 'model': 'AKLT3D', 'params_min': "{'a1': 1.3856406460551018, 'a2': 1.8257418583505536, 'a3': 4.47213595499958}", 'params_max': "{'a1': 1.3856406460551018, 'a2': 1.8257418583505536, 'a3': 5.366563145999496}", 'params_ref': None, 'observable_name': 'magnetizationZ', 'tol': 0.0, 'gilt_enabled': False, 'gilt_eps': 8e-07, 'gilt_nIter': 1, 'mcf_enabled': True, 'mcf_eps': 1e-16, 'mcf_max_iter': 200, 'hotrg_sanity_check': False, 'version': 1, 'device': 'cuda:1'}
loading library...
evaluating model at params_min={'a1': 1.3856406460551018, 'a2': 1.8257418583505536, 'a3': 4.47213595499958}
params_min= {'a1': 1.3856406460551018, 'a2': 1.8257418583505536, 'a3': 4.47213595499958} logZ_min= nan obs_min= 3.3597702391037893e-31
evaluating model at params_max={'a1': 1.3856406460551018, 'a2': 1.8257418583505536, 'a3': 5.366563145999496}
params_max= {'a1': 1.3856406460551018, 'a2': 1.8257418583505536, 'a3': 5.366563145999496} logZ_max= 3.4141891748677273 obs_max= 7.668905172171715
searching for critical temperature using bisection method
evaluating model at params_new={'a1': 1.3856406460551018, 'a2': 1.8257418583505536, 'a3': 4.919349550499538}
params_min= {'a1': 1.3856406460551018, 'a2': 1.8257418583505536, 'a3': 4.47213595499958} logZ_min= nan obs_min= 3.3597702391037893e-31
params_new= {'a1': 1.3856406460551018, 'a2': 1.8257418583505536, 'a3': 4.919349550499538} logZ_new= 3.284387998866901 obs_new= 2.125191400389891e-31
params_max= {'a1': 1.3856406460551018, 'a2': 1.8257418583505536, 'a3': 5.366563145999496} logZ_max= 3.4141891748677273 obs_max= 7.668905172171715
dist_min= tensor(33.5900) dist_max= tensor(7.3748)
params_min,params_max=params_min,params_new
evaluating model at params_new={'a1': 1.3856406460551018, 'a2': 1.8257418583505536, 'a3': 4.695742752749559}
params_min= {'a1': 1.3856406460551018, 'a2': 1.8257418583505536, 'a3': 4.47213595499958} logZ_min= nan obs_min= 3.3597702391037893e-31
params_new= {'a1': 1.3856406460551018, 'a2': 1.8257418583505536, 'a3': 4.695742752749559} logZ_new= nan obs_new= 2.0660524273584927e-30
params_max= {'a1': 1.3856406460551018, 'a2': 1.8257418583505536, 'a3': 4.919349550499538} logZ_max= 3.284387998866901 obs_max= 2.125191400389891e-31
dist_min= tensor(1386.4564) dist_max= tensor(1386.6728)
params_min,params_max=params_new,params_max
evaluating model at params_new={'a1': 1.3856406460551018, 'a2': 1.8257418583505536, 'a3': 4.807546151624548}
params_min= {'a1': 1.3856406460551018, 'a2': 1.8257418583505536, 'a3': 4.695742752749559} logZ_min= nan obs_min= 2.0660524273584927e-30
params_new= {'a1': 1.3856406460551018, 'a2': 1.8257418583505536, 'a3': 4.807546151624548} logZ_new= 3.2824800694265264 obs_new= 3.2119391785271287e-31
params_max= {'a1': 1.3856406460551018, 'a2': 1.8257418583505536, 'a3': 4.919349550499538} logZ_max= 3.284387998866901 obs_max= 2.125191400389891e-31
dist_min= tensor(1386.0453) dist_max= tensor(4.1802)
params_min,params_max=params_min,params_new
evaluating model at params_new={'a1': 1.3856406460551018, 'a2': 1.8257418583505536, 'a3': 4.751644452187053}
params_min= {'a1': 1.3856406460551018, 'a2': 1.8257418583505536, 'a3': 4.695742752749559} logZ_min= nan obs_min= 2.0660524273584927e-30
params_new= {'a1': 1.3856406460551018, 'a2': 1.8257418583505536, 'a3': 4.751644452187053} logZ_new= nan obs_new= 2.033551705901103e-31
params_max= {'a1': 1.3856406460551018, 'a2': 1.8257418583505536, 'a3': 4.807546151624548} logZ_max= 3.2824800694265264 obs_max= 3.2119391785271287e-31
dist_min= tensor(1379.4810) dist_max= tensor(7.0907)
params_min,params_max=params_min,params_new
evaluating model at params_new={'a1': 1.3856406460551018, 'a2': 1.8257418583505536, 'a3': 4.723693602468305}
params_min= {'a1': 1.3856406460551018, 'a2': 1.8257418583505536, 'a3': 4.695742752749559} logZ_min= nan obs_min= 2.0660524273584927e-30
params_new= {'a1': 1.3856406460551018, 'a2': 1.8257418583505536, 'a3': 4.723693602468305} logZ_new= 3.272783609605304 obs_new= 8.82785482567831e-33
params_max= {'a1': 1.3856406460551018, 'a2': 1.8257418583505536, 'a3': 4.751644452187053} logZ_max= nan obs_max= 2.033551705901103e-31
dist_min= tensor(1386.0411) dist_max= tensor(9.2044)
params_min,params_max=params_min,params_new
evaluating model at params_new={'a1': 1.3856406460551018, 'a2': 1.8257418583505536, 'a3': 4.7097181776089325}
params_min= {'a1': 1.3856406460551018, 'a2': 1.8257418583505536, 'a3': 4.695742752749559} logZ_min= nan obs_min= 2.0660524273584927e-30
params_new= {'a1': 1.3856406460551018, 'a2': 1.8257418583505536, 'a3': 4.7097181776089325} logZ_new= 3.272514248739967 obs_new= 3.4899000936069734e-33
params_max= {'a1': 1.3856406460551018, 'a2': 1.8257418583505536, 'a3': 4.723693602468305} logZ_max= 3.272783609605304 obs_max= 8.82785482567831e-33
dist_min= tensor(1386.5819) dist_max= tensor(0.9664)
params_min,params_max=params_min,params_new
evaluating model at params_new={'a1': 1.3856406460551018, 'a2': 1.8257418583505536, 'a3': 4.702730465179245}
params_min= {'a1': 1.3856406460551018, 'a2': 1.8257418583505536, 'a3': 4.695742752749559} logZ_min= nan obs_min= 2.0660524273584927e-30
params_new= {'a1': 1.3856406460551018, 'a2': 1.8257418583505536, 'a3': 4.702730465179245} logZ_new= nan obs_new= 6.1294322535707395e-31
params_max= {'a1': 1.3856406460551018, 'a2': 1.8257418583505536, 'a3': 4.7097181776089325} logZ_max= 3.272514248739967 obs_max= 3.4899000936069734e-33
dist_min= tensor(1345.5094) dist_max= tensor(41.1680)
params_min,params_max=params_min,params_new
evaluating model at params_new={'a1': 1.3856406460551018, 'a2': 1.8257418583505536, 'a3': 4.6992366089644015}
params_min= {'a1': 1.3856406460551018, 'a2': 1.8257418583505536, 'a3': 4.695742752749559} logZ_min= nan obs_min= 2.0660524273584927e-30
params_new= {'a1': 1.3856406460551018, 'a2': 1.8257418583505536, 'a3': 4.6992366089644015} logZ_new= nan obs_new= 8.075475888315701e-34
params_max= {'a1': 1.3856406460551018, 'a2': 1.8257418583505536, 'a3': 4.702730465179245} logZ_max= nan obs_max= 6.1294322535707395e-31
dist_min= tensor(1385.6782) dist_max= tensor(40.2643)
params_min,params_max=params_min,params_new
evaluating model at params_new={'a1': 1.3856406460551018, 'a2': 1.8257418583505536, 'a3': 4.697489680856981}
params_min= {'a1': 1.3856406460551018, 'a2': 1.8257418583505536, 'a3': 4.695742752749559} logZ_min= nan obs_min= 2.0660524273584927e-30
params_new= {'a1': 1.3856406460551018, 'a2': 1.8257418583505536, 'a3': 4.697489680856981} logZ_new= 3.272277339692051 obs_new= 3.5001133223642476e-30
params_max= {'a1': 1.3856406460551018, 'a2': 1.8257418583505536, 'a3': 4.6992366089644015} logZ_max= nan obs_max= 8.075475888315701e-34
dist_min= tensor(1386.2868) dist_max= tensor(1.1375)
params_min,params_max=params_min,params_new
evaluating model at params_new={'a1': 1.3856406460551018, 'a2': 1.8257418583505536, 'a3': 4.696616216803269}
params_min= {'a1': 1.3856406460551018, 'a2': 1.8257418583505536, 'a3': 4.695742752749559} logZ_min= nan obs_min= 2.0660524273584927e-30
params_new= {'a1': 1.3856406460551018, 'a2': 1.8257418583505536, 'a3': 4.696616216803269} logZ_new= nan obs_new= 2.5100659912584505e-34
params_max= {'a1': 1.3856406460551018, 'a2': 1.8257418583505536, 'a3': 4.697489680856981} logZ_max= 3.272277339692051 obs_max= 3.5001133223642476e-30
dist_min= tensor(1380.2320) dist_max= tensor(6.0653)
params_min,params_max=params_min,params_new
evaluating model at params_new={'a1': 1.3856406460551018, 'a2': 1.8257418583505536, 'a3': 4.696179484776414}
params_min= {'a1': 1.3856406460551018, 'a2': 1.8257418583505536, 'a3': 4.695742752749559} logZ_min= nan obs_min= 2.0660524273584927e-30
params_new= {'a1': 1.3856406460551018, 'a2': 1.8257418583505536, 'a3': 4.696179484776414} logZ_new= 3.2722512054018704 obs_new= 1.3590600065049266e-30
params_max= {'a1': 1.3856406460551018, 'a2': 1.8257418583505536, 'a3': 4.696616216803269} logZ_max= nan obs_max= 2.5100659912584505e-34
dist_min= tensor(1386.0380) dist_max= tensor(5.8782)
params_min,params_max=params_min,params_new
evaluating model at params_new={'a1': 1.3856406460551018, 'a2': 1.8257418583505536, 'a3': 4.695961118762986}
params_min= {'a1': 1.3856406460551018, 'a2': 1.8257418583505536, 'a3': 4.695742752749559} logZ_min= nan obs_min= 2.0660524273584927e-30
params_new= {'a1': 1.3856406460551018, 'a2': 1.8257418583505536, 'a3': 4.695961118762986} logZ_new= 3.2722429742984107 obs_new= 8.144651245511153e-32
params_max= {'a1': 1.3856406460551018, 'a2': 1.8257418583505536, 'a3': 4.696179484776414} logZ_max= 3.2722512054018704 obs_max= 1.3590600065049266e-30
dist_min= tensor(1386.0372) dist_max= tensor(0.7594)
params_min,params_max=params_min,params_new
evaluating model at params_new={'a1': 1.3856406460551018, 'a2': 1.8257418583505536, 'a3': 4.695851935756272}
params_min= {'a1': 1.3856406460551018, 'a2': 1.8257418583505536, 'a3': 4.695742752749559} logZ_min= nan obs_min= 2.0660524273584927e-30
params_new= {'a1': 1.3856406460551018, 'a2': 1.8257418583505536, 'a3': 4.695851935756272} logZ_new= 3.272244974274842 obs_new= 1.9971191092077194e-31
params_max= {'a1': 1.3856406460551018, 'a2': 1.8257418583505536, 'a3': 4.695961118762986} logZ_max= 3.2722429742984107 obs_max= 8.144651245511153e-32
dist_min= tensor(1386.0380) dist_max= tensor(0.7990)
params_min,params_max=params_min,params_new
evaluating model at params_new={'a1': 1.3856406460551018, 'a2': 1.8257418583505536, 'a3': 4.695797344252915}
params_min= {'a1': 1.3856406460551018, 'a2': 1.8257418583505536, 'a3': 4.695742752749559} logZ_min= nan obs_min= 2.0660524273584927e-30
params_new= {'a1': 1.3856406460551018, 'a2': 1.8257418583505536, 'a3': 4.695797344252915} logZ_new= 3.2722426102254016 obs_new= 6.253827421295108e-31
params_max= {'a1': 1.3856406460551018, 'a2': 1.8257418583505536, 'a3': 4.695851935756272} logZ_max= 3.272244974274842 obs_max= 1.9971191092077194e-31
dist_min= tensor(1386.0373) dist_max= tensor(0.8535)
params_min,params_max=params_min,params_new
evaluating model at params_new={'a1': 1.3856406460551018, 'a2': 1.8257418583505536, 'a3': 4.695770048501236}
params_min= {'a1': 1.3856406460551018, 'a2': 1.8257418583505536, 'a3': 4.695742752749559} logZ_min= nan obs_min= 2.0660524273584927e-30
params_new= {'a1': 1.3856406460551018, 'a2': 1.8257418583505536, 'a3': 4.695770048501236} logZ_new= 3.2722428003926165 obs_new= 2.9900459753499e-33
params_max= {'a1': 1.3856406460551018, 'a2': 1.8257418583505536, 'a3': 4.695797344252915} logZ_max= 3.2722426102254016 obs_max= 6.253827421295108e-31
dist_min= tensor(1386.4716) dist_max= tensor(1.5249)
params_min,params_max=params_min,params_new
evaluating model at params_new={'a1': 1.3856406460551018, 'a2': 1.8257418583505536, 'a3': 4.695756400625397}
params_min= {'a1': 1.3856406460551018, 'a2': 1.8257418583505536, 'a3': 4.695742752749559} logZ_min= nan obs_min= 2.0660524273584927e-30
params_new= {'a1': 1.3856406460551018, 'a2': 1.8257418583505536, 'a3': 4.695756400625397} logZ_new= 3.27224265940492 obs_new= 2.790805243065386e-30
params_max= {'a1': 1.3856406460551018, 'a2': 1.8257418583505536, 'a3': 4.695770048501236} logZ_max= 3.2722428003926165 obs_max= 2.9900459753499e-33
dist_min= tensor(1386.0374) dist_max= tensor(1.5840)
params_min,params_max=params_min,params_new
evaluating model at params_new={'a1': 1.3856406460551018, 'a2': 1.8257418583505536, 'a3': 4.6957495766874775}
params_min= {'a1': 1.3856406460551018, 'a2': 1.8257418583505536, 'a3': 4.695742752749559} logZ_min= nan obs_min= 2.0660524273584927e-30
params_new= {'a1': 1.3856406460551018, 'a2': 1.8257418583505536, 'a3': 4.6957495766874775} logZ_new= 3.2722429013506575 obs_new= 1.422864737542528e-31
params_max= {'a1': 1.3856406460551018, 'a2': 1.8257418583505536, 'a3': 4.695756400625397} logZ_max= 3.27224265940492 obs_max= 2.790805243065386e-30
dist_min= tensor(1386.0370) dist_max= tensor(0.5601)
params_min,params_max=params_min,params_new
evaluating model at params_new={'a1': 1.3856406460551018, 'a2': 1.8257418583505536, 'a3': 4.695746164718518}
params_min= {'a1': 1.3856406460551018, 'a2': 1.8257418583505536, 'a3': 4.695742752749559} logZ_min= nan obs_min= 2.0660524273584927e-30
params_new= {'a1': 1.3856406460551018, 'a2': 1.8257418583505536, 'a3': 4.695746164718518} logZ_new= 3.27223898802394 obs_new= 4.304549745112629e-31
params_max= {'a1': 1.3856406460551018, 'a2': 1.8257418583505536, 'a3': 4.6957495766874775} logZ_max= 3.2722429013506575 obs_max= 1.422864737542528e-31
dist_min= tensor(1386.0373) dist_max= tensor(0.5333)
params_min,params_max=params_min,params_new
evaluating model at params_new={'a1': 1.3856406460551018, 'a2': 1.8257418583505536, 'a3': 4.695744458734039}
params_min= {'a1': 1.3856406460551018, 'a2': 1.8257418583505536, 'a3': 4.695742752749559} logZ_min= nan obs_min= 2.0660524273584927e-30
params_new= {'a1': 1.3856406460551018, 'a2': 1.8257418583505536, 'a3': 4.695744458734039} logZ_new= 3.2722419826679574 obs_new= 1.2723635664543008e-33
params_max= {'a1': 1.3856406460551018, 'a2': 1.8257418583505536, 'a3': 4.695746164718518} logZ_max= 3.27223898802394 obs_max= 4.304549745112629e-31
dist_min= tensor(1386.0376) dist_max= tensor(0.3442)
params_min,params_max=params_min,params_new
evaluating model at params_new={'a1': 1.3856406460551018, 'a2': 1.8257418583505536, 'a3': 4.695743605741798}
params_min= {'a1': 1.3856406460551018, 'a2': 1.8257418583505536, 'a3': 4.695742752749559} logZ_min= nan obs_min= 2.0660524273584927e-30
params_new= {'a1': 1.3856406460551018, 'a2': 1.8257418583505536, 'a3': 4.695743605741798} logZ_new= nan obs_new= 5.164931137682694e-33
params_max= {'a1': 1.3856406460551018, 'a2': 1.8257418583505536, 'a3': 4.695744458734039} logZ_max= 3.2722419826679574 obs_max= 1.2723635664543008e-33
dist_min= tensor(1386.0929) dist_max= tensor(1.0242)
params_min,params_max=params_min,params_new
evaluating model at params_new={'a1': 1.3856406460551018, 'a2': 1.8257418583505536, 'a3': 4.695743179245678}
params_min= {'a1': 1.3856406460551018, 'a2': 1.8257418583505536, 'a3': 4.695742752749559} logZ_min= nan obs_min= 2.0660524273584927e-30
params_new= {'a1': 1.3856406460551018, 'a2': 1.8257418583505536, 'a3': 4.695743179245678} logZ_new= nan obs_new= 2.419417817897431e-33
params_max= {'a1': 1.3856406460551018, 'a2': 1.8257418583505536, 'a3': 4.695743605741798} logZ_max= nan obs_max= 5.164931137682694e-33
dist_min= tensor(1385.8301) dist_max= tensor(1.7162)
params_min,params_max=params_min,params_new
evaluating model at params_new={'a1': 1.3856406460551018, 'a2': 1.8257418583505536, 'a3': 4.695742965997619}
params_min= {'a1': 1.3856406460551018, 'a2': 1.8257418583505536, 'a3': 4.695742752749559} logZ_min= nan obs_min= 2.0660524273584927e-30
params_new= {'a1': 1.3856406460551018, 'a2': 1.8257418583505536, 'a3': 4.695742965997619} logZ_new= 3.2722417045486094 obs_new= 4.81376469603809e-34
params_max= {'a1': 1.3856406460551018, 'a2': 1.8257418583505536, 'a3': 4.695743179245678} logZ_max= nan obs_max= 2.419417817897431e-33
dist_min= tensor(1386.0371) dist_max= tensor(1.3872)
params_min,params_max=params_min,params_new
evaluating model at params_new={'a1': 1.3856406460551018, 'a2': 1.8257418583505536, 'a3': 4.695742859373588}
params_min= {'a1': 1.3856406460551018, 'a2': 1.8257418583505536, 'a3': 4.695742752749559} logZ_min= nan obs_min= 2.0660524273584927e-30
params_new= {'a1': 1.3856406460551018, 'a2': 1.8257418583505536, 'a3': 4.695742859373588} logZ_new= nan obs_new= 7.593910751868174e-33
params_max= {'a1': 1.3856406460551018, 'a2': 1.8257418583505536, 'a3': 4.695742965997619} logZ_max= 3.2722417045486094 obs_max= 4.81376469603809e-34
dist_min= tensor(1382.1945) dist_max= tensor(4.1055)
params_min,params_max=params_min,params_new
evaluating model at params_new={'a1': 1.3856406460551018, 'a2': 1.8257418583505536, 'a3': 4.695742806061574}
params_min= {'a1': 1.3856406460551018, 'a2': 1.8257418583505536, 'a3': 4.695742752749559} logZ_min= nan obs_min= 2.0660524273584927e-30
params_new= {'a1': 1.3856406460551018, 'a2': 1.8257418583505536, 'a3': 4.695742806061574} logZ_new= nan obs_new= 2.683319537920116e-31
params_max= {'a1': 1.3856406460551018, 'a2': 1.8257418583505536, 'a3': 4.695742859373588} logZ_max= nan obs_max= 7.593910751868174e-33
dist_min= tensor(1379.9577) dist_max= tensor(3.1959)
params_min,params_max=params_min,params_new
evaluating model at params_new={'a1': 1.3856406460551018, 'a2': 1.8257418583505536, 'a3': 4.695742779405567}
params_min= {'a1': 1.3856406460551018, 'a2': 1.8257418583505536, 'a3': 4.695742752749559} logZ_min= nan obs_min= 2.0660524273584927e-30
params_new= {'a1': 1.3856406460551018, 'a2': 1.8257418583505536, 'a3': 4.695742779405567} logZ_new= 3.2722429993604343 obs_new= 1.807551697226165e-33
params_max= {'a1': 1.3856406460551018, 'a2': 1.8257418583505536, 'a3': 4.695742806061574} logZ_max= nan obs_max= 2.683319537920116e-31
dist_min= tensor(1386.3833) dist_max= tensor(6.8489)
params_min,params_max=params_min,params_new
evaluating model at params_new={'a1': 1.3856406460551018, 'a2': 1.8257418583505536, 'a3': 4.695742766077563}
params_min= {'a1': 1.3856406460551018, 'a2': 1.8257418583505536, 'a3': 4.695742752749559} logZ_min= nan obs_min= 2.0660524273584927e-30
params_new= {'a1': 1.3856406460551018, 'a2': 1.8257418583505536, 'a3': 4.695742766077563} logZ_new= 3.2722428579434157 obs_new= 2.104405518184967e-30
params_max= {'a1': 1.3856406460551018, 'a2': 1.8257418583505536, 'a3': 4.695742779405567} logZ_max= 3.2722429993604343 obs_max= 1.807551697226165e-33
dist_min= tensor(1386.0377) dist_max= tensor(1.1127)
params_min,params_max=params_min,params_new
evaluating model at params_new={'a1': 1.3856406460551018, 'a2': 1.8257418583505536, 'a3': 4.695742759413561}
params_min= {'a1': 1.3856406460551018, 'a2': 1.8257418583505536, 'a3': 4.695742752749559} logZ_min= nan obs_min= 2.0660524273584927e-30
params_new= {'a1': 1.3856406460551018, 'a2': 1.8257418583505536, 'a3': 4.695742759413561} logZ_new= 3.272239404498219 obs_new= 4.788966324289471e-30
params_max= {'a1': 1.3856406460551018, 'a2': 1.8257418583505536, 'a3': 4.695742766077563} logZ_max= 3.2722428579434157 obs_max= 2.104405518184967e-30
dist_min= tensor(1386.0371) dist_max= tensor(0.5806)
params_min,params_max=params_min,params_new
evaluating model at params_new={'a1': 1.3856406460551018, 'a2': 1.8257418583505536, 'a3': 4.695742756081559}
params_min= {'a1': 1.3856406460551018, 'a2': 1.8257418583505536, 'a3': 4.695742752749559} logZ_min= nan obs_min= 2.0660524273584927e-30
params_new= {'a1': 1.3856406460551018, 'a2': 1.8257418583505536, 'a3': 4.695742756081559} logZ_new= 3.272242351211294 obs_new= 8.625781822933189e-32
params_max= {'a1': 1.3856406460551018, 'a2': 1.8257418583505536, 'a3': 4.695742759413561} logZ_max= 3.272239404498219 obs_max= 4.788966324289471e-30
dist_min= tensor(1386.0371) dist_max= tensor(0.3792)
params_min,params_max=params_min,params_new
evaluating model at params_new={'a1': 1.3856406460551018, 'a2': 1.8257418583505536, 'a3': 4.6957427544155586}
params_min= {'a1': 1.3856406460551018, 'a2': 1.8257418583505536, 'a3': 4.695742752749559} logZ_min= nan obs_min= 2.0660524273584927e-30
params_new= {'a1': 1.3856406460551018, 'a2': 1.8257418583505536, 'a3': 4.6957427544155586} logZ_new= 3.272238096645967 obs_new= 5.955854248337204e-33
params_max= {'a1': 1.3856406460551018, 'a2': 1.8257418583505536, 'a3': 4.695742756081559} logZ_max= 3.272242351211294 obs_max= 8.625781822933189e-32
dist_min= tensor(1386.4423) dist_max= tensor(2.3633)
params_min,params_max=params_min,params_new
evaluating model at params_new={'a1': 1.3856406460551018, 'a2': 1.8257418583505536, 'a3': 4.695742753582559}
params_min= {'a1': 1.3856406460551018, 'a2': 1.8257418583505536, 'a3': 4.695742752749559} logZ_min= nan obs_min= 2.0660524273584927e-30
params_new= {'a1': 1.3856406460551018, 'a2': 1.8257418583505536, 'a3': 4.695742753582559} logZ_new= 3.2722431936810565 obs_new= 2.1459053577560768e-30
params_max= {'a1': 1.3856406460551018, 'a2': 1.8257418583505536, 'a3': 4.6957427544155586} logZ_max= 3.272238096645967 obs_max= 5.955854248337204e-33
dist_min= tensor(1386.0370) dist_max= tensor(2.5306)
params_min,params_max=params_min,params_new
evaluating model at params_new={'a1': 1.3856406460551018, 'a2': 1.8257418583505536, 'a3': 4.6957427531660585}
params_min= {'a1': 1.3856406460551018, 'a2': 1.8257418583505536, 'a3': 4.695742752749559} logZ_min= nan obs_min= 2.0660524273584927e-30
params_new= {'a1': 1.3856406460551018, 'a2': 1.8257418583505536, 'a3': 4.6957427531660585} logZ_new= 3.272242608406717 obs_new= 1.7780975487745077e-33
params_max= {'a1': 1.3856406460551018, 'a2': 1.8257418583505536, 'a3': 4.695742753582559} logZ_max= 3.2722431936810565 obs_max= 2.1459053577560768e-30
dist_min= tensor(1386.6842) dist_max= tensor(1.6926)
params_min,params_max=params_min,params_new
evaluating model at params_new={'a1': 1.3856406460551018, 'a2': 1.8257418583505536, 'a3': 4.695742752957809}
params_min= {'a1': 1.3856406460551018, 'a2': 1.8257418583505536, 'a3': 4.695742752749559} logZ_min= nan obs_min= 2.0660524273584927e-30
params_new= {'a1': 1.3856406460551018, 'a2': 1.8257418583505536, 'a3': 4.695742752957809} logZ_new= 3.271993022440392 obs_new= 7.638609632669822e-33
params_max= {'a1': 1.3856406460551018, 'a2': 1.8257418583505536, 'a3': 4.6957427531660585} logZ_max= 3.272242608406717 obs_max= 1.7780975487745077e-33
dist_min= tensor(1387.3036) dist_max= tensor(44.9613)
params_min,params_max=params_min,params_new
evaluating model at params_new={'a1': 1.3856406460551018, 'a2': 1.8257418583505536, 'a3': 4.695742752853684}
params_min= {'a1': 1.3856406460551018, 'a2': 1.8257418583505536, 'a3': 4.695742752749559} logZ_min= nan obs_min= 2.0660524273584927e-30
params_new= {'a1': 1.3856406460551018, 'a2': 1.8257418583505536, 'a3': 4.695742752853684} logZ_new= 3.2722429790122805 obs_new= 1.5549780715799288e-30
params_max= {'a1': 1.3856406460551018, 'a2': 1.8257418583505536, 'a3': 4.695742752957809} logZ_max= 3.271993022440392 obs_max= 7.638609632669822e-33
dist_min= tensor(1386.0370) dist_max= tensor(44.3124)
params_min,params_max=params_min,params_new
evaluating model at params_new={'a1': 1.3856406460551018, 'a2': 1.8257418583505536, 'a3': 4.695742752801621}
params_min= {'a1': 1.3856406460551018, 'a2': 1.8257418583505536, 'a3': 4.695742752749559} logZ_min= nan obs_min= 2.0660524273584927e-30
params_new= {'a1': 1.3856406460551018, 'a2': 1.8257418583505536, 'a3': 4.695742752801621} logZ_new= 3.2722385095075066 obs_new= 1.2105470406598266e-33
params_max= {'a1': 1.3856406460551018, 'a2': 1.8257418583505536, 'a3': 4.695742752853684} logZ_max= 3.2722429790122805 obs_max= 1.5549780715799288e-30
dist_min= tensor(1386.6701) dist_max= tensor(1.5692)
params_min,params_max=params_min,params_new
evaluating model at params_new={'a1': 1.3856406460551018, 'a2': 1.8257418583505536, 'a3': 4.69574275277559}
params_min= {'a1': 1.3856406460551018, 'a2': 1.8257418583505536, 'a3': 4.695742752749559} logZ_min= nan obs_min= 2.0660524273584927e-30
params_new= {'a1': 1.3856406460551018, 'a2': 1.8257418583505536, 'a3': 4.69574275277559} logZ_new= nan obs_new= 1.3843775209927367e-31
params_max= {'a1': 1.3856406460551018, 'a2': 1.8257418583505536, 'a3': 4.695742752801621} logZ_max= 3.2722385095075066 obs_max= 1.2105470406598266e-33
dist_min= tensor(1385.3185) dist_max= tensor(7.3635)
params_min,params_max=params_min,params_new
evaluating model at params_new={'a1': 1.3856406460551018, 'a2': 1.8257418583505536, 'a3': 4.695742752762575}
params_min= {'a1': 1.3856406460551018, 'a2': 1.8257418583505536, 'a3': 4.695742752749559} logZ_min= nan obs_min= 2.0660524273584927e-30
params_new= {'a1': 1.3856406460551018, 'a2': 1.8257418583505536, 'a3': 4.695742752762575} logZ_new= nan obs_new= 2.806063940132132e-33
params_max= {'a1': 1.3856406460551018, 'a2': 1.8257418583505536, 'a3': 4.69574275277559} logZ_max= nan obs_max= 1.3843775209927367e-31
dist_min= tensor(1385.7947) dist_max= tensor(7.2162)
params_min,params_max=params_min,params_new
evaluating model at params_new={'a1': 1.3856406460551018, 'a2': 1.8257418583505536, 'a3': 4.6957427527560665}
params_min= {'a1': 1.3856406460551018, 'a2': 1.8257418583505536, 'a3': 4.695742752749559} logZ_min= nan obs_min= 2.0660524273584927e-30
params_new= {'a1': 1.3856406460551018, 'a2': 1.8257418583505536, 'a3': 4.6957427527560665} logZ_new= nan obs_new= 2.212434656133881e-33
params_max= {'a1': 1.3856406460551018, 'a2': 1.8257418583505536, 'a3': 4.695742752762575} logZ_max= nan obs_max= 2.806063940132132e-33
dist_min= tensor(1386.3245) dist_max= tensor(1.2016)
params_min,params_max=params_min,params_new
evaluating model at params_new={'a1': 1.3856406460551018, 'a2': 1.8257418583505536, 'a3': 4.695742752752812}
params_min= {'a1': 1.3856406460551018, 'a2': 1.8257418583505536, 'a3': 4.695742752749559} logZ_min= nan obs_min= 2.0660524273584927e-30
params_new= {'a1': 1.3856406460551018, 'a2': 1.8257418583505536, 'a3': 4.695742752752812} logZ_new= nan obs_new= 5.148987919912101e-34
params_max= {'a1': 1.3856406460551018, 'a2': 1.8257418583505536, 'a3': 4.6957427527560665} logZ_max= nan obs_max= 2.212434656133881e-33
dist_min= tensor(1384.6806) dist_max= tensor(2.5091)
params_min,params_max=params_min,params_new
evaluating model at params_new={'a1': 1.3856406460551018, 'a2': 1.8257418583505536, 'a3': 4.695742752751185}
params_min= {'a1': 1.3856406460551018, 'a2': 1.8257418583505536, 'a3': 4.695742752749559} logZ_min= nan obs_min= 2.0660524273584927e-30
params_new= {'a1': 1.3856406460551018, 'a2': 1.8257418583505536, 'a3': 4.695742752751185} logZ_new= nan obs_new= 6.647860165952085e-33
params_max= {'a1': 1.3856406460551018, 'a2': 1.8257418583505536, 'a3': 4.695742752752812} logZ_max= nan obs_max= 5.148987919912101e-34
dist_min= tensor(1385.3793) dist_max= tensor(5.9410)
params_min,params_max=params_min,params_new
evaluating model at params_new={'a1': 1.3856406460551018, 'a2': 1.8257418583505536, 'a3': 4.6957427527503715}
params_min= {'a1': 1.3856406460551018, 'a2': 1.8257418583505536, 'a3': 4.695742752749559} logZ_min= nan obs_min= 2.0660524273584927e-30
params_new= {'a1': 1.3856406460551018, 'a2': 1.8257418583505536, 'a3': 4.6957427527503715} logZ_new= 3.2722429582856116 obs_new= 1.3141788235687935e-34
params_max= {'a1': 1.3856406460551018, 'a2': 1.8257418583505536, 'a3': 4.695742752751185} logZ_max= nan obs_max= 6.647860165952085e-33
dist_min= tensor(1386.6846) dist_max= tensor(6.0608)
params_min,params_max=params_min,params_new
evaluating model at params_new={'a1': 1.3856406460551018, 'a2': 1.8257418583505536, 'a3': 4.695742752749965}
params_min= {'a1': 1.3856406460551018, 'a2': 1.8257418583505536, 'a3': 4.695742752749559} logZ_min= nan obs_min= 2.0660524273584927e-30
params_new= {'a1': 1.3856406460551018, 'a2': 1.8257418583505536, 'a3': 4.695742752749965} logZ_new= 3.272241652201181 obs_new= 1.5275436870570795e-30
params_max= {'a1': 1.3856406460551018, 'a2': 1.8257418583505536, 'a3': 4.6957427527503715} logZ_max= 3.2722429582856116 obs_max= 1.3141788235687935e-34
dist_min= tensor(1386.0371) dist_max= tensor(1.4700)
params_min,params_max=params_min,params_new
evaluating model at params_new={'a1': 1.3856406460551018, 'a2': 1.8257418583505536, 'a3': 4.695742752749762}
params_min= {'a1': 1.3856406460551018, 'a2': 1.8257418583505536, 'a3': 4.695742752749559} logZ_min= nan obs_min= 2.0660524273584927e-30
params_new= {'a1': 1.3856406460551018, 'a2': 1.8257418583505536, 'a3': 4.695742752749762} logZ_new= 3.272243222997483 obs_new= 1.315067538359963e-31
params_max= {'a1': 1.3856406460551018, 'a2': 1.8257418583505536, 'a3': 4.695742752749965} logZ_max= 3.272241652201181 obs_max= 1.5275436870570795e-30
dist_min= tensor(1386.5942) dist_max= tensor(6.3033)
params_min,params_max=params_min,params_new
evaluating model at params_new={'a1': 1.3856406460551018, 'a2': 1.8257418583505536, 'a3': 4.695742752749661}
params_min= {'a1': 1.3856406460551018, 'a2': 1.8257418583505536, 'a3': 4.695742752749559} logZ_min= nan obs_min= 2.0660524273584927e-30
params_new= {'a1': 1.3856406460551018, 'a2': 1.8257418583505536, 'a3': 4.695742752749661} logZ_new= 3.2722429579056502 obs_new= 3.782804580106989e-35
params_max= {'a1': 1.3856406460551018, 'a2': 1.8257418583505536, 'a3': 4.695742752749762} logZ_max= 3.272243222997483 obs_max= 1.315067538359963e-31
dist_min= tensor(1386.7849) dist_max= tensor(13.0838)
params_min,params_max=params_min,params_new
evaluating model at params_new={'a1': 1.3856406460551018, 'a2': 1.8257418583505536, 'a3': 4.695742752749609}
params_min= {'a1': 1.3856406460551018, 'a2': 1.8257418583505536, 'a3': 4.695742752749559} logZ_min= nan obs_min= 2.0660524273584927e-30
params_new= {'a1': 1.3856406460551018, 'a2': 1.8257418583505536, 'a3': 4.695742752749609} logZ_new= 3.2722427858372396 obs_new= 3.2825924503964385e-34
params_max= {'a1': 1.3856406460551018, 'a2': 1.8257418583505536, 'a3': 4.695742752749661} logZ_max= 3.2722429579056502 obs_max= 3.782804580106989e-35
dist_min= tensor(1386.0379) dist_max= tensor(18.3551)
params_min,params_max=params_min,params_new
evaluating model at params_new={'a1': 1.3856406460551018, 'a2': 1.8257418583505536, 'a3': 4.6957427527495845}
params_min= {'a1': 1.3856406460551018, 'a2': 1.8257418583505536, 'a3': 4.695742752749559} logZ_min= nan obs_min= 2.0660524273584927e-30
params_new= {'a1': 1.3856406460551018, 'a2': 1.8257418583505536, 'a3': 4.6957427527495845} logZ_new= 3.2722403636425774 obs_new= 6.924417062385398e-32
params_max= {'a1': 1.3856406460551018, 'a2': 1.8257418583505536, 'a3': 4.695742752749609} logZ_max= 3.2722427858372396 obs_max= 3.2825924503964385e-34
dist_min= tensor(1386.0407) dist_max= tensor(0.5932)
params_min,params_max=params_min,params_new
evaluating model at params_new={'a1': 1.3856406460551018, 'a2': 1.8257418583505536, 'a3': 4.695742752749572}
params_min= {'a1': 1.3856406460551018, 'a2': 1.8257418583505536, 'a3': 4.695742752749559} logZ_min= nan obs_min= 2.0660524273584927e-30
params_new= {'a1': 1.3856406460551018, 'a2': 1.8257418583505536, 'a3': 4.695742752749572} logZ_new= 3.27224317371782 obs_new= 3.411299548829123e-30
params_max= {'a1': 1.3856406460551018, 'a2': 1.8257418583505536, 'a3': 4.6957427527495845} logZ_max= 3.2722403636425774 obs_max= 6.924417062385398e-32
dist_min= tensor(1386.3289) dist_max= tensor(0.9677)
params_min,params_max=params_min,params_new
evaluating model at params_new={'a1': 1.3856406460551018, 'a2': 1.8257418583505536, 'a3': 4.695742752749565}
params_min= {'a1': 1.3856406460551018, 'a2': 1.8257418583505536, 'a3': 4.695742752749559} logZ_min= nan obs_min= 2.0660524273584927e-30
params_new= {'a1': 1.3856406460551018, 'a2': 1.8257418583505536, 'a3': 4.695742752749565} logZ_new= 3.2722422931809443 obs_new= 7.472327605159351e-31
params_max= {'a1': 1.3856406460551018, 'a2': 1.8257418583505536, 'a3': 4.695742752749572} logZ_max= 3.27224317371782 obs_max= 3.411299548829123e-30
dist_min= tensor(1386.0371) dist_max= tensor(1.3553)
params_min,params_max=params_min,params_new
evaluating model at params_new={'a1': 1.3856406460551018, 'a2': 1.8257418583505536, 'a3': 4.695742752749561}
params_min= {'a1': 1.3856406460551018, 'a2': 1.8257418583505536, 'a3': 4.695742752749559} logZ_min= nan obs_min= 2.0660524273584927e-30
params_new= {'a1': 1.3856406460551018, 'a2': 1.8257418583505536, 'a3': 4.695742752749561} logZ_new= nan obs_new= 1.264912076312581e-30
params_max= {'a1': 1.3856406460551018, 'a2': 1.8257418583505536, 'a3': 4.695742752749565} logZ_max= 3.2722422931809443 obs_max= 7.472327605159351e-31
dist_min= tensor(1386.0108) dist_max= tensor(23.6226)
params_min,params_max=params_min,params_new
evaluating model at params_new={'a1': 1.3856406460551018, 'a2': 1.8257418583505536, 'a3': 4.69574275274956}
params_min= {'a1': 1.3856406460551018, 'a2': 1.8257418583505536, 'a3': 4.695742752749559} logZ_min= nan obs_min= 2.0660524273584927e-30
params_new= {'a1': 1.3856406460551018, 'a2': 1.8257418583505536, 'a3': 4.69574275274956} logZ_new= 3.2722427052755547 obs_new= 4.045578313559258e-33
params_max= {'a1': 1.3856406460551018, 'a2': 1.8257418583505536, 'a3': 4.695742752749561} logZ_max= nan obs_max= 1.264912076312581e-30
dist_min= tensor(1386.4070) dist_max= tensor(23.1006)
params_min,params_max=params_min,params_new
critical params found:  {'a1': 1.3856406460551018, 'a2': 1.8257418583505536, 'a3': 4.69574275274956}
reference params:  {'a1': 1.1547005383792515, 'a2': 1.8257418583505538, 'a3': 4.47213595499958}
file saved to  data/AKLT3D_X10_scan_grid_critical_a3/a1_1.3856406_a2_1.8257419/Tc.json
