Start running find_critical_temp.py with options:{'filename': 'data/AKLT3D_X10_scan_grid_critical_a3/a1_0.6928203_a2_1.0954451/Tc.json', 'log_filename': 'data/AKLT3D_X10_scan_grid_critical_a3/a1_0.6928203_a2_1.0954451/Tc.log', 'nLayers': 60, 'max_dim': 10, 'model': 'AKLT3D', 'params_min': "{'a1': 0.6928203230275509, 'a2': 1.0954451150103324, 'a3': 2.683281572999748}", 'params_max': "{'a1': 0.6928203230275509, 'a2': 1.0954451150103324, 'a3': 3.577708763999664}", 'params_ref': None, 'observable_name': 'magnetizationZ', 'tol': 0.0, 'gilt_enabled': False, 'gilt_eps': 8e-07, 'gilt_nIter': 1, 'mcf_enabled': True, 'mcf_eps': 1e-16, 'mcf_max_iter': 200, 'hotrg_sanity_check': False, 'version': 1, 'device': 'cuda:1'}
loading library...
evaluating model at params_min={'a1': 0.6928203230275509, 'a2': 1.0954451150103324, 'a3': 2.683281572999748}
params_min= {'a1': 0.6928203230275509, 'a2': 1.0954451150103324, 'a3': 2.683281572999748} logZ_min= 2.4577797565331267 obs_min= 1.0424540135788539e-33
evaluating model at params_max={'a1': 0.6928203230275509, 'a2': 1.0954451150103324, 'a3': 3.577708763999664}
params_max= {'a1': 0.6928203230275509, 'a2': 1.0954451150103324, 'a3': 3.577708763999664} logZ_max= 2.5793703007165654 obs_max= 8.306128989547588
searching for critical temperature using bisection method
evaluating model at params_new={'a1': 0.6928203230275509, 'a2': 1.0954451150103324, 'a3': 3.130495168499706}
params_min= {'a1': 0.6928203230275509, 'a2': 1.0954451150103324, 'a3': 2.683281572999748} logZ_min= 2.4577797565331267 obs_min= 1.0424540135788539e-33
params_new= {'a1': 0.6928203230275509, 'a2': 1.0954451150103324, 'a3': 3.130495168499706} logZ_new= 2.4717794167476708 obs_new= 6.87962483095457e-32
params_max= {'a1': 0.6928203230275509, 'a2': 1.0954451150103324, 'a3': 3.577708763999664} logZ_max= 2.5793703007165654 obs_max= 8.306128989547588
dist_min= tensor(20077.6683) dist_max= tensor(20162.3122)
params_min,params_max=params_new,params_max
evaluating model at params_new={'a1': 0.6928203230275509, 'a2': 1.0954451150103324, 'a3': 3.3541019662496847}
params_min= {'a1': 0.6928203230275509, 'a2': 1.0954451150103324, 'a3': 3.130495168499706} logZ_min= 2.4717794167476708 obs_min= 6.87962483095457e-32
params_new= {'a1': 0.6928203230275509, 'a2': 1.0954451150103324, 'a3': 3.3541019662496847} logZ_new= 2.4792371015910386 obs_new= 3.424402593177542e-31
params_max= {'a1': 0.6928203230275509, 'a2': 1.0954451150103324, 'a3': 3.577708763999664} logZ_max= 2.5793703007165654 obs_max= 8.306128989547588
dist_min= tensor(20227.5335) dist_max= tensor(1791.0191)
params_min,params_max=params_min,params_new
evaluating model at params_new={'a1': 0.6928203230275509, 'a2': 1.0954451150103324, 'a3': 3.2422985673746956}
params_min= {'a1': 0.6928203230275509, 'a2': 1.0954451150103324, 'a3': 3.130495168499706} logZ_min= 2.4717794167476708 obs_min= 6.87962483095457e-32
params_new= {'a1': 0.6928203230275509, 'a2': 1.0954451150103324, 'a3': 3.2422985673746956} logZ_new= nan obs_new= 1.2528991466445465e-30
params_max= {'a1': 0.6928203230275509, 'a2': 1.0954451150103324, 'a3': 3.3541019662496847} logZ_max= 2.4792371015910386 obs_max= 3.424402593177542e-31
dist_min= tensor(18367.9115) dist_max= tensor(2530.8168)
params_min,params_max=params_min,params_new
evaluating model at params_new={'a1': 0.6928203230275509, 'a2': 1.0954451150103324, 'a3': 3.1863968679372006}
params_min= {'a1': 0.6928203230275509, 'a2': 1.0954451150103324, 'a3': 3.130495168499706} logZ_min= 2.4717794167476708 obs_min= 6.87962483095457e-32
params_new= {'a1': 0.6928203230275509, 'a2': 1.0954451150103324, 'a3': 3.1863968679372006} logZ_new= 2.4738033545870004 obs_new= 4.259238207426138e-33
params_max= {'a1': 0.6928203230275509, 'a2': 1.0954451150103324, 'a3': 3.2422985673746956} logZ_max= nan obs_max= 1.2528991466445465e-30
dist_min= tensor(15112.2162) dist_max= tensor(3255.7409)
params_min,params_max=params_min,params_new
evaluating model at params_new={'a1': 0.6928203230275509, 'a2': 1.0954451150103324, 'a3': 3.158446018218453}
params_min= {'a1': 0.6928203230275509, 'a2': 1.0954451150103324, 'a3': 3.130495168499706} logZ_min= 2.4717794167476708 obs_min= 6.87962483095457e-32
params_new= {'a1': 0.6928203230275509, 'a2': 1.0954451150103324, 'a3': 3.158446018218453} logZ_new= 2.472516395783331 obs_new= 2.7815003599255013e-32
params_max= {'a1': 0.6928203230275509, 'a2': 1.0954451150103324, 'a3': 3.1863968679372006} logZ_max= 2.4738033545870004 obs_max= 4.259238207426138e-33
dist_min= tensor(12858.7158) dist_max= tensor(2253.5388)
params_min,params_max=params_min,params_new
evaluating model at params_new={'a1': 0.6928203230275509, 'a2': 1.0954451150103324, 'a3': 3.1444705933590793}
params_min= {'a1': 0.6928203230275509, 'a2': 1.0954451150103324, 'a3': 3.130495168499706} logZ_min= 2.4717794167476708 obs_min= 6.87962483095457e-32
params_new= {'a1': 0.6928203230275509, 'a2': 1.0954451150103324, 'a3': 3.1444705933590793} logZ_new= nan obs_new= 6.750290517498336e-35
params_max= {'a1': 0.6928203230275509, 'a2': 1.0954451150103324, 'a3': 3.158446018218453} logZ_max= 2.472516395783331 obs_max= 2.7815003599255013e-32
dist_min= tensor(8732.0096) dist_max= tensor(4126.8464)
params_min,params_max=params_min,params_new
evaluating model at params_new={'a1': 0.6928203230275509, 'a2': 1.0954451150103324, 'a3': 3.137482880929393}
params_min= {'a1': 0.6928203230275509, 'a2': 1.0954451150103324, 'a3': 3.130495168499706} logZ_min= 2.4717794167476708 obs_min= 6.87962483095457e-32
params_new= {'a1': 0.6928203230275509, 'a2': 1.0954451150103324, 'a3': 3.137482880929393} logZ_new= 2.4719568723983625 obs_new= 2.375035237359403e-33
params_max= {'a1': 0.6928203230275509, 'a2': 1.0954451150103324, 'a3': 3.1444705933590793} logZ_max= nan obs_max= 6.750290517498336e-35
dist_min= tensor(5266.9204) dist_max= tensor(3465.3680)
params_min,params_max=params_min,params_new
evaluating model at params_new={'a1': 0.6928203230275509, 'a2': 1.0954451150103324, 'a3': 3.133989024714549}
params_min= {'a1': 0.6928203230275509, 'a2': 1.0954451150103324, 'a3': 3.130495168499706} logZ_min= 2.4717794167476708 obs_min= 6.87962483095457e-32
params_new= {'a1': 0.6928203230275509, 'a2': 1.0954451150103324, 'a3': 3.133989024714549} logZ_new= nan obs_new= -8.973356576865508e-37
params_max= {'a1': 0.6928203230275509, 'a2': 1.0954451150103324, 'a3': 3.137482880929393} logZ_max= 2.4719568723983625 obs_max= 2.375035237359403e-33
dist_min= tensor(2927.0548) dist_max= tensor(2340.4266)
params_min,params_max=params_min,params_new
evaluating model at params_new={'a1': 0.6928203230275509, 'a2': 1.0954451150103324, 'a3': 3.1322420966071274}
params_min= {'a1': 0.6928203230275509, 'a2': 1.0954451150103324, 'a3': 3.130495168499706} logZ_min= 2.4717794167476708 obs_min= 6.87962483095457e-32
params_new= {'a1': 0.6928203230275509, 'a2': 1.0954451150103324, 'a3': 3.1322420966071274} logZ_new= nan obs_new= 1.522243640753482e-34
params_max= {'a1': 0.6928203230275509, 'a2': 1.0954451150103324, 'a3': 3.133989024714549} logZ_max= nan obs_max= -8.973356576865508e-37
dist_min= tensor(1551.1951) dist_max= tensor(1379.8767)
params_min,params_max=params_min,params_new
evaluating model at params_new={'a1': 0.6928203230275509, 'a2': 1.0954451150103324, 'a3': 3.131368632553417}
params_min= {'a1': 0.6928203230275509, 'a2': 1.0954451150103324, 'a3': 3.130495168499706} logZ_min= 2.4717794167476708 obs_min= 6.87962483095457e-32
params_new= {'a1': 0.6928203230275509, 'a2': 1.0954451150103324, 'a3': 3.131368632553417} logZ_new= nan obs_new= 1.6813926961050413e-32
params_max= {'a1': 0.6928203230275509, 'a2': 1.0954451150103324, 'a3': 3.1322420966071274} logZ_max= nan obs_max= 1.522243640753482e-34
dist_min= tensor(810.6925) dist_max= tensor(763.1276)
params_min,params_max=params_min,params_new
evaluating model at params_new={'a1': 0.6928203230275509, 'a2': 1.0954451150103324, 'a3': 3.1309319005265612}
params_min= {'a1': 0.6928203230275509, 'a2': 1.0954451150103324, 'a3': 3.130495168499706} logZ_min= 2.4717794167476708 obs_min= 6.87962483095457e-32
params_new= {'a1': 0.6928203230275509, 'a2': 1.0954451150103324, 'a3': 3.1309319005265612} logZ_new= 2.471670586350737 obs_new= 4.1153531229929225e-33
params_max= {'a1': 0.6928203230275509, 'a2': 1.0954451150103324, 'a3': 3.131368632553417} logZ_max= nan obs_max= 1.6813926961050413e-32
dist_min= tensor(534.2130) dist_max= tensor(518.7418)
params_min,params_max=params_min,params_new
evaluating model at params_new={'a1': 0.6928203230275509, 'a2': 1.0954451150103324, 'a3': 3.1307135345131334}
params_min= {'a1': 0.6928203230275509, 'a2': 1.0954451150103324, 'a3': 3.130495168499706} logZ_min= 2.4717794167476708 obs_min= 6.87962483095457e-32
params_new= {'a1': 0.6928203230275509, 'a2': 1.0954451150103324, 'a3': 3.1307135345131334} logZ_new= nan obs_new= 1.6524445702127847e-31
params_max= {'a1': 0.6928203230275509, 'a2': 1.0954451150103324, 'a3': 3.1309319005265612} logZ_max= 2.471670586350737 obs_max= 4.1153531229929225e-33
dist_min= tensor(255.0484) dist_max= tensor(410.7886)
params_min,params_max=params_new,params_max
evaluating model at params_new={'a1': 0.6928203230275509, 'a2': 1.0954451150103324, 'a3': 3.1308227175198473}
params_min= {'a1': 0.6928203230275509, 'a2': 1.0954451150103324, 'a3': 3.1307135345131334} logZ_min= nan obs_min= 1.6524445702127847e-31
params_new= {'a1': 0.6928203230275509, 'a2': 1.0954451150103324, 'a3': 3.1308227175198473} logZ_new= 2.4716346176138604 obs_new= 5.8274193084753135e-34
params_max= {'a1': 0.6928203230275509, 'a2': 1.0954451150103324, 'a3': 3.1309319005265612} logZ_max= 2.471670586350737 obs_max= 4.1153531229929225e-33
dist_min= tensor(162.8472) dist_max= tensor(352.9869)
params_min,params_max=params_new,params_max
evaluating model at params_new={'a1': 0.6928203230275509, 'a2': 1.0954451150103324, 'a3': 3.1308773090232043}
params_min= {'a1': 0.6928203230275509, 'a2': 1.0954451150103324, 'a3': 3.1308227175198473} logZ_min= 2.4716346176138604 obs_min= 5.8274193084753135e-34
params_new= {'a1': 0.6928203230275509, 'a2': 1.0954451150103324, 'a3': 3.1308773090232043} logZ_new= 2.4717759672001645 obs_new= 3.425750882739059e-32
params_max= {'a1': 0.6928203230275509, 'a2': 1.0954451150103324, 'a3': 3.1309319005265612} logZ_max= 2.471670586350737 obs_max= 4.1153531229929225e-33
dist_min= tensor(561.4750) dist_max= tensor(654.5808)
params_min,params_max=params_new,params_max
evaluating model at params_new={'a1': 0.6928203230275509, 'a2': 1.0954451150103324, 'a3': 3.1309046047748827}
params_min= {'a1': 0.6928203230275509, 'a2': 1.0954451150103324, 'a3': 3.1308773090232043} logZ_min= 2.4717759672001645 obs_min= 3.425750882739059e-32
params_new= {'a1': 0.6928203230275509, 'a2': 1.0954451150103324, 'a3': 3.1309046047748827} logZ_new= 2.471416673181115 obs_new= 5.329290920160118e-35
params_max= {'a1': 0.6928203230275509, 'a2': 1.0954451150103324, 'a3': 3.1309319005265612} logZ_max= 2.471670586350737 obs_max= 4.1153531229929225e-33
dist_min= tensor(559.8722) dist_max= tensor(339.4753)
params_min,params_max=params_min,params_new
evaluating model at params_new={'a1': 0.6928203230275509, 'a2': 1.0954451150103324, 'a3': 3.1308909568990435}
params_min= {'a1': 0.6928203230275509, 'a2': 1.0954451150103324, 'a3': 3.1308773090232043} logZ_min= 2.4717759672001645 obs_min= 3.425750882739059e-32
params_new= {'a1': 0.6928203230275509, 'a2': 1.0954451150103324, 'a3': 3.1308909568990435} logZ_new= nan obs_new= 4.8276897045558885e-33
params_max= {'a1': 0.6928203230275509, 'a2': 1.0954451150103324, 'a3': 3.1309046047748827} logZ_max= 2.471416673181115 obs_max= 5.329290920160118e-35
dist_min= tensor(559.7095) dist_max= tensor(17.9992)
params_min,params_max=params_min,params_new
evaluating model at params_new={'a1': 0.6928203230275509, 'a2': 1.0954451150103324, 'a3': 3.130884132961124}
params_min= {'a1': 0.6928203230275509, 'a2': 1.0954451150103324, 'a3': 3.1308773090232043} logZ_min= 2.4717759672001645 obs_min= 3.425750882739059e-32
params_new= {'a1': 0.6928203230275509, 'a2': 1.0954451150103324, 'a3': 3.130884132961124} logZ_new= nan obs_new= 1.8173238332253511e-34
params_max= {'a1': 0.6928203230275509, 'a2': 1.0954451150103324, 'a3': 3.1308909568990435} logZ_max= nan obs_max= 4.8276897045558885e-33
dist_min= tensor(559.3141) dist_max= tensor(14.5606)
params_min,params_max=params_min,params_new
evaluating model at params_new={'a1': 0.6928203230275509, 'a2': 1.0954451150103324, 'a3': 3.130880720992164}
params_min= {'a1': 0.6928203230275509, 'a2': 1.0954451150103324, 'a3': 3.1308773090232043} logZ_min= 2.4717759672001645 obs_min= 3.425750882739059e-32
params_new= {'a1': 0.6928203230275509, 'a2': 1.0954451150103324, 'a3': 3.130880720992164} logZ_new= 2.471680048018717 obs_new= 3.02145259432111e-31
params_max= {'a1': 0.6928203230275509, 'a2': 1.0954451150103324, 'a3': 3.130884132961124} logZ_max= nan obs_max= 1.8173238332253511e-34
dist_min= tensor(559.2748) dist_max= tensor(3.0481)
params_min,params_max=params_min,params_new
evaluating model at params_new={'a1': 0.6928203230275509, 'a2': 1.0954451150103324, 'a3': 3.130879015007684}
params_min= {'a1': 0.6928203230275509, 'a2': 1.0954451150103324, 'a3': 3.1308773090232043} logZ_min= 2.4717759672001645 obs_min= 3.425750882739059e-32
params_new= {'a1': 0.6928203230275509, 'a2': 1.0954451150103324, 'a3': 3.130879015007684} logZ_new= 2.471619502849846 obs_new= 1.0063965833833833e-32
params_max= {'a1': 0.6928203230275509, 'a2': 1.0954451150103324, 'a3': 3.130880720992164} logZ_max= 2.471680048018717 obs_max= 3.02145259432111e-31
dist_min= tensor(559.2682) dist_max= tensor(1.4254)
params_min,params_max=params_min,params_new
evaluating model at params_new={'a1': 0.6928203230275509, 'a2': 1.0954451150103324, 'a3': 3.130878162015444}
params_min= {'a1': 0.6928203230275509, 'a2': 1.0954451150103324, 'a3': 3.1308773090232043} logZ_min= 2.4717759672001645 obs_min= 3.425750882739059e-32
params_new= {'a1': 0.6928203230275509, 'a2': 1.0954451150103324, 'a3': 3.130878162015444} logZ_new= nan obs_new= 3.949828503590522e-34
params_max= {'a1': 0.6928203230275509, 'a2': 1.0954451150103324, 'a3': 3.130879015007684} logZ_max= 2.471619502849846 obs_max= 1.0063965833833833e-32
dist_min= tensor(560.5653) dist_max= tensor(37.4433)
params_min,params_max=params_min,params_new
evaluating model at params_new={'a1': 0.6928203230275509, 'a2': 1.0954451150103324, 'a3': 3.1308777355193245}
params_min= {'a1': 0.6928203230275509, 'a2': 1.0954451150103324, 'a3': 3.1308773090232043} logZ_min= 2.4717759672001645 obs_min= 3.425750882739059e-32
params_new= {'a1': 0.6928203230275509, 'a2': 1.0954451150103324, 'a3': 3.1308777355193245} logZ_new= 2.471539871362895 obs_new= 1.6304906960991244e-32
params_max= {'a1': 0.6928203230275509, 'a2': 1.0954451150103324, 'a3': 3.130878162015444} logZ_max= nan obs_max= 3.949828503590522e-34
dist_min= tensor(629.5244) dist_max= tensor(365.7327)
params_min,params_max=params_min,params_new
evaluating model at params_new={'a1': 0.6928203230275509, 'a2': 1.0954451150103324, 'a3': 3.1308775222712644}
params_min= {'a1': 0.6928203230275509, 'a2': 1.0954451150103324, 'a3': 3.1308773090232043} logZ_min= 2.4717759672001645 obs_min= 3.425750882739059e-32
params_new= {'a1': 0.6928203230275509, 'a2': 1.0954451150103324, 'a3': 3.1308775222712644} logZ_new= 2.471749891177282 obs_new= 2.220429412278618e-32
params_max= {'a1': 0.6928203230275509, 'a2': 1.0954451150103324, 'a3': 3.1308777355193245} logZ_max= 2.471539871362895 obs_max= 1.6304906960991244e-32
dist_min= tensor(411707.1593) dist_max= tensor(411707.0587)
params_min,params_max=params_min,params_new
evaluating model at params_new={'a1': 0.6928203230275509, 'a2': 1.0954451150103324, 'a3': 3.1308774156472343}
params_min= {'a1': 0.6928203230275509, 'a2': 1.0954451150103324, 'a3': 3.1308773090232043} logZ_min= 2.4717759672001645 obs_min= 3.425750882739059e-32
params_new= {'a1': 0.6928203230275509, 'a2': 1.0954451150103324, 'a3': 3.1308774156472343} logZ_new= 2.4718261053987005 obs_new= 9.09997197327987e-32
params_max= {'a1': 0.6928203230275509, 'a2': 1.0954451150103324, 'a3': 3.1308775222712644} logZ_max= 2.471749891177282 obs_max= 2.220429412278618e-32
dist_min= tensor(559.2634) dist_max= tensor(411706.7532)
params_min,params_max=params_new,params_max
evaluating model at params_new={'a1': 0.6928203230275509, 'a2': 1.0954451150103324, 'a3': 3.130877468959249}
params_min= {'a1': 0.6928203230275509, 'a2': 1.0954451150103324, 'a3': 3.1308774156472343} logZ_min= 2.4718261053987005 obs_min= 9.09997197327987e-32
params_new= {'a1': 0.6928203230275509, 'a2': 1.0954451150103324, 'a3': 3.130877468959249} logZ_new= nan obs_new= 1.4254326249558993e-34
params_max= {'a1': 0.6928203230275509, 'a2': 1.0954451150103324, 'a3': 3.1308775222712644} logZ_max= 2.471749891177282 obs_max= 2.220429412278618e-32
dist_min= tensor(511.3430) dist_max= tensor(411706.5670)
params_min,params_max=params_new,params_max
evaluating model at params_new={'a1': 0.6928203230275509, 'a2': 1.0954451150103324, 'a3': 3.1308774956152567}
params_min= {'a1': 0.6928203230275509, 'a2': 1.0954451150103324, 'a3': 3.130877468959249} logZ_min= nan obs_min= 1.4254326249558993e-34
params_new= {'a1': 0.6928203230275509, 'a2': 1.0954451150103324, 'a3': 3.1308774956152567} logZ_new= 2.4717988965305793 obs_new= 4.298796216793165e-34
params_max= {'a1': 0.6928203230275509, 'a2': 1.0954451150103324, 'a3': 3.1308775222712644} logZ_max= 2.471749891177282 obs_max= 2.220429412278618e-32
dist_min= tensor(511.5123) dist_max= tensor(411706.8332)
params_min,params_max=params_new,params_max
evaluating model at params_new={'a1': 0.6928203230275509, 'a2': 1.0954451150103324, 'a3': 3.130877508943261}
params_min= {'a1': 0.6928203230275509, 'a2': 1.0954451150103324, 'a3': 3.1308774956152567} logZ_min= 2.4717988965305793 obs_min= 4.298796216793165e-34
params_new= {'a1': 0.6928203230275509, 'a2': 1.0954451150103324, 'a3': 3.130877508943261} logZ_new= 2.4718144703531224 obs_new= 2.6795403452238794e-31
params_max= {'a1': 0.6928203230275509, 'a2': 1.0954451150103324, 'a3': 3.1308775222712644} logZ_max= 2.471749891177282 obs_max= 2.220429412278618e-32
dist_min= tensor(22.7895) dist_max= tensor(411706.7552)
params_min,params_max=params_new,params_max
evaluating model at params_new={'a1': 0.6928203230275509, 'a2': 1.0954451150103324, 'a3': 3.1308775156072626}
params_min= {'a1': 0.6928203230275509, 'a2': 1.0954451150103324, 'a3': 3.130877508943261} logZ_min= 2.4718144703531224 obs_min= 2.6795403452238794e-31
params_new= {'a1': 0.6928203230275509, 'a2': 1.0954451150103324, 'a3': 3.1308775156072626} logZ_new= nan obs_new= 1.1757203341734949e-34
params_max= {'a1': 0.6928203230275509, 'a2': 1.0954451150103324, 'a3': 3.1308775222712644} logZ_max= 2.471749891177282 obs_max= 2.220429412278618e-32
dist_min= tensor(15.1810) dist_max= tensor(411706.7555)
params_min,params_max=params_new,params_max
evaluating model at params_new={'a1': 0.6928203230275509, 'a2': 1.0954451150103324, 'a3': 3.1308775189392635}
params_min= {'a1': 0.6928203230275509, 'a2': 1.0954451150103324, 'a3': 3.1308775156072626} logZ_min= nan obs_min= 1.1757203341734949e-34
params_new= {'a1': 0.6928203230275509, 'a2': 1.0954451150103324, 'a3': 3.1308775189392635} logZ_new= 2.4718074836140684 obs_new= 6.623071097113522e-32
params_max= {'a1': 0.6928203230275509, 'a2': 1.0954451150103324, 'a3': 3.1308775222712644} logZ_max= 2.471749891177282 obs_max= 2.220429412278618e-32
dist_min= tensor(20.3163) dist_max= tensor(411706.8953)
params_min,params_max=params_new,params_max
evaluating model at params_new={'a1': 0.6928203230275509, 'a2': 1.0954451150103324, 'a3': 3.1308775206052637}
params_min= {'a1': 0.6928203230275509, 'a2': 1.0954451150103324, 'a3': 3.1308775189392635} logZ_min= 2.4718074836140684 obs_min= 6.623071097113522e-32
params_new= {'a1': 0.6928203230275509, 'a2': 1.0954451150103324, 'a3': 3.1308775206052637} logZ_new= 2.471743366206947 obs_new= 1.802410799762545e-33
params_max= {'a1': 0.6928203230275509, 'a2': 1.0954451150103324, 'a3': 3.1308775222712644} logZ_max= 2.471749891177282 obs_max= 2.220429412278618e-32
dist_min= tensor(47.3071) dist_max= tensor(411706.9803)
params_min,params_max=params_new,params_max
evaluating model at params_new={'a1': 0.6928203230275509, 'a2': 1.0954451150103324, 'a3': 3.130877521438264}
params_min= {'a1': 0.6928203230275509, 'a2': 1.0954451150103324, 'a3': 3.1308775206052637} logZ_min= 2.471743366206947 obs_min= 1.802410799762545e-33
params_new= {'a1': 0.6928203230275509, 'a2': 1.0954451150103324, 'a3': 3.130877521438264} logZ_new= nan obs_new= 2.8482971766390216e-34
params_max= {'a1': 0.6928203230275509, 'a2': 1.0954451150103324, 'a3': 3.1308775222712644} logZ_max= 2.471749891177282 obs_max= 2.220429412278618e-32
dist_min= tensor(47.7527) dist_max= tensor(411706.7552)
params_min,params_max=params_new,params_max
evaluating model at params_new={'a1': 0.6928203230275509, 'a2': 1.0954451150103324, 'a3': 3.130877521854764}
params_min= {'a1': 0.6928203230275509, 'a2': 1.0954451150103324, 'a3': 3.130877521438264} logZ_min= nan obs_min= 2.8482971766390216e-34
params_new= {'a1': 0.6928203230275509, 'a2': 1.0954451150103324, 'a3': 3.130877521854764} logZ_new= 2.4711372723215126 obs_new= 2.7878967104654387e-32
params_max= {'a1': 0.6928203230275509, 'a2': 1.0954451150103324, 'a3': 3.1308775222712644} logZ_max= 2.471749891177282 obs_max= 2.220429412278618e-32
dist_min= tensor(1.1756) dist_max= tensor(411706.7546)
params_min,params_max=params_new,params_max
evaluating model at params_new={'a1': 0.6928203230275509, 'a2': 1.0954451150103324, 'a3': 3.130877522063014}
params_min= {'a1': 0.6928203230275509, 'a2': 1.0954451150103324, 'a3': 3.130877521854764} logZ_min= 2.4711372723215126 obs_min= 2.7878967104654387e-32
params_new= {'a1': 0.6928203230275509, 'a2': 1.0954451150103324, 'a3': 3.130877522063014} logZ_new= 2.4716442838230694 obs_new= 6.0426019783946035e-31
params_max= {'a1': 0.6928203230275509, 'a2': 1.0954451150103324, 'a3': 3.1308775222712644} logZ_max= 2.471749891177282 obs_max= 2.220429412278618e-32
dist_min= tensor(0.5843) dist_max= tensor(411706.7549)
params_min,params_max=params_new,params_max
evaluating model at params_new={'a1': 0.6928203230275509, 'a2': 1.0954451150103324, 'a3': 3.130877522167139}
params_min= {'a1': 0.6928203230275509, 'a2': 1.0954451150103324, 'a3': 3.130877522063014} logZ_min= 2.4716442838230694 obs_min= 6.0426019783946035e-31
params_new= {'a1': 0.6928203230275509, 'a2': 1.0954451150103324, 'a3': 3.130877522167139} logZ_new= nan obs_new= 1.1035528983124414e-34
params_max= {'a1': 0.6928203230275509, 'a2': 1.0954451150103324, 'a3': 3.1308775222712644} logZ_max= 2.471749891177282 obs_max= 2.220429412278618e-32
dist_min= tensor(1.2571) dist_max= tensor(411706.7552)
params_min,params_max=params_new,params_max
evaluating model at params_new={'a1': 0.6928203230275509, 'a2': 1.0954451150103324, 'a3': 3.130877522219202}
params_min= {'a1': 0.6928203230275509, 'a2': 1.0954451150103324, 'a3': 3.130877522167139} logZ_min= nan obs_min= 1.1035528983124414e-34
params_new= {'a1': 0.6928203230275509, 'a2': 1.0954451150103324, 'a3': 3.130877522219202} logZ_new= 2.4718039534615666 obs_new= 1.1326179934189273e-34
params_max= {'a1': 0.6928203230275509, 'a2': 1.0954451150103324, 'a3': 3.1308775222712644} logZ_max= 2.471749891177282 obs_max= 2.220429412278618e-32
dist_min= tensor(1.0339) dist_max= tensor(411706.7552)
params_min,params_max=params_new,params_max
evaluating model at params_new={'a1': 0.6928203230275509, 'a2': 1.0954451150103324, 'a3': 3.130877522245233}
params_min= {'a1': 0.6928203230275509, 'a2': 1.0954451150103324, 'a3': 3.130877522219202} logZ_min= 2.4718039534615666 obs_min= 1.1326179934189273e-34
params_new= {'a1': 0.6928203230275509, 'a2': 1.0954451150103324, 'a3': 3.130877522245233} logZ_new= 2.471781835397219 obs_new= 3.0256956459834978e-33
params_max= {'a1': 0.6928203230275509, 'a2': 1.0954451150103324, 'a3': 3.1308775222712644} logZ_max= 2.471749891177282 obs_max= 2.220429412278618e-32
dist_min= tensor(28.0853) dist_max= tensor(411706.9848)
params_min,params_max=params_new,params_max
evaluating model at params_new={'a1': 0.6928203230275509, 'a2': 1.0954451150103324, 'a3': 3.130877522258249}
params_min= {'a1': 0.6928203230275509, 'a2': 1.0954451150103324, 'a3': 3.130877522245233} logZ_min= 2.471781835397219 obs_min= 3.0256956459834978e-33
params_new= {'a1': 0.6928203230275509, 'a2': 1.0954451150103324, 'a3': 3.130877522258249} logZ_new= nan obs_new= 3.115009534406648e-33
params_max= {'a1': 0.6928203230275509, 'a2': 1.0954451150103324, 'a3': 3.1308775222712644} logZ_max= 2.471749891177282 obs_max= 2.220429412278618e-32
dist_min= tensor(28.0850) dist_max= tensor(411706.7552)
params_min,params_max=params_new,params_max
evaluating model at params_new={'a1': 0.6928203230275509, 'a2': 1.0954451150103324, 'a3': 3.1308775222647567}
params_min= {'a1': 0.6928203230275509, 'a2': 1.0954451150103324, 'a3': 3.130877522258249} logZ_min= nan obs_min= 3.115009534406648e-33
params_new= {'a1': 0.6928203230275509, 'a2': 1.0954451150103324, 'a3': 3.1308775222647567} logZ_new= 2.471730917881009 obs_new= 1.0145285084033836e-32
params_max= {'a1': 0.6928203230275509, 'a2': 1.0954451150103324, 'a3': 3.1308775222712644} logZ_max= 2.471749891177282 obs_max= 2.220429412278618e-32
dist_min= tensor(20.3171) dist_max= tensor(411706.9703)
params_min,params_max=params_new,params_max
evaluating model at params_new={'a1': 0.6928203230275509, 'a2': 1.0954451150103324, 'a3': 3.1308775222680105}
params_min= {'a1': 0.6928203230275509, 'a2': 1.0954451150103324, 'a3': 3.1308775222647567} logZ_min= 2.471730917881009 obs_min= 1.0145285084033836e-32
params_new= {'a1': 0.6928203230275509, 'a2': 1.0954451150103324, 'a3': 3.1308775222680105} logZ_new= nan obs_new= 4.241637161178429e-32
params_max= {'a1': 0.6928203230275509, 'a2': 1.0954451150103324, 'a3': 3.1308775222712644} logZ_max= 2.471749891177282 obs_max= 2.220429412278618e-32
dist_min= tensor(40.6428) dist_max= tensor(411706.9331)
params_min,params_max=params_new,params_max
evaluating model at params_new={'a1': 0.6928203230275509, 'a2': 1.0954451150103324, 'a3': 3.1308775222696372}
params_min= {'a1': 0.6928203230275509, 'a2': 1.0954451150103324, 'a3': 3.1308775222680105} logZ_min= nan obs_min= 4.241637161178429e-32
params_new= {'a1': 0.6928203230275509, 'a2': 1.0954451150103324, 'a3': 3.1308775222696372} logZ_new= nan obs_new= 2.154632468674609e-32
params_max= {'a1': 0.6928203230275509, 'a2': 1.0954451150103324, 'a3': 3.1308775222712644} logZ_max= 2.471749891177282 obs_max= 2.220429412278618e-32
dist_min= tensor(1984.2002) dist_max= tensor(411711.7370)
params_min,params_max=params_new,params_max
evaluating model at params_new={'a1': 0.6928203230275509, 'a2': 1.0954451150103324, 'a3': 3.130877522270451}
params_min= {'a1': 0.6928203230275509, 'a2': 1.0954451150103324, 'a3': 3.1308775222696372} logZ_min= nan obs_min= 2.154632468674609e-32
params_new= {'a1': 0.6928203230275509, 'a2': 1.0954451150103324, 'a3': 3.130877522270451} logZ_new= 2.471737220648539 obs_new= 2.371535568791628e-34
params_max= {'a1': 0.6928203230275509, 'a2': 1.0954451150103324, 'a3': 3.1308775222712644} logZ_max= 2.471749891177282 obs_max= 2.220429412278618e-32
dist_min= tensor(1983.7936) dist_max= tensor(411706.7552)
params_min,params_max=params_new,params_max
evaluating model at params_new={'a1': 0.6928203230275509, 'a2': 1.0954451150103324, 'a3': 3.1308775222708576}
params_min= {'a1': 0.6928203230275509, 'a2': 1.0954451150103324, 'a3': 3.130877522270451} logZ_min= 2.471737220648539 obs_min= 2.371535568791628e-34
params_new= {'a1': 0.6928203230275509, 'a2': 1.0954451150103324, 'a3': 3.1308775222708576} logZ_new= nan obs_new= 1.0647654486681556e-31
params_max= {'a1': 0.6928203230275509, 'a2': 1.0954451150103324, 'a3': 3.1308775222712644} logZ_max= 2.471749891177282 obs_max= 2.220429412278618e-32
dist_min= tensor(31.0847) dist_max= tensor(411706.6014)
params_min,params_max=params_new,params_max
evaluating model at params_new={'a1': 0.6928203230275509, 'a2': 1.0954451150103324, 'a3': 3.130877522271061}
params_min= {'a1': 0.6928203230275509, 'a2': 1.0954451150103324, 'a3': 3.1308775222708576} logZ_min= nan obs_min= 1.0647654486681556e-31
params_new= {'a1': 0.6928203230275509, 'a2': 1.0954451150103324, 'a3': 3.130877522271061} logZ_new= nan obs_new= 1.2747150719000856e-32
params_max= {'a1': 0.6928203230275509, 'a2': 1.0954451150103324, 'a3': 3.1308775222712644} logZ_max= 2.471749891177282 obs_max= 2.220429412278618e-32
dist_min= tensor(31.2434) dist_max= tensor(411706.9029)
params_min,params_max=params_new,params_max
evaluating model at params_new={'a1': 0.6928203230275509, 'a2': 1.0954451150103324, 'a3': 3.1308775222711627}
params_min= {'a1': 0.6928203230275509, 'a2': 1.0954451150103324, 'a3': 3.130877522271061} logZ_min= nan obs_min= 1.2747150719000856e-32
params_new= {'a1': 0.6928203230275509, 'a2': 1.0954451150103324, 'a3': 3.1308775222711627} logZ_new= 2.4714156205478415 obs_new= 8.583130126535581e-33
params_max= {'a1': 0.6928203230275509, 'a2': 1.0954451150103324, 'a3': 3.1308775222712644} logZ_max= 2.471749891177282 obs_max= 2.220429412278618e-32
dist_min= tensor(647.8853) dist_max= tensor(411707.3228)
params_min,params_max=params_new,params_max
evaluating model at params_new={'a1': 0.6928203230275509, 'a2': 1.0954451150103324, 'a3': 3.1308775222712137}
params_min= {'a1': 0.6928203230275509, 'a2': 1.0954451150103324, 'a3': 3.1308775222711627} logZ_min= 2.4714156205478415 obs_min= 8.583130126535581e-33
params_new= {'a1': 0.6928203230275509, 'a2': 1.0954451150103324, 'a3': 3.1308775222712137} logZ_new= nan obs_new= 3.9441369620603574e-32
params_max= {'a1': 0.6928203230275509, 'a2': 1.0954451150103324, 'a3': 3.1308775222712644} logZ_max= 2.471749891177282 obs_max= 2.220429412278618e-32
dist_min= tensor(732.9155) dist_max= tensor(411707.1276)
params_min,params_max=params_new,params_max
evaluating model at params_new={'a1': 0.6928203230275509, 'a2': 1.0954451150103324, 'a3': 3.130877522271239}
params_min= {'a1': 0.6928203230275509, 'a2': 1.0954451150103324, 'a3': 3.1308775222712137} logZ_min= nan obs_min= 3.9441369620603574e-32
params_new= {'a1': 0.6928203230275509, 'a2': 1.0954451150103324, 'a3': 3.130877522271239} logZ_new= 2.4716541529534637 obs_new= 2.327624318744824e-33
params_max= {'a1': 0.6928203230275509, 'a2': 1.0954451150103324, 'a3': 3.1308775222712644} logZ_max= 2.471749891177282 obs_max= 2.220429412278618e-32
dist_min= tensor(344.2034) dist_max= tensor(411706.7530)
params_min,params_max=params_new,params_max
evaluating model at params_new={'a1': 0.6928203230275509, 'a2': 1.0954451150103324, 'a3': 3.130877522271252}
params_min= {'a1': 0.6928203230275509, 'a2': 1.0954451150103324, 'a3': 3.130877522271239} logZ_min= 2.4716541529534637 obs_min= 2.327624318744824e-33
params_new= {'a1': 0.6928203230275509, 'a2': 1.0954451150103324, 'a3': 3.130877522271252} logZ_new= nan obs_new= 1.0912110707167972e-33
params_max= {'a1': 0.6928203230275509, 'a2': 1.0954451150103324, 'a3': 3.1308775222712644} logZ_max= 2.471749891177282 obs_max= 2.220429412278618e-32
dist_min= tensor(25.2030) dist_max= tensor(411706.9654)
params_min,params_max=params_new,params_max
evaluating model at params_new={'a1': 0.6928203230275509, 'a2': 1.0954451150103324, 'a3': 3.130877522271258}
params_min= {'a1': 0.6928203230275509, 'a2': 1.0954451150103324, 'a3': 3.130877522271252} logZ_min= nan obs_min= 1.0912110707167972e-33
params_new= {'a1': 0.6928203230275509, 'a2': 1.0954451150103324, 'a3': 3.130877522271258} logZ_new= 2.4718118164772855 obs_new= 1.7794139423757241e-31
params_max= {'a1': 0.6928203230275509, 'a2': 1.0954451150103324, 'a3': 3.1308775222712644} logZ_max= 2.471749891177282 obs_max= 2.220429412278618e-32
dist_min= tensor(25.2048) dist_max= tensor(411706.7534)
params_min,params_max=params_new,params_max
evaluating model at params_new={'a1': 0.6928203230275509, 'a2': 1.0954451150103324, 'a3': 3.1308775222712613}
params_min= {'a1': 0.6928203230275509, 'a2': 1.0954451150103324, 'a3': 3.130877522271258} logZ_min= 2.4718118164772855 obs_min= 1.7794139423757241e-31
params_new= {'a1': 0.6928203230275509, 'a2': 1.0954451150103324, 'a3': 3.1308775222712613} logZ_new= nan obs_new= 2.5952181020699234e-35
params_max= {'a1': 0.6928203230275509, 'a2': 1.0954451150103324, 'a3': 3.1308775222712644} logZ_max= 2.471749891177282 obs_max= 2.220429412278618e-32
dist_min= tensor(2.6695) dist_max= tensor(411706.7552)
params_min,params_max=params_new,params_max
evaluating model at params_new={'a1': 0.6928203230275509, 'a2': 1.0954451150103324, 'a3': 3.1308775222712626}
params_min= {'a1': 0.6928203230275509, 'a2': 1.0954451150103324, 'a3': 3.1308775222712613} logZ_min= nan obs_min= 2.5952181020699234e-35
params_new= {'a1': 0.6928203230275509, 'a2': 1.0954451150103324, 'a3': 3.1308775222712626} logZ_new= 2.471581604623815 obs_new= 1.8522527536893345e-32
params_max= {'a1': 0.6928203230275509, 'a2': 1.0954451150103324, 'a3': 3.1308775222712644} logZ_max= 2.471749891177282 obs_max= 2.220429412278618e-32
dist_min= tensor(2.7776) dist_max= tensor(411706.7527)
params_min,params_max=params_new,params_max
evaluating model at params_new={'a1': 0.6928203230275509, 'a2': 1.0954451150103324, 'a3': 3.1308775222712635}
params_min= {'a1': 0.6928203230275509, 'a2': 1.0954451150103324, 'a3': 3.1308775222712626} logZ_min= 2.471581604623815 obs_min= 1.8522527536893345e-32
params_new= {'a1': 0.6928203230275509, 'a2': 1.0954451150103324, 'a3': 3.1308775222712635} logZ_new= nan obs_new= 1.3515192382728482e-31
params_max= {'a1': 0.6928203230275509, 'a2': 1.0954451150103324, 'a3': 3.1308775222712644} logZ_max= 2.471749891177282 obs_max= 2.220429412278618e-32
dist_min= tensor(22.2776) dist_max= tensor(411706.9815)
params_min,params_max=params_new,params_max
evaluating model at params_new={'a1': 0.6928203230275509, 'a2': 1.0954451150103324, 'a3': 3.130877522271264}
params_min= {'a1': 0.6928203230275509, 'a2': 1.0954451150103324, 'a3': 3.1308775222712635} logZ_min= nan obs_min= 1.3515192382728482e-31
params_new= {'a1': 0.6928203230275509, 'a2': 1.0954451150103324, 'a3': 3.130877522271264} logZ_new= nan obs_new= 2.3944585665679485e-32
params_max= {'a1': 0.6928203230275509, 'a2': 1.0954451150103324, 'a3': 3.1308775222712644} logZ_max= 2.471749891177282 obs_max= 2.220429412278618e-32
dist_min= tensor(27.7062) dist_max= tensor(411706.8211)
params_min,params_max=params_new,params_max
critical params found:  {'a1': 0.6928203230275509, 'a2': 1.0954451150103324, 'a3': 3.1308775222712644}
reference params:  {'a1': 1.1547005383792515, 'a2': 1.8257418583505538, 'a3': 4.47213595499958}
file saved to  data/AKLT3D_X10_scan_grid_critical_a3/a1_0.6928203_a2_1.0954451/Tc.json
