Start running find_critical_temp.py with options:{'filename': 'data/AKLT3D_X10_scan_grid_critical_a3/a1_1.3856406_a2_0.7302967/Tc.json', 'log_filename': 'data/AKLT3D_X10_scan_grid_critical_a3/a1_1.3856406_a2_0.7302967/Tc.log', 'nLayers': 60, 'max_dim': 10, 'model': 'AKLT3D', 'params_min': "{'a1': 1.3856406460551018, 'a2': 0.7302967433402215, 'a3': 4.47213595499958}", 'params_max': "{'a1': 1.3856406460551018, 'a2': 0.7302967433402215, 'a3': 5.366563145999496}", 'params_ref': None, 'observable_name': 'magnetizationZ', 'tol': 0.0, 'gilt_enabled': False, 'gilt_eps': 8e-07, 'gilt_nIter': 1, 'mcf_enabled': True, 'mcf_eps': 1e-16, 'mcf_max_iter': 200, 'hotrg_sanity_check': False, 'version': 1, 'device': 'cuda:1'}
loading library...
evaluating model at params_min={'a1': 1.3856406460551018, 'a2': 0.7302967433402215, 'a3': 4.47213595499958}
params_min= {'a1': 1.3856406460551018, 'a2': 0.7302967433402215, 'a3': 4.47213595499958} logZ_min= 3.0832782459246624 obs_min= 7.239126892725078e-36
evaluating model at params_max={'a1': 1.3856406460551018, 'a2': 0.7302967433402215, 'a3': 5.366563145999496}
params_max= {'a1': 1.3856406460551018, 'a2': 0.7302967433402215, 'a3': 5.366563145999496} logZ_max= 3.3618450136678324 obs_max= 8.968411740869232
searching for critical temperature using bisection method
evaluating model at params_new={'a1': 1.3856406460551018, 'a2': 0.7302967433402215, 'a3': 4.919349550499538}
params_min= {'a1': 1.3856406460551018, 'a2': 0.7302967433402215, 'a3': 4.47213595499958} logZ_min= 3.0832782459246624 obs_min= 7.239126892725078e-36
params_new= {'a1': 1.3856406460551018, 'a2': 0.7302967433402215, 'a3': 4.919349550499538} logZ_new= 3.186244404270483 obs_new= 8.89497044775469
params_max= {'a1': 1.3856406460551018, 'a2': 0.7302967433402215, 'a3': 5.366563145999496} logZ_max= 3.3618450136678324 obs_max= 8.968411740869232
dist_min= tensor(292.9015) dist_max= tensor(10.7853)
params_min,params_max=params_min,params_new
evaluating model at params_new={'a1': 1.3856406460551018, 'a2': 0.7302967433402215, 'a3': 4.695742752749559}
params_min= {'a1': 1.3856406460551018, 'a2': 0.7302967433402215, 'a3': 4.47213595499958} logZ_min= 3.0832782459246624 obs_min= 7.239126892725078e-36
params_new= {'a1': 1.3856406460551018, 'a2': 0.7302967433402215, 'a3': 4.695742752749559} logZ_new= 3.091350213677349 obs_new= 8.792952373823171
params_max= {'a1': 1.3856406460551018, 'a2': 0.7302967433402215, 'a3': 4.919349550499538} logZ_max= 3.186244404270483 obs_max= 8.89497044775469
dist_min= tensor(278.6832) dist_max= tensor(14.9263)
params_min,params_max=params_min,params_new
evaluating model at params_new={'a1': 1.3856406460551018, 'a2': 0.7302967433402215, 'a3': 4.58393935387457}
params_min= {'a1': 1.3856406460551018, 'a2': 0.7302967433402215, 'a3': 4.47213595499958} logZ_min= 3.0832782459246624 obs_min= 7.239126892725078e-36
params_new= {'a1': 1.3856406460551018, 'a2': 0.7302967433402215, 'a3': 4.58393935387457} logZ_new= 3.085661934621144 obs_new= 2.7698882378239886e-34
params_max= {'a1': 1.3856406460551018, 'a2': 0.7302967433402215, 'a3': 4.695742752749559} logZ_max= 3.091350213677349 obs_max= 8.792952373823171
dist_min= tensor(63.8677) dist_max= tensor(342.5218)
params_min,params_max=params_new,params_max
evaluating model at params_new={'a1': 1.3856406460551018, 'a2': 0.7302967433402215, 'a3': 4.639841053312065}
params_min= {'a1': 1.3856406460551018, 'a2': 0.7302967433402215, 'a3': 4.58393935387457} logZ_min= 3.085661934621144 obs_min= 2.7698882378239886e-34
params_new= {'a1': 1.3856406460551018, 'a2': 0.7302967433402215, 'a3': 4.639841053312065} logZ_new= 3.0866116636398333 obs_new= 2.7379017395337907e-32
params_max= {'a1': 1.3856406460551018, 'a2': 0.7302967433402215, 'a3': 4.695742752749559} logZ_max= 3.091350213677349 obs_max= 8.792952373823171
dist_min= tensor(341.7301) dist_max= tensor(4.3565)
params_min,params_max=params_min,params_new
evaluating model at params_new={'a1': 1.3856406460551018, 'a2': 0.7302967433402215, 'a3': 4.611890203593317}
params_min= {'a1': 1.3856406460551018, 'a2': 0.7302967433402215, 'a3': 4.58393935387457} logZ_min= 3.085661934621144 obs_min= 2.7698882378239886e-34
params_new= {'a1': 1.3856406460551018, 'a2': 0.7302967433402215, 'a3': 4.611890203593317} logZ_new= 3.0862496428343213 obs_new= 1.6488757751533717e-32
params_max= {'a1': 1.3856406460551018, 'a2': 0.7302967433402215, 'a3': 4.639841053312065} logZ_max= 3.0866116636398333 obs_max= 2.7379017395337907e-32
dist_min= tensor(21.3861) dist_max= tensor(363.0549)
params_min,params_max=params_new,params_max
evaluating model at params_new={'a1': 1.3856406460551018, 'a2': 0.7302967433402215, 'a3': 4.625865628452691}
params_min= {'a1': 1.3856406460551018, 'a2': 0.7302967433402215, 'a3': 4.611890203593317} logZ_min= 3.0862496428343213 obs_min= 1.6488757751533717e-32
params_new= {'a1': 1.3856406460551018, 'a2': 0.7302967433402215, 'a3': 4.625865628452691} logZ_new= nan obs_new= 4.093248850358173e-35
params_max= {'a1': 1.3856406460551018, 'a2': 0.7302967433402215, 'a3': 4.639841053312065} logZ_max= 3.0866116636398333 obs_max= 2.7379017395337907e-32
dist_min= tensor(12.5160) dist_max= tensor(374.7899)
params_min,params_max=params_new,params_max
evaluating model at params_new={'a1': 1.3856406460551018, 'a2': 0.7302967433402215, 'a3': 4.632853340882377}
params_min= {'a1': 1.3856406460551018, 'a2': 0.7302967433402215, 'a3': 4.625865628452691} logZ_min= nan obs_min= 4.093248850358173e-35
params_new= {'a1': 1.3856406460551018, 'a2': 0.7302967433402215, 'a3': 4.632853340882377} logZ_new= 3.0864899124185543 obs_new= 1.1237641408595268e-32
params_max= {'a1': 1.3856406460551018, 'a2': 0.7302967433402215, 'a3': 4.639841053312065} logZ_max= 3.0866116636398333 obs_max= 2.7379017395337907e-32
dist_min= tensor(393.4020) dist_max= tensor(120.0520)
params_min,params_max=params_min,params_new
evaluating model at params_new={'a1': 1.3856406460551018, 'a2': 0.7302967433402215, 'a3': 4.629359484667534}
params_min= {'a1': 1.3856406460551018, 'a2': 0.7302967433402215, 'a3': 4.625865628452691} logZ_min= nan obs_min= 4.093248850358173e-35
params_new= {'a1': 1.3856406460551018, 'a2': 0.7302967433402215, 'a3': 4.629359484667534} logZ_new= nan obs_new= 5.71828225268673e-34
params_max= {'a1': 1.3856406460551018, 'a2': 0.7302967433402215, 'a3': 4.632853340882377} logZ_max= 3.0864899124185543 obs_max= 1.1237641408595268e-32
dist_min= tensor(5.3878) dist_max= tensor(396.2720)
params_min,params_max=params_new,params_max
evaluating model at params_new={'a1': 1.3856406460551018, 'a2': 0.7302967433402215, 'a3': 4.6311064127749555}
params_min= {'a1': 1.3856406460551018, 'a2': 0.7302967433402215, 'a3': 4.629359484667534} logZ_min= nan obs_min= 5.71828225268673e-34
params_new= {'a1': 1.3856406460551018, 'a2': 0.7302967433402215, 'a3': 4.6311064127749555} logZ_new= 3.086615467110622 obs_new= 6.689959569659834e-34
params_max= {'a1': 1.3856406460551018, 'a2': 0.7302967433402215, 'a3': 4.632853340882377} logZ_max= 3.0864899124185543 obs_max= 1.1237641408595268e-32
dist_min= tensor(2.0259) dist_max= tensor(397.5496)
params_min,params_max=params_new,params_max
evaluating model at params_new={'a1': 1.3856406460551018, 'a2': 0.7302967433402215, 'a3': 4.631979876828666}
params_min= {'a1': 1.3856406460551018, 'a2': 0.7302967433402215, 'a3': 4.6311064127749555} logZ_min= 3.086615467110622 obs_min= 6.689959569659834e-34
params_new= {'a1': 1.3856406460551018, 'a2': 0.7302967433402215, 'a3': 4.631979876828666} logZ_new= 3.086675862110327 obs_new= 2.1504391006910823e-32
params_max= {'a1': 1.3856406460551018, 'a2': 0.7302967433402215, 'a3': 4.632853340882377} logZ_max= 3.0864899124185543 obs_max= 1.1237641408595268e-32
dist_min= tensor(0.9448) dist_max= tensor(398.3301)
params_min,params_max=params_new,params_max
evaluating model at params_new={'a1': 1.3856406460551018, 'a2': 0.7302967433402215, 'a3': 4.632416608855522}
params_min= {'a1': 1.3856406460551018, 'a2': 0.7302967433402215, 'a3': 4.631979876828666} logZ_min= 3.086675862110327 obs_min= 2.1504391006910823e-32
params_new= {'a1': 1.3856406460551018, 'a2': 0.7302967433402215, 'a3': 4.632416608855522} logZ_new= 3.0865947018175235 obs_new= 8.227064102566092e-32
params_max= {'a1': 1.3856406460551018, 'a2': 0.7302967433402215, 'a3': 4.632853340882377} logZ_max= 3.0864899124185543 obs_max= 1.1237641408595268e-32
dist_min= tensor(0.7259) dist_max= tensor(398.6711)
params_min,params_max=params_new,params_max
evaluating model at params_new={'a1': 1.3856406460551018, 'a2': 0.7302967433402215, 'a3': 4.6326349748689495}
params_min= {'a1': 1.3856406460551018, 'a2': 0.7302967433402215, 'a3': 4.632416608855522} logZ_min= 3.0865947018175235 obs_min= 8.227064102566092e-32
params_new= {'a1': 1.3856406460551018, 'a2': 0.7302967433402215, 'a3': 4.6326349748689495} logZ_new= nan obs_new= 6.672972064855289e-32
params_max= {'a1': 1.3856406460551018, 'a2': 0.7302967433402215, 'a3': 4.632853340882377} logZ_max= 3.0864899124185543 obs_max= 1.1237641408595268e-32
dist_min= tensor(11.6295) dist_max= tensor(399.2184)
params_min,params_max=params_new,params_max
evaluating model at params_new={'a1': 1.3856406460551018, 'a2': 0.7302967433402215, 'a3': 4.632744157875663}
params_min= {'a1': 1.3856406460551018, 'a2': 0.7302967433402215, 'a3': 4.6326349748689495} logZ_min= nan obs_min= 6.672972064855289e-32
params_new= {'a1': 1.3856406460551018, 'a2': 0.7302967433402215, 'a3': 4.632744157875663} logZ_new= nan obs_new= 1.6540137903825543e-32
params_max= {'a1': 1.3856406460551018, 'a2': 0.7302967433402215, 'a3': 4.632853340882377} logZ_max= 3.0864899124185543 obs_max= 1.1237641408595268e-32
dist_min= tensor(11.6947) dist_max= tensor(399.1979)
params_min,params_max=params_new,params_max
evaluating model at params_new={'a1': 1.3856406460551018, 'a2': 0.7302967433402215, 'a3': 4.63279874937902}
params_min= {'a1': 1.3856406460551018, 'a2': 0.7302967433402215, 'a3': 4.632744157875663} logZ_min= nan obs_min= 1.6540137903825543e-32
params_new= {'a1': 1.3856406460551018, 'a2': 0.7302967433402215, 'a3': 4.63279874937902} logZ_new= 3.086488736109507 obs_new= 2.8255725736648106e-33
params_max= {'a1': 1.3856406460551018, 'a2': 0.7302967433402215, 'a3': 4.632853340882377} logZ_max= 3.0864899124185543 obs_max= 1.1237641408595268e-32
dist_min= tensor(380.9592) dist_max= tensor(121.0247)
params_min,params_max=params_min,params_new
evaluating model at params_new={'a1': 1.3856406460551018, 'a2': 0.7302967433402215, 'a3': 4.632771453627342}
params_min= {'a1': 1.3856406460551018, 'a2': 0.7302967433402215, 'a3': 4.632744157875663} logZ_min= nan obs_min= 1.6540137903825543e-32
params_new= {'a1': 1.3856406460551018, 'a2': 0.7302967433402215, 'a3': 4.632771453627342} logZ_new= nan obs_new= 1.1161174943856176e-34
params_max= {'a1': 1.3856406460551018, 'a2': 0.7302967433402215, 'a3': 4.63279874937902} logZ_max= 3.086488736109507 obs_max= 2.8255725736648106e-33
dist_min= tensor(3.1078) dist_max= tensor(380.9856)
params_min,params_max=params_new,params_max
evaluating model at params_new={'a1': 1.3856406460551018, 'a2': 0.7302967433402215, 'a3': 4.632785101503181}
params_min= {'a1': 1.3856406460551018, 'a2': 0.7302967433402215, 'a3': 4.632771453627342} logZ_min= nan obs_min= 1.1161174943856176e-34
params_new= {'a1': 1.3856406460551018, 'a2': 0.7302967433402215, 'a3': 4.632785101503181} logZ_new= 3.0867045374224147 obs_new= 1.1334589536821414e-33
params_max= {'a1': 1.3856406460551018, 'a2': 0.7302967433402215, 'a3': 4.63279874937902} logZ_max= 3.086488736109507 obs_max= 2.8255725736648106e-33
dist_min= tensor(3.1114) dist_max= tensor(380.9654)
params_min,params_max=params_new,params_max
evaluating model at params_new={'a1': 1.3856406460551018, 'a2': 0.7302967433402215, 'a3': 4.632791925441101}
params_min= {'a1': 1.3856406460551018, 'a2': 0.7302967433402215, 'a3': 4.632785101503181} logZ_min= 3.0867045374224147 obs_min= 1.1334589536821414e-33
params_new= {'a1': 1.3856406460551018, 'a2': 0.7302967433402215, 'a3': 4.632791925441101} logZ_new= 3.0866018205466697 obs_new= 5.568044652298019e-34
params_max= {'a1': 1.3856406460551018, 'a2': 0.7302967433402215, 'a3': 4.63279874937902} logZ_max= 3.086488736109507 obs_max= 2.8255725736648106e-33
dist_min= tensor(4367240.8106) dist_max= tensor(4367241.2515)
params_min,params_max=params_new,params_max
evaluating model at params_new={'a1': 1.3856406460551018, 'a2': 0.7302967433402215, 'a3': 4.6327953374100606}
params_min= {'a1': 1.3856406460551018, 'a2': 0.7302967433402215, 'a3': 4.632791925441101} logZ_min= 3.0866018205466697 obs_min= 5.568044652298019e-34
params_new= {'a1': 1.3856406460551018, 'a2': 0.7302967433402215, 'a3': 4.6327953374100606} logZ_new= 3.0867067198538756 obs_new= 7.585824084503528e-33
params_max= {'a1': 1.3856406460551018, 'a2': 0.7302967433402215, 'a3': 4.63279874937902} logZ_max= 3.086488736109507 obs_max= 2.8255725736648106e-33
dist_min= tensor(4367241.3970) dist_max= tensor(380.9915)
params_min,params_max=params_min,params_new
evaluating model at params_new={'a1': 1.3856406460551018, 'a2': 0.7302967433402215, 'a3': 4.632793631425581}
params_min= {'a1': 1.3856406460551018, 'a2': 0.7302967433402215, 'a3': 4.632791925441101} logZ_min= 3.0866018205466697 obs_min= 5.568044652298019e-34
params_new= {'a1': 1.3856406460551018, 'a2': 0.7302967433402215, 'a3': 4.632793631425581} logZ_new= nan obs_new= 1.2912904455916541e-33
params_max= {'a1': 1.3856406460551018, 'a2': 0.7302967433402215, 'a3': 4.6327953374100606} logZ_max= 3.0867067198538756 obs_max= 7.585824084503528e-33
dist_min= tensor(4367241.4582) dist_max= tensor(666.3235)
params_min,params_max=params_min,params_new
evaluating model at params_new={'a1': 1.3856406460551018, 'a2': 0.7302967433402215, 'a3': 4.632792778433341}
params_min= {'a1': 1.3856406460551018, 'a2': 0.7302967433402215, 'a3': 4.632791925441101} logZ_min= 3.0866018205466697 obs_min= 5.568044652298019e-34
params_new= {'a1': 1.3856406460551018, 'a2': 0.7302967433402215, 'a3': 4.632792778433341} logZ_new= 3.0867038738867545 obs_new= 1.3325418667002915e-33
params_max= {'a1': 1.3856406460551018, 'a2': 0.7302967433402215, 'a3': 4.632793631425581} logZ_max= nan obs_max= 1.2912904455916541e-33
dist_min= tensor(4367241.4306) dist_max= tensor(666.5212)
params_min,params_max=params_min,params_new
evaluating model at params_new={'a1': 1.3856406460551018, 'a2': 0.7302967433402215, 'a3': 4.632792351937221}
params_min= {'a1': 1.3856406460551018, 'a2': 0.7302967433402215, 'a3': 4.632791925441101} logZ_min= 3.0866018205466697 obs_min= 5.568044652298019e-34
params_new= {'a1': 1.3856406460551018, 'a2': 0.7302967433402215, 'a3': 4.632792351937221} logZ_new= 3.0867060693662696 obs_new= 1.0560081812775208e-32
params_max= {'a1': 1.3856406460551018, 'a2': 0.7302967433402215, 'a3': 4.632792778433341} logZ_max= 3.0867038738867545 obs_max= 1.3325418667002915e-33
dist_min= tensor(4367240.7658) dist_max= tensor(3.4053)
params_min,params_max=params_min,params_new
evaluating model at params_new={'a1': 1.3856406460551018, 'a2': 0.7302967433402215, 'a3': 4.632792138689161}
params_min= {'a1': 1.3856406460551018, 'a2': 0.7302967433402215, 'a3': 4.632791925441101} logZ_min= 3.0866018205466697 obs_min= 5.568044652298019e-34
params_new= {'a1': 1.3856406460551018, 'a2': 0.7302967433402215, 'a3': 4.632792138689161} logZ_new= nan obs_new= 7.811885233028921e-33
params_max= {'a1': 1.3856406460551018, 'a2': 0.7302967433402215, 'a3': 4.632792351937221} logZ_max= 3.0867060693662696 obs_max= 1.0560081812775208e-32
dist_min= tensor(4367240.2184) dist_max= tensor(2748.3739)
params_min,params_max=params_min,params_new
evaluating model at params_new={'a1': 1.3856406460551018, 'a2': 0.7302967433402215, 'a3': 4.632792032065131}
params_min= {'a1': 1.3856406460551018, 'a2': 0.7302967433402215, 'a3': 4.632791925441101} logZ_min= 3.0866018205466697 obs_min= 5.568044652298019e-34
params_new= {'a1': 1.3856406460551018, 'a2': 0.7302967433402215, 'a3': 4.632792032065131} logZ_new= 3.08665871716171 obs_new= 4.497888424481651e-32
params_max= {'a1': 1.3856406460551018, 'a2': 0.7302967433402215, 'a3': 4.632792138689161} logZ_max= nan obs_max= 7.811885233028921e-33
dist_min= tensor(4367240.8010) dist_max= tensor(2747.9286)
params_min,params_max=params_min,params_new
evaluating model at params_new={'a1': 1.3856406460551018, 'a2': 0.7302967433402215, 'a3': 4.632791978753116}
params_min= {'a1': 1.3856406460551018, 'a2': 0.7302967433402215, 'a3': 4.632791925441101} logZ_min= 3.0866018205466697 obs_min= 5.568044652298019e-34
params_new= {'a1': 1.3856406460551018, 'a2': 0.7302967433402215, 'a3': 4.632791978753116} logZ_new= 3.086706097454983 obs_new= 8.279618278321749e-33
params_max= {'a1': 1.3856406460551018, 'a2': 0.7302967433402215, 'a3': 4.632792032065131} logZ_max= 3.08665871716171 obs_max= 4.497888424481651e-32
dist_min= tensor(4367240.8012) dist_max= tensor(0.1939)
params_min,params_max=params_min,params_new
evaluating model at params_new={'a1': 1.3856406460551018, 'a2': 0.7302967433402215, 'a3': 4.632791952097108}
params_min= {'a1': 1.3856406460551018, 'a2': 0.7302967433402215, 'a3': 4.632791925441101} logZ_min= 3.0866018205466697 obs_min= 5.568044652298019e-34
params_new= {'a1': 1.3856406460551018, 'a2': 0.7302967433402215, 'a3': 4.632791952097108} logZ_new= nan obs_new= 8.477075805232552e-34
params_max= {'a1': 1.3856406460551018, 'a2': 0.7302967433402215, 'a3': 4.632791978753116} logZ_max= 3.086706097454983 obs_max= 8.279618278321749e-33
dist_min= tensor(4367241.4223) dist_max= tensor(1.1480)
params_min,params_max=params_min,params_new
evaluating model at params_new={'a1': 1.3856406460551018, 'a2': 0.7302967433402215, 'a3': 4.632791938769104}
params_min= {'a1': 1.3856406460551018, 'a2': 0.7302967433402215, 'a3': 4.632791925441101} logZ_min= 3.0866018205466697 obs_min= 5.568044652298019e-34
params_new= {'a1': 1.3856406460551018, 'a2': 0.7302967433402215, 'a3': 4.632791938769104} logZ_new= nan obs_new= 2.7769563354738906e-32
params_max= {'a1': 1.3856406460551018, 'a2': 0.7302967433402215, 'a3': 4.632791952097108} logZ_max= nan obs_max= 8.477075805232552e-34
dist_min= tensor(4367240.4259) dist_max= tensor(1.8230)
params_min,params_max=params_min,params_new
evaluating model at params_new={'a1': 1.3856406460551018, 'a2': 0.7302967433402215, 'a3': 4.6327919321051025}
params_min= {'a1': 1.3856406460551018, 'a2': 0.7302967433402215, 'a3': 4.632791925441101} logZ_min= 3.0866018205466697 obs_min= 5.568044652298019e-34
params_new= {'a1': 1.3856406460551018, 'a2': 0.7302967433402215, 'a3': 4.6327919321051025} logZ_new= 3.0866191882018765 obs_new= 9.612204281409959e-33
params_max= {'a1': 1.3856406460551018, 'a2': 0.7302967433402215, 'a3': 4.632791938769104} logZ_max= nan obs_max= 2.7769563354738906e-32
dist_min= tensor(4367240.8010) dist_max= tensor(0.9118)
params_min,params_max=params_min,params_new
evaluating model at params_new={'a1': 1.3856406460551018, 'a2': 0.7302967433402215, 'a3': 4.632791928773102}
params_min= {'a1': 1.3856406460551018, 'a2': 0.7302967433402215, 'a3': 4.632791925441101} logZ_min= 3.0866018205466697 obs_min= 5.568044652298019e-34
params_new= {'a1': 1.3856406460551018, 'a2': 0.7302967433402215, 'a3': 4.632791928773102} logZ_new= nan obs_new= 8.491091240191817e-35
params_max= {'a1': 1.3856406460551018, 'a2': 0.7302967433402215, 'a3': 4.6327919321051025} logZ_max= 3.0866191882018765 obs_max= 9.612204281409959e-33
dist_min= tensor(4367241.7829) dist_max= tensor(1862.2228)
params_min,params_max=params_min,params_new
evaluating model at params_new={'a1': 1.3856406460551018, 'a2': 0.7302967433402215, 'a3': 4.632791927107101}
params_min= {'a1': 1.3856406460551018, 'a2': 0.7302967433402215, 'a3': 4.632791925441101} logZ_min= 3.0866018205466697 obs_min= 5.568044652298019e-34
params_new= {'a1': 1.3856406460551018, 'a2': 0.7302967433402215, 'a3': 4.632791927107101} logZ_new= 3.0867063768491656 obs_new= 1.795882375267355e-33
params_max= {'a1': 1.3856406460551018, 'a2': 0.7302967433402215, 'a3': 4.632791928773102} logZ_max= nan obs_max= 8.491091240191817e-35
dist_min= tensor(4367241.0173) dist_max= tensor(1862.6916)
params_min,params_max=params_min,params_new
evaluating model at params_new={'a1': 1.3856406460551018, 'a2': 0.7302967433402215, 'a3': 4.632791926274101}
params_min= {'a1': 1.3856406460551018, 'a2': 0.7302967433402215, 'a3': 4.632791925441101} logZ_min= 3.0866018205466697 obs_min= 5.568044652298019e-34
params_new= {'a1': 1.3856406460551018, 'a2': 0.7302967433402215, 'a3': 4.632791926274101} logZ_new= nan obs_new= 7.618779743368163e-33
params_max= {'a1': 1.3856406460551018, 'a2': 0.7302967433402215, 'a3': 4.632791927107101} logZ_max= 3.0867063768491656 obs_max= 1.795882375267355e-33
dist_min= tensor(4367241.4291) dist_max= tensor(3.2014)
params_min,params_max=params_min,params_new
evaluating model at params_new={'a1': 1.3856406460551018, 'a2': 0.7302967433402215, 'a3': 4.632791925857601}
params_min= {'a1': 1.3856406460551018, 'a2': 0.7302967433402215, 'a3': 4.632791925441101} logZ_min= 3.0866018205466697 obs_min= 5.568044652298019e-34
params_new= {'a1': 1.3856406460551018, 'a2': 0.7302967433402215, 'a3': 4.632791925857601} logZ_new= 3.086645081997088 obs_new= 3.009446668247361e-32
params_max= {'a1': 1.3856406460551018, 'a2': 0.7302967433402215, 'a3': 4.632791926274101} logZ_max= nan obs_max= 7.618779743368163e-33
dist_min= tensor(4367240.8008) dist_max= tensor(1.0858)
params_min,params_max=params_min,params_new
evaluating model at params_new={'a1': 1.3856406460551018, 'a2': 0.7302967433402215, 'a3': 4.632791925649351}
params_min= {'a1': 1.3856406460551018, 'a2': 0.7302967433402215, 'a3': 4.632791925441101} logZ_min= 3.0866018205466697 obs_min= 5.568044652298019e-34
params_new= {'a1': 1.3856406460551018, 'a2': 0.7302967433402215, 'a3': 4.632791925649351} logZ_new= 3.086677622082764 obs_new= 9.601187676778515e-36
params_max= {'a1': 1.3856406460551018, 'a2': 0.7302967433402215, 'a3': 4.632791925857601} logZ_max= 3.086645081997088 obs_max= 3.009446668247361e-32
dist_min= tensor(4367241.4368) dist_max= tensor(1.1593)
params_min,params_max=params_min,params_new
evaluating model at params_new={'a1': 1.3856406460551018, 'a2': 0.7302967433402215, 'a3': 4.6327919255452255}
params_min= {'a1': 1.3856406460551018, 'a2': 0.7302967433402215, 'a3': 4.632791925441101} logZ_min= 3.0866018205466697 obs_min= 5.568044652298019e-34
params_new= {'a1': 1.3856406460551018, 'a2': 0.7302967433402215, 'a3': 4.6327919255452255} logZ_new= 3.0866421763448084 obs_new= 2.910492237846301e-34
params_max= {'a1': 1.3856406460551018, 'a2': 0.7302967433402215, 'a3': 4.632791925649351} logZ_max= 3.086677622082764 obs_max= 9.601187676778515e-36
dist_min= tensor(4367201.6013) dist_max= tensor(39.8385)
params_min,params_max=params_min,params_new
evaluating model at params_new={'a1': 1.3856406460551018, 'a2': 0.7302967433402215, 'a3': 4.632791925493163}
params_min= {'a1': 1.3856406460551018, 'a2': 0.7302967433402215, 'a3': 4.632791925441101} logZ_min= 3.0866018205466697 obs_min= 5.568044652298019e-34
params_new= {'a1': 1.3856406460551018, 'a2': 0.7302967433402215, 'a3': 4.632791925493163} logZ_new= nan obs_new= 9.828378169998424e-33
params_max= {'a1': 1.3856406460551018, 'a2': 0.7302967433402215, 'a3': 4.6327919255452255} logZ_max= 3.0866421763448084 obs_max= 2.910492237846301e-34
dist_min= tensor(4367240.1931) dist_max= tensor(38.6600)
params_min,params_max=params_min,params_new
evaluating model at params_new={'a1': 1.3856406460551018, 'a2': 0.7302967433402215, 'a3': 4.6327919254671315}
params_min= {'a1': 1.3856406460551018, 'a2': 0.7302967433402215, 'a3': 4.632791925441101} logZ_min= 3.0866018205466697 obs_min= 5.568044652298019e-34
params_new= {'a1': 1.3856406460551018, 'a2': 0.7302967433402215, 'a3': 4.6327919254671315} logZ_new= nan obs_new= 1.5417060783762347e-32
params_max= {'a1': 1.3856406460551018, 'a2': 0.7302967433402215, 'a3': 4.632791925493163} logZ_max= nan obs_max= 9.828378169998424e-33
dist_min= tensor(4367241.4127) dist_max= tensor(1.4276)
params_min,params_max=params_min,params_new
evaluating model at params_new={'a1': 1.3856406460551018, 'a2': 0.7302967433402215, 'a3': 4.632791925454116}
params_min= {'a1': 1.3856406460551018, 'a2': 0.7302967433402215, 'a3': 4.632791925441101} logZ_min= 3.0866018205466697 obs_min= 5.568044652298019e-34
params_new= {'a1': 1.3856406460551018, 'a2': 0.7302967433402215, 'a3': 4.632791925454116} logZ_new= 3.086693456891747 obs_new= 1.036684240126354e-35
params_max= {'a1': 1.3856406460551018, 'a2': 0.7302967433402215, 'a3': 4.6327919254671315} logZ_max= nan obs_max= 1.5417060783762347e-32
dist_min= tensor(4367241.4526) dist_max= tensor(2.5853)
params_min,params_max=params_min,params_new
evaluating model at params_new={'a1': 1.3856406460551018, 'a2': 0.7302967433402215, 'a3': 4.632791925447608}
params_min= {'a1': 1.3856406460551018, 'a2': 0.7302967433402215, 'a3': 4.632791925441101} logZ_min= 3.0866018205466697 obs_min= 5.568044652298019e-34
params_new= {'a1': 1.3856406460551018, 'a2': 0.7302967433402215, 'a3': 4.632791925447608} logZ_new= nan obs_new= 8.19723046640146e-34
params_max= {'a1': 1.3856406460551018, 'a2': 0.7302967433402215, 'a3': 4.632791925454116} logZ_max= 3.086693456891747 obs_max= 1.036684240126354e-35
dist_min= tensor(4367241.4289) dist_max= tensor(0.6946)
params_min,params_max=params_min,params_new
evaluating model at params_new={'a1': 1.3856406460551018, 'a2': 0.7302967433402215, 'a3': 4.632791925444355}
params_min= {'a1': 1.3856406460551018, 'a2': 0.7302967433402215, 'a3': 4.632791925441101} logZ_min= 3.0866018205466697 obs_min= 5.568044652298019e-34
params_new= {'a1': 1.3856406460551018, 'a2': 0.7302967433402215, 'a3': 4.632791925444355} logZ_new= 3.0866929924680795 obs_new= 2.7497173611491017e-35
params_max= {'a1': 1.3856406460551018, 'a2': 0.7302967433402215, 'a3': 4.632791925447608} logZ_max= nan obs_max= 8.19723046640146e-34
dist_min= tensor(4367241.4362) dist_max= tensor(0.3071)
params_min,params_max=params_min,params_new
evaluating model at params_new={'a1': 1.3856406460551018, 'a2': 0.7302967433402215, 'a3': 4.632791925442728}
params_min= {'a1': 1.3856406460551018, 'a2': 0.7302967433402215, 'a3': 4.632791925441101} logZ_min= 3.0866018205466697 obs_min= 5.568044652298019e-34
params_new= {'a1': 1.3856406460551018, 'a2': 0.7302967433402215, 'a3': 4.632791925442728} logZ_new= 3.086693160534372 obs_new= 1.4534601158869677e-33
params_max= {'a1': 1.3856406460551018, 'a2': 0.7302967433402215, 'a3': 4.632791925444355} logZ_max= 3.0866929924680795 obs_max= 2.7497173611491017e-35
dist_min= tensor(4367240.8768) dist_max= tensor(5.1966)
params_min,params_max=params_min,params_new
evaluating model at params_new={'a1': 1.3856406460551018, 'a2': 0.7302967433402215, 'a3': 4.632791925441914}
params_min= {'a1': 1.3856406460551018, 'a2': 0.7302967433402215, 'a3': 4.632791925441101} logZ_min= 3.0866018205466697 obs_min= 5.568044652298019e-34
params_new= {'a1': 1.3856406460551018, 'a2': 0.7302967433402215, 'a3': 4.632791925441914} logZ_new= nan obs_new= 1.3253415302129082e-32
params_max= {'a1': 1.3856406460551018, 'a2': 0.7302967433402215, 'a3': 4.632791925442728} logZ_max= 3.086693160534372 obs_max= 1.4534601158869677e-33
dist_min= tensor(4367241.3197) dist_max= tensor(5.9750)
params_min,params_max=params_min,params_new
evaluating model at params_new={'a1': 1.3856406460551018, 'a2': 0.7302967433402215, 'a3': 4.6327919254415075}
params_min= {'a1': 1.3856406460551018, 'a2': 0.7302967433402215, 'a3': 4.632791925441101} logZ_min= 3.0866018205466697 obs_min= 5.568044652298019e-34
params_new= {'a1': 1.3856406460551018, 'a2': 0.7302967433402215, 'a3': 4.6327919254415075} logZ_new= nan obs_new= 5.966044711442709e-35
params_max= {'a1': 1.3856406460551018, 'a2': 0.7302967433402215, 'a3': 4.632791925441914} logZ_max= nan obs_max= 1.3253415302129082e-32
dist_min= tensor(4367241.3649) dist_max= tensor(7.2478)
params_min,params_max=params_min,params_new
evaluating model at params_new={'a1': 1.3856406460551018, 'a2': 0.7302967433402215, 'a3': 4.632791925441304}
params_min= {'a1': 1.3856406460551018, 'a2': 0.7302967433402215, 'a3': 4.632791925441101} logZ_min= 3.0866018205466697 obs_min= 5.568044652298019e-34
params_new= {'a1': 1.3856406460551018, 'a2': 0.7302967433402215, 'a3': 4.632791925441304} logZ_new= nan obs_new= 1.2773503025711611e-34
params_max= {'a1': 1.3856406460551018, 'a2': 0.7302967433402215, 'a3': 4.6327919254415075} logZ_max= nan obs_max= 5.966044711442709e-35
dist_min= tensor(4367241.4199) dist_max= tensor(5.2173)
params_min,params_max=params_min,params_new
evaluating model at params_new={'a1': 1.3856406460551018, 'a2': 0.7302967433402215, 'a3': 4.632791925441202}
params_min= {'a1': 1.3856406460551018, 'a2': 0.7302967433402215, 'a3': 4.632791925441101} logZ_min= 3.0866018205466697 obs_min= 5.568044652298019e-34
params_new= {'a1': 1.3856406460551018, 'a2': 0.7302967433402215, 'a3': 4.632791925441202} logZ_new= nan obs_new= 4.685769211328746e-33
params_max= {'a1': 1.3856406460551018, 'a2': 0.7302967433402215, 'a3': 4.632791925441304} logZ_max= nan obs_max= 1.2773503025711611e-34
dist_min= tensor(4367243.8575) dist_max= tensor(4636.8662)
params_min,params_max=params_min,params_new
evaluating model at params_new={'a1': 1.3856406460551018, 'a2': 0.7302967433402215, 'a3': 4.632791925441151}
params_min= {'a1': 1.3856406460551018, 'a2': 0.7302967433402215, 'a3': 4.632791925441101} logZ_min= 3.0866018205466697 obs_min= 5.568044652298019e-34
params_new= {'a1': 1.3856406460551018, 'a2': 0.7302967433402215, 'a3': 4.632791925441151} logZ_new= nan obs_new= 7.140043978640021e-34
params_max= {'a1': 1.3856406460551018, 'a2': 0.7302967433402215, 'a3': 4.632791925441202} logZ_max= nan obs_max= 4.685769211328746e-33
dist_min= tensor(4367240.4415) dist_max= tensor(4637.2883)
params_min,params_max=params_min,params_new
evaluating model at params_new={'a1': 1.3856406460551018, 'a2': 0.7302967433402215, 'a3': 4.632791925441126}
params_min= {'a1': 1.3856406460551018, 'a2': 0.7302967433402215, 'a3': 4.632791925441101} logZ_min= 3.0866018205466697 obs_min= 5.568044652298019e-34
params_new= {'a1': 1.3856406460551018, 'a2': 0.7302967433402215, 'a3': 4.632791925441126} logZ_new= nan obs_new= 2.2597614457059694e-33
params_max= {'a1': 1.3856406460551018, 'a2': 0.7302967433402215, 'a3': 4.632791925441151} logZ_max= nan obs_max= 7.140043978640021e-34
dist_min= tensor(4367241.5043) dist_max= tensor(1.2176)
params_min,params_max=params_min,params_new
evaluating model at params_new={'a1': 1.3856406460551018, 'a2': 0.7302967433402215, 'a3': 4.632791925441113}
params_min= {'a1': 1.3856406460551018, 'a2': 0.7302967433402215, 'a3': 4.632791925441101} logZ_min= 3.0866018205466697 obs_min= 5.568044652298019e-34
params_new= {'a1': 1.3856406460551018, 'a2': 0.7302967433402215, 'a3': 4.632791925441113} logZ_new= 3.086599253235418 obs_new= 1.1020806994754145e-33
params_max= {'a1': 1.3856406460551018, 'a2': 0.7302967433402215, 'a3': 4.632791925441126} logZ_max= nan obs_max= 2.2597614457059694e-33
dist_min= tensor(4367240.8009) dist_max= tensor(1.7153)
params_min,params_max=params_min,params_new
evaluating model at params_new={'a1': 1.3856406460551018, 'a2': 0.7302967433402215, 'a3': 4.632791925441107}
params_min= {'a1': 1.3856406460551018, 'a2': 0.7302967433402215, 'a3': 4.632791925441101} logZ_min= 3.0866018205466697 obs_min= 5.568044652298019e-34
params_new= {'a1': 1.3856406460551018, 'a2': 0.7302967433402215, 'a3': 4.632791925441107} logZ_new= nan obs_new= 6.370121898842695e-36
params_max= {'a1': 1.3856406460551018, 'a2': 0.7302967433402215, 'a3': 4.632791925441113} logZ_max= 3.086599253235418 obs_max= 1.1020806994754145e-33
dist_min= tensor(4367239.5410) dist_max= tensor(115.2321)
params_min,params_max=params_min,params_new
evaluating model at params_new={'a1': 1.3856406460551018, 'a2': 0.7302967433402215, 'a3': 4.632791925441104}
params_min= {'a1': 1.3856406460551018, 'a2': 0.7302967433402215, 'a3': 4.632791925441101} logZ_min= 3.0866018205466697 obs_min= 5.568044652298019e-34
params_new= {'a1': 1.3856406460551018, 'a2': 0.7302967433402215, 'a3': 4.632791925441104} logZ_new= 3.086680917023643 obs_new= 8.29321253186607e-34
params_max= {'a1': 1.3856406460551018, 'a2': 0.7302967433402215, 'a3': 4.632791925441107} logZ_max= nan obs_max= 6.370121898842695e-36
dist_min= tensor(4367237.7533) dist_max= tensor(115.9032)
params_min,params_max=params_min,params_new
evaluating model at params_new={'a1': 1.3856406460551018, 'a2': 0.7302967433402215, 'a3': 4.6327919254411025}
params_min= {'a1': 1.3856406460551018, 'a2': 0.7302967433402215, 'a3': 4.632791925441101} logZ_min= 3.0866018205466697 obs_min= 5.568044652298019e-34
params_new= {'a1': 1.3856406460551018, 'a2': 0.7302967433402215, 'a3': 4.6327919254411025} logZ_new= 3.0866418412965735 obs_new= 1.8897246843713193e-34
params_max= {'a1': 1.3856406460551018, 'a2': 0.7302967433402215, 'a3': 4.632791925441104} logZ_max= 3.086680917023643 obs_max= 8.29321253186607e-34
dist_min= tensor(4367241.4472) dist_max= tensor(3.7345)
params_min,params_max=params_min,params_new
evaluating model at params_new={'a1': 1.3856406460551018, 'a2': 0.7302967433402215, 'a3': 4.632791925441102}
params_min= {'a1': 1.3856406460551018, 'a2': 0.7302967433402215, 'a3': 4.632791925441101} logZ_min= 3.0866018205466697 obs_min= 5.568044652298019e-34
params_new= {'a1': 1.3856406460551018, 'a2': 0.7302967433402215, 'a3': 4.632791925441102} logZ_new= 3.0867057732056007 obs_new= 4.543742096380027e-32
params_max= {'a1': 1.3856406460551018, 'a2': 0.7302967433402215, 'a3': 4.6327919254411025} logZ_max= 3.0866418412965735 obs_max= 1.8897246843713193e-34
dist_min= tensor(4367240.8011) dist_max= tensor(1.3863)
params_min,params_max=params_min,params_new
critical params found:  {'a1': 1.3856406460551018, 'a2': 0.7302967433402215, 'a3': 4.632791925441101}
reference params:  {'a1': 1.1547005383792515, 'a2': 1.8257418583505538, 'a3': 4.47213595499958}
file saved to  data/AKLT3D_X10_scan_grid_critical_a3/a1_1.3856406_a2_0.7302967/Tc.json
