Start running find_critical_temp.py with options:{'filename': 'data/AKLT3D_X10_scan_grid_critical_a3/a1_0.4618802_a2_1.8257419/Tc.json', 'log_filename': 'data/AKLT3D_X10_scan_grid_critical_a3/a1_0.4618802_a2_1.8257419/Tc.log', 'nLayers': 60, 'max_dim': 10, 'model': 'AKLT3D', 'params_min': "{'a1': 0.4618802153517006, 'a2': 1.8257418583505536, 'a3': 2.683281572999748}", 'params_max': "{'a1': 0.4618802153517006, 'a2': 1.8257418583505536, 'a3': 3.577708763999664}", 'params_ref': None, 'observable_name': 'magnetizationZ', 'tol': 0.0, 'gilt_enabled': False, 'gilt_eps': 8e-07, 'gilt_nIter': 1, 'mcf_enabled': True, 'mcf_eps': 1e-16, 'mcf_max_iter': 200, 'hotrg_sanity_check': False, 'version': 1, 'device': 'cuda:1'}
loading library...
evaluating model at params_min={'a1': 0.4618802153517006, 'a2': 1.8257418583505536, 'a3': 2.683281572999748}
params_min= {'a1': 0.4618802153517006, 'a2': 1.8257418583505536, 'a3': 2.683281572999748} logZ_min= 2.552770473134434 obs_min= 2.3207283374414158e-30
evaluating model at params_max={'a1': 0.4618802153517006, 'a2': 1.8257418583505536, 'a3': 3.577708763999664}
params_max= {'a1': 0.4618802153517006, 'a2': 1.8257418583505536, 'a3': 3.577708763999664} logZ_max= 2.7459463046256323 obs_max= 6.104749109663543
searching for critical temperature using bisection method
evaluating model at params_new={'a1': 0.4618802153517006, 'a2': 1.8257418583505536, 'a3': 3.130495168499706}
params_min= {'a1': 0.4618802153517006, 'a2': 1.8257418583505536, 'a3': 2.683281572999748} logZ_min= 2.552770473134434 obs_min= 2.3207283374414158e-30
params_new= {'a1': 0.4618802153517006, 'a2': 1.8257418583505536, 'a3': 3.130495168499706} logZ_new= nan obs_new= 3.7455798614125184
params_max= {'a1': 0.4618802153517006, 'a2': 1.8257418583505536, 'a3': 3.577708763999664} logZ_max= 2.7459463046256323 obs_max= 6.104749109663543
dist_min= tensor(4.8386) dist_max= tensor(7.1087)
params_min,params_max=params_new,params_max
evaluating model at params_new={'a1': 0.4618802153517006, 'a2': 1.8257418583505536, 'a3': 3.3541019662496847}
params_min= {'a1': 0.4618802153517006, 'a2': 1.8257418583505536, 'a3': 3.130495168499706} logZ_min= nan obs_min= 3.7455798614125184
params_new= {'a1': 0.4618802153517006, 'a2': 1.8257418583505536, 'a3': 3.3541019662496847} logZ_new= 2.6792636298793924 obs_new= 5.095256757217588
params_max= {'a1': 0.4618802153517006, 'a2': 1.8257418583505536, 'a3': 3.577708763999664} logZ_max= 2.7459463046256323 obs_max= 6.104749109663543
dist_min= tensor(11.1140) dist_max= tensor(5.9091)
params_min,params_max=params_min,params_new
evaluating model at params_new={'a1': 0.4618802153517006, 'a2': 1.8257418583505536, 'a3': 3.2422985673746956}
params_min= {'a1': 0.4618802153517006, 'a2': 1.8257418583505536, 'a3': 3.130495168499706} logZ_min= nan obs_min= 3.7455798614125184
params_new= {'a1': 0.4618802153517006, 'a2': 1.8257418583505536, 'a3': 3.2422985673746956} logZ_new= nan obs_new= 4.852511662792558
params_max= {'a1': 0.4618802153517006, 'a2': 1.8257418583505536, 'a3': 3.3541019662496847} logZ_max= 2.6792636298793924 obs_max= 5.095256757217588
dist_min= tensor(8.5969) dist_max= tensor(14.0918)
params_min,params_max=params_new,params_max
evaluating model at params_new={'a1': 0.4618802153517006, 'a2': 1.8257418583505536, 'a3': 3.29820026681219}
params_min= {'a1': 0.4618802153517006, 'a2': 1.8257418583505536, 'a3': 3.2422985673746956} logZ_min= nan obs_min= 4.852511662792558
params_new= {'a1': 0.4618802153517006, 'a2': 1.8257418583505536, 'a3': 3.29820026681219} logZ_new= 2.6389908328958525 obs_new= 5.304534750973099
params_max= {'a1': 0.4618802153517006, 'a2': 1.8257418583505536, 'a3': 3.3541019662496847} logZ_max= 2.6792636298793924 obs_max= 5.095256757217588
dist_min= tensor(9.6634) dist_max= tensor(10.4148)
params_min,params_max=params_new,params_max
evaluating model at params_new={'a1': 0.4618802153517006, 'a2': 1.8257418583505536, 'a3': 3.326151116530937}
params_min= {'a1': 0.4618802153517006, 'a2': 1.8257418583505536, 'a3': 3.29820026681219} logZ_min= 2.6389908328958525 obs_min= 5.304534750973099
params_new= {'a1': 0.4618802153517006, 'a2': 1.8257418583505536, 'a3': 3.326151116530937} logZ_new= 2.672012985293535 obs_new= 4.959446945780786
params_max= {'a1': 0.4618802153517006, 'a2': 1.8257418583505536, 'a3': 3.3541019662496847} logZ_max= 2.6792636298793924 obs_max= 5.095256757217588
dist_min= tensor(10.8074) dist_max= tensor(7.4499)
params_min,params_max=params_min,params_new
evaluating model at params_new={'a1': 0.4618802153517006, 'a2': 1.8257418583505536, 'a3': 3.3121756916715634}
params_min= {'a1': 0.4618802153517006, 'a2': 1.8257418583505536, 'a3': 3.29820026681219} logZ_min= 2.6389908328958525 obs_min= 5.304534750973099
params_new= {'a1': 0.4618802153517006, 'a2': 1.8257418583505536, 'a3': 3.3121756916715634} logZ_new= nan obs_new= 4.895798300489404
params_max= {'a1': 0.4618802153517006, 'a2': 1.8257418583505536, 'a3': 3.326151116530937} logZ_max= 2.672012985293535 obs_max= 4.959446945780786
dist_min= tensor(11.1984) dist_max= tensor(1.7230)
params_min,params_max=params_min,params_new
evaluating model at params_new={'a1': 0.4618802153517006, 'a2': 1.8257418583505536, 'a3': 3.305187979241877}
params_min= {'a1': 0.4618802153517006, 'a2': 1.8257418583505536, 'a3': 3.29820026681219} logZ_min= 2.6389908328958525 obs_min= 5.304534750973099
params_new= {'a1': 0.4618802153517006, 'a2': 1.8257418583505536, 'a3': 3.305187979241877} logZ_new= 2.6412273677705107 obs_new= 5.354225574547739
params_max= {'a1': 0.4618802153517006, 'a2': 1.8257418583505536, 'a3': 3.3121756916715634} logZ_max= nan obs_max= 4.895798300489404
dist_min= tensor(3.4221) dist_max= tensor(10.3754)
params_min,params_max=params_new,params_max
evaluating model at params_new={'a1': 0.4618802153517006, 'a2': 1.8257418583505536, 'a3': 3.3086818354567202}
params_min= {'a1': 0.4618802153517006, 'a2': 1.8257418583505536, 'a3': 3.305187979241877} logZ_min= 2.6412273677705107 obs_min= 5.354225574547739
params_new= {'a1': 0.4618802153517006, 'a2': 1.8257418583505536, 'a3': 3.3086818354567202} logZ_new= 2.6423348382448024 obs_new= 5.382382673552077
params_max= {'a1': 0.4618802153517006, 'a2': 1.8257418583505536, 'a3': 3.3121756916715634} logZ_max= nan obs_max= 4.895798300489404
dist_min= tensor(1043.4468) dist_max= tensor(1043.4455)
params_min,params_max=params_min,params_new
evaluating model at params_new={'a1': 0.4618802153517006, 'a2': 1.8257418583505536, 'a3': 3.306934907349299}
params_min= {'a1': 0.4618802153517006, 'a2': 1.8257418583505536, 'a3': 3.305187979241877} logZ_min= 2.6412273677705107 obs_min= 5.354225574547739
params_new= {'a1': 0.4618802153517006, 'a2': 1.8257418583505536, 'a3': 3.306934907349299} logZ_new= nan obs_new= 5.369977461914374
params_max= {'a1': 0.4618802153517006, 'a2': 1.8257418583505536, 'a3': 3.3086818354567202} logZ_max= 2.6423348382448024 obs_max= 5.382382673552077
dist_min= tensor(1.4135) dist_max= tensor(1042.4734)
params_min,params_max=params_new,params_max
evaluating model at params_new={'a1': 0.4618802153517006, 'a2': 1.8257418583505536, 'a3': 3.3078083714030093}
params_min= {'a1': 0.4618802153517006, 'a2': 1.8257418583505536, 'a3': 3.306934907349299} logZ_min= nan obs_min= 5.369977461914374
params_new= {'a1': 0.4618802153517006, 'a2': 1.8257418583505536, 'a3': 3.3078083714030093} logZ_new= nan obs_new= 5.375401491802812
params_max= {'a1': 0.4618802153517006, 'a2': 1.8257418583505536, 'a3': 3.3086818354567202} logZ_max= 2.6423348382448024 obs_max= 5.382382673552077
dist_min= tensor(24.1026) dist_max= tensor(1043.3391)
params_min,params_max=params_new,params_max
evaluating model at params_new={'a1': 0.4618802153517006, 'a2': 1.8257418583505536, 'a3': 3.308245103429865}
params_min= {'a1': 0.4618802153517006, 'a2': 1.8257418583505536, 'a3': 3.3078083714030093} logZ_min= nan obs_min= 5.375401491802812
params_new= {'a1': 0.4618802153517006, 'a2': 1.8257418583505536, 'a3': 3.308245103429865} logZ_new= 2.6421727213353527 obs_new= 5.380299041704034
params_max= {'a1': 0.4618802153517006, 'a2': 1.8257418583505536, 'a3': 3.3086818354567202} logZ_max= 2.6423348382448024 obs_max= 5.382382673552077
dist_min= tensor(24.9368) dist_max= tensor(1043.4217)
params_min,params_max=params_new,params_max
evaluating model at params_new={'a1': 0.4618802153517006, 'a2': 1.8257418583505536, 'a3': 3.308463469443293}
params_min= {'a1': 0.4618802153517006, 'a2': 1.8257418583505536, 'a3': 3.308245103429865} logZ_min= 2.6421727213353527 obs_min= 5.380299041704034
params_new= {'a1': 0.4618802153517006, 'a2': 1.8257418583505536, 'a3': 3.308463469443293} logZ_new= 2.6422301253536955 obs_new= 5.382735476237981
params_max= {'a1': 0.4618802153517006, 'a2': 1.8257418583505536, 'a3': 3.3086818354567202} logZ_max= 2.6423348382448024 obs_max= 5.382382673552077
dist_min= tensor(0.3329) dist_max= tensor(1043.4671)
params_min,params_max=params_new,params_max
evaluating model at params_new={'a1': 0.4618802153517006, 'a2': 1.8257418583505536, 'a3': 3.3085726524500068}
params_min= {'a1': 0.4618802153517006, 'a2': 1.8257418583505536, 'a3': 3.308463469443293} logZ_min= 2.6422301253536955 obs_min= 5.382735476237981
params_new= {'a1': 0.4618802153517006, 'a2': 1.8257418583505536, 'a3': 3.3085726524500068} logZ_new= 2.6423530171945018 obs_new= 5.3794757171669225
params_max= {'a1': 0.4618802153517006, 'a2': 1.8257418583505536, 'a3': 3.3086818354567202} logZ_max= 2.6423348382448024 obs_max= 5.382382673552077
dist_min= tensor(4.1770) dist_max= tensor(1042.7195)
params_min,params_max=params_new,params_max
evaluating model at params_new={'a1': 0.4618802153517006, 'a2': 1.8257418583505536, 'a3': 3.3086272439533637}
params_min= {'a1': 0.4618802153517006, 'a2': 1.8257418583505536, 'a3': 3.3085726524500068} logZ_min= 2.6423530171945018 obs_min= 5.3794757171669225
params_new= {'a1': 0.4618802153517006, 'a2': 1.8257418583505536, 'a3': 3.3086272439533637} logZ_new= nan obs_new= 5.380669221187226
params_max= {'a1': 0.4618802153517006, 'a2': 1.8257418583505536, 'a3': 3.3086818354567202} logZ_max= 2.6423348382448024 obs_max= 5.382382673552077
dist_min= tensor(4.0090) dist_max= tensor(1042.4342)
params_min,params_max=params_new,params_max
evaluating model at params_new={'a1': 0.4618802153517006, 'a2': 1.8257418583505536, 'a3': 3.308654539705042}
params_min= {'a1': 0.4618802153517006, 'a2': 1.8257418583505536, 'a3': 3.3086272439533637} logZ_min= nan obs_min= 5.380669221187226
params_new= {'a1': 0.4618802153517006, 'a2': 1.8257418583505536, 'a3': 3.308654539705042} logZ_new= 2.6423850692229722 obs_new= 5.380147312389749
params_max= {'a1': 0.4618802153517006, 'a2': 1.8257418583505536, 'a3': 3.3086818354567202} logZ_max= 2.6423348382448024 obs_max= 5.382382673552077
dist_min= tensor(1.6886) dist_max= tensor(1043.4665)
params_min,params_max=params_new,params_max
evaluating model at params_new={'a1': 0.4618802153517006, 'a2': 1.8257418583505536, 'a3': 3.3086681875808814}
params_min= {'a1': 0.4618802153517006, 'a2': 1.8257418583505536, 'a3': 3.308654539705042} logZ_min= 2.6423850692229722 obs_min= 5.380147312389749
params_new= {'a1': 0.4618802153517006, 'a2': 1.8257418583505536, 'a3': 3.3086681875808814} logZ_new= 2.6423706534356635 obs_new= 5.380653981922853
params_max= {'a1': 0.4618802153517006, 'a2': 1.8257418583505536, 'a3': 3.3086818354567202} logZ_max= 2.6423348382448024 obs_max= 5.382382673552077
dist_min= tensor(3.5288) dist_max= tensor(1042.7470)
params_min,params_max=params_new,params_max
evaluating model at params_new={'a1': 0.4618802153517006, 'a2': 1.8257418583505536, 'a3': 3.308675011518801}
params_min= {'a1': 0.4618802153517006, 'a2': 1.8257418583505536, 'a3': 3.3086681875808814} logZ_min= 2.6423706534356635 obs_min= 5.380653981922853
params_new= {'a1': 0.4618802153517006, 'a2': 1.8257418583505536, 'a3': 3.308675011518801} logZ_new= 2.642370782487778 obs_new= 5.3808023782225165
params_max= {'a1': 0.4618802153517006, 'a2': 1.8257418583505536, 'a3': 3.3086818354567202} logZ_max= 2.6423348382448024 obs_max= 5.382382673552077
dist_min= tensor(1.3471) dist_max= tensor(1042.7199)
params_min,params_max=params_new,params_max
evaluating model at params_new={'a1': 0.4618802153517006, 'a2': 1.8257418583505536, 'a3': 3.308678423487761}
params_min= {'a1': 0.4618802153517006, 'a2': 1.8257418583505536, 'a3': 3.308675011518801} logZ_min= 2.642370782487778 obs_min= 5.3808023782225165
params_new= {'a1': 0.4618802153517006, 'a2': 1.8257418583505536, 'a3': 3.308678423487761} logZ_new= 2.642380563535824 obs_new= 5.380413400808337
params_max= {'a1': 0.4618802153517006, 'a2': 1.8257418583505536, 'a3': 3.3086818354567202} logZ_max= 2.6423348382448024 obs_max= 5.382382673552077
dist_min= tensor(3.9686) dist_max= tensor(1043.4437)
params_min,params_max=params_new,params_max
evaluating model at params_new={'a1': 0.4618802153517006, 'a2': 1.8257418583505536, 'a3': 3.3086801294722408}
params_min= {'a1': 0.4618802153517006, 'a2': 1.8257418583505536, 'a3': 3.308678423487761} logZ_min= 2.642380563535824 obs_min= 5.380413400808337
params_new= {'a1': 0.4618802153517006, 'a2': 1.8257418583505536, 'a3': 3.3086801294722408} logZ_new= 2.6423283228438295 obs_new= 5.382645070898963
params_max= {'a1': 0.4618802153517006, 'a2': 1.8257418583505536, 'a3': 3.3086818354567202} logZ_max= 2.6423348382448024 obs_max= 5.382382673552077
dist_min= tensor(3.5768) dist_max= tensor(1042.7658)
params_min,params_max=params_new,params_max
evaluating model at params_new={'a1': 0.4618802153517006, 'a2': 1.8257418583505536, 'a3': 3.3086809824644803}
params_min= {'a1': 0.4618802153517006, 'a2': 1.8257418583505536, 'a3': 3.3086801294722408} logZ_min= 2.6423283228438295 obs_min= 5.382645070898963
params_new= {'a1': 0.4618802153517006, 'a2': 1.8257418583505536, 'a3': 3.3086809824644803} logZ_new= 2.642387979122315 obs_new= 5.380226946513735
params_max= {'a1': 0.4618802153517006, 'a2': 1.8257418583505536, 'a3': 3.3086818354567202} logZ_max= 2.6423348382448024 obs_max= 5.382382673552077
dist_min= tensor(0.2159) dist_max= tensor(1042.7781)
params_min,params_max=params_new,params_max
evaluating model at params_new={'a1': 0.4618802153517006, 'a2': 1.8257418583505536, 'a3': 3.3086814089606005}
params_min= {'a1': 0.4618802153517006, 'a2': 1.8257418583505536, 'a3': 3.3086809824644803} logZ_min= 2.642387979122315 obs_min= 5.380226946513735
params_new= {'a1': 0.4618802153517006, 'a2': 1.8257418583505536, 'a3': 3.3086814089606005} logZ_new= nan obs_new= 5.383973385381099
params_max= {'a1': 0.4618802153517006, 'a2': 1.8257418583505536, 'a3': 3.3086818354567202} logZ_max= 2.6423348382448024 obs_max= 5.382382673552077
dist_min= tensor(17.6696) dist_max= tensor(1043.1673)
params_min,params_max=params_new,params_max
evaluating model at params_new={'a1': 0.4618802153517006, 'a2': 1.8257418583505536, 'a3': 3.3086816222086606}
params_min= {'a1': 0.4618802153517006, 'a2': 1.8257418583505536, 'a3': 3.3086814089606005} logZ_min= nan obs_min= 5.383973385381099
params_new= {'a1': 0.4618802153517006, 'a2': 1.8257418583505536, 'a3': 3.3086816222086606} logZ_new= 2.6423219184549884 obs_new= 5.382997160173042
params_max= {'a1': 0.4618802153517006, 'a2': 1.8257418583505536, 'a3': 3.3086818354567202} logZ_max= 2.6423348382448024 obs_max= 5.382382673552077
dist_min= tensor(17.6990) dist_max= tensor(1042.8385)
params_min,params_max=params_new,params_max
evaluating model at params_new={'a1': 0.4618802153517006, 'a2': 1.8257418583505536, 'a3': 3.30868172883269}
params_min= {'a1': 0.4618802153517006, 'a2': 1.8257418583505536, 'a3': 3.3086816222086606} logZ_min= 2.6423219184549884 obs_min= 5.382997160173042
params_new= {'a1': 0.4618802153517006, 'a2': 1.8257418583505536, 'a3': 3.30868172883269} logZ_new= 2.6423161694528488 obs_new= 5.383294091314638
params_max= {'a1': 0.4618802153517006, 'a2': 1.8257418583505536, 'a3': 3.3086818354567202} logZ_max= 2.6423348382448024 obs_max= 5.382382673552077
dist_min= tensor(0.8241) dist_max= tensor(1042.8112)
params_min,params_max=params_new,params_max
evaluating model at params_new={'a1': 0.4618802153517006, 'a2': 1.8257418583505536, 'a3': 3.3086817821447054}
params_min= {'a1': 0.4618802153517006, 'a2': 1.8257418583505536, 'a3': 3.30868172883269} logZ_min= 2.6423161694528488 obs_min= 5.383294091314638
params_new= {'a1': 0.4618802153517006, 'a2': 1.8257418583505536, 'a3': 3.3086817821447054} logZ_new= 2.642351846636955 obs_new= 5.381774638687913
params_max= {'a1': 0.4618802153517006, 'a2': 1.8257418583505536, 'a3': 3.3086818354567202} logZ_max= 2.6423348382448024 obs_max= 5.382382673552077
dist_min= tensor(70.0571) dist_max= tensor(972.8224)
params_min,params_max=params_new,params_max
evaluating model at params_new={'a1': 0.4618802153517006, 'a2': 1.8257418583505536, 'a3': 3.3086818088007126}
params_min= {'a1': 0.4618802153517006, 'a2': 1.8257418583505536, 'a3': 3.3086817821447054} logZ_min= 2.642351846636955 obs_min= 5.381774638687913
params_new= {'a1': 0.4618802153517006, 'a2': 1.8257418583505536, 'a3': 3.3086818088007126} logZ_new= 2.642380361699389 obs_new= 5.380496326854993
params_max= {'a1': 0.4618802153517006, 'a2': 1.8257418583505536, 'a3': 3.3086818354567202} logZ_max= 2.6423348382448024 obs_max= 5.382382673552077
dist_min= tensor(18.6323) dist_max= tensor(991.4540)
params_min,params_max=params_new,params_max
evaluating model at params_new={'a1': 0.4618802153517006, 'a2': 1.8257418583505536, 'a3': 3.308681822128716}
params_min= {'a1': 0.4618802153517006, 'a2': 1.8257418583505536, 'a3': 3.3086818088007126} logZ_min= 2.642380361699389 obs_min= 5.380496326854993
params_new= {'a1': 0.4618802153517006, 'a2': 1.8257418583505536, 'a3': 3.308681822128716} logZ_new= 2.642330562980666 obs_new= 5.382577650976901
params_max= {'a1': 0.4618802153517006, 'a2': 1.8257418583505536, 'a3': 3.3086818354567202} logZ_max= 2.6423348382448024 obs_max= 5.382382673552077
dist_min= tensor(51.4201) dist_max= tensor(1042.7692)
params_min,params_max=params_new,params_max
evaluating model at params_new={'a1': 0.4618802153517006, 'a2': 1.8257418583505536, 'a3': 3.308681828792718}
params_min= {'a1': 0.4618802153517006, 'a2': 1.8257418583505536, 'a3': 3.308681822128716} logZ_min= 2.642330562980666 obs_min= 5.382577650976901
params_new= {'a1': 0.4618802153517006, 'a2': 1.8257418583505536, 'a3': 3.308681828792718} logZ_new= 2.642319965990608 obs_new= 5.3831057580663355
params_max= {'a1': 0.4618802153517006, 'a2': 1.8257418583505536, 'a3': 3.3086818354567202} logZ_max= 2.6423348382448024 obs_max= 5.382382673552077
dist_min= tensor(0.2029) dist_max= tensor(1042.7568)
params_min,params_max=params_new,params_max
evaluating model at params_new={'a1': 0.4618802153517006, 'a2': 1.8257418583505536, 'a3': 3.3086818321247193}
params_min= {'a1': 0.4618802153517006, 'a2': 1.8257418583505536, 'a3': 3.308681828792718} logZ_min= 2.642319965990608 obs_min= 5.3831057580663355
params_new= {'a1': 0.4618802153517006, 'a2': 1.8257418583505536, 'a3': 3.3086818321247193} logZ_new= 2.6423219486603706 obs_new= 5.3830005194418495
params_max= {'a1': 0.4618802153517006, 'a2': 1.8257418583505536, 'a3': 3.3086818354567202} logZ_max= 2.6423348382448024 obs_max= 5.382382673552077
dist_min= tensor(3.5928) dist_max= tensor(1043.4801)
params_min,params_max=params_new,params_max
evaluating model at params_new={'a1': 0.4618802153517006, 'a2': 1.8257418583505536, 'a3': 3.30868183379072}
params_min= {'a1': 0.4618802153517006, 'a2': 1.8257418583505536, 'a3': 3.3086818321247193} logZ_min= 2.6423219486603706 obs_min= 5.3830005194418495
params_new= {'a1': 0.4618802153517006, 'a2': 1.8257418583505536, 'a3': 3.30868183379072} logZ_new= nan obs_new= 5.383338096175338
params_max= {'a1': 0.4618802153517006, 'a2': 1.8257418583505536, 'a3': 3.3086818354567202} logZ_max= 2.6423348382448024 obs_max= 5.382382673552077
dist_min= tensor(10.1453) dist_max= tensor(1043.2864)
params_min,params_max=params_new,params_max
evaluating model at params_new={'a1': 0.4618802153517006, 'a2': 1.8257418583505536, 'a3': 3.3086818346237203}
params_min= {'a1': 0.4618802153517006, 'a2': 1.8257418583505536, 'a3': 3.30868183379072} logZ_min= nan obs_min= 5.383338096175338
params_new= {'a1': 0.4618802153517006, 'a2': 1.8257418583505536, 'a3': 3.3086818346237203} logZ_new= 2.642364211733011 obs_new= 5.3812719974874605
params_max= {'a1': 0.4618802153517006, 'a2': 1.8257418583505536, 'a3': 3.3086818354567202} logZ_max= 2.6423348382448024 obs_max= 5.382382673552077
dist_min= tensor(10.1058) dist_max= tensor(1043.4524)
params_min,params_max=params_new,params_max
evaluating model at params_new={'a1': 0.4618802153517006, 'a2': 1.8257418583505536, 'a3': 3.30868183504022}
params_min= {'a1': 0.4618802153517006, 'a2': 1.8257418583505536, 'a3': 3.3086818346237203} logZ_min= 2.642364211733011 obs_min= 5.3812719974874605
params_new= {'a1': 0.4618802153517006, 'a2': 1.8257418583505536, 'a3': 3.30868183504022} logZ_new= 2.6423619016278987 obs_new= 5.381309382707131
params_max= {'a1': 0.4618802153517006, 'a2': 1.8257418583505536, 'a3': 3.3086818354567202} logZ_max= 2.6423348382448024 obs_max= 5.382382673552077
dist_min= tensor(3.2982) dist_max= tensor(1042.7548)
params_min,params_max=params_new,params_max
evaluating model at params_new={'a1': 0.4618802153517006, 'a2': 1.8257418583505536, 'a3': 3.3086818352484704}
params_min= {'a1': 0.4618802153517006, 'a2': 1.8257418583505536, 'a3': 3.30868183504022} logZ_min= 2.6423619016278987 obs_min= 5.381309382707131
params_new= {'a1': 0.4618802153517006, 'a2': 1.8257418583505536, 'a3': 3.3086818352484704} logZ_new= 2.6423662450077847 obs_new= 5.381175242272453
params_max= {'a1': 0.4618802153517006, 'a2': 1.8257418583505536, 'a3': 3.3086818354567202} logZ_max= 2.6423348382448024 obs_max= 5.382382673552077
dist_min= tensor(1.0211) dist_max= tensor(1042.6877)
params_min,params_max=params_new,params_max
evaluating model at params_new={'a1': 0.4618802153517006, 'a2': 1.8257418583505536, 'a3': 3.308681835352595}
params_min= {'a1': 0.4618802153517006, 'a2': 1.8257418583505536, 'a3': 3.3086818352484704} logZ_min= 2.6423662450077847 obs_min= 5.381175242272453
params_new= {'a1': 0.4618802153517006, 'a2': 1.8257418583505536, 'a3': 3.308681835352595} logZ_new= 2.642311600680241 obs_new= 5.383537532643277
params_max= {'a1': 0.4618802153517006, 'a2': 1.8257418583505536, 'a3': 3.3086818354567202} logZ_max= 2.6423348382448024 obs_max= 5.382382673552077
dist_min= tensor(3.9723) dist_max= tensor(1043.4808)
params_min,params_max=params_new,params_max
evaluating model at params_new={'a1': 0.4618802153517006, 'a2': 1.8257418583505536, 'a3': 3.3086818354046574}
params_min= {'a1': 0.4618802153517006, 'a2': 1.8257418583505536, 'a3': 3.308681835352595} logZ_min= 2.642311600680241 obs_min= 5.383537532643277
params_new= {'a1': 0.4618802153517006, 'a2': 1.8257418583505536, 'a3': 3.3086818354046574} logZ_new= 2.642335990957379 obs_new= 5.382331051851905
params_max= {'a1': 0.4618802153517006, 'a2': 1.8257418583505536, 'a3': 3.3086818354567202} logZ_max= 2.6423348382448024 obs_max= 5.382382673552077
dist_min= tensor(4.2078) dist_max= tensor(1039.2812)
params_min,params_max=params_new,params_max
evaluating model at params_new={'a1': 0.4618802153517006, 'a2': 1.8257418583505536, 'a3': 3.308681835430689}
params_min= {'a1': 0.4618802153517006, 'a2': 1.8257418583505536, 'a3': 3.3086818354046574} logZ_min= 2.642335990957379 obs_min= 5.382331051851905
params_new= {'a1': 0.4618802153517006, 'a2': 1.8257418583505536, 'a3': 3.308681835430689} logZ_new= nan obs_new= 5.380329033613134
params_max= {'a1': 0.4618802153517006, 'a2': 1.8257418583505536, 'a3': 3.3086818354567202} logZ_max= 2.6423348382448024 obs_max= 5.382382673552077
dist_min= tensor(9.4972) dist_max= tensor(1043.2804)
params_min,params_max=params_new,params_max
evaluating model at params_new={'a1': 0.4618802153517006, 'a2': 1.8257418583505536, 'a3': 3.3086818354437044}
params_min= {'a1': 0.4618802153517006, 'a2': 1.8257418583505536, 'a3': 3.308681835430689} logZ_min= nan obs_min= 5.380329033613134
params_new= {'a1': 0.4618802153517006, 'a2': 1.8257418583505536, 'a3': 3.3086818354437044} logZ_new= nan obs_new= 5.381413891768871
params_max= {'a1': 0.4618802153517006, 'a2': 1.8257418583505536, 'a3': 3.3086818354567202} logZ_max= 2.6423348382448024 obs_max= 5.382382673552077
dist_min= tensor(2.5930) dist_max= tensor(1043.2873)
params_min,params_max=params_new,params_max
evaluating model at params_new={'a1': 0.4618802153517006, 'a2': 1.8257418583505536, 'a3': 3.308681835450212}
params_min= {'a1': 0.4618802153517006, 'a2': 1.8257418583505536, 'a3': 3.3086818354437044} logZ_min= nan obs_min= 5.381413891768871
params_new= {'a1': 0.4618802153517006, 'a2': 1.8257418583505536, 'a3': 3.308681835450212} logZ_new= 2.6423918013617484 obs_new= 5.380269485497117
params_max= {'a1': 0.4618802153517006, 'a2': 1.8257418583505536, 'a3': 3.3086818354567202} logZ_max= 2.6423348382448024 obs_max= 5.382382673552077
dist_min= tensor(206.5516) dist_max= tensor(836.9865)
params_min,params_max=params_new,params_max
evaluating model at params_new={'a1': 0.4618802153517006, 'a2': 1.8257418583505536, 'a3': 3.3086818354534664}
params_min= {'a1': 0.4618802153517006, 'a2': 1.8257418583505536, 'a3': 3.308681835450212} logZ_min= 2.6423918013617484 obs_min= 5.380269485497117
params_new= {'a1': 0.4618802153517006, 'a2': 1.8257418583505536, 'a3': 3.3086818354534664} logZ_new= 2.642353027846156 obs_new= 5.381719703264896
params_max= {'a1': 0.4618802153517006, 'a2': 1.8257418583505536, 'a3': 3.3086818354567202} logZ_max= 2.6423348382448024 obs_max= 5.382382673552077
dist_min= tensor(206.4876) dist_max= tensor(1043.4737)
params_min,params_max=params_new,params_max
evaluating model at params_new={'a1': 0.4618802153517006, 'a2': 1.8257418583505536, 'a3': 3.3086818354550935}
params_min= {'a1': 0.4618802153517006, 'a2': 1.8257418583505536, 'a3': 3.3086818354534664} logZ_min= 2.642353027846156 obs_min= 5.381719703264896
params_new= {'a1': 0.4618802153517006, 'a2': 1.8257418583505536, 'a3': 3.3086818354550935} logZ_new= 2.6423006193280036 obs_new= 5.384299311303051
params_max= {'a1': 0.4618802153517006, 'a2': 1.8257418583505536, 'a3': 3.3086818354567202} logZ_max= 2.6423348382448024 obs_max= 5.382382673552077
dist_min= tensor(3.8850) dist_max= tensor(1042.7094)
params_min,params_max=params_new,params_max
evaluating model at params_new={'a1': 0.4618802153517006, 'a2': 1.8257418583505536, 'a3': 3.308681835455907}
params_min= {'a1': 0.4618802153517006, 'a2': 1.8257418583505536, 'a3': 3.3086818354550935} logZ_min= 2.6423006193280036 obs_min= 5.384299311303051
params_new= {'a1': 0.4618802153517006, 'a2': 1.8257418583505536, 'a3': 3.308681835455907} logZ_new= 2.6423788440667426 obs_new= 5.380567913373386
params_max= {'a1': 0.4618802153517006, 'a2': 1.8257418583505536, 'a3': 3.3086818354567202} logZ_max= 2.6423348382448024 obs_max= 5.382382673552077
dist_min= tensor(0.9359) dist_max= tensor(1042.8405)
params_min,params_max=params_new,params_max
evaluating model at params_new={'a1': 0.4618802153517006, 'a2': 1.8257418583505536, 'a3': 3.308681835456314}
params_min= {'a1': 0.4618802153517006, 'a2': 1.8257418583505536, 'a3': 3.308681835455907} logZ_min= 2.6423788440667426 obs_min= 5.380567913373386
params_new= {'a1': 0.4618802153517006, 'a2': 1.8257418583505536, 'a3': 3.308681835456314} logZ_new= 2.642309871035578 obs_new= 5.383646174983476
params_max= {'a1': 0.4618802153517006, 'a2': 1.8257418583505536, 'a3': 3.3086818354567202} logZ_max= 2.6423348382448024 obs_max= 5.382382673552077
dist_min= tensor(3.7614) dist_max= tensor(1043.4791)
params_min,params_max=params_new,params_max
evaluating model at params_new={'a1': 0.4618802153517006, 'a2': 1.8257418583505536, 'a3': 3.3086818354565173}
params_min= {'a1': 0.4618802153517006, 'a2': 1.8257418583505536, 'a3': 3.308681835456314} logZ_min= 2.642309871035578 obs_min= 5.383646174983476
params_new= {'a1': 0.4618802153517006, 'a2': 1.8257418583505536, 'a3': 3.3086818354565173} logZ_new= 2.64236532904919 obs_new= 5.381218770957748
params_max= {'a1': 0.4618802153517006, 'a2': 1.8257418583505536, 'a3': 3.3086818354567202} logZ_max= 2.6423348382448024 obs_max= 5.382382673552077
dist_min= tensor(4.1041) dist_max= tensor(1042.6807)
params_min,params_max=params_new,params_max
evaluating model at params_new={'a1': 0.4618802153517006, 'a2': 1.8257418583505536, 'a3': 3.3086818354566185}
params_min= {'a1': 0.4618802153517006, 'a2': 1.8257418583505536, 'a3': 3.3086818354565173} logZ_min= 2.64236532904919 obs_min= 5.381218770957748
params_new= {'a1': 0.4618802153517006, 'a2': 1.8257418583505536, 'a3': 3.3086818354566185} logZ_new= 2.642350219728426 obs_new= 5.381852950597775
params_max= {'a1': 0.4618802153517006, 'a2': 1.8257418583505536, 'a3': 3.3086818354567202} logZ_max= 2.6423348382448024 obs_max= 5.382382673552077
dist_min= tensor(2.4742) dist_max= tensor(1042.8158)
params_min,params_max=params_new,params_max
evaluating model at params_new={'a1': 0.4618802153517006, 'a2': 1.8257418583505536, 'a3': 3.308681835456669}
params_min= {'a1': 0.4618802153517006, 'a2': 1.8257418583505536, 'a3': 3.3086818354566185} logZ_min= 2.642350219728426 obs_min= 5.381852950597775
params_new= {'a1': 0.4618802153517006, 'a2': 1.8257418583505536, 'a3': 3.308681835456669} logZ_new= 2.6423144557833895 obs_new= 5.383366362052994
params_max= {'a1': 0.4618802153517006, 'a2': 1.8257418583505536, 'a3': 3.3086818354567202} logZ_max= 2.6423348382448024 obs_max= 5.382382673552077
dist_min= tensor(1.6160) dist_max= tensor(1042.8350)
params_min,params_max=params_new,params_max
evaluating model at params_new={'a1': 0.4618802153517006, 'a2': 1.8257418583505536, 'a3': 3.308681835456695}
params_min= {'a1': 0.4618802153517006, 'a2': 1.8257418583505536, 'a3': 3.308681835456669} logZ_min= 2.6423144557833895 obs_min= 5.383366362052994
params_new= {'a1': 0.4618802153517006, 'a2': 1.8257418583505536, 'a3': 3.308681835456695} logZ_new= nan obs_new= 5.380348831355917
params_max= {'a1': 0.4618802153517006, 'a2': 1.8257418583505536, 'a3': 3.3086818354567202} logZ_max= 2.6423348382448024 obs_max= 5.382382673552077
dist_min= tensor(8.9768) dist_max= tensor(1043.2737)
params_min,params_max=params_new,params_max
evaluating model at params_new={'a1': 0.4618802153517006, 'a2': 1.8257418583505536, 'a3': 3.3086818354567074}
params_min= {'a1': 0.4618802153517006, 'a2': 1.8257418583505536, 'a3': 3.308681835456695} logZ_min= nan obs_min= 5.380348831355917
params_new= {'a1': 0.4618802153517006, 'a2': 1.8257418583505536, 'a3': 3.3086818354567074} logZ_new= 2.6423060026194354 obs_new= 5.3839036402597396
params_max= {'a1': 0.4618802153517006, 'a2': 1.8257418583505536, 'a3': 3.3086818354567202} logZ_max= 2.6423348382448024 obs_max= 5.382382673552077
dist_min= tensor(1422.6429) dist_max= tensor(379.3845)
params_min,params_max=params_min,params_new
evaluating model at params_new={'a1': 0.4618802153517006, 'a2': 1.8257418583505536, 'a3': 3.308681835456701}
params_min= {'a1': 0.4618802153517006, 'a2': 1.8257418583505536, 'a3': 3.308681835456695} logZ_min= nan obs_min= 5.380348831355917
params_new= {'a1': 0.4618802153517006, 'a2': 1.8257418583505536, 'a3': 3.308681835456701} logZ_new= 2.6423923485465886 obs_new= 5.380283364779886
params_max= {'a1': 0.4618802153517006, 'a2': 1.8257418583505536, 'a3': 3.3086818354567074} logZ_max= 2.6423060026194354 obs_max= 5.3839036402597396
dist_min= tensor(9.0611) dist_max= tensor(1422.1638)
params_min,params_max=params_new,params_max
evaluating model at params_new={'a1': 0.4618802153517006, 'a2': 1.8257418583505536, 'a3': 3.3086818354567042}
params_min= {'a1': 0.4618802153517006, 'a2': 1.8257418583505536, 'a3': 3.308681835456701} logZ_min= 2.6423923485465886 obs_min= 5.380283364779886
params_new= {'a1': 0.4618802153517006, 'a2': 1.8257418583505536, 'a3': 3.3086818354567042} logZ_new= 2.6423941030588463 obs_new= 5.380343669206579
params_max= {'a1': 0.4618802153517006, 'a2': 1.8257418583505536, 'a3': 3.3086818354567074} logZ_max= 2.6423060026194354 obs_max= 5.3839036402597396
dist_min= tensor(0.0485) dist_max= tensor(1422.1613)
params_min,params_max=params_new,params_max
evaluating model at params_new={'a1': 0.4618802153517006, 'a2': 1.8257418583505536, 'a3': 3.3086818354567056}
params_min= {'a1': 0.4618802153517006, 'a2': 1.8257418583505536, 'a3': 3.3086818354567042} logZ_min= 2.6423941030588463 obs_min= 5.380343669206579
params_new= {'a1': 0.4618802153517006, 'a2': 1.8257418583505536, 'a3': 3.3086818354567056} logZ_new= nan obs_new= 5.380572602656016
params_max= {'a1': 0.4618802153517006, 'a2': 1.8257418583505536, 'a3': 3.3086818354567074} logZ_max= 2.6423060026194354 obs_max= 5.3839036402597396
dist_min= tensor(3.9181) dist_max= tensor(1422.1047)
params_min,params_max=params_new,params_max
evaluating model at params_new={'a1': 0.4618802153517006, 'a2': 1.8257418583505536, 'a3': 3.3086818354567065}
params_min= {'a1': 0.4618802153517006, 'a2': 1.8257418583505536, 'a3': 3.3086818354567056} logZ_min= nan obs_min= 5.380572602656016
params_new= {'a1': 0.4618802153517006, 'a2': 1.8257418583505536, 'a3': 3.3086818354567065} logZ_new= 2.6423821824170517 obs_new= 5.380413969846829
params_max= {'a1': 0.4618802153517006, 'a2': 1.8257418583505536, 'a3': 3.3086818354567074} logZ_max= 2.6423060026194354 obs_max= 5.3839036402597396
dist_min= tensor(3.8795) dist_max= tensor(1422.1204)
params_min,params_max=params_new,params_max
evaluating model at params_new={'a1': 0.4618802153517006, 'a2': 1.8257418583505536, 'a3': 3.308681835456707}
params_min= {'a1': 0.4618802153517006, 'a2': 1.8257418583505536, 'a3': 3.3086818354567065} logZ_min= 2.6423821824170517 obs_min= 5.380413969846829
params_new= {'a1': 0.4618802153517006, 'a2': 1.8257418583505536, 'a3': 3.308681835456707} logZ_new= nan obs_new= 5.381531404465015
params_max= {'a1': 0.4618802153517006, 'a2': 1.8257418583505536, 'a3': 3.3086818354567074} logZ_max= 2.6423060026194354 obs_max= 5.3839036402597396
dist_min= tensor(3.4772) dist_max= tensor(1421.8745)
params_min,params_max=params_new,params_max
critical params found:  {'a1': 0.4618802153517006, 'a2': 1.8257418583505536, 'a3': 3.3086818354567074}
reference params:  {'a1': 1.1547005383792515, 'a2': 1.8257418583505538, 'a3': 4.47213595499958}
file saved to  data/AKLT3D_X10_scan_grid_critical_a3/a1_0.4618802_a2_1.8257419/Tc.json
