Start running find_critical_temp.py with options:{'filename': 'data/AKLT3D_X10_scan_grid_critical_a3/a1_2.3094011_a2_1.0954451/Tc.json', 'log_filename': 'data/AKLT3D_X10_scan_grid_critical_a3/a1_2.3094011_a2_1.0954451/Tc.log', 'nLayers': 60, 'max_dim': 10, 'model': 'AKLT3D', 'params_min': "{'a1': 2.309401076758503, 'a2': 1.0954451150103324, 'a3': 6.260990336999412}", 'params_max': "{'a1': 2.309401076758503, 'a2': 1.0954451150103324, 'a3': 7.155417527999328}", 'params_ref': None, 'observable_name': 'magnetizationZ', 'tol': 0.0, 'gilt_enabled': False, 'gilt_eps': 8e-07, 'gilt_nIter': 1, 'mcf_enabled': True, 'mcf_eps': 1e-16, 'mcf_max_iter': 200, 'hotrg_sanity_check': False, 'version': 1, 'device': 'cuda:1'}
loading library...
evaluating model at params_min={'a1': 2.309401076758503, 'a2': 1.0954451150103324, 'a3': 6.260990336999412}
params_min= {'a1': 2.309401076758503, 'a2': 1.0954451150103324, 'a3': 6.260990336999412} logZ_min= 3.851201060052201 obs_min= 5.49930571960091e-32
evaluating model at params_max={'a1': 2.309401076758503, 'a2': 1.0954451150103324, 'a3': 7.155417527999328}
params_max= {'a1': 2.309401076758503, 'a2': 1.0954451150103324, 'a3': 7.155417527999328} logZ_max= 3.9249597307741717 obs_max= 8.789722155534035
searching for critical temperature using bisection method
evaluating model at params_new={'a1': 2.309401076758503, 'a2': 1.0954451150103324, 'a3': 6.708203932499369}
params_min= {'a1': 2.309401076758503, 'a2': 1.0954451150103324, 'a3': 6.260990336999412} logZ_min= 3.851201060052201 obs_min= 5.49930571960091e-32
params_new= {'a1': 2.309401076758503, 'a2': 1.0954451150103324, 'a3': 6.708203932499369} logZ_new= 3.859208779528681 obs_new= 1.0749485886231806e-31
params_max= {'a1': 2.309401076758503, 'a2': 1.0954451150103324, 'a3': 7.155417527999328} logZ_max= 3.9249597307741717 obs_max= 8.789722155534035
dist_min= tensor(42.8648) dist_max= tensor(64.7853)
params_min,params_max=params_new,params_max
evaluating model at params_new={'a1': 2.309401076758503, 'a2': 1.0954451150103324, 'a3': 6.931810730249349}
params_min= {'a1': 2.309401076758503, 'a2': 1.0954451150103324, 'a3': 6.708203932499369} logZ_min= 3.859208779528681 obs_min= 1.0749485886231806e-31
params_new= {'a1': 2.309401076758503, 'a2': 1.0954451150103324, 'a3': 6.931810730249349} logZ_new= 3.8550980342870207 obs_new= 8.615874169493752
params_max= {'a1': 2.309401076758503, 'a2': 1.0954451150103324, 'a3': 7.155417527999328} logZ_max= 3.9249597307741717 obs_max= 8.789722155534035
dist_min= tensor(64.8762) dist_max= tensor(2.5886)
params_min,params_max=params_min,params_new
evaluating model at params_new={'a1': 2.309401076758503, 'a2': 1.0954451150103324, 'a3': 6.820007331374359}
params_min= {'a1': 2.309401076758503, 'a2': 1.0954451150103324, 'a3': 6.708203932499369} logZ_min= 3.859208779528681 obs_min= 1.0749485886231806e-31
params_new= {'a1': 2.309401076758503, 'a2': 1.0954451150103324, 'a3': 6.820007331374359} logZ_new= 3.852938836069475 obs_new= 6.626741414839212e-33
params_max= {'a1': 2.309401076758503, 'a2': 1.0954451150103324, 'a3': 6.931810730249349} logZ_max= 3.8550980342870207 obs_max= 8.615874169493752
dist_min= tensor(64.6971) dist_max= tensor(2.8169)
params_min,params_max=params_min,params_new
evaluating model at params_new={'a1': 2.309401076758503, 'a2': 1.0954451150103324, 'a3': 6.764105631936864}
params_min= {'a1': 2.309401076758503, 'a2': 1.0954451150103324, 'a3': 6.708203932499369} logZ_min= 3.859208779528681 obs_min= 1.0749485886231806e-31
params_new= {'a1': 2.309401076758503, 'a2': 1.0954451150103324, 'a3': 6.764105631936864} logZ_new= 3.860170318866789 obs_new= 5.706019556387572e-34
params_max= {'a1': 2.309401076758503, 'a2': 1.0954451150103324, 'a3': 6.820007331374359} logZ_max= 3.852938836069475 obs_max= 6.626741414839212e-33
dist_min= tensor(3.8708) dist_max= tensor(62.2631)
params_min,params_max=params_new,params_max
evaluating model at params_new={'a1': 2.309401076758503, 'a2': 1.0954451150103324, 'a3': 6.792056481655612}
params_min= {'a1': 2.309401076758503, 'a2': 1.0954451150103324, 'a3': 6.764105631936864} logZ_min= 3.860170318866789 obs_min= 5.706019556387572e-34
params_new= {'a1': 2.309401076758503, 'a2': 1.0954451150103324, 'a3': 6.792056481655612} logZ_new= 3.8602071458692406 obs_new= 4.367626963034508e-34
params_max= {'a1': 2.309401076758503, 'a2': 1.0954451150103324, 'a3': 6.820007331374359} logZ_max= 3.852938836069475 obs_max= 6.626741414839212e-33
dist_min= tensor(63.0735) dist_max= tensor(12.1733)
params_min,params_max=params_min,params_new
evaluating model at params_new={'a1': 2.309401076758503, 'a2': 1.0954451150103324, 'a3': 6.778081056796238}
params_min= {'a1': 2.309401076758503, 'a2': 1.0954451150103324, 'a3': 6.764105631936864} logZ_min= 3.860170318866789 obs_min= 5.706019556387572e-34
params_new= {'a1': 2.309401076758503, 'a2': 1.0954451150103324, 'a3': 6.778081056796238} logZ_new= 3.8605034322440512 obs_new= 2.9976750558107453e-33
params_max= {'a1': 2.309401076758503, 'a2': 1.0954451150103324, 'a3': 6.792056481655612} logZ_max= 3.8602071458692406 obs_max= 4.367626963034508e-34
dist_min= tensor(2.4037) dist_max= tensor(62.4147)
params_min,params_max=params_new,params_max
evaluating model at params_new={'a1': 2.309401076758503, 'a2': 1.0954451150103324, 'a3': 6.785068769225925}
params_min= {'a1': 2.309401076758503, 'a2': 1.0954451150103324, 'a3': 6.778081056796238} logZ_min= 3.8605034322440512 obs_min= 2.9976750558107453e-33
params_new= {'a1': 2.309401076758503, 'a2': 1.0954451150103324, 'a3': 6.785068769225925} logZ_new= 3.8606331406228076 obs_new= 1.01005342167839e-33
params_max= {'a1': 2.309401076758503, 'a2': 1.0954451150103324, 'a3': 6.792056481655612} logZ_max= 3.8602071458692406 obs_max= 4.367626963034508e-34
dist_min= tensor(0.9696) dist_max= tensor(62.2337)
params_min,params_max=params_new,params_max
evaluating model at params_new={'a1': 2.309401076758503, 'a2': 1.0954451150103324, 'a3': 6.788562625440768}
params_min= {'a1': 2.309401076758503, 'a2': 1.0954451150103324, 'a3': 6.785068769225925} logZ_min= 3.8606331406228076 obs_min= 1.01005342167839e-33
params_new= {'a1': 2.309401076758503, 'a2': 1.0954451150103324, 'a3': 6.788562625440768} logZ_new= 3.8603465844871767 obs_new= 1.8864431888528667e-34
params_max= {'a1': 2.309401076758503, 'a2': 1.0954451150103324, 'a3': 6.792056481655612} logZ_max= 3.8602071458692406 obs_max= 4.367626963034508e-34
dist_min= tensor(61.1097) dist_max= tensor(12.0066)
params_min,params_max=params_min,params_new
evaluating model at params_new={'a1': 2.309401076758503, 'a2': 1.0954451150103324, 'a3': 6.786815697333346}
params_min= {'a1': 2.309401076758503, 'a2': 1.0954451150103324, 'a3': 6.785068769225925} logZ_min= 3.8606331406228076 obs_min= 1.01005342167839e-33
params_new= {'a1': 2.309401076758503, 'a2': 1.0954451150103324, 'a3': 6.786815697333346} logZ_new= 3.8606646067802406 obs_new= 1.6467877299657803e-32
params_max= {'a1': 2.309401076758503, 'a2': 1.0954451150103324, 'a3': 6.788562625440768} logZ_max= 3.8603465844871767 obs_max= 1.8864431888528667e-34
dist_min= tensor(1.5966) dist_max= tensor(61.0600)
params_min,params_max=params_new,params_max
evaluating model at params_new={'a1': 2.309401076758503, 'a2': 1.0954451150103324, 'a3': 6.787689161387057}
params_min= {'a1': 2.309401076758503, 'a2': 1.0954451150103324, 'a3': 6.786815697333346} logZ_min= 3.8606646067802406 obs_min= 1.6467877299657803e-32
params_new= {'a1': 2.309401076758503, 'a2': 1.0954451150103324, 'a3': 6.787689161387057} logZ_new= 3.860680866532657 obs_new= 6.091455287944646e-35
params_max= {'a1': 2.309401076758503, 'a2': 1.0954451150103324, 'a3': 6.788562625440768} logZ_max= 3.8603465844871767 obs_max= 1.8864431888528667e-34
dist_min= tensor(1.4798) dist_max= tensor(61.0085)
params_min,params_max=params_new,params_max
evaluating model at params_new={'a1': 2.309401076758503, 'a2': 1.0954451150103324, 'a3': 6.788125893413913}
params_min= {'a1': 2.309401076758503, 'a2': 1.0954451150103324, 'a3': 6.787689161387057} logZ_min= 3.860680866532657 obs_min= 6.091455287944646e-35
params_new= {'a1': 2.309401076758503, 'a2': 1.0954451150103324, 'a3': 6.788125893413913} logZ_new= 3.8606127750137618 obs_new= 8.877501892421353e-33
params_max= {'a1': 2.309401076758503, 'a2': 1.0954451150103324, 'a3': 6.788562625440768} logZ_max= 3.8603465844871767 obs_max= 1.8864431888528667e-34
dist_min= tensor(0.1920) dist_max= tensor(60.9925)
params_min,params_max=params_new,params_max
evaluating model at params_new={'a1': 2.309401076758503, 'a2': 1.0954451150103324, 'a3': 6.78834425942734}
params_min= {'a1': 2.309401076758503, 'a2': 1.0954451150103324, 'a3': 6.788125893413913} logZ_min= 3.8606127750137618 obs_min= 8.877501892421353e-33
params_new= {'a1': 2.309401076758503, 'a2': 1.0954451150103324, 'a3': 6.78834425942734} logZ_new= nan obs_new= 9.61573360160844e-34
params_max= {'a1': 2.309401076758503, 'a2': 1.0954451150103324, 'a3': 6.788562625440768} logZ_max= 3.8603465844871767 obs_max= 1.8864431888528667e-34
dist_min= tensor(8.0098) dist_max= tensor(61.5150)
params_min,params_max=params_new,params_max
evaluating model at params_new={'a1': 2.309401076758503, 'a2': 1.0954451150103324, 'a3': 6.788453442434054}
params_min= {'a1': 2.309401076758503, 'a2': 1.0954451150103324, 'a3': 6.78834425942734} logZ_min= nan obs_min= 9.61573360160844e-34
params_new= {'a1': 2.309401076758503, 'a2': 1.0954451150103324, 'a3': 6.788453442434054} logZ_new= 3.860663014864391 obs_new= 1.300537528621156e-30
params_max= {'a1': 2.309401076758503, 'a2': 1.0954451150103324, 'a3': 6.788562625440768} logZ_max= 3.8603465844871767 obs_max= 1.8864431888528667e-34
dist_min= tensor(7.5197) dist_max= tensor(60.9953)
params_min,params_max=params_new,params_max
evaluating model at params_new={'a1': 2.309401076758503, 'a2': 1.0954451150103324, 'a3': 6.788508033937411}
params_min= {'a1': 2.309401076758503, 'a2': 1.0954451150103324, 'a3': 6.788453442434054} logZ_min= 3.860663014864391 obs_min= 1.300537528621156e-30
params_new= {'a1': 2.309401076758503, 'a2': 1.0954451150103324, 'a3': 6.788508033937411} logZ_new= 3.8606408039311826 obs_new= 5.852823843430257e-34
params_max= {'a1': 2.309401076758503, 'a2': 1.0954451150103324, 'a3': 6.788562625440768} logZ_max= 3.8603465844871767 obs_max= 1.8864431888528667e-34
dist_min= tensor(60.9953) dist_max= tensor(0.0850)
params_min,params_max=params_min,params_new
evaluating model at params_new={'a1': 2.309401076758503, 'a2': 1.0954451150103324, 'a3': 6.788480738185733}
params_min= {'a1': 2.309401076758503, 'a2': 1.0954451150103324, 'a3': 6.788453442434054} logZ_min= 3.860663014864391 obs_min= 1.300537528621156e-30
params_new= {'a1': 2.309401076758503, 'a2': 1.0954451150103324, 'a3': 6.788480738185733} logZ_new= nan obs_new= 3.512703585655266e-33
params_max= {'a1': 2.309401076758503, 'a2': 1.0954451150103324, 'a3': 6.788508033937411} logZ_max= 3.8606408039311826 obs_max= 5.852823843430257e-34
dist_min= tensor(1.7957) dist_max= tensor(61.0062)
params_min,params_max=params_new,params_max
evaluating model at params_new={'a1': 2.309401076758503, 'a2': 1.0954451150103324, 'a3': 6.788494386061572}
params_min= {'a1': 2.309401076758503, 'a2': 1.0954451150103324, 'a3': 6.788480738185733} logZ_min= nan obs_min= 3.512703585655266e-33
params_new= {'a1': 2.309401076758503, 'a2': 1.0954451150103324, 'a3': 6.788494386061572} logZ_new= 3.86069538782646 obs_new= 2.50319835162058e-32
params_max= {'a1': 2.309401076758503, 'a2': 1.0954451150103324, 'a3': 6.788508033937411} logZ_max= 3.8606408039311826 obs_max= 5.852823843430257e-34
dist_min= tensor(1.7791) dist_max= tensor(60.9782)
params_min,params_max=params_new,params_max
evaluating model at params_new={'a1': 2.309401076758503, 'a2': 1.0954451150103324, 'a3': 6.788501209999492}
params_min= {'a1': 2.309401076758503, 'a2': 1.0954451150103324, 'a3': 6.788494386061572} logZ_min= 3.86069538782646 obs_min= 2.50319835162058e-32
params_new= {'a1': 2.309401076758503, 'a2': 1.0954451150103324, 'a3': 6.788501209999492} logZ_new= 3.8603726574307515 obs_new= 4.979528957277559e-34
params_max= {'a1': 2.309401076758503, 'a2': 1.0954451150103324, 'a3': 6.788508033937411} logZ_max= 3.8606408039311826 obs_max= 5.852823843430257e-34
dist_min= tensor(69.6293) dist_max= tensor(33.3493)
params_min,params_max=params_min,params_new
evaluating model at params_new={'a1': 2.309401076758503, 'a2': 1.0954451150103324, 'a3': 6.788497798030532}
params_min= {'a1': 2.309401076758503, 'a2': 1.0954451150103324, 'a3': 6.788494386061572} logZ_min= 3.86069538782646 obs_min= 2.50319835162058e-32
params_new= {'a1': 2.309401076758503, 'a2': 1.0954451150103324, 'a3': 6.788497798030532} logZ_new= 3.859939872230311 obs_new= 1.3699334898371471e-30
params_max= {'a1': 2.309401076758503, 'a2': 1.0954451150103324, 'a3': 6.788501209999492} logZ_max= 3.8603726574307515 obs_max= 4.979528957277559e-34
dist_min= tensor(62.3581) dist_max= tensor(35.3797)
params_min,params_max=params_min,params_new
evaluating model at params_new={'a1': 2.309401076758503, 'a2': 1.0954451150103324, 'a3': 6.788496092046052}
params_min= {'a1': 2.309401076758503, 'a2': 1.0954451150103324, 'a3': 6.788494386061572} logZ_min= 3.86069538782646 obs_min= 2.50319835162058e-32
params_new= {'a1': 2.309401076758503, 'a2': 1.0954451150103324, 'a3': 6.788496092046052} logZ_new= 3.8606288814212886 obs_new= 8.058880317909863e-32
params_max= {'a1': 2.309401076758503, 'a2': 1.0954451150103324, 'a3': 6.788497798030532} logZ_max= 3.859939872230311 obs_max= 1.3699334898371471e-30
dist_min= tensor(1.2979) dist_max= tensor(62.2289)
params_min,params_max=params_new,params_max
evaluating model at params_new={'a1': 2.309401076758503, 'a2': 1.0954451150103324, 'a3': 6.7884969450382915}
params_min= {'a1': 2.309401076758503, 'a2': 1.0954451150103324, 'a3': 6.788496092046052} logZ_min= 3.8606288814212886 obs_min= 8.058880317909863e-32
params_new= {'a1': 2.309401076758503, 'a2': 1.0954451150103324, 'a3': 6.7884969450382915} logZ_new= 3.8606960713481415 obs_new= 3.4653989230648855e-30
params_max= {'a1': 2.309401076758503, 'a2': 1.0954451150103324, 'a3': 6.788497798030532} logZ_max= 3.859939872230311 obs_max= 1.3699334898371471e-30
dist_min= tensor(1.4160) dist_max= tensor(62.3760)
params_min,params_max=params_new,params_max
evaluating model at params_new={'a1': 2.309401076758503, 'a2': 1.0954451150103324, 'a3': 6.788497371534412}
params_min= {'a1': 2.309401076758503, 'a2': 1.0954451150103324, 'a3': 6.7884969450382915} logZ_min= 3.8606960713481415 obs_min= 3.4653989230648855e-30
params_new= {'a1': 2.309401076758503, 'a2': 1.0954451150103324, 'a3': 6.788497371534412} logZ_new= 3.86062403280443 obs_new= 2.2662224188538452e-31
params_max= {'a1': 2.309401076758503, 'a2': 1.0954451150103324, 'a3': 6.788497798030532} logZ_max= 3.859939872230311 obs_max= 1.3699334898371471e-30
dist_min= tensor(61.0029) dist_max= tensor(12.2381)
params_min,params_max=params_min,params_new
evaluating model at params_new={'a1': 2.309401076758503, 'a2': 1.0954451150103324, 'a3': 6.788497158286352}
params_min= {'a1': 2.309401076758503, 'a2': 1.0954451150103324, 'a3': 6.7884969450382915} logZ_min= 3.8606960713481415 obs_min= 3.4653989230648855e-30
params_new= {'a1': 2.309401076758503, 'a2': 1.0954451150103324, 'a3': 6.788497158286352} logZ_new= 3.8598551469013063 obs_new= 5.2505181037118404e-30
params_max= {'a1': 2.309401076758503, 'a2': 1.0954451150103324, 'a3': 6.788497371534412} logZ_max= 3.86062403280443 obs_max= 2.2662224188538452e-31
dist_min= tensor(66.8802) dist_max= tensor(26.6237)
params_min,params_max=params_min,params_new
evaluating model at params_new={'a1': 2.309401076758503, 'a2': 1.0954451150103324, 'a3': 6.788497051662322}
params_min= {'a1': 2.309401076758503, 'a2': 1.0954451150103324, 'a3': 6.7884969450382915} logZ_min= 3.8606960713481415 obs_min= 3.4653989230648855e-30
params_new= {'a1': 2.309401076758503, 'a2': 1.0954451150103324, 'a3': 6.788497051662322} logZ_new= 3.860046647609985 obs_new= 1.9324787286061166e-29
params_max= {'a1': 2.309401076758503, 'a2': 1.0954451150103324, 'a3': 6.788497158286352} logZ_max= 3.8598551469013063 obs_max= 5.2505181037118404e-30
dist_min= tensor(71.2361) dist_max= tensor(44.4237)
params_min,params_max=params_min,params_new
evaluating model at params_new={'a1': 2.309401076758503, 'a2': 1.0954451150103324, 'a3': 6.788496998350307}
params_min= {'a1': 2.309401076758503, 'a2': 1.0954451150103324, 'a3': 6.7884969450382915} logZ_min= 3.8606960713481415 obs_min= 3.4653989230648855e-30
params_new= {'a1': 2.309401076758503, 'a2': 1.0954451150103324, 'a3': 6.788496998350307} logZ_new= nan obs_new= 2.570036335421562e-30
params_max= {'a1': 2.309401076758503, 'a2': 1.0954451150103324, 'a3': 6.788497051662322} logZ_max= 3.860046647609985 obs_max= 1.9324787286061166e-29
dist_min= tensor(64.6273) dist_max= tensor(41.7683)
params_min,params_max=params_min,params_new
evaluating model at params_new={'a1': 2.309401076758503, 'a2': 1.0954451150103324, 'a3': 6.788496971694299}
params_min= {'a1': 2.309401076758503, 'a2': 1.0954451150103324, 'a3': 6.7884969450382915} logZ_min= 3.8606960713481415 obs_min= 3.4653989230648855e-30
params_new= {'a1': 2.309401076758503, 'a2': 1.0954451150103324, 'a3': 6.788496971694299} logZ_new= 3.86007111278682 obs_new= 5.212380337039829e-29
params_max= {'a1': 2.309401076758503, 'a2': 1.0954451150103324, 'a3': 6.788496998350307} logZ_max= nan obs_max= 2.570036335421562e-30
dist_min= tensor(61.0032) dist_max= tensor(20.3793)
params_min,params_max=params_min,params_new
evaluating model at params_new={'a1': 2.309401076758503, 'a2': 1.0954451150103324, 'a3': 6.788496958366295}
params_min= {'a1': 2.309401076758503, 'a2': 1.0954451150103324, 'a3': 6.7884969450382915} logZ_min= 3.8606960713481415 obs_min= 3.4653989230648855e-30
params_new= {'a1': 2.309401076758503, 'a2': 1.0954451150103324, 'a3': 6.788496958366295} logZ_new= 3.860198532561318 obs_new= 2.4723480575368998e-28
params_max= {'a1': 2.309401076758503, 'a2': 1.0954451150103324, 'a3': 6.788496971694299} logZ_max= 3.86007111278682 obs_max= 5.212380337039829e-29
dist_min= tensor(61.0045) dist_max= tensor(0.1392)
params_min,params_max=params_min,params_new
evaluating model at params_new={'a1': 2.309401076758503, 'a2': 1.0954451150103324, 'a3': 6.788496951702293}
params_min= {'a1': 2.309401076758503, 'a2': 1.0954451150103324, 'a3': 6.7884969450382915} logZ_min= 3.8606960713481415 obs_min= 3.4653989230648855e-30
params_new= {'a1': 2.309401076758503, 'a2': 1.0954451150103324, 'a3': 6.788496951702293} logZ_new= 3.8606966629663275 obs_new= 2.386670464132299e-28
params_max= {'a1': 2.309401076758503, 'a2': 1.0954451150103324, 'a3': 6.788496958366295} logZ_max= 3.860198532561318 obs_max= 2.4723480575368998e-28
dist_min= tensor(0.8856) dist_max= tensor(60.9956)
params_min,params_max=params_new,params_max
evaluating model at params_new={'a1': 2.309401076758503, 'a2': 1.0954451150103324, 'a3': 6.788496955034294}
params_min= {'a1': 2.309401076758503, 'a2': 1.0954451150103324, 'a3': 6.788496951702293} logZ_min= 3.8606966629663275 obs_min= 2.386670464132299e-28
params_new= {'a1': 2.309401076758503, 'a2': 1.0954451150103324, 'a3': 6.788496955034294} logZ_new= 3.8601308634447986 obs_new= 1.265171044907149e-28
params_max= {'a1': 2.309401076758503, 'a2': 1.0954451150103324, 'a3': 6.788496958366295} logZ_max= 3.860198532561318 obs_max= 2.4723480575368998e-28
dist_min= tensor(60.9998) dist_max= tensor(0.2250)
params_min,params_max=params_min,params_new
evaluating model at params_new={'a1': 2.309401076758503, 'a2': 1.0954451150103324, 'a3': 6.788496953368293}
params_min= {'a1': 2.309401076758503, 'a2': 1.0954451150103324, 'a3': 6.788496951702293} logZ_min= 3.8606966629663275 obs_min= 2.386670464132299e-28
params_new= {'a1': 2.309401076758503, 'a2': 1.0954451150103324, 'a3': 6.788496953368293} logZ_new= 3.860589507697405 obs_new= 3.4154836855921036e-25
params_max= {'a1': 2.309401076758503, 'a2': 1.0954451150103324, 'a3': 6.788496955034294} logZ_max= 3.8601308634447986 obs_max= 1.265171044907149e-28
dist_min= tensor(13798.4092) dist_max= tensor(13797.4149)
params_min,params_max=params_min,params_new
evaluating model at params_new={'a1': 2.309401076758503, 'a2': 1.0954451150103324, 'a3': 6.788496952535294}
params_min= {'a1': 2.309401076758503, 'a2': 1.0954451150103324, 'a3': 6.788496951702293} logZ_min= 3.8606966629663275 obs_min= 2.386670464132299e-28
params_new= {'a1': 2.309401076758503, 'a2': 1.0954451150103324, 'a3': 6.788496952535294} logZ_new= 3.8606952193255952 obs_new= 6.658506770284557e-27
params_max= {'a1': 2.309401076758503, 'a2': 1.0954451150103324, 'a3': 6.788496953368293} logZ_max= 3.860589507697405 obs_max= 3.4154836855921036e-25
dist_min= tensor(0.8923) dist_max= tensor(13798.2909)
params_min,params_max=params_new,params_max
evaluating model at params_new={'a1': 2.309401076758503, 'a2': 1.0954451150103324, 'a3': 6.788496952951793}
params_min= {'a1': 2.309401076758503, 'a2': 1.0954451150103324, 'a3': 6.788496952535294} logZ_min= 3.8606952193255952 obs_min= 6.658506770284557e-27
params_new= {'a1': 2.309401076758503, 'a2': 1.0954451150103324, 'a3': 6.788496952951793} logZ_new= 3.8606959882262424 obs_new= 5.247019389294499e-25
params_max= {'a1': 2.309401076758503, 'a2': 1.0954451150103324, 'a3': 6.788496953368293} logZ_max= 3.860589507697405 obs_max= 3.4154836855921036e-25
dist_min= tensor(1.4191) dist_max= tensor(13797.7327)
params_min,params_max=params_new,params_max
evaluating model at params_new={'a1': 2.309401076758503, 'a2': 1.0954451150103324, 'a3': 6.788496953160044}
params_min= {'a1': 2.309401076758503, 'a2': 1.0954451150103324, 'a3': 6.788496952951793} logZ_min= 3.8606959882262424 obs_min= 5.247019389294499e-25
params_new= {'a1': 2.309401076758503, 'a2': 1.0954451150103324, 'a3': 6.788496953160044} logZ_new= 3.860019441308704 obs_new= 7.946434519602469e-25
params_max= {'a1': 2.309401076758503, 'a2': 1.0954451150103324, 'a3': 6.788496953368293} logZ_max= 3.860589507697405 obs_max= 3.4154836855921036e-25
dist_min= tensor(60.9818) dist_max= tensor(13797.4360)
params_min,params_max=params_new,params_max
evaluating model at params_new={'a1': 2.309401076758503, 'a2': 1.0954451150103324, 'a3': 6.788496953264168}
params_min= {'a1': 2.309401076758503, 'a2': 1.0954451150103324, 'a3': 6.788496953160044} logZ_min= 3.860019441308704 obs_min= 7.946434519602469e-25
params_new= {'a1': 2.309401076758503, 'a2': 1.0954451150103324, 'a3': 6.788496953264168} logZ_new= 3.8605849705518853 obs_new= 5.195115582415609e-28
params_max= {'a1': 2.309401076758503, 'a2': 1.0954451150103324, 'a3': 6.788496953368293} logZ_max= 3.860589507697405 obs_max= 3.4154836855921036e-25
dist_min= tensor(719848.8462) dist_max= tensor(706051.7770)
params_min,params_max=params_min,params_new
evaluating model at params_new={'a1': 2.309401076758503, 'a2': 1.0954451150103324, 'a3': 6.788496953212106}
params_min= {'a1': 2.309401076758503, 'a2': 1.0954451150103324, 'a3': 6.788496953160044} logZ_min= 3.860019441308704 obs_min= 7.946434519602469e-25
params_new= {'a1': 2.309401076758503, 'a2': 1.0954451150103324, 'a3': 6.788496953212106} logZ_new= nan obs_new= 1.4715576329054467e-26
params_max= {'a1': 2.309401076758503, 'a2': 1.0954451150103324, 'a3': 6.788496953264168} logZ_max= 3.8605849705518853 obs_max= 5.195115582415609e-28
dist_min= tensor(7.7391) dist_max= tensor(719849.4548)
params_min,params_max=params_new,params_max
evaluating model at params_new={'a1': 2.309401076758503, 'a2': 1.0954451150103324, 'a3': 6.788496953238138}
params_min= {'a1': 2.309401076758503, 'a2': 1.0954451150103324, 'a3': 6.788496953212106} logZ_min= nan obs_min= 1.4715576329054467e-26
params_new= {'a1': 2.309401076758503, 'a2': 1.0954451150103324, 'a3': 6.788496953238138} logZ_new= nan obs_new= 1.424691140124775e-26
params_max= {'a1': 2.309401076758503, 'a2': 1.0954451150103324, 'a3': 6.788496953264168} logZ_max= 3.8605849705518853 obs_max= 5.195115582415609e-28
dist_min= tensor(127.0678) dist_max= tensor(719849.5840)
params_min,params_max=params_new,params_max
evaluating model at params_new={'a1': 2.309401076758503, 'a2': 1.0954451150103324, 'a3': 6.788496953251153}
params_min= {'a1': 2.309401076758503, 'a2': 1.0954451150103324, 'a3': 6.788496953238138} logZ_min= nan obs_min= 1.424691140124775e-26
params_new= {'a1': 2.309401076758503, 'a2': 1.0954451150103324, 'a3': 6.788496953251153} logZ_new= 3.860019296195844 obs_new= 6.626028741823657e-25
params_max= {'a1': 2.309401076758503, 'a2': 1.0954451150103324, 'a3': 6.788496953264168} logZ_max= 3.8605849705518853 obs_max= 5.195115582415609e-28
dist_min= tensor(131.6981) dist_max= tensor(719848.7969)
params_min,params_max=params_new,params_max
evaluating model at params_new={'a1': 2.309401076758503, 'a2': 1.0954451150103324, 'a3': 6.788496953257661}
params_min= {'a1': 2.309401076758503, 'a2': 1.0954451150103324, 'a3': 6.788496953251153} logZ_min= 3.860019296195844 obs_min= 6.626028741823657e-25
params_new= {'a1': 2.309401076758503, 'a2': 1.0954451150103324, 'a3': 6.788496953257661} logZ_new= 3.8604184267362966 obs_new= 2.2702078941786026e-23
params_max= {'a1': 2.309401076758503, 'a2': 1.0954451150103324, 'a3': 6.788496953264168} logZ_max= 3.8605849705518853 obs_max= 5.195115582415609e-28
dist_min= tensor(38964.4348) dist_max= tensor(720893.5343)
params_min,params_max=params_new,params_max
evaluating model at params_new={'a1': 2.309401076758503, 'a2': 1.0954451150103324, 'a3': 6.788496953260914}
params_min= {'a1': 2.309401076758503, 'a2': 1.0954451150103324, 'a3': 6.788496953257661} logZ_min= 3.8604184267362966 obs_min= 2.2702078941786026e-23
params_new= {'a1': 2.309401076758503, 'a2': 1.0954451150103324, 'a3': 6.788496953260914} logZ_new= 3.8603341334046277 obs_new= 2.339448049441789e-30
params_max= {'a1': 2.309401076758503, 'a2': 1.0954451150103324, 'a3': 6.788496953264168} logZ_max= 3.8605849705518853 obs_max= 5.195115582415609e-28
dist_min= tensor(39244.1615) dist_max= tensor(719864.7804)
params_min,params_max=params_new,params_max
evaluating model at params_new={'a1': 2.309401076758503, 'a2': 1.0954451150103324, 'a3': 6.788496953262541}
params_min= {'a1': 2.309401076758503, 'a2': 1.0954451150103324, 'a3': 6.788496953260914} logZ_min= 3.8603341334046277 obs_min= 2.339448049441789e-30
params_new= {'a1': 2.309401076758503, 'a2': 1.0954451150103324, 'a3': 6.788496953262541} logZ_new= nan obs_new= 5.086256472900406e-26
params_max= {'a1': 2.309401076758503, 'a2': 1.0954451150103324, 'a3': 6.788496953264168} logZ_max= 3.8605849705518853 obs_max= 5.195115582415609e-28
dist_min= tensor(4677.4024) dist_max= tensor(719849.4582)
params_min,params_max=params_new,params_max
evaluating model at params_new={'a1': 2.309401076758503, 'a2': 1.0954451150103324, 'a3': 6.788496953263355}
params_min= {'a1': 2.309401076758503, 'a2': 1.0954451150103324, 'a3': 6.788496953262541} logZ_min= nan obs_min= 5.086256472900406e-26
params_new= {'a1': 2.309401076758503, 'a2': 1.0954451150103324, 'a3': 6.788496953263355} logZ_new= 3.8601187167761832 obs_new= 6.02508066451919e-25
params_max= {'a1': 2.309401076758503, 'a2': 1.0954451150103324, 'a3': 6.788496953264168} logZ_max= 3.8605849705518853 obs_max= 5.195115582415609e-28
dist_min= tensor(202.5961) dist_max= tensor(719849.3882)
params_min,params_max=params_new,params_max
evaluating model at params_new={'a1': 2.309401076758503, 'a2': 1.0954451150103324, 'a3': 6.788496953263762}
params_min= {'a1': 2.309401076758503, 'a2': 1.0954451150103324, 'a3': 6.788496953263355} logZ_min= 3.8601187167761832 obs_min= 6.02508066451919e-25
params_new= {'a1': 2.309401076758503, 'a2': 1.0954451150103324, 'a3': 6.788496953263762} logZ_new= nan obs_new= 1.6938136356181628e-25
params_max= {'a1': 2.309401076758503, 'a2': 1.0954451150103324, 'a3': 6.788496953264168} logZ_max= 3.8605849705518853 obs_max= 5.195115582415609e-28
dist_min= tensor(204.5845) dist_max= tensor(719849.1910)
params_min,params_max=params_new,params_max
evaluating model at params_new={'a1': 2.309401076758503, 'a2': 1.0954451150103324, 'a3': 6.788496953263965}
params_min= {'a1': 2.309401076758503, 'a2': 1.0954451150103324, 'a3': 6.788496953263762} logZ_min= nan obs_min= 1.6938136356181628e-25
params_new= {'a1': 2.309401076758503, 'a2': 1.0954451150103324, 'a3': 6.788496953263965} logZ_new= 3.860626958163904 obs_new= 5.4398499593159234e-27
params_max= {'a1': 2.309401076758503, 'a2': 1.0954451150103324, 'a3': 6.788496953264168} logZ_max= 3.8605849705518853 obs_max= 5.195115582415609e-28
dist_min= tensor(30.3917) dist_max= tensor(719849.6572)
params_min,params_max=params_new,params_max
evaluating model at params_new={'a1': 2.309401076758503, 'a2': 1.0954451150103324, 'a3': 6.788496953264067}
params_min= {'a1': 2.309401076758503, 'a2': 1.0954451150103324, 'a3': 6.788496953263965} logZ_min= 3.860626958163904 obs_min= 5.4398499593159234e-27
params_new= {'a1': 2.309401076758503, 'a2': 1.0954451150103324, 'a3': 6.788496953264067} logZ_new= 3.860364443806013 obs_new= 4.175641244867298e-27
params_max= {'a1': 2.309401076758503, 'a2': 1.0954451150103324, 'a3': 6.788496953264168} logZ_max= 3.8605849705518853 obs_max= 5.195115582415609e-28
dist_min= tensor(8.5314) dist_max= tensor(719848.8218)
params_min,params_max=params_new,params_max
evaluating model at params_new={'a1': 2.309401076758503, 'a2': 1.0954451150103324, 'a3': 6.788496953264118}
params_min= {'a1': 2.309401076758503, 'a2': 1.0954451150103324, 'a3': 6.788496953264067} logZ_min= 3.860364443806013 obs_min= 4.175641244867298e-27
params_new= {'a1': 2.309401076758503, 'a2': 1.0954451150103324, 'a3': 6.788496953264118} logZ_new= nan obs_new= 5.5163034868913504e-24
params_max= {'a1': 2.309401076758503, 'a2': 1.0954451150103324, 'a3': 6.788496953264168} logZ_max= 3.8605849705518853 obs_max= 5.195115582415609e-28
dist_min= tensor(23.8880) dist_max= tensor(719849.0627)
params_min,params_max=params_new,params_max
evaluating model at params_new={'a1': 2.309401076758503, 'a2': 1.0954451150103324, 'a3': 6.7884969532641435}
params_min= {'a1': 2.309401076758503, 'a2': 1.0954451150103324, 'a3': 6.788496953264118} logZ_min= nan obs_min= 5.5163034868913504e-24
params_new= {'a1': 2.309401076758503, 'a2': 1.0954451150103324, 'a3': 6.7884969532641435} logZ_new= nan obs_new= 1.3141771482872057e-26
params_max= {'a1': 2.309401076758503, 'a2': 1.0954451150103324, 'a3': 6.788496953264168} logZ_max= 3.8605849705518853 obs_max= 5.195115582415609e-28
dist_min= tensor(24.4855) dist_max= tensor(719849.4574)
params_min,params_max=params_new,params_max
evaluating model at params_new={'a1': 2.309401076758503, 'a2': 1.0954451150103324, 'a3': 6.788496953264156}
params_min= {'a1': 2.309401076758503, 'a2': 1.0954451150103324, 'a3': 6.7884969532641435} logZ_min= nan obs_min= 1.3141771482872057e-26
params_new= {'a1': 2.309401076758503, 'a2': 1.0954451150103324, 'a3': 6.788496953264156} logZ_new= 3.860423041298643 obs_new= 4.612310837228581e-25
params_max= {'a1': 2.309401076758503, 'a2': 1.0954451150103324, 'a3': 6.788496953264168} logZ_max= 3.8605849705518853 obs_max= 5.195115582415609e-28
dist_min= tensor(1.6372) dist_max= tensor(719849.4590)
params_min,params_max=params_new,params_max
evaluating model at params_new={'a1': 2.309401076758503, 'a2': 1.0954451150103324, 'a3': 6.788496953264162}
params_min= {'a1': 2.309401076758503, 'a2': 1.0954451150103324, 'a3': 6.788496953264156} logZ_min= 3.860423041298643 obs_min= 4.612310837228581e-25
params_new= {'a1': 2.309401076758503, 'a2': 1.0954451150103324, 'a3': 6.788496953264162} logZ_new= nan obs_new= 2.2984833298212744e-26
params_max= {'a1': 2.309401076758503, 'a2': 1.0954451150103324, 'a3': 6.788496953264168} logZ_max= 3.8605849705518853 obs_max= 5.195115582415609e-28
dist_min= tensor(23.3386) dist_max= tensor(719828.8611)
params_min,params_max=params_new,params_max
evaluating model at params_new={'a1': 2.309401076758503, 'a2': 1.0954451150103324, 'a3': 6.788496953264165}
params_min= {'a1': 2.309401076758503, 'a2': 1.0954451150103324, 'a3': 6.788496953264162} logZ_min= nan obs_min= 2.2984833298212744e-26
params_new= {'a1': 2.309401076758503, 'a2': 1.0954451150103324, 'a3': 6.788496953264165} logZ_new= nan obs_new= 4.747538193929402e-22
params_max= {'a1': 2.309401076758503, 'a2': 1.0954451150103324, 'a3': 6.788496953264168} logZ_max= 3.8605849705518853 obs_max= 5.195115582415609e-28
dist_min= tensor(23.2974) dist_max= tensor(719849.4577)
params_min,params_max=params_new,params_max
evaluating model at params_new={'a1': 2.309401076758503, 'a2': 1.0954451150103324, 'a3': 6.788496953264167}
params_min= {'a1': 2.309401076758503, 'a2': 1.0954451150103324, 'a3': 6.788496953264165} logZ_min= nan obs_min= 4.747538193929402e-22
params_new= {'a1': 2.309401076758503, 'a2': 1.0954451150103324, 'a3': 6.788496953264167} logZ_new= nan obs_new= 5.243397956422864e-23
params_max= {'a1': 2.309401076758503, 'a2': 1.0954451150103324, 'a3': 6.788496953264168} logZ_max= 3.8605849705518853 obs_max= 5.195115582415609e-28
dist_min= tensor(80.5928) dist_max= tensor(719849.5688)
params_min,params_max=params_new,params_max
evaluating model at params_new={'a1': 2.309401076758503, 'a2': 1.0954451150103324, 'a3': 6.7884969532641675}
params_min= {'a1': 2.309401076758503, 'a2': 1.0954451150103324, 'a3': 6.788496953264167} logZ_min= nan obs_min= 5.243397956422864e-23
params_new= {'a1': 2.309401076758503, 'a2': 1.0954451150103324, 'a3': 6.7884969532641675} logZ_new= 3.860599291335958 obs_new= 8.481321214057942e-26
params_max= {'a1': 2.309401076758503, 'a2': 1.0954451150103324, 'a3': 6.788496953264168} logZ_max= 3.8605849705518853 obs_max= 5.195115582415609e-28
dist_min= tensor(80.6086) dist_max= tensor(719849.4591)
params_min,params_max=params_new,params_max
critical params found:  {'a1': 2.309401076758503, 'a2': 1.0954451150103324, 'a3': 6.788496953264168}
reference params:  {'a1': 1.1547005383792515, 'a2': 1.8257418583505538, 'a3': 4.47213595499958}
file saved to  data/AKLT3D_X10_scan_grid_critical_a3/a1_2.3094011_a2_1.0954451/Tc.json
