Start running find_critical_temp.py with options:{'filename': 'data/AKLT3D_X10_scan_grid_critical_a3/a1_1.3856406_a2_3.2863353/Tc.json', 'log_filename': 'data/AKLT3D_X10_scan_grid_critical_a3/a1_1.3856406_a2_3.2863353/Tc.log', 'nLayers': 60, 'max_dim': 10, 'model': 'AKLT3D', 'params_min': "{'a1': 1.3856406460551018, 'a2': 3.286335345030997, 'a3': 1.788854381999832}", 'params_max': "{'a1': 1.3856406460551018, 'a2': 3.286335345030997, 'a3': 2.683281572999748}", 'params_ref': None, 'observable_name': 'magnetizationZ', 'tol': 0.0, 'gilt_enabled': False, 'gilt_eps': 8e-07, 'gilt_nIter': 1, 'mcf_enabled': True, 'mcf_eps': 1e-16, 'mcf_max_iter': 200, 'hotrg_sanity_check': False, 'version': 1, 'device': 'cuda:1'}
loading library...
evaluating model at params_min={'a1': 1.3856406460551018, 'a2': 3.286335345030997, 'a3': 1.788854381999832}
params_min= {'a1': 1.3856406460551018, 'a2': 3.286335345030997, 'a3': 1.788854381999832} logZ_min= nan obs_min= 2.3087326438515384e-29
evaluating model at params_max={'a1': 1.3856406460551018, 'a2': 3.286335345030997, 'a3': 2.683281572999748}
params_max= {'a1': 1.3856406460551018, 'a2': 3.286335345030997, 'a3': 2.683281572999748} logZ_max= nan obs_max= 1.0261913459616672
searching for critical temperature using bisection method
evaluating model at params_new={'a1': 1.3856406460551018, 'a2': 3.286335345030997, 'a3': 2.23606797749979}
params_min= {'a1': 1.3856406460551018, 'a2': 3.286335345030997, 'a3': 1.788854381999832} logZ_min= nan obs_min= 2.3087326438515384e-29
params_new= {'a1': 1.3856406460551018, 'a2': 3.286335345030997, 'a3': 2.23606797749979} logZ_new= 3.60774904734358 obs_new= 0.5309153648208537
params_max= {'a1': 1.3856406460551018, 'a2': 3.286335345030997, 'a3': 2.683281572999748} logZ_max= nan obs_max= 1.0261913459616672
dist_min= tensor(2.8905) dist_max= tensor(4.7973)
params_min,params_max=params_new,params_max
evaluating model at params_new={'a1': 1.3856406460551018, 'a2': 3.286335345030997, 'a3': 2.459674775249769}
params_min= {'a1': 1.3856406460551018, 'a2': 3.286335345030997, 'a3': 2.23606797749979} logZ_min= 3.60774904734358 obs_min= 0.5309153648208537
params_new= {'a1': 1.3856406460551018, 'a2': 3.286335345030997, 'a3': 2.459674775249769} logZ_new= 3.6131510384153303 obs_new= 0.7914241168966576
params_max= {'a1': 1.3856406460551018, 'a2': 3.286335345030997, 'a3': 2.683281572999748} logZ_max= nan obs_max= 1.0261913459616672
dist_min= tensor(2.7565) dist_max= tensor(3.4975)
params_min,params_max=params_new,params_max
evaluating model at params_new={'a1': 1.3856406460551018, 'a2': 3.286335345030997, 'a3': 2.5714781741247585}
params_min= {'a1': 1.3856406460551018, 'a2': 3.286335345030997, 'a3': 2.459674775249769} logZ_min= 3.6131510384153303 obs_min= 0.7914241168966576
params_new= {'a1': 1.3856406460551018, 'a2': 3.286335345030997, 'a3': 2.5714781741247585} logZ_new= 3.615173997218506 obs_new= 0.9170401715305441
params_max= {'a1': 1.3856406460551018, 'a2': 3.286335345030997, 'a3': 2.683281572999748} logZ_max= nan obs_max= 1.0261913459616672
dist_min= tensor(1.8246) dist_max= tensor(3.7211)
params_min,params_max=params_new,params_max
evaluating model at params_new={'a1': 1.3856406460551018, 'a2': 3.286335345030997, 'a3': 2.627379873562253}
params_min= {'a1': 1.3856406460551018, 'a2': 3.286335345030997, 'a3': 2.5714781741247585} logZ_min= 3.615173997218506 obs_min= 0.9170401715305441
params_new= {'a1': 1.3856406460551018, 'a2': 3.286335345030997, 'a3': 2.627379873562253} logZ_new= 3.616660228729529 obs_new= 0.9618111509842894
params_max= {'a1': 1.3856406460551018, 'a2': 3.286335345030997, 'a3': 2.683281572999748} logZ_max= nan obs_max= 1.0261913459616672
dist_min= tensor(0.9720) dist_max= tensor(3.1165)
params_min,params_max=params_new,params_max
evaluating model at params_new={'a1': 1.3856406460551018, 'a2': 3.286335345030997, 'a3': 2.6553307232810006}
params_min= {'a1': 1.3856406460551018, 'a2': 3.286335345030997, 'a3': 2.627379873562253} logZ_min= 3.616660228729529 obs_min= 0.9618111509842894
params_new= {'a1': 1.3856406460551018, 'a2': 3.286335345030997, 'a3': 2.6553307232810006} logZ_new= 3.617047272019238 obs_new= 0.9957702256403701
params_max= {'a1': 1.3856406460551018, 'a2': 3.286335345030997, 'a3': 2.683281572999748} logZ_max= nan obs_max= 1.0261913459616672
dist_min= tensor(12.5521) dist_max= tensor(13.2897)
params_min,params_max=params_new,params_max
evaluating model at params_new={'a1': 1.3856406460551018, 'a2': 3.286335345030997, 'a3': 2.6693061481403744}
params_min= {'a1': 1.3856406460551018, 'a2': 3.286335345030997, 'a3': 2.6553307232810006} logZ_min= 3.617047272019238 obs_min= 0.9957702256403701
params_new= {'a1': 1.3856406460551018, 'a2': 3.286335345030997, 'a3': 2.6693061481403744} logZ_new= 3.6175821071306578 obs_new= 1.0059447019828842
params_max= {'a1': 1.3856406460551018, 'a2': 3.286335345030997, 'a3': 2.683281572999748} logZ_max= nan obs_max= 1.0261913459616672
dist_min= tensor(12.2344) dist_max= tensor(3.2502)
params_min,params_max=params_min,params_new
evaluating model at params_new={'a1': 1.3856406460551018, 'a2': 3.286335345030997, 'a3': 2.6623184357106875}
params_min= {'a1': 1.3856406460551018, 'a2': 3.286335345030997, 'a3': 2.6553307232810006} logZ_min= 3.617047272019238 obs_min= 0.9957702256403701
params_new= {'a1': 1.3856406460551018, 'a2': 3.286335345030997, 'a3': 2.6623184357106875} logZ_new= nan obs_new= 1.0001844830390196
params_max= {'a1': 1.3856406460551018, 'a2': 3.286335345030997, 'a3': 2.6693061481403744} logZ_max= 3.6175821071306578 obs_max= 1.0059447019828842
dist_min= tensor(27.4614) dist_max= tensor(23.8558)
params_min,params_max=params_min,params_new
evaluating model at params_new={'a1': 1.3856406460551018, 'a2': 3.286335345030997, 'a3': 2.6588245794958443}
params_min= {'a1': 1.3856406460551018, 'a2': 3.286335345030997, 'a3': 2.6553307232810006} logZ_min= 3.617047272019238 obs_min= 0.9957702256403701
params_new= {'a1': 1.3856406460551018, 'a2': 3.286335345030997, 'a3': 2.6588245794958443} logZ_new= nan obs_new= 0.9976016365000128
params_max= {'a1': 1.3856406460551018, 'a2': 3.286335345030997, 'a3': 2.6623184357106875} logZ_max= nan obs_max= 1.0001844830390196
dist_min= tensor(12.0984) dist_max= tensor(23.7925)
params_min,params_max=params_new,params_max
evaluating model at params_new={'a1': 1.3856406460551018, 'a2': 3.286335345030997, 'a3': 2.660571507603266}
params_min= {'a1': 1.3856406460551018, 'a2': 3.286335345030997, 'a3': 2.6588245794958443} logZ_min= nan obs_min= 0.9976016365000128
params_new= {'a1': 1.3856406460551018, 'a2': 3.286335345030997, 'a3': 2.660571507603266} logZ_new= 3.617375972438055 obs_new= 0.998427124737988
params_max= {'a1': 1.3856406460551018, 'a2': 3.286335345030997, 'a3': 2.6623184357106875} logZ_max= nan obs_max= 1.0001844830390196
dist_min= tensor(1.6262) dist_max= tensor(24.1659)
params_min,params_max=params_new,params_max
evaluating model at params_new={'a1': 1.3856406460551018, 'a2': 3.286335345030997, 'a3': 2.6614449716569766}
params_min= {'a1': 1.3856406460551018, 'a2': 3.286335345030997, 'a3': 2.660571507603266} logZ_min= 3.617375972438055 obs_min= 0.998427124737988
params_new= {'a1': 1.3856406460551018, 'a2': 3.286335345030997, 'a3': 2.6614449716569766} logZ_new= nan obs_new= 1.0002816912750312
params_max= {'a1': 1.3856406460551018, 'a2': 3.286335345030997, 'a3': 2.6623184357106875} logZ_max= nan obs_max= 1.0001844830390196
dist_min= tensor(27.1728) dist_max= tensor(33.2269)
params_min,params_max=params_new,params_max
evaluating model at params_new={'a1': 1.3856406460551018, 'a2': 3.286335345030997, 'a3': 2.6618817036838323}
params_min= {'a1': 1.3856406460551018, 'a2': 3.286335345030997, 'a3': 2.6614449716569766} logZ_min= nan obs_min= 1.0002816912750312
params_new= {'a1': 1.3856406460551018, 'a2': 3.286335345030997, 'a3': 2.6618817036838323} logZ_new= nan obs_new= 1.0023043439318104
params_max= {'a1': 1.3856406460551018, 'a2': 3.286335345030997, 'a3': 2.6623184357106875} logZ_max= nan obs_max= 1.0001844830390196
dist_min= tensor(26.6042) dist_max= tensor(20.0804)
params_min,params_max=params_min,params_new
evaluating model at params_new={'a1': 1.3856406460551018, 'a2': 3.286335345030997, 'a3': 2.6616633376704044}
params_min= {'a1': 1.3856406460551018, 'a2': 3.286335345030997, 'a3': 2.6614449716569766} logZ_min= nan obs_min= 1.0002816912750312
params_new= {'a1': 1.3856406460551018, 'a2': 3.286335345030997, 'a3': 2.6616633376704044} logZ_new= 3.6173928187629754 obs_new= 0.9994428309613835
params_max= {'a1': 1.3856406460551018, 'a2': 3.286335345030997, 'a3': 2.6618817036838323} logZ_max= nan obs_max= 1.0023043439318104
dist_min= tensor(27.2696) dist_max= tensor(6.3995)
params_min,params_max=params_min,params_new
evaluating model at params_new={'a1': 1.3856406460551018, 'a2': 3.286335345030997, 'a3': 2.6615541546636905}
params_min= {'a1': 1.3856406460551018, 'a2': 3.286335345030997, 'a3': 2.6614449716569766} logZ_min= nan obs_min= 1.0002816912750312
params_new= {'a1': 1.3856406460551018, 'a2': 3.286335345030997, 'a3': 2.6615541546636905} logZ_new= nan obs_new= 0.9992793007565035
params_max= {'a1': 1.3856406460551018, 'a2': 3.286335345030997, 'a3': 2.6616633376704044} logZ_max= 3.6173928187629754 obs_max= 0.9994428309613835
dist_min= tensor(26.9831) dist_max= tensor(3.5198)
params_min,params_max=params_min,params_new
evaluating model at params_new={'a1': 1.3856406460551018, 'a2': 3.286335345030997, 'a3': 2.6614995631603335}
params_min= {'a1': 1.3856406460551018, 'a2': 3.286335345030997, 'a3': 2.6614449716569766} logZ_min= nan obs_min= 1.0002816912750312
params_new= {'a1': 1.3856406460551018, 'a2': 3.286335345030997, 'a3': 2.6614995631603335} logZ_new= nan obs_new= 0.9992180227559243
params_max= {'a1': 1.3856406460551018, 'a2': 3.286335345030997, 'a3': 2.6615541546636905} logZ_max= nan obs_max= 0.9992793007565035
dist_min= tensor(36.5804) dist_max= tensor(63.0767)
params_min,params_max=params_new,params_max
evaluating model at params_new={'a1': 1.3856406460551018, 'a2': 3.286335345030997, 'a3': 2.661526858912012}
params_min= {'a1': 1.3856406460551018, 'a2': 3.286335345030997, 'a3': 2.6614995631603335} logZ_min= nan obs_min= 0.9992180227559243
params_new= {'a1': 1.3856406460551018, 'a2': 3.286335345030997, 'a3': 2.661526858912012} logZ_new= 3.6143916298723737 obs_new= 1.0073893697032843
params_max= {'a1': 1.3856406460551018, 'a2': 3.286335345030997, 'a3': 2.6615541546636905} logZ_max= nan obs_max= 0.9992793007565035
dist_min= tensor(62.3072) dist_max= tensor(1.9521)
params_min,params_max=params_min,params_new
evaluating model at params_new={'a1': 1.3856406460551018, 'a2': 3.286335345030997, 'a3': 2.6615132110361728}
params_min= {'a1': 1.3856406460551018, 'a2': 3.286335345030997, 'a3': 2.6614995631603335} logZ_min= nan obs_min= 0.9992180227559243
params_new= {'a1': 1.3856406460551018, 'a2': 3.286335345030997, 'a3': 2.6615132110361728} logZ_new= nan obs_new= 0.9992614783170178
params_max= {'a1': 1.3856406460551018, 'a2': 3.286335345030997, 'a3': 2.661526858912012} logZ_max= 3.6143916298723737 obs_max= 1.0073893697032843
dist_min= tensor(64.1652) dist_max= tensor(11.4998)
params_min,params_max=params_min,params_new
evaluating model at params_new={'a1': 1.3856406460551018, 'a2': 3.286335345030997, 'a3': 2.661506387098253}
params_min= {'a1': 1.3856406460551018, 'a2': 3.286335345030997, 'a3': 2.6614995631603335} logZ_min= nan obs_min= 0.9992180227559243
params_new= {'a1': 1.3856406460551018, 'a2': 3.286335345030997, 'a3': 2.661506387098253} logZ_new= 3.617399282327851 obs_new= 0.9992163110680629
params_max= {'a1': 1.3856406460551018, 'a2': 3.286335345030997, 'a3': 2.6615132110361728} logZ_max= nan obs_max= 0.9992614783170178
dist_min= tensor(62.9774) dist_max= tensor(11.3519)
params_min,params_max=params_min,params_new
evaluating model at params_new={'a1': 1.3856406460551018, 'a2': 3.286335345030997, 'a3': 2.6615029751292933}
params_min= {'a1': 1.3856406460551018, 'a2': 3.286335345030997, 'a3': 2.6614995631603335} logZ_min= nan obs_min= 0.9992180227559243
params_new= {'a1': 1.3856406460551018, 'a2': 3.286335345030997, 'a3': 2.6615029751292933} logZ_new= 3.6173105662809517 obs_new= 1.0000206513968921
params_max= {'a1': 1.3856406460551018, 'a2': 3.286335345030997, 'a3': 2.661506387098253} logZ_max= 3.617399282327851 obs_max= 0.9992163110680629
dist_min= tensor(62.4782) dist_max= tensor(0.8137)
params_min,params_max=params_min,params_new
evaluating model at params_new={'a1': 1.3856406460551018, 'a2': 3.286335345030997, 'a3': 2.6615012691448134}
params_min= {'a1': 1.3856406460551018, 'a2': 3.286335345030997, 'a3': 2.6614995631603335} logZ_min= nan obs_min= 0.9992180227559243
params_new= {'a1': 1.3856406460551018, 'a2': 3.286335345030997, 'a3': 2.6615012691448134} logZ_new= 3.6173977859739046 obs_new= 0.9992240080611094
params_max= {'a1': 1.3856406460551018, 'a2': 3.286335345030997, 'a3': 2.6615029751292933} logZ_max= 3.6173105662809517 obs_max= 1.0000206513968921
dist_min= tensor(62.3041) dist_max= tensor(0.3818)
params_min,params_max=params_min,params_new
evaluating model at params_new={'a1': 1.3856406460551018, 'a2': 3.286335345030997, 'a3': 2.6615004161525735}
params_min= {'a1': 1.3856406460551018, 'a2': 3.286335345030997, 'a3': 2.6614995631603335} logZ_min= nan obs_min= 0.9992180227559243
params_new= {'a1': 1.3856406460551018, 'a2': 3.286335345030997, 'a3': 2.6615004161525735} logZ_new= nan obs_new= 0.9992567289337696
params_max= {'a1': 1.3856406460551018, 'a2': 3.286335345030997, 'a3': 2.6615012691448134} logZ_max= 3.6173977859739046 obs_max= 0.9992240080611094
dist_min= tensor(63.1027) dist_max= tensor(1.6059)
params_min,params_max=params_min,params_new
evaluating model at params_new={'a1': 1.3856406460551018, 'a2': 3.286335345030997, 'a3': 2.6614999896564537}
params_min= {'a1': 1.3856406460551018, 'a2': 3.286335345030997, 'a3': 2.6614995631603335} logZ_min= nan obs_min= 0.9992180227559243
params_new= {'a1': 1.3856406460551018, 'a2': 3.286335345030997, 'a3': 2.6614999896564537} logZ_new= 3.617386093389895 obs_new= 0.9993286188789576
params_max= {'a1': 1.3856406460551018, 'a2': 3.286335345030997, 'a3': 2.6615004161525735} logZ_max= nan obs_max= 0.9992567289337696
dist_min= tensor(62.7820) dist_max= tensor(13.2943)
params_min,params_max=params_min,params_new
evaluating model at params_new={'a1': 1.3856406460551018, 'a2': 3.286335345030997, 'a3': 2.6614997764083936}
params_min= {'a1': 1.3856406460551018, 'a2': 3.286335345030997, 'a3': 2.6614995631603335} logZ_min= nan obs_min= 0.9992180227559243
params_new= {'a1': 1.3856406460551018, 'a2': 3.286335345030997, 'a3': 2.6614997764083936} logZ_new= 3.617393861009876 obs_new= 0.9992576335004185
params_max= {'a1': 1.3856406460551018, 'a2': 3.286335345030997, 'a3': 2.6614999896564537} logZ_max= 3.617386093389895 obs_max= 0.9993286188789576
dist_min= tensor(69.6435) dist_max= tensor(16.7236)
params_min,params_max=params_min,params_new
evaluating model at params_new={'a1': 1.3856406460551018, 'a2': 3.286335345030997, 'a3': 2.6614996697843636}
params_min= {'a1': 1.3856406460551018, 'a2': 3.286335345030997, 'a3': 2.6614995631603335} logZ_min= nan obs_min= 0.9992180227559243
params_new= {'a1': 1.3856406460551018, 'a2': 3.286335345030997, 'a3': 2.6614996697843636} logZ_new= 3.6173937492911263 obs_new= 0.9992585300668133
params_max= {'a1': 1.3856406460551018, 'a2': 3.286335345030997, 'a3': 2.6614997764083936} logZ_max= 3.617393861009876 obs_max= 0.9992576335004185
dist_min= tensor(62.4409) dist_max= tensor(29.1833)
params_min,params_max=params_min,params_new
evaluating model at params_new={'a1': 1.3856406460551018, 'a2': 3.286335345030997, 'a3': 2.661499616472349}
params_min= {'a1': 1.3856406460551018, 'a2': 3.286335345030997, 'a3': 2.6614995631603335} logZ_min= nan obs_min= 0.9992180227559243
params_new= {'a1': 1.3856406460551018, 'a2': 3.286335345030997, 'a3': 2.661499616472349} logZ_new= nan obs_new= 1.0086870709935414
params_max= {'a1': 1.3856406460551018, 'a2': 3.286335345030997, 'a3': 2.6614996697843636} logZ_max= 3.6173937492911263 obs_max= 0.9992585300668133
dist_min= tensor(57.4994) dist_max= tensor(5.1504)
params_min,params_max=params_min,params_new
evaluating model at params_new={'a1': 1.3856406460551018, 'a2': 3.286335345030997, 'a3': 2.661499589816341}
params_min= {'a1': 1.3856406460551018, 'a2': 3.286335345030997, 'a3': 2.6614995631603335} logZ_min= nan obs_min= 0.9992180227559243
params_new= {'a1': 1.3856406460551018, 'a2': 3.286335345030997, 'a3': 2.661499589816341} logZ_new= nan obs_new= 1.007239279513543
params_max= {'a1': 1.3856406460551018, 'a2': 3.286335345030997, 'a3': 2.661499616472349} logZ_max= nan obs_max= 1.0086870709935414
dist_min= tensor(70.7255) dist_max= tensor(33.0630)
params_min,params_max=params_min,params_new
evaluating model at params_new={'a1': 1.3856406460551018, 'a2': 3.286335345030997, 'a3': 2.661499576488337}
params_min= {'a1': 1.3856406460551018, 'a2': 3.286335345030997, 'a3': 2.6614995631603335} logZ_min= nan obs_min= 0.9992180227559243
params_new= {'a1': 1.3856406460551018, 'a2': 3.286335345030997, 'a3': 2.661499576488337} logZ_new= 3.617399532285337 obs_new= 0.9992069161656078
params_max= {'a1': 1.3856406460551018, 'a2': 3.286335345030997, 'a3': 2.661499589816341} logZ_max= nan obs_max= 1.007239279513543
dist_min= tensor(63.1027) dist_max= tensor(32.9764)
params_min,params_max=params_min,params_new
evaluating model at params_new={'a1': 1.3856406460551018, 'a2': 3.286335345030997, 'a3': 2.6614995698243353}
params_min= {'a1': 1.3856406460551018, 'a2': 3.286335345030997, 'a3': 2.6614995631603335} logZ_min= nan obs_min= 0.9992180227559243
params_new= {'a1': 1.3856406460551018, 'a2': 3.286335345030997, 'a3': 2.6614995698243353} logZ_new= nan obs_new= 0.9992301052725333
params_max= {'a1': 1.3856406460551018, 'a2': 3.286335345030997, 'a3': 2.661499576488337} logZ_max= 3.617399532285337 obs_max= 0.9992069161656078
dist_min= tensor(63.1853) dist_max= tensor(2.4239)
params_min,params_max=params_min,params_new
evaluating model at params_new={'a1': 1.3856406460551018, 'a2': 3.286335345030997, 'a3': 2.6614995664923344}
params_min= {'a1': 1.3856406460551018, 'a2': 3.286335345030997, 'a3': 2.6614995631603335} logZ_min= nan obs_min= 0.9992180227559243
params_new= {'a1': 1.3856406460551018, 'a2': 3.286335345030997, 'a3': 2.6614995664923344} logZ_new= nan obs_new= 0.9993465696155448
params_max= {'a1': 1.3856406460551018, 'a2': 3.286335345030997, 'a3': 2.6614995698243353} logZ_max= nan obs_max= 0.9992301052725333
dist_min= tensor(63.3071) dist_max= tensor(4.6742)
params_min,params_max=params_min,params_new
evaluating model at params_new={'a1': 1.3856406460551018, 'a2': 3.286335345030997, 'a3': 2.661499564826334}
params_min= {'a1': 1.3856406460551018, 'a2': 3.286335345030997, 'a3': 2.6614995631603335} logZ_min= nan obs_min= 0.9992180227559243
params_new= {'a1': 1.3856406460551018, 'a2': 3.286335345030997, 'a3': 2.661499564826334} logZ_new= 3.6173987246275616 obs_new= 0.9992139165675815
params_max= {'a1': 1.3856406460551018, 'a2': 3.286335345030997, 'a3': 2.6614995664923344} logZ_max= nan obs_max= 0.9993465696155448
dist_min= tensor(63.2522) dist_max= tensor(8.7305)
params_min,params_max=params_min,params_new
evaluating model at params_new={'a1': 1.3856406460551018, 'a2': 3.286335345030997, 'a3': 2.661499563993334}
params_min= {'a1': 1.3856406460551018, 'a2': 3.286335345030997, 'a3': 2.6614995631603335} logZ_min= nan obs_min= 0.9992180227559243
params_new= {'a1': 1.3856406460551018, 'a2': 3.286335345030997, 'a3': 2.661499563993334} logZ_new= 3.6173994117490547 obs_new= 0.9992079409066941
params_max= {'a1': 1.3856406460551018, 'a2': 3.286335345030997, 'a3': 2.661499564826334} logZ_max= 3.6173987246275616 obs_max= 0.9992139165675815
dist_min= tensor(63.0663) dist_max= tensor(7.0364)
params_min,params_max=params_min,params_new
evaluating model at params_new={'a1': 1.3856406460551018, 'a2': 3.286335345030997, 'a3': 2.6614995635768337}
params_min= {'a1': 1.3856406460551018, 'a2': 3.286335345030997, 'a3': 2.6614995631603335} logZ_min= nan obs_min= 0.9992180227559243
params_new= {'a1': 1.3856406460551018, 'a2': 3.286335345030997, 'a3': 2.6614995635768337} logZ_new= 3.617401227524834 obs_new= 0.999193898375142
params_max= {'a1': 1.3856406460551018, 'a2': 3.286335345030997, 'a3': 2.661499563993334} logZ_max= 3.6173994117490547 obs_max= 0.9992079409066941
dist_min= tensor(62.3151) dist_max= tensor(1.5414)
params_min,params_max=params_min,params_new
evaluating model at params_new={'a1': 1.3856406460551018, 'a2': 3.286335345030997, 'a3': 2.661499563368584}
params_min= {'a1': 1.3856406460551018, 'a2': 3.286335345030997, 'a3': 2.6614995631603335} logZ_min= nan obs_min= 0.9992180227559243
params_new= {'a1': 1.3856406460551018, 'a2': 3.286335345030997, 'a3': 2.661499563368584} logZ_new= 3.6173904341985974 obs_new= 0.9992885261726957
params_max= {'a1': 1.3856406460551018, 'a2': 3.286335345030997, 'a3': 2.6614995635768337} logZ_max= 3.617401227524834 obs_max= 0.999193898375142
dist_min= tensor(63.1759) dist_max= tensor(3.5043)
params_min,params_max=params_min,params_new
evaluating model at params_new={'a1': 1.3856406460551018, 'a2': 3.286335345030997, 'a3': 2.6614995632644587}
params_min= {'a1': 1.3856406460551018, 'a2': 3.286335345030997, 'a3': 2.6614995631603335} logZ_min= nan obs_min= 0.9992180227559243
params_new= {'a1': 1.3856406460551018, 'a2': 3.286335345030997, 'a3': 2.6614995632644587} logZ_new= 3.617369577180838 obs_new= 0.9994796006193323
params_max= {'a1': 1.3856406460551018, 'a2': 3.286335345030997, 'a3': 2.661499563368584} logZ_max= 3.6173904341985974 obs_max= 0.9992885261726957
dist_min= tensor(12.1030) dist_max= tensor(51.1237)
params_min,params_max=params_new,params_max
evaluating model at params_new={'a1': 1.3856406460551018, 'a2': 3.286335345030997, 'a3': 2.6614995633165215}
params_min= {'a1': 1.3856406460551018, 'a2': 3.286335345030997, 'a3': 2.6614995632644587} logZ_min= 3.617369577180838 obs_min= 0.9994796006193323
params_new= {'a1': 1.3856406460551018, 'a2': 3.286335345030997, 'a3': 2.6614995633165215} logZ_new= nan obs_new= 0.9991975535822908
params_max= {'a1': 1.3856406460551018, 'a2': 3.286335345030997, 'a3': 2.661499563368584} logZ_max= 3.6173904341985974 obs_max= 0.9992885261726957
dist_min= tensor(51.0686) dist_max= tensor(4.4219)
params_min,params_max=params_min,params_new
evaluating model at params_new={'a1': 1.3856406460551018, 'a2': 3.286335345030997, 'a3': 2.66149956329049}
params_min= {'a1': 1.3856406460551018, 'a2': 3.286335345030997, 'a3': 2.6614995632644587} logZ_min= 3.617369577180838 obs_min= 0.9994796006193323
params_new= {'a1': 1.3856406460551018, 'a2': 3.286335345030997, 'a3': 2.66149956329049} logZ_new= 3.616433137921365 obs_new= 1.0062494673598439
params_max= {'a1': 1.3856406460551018, 'a2': 3.286335345030997, 'a3': 2.6614995633165215} logZ_max= nan obs_max= 0.9991975535822908
dist_min= tensor(50.8358) dist_max= tensor(0.8313)
params_min,params_max=params_min,params_new
evaluating model at params_new={'a1': 1.3856406460551018, 'a2': 3.286335345030997, 'a3': 2.6614995632774745}
params_min= {'a1': 1.3856406460551018, 'a2': 3.286335345030997, 'a3': 2.6614995632644587} logZ_min= 3.617369577180838 obs_min= 0.9994796006193323
params_new= {'a1': 1.3856406460551018, 'a2': 3.286335345030997, 'a3': 2.6614995632774745} logZ_new= 3.6174002172871664 obs_new= 0.9992010932005609
params_max= {'a1': 1.3856406460551018, 'a2': 3.286335345030997, 'a3': 2.66149956329049} logZ_max= 3.616433137921365 obs_max= 1.0062494673598439
dist_min= tensor(828.0419) dist_max= tensor(878.8758)
params_min,params_max=params_new,params_max
evaluating model at params_new={'a1': 1.3856406460551018, 'a2': 3.286335345030997, 'a3': 2.661499563283982}
params_min= {'a1': 1.3856406460551018, 'a2': 3.286335345030997, 'a3': 2.6614995632774745} logZ_min= 3.6174002172871664 obs_min= 0.9992010932005609
params_new= {'a1': 1.3856406460551018, 'a2': 3.286335345030997, 'a3': 2.661499563283982} logZ_new= nan obs_new= 0.9993737388465949
params_max= {'a1': 1.3856406460551018, 'a2': 3.286335345030997, 'a3': 2.66149956329049} logZ_max= 3.616433137921365 obs_max= 1.0062494673598439
dist_min= tensor(879.0093) dist_max= tensor(18.6399)
params_min,params_max=params_min,params_new
evaluating model at params_new={'a1': 1.3856406460551018, 'a2': 3.286335345030997, 'a3': 2.6614995632807283}
params_min= {'a1': 1.3856406460551018, 'a2': 3.286335345030997, 'a3': 2.6614995632774745} logZ_min= 3.6174002172871664 obs_min= 0.9992010932005609
params_new= {'a1': 1.3856406460551018, 'a2': 3.286335345030997, 'a3': 2.6614995632807283} logZ_new= nan obs_new= 0.9991940183084437
params_max= {'a1': 1.3856406460551018, 'a2': 3.286335345030997, 'a3': 2.661499563283982} logZ_max= nan obs_max= 0.9993737388465949
dist_min= tensor(878.9985) dist_max= tensor(17.6741)
params_min,params_max=params_min,params_new
evaluating model at params_new={'a1': 1.3856406460551018, 'a2': 3.286335345030997, 'a3': 2.6614995632791016}
params_min= {'a1': 1.3856406460551018, 'a2': 3.286335345030997, 'a3': 2.6614995632774745} logZ_min= 3.6174002172871664 obs_min= 0.9992010932005609
params_new= {'a1': 1.3856406460551018, 'a2': 3.286335345030997, 'a3': 2.6614995632791016} logZ_new= 3.6173784816600927 obs_new= 0.9993979047745757
params_max= {'a1': 1.3856406460551018, 'a2': 3.286335345030997, 'a3': 2.6614995632807283} logZ_max= nan obs_max= 0.9991940183084437
dist_min= tensor(878.3795) dist_max= tensor(1.2029)
params_min,params_max=params_min,params_new
evaluating model at params_new={'a1': 1.3856406460551018, 'a2': 3.286335345030997, 'a3': 2.661499563278288}
params_min= {'a1': 1.3856406460551018, 'a2': 3.286335345030997, 'a3': 2.6614995632774745} logZ_min= 3.6174002172871664 obs_min= 0.9992010932005609
params_new= {'a1': 1.3856406460551018, 'a2': 3.286335345030997, 'a3': 2.661499563278288} logZ_new= 3.6173340792606026 obs_new= 0.9998040564740635
params_max= {'a1': 1.3856406460551018, 'a2': 3.286335345030997, 'a3': 2.6614995632791016} logZ_max= 3.6173784816600927 obs_max= 0.9993979047745757
dist_min= tensor(878.8777) dist_max= tensor(1.3317)
params_min,params_max=params_min,params_new
evaluating model at params_new={'a1': 1.3856406460551018, 'a2': 3.286335345030997, 'a3': 2.6614995632778813}
params_min= {'a1': 1.3856406460551018, 'a2': 3.286335345030997, 'a3': 2.6614995632774745} logZ_min= 3.6174002172871664 obs_min= 0.9992010932005609
params_new= {'a1': 1.3856406460551018, 'a2': 3.286335345030997, 'a3': 2.6614995632778813} logZ_new= 3.617400009626753 obs_new= 0.9992028342618948
params_max= {'a1': 1.3856406460551018, 'a2': 3.286335345030997, 'a3': 2.661499563278288} logZ_max= 3.6173340792606026 obs_max= 0.9998040564740635
dist_min= tensor(877.3854) dist_max= tensor(14.2798)
params_min,params_max=params_min,params_new
evaluating model at params_new={'a1': 1.3856406460551018, 'a2': 3.286335345030997, 'a3': 2.661499563277678}
params_min= {'a1': 1.3856406460551018, 'a2': 3.286335345030997, 'a3': 2.6614995632774745} logZ_min= 3.6174002172871664 obs_min= 0.9992010932005609
params_new= {'a1': 1.3856406460551018, 'a2': 3.286335345030997, 'a3': 2.661499563277678} logZ_new= 3.6167289290785747 obs_new= 1.0045503204836241
params_max= {'a1': 1.3856406460551018, 'a2': 3.286335345030997, 'a3': 2.6614995632778813} logZ_max= 3.617400009626753 obs_max= 0.9992028342618948
dist_min= tensor(878.3403) dist_max= tensor(13.6031)
params_min,params_max=params_min,params_new
evaluating model at params_new={'a1': 1.3856406460551018, 'a2': 3.286335345030997, 'a3': 2.661499563277576}
params_min= {'a1': 1.3856406460551018, 'a2': 3.286335345030997, 'a3': 2.6614995632774745} logZ_min= 3.6174002172871664 obs_min= 0.9992010932005609
params_new= {'a1': 1.3856406460551018, 'a2': 3.286335345030997, 'a3': 2.661499563277576} logZ_new= 3.6173042218732365 obs_new= 1.0000741297252824
params_max= {'a1': 1.3856406460551018, 'a2': 3.286335345030997, 'a3': 2.661499563277678} logZ_max= 3.6167289290785747 obs_max= 1.0045503204836241
dist_min= tensor(878.5178) dist_max= tensor(0.3339)
params_min,params_max=params_min,params_new
evaluating model at params_new={'a1': 1.3856406460551018, 'a2': 3.286335345030997, 'a3': 2.661499563277525}
params_min= {'a1': 1.3856406460551018, 'a2': 3.286335345030997, 'a3': 2.6614995632774745} logZ_min= 3.6174002172871664 obs_min= 0.9992010932005609
params_new= {'a1': 1.3856406460551018, 'a2': 3.286335345030997, 'a3': 2.661499563277525} logZ_new= 3.6173993899137877 obs_new= 0.9992081285629192
params_max= {'a1': 1.3856406460551018, 'a2': 3.286335345030997, 'a3': 2.661499563277576} logZ_max= 3.6173042218732365 obs_max= 1.0000741297252824
dist_min= tensor(879.0729) dist_max= tensor(1.5167)
params_min,params_max=params_min,params_new
evaluating model at params_new={'a1': 1.3856406460551018, 'a2': 3.286335345030997, 'a3': 2.6614995632775}
params_min= {'a1': 1.3856406460551018, 'a2': 3.286335345030997, 'a3': 2.6614995632774745} logZ_min= 3.6174002172871664 obs_min= 0.9992010932005609
params_new= {'a1': 1.3856406460551018, 'a2': 3.286335345030997, 'a3': 2.6614995632775} logZ_new= 3.6171857948380635 obs_new= 1.0011125784372266
params_max= {'a1': 1.3856406460551018, 'a2': 3.286335345030997, 'a3': 2.661499563277525} logZ_max= 3.6173993899137877 obs_max= 0.9992081285629192
dist_min= tensor(878.9466) dist_max= tensor(0.2905)
params_min,params_max=params_min,params_new
evaluating model at params_new={'a1': 1.3856406460551018, 'a2': 3.286335345030997, 'a3': 2.661499563277487}
params_min= {'a1': 1.3856406460551018, 'a2': 3.286335345030997, 'a3': 2.6614995632774745} logZ_min= 3.6174002172871664 obs_min= 0.9992010932005609
params_new= {'a1': 1.3856406460551018, 'a2': 3.286335345030997, 'a3': 2.661499563277487} logZ_new= 3.616591892072227 obs_new= 1.0053910573256517
params_max= {'a1': 1.3856406460551018, 'a2': 3.286335345030997, 'a3': 2.6614995632775} logZ_max= 3.6171857948380635 obs_max= 1.0011125784372266
dist_min= tensor(874.8125) dist_max= tensor(99.1964)
params_min,params_max=params_min,params_new
evaluating model at params_new={'a1': 1.3856406460551018, 'a2': 3.286335345030997, 'a3': 2.6614995632774807}
params_min= {'a1': 1.3856406460551018, 'a2': 3.286335345030997, 'a3': 2.6614995632774745} logZ_min= 3.6174002172871664 obs_min= 0.9992010932005609
params_new= {'a1': 1.3856406460551018, 'a2': 3.286335345030997, 'a3': 2.6614995632774807} logZ_new= 3.6173720400997182 obs_new= 0.9994570043283755
params_max= {'a1': 1.3856406460551018, 'a2': 3.286335345030997, 'a3': 2.661499563277487} logZ_max= 3.616591892072227 obs_max= 1.0053910573256517
dist_min= tensor(878.3041) dist_max= tensor(98.4942)
params_min,params_max=params_min,params_new
evaluating model at params_new={'a1': 1.3856406460551018, 'a2': 3.286335345030997, 'a3': 2.6614995632774776}
params_min= {'a1': 1.3856406460551018, 'a2': 3.286335345030997, 'a3': 2.6614995632774745} logZ_min= 3.6174002172871664 obs_min= 0.9992010932005609
params_new= {'a1': 1.3856406460551018, 'a2': 3.286335345030997, 'a3': 2.6614995632774776} logZ_new= 3.617401195893834 obs_new= 0.9991937485462329
params_max= {'a1': 1.3856406460551018, 'a2': 3.286335345030997, 'a3': 2.6614995632774807} logZ_max= 3.6173720400997182 obs_max= 0.9994570043283755
dist_min= tensor(878.9217) dist_max= tensor(1.5224)
params_min,params_max=params_min,params_new
evaluating model at params_new={'a1': 1.3856406460551018, 'a2': 3.286335345030997, 'a3': 2.6614995632774763}
params_min= {'a1': 1.3856406460551018, 'a2': 3.286335345030997, 'a3': 2.6614995632774745} logZ_min= 3.6174002172871664 obs_min= 0.9992010932005609
params_new= {'a1': 1.3856406460551018, 'a2': 3.286335345030997, 'a3': 2.6614995632774763} logZ_new= 3.617401226374573 obs_new= 0.9991937974777676
params_max= {'a1': 1.3856406460551018, 'a2': 3.286335345030997, 'a3': 2.6614995632774776} logZ_max= 3.617401195893834 obs_max= 0.9991937485462329
dist_min= tensor(878.4019) dist_max= tensor(1.4572)
params_min,params_max=params_min,params_new
evaluating model at params_new={'a1': 1.3856406460551018, 'a2': 3.286335345030997, 'a3': 2.6614995632774754}
params_min= {'a1': 1.3856406460551018, 'a2': 3.286335345030997, 'a3': 2.6614995632774745} logZ_min= 3.6174002172871664 obs_min= 0.9992010932005609
params_new= {'a1': 1.3856406460551018, 'a2': 3.286335345030997, 'a3': 2.6614995632774754} logZ_new= 3.6173528202276346 obs_new= 0.9996331242048675
params_max= {'a1': 1.3856406460551018, 'a2': 3.286335345030997, 'a3': 2.6614995632774763} logZ_max= 3.617401226374573 obs_max= 0.9991937974777676
dist_min= tensor(878.2391) dist_max= tensor(0.5073)
params_min,params_max=params_min,params_new
evaluating model at params_new={'a1': 1.3856406460551018, 'a2': 3.286335345030997, 'a3': 2.661499563277475}
params_min= {'a1': 1.3856406460551018, 'a2': 3.286335345030997, 'a3': 2.6614995632774745} logZ_min= 3.6174002172871664 obs_min= 0.9992010932005609
params_new= {'a1': 1.3856406460551018, 'a2': 3.286335345030997, 'a3': 2.661499563277475} logZ_new= 3.6174008541700537 obs_new= 0.9991959711285863
params_max= {'a1': 1.3856406460551018, 'a2': 3.286335345030997, 'a3': 2.6614995632774754} logZ_max= 3.6173528202276346 obs_max= 0.9996331242048675
dist_min= tensor(878.4762) dist_max= tensor(0.6768)
params_min,params_max=params_min,params_new
critical params found:  {'a1': 1.3856406460551018, 'a2': 3.286335345030997, 'a3': 2.6614995632774745}
reference params:  {'a1': 1.1547005383792515, 'a2': 1.8257418583505538, 'a3': 4.47213595499958}
file saved to  data/AKLT3D_X10_scan_grid_critical_a3/a1_1.3856406_a2_3.2863353/Tc.json
