Start running find_critical_temp.py with options:{'filename': 'data/AKLT3D_X10_scan_grid_critical_a3/a1_0.2309401_a2_2.5560386/Tc.json', 'log_filename': 'data/AKLT3D_X10_scan_grid_critical_a3/a1_0.2309401_a2_2.5560386/Tc.log', 'nLayers': 60, 'max_dim': 10, 'model': 'AKLT3D', 'params_min': "{'a1': 0.2309401076758503, 'a2': 2.5560386016907755, 'a3': 1.788854381999832}", 'params_max': "{'a1': 0.2309401076758503, 'a2': 2.5560386016907755, 'a3': 2.683281572999748}", 'params_ref': None, 'observable_name': 'magnetizationZ', 'tol': 0.0, 'gilt_enabled': False, 'gilt_eps': 8e-07, 'gilt_nIter': 1, 'mcf_enabled': True, 'mcf_eps': 1e-16, 'mcf_max_iter': 200, 'hotrg_sanity_check': False, 'version': 1, 'device': 'cuda:1'}
loading library...
evaluating model at params_min={'a1': 0.2309401076758503, 'a2': 2.5560386016907755, 'a3': 1.788854381999832}
params_min= {'a1': 0.2309401076758503, 'a2': 2.5560386016907755, 'a3': 1.788854381999832} logZ_min= nan obs_min= 2.5958064128278085e-30
evaluating model at params_max={'a1': 0.2309401076758503, 'a2': 2.5560386016907755, 'a3': 2.683281572999748}
params_max= {'a1': 0.2309401076758503, 'a2': 2.5560386016907755, 'a3': 2.683281572999748} logZ_max= nan obs_max= 2.7406654124042005
searching for critical temperature using bisection method
evaluating model at params_new={'a1': 0.2309401076758503, 'a2': 2.5560386016907755, 'a3': 2.23606797749979}
params_min= {'a1': 0.2309401076758503, 'a2': 2.5560386016907755, 'a3': 1.788854381999832} logZ_min= nan obs_min= 2.5958064128278085e-30
params_new= {'a1': 0.2309401076758503, 'a2': 2.5560386016907755, 'a3': 2.23606797749979} logZ_new= 2.8337289550504097 obs_new= 5.553532459163946e-28
params_max= {'a1': 0.2309401076758503, 'a2': 2.5560386016907755, 'a3': 2.683281572999748} logZ_max= nan obs_max= 2.7406654124042005
dist_min= tensor(38.1123) dist_max= tensor(103.0148)
params_min,params_max=params_new,params_max
evaluating model at params_new={'a1': 0.2309401076758503, 'a2': 2.5560386016907755, 'a3': 2.459674775249769}
params_min= {'a1': 0.2309401076758503, 'a2': 2.5560386016907755, 'a3': 2.23606797749979} logZ_min= 2.8337289550504097 obs_min= 5.553532459163946e-28
params_new= {'a1': 0.2309401076758503, 'a2': 2.5560386016907755, 'a3': 2.459674775249769} logZ_new= 2.8637757387505847 obs_new= 2.266387904303648
params_max= {'a1': 0.2309401076758503, 'a2': 2.5560386016907755, 'a3': 2.683281572999748} logZ_max= nan obs_max= 2.7406654124042005
dist_min= tensor(122.3079) dist_max= tensor(114.4158)
params_min,params_max=params_min,params_new
evaluating model at params_new={'a1': 0.2309401076758503, 'a2': 2.5560386016907755, 'a3': 2.3478713763747794}
params_min= {'a1': 0.2309401076758503, 'a2': 2.5560386016907755, 'a3': 2.23606797749979} logZ_min= 2.8337289550504097 obs_min= 5.553532459163946e-28
params_new= {'a1': 0.2309401076758503, 'a2': 2.5560386016907755, 'a3': 2.3478713763747794} logZ_new= nan obs_new= 2.0363793980813263
params_max= {'a1': 0.2309401076758503, 'a2': 2.5560386016907755, 'a3': 2.459674775249769} logZ_max= 2.8637757387505847 obs_max= 2.266387904303648
dist_min= tensor(230.6816) dist_max= tensor(108.4066)
params_min,params_max=params_min,params_new
evaluating model at params_new={'a1': 0.2309401076758503, 'a2': 2.5560386016907755, 'a3': 2.291969676937285}
params_min= {'a1': 0.2309401076758503, 'a2': 2.5560386016907755, 'a3': 2.23606797749979} logZ_min= 2.8337289550504097 obs_min= 5.553532459163946e-28
params_new= {'a1': 0.2309401076758503, 'a2': 2.5560386016907755, 'a3': 2.291969676937285} logZ_new= 2.837987901317084 obs_new= 0.7616036586683729
params_max= {'a1': 0.2309401076758503, 'a2': 2.5560386016907755, 'a3': 2.3478713763747794} logZ_max= nan obs_max= 2.0363793980813263
dist_min= tensor(94.2622) dist_max= tensor(250.0307)
params_min,params_max=params_new,params_max
evaluating model at params_new={'a1': 0.2309401076758503, 'a2': 2.5560386016907755, 'a3': 2.3199205266560323}
params_min= {'a1': 0.2309401076758503, 'a2': 2.5560386016907755, 'a3': 2.291969676937285} logZ_min= 2.837987901317084 obs_min= 0.7616036586683729
params_new= {'a1': 0.2309401076758503, 'a2': 2.5560386016907755, 'a3': 2.3199205266560323} logZ_new= 2.851626710936252 obs_new= 1.9791855024054148
params_max= {'a1': 0.2309401076758503, 'a2': 2.5560386016907755, 'a3': 2.3478713763747794} logZ_max= nan obs_max= 2.0363793980813263
dist_min= tensor(296.4886) dist_max= tensor(49.6802)
params_min,params_max=params_min,params_new
evaluating model at params_new={'a1': 0.2309401076758503, 'a2': 2.5560386016907755, 'a3': 2.3059451017966586}
params_min= {'a1': 0.2309401076758503, 'a2': 2.5560386016907755, 'a3': 2.291969676937285} logZ_min= 2.837987901317084 obs_min= 0.7616036586683729
params_new= {'a1': 0.2309401076758503, 'a2': 2.5560386016907755, 'a3': 2.3059451017966586} logZ_new= 2.8501308204844302 obs_new= 1.950607171846307
params_max= {'a1': 0.2309401076758503, 'a2': 2.5560386016907755, 'a3': 2.3199205266560323} logZ_max= 2.851626710936252 obs_max= 1.9791855024054148
dist_min= tensor(326.2858) dist_max= tensor(31.3554)
params_min,params_max=params_min,params_new
evaluating model at params_new={'a1': 0.2309401076758503, 'a2': 2.5560386016907755, 'a3': 2.2989573893669717}
params_min= {'a1': 0.2309401076758503, 'a2': 2.5560386016907755, 'a3': 2.291969676937285} logZ_min= 2.837987901317084 obs_min= 0.7616036586683729
params_new= {'a1': 0.2309401076758503, 'a2': 2.5560386016907755, 'a3': 2.2989573893669717} logZ_new= nan obs_new= 0.8310567849172982
params_max= {'a1': 0.2309401076758503, 'a2': 2.5560386016907755, 'a3': 2.3059451017966586} logZ_max= 2.8501308204844302 obs_max= 1.950607171846307
dist_min= tensor(96.4674) dist_max= tensor(311.6746)
params_min,params_max=params_new,params_max
evaluating model at params_new={'a1': 0.2309401076758503, 'a2': 2.5560386016907755, 'a3': 2.302451245581815}
params_min= {'a1': 0.2309401076758503, 'a2': 2.5560386016907755, 'a3': 2.2989573893669717} logZ_min= nan obs_min= 0.8310567849172982
params_new= {'a1': 0.2309401076758503, 'a2': 2.5560386016907755, 'a3': 2.302451245581815} logZ_new= 2.839207775383877 obs_new= 0.8366445927062998
params_max= {'a1': 0.2309401076758503, 'a2': 2.5560386016907755, 'a3': 2.3059451017966586} logZ_max= 2.8501308204844302 obs_max= 1.950607171846307
dist_min= tensor(1.4285) dist_max= tensor(311.6765)
params_min,params_max=params_new,params_max
evaluating model at params_new={'a1': 0.2309401076758503, 'a2': 2.5560386016907755, 'a3': 2.3041981736892367}
params_min= {'a1': 0.2309401076758503, 'a2': 2.5560386016907755, 'a3': 2.302451245581815} logZ_min= 2.839207775383877 obs_min= 0.8366445927062998
params_new= {'a1': 0.2309401076758503, 'a2': 2.5560386016907755, 'a3': 2.3041981736892367} logZ_new= 2.8499880596243155 obs_new= 1.9470221152138938
params_max= {'a1': 0.2309401076758503, 'a2': 2.5560386016907755, 'a3': 2.3059451017966586} logZ_max= 2.8501308204844302 obs_max= 1.950607171846307
dist_min= tensor(315.9092) dist_max= tensor(4.2479)
params_min,params_max=params_min,params_new
evaluating model at params_new={'a1': 0.2309401076758503, 'a2': 2.5560386016907755, 'a3': 2.303324709635526}
params_min= {'a1': 0.2309401076758503, 'a2': 2.5560386016907755, 'a3': 2.302451245581815} logZ_min= 2.839207775383877 obs_min= 0.8366445927062998
params_new= {'a1': 0.2309401076758503, 'a2': 2.5560386016907755, 'a3': 2.303324709635526} logZ_new= 2.8499167548002124 obs_new= 1.9452295610536152
params_max= {'a1': 0.2309401076758503, 'a2': 2.5560386016907755, 'a3': 2.3041981736892367} logZ_max= 2.8499880596243155 obs_max= 1.9470221152138938
dist_min= tensor(318.0577) dist_max= tensor(2.1912)
params_min,params_max=params_min,params_new
evaluating model at params_new={'a1': 0.2309401076758503, 'a2': 2.5560386016907755, 'a3': 2.3028879776086706}
params_min= {'a1': 0.2309401076758503, 'a2': 2.5560386016907755, 'a3': 2.302451245581815} logZ_min= 2.839207775383877 obs_min= 0.8366445927062998
params_new= {'a1': 0.2309401076758503, 'a2': 2.5560386016907755, 'a3': 2.3028879776086706} logZ_new= 2.8378148807476964 obs_new= 0.8721131217131484
params_max= {'a1': 0.2309401076758503, 'a2': 2.5560386016907755, 'a3': 2.303324709635526} logZ_max= 2.8499167548002124 obs_max= 1.9452295610536152
dist_min= tensor(1.8288) dist_max= tensor(318.0545)
params_min,params_max=params_new,params_max
evaluating model at params_new={'a1': 0.2309401076758503, 'a2': 2.5560386016907755, 'a3': 2.3031063436220984}
params_min= {'a1': 0.2309401076758503, 'a2': 2.5560386016907755, 'a3': 2.3028879776086706} logZ_min= 2.8378148807476964 obs_min= 0.8721131217131484
params_new= {'a1': 0.2309401076758503, 'a2': 2.5560386016907755, 'a3': 2.3031063436220984} logZ_new= 2.838698471279931 obs_new= 0.8465416701473425
params_max= {'a1': 0.2309401076758503, 'a2': 2.5560386016907755, 'a3': 2.303324709635526} logZ_max= 2.8499167548002124 obs_max= 1.9452295610536152
dist_min= tensor(1.4012) dist_max= tensor(318.0566)
params_min,params_max=params_new,params_max
evaluating model at params_new={'a1': 0.2309401076758503, 'a2': 2.5560386016907755, 'a3': 2.3032155266288123}
params_min= {'a1': 0.2309401076758503, 'a2': 2.5560386016907755, 'a3': 2.3031063436220984} logZ_min= 2.838698471279931 obs_min= 0.8465416701473425
params_new= {'a1': 0.2309401076758503, 'a2': 2.5560386016907755, 'a3': 2.3032155266288123} logZ_new= nan obs_new= 0.8524749337417492
params_max= {'a1': 0.2309401076758503, 'a2': 2.5560386016907755, 'a3': 2.303324709635526} logZ_max= 2.8499167548002124 obs_max= 1.9452295610536152
dist_min= tensor(116.3166) dist_max= tensor(338.6018)
params_min,params_max=params_new,params_max
evaluating model at params_new={'a1': 0.2309401076758503, 'a2': 2.5560386016907755, 'a3': 2.3032701181321693}
params_min= {'a1': 0.2309401076758503, 'a2': 2.5560386016907755, 'a3': 2.3032155266288123} logZ_min= nan obs_min= 0.8524749337417492
params_new= {'a1': 0.2309401076758503, 'a2': 2.5560386016907755, 'a3': 2.3032701181321693} logZ_new= 2.839050443514182 obs_new= 0.848143118627484
params_max= {'a1': 0.2309401076758503, 'a2': 2.5560386016907755, 'a3': 2.303324709635526} logZ_max= 2.8499167548002124 obs_max= 1.9452295610536152
dist_min= tensor(116.4744) dist_max= tensor(318.1018)
params_min,params_max=params_new,params_max
evaluating model at params_new={'a1': 0.2309401076758503, 'a2': 2.5560386016907755, 'a3': 2.303297413883848}
params_min= {'a1': 0.2309401076758503, 'a2': 2.5560386016907755, 'a3': 2.3032701181321693} logZ_min= 2.839050443514182 obs_min= 0.848143118627484
params_new= {'a1': 0.2309401076758503, 'a2': 2.5560386016907755, 'a3': 2.303297413883848} logZ_new= nan obs_new= 0.8436047333127882
params_max= {'a1': 0.2309401076758503, 'a2': 2.5560386016907755, 'a3': 2.303324709635526} logZ_max= 2.8499167548002124 obs_max= 1.9452295610536152
dist_min= tensor(79.9050) dist_max= tensor(327.9094)
params_min,params_max=params_new,params_max
evaluating model at params_new={'a1': 0.2309401076758503, 'a2': 2.5560386016907755, 'a3': 2.303311061759687}
params_min= {'a1': 0.2309401076758503, 'a2': 2.5560386016907755, 'a3': 2.303297413883848} logZ_min= nan obs_min= 0.8436047333127882
params_new= {'a1': 0.2309401076758503, 'a2': 2.5560386016907755, 'a3': 2.303311061759687} logZ_new= 2.839025438610516 obs_new= 0.8470598972302162
params_max= {'a1': 0.2309401076758503, 'a2': 2.5560386016907755, 'a3': 2.303324709635526} logZ_max= 2.8499167548002124 obs_max= 1.9452295610536152
dist_min= tensor(83.0205) dist_max= tensor(318.8518)
params_min,params_max=params_new,params_max
evaluating model at params_new={'a1': 0.2309401076758503, 'a2': 2.5560386016907755, 'a3': 2.3033178856976066}
params_min= {'a1': 0.2309401076758503, 'a2': 2.5560386016907755, 'a3': 2.303311061759687} logZ_min= 2.839025438610516 obs_min= 0.8470598972302162
params_new= {'a1': 0.2309401076758503, 'a2': 2.5560386016907755, 'a3': 2.3033178856976066} logZ_new= 2.8499161991833457 obs_new= 1.9452155566534408
params_max= {'a1': 0.2309401076758503, 'a2': 2.5560386016907755, 'a3': 2.303324709635526} logZ_max= 2.8499167548002124 obs_max= 1.9452295610536152
dist_min= tensor(318.5322) dist_max= tensor(6.7619)
params_min,params_max=params_min,params_new
evaluating model at params_new={'a1': 0.2309401076758503, 'a2': 2.5560386016907755, 'a3': 2.303314473728647}
params_min= {'a1': 0.2309401076758503, 'a2': 2.5560386016907755, 'a3': 2.303311061759687} logZ_min= 2.839025438610516 obs_min= 0.8470598972302162
params_new= {'a1': 0.2309401076758503, 'a2': 2.5560386016907755, 'a3': 2.303314473728647} logZ_new= nan obs_new= 0.8412124742854377
params_max= {'a1': 0.2309401076758503, 'a2': 2.5560386016907755, 'a3': 2.3033178856976066} logZ_max= 2.8499161991833457 obs_max= 1.9452155566534408
dist_min= tensor(22.8626) dist_max= tensor(318.2085)
params_min,params_max=params_new,params_max
evaluating model at params_new={'a1': 0.2309401076758503, 'a2': 2.5560386016907755, 'a3': 2.3033161797131267}
params_min= {'a1': 0.2309401076758503, 'a2': 2.5560386016907755, 'a3': 2.303314473728647} logZ_min= nan obs_min= 0.8412124742854377
params_new= {'a1': 0.2309401076758503, 'a2': 2.5560386016907755, 'a3': 2.3033161797131267} logZ_new= 2.838998858987735 obs_new= 0.8482162798297697
params_max= {'a1': 0.2309401076758503, 'a2': 2.5560386016907755, 'a3': 2.3033178856976066} logZ_max= 2.8499161991833457 obs_max= 1.9452155566534408
dist_min= tensor(8.4102) dist_max= tensor(318.0818)
params_min,params_max=params_new,params_max
evaluating model at params_new={'a1': 0.2309401076758503, 'a2': 2.5560386016907755, 'a3': 2.3033170327053667}
params_min= {'a1': 0.2309401076758503, 'a2': 2.5560386016907755, 'a3': 2.3033161797131267} logZ_min= 2.838998858987735 obs_min= 0.8482162798297697
params_new= {'a1': 0.2309401076758503, 'a2': 2.5560386016907755, 'a3': 2.3033170327053667} logZ_new= 2.839200320939538 obs_new= 0.841933585923122
params_max= {'a1': 0.2309401076758503, 'a2': 2.5560386016907755, 'a3': 2.3033178856976066} logZ_max= 2.8499161991833457 obs_max= 1.9452155566534408
dist_min= tensor(3.8644) dist_max= tensor(318.1323)
params_min,params_max=params_new,params_max
evaluating model at params_new={'a1': 0.2309401076758503, 'a2': 2.5560386016907755, 'a3': 2.3033174592014865}
params_min= {'a1': 0.2309401076758503, 'a2': 2.5560386016907755, 'a3': 2.3033170327053667} logZ_min= 2.839200320939538 obs_min= 0.841933585923122
params_new= {'a1': 0.2309401076758503, 'a2': 2.5560386016907755, 'a3': 2.3033174592014865} logZ_new= 2.8499161686468497 obs_new= 1.9452146813804387
params_max= {'a1': 0.2309401076758503, 'a2': 2.5560386016907755, 'a3': 2.3033178856976066} logZ_max= 2.8499161991833457 obs_max= 1.9452155566534408
dist_min= tensor(318.0750) dist_max= tensor(6.7459)
params_min,params_max=params_min,params_new
evaluating model at params_new={'a1': 0.2309401076758503, 'a2': 2.5560386016907755, 'a3': 2.3033172459534264}
params_min= {'a1': 0.2309401076758503, 'a2': 2.5560386016907755, 'a3': 2.3033170327053667} logZ_min= 2.839200320939538 obs_min= 0.841933585923122
params_new= {'a1': 0.2309401076758503, 'a2': 2.5560386016907755, 'a3': 2.3033172459534264} logZ_new= 2.8375698249005437 obs_new= 0.8739082335354043
params_max= {'a1': 0.2309401076758503, 'a2': 2.5560386016907755, 'a3': 2.3033174592014865} logZ_max= 2.8499161686468497 obs_max= 1.9452146813804387
dist_min= tensor(18.6619) dist_max= tensor(318.6251)
params_min,params_max=params_new,params_max
evaluating model at params_new={'a1': 0.2309401076758503, 'a2': 2.5560386016907755, 'a3': 2.3033173525774564}
params_min= {'a1': 0.2309401076758503, 'a2': 2.5560386016907755, 'a3': 2.3033172459534264} logZ_min= 2.8375698249005437 obs_min= 0.8739082335354043
params_new= {'a1': 0.2309401076758503, 'a2': 2.5560386016907755, 'a3': 2.3033173525774564} logZ_new= 2.8391833371403807 obs_new= 0.841217556083748
params_max= {'a1': 0.2309401076758503, 'a2': 2.5560386016907755, 'a3': 2.3033174592014865} logZ_max= 2.8499161686468497 obs_max= 1.9452146813804387
dist_min= tensor(1505.7650) dist_max= tensor(1538.5930)
params_min,params_max=params_new,params_max
evaluating model at params_new={'a1': 0.2309401076758503, 'a2': 2.5560386016907755, 'a3': 2.303317405889471}
params_min= {'a1': 0.2309401076758503, 'a2': 2.5560386016907755, 'a3': 2.3033173525774564} logZ_min= 2.8391833371403807 obs_min= 0.841217556083748
params_new= {'a1': 0.2309401076758503, 'a2': 2.5560386016907755, 'a3': 2.303317405889471} logZ_new= nan obs_new= 0.8463461527041807
params_max= {'a1': 0.2309401076758503, 'a2': 2.5560386016907755, 'a3': 2.3033174592014865} logZ_max= 2.8499161686468497 obs_max= 1.9452146813804387
dist_min= tensor(1546.5358) dist_max= tensor(475.7060)
params_min,params_max=params_min,params_new
evaluating model at params_new={'a1': 0.2309401076758503, 'a2': 2.5560386016907755, 'a3': 2.303317379233464}
params_min= {'a1': 0.2309401076758503, 'a2': 2.5560386016907755, 'a3': 2.3033173525774564} logZ_min= 2.8391833371403807 obs_min= 0.841217556083748
params_new= {'a1': 0.2309401076758503, 'a2': 2.5560386016907755, 'a3': 2.303317379233464} logZ_new= 2.839251382899917 obs_new= 0.8390854927064723
params_max= {'a1': 0.2309401076758503, 'a2': 2.5560386016907755, 'a3': 2.303317405889471} logZ_max= nan obs_max= 0.8463461527041807
dist_min= tensor(1504.7566) dist_max= tensor(353.8160)
params_min,params_max=params_min,params_new
evaluating model at params_new={'a1': 0.2309401076758503, 'a2': 2.5560386016907755, 'a3': 2.3033173659054604}
params_min= {'a1': 0.2309401076758503, 'a2': 2.5560386016907755, 'a3': 2.3033173525774564} logZ_min= 2.8391833371403807 obs_min= 0.841217556083748
params_new= {'a1': 0.2309401076758503, 'a2': 2.5560386016907755, 'a3': 2.3033173659054604} logZ_new= 2.839066386398289 obs_new= 0.8472119223051049
params_max= {'a1': 0.2309401076758503, 'a2': 2.5560386016907755, 'a3': 2.303317379233464} logZ_max= 2.839251382899917 obs_max= 0.8390854927064723
dist_min= tensor(1504.7205) dist_max= tensor(0.1929)
params_min,params_max=params_min,params_new
evaluating model at params_new={'a1': 0.2309401076758503, 'a2': 2.5560386016907755, 'a3': 2.3033173592414586}
params_min= {'a1': 0.2309401076758503, 'a2': 2.5560386016907755, 'a3': 2.3033173525774564} logZ_min= 2.8391833371403807 obs_min= 0.841217556083748
params_new= {'a1': 0.2309401076758503, 'a2': 2.5560386016907755, 'a3': 2.3033173592414586} logZ_new= 2.83845492718176 obs_new= 0.8497126048427672
params_max= {'a1': 0.2309401076758503, 'a2': 2.5560386016907755, 'a3': 2.3033173659054604} logZ_max= 2.839066386398289 obs_max= 0.8472119223051049
dist_min= tensor(1551.9429) dist_max= tensor(379.5294)
params_min,params_max=params_min,params_new
evaluating model at params_new={'a1': 0.2309401076758503, 'a2': 2.5560386016907755, 'a3': 2.3033173559094573}
params_min= {'a1': 0.2309401076758503, 'a2': 2.5560386016907755, 'a3': 2.3033173525774564} logZ_min= 2.8391833371403807 obs_min= 0.841217556083748
params_new= {'a1': 0.2309401076758503, 'a2': 2.5560386016907755, 'a3': 2.3033173559094573} logZ_new= nan obs_new= 0.8424408069323193
params_max= {'a1': 0.2309401076758503, 'a2': 2.5560386016907755, 'a3': 2.3033173592414586} logZ_max= 2.83845492718176 obs_max= 0.8497126048427672
dist_min= tensor(1505.5947) dist_max= tensor(380.1156)
params_min,params_max=params_min,params_new
evaluating model at params_new={'a1': 0.2309401076758503, 'a2': 2.5560386016907755, 'a3': 2.3033173542434566}
params_min= {'a1': 0.2309401076758503, 'a2': 2.5560386016907755, 'a3': 2.3033173525774564} logZ_min= 2.8391833371403807 obs_min= 0.841217556083748
params_new= {'a1': 0.2309401076758503, 'a2': 2.5560386016907755, 'a3': 2.3033173542434566} logZ_new= 2.8392403490534717 obs_new= 0.8395134366647224
params_max= {'a1': 0.2309401076758503, 'a2': 2.5560386016907755, 'a3': 2.3033173559094573} logZ_max= nan obs_max= 0.8424408069323193
dist_min= tensor(1505.3616) dist_max= tensor(8.9857)
params_min,params_max=params_min,params_new
evaluating model at params_new={'a1': 0.2309401076758503, 'a2': 2.5560386016907755, 'a3': 2.3033173534104563}
params_min= {'a1': 0.2309401076758503, 'a2': 2.5560386016907755, 'a3': 2.3033173525774564} logZ_min= 2.8391833371403807 obs_min= 0.841217556083748
params_new= {'a1': 0.2309401076758503, 'a2': 2.5560386016907755, 'a3': 2.3033173534104563} logZ_new= nan obs_new= 0.8741713252954216
params_max= {'a1': 0.2309401076758503, 'a2': 2.5560386016907755, 'a3': 2.3033173542434566} logZ_max= 2.8392403490534717 obs_max= 0.8395134366647224
dist_min= tensor(1505.3144) dist_max= tensor(16.7165)
params_min,params_max=params_min,params_new
evaluating model at params_new={'a1': 0.2309401076758503, 'a2': 2.5560386016907755, 'a3': 2.3033173529939566}
params_min= {'a1': 0.2309401076758503, 'a2': 2.5560386016907755, 'a3': 2.3033173525774564} logZ_min= 2.8391833371403807 obs_min= 0.841217556083748
params_new= {'a1': 0.2309401076758503, 'a2': 2.5560386016907755, 'a3': 2.3033173529939566} logZ_new= 2.8391245877193034 obs_new= 0.8429478036091161
params_max= {'a1': 0.2309401076758503, 'a2': 2.5560386016907755, 'a3': 2.3033173534104563} logZ_max= nan obs_max= 0.8741713252954216
dist_min= tensor(1504.7179) dist_max= tensor(16.2949)
params_min,params_max=params_min,params_new
evaluating model at params_new={'a1': 0.2309401076758503, 'a2': 2.5560386016907755, 'a3': 2.3033173527857063}
params_min= {'a1': 0.2309401076758503, 'a2': 2.5560386016907755, 'a3': 2.3033173525774564} logZ_min= 2.8391833371403807 obs_min= 0.841217556083748
params_new= {'a1': 0.2309401076758503, 'a2': 2.5560386016907755, 'a3': 2.3033173527857063} logZ_new= 2.8390981517235687 obs_new= 0.8444118323534011
params_max= {'a1': 0.2309401076758503, 'a2': 2.5560386016907755, 'a3': 2.3033173529939566} logZ_max= 2.8391245877193034 obs_max= 0.8429478036091161
dist_min= tensor(1505.4002) dist_max= tensor(1.7480)
params_min,params_max=params_min,params_new
evaluating model at params_new={'a1': 0.2309401076758503, 'a2': 2.5560386016907755, 'a3': 2.3033173526815816}
params_min= {'a1': 0.2309401076758503, 'a2': 2.5560386016907755, 'a3': 2.3033173525774564} logZ_min= 2.8391833371403807 obs_min= 0.841217556083748
params_new= {'a1': 0.2309401076758503, 'a2': 2.5560386016907755, 'a3': 2.3033173526815816} logZ_new= nan obs_new= 0.8534017168787636
params_max= {'a1': 0.2309401076758503, 'a2': 2.5560386016907755, 'a3': 2.3033173527857063} logZ_max= 2.8390981517235687 obs_max= 0.8444118323534011
dist_min= tensor(1505.3658) dist_max= tensor(1.8213)
params_min,params_max=params_min,params_new
evaluating model at params_new={'a1': 0.2309401076758503, 'a2': 2.5560386016907755, 'a3': 2.303317352629519}
params_min= {'a1': 0.2309401076758503, 'a2': 2.5560386016907755, 'a3': 2.3033173525774564} logZ_min= 2.8391833371403807 obs_min= 0.841217556083748
params_new= {'a1': 0.2309401076758503, 'a2': 2.5560386016907755, 'a3': 2.303317352629519} logZ_new= 2.8391137387396075 obs_new= 0.8439523752573859
params_max= {'a1': 0.2309401076758503, 'a2': 2.5560386016907755, 'a3': 2.3033173526815816} logZ_max= nan obs_max= 0.8534017168787636
dist_min= tensor(1546.0020) dist_max= tensor(352.2745)
params_min,params_max=params_min,params_new
evaluating model at params_new={'a1': 0.2309401076758503, 'a2': 2.5560386016907755, 'a3': 2.3033173526034876}
params_min= {'a1': 0.2309401076758503, 'a2': 2.5560386016907755, 'a3': 2.3033173525774564} logZ_min= 2.8391833371403807 obs_min= 0.841217556083748
params_new= {'a1': 0.2309401076758503, 'a2': 2.5560386016907755, 'a3': 2.3033173526034876} logZ_new= 2.839309384133284 obs_new= 0.8370258088838561
params_max= {'a1': 0.2309401076758503, 'a2': 2.5560386016907755, 'a3': 2.303317352629519} logZ_max= 2.8391137387396075 obs_max= 0.8439523752573859
dist_min= tensor(1504.8884) dist_max= tensor(351.6434)
params_min,params_max=params_min,params_new
evaluating model at params_new={'a1': 0.2309401076758503, 'a2': 2.5560386016907755, 'a3': 2.303317352590472}
params_min= {'a1': 0.2309401076758503, 'a2': 2.5560386016907755, 'a3': 2.3033173525774564} logZ_min= 2.8391833371403807 obs_min= 0.841217556083748
params_new= {'a1': 0.2309401076758503, 'a2': 2.5560386016907755, 'a3': 2.303317352590472} logZ_new= 2.839313759572862 obs_new= 0.836753177741127
params_max= {'a1': 0.2309401076758503, 'a2': 2.5560386016907755, 'a3': 2.3033173526034876} logZ_max= 2.839309384133284 obs_max= 0.8370258088838561
dist_min= tensor(1505.1548) dist_max= tensor(0.3300)
params_min,params_max=params_min,params_new
evaluating model at params_new={'a1': 0.2309401076758503, 'a2': 2.5560386016907755, 'a3': 2.3033173525839645}
params_min= {'a1': 0.2309401076758503, 'a2': 2.5560386016907755, 'a3': 2.3033173525774564} logZ_min= 2.8391833371403807 obs_min= 0.841217556083748
params_new= {'a1': 0.2309401076758503, 'a2': 2.5560386016907755, 'a3': 2.3033173525839645} logZ_new= 2.83788501555886 obs_new= 0.8737684172109365
params_max= {'a1': 0.2309401076758503, 'a2': 2.5560386016907755, 'a3': 2.303317352590472} logZ_max= 2.839313759572862 obs_max= 0.836753177741127
dist_min= tensor(1840.0462) dist_max= tensor(1057.1247)
params_min,params_max=params_min,params_new
evaluating model at params_new={'a1': 0.2309401076758503, 'a2': 2.5560386016907755, 'a3': 2.3033173525807102}
params_min= {'a1': 0.2309401076758503, 'a2': 2.5560386016907755, 'a3': 2.3033173525774564} logZ_min= 2.8391833371403807 obs_min= 0.841217556083748
params_new= {'a1': 0.2309401076758503, 'a2': 2.5560386016907755, 'a3': 2.3033173525807102} logZ_new= nan obs_new= 0.8367412776268511
params_max= {'a1': 0.2309401076758503, 'a2': 2.5560386016907755, 'a3': 2.3033173525839645} logZ_max= 2.83788501555886 obs_max= 0.8737684172109365
dist_min= tensor(1505.3797) dist_max= tensor(1057.6399)
params_min,params_max=params_min,params_new
evaluating model at params_new={'a1': 0.2309401076758503, 'a2': 2.5560386016907755, 'a3': 2.303317352579083}
params_min= {'a1': 0.2309401076758503, 'a2': 2.5560386016907755, 'a3': 2.3033173525774564} logZ_min= 2.8391833371403807 obs_min= 0.841217556083748
params_new= {'a1': 0.2309401076758503, 'a2': 2.5560386016907755, 'a3': 2.303317352579083} logZ_new= 2.8391148704014477 obs_new= 0.8462857269572895
params_max= {'a1': 0.2309401076758503, 'a2': 2.5560386016907755, 'a3': 2.3033173525807102} logZ_max= nan obs_max= 0.8367412776268511
dist_min= tensor(1504.7412) dist_max= tensor(1.6001)
params_min,params_max=params_min,params_new
evaluating model at params_new={'a1': 0.2309401076758503, 'a2': 2.5560386016907755, 'a3': 2.3033173525782695}
params_min= {'a1': 0.2309401076758503, 'a2': 2.5560386016907755, 'a3': 2.3033173525774564} logZ_min= 2.8391833371403807 obs_min= 0.841217556083748
params_new= {'a1': 0.2309401076758503, 'a2': 2.5560386016907755, 'a3': 2.3033173525782695} logZ_new= nan obs_new= 0.8439000492174177
params_max= {'a1': 0.2309401076758503, 'a2': 2.5560386016907755, 'a3': 2.303317352579083} logZ_max= 2.8391148704014477 obs_max= 0.8462857269572895
dist_min= tensor(1505.3913) dist_max= tensor(4.7235)
params_min,params_max=params_min,params_new
evaluating model at params_new={'a1': 0.2309401076758503, 'a2': 2.5560386016907755, 'a3': 2.3033173525778627}
params_min= {'a1': 0.2309401076758503, 'a2': 2.5560386016907755, 'a3': 2.3033173525774564} logZ_min= 2.8391833371403807 obs_min= 0.841217556083748
params_new= {'a1': 0.2309401076758503, 'a2': 2.5560386016907755, 'a3': 2.3033173525778627} logZ_new= nan obs_new= 0.8544290711613804
params_max= {'a1': 0.2309401076758503, 'a2': 2.5560386016907755, 'a3': 2.3033173525782695} logZ_max= nan obs_max= 0.8439000492174177
dist_min= tensor(1505.7632) dist_max= tensor(18.3979)
params_min,params_max=params_min,params_new
evaluating model at params_new={'a1': 0.2309401076758503, 'a2': 2.5560386016907755, 'a3': 2.3033173525776593}
params_min= {'a1': 0.2309401076758503, 'a2': 2.5560386016907755, 'a3': 2.3033173525774564} logZ_min= 2.8391833371403807 obs_min= 0.841217556083748
params_new= {'a1': 0.2309401076758503, 'a2': 2.5560386016907755, 'a3': 2.3033173525776593} logZ_new= 2.8393010339123324 obs_new= 0.8372027198495398
params_max= {'a1': 0.2309401076758503, 'a2': 2.5560386016907755, 'a3': 2.3033173525778627} logZ_max= nan obs_max= 0.8544290711613804
dist_min= tensor(1505.3647) dist_max= tensor(23.1564)
params_min,params_max=params_min,params_new
evaluating model at params_new={'a1': 0.2309401076758503, 'a2': 2.5560386016907755, 'a3': 2.303317352577558}
params_min= {'a1': 0.2309401076758503, 'a2': 2.5560386016907755, 'a3': 2.3033173525774564} logZ_min= 2.8391833371403807 obs_min= 0.841217556083748
params_new= {'a1': 0.2309401076758503, 'a2': 2.5560386016907755, 'a3': 2.303317352577558} logZ_new= 2.838779437581973 obs_new= 0.8557191430364469
params_max= {'a1': 0.2309401076758503, 'a2': 2.5560386016907755, 'a3': 2.3033173525776593} logZ_max= 2.8393010339123324 obs_max= 0.8372027198495398
dist_min= tensor(1505.4225) dist_max= tensor(0.1898)
params_min,params_max=params_min,params_new
evaluating model at params_new={'a1': 0.2309401076758503, 'a2': 2.5560386016907755, 'a3': 2.3033173525775075}
params_min= {'a1': 0.2309401076758503, 'a2': 2.5560386016907755, 'a3': 2.3033173525774564} logZ_min= 2.8391833371403807 obs_min= 0.841217556083748
params_new= {'a1': 0.2309401076758503, 'a2': 2.5560386016907755, 'a3': 2.3033173525775075} logZ_new= 2.839072294894766 obs_new= 0.846551871185524
params_max= {'a1': 0.2309401076758503, 'a2': 2.5560386016907755, 'a3': 2.303317352577558} logZ_max= 2.838779437581973 obs_max= 0.8557191430364469
dist_min= tensor(1505.4811) dist_max= tensor(0.1505)
params_min,params_max=params_min,params_new
evaluating model at params_new={'a1': 0.2309401076758503, 'a2': 2.5560386016907755, 'a3': 2.3033173525774817}
params_min= {'a1': 0.2309401076758503, 'a2': 2.5560386016907755, 'a3': 2.3033173525774564} logZ_min= 2.8391833371403807 obs_min= 0.841217556083748
params_new= {'a1': 0.2309401076758503, 'a2': 2.5560386016907755, 'a3': 2.3033173525774817} logZ_new= 2.8393115533071787 obs_new= 0.836826160876921
params_max= {'a1': 0.2309401076758503, 'a2': 2.5560386016907755, 'a3': 2.3033173525775075} logZ_max= 2.839072294894766 obs_max= 0.846551871185524
dist_min= tensor(1504.7386) dist_max= tensor(1.7467)
params_min,params_max=params_min,params_new
evaluating model at params_new={'a1': 0.2309401076758503, 'a2': 2.5560386016907755, 'a3': 2.3033173525774693}
params_min= {'a1': 0.2309401076758503, 'a2': 2.5560386016907755, 'a3': 2.3033173525774564} logZ_min= 2.8391833371403807 obs_min= 0.841217556083748
params_new= {'a1': 0.2309401076758503, 'a2': 2.5560386016907755, 'a3': 2.3033173525774693} logZ_new= nan obs_new= 0.8464479255380479
params_max= {'a1': 0.2309401076758503, 'a2': 2.5560386016907755, 'a3': 2.3033173525774817} logZ_max= 2.8393115533071787 obs_max= 0.836826160876921
dist_min= tensor(1507.1814) dist_max= tensor(67.6404)
params_min,params_max=params_min,params_new
evaluating model at params_new={'a1': 0.2309401076758503, 'a2': 2.5560386016907755, 'a3': 2.303317352577463}
params_min= {'a1': 0.2309401076758503, 'a2': 2.5560386016907755, 'a3': 2.3033173525774564} logZ_min= 2.8391833371403807 obs_min= 0.841217556083748
params_new= {'a1': 0.2309401076758503, 'a2': 2.5560386016907755, 'a3': 2.303317352577463} logZ_new= 2.839145708183339 obs_new= 0.8454738806197517
params_max= {'a1': 0.2309401076758503, 'a2': 2.5560386016907755, 'a3': 2.3033173525774693} logZ_max= nan obs_max= 0.8464479255380479
dist_min= tensor(1505.5171) dist_max= tensor(67.8312)
params_min,params_max=params_min,params_new
evaluating model at params_new={'a1': 0.2309401076758503, 'a2': 2.5560386016907755, 'a3': 2.3033173525774595}
params_min= {'a1': 0.2309401076758503, 'a2': 2.5560386016907755, 'a3': 2.3033173525774564} logZ_min= 2.8391833371403807 obs_min= 0.841217556083748
params_new= {'a1': 0.2309401076758503, 'a2': 2.5560386016907755, 'a3': 2.3033173525774595} logZ_new= 2.8392827984396347 obs_new= 0.8378361414405555
params_max= {'a1': 0.2309401076758503, 'a2': 2.5560386016907755, 'a3': 2.303317352577463} logZ_max= 2.839145708183339 obs_max= 0.8454738806197517
dist_min= tensor(1504.9372) dist_max= tensor(1.5593)
params_min,params_max=params_min,params_new
evaluating model at params_new={'a1': 0.2309401076758503, 'a2': 2.5560386016907755, 'a3': 2.3033173525774577}
params_min= {'a1': 0.2309401076758503, 'a2': 2.5560386016907755, 'a3': 2.3033173525774564} logZ_min= 2.8391833371403807 obs_min= 0.841217556083748
params_new= {'a1': 0.2309401076758503, 'a2': 2.5560386016907755, 'a3': 2.3033173525774577} logZ_new= nan obs_new= 0.8563868518858107
params_max= {'a1': 0.2309401076758503, 'a2': 2.5560386016907755, 'a3': 2.3033173525774595} logZ_max= 2.8392827984396347 obs_max= 0.8378361414405555
dist_min= tensor(1506.8142) dist_max= tensor(60.5609)
params_min,params_max=params_min,params_new
evaluating model at params_new={'a1': 0.2309401076758503, 'a2': 2.5560386016907755, 'a3': 2.303317352577457}
params_min= {'a1': 0.2309401076758503, 'a2': 2.5560386016907755, 'a3': 2.3033173525774564} logZ_min= 2.8391833371403807 obs_min= 0.841217556083748
params_new= {'a1': 0.2309401076758503, 'a2': 2.5560386016907755, 'a3': 2.303317352577457} logZ_new= 2.8388245393384404 obs_new= 0.8531940871906677
params_max= {'a1': 0.2309401076758503, 'a2': 2.5560386016907755, 'a3': 2.3033173525774577} logZ_max= nan obs_max= 0.8563868518858107
dist_min= tensor(3387.3887) dist_max= tensor(3035.1180)
params_min,params_max=params_min,params_new
critical params found:  {'a1': 0.2309401076758503, 'a2': 2.5560386016907755, 'a3': 2.303317352577457}
reference params:  {'a1': 1.1547005383792515, 'a2': 1.8257418583505538, 'a3': 4.47213595499958}
file saved to  data/AKLT3D_X10_scan_grid_critical_a3/a1_0.2309401_a2_2.5560386/Tc.json
