Start running find_critical_temp.py with options:{'filename': 'data/AKLT3D_X10_scan_grid_critical_a3/a1_2.3094011_a2_2.5560386/Tc.json', 'log_filename': 'data/AKLT3D_X10_scan_grid_critical_a3/a1_2.3094011_a2_2.5560386/Tc.log', 'nLayers': 60, 'max_dim': 10, 'model': 'AKLT3D', 'params_min': "{'a1': 2.309401076758503, 'a2': 2.5560386016907755, 'a3': 7.155417527999328}", 'params_max': "{'a1': 2.309401076758503, 'a2': 2.5560386016907755, 'a3': 8.049844718999244}", 'params_ref': None, 'observable_name': 'magnetizationZ', 'tol': 0.0, 'gilt_enabled': False, 'gilt_eps': 8e-07, 'gilt_nIter': 1, 'mcf_enabled': True, 'mcf_eps': 1e-16, 'mcf_max_iter': 200, 'hotrg_sanity_check': False, 'version': 1, 'device': 'cuda:1'}
loading library...
evaluating model at params_min={'a1': 2.309401076758503, 'a2': 2.5560386016907755, 'a3': 7.155417527999328}
params_min= {'a1': 2.309401076758503, 'a2': 2.5560386016907755, 'a3': 7.155417527999328} logZ_min= 4.039676736850421 obs_min= 1.647425194093507e-30
evaluating model at params_max={'a1': 2.309401076758503, 'a2': 2.5560386016907755, 'a3': 8.049844718999244}
params_max= {'a1': 2.309401076758503, 'a2': 2.5560386016907755, 'a3': 8.049844718999244} logZ_max= 4.216641384161682 obs_max= 7.7840125329756225
searching for critical temperature using bisection method
evaluating model at params_new={'a1': 2.309401076758503, 'a2': 2.5560386016907755, 'a3': 7.602631123499286}
params_min= {'a1': 2.309401076758503, 'a2': 2.5560386016907755, 'a3': 7.155417527999328} logZ_min= 4.039676736850421 obs_min= 1.647425194093507e-30
params_new= {'a1': 2.309401076758503, 'a2': 2.5560386016907755, 'a3': 7.602631123499286} logZ_new= 4.116939019230728 obs_new= 7.0865616830719675
params_max= {'a1': 2.309401076758503, 'a2': 2.5560386016907755, 'a3': 8.049844718999244} logZ_max= 4.216641384161682 obs_max= 7.7840125329756225
dist_min= tensor(44.7405) dist_max= tensor(7.4121)
params_min,params_max=params_min,params_new
evaluating model at params_new={'a1': 2.309401076758503, 'a2': 2.5560386016907755, 'a3': 7.379024325749307}
params_min= {'a1': 2.309401076758503, 'a2': 2.5560386016907755, 'a3': 7.155417527999328} logZ_min= 4.039676736850421 obs_min= 1.647425194093507e-30
params_new= {'a1': 2.309401076758503, 'a2': 2.5560386016907755, 'a3': 7.379024325749307} logZ_new= 4.0662196729643485 obs_new= 6.359932496818166
params_max= {'a1': 2.309401076758503, 'a2': 2.5560386016907755, 'a3': 7.602631123499286} logZ_max= 4.116939019230728 obs_max= 7.0865616830719675
dist_min= tensor(44.8614) dist_max= tensor(3.1043)
params_min,params_max=params_min,params_new
evaluating model at params_new={'a1': 2.309401076758503, 'a2': 2.5560386016907755, 'a3': 7.267220926874318}
params_min= {'a1': 2.309401076758503, 'a2': 2.5560386016907755, 'a3': 7.155417527999328} logZ_min= 4.039676736850421 obs_min= 1.647425194093507e-30
params_new= {'a1': 2.309401076758503, 'a2': 2.5560386016907755, 'a3': 7.267220926874318} logZ_new= 4.040290198430118 obs_new= 0.6985228027896964
params_max= {'a1': 2.309401076758503, 'a2': 2.5560386016907755, 'a3': 7.379024325749307} logZ_max= 4.0662196729643485 obs_max= 6.359932496818166
dist_min= tensor(737.0923) dist_max= tensor(737.6595)
params_min,params_max=params_new,params_max
evaluating model at params_new={'a1': 2.309401076758503, 'a2': 2.5560386016907755, 'a3': 7.323122626311813}
params_min= {'a1': 2.309401076758503, 'a2': 2.5560386016907755, 'a3': 7.267220926874318} logZ_min= 4.040290198430118 obs_min= 0.6985228027896964
params_new= {'a1': 2.309401076758503, 'a2': 2.5560386016907755, 'a3': 7.323122626311813} logZ_new= 4.053247267735624 obs_new= 6.146781102619463
params_max= {'a1': 2.309401076758503, 'a2': 2.5560386016907755, 'a3': 7.379024325749307} logZ_max= 4.0662196729643485 obs_max= 6.359932496818166
dist_min= tensor(737.6619) dist_max= tensor(0.8493)
params_min,params_max=params_min,params_new
evaluating model at params_new={'a1': 2.309401076758503, 'a2': 2.5560386016907755, 'a3': 7.295171776593065}
params_min= {'a1': 2.309401076758503, 'a2': 2.5560386016907755, 'a3': 7.267220926874318} logZ_min= 4.040290198430118 obs_min= 0.6985228027896964
params_new= {'a1': 2.309401076758503, 'a2': 2.5560386016907755, 'a3': 7.295171776593065} logZ_new= 4.047059944564101 obs_new= 6.049153231946137
params_max= {'a1': 2.309401076758503, 'a2': 2.5560386016907755, 'a3': 7.323122626311813} logZ_max= 4.053247267735624 obs_max= 6.146781102619463
dist_min= tensor(737.5566) dist_max= tensor(0.7508)
params_min,params_max=params_min,params_new
evaluating model at params_new={'a1': 2.309401076758503, 'a2': 2.5560386016907755, 'a3': 7.2811963517336915}
params_min= {'a1': 2.309401076758503, 'a2': 2.5560386016907755, 'a3': 7.267220926874318} logZ_min= 4.040290198430118 obs_min= 0.6985228027896964
params_new= {'a1': 2.309401076758503, 'a2': 2.5560386016907755, 'a3': 7.2811963517336915} logZ_new= 4.043804021769101 obs_new= 5.9776182420688215
params_max= {'a1': 2.309401076758503, 'a2': 2.5560386016907755, 'a3': 7.295171776593065} logZ_max= 4.047059944564101 obs_max= 6.049153231946137
dist_min= tensor(737.4371) dist_max= tensor(0.4596)
params_min,params_max=params_min,params_new
evaluating model at params_new={'a1': 2.309401076758503, 'a2': 2.5560386016907755, 'a3': 7.274208639304005}
params_min= {'a1': 2.309401076758503, 'a2': 2.5560386016907755, 'a3': 7.267220926874318} logZ_min= 4.040290198430118 obs_min= 0.6985228027896964
params_new= {'a1': 2.309401076758503, 'a2': 2.5560386016907755, 'a3': 7.274208639304005} logZ_new= 4.042295992109016 obs_new= 5.94508144049561
params_max= {'a1': 2.309401076758503, 'a2': 2.5560386016907755, 'a3': 7.2811963517336915} logZ_max= 4.043804021769101 obs_max= 5.9776182420688215
dist_min= tensor(737.4848) dist_max= tensor(0.3992)
params_min,params_max=params_min,params_new
evaluating model at params_new={'a1': 2.309401076758503, 'a2': 2.5560386016907755, 'a3': 7.270714783089161}
params_min= {'a1': 2.309401076758503, 'a2': 2.5560386016907755, 'a3': 7.267220926874318} logZ_min= 4.040290198430118 obs_min= 0.6985228027896964
params_new= {'a1': 2.309401076758503, 'a2': 2.5560386016907755, 'a3': 7.270714783089161} logZ_new= 4.04099616743508 obs_new= 5.886599230552084
params_max= {'a1': 2.309401076758503, 'a2': 2.5560386016907755, 'a3': 7.274208639304005} logZ_max= 4.042295992109016 obs_max= 5.94508144049561
dist_min= tensor(737.5120) dist_max= tensor(1.2091)
params_min,params_max=params_min,params_new
evaluating model at params_new={'a1': 2.309401076758503, 'a2': 2.5560386016907755, 'a3': 7.26896785498174}
params_min= {'a1': 2.309401076758503, 'a2': 2.5560386016907755, 'a3': 7.267220926874318} logZ_min= 4.040290198430118 obs_min= 0.6985228027896964
params_new= {'a1': 2.309401076758503, 'a2': 2.5560386016907755, 'a3': 7.26896785498174} logZ_new= 4.040878872908482 obs_new= 0.7882955715939018
params_max= {'a1': 2.309401076758503, 'a2': 2.5560386016907755, 'a3': 7.270714783089161} logZ_max= 4.04099616743508 obs_max= 5.886599230552084
dist_min= tensor(736.4473) dist_max= tensor(42.3516)
params_min,params_max=params_min,params_new
evaluating model at params_new={'a1': 2.309401076758503, 'a2': 2.5560386016907755, 'a3': 7.268094390928029}
params_min= {'a1': 2.309401076758503, 'a2': 2.5560386016907755, 'a3': 7.267220926874318} logZ_min= 4.040290198430118 obs_min= 0.6985228027896964
params_new= {'a1': 2.309401076758503, 'a2': 2.5560386016907755, 'a3': 7.268094390928029} logZ_new= 4.040437496684585 obs_new= 0.7176183704957442
params_max= {'a1': 2.309401076758503, 'a2': 2.5560386016907755, 'a3': 7.26896785498174} logZ_max= 4.040878872908482 obs_max= 0.7882955715939018
dist_min= tensor(736.4164) dist_max= tensor(3.8397)
params_min,params_max=params_min,params_new
evaluating model at params_new={'a1': 2.309401076758503, 'a2': 2.5560386016907755, 'a3': 7.267657658901173}
params_min= {'a1': 2.309401076758503, 'a2': 2.5560386016907755, 'a3': 7.267220926874318} logZ_min= 4.040290198430118 obs_min= 0.6985228027896964
params_new= {'a1': 2.309401076758503, 'a2': 2.5560386016907755, 'a3': 7.267657658901173} logZ_new= 4.040596329504259 obs_new= 0.7290628271940145
params_max= {'a1': 2.309401076758503, 'a2': 2.5560386016907755, 'a3': 7.268094390928029} logZ_max= 4.040437496684585 obs_max= 0.7176183704957442
dist_min= tensor(736.6658) dist_max= tensor(3.9652)
params_min,params_max=params_min,params_new
evaluating model at params_new={'a1': 2.309401076758503, 'a2': 2.5560386016907755, 'a3': 7.267439292887746}
params_min= {'a1': 2.309401076758503, 'a2': 2.5560386016907755, 'a3': 7.267220926874318} logZ_min= 4.040290198430118 obs_min= 0.6985228027896964
params_new= {'a1': 2.309401076758503, 'a2': 2.5560386016907755, 'a3': 7.267439292887746} logZ_new= 4.040182247289663 obs_new= 0.6625218867213063
params_max= {'a1': 2.309401076758503, 'a2': 2.5560386016907755, 'a3': 7.267657658901173} logZ_max= 4.040596329504259 obs_max= 0.7290628271940145
dist_min= tensor(119269.3494) dist_max= tensor(120005.9998)
params_min,params_max=params_new,params_max
evaluating model at params_new={'a1': 2.309401076758503, 'a2': 2.5560386016907755, 'a3': 7.2675484758944595}
params_min= {'a1': 2.309401076758503, 'a2': 2.5560386016907755, 'a3': 7.267439292887746} logZ_min= 4.040182247289663 obs_min= 0.6625218867213063
params_new= {'a1': 2.309401076758503, 'a2': 2.5560386016907755, 'a3': 7.2675484758944595} logZ_new= 4.04004896529215 obs_new= 0.2927048519779979
params_max= {'a1': 2.309401076758503, 'a2': 2.5560386016907755, 'a3': 7.267657658901173} logZ_max= 4.040596329504259 obs_max= 0.7290628271940145
dist_min= tensor(120006.4405) dist_max= tensor(4.8431)
params_min,params_max=params_min,params_new
evaluating model at params_new={'a1': 2.309401076758503, 'a2': 2.5560386016907755, 'a3': 7.2674938843911026}
params_min= {'a1': 2.309401076758503, 'a2': 2.5560386016907755, 'a3': 7.267439292887746} logZ_min= 4.040182247289663 obs_min= 0.6625218867213063
params_new= {'a1': 2.309401076758503, 'a2': 2.5560386016907755, 'a3': 7.2674938843911026} logZ_new= nan obs_new= 0.7556111773392583
params_max= {'a1': 2.309401076758503, 'a2': 2.5560386016907755, 'a3': 7.2675484758944595} logZ_max= 4.04004896529215 obs_max= 0.2927048519779979
dist_min= tensor(120005.0203) dist_max= tensor(9.1323)
params_min,params_max=params_min,params_new
evaluating model at params_new={'a1': 2.309401076758503, 'a2': 2.5560386016907755, 'a3': 7.267466588639424}
params_min= {'a1': 2.309401076758503, 'a2': 2.5560386016907755, 'a3': 7.267439292887746} logZ_min= 4.040182247289663 obs_min= 0.6625218867213063
params_new= {'a1': 2.309401076758503, 'a2': 2.5560386016907755, 'a3': 7.267466588639424} logZ_new= 4.040369390650514 obs_new= 0.6986229009784763
params_max= {'a1': 2.309401076758503, 'a2': 2.5560386016907755, 'a3': 7.2674938843911026} logZ_max= nan obs_max= 0.7556111773392583
dist_min= tensor(120005.8323) dist_max= tensor(85.7924)
params_min,params_max=params_min,params_new
evaluating model at params_new={'a1': 2.309401076758503, 'a2': 2.5560386016907755, 'a3': 7.267452940763585}
params_min= {'a1': 2.309401076758503, 'a2': 2.5560386016907755, 'a3': 7.267439292887746} logZ_min= 4.040182247289663 obs_min= 0.6625218867213063
params_new= {'a1': 2.309401076758503, 'a2': 2.5560386016907755, 'a3': 7.267452940763585} logZ_new= nan obs_new= 0.7026064858528697
params_max= {'a1': 2.309401076758503, 'a2': 2.5560386016907755, 'a3': 7.267466588639424} logZ_max= 4.040369390650514 obs_max= 0.6986229009784763
dist_min= tensor(120021.5416) dist_max= tensor(1985.2048)
params_min,params_max=params_min,params_new
evaluating model at params_new={'a1': 2.309401076758503, 'a2': 2.5560386016907755, 'a3': 7.267446116825665}
params_min= {'a1': 2.309401076758503, 'a2': 2.5560386016907755, 'a3': 7.267439292887746} logZ_min= 4.040182247289663 obs_min= 0.6625218867213063
params_new= {'a1': 2.309401076758503, 'a2': 2.5560386016907755, 'a3': 7.267446116825665} logZ_new= nan obs_new= 0.7545421187430491
params_max= {'a1': 2.309401076758503, 'a2': 2.5560386016907755, 'a3': 7.267452940763585} logZ_max= nan obs_max= 0.7026064858528697
dist_min= tensor(119997.6445) dist_max= tensor(1983.8775)
params_min,params_max=params_min,params_new
evaluating model at params_new={'a1': 2.309401076758503, 'a2': 2.5560386016907755, 'a3': 7.267442704856705}
params_min= {'a1': 2.309401076758503, 'a2': 2.5560386016907755, 'a3': 7.267439292887746} logZ_min= 4.040182247289663 obs_min= 0.6625218867213063
params_new= {'a1': 2.309401076758503, 'a2': 2.5560386016907755, 'a3': 7.267442704856705} logZ_new= 4.040693584289379 obs_new= 0.7535148709958425
params_max= {'a1': 2.309401076758503, 'a2': 2.5560386016907755, 'a3': 7.267446116825665} logZ_max= nan obs_max= 0.7545421187430491
dist_min= tensor(119819.2804) dist_max= tensor(184.1111)
params_min,params_max=params_min,params_new
evaluating model at params_new={'a1': 2.309401076758503, 'a2': 2.5560386016907755, 'a3': 7.2674409988722255}
params_min= {'a1': 2.309401076758503, 'a2': 2.5560386016907755, 'a3': 7.267439292887746} logZ_min= 4.040182247289663 obs_min= 0.6625218867213063
params_new= {'a1': 2.309401076758503, 'a2': 2.5560386016907755, 'a3': 7.2674409988722255} logZ_new= 4.0408133630492395 obs_new= 0.7618351567795264
params_max= {'a1': 2.309401076758503, 'a2': 2.5560386016907755, 'a3': 7.267442704856705} logZ_max= 4.040693584289379 obs_max= 0.7535148709958425
dist_min= tensor(120006.4412) dist_max= tensor(187.4574)
params_min,params_max=params_min,params_new
evaluating model at params_new={'a1': 2.309401076758503, 'a2': 2.5560386016907755, 'a3': 7.267440145879986}
params_min= {'a1': 2.309401076758503, 'a2': 2.5560386016907755, 'a3': 7.267439292887746} logZ_min= 4.040182247289663 obs_min= 0.6625218867213063
params_new= {'a1': 2.309401076758503, 'a2': 2.5560386016907755, 'a3': 7.267440145879986} logZ_new= 4.04068183962945 obs_new= 0.7597484196309774
params_max= {'a1': 2.309401076758503, 'a2': 2.5560386016907755, 'a3': 7.2674409988722255} logZ_max= 4.0408133630492395 obs_max= 0.7618351567795264
dist_min= tensor(119969.3233) dist_max= tensor(691.1160)
params_min,params_max=params_min,params_new
evaluating model at params_new={'a1': 2.309401076758503, 'a2': 2.5560386016907755, 'a3': 7.267439719383866}
params_min= {'a1': 2.309401076758503, 'a2': 2.5560386016907755, 'a3': 7.267439292887746} logZ_min= 4.040182247289663 obs_min= 0.6625218867213063
params_new= {'a1': 2.309401076758503, 'a2': 2.5560386016907755, 'a3': 7.267439719383866} logZ_new= nan obs_new= 0.7531772621220575
params_max= {'a1': 2.309401076758503, 'a2': 2.5560386016907755, 'a3': 7.267440145879986} logZ_max= 4.04068183962945 obs_max= 0.7597484196309774
dist_min= tensor(120004.6936) dist_max= tensor(691.8853)
params_min,params_max=params_min,params_new
evaluating model at params_new={'a1': 2.309401076758503, 'a2': 2.5560386016907755, 'a3': 7.267439506135806}
params_min= {'a1': 2.309401076758503, 'a2': 2.5560386016907755, 'a3': 7.267439292887746} logZ_min= 4.040182247289663 obs_min= 0.6625218867213063
params_new= {'a1': 2.309401076758503, 'a2': 2.5560386016907755, 'a3': 7.267439506135806} logZ_new= 4.040659354698821 obs_new= 0.7479607750990838
params_max= {'a1': 2.309401076758503, 'a2': 2.5560386016907755, 'a3': 7.267439719383866} logZ_max= nan obs_max= 0.7531772621220575
dist_min= tensor(115891.1230) dist_max= tensor(4113.8925)
params_min,params_max=params_min,params_new
evaluating model at params_new={'a1': 2.309401076758503, 'a2': 2.5560386016907755, 'a3': 7.267439399511776}
params_min= {'a1': 2.309401076758503, 'a2': 2.5560386016907755, 'a3': 7.267439292887746} logZ_min= 4.040182247289663 obs_min= 0.6625218867213063
params_new= {'a1': 2.309401076758503, 'a2': 2.5560386016907755, 'a3': 7.267439399511776} logZ_new= 4.040376278661593 obs_new= 0.6863473804346361
params_max= {'a1': 2.309401076758503, 'a2': 2.5560386016907755, 'a3': 7.267439506135806} logZ_max= 4.040659354698821 obs_max= 0.7479607750990838
dist_min= tensor(120005.7948) dist_max= tensor(4114.7647)
params_min,params_max=params_min,params_new
evaluating model at params_new={'a1': 2.309401076758503, 'a2': 2.5560386016907755, 'a3': 7.267439346199761}
params_min= {'a1': 2.309401076758503, 'a2': 2.5560386016907755, 'a3': 7.267439292887746} logZ_min= 4.040182247289663 obs_min= 0.6625218867213063
params_new= {'a1': 2.309401076758503, 'a2': 2.5560386016907755, 'a3': 7.267439346199761} logZ_new= 4.040261622185535 obs_new= 0.6781568136259121
params_max= {'a1': 2.309401076758503, 'a2': 2.5560386016907755, 'a3': 7.267439399511776} logZ_max= 4.040376278661593 obs_max= 0.6863473804346361
dist_min= tensor(120016.0346) dist_max= tensor(1531.3216)
params_min,params_max=params_min,params_new
evaluating model at params_new={'a1': 2.309401076758503, 'a2': 2.5560386016907755, 'a3': 7.267439319543753}
params_min= {'a1': 2.309401076758503, 'a2': 2.5560386016907755, 'a3': 7.267439292887746} logZ_min= 4.040182247289663 obs_min= 0.6625218867213063
params_new= {'a1': 2.309401076758503, 'a2': 2.5560386016907755, 'a3': 7.267439319543753} logZ_new= nan obs_new= 0.7546995519023354
params_max= {'a1': 2.309401076758503, 'a2': 2.5560386016907755, 'a3': 7.267439346199761} logZ_max= 4.040261622185535 obs_max= 0.6781568136259121
dist_min= tensor(120051.9603) dist_max= tensor(1777.2848)
params_min,params_max=params_min,params_new
evaluating model at params_new={'a1': 2.309401076758503, 'a2': 2.5560386016907755, 'a3': 7.267439306215749}
params_min= {'a1': 2.309401076758503, 'a2': 2.5560386016907755, 'a3': 7.267439292887746} logZ_min= 4.040182247289663 obs_min= 0.6625218867213063
params_new= {'a1': 2.309401076758503, 'a2': 2.5560386016907755, 'a3': 7.267439306215749} logZ_new= 4.040832914472586 obs_new= 0.7647416103446877
params_max= {'a1': 2.309401076758503, 'a2': 2.5560386016907755, 'a3': 7.267439319543753} logZ_max= nan obs_max= 0.7546995519023354
dist_min= tensor(120005.7948) dist_max= tensor(3308.0682)
params_min,params_max=params_min,params_new
evaluating model at params_new={'a1': 2.309401076758503, 'a2': 2.5560386016907755, 'a3': 7.267439299551747}
params_min= {'a1': 2.309401076758503, 'a2': 2.5560386016907755, 'a3': 7.267439292887746} logZ_min= 4.040182247289663 obs_min= 0.6625218867213063
params_new= {'a1': 2.309401076758503, 'a2': 2.5560386016907755, 'a3': 7.267439299551747} logZ_new= 4.040817276128499 obs_new= 0.7623618050165937
params_max= {'a1': 2.309401076758503, 'a2': 2.5560386016907755, 'a3': 7.267439306215749} logZ_max= 4.040832914472586 obs_max= 0.7647416103446877
dist_min= tensor(120005.9176) dist_max= tensor(0.8964)
params_min,params_max=params_min,params_new
evaluating model at params_new={'a1': 2.309401076758503, 'a2': 2.5560386016907755, 'a3': 7.267439296219747}
params_min= {'a1': 2.309401076758503, 'a2': 2.5560386016907755, 'a3': 7.267439292887746} logZ_min= 4.040182247289663 obs_min= 0.6625218867213063
params_new= {'a1': 2.309401076758503, 'a2': 2.5560386016907755, 'a3': 7.267439296219747} logZ_new= nan obs_new= 0.7367161332092317
params_max= {'a1': 2.309401076758503, 'a2': 2.5560386016907755, 'a3': 7.267439299551747} logZ_max= 4.040817276128499 obs_max= 0.7623618050165937
dist_min= tensor(120002.8578) dist_max= tensor(14.8396)
params_min,params_max=params_min,params_new
evaluating model at params_new={'a1': 2.309401076758503, 'a2': 2.5560386016907755, 'a3': 7.267439294553746}
params_min= {'a1': 2.309401076758503, 'a2': 2.5560386016907755, 'a3': 7.267439292887746} logZ_min= 4.040182247289663 obs_min= 0.6625218867213063
params_new= {'a1': 2.309401076758503, 'a2': 2.5560386016907755, 'a3': 7.267439294553746} logZ_new= 4.040801495809669 obs_new= 0.7607214269089151
params_max= {'a1': 2.309401076758503, 'a2': 2.5560386016907755, 'a3': 7.267439296219747} logZ_max= nan obs_max= 0.7367161332092317
dist_min= tensor(120006.4350) dist_max= tensor(15.1562)
params_min,params_max=params_min,params_new
evaluating model at params_new={'a1': 2.309401076758503, 'a2': 2.5560386016907755, 'a3': 7.267439293720746}
params_min= {'a1': 2.309401076758503, 'a2': 2.5560386016907755, 'a3': 7.267439292887746} logZ_min= 4.040182247289663 obs_min= 0.6625218867213063
params_new= {'a1': 2.309401076758503, 'a2': 2.5560386016907755, 'a3': 7.267439293720746} logZ_new= nan obs_new= 0.7494745752846945
params_max= {'a1': 2.309401076758503, 'a2': 2.5560386016907755, 'a3': 7.267439294553746} logZ_max= 4.040801495809669 obs_max= 0.7607214269089151
dist_min= tensor(120006.4797) dist_max= tensor(157.1970)
params_min,params_max=params_min,params_new
evaluating model at params_new={'a1': 2.309401076758503, 'a2': 2.5560386016907755, 'a3': 7.267439293304246}
params_min= {'a1': 2.309401076758503, 'a2': 2.5560386016907755, 'a3': 7.267439292887746} logZ_min= 4.040182247289663 obs_min= 0.6625218867213063
params_new= {'a1': 2.309401076758503, 'a2': 2.5560386016907755, 'a3': 7.267439293304246} logZ_new= 4.040726252473779 obs_new= 0.7478903238924774
params_max= {'a1': 2.309401076758503, 'a2': 2.5560386016907755, 'a3': 7.267439293720746} logZ_max= nan obs_max= 0.7494745752846945
dist_min= tensor(120005.7949) dist_max= tensor(156.7178)
params_min,params_max=params_min,params_new
evaluating model at params_new={'a1': 2.309401076758503, 'a2': 2.5560386016907755, 'a3': 7.267439293095996}
params_min= {'a1': 2.309401076758503, 'a2': 2.5560386016907755, 'a3': 7.267439292887746} logZ_min= 4.040182247289663 obs_min= 0.6625218867213063
params_new= {'a1': 2.309401076758503, 'a2': 2.5560386016907755, 'a3': 7.267439293095996} logZ_new= 4.040828988025129 obs_new= 0.7642211388203765
params_max= {'a1': 2.309401076758503, 'a2': 2.5560386016907755, 'a3': 7.267439293304246} logZ_max= 4.040726252473779 obs_max= 0.7478903238924774
dist_min= tensor(120005.7949) dist_max= tensor(0.3395)
params_min,params_max=params_min,params_new
evaluating model at params_new={'a1': 2.309401076758503, 'a2': 2.5560386016907755, 'a3': 7.26743929299187}
params_min= {'a1': 2.309401076758503, 'a2': 2.5560386016907755, 'a3': 7.267439292887746} logZ_min= 4.040182247289663 obs_min= 0.6625218867213063
params_new= {'a1': 2.309401076758503, 'a2': 2.5560386016907755, 'a3': 7.26743929299187} logZ_new= 4.040435059723623 obs_new= 0.6971917768540483
params_max= {'a1': 2.309401076758503, 'a2': 2.5560386016907755, 'a3': 7.267439293095996} logZ_max= 4.040828988025129 obs_max= 0.7642211388203765
dist_min= tensor(120006.4305) dist_max= tensor(1.4583)
params_min,params_max=params_min,params_new
evaluating model at params_new={'a1': 2.309401076758503, 'a2': 2.5560386016907755, 'a3': 7.267439292939808}
params_min= {'a1': 2.309401076758503, 'a2': 2.5560386016907755, 'a3': 7.267439292887746} logZ_min= 4.040182247289663 obs_min= 0.6625218867213063
params_new= {'a1': 2.309401076758503, 'a2': 2.5560386016907755, 'a3': 7.267439292939808} logZ_new= nan obs_new= 0.7546269975459157
params_max= {'a1': 2.309401076758503, 'a2': 2.5560386016907755, 'a3': 7.26743929299187} logZ_max= 4.040435059723623 obs_max= 0.6971917768540483
dist_min= tensor(120004.5950) dist_max= tensor(72.7462)
params_min,params_max=params_min,params_new
evaluating model at params_new={'a1': 2.309401076758503, 'a2': 2.5560386016907755, 'a3': 7.267439292913776}
params_min= {'a1': 2.309401076758503, 'a2': 2.5560386016907755, 'a3': 7.267439292887746} logZ_min= 4.040182247289663 obs_min= 0.6625218867213063
params_new= {'a1': 2.309401076758503, 'a2': 2.5560386016907755, 'a3': 7.267439292913776} logZ_new= 4.040828824936939 obs_new= 0.7651291772961022
params_max= {'a1': 2.309401076758503, 'a2': 2.5560386016907755, 'a3': 7.267439292939808} logZ_max= nan obs_max= 0.7546269975459157
dist_min= tensor(120006.0733) dist_max= tensor(114.7357)
params_min,params_max=params_min,params_new
evaluating model at params_new={'a1': 2.309401076758503, 'a2': 2.5560386016907755, 'a3': 7.267439292900761}
params_min= {'a1': 2.309401076758503, 'a2': 2.5560386016907755, 'a3': 7.267439292887746} logZ_min= 4.040182247289663 obs_min= 0.6625218867213063
params_new= {'a1': 2.309401076758503, 'a2': 2.5560386016907755, 'a3': 7.267439292900761} logZ_new= nan obs_new= 0.7549272681905336
params_max= {'a1': 2.309401076758503, 'a2': 2.5560386016907755, 'a3': 7.267439292913776} logZ_max= 4.040828824936939 obs_max= 0.7651291772961022
dist_min= tensor(120005.4542) dist_max= tensor(110.9848)
params_min,params_max=params_min,params_new
evaluating model at params_new={'a1': 2.309401076758503, 'a2': 2.5560386016907755, 'a3': 7.267439292894253}
params_min= {'a1': 2.309401076758503, 'a2': 2.5560386016907755, 'a3': 7.267439292887746} logZ_min= 4.040182247289663 obs_min= 0.6625218867213063
params_new= {'a1': 2.309401076758503, 'a2': 2.5560386016907755, 'a3': 7.267439292894253} logZ_new= nan obs_new= 0.7302266859100519
params_max= {'a1': 2.309401076758503, 'a2': 2.5560386016907755, 'a3': 7.267439292900761} logZ_max= nan obs_max= 0.7549272681905336
dist_min= tensor(120003.0523) dist_max= tensor(187.8023)
params_min,params_max=params_min,params_new
evaluating model at params_new={'a1': 2.309401076758503, 'a2': 2.5560386016907755, 'a3': 7.267439292891}
params_min= {'a1': 2.309401076758503, 'a2': 2.5560386016907755, 'a3': 7.267439292887746} logZ_min= 4.040182247289663 obs_min= 0.6625218867213063
params_new= {'a1': 2.309401076758503, 'a2': 2.5560386016907755, 'a3': 7.267439292891} logZ_new= 4.040691583884085 obs_new= 0.753082921020948
params_max= {'a1': 2.309401076758503, 'a2': 2.5560386016907755, 'a3': 7.267439292894253} logZ_max= nan obs_max= 0.7302266859100519
dist_min= tensor(119991.1804) dist_max= tensor(175.2071)
params_min,params_max=params_min,params_new
evaluating model at params_new={'a1': 2.309401076758503, 'a2': 2.5560386016907755, 'a3': 7.267439292889373}
params_min= {'a1': 2.309401076758503, 'a2': 2.5560386016907755, 'a3': 7.267439292887746} logZ_min= 4.040182247289663 obs_min= 0.6625218867213063
params_new= {'a1': 2.309401076758503, 'a2': 2.5560386016907755, 'a3': 7.267439292889373} logZ_new= nan obs_new= 0.7345813104934629
params_max= {'a1': 2.309401076758503, 'a2': 2.5560386016907755, 'a3': 7.267439292891} logZ_max= 4.040691583884085 obs_max= 0.753082921020948
dist_min= tensor(120006.4154) dist_max= tensor(26.4188)
params_min,params_max=params_min,params_new
evaluating model at params_new={'a1': 2.309401076758503, 'a2': 2.5560386016907755, 'a3': 7.267439292888559}
params_min= {'a1': 2.309401076758503, 'a2': 2.5560386016907755, 'a3': 7.267439292887746} logZ_min= 4.040182247289663 obs_min= 0.6625218867213063
params_new= {'a1': 2.309401076758503, 'a2': 2.5560386016907755, 'a3': 7.267439292888559} logZ_new= nan obs_new= 0.6649644645309418
params_max= {'a1': 2.309401076758503, 'a2': 2.5560386016907755, 'a3': 7.267439292889373} logZ_max= nan obs_max= 0.7345813104934629
dist_min= tensor(120005.4732) dist_max= tensor(20.2811)
params_min,params_max=params_min,params_new
evaluating model at params_new={'a1': 2.309401076758503, 'a2': 2.5560386016907755, 'a3': 7.267439292888152}
params_min= {'a1': 2.309401076758503, 'a2': 2.5560386016907755, 'a3': 7.267439292887746} logZ_min= 4.040182247289663 obs_min= 0.6625218867213063
params_new= {'a1': 2.309401076758503, 'a2': 2.5560386016907755, 'a3': 7.267439292888152} logZ_new= 4.040629505351368 obs_new= 0.7313985010474076
params_max= {'a1': 2.309401076758503, 'a2': 2.5560386016907755, 'a3': 7.267439292888559} logZ_max= nan obs_max= 0.6649644645309418
dist_min= tensor(120005.8618) dist_max= tensor(7.5309)
params_min,params_max=params_min,params_new
evaluating model at params_new={'a1': 2.309401076758503, 'a2': 2.5560386016907755, 'a3': 7.267439292887949}
params_min= {'a1': 2.309401076758503, 'a2': 2.5560386016907755, 'a3': 7.267439292887746} logZ_min= 4.040182247289663 obs_min= 0.6625218867213063
params_new= {'a1': 2.309401076758503, 'a2': 2.5560386016907755, 'a3': 7.267439292887949} logZ_new= nan obs_new= 0.7544886689680147
params_max= {'a1': 2.309401076758503, 'a2': 2.5560386016907755, 'a3': 7.267439292888152} logZ_max= 4.040629505351368 obs_max= 0.7313985010474076
dist_min= tensor(120007.0733) dist_max= tensor(361.0003)
params_min,params_max=params_min,params_new
evaluating model at params_new={'a1': 2.309401076758503, 'a2': 2.5560386016907755, 'a3': 7.267439292887847}
params_min= {'a1': 2.309401076758503, 'a2': 2.5560386016907755, 'a3': 7.267439292887746} logZ_min= 4.040182247289663 obs_min= 0.6625218867213063
params_new= {'a1': 2.309401076758503, 'a2': 2.5560386016907755, 'a3': 7.267439292887847} logZ_new= 4.040680802151851 obs_new= 0.7514112138252168
params_max= {'a1': 2.309401076758503, 'a2': 2.5560386016907755, 'a3': 7.267439292887949} logZ_max= nan obs_max= 0.7544886689680147
dist_min= tensor(119117.9355) dist_max= tensor(959.1054)
params_min,params_max=params_min,params_new
evaluating model at params_new={'a1': 2.309401076758503, 'a2': 2.5560386016907755, 'a3': 7.267439292887796}
params_min= {'a1': 2.309401076758503, 'a2': 2.5560386016907755, 'a3': 7.267439292887746} logZ_min= 4.040182247289663 obs_min= 0.6625218867213063
params_new= {'a1': 2.309401076758503, 'a2': 2.5560386016907755, 'a3': 7.267439292887796} logZ_new= nan obs_new= 0.7041018231790184
params_max= {'a1': 2.309401076758503, 'a2': 2.5560386016907755, 'a3': 7.267439292887847} logZ_max= 4.040680802151851 obs_max= 0.7514112138252168
dist_min= tensor(120006.6459) dist_max= tensor(888.8513)
params_min,params_max=params_min,params_new
evaluating model at params_new={'a1': 2.309401076758503, 'a2': 2.5560386016907755, 'a3': 7.2674392928877705}
params_min= {'a1': 2.309401076758503, 'a2': 2.5560386016907755, 'a3': 7.267439292887746} logZ_min= 4.040182247289663 obs_min= 0.6625218867213063
params_new= {'a1': 2.309401076758503, 'a2': 2.5560386016907755, 'a3': 7.2674392928877705} logZ_new= 4.040655332201353 obs_new= 0.7356686850990002
params_max= {'a1': 2.309401076758503, 'a2': 2.5560386016907755, 'a3': 7.267439292887796} logZ_max= nan obs_max= 0.7041018231790184
dist_min= tensor(120006.4409) dist_max= tensor(12.3792)
params_min,params_max=params_min,params_new
evaluating model at params_new={'a1': 2.309401076758503, 'a2': 2.5560386016907755, 'a3': 7.267439292887758}
params_min= {'a1': 2.309401076758503, 'a2': 2.5560386016907755, 'a3': 7.267439292887746} logZ_min= 4.040182247289663 obs_min= 0.6625218867213063
params_new= {'a1': 2.309401076758503, 'a2': 2.5560386016907755, 'a3': 7.267439292887758} logZ_new= 4.040677483476483 obs_new= 0.7508466529930209
params_max= {'a1': 2.309401076758503, 'a2': 2.5560386016907755, 'a3': 7.2674392928877705} logZ_max= 4.040655332201353 obs_max= 0.7356686850990002
dist_min= tensor(120006.4901) dist_max= tensor(113.6543)
params_min,params_max=params_min,params_new
evaluating model at params_new={'a1': 2.309401076758503, 'a2': 2.5560386016907755, 'a3': 7.267439292887752}
params_min= {'a1': 2.309401076758503, 'a2': 2.5560386016907755, 'a3': 7.267439292887746} logZ_min= 4.040182247289663 obs_min= 0.6625218867213063
params_new= {'a1': 2.309401076758503, 'a2': 2.5560386016907755, 'a3': 7.267439292887752} logZ_new= nan obs_new= 0.7128896293299593
params_max= {'a1': 2.309401076758503, 'a2': 2.5560386016907755, 'a3': 7.267439292887758} logZ_max= 4.040677483476483 obs_max= 0.7508466529930209
dist_min= tensor(120004.1070) dist_max= tensor(124.3914)
params_min,params_max=params_min,params_new
evaluating model at params_new={'a1': 2.309401076758503, 'a2': 2.5560386016907755, 'a3': 7.267439292887749}
params_min= {'a1': 2.309401076758503, 'a2': 2.5560386016907755, 'a3': 7.267439292887746} logZ_min= 4.040182247289663 obs_min= 0.6625218867213063
params_new= {'a1': 2.309401076758503, 'a2': 2.5560386016907755, 'a3': 7.267439292887749} logZ_new= 4.040727969328867 obs_new= 0.7478399086499683
params_max= {'a1': 2.309401076758503, 'a2': 2.5560386016907755, 'a3': 7.267439292887752} logZ_max= nan obs_max= 0.7128896293299593
dist_min= tensor(120005.7948) dist_max= tensor(51.6083)
params_min,params_max=params_min,params_new
evaluating model at params_new={'a1': 2.309401076758503, 'a2': 2.5560386016907755, 'a3': 7.267439292887747}
params_min= {'a1': 2.309401076758503, 'a2': 2.5560386016907755, 'a3': 7.267439292887746} logZ_min= 4.040182247289663 obs_min= 0.6625218867213063
params_new= {'a1': 2.309401076758503, 'a2': 2.5560386016907755, 'a3': 7.267439292887747} logZ_new= nan obs_new= 0.735391630381606
params_max= {'a1': 2.309401076758503, 'a2': 2.5560386016907755, 'a3': 7.267439292887749} logZ_max= 4.040727969328867 obs_max= 0.7478399086499683
dist_min= tensor(120006.4142) dist_max= tensor(1.7896)
params_min,params_max=params_min,params_new
evaluating model at params_new={'a1': 2.309401076758503, 'a2': 2.5560386016907755, 'a3': 7.2674392928877465}
params_min= {'a1': 2.309401076758503, 'a2': 2.5560386016907755, 'a3': 7.267439292887746} logZ_min= 4.040182247289663 obs_min= 0.6625218867213063
params_new= {'a1': 2.309401076758503, 'a2': 2.5560386016907755, 'a3': 7.2674392928877465} logZ_new= 4.040600452229179 obs_new= 0.7384997751668225
params_max= {'a1': 2.309401076758503, 'a2': 2.5560386016907755, 'a3': 7.267439292887747} logZ_max= nan obs_max= 0.735391630381606
dist_min= tensor(120005.8626) dist_max= tensor(41.6633)
params_min,params_max=params_min,params_new
critical params found:  {'a1': 2.309401076758503, 'a2': 2.5560386016907755, 'a3': 7.267439292887746}
reference params:  {'a1': 1.1547005383792515, 'a2': 1.8257418583505538, 'a3': 4.47213595499958}
file saved to  data/AKLT3D_X10_scan_grid_critical_a3/a1_2.3094011_a2_2.5560386/Tc.json
