Start running find_critical_temp.py with options:{'filename': 'data/AKLT3D_X10_scan_grid_critical_a3/a1_0.4618802_a2_0.7302967/Tc.json', 'log_filename': 'data/AKLT3D_X10_scan_grid_critical_a3/a1_0.4618802_a2_0.7302967/Tc.log', 'nLayers': 60, 'max_dim': 10, 'model': 'AKLT3D', 'params_min': "{'a1': 0.4618802153517006, 'a2': 0.7302967433402215, 'a3': 2.683281572999748}", 'params_max': "{'a1': 0.4618802153517006, 'a2': 0.7302967433402215, 'a3': 3.577708763999664}", 'params_ref': None, 'observable_name': 'magnetizationZ', 'tol': 0.0, 'gilt_enabled': False, 'gilt_eps': 8e-07, 'gilt_nIter': 1, 'mcf_enabled': True, 'mcf_eps': 1e-16, 'mcf_max_iter': 200, 'hotrg_sanity_check': False, 'version': 1, 'device': 'cuda:1'}
loading library...
evaluating model at params_min={'a1': 0.4618802153517006, 'a2': 0.7302967433402215, 'a3': 2.683281572999748}
params_min= {'a1': 0.4618802153517006, 'a2': 0.7302967433402215, 'a3': 2.683281572999748} logZ_min= 2.1715522475353572 obs_min= 1.670031730036823e-36
evaluating model at params_max={'a1': 0.4618802153517006, 'a2': 0.7302967433402215, 'a3': 3.577708763999664}
params_max= {'a1': 0.4618802153517006, 'a2': 0.7302967433402215, 'a3': 3.577708763999664} logZ_max= 2.5516632838231725 obs_max= 8.92756231017155
searching for critical temperature using bisection method
evaluating model at params_new={'a1': 0.4618802153517006, 'a2': 0.7302967433402215, 'a3': 3.130495168499706}
params_min= {'a1': 0.4618802153517006, 'a2': 0.7302967433402215, 'a3': 2.683281572999748} logZ_min= 2.1715522475353572 obs_min= 1.670031730036823e-36
params_new= {'a1': 0.4618802153517006, 'a2': 0.7302967433402215, 'a3': 3.130495168499706} logZ_new= 2.271838940553939 obs_new= 8.853403302394018
params_max= {'a1': 0.4618802153517006, 'a2': 0.7302967433402215, 'a3': 3.577708763999664} logZ_max= 2.5516632838231725 obs_max= 8.92756231017155
dist_min= tensor(292.7342) dist_max= tensor(11.3326)
params_min,params_max=params_min,params_new
evaluating model at params_new={'a1': 0.4618802153517006, 'a2': 0.7302967433402215, 'a3': 2.9068883707497273}
params_min= {'a1': 0.4618802153517006, 'a2': 0.7302967433402215, 'a3': 2.683281572999748} logZ_min= 2.1715522475353572 obs_min= 1.670031730036823e-36
params_new= {'a1': 0.4618802153517006, 'a2': 0.7302967433402215, 'a3': 2.9068883707497273} logZ_new= 2.13109751479891 obs_new= 8.084983550826506e-33
params_max= {'a1': 0.4618802153517006, 'a2': 0.7302967433402215, 'a3': 3.130495168499706} logZ_max= 2.271838940553939 obs_max= 8.853403302394018
dist_min= tensor(292.0491) dist_max= tensor(39.9737)
params_min,params_max=params_min,params_new
evaluating model at params_new={'a1': 0.4618802153517006, 'a2': 0.7302967433402215, 'a3': 2.7950849718747377}
params_min= {'a1': 0.4618802153517006, 'a2': 0.7302967433402215, 'a3': 2.683281572999748} logZ_min= 2.1715522475353572 obs_min= 1.670031730036823e-36
params_new= {'a1': 0.4618802153517006, 'a2': 0.7302967433402215, 'a3': 2.7950849718747377} logZ_new= 2.128363574388001 obs_new= 1.9630724186902953e-32
params_max= {'a1': 0.4618802153517006, 'a2': 0.7302967433402215, 'a3': 2.9068883707497273} logZ_max= 2.13109751479891 obs_max= 8.084983550826506e-33
dist_min= tensor(351.9816) dist_max= tensor(184.3661)
params_min,params_max=params_min,params_new
evaluating model at params_new={'a1': 0.4618802153517006, 'a2': 0.7302967433402215, 'a3': 2.739183272437243}
params_min= {'a1': 0.4618802153517006, 'a2': 0.7302967433402215, 'a3': 2.683281572999748} logZ_min= 2.1715522475353572 obs_min= 1.670031730036823e-36
params_new= {'a1': 0.4618802153517006, 'a2': 0.7302967433402215, 'a3': 2.739183272437243} logZ_new= 2.125646744188686 obs_new= 2.3625877812826984e-35
params_max= {'a1': 0.4618802153517006, 'a2': 0.7302967433402215, 'a3': 2.7950849718747377} logZ_max= 2.128363574388001 obs_max= 1.9630724186902953e-32
dist_min= tensor(293.3897) dist_max= tensor(234.6236)
params_min,params_max=params_min,params_new
evaluating model at params_new={'a1': 0.4618802153517006, 'a2': 0.7302967433402215, 'a3': 2.7112324227184956}
params_min= {'a1': 0.4618802153517006, 'a2': 0.7302967433402215, 'a3': 2.683281572999748} logZ_min= 2.1715522475353572 obs_min= 1.670031730036823e-36
params_new= {'a1': 0.4618802153517006, 'a2': 0.7302967433402215, 'a3': 2.7112324227184956} logZ_new= 2.1717578071382806 obs_new= 3.575982221748536e-34
params_max= {'a1': 0.4618802153517006, 'a2': 0.7302967433402215, 'a3': 2.739183272437243} logZ_max= 2.125646744188686 obs_max= 2.3625877812826984e-35
dist_min= tensor(25.8604) dist_max= tensor(310.6664)
params_min,params_max=params_new,params_max
evaluating model at params_new={'a1': 0.4618802153517006, 'a2': 0.7302967433402215, 'a3': 2.7252078475778694}
params_min= {'a1': 0.4618802153517006, 'a2': 0.7302967433402215, 'a3': 2.7112324227184956} logZ_min= 2.1717578071382806 obs_min= 3.575982221748536e-34
params_new= {'a1': 0.4618802153517006, 'a2': 0.7302967433402215, 'a3': 2.7252078475778694} logZ_new= nan obs_new= 1.7561593284746264e-33
params_max= {'a1': 0.4618802153517006, 'a2': 0.7302967433402215, 'a3': 2.739183272437243} logZ_max= 2.125646744188686 obs_max= 2.3625877812826984e-35
dist_min= tensor(393.4825) dist_max= tensor(241.9082)
params_min,params_max=params_min,params_new
evaluating model at params_new={'a1': 0.4618802153517006, 'a2': 0.7302967433402215, 'a3': 2.7182201351481825}
params_min= {'a1': 0.4618802153517006, 'a2': 0.7302967433402215, 'a3': 2.7112324227184956} logZ_min= 2.1717578071382806 obs_min= 3.575982221748536e-34
params_new= {'a1': 0.4618802153517006, 'a2': 0.7302967433402215, 'a3': 2.7182201351481825} logZ_new= 2.1684024006737905 obs_new= 9.110436280518809e-34
params_max= {'a1': 0.4618802153517006, 'a2': 0.7302967433402215, 'a3': 2.7252078475778694} logZ_max= nan obs_max= 1.7561593284746264e-33
dist_min= tensor(102.0673) dist_max= tensor(411.5916)
params_min,params_max=params_new,params_max
evaluating model at params_new={'a1': 0.4618802153517006, 'a2': 0.7302967433402215, 'a3': 2.7217139913630257}
params_min= {'a1': 0.4618802153517006, 'a2': 0.7302967433402215, 'a3': 2.7182201351481825} logZ_min= 2.1684024006737905 obs_min= 9.110436280518809e-34
params_new= {'a1': 0.4618802153517006, 'a2': 0.7302967433402215, 'a3': 2.7217139913630257} logZ_new= 2.1682238121938946 obs_new= 7.034402615863541e-33
params_max= {'a1': 0.4618802153517006, 'a2': 0.7302967433402215, 'a3': 2.7252078475778694} logZ_max= nan obs_max= 1.7561593284746264e-33
dist_min= tensor(12.8768) dist_max= tensor(409.7867)
params_min,params_max=params_new,params_max
evaluating model at params_new={'a1': 0.4618802153517006, 'a2': 0.7302967433402215, 'a3': 2.7234609194704475}
params_min= {'a1': 0.4618802153517006, 'a2': 0.7302967433402215, 'a3': 2.7217139913630257} logZ_min= 2.1682238121938946 obs_min= 7.034402615863541e-33
params_new= {'a1': 0.4618802153517006, 'a2': 0.7302967433402215, 'a3': 2.7234609194704475} logZ_new= nan obs_new= 2.4726429120117347e-33
params_max= {'a1': 0.4618802153517006, 'a2': 0.7302967433402215, 'a3': 2.7252078475778694} logZ_max= nan obs_max= 1.7561593284746264e-33
dist_min= tensor(337.9873) dist_max= tensor(250.9854)
params_min,params_max=params_min,params_new
evaluating model at params_new={'a1': 0.4618802153517006, 'a2': 0.7302967433402215, 'a3': 2.7225874554167366}
params_min= {'a1': 0.4618802153517006, 'a2': 0.7302967433402215, 'a3': 2.7217139913630257} logZ_min= 2.1682238121938946 obs_min= 7.034402615863541e-33
params_new= {'a1': 0.4618802153517006, 'a2': 0.7302967433402215, 'a3': 2.7225874554167366} logZ_new= 2.1253435815976243 obs_new= 5.397798365640384e-32
params_max= {'a1': 0.4618802153517006, 'a2': 0.7302967433402215, 'a3': 2.7234609194704475} logZ_max= nan obs_max= 2.4726429120117347e-33
dist_min= tensor(330.8894) dist_max= tensor(68.3981)
params_min,params_max=params_min,params_new
evaluating model at params_new={'a1': 0.4618802153517006, 'a2': 0.7302967433402215, 'a3': 2.7221507233898814}
params_min= {'a1': 0.4618802153517006, 'a2': 0.7302967433402215, 'a3': 2.7217139913630257} logZ_min= 2.1682238121938946 obs_min= 7.034402615863541e-33
params_new= {'a1': 0.4618802153517006, 'a2': 0.7302967433402215, 'a3': 2.7221507233898814} logZ_new= 2.1253262514399065 obs_new= 1.2153600019140073e-34
params_max= {'a1': 0.4618802153517006, 'a2': 0.7302967433402215, 'a3': 2.7225874554167366} logZ_max= 2.1253435815976243 obs_max= 5.397798365640384e-32
dist_min= tensor(330.8729) dist_max= tensor(1.1053)
params_min,params_max=params_min,params_new
evaluating model at params_new={'a1': 0.4618802153517006, 'a2': 0.7302967433402215, 'a3': 2.7219323573764536}
params_min= {'a1': 0.4618802153517006, 'a2': 0.7302967433402215, 'a3': 2.7217139913630257} logZ_min= 2.1682238121938946 obs_min= 7.034402615863541e-33
params_new= {'a1': 0.4618802153517006, 'a2': 0.7302967433402215, 'a3': 2.7219323573764536} logZ_new= nan obs_new= 8.202422919169862e-33
params_max= {'a1': 0.4618802153517006, 'a2': 0.7302967433402215, 'a3': 2.7221507233898814} logZ_max= 2.1253262514399065 obs_max= 1.2153600019140073e-34
dist_min= tensor(334.7175) dist_max= tensor(50.3793)
params_min,params_max=params_min,params_new
evaluating model at params_new={'a1': 0.4618802153517006, 'a2': 0.7302967433402215, 'a3': 2.7218231743697396}
params_min= {'a1': 0.4618802153517006, 'a2': 0.7302967433402215, 'a3': 2.7217139913630257} logZ_min= 2.1682238121938946 obs_min= 7.034402615863541e-33
params_new= {'a1': 0.4618802153517006, 'a2': 0.7302967433402215, 'a3': 2.7218231743697396} logZ_new= nan obs_new= 1.1333305838858656e-33
params_max= {'a1': 0.4618802153517006, 'a2': 0.7302967433402215, 'a3': 2.7219323573764536} logZ_max= nan obs_max= 8.202422919169862e-33
dist_min= tensor(3.2099) dist_max= tensor(334.6747)
params_min,params_max=params_new,params_max
evaluating model at params_new={'a1': 0.4618802153517006, 'a2': 0.7302967433402215, 'a3': 2.7218777658730966}
params_min= {'a1': 0.4618802153517006, 'a2': 0.7302967433402215, 'a3': 2.7218231743697396} logZ_min= nan obs_min= 1.1333305838858656e-33
params_new= {'a1': 0.4618802153517006, 'a2': 0.7302967433402215, 'a3': 2.7218777658730966} logZ_new= nan obs_new= 5.1245867669410344e-33
params_max= {'a1': 0.4618802153517006, 'a2': 0.7302967433402215, 'a3': 2.7219323573764536} logZ_max= nan obs_max= 8.202422919169862e-33
dist_min= tensor(332.4698) dist_max= tensor(61.0084)
params_min,params_max=params_min,params_new
evaluating model at params_new={'a1': 0.4618802153517006, 'a2': 0.7302967433402215, 'a3': 2.721850470121418}
params_min= {'a1': 0.4618802153517006, 'a2': 0.7302967433402215, 'a3': 2.7218231743697396} logZ_min= nan obs_min= 1.1333305838858656e-33
params_new= {'a1': 0.4618802153517006, 'a2': 0.7302967433402215, 'a3': 2.721850470121418} logZ_new= nan obs_new= 7.735772598178708e-32
params_max= {'a1': 0.4618802153517006, 'a2': 0.7302967433402215, 'a3': 2.7218777658730966} logZ_max= nan obs_max= 5.1245867669410344e-33
dist_min= tensor(336.4237) dist_max= tensor(69.1796)
params_min,params_max=params_min,params_new
evaluating model at params_new={'a1': 0.4618802153517006, 'a2': 0.7302967433402215, 'a3': 2.721836822245579}
params_min= {'a1': 0.4618802153517006, 'a2': 0.7302967433402215, 'a3': 2.7218231743697396} logZ_min= nan obs_min= 1.1333305838858656e-33
params_new= {'a1': 0.4618802153517006, 'a2': 0.7302967433402215, 'a3': 2.721836822245579} logZ_new= nan obs_new= 5.2612644410473385e-33
params_max= {'a1': 0.4618802153517006, 'a2': 0.7302967433402215, 'a3': 2.721850470121418} logZ_max= nan obs_max= 7.735772598178708e-32
dist_min= tensor(330.8590) dist_max= tensor(61.2689)
params_min,params_max=params_min,params_new
evaluating model at params_new={'a1': 0.4618802153517006, 'a2': 0.7302967433402215, 'a3': 2.7218299983076593}
params_min= {'a1': 0.4618802153517006, 'a2': 0.7302967433402215, 'a3': 2.7218231743697396} logZ_min= nan obs_min= 1.1333305838858656e-33
params_new= {'a1': 0.4618802153517006, 'a2': 0.7302967433402215, 'a3': 2.7218299983076593} logZ_new= 2.1683887780645428 obs_new= 1.1048595002539086e-33
params_max= {'a1': 0.4618802153517006, 'a2': 0.7302967433402215, 'a3': 2.721836822245579} logZ_max= nan obs_max= 5.2612644410473385e-33
dist_min= tensor(3.2031) dist_max= tensor(330.8477)
params_min,params_max=params_new,params_max
evaluating model at params_new={'a1': 0.4618802153517006, 'a2': 0.7302967433402215, 'a3': 2.721833410276619}
params_min= {'a1': 0.4618802153517006, 'a2': 0.7302967433402215, 'a3': 2.7218299983076593} logZ_min= 2.1683887780645428 obs_min= 1.1048595002539086e-33
params_new= {'a1': 0.4618802153517006, 'a2': 0.7302967433402215, 'a3': 2.721833410276619} logZ_new= 2.1253033699381874 obs_new= 1.32328115402286e-33
params_max= {'a1': 0.4618802153517006, 'a2': 0.7302967433402215, 'a3': 2.721836822245579} logZ_max= nan obs_max= 5.2612644410473385e-33
dist_min= tensor(330.8071) dist_max= tensor(5.4695)
params_min,params_max=params_min,params_new
evaluating model at params_new={'a1': 0.4618802153517006, 'a2': 0.7302967433402215, 'a3': 2.721831704292139}
params_min= {'a1': 0.4618802153517006, 'a2': 0.7302967433402215, 'a3': 2.7218299983076593} logZ_min= 2.1683887780645428 obs_min= 1.1048595002539086e-33
params_new= {'a1': 0.4618802153517006, 'a2': 0.7302967433402215, 'a3': 2.721831704292139} logZ_new= 2.125317882233817 obs_new= 2.3344038822752917e-32
params_max= {'a1': 0.4618802153517006, 'a2': 0.7302967433402215, 'a3': 2.721833410276619} logZ_max= 2.1253033699381874 obs_max= 1.32328115402286e-33
dist_min= tensor(5597.0120) dist_max= tensor(5587.2157)
params_min,params_max=params_min,params_new
evaluating model at params_new={'a1': 0.4618802153517006, 'a2': 0.7302967433402215, 'a3': 2.721830851299899}
params_min= {'a1': 0.4618802153517006, 'a2': 0.7302967433402215, 'a3': 2.7218299983076593} logZ_min= 2.1683887780645428 obs_min= 1.1048595002539086e-33
params_new= {'a1': 0.4618802153517006, 'a2': 0.7302967433402215, 'a3': 2.721830851299899} logZ_new= 2.168121541924345 obs_new= 7.893581626483079e-32
params_max= {'a1': 0.4618802153517006, 'a2': 0.7302967433402215, 'a3': 2.721831704292139} logZ_max= 2.125317882233817 obs_max= 2.3344038822752917e-32
dist_min= tensor(0.8569) dist_max= tensor(5597.0086)
params_min,params_max=params_new,params_max
evaluating model at params_new={'a1': 0.4618802153517006, 'a2': 0.7302967433402215, 'a3': 2.721831277796019}
params_min= {'a1': 0.4618802153517006, 'a2': 0.7302967433402215, 'a3': 2.721830851299899} logZ_min= 2.168121541924345 obs_min= 7.893581626483079e-32
params_new= {'a1': 0.4618802153517006, 'a2': 0.7302967433402215, 'a3': 2.721831277796019} logZ_new= 2.1686697644459096 obs_new= 3.743825393895939e-33
params_max= {'a1': 0.4618802153517006, 'a2': 0.7302967433402215, 'a3': 2.721831704292139} logZ_max= 2.125317882233817 obs_max= 2.3344038822752917e-32
dist_min= tensor(32.3485) dist_max= tensor(5597.8700)
params_min,params_max=params_new,params_max
evaluating model at params_new={'a1': 0.4618802153517006, 'a2': 0.7302967433402215, 'a3': 2.721831491044079}
params_min= {'a1': 0.4618802153517006, 'a2': 0.7302967433402215, 'a3': 2.721831277796019} logZ_min= 2.1686697644459096 obs_min= 3.743825393895939e-33
params_new= {'a1': 0.4618802153517006, 'a2': 0.7302967433402215, 'a3': 2.721831491044079} logZ_new= nan obs_new= 2.2647557655202604e-33
params_max= {'a1': 0.4618802153517006, 'a2': 0.7302967433402215, 'a3': 2.721831704292139} logZ_max= 2.125317882233817 obs_max= 2.3344038822752917e-32
dist_min= tensor(30.0900) dist_max= tensor(5597.5570)
params_min,params_max=params_new,params_max
evaluating model at params_new={'a1': 0.4618802153517006, 'a2': 0.7302967433402215, 'a3': 2.721831597668109}
params_min= {'a1': 0.4618802153517006, 'a2': 0.7302967433402215, 'a3': 2.721831491044079} logZ_min= nan obs_min= 2.2647557655202604e-33
params_new= {'a1': 0.4618802153517006, 'a2': 0.7302967433402215, 'a3': 2.721831597668109} logZ_new= 2.125310442275652 obs_new= 5.109865013899908e-33
params_max= {'a1': 0.4618802153517006, 'a2': 0.7302967433402215, 'a3': 2.721831704292139} logZ_max= 2.125317882233817 obs_max= 2.3344038822752917e-32
dist_min= tensor(330.8513) dist_max= tensor(5587.1989)
params_min,params_max=params_new,params_max
evaluating model at params_new={'a1': 0.4618802153517006, 'a2': 0.7302967433402215, 'a3': 2.721831650980124}
params_min= {'a1': 0.4618802153517006, 'a2': 0.7302967433402215, 'a3': 2.721831597668109} logZ_min= 2.125310442275652 obs_min= 5.109865013899908e-33
params_new= {'a1': 0.4618802153517006, 'a2': 0.7302967433402215, 'a3': 2.721831650980124} logZ_new= 2.12514321210773 obs_new= 2.707592409486389e-33
params_max= {'a1': 0.4618802153517006, 'a2': 0.7302967433402215, 'a3': 2.721831704292139} logZ_max= 2.125317882233817 obs_max= 2.3344038822752917e-32
dist_min= tensor(6462.4469) dist_max= tensor(8431.2921)
params_min,params_max=params_new,params_max
evaluating model at params_new={'a1': 0.4618802153517006, 'a2': 0.7302967433402215, 'a3': 2.7218316776361315}
params_min= {'a1': 0.4618802153517006, 'a2': 0.7302967433402215, 'a3': 2.721831650980124} logZ_min= 2.12514321210773 obs_min= 2.707592409486389e-33
params_new= {'a1': 0.4618802153517006, 'a2': 0.7302967433402215, 'a3': 2.7218316776361315} logZ_new= 2.1253052075808596 obs_new= 1.1879758717163998e-33
params_max= {'a1': 0.4618802153517006, 'a2': 0.7302967433402215, 'a3': 2.721831704292139} logZ_max= 2.125317882233817 obs_max= 2.3344038822752917e-32
dist_min= tensor(6462.4464) dist_max= tensor(5587.1986)
params_min,params_max=params_min,params_new
evaluating model at params_new={'a1': 0.4618802153517006, 'a2': 0.7302967433402215, 'a3': 2.7218316643081275}
params_min= {'a1': 0.4618802153517006, 'a2': 0.7302967433402215, 'a3': 2.721831650980124} logZ_min= 2.12514321210773 obs_min= 2.707592409486389e-33
params_new= {'a1': 0.4618802153517006, 'a2': 0.7302967433402215, 'a3': 2.7218316643081275} logZ_new= nan obs_new= 1.0089611743602634e-32
params_max= {'a1': 0.4618802153517006, 'a2': 0.7302967433402215, 'a3': 2.7218316776361315} logZ_max= 2.1253052075808596 obs_max= 1.1879758717163998e-33
dist_min= tensor(6101.9877) dist_max= tensor(361.4054)
params_min,params_max=params_min,params_new
evaluating model at params_new={'a1': 0.4618802153517006, 'a2': 0.7302967433402215, 'a3': 2.7218316576441257}
params_min= {'a1': 0.4618802153517006, 'a2': 0.7302967433402215, 'a3': 2.721831650980124} logZ_min= 2.12514321210773 obs_min= 2.707592409486389e-33
params_new= {'a1': 0.4618802153517006, 'a2': 0.7302967433402215, 'a3': 2.7218316576441257} logZ_new= 2.125332203797996 obs_new= 4.61335052120638e-34
params_max= {'a1': 0.4618802153517006, 'a2': 0.7302967433402215, 'a3': 2.7218316643081275} logZ_max= nan obs_max= 1.0089611743602634e-32
dist_min= tensor(6461.4364) dist_max= tensor(361.1706)
params_min,params_max=params_min,params_new
evaluating model at params_new={'a1': 0.4618802153517006, 'a2': 0.7302967433402215, 'a3': 2.721831654312125}
params_min= {'a1': 0.4618802153517006, 'a2': 0.7302967433402215, 'a3': 2.721831650980124} logZ_min= 2.12514321210773 obs_min= 2.707592409486389e-33
params_new= {'a1': 0.4618802153517006, 'a2': 0.7302967433402215, 'a3': 2.721831654312125} logZ_new= 2.1253350311975483 obs_new= 3.5139075469389254e-33
params_max= {'a1': 0.4618802153517006, 'a2': 0.7302967433402215, 'a3': 2.7218316576441257} logZ_max= 2.125332203797996 obs_max= 4.61335052120638e-34
dist_min= tensor(7115.7224) dist_max= tensor(2976.8307)
params_min,params_max=params_min,params_new
evaluating model at params_new={'a1': 0.4618802153517006, 'a2': 0.7302967433402215, 'a3': 2.7218316526461246}
params_min= {'a1': 0.4618802153517006, 'a2': 0.7302967433402215, 'a3': 2.721831650980124} logZ_min= 2.12514321210773 obs_min= 2.707592409486389e-33
params_new= {'a1': 0.4618802153517006, 'a2': 0.7302967433402215, 'a3': 2.7218316526461246} logZ_new= 2.125334924037384 obs_new= 5.3802624457963864e-33
params_max= {'a1': 0.4618802153517006, 'a2': 0.7302967433402215, 'a3': 2.721831654312125} logZ_max= 2.1253350311975483 obs_max= 3.5139075469389254e-33
dist_min= tensor(6463.1769) dist_max= tensor(2980.1282)
params_min,params_max=params_min,params_new
evaluating model at params_new={'a1': 0.4618802153517006, 'a2': 0.7302967433402215, 'a3': 2.7218316518131243}
params_min= {'a1': 0.4618802153517006, 'a2': 0.7302967433402215, 'a3': 2.721831650980124} logZ_min= 2.12514321210773 obs_min= 2.707592409486389e-33
params_new= {'a1': 0.4618802153517006, 'a2': 0.7302967433402215, 'a3': 2.7218316518131243} logZ_new= 2.125305678294791 obs_new= 1.4136100828951968e-35
params_max= {'a1': 0.4618802153517006, 'a2': 0.7302967433402215, 'a3': 2.7218316526461246} logZ_max= 2.125334924037384 obs_max= 5.3802624457963864e-33
dist_min= tensor(6771.0365) dist_max= tensor(1994.0827)
params_min,params_max=params_min,params_new
evaluating model at params_new={'a1': 0.4618802153517006, 'a2': 0.7302967433402215, 'a3': 2.721831651396624}
params_min= {'a1': 0.4618802153517006, 'a2': 0.7302967433402215, 'a3': 2.721831650980124} logZ_min= 2.12514321210773 obs_min= 2.707592409486389e-33
params_new= {'a1': 0.4618802153517006, 'a2': 0.7302967433402215, 'a3': 2.721831651396624} logZ_new= nan obs_new= 4.727845447243288e-34
params_max= {'a1': 0.4618802153517006, 'a2': 0.7302967433402215, 'a3': 2.7218316518131243} logZ_max= 2.125305678294791 obs_max= 1.4136100828951968e-35
dist_min= tensor(6463.0944) dist_max= tensor(2014.0075)
params_min,params_max=params_min,params_new
evaluating model at params_new={'a1': 0.4618802153517006, 'a2': 0.7302967433402215, 'a3': 2.7218316511883742}
params_min= {'a1': 0.4618802153517006, 'a2': 0.7302967433402215, 'a3': 2.721831650980124} logZ_min= 2.12514321210773 obs_min= 2.707592409486389e-33
params_new= {'a1': 0.4618802153517006, 'a2': 0.7302967433402215, 'a3': 2.7218316511883742} logZ_new= nan obs_new= 3.3058133648546804e-33
params_max= {'a1': 0.4618802153517006, 'a2': 0.7302967433402215, 'a3': 2.721831651396624} logZ_max= nan obs_max= 4.727845447243288e-34
dist_min= tensor(6463.7105) dist_max= tensor(84.8729)
params_min,params_max=params_min,params_new
evaluating model at params_new={'a1': 0.4618802153517006, 'a2': 0.7302967433402215, 'a3': 2.721831651084249}
params_min= {'a1': 0.4618802153517006, 'a2': 0.7302967433402215, 'a3': 2.721831650980124} logZ_min= 2.12514321210773 obs_min= 2.707592409486389e-33
params_new= {'a1': 0.4618802153517006, 'a2': 0.7302967433402215, 'a3': 2.721831651084249} logZ_new= nan obs_new= 3.2036477333452385e-34
params_max= {'a1': 0.4618802153517006, 'a2': 0.7302967433402215, 'a3': 2.7218316511883742} logZ_max= nan obs_max= 3.3058133648546804e-33
dist_min= tensor(6468.4644) dist_max= tensor(174.4602)
params_min,params_max=params_min,params_new
evaluating model at params_new={'a1': 0.4618802153517006, 'a2': 0.7302967433402215, 'a3': 2.7218316510321863}
params_min= {'a1': 0.4618802153517006, 'a2': 0.7302967433402215, 'a3': 2.721831650980124} logZ_min= 2.12514321210773 obs_min= 2.707592409486389e-33
params_new= {'a1': 0.4618802153517006, 'a2': 0.7302967433402215, 'a3': 2.7218316510321863} logZ_new= nan obs_new= 4.2089479365485897e-36
params_max= {'a1': 0.4618802153517006, 'a2': 0.7302967433402215, 'a3': 2.721831651084249} logZ_max= nan obs_max= 3.2036477333452385e-34
dist_min= tensor(6463.1112) dist_max= tensor(258.9614)
params_min,params_max=params_min,params_new
evaluating model at params_new={'a1': 0.4618802153517006, 'a2': 0.7302967433402215, 'a3': 2.721831651006155}
params_min= {'a1': 0.4618802153517006, 'a2': 0.7302967433402215, 'a3': 2.721831650980124} logZ_min= 2.12514321210773 obs_min= 2.707592409486389e-33
params_new= {'a1': 0.4618802153517006, 'a2': 0.7302967433402215, 'a3': 2.721831651006155} logZ_new= nan obs_new= 7.882623660694543e-35
params_max= {'a1': 0.4618802153517006, 'a2': 0.7302967433402215, 'a3': 2.7218316510321863} logZ_max= nan obs_max= 4.2089479365485897e-36
dist_min= tensor(6463.1139) dist_max= tensor(23.0082)
params_min,params_max=params_min,params_new
evaluating model at params_new={'a1': 0.4618802153517006, 'a2': 0.7302967433402215, 'a3': 2.7218316509931393}
params_min= {'a1': 0.4618802153517006, 'a2': 0.7302967433402215, 'a3': 2.721831650980124} logZ_min= 2.12514321210773 obs_min= 2.707592409486389e-33
params_new= {'a1': 0.4618802153517006, 'a2': 0.7302967433402215, 'a3': 2.7218316509931393} logZ_new= 2.125313979937209 obs_new= 7.773208945782799e-34
params_max= {'a1': 0.4618802153517006, 'a2': 0.7302967433402215, 'a3': 2.721831651006155} logZ_max= nan obs_max= 7.882623660694543e-35
dist_min= tensor(6463.3629) dist_max= tensor(61.2134)
params_min,params_max=params_min,params_new
evaluating model at params_new={'a1': 0.4618802153517006, 'a2': 0.7302967433402215, 'a3': 2.7218316509866316}
params_min= {'a1': 0.4618802153517006, 'a2': 0.7302967433402215, 'a3': 2.721831650980124} logZ_min= 2.12514321210773 obs_min= 2.707592409486389e-33
params_new= {'a1': 0.4618802153517006, 'a2': 0.7302967433402215, 'a3': 2.7218316509866316} logZ_new= 2.125318075884617 obs_new= 5.179676825871437e-32
params_max= {'a1': 0.4618802153517006, 'a2': 0.7302967433402215, 'a3': 2.7218316509931393} logZ_max= 2.125313979937209 obs_max= 7.773208945782799e-34
dist_min= tensor(6462.6769) dist_max= tensor(58.6991)
params_min,params_max=params_min,params_new
evaluating model at params_new={'a1': 0.4618802153517006, 'a2': 0.7302967433402215, 'a3': 2.7218316509833778}
params_min= {'a1': 0.4618802153517006, 'a2': 0.7302967433402215, 'a3': 2.721831650980124} logZ_min= 2.12514321210773 obs_min= 2.707592409486389e-33
params_new= {'a1': 0.4618802153517006, 'a2': 0.7302967433402215, 'a3': 2.7218316509833778} logZ_new= 2.125073144630758 obs_new= 2.602555739114035e-33
params_max= {'a1': 0.4618802153517006, 'a2': 0.7302967433402215, 'a3': 2.7218316509866316} logZ_max= 2.125318075884617 obs_max= 5.179676825871437e-32
dist_min= tensor(6465.5959) dist_max= tensor(184.0636)
params_min,params_max=params_min,params_new
evaluating model at params_new={'a1': 0.4618802153517006, 'a2': 0.7302967433402215, 'a3': 2.721831650981751}
params_min= {'a1': 0.4618802153517006, 'a2': 0.7302967433402215, 'a3': 2.721831650980124} logZ_min= 2.12514321210773 obs_min= 2.707592409486389e-33
params_new= {'a1': 0.4618802153517006, 'a2': 0.7302967433402215, 'a3': 2.721831650981751} logZ_new= 2.1253147750946404 obs_new= 4.9330881266699424e-34
params_max= {'a1': 0.4618802153517006, 'a2': 0.7302967433402215, 'a3': 2.7218316509833778} logZ_max= 2.125073144630758 obs_max= 2.602555739114035e-33
dist_min= tensor(6462.4423) dist_max= tensor(184.0494)
params_min,params_max=params_min,params_new
evaluating model at params_new={'a1': 0.4618802153517006, 'a2': 0.7302967433402215, 'a3': 2.7218316509809375}
params_min= {'a1': 0.4618802153517006, 'a2': 0.7302967433402215, 'a3': 2.721831650980124} logZ_min= 2.12514321210773 obs_min= 2.707592409486389e-33
params_new= {'a1': 0.4618802153517006, 'a2': 0.7302967433402215, 'a3': 2.7218316509809375} logZ_new= nan obs_new= 1.0193482596387375e-33
params_max= {'a1': 0.4618802153517006, 'a2': 0.7302967433402215, 'a3': 2.721831650981751} logZ_max= 2.1253147750946404 obs_max= 4.9330881266699424e-34
dist_min= tensor(6462.1008) dist_max= tensor(18.5367)
params_min,params_max=params_min,params_new
evaluating model at params_new={'a1': 0.4618802153517006, 'a2': 0.7302967433402215, 'a3': 2.7218316509805307}
params_min= {'a1': 0.4618802153517006, 'a2': 0.7302967433402215, 'a3': 2.721831650980124} logZ_min= 2.12514321210773 obs_min= 2.707592409486389e-33
params_new= {'a1': 0.4618802153517006, 'a2': 0.7302967433402215, 'a3': 2.7218316509805307} logZ_new= 2.125304568142195 obs_new= 1.968224837805435e-31
params_max= {'a1': 0.4618802153517006, 'a2': 0.7302967433402215, 'a3': 2.7218316509809375} logZ_max= nan obs_max= 1.0193482596387375e-33
dist_min= tensor(6462.6014) dist_max= tensor(18.6786)
params_min,params_max=params_min,params_new
evaluating model at params_new={'a1': 0.4618802153517006, 'a2': 0.7302967433402215, 'a3': 2.7218316509803273}
params_min= {'a1': 0.4618802153517006, 'a2': 0.7302967433402215, 'a3': 2.721831650980124} logZ_min= 2.12514321210773 obs_min= 2.707592409486389e-33
params_new= {'a1': 0.4618802153517006, 'a2': 0.7302967433402215, 'a3': 2.7218316509803273} logZ_new= 2.125319440262856 obs_new= 6.270540166706004e-32
params_max= {'a1': 0.4618802153517006, 'a2': 0.7302967433402215, 'a3': 2.7218316509805307} logZ_max= 2.125304568142195 obs_max= 1.968224837805435e-31
dist_min= tensor(6473.2053) dist_max= tensor(362.4959)
params_min,params_max=params_min,params_new
evaluating model at params_new={'a1': 0.4618802153517006, 'a2': 0.7302967433402215, 'a3': 2.7218316509802256}
params_min= {'a1': 0.4618802153517006, 'a2': 0.7302967433402215, 'a3': 2.721831650980124} logZ_min= 2.12514321210773 obs_min= 2.707592409486389e-33
params_new= {'a1': 0.4618802153517006, 'a2': 0.7302967433402215, 'a3': 2.7218316509802256} logZ_new= nan obs_new= 2.1936836665248323e-32
params_max= {'a1': 0.4618802153517006, 'a2': 0.7302967433402215, 'a3': 2.7218316509803273} logZ_max= 2.125319440262856 obs_max= 6.270540166706004e-32
dist_min= tensor(6415.8992) dist_max= tensor(366.2194)
params_min,params_max=params_min,params_new
evaluating model at params_new={'a1': 0.4618802153517006, 'a2': 0.7302967433402215, 'a3': 2.7218316509801745}
params_min= {'a1': 0.4618802153517006, 'a2': 0.7302967433402215, 'a3': 2.721831650980124} logZ_min= 2.12514321210773 obs_min= 2.707592409486389e-33
params_new= {'a1': 0.4618802153517006, 'a2': 0.7302967433402215, 'a3': 2.7218316509801745} logZ_new= 2.125321260815494 obs_new= 2.4983708051966353e-32
params_max= {'a1': 0.4618802153517006, 'a2': 0.7302967433402215, 'a3': 2.7218316509802256} logZ_max= nan obs_max= 2.1936836665248323e-32
dist_min= tensor(6448.5397) dist_max= tensor(102.8142)
params_min,params_max=params_min,params_new
evaluating model at params_new={'a1': 0.4618802153517006, 'a2': 0.7302967433402215, 'a3': 2.7218316509801492}
params_min= {'a1': 0.4618802153517006, 'a2': 0.7302967433402215, 'a3': 2.721831650980124} logZ_min= 2.12514321210773 obs_min= 2.707592409486389e-33
params_new= {'a1': 0.4618802153517006, 'a2': 0.7302967433402215, 'a3': 2.7218316509801492} logZ_new= 2.125332066474924 obs_new= 4.154003707172789e-32
params_max= {'a1': 0.4618802153517006, 'a2': 0.7302967433402215, 'a3': 2.7218316509801745} logZ_max= 2.125321260815494 obs_max= 2.4983708051966353e-32
dist_min= tensor(7225.7537) dist_max= tensor(3232.7515)
params_min,params_max=params_min,params_new
evaluating model at params_new={'a1': 0.4618802153517006, 'a2': 0.7302967433402215, 'a3': 2.7218316509801364}
params_min= {'a1': 0.4618802153517006, 'a2': 0.7302967433402215, 'a3': 2.721831650980124} logZ_min= 2.12514321210773 obs_min= 2.707592409486389e-33
params_new= {'a1': 0.4618802153517006, 'a2': 0.7302967433402215, 'a3': 2.7218316509801364} logZ_new= 2.125318114732586 obs_new= 6.040977963055055e-34
params_max= {'a1': 0.4618802153517006, 'a2': 0.7302967433402215, 'a3': 2.7218316509801492} logZ_max= 2.125332066474924 obs_max= 4.154003707172789e-32
dist_min= tensor(6468.6062) dist_max= tensor(3241.1193)
params_min,params_max=params_min,params_new
evaluating model at params_new={'a1': 0.4618802153517006, 'a2': 0.7302967433402215, 'a3': 2.72183165098013}
params_min= {'a1': 0.4618802153517006, 'a2': 0.7302967433402215, 'a3': 2.721831650980124} logZ_min= 2.12514321210773 obs_min= 2.707592409486389e-33
params_new= {'a1': 0.4618802153517006, 'a2': 0.7302967433402215, 'a3': 2.72183165098013} logZ_new= 2.1253067213432244 obs_new= 3.0150592427994664e-33
params_max= {'a1': 0.4618802153517006, 'a2': 0.7302967433402215, 'a3': 2.7218316509801364} logZ_max= 2.125318114732586 obs_max= 6.040977963055055e-34
dist_min= tensor(6462.4461) dist_max= tensor(274.6756)
params_min,params_max=params_min,params_new
evaluating model at params_new={'a1': 0.4618802153517006, 'a2': 0.7302967433402215, 'a3': 2.721831650980127}
params_min= {'a1': 0.4618802153517006, 'a2': 0.7302967433402215, 'a3': 2.721831650980124} logZ_min= 2.12514321210773 obs_min= 2.707592409486389e-33
params_new= {'a1': 0.4618802153517006, 'a2': 0.7302967433402215, 'a3': 2.721831650980127} logZ_new= nan obs_new= 2.9037242801013968e-34
params_max= {'a1': 0.4618802153517006, 'a2': 0.7302967433402215, 'a3': 2.72183165098013} logZ_max= 2.1253067213432244 obs_max= 3.0150592427994664e-33
dist_min= tensor(6463.1136) dist_max= tensor(18.7305)
params_min,params_max=params_min,params_new
evaluating model at params_new={'a1': 0.4618802153517006, 'a2': 0.7302967433402215, 'a3': 2.7218316509801257}
params_min= {'a1': 0.4618802153517006, 'a2': 0.7302967433402215, 'a3': 2.721831650980124} logZ_min= 2.12514321210773 obs_min= 2.707592409486389e-33
params_new= {'a1': 0.4618802153517006, 'a2': 0.7302967433402215, 'a3': 2.7218316509801257} logZ_new= 2.1253096216447456 obs_new= 1.1916283791004393e-32
params_max= {'a1': 0.4618802153517006, 'a2': 0.7302967433402215, 'a3': 2.721831650980127} logZ_max= nan obs_max= 2.9037242801013968e-34
dist_min= tensor(6462.4449) dist_max= tensor(18.7390)
params_min,params_max=params_min,params_new
evaluating model at params_new={'a1': 0.4618802153517006, 'a2': 0.7302967433402215, 'a3': 2.721831650980125}
params_min= {'a1': 0.4618802153517006, 'a2': 0.7302967433402215, 'a3': 2.721831650980124} logZ_min= 2.12514321210773 obs_min= 2.707592409486389e-33
params_new= {'a1': 0.4618802153517006, 'a2': 0.7302967433402215, 'a3': 2.721831650980125} logZ_new= nan obs_new= 1.781055011352659e-33
params_max= {'a1': 0.4618802153517006, 'a2': 0.7302967433402215, 'a3': 2.7218316509801257} logZ_max= 2.1253096216447456 obs_max= 1.1916283791004393e-32
dist_min= tensor(6463.0969) dist_max= tensor(6.5571)
params_min,params_max=params_min,params_new
evaluating model at params_new={'a1': 0.4618802153517006, 'a2': 0.7302967433402215, 'a3': 2.7218316509801244}
params_min= {'a1': 0.4618802153517006, 'a2': 0.7302967433402215, 'a3': 2.721831650980124} logZ_min= 2.12514321210773 obs_min= 2.707592409486389e-33
params_new= {'a1': 0.4618802153517006, 'a2': 0.7302967433402215, 'a3': 2.7218316509801244} logZ_new= 2.12531405993071 obs_new= 3.1967861311882634e-32
params_max= {'a1': 0.4618802153517006, 'a2': 0.7302967433402215, 'a3': 2.721831650980125} logZ_max= nan obs_max= 1.781055011352659e-33
dist_min= tensor(6462.4462) dist_max= tensor(6.5295)
params_min,params_max=params_min,params_new
critical params found:  {'a1': 0.4618802153517006, 'a2': 0.7302967433402215, 'a3': 2.721831650980124}
reference params:  {'a1': 1.1547005383792515, 'a2': 1.8257418583505538, 'a3': 4.47213595499958}
file saved to  data/AKLT3D_X10_scan_grid_critical_a3/a1_0.4618802_a2_0.7302967/Tc.json
