Start running find_critical_temp.py with options:{'filename': 'data/AKLT3D_X10_scan_grid_critical_a3/a1_2.0784610_a2_0.7302967/Tc.json', 'log_filename': 'data/AKLT3D_X10_scan_grid_critical_a3/a1_2.0784610_a2_0.7302967/Tc.log', 'nLayers': 60, 'max_dim': 10, 'model': 'AKLT3D', 'params_min': "{'a1': 2.0784609690826525, 'a2': 0.7302967433402215, 'a3': 6.260990336999412}", 'params_max': "{'a1': 2.0784609690826525, 'a2': 0.7302967433402215, 'a3': 7.155417527999328}", 'params_ref': None, 'observable_name': 'magnetizationZ', 'tol': 0.0, 'gilt_enabled': False, 'gilt_eps': 8e-07, 'gilt_nIter': 1, 'mcf_enabled': True, 'mcf_eps': 1e-16, 'mcf_max_iter': 200, 'hotrg_sanity_check': False, 'version': 1, 'device': 'cuda:1'}
loading library...
evaluating model at params_min={'a1': 2.0784609690826525, 'a2': 0.7302967433402215, 'a3': 6.260990336999412}
params_min= {'a1': 2.0784609690826525, 'a2': 0.7302967433402215, 'a3': 6.260990336999412} logZ_min= 3.6511569569793334 obs_min= 3.0652412024979968e-33
evaluating model at params_max={'a1': 2.0784609690826525, 'a2': 0.7302967433402215, 'a3': 7.155417527999328}
params_max= {'a1': 2.0784609690826525, 'a2': 0.7302967433402215, 'a3': 7.155417527999328} logZ_max= 3.932925749103741 obs_max= 8.983222481477142
searching for critical temperature using bisection method
evaluating model at params_new={'a1': 2.0784609690826525, 'a2': 0.7302967433402215, 'a3': 6.708203932499369}
params_min= {'a1': 2.0784609690826525, 'a2': 0.7302967433402215, 'a3': 6.260990336999412} logZ_min= 3.6511569569793334 obs_min= 3.0652412024979968e-33
params_new= {'a1': 2.0784609690826525, 'a2': 0.7302967433402215, 'a3': 6.708203932499369} logZ_new= 3.800362619533156 obs_new= 8.9704202497618
params_max= {'a1': 2.0784609690826525, 'a2': 0.7302967433402215, 'a3': 7.155417527999328} logZ_max= 3.932925749103741 obs_max= 8.983222481477142
dist_min= tensor(6.6611) dist_max= tensor(6.5889)
params_min,params_max=params_min,params_new
evaluating model at params_new={'a1': 2.0784609690826525, 'a2': 0.7302967433402215, 'a3': 6.484597134749391}
params_min= {'a1': 2.0784609690826525, 'a2': 0.7302967433402215, 'a3': 6.260990336999412} logZ_min= 3.6511569569793334 obs_min= 3.0652412024979968e-33
params_new= {'a1': 2.0784609690826525, 'a2': 0.7302967433402215, 'a3': 6.484597134749391} logZ_new= 3.726818952816262 obs_new= 8.908783079811306
params_max= {'a1': 2.0784609690826525, 'a2': 0.7302967433402215, 'a3': 6.708203932499369} logZ_max= 3.800362619533156 obs_max= 8.9704202497618
dist_min= tensor(2.5094) dist_max= tensor(5.5986)
params_min,params_max=params_new,params_max
evaluating model at params_new={'a1': 2.0784609690826525, 'a2': 0.7302967433402215, 'a3': 6.59640053362438}
params_min= {'a1': 2.0784609690826525, 'a2': 0.7302967433402215, 'a3': 6.484597134749391} logZ_min= 3.726818952816262 obs_min= 8.908783079811306
params_new= {'a1': 2.0784609690826525, 'a2': 0.7302967433402215, 'a3': 6.59640053362438} logZ_new= 3.7653532333620525 obs_new= 8.964666322616052
params_max= {'a1': 2.0784609690826525, 'a2': 0.7302967433402215, 'a3': 6.708203932499369} logZ_max= 3.800362619533156 obs_max= 8.9704202497618
dist_min= tensor(4.2192) dist_max= tensor(2.2177)
params_min,params_max=params_min,params_new
evaluating model at params_new={'a1': 2.0784609690826525, 'a2': 0.7302967433402215, 'a3': 6.540498834186886}
params_min= {'a1': 2.0784609690826525, 'a2': 0.7302967433402215, 'a3': 6.484597134749391} logZ_min= 3.726818952816262 obs_min= 8.908783079811306
params_new= {'a1': 2.0784609690826525, 'a2': 0.7302967433402215, 'a3': 6.540498834186886} logZ_new= 3.747505691865239 obs_new= 8.958539747260394
params_max= {'a1': 2.0784609690826525, 'a2': 0.7302967433402215, 'a3': 6.59640053362438} logZ_max= 3.7653532333620525 obs_max= 8.964666322616052
dist_min= tensor(0.6671) dist_max= tensor(4.1082)
params_min,params_max=params_new,params_max
evaluating model at params_new={'a1': 2.0784609690826525, 'a2': 0.7302967433402215, 'a3': 6.568449683905634}
params_min= {'a1': 2.0784609690826525, 'a2': 0.7302967433402215, 'a3': 6.540498834186886} logZ_min= 3.747505691865239 obs_min= 8.958539747260394
params_new= {'a1': 2.0784609690826525, 'a2': 0.7302967433402215, 'a3': 6.568449683905634} logZ_new= 3.7564506890157547 obs_new= 8.960802757026917
params_max= {'a1': 2.0784609690826525, 'a2': 0.7302967433402215, 'a3': 6.59640053362438} logZ_max= 3.7653532333620525 obs_max= 8.964666322616052
dist_min= tensor(1.2293) dist_max= tensor(4.3774)
params_min,params_max=params_new,params_max
evaluating model at params_new={'a1': 2.0784609690826525, 'a2': 0.7302967433402215, 'a3': 6.5824251087650065}
params_min= {'a1': 2.0784609690826525, 'a2': 0.7302967433402215, 'a3': 6.568449683905634} logZ_min= 3.7564506890157547 obs_min= 8.960802757026917
params_new= {'a1': 2.0784609690826525, 'a2': 0.7302967433402215, 'a3': 6.5824251087650065} logZ_new= 3.7609016195728224 obs_new= 8.96184498579429
params_max= {'a1': 2.0784609690826525, 'a2': 0.7302967433402215, 'a3': 6.59640053362438} logZ_max= 3.7653532333620525 obs_max= 8.964666322616052
dist_min= tensor(1.1376) dist_max= tensor(4.1992)
params_min,params_max=params_new,params_max
evaluating model at params_new={'a1': 2.0784609690826525, 'a2': 0.7302967433402215, 'a3': 6.589412821194694}
params_min= {'a1': 2.0784609690826525, 'a2': 0.7302967433402215, 'a3': 6.5824251087650065} logZ_min= 3.7609016195728224 obs_min= 8.96184498579429
params_new= {'a1': 2.0784609690826525, 'a2': 0.7302967433402215, 'a3': 6.589412821194694} logZ_new= 3.763129716806679 obs_new= 8.96335092357784
params_max= {'a1': 2.0784609690826525, 'a2': 0.7302967433402215, 'a3': 6.59640053362438} logZ_max= 3.7653532333620525 obs_max= 8.964666322616052
dist_min= tensor(4.1752) dist_max= tensor(0.3229)
params_min,params_max=params_min,params_new
evaluating model at params_new={'a1': 2.0784609690826525, 'a2': 0.7302967433402215, 'a3': 6.58591896497985}
params_min= {'a1': 2.0784609690826525, 'a2': 0.7302967433402215, 'a3': 6.5824251087650065} logZ_min= 3.7609016195728224 obs_min= 8.96184498579429
params_new= {'a1': 2.0784609690826525, 'a2': 0.7302967433402215, 'a3': 6.58591896497985} logZ_new= 3.762020072831065 obs_new= 8.963115858557435
params_max= {'a1': 2.0784609690826525, 'a2': 0.7302967433402215, 'a3': 6.589412821194694} logZ_max= 3.763129716806679 obs_max= 8.96335092357784
dist_min= tensor(4.1801) dist_max= tensor(0.0525)
params_min,params_max=params_min,params_new
evaluating model at params_new={'a1': 2.0784609690826525, 'a2': 0.7302967433402215, 'a3': 6.584172036872428}
params_min= {'a1': 2.0784609690826525, 'a2': 0.7302967433402215, 'a3': 6.5824251087650065} logZ_min= 3.7609016195728224 obs_min= 8.96184498579429
params_new= {'a1': 2.0784609690826525, 'a2': 0.7302967433402215, 'a3': 6.584172036872428} logZ_new= 3.7614653312784063 obs_new= 8.96300488165389
params_max= {'a1': 2.0784609690826525, 'a2': 0.7302967433402215, 'a3': 6.58591896497985} logZ_max= 3.762020072831065 obs_max= 8.963115858557435
dist_min= tensor(4.2210) dist_max= tensor(0.9030)
params_min,params_max=params_min,params_new
evaluating model at params_new={'a1': 2.0784609690826525, 'a2': 0.7302967433402215, 'a3': 6.583298572818718}
params_min= {'a1': 2.0784609690826525, 'a2': 0.7302967433402215, 'a3': 6.5824251087650065} logZ_min= 3.7609016195728224 obs_min= 8.96184498579429
params_new= {'a1': 2.0784609690826525, 'a2': 0.7302967433402215, 'a3': 6.583298572818718} logZ_new= 3.761187801680041 obs_new= 8.962971179496222
params_max= {'a1': 2.0784609690826525, 'a2': 0.7302967433402215, 'a3': 6.584172036872428} logZ_max= 3.7614653312784063 obs_max= 8.96300488165389
dist_min= tensor(4.2371) dist_max= tensor(1.1937)
params_min,params_max=params_min,params_new
evaluating model at params_new={'a1': 2.0784609690826525, 'a2': 0.7302967433402215, 'a3': 6.582861840791862}
params_min= {'a1': 2.0784609690826525, 'a2': 0.7302967433402215, 'a3': 6.5824251087650065} logZ_min= 3.7609016195728224 obs_min= 8.96184498579429
params_new= {'a1': 2.0784609690826525, 'a2': 0.7302967433402215, 'a3': 6.582861840791862} logZ_new= 3.7610405328901853 obs_new= 8.961872605168173
params_max= {'a1': 2.0784609690826525, 'a2': 0.7302967433402215, 'a3': 6.583298572818718} logZ_max= 3.761187801680041 obs_max= 8.962971179496222
dist_min= tensor(0.3320) dist_max= tensor(4.2010)
params_min,params_max=params_new,params_max
evaluating model at params_new={'a1': 2.0784609690826525, 'a2': 0.7302967433402215, 'a3': 6.58308020680529}
params_min= {'a1': 2.0784609690826525, 'a2': 0.7302967433402215, 'a3': 6.582861840791862} logZ_min= 3.7610405328901853 obs_min= 8.961872605168173
params_new= {'a1': 2.0784609690826525, 'a2': 0.7302967433402215, 'a3': 6.58308020680529} logZ_new= 3.761118417341331 obs_new= 8.962961750319318
params_max= {'a1': 2.0784609690826525, 'a2': 0.7302967433402215, 'a3': 6.583298572818718} logZ_max= 3.761187801680041 obs_max= 8.962971179496222
dist_min= tensor(4.2049) dist_max= tensor(0.8812)
params_min,params_max=params_min,params_new
evaluating model at params_new={'a1': 2.0784609690826525, 'a2': 0.7302967433402215, 'a3': 6.582971023798576}
params_min= {'a1': 2.0784609690826525, 'a2': 0.7302967433402215, 'a3': 6.582861840791862} logZ_min= 3.7610405328901853 obs_min= 8.961872605168173
params_new= {'a1': 2.0784609690826525, 'a2': 0.7302967433402215, 'a3': 6.582971023798576} logZ_new= 3.7610751972405025 obs_new= 8.961884241338817
params_max= {'a1': 2.0784609690826525, 'a2': 0.7302967433402215, 'a3': 6.58308020680529} logZ_max= 3.761118417341331 obs_max= 8.962961750319318
dist_min= tensor(0.3193) dist_max= tensor(4.2425)
params_min,params_max=params_new,params_max
evaluating model at params_new={'a1': 2.0784609690826525, 'a2': 0.7302967433402215, 'a3': 6.583025615301933}
params_min= {'a1': 2.0784609690826525, 'a2': 0.7302967433402215, 'a3': 6.582971023798576} logZ_min= 3.7610751972405025 obs_min= 8.961884241338817
params_new= {'a1': 2.0784609690826525, 'a2': 0.7302967433402215, 'a3': 6.583025615301933} logZ_new= 3.761092553153803 obs_new= 8.961888289967161
params_max= {'a1': 2.0784609690826525, 'a2': 0.7302967433402215, 'a3': 6.58308020680529} logZ_max= 3.761118417341331 obs_max= 8.962961750319318
dist_min= tensor(0.5007) dist_max= tensor(4.1845)
params_min,params_max=params_new,params_max
evaluating model at params_new={'a1': 2.0784609690826525, 'a2': 0.7302967433402215, 'a3': 6.583052911053612}
params_min= {'a1': 2.0784609690826525, 'a2': 0.7302967433402215, 'a3': 6.583025615301933} logZ_min= 3.761092553153803 obs_min= 8.961888289967161
params_new= {'a1': 2.0784609690826525, 'a2': 0.7302967433402215, 'a3': 6.583052911053612} logZ_new= 3.7611012293906625 obs_new= 8.961891456646592
params_max= {'a1': 2.0784609690826525, 'a2': 0.7302967433402215, 'a3': 6.58308020680529} logZ_max= 3.761118417341331 obs_max= 8.962961750319318
dist_min= tensor(0.5691) dist_max= tensor(4.2520)
params_min,params_max=params_new,params_max
evaluating model at params_new={'a1': 2.0784609690826525, 'a2': 0.7302967433402215, 'a3': 6.583066558929451}
params_min= {'a1': 2.0784609690826525, 'a2': 0.7302967433402215, 'a3': 6.583052911053612} logZ_min= 3.7611012293906625 obs_min= 8.961891456646592
params_new= {'a1': 2.0784609690826525, 'a2': 0.7302967433402215, 'a3': 6.583066558929451} logZ_new= 3.7611140485993366 obs_new= 8.962943222636941
params_max= {'a1': 2.0784609690826525, 'a2': 0.7302967433402215, 'a3': 6.58308020680529} logZ_max= 3.761118417341331 obs_max= 8.962961750319318
dist_min= tensor(4.2454) dist_max= tensor(0.0678)
params_min,params_max=params_min,params_new
evaluating model at params_new={'a1': 2.0784609690826525, 'a2': 0.7302967433402215, 'a3': 6.583059734991531}
params_min= {'a1': 2.0784609690826525, 'a2': 0.7302967433402215, 'a3': 6.583052911053612} logZ_min= 3.7611012293906625 obs_min= 8.961891456646592
params_new= {'a1': 2.0784609690826525, 'a2': 0.7302967433402215, 'a3': 6.583059734991531} logZ_new= 3.761111864112775 obs_new= 8.962949543868543
params_max= {'a1': 2.0784609690826525, 'a2': 0.7302967433402215, 'a3': 6.583066558929451} logZ_max= 3.7611140485993366 obs_max= 8.962943222636941
dist_min= tensor(4.2053) dist_max= tensor(0.3744)
params_min,params_max=params_min,params_new
evaluating model at params_new={'a1': 2.0784609690826525, 'a2': 0.7302967433402215, 'a3': 6.583056323022571}
params_min= {'a1': 2.0784609690826525, 'a2': 0.7302967433402215, 'a3': 6.583052911053612} logZ_min= 3.7611012293906625 obs_min= 8.961891456646592
params_new= {'a1': 2.0784609690826525, 'a2': 0.7302967433402215, 'a3': 6.583056323022571} logZ_new= 3.7611107725887165 obs_new= 8.962947809752032
params_max= {'a1': 2.0784609690826525, 'a2': 0.7302967433402215, 'a3': 6.583059734991531} logZ_max= 3.761111864112775 obs_max= 8.962949543868543
dist_min= tensor(4.1998) dist_max= tensor(0.0542)
params_min,params_max=params_min,params_new
evaluating model at params_new={'a1': 2.0784609690826525, 'a2': 0.7302967433402215, 'a3': 6.5830546170380915}
params_min= {'a1': 2.0784609690826525, 'a2': 0.7302967433402215, 'a3': 6.583052911053612} logZ_min= 3.7611012293906625 obs_min= 8.961891456646592
params_new= {'a1': 2.0784609690826525, 'a2': 0.7302967433402215, 'a3': 6.5830546170380915} logZ_new= 3.7611102495777926 obs_new= 8.96294933987392
params_max= {'a1': 2.0784609690826525, 'a2': 0.7302967433402215, 'a3': 6.583056323022571} logZ_max= 3.7611107725887165 obs_max= 8.962947809752032
dist_min= tensor(4.2070) dist_max= tensor(0.0637)
params_min,params_max=params_min,params_new
evaluating model at params_new={'a1': 2.0784609690826525, 'a2': 0.7302967433402215, 'a3': 6.583053764045852}
params_min= {'a1': 2.0784609690826525, 'a2': 0.7302967433402215, 'a3': 6.583052911053612} logZ_min= 3.7611012293906625 obs_min= 8.961891456646592
params_new= {'a1': 2.0784609690826525, 'a2': 0.7302967433402215, 'a3': 6.583053764045852} logZ_new= 3.7611099793660716 obs_new= 8.962949194066727
params_max= {'a1': 2.0784609690826525, 'a2': 0.7302967433402215, 'a3': 6.5830546170380915} logZ_max= 3.7611102495777926 obs_max= 8.96294933987392
dist_min= tensor(4.4908) dist_max= tensor(1.4816)
params_min,params_max=params_min,params_new
evaluating model at params_new={'a1': 2.0784609690826525, 'a2': 0.7302967433402215, 'a3': 6.583053337549732}
params_min= {'a1': 2.0784609690826525, 'a2': 0.7302967433402215, 'a3': 6.583052911053612} logZ_min= 3.7611012293906625 obs_min= 8.961891456646592
params_new= {'a1': 2.0784609690826525, 'a2': 0.7302967433402215, 'a3': 6.583053337549732} logZ_new= 3.7611098669153646 obs_new= 8.962951614404417
params_max= {'a1': 2.0784609690826525, 'a2': 0.7302967433402215, 'a3': 6.583053764045852} logZ_max= 3.7611099793660716 obs_max= 8.962949194066727
dist_min= tensor(4.1765) dist_max= tensor(1.6057)
params_min,params_max=params_min,params_new
evaluating model at params_new={'a1': 2.0784609690826525, 'a2': 0.7302967433402215, 'a3': 6.583053124301672}
params_min= {'a1': 2.0784609690826525, 'a2': 0.7302967433402215, 'a3': 6.583052911053612} logZ_min= 3.7611012293906625 obs_min= 8.961891456646592
params_new= {'a1': 2.0784609690826525, 'a2': 0.7302967433402215, 'a3': 6.583053124301672} logZ_new= 3.7611097732184504 obs_new= 8.962949791147327
params_max= {'a1': 2.0784609690826525, 'a2': 0.7302967433402215, 'a3': 6.583053337549732} logZ_max= 3.7611098669153646 obs_max= 8.962951614404417
dist_min= tensor(4.2226) dist_max= tensor(0.4810)
params_min,params_max=params_min,params_new
evaluating model at params_new={'a1': 2.0784609690826525, 'a2': 0.7302967433402215, 'a3': 6.583053017677642}
params_min= {'a1': 2.0784609690826525, 'a2': 0.7302967433402215, 'a3': 6.583052911053612} logZ_min= 3.7611012293906625 obs_min= 8.961891456646592
params_new= {'a1': 2.0784609690826525, 'a2': 0.7302967433402215, 'a3': 6.583053017677642} logZ_new= 3.7611097345187807 obs_new= 8.96294228769506
params_max= {'a1': 2.0784609690826525, 'a2': 0.7302967433402215, 'a3': 6.583053124301672} logZ_max= 3.7611097732184504 obs_max= 8.962949791147327
dist_min= tensor(4.2739) dist_max= tensor(0.3898)
params_min,params_max=params_min,params_new
evaluating model at params_new={'a1': 2.0784609690826525, 'a2': 0.7302967433402215, 'a3': 6.583052964365627}
params_min= {'a1': 2.0784609690826525, 'a2': 0.7302967433402215, 'a3': 6.583052911053612} logZ_min= 3.7611012293906625 obs_min= 8.961891456646592
params_new= {'a1': 2.0784609690826525, 'a2': 0.7302967433402215, 'a3': 6.583052964365627} logZ_new= 3.7611094400744425 obs_new= 8.962931955938748
params_max= {'a1': 2.0784609690826525, 'a2': 0.7302967433402215, 'a3': 6.583053017677642} logZ_max= 3.7611097345187807 obs_max= 8.96294228769506
dist_min= tensor(4.1930) dist_max= tensor(0.6612)
params_min,params_max=params_min,params_new
evaluating model at params_new={'a1': 2.0784609690826525, 'a2': 0.7302967433402215, 'a3': 6.583052937709619}
params_min= {'a1': 2.0784609690826525, 'a2': 0.7302967433402215, 'a3': 6.583052911053612} logZ_min= 3.7611012293906625 obs_min= 8.961891456646592
params_new= {'a1': 2.0784609690826525, 'a2': 0.7302967433402215, 'a3': 6.583052937709619} logZ_new= 3.7611012616191544 obs_new= 8.96188803913701
params_max= {'a1': 2.0784609690826525, 'a2': 0.7302967433402215, 'a3': 6.583052964365627} logZ_max= 3.7611094400744425 obs_max= 8.962931955938748
dist_min= tensor(0.0335) dist_max= tensor(4.1972)
params_min,params_max=params_new,params_max
evaluating model at params_new={'a1': 2.0784609690826525, 'a2': 0.7302967433402215, 'a3': 6.583052951037622}
params_min= {'a1': 2.0784609690826525, 'a2': 0.7302967433402215, 'a3': 6.583052937709619} logZ_min= 3.7611012616191544 obs_min= 8.96188803913701
params_new= {'a1': 2.0784609690826525, 'a2': 0.7302967433402215, 'a3': 6.583052951037622} logZ_new= 3.7611096060699274 obs_new= 8.962935294997571
params_max= {'a1': 2.0784609690826525, 'a2': 0.7302967433402215, 'a3': 6.583052964365627} logZ_max= 3.7611094400744425 obs_max= 8.962931955938748
dist_min= tensor(4.2812) dist_max= tensor(0.6849)
params_min,params_max=params_min,params_new
evaluating model at params_new={'a1': 2.0784609690826525, 'a2': 0.7302967433402215, 'a3': 6.5830529443736205}
params_min= {'a1': 2.0784609690826525, 'a2': 0.7302967433402215, 'a3': 6.583052937709619} logZ_min= 3.7611012616191544 obs_min= 8.96188803913701
params_new= {'a1': 2.0784609690826525, 'a2': 0.7302967433402215, 'a3': 6.5830529443736205} logZ_new= 3.761101259867869 obs_new= 8.961888325182638
params_max= {'a1': 2.0784609690826525, 'a2': 0.7302967433402215, 'a3': 6.583052951037622} logZ_max= 3.7611096060699274 obs_max= 8.962935294997571
dist_min= tensor(0.1725) dist_max= tensor(4.3090)
params_min,params_max=params_new,params_max
evaluating model at params_new={'a1': 2.0784609690826525, 'a2': 0.7302967433402215, 'a3': 6.583052947705621}
params_min= {'a1': 2.0784609690826525, 'a2': 0.7302967433402215, 'a3': 6.5830529443736205} logZ_min= 3.761101259867869 obs_min= 8.961888325182638
params_new= {'a1': 2.0784609690826525, 'a2': 0.7302967433402215, 'a3': 6.583052947705621} logZ_new= 3.761101294521639 obs_new= 8.961886260643391
params_max= {'a1': 2.0784609690826525, 'a2': 0.7302967433402215, 'a3': 6.583052951037622} logZ_max= 3.7611096060699274 obs_max= 8.962935294997571
dist_min= tensor(0.5483) dist_max= tensor(4.2302)
params_min,params_max=params_new,params_max
evaluating model at params_new={'a1': 2.0784609690826525, 'a2': 0.7302967433402215, 'a3': 6.583052949371622}
params_min= {'a1': 2.0784609690826525, 'a2': 0.7302967433402215, 'a3': 6.583052947705621} logZ_min= 3.761101294521639 obs_min= 8.961886260643391
params_new= {'a1': 2.0784609690826525, 'a2': 0.7302967433402215, 'a3': 6.583052949371622} logZ_new= 3.76110128071996 obs_new= 8.961887051814816
params_max= {'a1': 2.0784609690826525, 'a2': 0.7302967433402215, 'a3': 6.583052951037622} logZ_max= 3.7611096060699274 obs_max= 8.962935294997571
dist_min= tensor(0.4324) dist_max= tensor(4.1857)
params_min,params_max=params_new,params_max
evaluating model at params_new={'a1': 2.0784609690826525, 'a2': 0.7302967433402215, 'a3': 6.583052950204622}
params_min= {'a1': 2.0784609690826525, 'a2': 0.7302967433402215, 'a3': 6.583052949371622} logZ_min= 3.76110128071996 obs_min= 8.961887051814816
params_new= {'a1': 2.0784609690826525, 'a2': 0.7302967433402215, 'a3': 6.583052950204622} logZ_new= 3.761101259838701 obs_new= 8.961888472608319
params_max= {'a1': 2.0784609690826525, 'a2': 0.7302967433402215, 'a3': 6.583052951037622} logZ_max= 3.7611096060699274 obs_max= 8.962935294997571
dist_min= tensor(0.4910) dist_max= tensor(4.1784)
params_min,params_max=params_new,params_max
evaluating model at params_new={'a1': 2.0784609690826525, 'a2': 0.7302967433402215, 'a3': 6.583052950621122}
params_min= {'a1': 2.0784609690826525, 'a2': 0.7302967433402215, 'a3': 6.583052950204622} logZ_min= 3.761101259838701 obs_min= 8.961888472608319
params_new= {'a1': 2.0784609690826525, 'a2': 0.7302967433402215, 'a3': 6.583052950621122} logZ_new= 3.7611097516107064 obs_new= 8.962959710668658
params_max= {'a1': 2.0784609690826525, 'a2': 0.7302967433402215, 'a3': 6.583052951037622} logZ_max= 3.7611096060699274 obs_max= 8.962935294997571
dist_min= tensor(4.3082) dist_max= tensor(0.9448)
params_min,params_max=params_min,params_new
evaluating model at params_new={'a1': 2.0784609690826525, 'a2': 0.7302967433402215, 'a3': 6.583052950412872}
params_min= {'a1': 2.0784609690826525, 'a2': 0.7302967433402215, 'a3': 6.583052950204622} logZ_min= 3.761101259838701 obs_min= 8.961888472608319
params_new= {'a1': 2.0784609690826525, 'a2': 0.7302967433402215, 'a3': 6.583052950412872} logZ_new= 3.761101292818125 obs_new= 8.961886395954943
params_max= {'a1': 2.0784609690826525, 'a2': 0.7302967433402215, 'a3': 6.583052950621122} logZ_max= 3.7611097516107064 obs_max= 8.962959710668658
dist_min= tensor(1.0838) dist_max= tensor(4.1754)
params_min,params_max=params_new,params_max
evaluating model at params_new={'a1': 2.0784609690826525, 'a2': 0.7302967433402215, 'a3': 6.583052950516997}
params_min= {'a1': 2.0784609690826525, 'a2': 0.7302967433402215, 'a3': 6.583052950412872} logZ_min= 3.761101292818125 obs_min= 8.961886395954943
params_new= {'a1': 2.0784609690826525, 'a2': 0.7302967433402215, 'a3': 6.583052950516997} logZ_new= 3.761101313034344 obs_new= 8.961885650664131
params_max= {'a1': 2.0784609690826525, 'a2': 0.7302967433402215, 'a3': 6.583052950621122} logZ_max= 3.7611097516107064 obs_max= 8.962959710668658
dist_min= tensor(0.0607) dist_max= tensor(4.1692)
params_min,params_max=params_new,params_max
evaluating model at params_new={'a1': 2.0784609690826525, 'a2': 0.7302967433402215, 'a3': 6.583052950569059}
params_min= {'a1': 2.0784609690826525, 'a2': 0.7302967433402215, 'a3': 6.583052950516997} logZ_min= 3.761101313034344 obs_min= 8.961885650664131
params_new= {'a1': 2.0784609690826525, 'a2': 0.7302967433402215, 'a3': 6.583052950569059} logZ_new= 3.761109752163126 obs_new= 8.962959833873153
params_max= {'a1': 2.0784609690826525, 'a2': 0.7302967433402215, 'a3': 6.583052950621122} logZ_max= 3.7611097516107064 obs_max= 8.962959710668658
dist_min= tensor(4.2424) dist_max= tensor(0.8004)
params_min,params_max=params_min,params_new
evaluating model at params_new={'a1': 2.0784609690826525, 'a2': 0.7302967433402215, 'a3': 6.583052950543028}
params_min= {'a1': 2.0784609690826525, 'a2': 0.7302967433402215, 'a3': 6.583052950516997} logZ_min= 3.761101313034344 obs_min= 8.961885650664131
params_new= {'a1': 2.0784609690826525, 'a2': 0.7302967433402215, 'a3': 6.583052950543028} logZ_new= 3.76110970566301 obs_new= 8.962948840549961
params_max= {'a1': 2.0784609690826525, 'a2': 0.7302967433402215, 'a3': 6.583052950569059} logZ_max= 3.761109752163126 obs_max= 8.962959833873153
dist_min= tensor(4.2414) dist_max= tensor(0.0312)
params_min,params_max=params_min,params_new
evaluating model at params_new={'a1': 2.0784609690826525, 'a2': 0.7302967433402215, 'a3': 6.583052950530012}
params_min= {'a1': 2.0784609690826525, 'a2': 0.7302967433402215, 'a3': 6.583052950516997} logZ_min= 3.761101313034344 obs_min= 8.961885650664131
params_new= {'a1': 2.0784609690826525, 'a2': 0.7302967433402215, 'a3': 6.583052950530012} logZ_new= 3.761109606778474 obs_new= 8.962942305963937
params_max= {'a1': 2.0784609690826525, 'a2': 0.7302967433402215, 'a3': 6.583052950543028} logZ_max= 3.76110970566301 obs_max= 8.962948840549961
dist_min= tensor(4.1916) dist_max= tensor(0.4191)
params_min,params_max=params_min,params_new
evaluating model at params_new={'a1': 2.0784609690826525, 'a2': 0.7302967433402215, 'a3': 6.583052950523505}
params_min= {'a1': 2.0784609690826525, 'a2': 0.7302967433402215, 'a3': 6.583052950516997} logZ_min= 3.761101313034344 obs_min= 8.961885650664131
params_new= {'a1': 2.0784609690826525, 'a2': 0.7302967433402215, 'a3': 6.583052950523505} logZ_new= 3.761109606798095 obs_new= 8.962942310347907
params_max= {'a1': 2.0784609690826525, 'a2': 0.7302967433402215, 'a3': 6.583052950530012} logZ_max= 3.761109606778474 obs_max= 8.962942305963937
dist_min= tensor(4.2295) dist_max= tensor(0.3594)
params_min,params_max=params_min,params_new
evaluating model at params_new={'a1': 2.0784609690826525, 'a2': 0.7302967433402215, 'a3': 6.583052950520251}
params_min= {'a1': 2.0784609690826525, 'a2': 0.7302967433402215, 'a3': 6.583052950516997} logZ_min= 3.761101313034344 obs_min= 8.961885650664131
params_new= {'a1': 2.0784609690826525, 'a2': 0.7302967433402215, 'a3': 6.583052950520251} logZ_new= 3.7611097492234227 obs_new= 8.962959437250971
params_max= {'a1': 2.0784609690826525, 'a2': 0.7302967433402215, 'a3': 6.583052950523505} logZ_max= 3.761109606798095 obs_max= 8.962942310347907
dist_min= tensor(4.2506) dist_max= tensor(0.1471)
params_min,params_max=params_min,params_new
evaluating model at params_new={'a1': 2.0784609690826525, 'a2': 0.7302967433402215, 'a3': 6.583052950518624}
params_min= {'a1': 2.0784609690826525, 'a2': 0.7302967433402215, 'a3': 6.583052950516997} logZ_min= 3.761101313034344 obs_min= 8.961885650664131
params_new= {'a1': 2.0784609690826525, 'a2': 0.7302967433402215, 'a3': 6.583052950518624} logZ_new= 3.7611094025891334 obs_new= 8.962926173714035
params_max= {'a1': 2.0784609690826525, 'a2': 0.7302967433402215, 'a3': 6.583052950520251} logZ_max= 3.7611097492234227 obs_max= 8.962959437250971
dist_min= tensor(4.1899) dist_max= tensor(0.5197)
params_min,params_max=params_min,params_new
evaluating model at params_new={'a1': 2.0784609690826525, 'a2': 0.7302967433402215, 'a3': 6.583052950517811}
params_min= {'a1': 2.0784609690826525, 'a2': 0.7302967433402215, 'a3': 6.583052950516997} logZ_min= 3.761101313034344 obs_min= 8.961885650664131
params_new= {'a1': 2.0784609690826525, 'a2': 0.7302967433402215, 'a3': 6.583052950517811} logZ_new= 3.761109728420078 obs_new= 8.962949331969407
params_max= {'a1': 2.0784609690826525, 'a2': 0.7302967433402215, 'a3': 6.583052950518624} logZ_max= 3.7611094025891334 obs_max= 8.962926173714035
dist_min= tensor(4.1764) dist_max= tensor(0.2425)
params_min,params_max=params_min,params_new
evaluating model at params_new={'a1': 2.0784609690826525, 'a2': 0.7302967433402215, 'a3': 6.583052950517404}
params_min= {'a1': 2.0784609690826525, 'a2': 0.7302967433402215, 'a3': 6.583052950516997} logZ_min= 3.761101313034344 obs_min= 8.961885650664131
params_new= {'a1': 2.0784609690826525, 'a2': 0.7302967433402215, 'a3': 6.583052950517404} logZ_new= 3.7611096048959416 obs_new= 8.962942099582293
params_max= {'a1': 2.0784609690826525, 'a2': 0.7302967433402215, 'a3': 6.583052950517811} logZ_max= 3.761109728420078 obs_max= 8.962949331969407
dist_min= tensor(4.1792) dist_max= tensor(0.1172)
params_min,params_max=params_min,params_new
evaluating model at params_new={'a1': 2.0784609690826525, 'a2': 0.7302967433402215, 'a3': 6.5830529505172}
params_min= {'a1': 2.0784609690826525, 'a2': 0.7302967433402215, 'a3': 6.583052950516997} logZ_min= 3.761101313034344 obs_min= 8.961885650664131
params_new= {'a1': 2.0784609690826525, 'a2': 0.7302967433402215, 'a3': 6.5830529505172} logZ_new= 3.7611012950138942 obs_new= 8.961888674704067
params_max= {'a1': 2.0784609690826525, 'a2': 0.7302967433402215, 'a3': 6.583052950517404} logZ_max= 3.7611096048959416 obs_max= 8.962942099582293
dist_min= tensor(0.5332) dist_max= tensor(4.1289)
params_min,params_max=params_new,params_max
evaluating model at params_new={'a1': 2.0784609690826525, 'a2': 0.7302967433402215, 'a3': 6.5830529505173025}
params_min= {'a1': 2.0784609690826525, 'a2': 0.7302967433402215, 'a3': 6.5830529505172} logZ_min= 3.7611012950138942 obs_min= 8.961888674704067
params_new= {'a1': 2.0784609690826525, 'a2': 0.7302967433402215, 'a3': 6.5830529505173025} logZ_new= 3.7611096066934393 obs_new= 8.962942299101892
params_max= {'a1': 2.0784609690826525, 'a2': 0.7302967433402215, 'a3': 6.583052950517404} logZ_max= 3.7611096048959416 obs_max= 8.962942099582293
dist_min= tensor(4.1454) dist_max= tensor(0.6860)
params_min,params_max=params_min,params_new
evaluating model at params_new={'a1': 2.0784609690826525, 'a2': 0.7302967433402215, 'a3': 6.583052950517251}
params_min= {'a1': 2.0784609690826525, 'a2': 0.7302967433402215, 'a3': 6.5830529505172} logZ_min= 3.7611012950138942 obs_min= 8.961888674704067
params_new= {'a1': 2.0784609690826525, 'a2': 0.7302967433402215, 'a3': 6.583052950517251} logZ_new= 3.761109592790093 obs_new= 8.962941921442486
params_max= {'a1': 2.0784609690826525, 'a2': 0.7302967433402215, 'a3': 6.5830529505173025} logZ_max= 3.7611096066934393 obs_max= 8.962942299101892
dist_min= tensor(4.1308) dist_max= tensor(0.7179)
params_min,params_max=params_min,params_new
evaluating model at params_new={'a1': 2.0784609690826525, 'a2': 0.7302967433402215, 'a3': 6.583052950517226}
params_min= {'a1': 2.0784609690826525, 'a2': 0.7302967433402215, 'a3': 6.5830529505172} logZ_min= 3.7611012950138942 obs_min= 8.961888674704067
params_new= {'a1': 2.0784609690826525, 'a2': 0.7302967433402215, 'a3': 6.583052950517226} logZ_new= 3.761109576691467 obs_new= 8.96293956357099
params_max= {'a1': 2.0784609690826525, 'a2': 0.7302967433402215, 'a3': 6.583052950517251} logZ_max= 3.761109592790093 obs_max= 8.962941921442486
dist_min= tensor(4.1206) dist_max= tensor(0.1138)
params_min,params_max=params_min,params_new
evaluating model at params_new={'a1': 2.0784609690826525, 'a2': 0.7302967433402215, 'a3': 6.583052950517214}
params_min= {'a1': 2.0784609690826525, 'a2': 0.7302967433402215, 'a3': 6.5830529505172} logZ_min= 3.7611012950138942 obs_min= 8.961888674704067
params_new= {'a1': 2.0784609690826525, 'a2': 0.7302967433402215, 'a3': 6.583052950517214} logZ_new= 3.7611095417634566 obs_new= 8.962935845681553
params_max= {'a1': 2.0784609690826525, 'a2': 0.7302967433402215, 'a3': 6.583052950517226} logZ_max= 3.761109576691467 obs_max= 8.96293956357099
dist_min= tensor(4.0809) dist_max= tensor(0.1176)
params_min,params_max=params_min,params_new
evaluating model at params_new={'a1': 2.0784609690826525, 'a2': 0.7302967433402215, 'a3': 6.583052950517207}
params_min= {'a1': 2.0784609690826525, 'a2': 0.7302967433402215, 'a3': 6.5830529505172} logZ_min= 3.7611012950138942 obs_min= 8.961888674704067
params_new= {'a1': 2.0784609690826525, 'a2': 0.7302967433402215, 'a3': 6.583052950517207} logZ_new= 3.7611021675789074 obs_new= 8.961973734113506
params_max= {'a1': 2.0784609690826525, 'a2': 0.7302967433402215, 'a3': 6.583052950517214} logZ_max= 3.7611095417634566 obs_max= 8.962935845681553
dist_min= tensor(2.1357) dist_max= tensor(1.9744)
params_min,params_max=params_min,params_new
evaluating model at params_new={'a1': 2.0784609690826525, 'a2': 0.7302967433402215, 'a3': 6.583052950517203}
params_min= {'a1': 2.0784609690826525, 'a2': 0.7302967433402215, 'a3': 6.5830529505172} logZ_min= 3.7611012950138942 obs_min= 8.961888674704067
params_new= {'a1': 2.0784609690826525, 'a2': 0.7302967433402215, 'a3': 6.583052950517203} logZ_new= 3.7611015184736303 obs_new= 8.961909742229585
params_max= {'a1': 2.0784609690826525, 'a2': 0.7302967433402215, 'a3': 6.583052950517207} logZ_max= 3.7611021675789074 obs_max= 8.961973734113506
dist_min= tensor(0.5667) dist_max= tensor(1.5703)
params_min,params_max=params_new,params_max
evaluating model at params_new={'a1': 2.0784609690826525, 'a2': 0.7302967433402215, 'a3': 6.583052950517205}
params_min= {'a1': 2.0784609690826525, 'a2': 0.7302967433402215, 'a3': 6.583052950517203} logZ_min= 3.7611015184736303 obs_min= 8.961909742229585
params_new= {'a1': 2.0784609690826525, 'a2': 0.7302967433402215, 'a3': 6.583052950517205} logZ_new= 3.7611013394742576 obs_new= 8.961891630959322
params_max= {'a1': 2.0784609690826525, 'a2': 0.7302967433402215, 'a3': 6.583052950517207} logZ_max= 3.7611021675789074 obs_max= 8.961973734113506
dist_min= tensor(0.6704) dist_max= tensor(2.1646)
params_min,params_max=params_new,params_max
evaluating model at params_new={'a1': 2.0784609690826525, 'a2': 0.7302967433402215, 'a3': 6.583052950517206}
params_min= {'a1': 2.0784609690826525, 'a2': 0.7302967433402215, 'a3': 6.583052950517205} logZ_min= 3.7611013394742576 obs_min= 8.961891630959322
params_new= {'a1': 2.0784609690826525, 'a2': 0.7302967433402215, 'a3': 6.583052950517206} logZ_new= 3.7611013141510656 obs_new= 8.961885646777244
params_max= {'a1': 2.0784609690826525, 'a2': 0.7302967433402215, 'a3': 6.583052950517207} logZ_max= 3.7611021675789074 obs_max= 8.961973734113506
dist_min= tensor(0.2191) dist_max= tensor(2.1920)
params_min,params_max=params_new,params_max
critical params found:  {'a1': 2.0784609690826525, 'a2': 0.7302967433402215, 'a3': 6.583052950517207}
reference params:  {'a1': 1.1547005383792515, 'a2': 1.8257418583505538, 'a3': 4.47213595499958}
file saved to  data/AKLT3D_X10_scan_grid_critical_a3/a1_2.0784610_a2_0.7302967/Tc.json
