Start running find_critical_temp.py with options:{'filename': 'data/AKLT3D_X10_scan_grid_critical_a3/a1_0.6928203_a2_2.5560386/Tc.json', 'log_filename': 'data/AKLT3D_X10_scan_grid_critical_a3/a1_0.6928203_a2_2.5560386/Tc.log', 'nLayers': 60, 'max_dim': 10, 'model': 'AKLT3D', 'params_min': "{'a1': 0.6928203230275509, 'a2': 2.5560386016907755, 'a3': 1.788854381999832}", 'params_max': "{'a1': 0.6928203230275509, 'a2': 2.5560386016907755, 'a3': 2.683281572999748}", 'params_ref': None, 'observable_name': 'magnetizationZ', 'tol': 0.0, 'gilt_enabled': False, 'gilt_eps': 8e-07, 'gilt_nIter': 1, 'mcf_enabled': True, 'mcf_eps': 1e-16, 'mcf_max_iter': 200, 'hotrg_sanity_check': False, 'version': 1, 'device': 'cuda:1'}
loading library...
evaluating model at params_min={'a1': 0.6928203230275509, 'a2': 2.5560386016907755, 'a3': 1.788854381999832}
params_min= {'a1': 0.6928203230275509, 'a2': 2.5560386016907755, 'a3': 1.788854381999832} logZ_min= 2.9760868146724495 obs_min= 9.650923237803893e-32
evaluating model at params_max={'a1': 0.6928203230275509, 'a2': 2.5560386016907755, 'a3': 2.683281572999748}
params_max= {'a1': 0.6928203230275509, 'a2': 2.5560386016907755, 'a3': 2.683281572999748} logZ_max= 3.0072031955436858 obs_max= 0.9996986815756514
searching for critical temperature using bisection method
evaluating model at params_new={'a1': 0.6928203230275509, 'a2': 2.5560386016907755, 'a3': 2.23606797749979}
params_min= {'a1': 0.6928203230275509, 'a2': 2.5560386016907755, 'a3': 1.788854381999832} logZ_min= 2.9760868146724495 obs_min= 9.650923237803893e-32
params_new= {'a1': 0.6928203230275509, 'a2': 2.5560386016907755, 'a3': 2.23606797749979} logZ_new= nan obs_new= 1.1673274657699824e-28
params_max= {'a1': 0.6928203230275509, 'a2': 2.5560386016907755, 'a3': 2.683281572999748} logZ_max= 3.0072031955436858 obs_max= 0.9996986815756514
dist_min= tensor(12.5449) dist_max= tensor(88.8226)
params_min,params_max=params_new,params_max
evaluating model at params_new={'a1': 0.6928203230275509, 'a2': 2.5560386016907755, 'a3': 2.459674775249769}
params_min= {'a1': 0.6928203230275509, 'a2': 2.5560386016907755, 'a3': 2.23606797749979} logZ_min= nan obs_min= 1.1673274657699824e-28
params_new= {'a1': 0.6928203230275509, 'a2': 2.5560386016907755, 'a3': 2.459674775249769} logZ_new= 2.9961401363362272 obs_new= 0.4370908846643244
params_max= {'a1': 0.6928203230275509, 'a2': 2.5560386016907755, 'a3': 2.683281572999748} logZ_max= 3.0072031955436858 obs_max= 0.9996986815756514
dist_min= tensor(13.3773) dist_max= tensor(88.0784)
params_min,params_max=params_new,params_max
evaluating model at params_new={'a1': 0.6928203230275509, 'a2': 2.5560386016907755, 'a3': 2.5714781741247585}
params_min= {'a1': 0.6928203230275509, 'a2': 2.5560386016907755, 'a3': 2.459674775249769} logZ_min= 2.9961401363362272 obs_min= 0.4370908846643244
params_new= {'a1': 0.6928203230275509, 'a2': 2.5560386016907755, 'a3': 2.5714781741247585} logZ_new= 3.0016233860947583 obs_new= 0.7058801106841872
params_max= {'a1': 0.6928203230275509, 'a2': 2.5560386016907755, 'a3': 2.683281572999748} logZ_max= 3.0072031955436858 obs_max= 0.9996986815756514
dist_min= tensor(1.6893) dist_max= tensor(88.1995)
params_min,params_max=params_new,params_max
evaluating model at params_new={'a1': 0.6928203230275509, 'a2': 2.5560386016907755, 'a3': 2.627379873562253}
params_min= {'a1': 0.6928203230275509, 'a2': 2.5560386016907755, 'a3': 2.5714781741247585} logZ_min= 3.0016233860947583 obs_min= 0.7058801106841872
params_new= {'a1': 0.6928203230275509, 'a2': 2.5560386016907755, 'a3': 2.627379873562253} logZ_new= 3.0017398752499784 obs_new= 0.8773019148840583
params_max= {'a1': 0.6928203230275509, 'a2': 2.5560386016907755, 'a3': 2.683281572999748} logZ_max= 3.0072031955436858 obs_max= 0.9996986815756514
dist_min= tensor(1782.1025) dist_max= tensor(1782.6988)
params_min,params_max=params_new,params_max
evaluating model at params_new={'a1': 0.6928203230275509, 'a2': 2.5560386016907755, 'a3': 2.6553307232810006}
params_min= {'a1': 0.6928203230275509, 'a2': 2.5560386016907755, 'a3': 2.627379873562253} logZ_min= 3.0017398752499784 obs_min= 0.8773019148840583
params_new= {'a1': 0.6928203230275509, 'a2': 2.5560386016907755, 'a3': 2.6553307232810006} logZ_new= nan obs_new= 0.906053406938027
params_max= {'a1': 0.6928203230275509, 'a2': 2.5560386016907755, 'a3': 2.683281572999748} logZ_max= 3.0072031955436858 obs_max= 0.9996986815756514
dist_min= tensor(1782.1063) dist_max= tensor(97.9628)
params_min,params_max=params_min,params_new
evaluating model at params_new={'a1': 0.6928203230275509, 'a2': 2.5560386016907755, 'a3': 2.641355298421627}
params_min= {'a1': 0.6928203230275509, 'a2': 2.5560386016907755, 'a3': 2.627379873562253} logZ_min= 3.0017398752499784 obs_min= 0.8773019148840583
params_new= {'a1': 0.6928203230275509, 'a2': 2.5560386016907755, 'a3': 2.641355298421627} logZ_new= 3.0006333945585864 obs_new= 0.9406798479327338
params_max= {'a1': 0.6928203230275509, 'a2': 2.5560386016907755, 'a3': 2.6553307232810006} logZ_max= nan obs_max= 0.906053406938027
dist_min= tensor(1781.8975) dist_max= tensor(49.0108)
params_min,params_max=params_min,params_new
evaluating model at params_new={'a1': 0.6928203230275509, 'a2': 2.5560386016907755, 'a3': 2.63436758599194}
params_min= {'a1': 0.6928203230275509, 'a2': 2.5560386016907755, 'a3': 2.627379873562253} logZ_min= 3.0017398752499784 obs_min= 0.8773019148840583
params_new= {'a1': 0.6928203230275509, 'a2': 2.5560386016907755, 'a3': 2.63436758599194} logZ_new= nan obs_new= 0.9191831019600564
params_max= {'a1': 0.6928203230275509, 'a2': 2.5560386016907755, 'a3': 2.641355298421627} logZ_max= 3.0006333945585864 obs_max= 0.9406798479327338
dist_min= tensor(1782.6505) dist_max= tensor(47.7556)
params_min,params_max=params_min,params_new
evaluating model at params_new={'a1': 0.6928203230275509, 'a2': 2.5560386016907755, 'a3': 2.6308737297770968}
params_min= {'a1': 0.6928203230275509, 'a2': 2.5560386016907755, 'a3': 2.627379873562253} logZ_min= 3.0017398752499784 obs_min= 0.8773019148840583
params_new= {'a1': 0.6928203230275509, 'a2': 2.5560386016907755, 'a3': 2.6308737297770968} logZ_new= 3.0000593265890467 obs_new= 0.9161540701535746
params_max= {'a1': 0.6928203230275509, 'a2': 2.5560386016907755, 'a3': 2.63436758599194} logZ_max= nan obs_max= 0.9191831019600564
dist_min= tensor(1781.8174) dist_max= tensor(46.4391)
params_min,params_max=params_min,params_new
evaluating model at params_new={'a1': 0.6928203230275509, 'a2': 2.5560386016907755, 'a3': 2.629126801669675}
params_min= {'a1': 0.6928203230275509, 'a2': 2.5560386016907755, 'a3': 2.627379873562253} logZ_min= 3.0017398752499784 obs_min= 0.8773019148840583
params_new= {'a1': 0.6928203230275509, 'a2': 2.5560386016907755, 'a3': 2.629126801669675} logZ_new= nan obs_new= 0.8507814511523787
params_max= {'a1': 0.6928203230275509, 'a2': 2.5560386016907755, 'a3': 2.6308737297770968} logZ_max= 3.0000593265890467 obs_max= 0.9161540701535746
dist_min= tensor(1782.2173) dist_max= tensor(26.1139)
params_min,params_max=params_min,params_new
evaluating model at params_new={'a1': 0.6928203230275509, 'a2': 2.5560386016907755, 'a3': 2.628253337615964}
params_min= {'a1': 0.6928203230275509, 'a2': 2.5560386016907755, 'a3': 2.627379873562253} logZ_min= 3.0017398752499784 obs_min= 0.8773019148840583
params_new= {'a1': 0.6928203230275509, 'a2': 2.5560386016907755, 'a3': 2.628253337615964} logZ_new= nan obs_new= 0.9166963050558038
params_max= {'a1': 0.6928203230275509, 'a2': 2.5560386016907755, 'a3': 2.629126801669675} logZ_max= nan obs_max= 0.8507814511523787
dist_min= tensor(1782.1219) dist_max= tensor(26.4813)
params_min,params_max=params_min,params_new
evaluating model at params_new={'a1': 0.6928203230275509, 'a2': 2.5560386016907755, 'a3': 2.627816605589109}
params_min= {'a1': 0.6928203230275509, 'a2': 2.5560386016907755, 'a3': 2.627379873562253} logZ_min= 3.0017398752499784 obs_min= 0.8773019148840583
params_new= {'a1': 0.6928203230275509, 'a2': 2.5560386016907755, 'a3': 2.627816605589109} logZ_new= nan obs_new= 0.8814028485844556
params_max= {'a1': 0.6928203230275509, 'a2': 2.5560386016907755, 'a3': 2.628253337615964} logZ_max= nan obs_max= 0.9166963050558038
dist_min= tensor(1868.0061) dist_max= tensor(565.2001)
params_min,params_max=params_min,params_new
evaluating model at params_new={'a1': 0.6928203230275509, 'a2': 2.5560386016907755, 'a3': 2.627598239575681}
params_min= {'a1': 0.6928203230275509, 'a2': 2.5560386016907755, 'a3': 2.627379873562253} logZ_min= 3.0017398752499784 obs_min= 0.8773019148840583
params_new= {'a1': 0.6928203230275509, 'a2': 2.5560386016907755, 'a3': 2.627598239575681} logZ_new= 3.0002208384525364 obs_new= 0.9041404505641697
params_max= {'a1': 0.6928203230275509, 'a2': 2.5560386016907755, 'a3': 2.627816605589109} logZ_max= nan obs_max= 0.8814028485844556
dist_min= tensor(1782.1326) dist_max= tensor(565.0351)
params_min,params_max=params_min,params_new
evaluating model at params_new={'a1': 0.6928203230275509, 'a2': 2.5560386016907755, 'a3': 2.627489056568967}
params_min= {'a1': 0.6928203230275509, 'a2': 2.5560386016907755, 'a3': 2.627379873562253} logZ_min= 3.0017398752499784 obs_min= 0.8773019148840583
params_new= {'a1': 0.6928203230275509, 'a2': 2.5560386016907755, 'a3': 2.627489056568967} logZ_new= 3.0045030822242262 obs_new= 0.835920015399493
params_max= {'a1': 0.6928203230275509, 'a2': 2.5560386016907755, 'a3': 2.627598239575681} logZ_max= 3.0002208384525364 obs_max= 0.9041404505641697
dist_min= tensor(1781.9785) dist_max= tensor(13.5114)
params_min,params_max=params_min,params_new
evaluating model at params_new={'a1': 0.6928203230275509, 'a2': 2.5560386016907755, 'a3': 2.62743446506561}
params_min= {'a1': 0.6928203230275509, 'a2': 2.5560386016907755, 'a3': 2.627379873562253} logZ_min= 3.0017398752499784 obs_min= 0.8773019148840583
params_new= {'a1': 0.6928203230275509, 'a2': 2.5560386016907755, 'a3': 2.62743446506561} logZ_new= 3.004115516578897 obs_new= 0.8339197300592699
params_max= {'a1': 0.6928203230275509, 'a2': 2.5560386016907755, 'a3': 2.627489056568967} logZ_max= 3.0045030822242262 obs_max= 0.835920015399493
dist_min= tensor(2500.6435) dist_max= tensor(1754.1976)
params_min,params_max=params_min,params_new
evaluating model at params_new={'a1': 0.6928203230275509, 'a2': 2.5560386016907755, 'a3': 2.6274071693139316}
params_min= {'a1': 0.6928203230275509, 'a2': 2.5560386016907755, 'a3': 2.627379873562253} logZ_min= 3.0017398752499784 obs_min= 0.8773019148840583
params_new= {'a1': 0.6928203230275509, 'a2': 2.5560386016907755, 'a3': 2.6274071693139316} logZ_new= nan obs_new= 0.8403246764617522
params_max= {'a1': 0.6928203230275509, 'a2': 2.5560386016907755, 'a3': 2.62743446506561} logZ_max= 3.004115516578897 obs_max= 0.8339197300592699
dist_min= tensor(1781.9846) dist_max= tensor(1754.1968)
params_min,params_max=params_min,params_new
evaluating model at params_new={'a1': 0.6928203230275509, 'a2': 2.5560386016907755, 'a3': 2.6273935214380923}
params_min= {'a1': 0.6928203230275509, 'a2': 2.5560386016907755, 'a3': 2.627379873562253} logZ_min= 3.0017398752499784 obs_min= 0.8773019148840583
params_new= {'a1': 0.6928203230275509, 'a2': 2.5560386016907755, 'a3': 2.6273935214380923} logZ_new= nan obs_new= 0.8460216931613395
params_max= {'a1': 0.6928203230275509, 'a2': 2.5560386016907755, 'a3': 2.6274071693139316} logZ_max= nan obs_max= 0.8403246764617522
dist_min= tensor(1782.0417) dist_max= tensor(8.1763)
params_min,params_max=params_min,params_new
evaluating model at params_new={'a1': 0.6928203230275509, 'a2': 2.5560386016907755, 'a3': 2.6273866975001727}
params_min= {'a1': 0.6928203230275509, 'a2': 2.5560386016907755, 'a3': 2.627379873562253} logZ_min= 3.0017398752499784 obs_min= 0.8773019148840583
params_new= {'a1': 0.6928203230275509, 'a2': 2.5560386016907755, 'a3': 2.6273866975001727} logZ_new= nan obs_new= 0.8278363728046889
params_max= {'a1': 0.6928203230275509, 'a2': 2.5560386016907755, 'a3': 2.6273935214380923} logZ_max= nan obs_max= 0.8460216931613395
dist_min= tensor(1825.3203) dist_max= tensor(389.9857)
params_min,params_max=params_min,params_new
evaluating model at params_new={'a1': 0.6928203230275509, 'a2': 2.5560386016907755, 'a3': 2.627383285531213}
params_min= {'a1': 0.6928203230275509, 'a2': 2.5560386016907755, 'a3': 2.627379873562253} logZ_min= 3.0017398752499784 obs_min= 0.8773019148840583
params_new= {'a1': 0.6928203230275509, 'a2': 2.5560386016907755, 'a3': 2.627383285531213} logZ_new= 3.0028406457652066 obs_new= 0.85265222070209
params_max= {'a1': 0.6928203230275509, 'a2': 2.5560386016907755, 'a3': 2.6273866975001727} logZ_max= nan obs_max= 0.8278363728046889
dist_min= tensor(1782.2736) dist_max= tensor(382.5963)
params_min,params_max=params_min,params_new
evaluating model at params_new={'a1': 0.6928203230275509, 'a2': 2.5560386016907755, 'a3': 2.627381579546733}
params_min= {'a1': 0.6928203230275509, 'a2': 2.5560386016907755, 'a3': 2.627379873562253} logZ_min= 3.0017398752499784 obs_min= 0.8773019148840583
params_new= {'a1': 0.6928203230275509, 'a2': 2.5560386016907755, 'a3': 2.627381579546733} logZ_new= 3.002188352599534 obs_new= 0.8527051412739789
params_max= {'a1': 0.6928203230275509, 'a2': 2.5560386016907755, 'a3': 2.627383285531213} logZ_max= 3.0028406457652066 obs_max= 0.85265222070209
dist_min= tensor(1792.9897) dist_max= tensor(195.1778)
params_min,params_max=params_min,params_new
evaluating model at params_new={'a1': 0.6928203230275509, 'a2': 2.5560386016907755, 'a3': 2.627380726554493}
params_min= {'a1': 0.6928203230275509, 'a2': 2.5560386016907755, 'a3': 2.627379873562253} logZ_min= 3.0017398752499784 obs_min= 0.8773019148840583
params_new= {'a1': 0.6928203230275509, 'a2': 2.5560386016907755, 'a3': 2.627380726554493} logZ_new= 3.0013427364391756 obs_new= 0.8723128458028945
params_max= {'a1': 0.6928203230275509, 'a2': 2.5560386016907755, 'a3': 2.627381579546733} logZ_max= 3.002188352599534 obs_max= 0.8527051412739789
dist_min= tensor(1782.0987) dist_max= tensor(196.6459)
params_min,params_max=params_min,params_new
evaluating model at params_new={'a1': 0.6928203230275509, 'a2': 2.5560386016907755, 'a3': 2.6273803000583733}
params_min= {'a1': 0.6928203230275509, 'a2': 2.5560386016907755, 'a3': 2.627379873562253} logZ_min= 3.0017398752499784 obs_min= 0.8773019148840583
params_new= {'a1': 0.6928203230275509, 'a2': 2.5560386016907755, 'a3': 2.6273803000583733} logZ_new= 3.004440312899835 obs_new= 0.8368418125822462
params_max= {'a1': 0.6928203230275509, 'a2': 2.5560386016907755, 'a3': 2.627380726554493} logZ_max= 3.0013427364391756 obs_max= 0.8723128458028945
dist_min= tensor(1782.0643) dist_max= tensor(1.5035)
params_min,params_max=params_min,params_new
evaluating model at params_new={'a1': 0.6928203230275509, 'a2': 2.5560386016907755, 'a3': 2.627380086810313}
params_min= {'a1': 0.6928203230275509, 'a2': 2.5560386016907755, 'a3': 2.627379873562253} logZ_min= 3.0017398752499784 obs_min= 0.8773019148840583
params_new= {'a1': 0.6928203230275509, 'a2': 2.5560386016907755, 'a3': 2.627380086810313} logZ_new= nan obs_new= 0.8537768528066763
params_max= {'a1': 0.6928203230275509, 'a2': 2.5560386016907755, 'a3': 2.6273803000583733} logZ_max= 3.004440312899835 obs_max= 0.8368418125822462
dist_min= tensor(1782.3772) dist_max= tensor(27.6246)
params_min,params_max=params_min,params_new
evaluating model at params_new={'a1': 0.6928203230275509, 'a2': 2.5560386016907755, 'a3': 2.627379980186283}
params_min= {'a1': 0.6928203230275509, 'a2': 2.5560386016907755, 'a3': 2.627379873562253} logZ_min= 3.0017398752499784 obs_min= 0.8773019148840583
params_new= {'a1': 0.6928203230275509, 'a2': 2.5560386016907755, 'a3': 2.627379980186283} logZ_new= 3.0035587042203145 obs_new= 0.8370154566959688
params_max= {'a1': 0.6928203230275509, 'a2': 2.5560386016907755, 'a3': 2.627380086810313} logZ_max= nan obs_max= 0.8537768528066763
dist_min= tensor(1782.0048) dist_max= tensor(27.9931)
params_min,params_max=params_min,params_new
evaluating model at params_new={'a1': 0.6928203230275509, 'a2': 2.5560386016907755, 'a3': 2.6273799268742684}
params_min= {'a1': 0.6928203230275509, 'a2': 2.5560386016907755, 'a3': 2.627379873562253} logZ_min= 3.0017398752499784 obs_min= 0.8773019148840583
params_new= {'a1': 0.6928203230275509, 'a2': 2.5560386016907755, 'a3': 2.6273799268742684} logZ_new= nan obs_new= 0.8484745758430474
params_max= {'a1': 0.6928203230275509, 'a2': 2.5560386016907755, 'a3': 2.627379980186283} logZ_max= 3.0035587042203145 obs_max= 0.8370154566959688
dist_min= tensor(8434.5805) dist_max= tensor(8244.0990)
params_min,params_max=params_min,params_new
evaluating model at params_new={'a1': 0.6928203230275509, 'a2': 2.5560386016907755, 'a3': 2.6273799002182607}
params_min= {'a1': 0.6928203230275509, 'a2': 2.5560386016907755, 'a3': 2.627379873562253} logZ_min= 3.0017398752499784 obs_min= 0.8773019148840583
params_new= {'a1': 0.6928203230275509, 'a2': 2.5560386016907755, 'a3': 2.6273799002182607} logZ_new= 2.999526503911384 obs_new= 0.9103328140997331
params_max= {'a1': 0.6928203230275509, 'a2': 2.5560386016907755, 'a3': 2.6273799268742684} logZ_max= nan obs_max= 0.8484745758430474
dist_min= tensor(1782.1816) dist_max= tensor(8244.1534)
params_min,params_max=params_new,params_max
evaluating model at params_new={'a1': 0.6928203230275509, 'a2': 2.5560386016907755, 'a3': 2.6273799135462648}
params_min= {'a1': 0.6928203230275509, 'a2': 2.5560386016907755, 'a3': 2.6273799002182607} logZ_min= 2.999526503911384 obs_min= 0.9103328140997331
params_new= {'a1': 0.6928203230275509, 'a2': 2.5560386016907755, 'a3': 2.6273799135462648} logZ_new= 3.004049527752547 obs_new= 0.8298045591584892
params_max= {'a1': 0.6928203230275509, 'a2': 2.5560386016907755, 'a3': 2.6273799268742684} logZ_max= nan obs_max= 0.8484745758430474
dist_min= tensor(3.2917) dist_max= tensor(8243.7727)
params_min,params_max=params_new,params_max
evaluating model at params_new={'a1': 0.6928203230275509, 'a2': 2.5560386016907755, 'a3': 2.6273799202102666}
params_min= {'a1': 0.6928203230275509, 'a2': 2.5560386016907755, 'a3': 2.6273799135462648} logZ_min= 3.004049527752547 obs_min= 0.8298045591584892
params_new= {'a1': 0.6928203230275509, 'a2': 2.5560386016907755, 'a3': 2.6273799202102666} logZ_new= 3.0033630479017845 obs_new= 0.8394608426909925
params_max= {'a1': 0.6928203230275509, 'a2': 2.5560386016907755, 'a3': 2.6273799268742684} logZ_max= nan obs_max= 0.8484745758430474
dist_min= tensor(1.4760) dist_max= tensor(8243.7428)
params_min,params_max=params_new,params_max
evaluating model at params_new={'a1': 0.6928203230275509, 'a2': 2.5560386016907755, 'a3': 2.6273799235422675}
params_min= {'a1': 0.6928203230275509, 'a2': 2.5560386016907755, 'a3': 2.6273799202102666} logZ_min= 3.0033630479017845 obs_min= 0.8394608426909925
params_new= {'a1': 0.6928203230275509, 'a2': 2.5560386016907755, 'a3': 2.6273799235422675} logZ_new= 3.004368851594202 obs_new= 0.8246190385828959
params_max= {'a1': 0.6928203230275509, 'a2': 2.5560386016907755, 'a3': 2.6273799268742684} logZ_max= nan obs_max= 0.8484745758430474
dist_min= tensor(1.7640) dist_max= tensor(8244.3276)
params_min,params_max=params_new,params_max
evaluating model at params_new={'a1': 0.6928203230275509, 'a2': 2.5560386016907755, 'a3': 2.6273799252082677}
params_min= {'a1': 0.6928203230275509, 'a2': 2.5560386016907755, 'a3': 2.6273799235422675} logZ_min= 3.004368851594202 obs_min= 0.8246190385828959
params_new= {'a1': 0.6928203230275509, 'a2': 2.5560386016907755, 'a3': 2.6273799252082677} logZ_new= 3.004061727475248 obs_new= 0.8295159317090316
params_max= {'a1': 0.6928203230275509, 'a2': 2.5560386016907755, 'a3': 2.6273799268742684} logZ_max= nan obs_max= 0.8484745758430474
dist_min= tensor(0.0879) dist_max= tensor(8244.3645)
params_min,params_max=params_new,params_max
evaluating model at params_new={'a1': 0.6928203230275509, 'a2': 2.5560386016907755, 'a3': 2.627379926041268}
params_min= {'a1': 0.6928203230275509, 'a2': 2.5560386016907755, 'a3': 2.6273799252082677} logZ_min= 3.004061727475248 obs_min= 0.8295159317090316
params_new= {'a1': 0.6928203230275509, 'a2': 2.5560386016907755, 'a3': 2.627379926041268} logZ_new= 2.999274718780345 obs_new= 0.9119132648722424
params_max= {'a1': 0.6928203230275509, 'a2': 2.5560386016907755, 'a3': 2.6273799268742684} logZ_max= nan obs_max= 0.8484745758430474
dist_min= tensor(27.9277) dist_max= tensor(8244.4215)
params_min,params_max=params_new,params_max
evaluating model at params_new={'a1': 0.6928203230275509, 'a2': 2.5560386016907755, 'a3': 2.627379926457768}
params_min= {'a1': 0.6928203230275509, 'a2': 2.5560386016907755, 'a3': 2.627379926041268} logZ_min= 2.999274718780345 obs_min= 0.9119132648722424
params_new= {'a1': 0.6928203230275509, 'a2': 2.5560386016907755, 'a3': 2.627379926457768} logZ_new= nan obs_new= 0.873785022322644
params_max= {'a1': 0.6928203230275509, 'a2': 2.5560386016907755, 'a3': 2.6273799268742684} logZ_max= nan obs_max= 0.8484745758430474
dist_min= tensor(28.0486) dist_max= tensor(8244.1139)
params_min,params_max=params_new,params_max
evaluating model at params_new={'a1': 0.6928203230275509, 'a2': 2.5560386016907755, 'a3': 2.627379926666018}
params_min= {'a1': 0.6928203230275509, 'a2': 2.5560386016907755, 'a3': 2.627379926457768} logZ_min= nan obs_min= 0.873785022322644
params_new= {'a1': 0.6928203230275509, 'a2': 2.5560386016907755, 'a3': 2.627379926666018} logZ_new= 3.0043026777122903 obs_new= 0.8246444898960824
params_max= {'a1': 0.6928203230275509, 'a2': 2.5560386016907755, 'a3': 2.6273799268742684} logZ_max= nan obs_max= 0.8484745758430474
dist_min= tensor(1.7665) dist_max= tensor(8243.7429)
params_min,params_max=params_new,params_max
evaluating model at params_new={'a1': 0.6928203230275509, 'a2': 2.5560386016907755, 'a3': 2.627379926770143}
params_min= {'a1': 0.6928203230275509, 'a2': 2.5560386016907755, 'a3': 2.627379926666018} logZ_min= 3.0043026777122903 obs_min= 0.8246444898960824
params_new= {'a1': 0.6928203230275509, 'a2': 2.5560386016907755, 'a3': 2.627379926770143} logZ_new= nan obs_new= 0.8424916488625684
params_max= {'a1': 0.6928203230275509, 'a2': 2.5560386016907755, 'a3': 2.6273799268742684} logZ_max= nan obs_max= 0.8484745758430474
dist_min= tensor(16412.0912) dist_max= tensor(18314.6700)
params_min,params_max=params_new,params_max
evaluating model at params_new={'a1': 0.6928203230275509, 'a2': 2.5560386016907755, 'a3': 2.627379926822206}
params_min= {'a1': 0.6928203230275509, 'a2': 2.5560386016907755, 'a3': 2.627379926770143} logZ_min= nan obs_min= 0.8424916488625684
params_new= {'a1': 0.6928203230275509, 'a2': 2.5560386016907755, 'a3': 2.627379926822206} logZ_new= 3.0012311533612177 obs_new= 0.8749932305730025
params_max= {'a1': 0.6928203230275509, 'a2': 2.5560386016907755, 'a3': 2.6273799268742684} logZ_max= nan obs_max= 0.8484745758430474
dist_min= tensor(16412.0919) dist_max= tensor(8243.8080)
params_min,params_max=params_min,params_new
evaluating model at params_new={'a1': 0.6928203230275509, 'a2': 2.5560386016907755, 'a3': 2.6273799267961744}
params_min= {'a1': 0.6928203230275509, 'a2': 2.5560386016907755, 'a3': 2.627379926770143} logZ_min= nan obs_min= 0.8424916488625684
params_new= {'a1': 0.6928203230275509, 'a2': 2.5560386016907755, 'a3': 2.6273799267961744} logZ_new= 3.0031034407532906 obs_new= 0.845232262757888
params_max= {'a1': 0.6928203230275509, 'a2': 2.5560386016907755, 'a3': 2.627379926822206} logZ_max= 3.0012311533612177 obs_max= 0.8749932305730025
dist_min= tensor(16412.0953) dist_max= tensor(0.6134)
params_min,params_max=params_min,params_new
evaluating model at params_new={'a1': 0.6928203230275509, 'a2': 2.5560386016907755, 'a3': 2.627379926783159}
params_min= {'a1': 0.6928203230275509, 'a2': 2.5560386016907755, 'a3': 2.627379926770143} logZ_min= nan obs_min= 0.8424916488625684
params_new= {'a1': 0.6928203230275509, 'a2': 2.5560386016907755, 'a3': 2.627379926783159} logZ_new= 3.002551297640947 obs_new= 0.8484534879165618
params_max= {'a1': 0.6928203230275509, 'a2': 2.5560386016907755, 'a3': 2.6273799267961744} logZ_max= 3.0031034407532906 obs_max= 0.845232262757888
dist_min= tensor(16412.0960) dist_max= tensor(0.1233)
params_min,params_max=params_min,params_new
evaluating model at params_new={'a1': 0.6928203230275509, 'a2': 2.5560386016907755, 'a3': 2.6273799267766513}
params_min= {'a1': 0.6928203230275509, 'a2': 2.5560386016907755, 'a3': 2.627379926770143} logZ_min= nan obs_min= 0.8424916488625684
params_new= {'a1': 0.6928203230275509, 'a2': 2.5560386016907755, 'a3': 2.6273799267766513} logZ_new= 3.004230363316856 obs_new= 0.8302404786707717
params_max= {'a1': 0.6928203230275509, 'a2': 2.5560386016907755, 'a3': 2.627379926783159} logZ_max= 3.002551297640947 obs_max= 0.8484534879165618
dist_min= tensor(16446.1423) dist_max= tensor(1056.8915)
params_min,params_max=params_min,params_new
evaluating model at params_new={'a1': 0.6928203230275509, 'a2': 2.5560386016907755, 'a3': 2.627379926773397}
params_min= {'a1': 0.6928203230275509, 'a2': 2.5560386016907755, 'a3': 2.627379926770143} logZ_min= nan obs_min= 0.8424916488625684
params_new= {'a1': 0.6928203230275509, 'a2': 2.5560386016907755, 'a3': 2.627379926773397} logZ_new= nan obs_new= 0.845963886969766
params_max= {'a1': 0.6928203230275509, 'a2': 2.5560386016907755, 'a3': 2.6273799267766513} logZ_max= 3.004230363316856 obs_max= 0.8302404786707717
dist_min= tensor(16412.1392) dist_max= tensor(1056.8456)
params_min,params_max=params_min,params_new
evaluating model at params_new={'a1': 0.6928203230275509, 'a2': 2.5560386016907755, 'a3': 2.62737992677177}
params_min= {'a1': 0.6928203230275509, 'a2': 2.5560386016907755, 'a3': 2.627379926770143} logZ_min= nan obs_min= 0.8424916488625684
params_new= {'a1': 0.6928203230275509, 'a2': 2.5560386016907755, 'a3': 2.62737992677177} logZ_new= 3.004278621435918 obs_new= 0.8532781926437081
params_max= {'a1': 0.6928203230275509, 'a2': 2.5560386016907755, 'a3': 2.627379926773397} logZ_max= nan obs_max= 0.845963886969766
dist_min= tensor(16412.5314) dist_max= tensor(134.7754)
params_min,params_max=params_min,params_new
evaluating model at params_new={'a1': 0.6928203230275509, 'a2': 2.5560386016907755, 'a3': 2.6273799267709563}
params_min= {'a1': 0.6928203230275509, 'a2': 2.5560386016907755, 'a3': 2.627379926770143} logZ_min= nan obs_min= 0.8424916488625684
params_new= {'a1': 0.6928203230275509, 'a2': 2.5560386016907755, 'a3': 2.6273799267709563} logZ_new= 3.0044310751163636 obs_new= 0.8377679538390811
params_max= {'a1': 0.6928203230275509, 'a2': 2.5560386016907755, 'a3': 2.62737992677177} logZ_max= 3.004278621435918 obs_max= 0.8532781926437081
dist_min= tensor(16412.0957) dist_max= tensor(139.3579)
params_min,params_max=params_min,params_new
evaluating model at params_new={'a1': 0.6928203230275509, 'a2': 2.5560386016907755, 'a3': 2.6273799267705495}
params_min= {'a1': 0.6928203230275509, 'a2': 2.5560386016907755, 'a3': 2.627379926770143} logZ_min= nan obs_min= 0.8424916488625684
params_new= {'a1': 0.6928203230275509, 'a2': 2.5560386016907755, 'a3': 2.6273799267705495} logZ_new= 3.0038372634595376 obs_new= 0.8360755344996144
params_max= {'a1': 0.6928203230275509, 'a2': 2.5560386016907755, 'a3': 2.6273799267709563} logZ_max= 3.0044310751163636 obs_max= 0.8377679538390811
dist_min= tensor(16412.0957) dist_max= tensor(0.0934)
params_min,params_max=params_min,params_new
evaluating model at params_new={'a1': 0.6928203230275509, 'a2': 2.5560386016907755, 'a3': 2.627379926770346}
params_min= {'a1': 0.6928203230275509, 'a2': 2.5560386016907755, 'a3': 2.627379926770143} logZ_min= nan obs_min= 0.8424916488625684
params_new= {'a1': 0.6928203230275509, 'a2': 2.5560386016907755, 'a3': 2.627379926770346} logZ_new= 3.0041548578499464 obs_new= 0.8316813542529207
params_max= {'a1': 0.6928203230275509, 'a2': 2.5560386016907755, 'a3': 2.6273799267705495} logZ_max= 3.0038372634595376 obs_max= 0.8360755344996144
dist_min= tensor(51025.8974) dist_max= tensor(48314.6039)
params_min,params_max=params_min,params_new
evaluating model at params_new={'a1': 0.6928203230275509, 'a2': 2.5560386016907755, 'a3': 2.627379926770245}
params_min= {'a1': 0.6928203230275509, 'a2': 2.5560386016907755, 'a3': 2.627379926770143} logZ_min= nan obs_min= 0.8424916488625684
params_new= {'a1': 0.6928203230275509, 'a2': 2.5560386016907755, 'a3': 2.627379926770245} logZ_new= 3.002692355926028 obs_new= 0.8556782757010248
params_max= {'a1': 0.6928203230275509, 'a2': 2.5560386016907755, 'a3': 2.627379926770346} logZ_max= 3.0041548578499464 obs_max= 0.8316813542529207
dist_min= tensor(16410.3491) dist_max= tensor(48314.7673)
params_min,params_max=params_new,params_max
evaluating model at params_new={'a1': 0.6928203230275509, 'a2': 2.5560386016907755, 'a3': 2.6273799267702955}
params_min= {'a1': 0.6928203230275509, 'a2': 2.5560386016907755, 'a3': 2.627379926770245} logZ_min= 3.002692355926028 obs_min= 0.8556782757010248
params_new= {'a1': 0.6928203230275509, 'a2': 2.5560386016907755, 'a3': 2.6273799267702955} logZ_new= 3.0029974383655964 obs_new= 0.8451239401513894
params_max= {'a1': 0.6928203230275509, 'a2': 2.5560386016907755, 'a3': 2.627379926770346} logZ_max= 3.0041548578499464 obs_max= 0.8316813542529207
dist_min= tensor(92.6477) dist_max= tensor(48314.6038)
params_min,params_max=params_new,params_max
evaluating model at params_new={'a1': 0.6928203230275509, 'a2': 2.5560386016907755, 'a3': 2.627379926770321}
params_min= {'a1': 0.6928203230275509, 'a2': 2.5560386016907755, 'a3': 2.6273799267702955} logZ_min= 3.0029974383655964 obs_min= 0.8451239401513894
params_new= {'a1': 0.6928203230275509, 'a2': 2.5560386016907755, 'a3': 2.627379926770321} logZ_new= 3.003356953134643 obs_new= 0.8434234950524285
params_max= {'a1': 0.6928203230275509, 'a2': 2.5560386016907755, 'a3': 2.627379926770346} logZ_max= 3.0041548578499464 obs_max= 0.8316813542529207
dist_min= tensor(213.3521) dist_max= tensor(48314.6089)
params_min,params_max=params_new,params_max
evaluating model at params_new={'a1': 0.6928203230275509, 'a2': 2.5560386016907755, 'a3': 2.6273799267703337}
params_min= {'a1': 0.6928203230275509, 'a2': 2.5560386016907755, 'a3': 2.627379926770321} logZ_min= 3.003356953134643 obs_min= 0.8434234950524285
params_new= {'a1': 0.6928203230275509, 'a2': 2.5560386016907755, 'a3': 2.6273799267703337} logZ_new= nan obs_new= 0.8437528700843355
params_max= {'a1': 0.6928203230275509, 'a2': 2.5560386016907755, 'a3': 2.627379926770346} logZ_max= 3.0041548578499464 obs_max= 0.8316813542529207
dist_min= tensor(249.7864) dist_max= tensor(48314.8508)
params_min,params_max=params_new,params_max
evaluating model at params_new={'a1': 0.6928203230275509, 'a2': 2.5560386016907755, 'a3': 2.62737992677034}
params_min= {'a1': 0.6928203230275509, 'a2': 2.5560386016907755, 'a3': 2.6273799267703337} logZ_min= nan obs_min= 0.8437528700843355
params_new= {'a1': 0.6928203230275509, 'a2': 2.5560386016907755, 'a3': 2.62737992677034} logZ_new= 3.004361176477026 obs_new= 0.8450140459378084
params_max= {'a1': 0.6928203230275509, 'a2': 2.5560386016907755, 'a3': 2.627379926770346} logZ_max= 3.0041548578499464 obs_max= 0.8316813542529207
dist_min= tensor(562.7784) dist_max= tensor(48317.4911)
params_min,params_max=params_new,params_max
evaluating model at params_new={'a1': 0.6928203230275509, 'a2': 2.5560386016907755, 'a3': 2.627379926770343}
params_min= {'a1': 0.6928203230275509, 'a2': 2.5560386016907755, 'a3': 2.62737992677034} logZ_min= 3.004361176477026 obs_min= 0.8450140459378084
params_new= {'a1': 0.6928203230275509, 'a2': 2.5560386016907755, 'a3': 2.627379926770343} logZ_new= 2.999471539328047 obs_new= 0.9106890621457738
params_max= {'a1': 0.6928203230275509, 'a2': 2.5560386016907755, 'a3': 2.627379926770346} logZ_max= 3.0041548578499464 obs_max= 0.8316813542529207
dist_min= tensor(549.9625) dist_max= tensor(48314.6846)
params_min,params_max=params_new,params_max
evaluating model at params_new={'a1': 0.6928203230275509, 'a2': 2.5560386016907755, 'a3': 2.6273799267703444}
params_min= {'a1': 0.6928203230275509, 'a2': 2.5560386016907755, 'a3': 2.627379926770343} logZ_min= 2.999471539328047 obs_min= 0.9106890621457738
params_new= {'a1': 0.6928203230275509, 'a2': 2.5560386016907755, 'a3': 2.6273799267703444} logZ_new= 3.0015221049714436 obs_new= 0.8781940690387584
params_max= {'a1': 0.6928203230275509, 'a2': 2.5560386016907755, 'a3': 2.627379926770346} logZ_max= 3.0041548578499464 obs_max= 0.8316813542529207
dist_min= tensor(59.6247) dist_max= tensor(48314.7178)
params_min,params_max=params_new,params_max
evaluating model at params_new={'a1': 0.6928203230275509, 'a2': 2.5560386016907755, 'a3': 2.6273799267703453}
params_min= {'a1': 0.6928203230275509, 'a2': 2.5560386016907755, 'a3': 2.6273799267703444} logZ_min= 3.0015221049714436 obs_min= 0.8781940690387584
params_new= {'a1': 0.6928203230275509, 'a2': 2.5560386016907755, 'a3': 2.6273799267703453} logZ_new= 3.003825833290002 obs_new= 0.8370652301523314
params_max= {'a1': 0.6928203230275509, 'a2': 2.5560386016907755, 'a3': 2.627379926770346} logZ_max= 3.0041548578499464 obs_max= 0.8316813542529207
dist_min= tensor(4791.5283) dist_max= tensor(48546.4732)
params_min,params_max=params_new,params_max
evaluating model at params_new={'a1': 0.6928203230275509, 'a2': 2.5560386016907755, 'a3': 2.6273799267703457}
params_min= {'a1': 0.6928203230275509, 'a2': 2.5560386016907755, 'a3': 2.6273799267703453} logZ_min= 3.003825833290002 obs_min= 0.8370652301523314
params_new= {'a1': 0.6928203230275509, 'a2': 2.5560386016907755, 'a3': 2.6273799267703457} logZ_new= 3.004384491397226 obs_new= 0.8250130415183555
params_max= {'a1': 0.6928203230275509, 'a2': 2.5560386016907755, 'a3': 2.627379926770346} logZ_max= 3.0041548578499464 obs_max= 0.8316813542529207
dist_min= tensor(4791.3733) dist_max= tensor(48314.6039)
params_min,params_max=params_new,params_max
critical params found:  {'a1': 0.6928203230275509, 'a2': 2.5560386016907755, 'a3': 2.627379926770346}
reference params:  {'a1': 1.1547005383792515, 'a2': 1.8257418583505538, 'a3': 4.47213595499958}
file saved to  data/AKLT3D_X10_scan_grid_critical_a3/a1_0.6928203_a2_2.5560386/Tc.json
