Start running find_critical_temp.py with options:{'filename': 'data/AKLT3D_X10_scan_grid_critical_a3/a1_0.9237604_a2_2.9211870/Tc.json', 'log_filename': 'data/AKLT3D_X10_scan_grid_critical_a3/a1_0.9237604_a2_2.9211870/Tc.log', 'nLayers': 60, 'max_dim': 10, 'model': 'AKLT3D', 'params_min': "{'a1': 0.9237604307034012, 'a2': 2.921186973360886, 'a3': 1.788854381999832}", 'params_max': "{'a1': 0.9237604307034012, 'a2': 2.921186973360886, 'a3': 2.683281572999748}", 'params_ref': None, 'observable_name': 'magnetizationZ', 'tol': 0.0, 'gilt_enabled': False, 'gilt_eps': 8e-07, 'gilt_nIter': 1, 'mcf_enabled': True, 'mcf_eps': 1e-16, 'mcf_max_iter': 200, 'hotrg_sanity_check': False, 'version': 1, 'device': 'cuda:1'}
loading library...
evaluating model at params_min={'a1': 0.9237604307034012, 'a2': 2.921186973360886, 'a3': 1.788854381999832}
params_min= {'a1': 0.9237604307034012, 'a2': 2.921186973360886, 'a3': 1.788854381999832} logZ_min= 3.2385789070212696 obs_min= 3.208907700209793e-30
evaluating model at params_max={'a1': 0.9237604307034012, 'a2': 2.921186973360886, 'a3': 2.683281572999748}
params_max= {'a1': 0.9237604307034012, 'a2': 2.921186973360886, 'a3': 2.683281572999748} logZ_max= 3.295630765565771 obs_max= 2.3550194813037773
searching for critical temperature using bisection method
evaluating model at params_new={'a1': 0.9237604307034012, 'a2': 2.921186973360886, 'a3': 2.23606797749979}
params_min= {'a1': 0.9237604307034012, 'a2': 2.921186973360886, 'a3': 1.788854381999832} logZ_min= 3.2385789070212696 obs_min= 3.208907700209793e-30
params_new= {'a1': 0.9237604307034012, 'a2': 2.921186973360886, 'a3': 2.23606797749979} logZ_new= 3.27893100863642 obs_new= 1.958100083254756
params_max= {'a1': 0.9237604307034012, 'a2': 2.921186973360886, 'a3': 2.683281572999748} logZ_max= 3.295630765565771 obs_max= 2.3550194813037773
dist_min= tensor(10241.6569) dist_max= tensor(6947.1562)
params_min,params_max=params_min,params_new
evaluating model at params_new={'a1': 0.9237604307034012, 'a2': 2.921186973360886, 'a3': 2.0124611797498106}
params_min= {'a1': 0.9237604307034012, 'a2': 2.921186973360886, 'a3': 1.788854381999832} logZ_min= 3.2385789070212696 obs_min= 3.208907700209793e-30
params_new= {'a1': 0.9237604307034012, 'a2': 2.921186973360886, 'a3': 2.0124611797498106} logZ_new= 3.243683978622268 obs_new= 9.363708352821394e-29
params_max= {'a1': 0.9237604307034012, 'a2': 2.921186973360886, 'a3': 2.23606797749979} logZ_max= 3.27893100863642 obs_max= 1.958100083254756
dist_min= tensor(23.6953) dist_max= tensor(10241.9552)
params_min,params_max=params_new,params_max
evaluating model at params_new={'a1': 0.9237604307034012, 'a2': 2.921186973360886, 'a3': 2.1242645786248002}
params_min= {'a1': 0.9237604307034012, 'a2': 2.921186973360886, 'a3': 2.0124611797498106} logZ_min= 3.243683978622268 obs_min= 9.363708352821394e-29
params_new= {'a1': 0.9237604307034012, 'a2': 2.921186973360886, 'a3': 2.1242645786248002} logZ_new= 3.27498917071365 obs_new= 1.8613484587023101
params_max= {'a1': 0.9237604307034012, 'a2': 2.921186973360886, 'a3': 2.23606797749979} logZ_max= 3.27893100863642 obs_max= 1.958100083254756
dist_min= tensor(13167.8220) dist_max= tensor(2925.8671)
params_min,params_max=params_min,params_new
evaluating model at params_new={'a1': 0.9237604307034012, 'a2': 2.921186973360886, 'a3': 2.0683628791873057}
params_min= {'a1': 0.9237604307034012, 'a2': 2.921186973360886, 'a3': 2.0124611797498106} logZ_min= 3.243683978622268 obs_min= 9.363708352821394e-29
params_new= {'a1': 0.9237604307034012, 'a2': 2.921186973360886, 'a3': 2.0683628791873057} logZ_new= nan obs_new= 4.3165452369352906e-29
params_max= {'a1': 0.9237604307034012, 'a2': 2.921186973360886, 'a3': 2.1242645786248002} logZ_max= 3.27498917071365 obs_max= 1.8613484587023101
dist_min= tensor(23.6640) dist_max= tensor(13151.1340)
params_min,params_max=params_new,params_max
evaluating model at params_new={'a1': 0.9237604307034012, 'a2': 2.921186973360886, 'a3': 2.096313728906053}
params_min= {'a1': 0.9237604307034012, 'a2': 2.921186973360886, 'a3': 2.0683628791873057} logZ_min= nan obs_min= 4.3165452369352906e-29
params_new= {'a1': 0.9237604307034012, 'a2': 2.921186973360886, 'a3': 2.096313728906053} logZ_new= 3.2738538744245766 obs_new= 1.8410487484233695
params_max= {'a1': 0.9237604307034012, 'a2': 2.921186973360886, 'a3': 2.1242645786248002} logZ_max= 3.27498917071365 obs_max= 1.8613484587023101
dist_min= tensor(14055.7478) dist_max= tensor(904.6168)
params_min,params_max=params_min,params_new
evaluating model at params_new={'a1': 0.9237604307034012, 'a2': 2.921186973360886, 'a3': 2.0823383040466794}
params_min= {'a1': 0.9237604307034012, 'a2': 2.921186973360886, 'a3': 2.0683628791873057} logZ_min= nan obs_min= 4.3165452369352906e-29
params_new= {'a1': 0.9237604307034012, 'a2': 2.921186973360886, 'a3': 2.0823383040466794} logZ_new= nan obs_new= 1.8309926337822633
params_max= {'a1': 0.9237604307034012, 'a2': 2.921186973360886, 'a3': 2.096313728906053} logZ_max= 3.2738538744245766 obs_max= 1.8410487484233695
dist_min= tensor(14539.6953) dist_max= tensor(484.0370)
params_min,params_max=params_min,params_new
evaluating model at params_new={'a1': 0.9237604307034012, 'a2': 2.921186973360886, 'a3': 2.0753505916169925}
params_min= {'a1': 0.9237604307034012, 'a2': 2.921186973360886, 'a3': 2.0683628791873057} logZ_min= nan obs_min= 4.3165452369352906e-29
params_new= {'a1': 0.9237604307034012, 'a2': 2.921186973360886, 'a3': 2.0753505916169925} logZ_new= nan obs_new= 6.304623069650498e-30
params_max= {'a1': 0.9237604307034012, 'a2': 2.921186973360886, 'a3': 2.0823383040466794} logZ_max= nan obs_max= 1.8309926337822633
dist_min= tensor(17.2433) dist_max= tensor(14539.7089)
params_min,params_max=params_new,params_max
evaluating model at params_new={'a1': 0.9237604307034012, 'a2': 2.921186973360886, 'a3': 2.0788444478318358}
params_min= {'a1': 0.9237604307034012, 'a2': 2.921186973360886, 'a3': 2.0753505916169925} logZ_min= nan obs_min= 6.304623069650498e-30
params_new= {'a1': 0.9237604307034012, 'a2': 2.921186973360886, 'a3': 2.0788444478318358} logZ_new= 3.2731524109235224 obs_new= 1.8284877776881567
params_max= {'a1': 0.9237604307034012, 'a2': 2.921186973360886, 'a3': 2.0823383040466794} logZ_max= nan obs_max= 1.8309926337822633
dist_min= tensor(14664.1987) dist_max= tensor(124.8226)
params_min,params_max=params_min,params_new
evaluating model at params_new={'a1': 0.9237604307034012, 'a2': 2.921186973360886, 'a3': 2.077097519724414}
params_min= {'a1': 0.9237604307034012, 'a2': 2.921186973360886, 'a3': 2.0753505916169925} logZ_min= nan obs_min= 6.304623069650498e-30
params_new= {'a1': 0.9237604307034012, 'a2': 2.921186973360886, 'a3': 2.077097519724414} logZ_new= 3.2730828327704766 obs_new= 1.8272362335433006
params_max= {'a1': 0.9237604307034012, 'a2': 2.921186973360886, 'a3': 2.0788444478318358} logZ_max= 3.2731524109235224 obs_max= 1.8284877776881567
dist_min= tensor(14727.1573) dist_max= tensor(95.6028)
params_min,params_max=params_min,params_new
evaluating model at params_new={'a1': 0.9237604307034012, 'a2': 2.921186973360886, 'a3': 2.0762240556707035}
params_min= {'a1': 0.9237604307034012, 'a2': 2.921186973360886, 'a3': 2.0753505916169925} logZ_min= nan obs_min= 6.304623069650498e-30
params_new= {'a1': 0.9237604307034012, 'a2': 2.921186973360886, 'a3': 2.0762240556707035} logZ_new= nan obs_new= 1.8266168977817416
params_max= {'a1': 0.9237604307034012, 'a2': 2.921186973360886, 'a3': 2.077097519724414} logZ_max= 3.2730828327704766 obs_max= 1.8272362335433006
dist_min= tensor(14760.6440) dist_max= tensor(263.1855)
params_min,params_max=params_min,params_new
evaluating model at params_new={'a1': 0.9237604307034012, 'a2': 2.921186973360886, 'a3': 2.0757873236438478}
params_min= {'a1': 0.9237604307034012, 'a2': 2.921186973360886, 'a3': 2.0753505916169925} logZ_min= nan obs_min= 6.304623069650498e-30
params_new= {'a1': 0.9237604307034012, 'a2': 2.921186973360886, 'a3': 2.0757873236438478} logZ_new= nan obs_new= 5.804292480546368e-29
params_max= {'a1': 0.9237604307034012, 'a2': 2.921186973360886, 'a3': 2.0762240556707035} logZ_max= nan obs_max= 1.8266168977817416
dist_min= tensor(5.2797) dist_max= tensor(14760.6455)
params_min,params_max=params_new,params_max
evaluating model at params_new={'a1': 0.9237604307034012, 'a2': 2.921186973360886, 'a3': 2.0760056896572756}
params_min= {'a1': 0.9237604307034012, 'a2': 2.921186973360886, 'a3': 2.0757873236438478} logZ_min= nan obs_min= 5.804292480546368e-29
params_new= {'a1': 0.9237604307034012, 'a2': 2.921186973360886, 'a3': 2.0760056896572756} logZ_new= 3.273039269428564 obs_new= 1.826454888590476
params_max= {'a1': 0.9237604307034012, 'a2': 2.921186973360886, 'a3': 2.0762240556707035} logZ_max= nan obs_max= 1.8266168977817416
dist_min= tensor(14766.4126) dist_max= tensor(250.6561)
params_min,params_max=params_min,params_new
evaluating model at params_new={'a1': 0.9237604307034012, 'a2': 2.921186973360886, 'a3': 2.0758965066505617}
params_min= {'a1': 0.9237604307034012, 'a2': 2.921186973360886, 'a3': 2.0757873236438478} logZ_min= nan obs_min= 5.804292480546368e-29
params_new= {'a1': 0.9237604307034012, 'a2': 2.921186973360886, 'a3': 2.0758965066505617} logZ_new= 3.24442958570995 obs_new= 5.274758112081473e-30
params_max= {'a1': 0.9237604307034012, 'a2': 2.921186973360886, 'a3': 2.0760056896572756} logZ_max= 3.273039269428564 obs_max= 1.826454888590476
dist_min= tensor(94.5042) dist_max= tensor(14766.7428)
params_min,params_max=params_new,params_max
evaluating model at params_new={'a1': 0.9237604307034012, 'a2': 2.921186973360886, 'a3': 2.0759510981539187}
params_min= {'a1': 0.9237604307034012, 'a2': 2.921186973360886, 'a3': 2.0758965066505617} logZ_min= 3.24442958570995 obs_min= 5.274758112081473e-30
params_new= {'a1': 0.9237604307034012, 'a2': 2.921186973360886, 'a3': 2.0759510981539187} logZ_new= 3.27303696441739 obs_new= 1.826416273840742
params_max= {'a1': 0.9237604307034012, 'a2': 2.921186973360886, 'a3': 2.0760056896572756} logZ_max= 3.273039269428564 obs_max= 1.826454888590476
dist_min= tensor(14769.6674) dist_max= tensor(166.8044)
params_min,params_max=params_min,params_new
evaluating model at params_new={'a1': 0.9237604307034012, 'a2': 2.921186973360886, 'a3': 2.07592380240224}
params_min= {'a1': 0.9237604307034012, 'a2': 2.921186973360886, 'a3': 2.0758965066505617} logZ_min= 3.24442958570995 obs_min= 5.274758112081473e-30
params_new= {'a1': 0.9237604307034012, 'a2': 2.921186973360886, 'a3': 2.07592380240224} logZ_new= 3.273036047684723 obs_new= 1.826396148435139
params_max= {'a1': 0.9237604307034012, 'a2': 2.921186973360886, 'a3': 2.0759510981539187} logZ_max= 3.27303696441739 obs_max= 1.826416273840742
dist_min= tensor(14769.7058) dist_max= tensor(167.0024)
params_min,params_max=params_min,params_new
evaluating model at params_new={'a1': 0.9237604307034012, 'a2': 2.921186973360886, 'a3': 2.075910154526401}
params_min= {'a1': 0.9237604307034012, 'a2': 2.921186973360886, 'a3': 2.0758965066505617} logZ_min= 3.24442958570995 obs_min= 5.274758112081473e-30
params_new= {'a1': 0.9237604307034012, 'a2': 2.921186973360886, 'a3': 2.075910154526401} logZ_new= nan obs_new= 5.619437824554799e-29
params_max= {'a1': 0.9237604307034012, 'a2': 2.921186973360886, 'a3': 2.07592380240224} logZ_max= 3.273036047684723 obs_max= 1.826396148435139
dist_min= tensor(99.5150) dist_max= tensor(14769.3757)
params_min,params_max=params_new,params_max
evaluating model at params_new={'a1': 0.9237604307034012, 'a2': 2.921186973360886, 'a3': 2.0759169784643206}
params_min= {'a1': 0.9237604307034012, 'a2': 2.921186973360886, 'a3': 2.075910154526401} logZ_min= nan obs_min= 5.619437824554799e-29
params_new= {'a1': 0.9237604307034012, 'a2': 2.921186973360886, 'a3': 2.0759169784643206} logZ_new= 3.273035775716241 obs_new= 1.8263912656262147
params_max= {'a1': 0.9237604307034012, 'a2': 2.921186973360886, 'a3': 2.07592380240224} logZ_max= 3.273036047684723 obs_max= 1.826396148435139
dist_min= tensor(14769.9738) dist_max= tensor(101.2760)
params_min,params_max=params_min,params_new
evaluating model at params_new={'a1': 0.9237604307034012, 'a2': 2.921186973360886, 'a3': 2.0759135664953607}
params_min= {'a1': 0.9237604307034012, 'a2': 2.921186973360886, 'a3': 2.075910154526401} logZ_min= nan obs_min= 5.619437824554799e-29
params_new= {'a1': 0.9237604307034012, 'a2': 2.921186973360886, 'a3': 2.0759135664953607} logZ_new= nan obs_new= 1.8263888222999096
params_max= {'a1': 0.9237604307034012, 'a2': 2.921186973360886, 'a3': 2.0759169784643206} logZ_max= 3.273035775716241 obs_max= 1.8263912656262147
dist_min= tensor(14769.7523) dist_max= tensor(95.4342)
params_min,params_max=params_min,params_new
evaluating model at params_new={'a1': 0.9237604307034012, 'a2': 2.921186973360886, 'a3': 2.075911860510881}
params_min= {'a1': 0.9237604307034012, 'a2': 2.921186973360886, 'a3': 2.075910154526401} logZ_min= nan obs_min= 5.619437824554799e-29
params_new= {'a1': 0.9237604307034012, 'a2': 2.921186973360886, 'a3': 2.075911860510881} logZ_new= 3.244429937032224 obs_new= 3.307771276000448e-30
params_max= {'a1': 0.9237604307034012, 'a2': 2.921186973360886, 'a3': 2.0759135664953607} logZ_max= nan obs_max= 1.8263888222999096
dist_min= tensor(6.7145) dist_max= tensor(14769.7521)
params_min,params_max=params_new,params_max
evaluating model at params_new={'a1': 0.9237604307034012, 'a2': 2.921186973360886, 'a3': 2.075912713503121}
params_min= {'a1': 0.9237604307034012, 'a2': 2.921186973360886, 'a3': 2.075911860510881} logZ_min= 3.244429937032224 obs_min= 3.307771276000448e-30
params_new= {'a1': 0.9237604307034012, 'a2': 2.921186973360886, 'a3': 2.075912713503121} logZ_new= nan obs_new= 1.4693729035256104e-29
params_max= {'a1': 0.9237604307034012, 'a2': 2.921186973360886, 'a3': 2.0759135664953607} logZ_max= nan obs_max= 1.8263888222999096
dist_min= tensor(5.4895) dist_max= tensor(14769.7513)
params_min,params_max=params_new,params_max
evaluating model at params_new={'a1': 0.9237604307034012, 'a2': 2.921186973360886, 'a3': 2.0759131399992405}
params_min= {'a1': 0.9237604307034012, 'a2': 2.921186973360886, 'a3': 2.075912713503121} logZ_min= nan obs_min= 1.4693729035256104e-29
params_new= {'a1': 0.9237604307034012, 'a2': 2.921186973360886, 'a3': 2.0759131399992405} logZ_new= nan obs_new= 2.1765673241029336e-29
params_max= {'a1': 0.9237604307034012, 'a2': 2.921186973360886, 'a3': 2.0759135664953607} logZ_max= nan obs_max= 1.8263888222999096
dist_min= tensor(175.8672) dist_max= tensor(14770.8319)
params_min,params_max=params_new,params_max
evaluating model at params_new={'a1': 0.9237604307034012, 'a2': 2.921186973360886, 'a3': 2.0759133532473006}
params_min= {'a1': 0.9237604307034012, 'a2': 2.921186973360886, 'a3': 2.0759131399992405} logZ_min= nan obs_min= 2.1765673241029336e-29
params_new= {'a1': 0.9237604307034012, 'a2': 2.921186973360886, 'a3': 2.0759133532473006} logZ_new= nan obs_new= 3.110148856519901e-29
params_max= {'a1': 0.9237604307034012, 'a2': 2.921186973360886, 'a3': 2.0759135664953607} logZ_max= nan obs_max= 1.8263888222999096
dist_min= tensor(178.2993) dist_max= tensor(14769.7499)
params_min,params_max=params_new,params_max
evaluating model at params_new={'a1': 0.9237604307034012, 'a2': 2.921186973360886, 'a3': 2.0759134598713307}
params_min= {'a1': 0.9237604307034012, 'a2': 2.921186973360886, 'a3': 2.0759133532473006} logZ_min= nan obs_min= 3.110148856519901e-29
params_new= {'a1': 0.9237604307034012, 'a2': 2.921186973360886, 'a3': 2.0759134598713307} logZ_new= 3.2730356376813496 obs_new= 1.8263887561193648
params_max= {'a1': 0.9237604307034012, 'a2': 2.921186973360886, 'a3': 2.0759135664953607} logZ_max= nan obs_max= 1.8263888222999096
dist_min= tensor(14769.7486) dist_max= tensor(11.2725)
params_min,params_max=params_min,params_new
evaluating model at params_new={'a1': 0.9237604307034012, 'a2': 2.921186973360886, 'a3': 2.075913406559316}
params_min= {'a1': 0.9237604307034012, 'a2': 2.921186973360886, 'a3': 2.0759133532473006} logZ_min= nan obs_min= 3.110148856519901e-29
params_new= {'a1': 0.9237604307034012, 'a2': 2.921186973360886, 'a3': 2.075913406559316} logZ_new= nan obs_new= 1.9633248541146747e-29
params_max= {'a1': 0.9237604307034012, 'a2': 2.921186973360886, 'a3': 2.0759134598713307} logZ_max= 3.2730356376813496 obs_max= 1.8263887561193648
dist_min= tensor(2.3048) dist_max= tensor(14769.7484)
params_min,params_max=params_new,params_max
evaluating model at params_new={'a1': 0.9237604307034012, 'a2': 2.921186973360886, 'a3': 2.075913433215323}
params_min= {'a1': 0.9237604307034012, 'a2': 2.921186973360886, 'a3': 2.075913406559316} logZ_min= nan obs_min= 1.9633248541146747e-29
params_new= {'a1': 0.9237604307034012, 'a2': 2.921186973360886, 'a3': 2.075913433215323} logZ_new= nan obs_new= 5.321593735804068e-29
params_max= {'a1': 0.9237604307034012, 'a2': 2.921186973360886, 'a3': 2.0759134598713307} logZ_max= 3.2730356376813496 obs_max= 1.8263887561193648
dist_min= tensor(14.7834) dist_max= tensor(14769.7575)
params_min,params_max=params_new,params_max
evaluating model at params_new={'a1': 0.9237604307034012, 'a2': 2.921186973360886, 'a3': 2.0759134465433267}
params_min= {'a1': 0.9237604307034012, 'a2': 2.921186973360886, 'a3': 2.075913433215323} logZ_min= nan obs_min= 5.321593735804068e-29
params_new= {'a1': 0.9237604307034012, 'a2': 2.921186973360886, 'a3': 2.0759134465433267} logZ_new= 3.244429973408591 obs_new= 5.355036639882929e-31
params_max= {'a1': 0.9237604307034012, 'a2': 2.921186973360886, 'a3': 2.0759134598713307} logZ_max= 3.2730356376813496 obs_max= 1.8263887561193648
dist_min= tensor(49.7300) dist_max= tensor(14769.8276)
params_min,params_max=params_new,params_max
evaluating model at params_new={'a1': 0.9237604307034012, 'a2': 2.921186973360886, 'a3': 2.0759134532073285}
params_min= {'a1': 0.9237604307034012, 'a2': 2.921186973360886, 'a3': 2.0759134465433267} logZ_min= 3.244429973408591 obs_min= 5.355036639882929e-31
params_new= {'a1': 0.9237604307034012, 'a2': 2.921186973360886, 'a3': 2.0759134532073285} logZ_new= 3.244421729383126 obs_new= 1.0723804064761674e-30
params_max= {'a1': 0.9237604307034012, 'a2': 2.921186973360886, 'a3': 2.0759134598713307} logZ_max= 3.2730356376813496 obs_max= 1.8263887561193648
dist_min= tensor(144.7218) dist_max= tensor(14770.3690)
params_min,params_max=params_new,params_max
evaluating model at params_new={'a1': 0.9237604307034012, 'a2': 2.921186973360886, 'a3': 2.07591345653933}
params_min= {'a1': 0.9237604307034012, 'a2': 2.921186973360886, 'a3': 2.0759134532073285} logZ_min= 3.244421729383126 obs_min= 1.0723804064761674e-30
params_new= {'a1': 0.9237604307034012, 'a2': 2.921186973360886, 'a3': 2.07591345653933} logZ_new= 3.273035636192054 obs_new= 1.8263886916199967
params_max= {'a1': 0.9237604307034012, 'a2': 2.921186973360886, 'a3': 2.0759134598713307} logZ_max= 3.2730356376813496 obs_max= 1.8263887561193648
dist_min= tensor(14816.5893) dist_max= tensor(1168.6162)
params_min,params_max=params_min,params_new
evaluating model at params_new={'a1': 0.9237604307034012, 'a2': 2.921186973360886, 'a3': 2.075913454873329}
params_min= {'a1': 0.9237604307034012, 'a2': 2.921186973360886, 'a3': 2.0759134532073285} logZ_min= 3.244421729383126 obs_min= 1.0723804064761674e-30
params_new= {'a1': 0.9237604307034012, 'a2': 2.921186973360886, 'a3': 2.075913454873329} logZ_new= nan obs_new= 1.8263882235244662
params_max= {'a1': 0.9237604307034012, 'a2': 2.921186973360886, 'a3': 2.07591345653933} logZ_max= 3.273035636192054 obs_max= 1.8263886916199967
dist_min= tensor(14770.4979) dist_max= tensor(1168.4768)
params_min,params_max=params_min,params_new
evaluating model at params_new={'a1': 0.9237604307034012, 'a2': 2.921186973360886, 'a3': 2.075913454040329}
params_min= {'a1': 0.9237604307034012, 'a2': 2.921186973360886, 'a3': 2.0759134532073285} logZ_min= 3.244421729383126 obs_min= 1.0723804064761674e-30
params_new= {'a1': 0.9237604307034012, 'a2': 2.921186973360886, 'a3': 2.075913454040329} logZ_new= 3.2730356524611266 obs_new= 1.8263883065663513
params_max= {'a1': 0.9237604307034012, 'a2': 2.921186973360886, 'a3': 2.075913454873329} logZ_max= nan obs_max= 1.8263882235244662
dist_min= tensor(14770.2322) dist_max= tensor(6.2184)
params_min,params_max=params_min,params_new
evaluating model at params_new={'a1': 0.9237604307034012, 'a2': 2.921186973360886, 'a3': 2.0759134536238286}
params_min= {'a1': 0.9237604307034012, 'a2': 2.921186973360886, 'a3': 2.0759134532073285} logZ_min= 3.244421729383126 obs_min= 1.0723804064761674e-30
params_new= {'a1': 0.9237604307034012, 'a2': 2.921186973360886, 'a3': 2.0759134536238286} logZ_new= 3.273035753059721 obs_new= 1.8263998838359854
params_max= {'a1': 0.9237604307034012, 'a2': 2.921186973360886, 'a3': 2.075913454040329} logZ_max= 3.2730356524611266 obs_max= 1.8263883065663513
dist_min= tensor(14771.0958) dist_max= tensor(1.8470)
params_min,params_max=params_min,params_new
evaluating model at params_new={'a1': 0.9237604307034012, 'a2': 2.921186973360886, 'a3': 2.0759134534155788}
params_min= {'a1': 0.9237604307034012, 'a2': 2.921186973360886, 'a3': 2.0759134532073285} logZ_min= 3.244421729383126 obs_min= 1.0723804064761674e-30
params_new= {'a1': 0.9237604307034012, 'a2': 2.921186973360886, 'a3': 2.0759134534155788} logZ_new= nan obs_new= 3.753983370675806e-29
params_max= {'a1': 0.9237604307034012, 'a2': 2.921186973360886, 'a3': 2.0759134536238286} logZ_max= 3.273035753059721 obs_max= 1.8263998838359854
dist_min= tensor(863.0273) dist_max= tensor(14795.0334)
params_min,params_max=params_new,params_max
evaluating model at params_new={'a1': 0.9237604307034012, 'a2': 2.921186973360886, 'a3': 2.0759134535197035}
params_min= {'a1': 0.9237604307034012, 'a2': 2.921186973360886, 'a3': 2.0759134534155788} logZ_min= nan obs_min= 3.753983370675806e-29
params_new= {'a1': 0.9237604307034012, 'a2': 2.921186973360886, 'a3': 2.0759134535197035} logZ_new= nan obs_new= 6.106853587097769e-29
params_max= {'a1': 0.9237604307034012, 'a2': 2.921186973360886, 'a3': 2.0759134536238286} logZ_max= 3.273035753059721 obs_max= 1.8263998838359854
dist_min= tensor(9887.3805) dist_max= tensor(17755.4919)
params_min,params_max=params_new,params_max
evaluating model at params_new={'a1': 0.9237604307034012, 'a2': 2.921186973360886, 'a3': 2.075913453571766}
params_min= {'a1': 0.9237604307034012, 'a2': 2.921186973360886, 'a3': 2.0759134535197035} logZ_min= nan obs_min= 6.106853587097769e-29
params_new= {'a1': 0.9237604307034012, 'a2': 2.921186973360886, 'a3': 2.075913453571766} logZ_new= 3.273037031753929 obs_new= 1.8264048525059735
params_max= {'a1': 0.9237604307034012, 'a2': 2.921186973360886, 'a3': 2.0759134536238286} logZ_max= 3.273035753059721 obs_max= 1.8263998838359854
dist_min= tensor(17755.7307) dist_max= tensor(1.3746)
params_min,params_max=params_min,params_new
evaluating model at params_new={'a1': 0.9237604307034012, 'a2': 2.921186973360886, 'a3': 2.0759134535457346}
params_min= {'a1': 0.9237604307034012, 'a2': 2.921186973360886, 'a3': 2.0759134535197035} logZ_min= nan obs_min= 6.106853587097769e-29
params_new= {'a1': 0.9237604307034012, 'a2': 2.921186973360886, 'a3': 2.0759134535457346} logZ_new= 3.2444123523420525 obs_new= 1.532782232743101e-30
params_max= {'a1': 0.9237604307034012, 'a2': 2.921186973360886, 'a3': 2.075913453571766} logZ_max= 3.273037031753929 obs_max= 1.8264048525059735
dist_min= tensor(9852.4072) dist_max= tensor(14770.7875)
params_min,params_max=params_new,params_max
evaluating model at params_new={'a1': 0.9237604307034012, 'a2': 2.921186973360886, 'a3': 2.0759134535587505}
params_min= {'a1': 0.9237604307034012, 'a2': 2.921186973360886, 'a3': 2.0759134535457346} logZ_min= 3.2444123523420525 obs_min= 1.532782232743101e-30
params_new= {'a1': 0.9237604307034012, 'a2': 2.921186973360886, 'a3': 2.0759134535587505} logZ_new= 3.2449105600499584 obs_new= 1.4748227452933373e-28
params_max= {'a1': 0.9237604307034012, 'a2': 2.921186973360886, 'a3': 2.075913453571766} logZ_max= 3.273037031753929 obs_max= 1.8264048525059735
dist_min= tensor(29.6288) dist_max= tensor(14767.6029)
params_min,params_max=params_new,params_max
evaluating model at params_new={'a1': 0.9237604307034012, 'a2': 2.921186973360886, 'a3': 2.075913453565258}
params_min= {'a1': 0.9237604307034012, 'a2': 2.921186973360886, 'a3': 2.0759134535587505} logZ_min= 3.2449105600499584 obs_min= 1.4748227452933373e-28
params_new= {'a1': 0.9237604307034012, 'a2': 2.921186973360886, 'a3': 2.075913453565258} logZ_new= 3.2730356169144854 obs_new= 1.826385622723363
params_max= {'a1': 0.9237604307034012, 'a2': 2.921186973360886, 'a3': 2.075913453571766} logZ_max= 3.273037031753929 obs_max= 1.8264048525059735
dist_min= tensor(14763.6193) dist_max= tensor(10.2767)
params_min,params_max=params_min,params_new
evaluating model at params_new={'a1': 0.9237604307034012, 'a2': 2.921186973360886, 'a3': 2.0759134535620043}
params_min= {'a1': 0.9237604307034012, 'a2': 2.921186973360886, 'a3': 2.0759134535587505} logZ_min= 3.2449105600499584 obs_min= 1.4748227452933373e-28
params_new= {'a1': 0.9237604307034012, 'a2': 2.921186973360886, 'a3': 2.0759134535620043} logZ_new= 3.2730400819024683 obs_new= 1.826454423802629
params_max= {'a1': 0.9237604307034012, 'a2': 2.921186973360886, 'a3': 2.075913453565258} logZ_max= 3.2730356169144854 obs_max= 1.826385622723363
dist_min= tensor(14866.1391) dist_max= tensor(102.6329)
params_min,params_max=params_min,params_new
evaluating model at params_new={'a1': 0.9237604307034012, 'a2': 2.921186973360886, 'a3': 2.0759134535603776}
params_min= {'a1': 0.9237604307034012, 'a2': 2.921186973360886, 'a3': 2.0759134535587505} logZ_min= 3.2449105600499584 obs_min= 1.4748227452933373e-28
params_new= {'a1': 0.9237604307034012, 'a2': 2.921186973360886, 'a3': 2.0759134535603776} logZ_new= 3.2730322616627165 obs_new= 1.826460150636388
params_max= {'a1': 0.9237604307034012, 'a2': 2.921186973360886, 'a3': 2.0759134535620043} logZ_max= 3.2730400819024683 obs_max= 1.826454423802629
dist_min= tensor(14989.2630) dist_max= tensor(123.2170)
params_min,params_max=params_min,params_new
evaluating model at params_new={'a1': 0.9237604307034012, 'a2': 2.921186973360886, 'a3': 2.075913453559564}
params_min= {'a1': 0.9237604307034012, 'a2': 2.921186973360886, 'a3': 2.0759134535587505} logZ_min= 3.2449105600499584 obs_min= 1.4748227452933373e-28
params_new= {'a1': 0.9237604307034012, 'a2': 2.921186973360886, 'a3': 2.075913453559564} logZ_new= 3.2730251409985485 obs_new= 1.8270276050274463
params_max= {'a1': 0.9237604307034012, 'a2': 2.921186973360886, 'a3': 2.0759134535603776} logZ_max= 3.2730322616627165 obs_max= 1.826460150636388
dist_min= tensor(15778.2891) dist_max= tensor(789.0277)
params_min,params_max=params_min,params_new
evaluating model at params_new={'a1': 0.9237604307034012, 'a2': 2.921186973360886, 'a3': 2.0759134535591572}
params_min= {'a1': 0.9237604307034012, 'a2': 2.921186973360886, 'a3': 2.0759134535587505} logZ_min= 3.2449105600499584 obs_min= 1.4748227452933373e-28
params_new= {'a1': 0.9237604307034012, 'a2': 2.921186973360886, 'a3': 2.0759134535591572} logZ_new= 3.2729281012725226 obs_new= 1.8230495429284395
params_max= {'a1': 0.9237604307034012, 'a2': 2.921186973360886, 'a3': 2.075913453559564} logZ_max= 3.2730251409985485 obs_max= 1.8270276050274463
dist_min= tensor(21936.8410) dist_max= tensor(6158.5530)
params_min,params_max=params_min,params_new
evaluating model at params_new={'a1': 0.9237604307034012, 'a2': 2.921186973360886, 'a3': 2.075913453558954}
params_min= {'a1': 0.9237604307034012, 'a2': 2.921186973360886, 'a3': 2.0759134535587505} logZ_min= 3.2449105600499584 obs_min= 1.4748227452933373e-28
params_new= {'a1': 0.9237604307034012, 'a2': 2.921186973360886, 'a3': 2.075913453558954} logZ_new= 3.2655137947949857 obs_new= 1.6981908733267779
params_max= {'a1': 0.9237604307034012, 'a2': 2.921186973360886, 'a3': 2.0759134535591572} logZ_max= 3.2729281012725226 obs_max= 1.8230495429284395
dist_min= tensor(1333.8851) dist_max= tensor(20602.9625)
params_min,params_max=params_new,params_max
evaluating model at params_new={'a1': 0.9237604307034012, 'a2': 2.921186973360886, 'a3': 2.0759134535590555}
params_min= {'a1': 0.9237604307034012, 'a2': 2.921186973360886, 'a3': 2.075913453558954} logZ_min= 3.2655137947949857 obs_min= 1.6981908733267779
params_new= {'a1': 0.9237604307034012, 'a2': 2.921186973360886, 'a3': 2.0759134535590555} logZ_new= 3.2717851627700374 obs_new= 1.800376242286259
params_max= {'a1': 0.9237604307034012, 'a2': 2.921186973360886, 'a3': 2.0759134535591572} logZ_max= 3.2729281012725226 obs_max= 1.8230495429284395
dist_min= tensor(298259.7313) dist_max= tensor(277656.7698)
params_min,params_max=params_min,params_new
evaluating model at params_new={'a1': 0.9237604307034012, 'a2': 2.921186973360886, 'a3': 2.0759134535590045}
params_min= {'a1': 0.9237604307034012, 'a2': 2.921186973360886, 'a3': 2.075913453558954} logZ_min= 3.2655137947949857 obs_min= 1.6981908733267779
params_new= {'a1': 0.9237604307034012, 'a2': 2.921186973360886, 'a3': 2.0759134535590045} logZ_new= 3.2635802147966864 obs_new= 1.712488069590919
params_max= {'a1': 0.9237604307034012, 'a2': 2.921186973360886, 'a3': 2.0759134535590555} logZ_max= 3.2717851627700374 obs_max= 1.800376242286259
dist_min= tensor(18629.7343) dist_max= tensor(279629.9974)
params_min,params_max=params_new,params_max
evaluating model at params_new={'a1': 0.9237604307034012, 'a2': 2.921186973360886, 'a3': 2.0759134535590302}
params_min= {'a1': 0.9237604307034012, 'a2': 2.921186973360886, 'a3': 2.0759134535590045} logZ_min= 3.2635802147966864 obs_min= 1.712488069590919
params_new= {'a1': 0.9237604307034012, 'a2': 2.921186973360886, 'a3': 2.0759134535590302} logZ_new= 3.2698357539616687 obs_new= 1.7888299085874761
params_max= {'a1': 0.9237604307034012, 'a2': 2.921186973360886, 'a3': 2.0759134535590555} logZ_max= 3.2717851627700374 obs_max= 1.800376242286259
dist_min= tensor(20771.2805) dist_max= tensor(258858.7169)
params_min,params_max=params_new,params_max
evaluating model at params_new={'a1': 0.9237604307034012, 'a2': 2.921186973360886, 'a3': 2.0759134535590427}
params_min= {'a1': 0.9237604307034012, 'a2': 2.921186973360886, 'a3': 2.0759134535590302} logZ_min= 3.2698357539616687 obs_min= 1.7888299085874761
params_new= {'a1': 0.9237604307034012, 'a2': 2.921186973360886, 'a3': 2.0759134535590427} logZ_new= 3.2682134696128236 obs_new= 1.7362198997609855
params_max= {'a1': 0.9237604307034012, 'a2': 2.921186973360886, 'a3': 2.0759134535590555} logZ_max= 3.2717851627700374 obs_max= 1.800376242286259
dist_min= tensor(367727.5789) dist_max= tensor(108868.8620)
params_min,params_max=params_min,params_new
evaluating model at params_new={'a1': 0.9237604307034012, 'a2': 2.921186973360886, 'a3': 2.0759134535590364}
params_min= {'a1': 0.9237604307034012, 'a2': 2.921186973360886, 'a3': 2.0759134535590302} logZ_min= 3.2698357539616687 obs_min= 1.7888299085874761
params_new= {'a1': 0.9237604307034012, 'a2': 2.921186973360886, 'a3': 2.0759134535590364} logZ_new= 3.266362359792147 obs_new= 1.7809528795875993
params_max= {'a1': 0.9237604307034012, 'a2': 2.921186973360886, 'a3': 2.0759134535590427} logZ_max= 3.2682134696128236 obs_max= 1.7362198997609855
dist_min= tensor(1.2860e+08) dist_max= tensor(1.2824e+08)
params_min,params_max=params_min,params_new
evaluating model at params_new={'a1': 0.9237604307034012, 'a2': 2.921186973360886, 'a3': 2.0759134535590333}
params_min= {'a1': 0.9237604307034012, 'a2': 2.921186973360886, 'a3': 2.0759134535590302} logZ_min= 3.2698357539616687 obs_min= 1.7888299085874761
params_new= {'a1': 0.9237604307034012, 'a2': 2.921186973360886, 'a3': 2.0759134535590333} logZ_new= 3.2726605888406723 obs_new= 1.8138411819957163
params_max= {'a1': 0.9237604307034012, 'a2': 2.921186973360886, 'a3': 2.0759134535590364} logZ_max= 3.266362359792147 obs_max= 1.7809528795875993
dist_min= tensor(10952.7122) dist_max= tensor(1.2861e+08)
params_min,params_max=params_new,params_max
evaluating model at params_new={'a1': 0.9237604307034012, 'a2': 2.921186973360886, 'a3': 2.0759134535590347}
params_min= {'a1': 0.9237604307034012, 'a2': 2.921186973360886, 'a3': 2.0759134535590333} logZ_min= 3.2726605888406723 obs_min= 1.8138411819957163
params_new= {'a1': 0.9237604307034012, 'a2': 2.921186973360886, 'a3': 2.0759134535590347} logZ_new= 3.270744638651815 obs_new= 1.7758292155552313
params_max= {'a1': 0.9237604307034012, 'a2': 2.921186973360886, 'a3': 2.0759134535590364} logZ_max= 3.266362359792147 obs_max= 1.7809528795875993
dist_min= tensor(3771628.0970) dist_max= tensor(1.2484e+08)
params_min,params_max=params_new,params_max
evaluating model at params_new={'a1': 0.9237604307034012, 'a2': 2.921186973360886, 'a3': 2.0759134535590356}
params_min= {'a1': 0.9237604307034012, 'a2': 2.921186973360886, 'a3': 2.0759134535590347} logZ_min= 3.270744638651815 obs_min= 1.7758292155552313
params_new= {'a1': 0.9237604307034012, 'a2': 2.921186973360886, 'a3': 2.0759134535590356} logZ_new= 3.2727806284035483 obs_new= 1.8204925025226029
params_max= {'a1': 0.9237604307034012, 'a2': 2.921186973360886, 'a3': 2.0759134535590364} logZ_max= 3.266362359792147 obs_max= 1.7809528795875993
dist_min= tensor(3778105.4359) dist_max= tensor(1.2862e+08)
params_min,params_max=params_new,params_max
evaluating model at params_new={'a1': 0.9237604307034012, 'a2': 2.921186973360886, 'a3': 2.075913453559036}
params_min= {'a1': 0.9237604307034012, 'a2': 2.921186973360886, 'a3': 2.0759134535590356} logZ_min= 3.2727806284035483 obs_min= 1.8204925025226029
params_new= {'a1': 0.9237604307034012, 'a2': 2.921186973360886, 'a3': 2.075913453559036} logZ_new= 3.27304920402324 obs_new= 1.8272205787616136
params_max= {'a1': 0.9237604307034012, 'a2': 2.921186973360886, 'a3': 2.0759134535590364} logZ_max= 3.266362359792147 obs_max= 1.7809528795875993
dist_min= tensor(6556.8678) dist_max= tensor(1.2863e+08)
params_min,params_max=params_new,params_max
critical params found:  {'a1': 0.9237604307034012, 'a2': 2.921186973360886, 'a3': 2.0759134535590364}
reference params:  {'a1': 1.1547005383792515, 'a2': 1.8257418583505538, 'a3': 4.47213595499958}
file saved to  data/AKLT3D_X10_scan_grid_critical_a3/a1_0.9237604_a2_2.9211870/Tc.json
