Start running find_critical_temp.py with options:{'filename': 'data/AKLT3D_X10_scan_grid_critical_a3/a1_2.3094011_a2_2.9211870/Tc.json', 'log_filename': 'data/AKLT3D_X10_scan_grid_critical_a3/a1_2.3094011_a2_2.9211870/Tc.log', 'nLayers': 60, 'max_dim': 10, 'model': 'AKLT3D', 'params_min': "{'a1': 2.309401076758503, 'a2': 2.921186973360886, 'a3': 6.260990336999412}", 'params_max': "{'a1': 2.309401076758503, 'a2': 2.921186973360886, 'a3': 7.155417527999328}", 'params_ref': None, 'observable_name': 'magnetizationZ', 'tol': 0.0, 'gilt_enabled': False, 'gilt_eps': 8e-07, 'gilt_nIter': 1, 'mcf_enabled': True, 'mcf_eps': 1e-16, 'mcf_max_iter': 200, 'hotrg_sanity_check': False, 'version': 1, 'device': 'cuda:1'}
loading library...
evaluating model at params_min={'a1': 2.309401076758503, 'a2': 2.921186973360886, 'a3': 6.260990336999412}
params_min= {'a1': 2.309401076758503, 'a2': 2.921186973360886, 'a3': 6.260990336999412} logZ_min= nan obs_min= 2.8665639700628848e-33
evaluating model at params_max={'a1': 2.309401076758503, 'a2': 2.921186973360886, 'a3': 7.155417527999328}
params_max= {'a1': 2.309401076758503, 'a2': 2.921186973360886, 'a3': 7.155417527999328} logZ_max= 4.101796411184441 obs_max= 1.4717601671836718
searching for critical temperature using bisection method
evaluating model at params_new={'a1': 2.309401076758503, 'a2': 2.921186973360886, 'a3': 6.708203932499369}
params_min= {'a1': 2.309401076758503, 'a2': 2.921186973360886, 'a3': 6.260990336999412} logZ_min= nan obs_min= 2.8665639700628848e-33
params_new= {'a1': 2.309401076758503, 'a2': 2.921186973360886, 'a3': 6.708203932499369} logZ_new= 4.112394908252548 obs_new= 3.6639038773209344e-28
params_max= {'a1': 2.309401076758503, 'a2': 2.921186973360886, 'a3': 7.155417527999328} logZ_max= 4.101796411184441 obs_max= 1.4717601671836718
dist_min= tensor(10.4170) dist_max= tensor(41.6707)
params_min,params_max=params_new,params_max
evaluating model at params_new={'a1': 2.309401076758503, 'a2': 2.921186973360886, 'a3': 6.931810730249349}
params_min= {'a1': 2.309401076758503, 'a2': 2.921186973360886, 'a3': 6.708203932499369} logZ_min= 4.112394908252548 obs_min= 3.6639038773209344e-28
params_new= {'a1': 2.309401076758503, 'a2': 2.921186973360886, 'a3': 6.931810730249349} logZ_new= 4.096634995644369 obs_new= 0.5402192789432055
params_max= {'a1': 2.309401076758503, 'a2': 2.921186973360886, 'a3': 7.155417527999328} logZ_max= 4.101796411184441 obs_max= 1.4717601671836718
dist_min= tensor(288.1063) dist_max= tensor(290.3626)
params_min,params_max=params_new,params_max
evaluating model at params_new={'a1': 2.309401076758503, 'a2': 2.921186973360886, 'a3': 7.043614129124338}
params_min= {'a1': 2.309401076758503, 'a2': 2.921186973360886, 'a3': 6.931810730249349} logZ_min= 4.096634995644369 obs_min= 0.5402192789432055
params_new= {'a1': 2.309401076758503, 'a2': 2.921186973360886, 'a3': 7.043614129124338} logZ_new= 4.101161314424925 obs_new= 0.8762291197183729
params_max= {'a1': 2.309401076758503, 'a2': 2.921186973360886, 'a3': 7.155417527999328} logZ_max= 4.101796411184441 obs_max= 1.4717601671836718
dist_min= tensor(290.1333) dist_max= tensor(2.4536)
params_min,params_max=params_min,params_new
evaluating model at params_new={'a1': 2.309401076758503, 'a2': 2.921186973360886, 'a3': 6.987712429686843}
params_min= {'a1': 2.309401076758503, 'a2': 2.921186973360886, 'a3': 6.931810730249349} logZ_min= 4.096634995644369 obs_min= 0.5402192789432055
params_new= {'a1': 2.309401076758503, 'a2': 2.921186973360886, 'a3': 6.987712429686843} logZ_new= nan obs_new= 0.5956342019991963
params_max= {'a1': 2.309401076758503, 'a2': 2.921186973360886, 'a3': 7.043614129124338} logZ_max= 4.101161314424925 obs_max= 0.8762291197183729
dist_min= tensor(290.5545) dist_max= tensor(1.8558)
params_min,params_max=params_min,params_new
evaluating model at params_new={'a1': 2.309401076758503, 'a2': 2.921186973360886, 'a3': 6.959761579968095}
params_min= {'a1': 2.309401076758503, 'a2': 2.921186973360886, 'a3': 6.931810730249349} logZ_min= 4.096634995644369 obs_min= 0.5402192789432055
params_new= {'a1': 2.309401076758503, 'a2': 2.921186973360886, 'a3': 6.959761579968095} logZ_new= 4.098344340858459 obs_new= 0.4950139379435694
params_max= {'a1': 2.309401076758503, 'a2': 2.921186973360886, 'a3': 6.987712429686843} logZ_max= nan obs_max= 0.5956342019991963
dist_min= tensor(290.6170) dist_max= tensor(15.9422)
params_min,params_max=params_min,params_new
evaluating model at params_new={'a1': 2.309401076758503, 'a2': 2.921186973360886, 'a3': 6.945786155108722}
params_min= {'a1': 2.309401076758503, 'a2': 2.921186973360886, 'a3': 6.931810730249349} logZ_min= 4.096634995644369 obs_min= 0.5402192789432055
params_new= {'a1': 2.309401076758503, 'a2': 2.921186973360886, 'a3': 6.945786155108722} logZ_new= nan obs_new= 0.5964398409347398
params_max= {'a1': 2.309401076758503, 'a2': 2.921186973360886, 'a3': 6.959761579968095} logZ_max= 4.098344340858459 obs_max= 0.4950139379435694
dist_min= tensor(295.3319) dist_max= tensor(72.2040)
params_min,params_max=params_min,params_new
evaluating model at params_new={'a1': 2.309401076758503, 'a2': 2.921186973360886, 'a3': 6.938798442679035}
params_min= {'a1': 2.309401076758503, 'a2': 2.921186973360886, 'a3': 6.931810730249349} logZ_min= 4.096634995644369 obs_min= 0.5402192789432055
params_new= {'a1': 2.309401076758503, 'a2': 2.921186973360886, 'a3': 6.938798442679035} logZ_new= 4.096889429141866 obs_new= 0.5663919187873877
params_max= {'a1': 2.309401076758503, 'a2': 2.921186973360886, 'a3': 6.945786155108722} logZ_max= nan obs_max= 0.5964398409347398
dist_min= tensor(289.1790) dist_max= tensor(65.4509)
params_min,params_max=params_min,params_new
evaluating model at params_new={'a1': 2.309401076758503, 'a2': 2.921186973360886, 'a3': 6.935304586464191}
params_min= {'a1': 2.309401076758503, 'a2': 2.921186973360886, 'a3': 6.931810730249349} logZ_min= 4.096634995644369 obs_min= 0.5402192789432055
params_new= {'a1': 2.309401076758503, 'a2': 2.921186973360886, 'a3': 6.935304586464191} logZ_new= 4.0969297736163135 obs_new= 0.5272213018111619
params_max= {'a1': 2.309401076758503, 'a2': 2.921186973360886, 'a3': 6.938798442679035} logZ_max= 4.096889429141866 obs_max= 0.5663919187873877
dist_min= tensor(288.5403) dist_max= tensor(12.1561)
params_min,params_max=params_min,params_new
evaluating model at params_new={'a1': 2.309401076758503, 'a2': 2.921186973360886, 'a3': 6.93355765835677}
params_min= {'a1': 2.309401076758503, 'a2': 2.921186973360886, 'a3': 6.931810730249349} logZ_min= 4.096634995644369 obs_min= 0.5402192789432055
params_new= {'a1': 2.309401076758503, 'a2': 2.921186973360886, 'a3': 6.93355765835677} logZ_new= nan obs_new= 0.5492686410576845
params_max= {'a1': 2.309401076758503, 'a2': 2.921186973360886, 'a3': 6.935304586464191} logZ_max= 4.0969297736163135 obs_max= 0.5272213018111619
dist_min= tensor(990.8220) dist_max= tensor(947.3180)
params_min,params_max=params_min,params_new
evaluating model at params_new={'a1': 2.309401076758503, 'a2': 2.921186973360886, 'a3': 6.932684194303059}
params_min= {'a1': 2.309401076758503, 'a2': 2.921186973360886, 'a3': 6.931810730249349} logZ_min= 4.096634995644369 obs_min= 0.5402192789432055
params_new= {'a1': 2.309401076758503, 'a2': 2.921186973360886, 'a3': 6.932684194303059} logZ_new= nan obs_new= 0.5429340374990819
params_max= {'a1': 2.309401076758503, 'a2': 2.921186973360886, 'a3': 6.93355765835677} logZ_max= nan obs_max= 0.5492686410576845
dist_min= tensor(289.1351) dist_max= tensor(947.9395)
params_min,params_max=params_new,params_max
evaluating model at params_new={'a1': 2.309401076758503, 'a2': 2.921186973360886, 'a3': 6.933120926329915}
params_min= {'a1': 2.309401076758503, 'a2': 2.921186973360886, 'a3': 6.932684194303059} logZ_min= nan obs_min= 0.5429340374990819
params_new= {'a1': 2.309401076758503, 'a2': 2.921186973360886, 'a3': 6.933120926329915} logZ_new= nan obs_new= 0.5447451404516618
params_max= {'a1': 2.309401076758503, 'a2': 2.921186973360886, 'a3': 6.93355765835677} logZ_max= nan obs_max= 0.5492686410576845
dist_min= tensor(475.6186) dist_max= tensor(1060.4453)
params_min,params_max=params_new,params_max
evaluating model at params_new={'a1': 2.309401076758503, 'a2': 2.921186973360886, 'a3': 6.933339292343343}
params_min= {'a1': 2.309401076758503, 'a2': 2.921186973360886, 'a3': 6.933120926329915} logZ_min= nan obs_min= 0.5447451404516618
params_new= {'a1': 2.309401076758503, 'a2': 2.921186973360886, 'a3': 6.933339292343343} logZ_new= 4.096705115254268 obs_new= 0.5495803854302002
params_max= {'a1': 2.309401076758503, 'a2': 2.921186973360886, 'a3': 6.93355765835677} logZ_max= nan obs_max= 0.5492686410576845
dist_min= tensor(475.8311) dist_max= tensor(948.0400)
params_min,params_max=params_new,params_max
evaluating model at params_new={'a1': 2.309401076758503, 'a2': 2.921186973360886, 'a3': 6.9334484753500565}
params_min= {'a1': 2.309401076758503, 'a2': 2.921186973360886, 'a3': 6.933339292343343} logZ_min= 4.096705115254268 obs_min= 0.5495803854302002
params_new= {'a1': 2.309401076758503, 'a2': 2.921186973360886, 'a3': 6.9334484753500565} logZ_new= 4.0966384412170616 obs_new= 0.5480823437407568
params_max= {'a1': 2.309401076758503, 'a2': 2.921186973360886, 'a3': 6.93355765835677} logZ_max= nan obs_max= 0.5492686410576845
dist_min= tensor(2934.7972) dist_max= tensor(3095.8565)
params_min,params_max=params_new,params_max
evaluating model at params_new={'a1': 2.309401076758503, 'a2': 2.921186973360886, 'a3': 6.933503066853413}
params_min= {'a1': 2.309401076758503, 'a2': 2.921186973360886, 'a3': 6.9334484753500565} logZ_min= 4.0966384412170616 obs_min= 0.5480823437407568
params_new= {'a1': 2.309401076758503, 'a2': 2.921186973360886, 'a3': 6.933503066853413} logZ_new= 4.096708686369 obs_new= 0.5463806625236617
params_max= {'a1': 2.309401076758503, 'a2': 2.921186973360886, 'a3': 6.93355765835677} logZ_max= nan obs_max= 0.5492686410576845
dist_min= tensor(2976.9793) dist_max= tensor(1034.0426)
params_min,params_max=params_min,params_new
evaluating model at params_new={'a1': 2.309401076758503, 'a2': 2.921186973360886, 'a3': 6.933475771101735}
params_min= {'a1': 2.309401076758503, 'a2': 2.921186973360886, 'a3': 6.9334484753500565} logZ_min= 4.0966384412170616 obs_min= 0.5480823437407568
params_new= {'a1': 2.309401076758503, 'a2': 2.921186973360886, 'a3': 6.933475771101735} logZ_new= nan obs_new= 0.5463420336527958
params_max= {'a1': 2.309401076758503, 'a2': 2.921186973360886, 'a3': 6.933503066853413} logZ_max= 4.096708686369 obs_max= 0.5463806625236617
dist_min= tensor(55260.7419) dist_max= tensor(55183.6722)
params_min,params_max=params_min,params_new
evaluating model at params_new={'a1': 2.309401076758503, 'a2': 2.921186973360886, 'a3': 6.933462123225896}
params_min= {'a1': 2.309401076758503, 'a2': 2.921186973360886, 'a3': 6.9334484753500565} logZ_min= 4.0966384412170616 obs_min= 0.5480823437407568
params_new= {'a1': 2.309401076758503, 'a2': 2.921186973360886, 'a3': 6.933462123225896} logZ_new= nan obs_new= 0.5463810082143978
params_max= {'a1': 2.309401076758503, 'a2': 2.921186973360886, 'a3': 6.933475771101735} logZ_max= nan obs_max= 0.5463420336527958
dist_min= tensor(2946.3382) dist_max= tensor(55177.2283)
params_min,params_max=params_new,params_max
evaluating model at params_new={'a1': 2.309401076758503, 'a2': 2.921186973360886, 'a3': 6.933468947163815}
params_min= {'a1': 2.309401076758503, 'a2': 2.921186973360886, 'a3': 6.933462123225896} logZ_min= nan obs_min= 0.5463810082143978
params_new= {'a1': 2.309401076758503, 'a2': 2.921186973360886, 'a3': 6.933468947163815} logZ_new= nan obs_new= 0.5457723288895446
params_max= {'a1': 2.309401076758503, 'a2': 2.921186973360886, 'a3': 6.933475771101735} logZ_max= nan obs_max= 0.5463420336527958
dist_min= tensor(21616.9849) dist_max= tensor(59265.4758)
params_min,params_max=params_new,params_max
evaluating model at params_new={'a1': 2.309401076758503, 'a2': 2.921186973360886, 'a3': 6.933472359132775}
params_min= {'a1': 2.309401076758503, 'a2': 2.921186973360886, 'a3': 6.933468947163815} logZ_min= nan obs_min= 0.5457723288895446
params_new= {'a1': 2.309401076758503, 'a2': 2.921186973360886, 'a3': 6.933472359132775} logZ_new= 4.096705742573415 obs_new= 0.5450941433282367
params_max= {'a1': 2.309401076758503, 'a2': 2.921186973360886, 'a3': 6.933475771101735} logZ_max= nan obs_max= 0.5463420336527958
dist_min= tensor(21617.9676) dist_max= tensor(55182.1894)
params_min,params_max=params_new,params_max
evaluating model at params_new={'a1': 2.309401076758503, 'a2': 2.921186973360886, 'a3': 6.933474065117255}
params_min= {'a1': 2.309401076758503, 'a2': 2.921186973360886, 'a3': 6.933472359132775} logZ_min= 4.096705742573415 obs_min= 0.5450941433282367
params_new= {'a1': 2.309401076758503, 'a2': 2.921186973360886, 'a3': 6.933474065117255} logZ_new= 4.096703088053799 obs_new= 0.5462303147857223
params_max= {'a1': 2.309401076758503, 'a2': 2.921186973360886, 'a3': 6.933475771101735} logZ_max= nan obs_max= 0.5463420336527958
dist_min= tensor(1288.9591) dist_max= tensor(55193.6940)
params_min,params_max=params_new,params_max
evaluating model at params_new={'a1': 2.309401076758503, 'a2': 2.921186973360886, 'a3': 6.933474918109495}
params_min= {'a1': 2.309401076758503, 'a2': 2.921186973360886, 'a3': 6.933474065117255} logZ_min= 4.096703088053799 obs_min= 0.5462303147857223
params_new= {'a1': 2.309401076758503, 'a2': 2.921186973360886, 'a3': 6.933474918109495} logZ_new= nan obs_new= 0.5452823442950738
params_max= {'a1': 2.309401076758503, 'a2': 2.921186973360886, 'a3': 6.933475771101735} logZ_max= nan obs_max= 0.5463420336527958
dist_min= tensor(1627.4744) dist_max= tensor(55190.2950)
params_min,params_max=params_new,params_max
evaluating model at params_new={'a1': 2.309401076758503, 'a2': 2.921186973360886, 'a3': 6.933475344605615}
params_min= {'a1': 2.309401076758503, 'a2': 2.921186973360886, 'a3': 6.933474918109495} logZ_min= nan obs_min= 0.5452823442950738
params_new= {'a1': 2.309401076758503, 'a2': 2.921186973360886, 'a3': 6.933475344605615} logZ_new= 4.096706739153913 obs_new= 0.5457700841591003
params_max= {'a1': 2.309401076758503, 'a2': 2.921186973360886, 'a3': 6.933475771101735} logZ_max= nan obs_max= 0.5463420336527958
dist_min= tensor(999.7669) dist_max= tensor(55182.2928)
params_min,params_max=params_new,params_max
evaluating model at params_new={'a1': 2.309401076758503, 'a2': 2.921186973360886, 'a3': 6.933475557853675}
params_min= {'a1': 2.309401076758503, 'a2': 2.921186973360886, 'a3': 6.933475344605615} logZ_min= 4.096706739153913 obs_min= 0.5457700841591003
params_new= {'a1': 2.309401076758503, 'a2': 2.921186973360886, 'a3': 6.933475557853675} logZ_new= 4.096707990405804 obs_new= 0.5454384954442154
params_max= {'a1': 2.309401076758503, 'a2': 2.921186973360886, 'a3': 6.933475771101735} logZ_max= nan obs_max= 0.5463420336527958
dist_min= tensor(16254.1558) dist_max= tensor(57525.1061)
params_min,params_max=params_new,params_max
evaluating model at params_new={'a1': 2.309401076758503, 'a2': 2.921186973360886, 'a3': 6.9334756644777045}
params_min= {'a1': 2.309401076758503, 'a2': 2.921186973360886, 'a3': 6.933475557853675} logZ_min= 4.096707990405804 obs_min= 0.5454384954442154
params_new= {'a1': 2.309401076758503, 'a2': 2.921186973360886, 'a3': 6.9334756644777045} logZ_new= nan obs_new= 0.545460226538151
params_max= {'a1': 2.309401076758503, 'a2': 2.921186973360886, 'a3': 6.933475771101735} logZ_max= nan obs_max= 0.5463420336527958
dist_min= tensor(16254.5297) dist_max= tensor(55182.3539)
params_min,params_max=params_new,params_max
evaluating model at params_new={'a1': 2.309401076758503, 'a2': 2.921186973360886, 'a3': 6.93347571778972}
params_min= {'a1': 2.309401076758503, 'a2': 2.921186973360886, 'a3': 6.9334756644777045} logZ_min= nan obs_min= 0.545460226538151
params_new= {'a1': 2.309401076758503, 'a2': 2.921186973360886, 'a3': 6.93347571778972} logZ_new= 4.096963025543238 obs_new= 0.5276001520415045
params_max= {'a1': 2.309401076758503, 'a2': 2.921186973360886, 'a3': 6.933475771101735} logZ_max= nan obs_max= 0.5463420336527958
dist_min= tensor(202.5443) dist_max= tensor(55182.2211)
params_min,params_max=params_new,params_max
evaluating model at params_new={'a1': 2.309401076758503, 'a2': 2.921186973360886, 'a3': 6.933475744445728}
params_min= {'a1': 2.309401076758503, 'a2': 2.921186973360886, 'a3': 6.93347571778972} logZ_min= 4.096963025543238 obs_min= 0.5276001520415045
params_new= {'a1': 2.309401076758503, 'a2': 2.921186973360886, 'a3': 6.933475744445728} logZ_new= 4.096648132102973 obs_new= 0.5479339638785226
params_max= {'a1': 2.309401076758503, 'a2': 2.921186973360886, 'a3': 6.933475771101735} logZ_max= nan obs_max= 0.5463420336527958
dist_min= tensor(161.3018) dist_max= tensor(55181.5925)
params_min,params_max=params_new,params_max
evaluating model at params_new={'a1': 2.309401076758503, 'a2': 2.921186973360886, 'a3': 6.933475757773731}
params_min= {'a1': 2.309401076758503, 'a2': 2.921186973360886, 'a3': 6.933475744445728} logZ_min= 4.096648132102973 obs_min= 0.5479339638785226
params_new= {'a1': 2.309401076758503, 'a2': 2.921186973360886, 'a3': 6.933475757773731} logZ_new= 4.096852621749656 obs_new= 0.5187037832437357
params_max= {'a1': 2.309401076758503, 'a2': 2.921186973360886, 'a3': 6.933475771101735} logZ_max= nan obs_max= 0.5463420336527958
dist_min= tensor(112.3041) dist_max= tensor(55182.1091)
params_min,params_max=params_new,params_max
evaluating model at params_new={'a1': 2.309401076758503, 'a2': 2.921186973360886, 'a3': 6.933475764437733}
params_min= {'a1': 2.309401076758503, 'a2': 2.921186973360886, 'a3': 6.933475757773731} logZ_min= 4.096852621749656 obs_min= 0.5187037832437357
params_new= {'a1': 2.309401076758503, 'a2': 2.921186973360886, 'a3': 6.933475764437733} logZ_new= nan obs_new= 0.5310461880458273
params_max= {'a1': 2.309401076758503, 'a2': 2.921186973360886, 'a3': 6.933475771101735} logZ_max= nan obs_max= 0.5463420336527958
dist_min= tensor(1.6673) dist_max= tensor(55182.1064)
params_min,params_max=params_new,params_max
evaluating model at params_new={'a1': 2.309401076758503, 'a2': 2.921186973360886, 'a3': 6.933475767769734}
params_min= {'a1': 2.309401076758503, 'a2': 2.921186973360886, 'a3': 6.933475764437733} logZ_min= nan obs_min= 0.5310461880458273
params_new= {'a1': 2.309401076758503, 'a2': 2.921186973360886, 'a3': 6.933475767769734} logZ_new= 4.096946543727392 obs_new= 0.5266216406774604
params_max= {'a1': 2.309401076758503, 'a2': 2.921186973360886, 'a3': 6.933475771101735} logZ_max= nan obs_max= 0.5463420336527958
dist_min= tensor(1.7020) dist_max= tensor(55182.1090)
params_min,params_max=params_new,params_max
evaluating model at params_new={'a1': 2.309401076758503, 'a2': 2.921186973360886, 'a3': 6.933475769435734}
params_min= {'a1': 2.309401076758503, 'a2': 2.921186973360886, 'a3': 6.933475767769734} logZ_min= 4.096946543727392 obs_min= 0.5266216406774604
params_new= {'a1': 2.309401076758503, 'a2': 2.921186973360886, 'a3': 6.933475769435734} logZ_new= 4.096710976825049 obs_new= 0.5456988203072535
params_max= {'a1': 2.309401076758503, 'a2': 2.921186973360886, 'a3': 6.933475771101735} logZ_max= nan obs_max= 0.5463420336527958
dist_min= tensor(13.9374) dist_max= tensor(55182.1880)
params_min,params_max=params_new,params_max
evaluating model at params_new={'a1': 2.309401076758503, 'a2': 2.921186973360886, 'a3': 6.933475770268735}
params_min= {'a1': 2.309401076758503, 'a2': 2.921186973360886, 'a3': 6.933475769435734} logZ_min= 4.096710976825049 obs_min= 0.5456988203072535
params_new= {'a1': 2.309401076758503, 'a2': 2.921186973360886, 'a3': 6.933475770268735} logZ_new= nan obs_new= 0.5480520864705856
params_max= {'a1': 2.309401076758503, 'a2': 2.921186973360886, 'a3': 6.933475771101735} logZ_max= nan obs_max= 0.5463420336527958
dist_min= tensor(531.0467) dist_max= tensor(55184.7472)
params_min,params_max=params_new,params_max
evaluating model at params_new={'a1': 2.309401076758503, 'a2': 2.921186973360886, 'a3': 6.933475770685234}
params_min= {'a1': 2.309401076758503, 'a2': 2.921186973360886, 'a3': 6.933475770268735} logZ_min= nan obs_min= 0.5480520864705856
params_new= {'a1': 2.309401076758503, 'a2': 2.921186973360886, 'a3': 6.933475770685234} logZ_new= nan obs_new= 0.5453982378159337
params_max= {'a1': 2.309401076758503, 'a2': 2.921186973360886, 'a3': 6.933475771101735} logZ_max= nan obs_max= 0.5463420336527958
dist_min= tensor(527.7281) dist_max= tensor(55182.1854)
params_min,params_max=params_new,params_max
evaluating model at params_new={'a1': 2.309401076758503, 'a2': 2.921186973360886, 'a3': 6.933475770893485}
params_min= {'a1': 2.309401076758503, 'a2': 2.921186973360886, 'a3': 6.933475770685234} logZ_min= nan obs_min= 0.5453982378159337
params_new= {'a1': 2.309401076758503, 'a2': 2.921186973360886, 'a3': 6.933475770893485} logZ_new= 4.096949186033254 obs_new= 0.5274998242098012
params_max= {'a1': 2.309401076758503, 'a2': 2.921186973360886, 'a3': 6.933475771101735} logZ_max= nan obs_max= 0.5463420336527958
dist_min= tensor(10.4043) dist_max= tensor(55182.1073)
params_min,params_max=params_new,params_max
evaluating model at params_new={'a1': 2.309401076758503, 'a2': 2.921186973360886, 'a3': 6.93347577099761}
params_min= {'a1': 2.309401076758503, 'a2': 2.921186973360886, 'a3': 6.933475770893485} logZ_min= 4.096949186033254 obs_min= 0.5274998242098012
params_new= {'a1': 2.309401076758503, 'a2': 2.921186973360886, 'a3': 6.93347577099761} logZ_new= 4.096870315095709 obs_new= 0.5203696462354149
params_max= {'a1': 2.309401076758503, 'a2': 2.921186973360886, 'a3': 6.933475771101735} logZ_max= nan obs_max= 0.5463420336527958
dist_min= tensor(0.3496) dist_max= tensor(55182.1074)
params_min,params_max=params_new,params_max
evaluating model at params_new={'a1': 2.309401076758503, 'a2': 2.921186973360886, 'a3': 6.933475771049673}
params_min= {'a1': 2.309401076758503, 'a2': 2.921186973360886, 'a3': 6.93347577099761} logZ_min= 4.096870315095709 obs_min= 0.5203696462354149
params_new= {'a1': 2.309401076758503, 'a2': 2.921186973360886, 'a3': 6.933475771049673} logZ_new= 4.096707740070163 obs_new= 0.5451751173769607
params_max= {'a1': 2.309401076758503, 'a2': 2.921186973360886, 'a3': 6.933475771101735} logZ_max= nan obs_max= 0.5463420336527958
dist_min= tensor(484.7904) dist_max= tensor(55010.7226)
params_min,params_max=params_new,params_max
evaluating model at params_new={'a1': 2.309401076758503, 'a2': 2.921186973360886, 'a3': 6.933475771075704}
params_min= {'a1': 2.309401076758503, 'a2': 2.921186973360886, 'a3': 6.933475771049673} logZ_min= 4.096707740070163 obs_min= 0.5451751173769607
params_new= {'a1': 2.309401076758503, 'a2': 2.921186973360886, 'a3': 6.933475771075704} logZ_new= 4.09688120904971 obs_new= 0.5209395452604612
params_max= {'a1': 2.309401076758503, 'a2': 2.921186973360886, 'a3': 6.933475771101735} logZ_max= nan obs_max= 0.5463420336527958
dist_min= tensor(484.7666) dist_max= tensor(55182.0686)
params_min,params_max=params_new,params_max
evaluating model at params_new={'a1': 2.309401076758503, 'a2': 2.921186973360886, 'a3': 6.93347577108872}
params_min= {'a1': 2.309401076758503, 'a2': 2.921186973360886, 'a3': 6.933475771075704} logZ_min= 4.09688120904971 obs_min= 0.5209395452604612
params_new= {'a1': 2.309401076758503, 'a2': 2.921186973360886, 'a3': 6.93347577108872} logZ_new= 4.096871425479057 obs_new= 0.5198571055092279
params_max= {'a1': 2.309401076758503, 'a2': 2.921186973360886, 'a3': 6.933475771101735} logZ_max= nan obs_max= 0.5463420336527958
dist_min= tensor(2.8874) dist_max= tensor(55182.1091)
params_min,params_max=params_new,params_max
evaluating model at params_new={'a1': 2.309401076758503, 'a2': 2.921186973360886, 'a3': 6.933475771095227}
params_min= {'a1': 2.309401076758503, 'a2': 2.921186973360886, 'a3': 6.93347577108872} logZ_min= 4.096871425479057 obs_min= 0.5198571055092279
params_new= {'a1': 2.309401076758503, 'a2': 2.921186973360886, 'a3': 6.933475771095227} logZ_new= 4.0966740572094595 obs_new= 0.5471593822053779
params_max= {'a1': 2.309401076758503, 'a2': 2.921186973360886, 'a3': 6.933475771101735} logZ_max= nan obs_max= 0.5463420336527958
dist_min= tensor(334.9768) dist_max= tensor(55183.1992)
params_min,params_max=params_new,params_max
evaluating model at params_new={'a1': 2.309401076758503, 'a2': 2.921186973360886, 'a3': 6.933475771098481}
params_min= {'a1': 2.309401076758503, 'a2': 2.921186973360886, 'a3': 6.933475771095227} logZ_min= 4.0966740572094595 obs_min= 0.5471593822053779
params_new= {'a1': 2.309401076758503, 'a2': 2.921186973360886, 'a3': 6.933475771098481} logZ_new= nan obs_new= 0.5475214204164869
params_max= {'a1': 2.309401076758503, 'a2': 2.921186973360886, 'a3': 6.933475771101735} logZ_max= nan obs_max= 0.5463420336527958
dist_min= tensor(346.3241) dist_max= tensor(55182.2310)
params_min,params_max=params_new,params_max
evaluating model at params_new={'a1': 2.309401076758503, 'a2': 2.921186973360886, 'a3': 6.933475771100108}
params_min= {'a1': 2.309401076758503, 'a2': 2.921186973360886, 'a3': 6.933475771098481} logZ_min= nan obs_min= 0.5475214204164869
params_new= {'a1': 2.309401076758503, 'a2': 2.921186973360886, 'a3': 6.933475771100108} logZ_new= nan obs_new= 0.5457544355437742
params_max= {'a1': 2.309401076758503, 'a2': 2.921186973360886, 'a3': 6.933475771101735} logZ_max= nan obs_max= 0.5463420336527958
dist_min= tensor(90.6562) dist_max= tensor(55181.9648)
params_min,params_max=params_new,params_max
evaluating model at params_new={'a1': 2.309401076758503, 'a2': 2.921186973360886, 'a3': 6.933475771100921}
params_min= {'a1': 2.309401076758503, 'a2': 2.921186973360886, 'a3': 6.933475771100108} logZ_min= nan obs_min= 0.5457544355437742
params_new= {'a1': 2.309401076758503, 'a2': 2.921186973360886, 'a3': 6.933475771100921} logZ_new= 4.096710661862988 obs_new= 0.5462370556306688
params_max= {'a1': 2.309401076758503, 'a2': 2.921186973360886, 'a3': 6.933475771101735} logZ_max= nan obs_max= 0.5463420336527958
dist_min= tensor(206.8601) dist_max= tensor(55182.2020)
params_min,params_max=params_new,params_max
evaluating model at params_new={'a1': 2.309401076758503, 'a2': 2.921186973360886, 'a3': 6.933475771101328}
params_min= {'a1': 2.309401076758503, 'a2': 2.921186973360886, 'a3': 6.933475771100921} logZ_min= 4.096710661862988 obs_min= 0.5462370556306688
params_new= {'a1': 2.309401076758503, 'a2': 2.921186973360886, 'a3': 6.933475771101328} logZ_new= nan obs_new= 0.5479224522235755
params_max= {'a1': 2.309401076758503, 'a2': 2.921186973360886, 'a3': 6.933475771101735} logZ_max= nan obs_max= 0.5463420336527958
dist_min= tensor(892.0856) dist_max= tensor(55188.8699)
params_min,params_max=params_new,params_max
evaluating model at params_new={'a1': 2.309401076758503, 'a2': 2.921186973360886, 'a3': 6.933475771101532}
params_min= {'a1': 2.309401076758503, 'a2': 2.921186973360886, 'a3': 6.933475771101328} logZ_min= nan obs_min= 0.5479224522235755
params_new= {'a1': 2.309401076758503, 'a2': 2.921186973360886, 'a3': 6.933475771101532} logZ_new= 4.096861237749858 obs_new= 0.5193172204211305
params_max= {'a1': 2.309401076758503, 'a2': 2.921186973360886, 'a3': 6.933475771101735} logZ_max= nan obs_max= 0.5463420336527958
dist_min= tensor(867.7112) dist_max= tensor(55182.1091)
params_min,params_max=params_new,params_max
evaluating model at params_new={'a1': 2.309401076758503, 'a2': 2.921186973360886, 'a3': 6.933475771101634}
params_min= {'a1': 2.309401076758503, 'a2': 2.921186973360886, 'a3': 6.933475771101532} logZ_min= 4.096861237749858 obs_min= 0.5193172204211305
params_new= {'a1': 2.309401076758503, 'a2': 2.921186973360886, 'a3': 6.933475771101634} logZ_new= 4.096854178939339 obs_new= 0.5187932358593579
params_max= {'a1': 2.309401076758503, 'a2': 2.921186973360886, 'a3': 6.933475771101735} logZ_max= nan obs_max= 0.5463420336527958
dist_min= tensor(0.3098) dist_max= tensor(55182.1091)
params_min,params_max=params_new,params_max
evaluating model at params_new={'a1': 2.309401076758503, 'a2': 2.921186973360886, 'a3': 6.933475771101684}
params_min= {'a1': 2.309401076758503, 'a2': 2.921186973360886, 'a3': 6.933475771101634} logZ_min= 4.096854178939339 obs_min= 0.5187932358593579
params_new= {'a1': 2.309401076758503, 'a2': 2.921186973360886, 'a3': 6.933475771101684} logZ_new= 4.096857234161599 obs_new= 0.5189765258160601
params_max= {'a1': 2.309401076758503, 'a2': 2.921186973360886, 'a3': 6.933475771101735} logZ_max= nan obs_max= 0.5463420336527958
dist_min= tensor(2.8927) dist_max= tensor(55182.0727)
params_min,params_max=params_new,params_max
evaluating model at params_new={'a1': 2.309401076758503, 'a2': 2.921186973360886, 'a3': 6.93347577110171}
params_min= {'a1': 2.309401076758503, 'a2': 2.921186973360886, 'a3': 6.933475771101684} logZ_min= 4.096857234161599 obs_min= 0.5189765258160601
params_new= {'a1': 2.309401076758503, 'a2': 2.921186973360886, 'a3': 6.93347577110171} logZ_new= 4.096707128276998 obs_new= 0.5450885463071254
params_max= {'a1': 2.309401076758503, 'a2': 2.921186973360886, 'a3': 6.933475771101735} logZ_max= nan obs_max= 0.5463420336527958
dist_min= tensor(2246.0550) dist_max= tensor(55227.8625)
params_min,params_max=params_new,params_max
evaluating model at params_new={'a1': 2.309401076758503, 'a2': 2.921186973360886, 'a3': 6.9334757711017225}
params_min= {'a1': 2.309401076758503, 'a2': 2.921186973360886, 'a3': 6.93347577110171} logZ_min= 4.096707128276998 obs_min= 0.5450885463071254
params_new= {'a1': 2.309401076758503, 'a2': 2.921186973360886, 'a3': 6.9334757711017225} logZ_new= 4.0968949555706455 obs_new= 0.5227049319909152
params_max= {'a1': 2.309401076758503, 'a2': 2.921186973360886, 'a3': 6.933475771101735} logZ_max= nan obs_max= 0.5463420336527958
dist_min= tensor(2246.0559) dist_max= tensor(55182.1074)
params_min,params_max=params_new,params_max
evaluating model at params_new={'a1': 2.309401076758503, 'a2': 2.921186973360886, 'a3': 6.933475771101729}
params_min= {'a1': 2.309401076758503, 'a2': 2.921186973360886, 'a3': 6.9334757711017225} logZ_min= 4.0968949555706455 obs_min= 0.5227049319909152
params_new= {'a1': 2.309401076758503, 'a2': 2.921186973360886, 'a3': 6.933475771101729} logZ_new= 4.096972863515909 obs_new= 0.5286468624555388
params_max= {'a1': 2.309401076758503, 'a2': 2.921186973360886, 'a3': 6.933475771101735} logZ_max= nan obs_max= 0.5463420336527958
dist_min= tensor(2.5535) dist_max= tensor(55182.0952)
params_min,params_max=params_new,params_max
evaluating model at params_new={'a1': 2.309401076758503, 'a2': 2.921186973360886, 'a3': 6.933475771101731}
params_min= {'a1': 2.309401076758503, 'a2': 2.921186973360886, 'a3': 6.933475771101729} logZ_min= 4.096972863515909 obs_min= 0.5286468624555388
params_new= {'a1': 2.309401076758503, 'a2': 2.921186973360886, 'a3': 6.933475771101731} logZ_new= 4.096852770571943 obs_new= 0.5187214837929512
params_max= {'a1': 2.309401076758503, 'a2': 2.921186973360886, 'a3': 6.933475771101735} logZ_max= nan obs_max= 0.5463420336527958
dist_min= tensor(2.5571) dist_max= tensor(55182.1074)
params_min,params_max=params_new,params_max
evaluating model at params_new={'a1': 2.309401076758503, 'a2': 2.921186973360886, 'a3': 6.933475771101733}
params_min= {'a1': 2.309401076758503, 'a2': 2.921186973360886, 'a3': 6.933475771101731} logZ_min= 4.096852770571943 obs_min= 0.5187214837929512
params_new= {'a1': 2.309401076758503, 'a2': 2.921186973360886, 'a3': 6.933475771101733} logZ_new= 4.09686551242805 obs_new= 0.5194956147588692
params_max= {'a1': 2.309401076758503, 'a2': 2.921186973360886, 'a3': 6.933475771101735} logZ_max= nan obs_max= 0.5463420336527958
dist_min= tensor(1.0892) dist_max= tensor(55182.1085)
params_min,params_max=params_new,params_max
evaluating model at params_new={'a1': 2.309401076758503, 'a2': 2.921186973360886, 'a3': 6.933475771101734}
params_min= {'a1': 2.309401076758503, 'a2': 2.921186973360886, 'a3': 6.933475771101733} logZ_min= 4.09686551242805 obs_min= 0.5194956147588692
params_new= {'a1': 2.309401076758503, 'a2': 2.921186973360886, 'a3': 6.933475771101734} logZ_new= 4.0967810493951795 obs_new= 0.5290252403790815
params_max= {'a1': 2.309401076758503, 'a2': 2.921186973360886, 'a3': 6.933475771101735} logZ_max= nan obs_max= 0.5463420336527958
dist_min= tensor(0.3122) dist_max= tensor(55182.1080)
params_min,params_max=params_new,params_max
critical params found:  {'a1': 2.309401076758503, 'a2': 2.921186973360886, 'a3': 6.933475771101735}
reference params:  {'a1': 1.1547005383792515, 'a2': 1.8257418583505538, 'a3': 4.47213595499958}
file saved to  data/AKLT3D_X10_scan_grid_critical_a3/a1_2.3094011_a2_2.9211870/Tc.json
