Start running find_critical_temp.py with options:{'filename': 'data/AKLT3D_X10_scan_grid_critical_a3/a1_2.0784610_a2_2.5560386/Tc.json', 'log_filename': 'data/AKLT3D_X10_scan_grid_critical_a3/a1_2.0784610_a2_2.5560386/Tc.log', 'nLayers': 60, 'max_dim': 10, 'model': 'AKLT3D', 'params_min': "{'a1': 2.0784609690826525, 'a2': 2.5560386016907755, 'a3': 6.260990336999412}", 'params_max': "{'a1': 2.0784609690826525, 'a2': 2.5560386016907755, 'a3': 7.155417527999328}", 'params_ref': None, 'observable_name': 'magnetizationZ', 'tol': 0.0, 'gilt_enabled': False, 'gilt_eps': 8e-07, 'gilt_nIter': 1, 'mcf_enabled': True, 'mcf_eps': 1e-16, 'mcf_max_iter': 200, 'hotrg_sanity_check': False, 'version': 1, 'device': 'cuda:1'}
loading library...
evaluating model at params_min={'a1': 2.0784609690826525, 'a2': 2.5560386016907755, 'a3': 6.260990336999412}
params_min= {'a1': 2.0784609690826525, 'a2': 2.5560386016907755, 'a3': 6.260990336999412} logZ_min= 3.9176468344585844 obs_min= 3.5575439754366086e-33
evaluating model at params_max={'a1': 2.0784609690826525, 'a2': 2.5560386016907755, 'a3': 7.155417527999328}
params_max= {'a1': 2.0784609690826525, 'a2': 2.5560386016907755, 'a3': 7.155417527999328} logZ_max= 4.008427762503511 obs_max= 7.0847428852092875
searching for critical temperature using bisection method
evaluating model at params_new={'a1': 2.0784609690826525, 'a2': 2.5560386016907755, 'a3': 6.708203932499369}
params_min= {'a1': 2.0784609690826525, 'a2': 2.5560386016907755, 'a3': 6.260990336999412} logZ_min= 3.9176468344585844 obs_min= 3.5575439754366086e-33
params_new= {'a1': 2.0784609690826525, 'a2': 2.5560386016907755, 'a3': 6.708203932499369} logZ_new= 3.9097581831132002 obs_new= 3.8486372032298704
params_max= {'a1': 2.0784609690826525, 'a2': 2.5560386016907755, 'a3': 7.155417527999328} logZ_max= 4.008427762503511 obs_max= 7.0847428852092875
dist_min= tensor(88.6393) dist_max= tensor(88.3097)
params_min,params_max=params_min,params_new
evaluating model at params_new={'a1': 2.0784609690826525, 'a2': 2.5560386016907755, 'a3': 6.484597134749391}
params_min= {'a1': 2.0784609690826525, 'a2': 2.5560386016907755, 'a3': 6.260990336999412} logZ_min= 3.9176468344585844 obs_min= 3.5575439754366086e-33
params_new= {'a1': 2.0784609690826525, 'a2': 2.5560386016907755, 'a3': 6.484597134749391} logZ_new= nan obs_new= 0.34684686043653257
params_max= {'a1': 2.0784609690826525, 'a2': 2.5560386016907755, 'a3': 6.708203932499369} logZ_max= 3.9097581831132002 obs_max= 3.8486372032298704
dist_min= tensor(54.6330) dist_max= tensor(103.8556)
params_min,params_max=params_new,params_max
evaluating model at params_new={'a1': 2.0784609690826525, 'a2': 2.5560386016907755, 'a3': 6.59640053362438}
params_min= {'a1': 2.0784609690826525, 'a2': 2.5560386016907755, 'a3': 6.484597134749391} logZ_min= nan obs_min= 0.34684686043653257
params_new= {'a1': 2.0784609690826525, 'a2': 2.5560386016907755, 'a3': 6.59640053362438} logZ_new= 3.899495021833275 obs_new= 1.187330794294656
params_max= {'a1': 2.0784609690826525, 'a2': 2.5560386016907755, 'a3': 6.708203932499369} logZ_max= 3.9097581831132002 obs_max= 3.8486372032298704
dist_min= tensor(32.3755) dist_max= tensor(97.4319)
params_min,params_max=params_new,params_max
evaluating model at params_new={'a1': 2.0784609690826525, 'a2': 2.5560386016907755, 'a3': 6.652302233061874}
params_min= {'a1': 2.0784609690826525, 'a2': 2.5560386016907755, 'a3': 6.59640053362438} logZ_min= 3.899495021833275 obs_min= 1.187330794294656
params_new= {'a1': 2.0784609690826525, 'a2': 2.5560386016907755, 'a3': 6.652302233061874} logZ_new= 3.9037763123219062 obs_new= 1.8214690999099634
params_max= {'a1': 2.0784609690826525, 'a2': 2.5560386016907755, 'a3': 6.708203932499369} logZ_max= 3.9097581831132002 obs_max= 3.8486372032298704
dist_min= tensor(1.7698) dist_max= tensor(97.4480)
params_min,params_max=params_new,params_max
evaluating model at params_new={'a1': 2.0784609690826525, 'a2': 2.5560386016907755, 'a3': 6.680253082780622}
params_min= {'a1': 2.0784609690826525, 'a2': 2.5560386016907755, 'a3': 6.652302233061874} logZ_min= 3.9037763123219062 obs_min= 1.8214690999099634
params_new= {'a1': 2.0784609690826525, 'a2': 2.5560386016907755, 'a3': 6.680253082780622} logZ_new= nan obs_new= 3.4513848098071414
params_max= {'a1': 2.0784609690826525, 'a2': 2.5560386016907755, 'a3': 6.708203932499369} logZ_max= 3.9097581831132002 obs_max= 3.8486372032298704
dist_min= tensor(123.3014) dist_max= tensor(146.0186)
params_min,params_max=params_new,params_max
evaluating model at params_new={'a1': 2.0784609690826525, 'a2': 2.5560386016907755, 'a3': 6.694228507639996}
params_min= {'a1': 2.0784609690826525, 'a2': 2.5560386016907755, 'a3': 6.680253082780622} logZ_min= nan obs_min= 3.4513848098071414
params_new= {'a1': 2.0784609690826525, 'a2': 2.5560386016907755, 'a3': 6.694228507639996} logZ_new= 3.9077470383835164 obs_new= 3.622270680413936
params_max= {'a1': 2.0784609690826525, 'a2': 2.5560386016907755, 'a3': 6.708203932499369} logZ_max= 3.9097581831132002 obs_max= 3.8486372032298704
dist_min= tensor(128.5660) dist_max= tensor(67.2462)
params_min,params_max=params_min,params_new
evaluating model at params_new={'a1': 2.0784609690826525, 'a2': 2.5560386016907755, 'a3': 6.687240795210309}
params_min= {'a1': 2.0784609690826525, 'a2': 2.5560386016907755, 'a3': 6.680253082780622} logZ_min= nan obs_min= 3.4513848098071414
params_new= {'a1': 2.0784609690826525, 'a2': 2.5560386016907755, 'a3': 6.687240795210309} logZ_new= 3.9067920341894418 obs_new= 3.5100269829775925
params_max= {'a1': 2.0784609690826525, 'a2': 2.5560386016907755, 'a3': 6.694228507639996} logZ_max= 3.9077470383835164 obs_max= 3.622270680413936
dist_min= tensor(116.1797) dist_max= tensor(54.6519)
params_min,params_max=params_min,params_new
evaluating model at params_new={'a1': 2.0784609690826525, 'a2': 2.5560386016907755, 'a3': 6.683746938995466}
params_min= {'a1': 2.0784609690826525, 'a2': 2.5560386016907755, 'a3': 6.680253082780622} logZ_min= nan obs_min= 3.4513848098071414
params_new= {'a1': 2.0784609690826525, 'a2': 2.5560386016907755, 'a3': 6.683746938995466} logZ_new= 3.9063593421336162 obs_new= 3.449066709142705
params_max= {'a1': 2.0784609690826525, 'a2': 2.5560386016907755, 'a3': 6.687240795210309} logZ_max= 3.9067920341894418 obs_max= 3.5100269829775925
dist_min= tensor(116.1852) dist_max= tensor(1.2164)
params_min,params_max=params_min,params_new
evaluating model at params_new={'a1': 2.0784609690826525, 'a2': 2.5560386016907755, 'a3': 6.682000010888044}
params_min= {'a1': 2.0784609690826525, 'a2': 2.5560386016907755, 'a3': 6.680253082780622} logZ_min= nan obs_min= 3.4513848098071414
params_new= {'a1': 2.0784609690826525, 'a2': 2.5560386016907755, 'a3': 6.682000010888044} logZ_new= 3.9061287215094516 obs_new= 3.4216951098532107
params_max= {'a1': 2.0784609690826525, 'a2': 2.5560386016907755, 'a3': 6.683746938995466} logZ_max= 3.9063593421336162 obs_max= 3.449066709142705
dist_min= tensor(116.1880) dist_max= tensor(2.1417)
params_min,params_max=params_min,params_new
evaluating model at params_new={'a1': 2.0784609690826525, 'a2': 2.5560386016907755, 'a3': 6.681126546834333}
params_min= {'a1': 2.0784609690826525, 'a2': 2.5560386016907755, 'a3': 6.680253082780622} logZ_min= nan obs_min= 3.4513848098071414
params_new= {'a1': 2.0784609690826525, 'a2': 2.5560386016907755, 'a3': 6.681126546834333} logZ_new= nan obs_new= 3.4362878300832516
params_max= {'a1': 2.0784609690826525, 'a2': 2.5560386016907755, 'a3': 6.682000010888044} logZ_max= 3.9061287215094516 obs_max= 3.4216951098532107
dist_min= tensor(116.5051) dist_max= tensor(9.4631)
params_min,params_max=params_min,params_new
evaluating model at params_new={'a1': 2.0784609690826525, 'a2': 2.5560386016907755, 'a3': 6.680689814807478}
params_min= {'a1': 2.0784609690826525, 'a2': 2.5560386016907755, 'a3': 6.680253082780622} logZ_min= nan obs_min= 3.4513848098071414
params_new= {'a1': 2.0784609690826525, 'a2': 2.5560386016907755, 'a3': 6.680689814807478} logZ_new= nan obs_new= 3.469965988644179
params_max= {'a1': 2.0784609690826525, 'a2': 2.5560386016907755, 'a3': 6.681126546834333} logZ_max= nan obs_max= 3.4362878300832516
dist_min= tensor(116.2124) dist_max= tensor(9.8124)
params_min,params_max=params_min,params_new
evaluating model at params_new={'a1': 2.0784609690826525, 'a2': 2.5560386016907755, 'a3': 6.68047144879405}
params_min= {'a1': 2.0784609690826525, 'a2': 2.5560386016907755, 'a3': 6.680253082780622} logZ_min= nan obs_min= 3.4513848098071414
params_new= {'a1': 2.0784609690826525, 'a2': 2.5560386016907755, 'a3': 6.68047144879405} logZ_new= 3.9059202455710267 obs_new= 3.3986564599070164
params_max= {'a1': 2.0784609690826525, 'a2': 2.5560386016907755, 'a3': 6.680689814807478} logZ_max= nan obs_max= 3.469965988644179
dist_min= tensor(116.1927) dist_max= tensor(3.5063)
params_min,params_max=params_min,params_new
evaluating model at params_new={'a1': 2.0784609690826525, 'a2': 2.5560386016907755, 'a3': 6.680362265787336}
params_min= {'a1': 2.0784609690826525, 'a2': 2.5560386016907755, 'a3': 6.680253082780622} logZ_min= nan obs_min= 3.4513848098071414
params_new= {'a1': 2.0784609690826525, 'a2': 2.5560386016907755, 'a3': 6.680362265787336} logZ_new= 3.905897061900971 obs_new= 3.397619422317391
params_max= {'a1': 2.0784609690826525, 'a2': 2.5560386016907755, 'a3': 6.68047144879405} logZ_max= 3.9059202455710267 obs_max= 3.3986564599070164
dist_min= tensor(116.1857) dist_max= tensor(2.4179)
params_min,params_max=params_min,params_new
evaluating model at params_new={'a1': 2.0784609690826525, 'a2': 2.5560386016907755, 'a3': 6.680307674283979}
params_min= {'a1': 2.0784609690826525, 'a2': 2.5560386016907755, 'a3': 6.680253082780622} logZ_min= nan obs_min= 3.4513848098071414
params_new= {'a1': 2.0784609690826525, 'a2': 2.5560386016907755, 'a3': 6.680307674283979} logZ_new= 3.905680068865745 obs_new= 3.4359103931653086
params_max= {'a1': 2.0784609690826525, 'a2': 2.5560386016907755, 'a3': 6.680362265787336} logZ_max= 3.905897061900971 obs_max= 3.397619422317391
dist_min= tensor(116.1862) dist_max= tensor(0.1974)
params_min,params_max=params_min,params_new
evaluating model at params_new={'a1': 2.0784609690826525, 'a2': 2.5560386016907755, 'a3': 6.6802803785323}
params_min= {'a1': 2.0784609690826525, 'a2': 2.5560386016907755, 'a3': 6.680253082780622} logZ_min= nan obs_min= 3.4513848098071414
params_new= {'a1': 2.0784609690826525, 'a2': 2.5560386016907755, 'a3': 6.6802803785323} logZ_new= 3.9058892620574386 obs_new= 3.3970986445616087
params_max= {'a1': 2.0784609690826525, 'a2': 2.5560386016907755, 'a3': 6.680307674283979} logZ_max= 3.905680068865745 obs_max= 3.4359103931653086
dist_min= tensor(116.1886) dist_max= tensor(0.3181)
params_min,params_max=params_min,params_new
evaluating model at params_new={'a1': 2.0784609690826525, 'a2': 2.5560386016907755, 'a3': 6.680266730656461}
params_min= {'a1': 2.0784609690826525, 'a2': 2.5560386016907755, 'a3': 6.680253082780622} logZ_min= nan obs_min= 3.4513848098071414
params_new= {'a1': 2.0784609690826525, 'a2': 2.5560386016907755, 'a3': 6.680266730656461} logZ_new= 3.9058460749598076 obs_new= 3.4034456760858487
params_max= {'a1': 2.0784609690826525, 'a2': 2.5560386016907755, 'a3': 6.6802803785323} logZ_max= 3.9058892620574386 obs_max= 3.3970986445616087
dist_min= tensor(272.0541) dist_max= tensor(245.4206)
params_min,params_max=params_min,params_new
evaluating model at params_new={'a1': 2.0784609690826525, 'a2': 2.5560386016907755, 'a3': 6.6802599067185415}
params_min= {'a1': 2.0784609690826525, 'a2': 2.5560386016907755, 'a3': 6.680253082780622} logZ_min= nan obs_min= 3.4513848098071414
params_new= {'a1': 2.0784609690826525, 'a2': 2.5560386016907755, 'a3': 6.6802599067185415} logZ_new= nan obs_new= 3.4103725729454415
params_max= {'a1': 2.0784609690826525, 'a2': 2.5560386016907755, 'a3': 6.680266730656461} logZ_max= 3.9058460749598076 obs_max= 3.4034456760858487
dist_min= tensor(117.0292) dist_max= tensor(246.7368)
params_min,params_max=params_new,params_max
evaluating model at params_new={'a1': 2.0784609690826525, 'a2': 2.5560386016907755, 'a3': 6.680263318687501}
params_min= {'a1': 2.0784609690826525, 'a2': 2.5560386016907755, 'a3': 6.6802599067185415} logZ_min= nan obs_min= 3.4103725729454415
params_new= {'a1': 2.0784609690826525, 'a2': 2.5560386016907755, 'a3': 6.680263318687501} logZ_new= 3.9058586690560624 obs_new= 3.401552983523563
params_max= {'a1': 2.0784609690826525, 'a2': 2.5560386016907755, 'a3': 6.680266730656461} logZ_max= 3.9058460749598076 obs_max= 3.4034456760858487
dist_min= tensor(188.2184) dist_max= tensor(313.5127)
params_min,params_max=params_new,params_max
evaluating model at params_new={'a1': 2.0784609690826525, 'a2': 2.5560386016907755, 'a3': 6.680265024671981}
params_min= {'a1': 2.0784609690826525, 'a2': 2.5560386016907755, 'a3': 6.680263318687501} logZ_min= 3.9058586690560624 obs_min= 3.401552983523563
params_new= {'a1': 2.0784609690826525, 'a2': 2.5560386016907755, 'a3': 6.680265024671981} logZ_new= 3.905864485570727 obs_new= 3.4018025121583175
params_max= {'a1': 2.0784609690826525, 'a2': 2.5560386016907755, 'a3': 6.680266730656461} logZ_max= 3.9058460749598076 obs_max= 3.4034456760858487
dist_min= tensor(195.1936) dist_max= tensor(245.4210)
params_min,params_max=params_new,params_max
evaluating model at params_new={'a1': 2.0784609690826525, 'a2': 2.5560386016907755, 'a3': 6.680265877664221}
params_min= {'a1': 2.0784609690826525, 'a2': 2.5560386016907755, 'a3': 6.680265024671981} logZ_min= 3.905864485570727 obs_min= 3.4018025121583175
params_new= {'a1': 2.0784609690826525, 'a2': 2.5560386016907755, 'a3': 6.680265877664221} logZ_new= 3.9058463958818623 obs_new= 3.4035129150600176
params_max= {'a1': 2.0784609690826525, 'a2': 2.5560386016907755, 'a3': 6.680266730656461} logZ_max= 3.9058460749598076 obs_max= 3.4034456760858487
dist_min= tensor(6.2265) dist_max= tensor(239.7757)
params_min,params_max=params_new,params_max
evaluating model at params_new={'a1': 2.0784609690826525, 'a2': 2.5560386016907755, 'a3': 6.680266304160341}
params_min= {'a1': 2.0784609690826525, 'a2': 2.5560386016907755, 'a3': 6.680265877664221} logZ_min= 3.9058463958818623 obs_min= 3.4035129150600176
params_new= {'a1': 2.0784609690826525, 'a2': 2.5560386016907755, 'a3': 6.680266304160341} logZ_new= 3.9058976098577296 obs_new= 3.3952049497068875
params_max= {'a1': 2.0784609690826525, 'a2': 2.5560386016907755, 'a3': 6.680266730656461} logZ_max= 3.9058460749598076 obs_max= 3.4034456760858487
dist_min= tensor(7.0537) dist_max= tensor(246.2927)
params_min,params_max=params_new,params_max
evaluating model at params_new={'a1': 2.0784609690826525, 'a2': 2.5560386016907755, 'a3': 6.680266517408401}
params_min= {'a1': 2.0784609690826525, 'a2': 2.5560386016907755, 'a3': 6.680266304160341} logZ_min= 3.9058976098577296 obs_min= 3.3952049497068875
params_new= {'a1': 2.0784609690826525, 'a2': 2.5560386016907755, 'a3': 6.680266517408401} logZ_new= nan obs_new= 3.4277618216061456
params_max= {'a1': 2.0784609690826525, 'a2': 2.5560386016907755, 'a3': 6.680266730656461} logZ_max= 3.9058460749598076 obs_max= 3.4034456760858487
dist_min= tensor(6.4759) dist_max= tensor(242.8113)
params_min,params_max=params_new,params_max
evaluating model at params_new={'a1': 2.0784609690826525, 'a2': 2.5560386016907755, 'a3': 6.680266624032431}
params_min= {'a1': 2.0784609690826525, 'a2': 2.5560386016907755, 'a3': 6.680266517408401} logZ_min= nan obs_min= 3.4277618216061456
params_new= {'a1': 2.0784609690826525, 'a2': 2.5560386016907755, 'a3': 6.680266624032431} logZ_new= 3.9057332867988697 obs_new= 3.4252805921417697
params_max= {'a1': 2.0784609690826525, 'a2': 2.5560386016907755, 'a3': 6.680266730656461} logZ_max= 3.9058460749598076 obs_max= 3.4034456760858487
dist_min= tensor(5.1104) dist_max= tensor(245.4196)
params_min,params_max=params_new,params_max
evaluating model at params_new={'a1': 2.0784609690826525, 'a2': 2.5560386016907755, 'a3': 6.680266677344446}
params_min= {'a1': 2.0784609690826525, 'a2': 2.5560386016907755, 'a3': 6.680266624032431} logZ_min= 3.9057332867988697 obs_min= 3.4252805921417697
params_new= {'a1': 2.0784609690826525, 'a2': 2.5560386016907755, 'a3': 6.680266677344446} logZ_new= nan obs_new= 3.401266583646774
params_max= {'a1': 2.0784609690826525, 'a2': 2.5560386016907755, 'a3': 6.680266730656461} logZ_max= 3.9058460749598076 obs_max= 3.4034456760858487
dist_min= tensor(7.9460) dist_max= tensor(245.7315)
params_min,params_max=params_new,params_max
evaluating model at params_new={'a1': 2.0784609690826525, 'a2': 2.5560386016907755, 'a3': 6.680266704000454}
params_min= {'a1': 2.0784609690826525, 'a2': 2.5560386016907755, 'a3': 6.680266677344446} logZ_min= nan obs_min= 3.401266583646774
params_new= {'a1': 2.0784609690826525, 'a2': 2.5560386016907755, 'a3': 6.680266704000454} logZ_new= nan obs_new= 3.450493177497142
params_max= {'a1': 2.0784609690826525, 'a2': 2.5560386016907755, 'a3': 6.680266730656461} logZ_max= 3.9058460749598076 obs_max= 3.4034456760858487
dist_min= tensor(7.8370) dist_max= tensor(246.2960)
params_min,params_max=params_new,params_max
evaluating model at params_new={'a1': 2.0784609690826525, 'a2': 2.5560386016907755, 'a3': 6.680266717328458}
params_min= {'a1': 2.0784609690826525, 'a2': 2.5560386016907755, 'a3': 6.680266704000454} logZ_min= nan obs_min= 3.450493177497142
params_new= {'a1': 2.0784609690826525, 'a2': 2.5560386016907755, 'a3': 6.680266717328458} logZ_new= 3.9058232947744966 obs_new= 3.4082096840561347
params_max= {'a1': 2.0784609690826525, 'a2': 2.5560386016907755, 'a3': 6.680266730656461} logZ_max= 3.9058460749598076 obs_max= 3.4034456760858487
dist_min= tensor(56.2679) dist_max= tensor(248.1780)
params_min,params_max=params_new,params_max
evaluating model at params_new={'a1': 2.0784609690826525, 'a2': 2.5560386016907755, 'a3': 6.680266723992459}
params_min= {'a1': 2.0784609690826525, 'a2': 2.5560386016907755, 'a3': 6.680266717328458} logZ_min= 3.9058232947744966 obs_min= 3.4082096840561347
params_new= {'a1': 2.0784609690826525, 'a2': 2.5560386016907755, 'a3': 6.680266723992459} logZ_new= nan obs_new= 3.4011762098362617
params_max= {'a1': 2.0784609690826525, 'a2': 2.5560386016907755, 'a3': 6.680266730656461} logZ_max= 3.9058460749598076 obs_max= 3.4034456760858487
dist_min= tensor(56.4484) dist_max= tensor(246.0992)
params_min,params_max=params_new,params_max
evaluating model at params_new={'a1': 2.0784609690826525, 'a2': 2.5560386016907755, 'a3': 6.68026672732446}
params_min= {'a1': 2.0784609690826525, 'a2': 2.5560386016907755, 'a3': 6.680266723992459} logZ_min= nan obs_min= 3.4011762098362617
params_new= {'a1': 2.0784609690826525, 'a2': 2.5560386016907755, 'a3': 6.68026672732446} logZ_new= nan obs_new= 3.401056829977694
params_max= {'a1': 2.0784609690826525, 'a2': 2.5560386016907755, 'a3': 6.680266730656461} logZ_max= 3.9058460749598076 obs_max= 3.4034456760858487
dist_min= tensor(6.0570) dist_max= tensor(246.3431)
params_min,params_max=params_new,params_max
evaluating model at params_new={'a1': 2.0784609690826525, 'a2': 2.5560386016907755, 'a3': 6.6802667289904605}
params_min= {'a1': 2.0784609690826525, 'a2': 2.5560386016907755, 'a3': 6.68026672732446} logZ_min= nan obs_min= 3.401056829977694
params_new= {'a1': 2.0784609690826525, 'a2': 2.5560386016907755, 'a3': 6.6802667289904605} logZ_new= nan obs_new= 3.404007707557826
params_max= {'a1': 2.0784609690826525, 'a2': 2.5560386016907755, 'a3': 6.680266730656461} logZ_max= 3.9058460749598076 obs_max= 3.4034456760858487
dist_min= tensor(7670.2727) dist_max= tensor(7674.2079)
params_min,params_max=params_new,params_max
evaluating model at params_new={'a1': 2.0784609690826525, 'a2': 2.5560386016907755, 'a3': 6.680266729823461}
params_min= {'a1': 2.0784609690826525, 'a2': 2.5560386016907755, 'a3': 6.6802667289904605} logZ_min= nan obs_min= 3.404007707557826
params_new= {'a1': 2.0784609690826525, 'a2': 2.5560386016907755, 'a3': 6.680266729823461} logZ_new= nan obs_new= 3.3972995531893653
params_max= {'a1': 2.0784609690826525, 'a2': 2.5560386016907755, 'a3': 6.680266730656461} logZ_max= 3.9058460749598076 obs_max= 3.4034456760858487
dist_min= tensor(7670.2183) dist_max= tensor(246.2569)
params_min,params_max=params_min,params_new
evaluating model at params_new={'a1': 2.0784609690826525, 'a2': 2.5560386016907755, 'a3': 6.680266729406961}
params_min= {'a1': 2.0784609690826525, 'a2': 2.5560386016907755, 'a3': 6.6802667289904605} logZ_min= nan obs_min= 3.404007707557826
params_new= {'a1': 2.0784609690826525, 'a2': 2.5560386016907755, 'a3': 6.680266729406961} logZ_new= nan obs_new= 3.3956098199500517
params_max= {'a1': 2.0784609690826525, 'a2': 2.5560386016907755, 'a3': 6.680266729823461} logZ_max= nan obs_max= 3.3972995531893653
dist_min= tensor(7670.2324) dist_max= tensor(15.1467)
params_min,params_max=params_min,params_new
evaluating model at params_new={'a1': 2.0784609690826525, 'a2': 2.5560386016907755, 'a3': 6.680266729198711}
params_min= {'a1': 2.0784609690826525, 'a2': 2.5560386016907755, 'a3': 6.6802667289904605} logZ_min= nan obs_min= 3.404007707557826
params_new= {'a1': 2.0784609690826525, 'a2': 2.5560386016907755, 'a3': 6.680266729198711} logZ_new= 3.905900233475906 obs_new= 3.394750743962038
params_max= {'a1': 2.0784609690826525, 'a2': 2.5560386016907755, 'a3': 6.680266729406961} logZ_max= nan obs_max= 3.3956098199500517
dist_min= tensor(7669.9890) dist_max= tensor(15.3289)
params_min,params_max=params_min,params_new
evaluating model at params_new={'a1': 2.0784609690826525, 'a2': 2.5560386016907755, 'a3': 6.680266729094585}
params_min= {'a1': 2.0784609690826525, 'a2': 2.5560386016907755, 'a3': 6.6802667289904605} logZ_min= nan obs_min= 3.404007707557826
params_new= {'a1': 2.0784609690826525, 'a2': 2.5560386016907755, 'a3': 6.680266729094585} logZ_new= 3.9056996591025137 obs_new= 3.4305318427414337
params_max= {'a1': 2.0784609690826525, 'a2': 2.5560386016907755, 'a3': 6.680266729198711} logZ_max= 3.905900233475906 obs_max= 3.394750743962038
dist_min= tensor(7670.3210) dist_max= tensor(25.2567)
params_min,params_max=params_min,params_new
evaluating model at params_new={'a1': 2.0784609690826525, 'a2': 2.5560386016907755, 'a3': 6.680266729042523}
params_min= {'a1': 2.0784609690826525, 'a2': 2.5560386016907755, 'a3': 6.6802667289904605} logZ_min= nan obs_min= 3.404007707557826
params_new= {'a1': 2.0784609690826525, 'a2': 2.5560386016907755, 'a3': 6.680266729042523} logZ_new= 3.905829323945836 obs_new= 3.407360555962624
params_max= {'a1': 2.0784609690826525, 'a2': 2.5560386016907755, 'a3': 6.680266729094585} logZ_max= 3.9056996591025137 obs_max= 3.4305318427414337
dist_min= tensor(7709.4777) dist_max= tensor(775.9502)
params_min,params_max=params_min,params_new
evaluating model at params_new={'a1': 2.0784609690826525, 'a2': 2.5560386016907755, 'a3': 6.680266729016491}
params_min= {'a1': 2.0784609690826525, 'a2': 2.5560386016907755, 'a3': 6.6802667289904605} logZ_min= nan obs_min= 3.404007707557826
params_new= {'a1': 2.0784609690826525, 'a2': 2.5560386016907755, 'a3': 6.680266729016491} logZ_new= 3.9058604677601263 obs_new= 3.401036601338796
params_max= {'a1': 2.0784609690826525, 'a2': 2.5560386016907755, 'a3': 6.680266729042523} logZ_max= 3.905829323945836 obs_max= 3.407360555962624
dist_min= tensor(7670.3546) dist_max= tensor(774.7685)
params_min,params_max=params_min,params_new
evaluating model at params_new={'a1': 2.0784609690826525, 'a2': 2.5560386016907755, 'a3': 6.680266729003476}
params_min= {'a1': 2.0784609690826525, 'a2': 2.5560386016907755, 'a3': 6.6802667289904605} logZ_min= nan obs_min= 3.404007707557826
params_new= {'a1': 2.0784609690826525, 'a2': 2.5560386016907755, 'a3': 6.680266729003476} logZ_new= 3.9058582800930557 obs_new= 3.4025170092292756
params_max= {'a1': 2.0784609690826525, 'a2': 2.5560386016907755, 'a3': 6.680266729016491} logZ_max= 3.9058604677601263 obs_max= 3.401036601338796
dist_min= tensor(7694.7017) dist_max= tensor(613.2180)
params_min,params_max=params_min,params_new
evaluating model at params_new={'a1': 2.0784609690826525, 'a2': 2.5560386016907755, 'a3': 6.680266728996968}
params_min= {'a1': 2.0784609690826525, 'a2': 2.5560386016907755, 'a3': 6.6802667289904605} logZ_min= nan obs_min= 3.404007707557826
params_new= {'a1': 2.0784609690826525, 'a2': 2.5560386016907755, 'a3': 6.680266728996968} logZ_new= 3.9058959113139777 obs_new= 3.3950623171932883
params_max= {'a1': 2.0784609690826525, 'a2': 2.5560386016907755, 'a3': 6.680266729003476} logZ_max= 3.9058582800930557 obs_max= 3.4025170092292756
dist_min= tensor(7669.9893) dist_max= tensor(611.5883)
params_min,params_max=params_min,params_new
evaluating model at params_new={'a1': 2.0784609690826525, 'a2': 2.5560386016907755, 'a3': 6.680266728993715}
params_min= {'a1': 2.0784609690826525, 'a2': 2.5560386016907755, 'a3': 6.6802667289904605} logZ_min= nan obs_min= 3.404007707557826
params_new= {'a1': 2.0784609690826525, 'a2': 2.5560386016907755, 'a3': 6.680266728993715} logZ_new= nan obs_new= 3.395387903531447
params_max= {'a1': 2.0784609690826525, 'a2': 2.5560386016907755, 'a3': 6.680266728996968} logZ_max= 3.9058959113139777 obs_max= 3.3950623171932883
dist_min= tensor(7670.2182) dist_max= tensor(1.8041)
params_min,params_max=params_min,params_new
evaluating model at params_new={'a1': 2.0784609690826525, 'a2': 2.5560386016907755, 'a3': 6.680266728992088}
params_min= {'a1': 2.0784609690826525, 'a2': 2.5560386016907755, 'a3': 6.6802667289904605} logZ_min= nan obs_min= 3.404007707557826
params_new= {'a1': 2.0784609690826525, 'a2': 2.5560386016907755, 'a3': 6.680266728992088} logZ_new= nan obs_new= 3.4244166357006334
params_max= {'a1': 2.0784609690826525, 'a2': 2.5560386016907755, 'a3': 6.680266728993715} logZ_max= nan obs_max= 3.395387903531447
dist_min= tensor(7669.9038) dist_max= tensor(5.2853)
params_min,params_max=params_min,params_new
evaluating model at params_new={'a1': 2.0784609690826525, 'a2': 2.5560386016907755, 'a3': 6.680266728991274}
params_min= {'a1': 2.0784609690826525, 'a2': 2.5560386016907755, 'a3': 6.6802667289904605} logZ_min= nan obs_min= 3.404007707557826
params_new= {'a1': 2.0784609690826525, 'a2': 2.5560386016907755, 'a3': 6.680266728991274} logZ_new= 3.905762729174448 obs_new= 3.421042790451548
params_max= {'a1': 2.0784609690826525, 'a2': 2.5560386016907755, 'a3': 6.680266728992088} logZ_max= nan obs_max= 3.4244166357006334
dist_min= tensor(7669.9893) dist_max= tensor(4.6553)
params_min,params_max=params_min,params_new
evaluating model at params_new={'a1': 2.0784609690826525, 'a2': 2.5560386016907755, 'a3': 6.680266728990867}
params_min= {'a1': 2.0784609690826525, 'a2': 2.5560386016907755, 'a3': 6.6802667289904605} logZ_min= nan obs_min= 3.404007707557826
params_new= {'a1': 2.0784609690826525, 'a2': 2.5560386016907755, 'a3': 6.680266728990867} logZ_new= 3.905895918940791 obs_new= 3.395598393372363
params_max= {'a1': 2.0784609690826525, 'a2': 2.5560386016907755, 'a3': 6.680266728991274} logZ_max= 3.905762729174448 obs_max= 3.421042790451548
dist_min= tensor(7669.9892) dist_max= tensor(0.4559)
params_min,params_max=params_min,params_new
evaluating model at params_new={'a1': 2.0784609690826525, 'a2': 2.5560386016907755, 'a3': 6.680266728990664}
params_min= {'a1': 2.0784609690826525, 'a2': 2.5560386016907755, 'a3': 6.6802667289904605} logZ_min= nan obs_min= 3.404007707557826
params_new= {'a1': 2.0784609690826525, 'a2': 2.5560386016907755, 'a3': 6.680266728990664} logZ_new= 3.905875937239673 obs_new= 3.3978738504441943
params_max= {'a1': 2.0784609690826525, 'a2': 2.5560386016907755, 'a3': 6.680266728990867} logZ_max= 3.905895918940791 obs_max= 3.395598393372363
dist_min= tensor(7670.2184) dist_max= tensor(2.1756)
params_min,params_max=params_min,params_new
evaluating model at params_new={'a1': 2.0784609690826525, 'a2': 2.5560386016907755, 'a3': 6.680266728990562}
params_min= {'a1': 2.0784609690826525, 'a2': 2.5560386016907755, 'a3': 6.6802667289904605} logZ_min= nan obs_min= 3.404007707557826
params_new= {'a1': 2.0784609690826525, 'a2': 2.5560386016907755, 'a3': 6.680266728990562} logZ_new= 3.9054535637323076 obs_new= 3.469362616038939
params_max= {'a1': 2.0784609690826525, 'a2': 2.5560386016907755, 'a3': 6.680266728990664} logZ_max= 3.905875937239673 obs_max= 3.3978738504441943
dist_min= tensor(7669.9860) dist_max= tensor(2.5453)
params_min,params_max=params_min,params_new
evaluating model at params_new={'a1': 2.0784609690826525, 'a2': 2.5560386016907755, 'a3': 6.680266728990511}
params_min= {'a1': 2.0784609690826525, 'a2': 2.5560386016907755, 'a3': 6.6802667289904605} logZ_min= nan obs_min= 3.404007707557826
params_new= {'a1': 2.0784609690826525, 'a2': 2.5560386016907755, 'a3': 6.680266728990511} logZ_new= 3.905864219024422 obs_new= 3.399656447923974
params_max= {'a1': 2.0784609690826525, 'a2': 2.5560386016907755, 'a3': 6.680266728990562} logZ_max= 3.9054535637323076 obs_max= 3.469362616038939
dist_min= tensor(7669.9923) dist_max= tensor(1.0812)
params_min,params_max=params_min,params_new
evaluating model at params_new={'a1': 2.0784609690826525, 'a2': 2.5560386016907755, 'a3': 6.680266728990485}
params_min= {'a1': 2.0784609690826525, 'a2': 2.5560386016907755, 'a3': 6.6802667289904605} logZ_min= nan obs_min= 3.404007707557826
params_new= {'a1': 2.0784609690826525, 'a2': 2.5560386016907755, 'a3': 6.680266728990485} logZ_new= nan obs_new= 3.401392447386189
params_max= {'a1': 2.0784609690826525, 'a2': 2.5560386016907755, 'a3': 6.680266728990511} logZ_max= 3.905864219024422 obs_max= 3.399656447923974
dist_min= tensor(7671.1622) dist_max= tensor(118.6158)
params_min,params_max=params_min,params_new
evaluating model at params_new={'a1': 2.0784609690826525, 'a2': 2.5560386016907755, 'a3': 6.680266728990473}
params_min= {'a1': 2.0784609690826525, 'a2': 2.5560386016907755, 'a3': 6.6802667289904605} logZ_min= nan obs_min= 3.404007707557826
params_new= {'a1': 2.0784609690826525, 'a2': 2.5560386016907755, 'a3': 6.680266728990473} logZ_new= 3.905900123975055 obs_new= 3.394733827523898
params_max= {'a1': 2.0784609690826525, 'a2': 2.5560386016907755, 'a3': 6.680266728990485} logZ_max= nan obs_max= 3.401392447386189
dist_min= tensor(7669.9892) dist_max= tensor(118.4684)
params_min,params_max=params_min,params_new
evaluating model at params_new={'a1': 2.0784609690826525, 'a2': 2.5560386016907755, 'a3': 6.680266728990467}
params_min= {'a1': 2.0784609690826525, 'a2': 2.5560386016907755, 'a3': 6.6802667289904605} logZ_min= nan obs_min= 3.404007707557826
params_new= {'a1': 2.0784609690826525, 'a2': 2.5560386016907755, 'a3': 6.680266728990467} logZ_new= 3.9058274034225535 obs_new= 3.407386244218239
params_max= {'a1': 2.0784609690826525, 'a2': 2.5560386016907755, 'a3': 6.680266728990473} logZ_max= 3.905900123975055 obs_max= 3.394733827523898
dist_min= tensor(7670.2493) dist_max= tensor(45.3730)
params_min,params_max=params_min,params_new
evaluating model at params_new={'a1': 2.0784609690826525, 'a2': 2.5560386016907755, 'a3': 6.680266728990464}
params_min= {'a1': 2.0784609690826525, 'a2': 2.5560386016907755, 'a3': 6.6802667289904605} logZ_min= nan obs_min= 3.404007707557826
params_new= {'a1': 2.0784609690826525, 'a2': 2.5560386016907755, 'a3': 6.680266728990464} logZ_new= 3.9058900345972227 obs_new= 3.3965819666551766
params_max= {'a1': 2.0784609690826525, 'a2': 2.5560386016907755, 'a3': 6.680266728990467} logZ_max= 3.9058274034225535 obs_max= 3.407386244218239
dist_min= tensor(7670.2183) dist_max= tensor(45.5383)
params_min,params_max=params_min,params_new
evaluating model at params_new={'a1': 2.0784609690826525, 'a2': 2.5560386016907755, 'a3': 6.680266728990462}
params_min= {'a1': 2.0784609690826525, 'a2': 2.5560386016907755, 'a3': 6.6802667289904605} logZ_min= nan obs_min= 3.404007707557826
params_new= {'a1': 2.0784609690826525, 'a2': 2.5560386016907755, 'a3': 6.680266728990462} logZ_new= nan obs_new= 3.4044513905428255
params_max= {'a1': 2.0784609690826525, 'a2': 2.5560386016907755, 'a3': 6.680266728990464} logZ_max= 3.9058900345972227 obs_max= 3.3965819666551766
dist_min= tensor(7670.5540) dist_max= tensor(63.8198)
params_min,params_max=params_min,params_new
evaluating model at params_new={'a1': 2.0784609690826525, 'a2': 2.5560386016907755, 'a3': 6.680266728990461}
params_min= {'a1': 2.0784609690826525, 'a2': 2.5560386016907755, 'a3': 6.6802667289904605} logZ_min= nan obs_min= 3.404007707557826
params_new= {'a1': 2.0784609690826525, 'a2': 2.5560386016907755, 'a3': 6.680266728990461} logZ_new= 3.905891931691718 obs_new= 3.3963995244769163
params_max= {'a1': 2.0784609690826525, 'a2': 2.5560386016907755, 'a3': 6.680266728990462} logZ_max= nan obs_max= 3.4044513905428255
dist_min= tensor(7669.9893) dist_max= tensor(63.7535)
params_min,params_max=params_min,params_new
critical params found:  {'a1': 2.0784609690826525, 'a2': 2.5560386016907755, 'a3': 6.6802667289904605}
reference params:  {'a1': 1.1547005383792515, 'a2': 1.8257418583505538, 'a3': 4.47213595499958}
file saved to  data/AKLT3D_X10_scan_grid_critical_a3/a1_2.0784610_a2_2.5560386/Tc.json
