Start running find_critical_temp.py with options:{'filename': 'data/AKLT3D_X10_scan_grid_critical_a3/a1_1.1547005_a2_2.5560386/Tc.json', 'log_filename': 'data/AKLT3D_X10_scan_grid_critical_a3/a1_1.1547005_a2_2.5560386/Tc.log', 'nLayers': 60, 'max_dim': 10, 'model': 'AKLT3D', 'params_min': "{'a1': 1.1547005383792517, 'a2': 2.5560386016907755, 'a3': 2.683281572999748}", 'params_max': "{'a1': 1.1547005383792517, 'a2': 2.5560386016907755, 'a3': 3.577708763999664}", 'params_ref': None, 'observable_name': 'magnetizationZ', 'tol': 0.0, 'gilt_enabled': False, 'gilt_eps': 8e-07, 'gilt_nIter': 1, 'mcf_enabled': True, 'mcf_eps': 1e-16, 'mcf_max_iter': 200, 'hotrg_sanity_check': False, 'version': 1, 'device': 'cuda:1'}
loading library...
evaluating model at params_min={'a1': 1.1547005383792517, 'a2': 2.5560386016907755, 'a3': 2.683281572999748}
params_min= {'a1': 1.1547005383792517, 'a2': 2.5560386016907755, 'a3': 2.683281572999748} logZ_min= 3.2712836060451056 obs_min= 4.623327267844149e-29
evaluating model at params_max={'a1': 1.1547005383792517, 'a2': 2.5560386016907755, 'a3': 3.577708763999664}
params_max= {'a1': 1.1547005383792517, 'a2': 2.5560386016907755, 'a3': 3.577708763999664} logZ_max= nan obs_max= 1.3086530529982487
searching for critical temperature using bisection method
evaluating model at params_new={'a1': 1.1547005383792517, 'a2': 2.5560386016907755, 'a3': 3.130495168499706}
params_min= {'a1': 1.1547005383792517, 'a2': 2.5560386016907755, 'a3': 2.683281572999748} logZ_min= 3.2712836060451056 obs_min= 4.623327267844149e-29
params_new= {'a1': 1.1547005383792517, 'a2': 2.5560386016907755, 'a3': 3.130495168499706} logZ_new= 3.28280224216481 obs_new= 0.059575530476645856
params_max= {'a1': 1.1547005383792517, 'a2': 2.5560386016907755, 'a3': 3.577708763999664} logZ_max= nan obs_max= 1.3086530529982487
dist_min= tensor(355.8124) dist_max= tensor(1325.6375)
params_min,params_max=params_new,params_max
evaluating model at params_new={'a1': 1.1547005383792517, 'a2': 2.5560386016907755, 'a3': 3.3541019662496847}
params_min= {'a1': 1.1547005383792517, 'a2': 2.5560386016907755, 'a3': 3.130495168499706} logZ_min= 3.28280224216481 obs_min= 0.059575530476645856
params_new= {'a1': 1.1547005383792517, 'a2': 2.5560386016907755, 'a3': 3.3541019662496847} logZ_new= 3.290892940255944 obs_new= 0.7293830977532132
params_max= {'a1': 1.1547005383792517, 'a2': 2.5560386016907755, 'a3': 3.577708763999664} logZ_max= nan obs_max= 1.3086530529982487
dist_min= tensor(1.4472) dist_max= tensor(1325.3456)
params_min,params_max=params_new,params_max
evaluating model at params_new={'a1': 1.1547005383792517, 'a2': 2.5560386016907755, 'a3': 3.4659053651246743}
params_min= {'a1': 1.1547005383792517, 'a2': 2.5560386016907755, 'a3': 3.3541019662496847} logZ_min= 3.290892940255944 obs_min= 0.7293830977532132
params_new= {'a1': 1.1547005383792517, 'a2': 2.5560386016907755, 'a3': 3.4659053651246743} logZ_new= 3.2847212353944752 obs_new= 1.0285059810275392
params_max= {'a1': 1.1547005383792517, 'a2': 2.5560386016907755, 'a3': 3.577708763999664} logZ_max= nan obs_max= 1.3086530529982487
dist_min= tensor(798.2920) dist_max= tensor(583.6693)
params_min,params_max=params_min,params_new
evaluating model at params_new={'a1': 1.1547005383792517, 'a2': 2.5560386016907755, 'a3': 3.4100036656871797}
params_min= {'a1': 1.1547005383792517, 'a2': 2.5560386016907755, 'a3': 3.3541019662496847} logZ_min= 3.290892940255944 obs_min= 0.7293830977532132
params_new= {'a1': 1.1547005383792517, 'a2': 2.5560386016907755, 'a3': 3.4100036656871797} logZ_new= nan obs_new= 0.9014446076198007
params_max= {'a1': 1.1547005383792517, 'a2': 2.5560386016907755, 'a3': 3.4659053651246743} logZ_max= 3.2847212353944752 obs_max= 1.0285059810275392
dist_min= tensor(1131.7906) dist_max= tensor(340.9427)
params_min,params_max=params_min,params_new
evaluating model at params_new={'a1': 1.1547005383792517, 'a2': 2.5560386016907755, 'a3': 3.382052815968432}
params_min= {'a1': 1.1547005383792517, 'a2': 2.5560386016907755, 'a3': 3.3541019662496847} logZ_min= 3.290892940255944 obs_min= 0.7293830977532132
params_new= {'a1': 1.1547005383792517, 'a2': 2.5560386016907755, 'a3': 3.382052815968432} logZ_new= 3.2798551922737476 obs_new= 0.7857042176511787
params_max= {'a1': 1.1547005383792517, 'a2': 2.5560386016907755, 'a3': 3.4100036656871797} logZ_max= nan obs_max= 0.9014446076198007
dist_min= tensor(1146.9534) dist_max= tensor(238.7283)
params_min,params_max=params_min,params_new
evaluating model at params_new={'a1': 1.1547005383792517, 'a2': 2.5560386016907755, 'a3': 3.3680773911090585}
params_min= {'a1': 1.1547005383792517, 'a2': 2.5560386016907755, 'a3': 3.3541019662496847} logZ_min= 3.290892940255944 obs_min= 0.7293830977532132
params_new= {'a1': 1.1547005383792517, 'a2': 2.5560386016907755, 'a3': 3.3680773911090585} logZ_new= nan obs_new= 0.7572795988716556
params_max= {'a1': 1.1547005383792517, 'a2': 2.5560386016907755, 'a3': 3.382052815968432} logZ_max= 3.2798551922737476 obs_max= 0.7857042176511787
dist_min= tensor(1952.1136) dist_max= tensor(856.5168)
params_min,params_max=params_min,params_new
evaluating model at params_new={'a1': 1.1547005383792517, 'a2': 2.5560386016907755, 'a3': 3.3610896786793716}
params_min= {'a1': 1.1547005383792517, 'a2': 2.5560386016907755, 'a3': 3.3541019662496847} logZ_min= 3.290892940255944 obs_min= 0.7293830977532132
params_new= {'a1': 1.1547005383792517, 'a2': 2.5560386016907755, 'a3': 3.3610896786793716} logZ_new= 3.2911692448934105 obs_new= 0.7433490132018554
params_max= {'a1': 1.1547005383792517, 'a2': 2.5560386016907755, 'a3': 3.3680773911090585} logZ_max= nan obs_max= 0.7572795988716556
dist_min= tensor(29.1228) dist_max= tensor(1952.3296)
params_min,params_max=params_new,params_max
evaluating model at params_new={'a1': 1.1547005383792517, 'a2': 2.5560386016907755, 'a3': 3.364583534894215}
params_min= {'a1': 1.1547005383792517, 'a2': 2.5560386016907755, 'a3': 3.3610896786793716} logZ_min= 3.2911692448934105 obs_min= 0.7433490132018554
params_new= {'a1': 1.1547005383792517, 'a2': 2.5560386016907755, 'a3': 3.364583534894215} logZ_new= nan obs_new= 0.7502343017801424
params_max= {'a1': 1.1547005383792517, 'a2': 2.5560386016907755, 'a3': 3.3680773911090585} logZ_max= nan obs_max= 0.7572795988716556
dist_min= tensor(1902.2276) dist_max= tensor(50.6163)
params_min,params_max=params_min,params_new
evaluating model at params_new={'a1': 1.1547005383792517, 'a2': 2.5560386016907755, 'a3': 3.362836606786793}
params_min= {'a1': 1.1547005383792517, 'a2': 2.5560386016907755, 'a3': 3.3610896786793716} logZ_min= 3.2911692448934105 obs_min= 0.7433490132018554
params_new= {'a1': 1.1547005383792517, 'a2': 2.5560386016907755, 'a3': 3.362836606786793} logZ_new= 3.2912001666659703 obs_new= 0.7467613303085017
params_max= {'a1': 1.1547005383792517, 'a2': 2.5560386016907755, 'a3': 3.364583534894215} logZ_max= nan obs_max= 0.7502343017801424
dist_min= tensor(1961.2788) dist_max= tensor(60.0816)
params_min,params_max=params_min,params_new
evaluating model at params_new={'a1': 1.1547005383792517, 'a2': 2.5560386016907755, 'a3': 3.3619631427330825}
params_min= {'a1': 1.1547005383792517, 'a2': 2.5560386016907755, 'a3': 3.3610896786793716} logZ_min= 3.2911692448934105 obs_min= 0.7433490132018554
params_new= {'a1': 1.1547005383792517, 'a2': 2.5560386016907755, 'a3': 3.3619631427330825} logZ_new= 3.2912040878467534 obs_new= 0.7451208375587208
params_max= {'a1': 1.1547005383792517, 'a2': 2.5560386016907755, 'a3': 3.362836606786793} logZ_max= 3.2912001666659703 obs_max= 0.7467613303085017
dist_min= tensor(122.0058) dist_max= tensor(1966.2545)
params_min,params_max=params_new,params_max
evaluating model at params_new={'a1': 1.1547005383792517, 'a2': 2.5560386016907755, 'a3': 3.3623998747599377}
params_min= {'a1': 1.1547005383792517, 'a2': 2.5560386016907755, 'a3': 3.3619631427330825} logZ_min= 3.2912040878467534 obs_min= 0.7451208375587208
params_new= {'a1': 1.1547005383792517, 'a2': 2.5560386016907755, 'a3': 3.3623998747599377} logZ_new= 3.2910947945546933 obs_new= 0.7476985217015721
params_max= {'a1': 1.1547005383792517, 'a2': 2.5560386016907755, 'a3': 3.362836606786793} logZ_max= 3.2912001666659703 obs_max= 0.7467613303085017
dist_min= tensor(1568.8381) dist_max= tensor(398.5020)
params_min,params_max=params_min,params_new
evaluating model at params_new={'a1': 1.1547005383792517, 'a2': 2.5560386016907755, 'a3': 3.3621815087465103}
params_min= {'a1': 1.1547005383792517, 'a2': 2.5560386016907755, 'a3': 3.3619631427330825} logZ_min= 3.2912040878467534 obs_min= 0.7451208375587208
params_new= {'a1': 1.1547005383792517, 'a2': 2.5560386016907755, 'a3': 3.3621815087465103} logZ_new= 3.291175084980863 obs_new= 0.7454088360341651
params_max= {'a1': 1.1547005383792517, 'a2': 2.5560386016907755, 'a3': 3.3623998747599377} logZ_max= 3.2910947945546933 obs_max= 0.7476985217015721
dist_min= tensor(1898.5791) dist_max= tensor(332.2902)
params_min,params_max=params_min,params_new
evaluating model at params_new={'a1': 1.1547005383792517, 'a2': 2.5560386016907755, 'a3': 3.3620723257397964}
params_min= {'a1': 1.1547005383792517, 'a2': 2.5560386016907755, 'a3': 3.3619631427330825} logZ_min= 3.2912040878467534 obs_min= 0.7451208375587208
params_new= {'a1': 1.1547005383792517, 'a2': 2.5560386016907755, 'a3': 3.3620723257397964} logZ_new= nan obs_new= 0.7418589187916352
params_max= {'a1': 1.1547005383792517, 'a2': 2.5560386016907755, 'a3': 3.3621815087465103} logZ_max= 3.291175084980863 obs_max= 0.7454088360341651
dist_min= tensor(1163.8252) dist_max= tensor(738.6945)
params_min,params_max=params_min,params_new
evaluating model at params_new={'a1': 1.1547005383792517, 'a2': 2.5560386016907755, 'a3': 3.3620177342364395}
params_min= {'a1': 1.1547005383792517, 'a2': 2.5560386016907755, 'a3': 3.3619631427330825} logZ_min= 3.2912040878467534 obs_min= 0.7451208375587208
params_new= {'a1': 1.1547005383792517, 'a2': 2.5560386016907755, 'a3': 3.3620177342364395} logZ_new= nan obs_new= 0.7408188302676014
params_max= {'a1': 1.1547005383792517, 'a2': 2.5560386016907755, 'a3': 3.3620723257397964} logZ_max= nan obs_max= 0.7418589187916352
dist_min= tensor(1084.5586) dist_max= tensor(80.5938)
params_min,params_max=params_min,params_new
evaluating model at params_new={'a1': 1.1547005383792517, 'a2': 2.5560386016907755, 'a3': 3.361990438484761}
params_min= {'a1': 1.1547005383792517, 'a2': 2.5560386016907755, 'a3': 3.3619631427330825} logZ_min= 3.2912040878467534 obs_min= 0.7451208375587208
params_new= {'a1': 1.1547005383792517, 'a2': 2.5560386016907755, 'a3': 3.361990438484761} logZ_new= 3.2911717714848088 obs_new= 0.7449490777022928
params_max= {'a1': 1.1547005383792517, 'a2': 2.5560386016907755, 'a3': 3.3620177342364395} logZ_max= nan obs_max= 0.7408188302676014
dist_min= tensor(2006.7668) dist_max= tensor(927.1124)
params_min,params_max=params_min,params_new
evaluating model at params_new={'a1': 1.1547005383792517, 'a2': 2.5560386016907755, 'a3': 3.3619767906089217}
params_min= {'a1': 1.1547005383792517, 'a2': 2.5560386016907755, 'a3': 3.3619631427330825} logZ_min= 3.2912040878467534 obs_min= 0.7451208375587208
params_new= {'a1': 1.1547005383792517, 'a2': 2.5560386016907755, 'a3': 3.3619767906089217} logZ_new= nan obs_new= 0.7450341941033053
params_max= {'a1': 1.1547005383792517, 'a2': 2.5560386016907755, 'a3': 3.361990438484761} logZ_max= 3.2911717714848088 obs_max= 0.7449490777022928
dist_min= tensor(1886.6575) dist_max= tensor(154.1535)
params_min,params_max=params_min,params_new
evaluating model at params_new={'a1': 1.1547005383792517, 'a2': 2.5560386016907755, 'a3': 3.361969966671002}
params_min= {'a1': 1.1547005383792517, 'a2': 2.5560386016907755, 'a3': 3.3619631427330825} logZ_min= 3.2912040878467534 obs_min= 0.7451208375587208
params_new= {'a1': 1.1547005383792517, 'a2': 2.5560386016907755, 'a3': 3.361969966671002} logZ_new= 3.2911381392480155 obs_new= 0.74555857211029
params_max= {'a1': 1.1547005383792517, 'a2': 2.5560386016907755, 'a3': 3.3619767906089217} logZ_max= nan obs_max= 0.7450341941033053
dist_min= tensor(1743.0404) dist_max= tensor(176.0059)
params_min,params_max=params_min,params_new
evaluating model at params_new={'a1': 1.1547005383792517, 'a2': 2.5560386016907755, 'a3': 3.3619665547020423}
params_min= {'a1': 1.1547005383792517, 'a2': 2.5560386016907755, 'a3': 3.3619631427330825} logZ_min= 3.2912040878467534 obs_min= 0.7451208375587208
params_new= {'a1': 1.1547005383792517, 'a2': 2.5560386016907755, 'a3': 3.3619665547020423} logZ_new= nan obs_new= 0.7451408646537095
params_max= {'a1': 1.1547005383792517, 'a2': 2.5560386016907755, 'a3': 3.361969966671002} logZ_max= 3.2911381392480155 obs_max= 0.74555857211029
dist_min= tensor(1975.6318) dist_max= tensor(238.4654)
params_min,params_max=params_min,params_new
evaluating model at params_new={'a1': 1.1547005383792517, 'a2': 2.5560386016907755, 'a3': 3.3619648487175624}
params_min= {'a1': 1.1547005383792517, 'a2': 2.5560386016907755, 'a3': 3.3619631427330825} logZ_min= 3.2912040878467534 obs_min= 0.7451208375587208
params_new= {'a1': 1.1547005383792517, 'a2': 2.5560386016907755, 'a3': 3.3619648487175624} logZ_new= nan obs_new= 0.7448476092320973
params_max= {'a1': 1.1547005383792517, 'a2': 2.5560386016907755, 'a3': 3.3619665547020423} logZ_max= nan obs_max= 0.7451408646537095
dist_min= tensor(1979.8297) dist_max= tensor(15.4170)
params_min,params_max=params_min,params_new
evaluating model at params_new={'a1': 1.1547005383792517, 'a2': 2.5560386016907755, 'a3': 3.3619639957253225}
params_min= {'a1': 1.1547005383792517, 'a2': 2.5560386016907755, 'a3': 3.3619631427330825} logZ_min= 3.2912040878467534 obs_min= 0.7451208375587208
params_new= {'a1': 1.1547005383792517, 'a2': 2.5560386016907755, 'a3': 3.3619639957253225} logZ_new= 3.2886635591640685 obs_new= 0.794395701512114
params_max= {'a1': 1.1547005383792517, 'a2': 2.5560386016907755, 'a3': 3.3619648487175624} logZ_max= nan obs_max= 0.7448476092320973
dist_min= tensor(1922.2322) dist_max= tensor(59.6186)
params_min,params_max=params_min,params_new
evaluating model at params_new={'a1': 1.1547005383792517, 'a2': 2.5560386016907755, 'a3': 3.3619635692292027}
params_min= {'a1': 1.1547005383792517, 'a2': 2.5560386016907755, 'a3': 3.3619631427330825} logZ_min= 3.2912040878467534 obs_min= 0.7451208375587208
params_new= {'a1': 1.1547005383792517, 'a2': 2.5560386016907755, 'a3': 3.3619635692292027} logZ_new= 3.2789802352569724 obs_new= 0.7416074593143426
params_max= {'a1': 1.1547005383792517, 'a2': 2.5560386016907755, 'a3': 3.3619639957253225} logZ_max= 3.2886635591640685 obs_max= 0.794395701512114
dist_min= tensor(1169.7828) dist_max= tensor(754.3512)
params_min,params_max=params_min,params_new
evaluating model at params_new={'a1': 1.1547005383792517, 'a2': 2.5560386016907755, 'a3': 3.3619633559811426}
params_min= {'a1': 1.1547005383792517, 'a2': 2.5560386016907755, 'a3': 3.3619631427330825} logZ_min= 3.2912040878467534 obs_min= 0.7451208375587208
params_new= {'a1': 1.1547005383792517, 'a2': 2.5560386016907755, 'a3': 3.3619633559811426} logZ_new= 3.29120479507508 obs_new= 0.7453927647357096
params_max= {'a1': 1.1547005383792517, 'a2': 2.5560386016907755, 'a3': 3.3619635692292027} logZ_max= 3.2789802352569724 obs_max= 0.7416074593143426
dist_min= tensor(150.2363) dist_max= tensor(1163.5214)
params_min,params_max=params_new,params_max
evaluating model at params_new={'a1': 1.1547005383792517, 'a2': 2.5560386016907755, 'a3': 3.3619634626051726}
params_min= {'a1': 1.1547005383792517, 'a2': 2.5560386016907755, 'a3': 3.3619633559811426} logZ_min= 3.29120479507508 obs_min= 0.7453927647357096
params_new= {'a1': 1.1547005383792517, 'a2': 2.5560386016907755, 'a3': 3.3619634626051726} logZ_new= nan obs_new= 0.7319550934558919
params_max= {'a1': 1.1547005383792517, 'a2': 2.5560386016907755, 'a3': 3.3619635692292027} logZ_max= 3.2789802352569724 obs_max= 0.7416074593143426
dist_min= tensor(866.9008) dist_max= tensor(298.2722)
params_min,params_max=params_min,params_new
evaluating model at params_new={'a1': 1.1547005383792517, 'a2': 2.5560386016907755, 'a3': 3.361963409293158}
params_min= {'a1': 1.1547005383792517, 'a2': 2.5560386016907755, 'a3': 3.3619633559811426} logZ_min= 3.29120479507508 obs_min= 0.7453927647357096
params_new= {'a1': 1.1547005383792517, 'a2': 2.5560386016907755, 'a3': 3.361963409293158} logZ_new= 3.2772990852790858 obs_new= 0.7649451717644752
params_max= {'a1': 1.1547005383792517, 'a2': 2.5560386016907755, 'a3': 3.3619634626051726} logZ_max= nan obs_max= 0.7319550934558919
dist_min= tensor(1070.0422) dist_max= tensor(203.1530)
params_min,params_max=params_min,params_new
evaluating model at params_new={'a1': 1.1547005383792517, 'a2': 2.5560386016907755, 'a3': 3.36196338263715}
params_min= {'a1': 1.1547005383792517, 'a2': 2.5560386016907755, 'a3': 3.3619633559811426} logZ_min= 3.29120479507508 obs_min= 0.7453927647357096
params_new= {'a1': 1.1547005383792517, 'a2': 2.5560386016907755, 'a3': 3.36196338263715} logZ_new= nan obs_new= 0.7591302578410074
params_max= {'a1': 1.1547005383792517, 'a2': 2.5560386016907755, 'a3': 3.361963409293158} logZ_max= 3.2772990852790858 obs_max= 0.7649451717644752
dist_min= tensor(1079.7409) dist_max= tensor(21.1961)
params_min,params_max=params_min,params_new
evaluating model at params_new={'a1': 1.1547005383792517, 'a2': 2.5560386016907755, 'a3': 3.361963369309146}
params_min= {'a1': 1.1547005383792517, 'a2': 2.5560386016907755, 'a3': 3.3619633559811426} logZ_min= 3.29120479507508 obs_min= 0.7453927647357096
params_new= {'a1': 1.1547005383792517, 'a2': 2.5560386016907755, 'a3': 3.361963369309146} logZ_new= 3.2911737020558234 obs_new= 0.7451221554634806
params_max= {'a1': 1.1547005383792517, 'a2': 2.5560386016907755, 'a3': 3.36196338263715} logZ_max= nan obs_max= 0.7591302578410074
dist_min= tensor(1994.6193) dist_max= tensor(915.2227)
params_min,params_max=params_min,params_new
evaluating model at params_new={'a1': 1.1547005383792517, 'a2': 2.5560386016907755, 'a3': 3.3619633626451444}
params_min= {'a1': 1.1547005383792517, 'a2': 2.5560386016907755, 'a3': 3.3619633559811426} logZ_min= 3.29120479507508 obs_min= 0.7453927647357096
params_new= {'a1': 1.1547005383792517, 'a2': 2.5560386016907755, 'a3': 3.3619633626451444} logZ_new= 3.2911390555552984 obs_new= 0.7464748992619613
params_max= {'a1': 1.1547005383792517, 'a2': 2.5560386016907755, 'a3': 3.361963369309146} logZ_max= 3.2911737020558234 obs_max= 0.7451221554634806
dist_min= tensor(0.3196) dist_max= tensor(1994.6213)
params_min,params_max=params_new,params_max
evaluating model at params_new={'a1': 1.1547005383792517, 'a2': 2.5560386016907755, 'a3': 3.3619633659771453}
params_min= {'a1': 1.1547005383792517, 'a2': 2.5560386016907755, 'a3': 3.3619633626451444} logZ_min= 3.2911390555552984 obs_min= 0.7464748992619613
params_new= {'a1': 1.1547005383792517, 'a2': 2.5560386016907755, 'a3': 3.3619633659771453} logZ_new= 3.2905775817240777 obs_new= 0.7570500478838902
params_max= {'a1': 1.1547005383792517, 'a2': 2.5560386016907755, 'a3': 3.361963369309146} logZ_max= 3.2911737020558234 obs_max= 0.7451221554634806
dist_min= tensor(1273.2459) dist_max= tensor(721.3773)
params_min,params_max=params_min,params_new
evaluating model at params_new={'a1': 1.1547005383792517, 'a2': 2.5560386016907755, 'a3': 3.361963364311145}
params_min= {'a1': 1.1547005383792517, 'a2': 2.5560386016907755, 'a3': 3.3619633626451444} logZ_min= 3.2911390555552984 obs_min= 0.7464748992619613
params_new= {'a1': 1.1547005383792517, 'a2': 2.5560386016907755, 'a3': 3.361963364311145} logZ_new= 3.291171008385299 obs_new= 0.7448782372699061
params_max= {'a1': 1.1547005383792517, 'a2': 2.5560386016907755, 'a3': 3.3619633659771453} logZ_max= 3.2905775817240777 obs_max= 0.7570500478838902
dist_min= tensor(1975.7798) dist_max= tensor(763.8560)
params_min,params_max=params_min,params_new
evaluating model at params_new={'a1': 1.1547005383792517, 'a2': 2.5560386016907755, 'a3': 3.3619633634781447}
params_min= {'a1': 1.1547005383792517, 'a2': 2.5560386016907755, 'a3': 3.3619633626451444} logZ_min= 3.2911390555552984 obs_min= 0.7464748992619613
params_new= {'a1': 1.1547005383792517, 'a2': 2.5560386016907755, 'a3': 3.3619633634781447} logZ_new= 3.278982509392304 obs_new= 0.7414699915575071
params_max= {'a1': 1.1547005383792517, 'a2': 2.5560386016907755, 'a3': 3.361963364311145} logZ_max= 3.291171008385299 obs_max= 0.7448782372699061
dist_min= tensor(1140.6167) dist_max= tensor(881.8022)
params_min,params_max=params_min,params_new
evaluating model at params_new={'a1': 1.1547005383792517, 'a2': 2.5560386016907755, 'a3': 3.3619633630616446}
params_min= {'a1': 1.1547005383792517, 'a2': 2.5560386016907755, 'a3': 3.3619633626451444} logZ_min= 3.2911390555552984 obs_min= 0.7464748992619613
params_new= {'a1': 1.1547005383792517, 'a2': 2.5560386016907755, 'a3': 3.3619633630616446} logZ_new= 3.27898407674165 obs_new= 0.7414160735058212
params_max= {'a1': 1.1547005383792517, 'a2': 2.5560386016907755, 'a3': 3.3619633634781447} logZ_max= 3.278982509392304 obs_max= 0.7414699915575071
dist_min= tensor(1134.4622) dist_max= tensor(6.2038)
params_min,params_max=params_min,params_new
evaluating model at params_new={'a1': 1.1547005383792517, 'a2': 2.5560386016907755, 'a3': 3.3619633628533947}
params_min= {'a1': 1.1547005383792517, 'a2': 2.5560386016907755, 'a3': 3.3619633626451444} logZ_min= 3.2911390555552984 obs_min= 0.7464748992619613
params_new= {'a1': 1.1547005383792517, 'a2': 2.5560386016907755, 'a3': 3.3619633628533947} logZ_new= nan obs_new= 0.744892868630421
params_max= {'a1': 1.1547005383792517, 'a2': 2.5560386016907755, 'a3': 3.3619633630616446} logZ_max= 3.27898407674165 obs_max= 0.7414160735058212
dist_min= tensor(1933.4271) dist_max= tensor(798.9792)
params_min,params_max=params_min,params_new
evaluating model at params_new={'a1': 1.1547005383792517, 'a2': 2.5560386016907755, 'a3': 3.3619633627492695}
params_min= {'a1': 1.1547005383792517, 'a2': 2.5560386016907755, 'a3': 3.3619633626451444} logZ_min= 3.2911390555552984 obs_min= 0.7464748992619613
params_new= {'a1': 1.1547005383792517, 'a2': 2.5560386016907755, 'a3': 3.3619633627492695} logZ_new= nan obs_new= 0.7448691255042436
params_max= {'a1': 1.1547005383792517, 'a2': 2.5560386016907755, 'a3': 3.3619633628533947} logZ_max= nan obs_max= 0.744892868630421
dist_min= tensor(1992.8691) dist_max= tensor(127.5196)
params_min,params_max=params_min,params_new
evaluating model at params_new={'a1': 1.1547005383792517, 'a2': 2.5560386016907755, 'a3': 3.3619633626972067}
params_min= {'a1': 1.1547005383792517, 'a2': 2.5560386016907755, 'a3': 3.3619633626451444} logZ_min= 3.2911390555552984 obs_min= 0.7464748992619613
params_new= {'a1': 1.1547005383792517, 'a2': 2.5560386016907755, 'a3': 3.3619633626972067} logZ_new= 3.278983226916353 obs_new= 0.7414704466488282
params_max= {'a1': 1.1547005383792517, 'a2': 2.5560386016907755, 'a3': 3.3619633627492695} logZ_max= nan obs_max= 0.7448691255042436
dist_min= tensor(1140.6617) dist_max= tensor(856.5672)
params_min,params_max=params_min,params_new
evaluating model at params_new={'a1': 1.1547005383792517, 'a2': 2.5560386016907755, 'a3': 3.3619633626711756}
params_min= {'a1': 1.1547005383792517, 'a2': 2.5560386016907755, 'a3': 3.3619633626451444} logZ_min= 3.2911390555552984 obs_min= 0.7464748992619613
params_new= {'a1': 1.1547005383792517, 'a2': 2.5560386016907755, 'a3': 3.3619633626711756} logZ_new= nan obs_new= 0.7452036289091248
params_max= {'a1': 1.1547005383792517, 'a2': 2.5560386016907755, 'a3': 3.3619633626972067} logZ_max= 3.278983226916353 obs_max= 0.7414704466488282
dist_min= tensor(0.7011) dist_max= tensor(1140.6591)
params_min,params_max=params_new,params_max
evaluating model at params_new={'a1': 1.1547005383792517, 'a2': 2.5560386016907755, 'a3': 3.3619633626841914}
params_min= {'a1': 1.1547005383792517, 'a2': 2.5560386016907755, 'a3': 3.3619633626711756} logZ_min= nan obs_min= 0.7452036289091248
params_new= {'a1': 1.1547005383792517, 'a2': 2.5560386016907755, 'a3': 3.3619633626841914} logZ_new= 3.2911402404915067 obs_new= 0.745496729752043
params_max= {'a1': 1.1547005383792517, 'a2': 2.5560386016907755, 'a3': 3.3619633626972067} logZ_max= 3.278983226916353 obs_max= 0.7414704466488282
dist_min= tensor(1749.5020) dist_max= tensor(626.1142)
params_min,params_max=params_min,params_new
evaluating model at params_new={'a1': 1.1547005383792517, 'a2': 2.5560386016907755, 'a3': 3.3619633626776837}
params_min= {'a1': 1.1547005383792517, 'a2': 2.5560386016907755, 'a3': 3.3619633626711756} logZ_min= nan obs_min= 0.7452036289091248
params_new= {'a1': 1.1547005383792517, 'a2': 2.5560386016907755, 'a3': 3.3619633626776837} logZ_new= 3.278986436852778 obs_new= 0.7413080961937317
params_max= {'a1': 1.1547005383792517, 'a2': 2.5560386016907755, 'a3': 3.3619633626841914} logZ_max= 3.2911402404915067 obs_max= 0.745496729752043
dist_min= tensor(1122.2913) dist_max= tensor(643.7203)
params_min,params_max=params_min,params_new
evaluating model at params_new={'a1': 1.1547005383792517, 'a2': 2.5560386016907755, 'a3': 3.3619633626744294}
params_min= {'a1': 1.1547005383792517, 'a2': 2.5560386016907755, 'a3': 3.3619633626711756} logZ_min= nan obs_min= 0.7452036289091248
params_new= {'a1': 1.1547005383792517, 'a2': 2.5560386016907755, 'a3': 3.3619633626744294} logZ_new= 3.278982869370164 obs_new= 0.7414841145417119
params_max= {'a1': 1.1547005383792517, 'a2': 2.5560386016907755, 'a3': 3.3619633626776837} logZ_max= 3.278986436852778 obs_max= 0.7413080961937317
dist_min= tensor(1143.3364) dist_max= tensor(21.0512)
params_min,params_max=params_min,params_new
evaluating model at params_new={'a1': 1.1547005383792517, 'a2': 2.5560386016907755, 'a3': 3.3619633626728023}
params_min= {'a1': 1.1547005383792517, 'a2': 2.5560386016907755, 'a3': 3.3619633626711756} logZ_min= nan obs_min= 0.7452036289091248
params_new= {'a1': 1.1547005383792517, 'a2': 2.5560386016907755, 'a3': 3.3619633626728023} logZ_new= 3.290995570639652 obs_new= 0.7485432559132362
params_max= {'a1': 1.1547005383792517, 'a2': 2.5560386016907755, 'a3': 3.3619633626744294} logZ_max= 3.278982869370164 obs_max= 0.7414841145417119
dist_min= tensor(1440.4363) dist_max= tensor(297.1938)
params_min,params_max=params_min,params_new
evaluating model at params_new={'a1': 1.1547005383792517, 'a2': 2.5560386016907755, 'a3': 3.3619633626719887}
params_min= {'a1': 1.1547005383792517, 'a2': 2.5560386016907755, 'a3': 3.3619633626711756} logZ_min= nan obs_min= 0.7452036289091248
params_new= {'a1': 1.1547005383792517, 'a2': 2.5560386016907755, 'a3': 3.3619633626719887} logZ_new= nan obs_new= 0.7414896323660554
params_max= {'a1': 1.1547005383792517, 'a2': 2.5560386016907755, 'a3': 3.3619633626728023} logZ_max= 3.290995570639652 obs_max= 0.7485432559132362
dist_min= tensor(1142.5391) dist_max= tensor(298.0085)
params_min,params_max=params_min,params_new
evaluating model at params_new={'a1': 1.1547005383792517, 'a2': 2.5560386016907755, 'a3': 3.361963362671582}
params_min= {'a1': 1.1547005383792517, 'a2': 2.5560386016907755, 'a3': 3.3619633626711756} logZ_min= nan obs_min= 0.7452036289091248
params_new= {'a1': 1.1547005383792517, 'a2': 2.5560386016907755, 'a3': 3.361963362671582} logZ_new= 3.278984488358449 obs_new= 0.7414944866059849
params_max= {'a1': 1.1547005383792517, 'a2': 2.5560386016907755, 'a3': 3.3619633626719887} logZ_max= nan obs_max= 0.7414896323660554
dist_min= tensor(1133.2559) dist_max= tensor(9.4663)
params_min,params_max=params_min,params_new
evaluating model at params_new={'a1': 1.1547005383792517, 'a2': 2.5560386016907755, 'a3': 3.3619633626713785}
params_min= {'a1': 1.1547005383792517, 'a2': 2.5560386016907755, 'a3': 3.3619633626711756} logZ_min= nan obs_min= 0.7452036289091248
params_new= {'a1': 1.1547005383792517, 'a2': 2.5560386016907755, 'a3': 3.3619633626713785} logZ_new= 3.291163008245251 obs_new= 0.7452735092884852
params_max= {'a1': 1.1547005383792517, 'a2': 2.5560386016907755, 'a3': 3.361963362671582} logZ_max= 3.278984488358449 obs_max= 0.7414944866059849
dist_min= tensor(1887.4455) dist_max= tensor(754.1985)
params_min,params_max=params_min,params_new
evaluating model at params_new={'a1': 1.1547005383792517, 'a2': 2.5560386016907755, 'a3': 3.3619633626712773}
params_min= {'a1': 1.1547005383792517, 'a2': 2.5560386016907755, 'a3': 3.3619633626711756} logZ_min= nan obs_min= 0.7452036289091248
params_new= {'a1': 1.1547005383792517, 'a2': 2.5560386016907755, 'a3': 3.3619633626712773} logZ_new= 3.291204218264277 obs_new= 0.7451153390253185
params_max= {'a1': 1.1547005383792517, 'a2': 2.5560386016907755, 'a3': 3.3619633626713785} logZ_max= 3.291163008245251 obs_max= 0.7452735092884852
dist_min= tensor(52.7346) dist_max= tensor(1888.1831)
params_min,params_max=params_new,params_max
evaluating model at params_new={'a1': 1.1547005383792517, 'a2': 2.5560386016907755, 'a3': 3.361963362671328}
params_min= {'a1': 1.1547005383792517, 'a2': 2.5560386016907755, 'a3': 3.3619633626712773} logZ_min= 3.291204218264277 obs_min= 0.7451153390253185
params_new= {'a1': 1.1547005383792517, 'a2': 2.5560386016907755, 'a3': 3.361963362671328} logZ_new= 3.278977016040958 obs_new= 0.7415260349396308
params_max= {'a1': 1.1547005383792517, 'a2': 2.5560386016907755, 'a3': 3.3619633626713785} logZ_max= 3.291163008245251 obs_max= 0.7452735092884852
dist_min= tensor(1136.8928) dist_max= tensor(751.4526)
params_min,params_max=params_min,params_new
evaluating model at params_new={'a1': 1.1547005383792517, 'a2': 2.5560386016907755, 'a3': 3.3619633626713026}
params_min= {'a1': 1.1547005383792517, 'a2': 2.5560386016907755, 'a3': 3.3619633626712773} logZ_min= 3.291204218264277 obs_min= 0.7451153390253185
params_new= {'a1': 1.1547005383792517, 'a2': 2.5560386016907755, 'a3': 3.3619633626713026} logZ_new= nan obs_new= 0.7451111032349997
params_max= {'a1': 1.1547005383792517, 'a2': 2.5560386016907755, 'a3': 3.361963362671328} logZ_max= 3.278977016040958 obs_max= 0.7415260349396308
dist_min= tensor(48.7092) dist_max= tensor(1136.0723)
params_min,params_max=params_new,params_max
evaluating model at params_new={'a1': 1.1547005383792517, 'a2': 2.5560386016907755, 'a3': 3.3619633626713155}
params_min= {'a1': 1.1547005383792517, 'a2': 2.5560386016907755, 'a3': 3.3619633626713026} logZ_min= nan obs_min= 0.7451111032349997
params_new= {'a1': 1.1547005383792517, 'a2': 2.5560386016907755, 'a3': 3.3619633626713155} logZ_new= 3.2789823972268692 obs_new= 0.7415459733775543
params_max= {'a1': 1.1547005383792517, 'a2': 2.5560386016907755, 'a3': 3.361963362671328} logZ_max= 3.278977016040958 obs_max= 0.7415260349396308
dist_min= tensor(1149.1031) dist_max= tensor(15.6549)
params_min,params_max=params_min,params_new
evaluating model at params_new={'a1': 1.1547005383792517, 'a2': 2.5560386016907755, 'a3': 3.3619633626713092}
params_min= {'a1': 1.1547005383792517, 'a2': 2.5560386016907755, 'a3': 3.3619633626713026} logZ_min= nan obs_min= 0.7451111032349997
params_new= {'a1': 1.1547005383792517, 'a2': 2.5560386016907755, 'a3': 3.3619633626713092} logZ_new= nan obs_new= 0.7398470735900505
params_max= {'a1': 1.1547005383792517, 'a2': 2.5560386016907755, 'a3': 3.3619633626713155} logZ_max= 3.2789823972268692 obs_max= 0.7415459733775543
dist_min= tensor(1036.6442) dist_max= tensor(112.5003)
params_min,params_max=params_min,params_new
evaluating model at params_new={'a1': 1.1547005383792517, 'a2': 2.5560386016907755, 'a3': 3.3619633626713057}
params_min= {'a1': 1.1547005383792517, 'a2': 2.5560386016907755, 'a3': 3.3619633626713026} logZ_min= nan obs_min= 0.7451111032349997
params_new= {'a1': 1.1547005383792517, 'a2': 2.5560386016907755, 'a3': 3.3619633626713057} logZ_new= nan obs_new= 0.7410573684249412
params_max= {'a1': 1.1547005383792517, 'a2': 2.5560386016907755, 'a3': 3.3619633626713092} logZ_max= nan obs_max= 0.7398470735900505
dist_min= tensor(1117.6607) dist_max= tensor(201.2691)
params_min,params_max=params_min,params_new
evaluating model at params_new={'a1': 1.1547005383792517, 'a2': 2.5560386016907755, 'a3': 3.361963362671304}
params_min= {'a1': 1.1547005383792517, 'a2': 2.5560386016907755, 'a3': 3.3619633626713026} logZ_min= nan obs_min= 0.7451111032349997
params_new= {'a1': 1.1547005383792517, 'a2': 2.5560386016907755, 'a3': 3.361963362671304} logZ_new= nan obs_new= 0.7450469854148288
params_max= {'a1': 1.1547005383792517, 'a2': 2.5560386016907755, 'a3': 3.3619633626713057} logZ_max= nan obs_max= 0.7410573684249412
dist_min= tensor(1904.0489) dist_max= tensor(825.3049)
params_min,params_max=params_min,params_new
evaluating model at params_new={'a1': 1.1547005383792517, 'a2': 2.5560386016907755, 'a3': 3.361963362671303}
params_min= {'a1': 1.1547005383792517, 'a2': 2.5560386016907755, 'a3': 3.3619633626713026} logZ_min= nan obs_min= 0.7451111032349997
params_new= {'a1': 1.1547005383792517, 'a2': 2.5560386016907755, 'a3': 3.361963362671303} logZ_new= nan obs_new= 0.7451122735229905
params_max= {'a1': 1.1547005383792517, 'a2': 2.5560386016907755, 'a3': 3.361963362671304} logZ_max= nan obs_max= 0.7450469854148288
dist_min= tensor(20.6901) dist_max= tensor(1904.1540)
params_min,params_max=params_new,params_max
evaluating model at params_new={'a1': 1.1547005383792517, 'a2': 2.5560386016907755, 'a3': 3.3619633626713035}
params_min= {'a1': 1.1547005383792517, 'a2': 2.5560386016907755, 'a3': 3.361963362671303} logZ_min= nan obs_min= 0.7451122735229905
params_new= {'a1': 1.1547005383792517, 'a2': 2.5560386016907755, 'a3': 3.3619633626713035} logZ_new= 3.278978975244301 obs_new= 0.7415625640815381
params_max= {'a1': 1.1547005383792517, 'a2': 2.5560386016907755, 'a3': 3.361963362671304} logZ_max= nan obs_max= 0.7450469854148288
dist_min= tensor(1148.9856) dist_max= tensor(755.2379)
params_min,params_max=params_min,params_new
critical params found:  {'a1': 1.1547005383792517, 'a2': 2.5560386016907755, 'a3': 3.361963362671303}
reference params:  {'a1': 1.1547005383792515, 'a2': 1.8257418583505538, 'a3': 4.47213595499958}
file saved to  data/AKLT3D_X10_scan_grid_critical_a3/a1_1.1547005_a2_2.5560386/Tc.json
