Start running find_critical_temp.py with options:{'filename': 'data/AKLT3D_X10_scan_grid_critical_a3/a1_1.6165808_a2_1.8257419/Tc.json', 'log_filename': 'data/AKLT3D_X10_scan_grid_critical_a3/a1_1.6165808_a2_1.8257419/Tc.log', 'nLayers': 60, 'max_dim': 10, 'model': 'AKLT3D', 'params_min': "{'a1': 1.616580753730952, 'a2': 1.8257418583505536, 'a3': 5.366563145999496}", 'params_max': "{'a1': 1.616580753730952, 'a2': 1.8257418583505536, 'a3': 6.260990336999412}", 'params_ref': None, 'observable_name': 'magnetizationZ', 'tol': 0.0, 'gilt_enabled': False, 'gilt_eps': 8e-07, 'gilt_nIter': 1, 'mcf_enabled': True, 'mcf_eps': 1e-16, 'mcf_max_iter': 200, 'hotrg_sanity_check': False, 'version': 1, 'device': 'cuda:1'}
loading library...
evaluating model at params_min={'a1': 1.616580753730952, 'a2': 1.8257418583505536, 'a3': 5.366563145999496}
params_min= {'a1': 1.616580753730952, 'a2': 1.8257418583505536, 'a3': 5.366563145999496} logZ_min= nan obs_min= 1.944013414933451e-29
evaluating model at params_max={'a1': 1.616580753730952, 'a2': 1.8257418583505536, 'a3': 6.260990336999412}
params_max= {'a1': 1.616580753730952, 'a2': 1.8257418583505536, 'a3': 6.260990336999412} logZ_max= 3.6983362333002847 obs_max= 8.292526921605873
searching for critical temperature using bisection method
evaluating model at params_new={'a1': 1.616580753730952, 'a2': 1.8257418583505536, 'a3': 5.813776741499455}
params_min= {'a1': 1.616580753730952, 'a2': 1.8257418583505536, 'a3': 5.366563145999496} logZ_min= nan obs_min= 1.944013414933451e-29
params_new= {'a1': 1.616580753730952, 'a2': 1.8257418583505536, 'a3': 5.813776741499455} logZ_new= 3.562131091385788 obs_new= 7.7910357732421875
params_max= {'a1': 1.616580753730952, 'a2': 1.8257418583505536, 'a3': 6.260990336999412} logZ_max= 3.6983362333002847 obs_max= 8.292526921605873
dist_min= tensor(34.2605) dist_max= tensor(10.2364)
params_min,params_max=params_min,params_new
evaluating model at params_new={'a1': 1.616580753730952, 'a2': 1.8257418583505536, 'a3': 5.590169943749475}
params_min= {'a1': 1.616580753730952, 'a2': 1.8257418583505536, 'a3': 5.366563145999496} logZ_min= nan obs_min= 1.944013414933451e-29
params_new= {'a1': 1.616580753730952, 'a2': 1.8257418583505536, 'a3': 5.590169943749475} logZ_new= 3.4914822608644847 obs_new= 7.276819108652947
params_max= {'a1': 1.616580753730952, 'a2': 1.8257418583505536, 'a3': 5.813776741499455} logZ_max= 3.562131091385788 obs_max= 7.7910357732421875
dist_min= tensor(33.9315) dist_max= tensor(3.5445)
params_min,params_max=params_min,params_new
evaluating model at params_new={'a1': 1.616580753730952, 'a2': 1.8257418583505536, 'a3': 5.478366544874486}
params_min= {'a1': 1.616580753730952, 'a2': 1.8257418583505536, 'a3': 5.366563145999496} logZ_min= nan obs_min= 1.944013414933451e-29
params_new= {'a1': 1.616580753730952, 'a2': 1.8257418583505536, 'a3': 5.478366544874486} logZ_new= 3.4673868368251677 obs_new= 4.398382551092718e-28
params_max= {'a1': 1.616580753730952, 'a2': 1.8257418583505536, 'a3': 5.590169943749475} logZ_max= 3.4914822608644847 obs_max= 7.276819108652947
dist_min= tensor(34.4285) dist_max= tensor(5.5729)
params_min,params_max=params_min,params_new
evaluating model at params_new={'a1': 1.616580753730952, 'a2': 1.8257418583505536, 'a3': 5.422464845436991}
params_min= {'a1': 1.616580753730952, 'a2': 1.8257418583505536, 'a3': 5.366563145999496} logZ_min= nan obs_min= 1.944013414933451e-29
params_new= {'a1': 1.616580753730952, 'a2': 1.8257418583505536, 'a3': 5.422464845436991} logZ_new= 3.465868461678585 obs_new= 9.940692859948469e-35
params_max= {'a1': 1.616580753730952, 'a2': 1.8257418583505536, 'a3': 5.478366544874486} logZ_max= 3.4673868368251677 obs_max= 4.398382551092718e-28
dist_min= tensor(34.3075) dist_max= tensor(1.1235)
params_min,params_max=params_min,params_new
evaluating model at params_new={'a1': 1.616580753730952, 'a2': 1.8257418583505536, 'a3': 5.394513995718244}
params_min= {'a1': 1.616580753730952, 'a2': 1.8257418583505536, 'a3': 5.366563145999496} logZ_min= nan obs_min= 1.944013414933451e-29
params_new= {'a1': 1.616580753730952, 'a2': 1.8257418583505536, 'a3': 5.394513995718244} logZ_new= 3.4652103535609537 obs_new= 9.47577647096825e-30
params_max= {'a1': 1.616580753730952, 'a2': 1.8257418583505536, 'a3': 5.422464845436991} logZ_max= 3.465868461678585 obs_max= 9.940692859948469e-35
dist_min= tensor(33.7859) dist_max= tensor(0.8846)
params_min,params_max=params_min,params_new
evaluating model at params_new={'a1': 1.616580753730952, 'a2': 1.8257418583505536, 'a3': 5.38053857085887}
params_min= {'a1': 1.616580753730952, 'a2': 1.8257418583505536, 'a3': 5.366563145999496} logZ_min= nan obs_min= 1.944013414933451e-29
params_new= {'a1': 1.616580753730952, 'a2': 1.8257418583505536, 'a3': 5.38053857085887} logZ_new= 3.464828422496564 obs_new= 3.759961818110095e-33
params_max= {'a1': 1.616580753730952, 'a2': 1.8257418583505536, 'a3': 5.394513995718244} logZ_max= 3.4652103535609537 obs_max= 9.47577647096825e-30
dist_min= tensor(34.3220) dist_max= tensor(0.8062)
params_min,params_max=params_min,params_new
evaluating model at params_new={'a1': 1.616580753730952, 'a2': 1.8257418583505536, 'a3': 5.373550858429184}
params_min= {'a1': 1.616580753730952, 'a2': 1.8257418583505536, 'a3': 5.366563145999496} logZ_min= nan obs_min= 1.944013414933451e-29
params_new= {'a1': 1.616580753730952, 'a2': 1.8257418583505536, 'a3': 5.373550858429184} logZ_new= 3.4656197462497644 obs_new= 2.3034244256189544e-29
params_max= {'a1': 1.616580753730952, 'a2': 1.8257418583505536, 'a3': 5.38053857085887} logZ_max= 3.464828422496564 obs_max= 3.759961818110095e-33
dist_min= tensor(12165.9810) dist_max= tensor(12166.0547)
params_min,params_max=params_new,params_max
evaluating model at params_new={'a1': 1.616580753730952, 'a2': 1.8257418583505536, 'a3': 5.377044714644027}
params_min= {'a1': 1.616580753730952, 'a2': 1.8257418583505536, 'a3': 5.373550858429184} logZ_min= 3.4656197462497644 obs_min= 2.3034244256189544e-29
params_new= {'a1': 1.616580753730952, 'a2': 1.8257418583505536, 'a3': 5.377044714644027} logZ_new= 3.464722891439659 obs_new= 3.9927238491424145e-34
params_max= {'a1': 1.616580753730952, 'a2': 1.8257418583505536, 'a3': 5.38053857085887} logZ_max= 3.464828422496564 obs_max= 3.759961818110095e-33
dist_min= tensor(12165.9716) dist_max= tensor(0.1387)
params_min,params_max=params_min,params_new
evaluating model at params_new={'a1': 1.616580753730952, 'a2': 1.8257418583505536, 'a3': 5.375297786536605}
params_min= {'a1': 1.616580753730952, 'a2': 1.8257418583505536, 'a3': 5.373550858429184} logZ_min= 3.4656197462497644 obs_min= 2.3034244256189544e-29
params_new= {'a1': 1.616580753730952, 'a2': 1.8257418583505536, 'a3': 5.375297786536605} logZ_new= 3.465827228581447 obs_new= 2.3070998271827045e-31
params_max= {'a1': 1.616580753730952, 'a2': 1.8257418583505536, 'a3': 5.377044714644027} logZ_max= 3.464722891439659 obs_max= 3.9927238491424145e-34
dist_min= tensor(12165.9805) dist_max= tensor(37.9459)
params_min,params_max=params_min,params_new
evaluating model at params_new={'a1': 1.616580753730952, 'a2': 1.8257418583505536, 'a3': 5.374424322482895}
params_min= {'a1': 1.616580753730952, 'a2': 1.8257418583505536, 'a3': 5.373550858429184} logZ_min= 3.4656197462497644 obs_min= 2.3034244256189544e-29
params_new= {'a1': 1.616580753730952, 'a2': 1.8257418583505536, 'a3': 5.374424322482895} logZ_new= nan obs_new= 2.0685201678707523e-36
params_max= {'a1': 1.616580753730952, 'a2': 1.8257418583505536, 'a3': 5.375297786536605} logZ_max= 3.465827228581447 obs_max= 2.3070998271827045e-31
dist_min= tensor(12165.8640) dist_max= tensor(37.5663)
params_min,params_max=params_min,params_new
evaluating model at params_new={'a1': 1.616580753730952, 'a2': 1.8257418583505536, 'a3': 5.373987590456039}
params_min= {'a1': 1.616580753730952, 'a2': 1.8257418583505536, 'a3': 5.373550858429184} logZ_min= 3.4656197462497644 obs_min= 2.3034244256189544e-29
params_new= {'a1': 1.616580753730952, 'a2': 1.8257418583505536, 'a3': 5.373987590456039} logZ_new= 3.465245690832455 obs_new= 8.160087343689832e-31
params_max= {'a1': 1.616580753730952, 'a2': 1.8257418583505536, 'a3': 5.374424322482895} logZ_max= nan obs_max= 2.0685201678707523e-36
dist_min= tensor(12166.8284) dist_max= tensor(181.4697)
params_min,params_max=params_min,params_new
evaluating model at params_new={'a1': 1.616580753730952, 'a2': 1.8257418583505536, 'a3': 5.373769224442611}
params_min= {'a1': 1.616580753730952, 'a2': 1.8257418583505536, 'a3': 5.373550858429184} logZ_min= 3.4656197462497644 obs_min= 2.3034244256189544e-29
params_new= {'a1': 1.616580753730952, 'a2': 1.8257418583505536, 'a3': 5.373769224442611} logZ_new= 3.465632763938265 obs_new= 2.3399936367258742e-30
params_max= {'a1': 1.616580753730952, 'a2': 1.8257418583505536, 'a3': 5.373987590456039} logZ_max= 3.465245690832455 obs_max= 8.160087343689832e-31
dist_min= tensor(12165.1045) dist_max= tensor(176.4531)
params_min,params_max=params_min,params_new
evaluating model at params_new={'a1': 1.616580753730952, 'a2': 1.8257418583505536, 'a3': 5.3736600414358975}
params_min= {'a1': 1.616580753730952, 'a2': 1.8257418583505536, 'a3': 5.373550858429184} logZ_min= 3.4656197462497644 obs_min= 2.3034244256189544e-29
params_new= {'a1': 1.616580753730952, 'a2': 1.8257418583505536, 'a3': 5.3736600414358975} logZ_new= 3.4656281778629783 obs_new= 8.921800937343742e-30
params_max= {'a1': 1.616580753730952, 'a2': 1.8257418583505536, 'a3': 5.373769224442611} logZ_max= 3.465632763938265 obs_max= 2.3399936367258742e-30
dist_min= tensor(12165.7668) dist_max= tensor(34.4451)
params_min,params_max=params_min,params_new
evaluating model at params_new={'a1': 1.616580753730952, 'a2': 1.8257418583505536, 'a3': 5.3736054499325405}
params_min= {'a1': 1.616580753730952, 'a2': 1.8257418583505536, 'a3': 5.373550858429184} logZ_min= 3.4656197462497644 obs_min= 2.3034244256189544e-29
params_new= {'a1': 1.616580753730952, 'a2': 1.8257418583505536, 'a3': 5.3736054499325405} logZ_new= nan obs_new= 5.458729543537557e-32
params_max= {'a1': 1.616580753730952, 'a2': 1.8257418583505536, 'a3': 5.3736600414358975} logZ_max= 3.4656281778629783 obs_max= 8.921800937343742e-30
dist_min= tensor(12166.1709) dist_max= tensor(60.8359)
params_min,params_max=params_min,params_new
evaluating model at params_new={'a1': 1.616580753730952, 'a2': 1.8257418583505536, 'a3': 5.373578154180862}
params_min= {'a1': 1.616580753730952, 'a2': 1.8257418583505536, 'a3': 5.373550858429184} logZ_min= 3.4656197462497644 obs_min= 2.3034244256189544e-29
params_new= {'a1': 1.616580753730952, 'a2': 1.8257418583505536, 'a3': 5.373578154180862} logZ_new= 3.4654496832589543 obs_new= 2.6422957240903187e-33
params_max= {'a1': 1.616580753730952, 'a2': 1.8257418583505536, 'a3': 5.3736054499325405} logZ_max= nan obs_max= 5.458729543537557e-32
dist_min= tensor(12165.7915) dist_max= tensor(60.8358)
params_min,params_max=params_min,params_new
evaluating model at params_new={'a1': 1.616580753730952, 'a2': 1.8257418583505536, 'a3': 5.373564506305023}
params_min= {'a1': 1.616580753730952, 'a2': 1.8257418583505536, 'a3': 5.373550858429184} logZ_min= 3.4656197462497644 obs_min= 2.3034244256189544e-29
params_new= {'a1': 1.616580753730952, 'a2': 1.8257418583505536, 'a3': 5.373564506305023} logZ_new= nan obs_new= 2.629726535988291e-30
params_max= {'a1': 1.616580753730952, 'a2': 1.8257418583505536, 'a3': 5.373578154180862} logZ_max= 3.4654496832589543 obs_max= 2.6422957240903187e-33
dist_min= tensor(12166.1658) dist_max= tensor(66.0407)
params_min,params_max=params_min,params_new
evaluating model at params_new={'a1': 1.616580753730952, 'a2': 1.8257418583505536, 'a3': 5.373557682367103}
params_min= {'a1': 1.616580753730952, 'a2': 1.8257418583505536, 'a3': 5.373550858429184} logZ_min= 3.4656197462497644 obs_min= 2.3034244256189544e-29
params_new= {'a1': 1.616580753730952, 'a2': 1.8257418583505536, 'a3': 5.373557682367103} logZ_new= 3.4655254739314496 obs_new= 2.173116684226595e-31
params_max= {'a1': 1.616580753730952, 'a2': 1.8257418583505536, 'a3': 5.373564506305023} logZ_max= nan obs_max= 2.629726535988291e-30
dist_min= tensor(12165.7489) dist_max= tensor(66.0095)
params_min,params_max=params_min,params_new
evaluating model at params_new={'a1': 1.616580753730952, 'a2': 1.8257418583505536, 'a3': 5.373554270398143}
params_min= {'a1': 1.616580753730952, 'a2': 1.8257418583505536, 'a3': 5.373550858429184} logZ_min= 3.4656197462497644 obs_min= 2.3034244256189544e-29
params_new= {'a1': 1.616580753730952, 'a2': 1.8257418583505536, 'a3': 5.373554270398143} logZ_new= 3.4653535347936044 obs_new= 7.627723288944422e-31
params_max= {'a1': 1.616580753730952, 'a2': 1.8257418583505536, 'a3': 5.373557682367103} logZ_max= 3.4655254739314496 obs_max= 2.173116684226595e-31
dist_min= tensor(12166.1049) dist_max= tensor(41.1065)
params_min,params_max=params_min,params_new
evaluating model at params_new={'a1': 1.616580753730952, 'a2': 1.8257418583505536, 'a3': 5.3735525644136635}
params_min= {'a1': 1.616580753730952, 'a2': 1.8257418583505536, 'a3': 5.373550858429184} logZ_min= 3.4656197462497644 obs_min= 2.3034244256189544e-29
params_new= {'a1': 1.616580753730952, 'a2': 1.8257418583505536, 'a3': 5.3735525644136635} logZ_new= 3.4653006996780826 obs_new= 6.614085257283701e-32
params_max= {'a1': 1.616580753730952, 'a2': 1.8257418583505536, 'a3': 5.373554270398143} logZ_max= 3.4653535347936044 obs_max= 7.627723288944422e-31
dist_min= tensor(35722.9684) dist_max= tensor(33589.9265)
params_min,params_max=params_min,params_new
evaluating model at params_new={'a1': 1.616580753730952, 'a2': 1.8257418583505536, 'a3': 5.373551711421424}
params_min= {'a1': 1.616580753730952, 'a2': 1.8257418583505536, 'a3': 5.373550858429184} logZ_min= 3.4656197462497644 obs_min= 2.3034244256189544e-29
params_new= {'a1': 1.616580753730952, 'a2': 1.8257418583505536, 'a3': 5.373551711421424} logZ_new= 3.465629938242256 obs_new= 4.775427067353686e-31
params_max= {'a1': 1.616580753730952, 'a2': 1.8257418583505536, 'a3': 5.3735525644136635} logZ_max= 3.4653006996780826 obs_max= 6.614085257283701e-32
dist_min= tensor(12166.4982) dist_max= tensor(33590.1510)
params_min,params_max=params_new,params_max
evaluating model at params_new={'a1': 1.616580753730952, 'a2': 1.8257418583505536, 'a3': 5.373552137917544}
params_min= {'a1': 1.616580753730952, 'a2': 1.8257418583505536, 'a3': 5.373551711421424} logZ_min= 3.465629938242256 obs_min= 4.775427067353686e-31
params_new= {'a1': 1.616580753730952, 'a2': 1.8257418583505536, 'a3': 5.373552137917544} logZ_new= nan obs_new= -1.912091405685679e-35
params_max= {'a1': 1.616580753730952, 'a2': 1.8257418583505536, 'a3': 5.3735525644136635} logZ_max= 3.4653006996780826 obs_max= 6.614085257283701e-32
dist_min= tensor(195.7330) dist_max= tensor(33589.9934)
params_min,params_max=params_new,params_max
evaluating model at params_new={'a1': 1.616580753730952, 'a2': 1.8257418583505536, 'a3': 5.373552351165603}
params_min= {'a1': 1.616580753730952, 'a2': 1.8257418583505536, 'a3': 5.373552137917544} logZ_min= nan obs_min= -1.912091405685679e-35
params_new= {'a1': 1.616580753730952, 'a2': 1.8257418583505536, 'a3': 5.373552351165603} logZ_new= nan obs_new= 9.078158416750202e-31
params_max= {'a1': 1.616580753730952, 'a2': 1.8257418583505536, 'a3': 5.3735525644136635} logZ_max= 3.4653006996780826 obs_max= 6.614085257283701e-32
dist_min= tensor(360.9896) dist_max= tensor(33591.4868)
params_min,params_max=params_new,params_max
evaluating model at params_new={'a1': 1.616580753730952, 'a2': 1.8257418583505536, 'a3': 5.373552457789634}
params_min= {'a1': 1.616580753730952, 'a2': 1.8257418583505536, 'a3': 5.373552351165603} logZ_min= nan obs_min= 9.078158416750202e-31
params_new= {'a1': 1.616580753730952, 'a2': 1.8257418583505536, 'a3': 5.373552457789634} logZ_new= 3.4658085914587264 obs_new= 2.8841929881594098e-30
params_max= {'a1': 1.616580753730952, 'a2': 1.8257418583505536, 'a3': 5.3735525644136635} logZ_max= 3.4653006996780826 obs_max= 6.614085257283701e-32
dist_min= tensor(332.5407) dist_max= tensor(33589.6899)
params_min,params_max=params_new,params_max
evaluating model at params_new={'a1': 1.616580753730952, 'a2': 1.8257418583505536, 'a3': 5.373552511101648}
params_min= {'a1': 1.616580753730952, 'a2': 1.8257418583505536, 'a3': 5.373552457789634} logZ_min= 3.4658085914587264 obs_min= 2.8841929881594098e-30
params_new= {'a1': 1.616580753730952, 'a2': 1.8257418583505536, 'a3': 5.373552511101648} logZ_new= 3.465795936984313 obs_new= 6.909317908931432e-33
params_max= {'a1': 1.616580753730952, 'a2': 1.8257418583505536, 'a3': 5.3735525644136635} logZ_max= 3.4653006996780826 obs_max= 6.614085257283701e-32
dist_min= tensor(0.0816) dist_max= tensor(33589.6900)
params_min,params_max=params_new,params_max
evaluating model at params_new={'a1': 1.616580753730952, 'a2': 1.8257418583505536, 'a3': 5.373552537757655}
params_min= {'a1': 1.616580753730952, 'a2': 1.8257418583505536, 'a3': 5.373552511101648} logZ_min= 3.465795936984313 obs_min= 6.909317908931432e-33
params_new= {'a1': 1.616580753730952, 'a2': 1.8257418583505536, 'a3': 5.373552537757655} logZ_new= 3.4651989627629516 obs_new= 1.3003880444492648e-31
params_max= {'a1': 1.616580753730952, 'a2': 1.8257418583505536, 'a3': 5.3735525644136635} logZ_max= 3.4653006996780826 obs_max= 6.614085257283701e-32
dist_min= tensor(29.5364) dist_max= tensor(33589.7422)
params_min,params_max=params_new,params_max
evaluating model at params_new={'a1': 1.616580753730952, 'a2': 1.8257418583505536, 'a3': 5.373552551085659}
params_min= {'a1': 1.616580753730952, 'a2': 1.8257418583505536, 'a3': 5.373552537757655} logZ_min= 3.4651989627629516 obs_min= 1.3003880444492648e-31
params_new= {'a1': 1.616580753730952, 'a2': 1.8257418583505536, 'a3': 5.373552551085659} logZ_new= nan obs_new= 1.169758330322682e-31
params_max= {'a1': 1.616580753730952, 'a2': 1.8257418583505536, 'a3': 5.3735525644136635} logZ_max= 3.4653006996780826 obs_max= 6.614085257283701e-32
dist_min= tensor(126.6499) dist_max= tensor(33589.5496)
params_min,params_max=params_new,params_max
evaluating model at params_new={'a1': 1.616580753730952, 'a2': 1.8257418583505536, 'a3': 5.373552557749662}
params_min= {'a1': 1.616580753730952, 'a2': 1.8257418583505536, 'a3': 5.373552551085659} logZ_min= nan obs_min= 1.169758330322682e-31
params_new= {'a1': 1.616580753730952, 'a2': 1.8257418583505536, 'a3': 5.373552557749662} logZ_new= 3.4653059082616755 obs_new= 2.06312200358622e-33
params_max= {'a1': 1.616580753730952, 'a2': 1.8257418583505536, 'a3': 5.3735525644136635} logZ_max= 3.4653006996780826 obs_max= 6.614085257283701e-32
dist_min= tensor(123.1335) dist_max= tensor(33589.6896)
params_min,params_max=params_new,params_max
evaluating model at params_new={'a1': 1.616580753730952, 'a2': 1.8257418583505536, 'a3': 5.373552561081663}
params_min= {'a1': 1.616580753730952, 'a2': 1.8257418583505536, 'a3': 5.373552557749662} logZ_min= 3.4653059082616755 obs_min= 2.06312200358622e-33
params_new= {'a1': 1.616580753730952, 'a2': 1.8257418583505536, 'a3': 5.373552561081663} logZ_new= nan obs_new= 4.399847335834582e-30
params_max= {'a1': 1.616580753730952, 'a2': 1.8257418583505536, 'a3': 5.3735525644136635} logZ_max= 3.4653006996780826 obs_max= 6.614085257283701e-32
dist_min= tensor(117.3757) dist_max= tensor(33590.0647)
params_min,params_max=params_new,params_max
evaluating model at params_new={'a1': 1.616580753730952, 'a2': 1.8257418583505536, 'a3': 5.373552562747664}
params_min= {'a1': 1.616580753730952, 'a2': 1.8257418583505536, 'a3': 5.373552561081663} logZ_min= nan obs_min= 4.399847335834582e-30
params_new= {'a1': 1.616580753730952, 'a2': 1.8257418583505536, 'a3': 5.373552562747664} logZ_new= 3.465555519820235 obs_new= 9.567575222530266e-31
params_max= {'a1': 1.616580753730952, 'a2': 1.8257418583505536, 'a3': 5.3735525644136635} logZ_max= 3.4653006996780826 obs_max= 6.614085257283701e-32
dist_min= tensor(122.3783) dist_max= tensor(33589.8940)
params_min,params_max=params_new,params_max
evaluating model at params_new={'a1': 1.616580753730952, 'a2': 1.8257418583505536, 'a3': 5.373552563580663}
params_min= {'a1': 1.616580753730952, 'a2': 1.8257418583505536, 'a3': 5.373552562747664} logZ_min= 3.465555519820235 obs_min= 9.567575222530266e-31
params_new= {'a1': 1.616580753730952, 'a2': 1.8257418583505536, 'a3': 5.373552563580663} logZ_new= 3.4657551655759136 obs_new= 2.4988507444769438e-31
params_max= {'a1': 1.616580753730952, 'a2': 1.8257418583505536, 'a3': 5.3735525644136635} logZ_max= 3.4653006996780826 obs_max= 6.614085257283701e-32
dist_min= tensor(36.1409) dist_max= tensor(33589.6900)
params_min,params_max=params_new,params_max
evaluating model at params_new={'a1': 1.616580753730952, 'a2': 1.8257418583505536, 'a3': 5.373552563997164}
params_min= {'a1': 1.616580753730952, 'a2': 1.8257418583505536, 'a3': 5.373552563580663} logZ_min= 3.4657551655759136 obs_min= 2.4988507444769438e-31
params_new= {'a1': 1.616580753730952, 'a2': 1.8257418583505536, 'a3': 5.373552563997164} logZ_new= 3.4657318883900463 obs_new= 8.354033612658459e-32
params_max= {'a1': 1.616580753730952, 'a2': 1.8257418583505536, 'a3': 5.3735525644136635} logZ_max= 3.4653006996780826 obs_max= 6.614085257283701e-32
dist_min= tensor(0.1095) dist_max= tensor(33589.6900)
params_min,params_max=params_new,params_max
evaluating model at params_new={'a1': 1.616580753730952, 'a2': 1.8257418583505536, 'a3': 5.373552564205413}
params_min= {'a1': 1.616580753730952, 'a2': 1.8257418583505536, 'a3': 5.373552563997164} logZ_min= 3.4657318883900463 obs_min= 8.354033612658459e-32
params_new= {'a1': 1.616580753730952, 'a2': 1.8257418583505536, 'a3': 5.373552564205413} logZ_new= 3.46546078763543 obs_new= 2.1657403059250858e-29
params_max= {'a1': 1.616580753730952, 'a2': 1.8257418583505536, 'a3': 5.3735525644136635} logZ_max= 3.4653006996780826 obs_max= 6.614085257283701e-32
dist_min= tensor(245.2198) dist_max= tensor(33586.0369)
params_min,params_max=params_new,params_max
evaluating model at params_new={'a1': 1.616580753730952, 'a2': 1.8257418583505536, 'a3': 5.373552564309538}
params_min= {'a1': 1.616580753730952, 'a2': 1.8257418583505536, 'a3': 5.373552564205413} logZ_min= 3.46546078763543 obs_min= 2.1657403059250858e-29
params_new= {'a1': 1.616580753730952, 'a2': 1.8257418583505536, 'a3': 5.373552564309538} logZ_new= nan obs_new= 3.8414882835072477e-31
params_max= {'a1': 1.616580753730952, 'a2': 1.8257418583505536, 'a3': 5.3735525644136635} logZ_max= 3.4653006996780826 obs_max= 6.614085257283701e-32
dist_min= tensor(644.9621) dist_max= tensor(33595.1437)
params_min,params_max=params_new,params_max
evaluating model at params_new={'a1': 1.616580753730952, 'a2': 1.8257418583505536, 'a3': 5.373552564361601}
params_min= {'a1': 1.616580753730952, 'a2': 1.8257418583505536, 'a3': 5.373552564309538} logZ_min= nan obs_min= 3.8414882835072477e-31
params_new= {'a1': 1.616580753730952, 'a2': 1.8257418583505536, 'a3': 5.373552564361601} logZ_new= 3.465265587041912 obs_new= 1.8837816464398923e-35
params_max= {'a1': 1.616580753730952, 'a2': 1.8257418583505536, 'a3': 5.3735525644136635} logZ_max= 3.4653006996780826 obs_max= 6.614085257283701e-32
dist_min= tensor(596.4917) dist_max= tensor(33589.6895)
params_min,params_max=params_new,params_max
evaluating model at params_new={'a1': 1.616580753730952, 'a2': 1.8257418583505536, 'a3': 5.373552564387632}
params_min= {'a1': 1.616580753730952, 'a2': 1.8257418583505536, 'a3': 5.373552564361601} logZ_min= 3.465265587041912 obs_min= 1.8837816464398923e-35
params_new= {'a1': 1.616580753730952, 'a2': 1.8257418583505536, 'a3': 5.373552564387632} logZ_new= 3.4653069194878885 obs_new= 2.2651849384525625e-30
params_max= {'a1': 1.616580753730952, 'a2': 1.8257418583505536, 'a3': 5.3735525644136635} logZ_max= 3.4653006996780826 obs_max= 6.614085257283701e-32
dist_min= tensor(18.5595) dist_max= tensor(33587.5033)
params_min,params_max=params_new,params_max
evaluating model at params_new={'a1': 1.616580753730952, 'a2': 1.8257418583505536, 'a3': 5.373552564400647}
params_min= {'a1': 1.616580753730952, 'a2': 1.8257418583505536, 'a3': 5.373552564387632} logZ_min= 3.4653069194878885 obs_min= 2.2651849384525625e-30
params_new= {'a1': 1.616580753730952, 'a2': 1.8257418583505536, 'a3': 5.373552564400647} logZ_new= 3.4656869919662223 obs_new= 9.483891979113084e-33
params_max= {'a1': 1.616580753730952, 'a2': 1.8257418583505536, 'a3': 5.3735525644136635} logZ_max= 3.4653006996780826 obs_max= 6.614085257283701e-32
dist_min= tensor(21.0241) dist_max= tensor(33589.6901)
params_min,params_max=params_new,params_max
evaluating model at params_new={'a1': 1.616580753730952, 'a2': 1.8257418583505536, 'a3': 5.373552564407156}
params_min= {'a1': 1.616580753730952, 'a2': 1.8257418583505536, 'a3': 5.373552564400647} logZ_min= 3.4656869919662223 obs_min= 9.483891979113084e-33
params_new= {'a1': 1.616580753730952, 'a2': 1.8257418583505536, 'a3': 5.373552564407156} logZ_new= 3.465810336983881 obs_new= 1.0784906285011553e-30
params_max= {'a1': 1.616580753730952, 'a2': 1.8257418583505536, 'a3': 5.3735525644136635} logZ_max= 3.4653006996780826 obs_max= 6.614085257283701e-32
dist_min= tensor(1.0658) dist_max= tensor(33589.6900)
params_min,params_max=params_new,params_max
evaluating model at params_new={'a1': 1.616580753730952, 'a2': 1.8257418583505536, 'a3': 5.37355256441041}
params_min= {'a1': 1.616580753730952, 'a2': 1.8257418583505536, 'a3': 5.373552564407156} logZ_min= 3.465810336983881 obs_min= 1.0784906285011553e-30
params_new= {'a1': 1.616580753730952, 'a2': 1.8257418583505536, 'a3': 5.37355256441041} logZ_new= 3.4654843549714247 obs_new= 1.980130079512185e-32
params_max= {'a1': 1.616580753730952, 'a2': 1.8257418583505536, 'a3': 5.3735525644136635} logZ_max= 3.4653006996780826 obs_max= 6.614085257283701e-32
dist_min= tensor(0.3082) dist_max= tensor(33589.6900)
params_min,params_max=params_new,params_max
evaluating model at params_new={'a1': 1.616580753730952, 'a2': 1.8257418583505536, 'a3': 5.373552564412037}
params_min= {'a1': 1.616580753730952, 'a2': 1.8257418583505536, 'a3': 5.37355256441041} logZ_min= 3.4654843549714247 obs_min= 1.980130079512185e-32
params_new= {'a1': 1.616580753730952, 'a2': 1.8257418583505536, 'a3': 5.373552564412037} logZ_new= 3.465139603435113 obs_new= 4.482959896503347e-31
params_max= {'a1': 1.616580753730952, 'a2': 1.8257418583505536, 'a3': 5.3735525644136635} logZ_max= 3.4653006996780826 obs_max= 6.614085257283701e-32
dist_min= tensor(0.7422) dist_max= tensor(33589.6900)
params_min,params_max=params_new,params_max
evaluating model at params_new={'a1': 1.616580753730952, 'a2': 1.8257418583505536, 'a3': 5.373552564412851}
params_min= {'a1': 1.616580753730952, 'a2': 1.8257418583505536, 'a3': 5.373552564412037} logZ_min= 3.465139603435113 obs_min= 4.482959896503347e-31
params_new= {'a1': 1.616580753730952, 'a2': 1.8257418583505536, 'a3': 5.373552564412851} logZ_new= nan obs_new= 4.418792378987762e-31
params_max= {'a1': 1.616580753730952, 'a2': 1.8257418583505536, 'a3': 5.3735525644136635} logZ_max= 3.4653006996780826 obs_max= 6.614085257283701e-32
dist_min= tensor(651.2707) dist_max= tensor(33596.1438)
params_min,params_max=params_new,params_max
evaluating model at params_new={'a1': 1.616580753730952, 'a2': 1.8257418583505536, 'a3': 5.373552564413258}
params_min= {'a1': 1.616580753730952, 'a2': 1.8257418583505536, 'a3': 5.373552564412851} logZ_min= nan obs_min= 4.418792378987762e-31
params_new= {'a1': 1.616580753730952, 'a2': 1.8257418583505536, 'a3': 5.373552564413258} logZ_new= 3.465546258032462 obs_new= 9.725816603581068e-30
params_max= {'a1': 1.616580753730952, 'a2': 1.8257418583505536, 'a3': 5.3735525644136635} logZ_max= 3.4653006996780826 obs_max= 6.614085257283701e-32
dist_min= tensor(649.8828) dist_max= tensor(33589.4098)
params_min,params_max=params_new,params_max
evaluating model at params_new={'a1': 1.616580753730952, 'a2': 1.8257418583505536, 'a3': 5.37355256441346}
params_min= {'a1': 1.616580753730952, 'a2': 1.8257418583505536, 'a3': 5.373552564413258} logZ_min= 3.465546258032462 obs_min= 9.725816603581068e-30
params_new= {'a1': 1.616580753730952, 'a2': 1.8257418583505536, 'a3': 5.37355256441346} logZ_new= nan obs_new= 1.0449028831103046e-31
params_max= {'a1': 1.616580753730952, 'a2': 1.8257418583505536, 'a3': 5.3735525644136635} logZ_max= 3.4653006996780826 obs_max= 6.614085257283701e-32
dist_min= tensor(454.5957) dist_max= tensor(33592.9913)
params_min,params_max=params_new,params_max
evaluating model at params_new={'a1': 1.616580753730952, 'a2': 1.8257418583505536, 'a3': 5.373552564413561}
params_min= {'a1': 1.616580753730952, 'a2': 1.8257418583505536, 'a3': 5.37355256441346} logZ_min= nan obs_min= 1.0449028831103046e-31
params_new= {'a1': 1.616580753730952, 'a2': 1.8257418583505536, 'a3': 5.373552564413561} logZ_new= 3.4655849442216513 obs_new= 2.6543082320454226e-31
params_max= {'a1': 1.616580753730952, 'a2': 1.8257418583505536, 'a3': 5.3735525644136635} logZ_max= 3.4653006996780826 obs_max= 6.614085257283701e-32
dist_min= tensor(454.3765) dist_max= tensor(33589.6900)
params_min,params_max=params_new,params_max
evaluating model at params_new={'a1': 1.616580753730952, 'a2': 1.8257418583505536, 'a3': 5.373552564413613}
params_min= {'a1': 1.616580753730952, 'a2': 1.8257418583505536, 'a3': 5.373552564413561} logZ_min= 3.4655849442216513 obs_min= 2.6543082320454226e-31
params_new= {'a1': 1.616580753730952, 'a2': 1.8257418583505536, 'a3': 5.373552564413613} logZ_new= 3.465585073017685 obs_new= 2.0238183004754766e-30
params_max= {'a1': 1.616580753730952, 'a2': 1.8257418583505536, 'a3': 5.3735525644136635} logZ_max= 3.4653006996780826 obs_max= 6.614085257283701e-32
dist_min= tensor(17.1223) dist_max= tensor(33589.7316)
params_min,params_max=params_new,params_max
evaluating model at params_new={'a1': 1.616580753730952, 'a2': 1.8257418583505536, 'a3': 5.373552564413638}
params_min= {'a1': 1.616580753730952, 'a2': 1.8257418583505536, 'a3': 5.373552564413613} logZ_min= 3.465585073017685 obs_min= 2.0238183004754766e-30
params_new= {'a1': 1.616580753730952, 'a2': 1.8257418583505536, 'a3': 5.373552564413638} logZ_new= 3.4649839034344856 obs_new= 2.3304629919939742e-29
params_max= {'a1': 1.616580753730952, 'a2': 1.8257418583505536, 'a3': 5.3735525644136635} logZ_max= 3.4653006996780826 obs_max= 6.614085257283701e-32
dist_min= tensor(122.2964) dist_max= tensor(33590.1531)
params_min,params_max=params_new,params_max
evaluating model at params_new={'a1': 1.616580753730952, 'a2': 1.8257418583505536, 'a3': 5.37355256441365}
params_min= {'a1': 1.616580753730952, 'a2': 1.8257418583505536, 'a3': 5.373552564413638} logZ_min= 3.4649839034344856 obs_min= 2.3304629919939742e-29
params_new= {'a1': 1.616580753730952, 'a2': 1.8257418583505536, 'a3': 5.37355256441365} logZ_new= 3.4649886842513435 obs_new= 1.1414135350913183e-29
params_max= {'a1': 1.616580753730952, 'a2': 1.8257418583505536, 'a3': 5.3735525644136635} logZ_max= 3.4653006996780826 obs_max= 6.614085257283701e-32
dist_min= tensor(231.3458) dist_max= tensor(33589.9532)
params_min,params_max=params_new,params_max
evaluating model at params_new={'a1': 1.616580753730952, 'a2': 1.8257418583505536, 'a3': 5.373552564413657}
params_min= {'a1': 1.616580753730952, 'a2': 1.8257418583505536, 'a3': 5.37355256441365} logZ_min= 3.4649886842513435 obs_min= 1.1414135350913183e-29
params_new= {'a1': 1.616580753730952, 'a2': 1.8257418583505536, 'a3': 5.373552564413657} logZ_new= 3.465298751852068 obs_new= 3.5456616220684573e-31
params_max= {'a1': 1.616580753730952, 'a2': 1.8257418583505536, 'a3': 5.3735525644136635} logZ_max= 3.4653006996780826 obs_max= 6.614085257283701e-32
dist_min= tensor(195.2295) dist_max= tensor(33589.6899)
params_min,params_max=params_new,params_max
evaluating model at params_new={'a1': 1.616580753730952, 'a2': 1.8257418583505536, 'a3': 5.373552564413661}
params_min= {'a1': 1.616580753730952, 'a2': 1.8257418583505536, 'a3': 5.373552564413657} logZ_min= 3.465298751852068 obs_min= 3.5456616220684573e-31
params_new= {'a1': 1.616580753730952, 'a2': 1.8257418583505536, 'a3': 5.373552564413661} logZ_new= nan obs_new= 7.525034594035502e-29
params_max= {'a1': 1.616580753730952, 'a2': 1.8257418583505536, 'a3': 5.3735525644136635} logZ_max= 3.4653006996780826 obs_max= 6.614085257283701e-32
dist_min= tensor(118.7090) dist_max= tensor(33590.0648)
params_min,params_max=params_new,params_max
evaluating model at params_new={'a1': 1.616580753730952, 'a2': 1.8257418583505536, 'a3': 5.373552564413663}
params_min= {'a1': 1.616580753730952, 'a2': 1.8257418583505536, 'a3': 5.373552564413661} logZ_min= nan obs_min= 7.525034594035502e-29
params_new= {'a1': 1.616580753730952, 'a2': 1.8257418583505536, 'a3': 5.373552564413663} logZ_new= 3.4655960019097694 obs_new= 2.2289728796546124e-32
params_max= {'a1': 1.616580753730952, 'a2': 1.8257418583505536, 'a3': 5.3735525644136635} logZ_max= 3.4653006996780826 obs_max= 6.614085257283701e-32
dist_min= tensor(118.7194) dist_max= tensor(33589.6900)
params_min,params_max=params_new,params_max
critical params found:  {'a1': 1.616580753730952, 'a2': 1.8257418583505536, 'a3': 5.373552564413663}
reference params:  {'a1': 1.1547005383792515, 'a2': 1.8257418583505538, 'a3': 4.47213595499958}
file saved to  data/AKLT3D_X10_scan_grid_critical_a3/a1_1.6165808_a2_1.8257419/Tc.json
