Start running find_critical_temp.py with options:{'filename': 'data/AKLT3D_X10_scan_grid_critical_a3/a1_0.2309401_a2_1.8257419/Tc.json', 'log_filename': 'data/AKLT3D_X10_scan_grid_critical_a3/a1_0.2309401_a2_1.8257419/Tc.log', 'nLayers': 60, 'max_dim': 10, 'model': 'AKLT3D', 'params_min': "{'a1': 0.2309401076758503, 'a2': 1.8257418583505536, 'a3': 1.788854381999832}", 'params_max': "{'a1': 0.2309401076758503, 'a2': 1.8257418583505536, 'a3': 2.683281572999748}", 'params_ref': None, 'observable_name': 'magnetizationZ', 'tol': 0.0, 'gilt_enabled': False, 'gilt_eps': 8e-07, 'gilt_nIter': 1, 'mcf_enabled': True, 'mcf_eps': 1e-16, 'mcf_max_iter': 200, 'hotrg_sanity_check': False, 'version': 1, 'device': 'cuda:1'}
loading library...
evaluating model at params_min={'a1': 0.2309401076758503, 'a2': 1.8257418583505536, 'a3': 1.788854381999832}
params_min= {'a1': 0.2309401076758503, 'a2': 1.8257418583505536, 'a3': 1.788854381999832} logZ_min= nan obs_min= 4.029493610131315e-31
evaluating model at params_max={'a1': 0.2309401076758503, 'a2': 1.8257418583505536, 'a3': 2.683281572999748}
params_max= {'a1': 0.2309401076758503, 'a2': 1.8257418583505536, 'a3': 2.683281572999748} logZ_max= nan obs_max= 1.260334568420069
searching for critical temperature using bisection method
evaluating model at params_new={'a1': 0.2309401076758503, 'a2': 1.8257418583505536, 'a3': 2.23606797749979}
params_min= {'a1': 0.2309401076758503, 'a2': 1.8257418583505536, 'a3': 1.788854381999832} logZ_min= nan obs_min= 4.029493610131315e-31
params_new= {'a1': 0.2309401076758503, 'a2': 1.8257418583505536, 'a3': 2.23606797749979} logZ_new= 2.445318392705747 obs_new= 4.107596805790521e-31
params_max= {'a1': 0.2309401076758503, 'a2': 1.8257418583505536, 'a3': 2.683281572999748} logZ_max= nan obs_max= 1.260334568420069
dist_min= tensor(286.9571) dist_max= tensor(550.6297)
params_min,params_max=params_new,params_max
evaluating model at params_new={'a1': 0.2309401076758503, 'a2': 1.8257418583505536, 'a3': 2.459674775249769}
params_min= {'a1': 0.2309401076758503, 'a2': 1.8257418583505536, 'a3': 2.23606797749979} logZ_min= 2.445318392705747 obs_min= 4.107596805790521e-31
params_new= {'a1': 0.2309401076758503, 'a2': 1.8257418583505536, 'a3': 2.459674775249769} logZ_new= 2.4567781085176845 obs_new= 6.718457478881094e-31
params_max= {'a1': 0.2309401076758503, 'a2': 1.8257418583505536, 'a3': 2.683281572999748} logZ_max= nan obs_max= 1.260334568420069
dist_min= tensor(550.3120) dist_max= tensor(16.8831)
params_min,params_max=params_min,params_new
evaluating model at params_new={'a1': 0.2309401076758503, 'a2': 1.8257418583505536, 'a3': 2.3478713763747794}
params_min= {'a1': 0.2309401076758503, 'a2': 1.8257418583505536, 'a3': 2.23606797749979} logZ_min= 2.445318392705747 obs_min= 4.107596805790521e-31
params_new= {'a1': 0.2309401076758503, 'a2': 1.8257418583505536, 'a3': 2.3478713763747794} logZ_new= 2.4510172601116125 obs_new= 4.788973917189821e-31
params_max= {'a1': 0.2309401076758503, 'a2': 1.8257418583505536, 'a3': 2.459674775249769} logZ_max= 2.4567781085176845 obs_max= 6.718457478881094e-31
dist_min= tensor(551.4034) dist_max= tensor(21.1121)
params_min,params_max=params_min,params_new
evaluating model at params_new={'a1': 0.2309401076758503, 'a2': 1.8257418583505536, 'a3': 2.291969676937285}
params_min= {'a1': 0.2309401076758503, 'a2': 1.8257418583505536, 'a3': 2.23606797749979} logZ_min= 2.445318392705747 obs_min= 4.107596805790521e-31
params_new= {'a1': 0.2309401076758503, 'a2': 1.8257418583505536, 'a3': 2.291969676937285} logZ_new= 2.4484088730338365 obs_new= 5.09757288333552e-34
params_max= {'a1': 0.2309401076758503, 'a2': 1.8257418583505536, 'a3': 2.3478713763747794} logZ_max= 2.4510172601116125 obs_max= 4.788973917189821e-31
dist_min= tensor(549.7193) dist_max= tensor(36.8867)
params_min,params_max=params_min,params_new
evaluating model at params_new={'a1': 0.2309401076758503, 'a2': 1.8257418583505536, 'a3': 2.2640188272185373}
params_min= {'a1': 0.2309401076758503, 'a2': 1.8257418583505536, 'a3': 2.23606797749979} logZ_min= 2.445318392705747 obs_min= 4.107596805790521e-31
params_new= {'a1': 0.2309401076758503, 'a2': 1.8257418583505536, 'a3': 2.2640188272185373} logZ_new= nan obs_new= 5.727573815708289e-31
params_max= {'a1': 0.2309401076758503, 'a2': 1.8257418583505536, 'a3': 2.291969676937285} logZ_max= 2.4484088730338365 obs_max= 5.09757288333552e-34
dist_min= tensor(550.3097) dist_max= tensor(2.1299)
params_min,params_max=params_min,params_new
evaluating model at params_new={'a1': 0.2309401076758503, 'a2': 1.8257418583505536, 'a3': 2.2500434023591636}
params_min= {'a1': 0.2309401076758503, 'a2': 1.8257418583505536, 'a3': 2.23606797749979} logZ_min= 2.445318392705747 obs_min= 4.107596805790521e-31
params_new= {'a1': 0.2309401076758503, 'a2': 1.8257418583505536, 'a3': 2.2500434023591636} logZ_new= nan obs_new= 1.9065356869600354e-33
params_max= {'a1': 0.2309401076758503, 'a2': 1.8257418583505536, 'a3': 2.2640188272185373} logZ_max= nan obs_max= 5.727573815708289e-31
dist_min= tensor(550.3091) dist_max= tensor(0.8287)
params_min,params_max=params_min,params_new
evaluating model at params_new={'a1': 0.2309401076758503, 'a2': 1.8257418583505536, 'a3': 2.2430556899294767}
params_min= {'a1': 0.2309401076758503, 'a2': 1.8257418583505536, 'a3': 2.23606797749979} logZ_min= 2.445318392705747 obs_min= 4.107596805790521e-31
params_new= {'a1': 0.2309401076758503, 'a2': 1.8257418583505536, 'a3': 2.2430556899294767} logZ_new= 2.445825083407053 obs_new= 1.199610341444615e-32
params_max= {'a1': 0.2309401076758503, 'a2': 1.8257418583505536, 'a3': 2.2500434023591636} logZ_max= nan obs_max= 1.9065356869600354e-33
dist_min= tensor(2273562.5947) dist_max= tensor(2274077.0004)
params_min,params_max=params_new,params_max
evaluating model at params_new={'a1': 0.2309401076758503, 'a2': 1.8257418583505536, 'a3': 2.24654954614432}
params_min= {'a1': 0.2309401076758503, 'a2': 1.8257418583505536, 'a3': 2.2430556899294767} logZ_min= 2.445825083407053 obs_min= 1.199610341444615e-32
params_new= {'a1': 0.2309401076758503, 'a2': 1.8257418583505536, 'a3': 2.24654954614432} logZ_new= 2.446006006081989 obs_new= 3.7402195589721367e-31
params_max= {'a1': 0.2309401076758503, 'a2': 1.8257418583505536, 'a3': 2.2500434023591636} logZ_max= nan obs_max= 1.9065356869600354e-33
dist_min= tensor(2274075.9893) dist_max= tensor(45.6142)
params_min,params_max=params_min,params_new
evaluating model at params_new={'a1': 0.2309401076758503, 'a2': 1.8257418583505536, 'a3': 2.244802618036898}
params_min= {'a1': 0.2309401076758503, 'a2': 1.8257418583505536, 'a3': 2.2430556899294767} logZ_min= 2.445825083407053 obs_min= 1.199610341444615e-32
params_new= {'a1': 0.2309401076758503, 'a2': 1.8257418583505536, 'a3': 2.244802618036898} logZ_new= 2.445961558091685 obs_new= 1.0610838526862794e-32
params_max= {'a1': 0.2309401076758503, 'a2': 1.8257418583505536, 'a3': 2.24654954614432} logZ_max= 2.446006006081989 obs_max= 3.7402195589721367e-31
dist_min= tensor(2274077.0004) dist_max= tensor(45.6498)
params_min,params_max=params_min,params_new
evaluating model at params_new={'a1': 0.2309401076758503, 'a2': 1.8257418583505536, 'a3': 2.2439291539831876}
params_min= {'a1': 0.2309401076758503, 'a2': 1.8257418583505536, 'a3': 2.2430556899294767} logZ_min= 2.445825083407053 obs_min= 1.199610341444615e-32
params_new= {'a1': 0.2309401076758503, 'a2': 1.8257418583505536, 'a3': 2.2439291539831876} logZ_new= 2.445895485912731 obs_new= 1.1309774693457797e-34
params_max= {'a1': 0.2309401076758503, 'a2': 1.8257418583505536, 'a3': 2.244802618036898} logZ_max= 2.445961558091685 obs_max= 1.0610838526862794e-32
dist_min= tensor(2274077.0004) dist_max= tensor(0.2300)
params_min,params_max=params_min,params_new
evaluating model at params_new={'a1': 0.2309401076758503, 'a2': 1.8257418583505536, 'a3': 2.243492421956332}
params_min= {'a1': 0.2309401076758503, 'a2': 1.8257418583505536, 'a3': 2.2430556899294767} logZ_min= 2.445825083407053 obs_min= 1.199610341444615e-32
params_new= {'a1': 0.2309401076758503, 'a2': 1.8257418583505536, 'a3': 2.243492421956332} logZ_new= 2.4455085983401714 obs_new= 7.868030671762347e-31
params_max= {'a1': 0.2309401076758503, 'a2': 1.8257418583505536, 'a3': 2.2439291539831876} logZ_max= 2.445895485912731 obs_max= 1.1309774693457797e-34
dist_min= tensor(2274076.9863) dist_max= tensor(1.3577)
params_min,params_max=params_min,params_new
evaluating model at params_new={'a1': 0.2309401076758503, 'a2': 1.8257418583505536, 'a3': 2.243274055942904}
params_min= {'a1': 0.2309401076758503, 'a2': 1.8257418583505536, 'a3': 2.2430556899294767} logZ_min= 2.445825083407053 obs_min= 1.199610341444615e-32
params_new= {'a1': 0.2309401076758503, 'a2': 1.8257418583505536, 'a3': 2.243274055942904} logZ_new= 2.445760806631678 obs_new= 7.5838497461793715e-31
params_max= {'a1': 0.2309401076758503, 'a2': 1.8257418583505536, 'a3': 2.243492421956332} logZ_max= 2.4455085983401714 obs_max= 7.868030671762347e-31
dist_min= tensor(2274076.9979) dist_max= tensor(0.4529)
params_min,params_max=params_min,params_new
evaluating model at params_new={'a1': 0.2309401076758503, 'a2': 1.8257418583505536, 'a3': 2.24316487293619}
params_min= {'a1': 0.2309401076758503, 'a2': 1.8257418583505536, 'a3': 2.2430556899294767} logZ_min= 2.445825083407053 obs_min= 1.199610341444615e-32
params_new= {'a1': 0.2309401076758503, 'a2': 1.8257418583505536, 'a3': 2.24316487293619} logZ_new= 2.4455089627598112 obs_new= 5.4114715825854945e-31
params_max= {'a1': 0.2309401076758503, 'a2': 1.8257418583505536, 'a3': 2.243274055942904} logZ_max= 2.445760806631678 obs_max= 7.5838497461793715e-31
dist_min= tensor(2274076.9999) dist_max= tensor(0.4130)
params_min,params_max=params_min,params_new
evaluating model at params_new={'a1': 0.2309401076758503, 'a2': 1.8257418583505536, 'a3': 2.243110281432833}
params_min= {'a1': 0.2309401076758503, 'a2': 1.8257418583505536, 'a3': 2.2430556899294767} logZ_min= 2.445825083407053 obs_min= 1.199610341444615e-32
params_new= {'a1': 0.2309401076758503, 'a2': 1.8257418583505536, 'a3': 2.243110281432833} logZ_new= 2.4455404645802012 obs_new= 1.3129629848930935e-31
params_max= {'a1': 0.2309401076758503, 'a2': 1.8257418583505536, 'a3': 2.24316487293619} logZ_max= 2.4455089627598112 obs_max= 5.4114715825854945e-31
dist_min= tensor(2274076.9945) dist_max= tensor(0.5896)
params_min,params_max=params_min,params_new
evaluating model at params_new={'a1': 0.2309401076758503, 'a2': 1.8257418583505536, 'a3': 2.2430829856811547}
params_min= {'a1': 0.2309401076758503, 'a2': 1.8257418583505536, 'a3': 2.2430556899294767} logZ_min= 2.445825083407053 obs_min= 1.199610341444615e-32
params_new= {'a1': 0.2309401076758503, 'a2': 1.8257418583505536, 'a3': 2.2430829856811547} logZ_new= nan obs_new= 5.667645681913301e-31
params_max= {'a1': 0.2309401076758503, 'a2': 1.8257418583505536, 'a3': 2.243110281432833} logZ_max= 2.4455404645802012 obs_max= 1.3129629848930935e-31
dist_min= tensor(2274072.1148) dist_max= tensor(107.8733)
params_min,params_max=params_min,params_new
evaluating model at params_new={'a1': 0.2309401076758503, 'a2': 1.8257418583505536, 'a3': 2.2430693378053155}
params_min= {'a1': 0.2309401076758503, 'a2': 1.8257418583505536, 'a3': 2.2430556899294767} logZ_min= 2.445825083407053 obs_min= 1.199610341444615e-32
params_new= {'a1': 0.2309401076758503, 'a2': 1.8257418583505536, 'a3': 2.2430693378053155} logZ_new= nan obs_new= 4.1127839702961734e-33
params_max= {'a1': 0.2309401076758503, 'a2': 1.8257418583505536, 'a3': 2.2430829856811547} logZ_max= nan obs_max= 5.667645681913301e-31
dist_min= tensor(2274077.0004) dist_max= tensor(107.8511)
params_min,params_max=params_min,params_new
evaluating model at params_new={'a1': 0.2309401076758503, 'a2': 1.8257418583505536, 'a3': 2.243062513867396}
params_min= {'a1': 0.2309401076758503, 'a2': 1.8257418583505536, 'a3': 2.2430556899294767} logZ_min= 2.445825083407053 obs_min= 1.199610341444615e-32
params_new= {'a1': 0.2309401076758503, 'a2': 1.8257418583505536, 'a3': 2.243062513867396} logZ_new= 2.445541003807891 obs_new= 4.958261552556531e-31
params_max= {'a1': 0.2309401076758503, 'a2': 1.8257418583505536, 'a3': 2.2430693378053155} logZ_max= nan obs_max= 4.1127839702961734e-33
dist_min= tensor(2274076.2248) dist_max= tensor(2455.5518)
params_min,params_max=params_min,params_new
evaluating model at params_new={'a1': 0.2309401076758503, 'a2': 1.8257418583505536, 'a3': 2.243059101898436}
params_min= {'a1': 0.2309401076758503, 'a2': 1.8257418583505536, 'a3': 2.2430556899294767} logZ_min= 2.445825083407053 obs_min= 1.199610341444615e-32
params_new= {'a1': 0.2309401076758503, 'a2': 1.8257418583505536, 'a3': 2.243059101898436} logZ_new= nan obs_new= 5.215725817358056e-32
params_max= {'a1': 0.2309401076758503, 'a2': 1.8257418583505536, 'a3': 2.243062513867396} logZ_max= 2.445541003807891 obs_max= 4.958261552556531e-31
dist_min= tensor(2273213.6900) dist_max= tensor(2609.6495)
params_min,params_max=params_min,params_new
evaluating model at params_new={'a1': 0.2309401076758503, 'a2': 1.8257418583505536, 'a3': 2.243057395913956}
params_min= {'a1': 0.2309401076758503, 'a2': 1.8257418583505536, 'a3': 2.2430556899294767} logZ_min= 2.445825083407053 obs_min= 1.199610341444615e-32
params_new= {'a1': 0.2309401076758503, 'a2': 1.8257418583505536, 'a3': 2.243057395913956} logZ_new= 2.4458608955447594 obs_new= 2.058491511939473e-31
params_max= {'a1': 0.2309401076758503, 'a2': 1.8257418583505536, 'a3': 2.243059101898436} logZ_max= nan obs_max= 5.215725817358056e-32
dist_min= tensor(2274077.0003) dist_max= tensor(886.7964)
params_min,params_max=params_min,params_new
evaluating model at params_new={'a1': 0.2309401076758503, 'a2': 1.8257418583505536, 'a3': 2.2430565429217166}
params_min= {'a1': 0.2309401076758503, 'a2': 1.8257418583505536, 'a3': 2.2430556899294767} logZ_min= 2.445825083407053 obs_min= 1.199610341444615e-32
params_new= {'a1': 0.2309401076758503, 'a2': 1.8257418583505536, 'a3': 2.2430565429217166} logZ_new= nan obs_new= 2.6743430590300706e-31
params_max= {'a1': 0.2309401076758503, 'a2': 1.8257418583505536, 'a3': 2.243057395913956} logZ_max= 2.4458608955447594 obs_max= 2.058491511939473e-31
dist_min= tensor(2274055.5083) dist_max= tensor(280.2743)
params_min,params_max=params_min,params_new
evaluating model at params_new={'a1': 0.2309401076758503, 'a2': 1.8257418583505536, 'a3': 2.2430561164255964}
params_min= {'a1': 0.2309401076758503, 'a2': 1.8257418583505536, 'a3': 2.2430556899294767} logZ_min= 2.445825083407053 obs_min= 1.199610341444615e-32
params_new= {'a1': 0.2309401076758503, 'a2': 1.8257418583505536, 'a3': 2.2430561164255964} logZ_new= nan obs_new= 1.5143982680025165e-30
params_max= {'a1': 0.2309401076758503, 'a2': 1.8257418583505536, 'a3': 2.2430565429217166} logZ_max= nan obs_max= 2.6743430590300706e-31
dist_min= tensor(2274076.7192) dist_max= tensor(158.7878)
params_min,params_max=params_min,params_new
evaluating model at params_new={'a1': 0.2309401076758503, 'a2': 1.8257418583505536, 'a3': 2.2430559031775363}
params_min= {'a1': 0.2309401076758503, 'a2': 1.8257418583505536, 'a3': 2.2430556899294767} logZ_min= 2.445825083407053 obs_min= 1.199610341444615e-32
params_new= {'a1': 0.2309401076758503, 'a2': 1.8257418583505536, 'a3': 2.2430559031775363} logZ_new= 2.4458333186833143 obs_new= 6.1434683566939175e-33
params_max= {'a1': 0.2309401076758503, 'a2': 1.8257418583505536, 'a3': 2.2430561164255964} logZ_max= nan obs_max= 1.5143982680025165e-30
dist_min= tensor(2274076.9987) dist_max= tensor(396.4945)
params_min,params_max=params_min,params_new
evaluating model at params_new={'a1': 0.2309401076758503, 'a2': 1.8257418583505536, 'a3': 2.2430557965535067}
params_min= {'a1': 0.2309401076758503, 'a2': 1.8257418583505536, 'a3': 2.2430556899294767} logZ_min= 2.445825083407053 obs_min= 1.199610341444615e-32
params_new= {'a1': 0.2309401076758503, 'a2': 1.8257418583505536, 'a3': 2.2430557965535067} logZ_new= 2.4458689466350223 obs_new= 6.606951846625487e-31
params_max= {'a1': 0.2309401076758503, 'a2': 1.8257418583505536, 'a3': 2.2430559031775363} logZ_max= 2.4458333186833143 obs_max= 6.1434683566939175e-33
dist_min= tensor(2274076.9969) dist_max= tensor(0.2364)
params_min,params_max=params_min,params_new
evaluating model at params_new={'a1': 0.2309401076758503, 'a2': 1.8257418583505536, 'a3': 2.2430557432414915}
params_min= {'a1': 0.2309401076758503, 'a2': 1.8257418583505536, 'a3': 2.2430556899294767} logZ_min= 2.445825083407053 obs_min= 1.199610341444615e-32
params_new= {'a1': 0.2309401076758503, 'a2': 1.8257418583505536, 'a3': 2.2430557432414915} logZ_new= nan obs_new= 6.816538000205066e-32
params_max= {'a1': 0.2309401076758503, 'a2': 1.8257418583505536, 'a3': 2.2430557965535067} logZ_max= 2.4458689466350223 obs_max= 6.606951846625487e-31
dist_min= tensor(2274077.0004) dist_max= tensor(1.3618)
params_min,params_max=params_min,params_new
evaluating model at params_new={'a1': 0.2309401076758503, 'a2': 1.8257418583505536, 'a3': 2.2430557165854843}
params_min= {'a1': 0.2309401076758503, 'a2': 1.8257418583505536, 'a3': 2.2430556899294767} logZ_min= 2.445825083407053 obs_min= 1.199610341444615e-32
params_new= {'a1': 0.2309401076758503, 'a2': 1.8257418583505536, 'a3': 2.2430557165854843} logZ_new= 2.445927951342451 obs_new= 6.500841294958128e-31
params_max= {'a1': 0.2309401076758503, 'a2': 1.8257418583505536, 'a3': 2.2430557432414915} logZ_max= nan obs_max= 6.816538000205066e-32
dist_min= tensor(2274076.9963) dist_max= tensor(1.3701)
params_min,params_max=params_min,params_new
evaluating model at params_new={'a1': 0.2309401076758503, 'a2': 1.8257418583505536, 'a3': 2.2430557032574807}
params_min= {'a1': 0.2309401076758503, 'a2': 1.8257418583505536, 'a3': 2.2430556899294767} logZ_min= 2.445825083407053 obs_min= 1.199610341444615e-32
params_new= {'a1': 0.2309401076758503, 'a2': 1.8257418583505536, 'a3': 2.2430557032574807} logZ_new= nan obs_new= 1.7086092681078777e-31
params_max= {'a1': 0.2309401076758503, 'a2': 1.8257418583505536, 'a3': 2.2430557165854843} logZ_max= 2.445927951342451 obs_max= 6.500841294958128e-31
dist_min= tensor(2274077.2158) dist_max= tensor(97.4539)
params_min,params_max=params_min,params_new
evaluating model at params_new={'a1': 0.2309401076758503, 'a2': 1.8257418583505536, 'a3': 2.243055696593479}
params_min= {'a1': 0.2309401076758503, 'a2': 1.8257418583505536, 'a3': 2.2430556899294767} logZ_min= 2.445825083407053 obs_min= 1.199610341444615e-32
params_new= {'a1': 0.2309401076758503, 'a2': 1.8257418583505536, 'a3': 2.243055696593479} logZ_new= nan obs_new= 7.207782839812064e-34
params_max= {'a1': 0.2309401076758503, 'a2': 1.8257418583505536, 'a3': 2.2430557032574807} logZ_max= nan obs_max= 1.7086092681078777e-31
dist_min= tensor(2279927.7209) dist_max= tensor(163229.8944)
params_min,params_max=params_min,params_new
evaluating model at params_new={'a1': 0.2309401076758503, 'a2': 1.8257418583505536, 'a3': 2.2430556932614776}
params_min= {'a1': 0.2309401076758503, 'a2': 1.8257418583505536, 'a3': 2.2430556899294767} logZ_min= 2.445825083407053 obs_min= 1.199610341444615e-32
params_new= {'a1': 0.2309401076758503, 'a2': 1.8257418583505536, 'a3': 2.2430556932614776} logZ_new= 2.4457709853506833 obs_new= 2.985065275438275e-30
params_max= {'a1': 0.2309401076758503, 'a2': 1.8257418583505536, 'a3': 2.243055696593479} logZ_max= nan obs_max= 7.207782839812064e-34
dist_min= tensor(2274076.9971) dist_max= tensor(163229.8255)
params_min,params_max=params_min,params_new
evaluating model at params_new={'a1': 0.2309401076758503, 'a2': 1.8257418583505536, 'a3': 2.243055691595477}
params_min= {'a1': 0.2309401076758503, 'a2': 1.8257418583505536, 'a3': 2.2430556899294767} logZ_min= 2.445825083407053 obs_min= 1.199610341444615e-32
params_new= {'a1': 0.2309401076758503, 'a2': 1.8257418583505536, 'a3': 2.243055691595477} logZ_new= nan obs_new= 1.544386798789446e-32
params_max= {'a1': 0.2309401076758503, 'a2': 1.8257418583505536, 'a3': 2.2430556932614776} logZ_max= 2.4457709853506833 obs_max= 2.985065275438275e-30
dist_min= tensor(2274076.7146) dist_max= tensor(46.9287)
params_min,params_max=params_min,params_new
evaluating model at params_new={'a1': 0.2309401076758503, 'a2': 1.8257418583505536, 'a3': 2.2430556907624766}
params_min= {'a1': 0.2309401076758503, 'a2': 1.8257418583505536, 'a3': 2.2430556899294767} logZ_min= 2.445825083407053 obs_min= 1.199610341444615e-32
params_new= {'a1': 0.2309401076758503, 'a2': 1.8257418583505536, 'a3': 2.2430556907624766} logZ_new= nan obs_new= 9.874842163899071e-31
params_max= {'a1': 0.2309401076758503, 'a2': 1.8257418583505536, 'a3': 2.243055691595477} logZ_max= nan obs_max= 1.544386798789446e-32
dist_min= tensor(2274077.2401) dist_max= tensor(244.9498)
params_min,params_max=params_min,params_new
evaluating model at params_new={'a1': 0.2309401076758503, 'a2': 1.8257418583505536, 'a3': 2.243055690345977}
params_min= {'a1': 0.2309401076758503, 'a2': 1.8257418583505536, 'a3': 2.2430556899294767} logZ_min= 2.445825083407053 obs_min= 1.199610341444615e-32
params_new= {'a1': 0.2309401076758503, 'a2': 1.8257418583505536, 'a3': 2.243055690345977} logZ_new= nan obs_new= 9.042031720527919e-31
params_max= {'a1': 0.2309401076758503, 'a2': 1.8257418583505536, 'a3': 2.2430556907624766} logZ_max= nan obs_max= 9.874842163899071e-31
dist_min= tensor(2274076.9899) dist_max= tensor(280.6201)
params_min,params_max=params_min,params_new
evaluating model at params_new={'a1': 0.2309401076758503, 'a2': 1.8257418583505536, 'a3': 2.2430556901377265}
params_min= {'a1': 0.2309401076758503, 'a2': 1.8257418583505536, 'a3': 2.2430556899294767} logZ_min= 2.445825083407053 obs_min= 1.199610341444615e-32
params_new= {'a1': 0.2309401076758503, 'a2': 1.8257418583505536, 'a3': 2.2430556901377265} logZ_new= 2.4457010635428795 obs_new= 9.60634352368991e-31
params_max= {'a1': 0.2309401076758503, 'a2': 1.8257418583505536, 'a3': 2.243055690345977} logZ_max= nan obs_max= 9.042031720527919e-31
dist_min= tensor(2274076.9987) dist_max= tensor(146.4274)
params_min,params_max=params_min,params_new
evaluating model at params_new={'a1': 0.2309401076758503, 'a2': 1.8257418583505536, 'a3': 2.243055690033602}
params_min= {'a1': 0.2309401076758503, 'a2': 1.8257418583505536, 'a3': 2.2430556899294767} logZ_min= 2.445825083407053 obs_min= 1.199610341444615e-32
params_new= {'a1': 0.2309401076758503, 'a2': 1.8257418583505536, 'a3': 2.243055690033602} logZ_new= 2.4458604315661945 obs_new= 7.160133539396088e-32
params_max= {'a1': 0.2309401076758503, 'a2': 1.8257418583505536, 'a3': 2.2430556901377265} logZ_max= 2.4457010635428795 obs_max= 9.60634352368991e-31
dist_min= tensor(2274076.9975) dist_max= tensor(0.1939)
params_min,params_max=params_min,params_new
evaluating model at params_new={'a1': 0.2309401076758503, 'a2': 1.8257418583505536, 'a3': 2.2430556899815395}
params_min= {'a1': 0.2309401076758503, 'a2': 1.8257418583505536, 'a3': 2.2430556899294767} logZ_min= 2.445825083407053 obs_min= 1.199610341444615e-32
params_new= {'a1': 0.2309401076758503, 'a2': 1.8257418583505536, 'a3': 2.2430556899815395} logZ_new= nan obs_new= 2.2496834424024284e-32
params_max= {'a1': 0.2309401076758503, 'a2': 1.8257418583505536, 'a3': 2.243055690033602} logZ_max= 2.4458604315661945 obs_max= 7.160133539396088e-32
dist_min= tensor(2274077.0005) dist_max= tensor(22.7106)
params_min,params_max=params_min,params_new
evaluating model at params_new={'a1': 0.2309401076758503, 'a2': 1.8257418583505536, 'a3': 2.243055689955508}
params_min= {'a1': 0.2309401076758503, 'a2': 1.8257418583505536, 'a3': 2.2430556899294767} logZ_min= 2.445825083407053 obs_min= 1.199610341444615e-32
params_new= {'a1': 0.2309401076758503, 'a2': 1.8257418583505536, 'a3': 2.243055689955508} logZ_new= 2.445887773388753 obs_new= 5.174413666828389e-32
params_max= {'a1': 0.2309401076758503, 'a2': 1.8257418583505536, 'a3': 2.2430556899815395} logZ_max= nan obs_max= 2.2496834424024284e-32
dist_min= tensor(2274077.0004) dist_max= tensor(23.0823)
params_min,params_max=params_min,params_new
evaluating model at params_new={'a1': 0.2309401076758503, 'a2': 1.8257418583505536, 'a3': 2.2430556899424925}
params_min= {'a1': 0.2309401076758503, 'a2': 1.8257418583505536, 'a3': 2.2430556899294767} logZ_min= 2.445825083407053 obs_min= 1.199610341444615e-32
params_new= {'a1': 0.2309401076758503, 'a2': 1.8257418583505536, 'a3': 2.2430556899424925} logZ_new= 2.4456099566308884 obs_new= 5.3291414424916425e-31
params_max= {'a1': 0.2309401076758503, 'a2': 1.8257418583505536, 'a3': 2.243055689955508} logZ_max= 2.445887773388753 obs_max= 5.174413666828389e-32
dist_min= tensor(2274077.0002) dist_max= tensor(0.3824)
params_min,params_max=params_min,params_new
evaluating model at params_new={'a1': 0.2309401076758503, 'a2': 1.8257418583505536, 'a3': 2.243055689935985}
params_min= {'a1': 0.2309401076758503, 'a2': 1.8257418583505536, 'a3': 2.2430556899294767} logZ_min= 2.445825083407053 obs_min= 1.199610341444615e-32
params_new= {'a1': 0.2309401076758503, 'a2': 1.8257418583505536, 'a3': 2.243055689935985} logZ_new= 2.445540590141364 obs_new= 1.8133541618142253e-31
params_max= {'a1': 0.2309401076758503, 'a2': 1.8257418583505536, 'a3': 2.2430556899424925} logZ_max= 2.4456099566308884 obs_max= 5.3291414424916425e-31
dist_min= tensor(2274076.9894) dist_max= tensor(1.4093)
params_min,params_max=params_min,params_new
evaluating model at params_new={'a1': 0.2309401076758503, 'a2': 1.8257418583505536, 'a3': 2.2430556899327305}
params_min= {'a1': 0.2309401076758503, 'a2': 1.8257418583505536, 'a3': 2.2430556899294767} logZ_min= 2.445825083407053 obs_min= 1.199610341444615e-32
params_new= {'a1': 0.2309401076758503, 'a2': 1.8257418583505536, 'a3': 2.2430556899327305} logZ_new= nan obs_new= 7.01973724591542e-31
params_max= {'a1': 0.2309401076758503, 'a2': 1.8257418583505536, 'a3': 2.243055689935985} logZ_max= 2.445540590141364 obs_max= 1.8133541618142253e-31
dist_min= tensor(2274077.2006) dist_max= tensor(27.7109)
params_min,params_max=params_min,params_new
evaluating model at params_new={'a1': 0.2309401076758503, 'a2': 1.8257418583505536, 'a3': 2.2430556899311034}
params_min= {'a1': 0.2309401076758503, 'a2': 1.8257418583505536, 'a3': 2.2430556899294767} logZ_min= 2.445825083407053 obs_min= 1.199610341444615e-32
params_new= {'a1': 0.2309401076758503, 'a2': 1.8257418583505536, 'a3': 2.2430556899311034} logZ_new= 2.445645905454537 obs_new= 2.803794223262948e-31
params_max= {'a1': 0.2309401076758503, 'a2': 1.8257418583505536, 'a3': 2.2430556899327305} logZ_max= nan obs_max= 7.01973724591542e-31
dist_min= tensor(2274077.0004) dist_max= tensor(28.2898)
params_min,params_max=params_min,params_new
evaluating model at params_new={'a1': 0.2309401076758503, 'a2': 1.8257418583505536, 'a3': 2.24305568993029}
params_min= {'a1': 0.2309401076758503, 'a2': 1.8257418583505536, 'a3': 2.2430556899294767} logZ_min= 2.445825083407053 obs_min= 1.199610341444615e-32
params_new= {'a1': 0.2309401076758503, 'a2': 1.8257418583505536, 'a3': 2.24305568993029} logZ_new= nan obs_new= 6.25183452004955e-33
params_max= {'a1': 0.2309401076758503, 'a2': 1.8257418583505536, 'a3': 2.2430556899311034} logZ_max= 2.445645905454537 obs_max= 2.803794223262948e-31
dist_min= tensor(2274077.1483) dist_max= tensor(847.1402)
params_min,params_max=params_min,params_new
evaluating model at params_new={'a1': 0.2309401076758503, 'a2': 1.8257418583505536, 'a3': 2.243055689929883}
params_min= {'a1': 0.2309401076758503, 'a2': 1.8257418583505536, 'a3': 2.2430556899294767} logZ_min= 2.445825083407053 obs_min= 1.199610341444615e-32
params_new= {'a1': 0.2309401076758503, 'a2': 1.8257418583505536, 'a3': 2.243055689929883} logZ_new= nan obs_new= 6.226584549751966e-31
params_max= {'a1': 0.2309401076758503, 'a2': 1.8257418583505536, 'a3': 2.24305568993029} logZ_max= nan obs_max= 6.25183452004955e-33
dist_min= tensor(2274077.2114) dist_max= tensor(846.9687)
params_min,params_max=params_min,params_new
evaluating model at params_new={'a1': 0.2309401076758503, 'a2': 1.8257418583505536, 'a3': 2.2430556899296796}
params_min= {'a1': 0.2309401076758503, 'a2': 1.8257418583505536, 'a3': 2.2430556899294767} logZ_min= 2.445825083407053 obs_min= 1.199610341444615e-32
params_new= {'a1': 0.2309401076758503, 'a2': 1.8257418583505536, 'a3': 2.2430556899296796} logZ_new= nan obs_new= 1.347951875488412e-30
params_max= {'a1': 0.2309401076758503, 'a2': 1.8257418583505536, 'a3': 2.243055689929883} logZ_max= nan obs_max= 6.226584549751966e-31
dist_min= tensor(2274085.1678) dist_max= tensor(6227.4953)
params_min,params_max=params_min,params_new
evaluating model at params_new={'a1': 0.2309401076758503, 'a2': 1.8257418583505536, 'a3': 2.2430556899295784}
params_min= {'a1': 0.2309401076758503, 'a2': 1.8257418583505536, 'a3': 2.2430556899294767} logZ_min= 2.445825083407053 obs_min= 1.199610341444615e-32
params_new= {'a1': 0.2309401076758503, 'a2': 1.8257418583505536, 'a3': 2.2430556899295784} logZ_new= 2.4457180108355123 obs_new= 3.465199032750466e-31
params_max= {'a1': 0.2309401076758503, 'a2': 1.8257418583505536, 'a3': 2.2430556899296796} logZ_max= nan obs_max= 1.347951875488412e-30
dist_min= tensor(2274078.7523) dist_max= tensor(7314.5949)
params_min,params_max=params_min,params_new
evaluating model at params_new={'a1': 0.2309401076758503, 'a2': 1.8257418583505536, 'a3': 2.2430556899295278}
params_min= {'a1': 0.2309401076758503, 'a2': 1.8257418583505536, 'a3': 2.2430556899294767} logZ_min= 2.445825083407053 obs_min= 1.199610341444615e-32
params_new= {'a1': 0.2309401076758503, 'a2': 1.8257418583505536, 'a3': 2.2430556899295278} logZ_new= 2.4459015797525474 obs_new= 1.2553922356195143e-30
params_max= {'a1': 0.2309401076758503, 'a2': 1.8257418583505536, 'a3': 2.2430556899295784} logZ_max= 2.4457180108355123 obs_max= 3.465199032750466e-31
dist_min= tensor(2274077.0004) dist_max= tensor(3834.5085)
params_min,params_max=params_min,params_new
evaluating model at params_new={'a1': 0.2309401076758503, 'a2': 1.8257418583505536, 'a3': 2.243055689929502}
params_min= {'a1': 0.2309401076758503, 'a2': 1.8257418583505536, 'a3': 2.2430556899294767} logZ_min= 2.445825083407053 obs_min= 1.199610341444615e-32
params_new= {'a1': 0.2309401076758503, 'a2': 1.8257418583505536, 'a3': 2.243055689929502} logZ_new= 2.445852509726639 obs_new= 2.391357519012046e-32
params_max= {'a1': 0.2309401076758503, 'a2': 1.8257418583505536, 'a3': 2.2430556899295278} logZ_max= 2.4459015797525474 obs_max= 1.2553922356195143e-30
dist_min= tensor(2274076.9826) dist_max= tensor(1.5045)
params_min,params_max=params_min,params_new
evaluating model at params_new={'a1': 0.2309401076758503, 'a2': 1.8257418583505536, 'a3': 2.2430556899294896}
params_min= {'a1': 0.2309401076758503, 'a2': 1.8257418583505536, 'a3': 2.2430556899294767} logZ_min= 2.445825083407053 obs_min= 1.199610341444615e-32
params_new= {'a1': 0.2309401076758503, 'a2': 1.8257418583505536, 'a3': 2.2430556899294896} logZ_new= 2.445720782403243 obs_new= 1.32720958910202e-31
params_max= {'a1': 0.2309401076758503, 'a2': 1.8257418583505536, 'a3': 2.243055689929502} logZ_max= 2.445852509726639 obs_max= 2.391357519012046e-32
dist_min= tensor(2274077.0004) dist_max= tensor(1.5146)
params_min,params_max=params_min,params_new
evaluating model at params_new={'a1': 0.2309401076758503, 'a2': 1.8257418583505536, 'a3': 2.2430556899294833}
params_min= {'a1': 0.2309401076758503, 'a2': 1.8257418583505536, 'a3': 2.2430556899294767} logZ_min= 2.445825083407053 obs_min= 1.199610341444615e-32
params_new= {'a1': 0.2309401076758503, 'a2': 1.8257418583505536, 'a3': 2.2430556899294833} logZ_new= 2.4459284161338157 obs_new= 3.3407533486089186e-32
params_max= {'a1': 0.2309401076758503, 'a2': 1.8257418583505536, 'a3': 2.2430556899294896} logZ_max= 2.445720782403243 obs_max= 1.32720958910202e-31
dist_min= tensor(2274077.0004) dist_max= tensor(0.0801)
params_min,params_max=params_min,params_new
evaluating model at params_new={'a1': 0.2309401076758503, 'a2': 1.8257418583505536, 'a3': 2.24305568992948}
params_min= {'a1': 0.2309401076758503, 'a2': 1.8257418583505536, 'a3': 2.2430556899294767} logZ_min= 2.445825083407053 obs_min= 1.199610341444615e-32
params_new= {'a1': 0.2309401076758503, 'a2': 1.8257418583505536, 'a3': 2.24305568992948} logZ_new= nan obs_new= 1.9086275390561981e-31
params_max= {'a1': 0.2309401076758503, 'a2': 1.8257418583505536, 'a3': 2.2430556899294833} logZ_max= 2.4459284161338157 obs_max= 3.3407533486089186e-32
dist_min= tensor(2274077.2509) dist_max= tensor(1188.1165)
params_min,params_max=params_min,params_new
evaluating model at params_new={'a1': 0.2309401076758503, 'a2': 1.8257418583505536, 'a3': 2.243055689929478}
params_min= {'a1': 0.2309401076758503, 'a2': 1.8257418583505536, 'a3': 2.2430556899294767} logZ_min= 2.445825083407053 obs_min= 1.199610341444615e-32
params_new= {'a1': 0.2309401076758503, 'a2': 1.8257418583505536, 'a3': 2.243055689929478} logZ_new= nan obs_new= 2.206919769416881e-30
params_max= {'a1': 0.2309401076758503, 'a2': 1.8257418583505536, 'a3': 2.24305568992948} logZ_max= nan obs_max= 1.9086275390561981e-31
dist_min= tensor(2274076.7894) dist_max= tensor(1188.1660)
params_min,params_max=params_min,params_new
evaluating model at params_new={'a1': 0.2309401076758503, 'a2': 1.8257418583505536, 'a3': 2.243055689929477}
params_min= {'a1': 0.2309401076758503, 'a2': 1.8257418583505536, 'a3': 2.2430556899294767} logZ_min= 2.445825083407053 obs_min= 1.199610341444615e-32
params_new= {'a1': 0.2309401076758503, 'a2': 1.8257418583505536, 'a3': 2.243055689929477} logZ_new= nan obs_new= 3.1703452976215615e-32
params_max= {'a1': 0.2309401076758503, 'a2': 1.8257418583505536, 'a3': 2.243055689929478} logZ_max= nan obs_max= 2.206919769416881e-30
dist_min= tensor(2274076.9350) dist_max= tensor(84.0082)
params_min,params_max=params_min,params_new
critical params found:  {'a1': 0.2309401076758503, 'a2': 1.8257418583505536, 'a3': 2.243055689929477}
reference params:  {'a1': 1.1547005383792515, 'a2': 1.8257418583505538, 'a3': 4.47213595499958}
file saved to  data/AKLT3D_X10_scan_grid_critical_a3/a1_0.2309401_a2_1.8257419/Tc.json
