Start running find_critical_temp.py with options:{'filename': 'data/AKLT3D_X10_scan_grid_critical_a3/a1_1.6165808_a2_0.3651484/Tc.json', 'log_filename': 'data/AKLT3D_X10_scan_grid_critical_a3/a1_1.6165808_a2_0.3651484/Tc.log', 'nLayers': 60, 'max_dim': 10, 'model': 'AKLT3D', 'params_min': "{'a1': 1.616580753730952, 'a2': 0.3651483716701107, 'a3': 4.47213595499958}", 'params_max': "{'a1': 1.616580753730952, 'a2': 0.3651483716701107, 'a3': 5.366563145999496}", 'params_ref': None, 'observable_name': 'magnetizationZ', 'tol': 0.0, 'gilt_enabled': False, 'gilt_eps': 8e-07, 'gilt_nIter': 1, 'mcf_enabled': True, 'mcf_eps': 1e-16, 'mcf_max_iter': 200, 'hotrg_sanity_check': False, 'version': 1, 'device': 'cuda:1'}
loading library...
evaluating model at params_min={'a1': 1.616580753730952, 'a2': 0.3651483716701107, 'a3': 4.47213595499958}
params_min= {'a1': 1.616580753730952, 'a2': 0.3651483716701107, 'a3': 4.47213595499958} logZ_min= 3.2703531597105635 obs_min= 2.1283332798026624e-34
evaluating model at params_max={'a1': 1.616580753730952, 'a2': 0.3651483716701107, 'a3': 5.366563145999496}
params_max= {'a1': 1.616580753730952, 'a2': 0.3651483716701107, 'a3': 5.366563145999496} logZ_max= 3.3573093963993617 obs_max= 8.987325341664837
searching for critical temperature using bisection method
evaluating model at params_new={'a1': 1.616580753730952, 'a2': 0.3651483716701107, 'a3': 4.919349550499538}
params_min= {'a1': 1.616580753730952, 'a2': 0.3651483716701107, 'a3': 4.47213595499958} logZ_min= 3.2703531597105635 obs_min= 2.1283332798026624e-34
params_new= {'a1': 1.616580753730952, 'a2': 0.3651483716701107, 'a3': 4.919349550499538} logZ_new= nan obs_new= 3.0864668778699436e-34
params_max= {'a1': 1.616580753730952, 'a2': 0.3651483716701107, 'a3': 5.366563145999496} logZ_max= 3.3573093963993617 obs_max= 8.987325341664837
dist_min= tensor(451.9001) dist_max= tensor(479.8905)
params_min,params_max=params_new,params_max
evaluating model at params_new={'a1': 1.616580753730952, 'a2': 0.3651483716701107, 'a3': 5.142956348249517}
params_min= {'a1': 1.616580753730952, 'a2': 0.3651483716701107, 'a3': 4.919349550499538} logZ_min= nan obs_min= 3.0864668778699436e-34
params_new= {'a1': 1.616580753730952, 'a2': 0.3651483716701107, 'a3': 5.142956348249517} logZ_new= 3.266843952506727 obs_new= 8.953728056125843
params_max= {'a1': 1.616580753730952, 'a2': 0.3651483716701107, 'a3': 5.366563145999496} logZ_max= 3.3573093963993617 obs_max= 8.987325341664837
dist_min= tensor(480.6764) dist_max= tensor(2.2671)
params_min,params_max=params_min,params_new
evaluating model at params_new={'a1': 1.616580753730952, 'a2': 0.3651483716701107, 'a3': 5.031152949374528}
params_min= {'a1': 1.616580753730952, 'a2': 0.3651483716701107, 'a3': 4.919349550499538} logZ_min= nan obs_min= 3.0864668778699436e-34
params_new= {'a1': 1.616580753730952, 'a2': 0.3651483716701107, 'a3': 5.031152949374528} logZ_new= 3.2371867223009896 obs_new= 2.4404407353630443e-33
params_max= {'a1': 1.616580753730952, 'a2': 0.3651483716701107, 'a3': 5.142956348249517} logZ_max= 3.266843952506727 obs_max= 8.953728056125843
dist_min= tensor(514.6351) dist_max= tensor(654.9705)
params_min,params_max=params_new,params_max
evaluating model at params_new={'a1': 1.616580753730952, 'a2': 0.3651483716701107, 'a3': 5.087054648812023}
params_min= {'a1': 1.616580753730952, 'a2': 0.3651483716701107, 'a3': 5.031152949374528} logZ_min= 3.2371867223009896 obs_min= 2.4404407353630443e-33
params_new= {'a1': 1.616580753730952, 'a2': 0.3651483716701107, 'a3': 5.087054648812023} logZ_new= 3.2436363104534376 obs_new= 8.942065675296803
params_max= {'a1': 1.616580753730952, 'a2': 0.3651483716701107, 'a3': 5.142956348249517} logZ_max= 3.266843952506727 obs_max= 8.953728056125843
dist_min= tensor(654.6402) dist_max= tensor(1.4228)
params_min,params_max=params_min,params_new
evaluating model at params_new={'a1': 1.616580753730952, 'a2': 0.3651483716701107, 'a3': 5.0591037990932755}
params_min= {'a1': 1.616580753730952, 'a2': 0.3651483716701107, 'a3': 5.031152949374528} logZ_min= 3.2371867223009896 obs_min= 2.4404407353630443e-33
params_new= {'a1': 1.616580753730952, 'a2': 0.3651483716701107, 'a3': 5.0591037990932755} logZ_new= 3.2376210519821105 obs_new= 2.4114167498291416e-32
params_max= {'a1': 1.616580753730952, 'a2': 0.3651483716701107, 'a3': 5.087054648812023} logZ_max= 3.2436363104534376 obs_max= 8.942065675296803
dist_min= tensor(507.4041) dist_max= tensor(401.6964)
params_min,params_max=params_min,params_new
evaluating model at params_new={'a1': 1.616580753730952, 'a2': 0.3651483716701107, 'a3': 5.045128374233902}
params_min= {'a1': 1.616580753730952, 'a2': 0.3651483716701107, 'a3': 5.031152949374528} logZ_min= 3.2371867223009896 obs_min= 2.4404407353630443e-33
params_new= {'a1': 1.616580753730952, 'a2': 0.3651483716701107, 'a3': 5.045128374233902} logZ_new= 3.237521037690249 obs_new= 5.739706219138666e-34
params_max= {'a1': 1.616580753730952, 'a2': 0.3651483716701107, 'a3': 5.0591037990932755} logZ_max= 3.2376210519821105 obs_max= 2.4114167498291416e-32
dist_min= tensor(508.9586) dist_max= tensor(5.4364)
params_min,params_max=params_min,params_new
evaluating model at params_new={'a1': 1.616580753730952, 'a2': 0.3651483716701107, 'a3': 5.038140661804215}
params_min= {'a1': 1.616580753730952, 'a2': 0.3651483716701107, 'a3': 5.031152949374528} logZ_min= 3.2371867223009896 obs_min= 2.4404407353630443e-33
params_new= {'a1': 1.616580753730952, 'a2': 0.3651483716701107, 'a3': 5.038140661804215} logZ_new= 3.23735388451946 obs_new= 1.727375938417499e-33
params_max= {'a1': 1.616580753730952, 'a2': 0.3651483716701107, 'a3': 5.045128374233902} logZ_max= 3.237521037690249 obs_max= 5.739706219138666e-34
dist_min= tensor(506.6085) dist_max= tensor(3.7058)
params_min,params_max=params_min,params_new
evaluating model at params_new={'a1': 1.616580753730952, 'a2': 0.3651483716701107, 'a3': 5.034646805589372}
params_min= {'a1': 1.616580753730952, 'a2': 0.3651483716701107, 'a3': 5.031152949374528} logZ_min= 3.2371867223009896 obs_min= 2.4404407353630443e-33
params_new= {'a1': 1.616580753730952, 'a2': 0.3651483716701107, 'a3': 5.034646805589372} logZ_new= nan obs_new= 3.082882236748831e-33
params_max= {'a1': 1.616580753730952, 'a2': 0.3651483716701107, 'a3': 5.038140661804215} logZ_max= 3.23735388451946 obs_max= 1.727375938417499e-33
dist_min= tensor(507.8648) dist_max= tensor(2.1119)
params_min,params_max=params_min,params_new
evaluating model at params_new={'a1': 1.616580753730952, 'a2': 0.3651483716701107, 'a3': 5.03289987748195}
params_min= {'a1': 1.616580753730952, 'a2': 0.3651483716701107, 'a3': 5.031152949374528} logZ_min= 3.2371867223009896 obs_min= 2.4404407353630443e-33
params_new= {'a1': 1.616580753730952, 'a2': 0.3651483716701107, 'a3': 5.03289987748195} logZ_new= nan obs_new= 1.2224781386225226e-33
params_max= {'a1': 1.616580753730952, 'a2': 0.3651483716701107, 'a3': 5.034646805589372} logZ_max= nan obs_max= 3.082882236748831e-33
dist_min= tensor(508.7744) dist_max= tensor(2.2326)
params_min,params_max=params_min,params_new
evaluating model at params_new={'a1': 1.616580753730952, 'a2': 0.3651483716701107, 'a3': 5.032026413428239}
params_min= {'a1': 1.616580753730952, 'a2': 0.3651483716701107, 'a3': 5.031152949374528} logZ_min= 3.2371867223009896 obs_min= 2.4404407353630443e-33
params_new= {'a1': 1.616580753730952, 'a2': 0.3651483716701107, 'a3': 5.032026413428239} logZ_new= nan obs_new= 5.76332297350156e-35
params_max= {'a1': 1.616580753730952, 'a2': 0.3651483716701107, 'a3': 5.03289987748195} logZ_max= nan obs_max= 1.2224781386225226e-33
dist_min= tensor(508.8014) dist_max= tensor(3.9609)
params_min,params_max=params_min,params_new
evaluating model at params_new={'a1': 1.616580753730952, 'a2': 0.3651483716701107, 'a3': 5.031589681401384}
params_min= {'a1': 1.616580753730952, 'a2': 0.3651483716701107, 'a3': 5.031152949374528} logZ_min= 3.2371867223009896 obs_min= 2.4404407353630443e-33
params_new= {'a1': 1.616580753730952, 'a2': 0.3651483716701107, 'a3': 5.031589681401384} logZ_new= nan obs_new= 3.9566988649055216e-32
params_max= {'a1': 1.616580753730952, 'a2': 0.3651483716701107, 'a3': 5.032026413428239} logZ_max= nan obs_max= 5.76332297350156e-35
dist_min= tensor(508.7691) dist_max= tensor(1.8781)
params_min,params_max=params_min,params_new
evaluating model at params_new={'a1': 1.616580753730952, 'a2': 0.3651483716701107, 'a3': 5.031371315387956}
params_min= {'a1': 1.616580753730952, 'a2': 0.3651483716701107, 'a3': 5.031152949374528} logZ_min= 3.2371867223009896 obs_min= 2.4404407353630443e-33
params_new= {'a1': 1.616580753730952, 'a2': 0.3651483716701107, 'a3': 5.031371315387956} logZ_new= 3.237125737789393 obs_new= 1.3973913051540303e-31
params_max= {'a1': 1.616580753730952, 'a2': 0.3651483716701107, 'a3': 5.031589681401384} logZ_max= nan obs_max= 3.9566988649055216e-32
dist_min= tensor(508.2940) dist_max= tensor(4.1244)
params_min,params_max=params_min,params_new
evaluating model at params_new={'a1': 1.616580753730952, 'a2': 0.3651483716701107, 'a3': 5.031262132381242}
params_min= {'a1': 1.616580753730952, 'a2': 0.3651483716701107, 'a3': 5.031152949374528} logZ_min= 3.2371867223009896 obs_min= 2.4404407353630443e-33
params_new= {'a1': 1.616580753730952, 'a2': 0.3651483716701107, 'a3': 5.031262132381242} logZ_new= nan obs_new= 7.777725589961056e-33
params_max= {'a1': 1.616580753730952, 'a2': 0.3651483716701107, 'a3': 5.031371315387956} logZ_max= 3.237125737789393 obs_max= 1.3973913051540303e-31
dist_min= tensor(508.1551) dist_max= tensor(1.4037)
params_min,params_max=params_min,params_new
evaluating model at params_new={'a1': 1.616580753730952, 'a2': 0.3651483716701107, 'a3': 5.031207540877885}
params_min= {'a1': 1.616580753730952, 'a2': 0.3651483716701107, 'a3': 5.031152949374528} logZ_min= 3.2371867223009896 obs_min= 2.4404407353630443e-33
params_new= {'a1': 1.616580753730952, 'a2': 0.3651483716701107, 'a3': 5.031207540877885} logZ_new= 3.237188202134623 obs_new= 7.56013012321999e-33
params_max= {'a1': 1.616580753730952, 'a2': 0.3651483716701107, 'a3': 5.031262132381242} logZ_max= nan obs_max= 7.777725589961056e-33
dist_min= tensor(502.9479) dist_max= tensor(5.3045)
params_min,params_max=params_min,params_new
evaluating model at params_new={'a1': 1.616580753730952, 'a2': 0.3651483716701107, 'a3': 5.031180245126206}
params_min= {'a1': 1.616580753730952, 'a2': 0.3651483716701107, 'a3': 5.031152949374528} logZ_min= 3.2371867223009896 obs_min= 2.4404407353630443e-33
params_new= {'a1': 1.616580753730952, 'a2': 0.3651483716701107, 'a3': 5.031180245126206} logZ_new= 3.237187737693467 obs_new= 5.769024986640033e-33
params_max= {'a1': 1.616580753730952, 'a2': 0.3651483716701107, 'a3': 5.031207540877885} logZ_max= 3.237188202134623 obs_max= 7.56013012321999e-33
dist_min= tensor(508.2947) dist_max= tensor(5.5567)
params_min,params_max=params_min,params_new
evaluating model at params_new={'a1': 1.616580753730952, 'a2': 0.3651483716701107, 'a3': 5.031166597250367}
params_min= {'a1': 1.616580753730952, 'a2': 0.3651483716701107, 'a3': 5.031152949374528} logZ_min= 3.2371867223009896 obs_min= 2.4404407353630443e-33
params_new= {'a1': 1.616580753730952, 'a2': 0.3651483716701107, 'a3': 5.031166597250367} logZ_new= nan obs_new= 9.762210919955299e-32
params_max= {'a1': 1.616580753730952, 'a2': 0.3651483716701107, 'a3': 5.031180245126206} logZ_max= 3.237187737693467 obs_max= 5.769024986640033e-33
dist_min= tensor(772.6649) dist_max= tensor(581.0516)
params_min,params_max=params_min,params_new
evaluating model at params_new={'a1': 1.616580753730952, 'a2': 0.3651483716701107, 'a3': 5.031159773312448}
params_min= {'a1': 1.616580753730952, 'a2': 0.3651483716701107, 'a3': 5.031152949374528} logZ_min= 3.2371867223009896 obs_min= 2.4404407353630443e-33
params_new= {'a1': 1.616580753730952, 'a2': 0.3651483716701107, 'a3': 5.031159773312448} logZ_new= nan obs_new= 5.012033815462046e-34
params_max= {'a1': 1.616580753730952, 'a2': 0.3651483716701107, 'a3': 5.031166597250367} logZ_max= nan obs_max= 9.762210919955299e-32
dist_min= tensor(508.3364) dist_max= tensor(577.3666)
params_min,params_max=params_new,params_max
evaluating model at params_new={'a1': 1.616580753730952, 'a2': 0.3651483716701107, 'a3': 5.031163185281407}
params_min= {'a1': 1.616580753730952, 'a2': 0.3651483716701107, 'a3': 5.031159773312448} logZ_min= nan obs_min= 5.012033815462046e-34
params_new= {'a1': 1.616580753730952, 'a2': 0.3651483716701107, 'a3': 5.031163185281407} logZ_new= nan obs_new= 2.8912170916997184e-31
params_max= {'a1': 1.616580753730952, 'a2': 0.3651483716701107, 'a3': 5.031166597250367} logZ_max= nan obs_max= 9.762210919955299e-32
dist_min= tensor(1.6792) dist_max= tensor(577.0176)
params_min,params_max=params_new,params_max
evaluating model at params_new={'a1': 1.616580753730952, 'a2': 0.3651483716701107, 'a3': 5.031164891265887}
params_min= {'a1': 1.616580753730952, 'a2': 0.3651483716701107, 'a3': 5.031163185281407} logZ_min= nan obs_min= 2.8912170916997184e-31
params_new= {'a1': 1.616580753730952, 'a2': 0.3651483716701107, 'a3': 5.031164891265887} logZ_new= nan obs_new= 6.073006389446683e-33
params_max= {'a1': 1.616580753730952, 'a2': 0.3651483716701107, 'a3': 5.031166597250367} logZ_max= nan obs_max= 9.762210919955299e-32
dist_min= tensor(6.6556) dist_max= tensor(570.5677)
params_min,params_max=params_new,params_max
evaluating model at params_new={'a1': 1.616580753730952, 'a2': 0.3651483716701107, 'a3': 5.031165744258127}
params_min= {'a1': 1.616580753730952, 'a2': 0.3651483716701107, 'a3': 5.031164891265887} logZ_min= nan obs_min= 6.073006389446683e-33
params_new= {'a1': 1.616580753730952, 'a2': 0.3651483716701107, 'a3': 5.031165744258127} logZ_new= nan obs_new= 2.472807712369364e-32
params_max= {'a1': 1.616580753730952, 'a2': 0.3651483716701107, 'a3': 5.031166597250367} logZ_max= nan obs_max= 9.762210919955299e-32
dist_min= tensor(10.6440) dist_max= tensor(581.1333)
params_min,params_max=params_new,params_max
evaluating model at params_new={'a1': 1.616580753730952, 'a2': 0.3651483716701107, 'a3': 5.031166170754247}
params_min= {'a1': 1.616580753730952, 'a2': 0.3651483716701107, 'a3': 5.031165744258127} logZ_min= nan obs_min= 2.472807712369364e-32
params_new= {'a1': 1.616580753730952, 'a2': 0.3651483716701107, 'a3': 5.031166170754247} logZ_new= 3.23711797473051 obs_new= 6.580601987017792e-32
params_max= {'a1': 1.616580753730952, 'a2': 0.3651483716701107, 'a3': 5.031166597250367} logZ_max= nan obs_max= 9.762210919955299e-32
dist_min= tensor(1.7319) dist_max= tensor(581.3955)
params_min,params_max=params_new,params_max
evaluating model at params_new={'a1': 1.616580753730952, 'a2': 0.3651483716701107, 'a3': 5.031166384002307}
params_min= {'a1': 1.616580753730952, 'a2': 0.3651483716701107, 'a3': 5.031166170754247} logZ_min= 3.23711797473051 obs_min= 6.580601987017792e-32
params_new= {'a1': 1.616580753730952, 'a2': 0.3651483716701107, 'a3': 5.031166384002307} logZ_new= 3.237186838907636 obs_new= 7.98963608212808e-34
params_max= {'a1': 1.616580753730952, 'a2': 0.3651483716701107, 'a3': 5.031166597250367} logZ_max= nan obs_max= 9.762210919955299e-32
dist_min= tensor(1.5168) dist_max= tensor(581.0512)
params_min,params_max=params_new,params_max
evaluating model at params_new={'a1': 1.616580753730952, 'a2': 0.3651483716701107, 'a3': 5.031166490626337}
params_min= {'a1': 1.616580753730952, 'a2': 0.3651483716701107, 'a3': 5.031166384002307} logZ_min= 3.237186838907636 obs_min= 7.98963608212808e-34
params_new= {'a1': 1.616580753730952, 'a2': 0.3651483716701107, 'a3': 5.031166490626337} logZ_new= 3.2371859621781716 obs_new= 4.234410124449202e-34
params_max= {'a1': 1.616580753730952, 'a2': 0.3651483716701107, 'a3': 5.031166597250367} logZ_max= nan obs_max= 9.762210919955299e-32
dist_min= tensor(88.8270) dist_max= tensor(588.5037)
params_min,params_max=params_new,params_max
evaluating model at params_new={'a1': 1.616580753730952, 'a2': 0.3651483716701107, 'a3': 5.031166543938352}
params_min= {'a1': 1.616580753730952, 'a2': 0.3651483716701107, 'a3': 5.031166490626337} logZ_min= 3.2371859621781716 obs_min= 4.234410124449202e-34
params_new= {'a1': 1.616580753730952, 'a2': 0.3651483716701107, 'a3': 5.031166543938352} logZ_new= nan obs_new= 4.44382095399386e-35
params_max= {'a1': 1.616580753730952, 'a2': 0.3651483716701107, 'a3': 5.031166597250367} logZ_max= nan obs_max= 9.762210919955299e-32
dist_min= tensor(89.3346) dist_max= tensor(581.2693)
params_min,params_max=params_new,params_max
evaluating model at params_new={'a1': 1.616580753730952, 'a2': 0.3651483716701107, 'a3': 5.03116657059436}
params_min= {'a1': 1.616580753730952, 'a2': 0.3651483716701107, 'a3': 5.031166543938352} logZ_min= nan obs_min= 4.44382095399386e-35
params_new= {'a1': 1.616580753730952, 'a2': 0.3651483716701107, 'a3': 5.03116657059436} logZ_new= 3.237187469649867 obs_new= 1.2140157177793104e-33
params_max= {'a1': 1.616580753730952, 'a2': 0.3651483716701107, 'a3': 5.031166597250367} logZ_max= nan obs_max= 9.762210919955299e-32
dist_min= tensor(1.8710) dist_max= tensor(581.6348)
params_min,params_max=params_new,params_max
evaluating model at params_new={'a1': 1.616580753730952, 'a2': 0.3651483716701107, 'a3': 5.031166583922364}
params_min= {'a1': 1.616580753730952, 'a2': 0.3651483716701107, 'a3': 5.03116657059436} logZ_min= 3.237187469649867 obs_min= 1.2140157177793104e-33
params_new= {'a1': 1.616580753730952, 'a2': 0.3651483716701107, 'a3': 5.031166583922364} logZ_new= 3.237187556518903 obs_new= 1.198325030667445e-35
params_max= {'a1': 1.616580753730952, 'a2': 0.3651483716701107, 'a3': 5.031166597250367} logZ_max= nan obs_max= 9.762210919955299e-32
dist_min= tensor(0.2471) dist_max= tensor(581.6959)
params_min,params_max=params_new,params_max
evaluating model at params_new={'a1': 1.616580753730952, 'a2': 0.3651483716701107, 'a3': 5.031166590586365}
params_min= {'a1': 1.616580753730952, 'a2': 0.3651483716701107, 'a3': 5.031166583922364} logZ_min= 3.237187556518903 obs_min= 1.198325030667445e-35
params_new= {'a1': 1.616580753730952, 'a2': 0.3651483716701107, 'a3': 5.031166590586365} logZ_new= 3.2371869883798112 obs_new= 3.7535583073420844e-32
params_max= {'a1': 1.616580753730952, 'a2': 0.3651483716701107, 'a3': 5.031166597250367} logZ_max= nan obs_max= 9.762210919955299e-32
dist_min= tensor(1.7929) dist_max= tensor(581.0520)
params_min,params_max=params_new,params_max
evaluating model at params_new={'a1': 1.616580753730952, 'a2': 0.3651483716701107, 'a3': 5.031166593918366}
params_min= {'a1': 1.616580753730952, 'a2': 0.3651483716701107, 'a3': 5.031166590586365} logZ_min= 3.2371869883798112 obs_min= 3.7535583073420844e-32
params_new= {'a1': 1.616580753730952, 'a2': 0.3651483716701107, 'a3': 5.031166593918366} logZ_new= 3.237114362651267 obs_new= 2.915205411379021e-35
params_max= {'a1': 1.616580753730952, 'a2': 0.3651483716701107, 'a3': 5.031166597250367} logZ_max= nan obs_max= 9.762210919955299e-32
dist_min= tensor(1.6837) dist_max= tensor(581.6690)
params_min,params_max=params_new,params_max
evaluating model at params_new={'a1': 1.616580753730952, 'a2': 0.3651483716701107, 'a3': 5.0311665955843665}
params_min= {'a1': 1.616580753730952, 'a2': 0.3651483716701107, 'a3': 5.031166593918366} logZ_min= 3.237114362651267 obs_min= 2.915205411379021e-35
params_new= {'a1': 1.616580753730952, 'a2': 0.3651483716701107, 'a3': 5.0311665955843665} logZ_new= 3.2371144560137353 obs_new= 4.568370512558111e-33
params_max= {'a1': 1.616580753730952, 'a2': 0.3651483716701107, 'a3': 5.031166597250367} logZ_max= nan obs_max= 9.762210919955299e-32
dist_min= tensor(0.1213) dist_max= tensor(581.6703)
params_min,params_max=params_new,params_max
evaluating model at params_new={'a1': 1.616580753730952, 'a2': 0.3651483716701107, 'a3': 5.031166596417367}
params_min= {'a1': 1.616580753730952, 'a2': 0.3651483716701107, 'a3': 5.0311665955843665} logZ_min= 3.2371144560137353 obs_min= 4.568370512558111e-33
params_new= {'a1': 1.616580753730952, 'a2': 0.3651483716701107, 'a3': 5.031166596417367} logZ_new= 3.237187048847925 obs_new= 2.3081836364556847e-32
params_max= {'a1': 1.616580753730952, 'a2': 0.3651483716701107, 'a3': 5.031166597250367} logZ_max= nan obs_max= 9.762210919955299e-32
dist_min= tensor(5.3381) dist_max= tensor(581.6103)
params_min,params_max=params_new,params_max
evaluating model at params_new={'a1': 1.616580753730952, 'a2': 0.3651483716701107, 'a3': 5.031166596833867}
params_min= {'a1': 1.616580753730952, 'a2': 0.3651483716701107, 'a3': 5.031166596417367} logZ_min= 3.237187048847925 obs_min= 2.3081836364556847e-32
params_new= {'a1': 1.616580753730952, 'a2': 0.3651483716701107, 'a3': 5.031166596833867} logZ_new= 3.2371874980339177 obs_new= 3.587488491861842e-31
params_max= {'a1': 1.616580753730952, 'a2': 0.3651483716701107, 'a3': 5.031166597250367} logZ_max= nan obs_max= 9.762210919955299e-32
dist_min= tensor(4.7556) dist_max= tensor(581.0504)
params_min,params_max=params_new,params_max
evaluating model at params_new={'a1': 1.616580753730952, 'a2': 0.3651483716701107, 'a3': 5.031166597042117}
params_min= {'a1': 1.616580753730952, 'a2': 0.3651483716701107, 'a3': 5.031166596833867} logZ_min= 3.2371874980339177 obs_min= 3.587488491861842e-31
params_new= {'a1': 1.616580753730952, 'a2': 0.3651483716701107, 'a3': 5.031166597042117} logZ_new= 3.237187176919029 obs_new= 1.487105162548806e-32
params_max= {'a1': 1.616580753730952, 'a2': 0.3651483716701107, 'a3': 5.031166597250367} logZ_max= nan obs_max= 9.762210919955299e-32
dist_min= tensor(1.0406) dist_max= tensor(581.0510)
params_min,params_max=params_new,params_max
evaluating model at params_new={'a1': 1.616580753730952, 'a2': 0.3651483716701107, 'a3': 5.0311665971462425}
params_min= {'a1': 1.616580753730952, 'a2': 0.3651483716701107, 'a3': 5.031166597042117} logZ_min= 3.237187176919029 obs_min= 1.487105162548806e-32
params_new= {'a1': 1.616580753730952, 'a2': 0.3651483716701107, 'a3': 5.0311665971462425} logZ_new= 3.2371876510114 obs_new= 1.454828372131759e-32
params_max= {'a1': 1.616580753730952, 'a2': 0.3651483716701107, 'a3': 5.031166597250367} logZ_max= nan obs_max= 9.762210919955299e-32
dist_min= tensor(615.0087) dist_max= tensor(846.9465)
params_min,params_max=params_new,params_max
evaluating model at params_new={'a1': 1.616580753730952, 'a2': 0.3651483716701107, 'a3': 5.031166597198305}
params_min= {'a1': 1.616580753730952, 'a2': 0.3651483716701107, 'a3': 5.0311665971462425} logZ_min= 3.2371876510114 obs_min= 1.454828372131759e-32
params_new= {'a1': 1.616580753730952, 'a2': 0.3651483716701107, 'a3': 5.031166597198305} logZ_new= 3.2371869607415915 obs_new= 9.37140691599317e-32
params_max= {'a1': 1.616580753730952, 'a2': 0.3651483716701107, 'a3': 5.031166597250367} logZ_max= nan obs_max= 9.762210919955299e-32
dist_min= tensor(614.7571) dist_max= tensor(581.0511)
params_min,params_max=params_min,params_new
evaluating model at params_new={'a1': 1.616580753730952, 'a2': 0.3651483716701107, 'a3': 5.031166597172273}
params_min= {'a1': 1.616580753730952, 'a2': 0.3651483716701107, 'a3': 5.0311665971462425} logZ_min= 3.2371876510114 obs_min= 1.454828372131759e-32
params_new= {'a1': 1.616580753730952, 'a2': 0.3651483716701107, 'a3': 5.031166597172273} logZ_new= 3.237178797975358 obs_new= 2.6351722335183307e-32
params_max= {'a1': 1.616580753730952, 'a2': 0.3651483716701107, 'a3': 5.031166597198305} logZ_max= 3.2371869607415915 obs_max= 9.37140691599317e-32
dist_min= tensor(617.8175) dist_max= tensor(54.4290)
params_min,params_max=params_min,params_new
evaluating model at params_new={'a1': 1.616580753730952, 'a2': 0.3651483716701107, 'a3': 5.031166597159258}
params_min= {'a1': 1.616580753730952, 'a2': 0.3651483716701107, 'a3': 5.0311665971462425} logZ_min= 3.2371876510114 obs_min= 1.454828372131759e-32
params_new= {'a1': 1.616580753730952, 'a2': 0.3651483716701107, 'a3': 5.031166597159258} logZ_new= 3.2371876646430495 obs_new= 1.5388961837668997e-35
params_max= {'a1': 1.616580753730952, 'a2': 0.3651483716701107, 'a3': 5.031166597172273} logZ_max= 3.237178797975358 obs_max= 2.6351722335183307e-32
dist_min= tensor(615.6614) dist_max= tensor(55.1487)
params_min,params_max=params_min,params_new
evaluating model at params_new={'a1': 1.616580753730952, 'a2': 0.3651483716701107, 'a3': 5.03116659715275}
params_min= {'a1': 1.616580753730952, 'a2': 0.3651483716701107, 'a3': 5.0311665971462425} logZ_min= 3.2371876510114 obs_min= 1.454828372131759e-32
params_new= {'a1': 1.616580753730952, 'a2': 0.3651483716701107, 'a3': 5.03116659715275} logZ_new= 3.237187506471512 obs_new= 1.705911626513298e-32
params_max= {'a1': 1.616580753730952, 'a2': 0.3651483716701107, 'a3': 5.031166597159258} logZ_max= 3.2371876646430495 obs_max= 1.5388961837668997e-35
dist_min= tensor(615.3494) dist_max= tensor(0.9372)
params_min,params_max=params_min,params_new
evaluating model at params_new={'a1': 1.616580753730952, 'a2': 0.3651483716701107, 'a3': 5.031166597149497}
params_min= {'a1': 1.616580753730952, 'a2': 0.3651483716701107, 'a3': 5.0311665971462425} logZ_min= 3.2371876510114 obs_min= 1.454828372131759e-32
params_new= {'a1': 1.616580753730952, 'a2': 0.3651483716701107, 'a3': 5.031166597149497} logZ_new= 3.2371876469265284 obs_new= 1.5087071086548803e-32
params_max= {'a1': 1.616580753730952, 'a2': 0.3651483716701107, 'a3': 5.03116659715275} logZ_max= 3.237187506471512 obs_max= 1.705911626513298e-32
dist_min= tensor(615.0093) dist_max= tensor(1.5426)
params_min,params_max=params_min,params_new
evaluating model at params_new={'a1': 1.616580753730952, 'a2': 0.3651483716701107, 'a3': 5.03116659714787}
params_min= {'a1': 1.616580753730952, 'a2': 0.3651483716701107, 'a3': 5.0311665971462425} logZ_min= 3.2371876510114 obs_min= 1.454828372131759e-32
params_new= {'a1': 1.616580753730952, 'a2': 0.3651483716701107, 'a3': 5.03116659714787} logZ_new= 3.23712153572233 obs_new= 8.111205117550557e-34
params_max= {'a1': 1.616580753730952, 'a2': 0.3651483716701107, 'a3': 5.031166597149497} logZ_max= 3.2371876469265284 obs_max= 1.5087071086548803e-32
dist_min= tensor(615.6505) dist_max= tensor(1.6684)
params_min,params_max=params_min,params_new
evaluating model at params_new={'a1': 1.616580753730952, 'a2': 0.3651483716701107, 'a3': 5.031166597147056}
params_min= {'a1': 1.616580753730952, 'a2': 0.3651483716701107, 'a3': 5.0311665971462425} logZ_min= 3.2371876510114 obs_min= 1.454828372131759e-32
params_new= {'a1': 1.616580753730952, 'a2': 0.3651483716701107, 'a3': 5.031166597147056} logZ_new= 3.2371861767594527 obs_new= 3.393485674596732e-33
params_max= {'a1': 1.616580753730952, 'a2': 0.3651483716701107, 'a3': 5.03116659714787} logZ_max= 3.23712153572233 obs_max= 8.111205117550557e-34
dist_min= tensor(615.0934) dist_max= tensor(5.6323)
params_min,params_max=params_min,params_new
evaluating model at params_new={'a1': 1.616580753730952, 'a2': 0.3651483716701107, 'a3': 5.031166597146649}
params_min= {'a1': 1.616580753730952, 'a2': 0.3651483716701107, 'a3': 5.0311665971462425} logZ_min= 3.2371876510114 obs_min= 1.454828372131759e-32
params_new= {'a1': 1.616580753730952, 'a2': 0.3651483716701107, 'a3': 5.031166597146649} logZ_new= nan obs_new= 7.648104506027184e-34
params_max= {'a1': 1.616580753730952, 'a2': 0.3651483716701107, 'a3': 5.031166597147056} logZ_max= 3.2371861767594527 obs_max= 3.393485674596732e-33
dist_min= tensor(615.6290) dist_max= tensor(6.8148)
params_min,params_max=params_min,params_new
evaluating model at params_new={'a1': 1.616580753730952, 'a2': 0.3651483716701107, 'a3': 5.031166597146446}
params_min= {'a1': 1.616580753730952, 'a2': 0.3651483716701107, 'a3': 5.0311665971462425} logZ_min= 3.2371876510114 obs_min= 1.454828372131759e-32
params_new= {'a1': 1.616580753730952, 'a2': 0.3651483716701107, 'a3': 5.031166597146446} logZ_new= nan obs_new= 3.2413607944933587e-32
params_max= {'a1': 1.616580753730952, 'a2': 0.3651483716701107, 'a3': 5.031166597146649} logZ_max= nan obs_max= 7.648104506027184e-34
dist_min= tensor(612.9699) dist_max= tensor(5.6489)
params_min,params_max=params_min,params_new
evaluating model at params_new={'a1': 1.616580753730952, 'a2': 0.3651483716701107, 'a3': 5.031166597146344}
params_min= {'a1': 1.616580753730952, 'a2': 0.3651483716701107, 'a3': 5.0311665971462425} logZ_min= 3.2371876510114 obs_min= 1.454828372131759e-32
params_new= {'a1': 1.616580753730952, 'a2': 0.3651483716701107, 'a3': 5.031166597146344} logZ_new= 3.2371876281483996 obs_new= 1.9876143794393794e-33
params_max= {'a1': 1.616580753730952, 'a2': 0.3651483716701107, 'a3': 5.031166597146446} logZ_max= nan obs_max= 3.2413607944933587e-32
dist_min= tensor(615.4256) dist_max= tensor(19.4490)
params_min,params_max=params_min,params_new
evaluating model at params_new={'a1': 1.616580753730952, 'a2': 0.3651483716701107, 'a3': 5.031166597146293}
params_min= {'a1': 1.616580753730952, 'a2': 0.3651483716701107, 'a3': 5.0311665971462425} logZ_min= 3.2371876510114 obs_min= 1.454828372131759e-32
params_new= {'a1': 1.616580753730952, 'a2': 0.3651483716701107, 'a3': 5.031166597146293} logZ_new= 3.237151819465839 obs_new= 1.1244015560309774e-32
params_max= {'a1': 1.616580753730952, 'a2': 0.3651483716701107, 'a3': 5.031166597146344} logZ_max= 3.2371876281483996 obs_max= 1.9876143794393794e-33
dist_min= tensor(616.1893) dist_max= tensor(14.5281)
params_min,params_max=params_min,params_new
evaluating model at params_new={'a1': 1.616580753730952, 'a2': 0.3651483716701107, 'a3': 5.031166597146267}
params_min= {'a1': 1.616580753730952, 'a2': 0.3651483716701107, 'a3': 5.0311665971462425} logZ_min= 3.2371876510114 obs_min= 1.454828372131759e-32
params_new= {'a1': 1.616580753730952, 'a2': 0.3651483716701107, 'a3': 5.031166597146267} logZ_new= nan obs_new= 3.5764457331487652e-34
params_max= {'a1': 1.616580753730952, 'a2': 0.3651483716701107, 'a3': 5.031166597146293} logZ_max= 3.237151819465839 obs_max= 1.1244015560309774e-32
dist_min= tensor(615.8698) dist_max= tensor(32.1196)
params_min,params_max=params_min,params_new
evaluating model at params_new={'a1': 1.616580753730952, 'a2': 0.3651483716701107, 'a3': 5.031166597146255}
params_min= {'a1': 1.616580753730952, 'a2': 0.3651483716701107, 'a3': 5.0311665971462425} logZ_min= 3.2371876510114 obs_min= 1.454828372131759e-32
params_new= {'a1': 1.616580753730952, 'a2': 0.3651483716701107, 'a3': 5.031166597146255} logZ_new= 3.237187645591707 obs_new= 1.5890761236430507e-31
params_max= {'a1': 1.616580753730952, 'a2': 0.3651483716701107, 'a3': 5.031166597146267} logZ_max= nan obs_max= 3.5764457331487652e-34
dist_min= tensor(605.3422) dist_max= tensor(10.9982)
params_min,params_max=params_min,params_new
evaluating model at params_new={'a1': 1.616580753730952, 'a2': 0.3651483716701107, 'a3': 5.031166597146249}
params_min= {'a1': 1.616580753730952, 'a2': 0.3651483716701107, 'a3': 5.0311665971462425} logZ_min= 3.2371876510114 obs_min= 1.454828372131759e-32
params_new= {'a1': 1.616580753730952, 'a2': 0.3651483716701107, 'a3': 5.031166597146249} logZ_new= nan obs_new= 3.3703759147047434e-36
params_max= {'a1': 1.616580753730952, 'a2': 0.3651483716701107, 'a3': 5.031166597146255} logZ_max= 3.237187645591707 obs_max= 1.5890761236430507e-31
dist_min= tensor(615.6277) dist_max= tensor(10.3398)
params_min,params_max=params_min,params_new
evaluating model at params_new={'a1': 1.616580753730952, 'a2': 0.3651483716701107, 'a3': 5.031166597146246}
params_min= {'a1': 1.616580753730952, 'a2': 0.3651483716701107, 'a3': 5.0311665971462425} logZ_min= 3.2371876510114 obs_min= 1.454828372131759e-32
params_new= {'a1': 1.616580753730952, 'a2': 0.3651483716701107, 'a3': 5.031166597146246} logZ_new= nan obs_new= 5.287857835542816e-33
params_max= {'a1': 1.616580753730952, 'a2': 0.3651483716701107, 'a3': 5.031166597146249} logZ_max= nan obs_max= 3.3703759147047434e-36
dist_min= tensor(615.5988) dist_max= tensor(0.8322)
params_min,params_max=params_min,params_new
evaluating model at params_new={'a1': 1.616580753730952, 'a2': 0.3651483716701107, 'a3': 5.031166597146244}
params_min= {'a1': 1.616580753730952, 'a2': 0.3651483716701107, 'a3': 5.0311665971462425} logZ_min= 3.2371876510114 obs_min= 1.454828372131759e-32
params_new= {'a1': 1.616580753730952, 'a2': 0.3651483716701107, 'a3': 5.031166597146244} logZ_new= nan obs_new= 6.972497323709839e-33
params_max= {'a1': 1.616580753730952, 'a2': 0.3651483716701107, 'a3': 5.031166597146246} logZ_max= nan obs_max= 5.287857835542816e-33
dist_min= tensor(614.4489) dist_max= tensor(1.6825)
params_min,params_max=params_min,params_new
evaluating model at params_new={'a1': 1.616580753730952, 'a2': 0.3651483716701107, 'a3': 5.031166597146243}
params_min= {'a1': 1.616580753730952, 'a2': 0.3651483716701107, 'a3': 5.0311665971462425} logZ_min= 3.2371876510114 obs_min= 1.454828372131759e-32
params_new= {'a1': 1.616580753730952, 'a2': 0.3651483716701107, 'a3': 5.031166597146243} logZ_new= 3.237187036328966 obs_new= 3.958819462370551e-32
params_max= {'a1': 1.616580753730952, 'a2': 0.3651483716701107, 'a3': 5.031166597146244} logZ_max= nan obs_max= 6.972497323709839e-33
dist_min= tensor(615.0092) dist_max= tensor(1.4765)
params_min,params_max=params_min,params_new
critical params found:  {'a1': 1.616580753730952, 'a2': 0.3651483716701107, 'a3': 5.0311665971462425}
reference params:  {'a1': 1.1547005383792515, 'a2': 1.8257418583505538, 'a3': 4.47213595499958}
file saved to  data/AKLT3D_X10_scan_grid_critical_a3/a1_1.6165808_a2_0.3651484/Tc.json
