Start running find_critical_temp.py with options:{'filename': 'data/AKLT3D_X10_scan_grid_critical_a3/a1_2.0784610_a2_1.4605935/Tc.json', 'log_filename': 'data/AKLT3D_X10_scan_grid_critical_a3/a1_2.0784610_a2_1.4605935/Tc.log', 'nLayers': 60, 'max_dim': 10, 'model': 'AKLT3D', 'params_min': "{'a1': 2.0784609690826525, 'a2': 1.460593486680443, 'a3': 6.260990336999412}", 'params_max': "{'a1': 2.0784609690826525, 'a2': 1.460593486680443, 'a3': 7.155417527999328}", 'params_ref': None, 'observable_name': 'magnetizationZ', 'tol': 0.0, 'gilt_enabled': False, 'gilt_eps': 8e-07, 'gilt_nIter': 1, 'mcf_enabled': True, 'mcf_eps': 1e-16, 'mcf_max_iter': 200, 'hotrg_sanity_check': False, 'version': 1, 'device': 'cuda:1'}
loading library...
evaluating model at params_min={'a1': 2.0784609690826525, 'a2': 1.460593486680443, 'a3': 6.260990336999412}
params_min= {'a1': 2.0784609690826525, 'a2': 1.460593486680443, 'a3': 6.260990336999412} logZ_min= nan obs_min= 4.4017086943551044e-32
evaluating model at params_max={'a1': 2.0784609690826525, 'a2': 1.460593486680443, 'a3': 7.155417527999328}
params_max= {'a1': 2.0784609690826525, 'a2': 1.460593486680443, 'a3': 7.155417527999328} logZ_max= 3.943194499341742 obs_max= 8.811911676461461
searching for critical temperature using bisection method
evaluating model at params_new={'a1': 2.0784609690826525, 'a2': 1.460593486680443, 'a3': 6.708203932499369}
params_min= {'a1': 2.0784609690826525, 'a2': 1.460593486680443, 'a3': 6.260990336999412} logZ_min= nan obs_min= 4.4017086943551044e-32
params_new= {'a1': 2.0784609690826525, 'a2': 1.460593486680443, 'a3': 6.708203932499369} logZ_new= 3.813105397400895 obs_new= 8.531008542433195
params_max= {'a1': 2.0784609690826525, 'a2': 1.460593486680443, 'a3': 7.155417527999328} logZ_max= 3.943194499341742 obs_max= 8.811911676461461
dist_min= tensor(20.5516) dist_max= tensor(5.9534)
params_min,params_max=params_min,params_new
evaluating model at params_new={'a1': 2.0784609690826525, 'a2': 1.460593486680443, 'a3': 6.484597134749391}
params_min= {'a1': 2.0784609690826525, 'a2': 1.460593486680443, 'a3': 6.260990336999412} logZ_min= nan obs_min= 4.4017086943551044e-32
params_new= {'a1': 2.0784609690826525, 'a2': 1.460593486680443, 'a3': 6.484597134749391} logZ_new= 3.7442824877322085 obs_new= 8.234140103219959
params_max= {'a1': 2.0784609690826525, 'a2': 1.460593486680443, 'a3': 6.708203932499369} logZ_max= 3.813105397400895 obs_max= 8.531008542433195
dist_min= tensor(20.0733) dist_max= tensor(3.2789)
params_min,params_max=params_min,params_new
evaluating model at params_new={'a1': 2.0784609690826525, 'a2': 1.460593486680443, 'a3': 6.372793735874401}
params_min= {'a1': 2.0784609690826525, 'a2': 1.460593486680443, 'a3': 6.260990336999412} logZ_min= nan obs_min= 4.4017086943551044e-32
params_new= {'a1': 2.0784609690826525, 'a2': 1.460593486680443, 'a3': 6.372793735874401} logZ_new= 3.730574141277124 obs_new= 4.280983407993671e-34
params_max= {'a1': 2.0784609690826525, 'a2': 1.460593486680443, 'a3': 6.484597134749391} logZ_max= 3.7442824877322085 obs_max= 8.234140103219959
dist_min= tensor(20.4765) dist_max= tensor(2.9652)
params_min,params_max=params_min,params_new
evaluating model at params_new={'a1': 2.0784609690826525, 'a2': 1.460593486680443, 'a3': 6.316892036436906}
params_min= {'a1': 2.0784609690826525, 'a2': 1.460593486680443, 'a3': 6.260990336999412} logZ_min= nan obs_min= 4.4017086943551044e-32
params_new= {'a1': 2.0784609690826525, 'a2': 1.460593486680443, 'a3': 6.316892036436906} logZ_new= nan obs_new= 4.534555246132286e-34
params_max= {'a1': 2.0784609690826525, 'a2': 1.460593486680443, 'a3': 6.372793735874401} logZ_max= 3.730574141277124 obs_max= 4.280983407993671e-34
dist_min= tensor(41.5142) dist_max= tensor(61.9520)
params_min,params_max=params_new,params_max
evaluating model at params_new={'a1': 2.0784609690826525, 'a2': 1.460593486680443, 'a3': 6.344842886155654}
params_min= {'a1': 2.0784609690826525, 'a2': 1.460593486680443, 'a3': 6.316892036436906} logZ_min= nan obs_min= 4.534555246132286e-34
params_new= {'a1': 2.0784609690826525, 'a2': 1.460593486680443, 'a3': 6.344842886155654} logZ_new= nan obs_new= 1.3068818236392006e-31
params_max= {'a1': 2.0784609690826525, 'a2': 1.460593486680443, 'a3': 6.372793735874401} logZ_max= 3.730574141277124 obs_max= 4.280983407993671e-34
dist_min= tensor(58.6702) dist_max= tensor(3.7725)
params_min,params_max=params_min,params_new
evaluating model at params_new={'a1': 2.0784609690826525, 'a2': 1.460593486680443, 'a3': 6.33086746129628}
params_min= {'a1': 2.0784609690826525, 'a2': 1.460593486680443, 'a3': 6.316892036436906} logZ_min= nan obs_min= 4.534555246132286e-34
params_new= {'a1': 2.0784609690826525, 'a2': 1.460593486680443, 'a3': 6.33086746129628} logZ_new= 3.729537966498444 obs_new= 8.532220511893686e-33
params_max= {'a1': 2.0784609690826525, 'a2': 1.460593486680443, 'a3': 6.344842886155654} logZ_max= nan obs_max= 1.3068818236392006e-31
dist_min= tensor(61.3424) dist_max= tensor(2.8807)
params_min,params_max=params_min,params_new
evaluating model at params_new={'a1': 2.0784609690826525, 'a2': 1.460593486680443, 'a3': 6.323879748866593}
params_min= {'a1': 2.0784609690826525, 'a2': 1.460593486680443, 'a3': 6.316892036436906} logZ_min= nan obs_min= 4.534555246132286e-34
params_new= {'a1': 2.0784609690826525, 'a2': 1.460593486680443, 'a3': 6.323879748866593} logZ_new= 3.72939670439153 obs_new= 3.2235503263010774e-33
params_max= {'a1': 2.0784609690826525, 'a2': 1.460593486680443, 'a3': 6.33086746129628} logZ_max= 3.729537966498444 obs_max= 8.532220511893686e-33
dist_min= tensor(61.8470) dist_max= tensor(1.3184)
params_min,params_max=params_min,params_new
evaluating model at params_new={'a1': 2.0784609690826525, 'a2': 1.460593486680443, 'a3': 6.32038589265175}
params_min= {'a1': 2.0784609690826525, 'a2': 1.460593486680443, 'a3': 6.316892036436906} logZ_min= nan obs_min= 4.534555246132286e-34
params_new= {'a1': 2.0784609690826525, 'a2': 1.460593486680443, 'a3': 6.32038589265175} logZ_new= 3.729256345781654 obs_new= 1.5571875741597173e-32
params_max= {'a1': 2.0784609690826525, 'a2': 1.460593486680443, 'a3': 6.323879748866593} logZ_max= 3.72939670439153 obs_max= 3.2235503263010774e-33
dist_min= tensor(62.2305) dist_max= tensor(6.7402)
params_min,params_max=params_min,params_new
evaluating model at params_new={'a1': 2.0784609690826525, 'a2': 1.460593486680443, 'a3': 6.318638964544328}
params_min= {'a1': 2.0784609690826525, 'a2': 1.460593486680443, 'a3': 6.316892036436906} logZ_min= nan obs_min= 4.534555246132286e-34
params_new= {'a1': 2.0784609690826525, 'a2': 1.460593486680443, 'a3': 6.318638964544328} logZ_new= 3.729268028730223 obs_new= 2.6139784839825203e-32
params_max= {'a1': 2.0784609690826525, 'a2': 1.460593486680443, 'a3': 6.32038589265175} logZ_max= 3.729256345781654 obs_max= 1.5571875741597173e-32
dist_min= tensor(61.7656) dist_max= tensor(6.7277)
params_min,params_max=params_min,params_new
evaluating model at params_new={'a1': 2.0784609690826525, 'a2': 1.460593486680443, 'a3': 6.3177655004906175}
params_min= {'a1': 2.0784609690826525, 'a2': 1.460593486680443, 'a3': 6.316892036436906} logZ_min= nan obs_min= 4.534555246132286e-34
params_new= {'a1': 2.0784609690826525, 'a2': 1.460593486680443, 'a3': 6.3177655004906175} logZ_new= 3.7292488688474297 obs_new= 2.091287720642748e-33
params_max= {'a1': 2.0784609690826525, 'a2': 1.460593486680443, 'a3': 6.318638964544328} logZ_max= 3.729268028730223 obs_max= 2.6139784839825203e-32
dist_min= tensor(61.7141) dist_max= tensor(0.4200)
params_min,params_max=params_min,params_new
evaluating model at params_new={'a1': 2.0784609690826525, 'a2': 1.460593486680443, 'a3': 6.317328768463762}
params_min= {'a1': 2.0784609690826525, 'a2': 1.460593486680443, 'a3': 6.316892036436906} logZ_min= nan obs_min= 4.534555246132286e-34
params_new= {'a1': 2.0784609690826525, 'a2': 1.460593486680443, 'a3': 6.317328768463762} logZ_new= 3.7292359022924386 obs_new= 1.972499054186766e-31
params_max= {'a1': 2.0784609690826525, 'a2': 1.460593486680443, 'a3': 6.3177655004906175} logZ_max= 3.7292488688474297 obs_max= 2.091287720642748e-33
dist_min= tensor(90.8398) dist_max= tensor(66.6784)
params_min,params_max=params_min,params_new
evaluating model at params_new={'a1': 2.0784609690826525, 'a2': 1.460593486680443, 'a3': 6.317110402450334}
params_min= {'a1': 2.0784609690826525, 'a2': 1.460593486680443, 'a3': 6.316892036436906} logZ_min= nan obs_min= 4.534555246132286e-34
params_new= {'a1': 2.0784609690826525, 'a2': 1.460593486680443, 'a3': 6.317110402450334} logZ_new= 3.7292321737598884 obs_new= 2.8791653538708644e-32
params_max= {'a1': 2.0784609690826525, 'a2': 1.460593486680443, 'a3': 6.317328768463762} logZ_max= 3.7292359022924386 obs_max= 1.972499054186766e-31
dist_min= tensor(61.3417) dist_max= tensor(66.0913)
params_min,params_max=params_new,params_max
evaluating model at params_new={'a1': 2.0784609690826525, 'a2': 1.460593486680443, 'a3': 6.317219585457048}
params_min= {'a1': 2.0784609690826525, 'a2': 1.460593486680443, 'a3': 6.317110402450334} logZ_min= 3.7292321737598884 obs_min= 2.8791653538708644e-32
params_new= {'a1': 2.0784609690826525, 'a2': 1.460593486680443, 'a3': 6.317219585457048} logZ_new= 3.72923177891414 obs_new= 3.273054311960656e-32
params_max= {'a1': 2.0784609690826525, 'a2': 1.460593486680443, 'a3': 6.317328768463762} logZ_max= 3.7292359022924386 obs_max= 1.972499054186766e-31
dist_min= tensor(0.3448) dist_max= tensor(66.0968)
params_min,params_max=params_new,params_max
evaluating model at params_new={'a1': 2.0784609690826525, 'a2': 1.460593486680443, 'a3': 6.317274176960405}
params_min= {'a1': 2.0784609690826525, 'a2': 1.460593486680443, 'a3': 6.317219585457048} logZ_min= 3.72923177891414 obs_min= 3.273054311960656e-32
params_new= {'a1': 2.0784609690826525, 'a2': 1.460593486680443, 'a3': 6.317274176960405} logZ_new= 3.72922946528833 obs_new= 1.1751232303502213e-37
params_max= {'a1': 2.0784609690826525, 'a2': 1.460593486680443, 'a3': 6.317328768463762} logZ_max= 3.7292359022924386 obs_max= 1.972499054186766e-31
dist_min= tensor(1.5286) dist_max= tensor(66.7254)
params_min,params_max=params_new,params_max
evaluating model at params_new={'a1': 2.0784609690826525, 'a2': 1.460593486680443, 'a3': 6.317301472712083}
params_min= {'a1': 2.0784609690826525, 'a2': 1.460593486680443, 'a3': 6.317274176960405} logZ_min= 3.72922946528833 obs_min= 1.1751232303502213e-37
params_new= {'a1': 2.0784609690826525, 'a2': 1.460593486680443, 'a3': 6.317301472712083} logZ_new= nan obs_new= 3.824670445418461e-32
params_max= {'a1': 2.0784609690826525, 'a2': 1.460593486680443, 'a3': 6.317328768463762} logZ_max= 3.7292359022924386 obs_max= 1.972499054186766e-31
dist_min= tensor(61.5775) dist_max= tensor(90.6262)
params_min,params_max=params_new,params_max
evaluating model at params_new={'a1': 2.0784609690826525, 'a2': 1.460593486680443, 'a3': 6.3173151205879226}
params_min= {'a1': 2.0784609690826525, 'a2': 1.460593486680443, 'a3': 6.317301472712083} logZ_min= nan obs_min= 3.824670445418461e-32
params_new= {'a1': 2.0784609690826525, 'a2': 1.460593486680443, 'a3': 6.3173151205879226} logZ_new= 3.7292392172822257 obs_new= 1.3590747367159904e-33
params_max= {'a1': 2.0784609690826525, 'a2': 1.460593486680443, 'a3': 6.317328768463762} logZ_max= 3.7292359022924386 obs_max= 1.972499054186766e-31
dist_min= tensor(61.5718) dist_max= tensor(66.7223)
params_min,params_max=params_new,params_max
evaluating model at params_new={'a1': 2.0784609690826525, 'a2': 1.460593486680443, 'a3': 6.317321944525842}
params_min= {'a1': 2.0784609690826525, 'a2': 1.460593486680443, 'a3': 6.3173151205879226} logZ_min= 3.7292392172822257 obs_min= 1.3590747367159904e-33
params_new= {'a1': 2.0784609690826525, 'a2': 1.460593486680443, 'a3': 6.317321944525842} logZ_new= 3.729187665966372 obs_new= 1.0632672920351452e-34
params_max= {'a1': 2.0784609690826525, 'a2': 1.460593486680443, 'a3': 6.317328768463762} logZ_max= 3.7292359022924386 obs_max= 1.972499054186766e-31
dist_min= tensor(0.1789) dist_max= tensor(66.6887)
params_min,params_max=params_new,params_max
evaluating model at params_new={'a1': 2.0784609690826525, 'a2': 1.460593486680443, 'a3': 6.317325356494802}
params_min= {'a1': 2.0784609690826525, 'a2': 1.460593486680443, 'a3': 6.317321944525842} logZ_min= 3.729187665966372 obs_min= 1.0632672920351452e-34
params_new= {'a1': 2.0784609690826525, 'a2': 1.460593486680443, 'a3': 6.317325356494802} logZ_new= 3.7291837472790625 obs_new= 3.1300987423809773e-32
params_max= {'a1': 2.0784609690826525, 'a2': 1.460593486680443, 'a3': 6.317328768463762} logZ_max= 3.7292359022924386 obs_max= 1.972499054186766e-31
dist_min= tensor(1.0901) dist_max= tensor(66.0830)
params_min,params_max=params_new,params_max
evaluating model at params_new={'a1': 2.0784609690826525, 'a2': 1.460593486680443, 'a3': 6.317327062479282}
params_min= {'a1': 2.0784609690826525, 'a2': 1.460593486680443, 'a3': 6.317325356494802} logZ_min= 3.7291837472790625 obs_min= 3.1300987423809773e-32
params_new= {'a1': 2.0784609690826525, 'a2': 1.460593486680443, 'a3': 6.317327062479282} logZ_new= nan obs_new= 2.0637215446854584e-32
params_max= {'a1': 2.0784609690826525, 'a2': 1.460593486680443, 'a3': 6.317328768463762} logZ_max= 3.7292359022924386 obs_max= 1.972499054186766e-31
dist_min= tensor(20.2609) dist_max= tensor(69.4802)
params_min,params_max=params_new,params_max
evaluating model at params_new={'a1': 2.0784609690826525, 'a2': 1.460593486680443, 'a3': 6.317327915471521}
params_min= {'a1': 2.0784609690826525, 'a2': 1.460593486680443, 'a3': 6.317327062479282} logZ_min= nan obs_min= 2.0637215446854584e-32
params_new= {'a1': 2.0784609690826525, 'a2': 1.460593486680443, 'a3': 6.317327915471521} logZ_new= 3.729236270994526 obs_new= 1.6717419301962196e-33
params_max= {'a1': 2.0784609690826525, 'a2': 1.460593486680443, 'a3': 6.317328768463762} logZ_max= 3.7292359022924386 obs_max= 1.972499054186766e-31
dist_min= tensor(20.8970) dist_max= tensor(66.7249)
params_min,params_max=params_new,params_max
evaluating model at params_new={'a1': 2.0784609690826525, 'a2': 1.460593486680443, 'a3': 6.317328341967642}
params_min= {'a1': 2.0784609690826525, 'a2': 1.460593486680443, 'a3': 6.317327915471521} logZ_min= 3.729236270994526 obs_min= 1.6717419301962196e-33
params_new= {'a1': 2.0784609690826525, 'a2': 1.460593486680443, 'a3': 6.317328341967642} logZ_new= 3.729196251371714 obs_new= 1.408765073250699e-31
params_max= {'a1': 2.0784609690826525, 'a2': 1.460593486680443, 'a3': 6.317328768463762} logZ_max= 3.7292359022924386 obs_max= 1.972499054186766e-31
dist_min= tensor(1.0397) dist_max= tensor(66.1060)
params_min,params_max=params_new,params_max
evaluating model at params_new={'a1': 2.0784609690826525, 'a2': 1.460593486680443, 'a3': 6.317328555215702}
params_min= {'a1': 2.0784609690826525, 'a2': 1.460593486680443, 'a3': 6.317328341967642} logZ_min= 3.729196251371714 obs_min= 1.408765073250699e-31
params_new= {'a1': 2.0784609690826525, 'a2': 1.460593486680443, 'a3': 6.317328555215702} logZ_new= 3.7292399815276607 obs_new= 3.0110720603390846e-33
params_max= {'a1': 2.0784609690826525, 'a2': 1.460593486680443, 'a3': 6.317328768463762} logZ_max= 3.7292359022924386 obs_max= 1.972499054186766e-31
dist_min= tensor(0.8829) dist_max= tensor(66.0962)
params_min,params_max=params_new,params_max
evaluating model at params_new={'a1': 2.0784609690826525, 'a2': 1.460593486680443, 'a3': 6.317328661839731}
params_min= {'a1': 2.0784609690826525, 'a2': 1.460593486680443, 'a3': 6.317328555215702} logZ_min= 3.7292399815276607 obs_min= 3.0110720603390846e-33
params_new= {'a1': 2.0784609690826525, 'a2': 1.460593486680443, 'a3': 6.317328661839731} logZ_new= nan obs_new= 8.119848823038725e-35
params_max= {'a1': 2.0784609690826525, 'a2': 1.460593486680443, 'a3': 6.317328768463762} logZ_max= 3.7292359022924386 obs_max= 1.972499054186766e-31
dist_min= tensor(5.4723) dist_max= tensor(66.4379)
params_min,params_max=params_new,params_max
evaluating model at params_new={'a1': 2.0784609690826525, 'a2': 1.460593486680443, 'a3': 6.3173287151517465}
params_min= {'a1': 2.0784609690826525, 'a2': 1.460593486680443, 'a3': 6.317328661839731} logZ_min= nan obs_min= 8.119848823038725e-35
params_new= {'a1': 2.0784609690826525, 'a2': 1.460593486680443, 'a3': 6.3173287151517465} logZ_new= 3.7292263100808265 obs_new= -1.5057440031778264e-33
params_max= {'a1': 2.0784609690826525, 'a2': 1.460593486680443, 'a3': 6.317328768463762} logZ_max= 3.7292359022924386 obs_max= 1.972499054186766e-31
dist_min= tensor(10.3212) dist_max= tensor(57.8367)
params_min,params_max=params_new,params_max
evaluating model at params_new={'a1': 2.0784609690826525, 'a2': 1.460593486680443, 'a3': 6.317328741807755}
params_min= {'a1': 2.0784609690826525, 'a2': 1.460593486680443, 'a3': 6.3173287151517465} logZ_min= 3.7292263100808265 obs_min= -1.5057440031778264e-33
params_new= {'a1': 2.0784609690826525, 'a2': 1.460593486680443, 'a3': 6.317328741807755} logZ_new= nan obs_new= 7.379305653978038e-33
params_max= {'a1': 2.0784609690826525, 'a2': 1.460593486680443, 'a3': 6.317328768463762} logZ_max= 3.7292359022924386 obs_max= 1.972499054186766e-31
dist_min= tensor(9.5715) dist_max= tensor(66.7348)
params_min,params_max=params_new,params_max
evaluating model at params_new={'a1': 2.0784609690826525, 'a2': 1.460593486680443, 'a3': 6.317328755135758}
params_min= {'a1': 2.0784609690826525, 'a2': 1.460593486680443, 'a3': 6.317328741807755} logZ_min= nan obs_min= 7.379305653978038e-33
params_new= {'a1': 2.0784609690826525, 'a2': 1.460593486680443, 'a3': 6.317328755135758} logZ_new= nan obs_new= 1.117089834696736e-33
params_max= {'a1': 2.0784609690826525, 'a2': 1.460593486680443, 'a3': 6.317328768463762} logZ_max= 3.7292359022924386 obs_max= 1.972499054186766e-31
dist_min= tensor(3.1223) dist_max= tensor(65.5765)
params_min,params_max=params_new,params_max
evaluating model at params_new={'a1': 2.0784609690826525, 'a2': 1.460593486680443, 'a3': 6.31732876179976}
params_min= {'a1': 2.0784609690826525, 'a2': 1.460593486680443, 'a3': 6.317328755135758} logZ_min= nan obs_min= 1.117089834696736e-33
params_new= {'a1': 2.0784609690826525, 'a2': 1.460593486680443, 'a3': 6.31732876179976} logZ_new= 3.7292292408283356 obs_new= 1.0235095695595675e-32
params_max= {'a1': 2.0784609690826525, 'a2': 1.460593486680443, 'a3': 6.317328768463762} logZ_max= 3.7292359022924386 obs_max= 1.972499054186766e-31
dist_min= tensor(0.6094) dist_max= tensor(66.0790)
params_min,params_max=params_new,params_max
evaluating model at params_new={'a1': 2.0784609690826525, 'a2': 1.460593486680443, 'a3': 6.3173287651317604}
params_min= {'a1': 2.0784609690826525, 'a2': 1.460593486680443, 'a3': 6.31732876179976} logZ_min= 3.7292292408283356 obs_min= 1.0235095695595675e-32
params_new= {'a1': 2.0784609690826525, 'a2': 1.460593486680443, 'a3': 6.3173287651317604} logZ_new= nan obs_new= 1.1157812237536006e-32
params_max= {'a1': 2.0784609690826525, 'a2': 1.460593486680443, 'a3': 6.317328768463762} logZ_max= 3.7292359022924386 obs_max= 1.972499054186766e-31
dist_min= tensor(1.1582) dist_max= tensor(64.9744)
params_min,params_max=params_new,params_max
evaluating model at params_new={'a1': 2.0784609690826525, 'a2': 1.460593486680443, 'a3': 6.317328766797761}
params_min= {'a1': 2.0784609690826525, 'a2': 1.460593486680443, 'a3': 6.3173287651317604} logZ_min= nan obs_min= 1.1157812237536006e-32
params_new= {'a1': 2.0784609690826525, 'a2': 1.460593486680443, 'a3': 6.317328766797761} logZ_new= nan obs_new= 4.1527546208324775e-34
params_max= {'a1': 2.0784609690826525, 'a2': 1.460593486680443, 'a3': 6.317328768463762} logZ_max= 3.7292359022924386 obs_max= 1.972499054186766e-31
dist_min= tensor(2.5327) dist_max= tensor(66.0522)
params_min,params_max=params_new,params_max
evaluating model at params_new={'a1': 2.0784609690826525, 'a2': 1.460593486680443, 'a3': 6.3173287676307615}
params_min= {'a1': 2.0784609690826525, 'a2': 1.460593486680443, 'a3': 6.317328766797761} logZ_min= nan obs_min= 4.1527546208324775e-34
params_new= {'a1': 2.0784609690826525, 'a2': 1.460593486680443, 'a3': 6.3173287676307615} logZ_new= 3.7292237493160503 obs_new= 2.8461875634311555e-34
params_max= {'a1': 2.0784609690826525, 'a2': 1.460593486680443, 'a3': 6.317328768463762} logZ_max= 3.7292359022924386 obs_max= 1.972499054186766e-31
dist_min= tensor(2.7157) dist_max= tensor(66.7201)
params_min,params_max=params_new,params_max
evaluating model at params_new={'a1': 2.0784609690826525, 'a2': 1.460593486680443, 'a3': 6.317328768047261}
params_min= {'a1': 2.0784609690826525, 'a2': 1.460593486680443, 'a3': 6.3173287676307615} logZ_min= 3.7292237493160503 obs_min= 2.8461875634311555e-34
params_new= {'a1': 2.0784609690826525, 'a2': 1.460593486680443, 'a3': 6.317328768047261} logZ_new= nan obs_new= 2.981519815607759e-34
params_max= {'a1': 2.0784609690826525, 'a2': 1.460593486680443, 'a3': 6.317328768463762} logZ_max= 3.7292359022924386 obs_max= 1.972499054186766e-31
dist_min= tensor(0.4571) dist_max= tensor(66.6542)
params_min,params_max=params_new,params_max
evaluating model at params_new={'a1': 2.0784609690826525, 'a2': 1.460593486680443, 'a3': 6.3173287682555115}
params_min= {'a1': 2.0784609690826525, 'a2': 1.460593486680443, 'a3': 6.317328768047261} logZ_min= nan obs_min= 2.981519815607759e-34
params_new= {'a1': 2.0784609690826525, 'a2': 1.460593486680443, 'a3': 6.3173287682555115} logZ_new= 3.7292294058516 obs_new= 4.3548649334839017e-32
params_max= {'a1': 2.0784609690826525, 'a2': 1.460593486680443, 'a3': 6.317328768463762} logZ_max= 3.7292359022924386 obs_max= 1.972499054186766e-31
dist_min= tensor(1.6777) dist_max= tensor(66.1002)
params_min,params_max=params_new,params_max
evaluating model at params_new={'a1': 2.0784609690826525, 'a2': 1.460593486680443, 'a3': 6.317328768359637}
params_min= {'a1': 2.0784609690826525, 'a2': 1.460593486680443, 'a3': 6.3173287682555115} logZ_min= 3.7292294058516 obs_min= 4.3548649334839017e-32
params_new= {'a1': 2.0784609690826525, 'a2': 1.460593486680443, 'a3': 6.317328768359637} logZ_new= nan obs_new= 2.4633460701634884e-32
params_max= {'a1': 2.0784609690826525, 'a2': 1.460593486680443, 'a3': 6.317328768463762} logZ_max= 3.7292359022924386 obs_max= 1.972499054186766e-31
dist_min= tensor(1.8678) dist_max= tensor(65.8637)
params_min,params_max=params_new,params_max
evaluating model at params_new={'a1': 2.0784609690826525, 'a2': 1.460593486680443, 'a3': 6.317328768411699}
params_min= {'a1': 2.0784609690826525, 'a2': 1.460593486680443, 'a3': 6.317328768359637} logZ_min= nan obs_min= 2.4633460701634884e-32
params_new= {'a1': 2.0784609690826525, 'a2': 1.460593486680443, 'a3': 6.317328768411699} logZ_new= nan obs_new= 4.1726072570732236e-32
params_max= {'a1': 2.0784609690826525, 'a2': 1.460593486680443, 'a3': 6.317328768463762} logZ_max= 3.7292359022924386 obs_max= 1.972499054186766e-31
dist_min= tensor(1.3289) dist_max= tensor(66.6456)
params_min,params_max=params_new,params_max
evaluating model at params_new={'a1': 2.0784609690826525, 'a2': 1.460593486680443, 'a3': 6.317328768437731}
params_min= {'a1': 2.0784609690826525, 'a2': 1.460593486680443, 'a3': 6.317328768411699} logZ_min= nan obs_min= 4.1726072570732236e-32
params_new= {'a1': 2.0784609690826525, 'a2': 1.460593486680443, 'a3': 6.317328768437731} logZ_new= 3.72918205882393 obs_new= -4.4833395569581217e-38
params_max= {'a1': 2.0784609690826525, 'a2': 1.460593486680443, 'a3': 6.317328768463762} logZ_max= 3.7292359022924386 obs_max= 1.972499054186766e-31
dist_min= tensor(0.4489) dist_max= tensor(66.6911)
params_min,params_max=params_new,params_max
evaluating model at params_new={'a1': 2.0784609690826525, 'a2': 1.460593486680443, 'a3': 6.317328768450746}
params_min= {'a1': 2.0784609690826525, 'a2': 1.460593486680443, 'a3': 6.317328768437731} logZ_min= 3.72918205882393 obs_min= -4.4833395569581217e-38
params_new= {'a1': 2.0784609690826525, 'a2': 1.460593486680443, 'a3': 6.317328768450746} logZ_new= 3.729239747872391 obs_new= 3.337733535385949e-32
params_max= {'a1': 2.0784609690826525, 'a2': 1.460593486680443, 'a3': 6.317328768463762} logZ_max= 3.7292359022924386 obs_max= 1.972499054186766e-31
dist_min= tensor(271.1327) dist_max= tensor(204.4448)
params_min,params_max=params_min,params_new
evaluating model at params_new={'a1': 2.0784609690826525, 'a2': 1.460593486680443, 'a3': 6.317328768444239}
params_min= {'a1': 2.0784609690826525, 'a2': 1.460593486680443, 'a3': 6.317328768437731} logZ_min= 3.72918205882393 obs_min= -4.4833395569581217e-38
params_new= {'a1': 2.0784609690826525, 'a2': 1.460593486680443, 'a3': 6.317328768444239} logZ_new= 3.72923320642787 obs_new= 3.110150748790647e-33
params_max= {'a1': 2.0784609690826525, 'a2': 1.460593486680443, 'a3': 6.317328768450746} logZ_max= 3.729239747872391 obs_max= 3.337733535385949e-32
dist_min= tensor(13.2535) dist_max= tensor(257.8885)
params_min,params_max=params_new,params_max
evaluating model at params_new={'a1': 2.0784609690826525, 'a2': 1.460593486680443, 'a3': 6.317328768447492}
params_min= {'a1': 2.0784609690826525, 'a2': 1.460593486680443, 'a3': 6.317328768444239} logZ_min= 3.72923320642787 obs_min= 3.110150748790647e-33
params_new= {'a1': 2.0784609690826525, 'a2': 1.460593486680443, 'a3': 6.317328768447492} logZ_new= 3.729244083442196 obs_new= 6.497508538430857e-33
params_max= {'a1': 2.0784609690826525, 'a2': 1.460593486680443, 'a3': 6.317328768450746} logZ_max= 3.729239747872391 obs_max= 3.337733535385949e-32
dist_min= tensor(13.2749) dist_max= tensor(271.1607)
params_min,params_max=params_new,params_max
evaluating model at params_new={'a1': 2.0784609690826525, 'a2': 1.460593486680443, 'a3': 6.317328768449119}
params_min= {'a1': 2.0784609690826525, 'a2': 1.460593486680443, 'a3': 6.317328768447492} logZ_min= 3.729244083442196 obs_min= 6.497508538430857e-33
params_new= {'a1': 2.0784609690826525, 'a2': 1.460593486680443, 'a3': 6.317328768449119} logZ_new= 3.7292306887265467 obs_new= 1.5458682230743232e-32
params_max= {'a1': 2.0784609690826525, 'a2': 1.460593486680443, 'a3': 6.317328768450746} logZ_max= 3.729239747872391 obs_max= 3.337733535385949e-32
dist_min= tensor(87.6194) dist_max= tensor(284.8609)
params_min,params_max=params_new,params_max
evaluating model at params_new={'a1': 2.0784609690826525, 'a2': 1.460593486680443, 'a3': 6.317328768449933}
params_min= {'a1': 2.0784609690826525, 'a2': 1.460593486680443, 'a3': 6.317328768449119} logZ_min= 3.7292306887265467 obs_min= 1.5458682230743232e-32
params_new= {'a1': 2.0784609690826525, 'a2': 1.460593486680443, 'a3': 6.317328768449933} logZ_new= 3.729233406049281 obs_new= 6.587489940179097e-33
params_max= {'a1': 2.0784609690826525, 'a2': 1.460593486680443, 'a3': 6.317328768450746} logZ_max= 3.729239747872391 obs_max= 3.337733535385949e-32
dist_min= tensor(86.9868) dist_max= tensor(267.8474)
params_min,params_max=params_new,params_max
evaluating model at params_new={'a1': 2.0784609690826525, 'a2': 1.460593486680443, 'a3': 6.31732876845034}
params_min= {'a1': 2.0784609690826525, 'a2': 1.460593486680443, 'a3': 6.317328768449933} logZ_min= 3.729233406049281 obs_min= 6.587489940179097e-33
params_new= {'a1': 2.0784609690826525, 'a2': 1.460593486680443, 'a3': 6.31732876845034} logZ_new= 3.729188581797892 obs_new= 1.5231387485706109e-33
params_max= {'a1': 2.0784609690826525, 'a2': 1.460593486680443, 'a3': 6.317328768450746} logZ_max= 3.729239747872391 obs_max= 3.337733535385949e-32
dist_min= tensor(3.8921) dist_max= tensor(271.1498)
params_min,params_max=params_new,params_max
evaluating model at params_new={'a1': 2.0784609690826525, 'a2': 1.460593486680443, 'a3': 6.317328768450543}
params_min= {'a1': 2.0784609690826525, 'a2': 1.460593486680443, 'a3': 6.31732876845034} logZ_min= 3.729188581797892 obs_min= 1.5231387485706109e-33
params_new= {'a1': 2.0784609690826525, 'a2': 1.460593486680443, 'a3': 6.317328768450543} logZ_new= 3.7292341207287705 obs_new= 4.708455965700714e-33
params_max= {'a1': 2.0784609690826525, 'a2': 1.460593486680443, 'a3': 6.317328768450746} logZ_max= 3.729239747872391 obs_max= 3.337733535385949e-32
dist_min= tensor(12.4321) dist_max= tensor(271.3951)
params_min,params_max=params_new,params_max
evaluating model at params_new={'a1': 2.0784609690826525, 'a2': 1.460593486680443, 'a3': 6.317328768450645}
params_min= {'a1': 2.0784609690826525, 'a2': 1.460593486680443, 'a3': 6.317328768450543} logZ_min= 3.7292341207287705 obs_min= 4.708455965700714e-33
params_new= {'a1': 2.0784609690826525, 'a2': 1.460593486680443, 'a3': 6.317328768450645} logZ_new= 3.7292355583126136 obs_new= 1.2476656217034243e-33
params_max= {'a1': 2.0784609690826525, 'a2': 1.460593486680443, 'a3': 6.317328768450746} logZ_max= 3.729239747872391 obs_max= 3.337733535385949e-32
dist_min= tensor(12.4365) dist_max= tensor(271.1670)
params_min,params_max=params_new,params_max
evaluating model at params_new={'a1': 2.0784609690826525, 'a2': 1.460593486680443, 'a3': 6.317328768450696}
params_min= {'a1': 2.0784609690826525, 'a2': 1.460593486680443, 'a3': 6.317328768450645} logZ_min= 3.7292355583126136 obs_min= 1.2476656217034243e-33
params_new= {'a1': 2.0784609690826525, 'a2': 1.460593486680443, 'a3': 6.317328768450696} logZ_new= nan obs_new= 8.881260150476178e-34
params_max= {'a1': 2.0784609690826525, 'a2': 1.460593486680443, 'a3': 6.317328768450746} logZ_max= 3.729239747872391 obs_max= 3.337733535385949e-32
dist_min= tensor(1.5895) dist_max= tensor(270.1904)
params_min,params_max=params_new,params_max
evaluating model at params_new={'a1': 2.0784609690826525, 'a2': 1.460593486680443, 'a3': 6.3173287684507216}
params_min= {'a1': 2.0784609690826525, 'a2': 1.460593486680443, 'a3': 6.317328768450696} logZ_min= nan obs_min= 8.881260150476178e-34
params_new= {'a1': 2.0784609690826525, 'a2': 1.460593486680443, 'a3': 6.3173287684507216} logZ_new= 3.7292117568991583 obs_new= 1.4402502277490278e-33
params_max= {'a1': 2.0784609690826525, 'a2': 1.460593486680443, 'a3': 6.317328768450746} logZ_max= 3.729239747872391 obs_max= 3.337733535385949e-32
dist_min= tensor(1.4953) dist_max= tensor(270.5246)
params_min,params_max=params_new,params_max
evaluating model at params_new={'a1': 2.0784609690826525, 'a2': 1.460593486680443, 'a3': 6.317328768450734}
params_min= {'a1': 2.0784609690826525, 'a2': 1.460593486680443, 'a3': 6.3173287684507216} logZ_min= 3.7292117568991583 obs_min= 1.4402502277490278e-33
params_new= {'a1': 2.0784609690826525, 'a2': 1.460593486680443, 'a3': 6.317328768450734} logZ_new= 3.7291826042854836 obs_new= 8.141338943323517e-32
params_max= {'a1': 2.0784609690826525, 'a2': 1.460593486680443, 'a3': 6.317328768450746} logZ_max= 3.729239747872391 obs_max= 3.337733535385949e-32
dist_min= tensor(1.2693) dist_max= tensor(270.5188)
params_min,params_max=params_new,params_max
evaluating model at params_new={'a1': 2.0784609690826525, 'a2': 1.460593486680443, 'a3': 6.31732876845074}
params_min= {'a1': 2.0784609690826525, 'a2': 1.460593486680443, 'a3': 6.317328768450734} logZ_min= 3.7291826042854836 obs_min= 8.141338943323517e-32
params_new= {'a1': 2.0784609690826525, 'a2': 1.460593486680443, 'a3': 6.31732876845074} logZ_new= nan obs_new= 1.9164113692377928e-31
params_max= {'a1': 2.0784609690826525, 'a2': 1.460593486680443, 'a3': 6.317328768450746} logZ_max= 3.729239747872391 obs_max= 3.337733535385949e-32
dist_min= tensor(1.1622) dist_max= tensor(269.4507)
params_min,params_max=params_new,params_max
evaluating model at params_new={'a1': 2.0784609690826525, 'a2': 1.460593486680443, 'a3': 6.317328768450743}
params_min= {'a1': 2.0784609690826525, 'a2': 1.460593486680443, 'a3': 6.31732876845074} logZ_min= nan obs_min= 1.9164113692377928e-31
params_new= {'a1': 2.0784609690826525, 'a2': 1.460593486680443, 'a3': 6.317328768450743} logZ_new= 3.7291929435356623 obs_new= 1.0180500599238392e-32
params_max= {'a1': 2.0784609690826525, 'a2': 1.460593486680443, 'a3': 6.317328768450746} logZ_max= 3.729239747872391 obs_max= 3.337733535385949e-32
dist_min= tensor(4616.8218) dist_max= tensor(4624.5956)
params_min,params_max=params_new,params_max
evaluating model at params_new={'a1': 2.0784609690826525, 'a2': 1.460593486680443, 'a3': 6.317328768450745}
params_min= {'a1': 2.0784609690826525, 'a2': 1.460593486680443, 'a3': 6.317328768450743} logZ_min= 3.7291929435356623 obs_min= 1.0180500599238392e-32
params_new= {'a1': 2.0784609690826525, 'a2': 1.460593486680443, 'a3': 6.317328768450745} logZ_new= 3.7292301970942816 obs_new= 1.048429652840701e-34
params_max= {'a1': 2.0784609690826525, 'a2': 1.460593486680443, 'a3': 6.317328768450746} logZ_max= 3.729239747872391 obs_max= 3.337733535385949e-32
dist_min= tensor(4616.3213) dist_max= tensor(270.5229)
params_min,params_max=params_min,params_new
evaluating model at params_new={'a1': 2.0784609690826525, 'a2': 1.460593486680443, 'a3': 6.317328768450744}
params_min= {'a1': 2.0784609690826525, 'a2': 1.460593486680443, 'a3': 6.317328768450743} logZ_min= 3.7291929435356623 obs_min= 1.0180500599238392e-32
params_new= {'a1': 2.0784609690826525, 'a2': 1.460593486680443, 'a3': 6.317328768450744} logZ_new= 3.7291831795280435 obs_new= 2.7219315192036948e-36
params_max= {'a1': 2.0784609690826525, 'a2': 1.460593486680443, 'a3': 6.317328768450745} logZ_max= 3.7292301970942816 obs_max= 1.048429652840701e-34
dist_min= tensor(4616.9561) dist_max= tensor(1.2094)
params_min,params_max=params_min,params_new
critical params found:  {'a1': 2.0784609690826525, 'a2': 1.460593486680443, 'a3': 6.317328768450743}
reference params:  {'a1': 1.1547005383792515, 'a2': 1.8257418583505538, 'a3': 4.47213595499958}
file saved to  data/AKLT3D_X10_scan_grid_critical_a3/a1_2.0784610_a2_1.4605935/Tc.json
