Start running find_critical_temp.py with options:{'filename': 'data/AKLT3D_X10_scan_grid_critical_a3/a1_0.9237604_a2_0.7302967/Tc.json', 'log_filename': 'data/AKLT3D_X10_scan_grid_critical_a3/a1_0.9237604_a2_0.7302967/Tc.log', 'nLayers': 60, 'max_dim': 10, 'model': 'AKLT3D', 'params_min': "{'a1': 0.9237604307034012, 'a2': 0.7302967433402215, 'a3': 3.577708763999664}", 'params_max': "{'a1': 0.9237604307034012, 'a2': 0.7302967433402215, 'a3': 4.47213595499958}", 'params_ref': None, 'observable_name': 'magnetizationZ', 'tol': 0.0, 'gilt_enabled': False, 'gilt_eps': 8e-07, 'gilt_nIter': 1, 'mcf_enabled': True, 'mcf_eps': 1e-16, 'mcf_max_iter': 200, 'hotrg_sanity_check': False, 'version': 1, 'device': 'cuda:1'}
loading library...
evaluating model at params_min={'a1': 0.9237604307034012, 'a2': 0.7302967433402215, 'a3': 3.577708763999664}
params_min= {'a1': 0.9237604307034012, 'a2': 0.7302967433402215, 'a3': 3.577708763999664} logZ_min= nan obs_min= 1.7438273839269764e-35
evaluating model at params_max={'a1': 0.9237604307034012, 'a2': 0.7302967433402215, 'a3': 4.47213595499958}
params_max= {'a1': 0.9237604307034012, 'a2': 0.7302967433402215, 'a3': 4.47213595499958} logZ_max= 2.9984085917912826 obs_max= 8.954052708758361
searching for critical temperature using bisection method
evaluating model at params_new={'a1': 0.9237604307034012, 'a2': 0.7302967433402215, 'a3': 4.024922359499621}
params_min= {'a1': 0.9237604307034012, 'a2': 0.7302967433402215, 'a3': 3.577708763999664} logZ_min= nan obs_min= 1.7438273839269764e-35
params_new= {'a1': 0.9237604307034012, 'a2': 0.7302967433402215, 'a3': 4.024922359499621} logZ_new= 2.7874441703624906 obs_new= 8.872334485326089
params_max= {'a1': 0.9237604307034012, 'a2': 0.7302967433402215, 'a3': 4.47213595499958} logZ_max= 2.9984085917912826 obs_max= 8.954052708758361
dist_min= tensor(139.5369) dist_max= tensor(21.5472)
params_min,params_max=params_min,params_new
evaluating model at params_new={'a1': 0.9237604307034012, 'a2': 0.7302967433402215, 'a3': 3.8013155617496426}
params_min= {'a1': 0.9237604307034012, 'a2': 0.7302967433402215, 'a3': 3.577708763999664} logZ_min= nan obs_min= 1.7438273839269764e-35
params_new= {'a1': 0.9237604307034012, 'a2': 0.7302967433402215, 'a3': 3.8013155617496426} logZ_new= 2.6716244827966023 obs_new= 8.767589600985884
params_max= {'a1': 0.9237604307034012, 'a2': 0.7302967433402215, 'a3': 4.024922359499621} logZ_max= 2.7874441703624906 obs_max= 8.872334485326089
dist_min= tensor(140.8417) dist_max= tensor(2.3698)
params_min,params_max=params_min,params_new
evaluating model at params_new={'a1': 0.9237604307034012, 'a2': 0.7302967433402215, 'a3': 3.689512162874653}
params_min= {'a1': 0.9237604307034012, 'a2': 0.7302967433402215, 'a3': 3.577708763999664} logZ_min= nan obs_min= 1.7438273839269764e-35
params_new= {'a1': 0.9237604307034012, 'a2': 0.7302967433402215, 'a3': 3.689512162874653} logZ_new= nan obs_new= 1.2219591363082837e-32
params_max= {'a1': 0.9237604307034012, 'a2': 0.7302967433402215, 'a3': 3.8013155617496426} logZ_max= 2.6716244827966023 obs_max= 8.767589600985884
dist_min= tensor(278.5972) dist_max= tensor(241.9797)
params_min,params_max=params_min,params_new
evaluating model at params_new={'a1': 0.9237604307034012, 'a2': 0.7302967433402215, 'a3': 3.6336104634371584}
params_min= {'a1': 0.9237604307034012, 'a2': 0.7302967433402215, 'a3': 3.577708763999664} logZ_min= nan obs_min= 1.7438273839269764e-35
params_new= {'a1': 0.9237604307034012, 'a2': 0.7302967433402215, 'a3': 3.6336104634371584} logZ_new= nan obs_new= 3.209510708914782e-34
params_max= {'a1': 0.9237604307034012, 'a2': 0.7302967433402215, 'a3': 3.689512162874653} logZ_max= nan obs_max= 1.2219591363082837e-32
dist_min= tensor(25.6187) dist_max= tensor(291.9834)
params_min,params_max=params_new,params_max
evaluating model at params_new={'a1': 0.9237604307034012, 'a2': 0.7302967433402215, 'a3': 3.6615613131559055}
params_min= {'a1': 0.9237604307034012, 'a2': 0.7302967433402215, 'a3': 3.6336104634371584} logZ_min= nan obs_min= 3.209510708914782e-34
params_new= {'a1': 0.9237604307034012, 'a2': 0.7302967433402215, 'a3': 3.6615613131559055} logZ_new= 2.619001071372796 obs_new= 4.626530808316427e-35
params_max= {'a1': 0.9237604307034012, 'a2': 0.7302967433402215, 'a3': 3.689512162874653} logZ_max= nan obs_max= 1.2219591363082837e-32
dist_min= tensor(161.2708) dist_max= tensor(242.4961)
params_min,params_max=params_new,params_max
evaluating model at params_new={'a1': 0.9237604307034012, 'a2': 0.7302967433402215, 'a3': 3.6755367380152792}
params_min= {'a1': 0.9237604307034012, 'a2': 0.7302967433402215, 'a3': 3.6615613131559055} logZ_min= 2.619001071372796 obs_min= 4.626530808316427e-35
params_new= {'a1': 0.9237604307034012, 'a2': 0.7302967433402215, 'a3': 3.6755367380152792} logZ_new= 2.6194479820894943 obs_new= 5.8142832175810787e-36
params_max= {'a1': 0.9237604307034012, 'a2': 0.7302967433402215, 'a3': 3.689512162874653} logZ_max= nan obs_max= 1.2219591363082837e-32
dist_min= tensor(2.1524) dist_max= tensor(242.0013)
params_min,params_max=params_new,params_max
evaluating model at params_new={'a1': 0.9237604307034012, 'a2': 0.7302967433402215, 'a3': 3.682524450444966}
params_min= {'a1': 0.9237604307034012, 'a2': 0.7302967433402215, 'a3': 3.6755367380152792} logZ_min= 2.6194479820894943 obs_min= 5.8142832175810787e-36
params_new= {'a1': 0.9237604307034012, 'a2': 0.7302967433402215, 'a3': 3.682524450444966} logZ_new= nan obs_new= 2.4741718537458813e-32
params_max= {'a1': 0.9237604307034012, 'a2': 0.7302967433402215, 'a3': 3.689512162874653} logZ_max= nan obs_max= 1.2219591363082837e-32
dist_min= tensor(78.8052) dist_max= tensor(254.4237)
params_min,params_max=params_new,params_max
evaluating model at params_new={'a1': 0.9237604307034012, 'a2': 0.7302967433402215, 'a3': 3.6860183066598093}
params_min= {'a1': 0.9237604307034012, 'a2': 0.7302967433402215, 'a3': 3.682524450444966} logZ_min= nan obs_min= 2.4741718537458813e-32
params_new= {'a1': 0.9237604307034012, 'a2': 0.7302967433402215, 'a3': 3.6860183066598093} logZ_new= nan obs_new= 2.2427271860122917e-32
params_max= {'a1': 0.9237604307034012, 'a2': 0.7302967433402215, 'a3': 3.689512162874653} logZ_max= nan obs_max= 1.2219591363082837e-32
dist_min= tensor(812.3675) dist_max= tensor(844.9835)
params_min,params_max=params_new,params_max
evaluating model at params_new={'a1': 0.9237604307034012, 'a2': 0.7302967433402215, 'a3': 3.687765234767231}
params_min= {'a1': 0.9237604307034012, 'a2': 0.7302967433402215, 'a3': 3.6860183066598093} logZ_min= nan obs_min= 2.2427271860122917e-32
params_new= {'a1': 0.9237604307034012, 'a2': 0.7302967433402215, 'a3': 3.687765234767231} logZ_new= 2.6197190553581735 obs_new= 8.088845160758883e-32
params_max= {'a1': 0.9237604307034012, 'a2': 0.7302967433402215, 'a3': 3.689512162874653} logZ_max= nan obs_max= 1.2219591363082837e-32
dist_min= tensor(809.2667) dist_max= tensor(241.8478)
params_min,params_max=params_min,params_new
evaluating model at params_new={'a1': 0.9237604307034012, 'a2': 0.7302967433402215, 'a3': 3.6868917707135203}
params_min= {'a1': 0.9237604307034012, 'a2': 0.7302967433402215, 'a3': 3.6860183066598093} logZ_min= nan obs_min= 2.2427271860122917e-32
params_new= {'a1': 0.9237604307034012, 'a2': 0.7302967433402215, 'a3': 3.6868917707135203} logZ_new= nan obs_new= 2.2913846975431977e-32
params_max= {'a1': 0.9237604307034012, 'a2': 0.7302967433402215, 'a3': 3.687765234767231} logZ_max= 2.6197190553581735 obs_max= 8.088845160758883e-32
dist_min= tensor(810.0593) dist_max= tensor(28.9860)
params_min,params_max=params_min,params_new
evaluating model at params_new={'a1': 0.9237604307034012, 'a2': 0.7302967433402215, 'a3': 3.686455038686665}
params_min= {'a1': 0.9237604307034012, 'a2': 0.7302967433402215, 'a3': 3.6860183066598093} logZ_min= nan obs_min= 2.2427271860122917e-32
params_new= {'a1': 0.9237604307034012, 'a2': 0.7302967433402215, 'a3': 3.686455038686665} logZ_new= 2.6195351445182333 obs_new= 1.2003166727587183e-34
params_max= {'a1': 0.9237604307034012, 'a2': 0.7302967433402215, 'a3': 3.6868917707135203} logZ_max= nan obs_max= 2.2913846975431977e-32
dist_min= tensor(810.2327) dist_max= tensor(60.4930)
params_min,params_max=params_min,params_new
evaluating model at params_new={'a1': 0.9237604307034012, 'a2': 0.7302967433402215, 'a3': 3.686236672673237}
params_min= {'a1': 0.9237604307034012, 'a2': 0.7302967433402215, 'a3': 3.6860183066598093} logZ_min= nan obs_min= 2.2427271860122917e-32
params_new= {'a1': 0.9237604307034012, 'a2': 0.7302967433402215, 'a3': 3.686236672673237} logZ_new= 2.619714776603028 obs_new= 1.4731926546189745e-31
params_max= {'a1': 0.9237604307034012, 'a2': 0.7302967433402215, 'a3': 3.686455038686665} logZ_max= 2.6195351445182333 obs_max= 1.2003166727587183e-34
dist_min= tensor(809.9387) dist_max= tensor(58.3570)
params_min,params_max=params_min,params_new
evaluating model at params_new={'a1': 0.9237604307034012, 'a2': 0.7302967433402215, 'a3': 3.6861274896665233}
params_min= {'a1': 0.9237604307034012, 'a2': 0.7302967433402215, 'a3': 3.6860183066598093} logZ_min= nan obs_min= 2.2427271860122917e-32
params_new= {'a1': 0.9237604307034012, 'a2': 0.7302967433402215, 'a3': 3.6861274896665233} logZ_new= 2.6196806454474544 obs_new= 3.856821805426891e-32
params_max= {'a1': 0.9237604307034012, 'a2': 0.7302967433402215, 'a3': 3.686236672673237} logZ_max= 2.619714776603028 obs_max= 1.4731926546189745e-31
dist_min= tensor(811.0514) dist_max= tensor(38.9869)
params_min,params_max=params_min,params_new
evaluating model at params_new={'a1': 0.9237604307034012, 'a2': 0.7302967433402215, 'a3': 3.6860728981631663}
params_min= {'a1': 0.9237604307034012, 'a2': 0.7302967433402215, 'a3': 3.6860183066598093} logZ_min= nan obs_min= 2.2427271860122917e-32
params_new= {'a1': 0.9237604307034012, 'a2': 0.7302967433402215, 'a3': 3.6860728981631663} logZ_new= nan obs_new= 6.527232634029344e-35
params_max= {'a1': 0.9237604307034012, 'a2': 0.7302967433402215, 'a3': 3.6861274896665233} logZ_max= 2.6196806454474544 obs_max= 3.856821805426891e-32
dist_min= tensor(810.0994) dist_max= tensor(43.2884)
params_min,params_max=params_min,params_new
evaluating model at params_new={'a1': 0.9237604307034012, 'a2': 0.7302967433402215, 'a3': 3.686045602411488}
params_min= {'a1': 0.9237604307034012, 'a2': 0.7302967433402215, 'a3': 3.6860183066598093} logZ_min= nan obs_min= 2.2427271860122917e-32
params_new= {'a1': 0.9237604307034012, 'a2': 0.7302967433402215, 'a3': 3.686045602411488} logZ_new= 2.61966822347779 obs_new= 2.3408952759769427e-32
params_max= {'a1': 0.9237604307034012, 'a2': 0.7302967433402215, 'a3': 3.6860728981631663} logZ_max= nan obs_max= 6.527232634029344e-35
dist_min= tensor(1637.7168) dist_max= tensor(1423.2582)
params_min,params_max=params_min,params_new
evaluating model at params_new={'a1': 0.9237604307034012, 'a2': 0.7302967433402215, 'a3': 3.6860319545356486}
params_min= {'a1': 0.9237604307034012, 'a2': 0.7302967433402215, 'a3': 3.6860183066598093} logZ_min= nan obs_min= 2.2427271860122917e-32
params_new= {'a1': 0.9237604307034012, 'a2': 0.7302967433402215, 'a3': 3.6860319545356486} logZ_new= 2.619666392277394 obs_new= 1.9020037014301067e-32
params_max= {'a1': 0.9237604307034012, 'a2': 0.7302967433402215, 'a3': 3.686045602411488} logZ_max= 2.61966822347779 obs_max= 2.3408952759769427e-32
dist_min= tensor(815.3069) dist_max= tensor(1423.5449)
params_min,params_max=params_new,params_max
evaluating model at params_new={'a1': 0.9237604307034012, 'a2': 0.7302967433402215, 'a3': 3.686038778473568}
params_min= {'a1': 0.9237604307034012, 'a2': 0.7302967433402215, 'a3': 3.6860319545356486} logZ_min= 2.619666392277394 obs_min= 1.9020037014301067e-32
params_new= {'a1': 0.9237604307034012, 'a2': 0.7302967433402215, 'a3': 3.686038778473568} logZ_new= 2.6194748227669074 obs_new= 1.248670023494918e-32
params_max= {'a1': 0.9237604307034012, 'a2': 0.7302967433402215, 'a3': 3.686045602411488} logZ_max= 2.61966822347779 obs_max= 2.3408952759769427e-32
dist_min= tensor(123.1546) dist_max= tensor(1425.9666)
params_min,params_max=params_new,params_max
evaluating model at params_new={'a1': 0.9237604307034012, 'a2': 0.7302967433402215, 'a3': 3.686042190442528}
params_min= {'a1': 0.9237604307034012, 'a2': 0.7302967433402215, 'a3': 3.686038778473568} logZ_min= 2.6194748227669074 obs_min= 1.248670023494918e-32
params_new= {'a1': 0.9237604307034012, 'a2': 0.7302967433402215, 'a3': 3.686042190442528} logZ_new= nan obs_new= 6.135640074971052e-38
params_max= {'a1': 0.9237604307034012, 'a2': 0.7302967433402215, 'a3': 3.686045602411488} logZ_max= 2.61966822347779 obs_max= 2.3408952759769427e-32
dist_min= tensor(87.5868) dist_max= tensor(1423.1482)
params_min,params_max=params_new,params_max
evaluating model at params_new={'a1': 0.9237604307034012, 'a2': 0.7302967433402215, 'a3': 3.686043896427008}
params_min= {'a1': 0.9237604307034012, 'a2': 0.7302967433402215, 'a3': 3.686042190442528} logZ_min= nan obs_min= 6.135640074971052e-38
params_new= {'a1': 0.9237604307034012, 'a2': 0.7302967433402215, 'a3': 3.686043896427008} logZ_new= 2.6197042741999197 obs_new= 1.3587137286208768e-33
params_max= {'a1': 0.9237604307034012, 'a2': 0.7302967433402215, 'a3': 3.686045602411488} logZ_max= 2.61966822347779 obs_max= 2.3408952759769427e-32
dist_min= tensor(0.5060) dist_max= tensor(1423.1465)
params_min,params_max=params_new,params_max
evaluating model at params_new={'a1': 0.9237604307034012, 'a2': 0.7302967433402215, 'a3': 3.686044749419248}
params_min= {'a1': 0.9237604307034012, 'a2': 0.7302967433402215, 'a3': 3.686043896427008} logZ_min= 2.6197042741999197 obs_min= 1.3587137286208768e-33
params_new= {'a1': 0.9237604307034012, 'a2': 0.7302967433402215, 'a3': 3.686044749419248} logZ_new= 2.6195812619869967 obs_new= 2.2552210070613456e-37
params_max= {'a1': 0.9237604307034012, 'a2': 0.7302967433402215, 'a3': 3.686045602411488} logZ_max= 2.61966822347779 obs_max= 2.3408952759769427e-32
dist_min= tensor(0.6745) dist_max= tensor(1423.1482)
params_min,params_max=params_new,params_max
evaluating model at params_new={'a1': 0.9237604307034012, 'a2': 0.7302967433402215, 'a3': 3.6860451759153676}
params_min= {'a1': 0.9237604307034012, 'a2': 0.7302967433402215, 'a3': 3.686044749419248} logZ_min= 2.6195812619869967 obs_min= 2.2552210070613456e-37
params_new= {'a1': 0.9237604307034012, 'a2': 0.7302967433402215, 'a3': 3.6860451759153676} logZ_new= 2.6195049987501924 obs_new= 6.215930195601963e-32
params_max= {'a1': 0.9237604307034012, 'a2': 0.7302967433402215, 'a3': 3.686045602411488} logZ_max= 2.61966822347779 obs_max= 2.3408952759769427e-32
dist_min= tensor(151.7647) dist_max= tensor(1431.3952)
params_min,params_max=params_new,params_max
evaluating model at params_new={'a1': 0.9237604307034012, 'a2': 0.7302967433402215, 'a3': 3.6860453891634277}
params_min= {'a1': 0.9237604307034012, 'a2': 0.7302967433402215, 'a3': 3.6860451759153676} logZ_min= 2.6195049987501924 obs_min= 6.215930195601963e-32
params_new= {'a1': 0.9237604307034012, 'a2': 0.7302967433402215, 'a3': 3.6860453891634277} logZ_new= nan obs_new= 4.462427435263342e-34
params_max= {'a1': 0.9237604307034012, 'a2': 0.7302967433402215, 'a3': 3.686045602411488} logZ_max= 2.61966822347779 obs_max= 2.3408952759769427e-32
dist_min= tensor(152.7375) dist_max= tensor(1412.4663)
params_min,params_max=params_new,params_max
evaluating model at params_new={'a1': 0.9237604307034012, 'a2': 0.7302967433402215, 'a3': 3.6860454957874578}
params_min= {'a1': 0.9237604307034012, 'a2': 0.7302967433402215, 'a3': 3.6860453891634277} logZ_min= nan obs_min= 4.462427435263342e-34
params_new= {'a1': 0.9237604307034012, 'a2': 0.7302967433402215, 'a3': 3.6860454957874578} logZ_new= 2.6196278144245877 obs_new= 2.890918533469852e-35
params_max= {'a1': 0.9237604307034012, 'a2': 0.7302967433402215, 'a3': 3.686045602411488} logZ_max= 2.61966822347779 obs_max= 2.3408952759769427e-32
dist_min= tensor(30.0392) dist_max= tensor(1423.1203)
params_min,params_max=params_new,params_max
evaluating model at params_new={'a1': 0.9237604307034012, 'a2': 0.7302967433402215, 'a3': 3.6860455490994726}
params_min= {'a1': 0.9237604307034012, 'a2': 0.7302967433402215, 'a3': 3.6860454957874578} logZ_min= 2.6196278144245877 obs_min= 2.890918533469852e-35
params_new= {'a1': 0.9237604307034012, 'a2': 0.7302967433402215, 'a3': 3.6860455490994726} logZ_new= 2.6194754448177027 obs_new= 1.3825870104903072e-33
params_max= {'a1': 0.9237604307034012, 'a2': 0.7302967433402215, 'a3': 3.686045602411488} logZ_max= 2.61966822347779 obs_max= 2.3408952759769427e-32
dist_min= tensor(0.4298) dist_max= tensor(1423.1195)
params_min,params_max=params_new,params_max
evaluating model at params_new={'a1': 0.9237604307034012, 'a2': 0.7302967433402215, 'a3': 3.68604557575548}
params_min= {'a1': 0.9237604307034012, 'a2': 0.7302967433402215, 'a3': 3.6860455490994726} logZ_min= 2.6194754448177027 obs_min= 1.3825870104903072e-33
params_new= {'a1': 0.9237604307034012, 'a2': 0.7302967433402215, 'a3': 3.68604557575548} logZ_new= nan obs_new= 1.5219695488645568e-31
params_max= {'a1': 0.9237604307034012, 'a2': 0.7302967433402215, 'a3': 3.686045602411488} logZ_max= 2.61966822347779 obs_max= 2.3408952759769427e-32
dist_min= tensor(10029.9628) dist_max= tensor(10130.5471)
params_min,params_max=params_new,params_max
evaluating model at params_new={'a1': 0.9237604307034012, 'a2': 0.7302967433402215, 'a3': 3.6860455890834842}
params_min= {'a1': 0.9237604307034012, 'a2': 0.7302967433402215, 'a3': 3.68604557575548} logZ_min= nan obs_min= 1.5219695488645568e-31
params_new= {'a1': 0.9237604307034012, 'a2': 0.7302967433402215, 'a3': 3.6860455890834842} logZ_new= 2.619648512154998 obs_new= 9.789654158177304e-33
params_max= {'a1': 0.9237604307034012, 'a2': 0.7302967433402215, 'a3': 3.686045602411488} logZ_max= 2.61966822347779 obs_max= 2.3408952759769427e-32
dist_min= tensor(10029.9727) dist_max= tensor(1423.4529)
params_min,params_max=params_min,params_new
evaluating model at params_new={'a1': 0.9237604307034012, 'a2': 0.7302967433402215, 'a3': 3.6860455824194824}
params_min= {'a1': 0.9237604307034012, 'a2': 0.7302967433402215, 'a3': 3.68604557575548} logZ_min= nan obs_min= 1.5219695488645568e-31
params_new= {'a1': 0.9237604307034012, 'a2': 0.7302967433402215, 'a3': 3.6860455824194824} logZ_new= nan obs_new= 5.044327330701463e-36
params_max= {'a1': 0.9237604307034012, 'a2': 0.7302967433402215, 'a3': 3.6860455890834842} logZ_max= 2.619648512154998 obs_max= 9.789654158177304e-33
dist_min= tensor(10029.9630) dist_max= tensor(17.6735)
params_min,params_max=params_min,params_new
evaluating model at params_new={'a1': 0.9237604307034012, 'a2': 0.7302967433402215, 'a3': 3.686045579087481}
params_min= {'a1': 0.9237604307034012, 'a2': 0.7302967433402215, 'a3': 3.68604557575548} logZ_min= nan obs_min= 1.5219695488645568e-31
params_new= {'a1': 0.9237604307034012, 'a2': 0.7302967433402215, 'a3': 3.686045579087481} logZ_new= nan obs_new= 1.255767499761195e-35
params_max= {'a1': 0.9237604307034012, 'a2': 0.7302967433402215, 'a3': 3.6860455824194824} logZ_max= nan obs_max= 5.044327330701463e-36
dist_min= tensor(10026.5231) dist_max= tensor(27.1490)
params_min,params_max=params_min,params_new
evaluating model at params_new={'a1': 0.9237604307034012, 'a2': 0.7302967433402215, 'a3': 3.6860455774214804}
params_min= {'a1': 0.9237604307034012, 'a2': 0.7302967433402215, 'a3': 3.68604557575548} logZ_min= nan obs_min= 1.5219695488645568e-31
params_new= {'a1': 0.9237604307034012, 'a2': 0.7302967433402215, 'a3': 3.6860455774214804} logZ_new= 2.6196310044260924 obs_new= 1.434399338582732e-33
params_max= {'a1': 0.9237604307034012, 'a2': 0.7302967433402215, 'a3': 3.686045579087481} logZ_max= nan obs_max= 1.255767499761195e-35
dist_min= tensor(10029.9628) dist_max= tensor(27.1206)
params_min,params_max=params_min,params_new
evaluating model at params_new={'a1': 0.9237604307034012, 'a2': 0.7302967433402215, 'a3': 3.68604557658848}
params_min= {'a1': 0.9237604307034012, 'a2': 0.7302967433402215, 'a3': 3.68604557575548} logZ_min= nan obs_min= 1.5219695488645568e-31
params_new= {'a1': 0.9237604307034012, 'a2': 0.7302967433402215, 'a3': 3.68604557658848} logZ_new= 2.619692637048292 obs_new= 2.179501588386227e-32
params_max= {'a1': 0.9237604307034012, 'a2': 0.7302967433402215, 'a3': 3.6860455774214804} logZ_max= 2.6196310044260924 obs_max= 1.434399338582732e-33
dist_min= tensor(10029.9629) dist_max= tensor(0.2422)
params_min,params_max=params_min,params_new
evaluating model at params_new={'a1': 0.9237604307034012, 'a2': 0.7302967433402215, 'a3': 3.6860455761719804}
params_min= {'a1': 0.9237604307034012, 'a2': 0.7302967433402215, 'a3': 3.68604557575548} logZ_min= nan obs_min= 1.5219695488645568e-31
params_new= {'a1': 0.9237604307034012, 'a2': 0.7302967433402215, 'a3': 3.6860455761719804} logZ_new= nan obs_new= 3.8463997034026715e-34
params_max= {'a1': 0.9237604307034012, 'a2': 0.7302967433402215, 'a3': 3.68604557658848} logZ_max= 2.619692637048292 obs_max= 2.179501588386227e-32
dist_min= tensor(10856.6815) dist_max= tensor(4154.8992)
params_min,params_max=params_min,params_new
evaluating model at params_new={'a1': 0.9237604307034012, 'a2': 0.7302967433402215, 'a3': 3.68604557596373}
params_min= {'a1': 0.9237604307034012, 'a2': 0.7302967433402215, 'a3': 3.68604557575548} logZ_min= nan obs_min= 1.5219695488645568e-31
params_new= {'a1': 0.9237604307034012, 'a2': 0.7302967433402215, 'a3': 3.68604557596373} logZ_new= 2.6194836798205885 obs_new= 1.0240675999696638e-33
params_max= {'a1': 0.9237604307034012, 'a2': 0.7302967433402215, 'a3': 3.6860455761719804} logZ_max= nan obs_max= 3.8463997034026715e-34
dist_min= tensor(10029.9632) dist_max= tensor(4155.4770)
params_min,params_max=params_min,params_new
evaluating model at params_new={'a1': 0.9237604307034012, 'a2': 0.7302967433402215, 'a3': 3.6860455758596053}
params_min= {'a1': 0.9237604307034012, 'a2': 0.7302967433402215, 'a3': 3.68604557575548} logZ_min= nan obs_min= 1.5219695488645568e-31
params_new= {'a1': 0.9237604307034012, 'a2': 0.7302967433402215, 'a3': 3.6860455758596053} logZ_new= nan obs_new= 4.124558673579178e-34
params_max= {'a1': 0.9237604307034012, 'a2': 0.7302967433402215, 'a3': 3.68604557596373} logZ_max= 2.6194836798205885 obs_max= 1.0240675999696638e-33
dist_min= tensor(10029.9635) dist_max= tensor(2.9530)
params_min,params_max=params_min,params_new
evaluating model at params_new={'a1': 0.9237604307034012, 'a2': 0.7302967433402215, 'a3': 3.686045575807543}
params_min= {'a1': 0.9237604307034012, 'a2': 0.7302967433402215, 'a3': 3.68604557575548} logZ_min= nan obs_min= 1.5219695488645568e-31
params_new= {'a1': 0.9237604307034012, 'a2': 0.7302967433402215, 'a3': 3.686045575807543} logZ_new= 2.6196954332536238 obs_new= 4.608038355829103e-33
params_max= {'a1': 0.9237604307034012, 'a2': 0.7302967433402215, 'a3': 3.6860455758596053} logZ_max= nan obs_max= 4.124558673579178e-34
dist_min= tensor(10029.9628) dist_max= tensor(2.7294)
params_min,params_max=params_min,params_new
evaluating model at params_new={'a1': 0.9237604307034012, 'a2': 0.7302967433402215, 'a3': 3.6860455757815114}
params_min= {'a1': 0.9237604307034012, 'a2': 0.7302967433402215, 'a3': 3.68604557575548} logZ_min= nan obs_min= 1.5219695488645568e-31
params_new= {'a1': 0.9237604307034012, 'a2': 0.7302967433402215, 'a3': 3.6860455757815114} logZ_new= nan obs_new= 3.745612788068843e-33
params_max= {'a1': 0.9237604307034012, 'a2': 0.7302967433402215, 'a3': 3.686045575807543} logZ_max= 2.6196954332536238 obs_max= 4.608038355829103e-33
dist_min= tensor(10030.4082) dist_max= tensor(65.8446)
params_min,params_max=params_min,params_new
evaluating model at params_new={'a1': 0.9237604307034012, 'a2': 0.7302967433402215, 'a3': 3.686045575768496}
params_min= {'a1': 0.9237604307034012, 'a2': 0.7302967433402215, 'a3': 3.68604557575548} logZ_min= nan obs_min= 1.5219695488645568e-31
params_new= {'a1': 0.9237604307034012, 'a2': 0.7302967433402215, 'a3': 3.686045575768496} logZ_new= nan obs_new= 2.5284393866808474e-33
params_max= {'a1': 0.9237604307034012, 'a2': 0.7302967433402215, 'a3': 3.6860455757815114} logZ_max= nan obs_max= 3.745612788068843e-33
dist_min= tensor(10033.6772) dist_max= tensor(233.6819)
params_min,params_max=params_min,params_new
evaluating model at params_new={'a1': 0.9237604307034012, 'a2': 0.7302967433402215, 'a3': 3.6860455757619883}
params_min= {'a1': 0.9237604307034012, 'a2': 0.7302967433402215, 'a3': 3.68604557575548} logZ_min= nan obs_min= 1.5219695488645568e-31
params_new= {'a1': 0.9237604307034012, 'a2': 0.7302967433402215, 'a3': 3.6860455757619883} logZ_new= 2.619673427992651 obs_new= 2.1482186984348914e-33
params_max= {'a1': 0.9237604307034012, 'a2': 0.7302967433402215, 'a3': 3.686045575768496} logZ_max= nan obs_max= 2.5284393866808474e-33
dist_min= tensor(15879.9393) dist_max= tensor(12318.1997)
params_min,params_max=params_min,params_new
evaluating model at params_new={'a1': 0.9237604307034012, 'a2': 0.7302967433402215, 'a3': 3.686045575758734}
params_min= {'a1': 0.9237604307034012, 'a2': 0.7302967433402215, 'a3': 3.68604557575548} logZ_min= nan obs_min= 1.5219695488645568e-31
params_new= {'a1': 0.9237604307034012, 'a2': 0.7302967433402215, 'a3': 3.686045575758734} logZ_new= 2.6197017976351105 obs_new= 4.533861607984761e-33
params_max= {'a1': 0.9237604307034012, 'a2': 0.7302967433402215, 'a3': 3.6860455757619883} logZ_max= 2.619673427992651 obs_max= 2.1482186984348914e-33
dist_min= tensor(10029.9628) dist_max= tensor(12314.7862)
params_min,params_max=params_new,params_max
evaluating model at params_new={'a1': 0.9237604307034012, 'a2': 0.7302967433402215, 'a3': 3.686045575760361}
params_min= {'a1': 0.9237604307034012, 'a2': 0.7302967433402215, 'a3': 3.686045575758734} logZ_min= 2.6197017976351105 obs_min= 4.533861607984761e-33
params_new= {'a1': 0.9237604307034012, 'a2': 0.7302967433402215, 'a3': 3.686045575760361} logZ_new= nan obs_new= 8.304233704552207e-32
params_max= {'a1': 0.9237604307034012, 'a2': 0.7302967433402215, 'a3': 3.6860455757619883} logZ_max= 2.619673427992651 obs_max= 2.1482186984348914e-33
dist_min= tensor(26.0021) dist_max= tensor(12315.3402)
params_min,params_max=params_new,params_max
evaluating model at params_new={'a1': 0.9237604307034012, 'a2': 0.7302967433402215, 'a3': 3.6860455757611748}
params_min= {'a1': 0.9237604307034012, 'a2': 0.7302967433402215, 'a3': 3.686045575760361} logZ_min= nan obs_min= 8.304233704552207e-32
params_new= {'a1': 0.9237604307034012, 'a2': 0.7302967433402215, 'a3': 3.6860455757611748} logZ_new= 2.6191519761471866 obs_new= 2.926765364804128e-33
params_max= {'a1': 0.9237604307034012, 'a2': 0.7302967433402215, 'a3': 3.6860455757619883} logZ_max= 2.619673427992651 obs_max= 2.1482186984348914e-33
dist_min= tensor(642.7233) dist_max= tensor(12332.5232)
params_min,params_max=params_new,params_max
evaluating model at params_new={'a1': 0.9237604307034012, 'a2': 0.7302967433402215, 'a3': 3.6860455757615815}
params_min= {'a1': 0.9237604307034012, 'a2': 0.7302967433402215, 'a3': 3.6860455757611748} logZ_min= 2.6191519761471866 obs_min= 2.926765364804128e-33
params_new= {'a1': 0.9237604307034012, 'a2': 0.7302967433402215, 'a3': 3.6860455757615815} logZ_new= 2.6196679659091058 obs_new= 5.9674908483675416e-33
params_max= {'a1': 0.9237604307034012, 'a2': 0.7302967433402215, 'a3': 3.6860455757619883} logZ_max= 2.619673427992651 obs_max= 2.1482186984348914e-33
dist_min= tensor(735.7552) dist_max= tensor(12320.0880)
params_min,params_max=params_new,params_max
evaluating model at params_new={'a1': 0.9237604307034012, 'a2': 0.7302967433402215, 'a3': 3.686045575761785}
params_min= {'a1': 0.9237604307034012, 'a2': 0.7302967433402215, 'a3': 3.6860455757615815} logZ_min= 2.6196679659091058 obs_min= 5.9674908483675416e-33
params_new= {'a1': 0.9237604307034012, 'a2': 0.7302967433402215, 'a3': 3.686045575761785} logZ_new= nan obs_new= 8.572220717013621e-33
params_max= {'a1': 0.9237604307034012, 'a2': 0.7302967433402215, 'a3': 3.6860455757619883} logZ_max= 2.619673427992651 obs_max= 2.1482186984348914e-33
dist_min= tensor(17877.0105) dist_max= tensor(21705.7131)
params_min,params_max=params_new,params_max
evaluating model at params_new={'a1': 0.9237604307034012, 'a2': 0.7302967433402215, 'a3': 3.6860455757618866}
params_min= {'a1': 0.9237604307034012, 'a2': 0.7302967433402215, 'a3': 3.686045575761785} logZ_min= nan obs_min= 8.572220717013621e-33
params_new= {'a1': 0.9237604307034012, 'a2': 0.7302967433402215, 'a3': 3.6860455757618866} logZ_new= nan obs_new= 5.902919870160096e-32
params_max= {'a1': 0.9237604307034012, 'a2': 0.7302967433402215, 'a3': 3.6860455757619883} logZ_max= 2.619673427992651 obs_max= 2.1482186984348914e-33
dist_min= tensor(17870.2889) dist_max= tensor(12315.3678)
params_min,params_max=params_min,params_new
evaluating model at params_new={'a1': 0.9237604307034012, 'a2': 0.7302967433402215, 'a3': 3.6860455757618356}
params_min= {'a1': 0.9237604307034012, 'a2': 0.7302967433402215, 'a3': 3.686045575761785} logZ_min= nan obs_min= 8.572220717013621e-33
params_new= {'a1': 0.9237604307034012, 'a2': 0.7302967433402215, 'a3': 3.6860455757618356} logZ_new= 2.6194815817252644 obs_new= 1.986584995560026e-34
params_max= {'a1': 0.9237604307034012, 'a2': 0.7302967433402215, 'a3': 3.6860455757618866} logZ_max= nan obs_max= 5.902919870160096e-32
dist_min= tensor(57147.9421) dist_max= tensor(54266.7715)
params_min,params_max=params_min,params_new
evaluating model at params_new={'a1': 0.9237604307034012, 'a2': 0.7302967433402215, 'a3': 3.6860455757618102}
params_min= {'a1': 0.9237604307034012, 'a2': 0.7302967433402215, 'a3': 3.686045575761785} logZ_min= nan obs_min= 8.572220717013621e-33
params_new= {'a1': 0.9237604307034012, 'a2': 0.7302967433402215, 'a3': 3.6860455757618102} logZ_new= 2.619573355268437 obs_new= -1.421906348139912e-32
params_max= {'a1': 0.9237604307034012, 'a2': 0.7302967433402215, 'a3': 3.6860455757618356} logZ_max= 2.6194815817252644 obs_max= 1.986584995560026e-34
dist_min= tensor(17874.1611) dist_max= tensor(54281.1850)
params_min,params_max=params_new,params_max
evaluating model at params_new={'a1': 0.9237604307034012, 'a2': 0.7302967433402215, 'a3': 3.686045575761823}
params_min= {'a1': 0.9237604307034012, 'a2': 0.7302967433402215, 'a3': 3.6860455757618102} logZ_min= 2.619573355268437 obs_min= -1.421906348139912e-32
params_new= {'a1': 0.9237604307034012, 'a2': 0.7302967433402215, 'a3': 3.686045575761823} logZ_new= 2.619337354189529 obs_new= 2.9534556841509326e-33
params_max= {'a1': 0.9237604307034012, 'a2': 0.7302967433402215, 'a3': 3.6860455757618356} logZ_max= 2.6194815817252644 obs_max= 1.986584995560026e-34
dist_min= tensor(150.0776) dist_max= tensor(54281.0217)
params_min,params_max=params_new,params_max
evaluating model at params_new={'a1': 0.9237604307034012, 'a2': 0.7302967433402215, 'a3': 3.6860455757618293}
params_min= {'a1': 0.9237604307034012, 'a2': 0.7302967433402215, 'a3': 3.686045575761823} logZ_min= 2.619337354189529 obs_min= 2.9534556841509326e-33
params_new= {'a1': 0.9237604307034012, 'a2': 0.7302967433402215, 'a3': 3.6860455757618293} logZ_new= nan obs_new= 1.1788550552402875e-34
params_max= {'a1': 0.9237604307034012, 'a2': 0.7302967433402215, 'a3': 3.6860455757618356} logZ_max= 2.6194815817252644 obs_max= 1.986584995560026e-34
dist_min= tensor(373.4704) dist_max= tensor(53909.8492)
params_min,params_max=params_new,params_max
evaluating model at params_new={'a1': 0.9237604307034012, 'a2': 0.7302967433402215, 'a3': 3.6860455757618324}
params_min= {'a1': 0.9237604307034012, 'a2': 0.7302967433402215, 'a3': 3.6860455757618293} logZ_min= nan obs_min= 1.1788550552402875e-34
params_new= {'a1': 0.9237604307034012, 'a2': 0.7302967433402215, 'a3': 3.6860455757618324} logZ_new= nan obs_new= 3.121111441347799e-33
params_max= {'a1': 0.9237604307034012, 'a2': 0.7302967433402215, 'a3': 3.6860455757618356} logZ_max= 2.6194815817252644 obs_max= 1.986584995560026e-34
dist_min= tensor(400.6075) dist_max= tensor(54277.7717)
params_min,params_max=params_new,params_max
evaluating model at params_new={'a1': 0.9237604307034012, 'a2': 0.7302967433402215, 'a3': 3.686045575761834}
params_min= {'a1': 0.9237604307034012, 'a2': 0.7302967433402215, 'a3': 3.6860455757618324} logZ_min= nan obs_min= 3.121111441347799e-33
params_new= {'a1': 0.9237604307034012, 'a2': 0.7302967433402215, 'a3': 3.686045575761834} logZ_new= 2.6196247917404714 obs_new= 2.0214496070335283e-34
params_max= {'a1': 0.9237604307034012, 'a2': 0.7302967433402215, 'a3': 3.6860455757618356} logZ_max= 2.6194815817252644 obs_max= 1.986584995560026e-34
dist_min= tensor(159.1338) dist_max= tensor(54280.7897)
params_min,params_max=params_new,params_max
evaluating model at params_new={'a1': 0.9237604307034012, 'a2': 0.7302967433402215, 'a3': 3.6860455757618347}
params_min= {'a1': 0.9237604307034012, 'a2': 0.7302967433402215, 'a3': 3.686045575761834} logZ_min= 2.6196247917404714 obs_min= 2.0214496070335283e-34
params_new= {'a1': 0.9237604307034012, 'a2': 0.7302967433402215, 'a3': 3.6860455757618347} logZ_new= 2.619715094817486 obs_new= 1.5756204840281956e-32
params_max= {'a1': 0.9237604307034012, 'a2': 0.7302967433402215, 'a3': 3.6860455757618356} logZ_max= 2.6194815817252644 obs_max= 1.986584995560026e-34
dist_min= tensor(0.0935) dist_max= tensor(54280.8448)
params_min,params_max=params_new,params_max
evaluating model at params_new={'a1': 0.9237604307034012, 'a2': 0.7302967433402215, 'a3': 3.686045575761835}
params_min= {'a1': 0.9237604307034012, 'a2': 0.7302967433402215, 'a3': 3.6860455757618347} logZ_min= 2.619715094817486 obs_min= 1.5756204840281956e-32
params_new= {'a1': 0.9237604307034012, 'a2': 0.7302967433402215, 'a3': 3.686045575761835} logZ_new= nan obs_new= 1.0093228253669076e-35
params_max= {'a1': 0.9237604307034012, 'a2': 0.7302967433402215, 'a3': 3.6860455757618356} logZ_max= 2.6194815817252644 obs_max= 1.986584995560026e-34
dist_min= tensor(11.6486) dist_max= tensor(54281.0241)
params_min,params_max=params_new,params_max
critical params found:  {'a1': 0.9237604307034012, 'a2': 0.7302967433402215, 'a3': 3.6860455757618356}
reference params:  {'a1': 1.1547005383792515, 'a2': 1.8257418583505538, 'a3': 4.47213595499958}
file saved to  data/AKLT3D_X10_scan_grid_critical_a3/a1_0.9237604_a2_0.7302967/Tc.json
