Start running find_critical_temp.py with options:{'filename': 'data/AKLT3D_X10_scan_grid_critical_a3/a1_1.6165808_a2_3.2863353/Tc.json', 'log_filename': 'data/AKLT3D_X10_scan_grid_critical_a3/a1_1.6165808_a2_3.2863353/Tc.log', 'nLayers': 60, 'max_dim': 10, 'model': 'AKLT3D', 'params_min': "{'a1': 1.616580753730952, 'a2': 3.286335345030997, 'a3': 2.683281572999748}", 'params_max': "{'a1': 1.616580753730952, 'a2': 3.286335345030997, 'a3': 3.577708763999664}", 'params_ref': None, 'observable_name': 'magnetizationZ', 'tol': 0.0, 'gilt_enabled': False, 'gilt_eps': 8e-07, 'gilt_nIter': 1, 'mcf_enabled': True, 'mcf_eps': 1e-16, 'mcf_max_iter': 200, 'hotrg_sanity_check': False, 'version': 1, 'device': 'cuda:1'}
loading library...
evaluating model at params_min={'a1': 1.616580753730952, 'a2': 3.286335345030997, 'a3': 2.683281572999748}
params_min= {'a1': 1.616580753730952, 'a2': 3.286335345030997, 'a3': 2.683281572999748} logZ_min= nan obs_min= 8.544313665621067e-29
evaluating model at params_max={'a1': 1.616580753730952, 'a2': 3.286335345030997, 'a3': 3.577708763999664}
params_max= {'a1': 1.616580753730952, 'a2': 3.286335345030997, 'a3': 3.577708763999664} logZ_max= 3.7526821635058947 obs_max= 0.446629702301802
searching for critical temperature using bisection method
evaluating model at params_new={'a1': 1.616580753730952, 'a2': 3.286335345030997, 'a3': 3.130495168499706}
params_min= {'a1': 1.616580753730952, 'a2': 3.286335345030997, 'a3': 2.683281572999748} logZ_min= nan obs_min= 8.544313665621067e-29
params_new= {'a1': 1.616580753730952, 'a2': 3.286335345030997, 'a3': 3.130495168499706} logZ_new= 3.743882389836002 obs_new= 0.04068016437631444
params_max= {'a1': 1.616580753730952, 'a2': 3.286335345030997, 'a3': 3.577708763999664} logZ_max= 3.7526821635058947 obs_max= 0.446629702301802
dist_min= tensor(32.9140) dist_max= tensor(52.9745)
params_min,params_max=params_new,params_max
evaluating model at params_new={'a1': 1.616580753730952, 'a2': 3.286335345030997, 'a3': 3.3541019662496847}
params_min= {'a1': 1.616580753730952, 'a2': 3.286335345030997, 'a3': 3.130495168499706} logZ_min= 3.743882389836002 obs_min= 0.04068016437631444
params_new= {'a1': 1.616580753730952, 'a2': 3.286335345030997, 'a3': 3.3541019662496847} logZ_new= 3.7478432857417685 obs_new= 0.25010490071228664
params_max= {'a1': 1.616580753730952, 'a2': 3.286335345030997, 'a3': 3.577708763999664} logZ_max= 3.7526821635058947 obs_max= 0.446629702301802
dist_min= tensor(38.7772) dist_max= tensor(63.5558)
params_min,params_max=params_new,params_max
evaluating model at params_new={'a1': 1.616580753730952, 'a2': 3.286335345030997, 'a3': 3.4659053651246743}
params_min= {'a1': 1.616580753730952, 'a2': 3.286335345030997, 'a3': 3.3541019662496847} logZ_min= 3.7478432857417685 obs_min= 0.25010490071228664
params_new= {'a1': 1.616580753730952, 'a2': 3.286335345030997, 'a3': 3.4659053651246743} logZ_new= 3.751107600955926 obs_new= 0.4220562586067497
params_max= {'a1': 1.616580753730952, 'a2': 3.286335345030997, 'a3': 3.577708763999664} logZ_max= 3.7526821635058947 obs_max= 0.446629702301802
dist_min= tensor(39.3794) dist_max= tensor(53.2855)
params_min,params_max=params_new,params_max
evaluating model at params_new={'a1': 1.616580753730952, 'a2': 3.286335345030997, 'a3': 3.521807064562169}
params_min= {'a1': 1.616580753730952, 'a2': 3.286335345030997, 'a3': 3.4659053651246743} logZ_min= 3.751107600955926 obs_min= 0.4220562586067497
params_new= {'a1': 1.616580753730952, 'a2': 3.286335345030997, 'a3': 3.521807064562169} logZ_new= 3.7522922582613822 obs_new= 0.4508401654724043
params_max= {'a1': 1.616580753730952, 'a2': 3.286335345030997, 'a3': 3.577708763999664} logZ_max= 3.7526821635058947 obs_max= 0.446629702301802
dist_min= tensor(2.5464) dist_max= tensor(52.4473)
params_min,params_max=params_new,params_max
evaluating model at params_new={'a1': 1.616580753730952, 'a2': 3.286335345030997, 'a3': 3.5497579142809164}
params_min= {'a1': 1.616580753730952, 'a2': 3.286335345030997, 'a3': 3.521807064562169} logZ_min= 3.7522922582613822 obs_min= 0.4508401654724043
params_new= {'a1': 1.616580753730952, 'a2': 3.286335345030997, 'a3': 3.5497579142809164} logZ_new= 3.7651596982329827 obs_new= 0.4845456947256427
params_max= {'a1': 1.616580753730952, 'a2': 3.286335345030997, 'a3': 3.577708763999664} logZ_max= 3.7526821635058947 obs_max= 0.446629702301802
dist_min= tensor(41.6448) dist_max= tensor(65.3359)
params_min,params_max=params_new,params_max
evaluating model at params_new={'a1': 1.616580753730952, 'a2': 3.286335345030997, 'a3': 3.56373333914029}
params_min= {'a1': 1.616580753730952, 'a2': 3.286335345030997, 'a3': 3.5497579142809164} logZ_min= 3.7651596982329827 obs_min= 0.4845456947256427
params_new= {'a1': 1.616580753730952, 'a2': 3.286335345030997, 'a3': 3.56373333914029} logZ_new= 3.7654870607192628 obs_new= 0.5018168965490655
params_max= {'a1': 1.616580753730952, 'a2': 3.286335345030997, 'a3': 3.577708763999664} logZ_max= 3.7526821635058947 obs_max= 0.446629702301802
dist_min= tensor(41.8933) dist_max= tensor(53.3958)
params_min,params_max=params_new,params_max
evaluating model at params_new={'a1': 1.616580753730952, 'a2': 3.286335345030997, 'a3': 3.570721051569977}
params_min= {'a1': 1.616580753730952, 'a2': 3.286335345030997, 'a3': 3.56373333914029} logZ_min= 3.7654870607192628 obs_min= 0.5018168965490655
params_new= {'a1': 1.616580753730952, 'a2': 3.286335345030997, 'a3': 3.570721051569977} logZ_new= nan obs_new= 0.4380398878190627
params_max= {'a1': 1.616580753730952, 'a2': 3.286335345030997, 'a3': 3.577708763999664} logZ_max= 3.7526821635058947 obs_max= 0.446629702301802
dist_min= tensor(118.9210) dist_max= tensor(129.8493)
params_min,params_max=params_new,params_max
evaluating model at params_new={'a1': 1.616580753730952, 'a2': 3.286335345030997, 'a3': 3.57421490778482}
params_min= {'a1': 1.616580753730952, 'a2': 3.286335345030997, 'a3': 3.570721051569977} logZ_min= nan obs_min= 0.4380398878190627
params_new= {'a1': 1.616580753730952, 'a2': 3.286335345030997, 'a3': 3.57421490778482} logZ_new= nan obs_new= 0.44272398280213443
params_max= {'a1': 1.616580753730952, 'a2': 3.286335345030997, 'a3': 3.577708763999664} logZ_max= 3.7526821635058947 obs_max= 0.446629702301802
dist_min= tensor(232.0913) dist_max= tensor(206.8799)
params_min,params_max=params_min,params_new
evaluating model at params_new={'a1': 1.616580753730952, 'a2': 3.286335345030997, 'a3': 3.5724679796773984}
params_min= {'a1': 1.616580753730952, 'a2': 3.286335345030997, 'a3': 3.570721051569977} logZ_min= nan obs_min= 0.4380398878190627
params_new= {'a1': 1.616580753730952, 'a2': 3.286335345030997, 'a3': 3.5724679796773984} logZ_new= 3.7656920980825057 obs_new= 0.5108146871809307
params_max= {'a1': 1.616580753730952, 'a2': 3.286335345030997, 'a3': 3.57421490778482} logZ_max= nan obs_max= 0.44272398280213443
dist_min= tensor(119.1181) dist_max= tensor(200.2906)
params_min,params_max=params_new,params_max
evaluating model at params_new={'a1': 1.616580753730952, 'a2': 3.286335345030997, 'a3': 3.5733414437311093}
params_min= {'a1': 1.616580753730952, 'a2': 3.286335345030997, 'a3': 3.5724679796773984} logZ_min= 3.7656920980825057 obs_min= 0.5108146871809307
params_new= {'a1': 1.616580753730952, 'a2': 3.286335345030997, 'a3': 3.5733414437311093} logZ_new= 3.752562490685966 obs_new= 0.4426614006901959
params_max= {'a1': 1.616580753730952, 'a2': 3.286335345030997, 'a3': 3.57421490778482} logZ_max= nan obs_max= 0.44272398280213443
dist_min= tensor(762.1525) dist_max= tensor(783.5154)
params_min,params_max=params_new,params_max
evaluating model at params_new={'a1': 1.616580753730952, 'a2': 3.286335345030997, 'a3': 3.5737781757579645}
params_min= {'a1': 1.616580753730952, 'a2': 3.286335345030997, 'a3': 3.5733414437311093} logZ_min= 3.752562490685966 obs_min= 0.4426614006901959
params_new= {'a1': 1.616580753730952, 'a2': 3.286335345030997, 'a3': 3.5737781757579645} logZ_new= nan obs_new= 0.44193433980941044
params_max= {'a1': 1.616580753730952, 'a2': 3.286335345030997, 'a3': 3.57421490778482} logZ_max= nan obs_max= 0.44272398280213443
dist_min= tensor(761.6834) dist_max= tensor(189.8836)
params_min,params_max=params_min,params_new
evaluating model at params_new={'a1': 1.616580753730952, 'a2': 3.286335345030997, 'a3': 3.5735598097445367}
params_min= {'a1': 1.616580753730952, 'a2': 3.286335345030997, 'a3': 3.5733414437311093} logZ_min= 3.752562490685966 obs_min= 0.4426614006901959
params_new= {'a1': 1.616580753730952, 'a2': 3.286335345030997, 'a3': 3.5735598097445367} logZ_new= 3.752680189667539 obs_new= 0.43518207277762155
params_max= {'a1': 1.616580753730952, 'a2': 3.286335345030997, 'a3': 3.5737781757579645} logZ_max= nan obs_max= 0.44193433980941044
dist_min= tensor(762.1518) dist_max= tensor(33.0913)
params_min,params_max=params_min,params_new
evaluating model at params_new={'a1': 1.616580753730952, 'a2': 3.286335345030997, 'a3': 3.5734506267378228}
params_min= {'a1': 1.616580753730952, 'a2': 3.286335345030997, 'a3': 3.5733414437311093} logZ_min= 3.752562490685966 obs_min= 0.4426614006901959
params_new= {'a1': 1.616580753730952, 'a2': 3.286335345030997, 'a3': 3.5734506267378228} logZ_new= 3.765715411942829 obs_new= 0.5119007918276862
params_max= {'a1': 1.616580753730952, 'a2': 3.286335345030997, 'a3': 3.5735598097445367} logZ_max= 3.752680189667539 obs_max= 0.43518207277762155
dist_min= tensor(762.1091) dist_max= tensor(2.7784)
params_min,params_max=params_min,params_new
evaluating model at params_new={'a1': 1.616580753730952, 'a2': 3.286335345030997, 'a3': 3.573396035234466}
params_min= {'a1': 1.616580753730952, 'a2': 3.286335345030997, 'a3': 3.5733414437311093} logZ_min= 3.752562490685966 obs_min= 0.4426614006901959
params_new= {'a1': 1.616580753730952, 'a2': 3.286335345030997, 'a3': 3.573396035234466} logZ_new= 3.765714113169563 obs_new= 0.5118402484284414
params_max= {'a1': 1.616580753730952, 'a2': 3.286335345030997, 'a3': 3.5734506267378228} logZ_max= 3.765715411942829 obs_max= 0.5119007918276862
dist_min= tensor(762.1098) dist_max= tensor(0.1350)
params_min,params_max=params_min,params_new
evaluating model at params_new={'a1': 1.616580753730952, 'a2': 3.286335345030997, 'a3': 3.5733687394827873}
params_min= {'a1': 1.616580753730952, 'a2': 3.286335345030997, 'a3': 3.5733414437311093} logZ_min= 3.752562490685966 obs_min= 0.4426614006901959
params_new= {'a1': 1.616580753730952, 'a2': 3.286335345030997, 'a3': 3.5733687394827873} logZ_new= nan obs_new= 0.5107357079537572
params_max= {'a1': 1.616580753730952, 'a2': 3.286335345030997, 'a3': 3.573396035234466} logZ_max= 3.765714113169563 obs_max= 0.5118402484284414
dist_min= tensor(762.1600) dist_max= tensor(7.0326)
params_min,params_max=params_min,params_new
evaluating model at params_new={'a1': 1.616580753730952, 'a2': 3.286335345030997, 'a3': 3.573355091606948}
params_min= {'a1': 1.616580753730952, 'a2': 3.286335345030997, 'a3': 3.5733414437311093} logZ_min= 3.752562490685966 obs_min= 0.4426614006901959
params_new= {'a1': 1.616580753730952, 'a2': 3.286335345030997, 'a3': 3.573355091606948} logZ_new= 3.7525730990857 obs_new= 0.4412624216063167
params_max= {'a1': 1.616580753730952, 'a2': 3.286335345030997, 'a3': 3.5733687394827873} logZ_max= nan obs_max= 0.5107357079537572
dist_min= tensor(761.7935) dist_max= tensor(46.4695)
params_min,params_max=params_min,params_new
evaluating model at params_new={'a1': 1.616580753730952, 'a2': 3.286335345030997, 'a3': 3.5733482676690285}
params_min= {'a1': 1.616580753730952, 'a2': 3.286335345030997, 'a3': 3.5733414437311093} logZ_min= 3.752562490685966 obs_min= 0.4426614006901959
params_new= {'a1': 1.616580753730952, 'a2': 3.286335345030997, 'a3': 3.5733482676690285} logZ_new= nan obs_new= 0.5133873011423399
params_max= {'a1': 1.616580753730952, 'a2': 3.286335345030997, 'a3': 3.573355091606948} logZ_max= 3.7525730990857 obs_max= 0.4412624216063167
dist_min= tensor(762.1490) dist_max= tensor(46.5368)
params_min,params_max=params_min,params_new
evaluating model at params_new={'a1': 1.616580753730952, 'a2': 3.286335345030997, 'a3': 3.5733448557000687}
params_min= {'a1': 1.616580753730952, 'a2': 3.286335345030997, 'a3': 3.5733414437311093} logZ_min= 3.752562490685966 obs_min= 0.4426614006901959
params_new= {'a1': 1.616580753730952, 'a2': 3.286335345030997, 'a3': 3.5733448557000687} logZ_new= nan obs_new= 0.5119134324172809
params_max= {'a1': 1.616580753730952, 'a2': 3.286335345030997, 'a3': 3.5733482676690285} logZ_max= nan obs_max= 0.5133873011423399
dist_min= tensor(762.8531) dist_max= tensor(31.2024)
params_min,params_max=params_min,params_new
evaluating model at params_new={'a1': 1.616580753730952, 'a2': 3.286335345030997, 'a3': 3.5733431497155888}
params_min= {'a1': 1.616580753730952, 'a2': 3.286335345030997, 'a3': 3.5733414437311093} logZ_min= 3.752562490685966 obs_min= 0.4426614006901959
params_new= {'a1': 1.616580753730952, 'a2': 3.286335345030997, 'a3': 3.5733431497155888} logZ_new= 3.7526784674798987 obs_new= 0.4347356866544519
params_max= {'a1': 1.616580753730952, 'a2': 3.286335345030997, 'a3': 3.5733448557000687} logZ_max= nan obs_max= 0.5119134324172809
dist_min= tensor(762.1095) dist_max= tensor(32.2275)
params_min,params_max=params_min,params_new
evaluating model at params_new={'a1': 1.616580753730952, 'a2': 3.286335345030997, 'a3': 3.5733422967233492}
params_min= {'a1': 1.616580753730952, 'a2': 3.286335345030997, 'a3': 3.5733414437311093} logZ_min= 3.752562490685966 obs_min= 0.4426614006901959
params_new= {'a1': 1.616580753730952, 'a2': 3.286335345030997, 'a3': 3.5733422967233492} logZ_new= 3.7657128167791165 obs_new= 0.5117825256227
params_max= {'a1': 1.616580753730952, 'a2': 3.286335345030997, 'a3': 3.5733431497155888} logZ_max= 3.7526784674798987 obs_max= 0.4347356866544519
dist_min= tensor(762.1280) dist_max= tensor(2.3003)
params_min,params_max=params_min,params_new
evaluating model at params_new={'a1': 1.616580753730952, 'a2': 3.286335345030997, 'a3': 3.573341870227229}
params_min= {'a1': 1.616580753730952, 'a2': 3.286335345030997, 'a3': 3.5733414437311093} logZ_min= 3.752562490685966 obs_min= 0.4426614006901959
params_new= {'a1': 1.616580753730952, 'a2': 3.286335345030997, 'a3': 3.573341870227229} logZ_new= 3.7657128421915265 obs_new= 0.5117842389313744
params_max= {'a1': 1.616580753730952, 'a2': 3.286335345030997, 'a3': 3.5733422967233492} logZ_max= 3.7657128167791165 obs_max= 0.5117825256227
dist_min= tensor(762.1063) dist_max= tensor(1.1480)
params_min,params_max=params_min,params_new
evaluating model at params_new={'a1': 1.616580753730952, 'a2': 3.286335345030997, 'a3': 3.573341656979169}
params_min= {'a1': 1.616580753730952, 'a2': 3.286335345030997, 'a3': 3.5733414437311093} logZ_min= 3.752562490685966 obs_min= 0.4426614006901959
params_new= {'a1': 1.616580753730952, 'a2': 3.286335345030997, 'a3': 3.573341656979169} logZ_new= nan obs_new= 0.5107082092562403
params_max= {'a1': 1.616580753730952, 'a2': 3.286335345030997, 'a3': 3.573341870227229} logZ_max= 3.7657128421915265 obs_max= 0.5117842389313744
dist_min= tensor(762.1536) dist_max= tensor(6.6599)
params_min,params_max=params_min,params_new
evaluating model at params_new={'a1': 1.616580753730952, 'a2': 3.286335345030997, 'a3': 3.5733415503551393}
params_min= {'a1': 1.616580753730952, 'a2': 3.286335345030997, 'a3': 3.5733414437311093} logZ_min= 3.752562490685966 obs_min= 0.4426614006901959
params_new= {'a1': 1.616580753730952, 'a2': 3.286335345030997, 'a3': 3.5733415503551393} logZ_new= 3.7526784302364424 obs_new= 0.43473086826149676
params_max= {'a1': 1.616580753730952, 'a2': 3.286335345030997, 'a3': 3.573341656979169} logZ_max= nan obs_max= 0.5107082092562403
dist_min= tensor(762.1121) dist_max= tensor(7.2720)
params_min,params_max=params_min,params_new
evaluating model at params_new={'a1': 1.616580753730952, 'a2': 3.286335345030997, 'a3': 3.573341497043124}
params_min= {'a1': 1.616580753730952, 'a2': 3.286335345030997, 'a3': 3.5733414437311093} logZ_min= 3.752562490685966 obs_min= 0.4426614006901959
params_new= {'a1': 1.616580753730952, 'a2': 3.286335345030997, 'a3': 3.573341497043124} logZ_new= 3.7525725202082403 obs_new= 0.4412494039092376
params_max= {'a1': 1.616580753730952, 'a2': 3.286335345030997, 'a3': 3.5733415503551393} logZ_max= 3.7526784302364424 obs_max= 0.43473086826149676
dist_min= tensor(795.5851) dist_max= tensor(228.2259)
params_min,params_max=params_min,params_new
evaluating model at params_new={'a1': 1.616580753730952, 'a2': 3.286335345030997, 'a3': 3.573341470387117}
params_min= {'a1': 1.616580753730952, 'a2': 3.286335345030997, 'a3': 3.5733414437311093} logZ_min= 3.752562490685966 obs_min= 0.4426614006901959
params_new= {'a1': 1.616580753730952, 'a2': 3.286335345030997, 'a3': 3.573341470387117} logZ_new= nan obs_new= 0.5107075853372071
params_max= {'a1': 1.616580753730952, 'a2': 3.286335345030997, 'a3': 3.573341497043124} logZ_max= 3.7525725202082403 obs_max= 0.4412494039092376
dist_min= tensor(762.1489) dist_max= tensor(228.7615)
params_min,params_max=params_min,params_new
evaluating model at params_new={'a1': 1.616580753730952, 'a2': 3.286335345030997, 'a3': 3.5733414570591133}
params_min= {'a1': 1.616580753730952, 'a2': 3.286335345030997, 'a3': 3.5733414437311093} logZ_min= 3.752562490685966 obs_min= 0.4426614006901959
params_new= {'a1': 1.616580753730952, 'a2': 3.286335345030997, 'a3': 3.5733414570591133} logZ_new= 3.752591574746176 obs_new= 0.4369283944670863
params_max= {'a1': 1.616580753730952, 'a2': 3.286335345030997, 'a3': 3.573341470387117} logZ_max= nan obs_max= 0.5107075853372071
dist_min= tensor(762.1126) dist_max= tensor(2.5722)
params_min,params_max=params_min,params_new
evaluating model at params_new={'a1': 1.616580753730952, 'a2': 3.286335345030997, 'a3': 3.5733414503951115}
params_min= {'a1': 1.616580753730952, 'a2': 3.286335345030997, 'a3': 3.5733414437311093} logZ_min= 3.752562490685966 obs_min= 0.4426614006901959
params_new= {'a1': 1.616580753730952, 'a2': 3.286335345030997, 'a3': 3.5733414503951115} logZ_new= nan obs_new= 0.4352351410897123
params_max= {'a1': 1.616580753730952, 'a2': 3.286335345030997, 'a3': 3.5733414570591133} logZ_max= 3.752591574746176 obs_max= 0.4369283944670863
dist_min= tensor(762.1465) dist_max= tensor(1.6457)
params_min,params_max=params_min,params_new
evaluating model at params_new={'a1': 1.616580753730952, 'a2': 3.286335345030997, 'a3': 3.57334144706311}
params_min= {'a1': 1.616580753730952, 'a2': 3.286335345030997, 'a3': 3.5733414437311093} logZ_min= 3.752562490685966 obs_min= 0.4426614006901959
params_new= {'a1': 1.616580753730952, 'a2': 3.286335345030997, 'a3': 3.57334144706311} logZ_new= 3.752678419365806 obs_new= 0.4347342893258077
params_max= {'a1': 1.616580753730952, 'a2': 3.286335345030997, 'a3': 3.5733414503951115} logZ_max= nan obs_max= 0.4352351410897123
dist_min= tensor(762.1213) dist_max= tensor(1.4258)
params_min,params_max=params_min,params_new
evaluating model at params_new={'a1': 1.616580753730952, 'a2': 3.286335345030997, 'a3': 3.5733414453971095}
params_min= {'a1': 1.616580753730952, 'a2': 3.286335345030997, 'a3': 3.5733414437311093} logZ_min= 3.752562490685966 obs_min= 0.4426614006901959
params_new= {'a1': 1.616580753730952, 'a2': 3.286335345030997, 'a3': 3.5733414453971095} logZ_new= 3.7657120375740285 obs_new= 0.5107043297359044
params_max= {'a1': 1.616580753730952, 'a2': 3.286335345030997, 'a3': 3.57334144706311} logZ_max= 3.752678419365806 obs_max= 0.4347342893258077
dist_min= tensor(762.0017) dist_max= tensor(3.9667)
params_min,params_max=params_min,params_new
evaluating model at params_new={'a1': 1.616580753730952, 'a2': 3.286335345030997, 'a3': 3.573341444564109}
params_min= {'a1': 1.616580753730952, 'a2': 3.286335345030997, 'a3': 3.5733414437311093} logZ_min= 3.752562490685966 obs_min= 0.4426614006901959
params_new= {'a1': 1.616580753730952, 'a2': 3.286335345030997, 'a3': 3.573341444564109} logZ_new= nan obs_new= 0.5107202192503222
params_max= {'a1': 1.616580753730952, 'a2': 3.286335345030997, 'a3': 3.5733414453971095} logZ_max= 3.7657120375740285 obs_max= 0.5107043297359044
dist_min= tensor(762.1019) dist_max= tensor(3.1374)
params_min,params_max=params_min,params_new
evaluating model at params_new={'a1': 1.616580753730952, 'a2': 3.286335345030997, 'a3': 3.5733414441476095}
params_min= {'a1': 1.616580753730952, 'a2': 3.286335345030997, 'a3': 3.5733414437311093} logZ_min= 3.752562490685966 obs_min= 0.4426614006901959
params_new= {'a1': 1.616580753730952, 'a2': 3.286335345030997, 'a3': 3.5733414441476095} logZ_new= 3.7526784324199247 obs_new= 0.4347332457832907
params_max= {'a1': 1.616580753730952, 'a2': 3.286335345030997, 'a3': 3.573341444564109} logZ_max= nan obs_max= 0.5107202192503222
dist_min= tensor(762.1511) dist_max= tensor(2.8475)
params_min,params_max=params_min,params_new
evaluating model at params_new={'a1': 1.616580753730952, 'a2': 3.286335345030997, 'a3': 3.573341443939359}
params_min= {'a1': 1.616580753730952, 'a2': 3.286335345030997, 'a3': 3.5733414437311093} logZ_min= 3.752562490685966 obs_min= 0.4426614006901959
params_new= {'a1': 1.616580753730952, 'a2': 3.286335345030997, 'a3': 3.573341443939359} logZ_new= 3.765713473313618 obs_new= 0.5127067522560248
params_max= {'a1': 1.616580753730952, 'a2': 3.286335345030997, 'a3': 3.5733414441476095} logZ_max= 3.7526784324199247 obs_max= 0.4347332457832907
dist_min= tensor(762.1141) dist_max= tensor(2.8453)
params_min,params_max=params_min,params_new
evaluating model at params_new={'a1': 1.616580753730952, 'a2': 3.286335345030997, 'a3': 3.5733414438352344}
params_min= {'a1': 1.616580753730952, 'a2': 3.286335345030997, 'a3': 3.5733414437311093} logZ_min= 3.752562490685966 obs_min= 0.4426614006901959
params_new= {'a1': 1.616580753730952, 'a2': 3.286335345030997, 'a3': 3.5733414438352344} logZ_new= nan obs_new= 0.5107094504328187
params_max= {'a1': 1.616580753730952, 'a2': 3.286335345030997, 'a3': 3.573341443939359} logZ_max= 3.765713473313618 obs_max= 0.5127067522560248
dist_min= tensor(762.1030) dist_max= tensor(2.6205)
params_min,params_max=params_min,params_new
evaluating model at params_new={'a1': 1.616580753730952, 'a2': 3.286335345030997, 'a3': 3.573341443783172}
params_min= {'a1': 1.616580753730952, 'a2': 3.286335345030997, 'a3': 3.5733414437311093} logZ_min= 3.752562490685966 obs_min= 0.4426614006901959
params_new= {'a1': 1.616580753730952, 'a2': 3.286335345030997, 'a3': 3.573341443783172} logZ_new= 3.752571690011184 obs_new= 0.44136497980232475
params_max= {'a1': 1.616580753730952, 'a2': 3.286335345030997, 'a3': 3.5733414438352344} logZ_max= nan obs_max= 0.5107094504328187
dist_min= tensor(763.3377) dist_max= tensor(44.7015)
params_min,params_max=params_min,params_new
evaluating model at params_new={'a1': 1.616580753730952, 'a2': 3.286335345030997, 'a3': 3.5733414437571405}
params_min= {'a1': 1.616580753730952, 'a2': 3.286335345030997, 'a3': 3.5733414437311093} logZ_min= 3.752562490685966 obs_min= 0.4426614006901959
params_new= {'a1': 1.616580753730952, 'a2': 3.286335345030997, 'a3': 3.5733414437571405} logZ_new= nan obs_new= 0.5107065710745686
params_max= {'a1': 1.616580753730952, 'a2': 3.286335345030997, 'a3': 3.573341443783172} logZ_max= 3.752571690011184 obs_max= 0.44136497980232475
dist_min= tensor(762.1359) dist_max= tensor(44.7592)
params_min,params_max=params_min,params_new
evaluating model at params_new={'a1': 1.616580753730952, 'a2': 3.286335345030997, 'a3': 3.573341443744125}
params_min= {'a1': 1.616580753730952, 'a2': 3.286335345030997, 'a3': 3.5733414437311093} logZ_min= 3.752562490685966 obs_min= 0.4426614006901959
params_new= {'a1': 1.616580753730952, 'a2': 3.286335345030997, 'a3': 3.573341443744125} logZ_new= nan obs_new= 0.5107364420101561
params_max= {'a1': 1.616580753730952, 'a2': 3.286335345030997, 'a3': 3.5733414437571405} logZ_max= nan obs_max= 0.5107065710745686
dist_min= tensor(4694.1958) dist_max= tensor(4630.8904)
params_min,params_max=params_min,params_new
evaluating model at params_new={'a1': 1.616580753730952, 'a2': 3.286335345030997, 'a3': 3.5733414437376174}
params_min= {'a1': 1.616580753730952, 'a2': 3.286335345030997, 'a3': 3.5733414437311093} logZ_min= 3.752562490685966 obs_min= 0.4426614006901959
params_new= {'a1': 1.616580753730952, 'a2': 3.286335345030997, 'a3': 3.5733414437376174} logZ_new= nan obs_new= 0.5107059642321778
params_max= {'a1': 1.616580753730952, 'a2': 3.286335345030997, 'a3': 3.573341443744125} logZ_max= nan obs_max= 0.5107364420101561
dist_min= tensor(779.3447) dist_max= tensor(4632.1039)
params_min,params_max=params_new,params_max
evaluating model at params_new={'a1': 1.616580753730952, 'a2': 3.286335345030997, 'a3': 3.5733414437408713}
params_min= {'a1': 1.616580753730952, 'a2': 3.286335345030997, 'a3': 3.5733414437376174} logZ_min= nan obs_min= 0.5107059642321778
params_new= {'a1': 1.616580753730952, 'a2': 3.286335345030997, 'a3': 3.5733414437408713} logZ_new= nan obs_new= 0.44124996548985773
params_max= {'a1': 1.616580753730952, 'a2': 3.286335345030997, 'a3': 3.573341443744125} logZ_max= nan obs_max= 0.5107364420101561
dist_min= tensor(170.9845) dist_max= tensor(4631.6230)
params_min,params_max=params_new,params_max
evaluating model at params_new={'a1': 1.616580753730952, 'a2': 3.286335345030997, 'a3': 3.573341443742498}
params_min= {'a1': 1.616580753730952, 'a2': 3.286335345030997, 'a3': 3.5733414437408713} logZ_min= nan obs_min= 0.44124996548985773
params_new= {'a1': 1.616580753730952, 'a2': 3.286335345030997, 'a3': 3.573341443742498} logZ_new= 3.7525896111148613 obs_new= 0.437041317260611
params_max= {'a1': 1.616580753730952, 'a2': 3.286335345030997, 'a3': 3.573341443744125} logZ_max= nan obs_max= 0.5107364420101561
dist_min= tensor(60.7942) dist_max= tensor(4631.2884)
params_min,params_max=params_new,params_max
evaluating model at params_new={'a1': 1.616580753730952, 'a2': 3.286335345030997, 'a3': 3.5733414437433115}
params_min= {'a1': 1.616580753730952, 'a2': 3.286335345030997, 'a3': 3.573341443742498} logZ_min= 3.7525896111148613 obs_min= 0.437041317260611
params_new= {'a1': 1.616580753730952, 'a2': 3.286335345030997, 'a3': 3.5733414437433115} logZ_new= nan obs_new= 0.5107079939166249
params_max= {'a1': 1.616580753730952, 'a2': 3.286335345030997, 'a3': 3.573341443744125} logZ_max= nan obs_max= 0.5107364420101561
dist_min= tensor(185.5336) dist_max= tensor(4635.0168)
params_min,params_max=params_new,params_max
evaluating model at params_new={'a1': 1.616580753730952, 'a2': 3.286335345030997, 'a3': 3.5733414437437183}
params_min= {'a1': 1.616580753730952, 'a2': 3.286335345030997, 'a3': 3.5733414437433115} logZ_min= nan obs_min= 0.5107079939166249
params_new= {'a1': 1.616580753730952, 'a2': 3.286335345030997, 'a3': 3.5733414437437183} logZ_new= 3.765713616711136 obs_new= 0.5129016453615071
params_max= {'a1': 1.616580753730952, 'a2': 3.286335345030997, 'a3': 3.573341443744125} logZ_max= nan obs_max= 0.5107364420101561
dist_min= tensor(185.9563) dist_max= tensor(4631.8473)
params_min,params_max=params_new,params_max
evaluating model at params_new={'a1': 1.616580753730952, 'a2': 3.286335345030997, 'a3': 3.5733414437439217}
params_min= {'a1': 1.616580753730952, 'a2': 3.286335345030997, 'a3': 3.5733414437437183} logZ_min= 3.765713616711136 obs_min= 0.5129016453615071
params_new= {'a1': 1.616580753730952, 'a2': 3.286335345030997, 'a3': 3.5733414437439217} logZ_new= nan obs_new= 0.5107046825095236
params_max= {'a1': 1.616580753730952, 'a2': 3.286335345030997, 'a3': 3.573341443744125} logZ_max= nan obs_max= 0.5107364420101561
dist_min= tensor(4.7463) dist_max= tensor(4629.9492)
params_min,params_max=params_new,params_max
evaluating model at params_new={'a1': 1.616580753730952, 'a2': 3.286335345030997, 'a3': 3.5733414437440234}
params_min= {'a1': 1.616580753730952, 'a2': 3.286335345030997, 'a3': 3.5733414437439217} logZ_min= nan obs_min= 0.5107046825095236
params_new= {'a1': 1.616580753730952, 'a2': 3.286335345030997, 'a3': 3.5733414437440234} logZ_new= 3.7657120460639164 obs_new= 0.5107047316489223
params_max= {'a1': 1.616580753730952, 'a2': 3.286335345030997, 'a3': 3.573341443744125} logZ_max= nan obs_max= 0.5107364420101561
dist_min= tensor(112.5880) dist_max= tensor(4633.3063)
params_min,params_max=params_new,params_max
evaluating model at params_new={'a1': 1.616580753730952, 'a2': 3.286335345030997, 'a3': 3.5733414437440745}
params_min= {'a1': 1.616580753730952, 'a2': 3.286335345030997, 'a3': 3.5733414437440234} logZ_min= 3.7657120460639164 obs_min= 0.5107047316489223
params_new= {'a1': 1.616580753730952, 'a2': 3.286335345030997, 'a3': 3.5733414437440745} logZ_new= 3.765712048277436 obs_new= 0.5107066112947604
params_max= {'a1': 1.616580753730952, 'a2': 3.286335345030997, 'a3': 3.573341443744125} logZ_max= nan obs_max= 0.5107364420101561
dist_min= tensor(53.8937) dist_max= tensor(4632.4507)
params_min,params_max=params_new,params_max
evaluating model at params_new={'a1': 1.616580753730952, 'a2': 3.286335345030997, 'a3': 3.5733414437441}
params_min= {'a1': 1.616580753730952, 'a2': 3.286335345030997, 'a3': 3.5733414437440745} logZ_min= 3.765712048277436 obs_min= 0.5107066112947604
params_new= {'a1': 1.616580753730952, 'a2': 3.286335345030997, 'a3': 3.5733414437441} logZ_new= 3.752619090037751 obs_new= 0.43550571465561266
params_max= {'a1': 1.616580753730952, 'a2': 3.286335345030997, 'a3': 3.573341443744125} logZ_max= nan obs_max= 0.5107364420101561
dist_min= tensor(69.6343) dist_max= tensor(4631.2883)
params_min,params_max=params_new,params_max
evaluating model at params_new={'a1': 1.616580753730952, 'a2': 3.286335345030997, 'a3': 3.5733414437441127}
params_min= {'a1': 1.616580753730952, 'a2': 3.286335345030997, 'a3': 3.5733414437441} logZ_min= 3.752619090037751 obs_min= 0.43550571465561266
params_new= {'a1': 1.616580753730952, 'a2': 3.286335345030997, 'a3': 3.5733414437441127} logZ_new= 3.7657118084718686 obs_new= 0.5107056615173012
params_max= {'a1': 1.616580753730952, 'a2': 3.286335345030997, 'a3': 3.573341443744125} logZ_max= nan obs_max= 0.5107364420101561
dist_min= tensor(280.7992) dist_max= tensor(4640.3377)
params_min,params_max=params_new,params_max
evaluating model at params_new={'a1': 1.616580753730952, 'a2': 3.286335345030997, 'a3': 3.573341443744119}
params_min= {'a1': 1.616580753730952, 'a2': 3.286335345030997, 'a3': 3.5733414437441127} logZ_min= 3.7657118084718686 obs_min= 0.5107056615173012
params_new= {'a1': 1.616580753730952, 'a2': 3.286335345030997, 'a3': 3.573341443744119} logZ_new= nan obs_new= 0.441251156996973
params_max= {'a1': 1.616580753730952, 'a2': 3.286335345030997, 'a3': 3.573341443744125} logZ_max= nan obs_max= 0.5107364420101561
dist_min= tensor(441.9228) dist_max= tensor(4582.4873)
params_min,params_max=params_new,params_max
evaluating model at params_new={'a1': 1.616580753730952, 'a2': 3.286335345030997, 'a3': 3.573341443744122}
params_min= {'a1': 1.616580753730952, 'a2': 3.286335345030997, 'a3': 3.573341443744119} logZ_min= nan obs_min= 0.441251156996973
params_new= {'a1': 1.616580753730952, 'a2': 3.286335345030997, 'a3': 3.573341443744122} logZ_new= nan obs_new= 0.5129502046496961
params_max= {'a1': 1.616580753730952, 'a2': 3.286335345030997, 'a3': 3.573341443744125} logZ_max= nan obs_max= 0.5107364420101561
dist_min= tensor(340.0029) dist_max= tensor(4601.5298)
params_min,params_max=params_new,params_max
evaluating model at params_new={'a1': 1.616580753730952, 'a2': 3.286335345030997, 'a3': 3.5733414437441233}
params_min= {'a1': 1.616580753730952, 'a2': 3.286335345030997, 'a3': 3.573341443744122} logZ_min= nan obs_min= 0.5129502046496961
params_new= {'a1': 1.616580753730952, 'a2': 3.286335345030997, 'a3': 3.5733414437441233} logZ_new= 3.7657120506730397 obs_new= 0.510707721967187
params_max= {'a1': 1.616580753730952, 'a2': 3.286335345030997, 'a3': 3.573341443744125} logZ_max= nan obs_max= 0.5107364420101561
dist_min= tensor(53.5919) dist_max= tensor(4631.9854)
params_min,params_max=params_new,params_max
evaluating model at params_new={'a1': 1.616580753730952, 'a2': 3.286335345030997, 'a3': 3.573341443744124}
params_min= {'a1': 1.616580753730952, 'a2': 3.286335345030997, 'a3': 3.5733414437441233} logZ_min= 3.7657120506730397 obs_min= 0.510707721967187
params_new= {'a1': 1.616580753730952, 'a2': 3.286335345030997, 'a3': 3.573341443744124} logZ_new= 3.752572627688961 obs_new= 0.44125584900677967
params_max= {'a1': 1.616580753730952, 'a2': 3.286335345030997, 'a3': 3.573341443744125} logZ_max= nan obs_max= 0.5107364420101561
dist_min= tensor(61.5379) dist_max= tensor(4631.8839)
params_min,params_max=params_new,params_max
evaluating model at params_new={'a1': 1.616580753730952, 'a2': 3.286335345030997, 'a3': 3.5733414437441247}
params_min= {'a1': 1.616580753730952, 'a2': 3.286335345030997, 'a3': 3.573341443744124} logZ_min= 3.752572627688961 obs_min= 0.44125584900677967
params_new= {'a1': 1.616580753730952, 'a2': 3.286335345030997, 'a3': 3.5733414437441247} logZ_new= 3.765712042596922 obs_new= 0.510706504305714
params_max= {'a1': 1.616580753730952, 'a2': 3.286335345030997, 'a3': 3.573341443744125} logZ_max= nan obs_max= 0.5107364420101561
dist_min= tensor(813.2291) dist_max= tensor(4702.6324)
params_min,params_max=params_new,params_max
critical params found:  {'a1': 1.616580753730952, 'a2': 3.286335345030997, 'a3': 3.573341443744125}
reference params:  {'a1': 1.1547005383792515, 'a2': 1.8257418583505538, 'a3': 4.47213595499958}
file saved to  data/AKLT3D_X10_scan_grid_critical_a3/a1_1.6165808_a2_3.2863353/Tc.json
