Start running find_critical_temp.py with options:{'filename': 'data/AKLT3D_X10_scan_grid_critical_a3/a1_0.2309401_a2_2.9211870/Tc.json', 'log_filename': 'data/AKLT3D_X10_scan_grid_critical_a3/a1_0.2309401_a2_2.9211870/Tc.log', 'nLayers': 60, 'max_dim': 10, 'model': 'AKLT3D', 'params_min': "{'a1': 0.2309401076758503, 'a2': 2.921186973360886, 'a3': 1.788854381999832}", 'params_max': "{'a1': 0.2309401076758503, 'a2': 2.921186973360886, 'a3': 0.0}", 'params_ref': None, 'observable_name': 'magnetizationZ', 'tol': 0.0, 'gilt_enabled': False, 'gilt_eps': 8e-07, 'gilt_nIter': 1, 'mcf_enabled': True, 'mcf_eps': 1e-16, 'mcf_max_iter': 200, 'hotrg_sanity_check': False, 'version': 1, 'device': 'cuda:1'}
loading library...
evaluating model at params_min={'a1': 0.2309401076758503, 'a2': 2.921186973360886, 'a3': 1.788854381999832}
params_min= {'a1': 0.2309401076758503, 'a2': 2.921186973360886, 'a3': 1.788854381999832} logZ_min= nan obs_min= 1.5453417601472667e-27
evaluating model at params_max={'a1': 0.2309401076758503, 'a2': 2.921186973360886, 'a3': 0.0}
params_max= {'a1': 0.2309401076758503, 'a2': 2.921186973360886, 'a3': 0.0} logZ_max= nan obs_max= 2.8999694691635773
searching for critical temperature using bisection method
evaluating model at params_new={'a1': 0.2309401076758503, 'a2': 2.921186973360886, 'a3': 0.894427190999916}
params_min= {'a1': 0.2309401076758503, 'a2': 2.921186973360886, 'a3': 1.788854381999832} logZ_min= nan obs_min= 1.5453417601472667e-27
params_new= {'a1': 0.2309401076758503, 'a2': 2.921186973360886, 'a3': 0.894427190999916} logZ_new= 2.973307126471077 obs_new= 2.7309712947373312
params_max= {'a1': 0.2309401076758503, 'a2': 2.921186973360886, 'a3': 0.0} logZ_max= nan obs_max= 2.8999694691635773
dist_min= tensor(9.4631) dist_max= tensor(6.4322)
params_min,params_max=params_min,params_new
evaluating model at params_new={'a1': 0.2309401076758503, 'a2': 2.921186973360886, 'a3': 1.341640786499874}
params_min= {'a1': 0.2309401076758503, 'a2': 2.921186973360886, 'a3': 1.788854381999832} logZ_min= nan obs_min= 1.5453417601472667e-27
params_new= {'a1': 0.2309401076758503, 'a2': 2.921186973360886, 'a3': 1.341640786499874} logZ_new= nan obs_new= 2.2117116646445773e-31
params_max= {'a1': 0.2309401076758503, 'a2': 2.921186973360886, 'a3': 0.894427190999916} logZ_max= 2.973307126471077 obs_max= 2.7309712947373312
dist_min= tensor(3.5208) dist_max= tensor(6.8069)
params_min,params_max=params_new,params_max
evaluating model at params_new={'a1': 0.2309401076758503, 'a2': 2.921186973360886, 'a3': 1.118033988749895}
params_min= {'a1': 0.2309401076758503, 'a2': 2.921186973360886, 'a3': 1.341640786499874} logZ_min= nan obs_min= 2.2117116646445773e-31
params_new= {'a1': 0.2309401076758503, 'a2': 2.921186973360886, 'a3': 1.118033988749895} logZ_new= nan obs_new= 2.5856876211719e-32
params_max= {'a1': 0.2309401076758503, 'a2': 2.921186973360886, 'a3': 0.894427190999916} logZ_max= 2.973307126471077 obs_max= 2.7309712947373312
dist_min= tensor(6.0730) dist_max= tensor(1.6972)
params_min,params_max=params_min,params_new
evaluating model at params_new={'a1': 0.2309401076758503, 'a2': 2.921186973360886, 'a3': 1.2298373876248845}
params_min= {'a1': 0.2309401076758503, 'a2': 2.921186973360886, 'a3': 1.341640786499874} logZ_min= nan obs_min= 2.2117116646445773e-31
params_new= {'a1': 0.2309401076758503, 'a2': 2.921186973360886, 'a3': 1.2298373876248845} logZ_new= nan obs_new= 2.9628330523544063e-32
params_max= {'a1': 0.2309401076758503, 'a2': 2.921186973360886, 'a3': 1.118033988749895} logZ_max= nan obs_max= 2.5856876211719e-32
dist_min= tensor(16.3502) dist_max= tensor(15.2105)
params_min,params_max=params_min,params_new
evaluating model at params_new={'a1': 0.2309401076758503, 'a2': 2.921186973360886, 'a3': 1.2857390870623793}
params_min= {'a1': 0.2309401076758503, 'a2': 2.921186973360886, 'a3': 1.341640786499874} logZ_min= nan obs_min= 2.2117116646445773e-31
params_new= {'a1': 0.2309401076758503, 'a2': 2.921186973360886, 'a3': 1.2857390870623793} logZ_new= 2.9799672816857554 obs_new= 1.2138888899500628e-31
params_max= {'a1': 0.2309401076758503, 'a2': 2.921186973360886, 'a3': 1.2298373876248845} logZ_max= nan obs_max= 2.9628330523544063e-32
dist_min= tensor(5.9842) dist_max= tensor(15.1031)
params_min,params_max=params_new,params_max
evaluating model at params_new={'a1': 0.2309401076758503, 'a2': 2.921186973360886, 'a3': 1.257788237343632}
params_min= {'a1': 0.2309401076758503, 'a2': 2.921186973360886, 'a3': 1.2857390870623793} logZ_min= 2.9799672816857554 obs_min= 1.2138888899500628e-31
params_new= {'a1': 0.2309401076758503, 'a2': 2.921186973360886, 'a3': 1.257788237343632} logZ_new= nan obs_new= 2.2266114331359003e-29
params_max= {'a1': 0.2309401076758503, 'a2': 2.921186973360886, 'a3': 1.2298373876248845} logZ_max= nan obs_max= 2.9628330523544063e-32
dist_min= tensor(27.0048) dist_max= tensor(31.0909)
params_min,params_max=params_new,params_max
evaluating model at params_new={'a1': 0.2309401076758503, 'a2': 2.921186973360886, 'a3': 1.2438128124842582}
params_min= {'a1': 0.2309401076758503, 'a2': 2.921186973360886, 'a3': 1.257788237343632} logZ_min= nan obs_min= 2.2266114331359003e-29
params_new= {'a1': 0.2309401076758503, 'a2': 2.921186973360886, 'a3': 1.2438128124842582} logZ_new= 2.978910450915755 obs_new= 5.23586431567307e-32
params_max= {'a1': 0.2309401076758503, 'a2': 2.921186973360886, 'a3': 1.2298373876248845} logZ_max= nan obs_max= 2.9628330523544063e-32
dist_min= tensor(29.4779) dist_max= tensor(18.2464)
params_min,params_max=params_min,params_new
evaluating model at params_new={'a1': 0.2309401076758503, 'a2': 2.921186973360886, 'a3': 1.250800524913945}
params_min= {'a1': 0.2309401076758503, 'a2': 2.921186973360886, 'a3': 1.257788237343632} logZ_min= nan obs_min= 2.2266114331359003e-29
params_new= {'a1': 0.2309401076758503, 'a2': 2.921186973360886, 'a3': 1.250800524913945} logZ_new= 2.9788788876538437 obs_new= 3.581677353271868e-29
params_max= {'a1': 0.2309401076758503, 'a2': 2.921186973360886, 'a3': 1.2438128124842582} logZ_max= 2.978910450915755 obs_max= 5.23586431567307e-32
dist_min= tensor(27.0014) dist_max= tensor(10.5149)
params_min,params_max=params_min,params_new
evaluating model at params_new={'a1': 0.2309401076758503, 'a2': 2.921186973360886, 'a3': 1.2542943811287885}
params_min= {'a1': 0.2309401076758503, 'a2': 2.921186973360886, 'a3': 1.257788237343632} logZ_min= nan obs_min= 2.2266114331359003e-29
params_new= {'a1': 0.2309401076758503, 'a2': 2.921186973360886, 'a3': 1.2542943811287885} logZ_new= nan obs_new= 7.110455992583891e-31
params_max= {'a1': 0.2309401076758503, 'a2': 2.921186973360886, 'a3': 1.250800524913945} logZ_max= 2.9788788876538437 obs_max= 3.581677353271868e-29
dist_min= tensor(27.4388) dist_max= tensor(4.1157)
params_min,params_max=params_min,params_new
evaluating model at params_new={'a1': 0.2309401076758503, 'a2': 2.921186973360886, 'a3': 1.2560413092362102}
params_min= {'a1': 0.2309401076758503, 'a2': 2.921186973360886, 'a3': 1.257788237343632} logZ_min= nan obs_min= 2.2266114331359003e-29
params_new= {'a1': 0.2309401076758503, 'a2': 2.921186973360886, 'a3': 1.2560413092362102} logZ_new= 2.9791445714345763 obs_new= 4.348702916925476e-31
params_max= {'a1': 0.2309401076758503, 'a2': 2.921186973360886, 'a3': 1.2542943811287885} logZ_max= nan obs_max= 7.110455992583891e-31
dist_min= tensor(40.0824) dist_max= tensor(29.1616)
params_min,params_max=params_min,params_new
evaluating model at params_new={'a1': 0.2309401076758503, 'a2': 2.921186973360886, 'a3': 1.256914773289921}
params_min= {'a1': 0.2309401076758503, 'a2': 2.921186973360886, 'a3': 1.257788237343632} logZ_min= nan obs_min= 2.2266114331359003e-29
params_new= {'a1': 0.2309401076758503, 'a2': 2.921186973360886, 'a3': 1.256914773289921} logZ_new= 2.9792384765039905 obs_new= 6.943936529319777e-28
params_max= {'a1': 0.2309401076758503, 'a2': 2.921186973360886, 'a3': 1.2560413092362102} logZ_max= 2.9791445714345763 obs_max= 4.348702916925476e-31
dist_min= tensor(27.3494) dist_max= tensor(28.7888)
params_min,params_max=params_new,params_max
evaluating model at params_new={'a1': 0.2309401076758503, 'a2': 2.921186973360886, 'a3': 1.2564780412630656}
params_min= {'a1': 0.2309401076758503, 'a2': 2.921186973360886, 'a3': 1.256914773289921} logZ_min= 2.9792384765039905 obs_min= 6.943936529319777e-28
params_new= {'a1': 0.2309401076758503, 'a2': 2.921186973360886, 'a3': 1.2564780412630656} logZ_new= 2.979232746528362 obs_new= 1.1427636785027845e-28
params_max= {'a1': 0.2309401076758503, 'a2': 2.921186973360886, 'a3': 1.2560413092362102} logZ_max= 2.9791445714345763 obs_max= 4.348702916925476e-31
dist_min= tensor(1.9006) dist_max= tensor(28.5677)
params_min,params_max=params_new,params_max
evaluating model at params_new={'a1': 0.2309401076758503, 'a2': 2.921186973360886, 'a3': 1.256259675249638}
params_min= {'a1': 0.2309401076758503, 'a2': 2.921186973360886, 'a3': 1.2564780412630656} logZ_min= 2.979232746528362 obs_min= 1.1427636785027845e-28
params_new= {'a1': 0.2309401076758503, 'a2': 2.921186973360886, 'a3': 1.256259675249638} logZ_new= 2.9792203979454834 obs_new= 6.759142923522779e-30
params_max= {'a1': 0.2309401076758503, 'a2': 2.921186973360886, 'a3': 1.2560413092362102} logZ_max= 2.9791445714345763 obs_max= 4.348702916925476e-31
dist_min= tensor(1.2426) dist_max= tensor(29.1413)
params_min,params_max=params_new,params_max
evaluating model at params_new={'a1': 0.2309401076758503, 'a2': 2.921186973360886, 'a3': 1.256150492242924}
params_min= {'a1': 0.2309401076758503, 'a2': 2.921186973360886, 'a3': 1.256259675249638} logZ_min= 2.9792203979454834 obs_min= 6.759142923522779e-30
params_new= {'a1': 0.2309401076758503, 'a2': 2.921186973360886, 'a3': 1.256150492242924} logZ_new= nan obs_new= 2.141638439100332e-34
params_max= {'a1': 0.2309401076758503, 'a2': 2.921186973360886, 'a3': 1.2560413092362102} logZ_max= 2.9791445714345763 obs_max= 4.348702916925476e-31
dist_min= tensor(1.9853) dist_max= tensor(28.8497)
params_min,params_max=params_new,params_max
evaluating model at params_new={'a1': 0.2309401076758503, 'a2': 2.921186973360886, 'a3': 1.2560959007395671}
params_min= {'a1': 0.2309401076758503, 'a2': 2.921186973360886, 'a3': 1.256150492242924} logZ_min= nan obs_min= 2.141638439100332e-34
params_new= {'a1': 0.2309401076758503, 'a2': 2.921186973360886, 'a3': 1.2560959007395671} logZ_new= 2.979223063145662 obs_new= 2.148289316528847e-31
params_max= {'a1': 0.2309401076758503, 'a2': 2.921186973360886, 'a3': 1.2560413092362102} logZ_max= 2.9791445714345763 obs_max= 4.348702916925476e-31
dist_min= tensor(224.1509) dist_max= tensor(227.1294)
params_min,params_max=params_new,params_max
evaluating model at params_new={'a1': 0.2309401076758503, 'a2': 2.921186973360886, 'a3': 1.2560686049878886}
params_min= {'a1': 0.2309401076758503, 'a2': 2.921186973360886, 'a3': 1.2560959007395671} logZ_min= 2.979223063145662 obs_min= 2.148289316528847e-31
params_new= {'a1': 0.2309401076758503, 'a2': 2.921186973360886, 'a3': 1.2560686049878886} logZ_new= 2.9792193140995167 obs_new= 1.0808956583292781e-32
params_max= {'a1': 0.2309401076758503, 'a2': 2.921186973360886, 'a3': 1.2560413092362102} logZ_max= 2.9791445714345763 obs_max= 4.348702916925476e-31
dist_min= tensor(224.6856) dist_max= tensor(28.5097)
params_min,params_max=params_min,params_new
evaluating model at params_new={'a1': 0.2309401076758503, 'a2': 2.921186973360886, 'a3': 1.2560822528637279}
params_min= {'a1': 0.2309401076758503, 'a2': 2.921186973360886, 'a3': 1.2560959007395671} logZ_min= 2.979223063145662 obs_min= 2.148289316528847e-31
params_new= {'a1': 0.2309401076758503, 'a2': 2.921186973360886, 'a3': 1.2560822528637279} logZ_new= 2.9791821835571732 obs_new= 3.2196242441889946e-31
params_max= {'a1': 0.2309401076758503, 'a2': 2.921186973360886, 'a3': 1.2560686049878886} logZ_max= 2.9792193140995167 obs_max= 1.0808956583292781e-32
dist_min= tensor(224.6821) dist_max= tensor(0.4152)
params_min,params_max=params_min,params_new
evaluating model at params_new={'a1': 0.2309401076758503, 'a2': 2.921186973360886, 'a3': 1.2560890768016475}
params_min= {'a1': 0.2309401076758503, 'a2': 2.921186973360886, 'a3': 1.2560959007395671} logZ_min= 2.979223063145662 obs_min= 2.148289316528847e-31
params_new= {'a1': 0.2309401076758503, 'a2': 2.921186973360886, 'a3': 1.2560890768016475} logZ_new= 2.9778413005699775 obs_new= 2.7019493467027693e-31
params_max= {'a1': 0.2309401076758503, 'a2': 2.921186973360886, 'a3': 1.2560822528637279} logZ_max= 2.9791821835571732 obs_max= 3.2196242441889946e-31
dist_min= tensor(225.2739) dist_max= tensor(2.7699)
params_min,params_max=params_min,params_new
evaluating model at params_new={'a1': 0.2309401076758503, 'a2': 2.921186973360886, 'a3': 1.2560924887706073}
params_min= {'a1': 0.2309401076758503, 'a2': 2.921186973360886, 'a3': 1.2560959007395671} logZ_min= 2.979223063145662 obs_min= 2.148289316528847e-31
params_new= {'a1': 0.2309401076758503, 'a2': 2.921186973360886, 'a3': 1.2560924887706073} logZ_new= 2.979222734916437 obs_new= 6.5870337868232665e-31
params_max= {'a1': 0.2309401076758503, 'a2': 2.921186973360886, 'a3': 1.2560890768016475} logZ_max= 2.9778413005699775 obs_max= 2.7019493467027693e-31
dist_min= tensor(929402.9563) dist_max= tensor(929628.2057)
params_min,params_max=params_new,params_max
evaluating model at params_new={'a1': 0.2309401076758503, 'a2': 2.921186973360886, 'a3': 1.2560907827861274}
params_min= {'a1': 0.2309401076758503, 'a2': 2.921186973360886, 'a3': 1.2560924887706073} logZ_min= 2.979222734916437 obs_min= 6.5870337868232665e-31
params_new= {'a1': 0.2309401076758503, 'a2': 2.921186973360886, 'a3': 1.2560907827861274} logZ_new= nan obs_new= 3.6110310037092427e-32
params_max= {'a1': 0.2309401076758503, 'a2': 2.921186973360886, 'a3': 1.2560890768016475} logZ_max= 2.9778413005699775 obs_max= 2.7019493467027693e-31
dist_min= tensor(929621.2889) dist_max= tensor(10.1919)
params_min,params_max=params_min,params_new
evaluating model at params_new={'a1': 0.2309401076758503, 'a2': 2.921186973360886, 'a3': 1.2560916357783674}
params_min= {'a1': 0.2309401076758503, 'a2': 2.921186973360886, 'a3': 1.2560924887706073} logZ_min= 2.979222734916437 obs_min= 6.5870337868232665e-31
params_new= {'a1': 0.2309401076758503, 'a2': 2.921186973360886, 'a3': 1.2560916357783674} logZ_new= 2.979222827302712 obs_new= 1.567402152770138e-31
params_max= {'a1': 0.2309401076758503, 'a2': 2.921186973360886, 'a3': 1.2560907827861274} logZ_max= nan obs_max= 3.6110310037092427e-32
dist_min= tensor(929625.5769) dist_max= tensor(12.9056)
params_min,params_max=params_min,params_new
evaluating model at params_new={'a1': 0.2309401076758503, 'a2': 2.921186973360886, 'a3': 1.2560920622744873}
params_min= {'a1': 0.2309401076758503, 'a2': 2.921186973360886, 'a3': 1.2560924887706073} logZ_min= 2.979222734916437 obs_min= 6.5870337868232665e-31
params_new= {'a1': 0.2309401076758503, 'a2': 2.921186973360886, 'a3': 1.2560920622744873} logZ_new= 2.979222583351474 obs_new= 1.1667524427979125e-30
params_max= {'a1': 0.2309401076758503, 'a2': 2.921186973360886, 'a3': 1.2560916357783674} logZ_max= 2.979222827302712 obs_max= 1.567402152770138e-31
dist_min= tensor(929628.2474) dist_max= tensor(6.7679)
params_min,params_max=params_min,params_new
evaluating model at params_new={'a1': 0.2309401076758503, 'a2': 2.921186973360886, 'a3': 1.2560922755225472}
params_min= {'a1': 0.2309401076758503, 'a2': 2.921186973360886, 'a3': 1.2560924887706073} logZ_min= 2.979222734916437 obs_min= 6.5870337868232665e-31
params_new= {'a1': 0.2309401076758503, 'a2': 2.921186973360886, 'a3': 1.2560922755225472} logZ_new= 2.9792224249974972 obs_new= 4.297092810578852e-29
params_max= {'a1': 0.2309401076758503, 'a2': 2.921186973360886, 'a3': 1.2560920622744873} logZ_max= 2.979222583351474 obs_max= 1.1667524427979125e-30
dist_min= tensor(929627.7301) dist_max= tensor(3.6538)
params_min,params_max=params_min,params_new
evaluating model at params_new={'a1': 0.2309401076758503, 'a2': 2.921186973360886, 'a3': 1.2560923821465773}
params_min= {'a1': 0.2309401076758503, 'a2': 2.921186973360886, 'a3': 1.2560924887706073} logZ_min= 2.979222734916437 obs_min= 6.5870337868232665e-31
params_new= {'a1': 0.2309401076758503, 'a2': 2.921186973360886, 'a3': 1.2560923821465773} logZ_new= 2.979223430459369 obs_new= 6.416638637804413e-32
params_max= {'a1': 0.2309401076758503, 'a2': 2.921186973360886, 'a3': 1.2560922755225472} logZ_max= 2.9792224249974972 obs_max= 4.297092810578852e-29
dist_min= tensor(929628.0425) dist_max= tensor(9.0574)
params_min,params_max=params_min,params_new
evaluating model at params_new={'a1': 0.2309401076758503, 'a2': 2.921186973360886, 'a3': 1.2560924354585923}
params_min= {'a1': 0.2309401076758503, 'a2': 2.921186973360886, 'a3': 1.2560924887706073} logZ_min= 2.979222734916437 obs_min= 6.5870337868232665e-31
params_new= {'a1': 0.2309401076758503, 'a2': 2.921186973360886, 'a3': 1.2560924354585923} logZ_new= 2.9792235920038808 obs_new= 3.015126195468806e-29
params_max= {'a1': 0.2309401076758503, 'a2': 2.921186973360886, 'a3': 1.2560923821465773} logZ_max= 2.979223430459369 obs_max= 6.416638637804413e-32
dist_min= tensor(929628.2282) dist_max= tensor(140.6445)
params_min,params_max=params_min,params_new
evaluating model at params_new={'a1': 0.2309401076758503, 'a2': 2.921186973360886, 'a3': 1.2560924621145997}
params_min= {'a1': 0.2309401076758503, 'a2': 2.921186973360886, 'a3': 1.2560924887706073} logZ_min= 2.979222734916437 obs_min= 6.5870337868232665e-31
params_new= {'a1': 0.2309401076758503, 'a2': 2.921186973360886, 'a3': 1.2560924621145997} logZ_new= 2.979223133633309 obs_new= 8.879145860190325e-31
params_max= {'a1': 0.2309401076758503, 'a2': 2.921186973360886, 'a3': 1.2560924354585923} logZ_max= 2.9792235920038808 obs_max= 3.015126195468806e-29
dist_min= tensor(929628.2290) dist_max= tensor(13.5131)
params_min,params_max=params_min,params_new
evaluating model at params_new={'a1': 0.2309401076758503, 'a2': 2.921186973360886, 'a3': 1.2560924754426035}
params_min= {'a1': 0.2309401076758503, 'a2': 2.921186973360886, 'a3': 1.2560924887706073} logZ_min= 2.979222734916437 obs_min= 6.5870337868232665e-31
params_new= {'a1': 0.2309401076758503, 'a2': 2.921186973360886, 'a3': 1.2560924754426035} logZ_new= 2.979209099929569 obs_new= 2.3959959355163015e-32
params_max= {'a1': 0.2309401076758503, 'a2': 2.921186973360886, 'a3': 1.2560924621145997} logZ_max= 2.979223133633309 obs_max= 8.879145860190325e-31
dist_min= tensor(929628.2676) dist_max= tensor(403.7363)
params_min,params_max=params_min,params_new
evaluating model at params_new={'a1': 0.2309401076758503, 'a2': 2.921186973360886, 'a3': 1.2560924821066055}
params_min= {'a1': 0.2309401076758503, 'a2': 2.921186973360886, 'a3': 1.2560924887706073} logZ_min= 2.979222734916437 obs_min= 6.5870337868232665e-31
params_new= {'a1': 0.2309401076758503, 'a2': 2.921186973360886, 'a3': 1.2560924821066055} logZ_new= nan obs_new= 4.2510551726734895e-31
params_max= {'a1': 0.2309401076758503, 'a2': 2.921186973360886, 'a3': 1.2560924754426035} logZ_max= 2.979209099929569 obs_max= 2.3959959355163015e-32
dist_min= tensor(929616.2481) dist_max= tensor(384.3888)
params_min,params_max=params_min,params_new
evaluating model at params_new={'a1': 0.2309401076758503, 'a2': 2.921186973360886, 'a3': 1.2560924854386064}
params_min= {'a1': 0.2309401076758503, 'a2': 2.921186973360886, 'a3': 1.2560924887706073} logZ_min= 2.979222734916437 obs_min= 6.5870337868232665e-31
params_new= {'a1': 0.2309401076758503, 'a2': 2.921186973360886, 'a3': 1.2560924854386064} logZ_new= 2.9792222372545814 obs_new= 4.10603485055516e-33
params_max= {'a1': 0.2309401076758503, 'a2': 2.921186973360886, 'a3': 1.2560924821066055} logZ_max= nan obs_max= 4.2510551726734895e-31
dist_min= tensor(929627.9087) dist_max= tensor(154.5602)
params_min,params_max=params_min,params_new
evaluating model at params_new={'a1': 0.2309401076758503, 'a2': 2.921186973360886, 'a3': 1.2560924871046069}
params_min= {'a1': 0.2309401076758503, 'a2': 2.921186973360886, 'a3': 1.2560924887706073} logZ_min= 2.979222734916437 obs_min= 6.5870337868232665e-31
params_new= {'a1': 0.2309401076758503, 'a2': 2.921186973360886, 'a3': 1.2560924871046069} logZ_new= 2.979223622961297 obs_new= 1.7399390888338892e-30
params_max= {'a1': 0.2309401076758503, 'a2': 2.921186973360886, 'a3': 1.2560924854386064} logZ_max= 2.9792222372545814 obs_max= 4.10603485055516e-33
dist_min= tensor(929627.6338) dist_max= tensor(152.4941)
params_min,params_max=params_min,params_new
evaluating model at params_new={'a1': 0.2309401076758503, 'a2': 2.921186973360886, 'a3': 1.256092487937607}
params_min= {'a1': 0.2309401076758503, 'a2': 2.921186973360886, 'a3': 1.2560924887706073} logZ_min= 2.979222734916437 obs_min= 6.5870337868232665e-31
params_new= {'a1': 0.2309401076758503, 'a2': 2.921186973360886, 'a3': 1.256092487937607} logZ_new= nan obs_new= 2.815679264321575e-31
params_max= {'a1': 0.2309401076758503, 'a2': 2.921186973360886, 'a3': 1.2560924871046069} logZ_max= 2.979223622961297 obs_max= 1.7399390888338892e-30
dist_min= tensor(929628.1240) dist_max= tensor(2.7047)
params_min,params_max=params_min,params_new
evaluating model at params_new={'a1': 0.2309401076758503, 'a2': 2.921186973360886, 'a3': 1.2560924883541071}
params_min= {'a1': 0.2309401076758503, 'a2': 2.921186973360886, 'a3': 1.2560924887706073} logZ_min= 2.979222734916437 obs_min= 6.5870337868232665e-31
params_new= {'a1': 0.2309401076758503, 'a2': 2.921186973360886, 'a3': 1.2560924883541071} logZ_new= 2.979223341733706 obs_new= 1.863109747605098e-29
params_max= {'a1': 0.2309401076758503, 'a2': 2.921186973360886, 'a3': 1.256092487937607} logZ_max= nan obs_max= 2.815679264321575e-31
dist_min= tensor(929627.6183) dist_max= tensor(2.7462)
params_min,params_max=params_min,params_new
evaluating model at params_new={'a1': 0.2309401076758503, 'a2': 2.921186973360886, 'a3': 1.2560924885623572}
params_min= {'a1': 0.2309401076758503, 'a2': 2.921186973360886, 'a3': 1.2560924887706073} logZ_min= 2.979222734916437 obs_min= 6.5870337868232665e-31
params_new= {'a1': 0.2309401076758503, 'a2': 2.921186973360886, 'a3': 1.2560924885623572} logZ_new= 2.9792210011279003 obs_new= 7.298797990114764e-32
params_max= {'a1': 0.2309401076758503, 'a2': 2.921186973360886, 'a3': 1.2560924883541071} logZ_max= 2.979223341733706 obs_max= 1.863109747605098e-29
dist_min= tensor(929627.9817) dist_max= tensor(0.9969)
params_min,params_max=params_min,params_new
evaluating model at params_new={'a1': 0.2309401076758503, 'a2': 2.921186973360886, 'a3': 1.2560924886664822}
params_min= {'a1': 0.2309401076758503, 'a2': 2.921186973360886, 'a3': 1.2560924887706073} logZ_min= 2.979222734916437 obs_min= 6.5870337868232665e-31
params_new= {'a1': 0.2309401076758503, 'a2': 2.921186973360886, 'a3': 1.2560924886664822} logZ_new= 2.9792231002084106 obs_new= 8.80843855788681e-31
params_max= {'a1': 0.2309401076758503, 'a2': 2.921186973360886, 'a3': 1.2560924885623572} logZ_max= 2.9792210011279003 obs_max= 7.298797990114764e-32
dist_min= tensor(929628.1966) dist_max= tensor(6.8041)
params_min,params_max=params_min,params_new
evaluating model at params_new={'a1': 0.2309401076758503, 'a2': 2.921186973360886, 'a3': 1.2560924887185447}
params_min= {'a1': 0.2309401076758503, 'a2': 2.921186973360886, 'a3': 1.2560924887706073} logZ_min= 2.979222734916437 obs_min= 6.5870337868232665e-31
params_new= {'a1': 0.2309401076758503, 'a2': 2.921186973360886, 'a3': 1.2560924887185447} logZ_new= 2.979223082406791 obs_new= 8.09561834122885e-30
params_max= {'a1': 0.2309401076758503, 'a2': 2.921186973360886, 'a3': 1.2560924886664822} logZ_max= 2.9792231002084106 obs_max= 8.80843855788681e-31
dist_min= tensor(929627.6504) dist_max= tensor(6.8341)
params_min,params_max=params_min,params_new
evaluating model at params_new={'a1': 0.2309401076758503, 'a2': 2.921186973360886, 'a3': 1.2560924887445761}
params_min= {'a1': 0.2309401076758503, 'a2': 2.921186973360886, 'a3': 1.2560924887706073} logZ_min= 2.979222734916437 obs_min= 6.5870337868232665e-31
params_new= {'a1': 0.2309401076758503, 'a2': 2.921186973360886, 'a3': 1.2560924887445761} logZ_new= nan obs_new= 1.2902239727010776e-31
params_max= {'a1': 0.2309401076758503, 'a2': 2.921186973360886, 'a3': 1.2560924887185447} logZ_max= 2.979223082406791 obs_max= 8.09561834122885e-30
dist_min= tensor(929628.2676) dist_max= tensor(25.1827)
params_min,params_max=params_min,params_new
evaluating model at params_new={'a1': 0.2309401076758503, 'a2': 2.921186973360886, 'a3': 1.2560924887575917}
params_min= {'a1': 0.2309401076758503, 'a2': 2.921186973360886, 'a3': 1.2560924887706073} logZ_min= 2.979222734916437 obs_min= 6.5870337868232665e-31
params_new= {'a1': 0.2309401076758503, 'a2': 2.921186973360886, 'a3': 1.2560924887575917} logZ_new= 2.9791564915849698 obs_new= 4.8625102710635575e-30
params_max= {'a1': 0.2309401076758503, 'a2': 2.921186973360886, 'a3': 1.2560924887445761} logZ_max= nan obs_max= 1.2902239727010776e-31
dist_min= tensor(929627.6388) dist_max= tensor(25.2111)
params_min,params_max=params_min,params_new
evaluating model at params_new={'a1': 0.2309401076758503, 'a2': 2.921186973360886, 'a3': 1.2560924887640996}
params_min= {'a1': 0.2309401076758503, 'a2': 2.921186973360886, 'a3': 1.2560924887706073} logZ_min= 2.979222734916437 obs_min= 6.5870337868232665e-31
params_new= {'a1': 0.2309401076758503, 'a2': 2.921186973360886, 'a3': 1.2560924887640996} logZ_new= 2.979222804422454 obs_new= 5.1699206409820615e-33
params_max= {'a1': 0.2309401076758503, 'a2': 2.921186973360886, 'a3': 1.2560924887575917} logZ_max= 2.9791564915849698 obs_max= 4.8625102710635575e-30
dist_min= tensor(929627.6621) dist_max= tensor(0.3869)
params_min,params_max=params_min,params_new
evaluating model at params_new={'a1': 0.2309401076758503, 'a2': 2.921186973360886, 'a3': 1.2560924887673535}
params_min= {'a1': 0.2309401076758503, 'a2': 2.921186973360886, 'a3': 1.2560924887706073} logZ_min= 2.979222734916437 obs_min= 6.5870337868232665e-31
params_new= {'a1': 0.2309401076758503, 'a2': 2.921186973360886, 'a3': 1.2560924887673535} logZ_new= 2.9792235958240525 obs_new= 1.2173632223441736e-30
params_max= {'a1': 0.2309401076758503, 'a2': 2.921186973360886, 'a3': 1.2560924887640996} logZ_max= 2.979222804422454 obs_max= 5.1699206409820615e-33
dist_min= tensor(929628.1968) dist_max= tensor(3.4564)
params_min,params_max=params_min,params_new
evaluating model at params_new={'a1': 0.2309401076758503, 'a2': 2.921186973360886, 'a3': 1.2560924887689804}
params_min= {'a1': 0.2309401076758503, 'a2': 2.921186973360886, 'a3': 1.2560924887706073} logZ_min= 2.979222734916437 obs_min= 6.5870337868232665e-31
params_new= {'a1': 0.2309401076758503, 'a2': 2.921186973360886, 'a3': 1.2560924887689804} logZ_new= 2.9792230074105954 obs_new= 4.868908129386718e-30
params_max= {'a1': 0.2309401076758503, 'a2': 2.921186973360886, 'a3': 1.2560924887673535} logZ_max= 2.9792235958240525 obs_max= 1.2173632223441736e-30
dist_min= tensor(929628.2416) dist_max= tensor(12.7563)
params_min,params_max=params_min,params_new
evaluating model at params_new={'a1': 0.2309401076758503, 'a2': 2.921186973360886, 'a3': 1.2560924887697937}
params_min= {'a1': 0.2309401076758503, 'a2': 2.921186973360886, 'a3': 1.2560924887706073} logZ_min= 2.979222734916437 obs_min= 6.5870337868232665e-31
params_new= {'a1': 0.2309401076758503, 'a2': 2.921186973360886, 'a3': 1.2560924887697937} logZ_new= nan obs_new= 6.177519267655065e-31
params_max= {'a1': 0.2309401076758503, 'a2': 2.921186973360886, 'a3': 1.2560924887689804} logZ_max= 2.9792230074105954 obs_max= 4.868908129386718e-30
dist_min= tensor(929628.0866) dist_max= tensor(15.2114)
params_min,params_max=params_min,params_new
evaluating model at params_new={'a1': 0.2309401076758503, 'a2': 2.921186973360886, 'a3': 1.2560924887702005}
params_min= {'a1': 0.2309401076758503, 'a2': 2.921186973360886, 'a3': 1.2560924887706073} logZ_min= 2.979222734916437 obs_min= 6.5870337868232665e-31
params_new= {'a1': 0.2309401076758503, 'a2': 2.921186973360886, 'a3': 1.2560924887702005} logZ_new= nan obs_new= 1.6272008004602307e-31
params_max= {'a1': 0.2309401076758503, 'a2': 2.921186973360886, 'a3': 1.2560924887697937} logZ_max= nan obs_max= 6.177519267655065e-31
dist_min= tensor(929631.1259) dist_max= tensor(2358.4595)
params_min,params_max=params_min,params_new
evaluating model at params_new={'a1': 0.2309401076758503, 'a2': 2.921186973360886, 'a3': 1.256092488770404}
params_min= {'a1': 0.2309401076758503, 'a2': 2.921186973360886, 'a3': 1.2560924887706073} logZ_min= 2.979222734916437 obs_min= 6.5870337868232665e-31
params_new= {'a1': 0.2309401076758503, 'a2': 2.921186973360886, 'a3': 1.256092488770404} logZ_new= nan obs_new= 2.7280817214877053e-30
params_max= {'a1': 0.2309401076758503, 'a2': 2.921186973360886, 'a3': 1.2560924887702005} logZ_max= nan obs_max= 1.6272008004602307e-31
dist_min= tensor(929628.2929) dist_max= tensor(2363.4941)
params_min,params_max=params_min,params_new
evaluating model at params_new={'a1': 0.2309401076758503, 'a2': 2.921186973360886, 'a3': 1.2560924887705056}
params_min= {'a1': 0.2309401076758503, 'a2': 2.921186973360886, 'a3': 1.2560924887706073} logZ_min= 2.979222734916437 obs_min= 6.5870337868232665e-31
params_new= {'a1': 0.2309401076758503, 'a2': 2.921186973360886, 'a3': 1.2560924887705056} logZ_new= 2.9791909601842383 obs_new= 6.880949762838571e-31
params_max= {'a1': 0.2309401076758503, 'a2': 2.921186973360886, 'a3': 1.256092488770404} logZ_max= nan obs_max= 2.7280817214877053e-30
dist_min= tensor(929628.2359) dist_max= tensor(155.9016)
params_min,params_max=params_min,params_new
evaluating model at params_new={'a1': 0.2309401076758503, 'a2': 2.921186973360886, 'a3': 1.2560924887705565}
params_min= {'a1': 0.2309401076758503, 'a2': 2.921186973360886, 'a3': 1.2560924887706073} logZ_min= 2.979222734916437 obs_min= 6.5870337868232665e-31
params_new= {'a1': 0.2309401076758503, 'a2': 2.921186973360886, 'a3': 1.2560924887705565} logZ_new= nan obs_new= 1.9437671496127763e-31
params_max= {'a1': 0.2309401076758503, 'a2': 2.921186973360886, 'a3': 1.2560924887705056} logZ_max= 2.9791909601842383 obs_max= 6.880949762838571e-31
dist_min= tensor(929616.4472) dist_max= tensor(94.4277)
params_min,params_max=params_min,params_new
evaluating model at params_new={'a1': 0.2309401076758503, 'a2': 2.921186973360886, 'a3': 1.256092488770582}
params_min= {'a1': 0.2309401076758503, 'a2': 2.921186973360886, 'a3': 1.2560924887706073} logZ_min= 2.979222734916437 obs_min= 6.5870337868232665e-31
params_new= {'a1': 0.2309401076758503, 'a2': 2.921186973360886, 'a3': 1.256092488770582} logZ_new= 2.979223512118402 obs_new= 2.4043945205879615e-31
params_max= {'a1': 0.2309401076758503, 'a2': 2.921186973360886, 'a3': 1.2560924887705565} logZ_max= nan obs_max= 1.9437671496127763e-31
dist_min= tensor(929628.0054) dist_max= tensor(28.9271)
params_min,params_max=params_min,params_new
evaluating model at params_new={'a1': 0.2309401076758503, 'a2': 2.921186973360886, 'a3': 1.2560924887705947}
params_min= {'a1': 0.2309401076758503, 'a2': 2.921186973360886, 'a3': 1.2560924887706073} logZ_min= 2.979222734916437 obs_min= 6.5870337868232665e-31
params_new= {'a1': 0.2309401076758503, 'a2': 2.921186973360886, 'a3': 1.2560924887705947} logZ_new= 2.978801410960589 obs_new= 8.607176119079312e-32
params_max= {'a1': 0.2309401076758503, 'a2': 2.921186973360886, 'a3': 1.256092488770582} logZ_max= 2.979223512118402 obs_max= 2.4043945205879615e-31
dist_min= tensor(929627.6258) dist_max= tensor(24.5278)
params_min,params_max=params_min,params_new
evaluating model at params_new={'a1': 0.2309401076758503, 'a2': 2.921186973360886, 'a3': 1.256092488770601}
params_min= {'a1': 0.2309401076758503, 'a2': 2.921186973360886, 'a3': 1.2560924887706073} logZ_min= 2.979222734916437 obs_min= 6.5870337868232665e-31
params_new= {'a1': 0.2309401076758503, 'a2': 2.921186973360886, 'a3': 1.256092488770601} logZ_new= nan obs_new= 9.8877929546266e-32
params_max= {'a1': 0.2309401076758503, 'a2': 2.921186973360886, 'a3': 1.2560924887705947} logZ_max= 2.978801410960589 obs_max= 8.607176119079312e-32
dist_min= tensor(929628.1746) dist_max= tensor(7.2251)
params_min,params_max=params_min,params_new
evaluating model at params_new={'a1': 0.2309401076758503, 'a2': 2.921186973360886, 'a3': 1.2560924887706042}
params_min= {'a1': 0.2309401076758503, 'a2': 2.921186973360886, 'a3': 1.2560924887706073} logZ_min= 2.979222734916437 obs_min= 6.5870337868232665e-31
params_new= {'a1': 0.2309401076758503, 'a2': 2.921186973360886, 'a3': 1.2560924887706042} logZ_new= 2.9792191603070672 obs_new= 3.9115582899105895e-30
params_max= {'a1': 0.2309401076758503, 'a2': 2.921186973360886, 'a3': 1.256092488770601} logZ_max= nan obs_max= 9.8877929546266e-32
dist_min= tensor(929627.6950) dist_max= tensor(7.4201)
params_min,params_max=params_min,params_new
evaluating model at params_new={'a1': 0.2309401076758503, 'a2': 2.921186973360886, 'a3': 1.2560924887706058}
params_min= {'a1': 0.2309401076758503, 'a2': 2.921186973360886, 'a3': 1.2560924887706073} logZ_min= 2.979222734916437 obs_min= 6.5870337868232665e-31
params_new= {'a1': 0.2309401076758503, 'a2': 2.921186973360886, 'a3': 1.2560924887706058} logZ_new= nan obs_new= 1.6640910801625834e-31
params_max= {'a1': 0.2309401076758503, 'a2': 2.921186973360886, 'a3': 1.2560924887706042} logZ_max= 2.9792191603070672 obs_max= 3.9115582899105895e-30
dist_min= tensor(929628.1752) dist_max= tensor(1.6008)
params_min,params_max=params_min,params_new
evaluating model at params_new={'a1': 0.2309401076758503, 'a2': 2.921186973360886, 'a3': 1.2560924887706064}
params_min= {'a1': 0.2309401076758503, 'a2': 2.921186973360886, 'a3': 1.2560924887706073} logZ_min= 2.979222734916437 obs_min= 6.5870337868232665e-31
params_new= {'a1': 0.2309401076758503, 'a2': 2.921186973360886, 'a3': 1.2560924887706064} logZ_new= 2.979217222115346 obs_new= 1.7304257038522276e-30
params_max= {'a1': 0.2309401076758503, 'a2': 2.921186973360886, 'a3': 1.2560924887706058} logZ_max= nan obs_max= 1.6640910801625834e-31
dist_min= tensor(929628.3324) dist_max= tensor(297.4603)
params_min,params_max=params_min,params_new
evaluating model at params_new={'a1': 0.2309401076758503, 'a2': 2.921186973360886, 'a3': 1.2560924887706069}
params_min= {'a1': 0.2309401076758503, 'a2': 2.921186973360886, 'a3': 1.2560924887706073} logZ_min= 2.979222734916437 obs_min= 6.5870337868232665e-31
params_new= {'a1': 0.2309401076758503, 'a2': 2.921186973360886, 'a3': 1.2560924887706069} logZ_new= nan obs_new= 5.267613673179148e-32
params_max= {'a1': 0.2309401076758503, 'a2': 2.921186973360886, 'a3': 1.2560924887706064} logZ_max= 2.979217222115346 obs_max= 1.7304257038522276e-30
dist_min= tensor(929628.1735) dist_max= tensor(297.4629)
params_min,params_max=params_min,params_new
evaluating model at params_new={'a1': 0.2309401076758503, 'a2': 2.921186973360886, 'a3': 1.256092488770607}
params_min= {'a1': 0.2309401076758503, 'a2': 2.921186973360886, 'a3': 1.2560924887706073} logZ_min= 2.979222734916437 obs_min= 6.5870337868232665e-31
params_new= {'a1': 0.2309401076758503, 'a2': 2.921186973360886, 'a3': 1.256092488770607} logZ_new= nan obs_new= 1.4314328433957877e-32
params_max= {'a1': 0.2309401076758503, 'a2': 2.921186973360886, 'a3': 1.2560924887706069} logZ_max= nan obs_max= 5.267613673179148e-32
dist_min= tensor(929628.2686) dist_max= tensor(7.4429)
params_min,params_max=params_min,params_new
critical params found:  {'a1': 0.2309401076758503, 'a2': 2.921186973360886, 'a3': 1.2560924887706073}
reference params:  {'a1': 1.1547005383792515, 'a2': 1.8257418583505538, 'a3': 4.47213595499958}
file saved to  data/AKLT3D_X10_scan_grid_critical_a3/a1_0.2309401_a2_2.9211870/Tc.json
