Start running find_critical_temp.py with options:{'filename': 'data/AKLT3D_X10_scan_grid_critical_a3/a1_0.2309401_a2_1.4605935/Tc.json', 'log_filename': 'data/AKLT3D_X10_scan_grid_critical_a3/a1_0.2309401_a2_1.4605935/Tc.log', 'nLayers': 60, 'max_dim': 10, 'model': 'AKLT3D', 'params_min': "{'a1': 0.2309401076758503, 'a2': 1.460593486680443, 'a3': 2.683281572999748}", 'params_max': "{'a1': 0.2309401076758503, 'a2': 1.460593486680443, 'a3': 3.577708763999664}", 'params_ref': None, 'observable_name': 'magnetizationZ', 'tol': 0.0, 'gilt_enabled': False, 'gilt_eps': 8e-07, 'gilt_nIter': 1, 'mcf_enabled': True, 'mcf_eps': 1e-16, 'mcf_max_iter': 200, 'hotrg_sanity_check': False, 'version': 1, 'device': 'cuda:1'}
loading library...
evaluating model at params_min={'a1': 0.2309401076758503, 'a2': 1.460593486680443, 'a3': 2.683281572999748}
params_min= {'a1': 0.2309401076758503, 'a2': 1.460593486680443, 'a3': 2.683281572999748} logZ_min= 2.2780056368596577 obs_min= 3.2684263358269007e-31
evaluating model at params_max={'a1': 0.2309401076758503, 'a2': 1.460593486680443, 'a3': 3.577708763999664}
params_max= {'a1': 0.2309401076758503, 'a2': 1.460593486680443, 'a3': 3.577708763999664} logZ_max= 2.6286621434486115 obs_max= 7.884424100413815
searching for critical temperature using bisection method
evaluating model at params_new={'a1': 0.2309401076758503, 'a2': 1.460593486680443, 'a3': 3.130495168499706}
params_min= {'a1': 0.2309401076758503, 'a2': 1.460593486680443, 'a3': 2.683281572999748} logZ_min= 2.2780056368596577 obs_min= 3.2684263358269007e-31
params_new= {'a1': 0.2309401076758503, 'a2': 1.460593486680443, 'a3': 3.130495168499706} logZ_new= 2.4127766533891424 obs_new= 6.944048816559449
params_max= {'a1': 0.2309401076758503, 'a2': 1.460593486680443, 'a3': 3.577708763999664} logZ_max= 2.6286621434486115 obs_max= 7.884424100413815
dist_min= tensor(5.2500) dist_max= tensor(11.9954)
params_min,params_max=params_new,params_max
evaluating model at params_new={'a1': 0.2309401076758503, 'a2': 1.460593486680443, 'a3': 3.3541019662496847}
params_min= {'a1': 0.2309401076758503, 'a2': 1.460593486680443, 'a3': 3.130495168499706} logZ_min= 2.4127766533891424 obs_min= 6.944048816559449
params_new= {'a1': 0.2309401076758503, 'a2': 1.460593486680443, 'a3': 3.3541019662496847} logZ_new= 2.521180692039521 obs_new= 7.520573327391955
params_max= {'a1': 0.2309401076758503, 'a2': 1.460593486680443, 'a3': 3.577708763999664} logZ_max= 2.6286621434486115 obs_max= 7.884424100413815
dist_min= tensor(4.7999) dist_max= tensor(7.2175)
params_min,params_max=params_new,params_max
evaluating model at params_new={'a1': 0.2309401076758503, 'a2': 1.460593486680443, 'a3': 3.4659053651246743}
params_min= {'a1': 0.2309401076758503, 'a2': 1.460593486680443, 'a3': 3.3541019662496847} logZ_min= 2.521180692039521 obs_min= 7.520573327391955
params_new= {'a1': 0.2309401076758503, 'a2': 1.460593486680443, 'a3': 3.4659053651246743} logZ_new= 2.575187603203331 obs_new= 7.7303951195619955
params_max= {'a1': 0.2309401076758503, 'a2': 1.460593486680443, 'a3': 3.577708763999664} logZ_max= 2.6286621434486115 obs_max= 7.884424100413815
dist_min= tensor(3.3270) dist_max= tensor(4.1407)
params_min,params_max=params_new,params_max
evaluating model at params_new={'a1': 0.2309401076758503, 'a2': 1.460593486680443, 'a3': 3.521807064562169}
params_min= {'a1': 0.2309401076758503, 'a2': 1.460593486680443, 'a3': 3.4659053651246743} logZ_min= 2.575187603203331 obs_min= 7.7303951195619955
params_new= {'a1': 0.2309401076758503, 'a2': 1.460593486680443, 'a3': 3.521807064562169} logZ_new= 2.602012361977091 obs_new= 7.819713436313375
params_max= {'a1': 0.2309401076758503, 'a2': 1.460593486680443, 'a3': 3.577708763999664} logZ_max= 2.6286621434486115 obs_max= 7.884424100413815
dist_min= tensor(1.9449) dist_max= tensor(2.5333)
params_min,params_max=params_new,params_max
evaluating model at params_new={'a1': 0.2309401076758503, 'a2': 1.460593486680443, 'a3': 3.5497579142809164}
params_min= {'a1': 0.2309401076758503, 'a2': 1.460593486680443, 'a3': 3.521807064562169} logZ_min= 2.602012361977091 obs_min= 7.819713436313375
params_new= {'a1': 0.2309401076758503, 'a2': 1.460593486680443, 'a3': 3.5497579142809164} logZ_new= 2.615311434260875 obs_new= 7.84314128778353
params_max= {'a1': 0.2309401076758503, 'a2': 1.460593486680443, 'a3': 3.577708763999664} logZ_max= 2.6286621434486115 obs_max= 7.884424100413815
dist_min= tensor(1.2628) dist_max= tensor(1.6434)
params_min,params_max=params_new,params_max
evaluating model at params_new={'a1': 0.2309401076758503, 'a2': 1.460593486680443, 'a3': 3.56373333914029}
params_min= {'a1': 0.2309401076758503, 'a2': 1.460593486680443, 'a3': 3.5497579142809164} logZ_min= 2.615311434260875 obs_min= 7.84314128778353
params_new= {'a1': 0.2309401076758503, 'a2': 1.460593486680443, 'a3': 3.56373333914029} logZ_new= 2.621992112956183 obs_new= 7.8640575195425
params_max= {'a1': 0.2309401076758503, 'a2': 1.460593486680443, 'a3': 3.577708763999664} logZ_max= 2.6286621434486115 obs_max= 7.884424100413815
dist_min= tensor(0.9400) dist_max= tensor(0.9123)
params_min,params_max=params_min,params_new
evaluating model at params_new={'a1': 0.2309401076758503, 'a2': 1.460593486680443, 'a3': 3.5567456267106032}
params_min= {'a1': 0.2309401076758503, 'a2': 1.460593486680443, 'a3': 3.5497579142809164} logZ_min= 2.615311434260875 obs_min= 7.84314128778353
params_new= {'a1': 0.2309401076758503, 'a2': 1.460593486680443, 'a3': 3.5567456267106032} logZ_new= 2.6186527609668353 obs_new= 7.853679768109343
params_max= {'a1': 0.2309401076758503, 'a2': 1.460593486680443, 'a3': 3.56373333914029} logZ_max= 2.621992112956183 obs_max= 7.8640575195425
dist_min= tensor(1.1376) dist_max= tensor(0.5787)
params_min,params_max=params_min,params_new
evaluating model at params_new={'a1': 0.2309401076758503, 'a2': 1.460593486680443, 'a3': 3.55325177049576}
params_min= {'a1': 0.2309401076758503, 'a2': 1.460593486680443, 'a3': 3.5497579142809164} logZ_min= 2.615311434260875 obs_min= 7.84314128778353
params_new= {'a1': 0.2309401076758503, 'a2': 1.460593486680443, 'a3': 3.55325177049576} logZ_new= 2.6169825980503956 obs_new= 7.848423033419415
params_max= {'a1': 0.2309401076758503, 'a2': 1.460593486680443, 'a3': 3.5567456267106032} logZ_max= 2.6186527609668353 obs_max= 7.853679768109343
dist_min= tensor(1.1789) dist_max= tensor(0.1789)
params_min,params_max=params_min,params_new
evaluating model at params_new={'a1': 0.2309401076758503, 'a2': 1.460593486680443, 'a3': 3.551504842388338}
params_min= {'a1': 0.2309401076758503, 'a2': 1.460593486680443, 'a3': 3.5497579142809164} logZ_min= 2.615311434260875 obs_min= 7.84314128778353
params_new= {'a1': 0.2309401076758503, 'a2': 1.460593486680443, 'a3': 3.551504842388338} logZ_new= 2.6161470437418752 obs_new= 7.845788281660975
params_max= {'a1': 0.2309401076758503, 'a2': 1.460593486680443, 'a3': 3.55325177049576} logZ_max= 2.6169825980503956 obs_max= 7.848423033419415
dist_min= tensor(0.7857) dist_max= tensor(0.6003)
params_min,params_max=params_min,params_new
evaluating model at params_new={'a1': 0.2309401076758503, 'a2': 1.460593486680443, 'a3': 3.5506313783346273}
params_min= {'a1': 0.2309401076758503, 'a2': 1.460593486680443, 'a3': 3.5497579142809164} logZ_min= 2.615311434260875 obs_min= 7.84314128778353
params_new= {'a1': 0.2309401076758503, 'a2': 1.460593486680443, 'a3': 3.5506313783346273} logZ_new= 2.6157290051576267 obs_new= 7.844473660543249
params_max= {'a1': 0.2309401076758503, 'a2': 1.460593486680443, 'a3': 3.551504842388338} logZ_max= 2.6161470437418752 obs_max= 7.845788281660975
dist_min= tensor(0.2745) dist_max= tensor(0.5706)
params_min,params_max=params_new,params_max
evaluating model at params_new={'a1': 0.2309401076758503, 'a2': 1.460593486680443, 'a3': 3.5510681103614825}
params_min= {'a1': 0.2309401076758503, 'a2': 1.460593486680443, 'a3': 3.5506313783346273} logZ_min= 2.6157290051576267 obs_min= 7.844473660543249
params_new= {'a1': 0.2309401076758503, 'a2': 1.460593486680443, 'a3': 3.5510681103614825} logZ_new= 2.6159381655866487 obs_new= 7.845127101523554
params_max= {'a1': 0.2309401076758503, 'a2': 1.460593486680443, 'a3': 3.551504842388338} logZ_max= 2.6161470437418752 obs_max= 7.845788281660975
dist_min= tensor(0.4977) dist_max= tensor(0.0867)
params_min,params_max=params_min,params_new
evaluating model at params_new={'a1': 0.2309401076758503, 'a2': 1.460593486680443, 'a3': 3.5508497443480547}
params_min= {'a1': 0.2309401076758503, 'a2': 1.460593486680443, 'a3': 3.5506313783346273} logZ_min= 2.6157290051576267 obs_min= 7.844473660543249
params_new= {'a1': 0.2309401076758503, 'a2': 1.460593486680443, 'a3': 3.5508497443480547} logZ_new= 2.6158337443543953 obs_new= 7.844795640228273
params_max= {'a1': 0.2309401076758503, 'a2': 1.460593486680443, 'a3': 3.5510681103614825} logZ_max= 2.6159381655866487 obs_max= 7.845127101523554
dist_min= tensor(0.8452) dist_max= tensor(0.4344)
params_min,params_max=params_min,params_new
evaluating model at params_new={'a1': 0.2309401076758503, 'a2': 1.460593486680443, 'a3': 3.5507405613413408}
params_min= {'a1': 0.2309401076758503, 'a2': 1.460593486680443, 'a3': 3.5506313783346273} logZ_min= 2.6157290051576267 obs_min= 7.844473660543249
params_new= {'a1': 0.2309401076758503, 'a2': 1.460593486680443, 'a3': 3.5507405613413408} logZ_new= 2.6157815034591687 obs_new= 7.844630751926752
params_max= {'a1': 0.2309401076758503, 'a2': 1.460593486680443, 'a3': 3.5508497443480547} logZ_max= 2.6158337443543953 obs_max= 7.844795640228273
dist_min= tensor(0.6490) dist_max= tensor(0.2641)
params_min,params_max=params_min,params_new
evaluating model at params_new={'a1': 0.2309401076758503, 'a2': 1.460593486680443, 'a3': 3.550685969837984}
params_min= {'a1': 0.2309401076758503, 'a2': 1.460593486680443, 'a3': 3.5506313783346273} logZ_min= 2.6157290051576267 obs_min= 7.844473660543249
params_new= {'a1': 0.2309401076758503, 'a2': 1.460593486680443, 'a3': 3.550685969837984} logZ_new= 2.615755402035118 obs_new= 7.844547706784505
params_max= {'a1': 0.2309401076758503, 'a2': 1.460593486680443, 'a3': 3.5507405613413408} logZ_max= 2.6157815034591687 obs_max= 7.844630751926752
dist_min= tensor(0.1386) dist_max= tensor(0.5351)
params_min,params_max=params_new,params_max
evaluating model at params_new={'a1': 0.2309401076758503, 'a2': 1.460593486680443, 'a3': 3.5507132655896623}
params_min= {'a1': 0.2309401076758503, 'a2': 1.460593486680443, 'a3': 3.550685969837984} logZ_min= 2.615755402035118 obs_min= 7.844547706784505
params_new= {'a1': 0.2309401076758503, 'a2': 1.460593486680443, 'a3': 3.5507132655896623} logZ_new= 2.6157684582508125 obs_new= 7.84458906313273
params_max= {'a1': 0.2309401076758503, 'a2': 1.460593486680443, 'a3': 3.5507405613413408} logZ_max= 2.6157815034591687 obs_max= 7.844630751926752
dist_min= tensor(0.3225) dist_max= tensor(0.7910)
params_min,params_max=params_new,params_max
evaluating model at params_new={'a1': 0.2309401076758503, 'a2': 1.460593486680443, 'a3': 3.5507269134655015}
params_min= {'a1': 0.2309401076758503, 'a2': 1.460593486680443, 'a3': 3.5507132655896623} logZ_min= 2.6157684582508125 obs_min= 7.84458906313273
params_new= {'a1': 0.2309401076758503, 'a2': 1.460593486680443, 'a3': 3.5507269134655015} logZ_new= 2.615774986125357 obs_new= 7.844609747148341
params_max= {'a1': 0.2309401076758503, 'a2': 1.460593486680443, 'a3': 3.5507405613413408} logZ_max= 2.6157815034591687 obs_max= 7.844630751926752
dist_min= tensor(0.0766) dist_max= tensor(0.7355)
params_min,params_max=params_new,params_max
evaluating model at params_new={'a1': 0.2309401076758503, 'a2': 1.460593486680443, 'a3': 3.550733737403421}
params_min= {'a1': 0.2309401076758503, 'a2': 1.460593486680443, 'a3': 3.5507269134655015} logZ_min= 2.615774986125357 obs_min= 7.844609747148341
params_new= {'a1': 0.2309401076758503, 'a2': 1.460593486680443, 'a3': 3.550733737403421} logZ_new= 2.615778252003006 obs_new= 7.844620029571297
params_max= {'a1': 0.2309401076758503, 'a2': 1.460593486680443, 'a3': 3.5507405613413408} logZ_max= 2.6157815034591687 obs_max= 7.844630751926752
dist_min= tensor(0.4474) dist_max= tensor(0.3450)
params_min,params_max=params_min,params_new
evaluating model at params_new={'a1': 0.2309401076758503, 'a2': 1.460593486680443, 'a3': 3.5507303254344613}
params_min= {'a1': 0.2309401076758503, 'a2': 1.460593486680443, 'a3': 3.5507269134655015} logZ_min= 2.615774986125357 obs_min= 7.844609747148341
params_new= {'a1': 0.2309401076758503, 'a2': 1.460593486680443, 'a3': 3.5507303254344613} logZ_new= 2.615776618136034 obs_new= 7.844614916726969
params_max= {'a1': 0.2309401076758503, 'a2': 1.460593486680443, 'a3': 3.550733737403421} logZ_max= 2.615778252003006 obs_max= 7.844620029571297
dist_min= tensor(1.5423) dist_max= tensor(1.3443)
params_min,params_max=params_min,params_new
evaluating model at params_new={'a1': 0.2309401076758503, 'a2': 1.460593486680443, 'a3': 3.5507286194499814}
params_min= {'a1': 0.2309401076758503, 'a2': 1.460593486680443, 'a3': 3.5507269134655015} logZ_min= 2.615774986125357 obs_min= 7.844609747148341
params_new= {'a1': 0.2309401076758503, 'a2': 1.460593486680443, 'a3': 3.5507286194499814} logZ_new= 2.6157757676741116 obs_new= 7.8446133832120735
params_max= {'a1': 0.2309401076758503, 'a2': 1.460593486680443, 'a3': 3.5507303254344613} logZ_max= 2.615776618136034 obs_max= 7.844614916726969
dist_min= tensor(0.4609) dist_max= tensor(1.3373)
params_min,params_max=params_new,params_max
evaluating model at params_new={'a1': 0.2309401076758503, 'a2': 1.460593486680443, 'a3': 3.5507294724422214}
params_min= {'a1': 0.2309401076758503, 'a2': 1.460593486680443, 'a3': 3.5507286194499814} logZ_min= 2.6157757676741116 obs_min= 7.8446133832120735
params_new= {'a1': 0.2309401076758503, 'a2': 1.460593486680443, 'a3': 3.5507294724422214} logZ_new= 2.615776137010284 obs_new= 7.844615855088425
params_max= {'a1': 0.2309401076758503, 'a2': 1.460593486680443, 'a3': 3.5507303254344613} logZ_max= 2.615776618136034 obs_max= 7.844614916726969
dist_min= tensor(1.1985) dist_max= tensor(0.2286)
params_min,params_max=params_min,params_new
evaluating model at params_new={'a1': 0.2309401076758503, 'a2': 1.460593486680443, 'a3': 3.5507290459461016}
params_min= {'a1': 0.2309401076758503, 'a2': 1.460593486680443, 'a3': 3.5507286194499814} logZ_min= 2.6157757676741116 obs_min= 7.8446133832120735
params_new= {'a1': 0.2309401076758503, 'a2': 1.460593486680443, 'a3': 3.5507290459461016} logZ_new= 2.6157759010287385 obs_new= 7.8446161843693885
params_max= {'a1': 0.2309401076758503, 'a2': 1.460593486680443, 'a3': 3.5507294724422214} logZ_max= 2.615776137010284 obs_max= 7.844615855088425
dist_min= tensor(0.3197) dist_max= tensor(1.0203)
params_min,params_max=params_new,params_max
evaluating model at params_new={'a1': 0.2309401076758503, 'a2': 1.460593486680443, 'a3': 3.5507292591941617}
params_min= {'a1': 0.2309401076758503, 'a2': 1.460593486680443, 'a3': 3.5507290459461016} logZ_min= 2.6157759010287385 obs_min= 7.8446161843693885
params_new= {'a1': 0.2309401076758503, 'a2': 1.460593486680443, 'a3': 3.5507292591941617} logZ_new= 2.615776100453626 obs_new= 7.844613535576263
params_max= {'a1': 0.2309401076758503, 'a2': 1.460593486680443, 'a3': 3.5507294724422214} logZ_max= 2.615776137010284 obs_max= 7.844615855088425
dist_min= tensor(0.2241) dist_max= tensor(0.8793)
params_min,params_max=params_new,params_max
evaluating model at params_new={'a1': 0.2309401076758503, 'a2': 1.460593486680443, 'a3': 3.5507293658181913}
params_min= {'a1': 0.2309401076758503, 'a2': 1.460593486680443, 'a3': 3.5507292591941617} logZ_min= 2.615776100453626 obs_min= 7.844613535576263
params_new= {'a1': 0.2309401076758503, 'a2': 1.460593486680443, 'a3': 3.5507293658181913} logZ_new= 2.6157759137785646 obs_new= 7.844620946966768
params_max= {'a1': 0.2309401076758503, 'a2': 1.460593486680443, 'a3': 3.5507294724422214} logZ_max= 2.615776137010284 obs_max= 7.844615855088425
dist_min= tensor(0.4111) dist_max= tensor(1.1318)
params_min,params_max=params_new,params_max
evaluating model at params_new={'a1': 0.2309401076758503, 'a2': 1.460593486680443, 'a3': 3.5507294191302066}
params_min= {'a1': 0.2309401076758503, 'a2': 1.460593486680443, 'a3': 3.5507293658181913} logZ_min= 2.6157759137785646 obs_min= 7.844620946966768
params_new= {'a1': 0.2309401076758503, 'a2': 1.460593486680443, 'a3': 3.5507294191302066} logZ_new= 2.615776186231926 obs_new= 7.844613494745401
params_max= {'a1': 0.2309401076758503, 'a2': 1.460593486680443, 'a3': 3.5507294724422214} logZ_max= 2.615776137010284 obs_max= 7.844615855088425
dist_min= tensor(0.1159) dist_max= tensor(1.0677)
params_min,params_max=params_new,params_max
evaluating model at params_new={'a1': 0.2309401076758503, 'a2': 1.460593486680443, 'a3': 3.5507294457862137}
params_min= {'a1': 0.2309401076758503, 'a2': 1.460593486680443, 'a3': 3.5507294191302066} logZ_min= 2.615776186231926 obs_min= 7.844613494745401
params_new= {'a1': 0.2309401076758503, 'a2': 1.460593486680443, 'a3': 3.5507294457862137} logZ_new= 2.6157761927586995 obs_new= 7.844613725078649
params_max= {'a1': 0.2309401076758503, 'a2': 1.460593486680443, 'a3': 3.5507294724422214} logZ_max= 2.615776137010284 obs_max= 7.844615855088425
dist_min= tensor(0.0023) dist_max= tensor(1.0667)
params_min,params_max=params_new,params_max
evaluating model at params_new={'a1': 0.2309401076758503, 'a2': 1.460593486680443, 'a3': 3.5507294591142173}
params_min= {'a1': 0.2309401076758503, 'a2': 1.460593486680443, 'a3': 3.5507294457862137} logZ_min= 2.6157761927586995 obs_min= 7.844613725078649
params_new= {'a1': 0.2309401076758503, 'a2': 1.460593486680443, 'a3': 3.5507294591142173} logZ_new= 2.6157760907720933 obs_new= 7.844617050828347
params_max= {'a1': 0.2309401076758503, 'a2': 1.460593486680443, 'a3': 3.5507294724422214} logZ_max= 2.615776137010284 obs_max= 7.844615855088425
dist_min= tensor(0.2717) dist_max= tensor(1.2140)
params_min,params_max=params_new,params_max
evaluating model at params_new={'a1': 0.2309401076758503, 'a2': 1.460593486680443, 'a3': 3.550729465778219}
params_min= {'a1': 0.2309401076758503, 'a2': 1.460593486680443, 'a3': 3.5507294591142173} logZ_min= 2.6157760907720933 obs_min= 7.844617050828347
params_new= {'a1': 0.2309401076758503, 'a2': 1.460593486680443, 'a3': 3.550729465778219} logZ_new= 2.615776206721247 obs_new= 7.844613621096542
params_max= {'a1': 0.2309401076758503, 'a2': 1.460593486680443, 'a3': 3.5507294724422214} logZ_max= 2.615776137010284 obs_max= 7.844615855088425
dist_min= tensor(0.4940) dist_max= tensor(1.4529)
params_min,params_max=params_new,params_max
evaluating model at params_new={'a1': 0.2309401076758503, 'a2': 1.460593486680443, 'a3': 3.5507294691102205}
params_min= {'a1': 0.2309401076758503, 'a2': 1.460593486680443, 'a3': 3.550729465778219} logZ_min= 2.615776206721247 obs_min= 7.844613621096542
params_new= {'a1': 0.2309401076758503, 'a2': 1.460593486680443, 'a3': 3.5507294691102205} logZ_new= 2.6157761613024366 obs_new= 7.844615060424101
params_max= {'a1': 0.2309401076758503, 'a2': 1.460593486680443, 'a3': 3.5507294724422214} logZ_max= 2.615776137010284 obs_max= 7.844615855088425
dist_min= tensor(0.5855) dist_max= tensor(1.1584)
params_min,params_max=params_new,params_max
evaluating model at params_new={'a1': 0.2309401076758503, 'a2': 1.460593486680443, 'a3': 3.550729470776221}
params_min= {'a1': 0.2309401076758503, 'a2': 1.460593486680443, 'a3': 3.5507294691102205} logZ_min= 2.6157761613024366 obs_min= 7.844615060424101
params_new= {'a1': 0.2309401076758503, 'a2': 1.460593486680443, 'a3': 3.550729470776221} logZ_new= 2.6157761488013502 obs_new= 7.8446154685932274
params_max= {'a1': 0.2309401076758503, 'a2': 1.460593486680443, 'a3': 3.5507294724422214} logZ_max= 2.615776137010284 obs_max= 7.844615855088425
dist_min= tensor(0.5837) dist_max= tensor(1.4515)
params_min,params_max=params_new,params_max
evaluating model at params_new={'a1': 0.2309401076758503, 'a2': 1.460593486680443, 'a3': 3.5507294716092215}
params_min= {'a1': 0.2309401076758503, 'a2': 1.460593486680443, 'a3': 3.550729470776221} logZ_min= 2.6157761488013502 obs_min= 7.8446154685932274
params_new= {'a1': 0.2309401076758503, 'a2': 1.460593486680443, 'a3': 3.5507294716092215} logZ_new= 2.6157762109452403 obs_new= 7.844613586143242
params_max= {'a1': 0.2309401076758503, 'a2': 1.460593486680443, 'a3': 3.5507294724422214} logZ_max= 2.615776137010284 obs_max= 7.844615855088425
dist_min= tensor(0.1267) dist_max= tensor(1.3967)
params_min,params_max=params_new,params_max
evaluating model at params_new={'a1': 0.2309401076758503, 'a2': 1.460593486680443, 'a3': 3.550729472025721}
params_min= {'a1': 0.2309401076758503, 'a2': 1.460593486680443, 'a3': 3.5507294716092215} logZ_min= 2.6157762109452403 obs_min= 7.844613586143242
params_new= {'a1': 0.2309401076758503, 'a2': 1.460593486680443, 'a3': 3.550729472025721} logZ_new= 2.615776206185061 obs_new= 7.844613738113845
params_max= {'a1': 0.2309401076758503, 'a2': 1.460593486680443, 'a3': 3.5507294724422214} logZ_max= 2.615776137010284 obs_max= 7.844615855088425
dist_min= tensor(1.4242) dist_max= tensor(0.0540)
params_min,params_max=params_min,params_new
evaluating model at params_new={'a1': 0.2309401076758503, 'a2': 1.460593486680443, 'a3': 3.5507294718174713}
params_min= {'a1': 0.2309401076758503, 'a2': 1.460593486680443, 'a3': 3.5507294716092215} logZ_min= 2.6157762109452403 obs_min= 7.844613586143242
params_new= {'a1': 0.2309401076758503, 'a2': 1.460593486680443, 'a3': 3.5507294718174713} logZ_new= 2.615776187227167 obs_new= 7.844614313202669
params_max= {'a1': 0.2309401076758503, 'a2': 1.460593486680443, 'a3': 3.550729472025721} logZ_max= 2.615776206185061 obs_max= 7.844613738113845
dist_min= tensor(0.3078) dist_max= tensor(1.2820)
params_min,params_max=params_new,params_max
evaluating model at params_new={'a1': 0.2309401076758503, 'a2': 1.460593486680443, 'a3': 3.5507294719215965}
params_min= {'a1': 0.2309401076758503, 'a2': 1.460593486680443, 'a3': 3.5507294718174713} logZ_min= 2.615776187227167 obs_min= 7.844614313202669
params_new= {'a1': 0.2309401076758503, 'a2': 1.460593486680443, 'a3': 3.5507294719215965} logZ_new= 2.6157761792210734 obs_new= 7.844614559097573
params_max= {'a1': 0.2309401076758503, 'a2': 1.460593486680443, 'a3': 3.550729472025721} logZ_max= 2.615776206185061 obs_max= 7.844613738113845
dist_min= tensor(0.2435) dist_max= tensor(1.3949)
params_min,params_max=params_new,params_max
evaluating model at params_new={'a1': 0.2309401076758503, 'a2': 1.460593486680443, 'a3': 3.550729471973659}
params_min= {'a1': 0.2309401076758503, 'a2': 1.460593486680443, 'a3': 3.5507294719215965} logZ_min= 2.6157761792210734 obs_min= 7.844614559097573
params_new= {'a1': 0.2309401076758503, 'a2': 1.460593486680443, 'a3': 3.550729471973659} logZ_new= 2.6157762116574825 obs_new= 7.844613570198444
params_max= {'a1': 0.2309401076758503, 'a2': 1.460593486680443, 'a3': 3.550729472025721} logZ_max= 2.615776206185061 obs_max= 7.844613738113845
dist_min= tensor(0.7566) dist_max= tensor(0.9560)
params_min,params_max=params_new,params_max
evaluating model at params_new={'a1': 0.2309401076758503, 'a2': 1.460593486680443, 'a3': 3.55072947199969}
params_min= {'a1': 0.2309401076758503, 'a2': 1.460593486680443, 'a3': 3.550729471973659} logZ_min= 2.6157762116574825 obs_min= 7.844613570198444
params_new= {'a1': 0.2309401076758503, 'a2': 1.460593486680443, 'a3': 3.55072947199969} logZ_new= 2.6157762107568465 obs_new= 7.844613598169774
params_max= {'a1': 0.2309401076758503, 'a2': 1.460593486680443, 'a3': 3.550729472025721} logZ_max= 2.615776206185061 obs_max= 7.844613738113845
dist_min= tensor(0.1832) dist_max= tensor(1.0658)
params_min,params_max=params_new,params_max
evaluating model at params_new={'a1': 0.2309401076758503, 'a2': 1.460593486680443, 'a3': 3.550729472012706}
params_min= {'a1': 0.2309401076758503, 'a2': 1.460593486680443, 'a3': 3.55072947199969} logZ_min= 2.6157762107568465 obs_min= 7.844613598169774
params_new= {'a1': 0.2309401076758503, 'a2': 1.460593486680443, 'a3': 3.550729472012706} logZ_new= 2.6157762107388374 obs_new= 7.844613598920972
params_max= {'a1': 0.2309401076758503, 'a2': 1.460593486680443, 'a3': 3.550729472025721} logZ_max= 2.615776206185061 obs_max= 7.844613738113845
dist_min= tensor(1.1760) dist_max= tensor(0.1598)
params_min,params_max=params_min,params_new
evaluating model at params_new={'a1': 0.2309401076758503, 'a2': 1.460593486680443, 'a3': 3.550729472006198}
params_min= {'a1': 0.2309401076758503, 'a2': 1.460593486680443, 'a3': 3.55072947199969} logZ_min= 2.6157762107568465 obs_min= 7.844613598169774
params_new= {'a1': 0.2309401076758503, 'a2': 1.460593486680443, 'a3': 3.550729472006198} logZ_new= 2.6157761879100643 obs_new= 7.844614295401678
params_max= {'a1': 0.2309401076758503, 'a2': 1.460593486680443, 'a3': 3.550729472012706} logZ_max= 2.6157762107388374 obs_max= 7.844613598920972
dist_min= tensor(0.6618) dist_max= tensor(1.5064)
params_min,params_max=params_new,params_max
evaluating model at params_new={'a1': 0.2309401076758503, 'a2': 1.460593486680443, 'a3': 3.550729472009452}
params_min= {'a1': 0.2309401076758503, 'a2': 1.460593486680443, 'a3': 3.550729472006198} logZ_min= 2.6157761879100643 obs_min= 7.844614295401678
params_new= {'a1': 0.2309401076758503, 'a2': 1.460593486680443, 'a3': 3.550729472009452} logZ_new= 2.6157759279555886 obs_new= 7.844622224704051
params_max= {'a1': 0.2309401076758503, 'a2': 1.460593486680443, 'a3': 3.550729472012706} logZ_max= 2.6157762107388374 obs_max= 7.844613598920972
dist_min= tensor(0.9704) dist_max= tensor(0.9151)
params_min,params_max=params_min,params_new
evaluating model at params_new={'a1': 0.2309401076758503, 'a2': 1.460593486680443, 'a3': 3.5507294720078253}
params_min= {'a1': 0.2309401076758503, 'a2': 1.460593486680443, 'a3': 3.550729472006198} logZ_min= 2.6157761879100643 obs_min= 7.844614295401678
params_new= {'a1': 0.2309401076758503, 'a2': 1.460593486680443, 'a3': 3.5507294720078253} logZ_new= 2.6157762071344277 obs_new= 7.844613708861746
params_max= {'a1': 0.2309401076758503, 'a2': 1.460593486680443, 'a3': 3.550729472009452} logZ_max= 2.6157759279555886 obs_max= 7.844622224704051
dist_min= tensor(0.6479) dist_max= tensor(0.4458)
params_min,params_max=params_min,params_new
evaluating model at params_new={'a1': 0.2309401076758503, 'a2': 1.460593486680443, 'a3': 3.5507294720070117}
params_min= {'a1': 0.2309401076758503, 'a2': 1.460593486680443, 'a3': 3.550729472006198} logZ_min= 2.6157761879100643 obs_min= 7.844614295401678
params_new= {'a1': 0.2309401076758503, 'a2': 1.460593486680443, 'a3': 3.5507294720070117} logZ_new= 2.615776191160156 obs_new= 7.844614196252599
params_max= {'a1': 0.2309401076758503, 'a2': 1.460593486680443, 'a3': 3.5507294720078253} logZ_max= 2.6157762071344277 obs_max= 7.844613708861746
dist_min= tensor(0.0756) dist_max= tensor(0.5870)
params_min,params_max=params_new,params_max
evaluating model at params_new={'a1': 0.2309401076758503, 'a2': 1.460593486680443, 'a3': 3.5507294720074185}
params_min= {'a1': 0.2309401076758503, 'a2': 1.460593486680443, 'a3': 3.5507294720070117} logZ_min= 2.615776191160156 obs_min= 7.844614196252599
params_new= {'a1': 0.2309401076758503, 'a2': 1.460593486680443, 'a3': 3.5507294720074185} logZ_new= 2.615776171524641 obs_new= 7.844614795273559
params_max= {'a1': 0.2309401076758503, 'a2': 1.460593486680443, 'a3': 3.5507294720078253} logZ_max= 2.6157762071344277 obs_max= 7.844613708861746
dist_min= tensor(0.1639) dist_max= tensor(0.4456)
params_min,params_max=params_new,params_max
evaluating model at params_new={'a1': 0.2309401076758503, 'a2': 1.460593486680443, 'a3': 3.550729472007622}
params_min= {'a1': 0.2309401076758503, 'a2': 1.460593486680443, 'a3': 3.5507294720074185} logZ_min= 2.615776171524641 obs_min= 7.844614795273559
params_new= {'a1': 0.2309401076758503, 'a2': 1.460593486680443, 'a3': 3.550729472007622} logZ_new= 2.615776209084301 obs_new= 7.844613649349504
params_max= {'a1': 0.2309401076758503, 'a2': 1.460593486680443, 'a3': 3.5507294720078253} logZ_max= 2.6157762071344277 obs_max= 7.844613708861746
dist_min= tensor(1.3332) dist_max= tensor(1.1014)
params_min,params_max=params_min,params_new
evaluating model at params_new={'a1': 0.2309401076758503, 'a2': 1.460593486680443, 'a3': 3.55072947200752}
params_min= {'a1': 0.2309401076758503, 'a2': 1.460593486680443, 'a3': 3.5507294720074185} logZ_min= 2.615776171524641 obs_min= 7.844614795273559
params_new= {'a1': 0.2309401076758503, 'a2': 1.460593486680443, 'a3': 3.55072947200752} logZ_new= 2.615776203138705 obs_new= 7.844613830779948
params_max= {'a1': 0.2309401076758503, 'a2': 1.460593486680443, 'a3': 3.550729472007622} logZ_max= 2.615776209084301 obs_max= 7.844613649349504
dist_min= tensor(0.0960) dist_max= tensor(1.3789)
params_min,params_max=params_new,params_max
evaluating model at params_new={'a1': 0.2309401076758503, 'a2': 1.460593486680443, 'a3': 3.5507294720075713}
params_min= {'a1': 0.2309401076758503, 'a2': 1.460593486680443, 'a3': 3.55072947200752} logZ_min= 2.615776203138705 obs_min= 7.844613830779948
params_new= {'a1': 0.2309401076758503, 'a2': 1.460593486680443, 'a3': 3.5507294720075713} logZ_new= 2.6157761924852108 obs_new= 7.844614155836545
params_max= {'a1': 0.2309401076758503, 'a2': 1.460593486680443, 'a3': 3.550729472007622} logZ_max= 2.615776209084301 obs_max= 7.844613649349504
dist_min= tensor(0.6823) dist_max= tensor(0.9920)
params_min,params_max=params_new,params_max
evaluating model at params_new={'a1': 0.2309401076758503, 'a2': 1.460593486680443, 'a3': 3.5507294720075966}
params_min= {'a1': 0.2309401076758503, 'a2': 1.460593486680443, 'a3': 3.5507294720075713} logZ_min= 2.6157761924852108 obs_min= 7.844614155836545
params_new= {'a1': 0.2309401076758503, 'a2': 1.460593486680443, 'a3': 3.5507294720075966} logZ_new= 2.6157759364136215 obs_new= 7.844621966699591
params_max= {'a1': 0.2309401076758503, 'a2': 1.460593486680443, 'a3': 3.550729472007622} logZ_max= 2.615776209084301 obs_max= 7.844613649349504
dist_min= tensor(0.6025) dist_max= tensor(1.3317)
params_min,params_max=params_new,params_max
evaluating model at params_new={'a1': 0.2309401076758503, 'a2': 1.460593486680443, 'a3': 3.5507294720076095}
params_min= {'a1': 0.2309401076758503, 'a2': 1.460593486680443, 'a3': 3.5507294720075966} logZ_min= 2.6157759364136215 obs_min= 7.844621966699591
params_new= {'a1': 0.2309401076758503, 'a2': 1.460593486680443, 'a3': 3.5507294720076095} logZ_new= 2.615776208263811 obs_new= 7.844613674389163
params_max= {'a1': 0.2309401076758503, 'a2': 1.460593486680443, 'a3': 3.550729472007622} logZ_max= 2.615776209084301 obs_max= 7.844613649349504
dist_min= tensor(0.4673) dist_max= tensor(1.0860)
params_min,params_max=params_new,params_max
evaluating model at params_new={'a1': 0.2309401076758503, 'a2': 1.460593486680443, 'a3': 3.5507294720076157}
params_min= {'a1': 0.2309401076758503, 'a2': 1.460593486680443, 'a3': 3.5507294720076095} logZ_min= 2.615776208263811 obs_min= 7.844613674389163
params_new= {'a1': 0.2309401076758503, 'a2': 1.460593486680443, 'a3': 3.5507294720076157} logZ_new= 2.6157762113237895 obs_new= 7.844613580989557
params_max= {'a1': 0.2309401076758503, 'a2': 1.460593486680443, 'a3': 3.550729472007622} logZ_max= 2.615776209084301 obs_max= 7.844613649349504
dist_min= tensor(0.5176) dist_max= tensor(1.3581)
params_min,params_max=params_new,params_max
evaluating model at params_new={'a1': 0.2309401076758503, 'a2': 1.460593486680443, 'a3': 3.550729472007619}
params_min= {'a1': 0.2309401076758503, 'a2': 1.460593486680443, 'a3': 3.5507294720076157} logZ_min= 2.6157762113237895 obs_min= 7.844613580989557
params_new= {'a1': 0.2309401076758503, 'a2': 1.460593486680443, 'a3': 3.550729472007619} logZ_new= 2.615776210949515 obs_new= 7.844613592407645
params_max= {'a1': 0.2309401076758503, 'a2': 1.460593486680443, 'a3': 3.550729472007622} logZ_max= 2.615776209084301 obs_max= 7.844613649349504
dist_min= tensor(1.0602) dist_max= tensor(0.5388)
params_min,params_max=params_min,params_new
evaluating model at params_new={'a1': 0.2309401076758503, 'a2': 1.460593486680443, 'a3': 3.5507294720076175}
params_min= {'a1': 0.2309401076758503, 'a2': 1.460593486680443, 'a3': 3.5507294720076157} logZ_min= 2.6157762113237895 obs_min= 7.844613580989557
params_new= {'a1': 0.2309401076758503, 'a2': 1.460593486680443, 'a3': 3.5507294720076175} logZ_new= 2.615776211452656 obs_new= 7.844613577051165
params_max= {'a1': 0.2309401076758503, 'a2': 1.460593486680443, 'a3': 3.550729472007619} logZ_max= 2.615776210949515 obs_max= 7.844613592407645
dist_min= tensor(0.0577) dist_max= tensor(1.0269)
params_min,params_max=params_new,params_max
evaluating model at params_new={'a1': 0.2309401076758503, 'a2': 1.460593486680443, 'a3': 3.5507294720076183}
params_min= {'a1': 0.2309401076758503, 'a2': 1.460593486680443, 'a3': 3.5507294720076175} logZ_min= 2.615776211452656 obs_min= 7.844613577051165
params_new= {'a1': 0.2309401076758503, 'a2': 1.460593486680443, 'a3': 3.5507294720076183} logZ_new= 2.6157760025160113 obs_new= 7.8446199504642165
params_max= {'a1': 0.2309401076758503, 'a2': 1.460593486680443, 'a3': 3.550729472007619} logZ_max= 2.615776210949515 obs_max= 7.844613592407645
dist_min= tensor(0.5687) dist_max= tensor(1.3391)
params_min,params_max=params_new,params_max
critical params found:  {'a1': 0.2309401076758503, 'a2': 1.460593486680443, 'a3': 3.5507294720076183}
reference params:  {'a1': 1.1547005383792515, 'a2': 1.8257418583505538, 'a3': 4.47213595499958}
file saved to  data/AKLT3D_X10_scan_grid_critical_a3/a1_0.2309401_a2_1.4605935/Tc.json
