Start running find_critical_temp.py with options:{'filename': 'data/AKLT3D_X10_scan_grid_critical_a3/a1_0.4618802_a2_0.0000000/Tc.json', 'log_filename': 'data/AKLT3D_X10_scan_grid_critical_a3/a1_0.4618802_a2_0.0000000/Tc.log', 'nLayers': 60, 'max_dim': 10, 'model': 'AKLT3D', 'params_min': "{'a1': 0.4618802153517006, 'a2': 0.0, 'a3': 2.683281572999748}", 'params_max': "{'a1': 0.4618802153517006, 'a2': 0.0, 'a3': 3.577708763999664}", 'params_ref': None, 'observable_name': 'magnetizationZ', 'tol': 0.0, 'gilt_enabled': False, 'gilt_eps': 8e-07, 'gilt_nIter': 1, 'mcf_enabled': True, 'mcf_eps': 1e-16, 'mcf_max_iter': 200, 'hotrg_sanity_check': False, 'version': 1, 'device': 'cuda:1'}
loading library...
evaluating model at params_min={'a1': 0.4618802153517006, 'a2': 0.0, 'a3': 2.683281572999748}
params_min= {'a1': 0.4618802153517006, 'a2': 0.0, 'a3': 2.683281572999748} logZ_min= 2.0759865919776526 obs_min= 3.5567416076235854e-35
evaluating model at params_max={'a1': 0.4618802153517006, 'a2': 0.0, 'a3': 3.577708763999664}
params_max= {'a1': 0.4618802153517006, 'a2': 0.0, 'a3': 3.577708763999664} logZ_max= 2.5445370152539866 obs_max= 8.999897856362674
searching for critical temperature using bisection method
evaluating model at params_new={'a1': 0.4618802153517006, 'a2': 0.0, 'a3': 3.130495168499706}
params_min= {'a1': 0.4618802153517006, 'a2': 0.0, 'a3': 2.683281572999748} logZ_min= 2.0759865919776526 obs_min= 3.5567416076235854e-35
params_new= {'a1': 0.4618802153517006, 'a2': 0.0, 'a3': 3.130495168499706} logZ_new= 2.2542737169988003 obs_new= 8.9994782832544
params_max= {'a1': 0.4618802153517006, 'a2': 0.0, 'a3': 3.577708763999664} logZ_max= 2.5445370152539866 obs_max= 8.999897856362674
dist_min= tensor(205.9792) dist_max= tensor(63.9315)
params_min,params_max=params_min,params_new
evaluating model at params_new={'a1': 0.4618802153517006, 'a2': 0.0, 'a3': 2.9068883707497273}
params_min= {'a1': 0.4618802153517006, 'a2': 0.0, 'a3': 2.683281572999748} logZ_min= 2.0759865919776526 obs_min= 3.5567416076235854e-35
params_new= {'a1': 0.4618802153517006, 'a2': 0.0, 'a3': 2.9068883707497273} logZ_new= 2.063223036198965 obs_new= 9.003668334890294
params_max= {'a1': 0.4618802153517006, 'a2': 0.0, 'a3': 3.130495168499706} logZ_max= 2.2542737169988003 obs_max= 8.9994782832544
dist_min= tensor(207.4017) dist_max= tensor(9.0305)
params_min,params_max=params_min,params_new
evaluating model at params_new={'a1': 0.4618802153517006, 'a2': 0.0, 'a3': 2.7950849718747377}
params_min= {'a1': 0.4618802153517006, 'a2': 0.0, 'a3': 2.683281572999748} logZ_min= 2.0759865919776526 obs_min= 3.5567416076235854e-35
params_new= {'a1': 0.4618802153517006, 'a2': 0.0, 'a3': 2.7950849718747377} logZ_new= 2.0775286035703244 obs_new= 1.4699326624007577e-32
params_max= {'a1': 0.4618802153517006, 'a2': 0.0, 'a3': 2.9068883707497273} logZ_max= 2.063223036198965 obs_max= 9.003668334890294
dist_min= tensor(62.8498) dist_max= tensor(265.2424)
params_min,params_max=params_new,params_max
evaluating model at params_new={'a1': 0.4618802153517006, 'a2': 0.0, 'a3': 2.8509866713122323}
params_min= {'a1': 0.4618802153517006, 'a2': 0.0, 'a3': 2.7950849718747377} logZ_min= 2.0775286035703244 obs_min= 1.4699326624007577e-32
params_new= {'a1': 0.4618802153517006, 'a2': 0.0, 'a3': 2.8509866713122323} logZ_new= 2.01387045429092 obs_new= 1.3249965350099275e-32
params_max= {'a1': 0.4618802153517006, 'a2': 0.0, 'a3': 2.9068883707497273} logZ_max= 2.063223036198965 obs_max= 9.003668334890294
dist_min= tensor(3340.5802) dist_max= tensor(3330.0747)
params_min,params_max=params_min,params_new
evaluating model at params_new={'a1': 0.4618802153517006, 'a2': 0.0, 'a3': 2.8230358215934848}
params_min= {'a1': 0.4618802153517006, 'a2': 0.0, 'a3': 2.7950849718747377} logZ_min= 2.0775286035703244 obs_min= 1.4699326624007577e-32
params_new= {'a1': 0.4618802153517006, 'a2': 0.0, 'a3': 2.8230358215934848} logZ_new= 2.077722346791569 obs_new= 2.568866928078271e-36
params_max= {'a1': 0.4618802153517006, 'a2': 0.0, 'a3': 2.8509866713122323} logZ_max= 2.01387045429092 obs_max= 1.3249965350099275e-32
dist_min= tensor(16.6434) dist_max= tensor(3341.9390)
params_min,params_max=params_new,params_max
evaluating model at params_new={'a1': 0.4618802153517006, 'a2': 0.0, 'a3': 2.8370112464528585}
params_min= {'a1': 0.4618802153517006, 'a2': 0.0, 'a3': 2.8230358215934848} logZ_min= 2.077722346791569 obs_min= 2.568866928078271e-36
params_new= {'a1': 0.4618802153517006, 'a2': 0.0, 'a3': 2.8370112464528585} logZ_new= 2.077811675656298 obs_new= 6.1311194492479434e-33
params_max= {'a1': 0.4618802153517006, 'a2': 0.0, 'a3': 2.8509866713122323} logZ_max= 2.01387045429092 obs_max= 1.3249965350099275e-32
dist_min= tensor(8.6117) dist_max= tensor(3343.2900)
params_min,params_max=params_new,params_max
evaluating model at params_new={'a1': 0.4618802153517006, 'a2': 0.0, 'a3': 2.8439989588825454}
params_min= {'a1': 0.4618802153517006, 'a2': 0.0, 'a3': 2.8370112464528585} logZ_min= 2.077811675656298 obs_min= 6.1311194492479434e-33
params_new= {'a1': 0.4618802153517006, 'a2': 0.0, 'a3': 2.8439989588825454} logZ_new= nan obs_new= 1.2063941147889307e-34
params_max= {'a1': 0.4618802153517006, 'a2': 0.0, 'a3': 2.8509866713122323} logZ_max= 2.01387045429092 obs_max= 1.3249965350099275e-32
dist_min= tensor(289.9810) dist_max= tensor(3330.0419)
params_min,params_max=params_new,params_max
evaluating model at params_new={'a1': 0.4618802153517006, 'a2': 0.0, 'a3': 2.8474928150973886}
params_min= {'a1': 0.4618802153517006, 'a2': 0.0, 'a3': 2.8439989588825454} logZ_min= nan obs_min= 1.2063941147889307e-34
params_new= {'a1': 0.4618802153517006, 'a2': 0.0, 'a3': 2.8474928150973886} logZ_new= 2.014012603877927 obs_new= 6.110766711497195e-34
params_max= {'a1': 0.4618802153517006, 'a2': 0.0, 'a3': 2.8509866713122323} logZ_max= 2.01387045429092 obs_max= 1.3249965350099275e-32
dist_min= tensor(2.9272) dist_max= tensor(3330.0608)
params_min,params_max=params_new,params_max
evaluating model at params_new={'a1': 0.4618802153517006, 'a2': 0.0, 'a3': 2.8492397432048104}
params_min= {'a1': 0.4618802153517006, 'a2': 0.0, 'a3': 2.8474928150973886} logZ_min= 2.014012603877927 obs_min= 6.110766711497195e-34
params_new= {'a1': 0.4618802153517006, 'a2': 0.0, 'a3': 2.8492397432048104} logZ_new= nan obs_new= 3.0451947806442588e-33
params_max= {'a1': 0.4618802153517006, 'a2': 0.0, 'a3': 2.8509866713122323} logZ_max= 2.01387045429092 obs_max= 1.3249965350099275e-32
dist_min= tensor(78.9077) dist_max= tensor(3331.2515)
params_min,params_max=params_new,params_max
evaluating model at params_new={'a1': 0.4618802153517006, 'a2': 0.0, 'a3': 2.8501132072585214}
params_min= {'a1': 0.4618802153517006, 'a2': 0.0, 'a3': 2.8492397432048104} logZ_min= nan obs_min= 3.0451947806442588e-33
params_new= {'a1': 0.4618802153517006, 'a2': 0.0, 'a3': 2.8501132072585214} logZ_new= nan obs_new= 1.7660654449344943e-33
params_max= {'a1': 0.4618802153517006, 'a2': 0.0, 'a3': 2.8509866713122323} logZ_max= 2.01387045429092 obs_max= 1.3249965350099275e-32
dist_min= tensor(25.8153) dist_max= tensor(3330.8470)
params_min,params_max=params_new,params_max
evaluating model at params_new={'a1': 0.4618802153517006, 'a2': 0.0, 'a3': 2.8505499392853766}
params_min= {'a1': 0.4618802153517006, 'a2': 0.0, 'a3': 2.8501132072585214} logZ_min= nan obs_min= 1.7660654449344943e-33
params_new= {'a1': 0.4618802153517006, 'a2': 0.0, 'a3': 2.8505499392853766} logZ_new= 2.0138447677290396 obs_new= 6.797028929419918e-32
params_max= {'a1': 0.4618802153517006, 'a2': 0.0, 'a3': 2.8509866713122323} logZ_max= 2.01387045429092 obs_max= 1.3249965350099275e-32
dist_min= tensor(53.5295) dist_max= tensor(3330.0608)
params_min,params_max=params_new,params_max
evaluating model at params_new={'a1': 0.4618802153517006, 'a2': 0.0, 'a3': 2.8507683052988044}
params_min= {'a1': 0.4618802153517006, 'a2': 0.0, 'a3': 2.8505499392853766} logZ_min= 2.0138447677290396 obs_min= 6.797028929419918e-32
params_new= {'a1': 0.4618802153517006, 'a2': 0.0, 'a3': 2.8507683052988044} logZ_new= 2.0138651666333245 obs_new= 7.83821518977532e-34
params_max= {'a1': 0.4618802153517006, 'a2': 0.0, 'a3': 2.8509866713122323} logZ_max= 2.01387045429092 obs_max= 1.3249965350099275e-32
dist_min= tensor(603.1943) dist_max= tensor(2726.8678)
params_min,params_max=params_new,params_max
evaluating model at params_new={'a1': 0.4618802153517006, 'a2': 0.0, 'a3': 2.8508774883055183}
params_min= {'a1': 0.4618802153517006, 'a2': 0.0, 'a3': 2.8507683052988044} logZ_min= 2.0138651666333245 obs_min= 7.83821518977532e-34
params_new= {'a1': 0.4618802153517006, 'a2': 0.0, 'a3': 2.8508774883055183} logZ_new= 2.0138696988830986 obs_new= 4.379659818010294e-35
params_max= {'a1': 0.4618802153517006, 'a2': 0.0, 'a3': 2.8509866713122323} logZ_max= 2.01387045429092 obs_max= 1.3249965350099275e-32
dist_min= tensor(603.8331) dist_max= tensor(3330.7008)
params_min,params_max=params_new,params_max
evaluating model at params_new={'a1': 0.4618802153517006, 'a2': 0.0, 'a3': 2.8509320798088753}
params_min= {'a1': 0.4618802153517006, 'a2': 0.0, 'a3': 2.8508774883055183} logZ_min= 2.0138696988830986 obs_min= 4.379659818010294e-35
params_new= {'a1': 0.4618802153517006, 'a2': 0.0, 'a3': 2.8509320798088753} logZ_new= nan obs_new= 8.021683788103918e-32
params_max= {'a1': 0.4618802153517006, 'a2': 0.0, 'a3': 2.8509866713122323} logZ_max= 2.01387045429092 obs_max= 1.3249965350099275e-32
dist_min= tensor(1.0534) dist_max= tensor(3330.5892)
params_min,params_max=params_new,params_max
evaluating model at params_new={'a1': 0.4618802153517006, 'a2': 0.0, 'a3': 2.850959375560554}
params_min= {'a1': 0.4618802153517006, 'a2': 0.0, 'a3': 2.8509320798088753} logZ_min= nan obs_min= 8.021683788103918e-32
params_new= {'a1': 0.4618802153517006, 'a2': 0.0, 'a3': 2.850959375560554} logZ_new= 2.0138402025969557 obs_new= 1.4394120137599367e-32
params_max= {'a1': 0.4618802153517006, 'a2': 0.0, 'a3': 2.8509866713122323} logZ_max= 2.01387045429092 obs_max= 1.3249965350099275e-32
dist_min= tensor(1.5272) dist_max= tensor(3330.0609)
params_min,params_max=params_new,params_max
evaluating model at params_new={'a1': 0.4618802153517006, 'a2': 0.0, 'a3': 2.850973023436393}
params_min= {'a1': 0.4618802153517006, 'a2': 0.0, 'a3': 2.850959375560554} logZ_min= 2.0138402025969557 obs_min= 1.4394120137599367e-32
params_new= {'a1': 0.4618802153517006, 'a2': 0.0, 'a3': 2.850973023436393} logZ_new= 2.0138076474013045 obs_new= 3.7645546677008347e-33
params_max= {'a1': 0.4618802153517006, 'a2': 0.0, 'a3': 2.8509866713122323} logZ_max= 2.01387045429092 obs_max= 1.3249965350099275e-32
dist_min= tensor(4.4670) dist_max= tensor(3325.8780)
params_min,params_max=params_new,params_max
evaluating model at params_new={'a1': 0.4618802153517006, 'a2': 0.0, 'a3': 2.8509798473743126}
params_min= {'a1': 0.4618802153517006, 'a2': 0.0, 'a3': 2.850973023436393} logZ_min= 2.0138076474013045 obs_min= 3.7645546677008347e-33
params_new= {'a1': 0.4618802153517006, 'a2': 0.0, 'a3': 2.8509798473743126} logZ_new= 2.0138688771860633 obs_new= 3.593269603414117e-34
params_max= {'a1': 0.4618802153517006, 'a2': 0.0, 'a3': 2.8509866713122323} logZ_max= 2.01387045429092 obs_max= 1.3249965350099275e-32
dist_min= tensor(4.9327) dist_max= tensor(3330.6681)
params_min,params_max=params_new,params_max
evaluating model at params_new={'a1': 0.4618802153517006, 'a2': 0.0, 'a3': 2.8509832593432725}
params_min= {'a1': 0.4618802153517006, 'a2': 0.0, 'a3': 2.8509798473743126} logZ_min= 2.0138688771860633 obs_min= 3.593269603414117e-34
params_new= {'a1': 0.4618802153517006, 'a2': 0.0, 'a3': 2.8509832593432725} logZ_new= 2.0138739598713085 obs_new= 3.040393223799433e-32
params_max= {'a1': 0.4618802153517006, 'a2': 0.0, 'a3': 2.8509866713122323} logZ_max= 2.01387045429092 obs_max= 1.3249965350099275e-32
dist_min= tensor(1.3940) dist_max= tensor(3330.0608)
params_min,params_max=params_new,params_max
evaluating model at params_new={'a1': 0.4618802153517006, 'a2': 0.0, 'a3': 2.8509849653277524}
params_min= {'a1': 0.4618802153517006, 'a2': 0.0, 'a3': 2.8509832593432725} logZ_min= 2.0138739598713085 obs_min= 3.040393223799433e-32
params_new= {'a1': 0.4618802153517006, 'a2': 0.0, 'a3': 2.8509849653277524} logZ_new= 2.0138728849723373 obs_new= 1.8925271212932796e-32
params_max= {'a1': 0.4618802153517006, 'a2': 0.0, 'a3': 2.8509866713122323} logZ_max= 2.01387045429092 obs_max= 1.3249965350099275e-32
dist_min= tensor(1.5679) dist_max= tensor(3330.7048)
params_min,params_max=params_new,params_max
evaluating model at params_new={'a1': 0.4618802153517006, 'a2': 0.0, 'a3': 2.8509858183199923}
params_min= {'a1': 0.4618802153517006, 'a2': 0.0, 'a3': 2.8509849653277524} logZ_min= 2.0138728849723373 obs_min= 1.8925271212932796e-32
params_new= {'a1': 0.4618802153517006, 'a2': 0.0, 'a3': 2.8509858183199923} logZ_new= 2.013875112692382 obs_new= 3.2212936895384e-32
params_max= {'a1': 0.4618802153517006, 'a2': 0.0, 'a3': 2.8509866713122323} logZ_max= 2.01387045429092 obs_max= 1.3249965350099275e-32
dist_min= tensor(1.5932) dist_max= tensor(3330.0608)
params_min,params_max=params_new,params_max
evaluating model at params_new={'a1': 0.4618802153517006, 'a2': 0.0, 'a3': 2.850986244816112}
params_min= {'a1': 0.4618802153517006, 'a2': 0.0, 'a3': 2.8509858183199923} logZ_min= 2.013875112692382 obs_min= 3.2212936895384e-32
params_new= {'a1': 0.4618802153517006, 'a2': 0.0, 'a3': 2.850986244816112} logZ_new= 2.013870232393601 obs_new= 8.429347735242571e-35
params_max= {'a1': 0.4618802153517006, 'a2': 0.0, 'a3': 2.8509866713122323} logZ_max= 2.01387045429092 obs_max= 1.3249965350099275e-32
dist_min= tensor(1.7137) dist_max= tensor(3330.6678)
params_min,params_max=params_new,params_max
evaluating model at params_new={'a1': 0.4618802153517006, 'a2': 0.0, 'a3': 2.850986458064172}
params_min= {'a1': 0.4618802153517006, 'a2': 0.0, 'a3': 2.850986244816112} logZ_min= 2.013870232393601 obs_min= 8.429347735242571e-35
params_new= {'a1': 0.4618802153517006, 'a2': 0.0, 'a3': 2.850986458064172} logZ_new= nan obs_new= 7.591265701746677e-35
params_max= {'a1': 0.4618802153517006, 'a2': 0.0, 'a3': 2.8509866713122323} logZ_max= 2.01387045429092 obs_max= 1.3249965350099275e-32
dist_min= tensor(22.2037) dist_max= tensor(3330.3288)
params_min,params_max=params_new,params_max
evaluating model at params_new={'a1': 0.4618802153517006, 'a2': 0.0, 'a3': 2.850986564688202}
params_min= {'a1': 0.4618802153517006, 'a2': 0.0, 'a3': 2.850986458064172} logZ_min= nan obs_min= 7.591265701746677e-35
params_new= {'a1': 0.4618802153517006, 'a2': 0.0, 'a3': 2.850986564688202} logZ_new= 2.0138265969982303 obs_new= 7.527397385184973e-33
params_max= {'a1': 0.4618802153517006, 'a2': 0.0, 'a3': 2.8509866713122323} logZ_max= 2.01387045429092 obs_max= 1.3249965350099275e-32
dist_min= tensor(22.6737) dist_max= tensor(3326.1284)
params_min,params_max=params_new,params_max
evaluating model at params_new={'a1': 0.4618802153517006, 'a2': 0.0, 'a3': 2.850986618000217}
params_min= {'a1': 0.4618802153517006, 'a2': 0.0, 'a3': 2.850986564688202} logZ_min= 2.0138265969982303 obs_min= 7.527397385184973e-33
params_new= {'a1': 0.4618802153517006, 'a2': 0.0, 'a3': 2.850986618000217} logZ_new= 2.0138728680261693 obs_new= 2.4555629469080185e-32
params_max= {'a1': 0.4618802153517006, 'a2': 0.0, 'a3': 2.8509866713122323} logZ_max= 2.01387045429092 obs_max= 1.3249965350099275e-32
dist_min= tensor(4.1562) dist_max= tensor(3330.0609)
params_min,params_max=params_new,params_max
evaluating model at params_new={'a1': 0.4618802153517006, 'a2': 0.0, 'a3': 2.8509866446562246}
params_min= {'a1': 0.4618802153517006, 'a2': 0.0, 'a3': 2.850986618000217} logZ_min= 2.0138728680261693 obs_min= 2.4555629469080185e-32
params_new= {'a1': 0.4618802153517006, 'a2': 0.0, 'a3': 2.8509866446562246} logZ_new= 2.0138683003408575 obs_new= 3.3051767756379896e-35
params_max= {'a1': 0.4618802153517006, 'a2': 0.0, 'a3': 2.8509866713122323} logZ_max= 2.01387045429092 obs_max= 1.3249965350099275e-32
dist_min= tensor(1.4451) dist_max= tensor(3330.6618)
params_min,params_max=params_new,params_max
evaluating model at params_new={'a1': 0.4618802153517006, 'a2': 0.0, 'a3': 2.8509866579842287}
params_min= {'a1': 0.4618802153517006, 'a2': 0.0, 'a3': 2.8509866446562246} logZ_min= 2.0138683003408575 obs_min= 3.3051767756379896e-35
params_new= {'a1': 0.4618802153517006, 'a2': 0.0, 'a3': 2.8509866579842287} logZ_new= 2.013841630956865 obs_new= 3.5651829656958985e-32
params_max= {'a1': 0.4618802153517006, 'a2': 0.0, 'a3': 2.8509866713122323} logZ_max= 2.01387045429092 obs_max= 1.3249965350099275e-32
dist_min= tensor(1.1683) dist_max= tensor(3330.0608)
params_min,params_max=params_new,params_max
evaluating model at params_new={'a1': 0.4618802153517006, 'a2': 0.0, 'a3': 2.8509866646482305}
params_min= {'a1': 0.4618802153517006, 'a2': 0.0, 'a3': 2.8509866579842287} logZ_min= 2.013841630956865 obs_min= 3.5651829656958985e-32
params_new= {'a1': 0.4618802153517006, 'a2': 0.0, 'a3': 2.8509866646482305} logZ_new= nan obs_new= 1.255211239075277e-32
params_max= {'a1': 0.4618802153517006, 'a2': 0.0, 'a3': 2.8509866713122323} logZ_max= 2.01387045429092 obs_max= 1.3249965350099275e-32
dist_min= tensor(4.0929) dist_max= tensor(3329.4233)
params_min,params_max=params_new,params_max
evaluating model at params_new={'a1': 0.4618802153517006, 'a2': 0.0, 'a3': 2.8509866679802314}
params_min= {'a1': 0.4618802153517006, 'a2': 0.0, 'a3': 2.8509866646482305} logZ_min= nan obs_min= 1.255211239075277e-32
params_new= {'a1': 0.4618802153517006, 'a2': 0.0, 'a3': 2.8509866679802314} logZ_new= nan obs_new= 2.3762256740913698e-33
params_max= {'a1': 0.4618802153517006, 'a2': 0.0, 'a3': 2.8509866713122323} logZ_max= 2.01387045429092 obs_max= 1.3249965350099275e-32
dist_min= tensor(231.6618) dist_max= tensor(3338.4761)
params_min,params_max=params_new,params_max
evaluating model at params_new={'a1': 0.4618802153517006, 'a2': 0.0, 'a3': 2.8509866696462316}
params_min= {'a1': 0.4618802153517006, 'a2': 0.0, 'a3': 2.8509866679802314} logZ_min= nan obs_min= 2.3762256740913698e-33
params_new= {'a1': 0.4618802153517006, 'a2': 0.0, 'a3': 2.8509866696462316} logZ_new= 2.0138677047236047 obs_new= 4.4417199786610447e-32
params_max= {'a1': 0.4618802153517006, 'a2': 0.0, 'a3': 2.8509866713122323} logZ_max= 2.01387045429092 obs_max= 1.3249965350099275e-32
dist_min= tensor(231.7114) dist_max= tensor(3330.0608)
params_min,params_max=params_new,params_max
evaluating model at params_new={'a1': 0.4618802153517006, 'a2': 0.0, 'a3': 2.850986670479232}
params_min= {'a1': 0.4618802153517006, 'a2': 0.0, 'a3': 2.8509866696462316} logZ_min= 2.0138677047236047 obs_min= 4.4417199786610447e-32
params_new= {'a1': 0.4618802153517006, 'a2': 0.0, 'a3': 2.850986670479232} logZ_new= nan obs_new= 6.383506355509467e-36
params_max= {'a1': 0.4618802153517006, 'a2': 0.0, 'a3': 2.8509866713122323} logZ_max= 2.01387045429092 obs_max= 1.3249965350099275e-32
dist_min= tensor(3.8330) dist_max= tensor(3330.5106)
params_min,params_max=params_new,params_max
evaluating model at params_new={'a1': 0.4618802153517006, 'a2': 0.0, 'a3': 2.850986670895732}
params_min= {'a1': 0.4618802153517006, 'a2': 0.0, 'a3': 2.850986670479232} logZ_min= nan obs_min= 6.383506355509467e-36
params_new= {'a1': 0.4618802153517006, 'a2': 0.0, 'a3': 2.850986670895732} logZ_new= nan obs_new= 2.7403241566209883e-33
params_max= {'a1': 0.4618802153517006, 'a2': 0.0, 'a3': 2.8509866713122323} logZ_max= 2.01387045429092 obs_max= 1.3249965350099275e-32
dist_min= tensor(6.1629) dist_max= tensor(3330.6014)
params_min,params_max=params_new,params_max
evaluating model at params_new={'a1': 0.4618802153517006, 'a2': 0.0, 'a3': 2.850986671103982}
params_min= {'a1': 0.4618802153517006, 'a2': 0.0, 'a3': 2.850986670895732} logZ_min= nan obs_min= 2.7403241566209883e-33
params_new= {'a1': 0.4618802153517006, 'a2': 0.0, 'a3': 2.850986671103982} logZ_new= 2.013869561291597 obs_new= 3.780452921878908e-35
params_max= {'a1': 0.4618802153517006, 'a2': 0.0, 'a3': 2.8509866713122323} logZ_max= 2.01387045429092 obs_max= 1.3249965350099275e-32
dist_min= tensor(5.2765) dist_max= tensor(3330.6552)
params_min,params_max=params_new,params_max
evaluating model at params_new={'a1': 0.4618802153517006, 'a2': 0.0, 'a3': 2.850986671208107}
params_min= {'a1': 0.4618802153517006, 'a2': 0.0, 'a3': 2.850986671103982} logZ_min= 2.013869561291597 obs_min= 3.780452921878908e-35
params_new= {'a1': 0.4618802153517006, 'a2': 0.0, 'a3': 2.850986671208107} logZ_new= nan obs_new= 3.2004106159963994e-34
params_max= {'a1': 0.4618802153517006, 'a2': 0.0, 'a3': 2.8509866713122323} logZ_max= 2.01387045429092 obs_max= 1.3249965350099275e-32
dist_min= tensor(3.3626) dist_max= tensor(3330.0365)
params_min,params_max=params_new,params_max
evaluating model at params_new={'a1': 0.4618802153517006, 'a2': 0.0, 'a3': 2.85098667126017}
params_min= {'a1': 0.4618802153517006, 'a2': 0.0, 'a3': 2.850986671208107} logZ_min= nan obs_min= 3.2004106159963994e-34
params_new= {'a1': 0.4618802153517006, 'a2': 0.0, 'a3': 2.85098667126017} logZ_new= 2.013872186083044 obs_new= 3.825138366992481e-34
params_max= {'a1': 0.4618802153517006, 'a2': 0.0, 'a3': 2.8509866713122323} logZ_max= 2.01387045429092 obs_max= 1.3249965350099275e-32
dist_min= tensor(10.5987) dist_max= tensor(3330.6794)
params_min,params_max=params_new,params_max
evaluating model at params_new={'a1': 0.4618802153517006, 'a2': 0.0, 'a3': 2.850986671286201}
params_min= {'a1': 0.4618802153517006, 'a2': 0.0, 'a3': 2.85098667126017} logZ_min= 2.013872186083044 obs_min= 3.825138366992481e-34
params_new= {'a1': 0.4618802153517006, 'a2': 0.0, 'a3': 2.850986671286201} logZ_new= 2.0138677700820256 obs_new= 1.57291536948407e-33
params_max= {'a1': 0.4618802153517006, 'a2': 0.0, 'a3': 2.8509866713122323} logZ_max= 2.01387045429092 obs_max= 1.3249965350099275e-32
dist_min= tensor(12.1948) dist_max= tensor(3326.2037)
params_min,params_max=params_new,params_max
evaluating model at params_new={'a1': 0.4618802153517006, 'a2': 0.0, 'a3': 2.850986671299217}
params_min= {'a1': 0.4618802153517006, 'a2': 0.0, 'a3': 2.850986671286201} logZ_min= 2.0138677700820256 obs_min= 1.57291536948407e-33
params_new= {'a1': 0.4618802153517006, 'a2': 0.0, 'a3': 2.850986671299217} logZ_new= 2.013872643724568 obs_new= 1.5319582624367559e-33
params_max= {'a1': 0.4618802153517006, 'a2': 0.0, 'a3': 2.8509866713122323} logZ_max= 2.01387045429092 obs_max= 1.3249965350099275e-32
dist_min= tensor(4.4945) dist_max= tensor(3330.6875)
params_min,params_max=params_new,params_max
evaluating model at params_new={'a1': 0.4618802153517006, 'a2': 0.0, 'a3': 2.8509866713057246}
params_min= {'a1': 0.4618802153517006, 'a2': 0.0, 'a3': 2.850986671299217} logZ_min= 2.013872643724568 obs_min= 1.5319582624367559e-33
params_new= {'a1': 0.4618802153517006, 'a2': 0.0, 'a3': 2.8509866713057246} logZ_new= 2.0138642974360716 obs_new= 1.1519068503585971e-32
params_max= {'a1': 0.4618802153517006, 'a2': 0.0, 'a3': 2.8509866713122323} logZ_max= 2.01387045429092 obs_max= 1.3249965350099275e-32
dist_min= tensor(1.3374) dist_max= tensor(3330.0608)
params_min,params_max=params_new,params_max
evaluating model at params_new={'a1': 0.4618802153517006, 'a2': 0.0, 'a3': 2.8509866713089784}
params_min= {'a1': 0.4618802153517006, 'a2': 0.0, 'a3': 2.8509866713057246} logZ_min= 2.0138642974360716 obs_min= 1.1519068503585971e-32
params_new= {'a1': 0.4618802153517006, 'a2': 0.0, 'a3': 2.8509866713089784} logZ_new= 2.013804079511484 obs_new= 3.81693432940395e-32
params_max= {'a1': 0.4618802153517006, 'a2': 0.0, 'a3': 2.8509866713122323} logZ_max= 2.01387045429092 obs_max= 1.3249965350099275e-32
dist_min= tensor(0.4191) dist_max= tensor(3330.0608)
params_min,params_max=params_new,params_max
evaluating model at params_new={'a1': 0.4618802153517006, 'a2': 0.0, 'a3': 2.850986671310605}
params_min= {'a1': 0.4618802153517006, 'a2': 0.0, 'a3': 2.8509866713089784} logZ_min= 2.013804079511484 obs_min= 3.81693432940395e-32
params_new= {'a1': 0.4618802153517006, 'a2': 0.0, 'a3': 2.850986671310605} logZ_new= 2.0138128722950768 obs_new= 4.293390621883377e-32
params_max= {'a1': 0.4618802153517006, 'a2': 0.0, 'a3': 2.8509866713122323} logZ_max= 2.01387045429092 obs_max= 1.3249965350099275e-32
dist_min= tensor(0.9924) dist_max= tensor(3330.0609)
params_min,params_max=params_new,params_max
evaluating model at params_new={'a1': 0.4618802153517006, 'a2': 0.0, 'a3': 2.8509866713114187}
params_min= {'a1': 0.4618802153517006, 'a2': 0.0, 'a3': 2.850986671310605} logZ_min= 2.0138128722950768 obs_min= 4.293390621883377e-32
params_new= {'a1': 0.4618802153517006, 'a2': 0.0, 'a3': 2.8509866713114187} logZ_new= 2.013876480667818 obs_new= 1.8135932229511715e-30
params_max= {'a1': 0.4618802153517006, 'a2': 0.0, 'a3': 2.8509866713122323} logZ_max= 2.01387045429092 obs_max= 1.3249965350099275e-32
dist_min= tensor(0.9745) dist_max= tensor(3330.0610)
params_min,params_max=params_new,params_max
evaluating model at params_new={'a1': 0.4618802153517006, 'a2': 0.0, 'a3': 2.8509866713118255}
params_min= {'a1': 0.4618802153517006, 'a2': 0.0, 'a3': 2.8509866713114187} logZ_min= 2.013876480667818 obs_min= 1.8135932229511715e-30
params_new= {'a1': 0.4618802153517006, 'a2': 0.0, 'a3': 2.8509866713118255} logZ_new= 2.0138725466115512 obs_new= 1.945134941648907e-32
params_max= {'a1': 0.4618802153517006, 'a2': 0.0, 'a3': 2.8509866713122323} logZ_max= 2.01387045429092 obs_max= 1.3249965350099275e-32
dist_min= tensor(0.4960) dist_max= tensor(3330.0608)
params_min,params_max=params_new,params_max
evaluating model at params_new={'a1': 0.4618802153517006, 'a2': 0.0, 'a3': 2.850986671312029}
params_min= {'a1': 0.4618802153517006, 'a2': 0.0, 'a3': 2.8509866713118255} logZ_min= 2.0138725466115512 obs_min= 1.945134941648907e-32
params_new= {'a1': 0.4618802153517006, 'a2': 0.0, 'a3': 2.850986671312029} logZ_new= 2.013872792612454 obs_new= -3.355736384515941e-33
params_max= {'a1': 0.4618802153517006, 'a2': 0.0, 'a3': 2.8509866713122323} logZ_max= 2.01387045429092 obs_max= 1.3249965350099275e-32
dist_min= tensor(1.4830) dist_max= tensor(3330.6996)
params_min,params_max=params_new,params_max
evaluating model at params_new={'a1': 0.4618802153517006, 'a2': 0.0, 'a3': 2.8509866713121306}
params_min= {'a1': 0.4618802153517006, 'a2': 0.0, 'a3': 2.850986671312029} logZ_min= 2.013872792612454 obs_min= -3.355736384515941e-33
params_new= {'a1': 0.4618802153517006, 'a2': 0.0, 'a3': 2.8509866713121306} logZ_new= nan obs_new= 2.926661405727508e-35
params_max= {'a1': 0.4618802153517006, 'a2': 0.0, 'a3': 2.8509866713122323} logZ_max= 2.01387045429092 obs_max= 1.3249965350099275e-32
dist_min= tensor(1.4346) dist_max= tensor(3330.5819)
params_min,params_max=params_new,params_max
evaluating model at params_new={'a1': 0.4618802153517006, 'a2': 0.0, 'a3': 2.8509866713121816}
params_min= {'a1': 0.4618802153517006, 'a2': 0.0, 'a3': 2.8509866713121306} logZ_min= nan obs_min= 2.926661405727508e-35
params_new= {'a1': 0.4618802153517006, 'a2': 0.0, 'a3': 2.8509866713121816} logZ_new= 2.0138573825099746 obs_new= 5.154020043172155e-32
params_max= {'a1': 0.4618802153517006, 'a2': 0.0, 'a3': 2.8509866713122323} logZ_max= 2.01387045429092 obs_max= 1.3249965350099275e-32
dist_min= tensor(1.6878) dist_max= tensor(3330.0608)
params_min,params_max=params_new,params_max
evaluating model at params_new={'a1': 0.4618802153517006, 'a2': 0.0, 'a3': 2.850986671312207}
params_min= {'a1': 0.4618802153517006, 'a2': 0.0, 'a3': 2.8509866713121816} logZ_min= 2.0138573825099746 obs_min= 5.154020043172155e-32
params_new= {'a1': 0.4618802153517006, 'a2': 0.0, 'a3': 2.850986671312207} logZ_new= 2.01386329054073 obs_new= 8.315535244251824e-33
params_max= {'a1': 0.4618802153517006, 'a2': 0.0, 'a3': 2.8509866713122323} logZ_max= 2.01387045429092 obs_max= 1.3249965350099275e-32
dist_min= tensor(1.4148) dist_max= tensor(3330.6709)
params_min,params_max=params_new,params_max
evaluating model at params_new={'a1': 0.4618802153517006, 'a2': 0.0, 'a3': 2.85098667131222}
params_min= {'a1': 0.4618802153517006, 'a2': 0.0, 'a3': 2.850986671312207} logZ_min= 2.01386329054073 obs_min= 8.315535244251824e-33
params_new= {'a1': 0.4618802153517006, 'a2': 0.0, 'a3': 2.85098667131222} logZ_new= 2.0138738288883444 obs_new= 4.35285895147995e-32
params_max= {'a1': 0.4618802153517006, 'a2': 0.0, 'a3': 2.8509866713122323} logZ_max= 2.01387045429092 obs_max= 1.3249965350099275e-32
dist_min= tensor(1.4711) dist_max= tensor(3330.0608)
params_min,params_max=params_new,params_max
evaluating model at params_new={'a1': 0.4618802153517006, 'a2': 0.0, 'a3': 2.850986671312226}
params_min= {'a1': 0.4618802153517006, 'a2': 0.0, 'a3': 2.85098667131222} logZ_min= 2.0138738288883444 obs_min= 4.35285895147995e-32
params_new= {'a1': 0.4618802153517006, 'a2': 0.0, 'a3': 2.850986671312226} logZ_new= 2.013876426185471 obs_new= 3.337013368793469e-34
params_max= {'a1': 0.4618802153517006, 'a2': 0.0, 'a3': 2.8509866713122323} logZ_max= 2.01387045429092 obs_max= 1.3249965350099275e-32
dist_min= tensor(38.1182) dist_max= tensor(3291.9695)
params_min,params_max=params_new,params_max
evaluating model at params_new={'a1': 0.4618802153517006, 'a2': 0.0, 'a3': 2.850986671312229}
params_min= {'a1': 0.4618802153517006, 'a2': 0.0, 'a3': 2.850986671312226} logZ_min= 2.013876426185471 obs_min= 3.337013368793469e-34
params_new= {'a1': 0.4618802153517006, 'a2': 0.0, 'a3': 2.850986671312229} logZ_new= 2.013867774574165 obs_new= 2.035432618289623e-33
params_max= {'a1': 0.4618802153517006, 'a2': 0.0, 'a3': 2.8509866713122323} logZ_max= 2.01387045429092 obs_max= 1.3249965350099275e-32
dist_min= tensor(39.9156) dist_max= tensor(3330.7698)
params_min,params_max=params_new,params_max
evaluating model at params_new={'a1': 0.4618802153517006, 'a2': 0.0, 'a3': 2.8509866713122305}
params_min= {'a1': 0.4618802153517006, 'a2': 0.0, 'a3': 2.850986671312229} logZ_min= 2.013867774574165 obs_min= 2.035432618289623e-33
params_new= {'a1': 0.4618802153517006, 'a2': 0.0, 'a3': 2.8509866713122305} logZ_new= 2.01386208608257 obs_new= 3.3872655274544607e-36
params_max= {'a1': 0.4618802153517006, 'a2': 0.0, 'a3': 2.8509866713122323} logZ_max= 2.01387045429092 obs_max= 1.3249965350099275e-32
dist_min= tensor(9.6829) dist_max= tensor(3330.7013)
params_min,params_max=params_new,params_max
evaluating model at params_new={'a1': 0.4618802153517006, 'a2': 0.0, 'a3': 2.8509866713122314}
params_min= {'a1': 0.4618802153517006, 'a2': 0.0, 'a3': 2.8509866713122305} logZ_min= 2.01386208608257 obs_min= 3.3872655274544607e-36
params_new= {'a1': 0.4618802153517006, 'a2': 0.0, 'a3': 2.8509866713122314} logZ_new= nan obs_new= 1.903135625224365e-34
params_max= {'a1': 0.4618802153517006, 'a2': 0.0, 'a3': 2.8509866713122323} logZ_max= 2.01387045429092 obs_max= 1.3249965350099275e-32
dist_min= tensor(44.8214) dist_max= tensor(3330.5872)
params_min,params_max=params_new,params_max
evaluating model at params_new={'a1': 0.4618802153517006, 'a2': 0.0, 'a3': 2.850986671312232}
params_min= {'a1': 0.4618802153517006, 'a2': 0.0, 'a3': 2.8509866713122314} logZ_min= nan obs_min= 1.903135625224365e-34
params_new= {'a1': 0.4618802153517006, 'a2': 0.0, 'a3': 2.850986671312232} logZ_new= 2.013834846145905 obs_new= 6.601013828042465e-30
params_max= {'a1': 0.4618802153517006, 'a2': 0.0, 'a3': 2.8509866713122323} logZ_max= 2.01387045429092 obs_max= 1.3249965350099275e-32
dist_min= tensor(44.2138) dist_max= tensor(3330.0608)
params_min,params_max=params_new,params_max
critical params found:  {'a1': 0.4618802153517006, 'a2': 0.0, 'a3': 2.8509866713122323}
reference params:  {'a1': 1.1547005383792515, 'a2': 1.8257418583505538, 'a3': 4.47213595499958}
file saved to  data/AKLT3D_X10_scan_grid_critical_a3/a1_0.4618802_a2_0.0000000/Tc.json
