Start running find_critical_temp.py with options:{'filename': 'data/AKLT3D_X10_scan_grid_critical_a3/a1_1.8475209_a2_1.0954451/Tc.json', 'log_filename': 'data/AKLT3D_X10_scan_grid_critical_a3/a1_1.8475209_a2_1.0954451/Tc.log', 'nLayers': 60, 'max_dim': 10, 'model': 'AKLT3D', 'params_min': "{'a1': 1.8475208614068024, 'a2': 1.0954451150103324, 'a3': 5.366563145999496}", 'params_max': "{'a1': 1.8475208614068024, 'a2': 1.0954451150103324, 'a3': 6.260990336999412}", 'params_ref': None, 'observable_name': 'magnetizationZ', 'tol': 0.0, 'gilt_enabled': False, 'gilt_eps': 8e-07, 'gilt_nIter': 1, 'mcf_enabled': True, 'mcf_eps': 1e-16, 'mcf_max_iter': 200, 'hotrg_sanity_check': False, 'version': 1, 'device': 'cuda:1'}
loading library...
evaluating model at params_min={'a1': 1.8475208614068024, 'a2': 1.0954451150103324, 'a3': 5.366563145999496}
params_min= {'a1': 1.8475208614068024, 'a2': 1.0954451150103324, 'a3': 5.366563145999496} logZ_min= nan obs_min= 1.0464141868176202e-32
evaluating model at params_max={'a1': 1.8475208614068024, 'a2': 1.0954451150103324, 'a3': 6.260990336999412}
params_max= {'a1': 1.8475208614068024, 'a2': 1.0954451150103324, 'a3': 6.260990336999412} logZ_max= 3.6718597516004485 obs_max= 8.889702307492376
searching for critical temperature using bisection method
evaluating model at params_new={'a1': 1.8475208614068024, 'a2': 1.0954451150103324, 'a3': 5.813776741499455}
params_min= {'a1': 1.8475208614068024, 'a2': 1.0954451150103324, 'a3': 5.366563145999496} logZ_min= nan obs_min= 1.0464141868176202e-32
params_new= {'a1': 1.8475208614068024, 'a2': 1.0954451150103324, 'a3': 5.813776741499455} logZ_new= 3.518495287122935 obs_new= 8.565283505153502
params_max= {'a1': 1.8475208614068024, 'a2': 1.0954451150103324, 'a3': 6.260990336999412} logZ_max= 3.6718597516004485 obs_max= 8.889702307492376
dist_min= tensor(68700.9603) dist_max= tensor(6.0832)
params_min,params_max=params_min,params_new
evaluating model at params_new={'a1': 1.8475208614068024, 'a2': 1.0954451150103324, 'a3': 5.590169943749475}
params_min= {'a1': 1.8475208614068024, 'a2': 1.0954451150103324, 'a3': 5.366563145999496} logZ_min= nan obs_min= 1.0464141868176202e-32
params_new= {'a1': 1.8475208614068024, 'a2': 1.0954451150103324, 'a3': 5.590169943749475} logZ_new= 3.5044954638766477 obs_new= 1.5368716380935405e-31
params_max= {'a1': 1.8475208614068024, 'a2': 1.0954451150103324, 'a3': 5.813776741499455} logZ_max= 3.518495287122935 obs_max= 8.565283505153502
dist_min= tensor(68647.9685) dist_max= tensor(53.0968)
params_min,params_max=params_min,params_new
evaluating model at params_new={'a1': 1.8475208614068024, 'a2': 1.0954451150103324, 'a3': 5.478366544874486}
params_min= {'a1': 1.8475208614068024, 'a2': 1.0954451150103324, 'a3': 5.366563145999496} logZ_min= nan obs_min= 1.0464141868176202e-32
params_new= {'a1': 1.8475208614068024, 'a2': 1.0954451150103324, 'a3': 5.478366544874486} logZ_new= 3.5018027883371237 obs_new= 3.4264634518439336e-32
params_max= {'a1': 1.8475208614068024, 'a2': 1.0954451150103324, 'a3': 5.590169943749475} logZ_max= 3.5044954638766477 obs_max= 1.5368716380935405e-31
dist_min= tensor(68643.1514) dist_max= tensor(5.0631)
params_min,params_max=params_min,params_new
evaluating model at params_new={'a1': 1.8475208614068024, 'a2': 1.0954451150103324, 'a3': 5.422464845436991}
params_min= {'a1': 1.8475208614068024, 'a2': 1.0954451150103324, 'a3': 5.366563145999496} logZ_min= nan obs_min= 1.0464141868176202e-32
params_new= {'a1': 1.8475208614068024, 'a2': 1.0954451150103324, 'a3': 5.422464845436991} logZ_new= 3.534604746882144 obs_new= 4.145980110697265e-32
params_max= {'a1': 1.8475208614068024, 'a2': 1.0954451150103324, 'a3': 5.478366544874486} logZ_max= 3.5018027883371237 obs_max= 3.4264634518439336e-32
dist_min= tensor(55454.3392) dist_max= tensor(13188.8131)
params_min,params_max=params_min,params_new
evaluating model at params_new={'a1': 1.8475208614068024, 'a2': 1.0954451150103324, 'a3': 5.394513995718244}
params_min= {'a1': 1.8475208614068024, 'a2': 1.0954451150103324, 'a3': 5.366563145999496} logZ_min= nan obs_min= 1.0464141868176202e-32
params_new= {'a1': 1.8475208614068024, 'a2': 1.0954451150103324, 'a3': 5.394513995718244} logZ_new= 3.534307418014999 obs_new= 1.9652140550322302e-32
params_max= {'a1': 1.8475208614068024, 'a2': 1.0954451150103324, 'a3': 5.422464845436991} logZ_max= 3.534604746882144 obs_max= 4.145980110697265e-32
dist_min= tensor(57139.3113) dist_max= tensor(1684.9790)
params_min,params_max=params_min,params_new
evaluating model at params_new={'a1': 1.8475208614068024, 'a2': 1.0954451150103324, 'a3': 5.38053857085887}
params_min= {'a1': 1.8475208614068024, 'a2': 1.0954451150103324, 'a3': 5.366563145999496} logZ_min= nan obs_min= 1.0464141868176202e-32
params_new= {'a1': 1.8475208614068024, 'a2': 1.0954451150103324, 'a3': 5.38053857085887} logZ_new= nan obs_new= 3.9837070523193644e-33
params_max= {'a1': 1.8475208614068024, 'a2': 1.0954451150103324, 'a3': 5.394513995718244} logZ_max= 3.534307418014999 obs_max= 1.9652140550322302e-32
dist_min= tensor(59671.6654) dist_max= tensor(14763.5036)
params_min,params_max=params_min,params_new
evaluating model at params_new={'a1': 1.8475208614068024, 'a2': 1.0954451150103324, 'a3': 5.373550858429184}
params_min= {'a1': 1.8475208614068024, 'a2': 1.0954451150103324, 'a3': 5.366563145999496} logZ_min= nan obs_min= 1.0464141868176202e-32
params_new= {'a1': 1.8475208614068024, 'a2': 1.0954451150103324, 'a3': 5.373550858429184} logZ_new= nan obs_new= 4.2972524876030855e-34
params_max= {'a1': 1.8475208614068024, 'a2': 1.0954451150103324, 'a3': 5.38053857085887} logZ_max= nan obs_max= 3.9837070523193644e-33
dist_min= tensor(11085.0931) dist_max= tensor(49007.1521)
params_min,params_max=params_new,params_max
evaluating model at params_new={'a1': 1.8475208614068024, 'a2': 1.0954451150103324, 'a3': 5.377044714644027}
params_min= {'a1': 1.8475208614068024, 'a2': 1.0954451150103324, 'a3': 5.373550858429184} logZ_min= nan obs_min= 4.2972524876030855e-34
params_new= {'a1': 1.8475208614068024, 'a2': 1.0954451150103324, 'a3': 5.377044714644027} logZ_new= nan obs_new= 1.1281764866843814e-31
params_max= {'a1': 1.8475208614068024, 'a2': 1.0954451150103324, 'a3': 5.38053857085887} logZ_max= nan obs_max= 3.9837070523193644e-33
dist_min= tensor(4586.0676) dist_max= tensor(44655.0073)
params_min,params_max=params_new,params_max
evaluating model at params_new={'a1': 1.8475208614068024, 'a2': 1.0954451150103324, 'a3': 5.378791642751448}
params_min= {'a1': 1.8475208614068024, 'a2': 1.0954451150103324, 'a3': 5.377044714644027} logZ_min= nan obs_min= 1.1281764866843814e-31
params_new= {'a1': 1.8475208614068024, 'a2': 1.0954451150103324, 'a3': 5.378791642751448} logZ_new= 3.5336129793774687 obs_new= 8.785668018140058e-33
params_max= {'a1': 1.8475208614068024, 'a2': 1.0954451150103324, 'a3': 5.38053857085887} logZ_max= nan obs_max= 3.9837070523193644e-33
dist_min= tensor(42232.0208) dist_max= tensor(14748.3876)
params_min,params_max=params_min,params_new
evaluating model at params_new={'a1': 1.8475208614068024, 'a2': 1.0954451150103324, 'a3': 5.377918178697738}
params_min= {'a1': 1.8475208614068024, 'a2': 1.0954451150103324, 'a3': 5.377044714644027} logZ_min= nan obs_min= 1.1281764866843814e-31
params_new= {'a1': 1.8475208614068024, 'a2': 1.0954451150103324, 'a3': 5.377918178697738} logZ_new= 3.5324832590047635 obs_new= 2.95511466087117e-35
params_max= {'a1': 1.8475208614068024, 'a2': 1.0954451150103324, 'a3': 5.378791642751448} logZ_max= 3.5336129793774687 obs_max= 8.785668018140058e-33
dist_min= tensor(1064.1053) dist_max= tensor(41168.7109)
params_min,params_max=params_new,params_max
evaluating model at params_new={'a1': 1.8475208614068024, 'a2': 1.0954451150103324, 'a3': 5.3783549107245925}
params_min= {'a1': 1.8475208614068024, 'a2': 1.0954451150103324, 'a3': 5.377918178697738} logZ_min= 3.5324832590047635 obs_min= 2.95511466087117e-35
params_new= {'a1': 1.8475208614068024, 'a2': 1.0954451150103324, 'a3': 5.3783549107245925} logZ_new= nan obs_new= 5.447584525183259e-35
params_max= {'a1': 1.8475208614068024, 'a2': 1.0954451150103324, 'a3': 5.378791642751448} logZ_max= 3.5336129793774687 obs_max= 8.785668018140058e-33
dist_min= tensor(521.6143) dist_max= tensor(40648.6286)
params_min,params_max=params_new,params_max
evaluating model at params_new={'a1': 1.8475208614068024, 'a2': 1.0954451150103324, 'a3': 5.37857327673802}
params_min= {'a1': 1.8475208614068024, 'a2': 1.0954451150103324, 'a3': 5.3783549107245925} logZ_min= nan obs_min= 5.447584525183259e-35
params_new= {'a1': 1.8475208614068024, 'a2': 1.0954451150103324, 'a3': 5.37857327673802} logZ_new= nan obs_new= 3.1176880920636987e-32
params_max= {'a1': 1.8475208614068024, 'a2': 1.0954451150103324, 'a3': 5.378791642751448} logZ_max= 3.5336129793774687 obs_max= 8.785668018140058e-33
dist_min= tensor(257.5591) dist_max= tensor(40391.4349)
params_min,params_max=params_new,params_max
evaluating model at params_new={'a1': 1.8475208614068024, 'a2': 1.0954451150103324, 'a3': 5.378682459744734}
params_min= {'a1': 1.8475208614068024, 'a2': 1.0954451150103324, 'a3': 5.37857327673802} logZ_min= nan obs_min= 3.1176880920636987e-32
params_new= {'a1': 1.8475208614068024, 'a2': 1.0954451150103324, 'a3': 5.378682459744734} logZ_new= 3.5335410976261925 obs_new= 1.478214063803611e-32
params_max= {'a1': 1.8475208614068024, 'a2': 1.0954451150103324, 'a3': 5.378791642751448} logZ_max= 3.5336129793774687 obs_max= 8.785668018140058e-33
dist_min= tensor(40396.4662) dist_max= tensor(5.0457)
params_min,params_max=params_min,params_new
evaluating model at params_new={'a1': 1.8475208614068024, 'a2': 1.0954451150103324, 'a3': 5.378627868241377}
params_min= {'a1': 1.8475208614068024, 'a2': 1.0954451150103324, 'a3': 5.37857327673802} logZ_min= nan obs_min= 3.1176880920636987e-32
params_new= {'a1': 1.8475208614068024, 'a2': 1.0954451150103324, 'a3': 5.378627868241377} logZ_new= nan obs_new= 7.396822139721617e-32
params_max= {'a1': 1.8475208614068024, 'a2': 1.0954451150103324, 'a3': 5.378682459744734} logZ_max= 3.5335410976261925 obs_max= 1.478214063803611e-32
dist_min= tensor(65.5860) dist_max= tensor(40332.4572)
params_min,params_max=params_new,params_max
evaluating model at params_new={'a1': 1.8475208614068024, 'a2': 1.0954451150103324, 'a3': 5.378655163993056}
params_min= {'a1': 1.8475208614068024, 'a2': 1.0954451150103324, 'a3': 5.378627868241377} logZ_min= nan obs_min= 7.396822139721617e-32
params_new= {'a1': 1.8475208614068024, 'a2': 1.0954451150103324, 'a3': 5.378655163993056} logZ_new= 3.5324952817733326 obs_new= 1.5615315739589614e-32
params_max= {'a1': 1.8475208614068024, 'a2': 1.0954451150103324, 'a3': 5.378682459744734} logZ_max= 3.5335410976261925 obs_max= 1.478214063803611e-32
dist_min= tensor(82.9894) dist_max= tensor(40300.5692)
params_min,params_max=params_new,params_max
evaluating model at params_new={'a1': 1.8475208614068024, 'a2': 1.0954451150103324, 'a3': 5.378668811868895}
params_min= {'a1': 1.8475208614068024, 'a2': 1.0954451150103324, 'a3': 5.378655163993056} logZ_min= 3.5324952817733326 obs_min= 1.5615315739589614e-32
params_new= {'a1': 1.8475208614068024, 'a2': 1.0954451150103324, 'a3': 5.378668811868895} logZ_new= 3.533153849990396 obs_new= 8.796767245390715e-35
params_max= {'a1': 1.8475208614068024, 'a2': 1.0954451150103324, 'a3': 5.378682459744734} logZ_max= 3.5335410976261925 obs_max= 1.478214063803611e-32
dist_min= tensor(40303.1602) dist_max= tensor(83.5694)
params_min,params_max=params_min,params_new
evaluating model at params_new={'a1': 1.8475208614068024, 'a2': 1.0954451150103324, 'a3': 5.378661987930975}
params_min= {'a1': 1.8475208614068024, 'a2': 1.0954451150103324, 'a3': 5.378655163993056} logZ_min= 3.5324952817733326 obs_min= 1.5615315739589614e-32
params_new= {'a1': 1.8475208614068024, 'a2': 1.0954451150103324, 'a3': 5.378661987930975} logZ_new= 3.532495393083779 obs_new= 4.805579614176101e-33
params_max= {'a1': 1.8475208614068024, 'a2': 1.0954451150103324, 'a3': 5.378668811868895} logZ_max= 3.533153849990396 obs_max= 8.796767245390715e-35
dist_min= tensor(90.4994) dist_max= tensor(40295.2898)
params_min,params_max=params_new,params_max
evaluating model at params_new={'a1': 1.8475208614068024, 'a2': 1.0954451150103324, 'a3': 5.378665399899935}
params_min= {'a1': 1.8475208614068024, 'a2': 1.0954451150103324, 'a3': 5.378661987930975} logZ_min= 3.532495393083779 obs_min= 4.805579614176101e-33
params_new= {'a1': 1.8475208614068024, 'a2': 1.0954451150103324, 'a3': 5.378665399899935} logZ_new= nan obs_new= 1.4171860432609474e-34
params_max= {'a1': 1.8475208614068024, 'a2': 1.0954451150103324, 'a3': 5.378668811868895} logZ_max= 3.533153849990396 obs_max= 8.796767245390715e-35
dist_min= tensor(47.6642) dist_max= tensor(40291.2685)
params_min,params_max=params_new,params_max
evaluating model at params_new={'a1': 1.8475208614068024, 'a2': 1.0954451150103324, 'a3': 5.378667105884415}
params_min= {'a1': 1.8475208614068024, 'a2': 1.0954451150103324, 'a3': 5.378665399899935} logZ_min= nan obs_min= 1.4171860432609474e-34
params_new= {'a1': 1.8475208614068024, 'a2': 1.0954451150103324, 'a3': 5.378667105884415} logZ_new= 3.533451495279358 obs_new= 3.569759725617971e-32
params_max= {'a1': 1.8475208614068024, 'a2': 1.0954451150103324, 'a3': 5.378668811868895} logZ_max= 3.533153849990396 obs_max= 8.796767245390715e-35
dist_min= tensor(40293.8466) dist_max= tensor(653.0445)
params_min,params_max=params_min,params_new
evaluating model at params_new={'a1': 1.8475208614068024, 'a2': 1.0954451150103324, 'a3': 5.378666252892176}
params_min= {'a1': 1.8475208614068024, 'a2': 1.0954451150103324, 'a3': 5.378665399899935} logZ_min= nan obs_min= 1.4171860432609474e-34
params_new= {'a1': 1.8475208614068024, 'a2': 1.0954451150103324, 'a3': 5.378666252892176} logZ_new= nan obs_new= 9.200139293345058e-33
params_max= {'a1': 1.8475208614068024, 'a2': 1.0954451150103324, 'a3': 5.378667105884415} logZ_max= 3.533451495279358 obs_max= 3.569759725617971e-32
dist_min= tensor(6.1183) dist_max= tensor(40292.8471)
params_min,params_max=params_new,params_max
evaluating model at params_new={'a1': 1.8475208614068024, 'a2': 1.0954451150103324, 'a3': 5.378666679388296}
params_min= {'a1': 1.8475208614068024, 'a2': 1.0954451150103324, 'a3': 5.378666252892176} logZ_min= nan obs_min= 9.200139293345058e-33
params_new= {'a1': 1.8475208614068024, 'a2': 1.0954451150103324, 'a3': 5.378666679388296} logZ_new= 3.5332389063086294 obs_new= 1.3086157322338692e-31
params_max= {'a1': 1.8475208614068024, 'a2': 1.0954451150103324, 'a3': 5.378667105884415} logZ_max= 3.533451495279358 obs_max= 3.569759725617971e-32
dist_min= tensor(40287.9879) dist_max= tensor(656.8642)
params_min,params_max=params_min,params_new
evaluating model at params_new={'a1': 1.8475208614068024, 'a2': 1.0954451150103324, 'a3': 5.378666466140236}
params_min= {'a1': 1.8475208614068024, 'a2': 1.0954451150103324, 'a3': 5.378666252892176} logZ_min= nan obs_min= 9.200139293345058e-33
params_new= {'a1': 1.8475208614068024, 'a2': 1.0954451150103324, 'a3': 5.378666466140236} logZ_new= 3.5324954661316417 obs_new= 1.1369502140780197e-32
params_max= {'a1': 1.8475208614068024, 'a2': 1.0954451150103324, 'a3': 5.378666679388296} logZ_max= 3.5332389063086294 obs_max= 1.3086157322338692e-31
dist_min= tensor(9.8739) dist_max= tensor(40287.7417)
params_min,params_max=params_new,params_max
evaluating model at params_new={'a1': 1.8475208614068024, 'a2': 1.0954451150103324, 'a3': 5.378666572764265}
params_min= {'a1': 1.8475208614068024, 'a2': 1.0954451150103324, 'a3': 5.378666466140236} logZ_min= 3.5324954661316417 obs_min= 1.1369502140780197e-32
params_new= {'a1': 1.8475208614068024, 'a2': 1.0954451150103324, 'a3': 5.378666572764265} logZ_new= nan obs_new= 4.617226046903745e-34
params_max= {'a1': 1.8475208614068024, 'a2': 1.0954451150103324, 'a3': 5.378666679388296} logZ_max= 3.5332389063086294 obs_max= 1.3086157322338692e-31
dist_min= tensor(4.6788) dist_max= tensor(40287.6167)
params_min,params_max=params_new,params_max
evaluating model at params_new={'a1': 1.8475208614068024, 'a2': 1.0954451150103324, 'a3': 5.3786666260762805}
params_min= {'a1': 1.8475208614068024, 'a2': 1.0954451150103324, 'a3': 5.378666572764265} logZ_min= nan obs_min= 4.617226046903745e-34
params_new= {'a1': 1.8475208614068024, 'a2': 1.0954451150103324, 'a3': 5.3786666260762805} logZ_new= 3.533169656629343 obs_new= 1.8297920004349697e-32
params_max= {'a1': 1.8475208614068024, 'a2': 1.0954451150103324, 'a3': 5.378666679388296} logZ_max= 3.5332389063086294 obs_max= 1.3086157322338692e-31
dist_min= tensor(40289.8608) dist_max= tensor(114.9892)
params_min,params_max=params_min,params_new
evaluating model at params_new={'a1': 1.8475208614068024, 'a2': 1.0954451150103324, 'a3': 5.3786665994202725}
params_min= {'a1': 1.8475208614068024, 'a2': 1.0954451150103324, 'a3': 5.378666572764265} logZ_min= nan obs_min= 4.617226046903745e-34
params_new= {'a1': 1.8475208614068024, 'a2': 1.0954451150103324, 'a3': 5.3786665994202725} logZ_new= 3.532495468305733 obs_new= 4.7430522683779154e-35
params_max= {'a1': 1.8475208614068024, 'a2': 1.0954451150103324, 'a3': 5.3786666260762805} logZ_max= 3.533169656629343 obs_max= 1.8297920004349697e-32
dist_min= tensor(1.7523) dist_max= tensor(40289.8311)
params_min,params_max=params_new,params_max
evaluating model at params_new={'a1': 1.8475208614068024, 'a2': 1.0954451150103324, 'a3': 5.378666612748276}
params_min= {'a1': 1.8475208614068024, 'a2': 1.0954451150103324, 'a3': 5.3786665994202725} logZ_min= 3.532495468305733 obs_min= 4.7430522683779154e-35
params_new= {'a1': 1.8475208614068024, 'a2': 1.0954451150103324, 'a3': 5.378666612748276} logZ_new= 3.5339851249036434 obs_new= 1.1219964549612214e-33
params_max= {'a1': 1.8475208614068024, 'a2': 1.0954451150103324, 'a3': 5.3786666260762805} logZ_max= 3.533169656629343 obs_max= 1.8297920004349697e-32
dist_min= tensor(40284.4111) dist_max= tensor(62.8812)
params_min,params_max=params_min,params_new
evaluating model at params_new={'a1': 1.8475208614068024, 'a2': 1.0954451150103324, 'a3': 5.378666606084274}
params_min= {'a1': 1.8475208614068024, 'a2': 1.0954451150103324, 'a3': 5.3786665994202725} logZ_min= 3.532495468305733 obs_min= 4.7430522683779154e-35
params_new= {'a1': 1.8475208614068024, 'a2': 1.0954451150103324, 'a3': 5.378666606084274} logZ_new= nan obs_new= 1.1893889079751183e-32
params_max= {'a1': 1.8475208614068024, 'a2': 1.0954451150103324, 'a3': 5.378666612748276} logZ_max= 3.5339851249036434 obs_max= 1.1219964549612214e-33
dist_min= tensor(0.4495) dist_max= tensor(40284.4032)
params_min,params_max=params_new,params_max
evaluating model at params_new={'a1': 1.8475208614068024, 'a2': 1.0954451150103324, 'a3': 5.378666609416275}
params_min= {'a1': 1.8475208614068024, 'a2': 1.0954451150103324, 'a3': 5.378666606084274} logZ_min= nan obs_min= 1.1893889079751183e-32
params_new= {'a1': 1.8475208614068024, 'a2': 1.0954451150103324, 'a3': 5.378666609416275} logZ_new= nan obs_new= 2.4747985540348324e-36
params_max= {'a1': 1.8475208614068024, 'a2': 1.0954451150103324, 'a3': 5.378666612748276} logZ_max= 3.5339851249036434 obs_max= 1.1219964549612214e-33
dist_min= tensor(40288.2955) dist_max= tensor(51.3711)
params_min,params_max=params_min,params_new
evaluating model at params_new={'a1': 1.8475208614068024, 'a2': 1.0954451150103324, 'a3': 5.378666607750274}
params_min= {'a1': 1.8475208614068024, 'a2': 1.0954451150103324, 'a3': 5.378666606084274} logZ_min= nan obs_min= 1.1893889079751183e-32
params_new= {'a1': 1.8475208614068024, 'a2': 1.0954451150103324, 'a3': 5.378666607750274} logZ_new= nan obs_new= 6.030647646806703e-32
params_max= {'a1': 1.8475208614068024, 'a2': 1.0954451150103324, 'a3': 5.378666609416275} logZ_max= nan obs_max= 2.4747985540348324e-36
dist_min= tensor(40286.9230) dist_max= tensor(90.5176)
params_min,params_max=params_min,params_new
evaluating model at params_new={'a1': 1.8475208614068024, 'a2': 1.0954451150103324, 'a3': 5.378666606917275}
params_min= {'a1': 1.8475208614068024, 'a2': 1.0954451150103324, 'a3': 5.378666606084274} logZ_min= nan obs_min= 1.1893889079751183e-32
params_new= {'a1': 1.8475208614068024, 'a2': 1.0954451150103324, 'a3': 5.378666606917275} logZ_new= 3.5330025918185504 obs_new= 9.503290137996953e-32
params_max= {'a1': 1.8475208614068024, 'a2': 1.0954451150103324, 'a3': 5.378666607750274} logZ_max= nan obs_max= 6.030647646806703e-32
dist_min= tensor(40306.5955) dist_max= tensor(1183.6870)
params_min,params_max=params_min,params_new
evaluating model at params_new={'a1': 1.8475208614068024, 'a2': 1.0954451150103324, 'a3': 5.378666606500774}
params_min= {'a1': 1.8475208614068024, 'a2': 1.0954451150103324, 'a3': 5.378666606084274} logZ_min= nan obs_min= 1.1893889079751183e-32
params_new= {'a1': 1.8475208614068024, 'a2': 1.0954451150103324, 'a3': 5.378666606500774} logZ_new= nan obs_new= 4.4245862211127304e-32
params_max= {'a1': 1.8475208614068024, 'a2': 1.0954451150103324, 'a3': 5.378666606917275} logZ_max= 3.5330025918185504 obs_max= 9.503290137996953e-32
dist_min= tensor(2.1907) dist_max= tensor(40306.5602)
params_min,params_max=params_new,params_max
evaluating model at params_new={'a1': 1.8475208614068024, 'a2': 1.0954451150103324, 'a3': 5.378666606709024}
params_min= {'a1': 1.8475208614068024, 'a2': 1.0954451150103324, 'a3': 5.378666606500774} logZ_min= nan obs_min= 4.4245862211127304e-32
params_new= {'a1': 1.8475208614068024, 'a2': 1.0954451150103324, 'a3': 5.378666606709024} logZ_new= nan obs_new= 1.3653812369058651e-34
params_max= {'a1': 1.8475208614068024, 'a2': 1.0954451150103324, 'a3': 5.378666606917275} logZ_max= 3.5330025918185504 obs_max= 9.503290137996953e-32
dist_min= tensor(40283.0790) dist_max= tensor(1195.9103)
params_min,params_max=params_min,params_new
evaluating model at params_new={'a1': 1.8475208614068024, 'a2': 1.0954451150103324, 'a3': 5.378666606604899}
params_min= {'a1': 1.8475208614068024, 'a2': 1.0954451150103324, 'a3': 5.378666606500774} logZ_min= nan obs_min= 4.4245862211127304e-32
params_new= {'a1': 1.8475208614068024, 'a2': 1.0954451150103324, 'a3': 5.378666606604899} logZ_new= 3.532495468422756 obs_new= 2.7435210958849585e-32
params_max= {'a1': 1.8475208614068024, 'a2': 1.0954451150103324, 'a3': 5.378666606709024} logZ_max= nan obs_max= 1.3653812369058651e-34
dist_min= tensor(4.0637) dist_max= tensor(40283.0877)
params_min,params_max=params_new,params_max
evaluating model at params_new={'a1': 1.8475208614068024, 'a2': 1.0954451150103324, 'a3': 5.378666606656962}
params_min= {'a1': 1.8475208614068024, 'a2': 1.0954451150103324, 'a3': 5.378666606604899} logZ_min= 3.532495468422756 obs_min= 2.7435210958849585e-32
params_new= {'a1': 1.8475208614068024, 'a2': 1.0954451150103324, 'a3': 5.378666606656962} logZ_new= 3.5324954684229803 obs_new= 3.869242619335386e-33
params_max= {'a1': 1.8475208614068024, 'a2': 1.0954451150103324, 'a3': 5.378666606709024} logZ_max= nan obs_max= 1.3653812369058651e-34
dist_min= tensor(220.2298) dist_max= tensor(40283.6804)
params_min,params_max=params_new,params_max
evaluating model at params_new={'a1': 1.8475208614068024, 'a2': 1.0954451150103324, 'a3': 5.378666606682993}
params_min= {'a1': 1.8475208614068024, 'a2': 1.0954451150103324, 'a3': 5.378666606656962} logZ_min= 3.5324954684229803 obs_min= 3.869242619335386e-33
params_new= {'a1': 1.8475208614068024, 'a2': 1.0954451150103324, 'a3': 5.378666606682993} logZ_new= 3.532495468424156 obs_new= 1.1699836023523437e-35
params_max= {'a1': 1.8475208614068024, 'a2': 1.0954451150103324, 'a3': 5.378666606709024} logZ_max= nan obs_max= 1.3653812369058651e-34
dist_min= tensor(241.0072) dist_max= tensor(40283.2074)
params_min,params_max=params_new,params_max
evaluating model at params_new={'a1': 1.8475208614068024, 'a2': 1.0954451150103324, 'a3': 5.378666606696008}
params_min= {'a1': 1.8475208614068024, 'a2': 1.0954451150103324, 'a3': 5.378666606682993} logZ_min= 3.532495468424156 obs_min= 1.1699836023523437e-35
params_new= {'a1': 1.8475208614068024, 'a2': 1.0954451150103324, 'a3': 5.378666606696008} logZ_new= 3.533059519162237 obs_new= 1.1578972131176461e-32
params_max= {'a1': 1.8475208614068024, 'a2': 1.0954451150103324, 'a3': 5.378666606709024} logZ_max= nan obs_max= 1.3653812369058651e-34
dist_min= tensor(40288.7033) dist_max= tensor(202.6533)
params_min,params_max=params_min,params_new
evaluating model at params_new={'a1': 1.8475208614068024, 'a2': 1.0954451150103324, 'a3': 5.3786666066895}
params_min= {'a1': 1.8475208614068024, 'a2': 1.0954451150103324, 'a3': 5.378666606682993} logZ_min= 3.532495468424156 obs_min= 1.1699836023523437e-35
params_new= {'a1': 1.8475208614068024, 'a2': 1.0954451150103324, 'a3': 5.3786666066895} logZ_new= 3.5341628637423317 obs_new= 4.846937111798642e-33
params_max= {'a1': 1.8475208614068024, 'a2': 1.0954451150103324, 'a3': 5.378666606696008} logZ_max= 3.533059519162237 obs_max= 1.1578972131176461e-32
dist_min= tensor(40283.5095) dist_max= tensor(5.2078)
params_min,params_max=params_min,params_new
evaluating model at params_new={'a1': 1.8475208614068024, 'a2': 1.0954451150103324, 'a3': 5.378666606686247}
params_min= {'a1': 1.8475208614068024, 'a2': 1.0954451150103324, 'a3': 5.378666606682993} logZ_min= 3.532495468424156 obs_min= 1.1699836023523437e-35
params_new= {'a1': 1.8475208614068024, 'a2': 1.0954451150103324, 'a3': 5.378666606686247} logZ_new= 3.532495468424215 obs_new= 5.406074710583391e-32
params_max= {'a1': 1.8475208614068024, 'a2': 1.0954451150103324, 'a3': 5.3786666066895} logZ_max= 3.5341628637423317 obs_max= 4.846937111798642e-33
dist_min= tensor(81.6693) dist_max= tensor(40283.3940)
params_min,params_max=params_new,params_max
evaluating model at params_new={'a1': 1.8475208614068024, 'a2': 1.0954451150103324, 'a3': 5.378666606687874}
params_min= {'a1': 1.8475208614068024, 'a2': 1.0954451150103324, 'a3': 5.378666606686247} logZ_min= 3.532495468424215 obs_min= 5.406074710583391e-32
params_new= {'a1': 1.8475208614068024, 'a2': 1.0954451150103324, 'a3': 5.378666606687874} logZ_new= 3.5324954684242376 obs_new= 2.9160420666932925e-33
params_max= {'a1': 1.8475208614068024, 'a2': 1.0954451150103324, 'a3': 5.3786666066895} logZ_max= 3.5341628637423317 obs_max= 4.846937111798642e-33
dist_min= tensor(14.3284) dist_max= tensor(40283.3908)
params_min,params_max=params_new,params_max
evaluating model at params_new={'a1': 1.8475208614068024, 'a2': 1.0954451150103324, 'a3': 5.378666606688688}
params_min= {'a1': 1.8475208614068024, 'a2': 1.0954451150103324, 'a3': 5.378666606687874} logZ_min= 3.5324954684242376 obs_min= 2.9160420666932925e-33
params_new= {'a1': 1.8475208614068024, 'a2': 1.0954451150103324, 'a3': 5.378666606688688} logZ_new= 3.5339895347178962 obs_new= 3.797845120471291e-32
params_max= {'a1': 1.8475208614068024, 'a2': 1.0954451150103324, 'a3': 5.3786666066895} logZ_max= 3.5341628637423317 obs_max= 4.846937111798642e-33
dist_min= tensor(40285.0904) dist_max= tensor(2.0085)
params_min,params_max=params_min,params_new
evaluating model at params_new={'a1': 1.8475208614068024, 'a2': 1.0954451150103324, 'a3': 5.378666606688281}
params_min= {'a1': 1.8475208614068024, 'a2': 1.0954451150103324, 'a3': 5.378666606687874} logZ_min= 3.5324954684242376 obs_min= 2.9160420666932925e-33
params_new= {'a1': 1.8475208614068024, 'a2': 1.0954451150103324, 'a3': 5.378666606688281} logZ_new= nan obs_new= 3.5822597991855157e-31
params_max= {'a1': 1.8475208614068024, 'a2': 1.0954451150103324, 'a3': 5.378666606688688} logZ_max= 3.5339895347178962 obs_max= 3.797845120471291e-32
dist_min= tensor(2.0648) dist_max= tensor(40285.1050)
params_min,params_max=params_new,params_max
evaluating model at params_new={'a1': 1.8475208614068024, 'a2': 1.0954451150103324, 'a3': 5.378666606688484}
params_min= {'a1': 1.8475208614068024, 'a2': 1.0954451150103324, 'a3': 5.378666606688281} logZ_min= nan obs_min= 3.5822597991855157e-31
params_new= {'a1': 1.8475208614068024, 'a2': 1.0954451150103324, 'a3': 5.378666606688484} logZ_new= 3.534351374109803 obs_new= 8.3424915868334e-32
params_max= {'a1': 1.8475208614068024, 'a2': 1.0954451150103324, 'a3': 5.378666606688688} logZ_max= 3.5339895347178962 obs_max= 3.797845120471291e-32
dist_min= tensor(40283.2200) dist_max= tensor(313.2847)
params_min,params_max=params_min,params_new
evaluating model at params_new={'a1': 1.8475208614068024, 'a2': 1.0954451150103324, 'a3': 5.378666606688382}
params_min= {'a1': 1.8475208614068024, 'a2': 1.0954451150103324, 'a3': 5.378666606688281} logZ_min= nan obs_min= 3.5822597991855157e-31
params_new= {'a1': 1.8475208614068024, 'a2': 1.0954451150103324, 'a3': 5.378666606688382} logZ_new= nan obs_new= 5.73719715622584e-34
params_max= {'a1': 1.8475208614068024, 'a2': 1.0954451150103324, 'a3': 5.378666606688484} logZ_max= 3.534351374109803 obs_max= 8.3424915868334e-32
dist_min= tensor(1.7339) dist_max= tensor(40283.2298)
params_min,params_max=params_new,params_max
evaluating model at params_new={'a1': 1.8475208614068024, 'a2': 1.0954451150103324, 'a3': 5.378666606688434}
params_min= {'a1': 1.8475208614068024, 'a2': 1.0954451150103324, 'a3': 5.378666606688382} logZ_min= nan obs_min= 5.73719715622584e-34
params_new= {'a1': 1.8475208614068024, 'a2': 1.0954451150103324, 'a3': 5.378666606688434} logZ_new= nan obs_new= 2.0181518400830338e-32
params_max= {'a1': 1.8475208614068024, 'a2': 1.0954451150103324, 'a3': 5.378666606688484} logZ_max= 3.534351374109803 obs_max= 8.3424915868334e-32
dist_min= tensor(3.7344) dist_max= tensor(40283.2138)
params_min,params_max=params_new,params_max
evaluating model at params_new={'a1': 1.8475208614068024, 'a2': 1.0954451150103324, 'a3': 5.3786666066884585}
params_min= {'a1': 1.8475208614068024, 'a2': 1.0954451150103324, 'a3': 5.378666606688434} logZ_min= nan obs_min= 2.0181518400830338e-32
params_new= {'a1': 1.8475208614068024, 'a2': 1.0954451150103324, 'a3': 5.3786666066884585} logZ_new= nan obs_new= 3.25240094643799e-34
params_max= {'a1': 1.8475208614068024, 'a2': 1.0954451150103324, 'a3': 5.378666606688484} logZ_max= 3.534351374109803 obs_max= 8.3424915868334e-32
dist_min= tensor(40286.5282) dist_max= tensor(312.4404)
params_min,params_max=params_min,params_new
evaluating model at params_new={'a1': 1.8475208614068024, 'a2': 1.0954451150103324, 'a3': 5.378666606688446}
params_min= {'a1': 1.8475208614068024, 'a2': 1.0954451150103324, 'a3': 5.378666606688434} logZ_min= nan obs_min= 2.0181518400830338e-32
params_new= {'a1': 1.8475208614068024, 'a2': 1.0954451150103324, 'a3': 5.378666606688446} logZ_new= nan obs_new= 2.746240919797296e-32
params_max= {'a1': 1.8475208614068024, 'a2': 1.0954451150103324, 'a3': 5.3786666066884585} logZ_max= nan obs_max= 3.25240094643799e-34
dist_min= tensor(168.6532) dist_max= tensor(40455.1256)
params_min,params_max=params_new,params_max
evaluating model at params_new={'a1': 1.8475208614068024, 'a2': 1.0954451150103324, 'a3': 5.378666606688452}
params_min= {'a1': 1.8475208614068024, 'a2': 1.0954451150103324, 'a3': 5.378666606688446} logZ_min= nan obs_min= 2.746240919797296e-32
params_new= {'a1': 1.8475208614068024, 'a2': 1.0954451150103324, 'a3': 5.378666606688452} logZ_new= nan obs_new= 1.4553640413993139e-33
params_max= {'a1': 1.8475208614068024, 'a2': 1.0954451150103324, 'a3': 5.3786666066884585} logZ_max= nan obs_max= 3.25240094643799e-34
dist_min= tensor(40451.3193) dist_max= tensor(7.0941)
params_min,params_max=params_min,params_new
evaluating model at params_new={'a1': 1.8475208614068024, 'a2': 1.0954451150103324, 'a3': 5.37866660668845}
params_min= {'a1': 1.8475208614068024, 'a2': 1.0954451150103324, 'a3': 5.378666606688446} logZ_min= nan obs_min= 2.746240919797296e-32
params_new= {'a1': 1.8475208614068024, 'a2': 1.0954451150103324, 'a3': 5.37866660668845} logZ_new= 3.5341296879414594 obs_new= 2.7031217357468636e-33
params_max= {'a1': 1.8475208614068024, 'a2': 1.0954451150103324, 'a3': 5.378666606688452} logZ_max= nan obs_max= 1.4553640413993139e-33
dist_min= tensor(40447.4038) dist_max= tensor(6.0734)
params_min,params_max=params_min,params_new
evaluating model at params_new={'a1': 1.8475208614068024, 'a2': 1.0954451150103324, 'a3': 5.378666606688448}
params_min= {'a1': 1.8475208614068024, 'a2': 1.0954451150103324, 'a3': 5.378666606688446} logZ_min= nan obs_min= 2.746240919797296e-32
params_new= {'a1': 1.8475208614068024, 'a2': 1.0954451150103324, 'a3': 5.378666606688448} logZ_new= 3.533409350722331 obs_new= 2.319491996125704e-31
params_max= {'a1': 1.8475208614068024, 'a2': 1.0954451150103324, 'a3': 5.37866660668845} logZ_max= 3.5341296879414594 obs_max= 2.7031217357468636e-33
dist_min= tensor(40455.6805) dist_max= tensor(10.9379)
params_min,params_max=params_min,params_new
evaluating model at params_new={'a1': 1.8475208614068024, 'a2': 1.0954451150103324, 'a3': 5.378666606688447}
params_min= {'a1': 1.8475208614068024, 'a2': 1.0954451150103324, 'a3': 5.378666606688446} logZ_min= nan obs_min= 2.746240919797296e-32
params_new= {'a1': 1.8475208614068024, 'a2': 1.0954451150103324, 'a3': 5.378666606688447} logZ_new= nan obs_new= 6.802814172095028e-33
params_max= {'a1': 1.8475208614068024, 'a2': 1.0954451150103324, 'a3': 5.378666606688448} logZ_max= 3.533409350722331 obs_max= 2.319491996125704e-31
dist_min= tensor(40454.4435) dist_max= tensor(83.5737)
params_min,params_max=params_min,params_new
critical params found:  {'a1': 1.8475208614068024, 'a2': 1.0954451150103324, 'a3': 5.378666606688446}
reference params:  {'a1': 1.1547005383792515, 'a2': 1.8257418583505538, 'a3': 4.47213595499958}
file saved to  data/AKLT3D_X10_scan_grid_critical_a3/a1_1.8475209_a2_1.0954451/Tc.json
