Start running find_critical_temp.py with options:{'filename': 'data/AKLT3D_X10_scan_grid_critical_a3/a1_0.4618802_a2_2.9211870/Tc.json', 'log_filename': 'data/AKLT3D_X10_scan_grid_critical_a3/a1_0.4618802_a2_2.9211870/Tc.log', 'nLayers': 60, 'max_dim': 10, 'model': 'AKLT3D', 'params_min': "{'a1': 0.4618802153517006, 'a2': 2.921186973360886, 'a3': 0.894427190999916}", 'params_max': "{'a1': 0.4618802153517006, 'a2': 2.921186973360886, 'a3': 1.788854381999832}", 'params_ref': None, 'observable_name': 'magnetizationZ', 'tol': 0.0, 'gilt_enabled': False, 'gilt_eps': 8e-07, 'gilt_nIter': 1, 'mcf_enabled': True, 'mcf_eps': 1e-16, 'mcf_max_iter': 200, 'hotrg_sanity_check': False, 'version': 1, 'device': 'cuda:1'}
loading library...
evaluating model at params_min={'a1': 0.4618802153517006, 'a2': 2.921186973360886, 'a3': 0.894427190999916}
params_min= {'a1': 0.4618802153517006, 'a2': 2.921186973360886, 'a3': 0.894427190999916} logZ_min= 3.0359294763350553 obs_min= 4.487842340735719e-31
evaluating model at params_max={'a1': 0.4618802153517006, 'a2': 2.921186973360886, 'a3': 1.788854381999832}
params_max= {'a1': 0.4618802153517006, 'a2': 2.921186973360886, 'a3': 1.788854381999832} logZ_max= nan obs_max= 1.2672942477544806
searching for critical temperature using bisection method
evaluating model at params_new={'a1': 0.4618802153517006, 'a2': 2.921186973360886, 'a3': 1.341640786499874}
params_min= {'a1': 0.4618802153517006, 'a2': 2.921186973360886, 'a3': 0.894427190999916} logZ_min= 3.0359294763350553 obs_min= 4.487842340735719e-31
params_new= {'a1': 0.4618802153517006, 'a2': 2.921186973360886, 'a3': 1.341640786499874} logZ_new= 3.04407072328187 obs_new= 6.17212976914741e-30
params_max= {'a1': 0.4618802153517006, 'a2': 2.921186973360886, 'a3': 1.788854381999832} logZ_max= nan obs_max= 1.2672942477544806
dist_min= tensor(39.9724) dist_max= tensor(40.2245)
params_min,params_max=params_new,params_max
evaluating model at params_new={'a1': 0.4618802153517006, 'a2': 2.921186973360886, 'a3': 1.565247584249853}
params_min= {'a1': 0.4618802153517006, 'a2': 2.921186973360886, 'a3': 1.341640786499874} logZ_min= 3.04407072328187 obs_min= 6.17212976914741e-30
params_new= {'a1': 0.4618802153517006, 'a2': 2.921186973360886, 'a3': 1.565247584249853} logZ_new= nan obs_new= -6.202748527331865e-32
params_max= {'a1': 0.4618802153517006, 'a2': 2.921186973360886, 'a3': 1.788854381999832} logZ_max= nan obs_max= 1.2672942477544806
dist_min= tensor(96.3791) dist_max= tensor(87.8255)
params_min,params_max=params_min,params_new
evaluating model at params_new={'a1': 0.4618802153517006, 'a2': 2.921186973360886, 'a3': 1.4534441853748636}
params_min= {'a1': 0.4618802153517006, 'a2': 2.921186973360886, 'a3': 1.341640786499874} logZ_min= 3.04407072328187 obs_min= 6.17212976914741e-30
params_new= {'a1': 0.4618802153517006, 'a2': 2.921186973360886, 'a3': 1.4534441853748636} logZ_new= nan obs_new= 7.311287842224081e-30
params_max= {'a1': 0.4618802153517006, 'a2': 2.921186973360886, 'a3': 1.565247584249853} logZ_max= nan obs_max= -6.202748527331865e-32
dist_min= tensor(91.2384) dist_max= tensor(117.7115)
params_min,params_max=params_new,params_max
evaluating model at params_new={'a1': 0.4618802153517006, 'a2': 2.921186973360886, 'a3': 1.5093458848123582}
params_min= {'a1': 0.4618802153517006, 'a2': 2.921186973360886, 'a3': 1.4534441853748636} logZ_min= nan obs_min= 7.311287842224081e-30
params_new= {'a1': 0.4618802153517006, 'a2': 2.921186973360886, 'a3': 1.5093458848123582} logZ_new= 3.048298439150688 obs_new= 2.554769209316061e-34
params_max= {'a1': 0.4618802153517006, 'a2': 2.921186973360886, 'a3': 1.565247584249853} logZ_max= nan obs_max= -6.202748527331865e-32
dist_min= tensor(573.4690) dist_max= tensor(574.1214)
params_min,params_max=params_new,params_max
evaluating model at params_new={'a1': 0.4618802153517006, 'a2': 2.921186973360886, 'a3': 1.5372967345311057}
params_min= {'a1': 0.4618802153517006, 'a2': 2.921186973360886, 'a3': 1.5093458848123582} logZ_min= 3.048298439150688 obs_min= 2.554769209316061e-34
params_new= {'a1': 0.4618802153517006, 'a2': 2.921186973360886, 'a3': 1.5372967345311057} logZ_new= 3.0489216793398497 obs_new= 5.541266373449931e-32
params_max= {'a1': 0.4618802153517006, 'a2': 2.921186973360886, 'a3': 1.565247584249853} logZ_max= nan obs_max= -6.202748527331865e-32
dist_min= tensor(567.6567) dist_max= tensor(87.8454)
params_min,params_max=params_min,params_new
evaluating model at params_new={'a1': 0.4618802153517006, 'a2': 2.921186973360886, 'a3': 1.523321309671732}
params_min= {'a1': 0.4618802153517006, 'a2': 2.921186973360886, 'a3': 1.5093458848123582} logZ_min= 3.048298439150688 obs_min= 2.554769209316061e-34
params_new= {'a1': 0.4618802153517006, 'a2': 2.921186973360886, 'a3': 1.523321309671732} logZ_new= 3.048642145335798 obs_new= 6.115317020116818e-30
params_max= {'a1': 0.4618802153517006, 'a2': 2.921186973360886, 'a3': 1.5372967345311057} logZ_max= 3.0489216793398497 obs_max= 5.541266373449931e-32
dist_min= tensor(567.8473) dist_max= tensor(20.6621)
params_min,params_max=params_min,params_new
evaluating model at params_new={'a1': 0.4618802153517006, 'a2': 2.921186973360886, 'a3': 1.516333597242045}
params_min= {'a1': 0.4618802153517006, 'a2': 2.921186973360886, 'a3': 1.5093458848123582} logZ_min= 3.048298439150688 obs_min= 2.554769209316061e-34
params_new= {'a1': 0.4618802153517006, 'a2': 2.921186973360886, 'a3': 1.516333597242045} logZ_new= nan obs_new= 1.8728825268916086e-31
params_max= {'a1': 0.4618802153517006, 'a2': 2.921186973360886, 'a3': 1.523321309671732} logZ_max= 3.048642145335798 obs_max= 6.115317020116818e-30
dist_min= tensor(571.3385) dist_max= tensor(56.1571)
params_min,params_max=params_min,params_new
evaluating model at params_new={'a1': 0.4618802153517006, 'a2': 2.921186973360886, 'a3': 1.5128397410272016}
params_min= {'a1': 0.4618802153517006, 'a2': 2.921186973360886, 'a3': 1.5093458848123582} logZ_min= 3.048298439150688 obs_min= 2.554769209316061e-34
params_new= {'a1': 0.4618802153517006, 'a2': 2.921186973360886, 'a3': 1.5128397410272016} logZ_new= 3.0483872996239585 obs_new= 2.1844647211808674e-30
params_max= {'a1': 0.4618802153517006, 'a2': 2.921186973360886, 'a3': 1.516333597242045} logZ_max= nan obs_max= 1.8728825268916086e-31
dist_min= tensor(637.3570) dist_max= tensor(298.4867)
params_min,params_max=params_min,params_new
evaluating model at params_new={'a1': 0.4618802153517006, 'a2': 2.921186973360886, 'a3': 1.51109281291978}
params_min= {'a1': 0.4618802153517006, 'a2': 2.921186973360886, 'a3': 1.5093458848123582} logZ_min= 3.048298439150688 obs_min= 2.554769209316061e-34
params_new= {'a1': 0.4618802153517006, 'a2': 2.921186973360886, 'a3': 1.51109281291978} logZ_new= 3.0480727550458293 obs_new= 9.304644152570537e-30
params_max= {'a1': 0.4618802153517006, 'a2': 2.921186973360886, 'a3': 1.5128397410272016} logZ_max= 3.0483872996239585 obs_max= 2.1844647211808674e-30
dist_min= tensor(567.0127) dist_max= tensor(289.7444)
params_min,params_max=params_min,params_new
evaluating model at params_new={'a1': 0.4618802153517006, 'a2': 2.921186973360886, 'a3': 1.5102193488660691}
params_min= {'a1': 0.4618802153517006, 'a2': 2.921186973360886, 'a3': 1.5093458848123582} logZ_min= 3.048298439150688 obs_min= 2.554769209316061e-34
params_new= {'a1': 0.4618802153517006, 'a2': 2.921186973360886, 'a3': 1.5102193488660691} logZ_new= nan obs_new= 1.8149297187553927e-32
params_max= {'a1': 0.4618802153517006, 'a2': 2.921186973360886, 'a3': 1.51109281291978} logZ_max= 3.0480727550458293 obs_max= 9.304644152570537e-30
dist_min= tensor(567.2741) dist_max= tensor(13.6898)
params_min,params_max=params_min,params_new
evaluating model at params_new={'a1': 0.4618802153517006, 'a2': 2.921186973360886, 'a3': 1.5097826168392137}
params_min= {'a1': 0.4618802153517006, 'a2': 2.921186973360886, 'a3': 1.5093458848123582} logZ_min= 3.048298439150688 obs_min= 2.554769209316061e-34
params_new= {'a1': 0.4618802153517006, 'a2': 2.921186973360886, 'a3': 1.5097826168392137} logZ_new= 3.048304304578136 obs_new= 5.27080828639615e-30
params_max= {'a1': 0.4618802153517006, 'a2': 2.921186973360886, 'a3': 1.5102193488660691} logZ_max= nan obs_max= 1.8149297187553927e-32
dist_min= tensor(1441.5695) dist_max= tensor(1327.8255)
params_min,params_max=params_min,params_new
evaluating model at params_new={'a1': 0.4618802153517006, 'a2': 2.921186973360886, 'a3': 1.509564250825786}
params_min= {'a1': 0.4618802153517006, 'a2': 2.921186973360886, 'a3': 1.5093458848123582} logZ_min= 3.048298439150688 obs_min= 2.554769209316061e-34
params_new= {'a1': 0.4618802153517006, 'a2': 2.921186973360886, 'a3': 1.509564250825786} logZ_new= 3.048312865499875 obs_new= 3.3152962733654e-30
params_max= {'a1': 0.4618802153517006, 'a2': 2.921186973360886, 'a3': 1.5097826168392137} logZ_max= 3.048304304578136 obs_max= 5.27080828639615e-30
dist_min= tensor(567.5452) dist_max= tensor(1327.5128)
params_min,params_max=params_new,params_max
evaluating model at params_new={'a1': 0.4618802153517006, 'a2': 2.921186973360886, 'a3': 1.5096734338325}
params_min= {'a1': 0.4618802153517006, 'a2': 2.921186973360886, 'a3': 1.509564250825786} logZ_min= 3.048312865499875 obs_min= 3.3152962733654e-30
params_new= {'a1': 0.4618802153517006, 'a2': 2.921186973360886, 'a3': 1.5096734338325} logZ_new= nan obs_new= 1.2915110199132673e-30
params_max= {'a1': 0.4618802153517006, 'a2': 2.921186973360886, 'a3': 1.5097826168392137} logZ_max= 3.048304304578136 obs_max= 5.27080828639615e-30
dist_min= tensor(5.6089) dist_max= tensor(1327.2318)
params_min,params_max=params_new,params_max
evaluating model at params_new={'a1': 0.4618802153517006, 'a2': 2.921186973360886, 'a3': 1.509728025335857}
params_min= {'a1': 0.4618802153517006, 'a2': 2.921186973360886, 'a3': 1.5096734338325} logZ_min= nan obs_min= 1.2915110199132673e-30
params_new= {'a1': 0.4618802153517006, 'a2': 2.921186973360886, 'a3': 1.509728025335857} logZ_new= 3.0483098930569104 obs_new= 9.157549057657001e-32
params_max= {'a1': 0.4618802153517006, 'a2': 2.921186973360886, 'a3': 1.5097826168392137} logZ_max= 3.048304304578136 obs_max= 5.27080828639615e-30
dist_min= tensor(33.5139) dist_max= tensor(1327.9784)
params_min,params_max=params_new,params_max
evaluating model at params_new={'a1': 0.4618802153517006, 'a2': 2.921186973360886, 'a3': 1.5097553210875354}
params_min= {'a1': 0.4618802153517006, 'a2': 2.921186973360886, 'a3': 1.509728025335857} logZ_min= 3.0483098930569104 obs_min= 9.157549057657001e-32
params_new= {'a1': 0.4618802153517006, 'a2': 2.921186973360886, 'a3': 1.5097553210875354} logZ_new= 3.0481715158149427 obs_new= 2.2243741520177195e-31
params_max= {'a1': 0.4618802153517006, 'a2': 2.921186973360886, 'a3': 1.5097826168392137} logZ_max= 3.048304304578136 obs_max= 5.27080828639615e-30
dist_min= tensor(33.1857) dist_max= tensor(1327.3852)
params_min,params_max=params_new,params_max
evaluating model at params_new={'a1': 0.4618802153517006, 'a2': 2.921186973360886, 'a3': 1.5097689689633746}
params_min= {'a1': 0.4618802153517006, 'a2': 2.921186973360886, 'a3': 1.5097553210875354} logZ_min= 3.0481715158149427 obs_min= 2.2243741520177195e-31
params_new= {'a1': 0.4618802153517006, 'a2': 2.921186973360886, 'a3': 1.5097689689633746} logZ_new= nan obs_new= 4.532791377281579e-31
params_max= {'a1': 0.4618802153517006, 'a2': 2.921186973360886, 'a3': 1.5097826168392137} logZ_max= 3.048304304578136 obs_max= 5.27080828639615e-30
dist_min= tensor(9.0416) dist_max= tensor(1327.5414)
params_min,params_max=params_new,params_max
evaluating model at params_new={'a1': 0.4618802153517006, 'a2': 2.921186973360886, 'a3': 1.5097757929012943}
params_min= {'a1': 0.4618802153517006, 'a2': 2.921186973360886, 'a3': 1.5097689689633746} logZ_min= nan obs_min= 4.532791377281579e-31
params_new= {'a1': 0.4618802153517006, 'a2': 2.921186973360886, 'a3': 1.5097757929012943} logZ_new= nan obs_new= 6.683741281002488e-30
params_max= {'a1': 0.4618802153517006, 'a2': 2.921186973360886, 'a3': 1.5097826168392137} logZ_max= 3.048304304578136 obs_max= 5.27080828639615e-30
dist_min= tensor(8.5401) dist_max= tensor(1327.7901)
params_min,params_max=params_new,params_max
evaluating model at params_new={'a1': 0.4618802153517006, 'a2': 2.921186973360886, 'a3': 1.509779204870254}
params_min= {'a1': 0.4618802153517006, 'a2': 2.921186973360886, 'a3': 1.5097757929012943} logZ_min= nan obs_min= 6.683741281002488e-30
params_new= {'a1': 0.4618802153517006, 'a2': 2.921186973360886, 'a3': 1.509779204870254} logZ_new= 3.048181507840768 obs_new= 5.681743088653994e-31
params_max= {'a1': 0.4618802153517006, 'a2': 2.921186973360886, 'a3': 1.5097826168392137} logZ_max= 3.048304304578136 obs_max= 5.27080828639615e-30
dist_min= tensor(789.5571) dist_max= tensor(1543.3424)
params_min,params_max=params_new,params_max
evaluating model at params_new={'a1': 0.4618802153517006, 'a2': 2.921186973360886, 'a3': 1.509780910854734}
params_min= {'a1': 0.4618802153517006, 'a2': 2.921186973360886, 'a3': 1.509779204870254} logZ_min= 3.048181507840768 obs_min= 5.681743088653994e-31
params_new= {'a1': 0.4618802153517006, 'a2': 2.921186973360886, 'a3': 1.509780910854734} logZ_new= nan obs_new= 2.8384272860528947e-30
params_max= {'a1': 0.4618802153517006, 'a2': 2.921186973360886, 'a3': 1.5097826168392137} logZ_max= 3.048304304578136 obs_max= 5.27080828639615e-30
dist_min= tensor(793.7117) dist_max= tensor(1328.3700)
params_min,params_max=params_new,params_max
evaluating model at params_new={'a1': 0.4618802153517006, 'a2': 2.921186973360886, 'a3': 1.509781763846974}
params_min= {'a1': 0.4618802153517006, 'a2': 2.921186973360886, 'a3': 1.509780910854734} logZ_min= nan obs_min= 2.8384272860528947e-30
params_new= {'a1': 0.4618802153517006, 'a2': 2.921186973360886, 'a3': 1.509781763846974} logZ_new= nan obs_new= 2.9001173871953734e-30
params_max= {'a1': 0.4618802153517006, 'a2': 2.921186973360886, 'a3': 1.5097826168392137} logZ_max= 3.048304304578136 obs_max= 5.27080828639615e-30
dist_min= tensor(10587.4113) dist_max= tensor(10670.1989)
params_min,params_max=params_new,params_max
evaluating model at params_new={'a1': 0.4618802153517006, 'a2': 2.921186973360886, 'a3': 1.5097821903430937}
params_min= {'a1': 0.4618802153517006, 'a2': 2.921186973360886, 'a3': 1.509781763846974} logZ_min= nan obs_min= 2.9001173871953734e-30
params_new= {'a1': 0.4618802153517006, 'a2': 2.921186973360886, 'a3': 1.5097821903430937} logZ_new= nan obs_new= 2.052402824932726e-30
params_max= {'a1': 0.4618802153517006, 'a2': 2.921186973360886, 'a3': 1.5097826168392137} logZ_max= 3.048304304578136 obs_max= 5.27080828639615e-30
dist_min= tensor(10587.3288) dist_max= tensor(1327.7363)
params_min,params_max=params_min,params_new
evaluating model at params_new={'a1': 0.4618802153517006, 'a2': 2.921186973360886, 'a3': 1.5097819770950338}
params_min= {'a1': 0.4618802153517006, 'a2': 2.921186973360886, 'a3': 1.509781763846974} logZ_min= nan obs_min= 2.9001173871953734e-30
params_new= {'a1': 0.4618802153517006, 'a2': 2.921186973360886, 'a3': 1.5097819770950338} logZ_new= 3.048327566108094 obs_new= 1.0722810641109443e-30
params_max= {'a1': 0.4618802153517006, 'a2': 2.921186973360886, 'a3': 1.5097821903430937} logZ_max= nan obs_max= 2.052402824932726e-30
dist_min= tensor(10587.3791) dist_max= tensor(34.5499)
params_min,params_max=params_min,params_new
evaluating model at params_new={'a1': 0.4618802153517006, 'a2': 2.921186973360886, 'a3': 1.509781870471004}
params_min= {'a1': 0.4618802153517006, 'a2': 2.921186973360886, 'a3': 1.509781763846974} logZ_min= nan obs_min= 2.9001173871953734e-30
params_new= {'a1': 0.4618802153517006, 'a2': 2.921186973360886, 'a3': 1.509781870471004} logZ_new= nan obs_new= 1.0667932929593301e-29
params_max= {'a1': 0.4618802153517006, 'a2': 2.921186973360886, 'a3': 1.5097819770950338} logZ_max= 3.048327566108094 obs_max= 1.0722810641109443e-30
dist_min= tensor(10587.3296) dist_max= tensor(34.0637)
params_min,params_max=params_min,params_new
evaluating model at params_new={'a1': 0.4618802153517006, 'a2': 2.921186973360886, 'a3': 1.509781817158989}
params_min= {'a1': 0.4618802153517006, 'a2': 2.921186973360886, 'a3': 1.509781763846974} logZ_min= nan obs_min= 2.9001173871953734e-30
params_new= {'a1': 0.4618802153517006, 'a2': 2.921186973360886, 'a3': 1.509781817158989} logZ_new= nan obs_new= 1.7551904096791866e-30
params_max= {'a1': 0.4618802153517006, 'a2': 2.921186973360886, 'a3': 1.509781870471004} logZ_max= nan obs_max= 1.0667932929593301e-29
dist_min= tensor(10587.6637) dist_max= tensor(83.7029)
params_min,params_max=params_min,params_new
evaluating model at params_new={'a1': 0.4618802153517006, 'a2': 2.921186973360886, 'a3': 1.5097817905029816}
params_min= {'a1': 0.4618802153517006, 'a2': 2.921186973360886, 'a3': 1.509781763846974} logZ_min= nan obs_min= 2.9001173871953734e-30
params_new= {'a1': 0.4618802153517006, 'a2': 2.921186973360886, 'a3': 1.5097817905029816} logZ_new= 3.0481701963749015 obs_new= 2.6760798094134294e-30
params_max= {'a1': 0.4618802153517006, 'a2': 2.921186973360886, 'a3': 1.509781817158989} logZ_max= nan obs_max= 1.7551904096791866e-30
dist_min= tensor(10587.0984) dist_max= tensor(84.5657)
params_min,params_max=params_min,params_new
evaluating model at params_new={'a1': 0.4618802153517006, 'a2': 2.921186973360886, 'a3': 1.5097817771749777}
params_min= {'a1': 0.4618802153517006, 'a2': 2.921186973360886, 'a3': 1.509781763846974} logZ_min= nan obs_min= 2.9001173871953734e-30
params_new= {'a1': 0.4618802153517006, 'a2': 2.921186973360886, 'a3': 1.5097817771749777} logZ_new= nan obs_new= 1.85432113334704e-30
params_max= {'a1': 0.4618802153517006, 'a2': 2.921186973360886, 'a3': 1.5097817905029816} logZ_max= 3.0481701963749015 obs_max= 2.6760798094134294e-30
dist_min= tensor(10588.6988) dist_max= tensor(171.2702)
params_min,params_max=params_min,params_new
evaluating model at params_new={'a1': 0.4618802153517006, 'a2': 2.921186973360886, 'a3': 1.5097817705109757}
params_min= {'a1': 0.4618802153517006, 'a2': 2.921186973360886, 'a3': 1.509781763846974} logZ_min= nan obs_min= 2.9001173871953734e-30
params_new= {'a1': 0.4618802153517006, 'a2': 2.921186973360886, 'a3': 1.5097817705109757} logZ_new= 3.048361205540595 obs_new= 3.269621334796317e-29
params_max= {'a1': 0.4618802153517006, 'a2': 2.921186973360886, 'a3': 1.5097817771749777} logZ_max= nan obs_max= 1.85432113334704e-30
dist_min= tensor(10587.0980) dist_max= tensor(171.2491)
params_min,params_max=params_min,params_new
evaluating model at params_new={'a1': 0.4618802153517006, 'a2': 2.921186973360886, 'a3': 1.5097817671789748}
params_min= {'a1': 0.4618802153517006, 'a2': 2.921186973360886, 'a3': 1.509781763846974} logZ_min= nan obs_min= 2.9001173871953734e-30
params_new= {'a1': 0.4618802153517006, 'a2': 2.921186973360886, 'a3': 1.5097817671789748} logZ_new= 3.048270118232842 obs_new= 8.039796132451902e-31
params_max= {'a1': 0.4618802153517006, 'a2': 2.921186973360886, 'a3': 1.5097817705109757} logZ_max= 3.048361205540595 obs_max= 3.269621334796317e-29
dist_min= tensor(10587.0980) dist_max= tensor(0.3276)
params_min,params_max=params_min,params_new
evaluating model at params_new={'a1': 0.4618802153517006, 'a2': 2.921186973360886, 'a3': 1.5097817655129744}
params_min= {'a1': 0.4618802153517006, 'a2': 2.921186973360886, 'a3': 1.509781763846974} logZ_min= nan obs_min= 2.9001173871953734e-30
params_new= {'a1': 0.4618802153517006, 'a2': 2.921186973360886, 'a3': 1.5097817655129744} logZ_new= nan obs_new= 1.6765949867673275e-30
params_max= {'a1': 0.4618802153517006, 'a2': 2.921186973360886, 'a3': 1.5097817671789748} logZ_max= 3.048270118232842 obs_max= 8.039796132451902e-31
dist_min= tensor(10587.4165) dist_max= tensor(46.3060)
params_min,params_max=params_min,params_new
evaluating model at params_new={'a1': 0.4618802153517006, 'a2': 2.921186973360886, 'a3': 1.5097817646799743}
params_min= {'a1': 0.4618802153517006, 'a2': 2.921186973360886, 'a3': 1.509781763846974} logZ_min= nan obs_min= 2.9001173871953734e-30
params_new= {'a1': 0.4618802153517006, 'a2': 2.921186973360886, 'a3': 1.5097817646799743} logZ_new= nan obs_new= 2.4965603559716806e-33
params_max= {'a1': 0.4618802153517006, 'a2': 2.921186973360886, 'a3': 1.5097817655129744} logZ_max= nan obs_max= 1.6765949867673275e-30
dist_min= tensor(10647.7237) dist_max= tensor(1093.7335)
params_min,params_max=params_min,params_new
evaluating model at params_new={'a1': 0.4618802153517006, 'a2': 2.921186973360886, 'a3': 1.509781764263474}
params_min= {'a1': 0.4618802153517006, 'a2': 2.921186973360886, 'a3': 1.509781763846974} logZ_min= nan obs_min= 2.9001173871953734e-30
params_new= {'a1': 0.4618802153517006, 'a2': 2.921186973360886, 'a3': 1.509781764263474} logZ_new= 3.0483145379660246 obs_new= 9.507422782807732e-33
params_max= {'a1': 0.4618802153517006, 'a2': 2.921186973360886, 'a3': 1.5097817646799743} logZ_max= nan obs_max= 2.4965603559716806e-33
dist_min= tensor(10602.0383) dist_max= tensor(1266.0028)
params_min,params_max=params_min,params_new
evaluating model at params_new={'a1': 0.4618802153517006, 'a2': 2.921186973360886, 'a3': 1.509781764055224}
params_min= {'a1': 0.4618802153517006, 'a2': 2.921186973360886, 'a3': 1.509781763846974} logZ_min= nan obs_min= 2.9001173871953734e-30
params_new= {'a1': 0.4618802153517006, 'a2': 2.921186973360886, 'a3': 1.509781764055224} logZ_new= 3.0482325176259546 obs_new= 1.1883391312664977e-29
params_max= {'a1': 0.4618802153517006, 'a2': 2.921186973360886, 'a3': 1.509781764263474} logZ_max= 3.0483145379660246 obs_max= 9.507422782807732e-33
dist_min= tensor(10587.0984) dist_max= tensor(564.3135)
params_min,params_max=params_min,params_new
evaluating model at params_new={'a1': 0.4618802153517006, 'a2': 2.921186973360886, 'a3': 1.509781763951099}
params_min= {'a1': 0.4618802153517006, 'a2': 2.921186973360886, 'a3': 1.509781763846974} logZ_min= nan obs_min= 2.9001173871953734e-30
params_new= {'a1': 0.4618802153517006, 'a2': 2.921186973360886, 'a3': 1.509781763951099} logZ_new= nan obs_new= 1.1700770112684079e-29
params_max= {'a1': 0.4618802153517006, 'a2': 2.921186973360886, 'a3': 1.509781764055224} logZ_max= 3.0482325176259546 obs_max= 1.1883391312664977e-29
dist_min= tensor(10588.5958) dist_max= tensor(167.5955)
params_min,params_max=params_min,params_new
evaluating model at params_new={'a1': 0.4618802153517006, 'a2': 2.921186973360886, 'a3': 1.5097817638990365}
params_min= {'a1': 0.4618802153517006, 'a2': 2.921186973360886, 'a3': 1.509781763846974} logZ_min= nan obs_min= 2.9001173871953734e-30
params_new= {'a1': 0.4618802153517006, 'a2': 2.921186973360886, 'a3': 1.5097817638990365} logZ_new= nan obs_new= 3.8826779822330644e-30
params_max= {'a1': 0.4618802153517006, 'a2': 2.921186973360886, 'a3': 1.509781763951099} logZ_max= nan obs_max= 1.1700770112684079e-29
dist_min= tensor(10587.3847) dist_max= tensor(171.3256)
params_min,params_max=params_min,params_new
evaluating model at params_new={'a1': 0.4618802153517006, 'a2': 2.921186973360886, 'a3': 1.5097817638730051}
params_min= {'a1': 0.4618802153517006, 'a2': 2.921186973360886, 'a3': 1.509781763846974} logZ_min= nan obs_min= 2.9001173871953734e-30
params_new= {'a1': 0.4618802153517006, 'a2': 2.921186973360886, 'a3': 1.5097817638730051} logZ_new= 3.048296541949327 obs_new= 3.9152691587219516e-31
params_max= {'a1': 0.4618802153517006, 'a2': 2.921186973360886, 'a3': 1.5097817638990365} logZ_max= nan obs_max= 3.8826779822330644e-30
dist_min= tensor(10587.3359) dist_max= tensor(39.7825)
params_min,params_max=params_min,params_new
evaluating model at params_new={'a1': 0.4618802153517006, 'a2': 2.921186973360886, 'a3': 1.5097817638599895}
params_min= {'a1': 0.4618802153517006, 'a2': 2.921186973360886, 'a3': 1.509781763846974} logZ_min= nan obs_min= 2.9001173871953734e-30
params_new= {'a1': 0.4618802153517006, 'a2': 2.921186973360886, 'a3': 1.5097817638599895} logZ_new= nan obs_new= 1.5955973148191266e-30
params_max= {'a1': 0.4618802153517006, 'a2': 2.921186973360886, 'a3': 1.5097817638730051} logZ_max= 3.048296541949327 obs_max= 3.9152691587219516e-31
dist_min= tensor(10587.3690) dist_max= tensor(33.7654)
params_min,params_max=params_min,params_new
evaluating model at params_new={'a1': 0.4618802153517006, 'a2': 2.921186973360886, 'a3': 1.5097817638534816}
params_min= {'a1': 0.4618802153517006, 'a2': 2.921186973360886, 'a3': 1.509781763846974} logZ_min= nan obs_min= 2.9001173871953734e-30
params_new= {'a1': 0.4618802153517006, 'a2': 2.921186973360886, 'a3': 1.5097817638534816} logZ_new= nan obs_new= 5.219911555119525e-31
params_max= {'a1': 0.4618802153517006, 'a2': 2.921186973360886, 'a3': 1.5097817638599895} logZ_max= nan obs_max= 1.5955973148191266e-30
dist_min= tensor(10588.6579) dist_max= tensor(170.2328)
params_min,params_max=params_min,params_new
evaluating model at params_new={'a1': 0.4618802153517006, 'a2': 2.921186973360886, 'a3': 1.5097817638502278}
params_min= {'a1': 0.4618802153517006, 'a2': 2.921186973360886, 'a3': 1.509781763846974} logZ_min= nan obs_min= 2.9001173871953734e-30
params_new= {'a1': 0.4618802153517006, 'a2': 2.921186973360886, 'a3': 1.5097817638502278} logZ_new= nan obs_new= -2.2797621235473865e-31
params_max= {'a1': 0.4618802153517006, 'a2': 2.921186973360886, 'a3': 1.5097817638534816} logZ_max= nan obs_max= 5.219911555119525e-31
dist_min= tensor(10587.4772) dist_max= tensor(177.1022)
params_min,params_max=params_min,params_new
evaluating model at params_new={'a1': 0.4618802153517006, 'a2': 2.921186973360886, 'a3': 1.5097817638486009}
params_min= {'a1': 0.4618802153517006, 'a2': 2.921186973360886, 'a3': 1.509781763846974} logZ_min= nan obs_min= 2.9001173871953734e-30
params_new= {'a1': 0.4618802153517006, 'a2': 2.921186973360886, 'a3': 1.5097817638486009} logZ_new= 3.04810641504141 obs_new= 6.374877317857495e-30
params_max= {'a1': 0.4618802153517006, 'a2': 2.921186973360886, 'a3': 1.5097817638502278} logZ_max= nan obs_max= -2.2797621235473865e-31
dist_min= tensor(18582.6099) dist_max= tensor(15273.5583)
params_min,params_max=params_min,params_new
evaluating model at params_new={'a1': 0.4618802153517006, 'a2': 2.921186973360886, 'a3': 1.5097817638477875}
params_min= {'a1': 0.4618802153517006, 'a2': 2.921186973360886, 'a3': 1.509781763846974} logZ_min= nan obs_min= 2.9001173871953734e-30
params_new= {'a1': 0.4618802153517006, 'a2': 2.921186973360886, 'a3': 1.5097817638477875} logZ_new= nan obs_new= 1.7916989994474855e-30
params_max= {'a1': 0.4618802153517006, 'a2': 2.921186973360886, 'a3': 1.5097817638486009} logZ_max= 3.04810641504141 obs_max= 6.374877317857495e-30
dist_min= tensor(10587.0982) dist_max= tensor(15273.4005)
params_min,params_max=params_new,params_max
evaluating model at params_new={'a1': 0.4618802153517006, 'a2': 2.921186973360886, 'a3': 1.5097817638481943}
params_min= {'a1': 0.4618802153517006, 'a2': 2.921186973360886, 'a3': 1.5097817638477875} logZ_min= nan obs_min= 1.7916989994474855e-30
params_new= {'a1': 0.4618802153517006, 'a2': 2.921186973360886, 'a3': 1.5097817638481943} logZ_new= nan obs_new= 3.6303355648904715e-30
params_max= {'a1': 0.4618802153517006, 'a2': 2.921186973360886, 'a3': 1.5097817638486009} logZ_max= 3.04810641504141 obs_max= 6.374877317857495e-30
dist_min= tensor(0.0278) dist_max= tensor(15273.4005)
params_min,params_max=params_new,params_max
evaluating model at params_new={'a1': 0.4618802153517006, 'a2': 2.921186973360886, 'a3': 1.5097817638483977}
params_min= {'a1': 0.4618802153517006, 'a2': 2.921186973360886, 'a3': 1.5097817638481943} logZ_min= nan obs_min= 3.6303355648904715e-30
params_new= {'a1': 0.4618802153517006, 'a2': 2.921186973360886, 'a3': 1.5097817638483977} logZ_new= 3.048210570933662 obs_new= 1.4522788312179312e-30
params_max= {'a1': 0.4618802153517006, 'a2': 2.921186973360886, 'a3': 1.5097817638486009} logZ_max= 3.04810641504141 obs_max= 6.374877317857495e-30
dist_min= tensor(1.3350) dist_max= tensor(15272.8565)
params_min,params_max=params_new,params_max
evaluating model at params_new={'a1': 0.4618802153517006, 'a2': 2.921186973360886, 'a3': 1.5097817638484994}
params_min= {'a1': 0.4618802153517006, 'a2': 2.921186973360886, 'a3': 1.5097817638483977} logZ_min= 3.048210570933662 obs_min= 1.4522788312179312e-30
params_new= {'a1': 0.4618802153517006, 'a2': 2.921186973360886, 'a3': 1.5097817638484994} logZ_new= nan obs_new= 1.439184922074676e-30
params_max= {'a1': 0.4618802153517006, 'a2': 2.921186973360886, 'a3': 1.5097817638486009} logZ_max= 3.04810641504141 obs_max= 6.374877317857495e-30
dist_min= tensor(120.0867) dist_max= tensor(15273.8749)
params_min,params_max=params_new,params_max
evaluating model at params_new={'a1': 0.4618802153517006, 'a2': 2.921186973360886, 'a3': 1.50978176384855}
params_min= {'a1': 0.4618802153517006, 'a2': 2.921186973360886, 'a3': 1.5097817638484994} logZ_min= nan obs_min= 1.439184922074676e-30
params_new= {'a1': 0.4618802153517006, 'a2': 2.921186973360886, 'a3': 1.50978176384855} logZ_new= nan obs_new= 9.027233915105806e-32
params_max= {'a1': 0.4618802153517006, 'a2': 2.921186973360886, 'a3': 1.5097817638486009} logZ_max= 3.04810641504141 obs_max= 6.374877317857495e-30
dist_min= tensor(82.7295) dist_max= tensor(15273.4451)
params_min,params_max=params_new,params_max
evaluating model at params_new={'a1': 0.4618802153517006, 'a2': 2.921186973360886, 'a3': 1.5097817638485753}
params_min= {'a1': 0.4618802153517006, 'a2': 2.921186973360886, 'a3': 1.50978176384855} logZ_min= nan obs_min= 9.027233915105806e-32
params_new= {'a1': 0.4618802153517006, 'a2': 2.921186973360886, 'a3': 1.5097817638485753} logZ_new= nan obs_new= 3.92265383354532e-29
params_max= {'a1': 0.4618802153517006, 'a2': 2.921186973360886, 'a3': 1.5097817638486009} logZ_max= 3.04810641504141 obs_max= 6.374877317857495e-30
dist_min= tensor(24.9853) dist_max= tensor(15273.1653)
params_min,params_max=params_new,params_max
evaluating model at params_new={'a1': 0.4618802153517006, 'a2': 2.921186973360886, 'a3': 1.5097817638485882}
params_min= {'a1': 0.4618802153517006, 'a2': 2.921186973360886, 'a3': 1.5097817638485753} logZ_min= nan obs_min= 3.92265383354532e-29
params_new= {'a1': 0.4618802153517006, 'a2': 2.921186973360886, 'a3': 1.5097817638485882} logZ_new= nan obs_new= 7.34099505413218e-31
params_max= {'a1': 0.4618802153517006, 'a2': 2.921186973360886, 'a3': 1.5097817638486009} logZ_max= 3.04810641504141 obs_max= 6.374877317857495e-30
dist_min= tensor(68.8582) dist_max= tensor(15272.9475)
params_min,params_max=params_new,params_max
evaluating model at params_new={'a1': 0.4618802153517006, 'a2': 2.921186973360886, 'a3': 1.5097817638485944}
params_min= {'a1': 0.4618802153517006, 'a2': 2.921186973360886, 'a3': 1.5097817638485882} logZ_min= nan obs_min= 7.34099505413218e-31
params_new= {'a1': 0.4618802153517006, 'a2': 2.921186973360886, 'a3': 1.5097817638485944} logZ_new= nan obs_new= 2.4117420156439594e-30
params_max= {'a1': 0.4618802153517006, 'a2': 2.921186973360886, 'a3': 1.5097817638486009} logZ_max= 3.04810641504141 obs_max= 6.374877317857495e-30
dist_min= tensor(35.8531) dist_max= tensor(15267.4206)
params_min,params_max=params_new,params_max
evaluating model at params_new={'a1': 0.4618802153517006, 'a2': 2.921186973360886, 'a3': 1.5097817638485975}
params_min= {'a1': 0.4618802153517006, 'a2': 2.921186973360886, 'a3': 1.5097817638485944} logZ_min= nan obs_min= 2.4117420156439594e-30
params_new= {'a1': 0.4618802153517006, 'a2': 2.921186973360886, 'a3': 1.5097817638485975} logZ_new= nan obs_new= 3.98383271491789e-30
params_max= {'a1': 0.4618802153517006, 'a2': 2.921186973360886, 'a3': 1.5097817638486009} logZ_max= 3.04810641504141 obs_max= 6.374877317857495e-30
dist_min= tensor(182.3742) dist_max= tensor(15274.6166)
params_min,params_max=params_new,params_max
evaluating model at params_new={'a1': 0.4618802153517006, 'a2': 2.921186973360886, 'a3': 1.5097817638485993}
params_min= {'a1': 0.4618802153517006, 'a2': 2.921186973360886, 'a3': 1.5097817638485975} logZ_min= nan obs_min= 3.98383271491789e-30
params_new= {'a1': 0.4618802153517006, 'a2': 2.921186973360886, 'a3': 1.5097817638485993} logZ_new= 3.048321994425439 obs_new= 4.342020475069974e-31
params_max= {'a1': 0.4618802153517006, 'a2': 2.921186973360886, 'a3': 1.5097817638486009} logZ_max= 3.04810641504141 obs_max= 6.374877317857495e-30
dist_min= tensor(3132.7762) dist_max= tensor(15590.7356)
params_min,params_max=params_new,params_max
evaluating model at params_new={'a1': 0.4618802153517006, 'a2': 2.921186973360886, 'a3': 1.5097817638486002}
params_min= {'a1': 0.4618802153517006, 'a2': 2.921186973360886, 'a3': 1.5097817638485993} logZ_min= 3.048321994425439 obs_min= 4.342020475069974e-31
params_new= {'a1': 0.4618802153517006, 'a2': 2.921186973360886, 'a3': 1.5097817638486002} logZ_new= 3.048039085396666 obs_new= 3.4861162797898086e-29
params_max= {'a1': 0.4618802153517006, 'a2': 2.921186973360886, 'a3': 1.5097817638486009} logZ_max= 3.04810641504141 obs_max= 6.374877317857495e-30
dist_min= tensor(3127.9181) dist_max= tensor(15272.9768)
params_min,params_max=params_new,params_max
evaluating model at params_new={'a1': 0.4618802153517006, 'a2': 2.921186973360886, 'a3': 1.5097817638486006}
params_min= {'a1': 0.4618802153517006, 'a2': 2.921186973360886, 'a3': 1.5097817638486002} logZ_min= 3.048039085396666 obs_min= 3.4861162797898086e-29
params_new= {'a1': 0.4618802153517006, 'a2': 2.921186973360886, 'a3': 1.5097817638486006} logZ_new= 3.0482070921959226 obs_new= 3.773073052749521e-30
params_max= {'a1': 0.4618802153517006, 'a2': 2.921186973360886, 'a3': 1.5097817638486009} logZ_max= 3.04810641504141 obs_max= 6.374877317857495e-30
dist_min= tensor(38.8666) dist_max= tensor(15263.1580)
params_min,params_max=params_new,params_max
critical params found:  {'a1': 0.4618802153517006, 'a2': 2.921186973360886, 'a3': 1.5097817638486006}
reference params:  {'a1': 1.1547005383792515, 'a2': 1.8257418583505538, 'a3': 4.47213595499958}
file saved to  data/AKLT3D_X10_scan_grid_critical_a3/a1_0.4618802_a2_2.9211870/Tc.json
